Starting build process...
Detected architecture: x86_64
Required dependencies: extra-cmake-modules	kconfigwidgets	kcoreaddons	kcrash	kdoctools	ki18n	kxmlgui	libkexiv2	marble
extra-cmake-modules is already installed!
kconfigwidgets is already installed!
kcoreaddons is already installed!
kcrash is already installed!
kdoctools is already installed!
ki18n is already installed!
kxmlgui is already installed!
libkexiv2 is already installed!
marble is already installed!
No optional dependencies found.
Downloading source code tar.xz file
--2025-05-14 13:37:09--  https://download.kde.org/stable/kgeotag/1.8.0/kgeotag-1.8.0.tar.xz
Resolving download.kde.org (download.kde.org)... 49.12.122.15, 2a01:4f8:242:53eb::4
Connecting to download.kde.org (download.kde.org)|49.12.122.15|:443... connected.
HTTP request sent, awaiting response... 302 Found
Location: https://ftp.cc.uoc.gr/mirrors/kde/stable/kgeotag/1.8.0/kgeotag-1.8.0.tar.xz [following]
--2025-05-14 13:37:10--  https://ftp.cc.uoc.gr/mirrors/kde/stable/kgeotag/1.8.0/kgeotag-1.8.0.tar.xz
Resolving ftp.cc.uoc.gr (ftp.cc.uoc.gr)... 147.52.159.50, 2001:648:2c00:6c08::2
Connecting to ftp.cc.uoc.gr (ftp.cc.uoc.gr)|147.52.159.50|:443... connected.
HTTP request sent, awaiting response... 200 OK
Length: 426708 (417K) [application/octet-stream]
Saving to: ‘kgeotag-1.8.0.tar.xz’

     0K .......... .......... .......... .......... .......... 11% 1.37M 0s
    50K .......... .......... .......... .......... .......... 23%  283K 1s
   100K .......... .......... .......... .......... .......... 35% 12.6M 0s
   150K .......... .......... .......... .......... .......... 47%  772K 0s
   200K .......... .......... .......... .......... .......... 59% 36.3M 0s
   250K .......... .......... .......... .......... .......... 71% 55.0M 0s
   300K .......... .......... .......... .......... .......... 83% 2.31M 0s
   350K .......... .......... .......... .......... .......... 95% 14.1M 0s
   400K .......... ......                                     100%  234M=0.3s

2025-05-14 13:37:10 (1.32 MB/s) - ‘kgeotag-1.8.0.tar.xz’ saved [426708/426708]

Found file: kgeotag-1.8.0.tar.xz
No checksum provided. Skipping checksum verification and proceeding...
Creating working directories and exporting source code in...
kgeotag-1.8.0/
kgeotag-1.8.0/CMakeLists.txt
kgeotag-1.8.0/CHANGELOG.rst
kgeotag-1.8.0/snapcraft.yaml
kgeotag-1.8.0/.gitlab-ci.yml
kgeotag-1.8.0/README.md.license
kgeotag-1.8.0/LICENSES/
kgeotag-1.8.0/LICENSES/ODbL-1.0.txt
kgeotag-1.8.0/LICENSES/BSD-2-Clause.txt
kgeotag-1.8.0/LICENSES/CC-BY-SA-4.0.txt
kgeotag-1.8.0/LICENSES/GPL-3.0-only.txt
kgeotag-1.8.0/LICENSES/CC0-1.0.txt
kgeotag-1.8.0/LICENSES/BSD-3-Clause.txt
kgeotag-1.8.0/LICENSES/LicenseRef-KDE-Accepted-GPL.txt
kgeotag-1.8.0/doc/
kgeotag-1.8.0/doc/CMakeLists.txt
kgeotag-1.8.0/doc/index.docbook
kgeotag-1.8.0/doc/overview.docbook
kgeotag-1.8.0/po/
kgeotag-1.8.0/po/zh_CN/
kgeotag-1.8.0/po/zh_CN/kgeotag.po
kgeotag-1.8.0/po/pa/
kgeotag-1.8.0/po/pa/kgeotag.po
kgeotag-1.8.0/po/zh_TW/
kgeotag-1.8.0/po/zh_TW/kgeotag.po
kgeotag-1.8.0/po/sl/
kgeotag-1.8.0/po/sl/kgeotag.po
kgeotag-1.8.0/po/sl/docs/
kgeotag-1.8.0/po/sl/docs/kgeotag/
kgeotag-1.8.0/po/sl/docs/kgeotag/overview.docbook
kgeotag-1.8.0/po/uk/
kgeotag-1.8.0/po/uk/kgeotag.po
kgeotag-1.8.0/po/uk/docs/
kgeotag-1.8.0/po/uk/docs/kgeotag/
kgeotag-1.8.0/po/uk/docs/kgeotag/index.docbook
kgeotag-1.8.0/po/uk/docs/kgeotag/overview.docbook
kgeotag-1.8.0/po/pl/
kgeotag-1.8.0/po/pl/kgeotag.po
kgeotag-1.8.0/po/gl/
kgeotag-1.8.0/po/gl/kgeotag.po
kgeotag-1.8.0/po/fr/
kgeotag-1.8.0/po/fr/kgeotag.po
kgeotag-1.8.0/po/eo/
kgeotag-1.8.0/po/eo/kgeotag.po
kgeotag-1.8.0/po/de/
kgeotag-1.8.0/po/de/kgeotag.po
kgeotag-1.8.0/po/cs/
kgeotag-1.8.0/po/cs/kgeotag.po
kgeotag-1.8.0/po/sk/
kgeotag-1.8.0/po/sk/kgeotag.po
kgeotag-1.8.0/po/sv/
kgeotag-1.8.0/po/sv/kgeotag.po
kgeotag-1.8.0/po/sv/docs/
kgeotag-1.8.0/po/sv/docs/kgeotag/
kgeotag-1.8.0/po/sv/docs/kgeotag/index.docbook
kgeotag-1.8.0/po/sv/docs/kgeotag/overview.docbook
kgeotag-1.8.0/po/ca@valencia/
kgeotag-1.8.0/po/ca@valencia/kgeotag.po
kgeotag-1.8.0/po/ru/
kgeotag-1.8.0/po/ru/kgeotag.po
kgeotag-1.8.0/po/es/
kgeotag-1.8.0/po/es/kgeotag.po
kgeotag-1.8.0/po/es/docs/
kgeotag-1.8.0/po/es/docs/kgeotag/
kgeotag-1.8.0/po/es/docs/kgeotag/index.docbook
kgeotag-1.8.0/po/es/docs/kgeotag/overview.docbook
kgeotag-1.8.0/po/pt/
kgeotag-1.8.0/po/pt/kgeotag.po
kgeotag-1.8.0/po/ca/
kgeotag-1.8.0/po/ca/kgeotag.po
kgeotag-1.8.0/po/ca/docs/
kgeotag-1.8.0/po/ca/docs/kgeotag/
kgeotag-1.8.0/po/ca/docs/kgeotag/index.docbook
kgeotag-1.8.0/po/ca/docs/kgeotag/overview.docbook
kgeotag-1.8.0/po/pt_BR/
kgeotag-1.8.0/po/pt_BR/kgeotag.po
kgeotag-1.8.0/po/en_GB/
kgeotag-1.8.0/po/en_GB/kgeotag.po
kgeotag-1.8.0/po/tr/
kgeotag-1.8.0/po/tr/kgeotag.po
kgeotag-1.8.0/po/ja/
kgeotag-1.8.0/po/ja/kgeotag.po
kgeotag-1.8.0/po/lt/
kgeotag-1.8.0/po/lt/kgeotag.po
kgeotag-1.8.0/po/ko/
kgeotag-1.8.0/po/ko/kgeotag.po
kgeotag-1.8.0/po/it/
kgeotag-1.8.0/po/it/kgeotag.po
kgeotag-1.8.0/po/it/docs/
kgeotag-1.8.0/po/it/docs/kgeotag/
kgeotag-1.8.0/po/it/docs/kgeotag/index.docbook
kgeotag-1.8.0/po/it/docs/kgeotag/overview.docbook
kgeotag-1.8.0/po/fi/
kgeotag-1.8.0/po/fi/kgeotag.po
kgeotag-1.8.0/po/nl/
kgeotag-1.8.0/po/nl/kgeotag.po
kgeotag-1.8.0/po/nl/docs/
kgeotag-1.8.0/po/nl/docs/kgeotag/
kgeotag-1.8.0/po/nl/docs/kgeotag/index.docbook
kgeotag-1.8.0/po/nl/docs/kgeotag/overview.docbook
kgeotag-1.8.0/po/ka/
kgeotag-1.8.0/po/ka/kgeotag.po
kgeotag-1.8.0/po/nn/
kgeotag-1.8.0/po/nn/kgeotag.po
kgeotag-1.8.0/org.kde.kgeotag.appdata.xml
kgeotag-1.8.0/.kde-ci.yml
kgeotag-1.8.0/Messages.sh
kgeotag-1.8.0/kgeotag.qrc
kgeotag-1.8.0/README.md
kgeotag-1.8.0/.gitignore
kgeotag-1.8.0/icons/
kgeotag-1.8.0/icons/32-apps-kgeotag.png
kgeotag-1.8.0/icons/16-apps-kgeotag.png
kgeotag-1.8.0/icons/48-apps-kgeotag.png.license
kgeotag-1.8.0/icons/48-apps-kgeotag.png
kgeotag-1.8.0/icons/kgeotag.svgz
kgeotag-1.8.0/icons/22-apps-kgeotag.png.license
kgeotag-1.8.0/icons/16-apps-kgeotag.png.license
kgeotag-1.8.0/icons/22-apps-kgeotag.png
kgeotag-1.8.0/icons/128-apps-kgeotag.png.license
kgeotag-1.8.0/icons/32-apps-kgeotag.png.license
kgeotag-1.8.0/icons/64-apps-kgeotag.png
kgeotag-1.8.0/icons/64-apps-kgeotag.png.license
kgeotag-1.8.0/icons/128-apps-kgeotag.png
kgeotag-1.8.0/icons/kgeotag.svgz.license
kgeotag-1.8.0/src/
kgeotag-1.8.0/src/Settings.h
kgeotag-1.8.0/src/ImagesLayer.h
kgeotag-1.8.0/src/debugMode.h.in
kgeotag-1.8.0/src/version.h.in
kgeotag-1.8.0/src/DegreesConverter.cpp
kgeotag-1.8.0/src/ImagePreview.cpp
kgeotag-1.8.0/src/SettingsDialog.h
kgeotag-1.8.0/src/AutomaticMatchingWidget.h
kgeotag-1.8.0/src/MimeHelper.h
kgeotag-1.8.0/src/MainWindow.h
kgeotag-1.8.0/src/SharedObjects.cpp
kgeotag-1.8.0/src/ImagePreview.h
kgeotag-1.8.0/src/ElevationEngine.cpp
kgeotag-1.8.0/src/SettingsDialog.cpp
kgeotag-1.8.0/src/MapWidget.cpp
kgeotag-1.8.0/src/SharedObjects.h
kgeotag-1.8.0/src/MapWidget.h
kgeotag-1.8.0/src/FixDriftWidget.cpp
kgeotag-1.8.0/src/BookmarksList.h
kgeotag-1.8.0/src/AutomaticMatchingWidget.cpp
kgeotag-1.8.0/src/CoordinatesParser.cpp
kgeotag-1.8.0/src/main.cpp
kgeotag-1.8.0/src/BookmarksList.cpp
kgeotag-1.8.0/src/ImagesLayer.cpp
kgeotag-1.8.0/src/ImagesListView.h
kgeotag-1.8.0/src/ImagesListFilter.h
kgeotag-1.8.0/src/MapCenterInfo.cpp
kgeotag-1.8.0/src/ImagesModel.h
kgeotag-1.8.0/src/PreviewWidget.cpp
kgeotag-1.8.0/src/FixDriftWidget.h
kgeotag-1.8.0/src/CoordinatesFormatter.h
kgeotag-1.8.0/src/ImagesListFilter.cpp
kgeotag-1.8.0/src/TracksLayer.h
kgeotag-1.8.0/src/ImagesListView.cpp
kgeotag-1.8.0/src/RetrySkipAbortDialog.h
kgeotag-1.8.0/src/Logging.cpp
kgeotag-1.8.0/src/DegreesConverter.h
kgeotag-1.8.0/src/CoordinatesParser.h
kgeotag-1.8.0/src/ElevationEngine.h
kgeotag-1.8.0/src/TracksListView.cpp
kgeotag-1.8.0/src/RetrySkipAbortDialog.cpp
kgeotag-1.8.0/src/CoordinatesFormatter.cpp
kgeotag-1.8.0/src/BookmarksWidget.h
kgeotag-1.8.0/src/TrackWalker.cpp
kgeotag-1.8.0/src/GpxEngine.h
kgeotag-1.8.0/src/TracksListView.h
kgeotag-1.8.0/src/Logging.h
kgeotag-1.8.0/src/KGeoTag.h
kgeotag-1.8.0/src/GeoDataModel.h
kgeotag-1.8.0/src/Coordinates.cpp
kgeotag-1.8.0/src/MimeHelper.cpp
kgeotag-1.8.0/src/TracksLayer.cpp
kgeotag-1.8.0/src/GpxEngine.cpp
kgeotag-1.8.0/src/Coordinates.h
kgeotag-1.8.0/src/TrackWalker.h
kgeotag-1.8.0/src/MainWindow.cpp
kgeotag-1.8.0/src/MapCenterInfo.h
kgeotag-1.8.0/src/PreviewWidget.h
kgeotag-1.8.0/src/CoordinatesDialog.cpp
kgeotag-1.8.0/src/CoordinatesDialog.h
kgeotag-1.8.0/src/BookmarksWidget.cpp
kgeotag-1.8.0/src/Settings.cpp
kgeotag-1.8.0/src/GeoDataModel.cpp
kgeotag-1.8.0/src/ImagesModel.cpp
kgeotag-1.8.0/cmake/
kgeotag-1.8.0/cmake/UpdateVersion.cmake
kgeotag-1.8.0/cmake/GitDescription.cmake
kgeotag-1.8.0/kgeotagui.rc
kgeotag-1.8.0/org.kde.kgeotag.desktop
kgeotag-1.8.0/timezones/
kgeotag-1.8.0/timezones/timezones.json.license
kgeotag-1.8.0/timezones/timezones.png
kgeotag-1.8.0/timezones/timezones.png.license
kgeotag-1.8.0/timezones/compile_timezones_data.py
kgeotag-1.8.0/timezones/timezones.json
/home/omen/GITHUB/PLASMA_WORLD/AthOS/REPO-AthOS/kgeotag/work
README or README.md already exists, skipping creation.
hm...lets continue and see what happens
-- The CXX compiler identification is GNU 14.2.0
-- Detecting CXX compiler ABI info
-- Detecting CXX compiler ABI info - done
-- Check for working CXX compiler: /usr/bin/c++ - skipped
-- Detecting CXX compile features
-- Detecting CXX compile features - done
-- Installing in the same prefix as Qt, adopting their path scheme.
-- Looking for __GLIBC__
-- Looking for __GLIBC__ - found
-- Performing Test _OFFT_IS_64BIT
-- Performing Test _OFFT_IS_64BIT - Success
-- Performing Test HAVE_DATE_TIME
-- Performing Test HAVE_DATE_TIME - Success
-- Performing Test HAVE_STDATOMIC
-- Performing Test HAVE_STDATOMIC - Success
-- Found WrapAtomic: TRUE
-- Found OpenGL: /usr/lib64/libOpenGL.so
-- Found WrapOpenGL: TRUE
-- Found XKB: /usr/lib64/libxkbcommon.so (found suitable version "1.9.2", minimum required is "0.5.0")
-- Found WrapVulkanHeaders: /usr/include
-- Found KF6CoreAddons: /usr/lib64/cmake/KF6CoreAddons/KF6CoreAddonsConfig.cmake (found version "6.14.0")
-- Found Gettext: /usr/bin/msgmerge (found version "0.25")
-- Found KF6I18n: /usr/lib64/cmake/KF6I18n/KF6I18nConfig.cmake (found version "6.14.0")
-- Found KF6XmlGui: /usr/lib64/cmake/KF6XmlGui/KF6XmlGuiConfig.cmake (found version "6.14.0")
-- Found KF6ConfigWidgets: /usr/lib64/cmake/KF6ConfigWidgets/KF6ConfigWidgetsConfig.cmake (found version "6.14.0")
-- Found KF6Crash: /usr/lib64/cmake/KF6Crash/KF6CrashConfig.cmake (found version "6.14.0")
-- Found KF6DocTools: /usr/lib64/cmake/KF6DocTools/KF6DocToolsConfig.cmake (found version "6.14.0")
-- Found KF6: success (found suitable version "6.14.0", minimum required is "6.0") found components: CoreAddons I18n XmlGui ConfigWidgets Crash DocTools
-- Found KExiv2 version 5.1.0
-- Found Cups: /usr/lib64/libcups.so (found version "2.4.12")
-- Found Marble version 25.04.1
-- Configuring done (1.0s)
-- Generating done (0.0s)
-- Build files have been written to: /home/omen/GITHUB/PLASMA_WORLD/AthOS/REPO-AthOS/kgeotag/work/kgeotag-1.8.0/build
[1/40] Generating ts...
[2/40] Updating version header
-- Generating version.h from CMakeLists.txt
-- Updating version information to 1.8.0
[3/40] Generating mo...
[4/40] Generating index.cache.bz2
[5/40] Automatic MOC for target kgeotag
[6/40] Generating qrc_kgeotag.cpp
[7/40] Building CXX object CMakeFiles/kgeotag.dir/src/Coordinates.cpp.o
[8/40] Building CXX object CMakeFiles/kgeotag.dir/src/CoordinatesParser.cpp.o
[9/40] Building CXX object CMakeFiles/kgeotag.dir/src/BookmarksWidget.cpp.o
[10/40] Building CXX object CMakeFiles/kgeotag.dir/src/CoordinatesFormatter.cpp.o
[11/40] Building CXX object CMakeFiles/kgeotag.dir/src/main.cpp.o
[12/40] Building CXX object CMakeFiles/kgeotag.dir/src/SettingsDialog.cpp.o
[13/40] Building CXX object CMakeFiles/kgeotag.dir/src/RetrySkipAbortDialog.cpp.o
[14/40] Building CXX object CMakeFiles/kgeotag.dir/src/CoordinatesDialog.cpp.o
/home/omen/GITHUB/PLASMA_WORLD/AthOS/REPO-AthOS/kgeotag/work/kgeotag-1.8.0/src/CoordinatesDialog.cpp: In member function ‘double CoordinatesDialog::lon() const’:
/home/omen/GITHUB/PLASMA_WORLD/AthOS/REPO-AthOS/kgeotag/work/kgeotag-1.8.0/src/CoordinatesDialog.cpp:229:71: warning: ‘degrees’ may be used uninitialized [-Wmaybe-uninitialized]
  229 |     return degrees * (m_lonDirection->currentIndex() == 0 ? 1.0 : -1.0);
      |                                                                       ^
/home/omen/GITHUB/PLASMA_WORLD/AthOS/REPO-AthOS/kgeotag/work/kgeotag-1.8.0/src/CoordinatesDialog.cpp:214:12: note: ‘degrees’ was declared here
  214 |     double degrees;
      |            ^~~~~~~
/home/omen/GITHUB/PLASMA_WORLD/AthOS/REPO-AthOS/kgeotag/work/kgeotag-1.8.0/src/CoordinatesDialog.cpp: In member function ‘double CoordinatesDialog::lat() const’:
/home/omen/GITHUB/PLASMA_WORLD/AthOS/REPO-AthOS/kgeotag/work/kgeotag-1.8.0/src/CoordinatesDialog.cpp:249:71: warning: ‘degrees’ may be used uninitialized [-Wmaybe-uninitialized]
  249 |     return degrees * (m_latDirection->currentIndex() == 0 ? 1.0 : -1.0);
      |                                                                       ^
/home/omen/GITHUB/PLASMA_WORLD/AthOS/REPO-AthOS/kgeotag/work/kgeotag-1.8.0/src/CoordinatesDialog.cpp:234:12: note: ‘degrees’ was declared here
  234 |     double degrees;
      |            ^~~~~~~
/home/omen/GITHUB/PLASMA_WORLD/AthOS/REPO-AthOS/kgeotag/work/kgeotag-1.8.0/src/CoordinatesDialog.cpp: In constructor ‘CoordinatesDialog::CoordinatesDialog(Mode, bool, bool, KGeoTag::CoordinatesFlavor, const Coordinates&, const QString&)’:
/home/omen/GITHUB/PLASMA_WORLD/AthOS/REPO-AthOS/kgeotag/work/kgeotag-1.8.0/src/CoordinatesDialog.cpp:187:20: warning: ‘posSpan’ may be used uninitialized [-Wmaybe-uninitialized]
  187 |     grid->addWidget(m_latDirection, latRow, posSpan);
      |     ~~~~~~~~~~~~~~~^~~~~~~~~~~~~~~~~~~~~~~~~~~~~~~~~
/home/omen/GITHUB/PLASMA_WORLD/AthOS/REPO-AthOS/kgeotag/work/kgeotag-1.8.0/src/CoordinatesDialog.cpp:108:9: note: ‘posSpan’ was declared here
  108 |     int posSpan;
      |         ^~~~~~~
[15/40] Building CXX object CMakeFiles/kgeotag.dir/src/PreviewWidget.cpp.o
[16/40] Building CXX object CMakeFiles/kgeotag.dir/src/ImagePreview.cpp.o
[17/40] Building CXX object CMakeFiles/kgeotag.dir/src/ImagesListFilter.cpp.o
[18/40] Building CXX object CMakeFiles/kgeotag.dir/src/ImagesModel.cpp.o
[19/40] Building CXX object CMakeFiles/kgeotag.dir/qrc_kgeotag.cpp.o
[20/40] Building CXX object CMakeFiles/kgeotag.dir/src/FixDriftWidget.cpp.o
[21/40] Building CXX object CMakeFiles/kgeotag.dir/src/DegreesConverter.cpp.o
[22/40] Building CXX object CMakeFiles/kgeotag.dir/src/Settings.cpp.o
[23/40] Building CXX object CMakeFiles/kgeotag.dir/src/BookmarksList.cpp.o
[24/40] Building CXX object CMakeFiles/kgeotag.dir/src/ElevationEngine.cpp.o
[25/40] Building CXX object CMakeFiles/kgeotag.dir/src/SharedObjects.cpp.o
[26/40] Building CXX object CMakeFiles/kgeotag.dir/src/ImagesListView.cpp.o
[27/40] Building CXX object CMakeFiles/kgeotag.dir/src/Logging.cpp.o
[28/40] Building CXX object CMakeFiles/kgeotag.dir/src/MimeHelper.cpp.o
[29/40] Building CXX object CMakeFiles/kgeotag.dir/src/AutomaticMatchingWidget.cpp.o
[30/40] Building CXX object CMakeFiles/kgeotag.dir/src/MapWidget.cpp.o
[31/40] Building CXX object CMakeFiles/kgeotag.dir/src/GpxEngine.cpp.o
[32/40] Building CXX object CMakeFiles/kgeotag.dir/src/ImagesLayer.cpp.o
[33/40] Building CXX object CMakeFiles/kgeotag.dir/src/TrackWalker.cpp.o
[34/40] Building CXX object CMakeFiles/kgeotag.dir/src/TracksListView.cpp.o
[35/40] Building CXX object CMakeFiles/kgeotag.dir/src/MapCenterInfo.cpp.o
[36/40] Building CXX object CMakeFiles/kgeotag.dir/src/TracksLayer.cpp.o
[37/40] Building CXX object CMakeFiles/kgeotag.dir/kgeotag_autogen/mocs_compilation.cpp.o
[38/40] Building CXX object CMakeFiles/kgeotag.dir/src/MainWindow.cpp.o
[39/40] Building CXX object CMakeFiles/kgeotag.dir/src/GeoDataModel.cpp.o
[40/40] Linking CXX executable kgeotag
-- Install configuration: "MinSizeRel"
-- Installing: /home/omen/GITHUB/PLASMA_WORLD/AthOS/REPO-AthOS/kgeotag/package-kgeotag/usr/share/doc/HTML/en/kgeotag/index.cache.bz2
-- Installing: /home/omen/GITHUB/PLASMA_WORLD/AthOS/REPO-AthOS/kgeotag/package-kgeotag/usr/share/doc/HTML/en/kgeotag/index.docbook
-- Installing: /home/omen/GITHUB/PLASMA_WORLD/AthOS/REPO-AthOS/kgeotag/package-kgeotag/usr/share/doc/HTML/en/kgeotag/overview.docbook
-- Installing: /home/omen/GITHUB/PLASMA_WORLD/AthOS/REPO-AthOS/kgeotag/package-kgeotag/usr/bin/kgeotag
-- Installing: /home/omen/GITHUB/PLASMA_WORLD/AthOS/REPO-AthOS/kgeotag/package-kgeotag/usr/share/icons/hicolor/16x16/apps/kgeotag.png
-- Installing: /home/omen/GITHUB/PLASMA_WORLD/AthOS/REPO-AthOS/kgeotag/package-kgeotag/usr/share/icons/hicolor/22x22/apps/kgeotag.png
-- Installing: /home/omen/GITHUB/PLASMA_WORLD/AthOS/REPO-AthOS/kgeotag/package-kgeotag/usr/share/icons/hicolor/32x32/apps/kgeotag.png
-- Installing: /home/omen/GITHUB/PLASMA_WORLD/AthOS/REPO-AthOS/kgeotag/package-kgeotag/usr/share/icons/hicolor/48x48/apps/kgeotag.png
-- Installing: /home/omen/GITHUB/PLASMA_WORLD/AthOS/REPO-AthOS/kgeotag/package-kgeotag/usr/share/icons/hicolor/64x64/apps/kgeotag.png
-- Installing: /home/omen/GITHUB/PLASMA_WORLD/AthOS/REPO-AthOS/kgeotag/package-kgeotag/usr/share/icons/hicolor/128x128/apps/kgeotag.png
-- Installing: /home/omen/GITHUB/PLASMA_WORLD/AthOS/REPO-AthOS/kgeotag/package-kgeotag/usr/share/kgeotag/timezones.png
-- Installing: /home/omen/GITHUB/PLASMA_WORLD/AthOS/REPO-AthOS/kgeotag/package-kgeotag/usr/share/kgeotag/timezones.json
-- Installing: /home/omen/GITHUB/PLASMA_WORLD/AthOS/REPO-AthOS/kgeotag/package-kgeotag/usr/share/applications/org.kde.kgeotag.desktop
-- Installing: /home/omen/GITHUB/PLASMA_WORLD/AthOS/REPO-AthOS/kgeotag/package-kgeotag/usr/share/metainfo/org.kde.kgeotag.appdata.xml
-- Installing: /home/omen/GITHUB/PLASMA_WORLD/AthOS/REPO-AthOS/kgeotag/package-kgeotag/usr/share/locale
-- Installing: /home/omen/GITHUB/PLASMA_WORLD/AthOS/REPO-AthOS/kgeotag/package-kgeotag/usr/share/locale/cs
-- Installing: /home/omen/GITHUB/PLASMA_WORLD/AthOS/REPO-AthOS/kgeotag/package-kgeotag/usr/share/locale/cs/LC_MESSAGES
-- Installing: /home/omen/GITHUB/PLASMA_WORLD/AthOS/REPO-AthOS/kgeotag/package-kgeotag/usr/share/locale/cs/LC_MESSAGES/kgeotag.mo
-- Installing: /home/omen/GITHUB/PLASMA_WORLD/AthOS/REPO-AthOS/kgeotag/package-kgeotag/usr/share/locale/ja
-- Installing: /home/omen/GITHUB/PLASMA_WORLD/AthOS/REPO-AthOS/kgeotag/package-kgeotag/usr/share/locale/ja/LC_MESSAGES
-- Installing: /home/omen/GITHUB/PLASMA_WORLD/AthOS/REPO-AthOS/kgeotag/package-kgeotag/usr/share/locale/ja/LC_MESSAGES/kgeotag.mo
-- Installing: /home/omen/GITHUB/PLASMA_WORLD/AthOS/REPO-AthOS/kgeotag/package-kgeotag/usr/share/locale/de
-- Installing: /home/omen/GITHUB/PLASMA_WORLD/AthOS/REPO-AthOS/kgeotag/package-kgeotag/usr/share/locale/de/LC_MESSAGES
-- Installing: /home/omen/GITHUB/PLASMA_WORLD/AthOS/REPO-AthOS/kgeotag/package-kgeotag/usr/share/locale/de/LC_MESSAGES/kgeotag.mo
-- Installing: /home/omen/GITHUB/PLASMA_WORLD/AthOS/REPO-AthOS/kgeotag/package-kgeotag/usr/share/locale/nn
-- Installing: /home/omen/GITHUB/PLASMA_WORLD/AthOS/REPO-AthOS/kgeotag/package-kgeotag/usr/share/locale/nn/LC_MESSAGES
-- Installing: /home/omen/GITHUB/PLASMA_WORLD/AthOS/REPO-AthOS/kgeotag/package-kgeotag/usr/share/locale/nn/LC_MESSAGES/kgeotag.mo
-- Installing: /home/omen/GITHUB/PLASMA_WORLD/AthOS/REPO-AthOS/kgeotag/package-kgeotag/usr/share/locale/pt_BR
-- Installing: /home/omen/GITHUB/PLASMA_WORLD/AthOS/REPO-AthOS/kgeotag/package-kgeotag/usr/share/locale/pt_BR/LC_MESSAGES
-- Installing: /home/omen/GITHUB/PLASMA_WORLD/AthOS/REPO-AthOS/kgeotag/package-kgeotag/usr/share/locale/pt_BR/LC_MESSAGES/kgeotag.mo
-- Installing: /home/omen/GITHUB/PLASMA_WORLD/AthOS/REPO-AthOS/kgeotag/package-kgeotag/usr/share/locale/lt
-- Installing: /home/omen/GITHUB/PLASMA_WORLD/AthOS/REPO-AthOS/kgeotag/package-kgeotag/usr/share/locale/lt/LC_MESSAGES
-- Installing: /home/omen/GITHUB/PLASMA_WORLD/AthOS/REPO-AthOS/kgeotag/package-kgeotag/usr/share/locale/lt/LC_MESSAGES/kgeotag.mo
-- Installing: /home/omen/GITHUB/PLASMA_WORLD/AthOS/REPO-AthOS/kgeotag/package-kgeotag/usr/share/locale/pa
-- Installing: /home/omen/GITHUB/PLASMA_WORLD/AthOS/REPO-AthOS/kgeotag/package-kgeotag/usr/share/locale/pa/LC_MESSAGES
-- Installing: /home/omen/GITHUB/PLASMA_WORLD/AthOS/REPO-AthOS/kgeotag/package-kgeotag/usr/share/locale/pa/LC_MESSAGES/kgeotag.mo
-- Installing: /home/omen/GITHUB/PLASMA_WORLD/AthOS/REPO-AthOS/kgeotag/package-kgeotag/usr/share/locale/sl
-- Installing: /home/omen/GITHUB/PLASMA_WORLD/AthOS/REPO-AthOS/kgeotag/package-kgeotag/usr/share/locale/sl/LC_MESSAGES
-- Installing: /home/omen/GITHUB/PLASMA_WORLD/AthOS/REPO-AthOS/kgeotag/package-kgeotag/usr/share/locale/sl/LC_MESSAGES/kgeotag.mo
-- Installing: /home/omen/GITHUB/PLASMA_WORLD/AthOS/REPO-AthOS/kgeotag/package-kgeotag/usr/share/locale/zh_TW
-- Installing: /home/omen/GITHUB/PLASMA_WORLD/AthOS/REPO-AthOS/kgeotag/package-kgeotag/usr/share/locale/zh_TW/LC_MESSAGES
-- Installing: /home/omen/GITHUB/PLASMA_WORLD/AthOS/REPO-AthOS/kgeotag/package-kgeotag/usr/share/locale/zh_TW/LC_MESSAGES/kgeotag.mo
-- Installing: /home/omen/GITHUB/PLASMA_WORLD/AthOS/REPO-AthOS/kgeotag/package-kgeotag/usr/share/locale/pl
-- Installing: /home/omen/GITHUB/PLASMA_WORLD/AthOS/REPO-AthOS/kgeotag/package-kgeotag/usr/share/locale/pl/LC_MESSAGES
-- Installing: /home/omen/GITHUB/PLASMA_WORLD/AthOS/REPO-AthOS/kgeotag/package-kgeotag/usr/share/locale/pl/LC_MESSAGES/kgeotag.mo
-- Installing: /home/omen/GITHUB/PLASMA_WORLD/AthOS/REPO-AthOS/kgeotag/package-kgeotag/usr/share/locale/pt
-- Installing: /home/omen/GITHUB/PLASMA_WORLD/AthOS/REPO-AthOS/kgeotag/package-kgeotag/usr/share/locale/pt/LC_MESSAGES
-- Installing: /home/omen/GITHUB/PLASMA_WORLD/AthOS/REPO-AthOS/kgeotag/package-kgeotag/usr/share/locale/pt/LC_MESSAGES/kgeotag.mo
-- Installing: /home/omen/GITHUB/PLASMA_WORLD/AthOS/REPO-AthOS/kgeotag/package-kgeotag/usr/share/locale/tr
-- Installing: /home/omen/GITHUB/PLASMA_WORLD/AthOS/REPO-AthOS/kgeotag/package-kgeotag/usr/share/locale/tr/LC_MESSAGES
-- Installing: /home/omen/GITHUB/PLASMA_WORLD/AthOS/REPO-AthOS/kgeotag/package-kgeotag/usr/share/locale/tr/LC_MESSAGES/kgeotag.mo
-- Installing: /home/omen/GITHUB/PLASMA_WORLD/AthOS/REPO-AthOS/kgeotag/package-kgeotag/usr/share/locale/fr
-- Installing: /home/omen/GITHUB/PLASMA_WORLD/AthOS/REPO-AthOS/kgeotag/package-kgeotag/usr/share/locale/fr/LC_MESSAGES
-- Installing: /home/omen/GITHUB/PLASMA_WORLD/AthOS/REPO-AthOS/kgeotag/package-kgeotag/usr/share/locale/fr/LC_MESSAGES/kgeotag.mo
-- Installing: /home/omen/GITHUB/PLASMA_WORLD/AthOS/REPO-AthOS/kgeotag/package-kgeotag/usr/share/locale/ka
-- Installing: /home/omen/GITHUB/PLASMA_WORLD/AthOS/REPO-AthOS/kgeotag/package-kgeotag/usr/share/locale/ka/LC_MESSAGES
-- Installing: /home/omen/GITHUB/PLASMA_WORLD/AthOS/REPO-AthOS/kgeotag/package-kgeotag/usr/share/locale/ka/LC_MESSAGES/kgeotag.mo
-- Installing: /home/omen/GITHUB/PLASMA_WORLD/AthOS/REPO-AthOS/kgeotag/package-kgeotag/usr/share/locale/gl
-- Installing: /home/omen/GITHUB/PLASMA_WORLD/AthOS/REPO-AthOS/kgeotag/package-kgeotag/usr/share/locale/gl/LC_MESSAGES
-- Installing: /home/omen/GITHUB/PLASMA_WORLD/AthOS/REPO-AthOS/kgeotag/package-kgeotag/usr/share/locale/gl/LC_MESSAGES/kgeotag.mo
-- Installing: /home/omen/GITHUB/PLASMA_WORLD/AthOS/REPO-AthOS/kgeotag/package-kgeotag/usr/share/locale/eo
-- Installing: /home/omen/GITHUB/PLASMA_WORLD/AthOS/REPO-AthOS/kgeotag/package-kgeotag/usr/share/locale/eo/LC_MESSAGES
-- Installing: /home/omen/GITHUB/PLASMA_WORLD/AthOS/REPO-AthOS/kgeotag/package-kgeotag/usr/share/locale/eo/LC_MESSAGES/kgeotag.mo
-- Installing: /home/omen/GITHUB/PLASMA_WORLD/AthOS/REPO-AthOS/kgeotag/package-kgeotag/usr/share/locale/ca
-- Installing: /home/omen/GITHUB/PLASMA_WORLD/AthOS/REPO-AthOS/kgeotag/package-kgeotag/usr/share/locale/ca/LC_MESSAGES
-- Installing: /home/omen/GITHUB/PLASMA_WORLD/AthOS/REPO-AthOS/kgeotag/package-kgeotag/usr/share/locale/ca/LC_MESSAGES/kgeotag.mo
-- Installing: /home/omen/GITHUB/PLASMA_WORLD/AthOS/REPO-AthOS/kgeotag/package-kgeotag/usr/share/locale/uk
-- Installing: /home/omen/GITHUB/PLASMA_WORLD/AthOS/REPO-AthOS/kgeotag/package-kgeotag/usr/share/locale/uk/LC_MESSAGES
-- Installing: /home/omen/GITHUB/PLASMA_WORLD/AthOS/REPO-AthOS/kgeotag/package-kgeotag/usr/share/locale/uk/LC_MESSAGES/kgeotag.mo
-- Installing: /home/omen/GITHUB/PLASMA_WORLD/AthOS/REPO-AthOS/kgeotag/package-kgeotag/usr/share/locale/en_GB
-- Installing: /home/omen/GITHUB/PLASMA_WORLD/AthOS/REPO-AthOS/kgeotag/package-kgeotag/usr/share/locale/en_GB/LC_MESSAGES
-- Installing: /home/omen/GITHUB/PLASMA_WORLD/AthOS/REPO-AthOS/kgeotag/package-kgeotag/usr/share/locale/en_GB/LC_MESSAGES/kgeotag.mo
-- Installing: /home/omen/GITHUB/PLASMA_WORLD/AthOS/REPO-AthOS/kgeotag/package-kgeotag/usr/share/locale/zh_CN
-- Installing: /home/omen/GITHUB/PLASMA_WORLD/AthOS/REPO-AthOS/kgeotag/package-kgeotag/usr/share/locale/zh_CN/LC_MESSAGES
-- Installing: /home/omen/GITHUB/PLASMA_WORLD/AthOS/REPO-AthOS/kgeotag/package-kgeotag/usr/share/locale/zh_CN/LC_MESSAGES/kgeotag.mo
-- Installing: /home/omen/GITHUB/PLASMA_WORLD/AthOS/REPO-AthOS/kgeotag/package-kgeotag/usr/share/locale/nl
-- Installing: /home/omen/GITHUB/PLASMA_WORLD/AthOS/REPO-AthOS/kgeotag/package-kgeotag/usr/share/locale/nl/LC_MESSAGES
-- Installing: /home/omen/GITHUB/PLASMA_WORLD/AthOS/REPO-AthOS/kgeotag/package-kgeotag/usr/share/locale/nl/LC_MESSAGES/kgeotag.mo
-- Installing: /home/omen/GITHUB/PLASMA_WORLD/AthOS/REPO-AthOS/kgeotag/package-kgeotag/usr/share/locale/fi
-- Installing: /home/omen/GITHUB/PLASMA_WORLD/AthOS/REPO-AthOS/kgeotag/package-kgeotag/usr/share/locale/fi/LC_MESSAGES
-- Installing: /home/omen/GITHUB/PLASMA_WORLD/AthOS/REPO-AthOS/kgeotag/package-kgeotag/usr/share/locale/fi/LC_MESSAGES/kgeotag.mo
-- Installing: /home/omen/GITHUB/PLASMA_WORLD/AthOS/REPO-AthOS/kgeotag/package-kgeotag/usr/share/locale/ko
-- Installing: /home/omen/GITHUB/PLASMA_WORLD/AthOS/REPO-AthOS/kgeotag/package-kgeotag/usr/share/locale/ko/LC_MESSAGES
-- Installing: /home/omen/GITHUB/PLASMA_WORLD/AthOS/REPO-AthOS/kgeotag/package-kgeotag/usr/share/locale/ko/LC_MESSAGES/kgeotag.mo
-- Installing: /home/omen/GITHUB/PLASMA_WORLD/AthOS/REPO-AthOS/kgeotag/package-kgeotag/usr/share/locale/ru
-- Installing: /home/omen/GITHUB/PLASMA_WORLD/AthOS/REPO-AthOS/kgeotag/package-kgeotag/usr/share/locale/ru/LC_MESSAGES
-- Installing: /home/omen/GITHUB/PLASMA_WORLD/AthOS/REPO-AthOS/kgeotag/package-kgeotag/usr/share/locale/ru/LC_MESSAGES/kgeotag.mo
-- Installing: /home/omen/GITHUB/PLASMA_WORLD/AthOS/REPO-AthOS/kgeotag/package-kgeotag/usr/share/locale/ca@valencia
-- Installing: /home/omen/GITHUB/PLASMA_WORLD/AthOS/REPO-AthOS/kgeotag/package-kgeotag/usr/share/locale/ca@valencia/LC_MESSAGES
-- Installing: /home/omen/GITHUB/PLASMA_WORLD/AthOS/REPO-AthOS/kgeotag/package-kgeotag/usr/share/locale/ca@valencia/LC_MESSAGES/kgeotag.mo
-- Installing: /home/omen/GITHUB/PLASMA_WORLD/AthOS/REPO-AthOS/kgeotag/package-kgeotag/usr/share/locale/es
-- Installing: /home/omen/GITHUB/PLASMA_WORLD/AthOS/REPO-AthOS/kgeotag/package-kgeotag/usr/share/locale/es/LC_MESSAGES
-- Installing: /home/omen/GITHUB/PLASMA_WORLD/AthOS/REPO-AthOS/kgeotag/package-kgeotag/usr/share/locale/es/LC_MESSAGES/kgeotag.mo
-- Installing: /home/omen/GITHUB/PLASMA_WORLD/AthOS/REPO-AthOS/kgeotag/package-kgeotag/usr/share/locale/it
-- Installing: /home/omen/GITHUB/PLASMA_WORLD/AthOS/REPO-AthOS/kgeotag/package-kgeotag/usr/share/locale/it/LC_MESSAGES
-- Installing: /home/omen/GITHUB/PLASMA_WORLD/AthOS/REPO-AthOS/kgeotag/package-kgeotag/usr/share/locale/it/LC_MESSAGES/kgeotag.mo
-- Installing: /home/omen/GITHUB/PLASMA_WORLD/AthOS/REPO-AthOS/kgeotag/package-kgeotag/usr/share/locale/sk
-- Installing: /home/omen/GITHUB/PLASMA_WORLD/AthOS/REPO-AthOS/kgeotag/package-kgeotag/usr/share/locale/sk/LC_MESSAGES
-- Installing: /home/omen/GITHUB/PLASMA_WORLD/AthOS/REPO-AthOS/kgeotag/package-kgeotag/usr/share/locale/sk/LC_MESSAGES/kgeotag.mo
-- Installing: /home/omen/GITHUB/PLASMA_WORLD/AthOS/REPO-AthOS/kgeotag/package-kgeotag/usr/share/locale/sv
-- Installing: /home/omen/GITHUB/PLASMA_WORLD/AthOS/REPO-AthOS/kgeotag/package-kgeotag/usr/share/locale/sv/LC_MESSAGES
-- Installing: /home/omen/GITHUB/PLASMA_WORLD/AthOS/REPO-AthOS/kgeotag/package-kgeotag/usr/share/locale/sv/LC_MESSAGES/kgeotag.mo
The main part of source code is ready. We are moving on to preparing post install scripts, docs, license, man pages etc..
cp: cannot stat 'AUTHORS': No such file or directory
cp: cannot stat 'ChangeLog*': No such file or directory
cp: cannot stat 'COPYING': No such file or directory
cp: cannot stat 'CREDITS': No such file or directory
cp: cannot stat 'LICENSE': No such file or directory
cp: cannot stat 'MAINTAINERS': No such file or directory
cp: cannot stat 'NEWS': No such file or directory
cp: cannot stat 'docs': No such file or directory
cp: cannot stat 'DOCS': No such file or directory
grep: /home/omen/GITHUB/PLASMA_WORLD/AthOS/REPO-AthOS/kgeotag/kgeotag.info: No such file or directory
extra-cmake-modules
kconfigwidgets
kcoreaddons
kcrash
kdoctools
ki18n
kxmlgui
libkexiv2
marble
Packaging compiled for slackware installation...
MAKEPKG_FLAGS is empty or unset, using default

Slackware package maker, version 3.14159265.

Searching for symbolic links:

No symbolic links were found, so we won't make an installation script.
You can make your own later in ./install/doinst.sh and rebuild the
package if you like.

This next step is optional - you can set the directories in your package
to some sane permissions. If any of the directories in your package have
special permissions, then DO NOT reset them here!

Would you like to reset all directory permissions to 755 (drwxr-xr-x) and
directory ownerships to root:root ([y]es, [n]o)? n


Creating Slackware package:  /tmp/kgeotag/kgeotag-1.8.0-x86_64-1_rtz.tlz

./
install/
install/doinst.sh
install/slack-desc
usr/
usr/bin/
usr/bin/kgeotag
usr/doc/
usr/doc/kgeotag-1.8.0/
usr/doc/kgeotag-1.8.0/README.md
usr/doc/kgeotag-1.8.0/README.md.license
usr/doc/kgeotag-1.8.0/kgeotag.ini
usr/doc/kgeotag-1.8.0/slack-required
usr/share/
usr/share/applications/
usr/share/applications/org.kde.kgeotag.desktop
usr/share/doc/
usr/share/doc/HTML/
usr/share/doc/HTML/en/
usr/share/doc/HTML/en/kgeotag/
usr/share/doc/HTML/en/kgeotag/index.cache.bz2
usr/share/doc/HTML/en/kgeotag/index.docbook
usr/share/doc/HTML/en/kgeotag/overview.docbook
usr/share/icons/
usr/share/icons/hicolor/
usr/share/icons/hicolor/128x128/
usr/share/icons/hicolor/128x128/apps/
usr/share/icons/hicolor/128x128/apps/kgeotag.png
usr/share/icons/hicolor/16x16/
usr/share/icons/hicolor/16x16/apps/
usr/share/icons/hicolor/16x16/apps/kgeotag.png
usr/share/icons/hicolor/22x22/
usr/share/icons/hicolor/22x22/apps/
usr/share/icons/hicolor/22x22/apps/kgeotag.png
usr/share/icons/hicolor/32x32/
usr/share/icons/hicolor/32x32/apps/
usr/share/icons/hicolor/32x32/apps/kgeotag.png
usr/share/icons/hicolor/48x48/
usr/share/icons/hicolor/48x48/apps/
usr/share/icons/hicolor/48x48/apps/kgeotag.png
usr/share/icons/hicolor/64x64/
usr/share/icons/hicolor/64x64/apps/
usr/share/icons/hicolor/64x64/apps/kgeotag.png
usr/share/kgeotag/
usr/share/kgeotag/timezones.json
usr/share/kgeotag/timezones.png
usr/share/locale/
usr/share/locale/ca/
usr/share/locale/ca/LC_MESSAGES/
usr/share/locale/ca/LC_MESSAGES/kgeotag.mo
usr/share/locale/ca@valencia/
usr/share/locale/ca@valencia/LC_MESSAGES/
usr/share/locale/ca@valencia/LC_MESSAGES/kgeotag.mo
usr/share/locale/cs/
usr/share/locale/cs/LC_MESSAGES/
usr/share/locale/cs/LC_MESSAGES/kgeotag.mo
usr/share/locale/de/
usr/share/locale/de/LC_MESSAGES/
usr/share/locale/de/LC_MESSAGES/kgeotag.mo
usr/share/locale/en_GB/
usr/share/locale/en_GB/LC_MESSAGES/
usr/share/locale/en_GB/LC_MESSAGES/kgeotag.mo
usr/share/locale/eo/
usr/share/locale/eo/LC_MESSAGES/
usr/share/locale/eo/LC_MESSAGES/kgeotag.mo
usr/share/locale/es/
usr/share/locale/es/LC_MESSAGES/
usr/share/locale/es/LC_MESSAGES/kgeotag.mo
usr/share/locale/fi/
usr/share/locale/fi/LC_MESSAGES/
usr/share/locale/fi/LC_MESSAGES/kgeotag.mo
usr/share/locale/fr/
usr/share/locale/fr/LC_MESSAGES/
usr/share/locale/fr/LC_MESSAGES/kgeotag.mo
usr/share/locale/gl/
usr/share/locale/gl/LC_MESSAGES/
usr/share/locale/gl/LC_MESSAGES/kgeotag.mo
usr/share/locale/it/
usr/share/locale/it/LC_MESSAGES/
usr/share/locale/it/LC_MESSAGES/kgeotag.mo
usr/share/locale/ja/
usr/share/locale/ja/LC_MESSAGES/
usr/share/locale/ja/LC_MESSAGES/kgeotag.mo
usr/share/locale/ka/
usr/share/locale/ka/LC_MESSAGES/
usr/share/locale/ka/LC_MESSAGES/kgeotag.mo
usr/share/locale/ko/
usr/share/locale/ko/LC_MESSAGES/
usr/share/locale/ko/LC_MESSAGES/kgeotag.mo
usr/share/locale/lt/
usr/share/locale/lt/LC_MESSAGES/
usr/share/locale/lt/LC_MESSAGES/kgeotag.mo
usr/share/locale/nl/
usr/share/locale/nl/LC_MESSAGES/
usr/share/locale/nl/LC_MESSAGES/kgeotag.mo
usr/share/locale/nn/
usr/share/locale/nn/LC_MESSAGES/
usr/share/locale/nn/LC_MESSAGES/kgeotag.mo
usr/share/locale/pa/
usr/share/locale/pa/LC_MESSAGES/
usr/share/locale/pa/LC_MESSAGES/kgeotag.mo
usr/share/locale/pl/
usr/share/locale/pl/LC_MESSAGES/
usr/share/locale/pl/LC_MESSAGES/kgeotag.mo
usr/share/locale/pt/
usr/share/locale/pt/LC_MESSAGES/
usr/share/locale/pt/LC_MESSAGES/kgeotag.mo
usr/share/locale/pt_BR/
usr/share/locale/pt_BR/LC_MESSAGES/
usr/share/locale/pt_BR/LC_MESSAGES/kgeotag.mo
usr/share/locale/ru/
usr/share/locale/ru/LC_MESSAGES/
usr/share/locale/ru/LC_MESSAGES/kgeotag.mo
usr/share/locale/sk/
usr/share/locale/sk/LC_MESSAGES/
usr/share/locale/sk/LC_MESSAGES/kgeotag.mo
usr/share/locale/sl/
usr/share/locale/sl/LC_MESSAGES/
usr/share/locale/sl/LC_MESSAGES/kgeotag.mo
usr/share/locale/sv/
usr/share/locale/sv/LC_MESSAGES/
usr/share/locale/sv/LC_MESSAGES/kgeotag.mo
usr/share/locale/tr/
usr/share/locale/tr/LC_MESSAGES/
usr/share/locale/tr/LC_MESSAGES/kgeotag.mo
usr/share/locale/uk/
usr/share/locale/uk/LC_MESSAGES/
usr/share/locale/uk/LC_MESSAGES/kgeotag.mo
usr/share/locale/zh_CN/
usr/share/locale/zh_CN/LC_MESSAGES/
usr/share/locale/zh_CN/LC_MESSAGES/kgeotag.mo
usr/share/locale/zh_TW/
usr/share/locale/zh_TW/LC_MESSAGES/
usr/share/locale/zh_TW/LC_MESSAGES/kgeotag.mo
usr/share/metainfo/
usr/share/metainfo/org.kde.kgeotag.appdata.xml

Slackware package /tmp/kgeotag/kgeotag-1.8.0-x86_64-1_rtz.tlz created.

Create shared object file for kgeotag-1.8.0-x86_64-1_rtz.tlz
Creating /tmp/kgeotag/kgeotag-1.8.0-x86_64-1_rtz.tlz.so.file using /tmp/kgeotag/kgeotag-1.8.0-x86_64-1_rtz.tlz
Successfully created /tmp/kgeotag/kgeotag-1.8.0-x86_64-1_rtz.tlz.so.file
Packaging of executable and meta-data in kgeotag.tar.lz4 format.
/tmp/kgeotag /tmp/kgeotag
/tmp/kgeotag
BIN_NAME
README
kgeotag-1.8.0-x86_64-1_rtz.tlz
kgeotag-1.8.0-x86_64-1_rtz.tlz.md5
kgeotag-1.8.0-x86_64-1_rtz.tlz.so.file
kgeotag-1.8.0-x86_64-1_rtz.tlz.txt
kgeotag.dep
makepkg-kgeotag.log
kgeotag build finished. Procced to installation...

+================================================================================================+
| Upgrading kgeotag-1.7.0-x86_64-1_rtz package using /tmp/kgeotag/kgeotag-1.8.0-x86_64-1_rtz.tlz |
+================================================================================================+

Pre-installing package kgeotag-1.8.0-x86_64-1_rtz...
Removing package: kgeotag-1.7.0-x86_64-1_rtz-upgraded-2025-05-14,13:37:20
Installing package kgeotag-1.8.0-x86_64-1_rtz.tlz:
PACKAGE DESCRIPTION:
# kgeotag (Photo geotagging program)
#
# A standalone geotagging program. Images can be associated with
# geographic coordinates by different means: On the one hand, a
# matching with GPX encoded geodata can be done, on the other hand,
# the coordinates can be set manually, either via drag and drop onto a
# map, via bookmarks or by manually supplying them. The coordinates
# can be stored in the images' Exif header and/or in XMP sidecar
# files.
#
# https://apps.kde.org/kgeotag
Executing install script for kgeotag-1.8.0-x86_64-1_rtz.tlz.
Font directories:
	/usr/share/fonts
/usr/share/fonts: caching, new cache contents: 0 fonts, 11 dirs
/usr/share/fonts/100dpi: caching, new cache contents: 238 fonts, 0 dirs
/usr/share/fonts/75dpi: caching, new cache contents: 238 fonts, 0 dirs
/usr/share/fonts/OTF: caching, new cache contents: 124 fonts, 0 dirs
/usr/share/fonts/Speedo: caching, new cache contents: 0 fonts, 0 dirs
/usr/share/fonts/TTF: caching, new cache contents: 1132 fonts, 0 dirs
/usr/share/fonts/Type1: caching, new cache contents: 64 fonts, 0 dirs
/usr/share/fonts/cyrillic: caching, new cache contents: 0 fonts, 0 dirs
/usr/share/fonts/encodings: caching, new cache contents: 0 fonts, 1 dirs
/usr/share/fonts/encodings/large: caching, new cache contents: 0 fonts, 0 dirs
/usr/share/fonts/kanjistrokeorders: caching, new cache contents: 1 fonts, 0 dirs
/usr/share/fonts/misc: caching, new cache contents: 143 fonts, 0 dirs
/usr/share/fonts/util: caching, new cache contents: 0 fonts, 0 dirs
/var/cache/fontconfig: cleaning cache directory
/root/.cache/fontconfig: not cleaning non-existent cache directory
/root/.fontconfig: not cleaning non-existent cache directory
/usr/bin/fc-cache: succeeded
Package kgeotag-1.8.0-x86_64-1_rtz.tlz installed.
Package kgeotag-1.7.0-x86_64-1_rtz upgraded with new package /tmp/kgeotag/kgeotag-1.8.0-x86_64-1_rtz.tlz.
Cleaning environmet: Removing source code, and work-space...
rm: cannot remove 'kgeotag-1.8.0.tar.xz': No such file or directory
Build process completed in 0 minutes and 16 seconds.
