Starting build process...
Detected architecture: x86_64
Required dependencies: doxygen	extra-cmake-modules		kconfig	kcoreaddons	kcrash	kdbusaddons	kglobalaccel	kio	knotifications	kservice	kwindowsystem	xcb-util-keysyms
doxygen is already installed!
extra-cmake-modules is already installed!
kconfig is already installed!
kcoreaddons is already installed!
kcrash is already installed!
kdbusaddons is already installed!
kglobalaccel is already installed!
kio is already installed!
knotifications is already installed!
kservice is already installed!
kwindowsystem is already installed!
xcb-util-keysyms is already installed!
No optional dependencies found.
Downloading source code tar.xz file
--2025-05-10 22:32:33--  https://download.kde.org/stable/plasma/6.3.5/kglobalacceld-6.3.5.tar.xz
Resolving download.kde.org (download.kde.org)... 49.12.122.15, 2a01:4f8:242:53eb::4
Connecting to download.kde.org (download.kde.org)|49.12.122.15|:443... connected.
HTTP request sent, awaiting response... 302 Found
Location: https://ftp.cc.uoc.gr/mirrors/kde/stable/plasma/6.3.5/kglobalacceld-6.3.5.tar.xz [following]
--2025-05-10 22:32:33--  https://ftp.cc.uoc.gr/mirrors/kde/stable/plasma/6.3.5/kglobalacceld-6.3.5.tar.xz
Resolving ftp.cc.uoc.gr (ftp.cc.uoc.gr)... 147.52.159.50, 2001:648:2c00:6c08::2
Connecting to ftp.cc.uoc.gr (ftp.cc.uoc.gr)|147.52.159.50|:443... connected.
HTTP request sent, awaiting response... 200 OK
Length: 56512 (55K) [application/octet-stream]
Saving to: ‘kglobalacceld-6.3.5.tar.xz’

     0K .......... .......... .......... .......... .......... 90% 1.41M 0s
    50K .....                                                 100% 9.66T=0.03s

2025-05-10 22:32:33 (1.55 MB/s) - ‘kglobalacceld-6.3.5.tar.xz’ saved [56512/56512]

Found file: kglobalacceld-6.3.5.tar.xz
No checksum provided. Skipping checksum verification and proceeding...
Creating working directories and exporting source code in...
kglobalacceld-6.3.5/
kglobalacceld-6.3.5/LICENSES/
kglobalacceld-6.3.5/LICENSES/LGPL-2.1-only.txt
kglobalacceld-6.3.5/LICENSES/LGPL-3.0-only.txt
kglobalacceld-6.3.5/LICENSES/LicenseRef-KDE-Accepted-LGPL.txt
kglobalacceld-6.3.5/LICENSES/CC0-1.0.txt
kglobalacceld-6.3.5/LICENSES/LGPL-2.0-or-later.txt
kglobalacceld-6.3.5/KGlobalAccelDConfig.cmake.in
kglobalacceld-6.3.5/.gitlab-ci.yml
kglobalacceld-6.3.5/.gitignore
kglobalacceld-6.3.5/.kde-ci.yml
kglobalacceld-6.3.5/autotests/
kglobalacceld-6.3.5/autotests/migrateconfigtest.cpp
kglobalacceld-6.3.5/autotests/org.kde.test.desktop
kglobalacceld-6.3.5/autotests/dummy.h
kglobalacceld-6.3.5/autotests/kglobalshortcutsrc
kglobalacceld-6.3.5/autotests/shortcutstest.cpp
kglobalacceld-6.3.5/autotests/dummy.cpp
kglobalacceld-6.3.5/autotests/kglobalshortcutsrc.expected
kglobalacceld-6.3.5/autotests/CMakeLists.txt
kglobalacceld-6.3.5/autotests/dummy.json
kglobalacceld-6.3.5/src/
kglobalacceld-6.3.5/src/kglobalacceld.h
kglobalacceld-6.3.5/src/kserviceactioncomponent.cpp
kglobalacceld-6.3.5/src/globalshortcutsregistry.cpp
kglobalacceld-6.3.5/src/config-kglobalaccel.h.cmake
kglobalacceld-6.3.5/src/kglobalacceld.cpp
kglobalacceld-6.3.5/src/globalshortcutcontext.cpp
kglobalacceld-6.3.5/src/sequencehelpers_p.h
kglobalacceld-6.3.5/src/component.h
kglobalacceld-6.3.5/src/component.cpp
kglobalacceld-6.3.5/src/globalshortcut.cpp
kglobalacceld-6.3.5/src/globalshortcutcontext.h
kglobalacceld-6.3.5/src/plugins/
kglobalacceld-6.3.5/src/plugins/xcb/
kglobalacceld-6.3.5/src/plugins/xcb/xcb.json
kglobalacceld-6.3.5/src/plugins/xcb/kglobalaccel_x11.cpp
kglobalacceld-6.3.5/src/plugins/xcb/CMakeLists.txt
kglobalacceld-6.3.5/src/plugins/xcb/kglobalaccel_x11.h
kglobalacceld-6.3.5/src/plugins/CMakeLists.txt
kglobalacceld-6.3.5/src/logging_p.h
kglobalacceld-6.3.5/src/logging.cpp
kglobalacceld-6.3.5/src/globalshortcut.h
kglobalacceld-6.3.5/src/globalshortcutsregistry.h
kglobalacceld-6.3.5/src/plasma-kglobalaccel.service.in
kglobalacceld-6.3.5/src/kglobalacceld.desktop.in
kglobalacceld-6.3.5/src/kglobalaccel_interface.h
kglobalacceld-6.3.5/src/kglobalshortcutinfo_p.h
kglobalacceld-6.3.5/src/CMakeLists.txt
kglobalacceld-6.3.5/src/kglobalaccel_interface.cpp
kglobalacceld-6.3.5/src/sequencehelpers_p.cpp
kglobalacceld-6.3.5/src/main.cpp
kglobalacceld-6.3.5/src/kserviceactioncomponent.h
kglobalacceld-6.3.5/CMakeLists.txt
/home/omen/GITHUB/PLASMA_WORLD/AthOS/REPO-AthOS/kglobalacceld/work
README or README.md already exists, skipping creation.
hm...lets continue and see what happens
-- The C compiler identification is GNU 14.2.0
-- The CXX compiler identification is GNU 14.2.0
-- Detecting C compiler ABI info
-- Detecting C compiler ABI info - done
-- Check for working C compiler: /usr/bin/cc - skipped
-- Detecting C compile features
-- Detecting C compile features - done
-- Detecting CXX compiler ABI info
-- Detecting CXX compiler ABI info - done
-- Check for working CXX compiler: /usr/bin/c++ - skipped
-- Detecting CXX compile features
-- Detecting CXX compile features - done
-- 

-- Installing in the same prefix as Qt, adopting their path scheme.
-- Looking for __GLIBC__
-- Looking for __GLIBC__ - found
-- Performing Test _OFFT_IS_64BIT
-- Performing Test _OFFT_IS_64BIT - Success
-- Performing Test HAVE_DATE_TIME
-- Performing Test HAVE_DATE_TIME - Success
-- Performing Test HAVE_STDATOMIC
-- Performing Test HAVE_STDATOMIC - Success
-- Found WrapAtomic: TRUE
-- Found OpenGL: /usr/lib64/libOpenGL.so
-- Found WrapOpenGL: TRUE
-- Found XKB: /usr/lib64/libxkbcommon.so (found suitable version "1.9.2", minimum required is "0.5.0")
-- Found WrapVulkanHeaders: /usr/include
-- Found X11: /usr/include
-- Looking for XOpenDisplay in /usr/lib64/libX11.so;/usr/lib64/libXext.so
-- Looking for XOpenDisplay in /usr/lib64/libX11.so;/usr/lib64/libXext.so - found
-- Looking for gethostbyname
-- Looking for gethostbyname - found
-- Looking for connect
-- Looking for connect - found
-- Looking for remove
-- Looking for remove - found
-- Looking for shmat
-- Looking for shmat - found
-- Looking for IceConnectionNumber in ICE
-- Looking for IceConnectionNumber in ICE - found
-- Found XCB_XCB: /usr/lib64/libxcb.so (found version "1.17.0")
-- Found XCB_KEYSYMS: /usr/lib64/libxcb-keysyms.so (found version "0.4.1")
-- Found XCB_RECORD: /usr/lib64/libxcb-record.so (found version "1.17.0")
-- Found XCB_XKB: /usr/lib64/libxcb-xkb.so (found version "1.17.0")
-- Found XCB_XTEST: /usr/lib64/libxcb-xtest.so (found version "1.17.0")
-- Found XCB: /usr/lib64/libxcb.so;/usr/lib64/libxcb-keysyms.so;/usr/lib64/libxcb-record.so;/usr/lib64/libxcb-xkb.so;/usr/lib64/libxcb-xtest.so (found version "1.17.0") found components: XCB KEYSYMS XKB RECORD XTEST
-- Performing Test COMPILER_HAS_HIDDEN_VISIBILITY
-- Performing Test COMPILER_HAS_HIDDEN_VISIBILITY - Success
-- Performing Test COMPILER_HAS_HIDDEN_INLINE_VISIBILITY
-- Performing Test COMPILER_HAS_HIDDEN_INLINE_VISIBILITY - Success
-- Performing Test COMPILER_HAS_DEPRECATED_ATTR
-- Performing Test COMPILER_HAS_DEPRECATED_ATTR - Success
-- The following OPTIONAL packages have been found:

 * OpenGL
 * Qt6DBusTools (required version >= 6.8.3)
 * Qt6QmlTools (required version >= 6.8.3)
 * XKB (required version >= 0.5.0), XKB API common to servers and clients., <http://xkbcommon.org>
 * WrapVulkanHeaders
 * Qt6CoreTools (required version >= 6.8.3)
 * Qt6GuiTools (required version >= 6.8.3)
 * Qt6WidgetsTools (required version >= 6.8.3)

-- The following REQUIRED packages have been found:

 * ECM (required version >= 6.10.0), Extra CMake Modules., <https://commits.kde.org/extra-cmake-modules>
 * Qt6 (required version >= 6.7.0)
 * Qt6DBus (required version >= 6.7.0)
 * KF6Crash (required version >= 6.10.0)
 * KF6DBusAddons (required version >= 6.10.0)
 * Qt6Gui (required version >= 6.7.0)
 * Qt6Widgets (required version >= 6.7.0)
 * KF6GlobalAccel (required version >= 6.10.0)
 * KF6Config (required version >= 6.14.0)
 * KF6CoreAddons (required version >= 6.14.0)
 * KF6WindowSystem (required version >= 6.14.0)
 * KF6Service (required version >= 6.14.0)
 * KF6KIO (required version >= 6.10.0)
 * KF6JobWidgets (required version >= 6.10.0)
 * XCB, X protocol C-language Binding, <https://xcb.freedesktop.org/>
 * Qt6Test

-- Configuring done (1.8s)
-- Generating done (0.0s)
-- Build files have been written to: /home/omen/GITHUB/PLASMA_WORLD/AthOS/REPO-AthOS/kglobalacceld/work/kglobalacceld-6.3.5/build
[1/34] Automatic MOC for target KGlobalAccelD
[2/34] Building CXX object src/CMakeFiles/KGlobalAccelD.dir/KGlobalAccelD_autogen/mocs_compilation.cpp.o
[3/34] Building CXX object src/CMakeFiles/KGlobalAccelD.dir/sequencehelpers_p.cpp.o
[4/34] Building CXX object src/CMakeFiles/KGlobalAccelD.dir/globalshortcut.cpp.o
[5/34] Building CXX object src/CMakeFiles/KGlobalAccelD.dir/kglobalaccel_interface.cpp.o
[6/34] Building CXX object src/CMakeFiles/KGlobalAccelD.dir/logging.cpp.o
[7/34] Building CXX object src/CMakeFiles/KGlobalAccelD.dir/kserviceactioncomponent.cpp.o
[8/34] Building CXX object src/CMakeFiles/KGlobalAccelD.dir/globalshortcutcontext.cpp.o
[9/34] Building CXX object src/CMakeFiles/KGlobalAccelD.dir/component.cpp.o
[10/34] Building CXX object src/CMakeFiles/KGlobalAccelD.dir/globalshortcutsregistry.cpp.o
[11/34] Building CXX object src/CMakeFiles/KGlobalAccelD.dir/kglobalacceld.cpp.o
[12/34] Linking CXX shared library bin/libKGlobalAccelD.so.6.3.5
[13/34] Creating library symlink bin/libKGlobalAccelD.so.0 bin/libKGlobalAccelD.so
[14/34] Automatic MOC for target kglobalacceld
[15/34] Building CXX object src/CMakeFiles/kglobalacceld.dir/kglobalacceld_autogen/mocs_compilation.cpp.o
[16/34] Automatic MOC for target KGlobalAccelDXcb
[17/34] Automatic MOC for target dummyplugin
[18/34] Building CXX object src/plugins/xcb/CMakeFiles/KGlobalAccelDXcb.dir/KGlobalAccelDXcb_autogen/mocs_compilation.cpp.o
[19/34] Building CXX object autotests/CMakeFiles/dummyplugin.dir/dummyplugin_autogen/mocs_compilation.cpp.o
[20/34] Automatic MOC for target migrateconfigtest
[21/34] Building CXX object autotests/CMakeFiles/migrateconfigtest.dir/migrateconfigtest_autogen/mocs_compilation.cpp.o
[22/34] Building CXX object src/CMakeFiles/kglobalacceld.dir/logging.cpp.o
[23/34] Building CXX object src/plugins/xcb/CMakeFiles/KGlobalAccelDXcb.dir/__/__/logging.cpp.o
[24/34] Building CXX object src/CMakeFiles/kglobalacceld.dir/main.cpp.o
[25/34] Linking CXX executable bin/kglobalacceld
[26/34] Building CXX object autotests/CMakeFiles/dummyplugin.dir/dummy.cpp.o
[27/34] Building CXX object src/plugins/xcb/CMakeFiles/KGlobalAccelDXcb.dir/kglobalaccel_x11.cpp.o
[28/34] Linking CXX shared module bin/KGlobalAccelDXcb.so
[29/34] Automatic MOC for target shortcutstest
[30/34] Building CXX object autotests/CMakeFiles/shortcutstest.dir/shortcutstest_autogen/mocs_compilation.cpp.o
[31/34] Building CXX object autotests/CMakeFiles/migrateconfigtest.dir/migrateconfigtest.cpp.o
[32/34] Linking CXX executable bin/migrateconfigtest
[33/34] Building CXX object autotests/CMakeFiles/shortcutstest.dir/shortcutstest.cpp.o
[34/34] Linking CXX executable bin/shortcutstest
-- Install configuration: "RelWithDebInfo"
-- Installing: /home/omen/GITHUB/PLASMA_WORLD/AthOS/REPO-AthOS/kglobalacceld/package-kglobalacceld/usr/lib64/qt6/plugins/org.kde.kglobalacceld.platforms/KGlobalAccelDXcb.so
-- Set non-toolchain portion of runtime path of "/home/omen/GITHUB/PLASMA_WORLD/AthOS/REPO-AthOS/kglobalacceld/package-kglobalacceld/usr/lib64/qt6/plugins/org.kde.kglobalacceld.platforms/KGlobalAccelDXcb.so" to ""
-- Installing: /home/omen/GITHUB/PLASMA_WORLD/AthOS/REPO-AthOS/kglobalacceld/package-kglobalacceld/usr/lib64/libKGlobalAccelD.so.6.3.5
-- Installing: /home/omen/GITHUB/PLASMA_WORLD/AthOS/REPO-AthOS/kglobalacceld/package-kglobalacceld/usr/lib64/libKGlobalAccelD.so.0
-- Installing: /home/omen/GITHUB/PLASMA_WORLD/AthOS/REPO-AthOS/kglobalacceld/package-kglobalacceld/usr/lib64/libexec/kglobalacceld
-- Set non-toolchain portion of runtime path of "/home/omen/GITHUB/PLASMA_WORLD/AthOS/REPO-AthOS/kglobalacceld/package-kglobalacceld/usr/lib64/libexec/kglobalacceld" to ""
-- Installing: /home/omen/GITHUB/PLASMA_WORLD/AthOS/REPO-AthOS/kglobalacceld/package-kglobalacceld/usr/include/KGlobalAccelD/kglobalacceld_export.h
-- Installing: /home/omen/GITHUB/PLASMA_WORLD/AthOS/REPO-AthOS/kglobalacceld/package-kglobalacceld/usr/include/KGlobalAccelD/kglobalacceld.h
-- Installing: /home/omen/GITHUB/PLASMA_WORLD/AthOS/REPO-AthOS/kglobalacceld/package-kglobalacceld/usr/include/KGlobalAccelD/kglobalaccel_interface.h
-- Installing: /home/omen/GITHUB/PLASMA_WORLD/AthOS/REPO-AthOS/kglobalacceld/package-kglobalacceld/usr/lib/systemd/user/plasma-kglobalaccel.service
-- Installing: /home/omen/GITHUB/PLASMA_WORLD/AthOS/REPO-AthOS/kglobalacceld/package-kglobalacceld/etc/xdg/autostart/kglobalacceld.desktop
-- Installing: /home/omen/GITHUB/PLASMA_WORLD/AthOS/REPO-AthOS/kglobalacceld/package-kglobalacceld/usr/lib64/cmake/KGlobalAccelD/KGlobalAccelDConfig.cmake
-- Installing: /home/omen/GITHUB/PLASMA_WORLD/AthOS/REPO-AthOS/kglobalacceld/package-kglobalacceld/usr/lib64/cmake/KGlobalAccelD/KGlobalAccelDConfigVersion.cmake
-- Installing: /home/omen/GITHUB/PLASMA_WORLD/AthOS/REPO-AthOS/kglobalacceld/package-kglobalacceld/usr/lib64/cmake/KGlobalAccelD/KGlobalAccelDTargets.cmake
-- Installing: /home/omen/GITHUB/PLASMA_WORLD/AthOS/REPO-AthOS/kglobalacceld/package-kglobalacceld/usr/lib64/cmake/KGlobalAccelD/KGlobalAccelDTargets-relwithdebinfo.cmake
The main part of source code is ready. We are moving on to preparing post install scripts, docs, license, man pages etc..
cp: cannot stat 'AUTHORS': No such file or directory
cp: cannot stat 'ChangeLog*': No such file or directory
cp: cannot stat 'COPYING': No such file or directory
cp: cannot stat 'CREDITS': No such file or directory
cp: cannot stat 'LICENSE': No such file or directory
cp: cannot stat 'MAINTAINERS': No such file or directory
cp: cannot stat 'NEWS': No such file or directory
cp: cannot stat 'README*': No such file or directory
cp: cannot stat 'docs': No such file or directory
cp: cannot stat 'DOCS': No such file or directory
grep: /home/omen/GITHUB/PLASMA_WORLD/AthOS/REPO-AthOS/kglobalacceld/kglobalacceld.info: No such file or directory
doxygen
extra-cmake-modules
kconfig
kcoreaddons
kcrash
kdbusaddons
kglobalaccel
kio
knotifications
kservice
kwindowsystem
xcb-util-keysyms
Packaging compiled for slackware installation...
MAKEPKG_FLAGS is empty or unset, using default

Slackware package maker, version 3.14159265.

Searching for symbolic links:
usr/lib64/libKGlobalAccelD.so.0	libKGlobalAccelD.so.6.3.5

Making symbolic link creation script:
( cd usr/lib64 ; rm -rf libKGlobalAccelD.so.0 )
( cd usr/lib64 ; ln -sf libKGlobalAccelD.so.6.3.5 libKGlobalAccelD.so.0 )

Unless your existing installation script already contains the code
to create these links, you should append these lines to your existing
install script. Now's your chance. :^)

Would you like to add this stuff to the existing install script and
remove the symbolic links ([y]es, [n]o)? y


Removing symbolic links:
removed './usr/lib64/libKGlobalAccelD.so.0'

Updating your ./install/doinst.sh...

This next step is optional - you can set the directories in your package
to some sane permissions. If any of the directories in your package have
special permissions, then DO NOT reset them here!

Would you like to reset all directory permissions to 755 (drwxr-xr-x) and
directory ownerships to root:root ([y]es, [n]o)? n


Creating Slackware package:  /tmp/kglobalacceld/kglobalacceld-6.3.5-x86_64-1_rtz.tlz

./
etc/
etc/xdg/
etc/xdg/autostart/
etc/xdg/autostart/kglobalacceld.desktop
install/
install/doinst.sh
install/slack-desc
usr/
usr/doc/
usr/doc/kglobalacceld-6.3.5/
usr/doc/kglobalacceld-6.3.5/kglobalacceld.ini
usr/doc/kglobalacceld-6.3.5/slack-required
usr/include/
usr/include/KGlobalAccelD/
usr/include/KGlobalAccelD/kglobalaccel_interface.h
usr/include/KGlobalAccelD/kglobalacceld.h
usr/include/KGlobalAccelD/kglobalacceld_export.h
usr/lib/
usr/lib64/
usr/lib64/cmake/
usr/lib64/cmake/KGlobalAccelD/
usr/lib64/cmake/KGlobalAccelD/KGlobalAccelDConfig.cmake
usr/lib64/cmake/KGlobalAccelD/KGlobalAccelDConfigVersion.cmake
usr/lib64/cmake/KGlobalAccelD/KGlobalAccelDTargets-relwithdebinfo.cmake
usr/lib64/cmake/KGlobalAccelD/KGlobalAccelDTargets.cmake
usr/lib64/libKGlobalAccelD.so.6.3.5
usr/lib64/libexec/
usr/lib64/libexec/kglobalacceld
usr/lib64/qt6/
usr/lib64/qt6/plugins/
usr/lib64/qt6/plugins/org.kde.kglobalacceld.platforms/
usr/lib64/qt6/plugins/org.kde.kglobalacceld.platforms/KGlobalAccelDXcb.so

Slackware package /tmp/kglobalacceld/kglobalacceld-6.3.5-x86_64-1_rtz.tlz created.

Create shared object file for kglobalacceld-6.3.5-x86_64-1_rtz.tlz
Creating /tmp/kglobalacceld/kglobalacceld-6.3.5-x86_64-1_rtz.tlz.so.file using /tmp/kglobalacceld/kglobalacceld-6.3.5-x86_64-1_rtz.tlz
Successfully created /tmp/kglobalacceld/kglobalacceld-6.3.5-x86_64-1_rtz.tlz.so.file
Packaging of executable and meta-data in kglobalacceld.tar.lz4 format.
/tmp/kglobalacceld /tmp/kglobalacceld
/tmp/kglobalacceld
BIN_NAME
README
kglobalacceld-6.3.5-x86_64-1_rtz.tlz
kglobalacceld-6.3.5-x86_64-1_rtz.tlz.md5
kglobalacceld-6.3.5-x86_64-1_rtz.tlz.so.file
kglobalacceld-6.3.5-x86_64-1_rtz.tlz.txt
kglobalacceld.dep
makepkg-kglobalacceld.log
kglobalacceld build finished. Procced to installation...

+==================================================================================================================+
| Upgrading kglobalacceld-6.3.5-x86_64-1_rtz package using /tmp/kglobalacceld/kglobalacceld-6.3.5-x86_64-1_rtz.tlz |
+==================================================================================================================+

Pre-installing package kglobalacceld-6.3.5-x86_64-1_rtz...
Removing package: kglobalacceld-6.3.5-x86_64-1_rtz-upgraded-2025-05-10,22:32:52
Installing package kglobalacceld-6.3.5-x86_64-1_rtz.tlz:
PACKAGE DESCRIPTION:
# kglobalacceld (Daemon)
#
# Daemon providing Global Keyboard Shortcut (Accelerator)
# functionality
#
# invent.kde.org/plasma/kglobalacceld
Executing install script for kglobalacceld-6.3.5-x86_64-1_rtz.tlz.
Font directories:
	/usr/share/fonts
/usr/share/fonts: caching, new cache contents: 0 fonts, 11 dirs
/usr/share/fonts/100dpi: caching, new cache contents: 238 fonts, 0 dirs
/usr/share/fonts/75dpi: caching, new cache contents: 238 fonts, 0 dirs
/usr/share/fonts/OTF: caching, new cache contents: 124 fonts, 0 dirs
/usr/share/fonts/Speedo: caching, new cache contents: 0 fonts, 0 dirs
/usr/share/fonts/TTF: caching, new cache contents: 1132 fonts, 0 dirs
/usr/share/fonts/Type1: caching, new cache contents: 64 fonts, 0 dirs
/usr/share/fonts/cyrillic: caching, new cache contents: 0 fonts, 0 dirs
/usr/share/fonts/encodings: caching, new cache contents: 0 fonts, 1 dirs
/usr/share/fonts/encodings/large: caching, new cache contents: 0 fonts, 0 dirs
/usr/share/fonts/kanjistrokeorders: caching, new cache contents: 1 fonts, 0 dirs
/usr/share/fonts/misc: caching, new cache contents: 143 fonts, 0 dirs
/usr/share/fonts/util: caching, new cache contents: 0 fonts, 0 dirs
/var/cache/fontconfig: cleaning cache directory
/root/.cache/fontconfig: not cleaning non-existent cache directory
/root/.fontconfig: not cleaning non-existent cache directory
/usr/bin/fc-cache: succeeded
Package kglobalacceld-6.3.5-x86_64-1_rtz.tlz installed.
Package kglobalacceld-6.3.5-x86_64-1_rtz upgraded with new package /tmp/kglobalacceld/kglobalacceld-6.3.5-x86_64-1_rtz.tlz.
Cleaning environmet: Removing source code, and work-space...
rm: cannot remove 'kglobalacceld-6.3.5.tar.xz': No such file or directory
Build process completed in 0 minutes and 24 seconds.
