[32mStarting build process...[0m
Detected architecture: x86_64
Required dependencies: akonadi-contacts	akonadi	akonadi-search	calendarsupport	extra-cmake-modules	kcalendarcore kcompletion	kcompletion	kconfig	kconfigwidgets	kcontacts	kcrash	kdbusaddons	kdoctools	ki18n	kio	kitemmodels	kitemviews	kmime	ktextwidgets	kwidgetsaddons	kxmlgui	libkdepim	messagelib	xapian-bindings
akonadi-contacts is already installed!
akonadi is already installed!
akonadi-search is already installed!
calendarsupport is already installed!
extra-cmake-modules is already installed!
kcalendarcore is already installed!
kcompletion is already installed!
kcompletion is already installed!
kconfig is already installed!
kconfigwidgets is already installed!
kcontacts is already installed!
kcrash is already installed!
kdbusaddons is already installed!
kdoctools is already installed!
ki18n is already installed!
kio is already installed!
kitemmodels is already installed!
kitemviews is already installed!
kmime is already installed!
ktextwidgets is already installed!
kwidgetsaddons is already installed!
kxmlgui is already installed!
libkdepim is already installed!
messagelib is already installed!
xapian-bindings is already installed!
No optional dependencies found.
Downloading source code tar.xz file
--2025-05-21 18:13:03--  https://download.kde.org/stable/release-service/25.04.1/src/akonadiconsole-25.04.1.tar.xz
Resolving download.kde.org (download.kde.org)... 49.12.122.15, 2a01:4f8:242:53eb::4
Connecting to download.kde.org (download.kde.org)|49.12.122.15|:443... connected.
HTTP request sent, awaiting response... 302 Found
Location: https://ftp.cc.uoc.gr/mirrors/kde/stable/release-service/25.04.1/src/akonadiconsole-25.04.1.tar.xz [following]
--2025-05-21 18:13:03--  https://ftp.cc.uoc.gr/mirrors/kde/stable/release-service/25.04.1/src/akonadiconsole-25.04.1.tar.xz
Resolving ftp.cc.uoc.gr (ftp.cc.uoc.gr)... 147.52.159.50, 2001:648:2c00:6c08::2
Connecting to ftp.cc.uoc.gr (ftp.cc.uoc.gr)|147.52.159.50|:443... connected.
HTTP request sent, awaiting response... 200 OK
Length: 318936 (311K) [application/octet-stream]
Saving to: ‘akonadiconsole-25.04.1.tar.xz’

     0K .......... .......... .......... .......... .......... 16% 1.36M 0s
    50K .......... .......... .......... .......... .......... 32% 1.59M 0s
   100K .......... .......... .......... .......... .......... 48% 5.15M 0s
   150K .......... .......... .......... .......... .......... 64% 5.41M 0s
   200K .......... .......... .......... .......... .......... 80% 2.44M 0s
   250K .......... .......... .......... .......... .......... 96% 5.41M 0s
   300K .......... .                                          100% 4.64M=0.1s

2025-05-21 18:13:04 (2.61 MB/s) - ‘akonadiconsole-25.04.1.tar.xz’ saved [318936/318936]

Found file: akonadiconsole-25.04.1.tar.xz
No checksum provided. Skipping checksum verification and proceeding...
Creating working directories and exporting source code in...
akonadiconsole-25.04.1/
akonadiconsole-25.04.1/akonadiconsole-version.h.in
akonadiconsole-25.04.1/CMakePresets.json.license
akonadiconsole-25.04.1/readme-build-ftime.txt
akonadiconsole-25.04.1/CMakePresets.json
akonadiconsole-25.04.1/.craft.ini
akonadiconsole-25.04.1/LICENSES/
akonadiconsole-25.04.1/LICENSES/GPL-2.0-only.txt
akonadiconsole-25.04.1/LICENSES/LicenseRef-KDE-Accepted-GPL.txt
akonadiconsole-25.04.1/LICENSES/GPL-3.0-only.txt
akonadiconsole-25.04.1/LICENSES/BSD-3-Clause.txt
akonadiconsole-25.04.1/LICENSES/CC0-1.0.txt
akonadiconsole-25.04.1/LICENSES/LGPL-2.1-or-later.txt
akonadiconsole-25.04.1/LICENSES/LGPL-2.0-or-later.txt
akonadiconsole-25.04.1/LICENSES/GPL-2.0-or-later.txt
akonadiconsole-25.04.1/.gitlab-ci.yml
akonadiconsole-25.04.1/sanitizers.supp
akonadiconsole-25.04.1/.git-blame-ignore-revs
akonadiconsole-25.04.1/.kde-ci.yml
akonadiconsole-25.04.1/config-akonadiconsole.h.in
akonadiconsole-25.04.1/.codespellrc
akonadiconsole-25.04.1/po/
akonadiconsole-25.04.1/po/pt/
akonadiconsole-25.04.1/po/pt/akonadiconsole.po
akonadiconsole-25.04.1/po/pl/
akonadiconsole-25.04.1/po/pl/akonadiconsole.po
akonadiconsole-25.04.1/po/ja/
akonadiconsole-25.04.1/po/ja/akonadiconsole.po
akonadiconsole-25.04.1/po/zh_CN/
akonadiconsole-25.04.1/po/zh_CN/akonadiconsole.po
akonadiconsole-25.04.1/po/cs/
akonadiconsole-25.04.1/po/cs/akonadiconsole.po
akonadiconsole-25.04.1/po/es/
akonadiconsole-25.04.1/po/es/akonadiconsole.po
akonadiconsole-25.04.1/po/ka/
akonadiconsole-25.04.1/po/ka/akonadiconsole.po
akonadiconsole-25.04.1/po/tr/
akonadiconsole-25.04.1/po/tr/akonadiconsole.po
akonadiconsole-25.04.1/po/ca/
akonadiconsole-25.04.1/po/ca/akonadiconsole.po
akonadiconsole-25.04.1/po/ca@valencia/
akonadiconsole-25.04.1/po/ca@valencia/akonadiconsole.po
akonadiconsole-25.04.1/po/gl/
akonadiconsole-25.04.1/po/gl/akonadiconsole.po
akonadiconsole-25.04.1/po/ro/
akonadiconsole-25.04.1/po/ro/akonadiconsole.po
akonadiconsole-25.04.1/po/eo/
akonadiconsole-25.04.1/po/eo/akonadiconsole.po
akonadiconsole-25.04.1/po/nl/
akonadiconsole-25.04.1/po/nl/akonadiconsole.po
akonadiconsole-25.04.1/po/hu/
akonadiconsole-25.04.1/po/hu/akonadiconsole.po
akonadiconsole-25.04.1/po/eu/
akonadiconsole-25.04.1/po/eu/akonadiconsole.po
akonadiconsole-25.04.1/po/lv/
akonadiconsole-25.04.1/po/lv/akonadiconsole.po
akonadiconsole-25.04.1/po/fr/
akonadiconsole-25.04.1/po/fr/akonadiconsole.po
akonadiconsole-25.04.1/po/hi/
akonadiconsole-25.04.1/po/hi/akonadiconsole.po
akonadiconsole-25.04.1/po/sl/
akonadiconsole-25.04.1/po/sl/akonadiconsole.po
akonadiconsole-25.04.1/po/he/
akonadiconsole-25.04.1/po/he/akonadiconsole.po
akonadiconsole-25.04.1/po/de/
akonadiconsole-25.04.1/po/de/akonadiconsole.po
akonadiconsole-25.04.1/po/sk/
akonadiconsole-25.04.1/po/sk/akonadiconsole.po
akonadiconsole-25.04.1/po/zh_TW/
akonadiconsole-25.04.1/po/zh_TW/akonadiconsole.po
akonadiconsole-25.04.1/po/it/
akonadiconsole-25.04.1/po/it/akonadiconsole.po
akonadiconsole-25.04.1/po/el/
akonadiconsole-25.04.1/po/el/akonadiconsole.po
akonadiconsole-25.04.1/po/ru/
akonadiconsole-25.04.1/po/ru/akonadiconsole.po
akonadiconsole-25.04.1/po/ia/
akonadiconsole-25.04.1/po/ia/akonadiconsole.po
akonadiconsole-25.04.1/po/sv/
akonadiconsole-25.04.1/po/sv/akonadiconsole.po
akonadiconsole-25.04.1/po/fi/
akonadiconsole-25.04.1/po/fi/akonadiconsole.po
akonadiconsole-25.04.1/po/ast/
akonadiconsole-25.04.1/po/ast/akonadiconsole.po
akonadiconsole-25.04.1/po/lt/
akonadiconsole-25.04.1/po/lt/akonadiconsole.po
akonadiconsole-25.04.1/po/sa/
akonadiconsole-25.04.1/po/sa/akonadiconsole.po
akonadiconsole-25.04.1/po/ko/
akonadiconsole-25.04.1/po/ko/akonadiconsole.po
akonadiconsole-25.04.1/po/en_GB/
akonadiconsole-25.04.1/po/en_GB/akonadiconsole.po
akonadiconsole-25.04.1/po/uk/
akonadiconsole-25.04.1/po/uk/akonadiconsole.po
akonadiconsole-25.04.1/autotests/
akonadiconsole-25.04.1/autotests/jobtrackertest.h
akonadiconsole-25.04.1/autotests/jobtrackertest.cpp
akonadiconsole-25.04.1/autotests/jobtrackermodeltest.h
akonadiconsole-25.04.1/autotests/jobtrackermodeltest.cpp
akonadiconsole-25.04.1/autotests/jobtrackersearchwidgettest.cpp
akonadiconsole-25.04.1/autotests/CMakeLists.txt
akonadiconsole-25.04.1/autotests/jobtrackersearchwidgettest.h
akonadiconsole-25.04.1/CMakeLists.txt
akonadiconsole-25.04.1/src/
akonadiconsole-25.04.1/src/browserwidget.cpp
akonadiconsole-25.04.1/src/tagpropertiesdialog.cpp
akonadiconsole-25.04.1/src/searchwidget.cpp
akonadiconsole-25.04.1/src/akonadibrowsermodel.cpp
akonadiconsole-25.04.1/src/utils.h
akonadiconsole-25.04.1/src/collectionattributespage.cpp
akonadiconsole-25.04.1/src/org.kde.akonadiconsole.logger.xml
akonadiconsole-25.04.1/src/icons/
akonadiconsole-25.04.1/src/icons/akonadiconsole.svgz
akonadiconsole-25.04.1/src/icons/64-apps-akonadiconsole.png
akonadiconsole-25.04.1/src/icons/128-apps-akonadiconsole.png
akonadiconsole-25.04.1/src/icons/22-apps-akonadiconsole.png
akonadiconsole-25.04.1/src/icons/48-apps-akonadiconsole.png
akonadiconsole-25.04.1/src/icons/256-apps-akonadiconsole.png
akonadiconsole-25.04.1/src/icons/16-apps-akonadiconsole.png
akonadiconsole-25.04.1/src/icons/32-apps-akonadiconsole.png
akonadiconsole-25.04.1/src/icons/CMakeLists.txt
akonadiconsole-25.04.1/src/tagpropertiesdialog.h
akonadiconsole-25.04.1/src/querydebugger.h
akonadiconsole-25.04.1/src/queryviewdialog.ui
akonadiconsole-25.04.1/src/agentwidget.ui
akonadiconsole-25.04.1/src/connectionpage.cpp
akonadiconsole-25.04.1/src/collectioninternalspage.ui
akonadiconsole-25.04.1/src/debugwidget.cpp
akonadiconsole-25.04.1/src/agentconfigdialog.ui
akonadiconsole-25.04.1/src/connectionpage.h
akonadiconsole-25.04.1/src/agentconfigdialog.h
akonadiconsole-25.04.1/src/jobtracker.h
akonadiconsole-25.04.1/src/uistatesaver.cpp
akonadiconsole-25.04.1/src/collectionaclpage.ui
akonadiconsole-25.04.1/src/notificationmodel.h
akonadiconsole-25.04.1/src/jobtrackerfilterproxymodel.h
akonadiconsole-25.04.1/src/browserwidget.h
akonadiconsole-25.04.1/src/notificationmodel.cpp
akonadiconsole-25.04.1/src/dbbrowser.ui
akonadiconsole-25.04.1/src/mainwidget.h
akonadiconsole-25.04.1/src/agentconfigmodel.h
akonadiconsole-25.04.1/src/instanceselector.h
akonadiconsole-25.04.1/src/Messages.sh
akonadiconsole-25.04.1/src/jobtracker.cpp
akonadiconsole-25.04.1/src/browserwidget_contentview.ui
akonadiconsole-25.04.1/src/mainwidget.cpp
akonadiconsole-25.04.1/src/akonadiconsole.qrc
akonadiconsole-25.04.1/src/querydebugger.cpp
akonadiconsole-25.04.1/src/monitorswidget.cpp
akonadiconsole-25.04.1/src/logging.cpp
akonadiconsole-25.04.1/src/collectionaclpage.cpp
akonadiconsole-25.04.1/src/logging.h
akonadiconsole-25.04.1/src/debugwidget.h
akonadiconsole-25.04.1/src/instanceselector.cpp
akonadiconsole-25.04.1/src/mainwindow.h
akonadiconsole-25.04.1/src/jobtrackerfilterproxymodel.cpp
akonadiconsole-25.04.1/src/debugfiltermodel.cpp
akonadiconsole-25.04.1/src/jobtrackermodel.h
akonadiconsole-25.04.1/src/monitorsmodel.cpp
akonadiconsole-25.04.1/src/akonadibrowsermodel.h
akonadiconsole-25.04.1/src/uistatesaver.h
akonadiconsole-25.04.1/src/dbconsoletab.ui
akonadiconsole-25.04.1/src/dbbrowser.h
akonadiconsole-25.04.1/src/collectionattributespage.ui
akonadiconsole-25.04.1/src/loggingfiltermodel.h
akonadiconsole-25.04.1/src/jobtrackerwidget.cpp
akonadiconsole-25.04.1/src/browserwidget_itemview.ui
akonadiconsole-25.04.1/src/notificationmonitor.h
akonadiconsole-25.04.1/src/jobtrackersearchwidget.cpp
akonadiconsole-25.04.1/src/jobtrackermodel.cpp
akonadiconsole-25.04.1/src/loggingmodel.h
akonadiconsole-25.04.1/src/mainwindow.cpp
akonadiconsole-25.04.1/src/monitorsmodel.h
akonadiconsole-25.04.1/src/debugmodel.cpp
akonadiconsole-25.04.1/src/jobtrackersearchwidget.h
akonadiconsole-25.04.1/src/agentconfigdialog.cpp
akonadiconsole-25.04.1/src/loggingfiltermodel.cpp
akonadiconsole-25.04.1/src/notificationmonitor.cpp
akonadiconsole-25.04.1/src/debugmodel.h
akonadiconsole-25.04.1/src/monitorswidget.h
akonadiconsole-25.04.1/src/main.cpp
akonadiconsole-25.04.1/src/agentwidget.cpp
akonadiconsole-25.04.1/src/dbbrowser.cpp
akonadiconsole-25.04.1/src/instanceselector.ui
akonadiconsole-25.04.1/src/akonadiconsoleui.rc
akonadiconsole-25.04.1/src/notificationfiltermodel.cpp
akonadiconsole-25.04.1/src/metatypes.h
akonadiconsole-25.04.1/src/dbconsole.h
akonadiconsole-25.04.1/src/debugfiltermodel.h
akonadiconsole-25.04.1/src/org.freedesktop.Akonadi.DebugInterface.xml
akonadiconsole-25.04.1/src/collectioninternalspage.cpp
akonadiconsole-25.04.1/src/dbconsole.cpp
akonadiconsole-25.04.1/src/jobtrackerwidget.h
akonadiconsole-25.04.1/src/tagpropertiesdialog.ui
akonadiconsole-25.04.1/src/agentconfigmodel.cpp
akonadiconsole-25.04.1/src/collectionattributespage.h
akonadiconsole-25.04.1/src/CMakeLists.txt
akonadiconsole-25.04.1/src/collectioninternalspage.h
akonadiconsole-25.04.1/src/org.kde.akonadiconsole.desktop
akonadiconsole-25.04.1/src/searchwidget.h
akonadiconsole-25.04.1/src/notificationfiltermodel.h
akonadiconsole-25.04.1/src/agentwidget.h
akonadiconsole-25.04.1/src/collectionaclpage.h
akonadiconsole-25.04.1/src/querydebugger.ui
akonadiconsole-25.04.1/src/loggingmodel.cpp
akonadiconsole-25.04.1/.gitignore
/home/omen/GITHUB/Athos/AthOS/REPO-AthOS/akonadiconsole/work
README or README.md already exists, skipping creation.
hm...lets continue and see what happens
-- The C compiler identification is GNU 14.2.0
-- The CXX compiler identification is GNU 14.2.0
-- Detecting C compiler ABI info
-- Detecting C compiler ABI info - done
-- Check for working C compiler: /usr/bin/cc - skipped
-- Detecting C compile features
-- Detecting C compile features - done
-- Detecting CXX compiler ABI info
-- Detecting CXX compiler ABI info - done
-- Check for working CXX compiler: /usr/bin/c++ - skipped
-- Detecting CXX compile features
-- Detecting CXX compile features - done
-- Installing in the same prefix as Qt, adopting their path scheme.
-- Looking for __GLIBC__
-- Looking for __GLIBC__ - found
-- Performing Test _OFFT_IS_64BIT
-- Performing Test _OFFT_IS_64BIT - Success
-- Performing Test HAVE_DATE_TIME
-- Performing Test HAVE_DATE_TIME - Success
-- Performing Test HAVE_STDATOMIC
-- Performing Test HAVE_STDATOMIC - Success
-- Found WrapAtomic: TRUE
-- Found OpenGL: /usr/lib64/libOpenGL.so
-- Found WrapOpenGL: TRUE
-- Found XKB: /usr/lib64/libxkbcommon.so (found suitable version "1.9.2", minimum required is "0.5.0")
-- Found WrapVulkanHeaders: /usr/include
-- Found Gettext: /usr/bin/msgmerge (found version "0.25")
-- Found X11: /usr/include
-- Looking for XOpenDisplay in /usr/lib64/libX11.so;/usr/lib64/libXext.so
-- Looking for XOpenDisplay in /usr/lib64/libX11.so;/usr/lib64/libXext.so - found
-- Looking for gethostbyname
-- Looking for gethostbyname - found
-- Looking for connect
-- Looking for connect - found
-- Looking for remove
-- Looking for remove - found
-- Looking for shmat
-- Looking for shmat - found
-- Looking for IceConnectionNumber in ICE
-- Looking for IceConnectionNumber in ICE - found
-- Found Cups: /usr/lib64/libcups.so (found version "2.4.12")
-- Performing Test COMPILER_HAS_HIDDEN_VISIBILITY
-- Performing Test COMPILER_HAS_HIDDEN_VISIBILITY - Success
-- Performing Test COMPILER_HAS_HIDDEN_INLINE_VISIBILITY
-- Performing Test COMPILER_HAS_HIDDEN_INLINE_VISIBILITY - Success
-- Performing Test COMPILER_HAS_DEPRECATED_ATTR
-- Performing Test COMPILER_HAS_DEPRECATED_ATTR - Success
-- The following OPTIONAL packages have been found:

 * OpenGL
 * Qt6Sql (required version >= 6.7.0)
 * Qt6WidgetsTools (required version >= 6.8.3)
 * Qt6DBusTools (required version >= 6.8.3)
 * XKB (required version >= 0.5.0), XKB API common to servers and clients., <http://xkbcommon.org>
 * Qt6CoreTools (required version >= 6.8.3)
 * Qt6GuiTools (required version >= 6.8.3)
 * Cups
 * Qt6WebEngineCoreTools (required version >= 6.8.3)
 * Qt6QmlTools (required version >= 6.8.3)
 * Qt6QuickTools (required version >= 6.8.3)
 * WrapVulkanHeaders

-- The following REQUIRED packages have been found:

 * Qt6 (required version >= 6.7.0)
 * Qt6Widgets (required version >= 6.7.0)
 * KF6DBusAddons (required version >= 6.9.0)
 * KF6DocTools (required version >= 6.9.0)
 * KF6TextWidgets (required version >= 6.9.0)
 * KF6Crash (required version >= 6.9.0)
 * KF6Completion (required version >= 6.14.0)
 * KF6ItemViews (required version >= 6.14.0)
 * ECM (required version >= 6.9.0)
 * KF6Config (required version >= 6.9.0)
 * KF6ItemModels (required version >= 6.9.0)
 * KF6XmlGui (required version >= 6.9.0)
 * Qt6Test (required version >= 6.7.0)
 * KPim6Akonadi (required version >= 6.4.1)
 * KPim6Libkdepim (required version >= 6.4.1)
 * KF6Contacts (required version >= 6.9.0)
 * KPim6AkonadiContactWidgets (required version >= 6.4.1)
 * KPim6Mime (required version >= 6.4.1)
 * KF6CalendarCore (required version >= 6.9.0)
 * Gettext
 * KF6I18n (required version >= 6.9.0)
 * KF6WidgetsAddons (required version >= 6.9.0)
 * KPim6CalendarSupport (required version >= 6.4.1)
 * KF6KIO (required version >= 6.9.0)
 * Gpgmepp
 * KPim6AkonadiMime (required version >= 6.4.1)
 * KPim6MessageViewer (required version >= 6.4.1)
 * KPim6AkonadiSearch (required version >= 6.4.1), The Akonadi Search libraries, <https://invent.kde.org/pim/akonadi-search>
   Provides search capabilities in KMail and Akonadi
 * Xapian, The Xapian search engine library, <https://xapian.org>

-- Configuring done (1.8s)
-- Generating done (0.1s)
-- Build files have been written to: /home/omen/GITHUB/Athos/AthOS/REPO-AthOS/akonadiconsole/work/akonadiconsole-25.04.1/build
[1/88] Generating ts...
[2/88] Generating mo...
[3/88] Automatic MOC for target libakonadiconsole
[4/88] Generating org.freedesktop.Akonadi.JobTracker.xml
Unregistered input type in parameter list: QList<std::pair<int,int>>
[5/88] Generating ui_agentwidget.h
[6/88] Generating ui_instanceselector.h
[7/88] Generating loggeradaptor.cpp, loggeradaptor.h
[8/88] Generating tracernotificationinterface.cpp, tracernotificationinterface.h
[9/88] Generating storagedebuggerinterface.cpp, storagedebuggerinterface.h
[10/88] Generating debuginterface.cpp, debuginterface.h
[11/88] Generating ui_agentconfigdialog.h
[12/88] Generating ui_dbconsoletab.h
[13/88] Generating ui_browserwidget_itemview.h
[14/88] Generating ui_collectionattributespage.h
[15/88] Generating ui_collectioninternalspage.h
[16/88] Generating ui_querydebugger.h
[17/88] Generating ui_tagpropertiesdialog.h
[18/88] Generating ui_browserwidget_contentview.h
[19/88] Generating ui_dbbrowser.h
[20/88] Generating ui_collectionaclpage.h
[21/88] Generating ui_queryviewdialog.h
[22/88] Generating moc_loggeradaptor.cpp
[23/88] Generating moc_storagedebuggerinterface.cpp
[24/88] Generating moc_debuginterface.cpp
[25/88] Generating moc_tracernotificationinterface.cpp
[26/88] Generating jobtrackeradaptor.cpp, jobtrackeradaptor.h
[27/88] Generating moc_jobtrackeradaptor.cpp
[28/88] Building CXX object src/CMakeFiles/libakonadiconsole.dir/libakonadiconsole_autogen/mocs_compilation.cpp.o
[29/88] Building CXX object src/CMakeFiles/libakonadiconsole.dir/monitorsmodel.cpp.o
[30/88] Building CXX object src/CMakeFiles/libakonadiconsole.dir/dbconsole.cpp.o
[31/88] Building CXX object src/CMakeFiles/libakonadiconsole.dir/collectionaclpage.cpp.o
[32/88] Building CXX object src/CMakeFiles/libakonadiconsole.dir/agentconfigdialog.cpp.o
[33/88] Building CXX object src/CMakeFiles/libakonadiconsole.dir/collectioninternalspage.cpp.o
[34/88] Building CXX object src/CMakeFiles/libakonadiconsole.dir/debugfiltermodel.cpp.o
[35/88] Building CXX object src/CMakeFiles/libakonadiconsole.dir/akonadibrowsermodel.cpp.o
[36/88] Building CXX object src/CMakeFiles/libakonadiconsole.dir/mainwindow.cpp.o
[37/88] Building CXX object src/CMakeFiles/libakonadiconsole.dir/agentconfigmodel.cpp.o
[38/88] Building CXX object src/CMakeFiles/libakonadiconsole.dir/loggingfiltermodel.cpp.o
[39/88] Building CXX object src/CMakeFiles/libakonadiconsole.dir/collectionattributespage.cpp.o
[40/88] Building CXX object src/CMakeFiles/libakonadiconsole.dir/debugmodel.cpp.o
[41/88] Building CXX object src/CMakeFiles/libakonadiconsole.dir/dbbrowser.cpp.o
[42/88] Building CXX object src/CMakeFiles/libakonadiconsole.dir/loggingmodel.cpp.o
[43/88] Building CXX object src/CMakeFiles/libakonadiconsole.dir/instanceselector.cpp.o
[44/88] Building CXX object src/CMakeFiles/libakonadiconsole.dir/debugwidget.cpp.o
[45/88] Building CXX object src/CMakeFiles/libakonadiconsole.dir/logging.cpp.o
[46/88] Building CXX object src/CMakeFiles/libakonadiconsole.dir/agentwidget.cpp.o
[47/88] Building CXX object src/CMakeFiles/libakonadiconsole.dir/connectionpage.cpp.o
[48/88] Building CXX object src/CMakeFiles/libakonadiconsole.dir/monitorswidget.cpp.o
[49/88] Building CXX object src/CMakeFiles/libakonadiconsole.dir/uistatesaver.cpp.o
[50/88] Building CXX object src/CMakeFiles/libakonadiconsole.dir/jobtrackerfilterproxymodel.cpp.o
[51/88] Building CXX object src/CMakeFiles/libakonadiconsole.dir/jobtrackersearchwidget.cpp.o
[52/88] Building CXX object src/CMakeFiles/libakonadiconsole.dir/jobtrackermodel.cpp.o
[53/88] Building CXX object src/CMakeFiles/libakonadiconsole.dir/notificationfiltermodel.cpp.o
[54/88] Building CXX object src/CMakeFiles/libakonadiconsole.dir/browserwidget.cpp.o
/home/omen/GITHUB/Athos/AthOS/REPO-AthOS/akonadiconsole/work/akonadiconsole-25.04.1/src/browserwidget.cpp: In member function ‘void BrowserWidget::currentChanged(const QModelIndex&)’:
/home/omen/GITHUB/Athos/AthOS/REPO-AthOS/akonadiconsole/work/akonadiconsole-25.04.1/src/browserwidget.cpp:284:27: warning: ignoring return value of ‘bool Akonadi::TagFetchScope::fetchAllAttributes() const’, declared with attribute ‘nodiscard’ [-Wunused-result]
  284 |     tfs.fetchAllAttributes();
      |     ~~~~~~~~~~~~~~~~~~~~~~^~
In file included from /usr/include/KPim6/AkonadiCore/Akonadi/TagFetchScope:1,
                 from /home/omen/GITHUB/Athos/AthOS/REPO-AthOS/akonadiconsole/work/akonadiconsole-25.04.1/src/browserwidget.cpp:36:
/usr/include/KPim6/AkonadiCore/akonadi/tagfetchscope.h:77:24: note: declared here
   77 |     [[nodiscard]] bool fetchAllAttributes() const;
      |                        ^~~~~~~~~~~~~~~~~~
[55/88] Building CXX object src/CMakeFiles/libakonadiconsole.dir/jobtrackerwidget.cpp.o
[56/88] Building CXX object src/CMakeFiles/libakonadiconsole.dir/tagpropertiesdialog.cpp.o
[57/88] Building CXX object src/CMakeFiles/libakonadiconsole.dir/jobtrackeradaptor.cpp.o
[58/88] Building CXX object src/CMakeFiles/libakonadiconsole.dir/loggeradaptor.cpp.o
[59/88] Building CXX object src/CMakeFiles/libakonadiconsole.dir/mainwidget.cpp.o
[60/88] Building CXX object src/CMakeFiles/libakonadiconsole.dir/akonadiconsole_debug.cpp.o
[61/88] Building CXX object src/CMakeFiles/libakonadiconsole.dir/searchwidget.cpp.o
[62/88] Building CXX object src/CMakeFiles/libakonadiconsole.dir/notificationmodel.cpp.o
/home/omen/GITHUB/Athos/AthOS/REPO-AthOS/akonadiconsole/work/akonadiconsole-25.04.1/src/notificationmodel.cpp: In member function ‘virtual QVariant NotificationModel::data(const QModelIndex&, int) const’:
/home/omen/GITHUB/Athos/AthOS/REPO-AthOS/akonadiconsole/work/akonadiconsole-25.04.1/src/notificationmodel.cpp:71:20: warning: enumeration value ‘Relation’ not handled in switch [-Wswitch]
   71 |             switch (msg.type()) {
      |                    ^
/home/omen/GITHUB/Athos/AthOS/REPO-AthOS/akonadiconsole/work/akonadiconsole-25.04.1/src/notificationmodel.cpp:152:20: warning: enumeration value ‘Relation’ not handled in switch [-Wswitch]
  152 |             switch (msg.type()) {
      |                    ^
[63/88] Building CXX object src/CMakeFiles/libakonadiconsole.dir/tracernotificationinterface.cpp.o
[64/88] Building CXX object src/CMakeFiles/libakonadiconsole.dir/debuginterface.cpp.o
[65/88] Building CXX object src/CMakeFiles/libakonadiconsole.dir/storagedebuggerinterface.cpp.o
[66/88] Building CXX object src/CMakeFiles/libakonadiconsole.dir/jobtracker.cpp.o
[67/88] Building CXX object src/CMakeFiles/libakonadiconsole.dir/notificationmonitor.cpp.o
/home/omen/GITHUB/Athos/AthOS/REPO-AthOS/akonadiconsole/work/akonadiconsole-25.04.1/src/notificationmonitor.cpp: In member function ‘void NotificationMonitor::populateNtfModel(const QModelIndex&)’:
/home/omen/GITHUB/Athos/AthOS/REPO-AthOS/akonadiconsole/work/akonadiconsole-25.04.1/src/notificationmonitor.cpp:145:12: warning: enumeration value ‘Relation’ not handled in switch [-Wswitch]
  145 |     switch (ntf.type()) {
      |            ^
[68/88] Building CXX object src/CMakeFiles/libakonadiconsole.dir/querydebugger.cpp.o
[69/88] Linking CXX shared library bin/libakonadiconsole.so.6.4.1
[70/88] Creating library symlink bin/libakonadiconsole.so.6 bin/libakonadiconsole.so
[71/88] Automatic MOC for target akonadiconsole
[72/88] Automatic RCC for akonadiconsole.qrc
[73/88] Building CXX object src/CMakeFiles/akonadiconsole.dir/akonadiconsole_autogen/mocs_compilation.cpp.o
[74/88] Building CXX object src/CMakeFiles/akonadiconsole.dir/akonadiconsole_autogen/EWIEGA46WW/qrc_akonadiconsole.cpp.o
[75/88] Automatic MOC for target jobtrackertest
[76/88] Automatic MOC for target jobtrackermodeltest
[77/88] Automatic MOC for target jobtrackersearchwidgettest
[78/88] Building CXX object autotests/CMakeFiles/jobtrackertest.dir/jobtrackertest_autogen/mocs_compilation.cpp.o
[79/88] Building CXX object autotests/CMakeFiles/jobtrackermodeltest.dir/jobtrackermodeltest_autogen/mocs_compilation.cpp.o
[80/88] Building CXX object autotests/CMakeFiles/jobtrackersearchwidgettest.dir/jobtrackersearchwidgettest_autogen/mocs_compilation.cpp.o
[81/88] Building CXX object autotests/CMakeFiles/jobtrackermodeltest.dir/jobtrackermodeltest.cpp.o
[82/88] Building CXX object autotests/CMakeFiles/jobtrackersearchwidgettest.dir/jobtrackersearchwidgettest.cpp.o
[83/88] Building CXX object src/CMakeFiles/akonadiconsole.dir/main.cpp.o
[84/88] Building CXX object autotests/CMakeFiles/jobtrackertest.dir/jobtrackertest.cpp.o
[85/88] Linking CXX executable bin/jobtrackermodeltest
[86/88] Linking CXX executable bin/jobtrackersearchwidgettest
[87/88] Linking CXX executable bin/akonadiconsole
[88/88] Linking CXX executable bin/jobtrackertest
-- Install configuration: "MinSizeRel"
-- Installing: /home/omen/GITHUB/Athos/AthOS/REPO-AthOS/akonadiconsole/package-akonadiconsole/usr/share/icons/hicolor/128x128/apps/akonadiconsole.png
-- Installing: /home/omen/GITHUB/Athos/AthOS/REPO-AthOS/akonadiconsole/package-akonadiconsole/usr/share/icons/hicolor/16x16/apps/akonadiconsole.png
-- Installing: /home/omen/GITHUB/Athos/AthOS/REPO-AthOS/akonadiconsole/package-akonadiconsole/usr/share/icons/hicolor/22x22/apps/akonadiconsole.png
-- Installing: /home/omen/GITHUB/Athos/AthOS/REPO-AthOS/akonadiconsole/package-akonadiconsole/usr/share/icons/hicolor/256x256/apps/akonadiconsole.png
-- Installing: /home/omen/GITHUB/Athos/AthOS/REPO-AthOS/akonadiconsole/package-akonadiconsole/usr/share/icons/hicolor/32x32/apps/akonadiconsole.png
-- Installing: /home/omen/GITHUB/Athos/AthOS/REPO-AthOS/akonadiconsole/package-akonadiconsole/usr/share/icons/hicolor/48x48/apps/akonadiconsole.png
-- Installing: /home/omen/GITHUB/Athos/AthOS/REPO-AthOS/akonadiconsole/package-akonadiconsole/usr/share/icons/hicolor/64x64/apps/akonadiconsole.png
-- Installing: /home/omen/GITHUB/Athos/AthOS/REPO-AthOS/akonadiconsole/package-akonadiconsole/usr/bin/akonadiconsole
-- Set non-toolchain portion of runtime path of "/home/omen/GITHUB/Athos/AthOS/REPO-AthOS/akonadiconsole/package-akonadiconsole/usr/bin/akonadiconsole" to ""
-- Installing: /home/omen/GITHUB/Athos/AthOS/REPO-AthOS/akonadiconsole/package-akonadiconsole/usr/share/applications/org.kde.akonadiconsole.desktop
-- Installing: /home/omen/GITHUB/Athos/AthOS/REPO-AthOS/akonadiconsole/package-akonadiconsole/usr/lib64/libakonadiconsole.so.6.4.1
-- Installing: /home/omen/GITHUB/Athos/AthOS/REPO-AthOS/akonadiconsole/package-akonadiconsole/usr/lib64/libakonadiconsole.so.6
-- Installing: /home/omen/GITHUB/Athos/AthOS/REPO-AthOS/akonadiconsole/package-akonadiconsole/usr/share/qlogging-categories6/akonadiconsole.categories
-- Installing: /home/omen/GITHUB/Athos/AthOS/REPO-AthOS/akonadiconsole/package-akonadiconsole/usr/share/qlogging-categories6/akonadiconsole.renamecategories
-- Installing: /home/omen/GITHUB/Athos/AthOS/REPO-AthOS/akonadiconsole/package-akonadiconsole/usr/share/locale
-- Installing: /home/omen/GITHUB/Athos/AthOS/REPO-AthOS/akonadiconsole/package-akonadiconsole/usr/share/locale/cs
-- Installing: /home/omen/GITHUB/Athos/AthOS/REPO-AthOS/akonadiconsole/package-akonadiconsole/usr/share/locale/cs/LC_MESSAGES
-- Installing: /home/omen/GITHUB/Athos/AthOS/REPO-AthOS/akonadiconsole/package-akonadiconsole/usr/share/locale/cs/LC_MESSAGES/akonadiconsole.mo
-- Installing: /home/omen/GITHUB/Athos/AthOS/REPO-AthOS/akonadiconsole/package-akonadiconsole/usr/share/locale/ja
-- Installing: /home/omen/GITHUB/Athos/AthOS/REPO-AthOS/akonadiconsole/package-akonadiconsole/usr/share/locale/ja/LC_MESSAGES
-- Installing: /home/omen/GITHUB/Athos/AthOS/REPO-AthOS/akonadiconsole/package-akonadiconsole/usr/share/locale/ja/LC_MESSAGES/akonadiconsole.mo
-- Installing: /home/omen/GITHUB/Athos/AthOS/REPO-AthOS/akonadiconsole/package-akonadiconsole/usr/share/locale/de
-- Installing: /home/omen/GITHUB/Athos/AthOS/REPO-AthOS/akonadiconsole/package-akonadiconsole/usr/share/locale/de/LC_MESSAGES
-- Installing: /home/omen/GITHUB/Athos/AthOS/REPO-AthOS/akonadiconsole/package-akonadiconsole/usr/share/locale/de/LC_MESSAGES/akonadiconsole.mo
-- Installing: /home/omen/GITHUB/Athos/AthOS/REPO-AthOS/akonadiconsole/package-akonadiconsole/usr/share/locale/el
-- Installing: /home/omen/GITHUB/Athos/AthOS/REPO-AthOS/akonadiconsole/package-akonadiconsole/usr/share/locale/el/LC_MESSAGES
-- Installing: /home/omen/GITHUB/Athos/AthOS/REPO-AthOS/akonadiconsole/package-akonadiconsole/usr/share/locale/el/LC_MESSAGES/akonadiconsole.mo
-- Installing: /home/omen/GITHUB/Athos/AthOS/REPO-AthOS/akonadiconsole/package-akonadiconsole/usr/share/locale/hi
-- Installing: /home/omen/GITHUB/Athos/AthOS/REPO-AthOS/akonadiconsole/package-akonadiconsole/usr/share/locale/hi/LC_MESSAGES
-- Installing: /home/omen/GITHUB/Athos/AthOS/REPO-AthOS/akonadiconsole/package-akonadiconsole/usr/share/locale/hi/LC_MESSAGES/akonadiconsole.mo
-- Installing: /home/omen/GITHUB/Athos/AthOS/REPO-AthOS/akonadiconsole/package-akonadiconsole/usr/share/locale/lt
-- Installing: /home/omen/GITHUB/Athos/AthOS/REPO-AthOS/akonadiconsole/package-akonadiconsole/usr/share/locale/lt/LC_MESSAGES
-- Installing: /home/omen/GITHUB/Athos/AthOS/REPO-AthOS/akonadiconsole/package-akonadiconsole/usr/share/locale/lt/LC_MESSAGES/akonadiconsole.mo
-- Installing: /home/omen/GITHUB/Athos/AthOS/REPO-AthOS/akonadiconsole/package-akonadiconsole/usr/share/locale/sl
-- Installing: /home/omen/GITHUB/Athos/AthOS/REPO-AthOS/akonadiconsole/package-akonadiconsole/usr/share/locale/sl/LC_MESSAGES
-- Installing: /home/omen/GITHUB/Athos/AthOS/REPO-AthOS/akonadiconsole/package-akonadiconsole/usr/share/locale/sl/LC_MESSAGES/akonadiconsole.mo
-- Installing: /home/omen/GITHUB/Athos/AthOS/REPO-AthOS/akonadiconsole/package-akonadiconsole/usr/share/locale/ro
-- Installing: /home/omen/GITHUB/Athos/AthOS/REPO-AthOS/akonadiconsole/package-akonadiconsole/usr/share/locale/ro/LC_MESSAGES
-- Installing: /home/omen/GITHUB/Athos/AthOS/REPO-AthOS/akonadiconsole/package-akonadiconsole/usr/share/locale/ro/LC_MESSAGES/akonadiconsole.mo
-- Installing: /home/omen/GITHUB/Athos/AthOS/REPO-AthOS/akonadiconsole/package-akonadiconsole/usr/share/locale/he
-- Installing: /home/omen/GITHUB/Athos/AthOS/REPO-AthOS/akonadiconsole/package-akonadiconsole/usr/share/locale/he/LC_MESSAGES
-- Installing: /home/omen/GITHUB/Athos/AthOS/REPO-AthOS/akonadiconsole/package-akonadiconsole/usr/share/locale/he/LC_MESSAGES/akonadiconsole.mo
-- Installing: /home/omen/GITHUB/Athos/AthOS/REPO-AthOS/akonadiconsole/package-akonadiconsole/usr/share/locale/zh_TW
-- Installing: /home/omen/GITHUB/Athos/AthOS/REPO-AthOS/akonadiconsole/package-akonadiconsole/usr/share/locale/zh_TW/LC_MESSAGES
-- Installing: /home/omen/GITHUB/Athos/AthOS/REPO-AthOS/akonadiconsole/package-akonadiconsole/usr/share/locale/zh_TW/LC_MESSAGES/akonadiconsole.mo
-- Installing: /home/omen/GITHUB/Athos/AthOS/REPO-AthOS/akonadiconsole/package-akonadiconsole/usr/share/locale/pl
-- Installing: /home/omen/GITHUB/Athos/AthOS/REPO-AthOS/akonadiconsole/package-akonadiconsole/usr/share/locale/pl/LC_MESSAGES
-- Installing: /home/omen/GITHUB/Athos/AthOS/REPO-AthOS/akonadiconsole/package-akonadiconsole/usr/share/locale/pl/LC_MESSAGES/akonadiconsole.mo
-- Installing: /home/omen/GITHUB/Athos/AthOS/REPO-AthOS/akonadiconsole/package-akonadiconsole/usr/share/locale/pt
-- Installing: /home/omen/GITHUB/Athos/AthOS/REPO-AthOS/akonadiconsole/package-akonadiconsole/usr/share/locale/pt/LC_MESSAGES
-- Installing: /home/omen/GITHUB/Athos/AthOS/REPO-AthOS/akonadiconsole/package-akonadiconsole/usr/share/locale/pt/LC_MESSAGES/akonadiconsole.mo
-- Installing: /home/omen/GITHUB/Athos/AthOS/REPO-AthOS/akonadiconsole/package-akonadiconsole/usr/share/locale/tr
-- Installing: /home/omen/GITHUB/Athos/AthOS/REPO-AthOS/akonadiconsole/package-akonadiconsole/usr/share/locale/tr/LC_MESSAGES
-- Installing: /home/omen/GITHUB/Athos/AthOS/REPO-AthOS/akonadiconsole/package-akonadiconsole/usr/share/locale/tr/LC_MESSAGES/akonadiconsole.mo
-- Installing: /home/omen/GITHUB/Athos/AthOS/REPO-AthOS/akonadiconsole/package-akonadiconsole/usr/share/locale/fr
-- Installing: /home/omen/GITHUB/Athos/AthOS/REPO-AthOS/akonadiconsole/package-akonadiconsole/usr/share/locale/fr/LC_MESSAGES
-- Installing: /home/omen/GITHUB/Athos/AthOS/REPO-AthOS/akonadiconsole/package-akonadiconsole/usr/share/locale/fr/LC_MESSAGES/akonadiconsole.mo
-- Installing: /home/omen/GITHUB/Athos/AthOS/REPO-AthOS/akonadiconsole/package-akonadiconsole/usr/share/locale/ast
-- Installing: /home/omen/GITHUB/Athos/AthOS/REPO-AthOS/akonadiconsole/package-akonadiconsole/usr/share/locale/ast/LC_MESSAGES
-- Installing: /home/omen/GITHUB/Athos/AthOS/REPO-AthOS/akonadiconsole/package-akonadiconsole/usr/share/locale/ast/LC_MESSAGES/akonadiconsole.mo
-- Installing: /home/omen/GITHUB/Athos/AthOS/REPO-AthOS/akonadiconsole/package-akonadiconsole/usr/share/locale/ka
-- Installing: /home/omen/GITHUB/Athos/AthOS/REPO-AthOS/akonadiconsole/package-akonadiconsole/usr/share/locale/ka/LC_MESSAGES
-- Installing: /home/omen/GITHUB/Athos/AthOS/REPO-AthOS/akonadiconsole/package-akonadiconsole/usr/share/locale/ka/LC_MESSAGES/akonadiconsole.mo
-- Installing: /home/omen/GITHUB/Athos/AthOS/REPO-AthOS/akonadiconsole/package-akonadiconsole/usr/share/locale/gl
-- Installing: /home/omen/GITHUB/Athos/AthOS/REPO-AthOS/akonadiconsole/package-akonadiconsole/usr/share/locale/gl/LC_MESSAGES
-- Installing: /home/omen/GITHUB/Athos/AthOS/REPO-AthOS/akonadiconsole/package-akonadiconsole/usr/share/locale/gl/LC_MESSAGES/akonadiconsole.mo
-- Installing: /home/omen/GITHUB/Athos/AthOS/REPO-AthOS/akonadiconsole/package-akonadiconsole/usr/share/locale/ia
-- Installing: /home/omen/GITHUB/Athos/AthOS/REPO-AthOS/akonadiconsole/package-akonadiconsole/usr/share/locale/ia/LC_MESSAGES
-- Installing: /home/omen/GITHUB/Athos/AthOS/REPO-AthOS/akonadiconsole/package-akonadiconsole/usr/share/locale/ia/LC_MESSAGES/akonadiconsole.mo
-- Installing: /home/omen/GITHUB/Athos/AthOS/REPO-AthOS/akonadiconsole/package-akonadiconsole/usr/share/locale/hu
-- Installing: /home/omen/GITHUB/Athos/AthOS/REPO-AthOS/akonadiconsole/package-akonadiconsole/usr/share/locale/hu/LC_MESSAGES
-- Installing: /home/omen/GITHUB/Athos/AthOS/REPO-AthOS/akonadiconsole/package-akonadiconsole/usr/share/locale/hu/LC_MESSAGES/akonadiconsole.mo
-- Installing: /home/omen/GITHUB/Athos/AthOS/REPO-AthOS/akonadiconsole/package-akonadiconsole/usr/share/locale/eo
-- Installing: /home/omen/GITHUB/Athos/AthOS/REPO-AthOS/akonadiconsole/package-akonadiconsole/usr/share/locale/eo/LC_MESSAGES
-- Installing: /home/omen/GITHUB/Athos/AthOS/REPO-AthOS/akonadiconsole/package-akonadiconsole/usr/share/locale/eo/LC_MESSAGES/akonadiconsole.mo
-- Installing: /home/omen/GITHUB/Athos/AthOS/REPO-AthOS/akonadiconsole/package-akonadiconsole/usr/share/locale/ca
-- Installing: /home/omen/GITHUB/Athos/AthOS/REPO-AthOS/akonadiconsole/package-akonadiconsole/usr/share/locale/ca/LC_MESSAGES
-- Installing: /home/omen/GITHUB/Athos/AthOS/REPO-AthOS/akonadiconsole/package-akonadiconsole/usr/share/locale/ca/LC_MESSAGES/akonadiconsole.mo
-- Installing: /home/omen/GITHUB/Athos/AthOS/REPO-AthOS/akonadiconsole/package-akonadiconsole/usr/share/locale/uk
-- Installing: /home/omen/GITHUB/Athos/AthOS/REPO-AthOS/akonadiconsole/package-akonadiconsole/usr/share/locale/uk/LC_MESSAGES
-- Installing: /home/omen/GITHUB/Athos/AthOS/REPO-AthOS/akonadiconsole/package-akonadiconsole/usr/share/locale/uk/LC_MESSAGES/akonadiconsole.mo
-- Installing: /home/omen/GITHUB/Athos/AthOS/REPO-AthOS/akonadiconsole/package-akonadiconsole/usr/share/locale/en_GB
-- Installing: /home/omen/GITHUB/Athos/AthOS/REPO-AthOS/akonadiconsole/package-akonadiconsole/usr/share/locale/en_GB/LC_MESSAGES
-- Installing: /home/omen/GITHUB/Athos/AthOS/REPO-AthOS/akonadiconsole/package-akonadiconsole/usr/share/locale/en_GB/LC_MESSAGES/akonadiconsole.mo
-- Installing: /home/omen/GITHUB/Athos/AthOS/REPO-AthOS/akonadiconsole/package-akonadiconsole/usr/share/locale/zh_CN
-- Installing: /home/omen/GITHUB/Athos/AthOS/REPO-AthOS/akonadiconsole/package-akonadiconsole/usr/share/locale/zh_CN/LC_MESSAGES
-- Installing: /home/omen/GITHUB/Athos/AthOS/REPO-AthOS/akonadiconsole/package-akonadiconsole/usr/share/locale/zh_CN/LC_MESSAGES/akonadiconsole.mo
-- Installing: /home/omen/GITHUB/Athos/AthOS/REPO-AthOS/akonadiconsole/package-akonadiconsole/usr/share/locale/nl
-- Installing: /home/omen/GITHUB/Athos/AthOS/REPO-AthOS/akonadiconsole/package-akonadiconsole/usr/share/locale/nl/LC_MESSAGES
-- Installing: /home/omen/GITHUB/Athos/AthOS/REPO-AthOS/akonadiconsole/package-akonadiconsole/usr/share/locale/nl/LC_MESSAGES/akonadiconsole.mo
-- Installing: /home/omen/GITHUB/Athos/AthOS/REPO-AthOS/akonadiconsole/package-akonadiconsole/usr/share/locale/sa
-- Installing: /home/omen/GITHUB/Athos/AthOS/REPO-AthOS/akonadiconsole/package-akonadiconsole/usr/share/locale/sa/LC_MESSAGES
-- Installing: /home/omen/GITHUB/Athos/AthOS/REPO-AthOS/akonadiconsole/package-akonadiconsole/usr/share/locale/sa/LC_MESSAGES/akonadiconsole.mo
-- Installing: /home/omen/GITHUB/Athos/AthOS/REPO-AthOS/akonadiconsole/package-akonadiconsole/usr/share/locale/fi
-- Installing: /home/omen/GITHUB/Athos/AthOS/REPO-AthOS/akonadiconsole/package-akonadiconsole/usr/share/locale/fi/LC_MESSAGES
-- Installing: /home/omen/GITHUB/Athos/AthOS/REPO-AthOS/akonadiconsole/package-akonadiconsole/usr/share/locale/fi/LC_MESSAGES/akonadiconsole.mo
-- Installing: /home/omen/GITHUB/Athos/AthOS/REPO-AthOS/akonadiconsole/package-akonadiconsole/usr/share/locale/ko
-- Installing: /home/omen/GITHUB/Athos/AthOS/REPO-AthOS/akonadiconsole/package-akonadiconsole/usr/share/locale/ko/LC_MESSAGES
-- Installing: /home/omen/GITHUB/Athos/AthOS/REPO-AthOS/akonadiconsole/package-akonadiconsole/usr/share/locale/ko/LC_MESSAGES/akonadiconsole.mo
-- Installing: /home/omen/GITHUB/Athos/AthOS/REPO-AthOS/akonadiconsole/package-akonadiconsole/usr/share/locale/ru
-- Installing: /home/omen/GITHUB/Athos/AthOS/REPO-AthOS/akonadiconsole/package-akonadiconsole/usr/share/locale/ru/LC_MESSAGES
-- Installing: /home/omen/GITHUB/Athos/AthOS/REPO-AthOS/akonadiconsole/package-akonadiconsole/usr/share/locale/ru/LC_MESSAGES/akonadiconsole.mo
-- Installing: /home/omen/GITHUB/Athos/AthOS/REPO-AthOS/akonadiconsole/package-akonadiconsole/usr/share/locale/lv
-- Installing: /home/omen/GITHUB/Athos/AthOS/REPO-AthOS/akonadiconsole/package-akonadiconsole/usr/share/locale/lv/LC_MESSAGES
-- Installing: /home/omen/GITHUB/Athos/AthOS/REPO-AthOS/akonadiconsole/package-akonadiconsole/usr/share/locale/lv/LC_MESSAGES/akonadiconsole.mo
-- Installing: /home/omen/GITHUB/Athos/AthOS/REPO-AthOS/akonadiconsole/package-akonadiconsole/usr/share/locale/ca@valencia
-- Installing: /home/omen/GITHUB/Athos/AthOS/REPO-AthOS/akonadiconsole/package-akonadiconsole/usr/share/locale/ca@valencia/LC_MESSAGES
-- Installing: /home/omen/GITHUB/Athos/AthOS/REPO-AthOS/akonadiconsole/package-akonadiconsole/usr/share/locale/ca@valencia/LC_MESSAGES/akonadiconsole.mo
-- Installing: /home/omen/GITHUB/Athos/AthOS/REPO-AthOS/akonadiconsole/package-akonadiconsole/usr/share/locale/es
-- Installing: /home/omen/GITHUB/Athos/AthOS/REPO-AthOS/akonadiconsole/package-akonadiconsole/usr/share/locale/es/LC_MESSAGES
-- Installing: /home/omen/GITHUB/Athos/AthOS/REPO-AthOS/akonadiconsole/package-akonadiconsole/usr/share/locale/es/LC_MESSAGES/akonadiconsole.mo
-- Installing: /home/omen/GITHUB/Athos/AthOS/REPO-AthOS/akonadiconsole/package-akonadiconsole/usr/share/locale/eu
-- Installing: /home/omen/GITHUB/Athos/AthOS/REPO-AthOS/akonadiconsole/package-akonadiconsole/usr/share/locale/eu/LC_MESSAGES
-- Installing: /home/omen/GITHUB/Athos/AthOS/REPO-AthOS/akonadiconsole/package-akonadiconsole/usr/share/locale/eu/LC_MESSAGES/akonadiconsole.mo
-- Installing: /home/omen/GITHUB/Athos/AthOS/REPO-AthOS/akonadiconsole/package-akonadiconsole/usr/share/locale/it
-- Installing: /home/omen/GITHUB/Athos/AthOS/REPO-AthOS/akonadiconsole/package-akonadiconsole/usr/share/locale/it/LC_MESSAGES
-- Installing: /home/omen/GITHUB/Athos/AthOS/REPO-AthOS/akonadiconsole/package-akonadiconsole/usr/share/locale/it/LC_MESSAGES/akonadiconsole.mo
-- Installing: /home/omen/GITHUB/Athos/AthOS/REPO-AthOS/akonadiconsole/package-akonadiconsole/usr/share/locale/sk
-- Installing: /home/omen/GITHUB/Athos/AthOS/REPO-AthOS/akonadiconsole/package-akonadiconsole/usr/share/locale/sk/LC_MESSAGES
-- Installing: /home/omen/GITHUB/Athos/AthOS/REPO-AthOS/akonadiconsole/package-akonadiconsole/usr/share/locale/sk/LC_MESSAGES/akonadiconsole.mo
-- Installing: /home/omen/GITHUB/Athos/AthOS/REPO-AthOS/akonadiconsole/package-akonadiconsole/usr/share/locale/sv
-- Installing: /home/omen/GITHUB/Athos/AthOS/REPO-AthOS/akonadiconsole/package-akonadiconsole/usr/share/locale/sv/LC_MESSAGES
-- Installing: /home/omen/GITHUB/Athos/AthOS/REPO-AthOS/akonadiconsole/package-akonadiconsole/usr/share/locale/sv/LC_MESSAGES/akonadiconsole.mo
[32mThe main part of source code is ready. We are moving on to preparing post install scripts, docs, license, man pages etc..[0m
cp: cannot stat 'AUTHORS': No such file or directory
cp: cannot stat 'ChangeLog*': No such file or directory
cp: cannot stat 'COPYING': No such file or directory
cp: cannot stat 'CREDITS': No such file or directory
cp: cannot stat 'LICENSE': No such file or directory
cp: cannot stat 'MAINTAINERS': No such file or directory
cp: cannot stat 'NEWS': No such file or directory
cp: cannot stat 'README*': No such file or directory
cp: cannot stat 'docs': No such file or directory
cp: cannot stat 'DOCS': No such file or directory
grep: /home/omen/GITHUB/Athos/AthOS/REPO-AthOS/akonadiconsole/akonadiconsole.info: No such file or directory
akonadi-contacts
akonadi
akonadi-search
calendarsupport
extra-cmake-modules
kcalendarcore
kcompletion
kcompletion
kconfig
kconfigwidgets
kcontacts
kcrash
kdbusaddons
kdoctools
ki18n
kio
kitemmodels
kitemviews
kmime
ktextwidgets
kwidgetsaddons
kxmlgui
libkdepim
messagelib
xapian-bindings
[32mPackaging compiled for slackware installation...[0m
[32mMAKEPKG_FLAGS is empty or unset, using default[0m

Slackware package maker, version 3.14159265.

Searching for symbolic links:
usr/lib64/libakonadiconsole.so.6	libakonadiconsole.so.6.4.1

Making symbolic link creation script:
( cd usr/lib64 ; rm -rf libakonadiconsole.so.6 )
( cd usr/lib64 ; ln -sf libakonadiconsole.so.6.4.1 libakonadiconsole.so.6 )

Unless your existing installation script already contains the code
to create these links, you should append these lines to your existing
install script. Now's your chance. :^)

Would you like to add this stuff to the existing install script and
remove the symbolic links ([y]es, [n]o)? y


Removing symbolic links:
removed './usr/lib64/libakonadiconsole.so.6'

Updating your ./install/doinst.sh...

This next step is optional - you can set the directories in your package
to some sane permissions. If any of the directories in your package have
special permissions, then DO NOT reset them here!

Would you like to reset all directory permissions to 755 (drwxr-xr-x) and
directory ownerships to root:root ([y]es, [n]o)? n


Creating Slackware package:  /tmp/akonadiconsole/akonadiconsole-25.04.1-x86_64-1_rtz.tlz

./
install/
install/doinst.sh
install/slack-desc
usr/
usr/bin/
usr/bin/akonadiconsole
usr/doc/
usr/doc/akonadiconsole-25.04.1/
usr/doc/akonadiconsole-25.04.1/akonadiconsole.ini
usr/doc/akonadiconsole-25.04.1/slack-required
usr/lib64/
usr/lib64/libakonadiconsole.so.6.4.1
usr/share/
usr/share/applications/
usr/share/applications/org.kde.akonadiconsole.desktop
usr/share/icons/
usr/share/icons/hicolor/
usr/share/icons/hicolor/128x128/
usr/share/icons/hicolor/128x128/apps/
usr/share/icons/hicolor/128x128/apps/akonadiconsole.png
usr/share/icons/hicolor/16x16/
usr/share/icons/hicolor/16x16/apps/
usr/share/icons/hicolor/16x16/apps/akonadiconsole.png
usr/share/icons/hicolor/22x22/
usr/share/icons/hicolor/22x22/apps/
usr/share/icons/hicolor/22x22/apps/akonadiconsole.png
usr/share/icons/hicolor/256x256/
usr/share/icons/hicolor/256x256/apps/
usr/share/icons/hicolor/256x256/apps/akonadiconsole.png
usr/share/icons/hicolor/32x32/
usr/share/icons/hicolor/32x32/apps/
usr/share/icons/hicolor/32x32/apps/akonadiconsole.png
usr/share/icons/hicolor/48x48/
usr/share/icons/hicolor/48x48/apps/
usr/share/icons/hicolor/48x48/apps/akonadiconsole.png
usr/share/icons/hicolor/64x64/
usr/share/icons/hicolor/64x64/apps/
usr/share/icons/hicolor/64x64/apps/akonadiconsole.png
usr/share/locale/
usr/share/locale/ast/
usr/share/locale/ast/LC_MESSAGES/
usr/share/locale/ast/LC_MESSAGES/akonadiconsole.mo
usr/share/locale/ca/
usr/share/locale/ca/LC_MESSAGES/
usr/share/locale/ca/LC_MESSAGES/akonadiconsole.mo
usr/share/locale/ca@valencia/
usr/share/locale/ca@valencia/LC_MESSAGES/
usr/share/locale/ca@valencia/LC_MESSAGES/akonadiconsole.mo
usr/share/locale/cs/
usr/share/locale/cs/LC_MESSAGES/
usr/share/locale/cs/LC_MESSAGES/akonadiconsole.mo
usr/share/locale/de/
usr/share/locale/de/LC_MESSAGES/
usr/share/locale/de/LC_MESSAGES/akonadiconsole.mo
usr/share/locale/el/
usr/share/locale/el/LC_MESSAGES/
usr/share/locale/el/LC_MESSAGES/akonadiconsole.mo
usr/share/locale/en_GB/
usr/share/locale/en_GB/LC_MESSAGES/
usr/share/locale/en_GB/LC_MESSAGES/akonadiconsole.mo
usr/share/locale/eo/
usr/share/locale/eo/LC_MESSAGES/
usr/share/locale/eo/LC_MESSAGES/akonadiconsole.mo
usr/share/locale/es/
usr/share/locale/es/LC_MESSAGES/
usr/share/locale/es/LC_MESSAGES/akonadiconsole.mo
usr/share/locale/eu/
usr/share/locale/eu/LC_MESSAGES/
usr/share/locale/eu/LC_MESSAGES/akonadiconsole.mo
usr/share/locale/fi/
usr/share/locale/fi/LC_MESSAGES/
usr/share/locale/fi/LC_MESSAGES/akonadiconsole.mo
usr/share/locale/fr/
usr/share/locale/fr/LC_MESSAGES/
usr/share/locale/fr/LC_MESSAGES/akonadiconsole.mo
usr/share/locale/gl/
usr/share/locale/gl/LC_MESSAGES/
usr/share/locale/gl/LC_MESSAGES/akonadiconsole.mo
usr/share/locale/he/
usr/share/locale/he/LC_MESSAGES/
usr/share/locale/he/LC_MESSAGES/akonadiconsole.mo
usr/share/locale/hi/
usr/share/locale/hi/LC_MESSAGES/
usr/share/locale/hi/LC_MESSAGES/akonadiconsole.mo
usr/share/locale/hu/
usr/share/locale/hu/LC_MESSAGES/
usr/share/locale/hu/LC_MESSAGES/akonadiconsole.mo
usr/share/locale/ia/
usr/share/locale/ia/LC_MESSAGES/
usr/share/locale/ia/LC_MESSAGES/akonadiconsole.mo
usr/share/locale/it/
usr/share/locale/it/LC_MESSAGES/
usr/share/locale/it/LC_MESSAGES/akonadiconsole.mo
usr/share/locale/ja/
usr/share/locale/ja/LC_MESSAGES/
usr/share/locale/ja/LC_MESSAGES/akonadiconsole.mo
usr/share/locale/ka/
usr/share/locale/ka/LC_MESSAGES/
usr/share/locale/ka/LC_MESSAGES/akonadiconsole.mo
usr/share/locale/ko/
usr/share/locale/ko/LC_MESSAGES/
usr/share/locale/ko/LC_MESSAGES/akonadiconsole.mo
usr/share/locale/lt/
usr/share/locale/lt/LC_MESSAGES/
usr/share/locale/lt/LC_MESSAGES/akonadiconsole.mo
usr/share/locale/lv/
usr/share/locale/lv/LC_MESSAGES/
usr/share/locale/lv/LC_MESSAGES/akonadiconsole.mo
usr/share/locale/nl/
usr/share/locale/nl/LC_MESSAGES/
usr/share/locale/nl/LC_MESSAGES/akonadiconsole.mo
usr/share/locale/pl/
usr/share/locale/pl/LC_MESSAGES/
usr/share/locale/pl/LC_MESSAGES/akonadiconsole.mo
usr/share/locale/pt/
usr/share/locale/pt/LC_MESSAGES/
usr/share/locale/pt/LC_MESSAGES/akonadiconsole.mo
usr/share/locale/ro/
usr/share/locale/ro/LC_MESSAGES/
usr/share/locale/ro/LC_MESSAGES/akonadiconsole.mo
usr/share/locale/ru/
usr/share/locale/ru/LC_MESSAGES/
usr/share/locale/ru/LC_MESSAGES/akonadiconsole.mo
usr/share/locale/sa/
usr/share/locale/sa/LC_MESSAGES/
usr/share/locale/sa/LC_MESSAGES/akonadiconsole.mo
usr/share/locale/sk/
usr/share/locale/sk/LC_MESSAGES/
usr/share/locale/sk/LC_MESSAGES/akonadiconsole.mo
usr/share/locale/sl/
usr/share/locale/sl/LC_MESSAGES/
usr/share/locale/sl/LC_MESSAGES/akonadiconsole.mo
usr/share/locale/sv/
usr/share/locale/sv/LC_MESSAGES/
usr/share/locale/sv/LC_MESSAGES/akonadiconsole.mo
usr/share/locale/tr/
usr/share/locale/tr/LC_MESSAGES/
usr/share/locale/tr/LC_MESSAGES/akonadiconsole.mo
usr/share/locale/uk/
usr/share/locale/uk/LC_MESSAGES/
usr/share/locale/uk/LC_MESSAGES/akonadiconsole.mo
usr/share/locale/zh_CN/
usr/share/locale/zh_CN/LC_MESSAGES/
usr/share/locale/zh_CN/LC_MESSAGES/akonadiconsole.mo
usr/share/locale/zh_TW/
usr/share/locale/zh_TW/LC_MESSAGES/
usr/share/locale/zh_TW/LC_MESSAGES/akonadiconsole.mo
usr/share/qlogging-categories6/
usr/share/qlogging-categories6/akonadiconsole.categories
usr/share/qlogging-categories6/akonadiconsole.renamecategories

Slackware package /tmp/akonadiconsole/akonadiconsole-25.04.1-x86_64-1_rtz.tlz created.

Create shared object file for akonadiconsole-25.04.1-x86_64-1_rtz.tlz
Creating /tmp/akonadiconsole/akonadiconsole-25.04.1-x86_64-1_rtz.tlz.so.file using /tmp/akonadiconsole/akonadiconsole-25.04.1-x86_64-1_rtz.tlz
Successfully created /tmp/akonadiconsole/akonadiconsole-25.04.1-x86_64-1_rtz.tlz.so.file
Packaging of executable and meta-data in akonadiconsole.tar.lz4 format.
/tmp/akonadiconsole /tmp/akonadiconsole
/tmp/akonadiconsole
BIN_NAME
README
akonadiconsole-25.04.1-x86_64-1_rtz.tlz
akonadiconsole-25.04.1-x86_64-1_rtz.tlz.md5
akonadiconsole-25.04.1-x86_64-1_rtz.tlz.so.file
akonadiconsole-25.04.1-x86_64-1_rtz.tlz.txt
akonadiconsole.dep
makepkg-akonadiconsole.log
[32makonadiconsole build finished. Procced to installation...[0m

+=========================================================================================================================+
| Upgrading akonadiconsole-25.04.1-x86_64-1_rtz package using /tmp/akonadiconsole/akonadiconsole-25.04.1-x86_64-1_rtz.tlz |
+=========================================================================================================================+

Pre-installing package akonadiconsole-25.04.1-x86_64-1_rtz...
Removing package: akonadiconsole-25.04.1-x86_64-1_rtz-upgraded-2025-05-21,18:13:33
Installing package akonadiconsole-25.04.1-x86_64-1_rtz.tlz:
PACKAGE DESCRIPTION:
# akonadiconsole (debugging Akonadi Resources)
#
# Application for debugging Akonadi Resources
#
# https://kontact.kde.org/
Executing install script for akonadiconsole-25.04.1-x86_64-1_rtz.tlz.
Font directories:
	/usr/share/fonts
/usr/share/fonts: caching, new cache contents: 0 fonts, 11 dirs
/usr/share/fonts/100dpi: caching, new cache contents: 238 fonts, 0 dirs
/usr/share/fonts/75dpi: caching, new cache contents: 238 fonts, 0 dirs
/usr/share/fonts/OTF: caching, new cache contents: 124 fonts, 0 dirs
/usr/share/fonts/Speedo: caching, new cache contents: 0 fonts, 0 dirs
/usr/share/fonts/TTF: caching, new cache contents: 1132 fonts, 0 dirs
/usr/share/fonts/Type1: caching, new cache contents: 64 fonts, 0 dirs
/usr/share/fonts/cyrillic: caching, new cache contents: 0 fonts, 0 dirs
/usr/share/fonts/encodings: caching, new cache contents: 0 fonts, 1 dirs
/usr/share/fonts/encodings/large: caching, new cache contents: 0 fonts, 0 dirs
/usr/share/fonts/kanjistrokeorders: caching, new cache contents: 1 fonts, 0 dirs
/usr/share/fonts/misc: caching, new cache contents: 143 fonts, 0 dirs
/usr/share/fonts/util: caching, new cache contents: 0 fonts, 0 dirs
/var/cache/fontconfig: cleaning cache directory
/root/.cache/fontconfig: not cleaning non-existent cache directory
/root/.fontconfig: not cleaning non-existent cache directory
/usr/bin/fc-cache: succeeded
Package akonadiconsole-25.04.1-x86_64-1_rtz.tlz installed.
Package akonadiconsole-25.04.1-x86_64-1_rtz upgraded with new package /tmp/akonadiconsole/akonadiconsole-25.04.1-x86_64-1_rtz.tlz.
[32mCleaning environmet: Removing source code, and work-space...[0m
rm: cannot remove 'akonadiconsole-25.04.1.tar.xz': No such file or directory
