Starting build process...
Detected architecture: x86_64
Required dependencies: extra-cmake-modules	kconfig	kconfigwidgets	kcoreaddons	kcrash	kdbusaddons	kdoctools	ki18n	knotifications	knotifyconfig	kwidgetsaddons	kxmlgui	libkdegames
extra-cmake-modules is already installed!
kconfig is already installed!
kconfigwidgets is already installed!
kcoreaddons is already installed!
kcrash is already installed!
kdbusaddons is already installed!
kdoctools is already installed!
ki18n is already installed!
knotifications is already installed!
knotifyconfig is already installed!
kwidgetsaddons is already installed!
kxmlgui is already installed!
libkdegames is already installed!
No optional dependencies found.
Downloading source code tar.xz file
--2025-05-11 00:22:31--  https://download.kde.org/stable/release-service/25.04.1/src/kdiamond-25.04.1.tar.xz
Resolving download.kde.org (download.kde.org)... 49.12.122.15, 2a01:4f8:242:53eb::4
Connecting to download.kde.org (download.kde.org)|49.12.122.15|:443... connected.
HTTP request sent, awaiting response... 302 Found
Location: https://ftp.cc.uoc.gr/mirrors/kde/stable/release-service/25.04.1/src/kdiamond-25.04.1.tar.xz [following]
--2025-05-11 00:22:31--  https://ftp.cc.uoc.gr/mirrors/kde/stable/release-service/25.04.1/src/kdiamond-25.04.1.tar.xz
Resolving ftp.cc.uoc.gr (ftp.cc.uoc.gr)... 147.52.159.50, 2001:648:2c00:6c08::2
Connecting to ftp.cc.uoc.gr (ftp.cc.uoc.gr)|147.52.159.50|:443... connected.
HTTP request sent, awaiting response... 200 OK
Length: 4674548 (4.5M) [application/octet-stream]
Saving to: ‘kdiamond-25.04.1.tar.xz’

     0K .......... .......... .......... .......... ..........  1% 1.34M 3s
    50K .......... .......... .......... .......... ..........  2% 1.40M 3s
   100K .......... .......... .......... .......... ..........  3% 6.88M 2s
   150K .......... .......... .......... .......... ..........  4% 5.30M 2s
   200K .......... .......... .......... .......... ..........  5% 2.15M 2s
   250K .......... .......... .......... .......... ..........  6% 6.77M 2s
   300K .......... .......... .......... .......... ..........  7% 4.69M 2s
   350K .......... .......... .......... .......... ..........  8%  873K 2s
   400K .......... .......... .......... .......... ..........  9%  315M 2s
   450K .......... .......... .......... .......... .......... 10%  341M 2s
   500K .......... .......... .......... .......... .......... 12%  335M 1s
   550K .......... .......... .......... .......... .......... 13% 2.52M 1s
   600K .......... .......... .......... .......... .......... 14% 10.4M 1s
   650K .......... .......... .......... .......... .......... 15% 9.85M 1s
   700K .......... .......... .......... .......... .......... 16% 9.26M 1s
   750K .......... .......... .......... .......... .......... 17%  226M 1s
   800K .......... .......... .......... .......... .......... 18%  196M 1s
   850K .......... .......... .......... .......... .......... 19% 12.3M 1s
   900K .......... .......... .......... .......... .......... 20%  884K 1s
   950K .......... .......... .......... .......... .......... 21%  267M 1s
  1000K .......... .......... .......... .......... .......... 23%  362M 1s
  1050K .......... .......... .......... .......... .......... 24%  346M 1s
  1100K .......... .......... .......... .......... .......... 25%  358M 1s
  1150K .......... .......... .......... .......... .......... 26%  260M 1s
  1200K .......... .......... .......... .......... .......... 27% 7.83M 1s
  1250K .......... .......... .......... .......... .......... 28% 5.03M 1s
  1300K .......... .......... .......... .......... .......... 29% 6.50M 1s
  1350K .......... .......... .......... .......... .......... 30% 5.01M 1s
  1400K .......... .......... .......... .......... .......... 31% 6.83M 1s
  1450K .......... .......... .......... .......... .......... 32% 5.24M 1s
  1500K .......... .......... .......... .......... .......... 33% 6.48M 1s
  1550K .......... .......... .......... .......... .......... 35% 3.56M 1s
  1600K .......... .......... .......... .......... .......... 36% 6.96M 1s
  1650K .......... .......... .......... .......... .......... 37% 4.65M 1s
  1700K .......... .......... .......... .......... .......... 38% 6.95M 1s
  1750K .......... .......... .......... .......... .......... 39% 6.31M 1s
  1800K .......... .......... .......... .......... .......... 40% 5.40M 1s
  1850K .......... .......... .......... .......... .......... 41% 5.20M 1s
  1900K .......... .......... .......... .......... .......... 42% 5.28M 1s
  1950K .......... .......... .......... .......... .......... 43% 4.21M 1s
  2000K .......... .......... .......... .......... .......... 44% 5.18M 1s
  2050K .......... .......... .......... .......... .......... 46% 5.25M 1s
  2100K .......... .......... .......... .......... .......... 47% 6.75M 1s
  2150K .......... .......... .......... .......... .......... 48% 4.85M 0s
  2200K .......... .......... .......... .......... .......... 49% 6.49M 0s
  2250K .......... .......... .......... .......... .......... 50% 5.50M 0s
  2300K .......... .......... .......... .......... .......... 51% 5.27M 0s
  2350K .......... .......... .......... .......... .......... 52% 4.28M 0s
  2400K .......... .......... .......... .......... .......... 53% 6.20M 0s
  2450K .......... .......... .......... .......... .......... 54% 5.17M 0s
  2500K .......... .......... .......... .......... .......... 55% 7.25M 0s
  2550K .......... .......... .......... .......... .......... 56% 4.89M 0s
  2600K .......... .......... .......... .......... .......... 58% 6.75M 0s
  2650K .......... .......... .......... .......... .......... 59% 5.22M 0s
  2700K .......... .......... .......... .......... .......... 60% 5.25M 0s
  2750K .......... .......... .......... .......... .......... 61% 4.40M 0s
  2800K .......... .......... .......... .......... .......... 62% 5.52M 0s
  2850K .......... .......... .......... .......... .......... 63% 7.23M 0s
  2900K .......... .......... .......... .......... .......... 64% 5.17M 0s
  2950K .......... .......... .......... .......... .......... 65% 6.27M 0s
  3000K .......... .......... .......... .......... .......... 66% 5.02M 0s
  3050K .......... .......... .......... .......... .......... 67% 7.26M 0s
  3100K .......... .......... .......... .......... .......... 69% 4.74M 0s
  3150K .......... .......... .......... .......... .......... 70% 5.04M 0s
  3200K .......... .......... .......... .......... .......... 71% 5.28M 0s
  3250K .......... .......... .......... .......... .......... 72% 6.78M 0s
  3300K .......... .......... .......... .......... .......... 73% 5.10M 0s
  3350K .......... .......... .......... .......... .......... 74% 6.90M 0s
  3400K .......... .......... .......... .......... .......... 75% 4.79M 0s
  3450K .......... .......... .......... .......... .......... 76% 5.48M 0s
  3500K .......... .......... .......... .......... .......... 77% 6.54M 0s
  3550K .......... .......... .......... .......... .......... 78% 4.05M 0s
  3600K .......... .......... .......... .......... .......... 79% 6.24M 0s
  3650K .......... .......... .......... .......... .......... 81% 5.01M 0s
  3700K .......... .......... .......... .......... .......... 82% 6.76M 0s
  3750K .......... .......... .......... .......... .......... 83% 6.49M 0s
  3800K .......... .......... .......... .......... .......... 84% 5.14M 0s
  3850K .......... .......... .......... .......... .......... 85% 5.02M 0s
  3900K .......... .......... .......... .......... .......... 86% 6.98M 0s
  3950K .......... .......... .......... .......... .......... 87% 4.33M 0s
  4000K .......... .......... .......... .......... .......... 88% 5.36M 0s
  4050K .......... .......... .......... .......... .......... 89% 6.69M 0s
  4100K .......... .......... .......... .......... .......... 90% 5.46M 0s
  4150K .......... .......... .......... .......... .......... 92% 5.30M 0s
  4200K .......... .......... .......... .......... .......... 93% 6.54M 0s
  4250K .......... .......... .......... .......... .......... 94% 5.16M 0s
  4300K .......... .......... .......... .......... .......... 95% 6.62M 0s
  4350K .......... .......... .......... .......... .......... 96% 4.16M 0s
  4400K .......... .......... .......... .......... .......... 97% 5.07M 0s
  4450K .......... .......... .......... .......... .......... 98% 6.21M 0s
  4500K .......... .......... .......... .......... .......... 99% 5.42M 0s
  4550K .......... ....                                       100%  258M=0.9s

2025-05-11 00:22:32 (5.09 MB/s) - ‘kdiamond-25.04.1.tar.xz’ saved [4674548/4674548]

Found file: kdiamond-25.04.1.tar.xz
No checksum provided. Skipping checksum verification and proceeding...
Creating working directories and exporting source code in...
kdiamond-25.04.1/
kdiamond-25.04.1/cmake/
kdiamond-25.04.1/cmake/InternalMacros.cmake
kdiamond-25.04.1/CMakePresets.json.license
kdiamond-25.04.1/CMakePresets.json
kdiamond-25.04.1/.craft.ini
kdiamond-25.04.1/LICENSES/
kdiamond-25.04.1/LICENSES/GFDL-1.2-or-later.txt
kdiamond-25.04.1/LICENSES/BSD-3-Clause.txt
kdiamond-25.04.1/LICENSES/CC0-1.0.txt
kdiamond-25.04.1/LICENSES/GPL-2.0-or-later.txt
kdiamond-25.04.1/.gitlab-ci.yml
kdiamond-25.04.1/doc/
kdiamond-25.04.1/doc/index.docbook
kdiamond-25.04.1/doc/gameboard.png
kdiamond-25.04.1/doc/CMakeLists.txt
kdiamond-25.04.1/logo.png
kdiamond-25.04.1/snapcraft.yaml
kdiamond-25.04.1/.kde-ci.yml
kdiamond-25.04.1/.gitattributes
kdiamond-25.04.1/.flatpak-manifest.json.license
kdiamond-25.04.1/themes/
kdiamond-25.04.1/themes/diamonds.desktop
kdiamond-25.04.1/themes/default.desktop
kdiamond-25.04.1/themes/diamonds.svg
kdiamond-25.04.1/themes/egyptian.svg
kdiamond-25.04.1/themes/funny_zoo.svg
kdiamond-25.04.1/themes/funny_zoo.png
kdiamond-25.04.1/themes/egyptian_preview.png
kdiamond-25.04.1/themes/diamonds.png
kdiamond-25.04.1/themes/funny_zoo.desktop
kdiamond-25.04.1/themes/CMakeLists.txt
kdiamond-25.04.1/po/
kdiamond-25.04.1/po/bg/
kdiamond-25.04.1/po/bg/kdiamond.po
kdiamond-25.04.1/po/pt/
kdiamond-25.04.1/po/pt/docs/
kdiamond-25.04.1/po/pt/docs/kdiamond/
kdiamond-25.04.1/po/pt/docs/kdiamond/index.docbook
kdiamond-25.04.1/po/pt/kdiamond.po
kdiamond-25.04.1/po/km/
kdiamond-25.04.1/po/km/kdiamond.po
kdiamond-25.04.1/po/nn/
kdiamond-25.04.1/po/nn/kdiamond.po
kdiamond-25.04.1/po/pl/
kdiamond-25.04.1/po/pl/docs/
kdiamond-25.04.1/po/pl/docs/kdiamond/
kdiamond-25.04.1/po/pl/docs/kdiamond/index.docbook
kdiamond-25.04.1/po/pl/kdiamond.po
kdiamond-25.04.1/po/ja/
kdiamond-25.04.1/po/ja/kdiamond.po
kdiamond-25.04.1/po/bs/
kdiamond-25.04.1/po/bs/kdiamond.po
kdiamond-25.04.1/po/zh_CN/
kdiamond-25.04.1/po/zh_CN/kdiamond.po
kdiamond-25.04.1/po/cs/
kdiamond-25.04.1/po/cs/kdiamond.po
kdiamond-25.04.1/po/es/
kdiamond-25.04.1/po/es/docs/
kdiamond-25.04.1/po/es/docs/kdiamond/
kdiamond-25.04.1/po/es/docs/kdiamond/index.docbook
kdiamond-25.04.1/po/es/kdiamond.po
kdiamond-25.04.1/po/ka/
kdiamond-25.04.1/po/ka/kdiamond.po
kdiamond-25.04.1/po/is/
kdiamond-25.04.1/po/is/kdiamond.po
kdiamond-25.04.1/po/tr/
kdiamond-25.04.1/po/tr/kdiamond.po
kdiamond-25.04.1/po/ug/
kdiamond-25.04.1/po/ug/kdiamond.po
kdiamond-25.04.1/po/ca/
kdiamond-25.04.1/po/ca/docs/
kdiamond-25.04.1/po/ca/docs/kdiamond/
kdiamond-25.04.1/po/ca/docs/kdiamond/index.docbook
kdiamond-25.04.1/po/ca/kdiamond.po
kdiamond-25.04.1/po/ca@valencia/
kdiamond-25.04.1/po/ca@valencia/kdiamond.po
kdiamond-25.04.1/po/hr/
kdiamond-25.04.1/po/hr/kdiamond.po
kdiamond-25.04.1/po/gl/
kdiamond-25.04.1/po/gl/kdiamond.po
kdiamond-25.04.1/po/ro/
kdiamond-25.04.1/po/ro/kdiamond.po
kdiamond-25.04.1/po/eo/
kdiamond-25.04.1/po/eo/kdiamond.po
kdiamond-25.04.1/po/sr@ijekavian/
kdiamond-25.04.1/po/sr@ijekavian/kdiamond.po
kdiamond-25.04.1/po/nl/
kdiamond-25.04.1/po/nl/docs/
kdiamond-25.04.1/po/nl/docs/kdiamond/
kdiamond-25.04.1/po/nl/docs/kdiamond/index.docbook
kdiamond-25.04.1/po/nl/kdiamond.po
kdiamond-25.04.1/po/mr/
kdiamond-25.04.1/po/mr/kdiamond.po
kdiamond-25.04.1/po/ml/
kdiamond-25.04.1/po/ml/kdiamond.po
kdiamond-25.04.1/po/hu/
kdiamond-25.04.1/po/hu/kdiamond.po
kdiamond-25.04.1/po/eu/
kdiamond-25.04.1/po/eu/kdiamond.po
kdiamond-25.04.1/po/lv/
kdiamond-25.04.1/po/lv/kdiamond.po
kdiamond-25.04.1/po/nb/
kdiamond-25.04.1/po/nb/kdiamond.po
kdiamond-25.04.1/po/fr/
kdiamond-25.04.1/po/fr/docs/
kdiamond-25.04.1/po/fr/docs/kdiamond/
kdiamond-25.04.1/po/fr/docs/kdiamond/index.docbook
kdiamond-25.04.1/po/fr/kdiamond.po
kdiamond-25.04.1/po/hi/
kdiamond-25.04.1/po/hi/kdiamond.po
kdiamond-25.04.1/po/sl/
kdiamond-25.04.1/po/sl/docs/
kdiamond-25.04.1/po/sl/docs/kdiamond/
kdiamond-25.04.1/po/sl/docs/kdiamond/index.docbook
kdiamond-25.04.1/po/sl/kdiamond.po
kdiamond-25.04.1/po/sr@latin/
kdiamond-25.04.1/po/sr@latin/kdiamond.po
kdiamond-25.04.1/po/th/
kdiamond-25.04.1/po/th/kdiamond.po
kdiamond-25.04.1/po/sr/
kdiamond-25.04.1/po/sr/kdiamond.po
kdiamond-25.04.1/po/he/
kdiamond-25.04.1/po/he/kdiamond.po
kdiamond-25.04.1/po/de/
kdiamond-25.04.1/po/de/docs/
kdiamond-25.04.1/po/de/docs/kdiamond/
kdiamond-25.04.1/po/de/docs/kdiamond/index.docbook
kdiamond-25.04.1/po/de/kdiamond.po
kdiamond-25.04.1/po/ar/
kdiamond-25.04.1/po/ar/kdiamond.po
kdiamond-25.04.1/po/sk/
kdiamond-25.04.1/po/sk/kdiamond.po
kdiamond-25.04.1/po/zh_TW/
kdiamond-25.04.1/po/zh_TW/kdiamond.po
kdiamond-25.04.1/po/gu/
kdiamond-25.04.1/po/gu/kdiamond.po
kdiamond-25.04.1/po/et/
kdiamond-25.04.1/po/et/docs/
kdiamond-25.04.1/po/et/docs/kdiamond/
kdiamond-25.04.1/po/et/docs/kdiamond/index.docbook
kdiamond-25.04.1/po/et/kdiamond.po
kdiamond-25.04.1/po/it/
kdiamond-25.04.1/po/it/docs/
kdiamond-25.04.1/po/it/docs/kdiamond/
kdiamond-25.04.1/po/it/docs/kdiamond/index.docbook
kdiamond-25.04.1/po/it/kdiamond.po
kdiamond-25.04.1/po/mai/
kdiamond-25.04.1/po/mai/kdiamond.po
kdiamond-25.04.1/po/el/
kdiamond-25.04.1/po/el/kdiamond.po
kdiamond-25.04.1/po/da/
kdiamond-25.04.1/po/da/kdiamond.po
kdiamond-25.04.1/po/pt_BR/
kdiamond-25.04.1/po/pt_BR/docs/
kdiamond-25.04.1/po/pt_BR/docs/kdiamond/
kdiamond-25.04.1/po/pt_BR/docs/kdiamond/index.docbook
kdiamond-25.04.1/po/pt_BR/kdiamond.po
kdiamond-25.04.1/po/ru/
kdiamond-25.04.1/po/ru/kdiamond.po
kdiamond-25.04.1/po/sq/
kdiamond-25.04.1/po/sq/kdiamond.po
kdiamond-25.04.1/po/id/
kdiamond-25.04.1/po/id/kdiamond.po
kdiamond-25.04.1/po/ia/
kdiamond-25.04.1/po/ia/kdiamond.po
kdiamond-25.04.1/po/sv/
kdiamond-25.04.1/po/sv/docs/
kdiamond-25.04.1/po/sv/docs/kdiamond/
kdiamond-25.04.1/po/sv/docs/kdiamond/index.docbook
kdiamond-25.04.1/po/sv/kdiamond.po
kdiamond-25.04.1/po/fi/
kdiamond-25.04.1/po/fi/kdiamond.po
kdiamond-25.04.1/po/kk/
kdiamond-25.04.1/po/kk/kdiamond.po
kdiamond-25.04.1/po/ast/
kdiamond-25.04.1/po/ast/kdiamond.po
kdiamond-25.04.1/po/lt/
kdiamond-25.04.1/po/lt/docs/
kdiamond-25.04.1/po/lt/docs/kdiamond/
kdiamond-25.04.1/po/lt/docs/kdiamond/index.docbook
kdiamond-25.04.1/po/lt/kdiamond.po
kdiamond-25.04.1/po/sa/
kdiamond-25.04.1/po/sa/kdiamond.po
kdiamond-25.04.1/po/ko/
kdiamond-25.04.1/po/ko/kdiamond.po
kdiamond-25.04.1/po/hne/
kdiamond-25.04.1/po/hne/kdiamond.po
kdiamond-25.04.1/po/ga/
kdiamond-25.04.1/po/ga/kdiamond.po
kdiamond-25.04.1/po/en_GB/
kdiamond-25.04.1/po/en_GB/kdiamond.po
kdiamond-25.04.1/po/uk/
kdiamond-25.04.1/po/uk/docs/
kdiamond-25.04.1/po/uk/docs/kdiamond/
kdiamond-25.04.1/po/uk/docs/kdiamond/index.docbook
kdiamond-25.04.1/po/uk/docs/kdiamond/gameboard.png
kdiamond-25.04.1/po/uk/kdiamond.po
kdiamond-25.04.1/po/sr@ijekavianlatin/
kdiamond-25.04.1/po/sr@ijekavianlatin/kdiamond.po
kdiamond-25.04.1/po/nds/
kdiamond-25.04.1/po/nds/kdiamond.po
kdiamond-25.04.1/.flatpak-manifest.json
kdiamond-25.04.1/CMakeLists.txt
kdiamond-25.04.1/src/
kdiamond-25.04.1/src/game.cpp
kdiamond-25.04.1/src/diamond.h
kdiamond-25.04.1/src/org.kde.kdiamond.appdata.xml
kdiamond-25.04.1/src/board.cpp
kdiamond-25.04.1/src/pics/
kdiamond-25.04.1/src/pics/22-apps-kdiamond.png
kdiamond-25.04.1/src/pics/16-apps-kdiamond.png
kdiamond-25.04.1/src/pics/32-apps-kdiamond.png
kdiamond-25.04.1/src/pics/48-apps-kdiamond.png
kdiamond-25.04.1/src/pics/128-apps-kdiamond.png
kdiamond-25.04.1/src/pics/64-apps-kdiamond.png
kdiamond-25.04.1/src/pics/hisc-app-kdiamond.svgz
kdiamond-25.04.1/src/pics/CMakeLists.txt
kdiamond-25.04.1/src/Messages.sh
kdiamond-25.04.1/src/view.h
kdiamond-25.04.1/src/kdiamond.knsrc
kdiamond-25.04.1/src/mainwindow.h
kdiamond-25.04.1/src/settings.kcfgc
kdiamond-25.04.1/src/kdiamond.qrc
kdiamond-25.04.1/src/game.h
kdiamond-25.04.1/src/board.h
kdiamond-25.04.1/src/org.kde.kdiamond.desktop
kdiamond-25.04.1/src/kdiamond.kcfg
kdiamond-25.04.1/src/diamond.cpp
kdiamond-25.04.1/src/mainwindow.cpp
kdiamond-25.04.1/src/kdiamond.notifyrc
kdiamond-25.04.1/src/main.cpp
kdiamond-25.04.1/src/game-state.cpp
kdiamond-25.04.1/src/CMakeLists.txt
kdiamond-25.04.1/src/infobar.h
kdiamond-25.04.1/src/kdiamondui.rc
kdiamond-25.04.1/src/infobar.cpp
kdiamond-25.04.1/src/game-state.h
kdiamond-25.04.1/src/view.cpp
kdiamond-25.04.1/.gitignore
kdiamond-25.04.1/sounds/
kdiamond-25.04.1/sounds/KDiamond-Stone-Touch.ogg
kdiamond-25.04.1/sounds/CMakeLists.txt
kdiamond-25.04.1/sounds/KDiamond-Stone-Swap.ogg
kdiamond-25.04.1/sounds/KDiamond-Stone-Drop.ogg
/home/omen/GITHUB/PLASMA_WORLD/AthOS/REPO-AthOS/kdiamond/work
README or README.md already exists, skipping creation.
hm...lets continue and see what happens
-- The C compiler identification is GNU 14.2.0
-- The CXX compiler identification is GNU 14.2.0
-- Detecting C compiler ABI info
-- Detecting C compiler ABI info - done
-- Check for working C compiler: /usr/bin/cc - skipped
-- Detecting C compile features
-- Detecting C compile features - done
-- Detecting CXX compiler ABI info
-- Detecting CXX compiler ABI info - done
-- Check for working CXX compiler: /usr/bin/c++ - skipped
-- Detecting CXX compile features
-- Detecting CXX compile features - done
-- Installing in the same prefix as Qt, adopting their path scheme.
-- Looking for __GLIBC__
-- Looking for __GLIBC__ - found
-- Performing Test _OFFT_IS_64BIT
-- Performing Test _OFFT_IS_64BIT - Success
-- Performing Test HAVE_DATE_TIME
-- Performing Test HAVE_DATE_TIME - Success
-- Could NOT find 7Zip (missing: 7Zip_EXECUTABLE) 
-- Found gzip: /usr/bin/gzip
-- Performing Test HAVE_STDATOMIC
-- Performing Test HAVE_STDATOMIC - Success
-- Found WrapAtomic: TRUE
-- Found OpenGL: /usr/lib64/libOpenGL.so
-- Found WrapOpenGL: TRUE
-- Found XKB: /usr/lib64/libxkbcommon.so (found suitable version "1.9.2", minimum required is "0.5.0")
-- Found WrapVulkanHeaders: /usr/include
-- Found KF6CoreAddons: /usr/lib64/cmake/KF6CoreAddons/KF6CoreAddonsConfig.cmake (found version "6.14.0")
-- Found KF6Config: /usr/lib64/cmake/KF6Config/KF6ConfigConfig.cmake (found version "6.14.0")
-- Found KF6Crash: /usr/lib64/cmake/KF6Crash/KF6CrashConfig.cmake (found version "6.14.0")
-- Found KF6DBusAddons: /usr/lib64/cmake/KF6DBusAddons/KF6DBusAddonsConfig.cmake (found version "6.14.0")
-- Found KF6WidgetsAddons: /usr/lib64/cmake/KF6WidgetsAddons/KF6WidgetsAddonsConfig.cmake (found version "6.14.0")
-- Found Gettext: /usr/bin/msgmerge (found version "0.25")
-- Found KF6I18n: /usr/lib64/cmake/KF6I18n/KF6I18nConfig.cmake (found version "6.14.0")
-- Found KF6ConfigWidgets: /usr/lib64/cmake/KF6ConfigWidgets/KF6ConfigWidgetsConfig.cmake (found version "6.14.0")
-- Found KF6XmlGui: /usr/lib64/cmake/KF6XmlGui/KF6XmlGuiConfig.cmake (found version "6.14.0")
-- Found KF6Notifications: /usr/lib/cmake/KF6Notifications/KF6NotificationsConfig.cmake (found version "6.14.0")
-- Found KF6NotifyConfig: /usr/lib64/cmake/KF6NotifyConfig/KF6NotifyConfigConfig.cmake (found version "6.14.0")
-- Found KF6IconThemes: /usr/lib64/cmake/KF6IconThemes/KF6IconThemesConfig.cmake (found version "6.14.0")
-- Found KF6: success (found suitable version "6.14.0", minimum required is "6.0.0") found components: CoreAddons Config Crash DBusAddons WidgetsAddons Config I18n ConfigWidgets XmlGui Notifications NotifyConfig IconThemes
-- The following OPTIONAL packages have been found:

 * OpenGL
 * XKB (required version >= 0.5.0), XKB API common to servers and clients., <http://xkbcommon.org>
 * WrapVulkanHeaders
 * KF6DocTools (required version >= 6.0.0), Tools to generate documentation
 * Qt6DBusTools (required version >= 6.8.3)
 * Qt6QmlTools (required version >= 6.8.3)
 * Qt6CoreTools (required version >= 6.8.3)
 * Qt6GuiTools (required version >= 6.8.3)
 * Qt6WidgetsTools (required version >= 6.8.3)

-- The following REQUIRED packages have been found:

 * ECM (required version >= 6.0.0)
 * gzip, Data compression program for the gzip format, <https://www.gnu.org/software/gzip>
   For installing SVG files as SVGZ (less efficient fallback for 7Zip)
 * Qt6 (required version >= 6.5.0)
 * KF6CoreAddons (required version >= 6.0.0)
 * KF6Crash (required version >= 6.0.0)
 * KF6DBusAddons (required version >= 6.0.0)
 * Gettext
 * KF6I18n (required version >= 6.0.0)
 * KF6XmlGui (required version >= 6.0.0)
 * KF6Notifications (required version >= 6.0.0)
 * KF6NotifyConfig (required version >= 6.0.0)
 * KF6IconThemes (required version >= 6.0.0)
 * KF6 (required version >= 6.0.0)
 * Qt6Widgets (required version >= 6.7.0)
 * KDEGames6 (required version >= 6.0.0)

-- The following OPTIONAL packages have not been found:

 * 7Zip, Data (de)compression program, <https://www.7-zip.org/>
   For installing SVG files as SVGZ

-- Configuring done (1.4s)
-- Generating done (0.0s)
-- Build files have been written to: /home/omen/GITHUB/PLASMA_WORLD/AthOS/REPO-AthOS/kdiamond/work/kdiamond-25.04.1/build
[1/35] Generating ts...
[2/35] Gzipping diamonds.svg
[3/35] Gzipping egyptian.svg
[4/35] Generating mo...
[5/35] Generating po/es/docs/kdiamond/index.cache.bz2
[6/35] Generating po/ca/docs/kdiamond/index.cache.bz2
[7/35] Generating po/pt/docs/kdiamond/index.cache.bz2
[8/35] Generating po/fr/docs/kdiamond/index.cache.bz2
[9/35] Generating po/de/docs/kdiamond/index.cache.bz2
[10/35] Generating po/pt_BR/docs/kdiamond/index.cache.bz2
I/O warning : failed to load "/usr/share/kf6/kdoctools/customization/xsl/pt-BR.xml": No such file or directory
No "pt_br" localization of "footer-doc-comment" exists; using "en".
No "pt_br" localization of "footer-doc-feedback" exists; using "en".
No "pt_br" localization of "footer-doc-teamname" exists; using "en".
No "pt_br" localization of "footer-doc-comment" exists; using "en".
No "pt_br" localization of "footer-doc-feedback" exists; using "en".
No "pt_br" localization of "footer-doc-teamname" exists; using "en".
No "pt_br" localization of "footer-doc-comment" exists; using "en".
No "pt_br" localization of "footer-doc-feedback" exists; using "en".
No "pt_br" localization of "footer-doc-teamname" exists; using "en".
No "pt_br" localization of "footer-doc-comment" exists; using "en".
No "pt_br" localization of "footer-doc-feedback" exists; using "en".
No "pt_br" localization of "footer-doc-teamname" exists; using "en".
No "pt_br" localization of "footer-doc-comment" exists; using "en".
No "pt_br" localization of "footer-doc-feedback" exists; using "en".
No "pt_br" localization of "footer-doc-teamname" exists; using "en".
No "pt_br" localization of "footer-doc-comment" exists; using "en".
No "pt_br" localization of "footer-doc-feedback" exists; using "en".
No "pt_br" localization of "footer-doc-teamname" exists; using "en".
No "pt_br" localization of "footer-doc-comment" exists; using "en".
No "pt_br" localization of "footer-doc-feedback" exists; using "en".
No "pt_br" localization of "footer-doc-teamname" exists; using "en".
[11/35] Generating index.cache.bz2
[12/35] Generating po/it/docs/kdiamond/index.cache.bz2
[13/35] Generating po/uk/docs/kdiamond/index.cache.bz2
[14/35] Generating po/sv/docs/kdiamond/index.cache.bz2
[15/35] Generating po/lt/docs/kdiamond/index.cache.bz2
[16/35] Generating po/et/docs/kdiamond/index.cache.bz2
[17/35] Generating po/sl/docs/kdiamond/index.cache.bz2
[18/35] Generating po/pl/docs/kdiamond/index.cache.bz2
[19/35] Gzipping funny_zoo.svg
[20/35] Generating po/nl/docs/kdiamond/index.cache.bz2
[21/35] Automatic MOC for target kdiamond
[22/35] Generating settings.h, settings.cpp
[23/35] Automatic RCC for kdiamond.qrc
[24/35] Building CXX object src/CMakeFiles/kdiamond.dir/kdiamond_autogen/mocs_compilation.cpp.o
[25/35] Building CXX object src/CMakeFiles/kdiamond.dir/kdiamond_autogen/EWIEGA46WW/qrc_kdiamond.cpp.o
[26/35] Building CXX object src/CMakeFiles/kdiamond.dir/diamond.cpp.o
[27/35] Building CXX object src/CMakeFiles/kdiamond.dir/view.cpp.o
[28/35] Building CXX object src/CMakeFiles/kdiamond.dir/infobar.cpp.o
[29/35] Building CXX object src/CMakeFiles/kdiamond.dir/game-state.cpp.o
[30/35] Building CXX object src/CMakeFiles/kdiamond.dir/board.cpp.o
[31/35] Building CXX object src/CMakeFiles/kdiamond.dir/settings.cpp.o
[32/35] Building CXX object src/CMakeFiles/kdiamond.dir/mainwindow.cpp.o
[33/35] Building CXX object src/CMakeFiles/kdiamond.dir/game.cpp.o
[34/35] Building CXX object src/CMakeFiles/kdiamond.dir/main.cpp.o
[35/35] Linking CXX executable bin/kdiamond
-- Install configuration: "RelWithDebInfo"
-- Installing: /home/omen/GITHUB/PLASMA_WORLD/AthOS/REPO-AthOS/kdiamond/package-kdiamond/usr/share/icons/hicolor/128x128/apps/kdiamond.png
-- Installing: /home/omen/GITHUB/PLASMA_WORLD/AthOS/REPO-AthOS/kdiamond/package-kdiamond/usr/share/icons/hicolor/16x16/apps/kdiamond.png
-- Installing: /home/omen/GITHUB/PLASMA_WORLD/AthOS/REPO-AthOS/kdiamond/package-kdiamond/usr/share/icons/hicolor/22x22/apps/kdiamond.png
-- Installing: /home/omen/GITHUB/PLASMA_WORLD/AthOS/REPO-AthOS/kdiamond/package-kdiamond/usr/share/icons/hicolor/32x32/apps/kdiamond.png
-- Installing: /home/omen/GITHUB/PLASMA_WORLD/AthOS/REPO-AthOS/kdiamond/package-kdiamond/usr/share/icons/hicolor/48x48/apps/kdiamond.png
-- Installing: /home/omen/GITHUB/PLASMA_WORLD/AthOS/REPO-AthOS/kdiamond/package-kdiamond/usr/share/icons/hicolor/64x64/apps/kdiamond.png
-- Installing: /home/omen/GITHUB/PLASMA_WORLD/AthOS/REPO-AthOS/kdiamond/package-kdiamond/usr/bin/kdiamond
-- Installing: /home/omen/GITHUB/PLASMA_WORLD/AthOS/REPO-AthOS/kdiamond/package-kdiamond/usr/share/knsrcfiles/kdiamond.knsrc
-- Installing: /home/omen/GITHUB/PLASMA_WORLD/AthOS/REPO-AthOS/kdiamond/package-kdiamond/usr/share/applications/org.kde.kdiamond.desktop
-- Installing: /home/omen/GITHUB/PLASMA_WORLD/AthOS/REPO-AthOS/kdiamond/package-kdiamond/usr/share/metainfo/org.kde.kdiamond.appdata.xml
-- Installing: /home/omen/GITHUB/PLASMA_WORLD/AthOS/REPO-AthOS/kdiamond/package-kdiamond/usr/share/kdiamond/kdiamond.kcfg
-- Installing: /home/omen/GITHUB/PLASMA_WORLD/AthOS/REPO-AthOS/kdiamond/package-kdiamond/usr/share/knotifications6/kdiamond.notifyrc
-- Installing: /home/omen/GITHUB/PLASMA_WORLD/AthOS/REPO-AthOS/kdiamond/package-kdiamond/usr/share/sounds/KDiamond-Stone-Drop.ogg
-- Installing: /home/omen/GITHUB/PLASMA_WORLD/AthOS/REPO-AthOS/kdiamond/package-kdiamond/usr/share/sounds/KDiamond-Stone-Swap.ogg
-- Installing: /home/omen/GITHUB/PLASMA_WORLD/AthOS/REPO-AthOS/kdiamond/package-kdiamond/usr/share/sounds/KDiamond-Stone-Touch.ogg
-- Installing: /home/omen/GITHUB/PLASMA_WORLD/AthOS/REPO-AthOS/kdiamond/package-kdiamond/usr/share/kdiamond/themes/diamonds.desktop
-- Installing: /home/omen/GITHUB/PLASMA_WORLD/AthOS/REPO-AthOS/kdiamond/package-kdiamond/usr/share/kdiamond/themes/diamonds.png
-- Installing: /home/omen/GITHUB/PLASMA_WORLD/AthOS/REPO-AthOS/kdiamond/package-kdiamond/usr/share/kdiamond/themes/diamonds.svgz
-- Installing: /home/omen/GITHUB/PLASMA_WORLD/AthOS/REPO-AthOS/kdiamond/package-kdiamond/usr/share/kdiamond/themes/funny_zoo.desktop
-- Installing: /home/omen/GITHUB/PLASMA_WORLD/AthOS/REPO-AthOS/kdiamond/package-kdiamond/usr/share/kdiamond/themes/funny_zoo.png
-- Installing: /home/omen/GITHUB/PLASMA_WORLD/AthOS/REPO-AthOS/kdiamond/package-kdiamond/usr/share/kdiamond/themes/funny_zoo.svgz
-- Installing: /home/omen/GITHUB/PLASMA_WORLD/AthOS/REPO-AthOS/kdiamond/package-kdiamond/usr/share/kdiamond/themes/default.desktop
-- Installing: /home/omen/GITHUB/PLASMA_WORLD/AthOS/REPO-AthOS/kdiamond/package-kdiamond/usr/share/kdiamond/themes/egyptian_preview.png
-- Installing: /home/omen/GITHUB/PLASMA_WORLD/AthOS/REPO-AthOS/kdiamond/package-kdiamond/usr/share/kdiamond/themes/egyptian.svgz
-- Installing: /home/omen/GITHUB/PLASMA_WORLD/AthOS/REPO-AthOS/kdiamond/package-kdiamond/usr/share/locale
-- Installing: /home/omen/GITHUB/PLASMA_WORLD/AthOS/REPO-AthOS/kdiamond/package-kdiamond/usr/share/locale/da
-- Installing: /home/omen/GITHUB/PLASMA_WORLD/AthOS/REPO-AthOS/kdiamond/package-kdiamond/usr/share/locale/da/LC_MESSAGES
-- Installing: /home/omen/GITHUB/PLASMA_WORLD/AthOS/REPO-AthOS/kdiamond/package-kdiamond/usr/share/locale/da/LC_MESSAGES/kdiamond.mo
-- Installing: /home/omen/GITHUB/PLASMA_WORLD/AthOS/REPO-AthOS/kdiamond/package-kdiamond/usr/share/locale/cs
-- Installing: /home/omen/GITHUB/PLASMA_WORLD/AthOS/REPO-AthOS/kdiamond/package-kdiamond/usr/share/locale/cs/LC_MESSAGES
-- Installing: /home/omen/GITHUB/PLASMA_WORLD/AthOS/REPO-AthOS/kdiamond/package-kdiamond/usr/share/locale/cs/LC_MESSAGES/kdiamond.mo
-- Installing: /home/omen/GITHUB/PLASMA_WORLD/AthOS/REPO-AthOS/kdiamond/package-kdiamond/usr/share/locale/ja
-- Installing: /home/omen/GITHUB/PLASMA_WORLD/AthOS/REPO-AthOS/kdiamond/package-kdiamond/usr/share/locale/ja/LC_MESSAGES
-- Installing: /home/omen/GITHUB/PLASMA_WORLD/AthOS/REPO-AthOS/kdiamond/package-kdiamond/usr/share/locale/ja/LC_MESSAGES/kdiamond.mo
-- Installing: /home/omen/GITHUB/PLASMA_WORLD/AthOS/REPO-AthOS/kdiamond/package-kdiamond/usr/share/locale/sr@ijekavian
-- Installing: /home/omen/GITHUB/PLASMA_WORLD/AthOS/REPO-AthOS/kdiamond/package-kdiamond/usr/share/locale/sr@ijekavian/LC_MESSAGES
-- Installing: /home/omen/GITHUB/PLASMA_WORLD/AthOS/REPO-AthOS/kdiamond/package-kdiamond/usr/share/locale/sr@ijekavian/LC_MESSAGES/kdiamond.mo
-- Installing: /home/omen/GITHUB/PLASMA_WORLD/AthOS/REPO-AthOS/kdiamond/package-kdiamond/usr/share/locale/de
-- Installing: /home/omen/GITHUB/PLASMA_WORLD/AthOS/REPO-AthOS/kdiamond/package-kdiamond/usr/share/locale/de/LC_MESSAGES
-- Installing: /home/omen/GITHUB/PLASMA_WORLD/AthOS/REPO-AthOS/kdiamond/package-kdiamond/usr/share/locale/de/LC_MESSAGES/kdiamond.mo
-- Installing: /home/omen/GITHUB/PLASMA_WORLD/AthOS/REPO-AthOS/kdiamond/package-kdiamond/usr/share/locale/el
-- Installing: /home/omen/GITHUB/PLASMA_WORLD/AthOS/REPO-AthOS/kdiamond/package-kdiamond/usr/share/locale/el/LC_MESSAGES
-- Installing: /home/omen/GITHUB/PLASMA_WORLD/AthOS/REPO-AthOS/kdiamond/package-kdiamond/usr/share/locale/el/LC_MESSAGES/kdiamond.mo
-- Installing: /home/omen/GITHUB/PLASMA_WORLD/AthOS/REPO-AthOS/kdiamond/package-kdiamond/usr/share/locale/nn
-- Installing: /home/omen/GITHUB/PLASMA_WORLD/AthOS/REPO-AthOS/kdiamond/package-kdiamond/usr/share/locale/nn/LC_MESSAGES
-- Installing: /home/omen/GITHUB/PLASMA_WORLD/AthOS/REPO-AthOS/kdiamond/package-kdiamond/usr/share/locale/nn/LC_MESSAGES/kdiamond.mo
-- Installing: /home/omen/GITHUB/PLASMA_WORLD/AthOS/REPO-AthOS/kdiamond/package-kdiamond/usr/share/locale/sr
-- Installing: /home/omen/GITHUB/PLASMA_WORLD/AthOS/REPO-AthOS/kdiamond/package-kdiamond/usr/share/locale/sr/LC_MESSAGES
-- Installing: /home/omen/GITHUB/PLASMA_WORLD/AthOS/REPO-AthOS/kdiamond/package-kdiamond/usr/share/locale/sr/LC_MESSAGES/kdiamond.mo
-- Installing: /home/omen/GITHUB/PLASMA_WORLD/AthOS/REPO-AthOS/kdiamond/package-kdiamond/usr/share/locale/hi
-- Installing: /home/omen/GITHUB/PLASMA_WORLD/AthOS/REPO-AthOS/kdiamond/package-kdiamond/usr/share/locale/hi/LC_MESSAGES
-- Installing: /home/omen/GITHUB/PLASMA_WORLD/AthOS/REPO-AthOS/kdiamond/package-kdiamond/usr/share/locale/hi/LC_MESSAGES/kdiamond.mo
-- Installing: /home/omen/GITHUB/PLASMA_WORLD/AthOS/REPO-AthOS/kdiamond/package-kdiamond/usr/share/locale/pt_BR
-- Installing: /home/omen/GITHUB/PLASMA_WORLD/AthOS/REPO-AthOS/kdiamond/package-kdiamond/usr/share/locale/pt_BR/LC_MESSAGES
-- Installing: /home/omen/GITHUB/PLASMA_WORLD/AthOS/REPO-AthOS/kdiamond/package-kdiamond/usr/share/locale/pt_BR/LC_MESSAGES/kdiamond.mo
-- Installing: /home/omen/GITHUB/PLASMA_WORLD/AthOS/REPO-AthOS/kdiamond/package-kdiamond/usr/share/locale/lt
-- Installing: /home/omen/GITHUB/PLASMA_WORLD/AthOS/REPO-AthOS/kdiamond/package-kdiamond/usr/share/locale/lt/LC_MESSAGES
-- Installing: /home/omen/GITHUB/PLASMA_WORLD/AthOS/REPO-AthOS/kdiamond/package-kdiamond/usr/share/locale/lt/LC_MESSAGES/kdiamond.mo
-- Installing: /home/omen/GITHUB/PLASMA_WORLD/AthOS/REPO-AthOS/kdiamond/package-kdiamond/usr/share/locale/sr@ijekavianlatin
-- Installing: /home/omen/GITHUB/PLASMA_WORLD/AthOS/REPO-AthOS/kdiamond/package-kdiamond/usr/share/locale/sr@ijekavianlatin/LC_MESSAGES
-- Installing: /home/omen/GITHUB/PLASMA_WORLD/AthOS/REPO-AthOS/kdiamond/package-kdiamond/usr/share/locale/sr@ijekavianlatin/LC_MESSAGES/kdiamond.mo
-- Installing: /home/omen/GITHUB/PLASMA_WORLD/AthOS/REPO-AthOS/kdiamond/package-kdiamond/usr/share/locale/sl
-- Installing: /home/omen/GITHUB/PLASMA_WORLD/AthOS/REPO-AthOS/kdiamond/package-kdiamond/usr/share/locale/sl/LC_MESSAGES
-- Installing: /home/omen/GITHUB/PLASMA_WORLD/AthOS/REPO-AthOS/kdiamond/package-kdiamond/usr/share/locale/sl/LC_MESSAGES/kdiamond.mo
-- Installing: /home/omen/GITHUB/PLASMA_WORLD/AthOS/REPO-AthOS/kdiamond/package-kdiamond/usr/share/locale/gu
-- Installing: /home/omen/GITHUB/PLASMA_WORLD/AthOS/REPO-AthOS/kdiamond/package-kdiamond/usr/share/locale/gu/LC_MESSAGES
-- Installing: /home/omen/GITHUB/PLASMA_WORLD/AthOS/REPO-AthOS/kdiamond/package-kdiamond/usr/share/locale/gu/LC_MESSAGES/kdiamond.mo
-- Installing: /home/omen/GITHUB/PLASMA_WORLD/AthOS/REPO-AthOS/kdiamond/package-kdiamond/usr/share/locale/ro
-- Installing: /home/omen/GITHUB/PLASMA_WORLD/AthOS/REPO-AthOS/kdiamond/package-kdiamond/usr/share/locale/ro/LC_MESSAGES
-- Installing: /home/omen/GITHUB/PLASMA_WORLD/AthOS/REPO-AthOS/kdiamond/package-kdiamond/usr/share/locale/ro/LC_MESSAGES/kdiamond.mo
-- Installing: /home/omen/GITHUB/PLASMA_WORLD/AthOS/REPO-AthOS/kdiamond/package-kdiamond/usr/share/locale/bs
-- Installing: /home/omen/GITHUB/PLASMA_WORLD/AthOS/REPO-AthOS/kdiamond/package-kdiamond/usr/share/locale/bs/LC_MESSAGES
-- Installing: /home/omen/GITHUB/PLASMA_WORLD/AthOS/REPO-AthOS/kdiamond/package-kdiamond/usr/share/locale/bs/LC_MESSAGES/kdiamond.mo
-- Installing: /home/omen/GITHUB/PLASMA_WORLD/AthOS/REPO-AthOS/kdiamond/package-kdiamond/usr/share/locale/is
-- Installing: /home/omen/GITHUB/PLASMA_WORLD/AthOS/REPO-AthOS/kdiamond/package-kdiamond/usr/share/locale/is/LC_MESSAGES
-- Installing: /home/omen/GITHUB/PLASMA_WORLD/AthOS/REPO-AthOS/kdiamond/package-kdiamond/usr/share/locale/is/LC_MESSAGES/kdiamond.mo
-- Installing: /home/omen/GITHUB/PLASMA_WORLD/AthOS/REPO-AthOS/kdiamond/package-kdiamond/usr/share/locale/kk
-- Installing: /home/omen/GITHUB/PLASMA_WORLD/AthOS/REPO-AthOS/kdiamond/package-kdiamond/usr/share/locale/kk/LC_MESSAGES
-- Installing: /home/omen/GITHUB/PLASMA_WORLD/AthOS/REPO-AthOS/kdiamond/package-kdiamond/usr/share/locale/kk/LC_MESSAGES/kdiamond.mo
-- Installing: /home/omen/GITHUB/PLASMA_WORLD/AthOS/REPO-AthOS/kdiamond/package-kdiamond/usr/share/locale/sr@latin
-- Installing: /home/omen/GITHUB/PLASMA_WORLD/AthOS/REPO-AthOS/kdiamond/package-kdiamond/usr/share/locale/sr@latin/LC_MESSAGES
-- Installing: /home/omen/GITHUB/PLASMA_WORLD/AthOS/REPO-AthOS/kdiamond/package-kdiamond/usr/share/locale/sr@latin/LC_MESSAGES/kdiamond.mo
-- Installing: /home/omen/GITHUB/PLASMA_WORLD/AthOS/REPO-AthOS/kdiamond/package-kdiamond/usr/share/locale/he
-- Installing: /home/omen/GITHUB/PLASMA_WORLD/AthOS/REPO-AthOS/kdiamond/package-kdiamond/usr/share/locale/he/LC_MESSAGES
-- Installing: /home/omen/GITHUB/PLASMA_WORLD/AthOS/REPO-AthOS/kdiamond/package-kdiamond/usr/share/locale/he/LC_MESSAGES/kdiamond.mo
-- Installing: /home/omen/GITHUB/PLASMA_WORLD/AthOS/REPO-AthOS/kdiamond/package-kdiamond/usr/share/locale/zh_TW
-- Installing: /home/omen/GITHUB/PLASMA_WORLD/AthOS/REPO-AthOS/kdiamond/package-kdiamond/usr/share/locale/zh_TW/LC_MESSAGES
-- Installing: /home/omen/GITHUB/PLASMA_WORLD/AthOS/REPO-AthOS/kdiamond/package-kdiamond/usr/share/locale/zh_TW/LC_MESSAGES/kdiamond.mo
-- Installing: /home/omen/GITHUB/PLASMA_WORLD/AthOS/REPO-AthOS/kdiamond/package-kdiamond/usr/share/locale/pl
-- Installing: /home/omen/GITHUB/PLASMA_WORLD/AthOS/REPO-AthOS/kdiamond/package-kdiamond/usr/share/locale/pl/LC_MESSAGES
-- Installing: /home/omen/GITHUB/PLASMA_WORLD/AthOS/REPO-AthOS/kdiamond/package-kdiamond/usr/share/locale/pl/LC_MESSAGES/kdiamond.mo
-- Installing: /home/omen/GITHUB/PLASMA_WORLD/AthOS/REPO-AthOS/kdiamond/package-kdiamond/usr/share/locale/km
-- Installing: /home/omen/GITHUB/PLASMA_WORLD/AthOS/REPO-AthOS/kdiamond/package-kdiamond/usr/share/locale/km/LC_MESSAGES
-- Installing: /home/omen/GITHUB/PLASMA_WORLD/AthOS/REPO-AthOS/kdiamond/package-kdiamond/usr/share/locale/km/LC_MESSAGES/kdiamond.mo
-- Installing: /home/omen/GITHUB/PLASMA_WORLD/AthOS/REPO-AthOS/kdiamond/package-kdiamond/usr/share/locale/pt
-- Installing: /home/omen/GITHUB/PLASMA_WORLD/AthOS/REPO-AthOS/kdiamond/package-kdiamond/usr/share/locale/pt/LC_MESSAGES
-- Installing: /home/omen/GITHUB/PLASMA_WORLD/AthOS/REPO-AthOS/kdiamond/package-kdiamond/usr/share/locale/pt/LC_MESSAGES/kdiamond.mo
-- Installing: /home/omen/GITHUB/PLASMA_WORLD/AthOS/REPO-AthOS/kdiamond/package-kdiamond/usr/share/locale/hr
-- Installing: /home/omen/GITHUB/PLASMA_WORLD/AthOS/REPO-AthOS/kdiamond/package-kdiamond/usr/share/locale/hr/LC_MESSAGES
-- Installing: /home/omen/GITHUB/PLASMA_WORLD/AthOS/REPO-AthOS/kdiamond/package-kdiamond/usr/share/locale/hr/LC_MESSAGES/kdiamond.mo
-- Installing: /home/omen/GITHUB/PLASMA_WORLD/AthOS/REPO-AthOS/kdiamond/package-kdiamond/usr/share/locale/tr
-- Installing: /home/omen/GITHUB/PLASMA_WORLD/AthOS/REPO-AthOS/kdiamond/package-kdiamond/usr/share/locale/tr/LC_MESSAGES
-- Installing: /home/omen/GITHUB/PLASMA_WORLD/AthOS/REPO-AthOS/kdiamond/package-kdiamond/usr/share/locale/tr/LC_MESSAGES/kdiamond.mo
-- Installing: /home/omen/GITHUB/PLASMA_WORLD/AthOS/REPO-AthOS/kdiamond/package-kdiamond/usr/share/locale/fr
-- Installing: /home/omen/GITHUB/PLASMA_WORLD/AthOS/REPO-AthOS/kdiamond/package-kdiamond/usr/share/locale/fr/LC_MESSAGES
-- Installing: /home/omen/GITHUB/PLASMA_WORLD/AthOS/REPO-AthOS/kdiamond/package-kdiamond/usr/share/locale/fr/LC_MESSAGES/kdiamond.mo
-- Installing: /home/omen/GITHUB/PLASMA_WORLD/AthOS/REPO-AthOS/kdiamond/package-kdiamond/usr/share/locale/ast
-- Installing: /home/omen/GITHUB/PLASMA_WORLD/AthOS/REPO-AthOS/kdiamond/package-kdiamond/usr/share/locale/ast/LC_MESSAGES
-- Installing: /home/omen/GITHUB/PLASMA_WORLD/AthOS/REPO-AthOS/kdiamond/package-kdiamond/usr/share/locale/ast/LC_MESSAGES/kdiamond.mo
-- Installing: /home/omen/GITHUB/PLASMA_WORLD/AthOS/REPO-AthOS/kdiamond/package-kdiamond/usr/share/locale/mai
-- Installing: /home/omen/GITHUB/PLASMA_WORLD/AthOS/REPO-AthOS/kdiamond/package-kdiamond/usr/share/locale/mai/LC_MESSAGES
-- Installing: /home/omen/GITHUB/PLASMA_WORLD/AthOS/REPO-AthOS/kdiamond/package-kdiamond/usr/share/locale/mai/LC_MESSAGES/kdiamond.mo
-- Installing: /home/omen/GITHUB/PLASMA_WORLD/AthOS/REPO-AthOS/kdiamond/package-kdiamond/usr/share/locale/ka
-- Installing: /home/omen/GITHUB/PLASMA_WORLD/AthOS/REPO-AthOS/kdiamond/package-kdiamond/usr/share/locale/ka/LC_MESSAGES
-- Installing: /home/omen/GITHUB/PLASMA_WORLD/AthOS/REPO-AthOS/kdiamond/package-kdiamond/usr/share/locale/ka/LC_MESSAGES/kdiamond.mo
-- Installing: /home/omen/GITHUB/PLASMA_WORLD/AthOS/REPO-AthOS/kdiamond/package-kdiamond/usr/share/locale/th
-- Installing: /home/omen/GITHUB/PLASMA_WORLD/AthOS/REPO-AthOS/kdiamond/package-kdiamond/usr/share/locale/th/LC_MESSAGES
-- Installing: /home/omen/GITHUB/PLASMA_WORLD/AthOS/REPO-AthOS/kdiamond/package-kdiamond/usr/share/locale/th/LC_MESSAGES/kdiamond.mo
-- Installing: /home/omen/GITHUB/PLASMA_WORLD/AthOS/REPO-AthOS/kdiamond/package-kdiamond/usr/share/locale/gl
-- Installing: /home/omen/GITHUB/PLASMA_WORLD/AthOS/REPO-AthOS/kdiamond/package-kdiamond/usr/share/locale/gl/LC_MESSAGES
-- Installing: /home/omen/GITHUB/PLASMA_WORLD/AthOS/REPO-AthOS/kdiamond/package-kdiamond/usr/share/locale/gl/LC_MESSAGES/kdiamond.mo
-- Installing: /home/omen/GITHUB/PLASMA_WORLD/AthOS/REPO-AthOS/kdiamond/package-kdiamond/usr/share/locale/ia
-- Installing: /home/omen/GITHUB/PLASMA_WORLD/AthOS/REPO-AthOS/kdiamond/package-kdiamond/usr/share/locale/ia/LC_MESSAGES
-- Installing: /home/omen/GITHUB/PLASMA_WORLD/AthOS/REPO-AthOS/kdiamond/package-kdiamond/usr/share/locale/ia/LC_MESSAGES/kdiamond.mo
-- Installing: /home/omen/GITHUB/PLASMA_WORLD/AthOS/REPO-AthOS/kdiamond/package-kdiamond/usr/share/locale/hu
-- Installing: /home/omen/GITHUB/PLASMA_WORLD/AthOS/REPO-AthOS/kdiamond/package-kdiamond/usr/share/locale/hu/LC_MESSAGES
-- Installing: /home/omen/GITHUB/PLASMA_WORLD/AthOS/REPO-AthOS/kdiamond/package-kdiamond/usr/share/locale/hu/LC_MESSAGES/kdiamond.mo
-- Installing: /home/omen/GITHUB/PLASMA_WORLD/AthOS/REPO-AthOS/kdiamond/package-kdiamond/usr/share/locale/eo
-- Installing: /home/omen/GITHUB/PLASMA_WORLD/AthOS/REPO-AthOS/kdiamond/package-kdiamond/usr/share/locale/eo/LC_MESSAGES
-- Installing: /home/omen/GITHUB/PLASMA_WORLD/AthOS/REPO-AthOS/kdiamond/package-kdiamond/usr/share/locale/eo/LC_MESSAGES/kdiamond.mo
-- Installing: /home/omen/GITHUB/PLASMA_WORLD/AthOS/REPO-AthOS/kdiamond/package-kdiamond/usr/share/locale/bg
-- Installing: /home/omen/GITHUB/PLASMA_WORLD/AthOS/REPO-AthOS/kdiamond/package-kdiamond/usr/share/locale/bg/LC_MESSAGES
-- Installing: /home/omen/GITHUB/PLASMA_WORLD/AthOS/REPO-AthOS/kdiamond/package-kdiamond/usr/share/locale/bg/LC_MESSAGES/kdiamond.mo
-- Installing: /home/omen/GITHUB/PLASMA_WORLD/AthOS/REPO-AthOS/kdiamond/package-kdiamond/usr/share/locale/ga
-- Installing: /home/omen/GITHUB/PLASMA_WORLD/AthOS/REPO-AthOS/kdiamond/package-kdiamond/usr/share/locale/ga/LC_MESSAGES
-- Installing: /home/omen/GITHUB/PLASMA_WORLD/AthOS/REPO-AthOS/kdiamond/package-kdiamond/usr/share/locale/ga/LC_MESSAGES/kdiamond.mo
-- Installing: /home/omen/GITHUB/PLASMA_WORLD/AthOS/REPO-AthOS/kdiamond/package-kdiamond/usr/share/locale/ca
-- Installing: /home/omen/GITHUB/PLASMA_WORLD/AthOS/REPO-AthOS/kdiamond/package-kdiamond/usr/share/locale/ca/LC_MESSAGES
-- Installing: /home/omen/GITHUB/PLASMA_WORLD/AthOS/REPO-AthOS/kdiamond/package-kdiamond/usr/share/locale/ca/LC_MESSAGES/kdiamond.mo
-- Installing: /home/omen/GITHUB/PLASMA_WORLD/AthOS/REPO-AthOS/kdiamond/package-kdiamond/usr/share/locale/uk
-- Installing: /home/omen/GITHUB/PLASMA_WORLD/AthOS/REPO-AthOS/kdiamond/package-kdiamond/usr/share/locale/uk/LC_MESSAGES
-- Installing: /home/omen/GITHUB/PLASMA_WORLD/AthOS/REPO-AthOS/kdiamond/package-kdiamond/usr/share/locale/uk/LC_MESSAGES/kdiamond.mo
-- Installing: /home/omen/GITHUB/PLASMA_WORLD/AthOS/REPO-AthOS/kdiamond/package-kdiamond/usr/share/locale/id
-- Installing: /home/omen/GITHUB/PLASMA_WORLD/AthOS/REPO-AthOS/kdiamond/package-kdiamond/usr/share/locale/id/LC_MESSAGES
-- Installing: /home/omen/GITHUB/PLASMA_WORLD/AthOS/REPO-AthOS/kdiamond/package-kdiamond/usr/share/locale/id/LC_MESSAGES/kdiamond.mo
-- Installing: /home/omen/GITHUB/PLASMA_WORLD/AthOS/REPO-AthOS/kdiamond/package-kdiamond/usr/share/locale/en_GB
-- Installing: /home/omen/GITHUB/PLASMA_WORLD/AthOS/REPO-AthOS/kdiamond/package-kdiamond/usr/share/locale/en_GB/LC_MESSAGES
-- Installing: /home/omen/GITHUB/PLASMA_WORLD/AthOS/REPO-AthOS/kdiamond/package-kdiamond/usr/share/locale/en_GB/LC_MESSAGES/kdiamond.mo
-- Installing: /home/omen/GITHUB/PLASMA_WORLD/AthOS/REPO-AthOS/kdiamond/package-kdiamond/usr/share/locale/zh_CN
-- Installing: /home/omen/GITHUB/PLASMA_WORLD/AthOS/REPO-AthOS/kdiamond/package-kdiamond/usr/share/locale/zh_CN/LC_MESSAGES
-- Installing: /home/omen/GITHUB/PLASMA_WORLD/AthOS/REPO-AthOS/kdiamond/package-kdiamond/usr/share/locale/zh_CN/LC_MESSAGES/kdiamond.mo
-- Installing: /home/omen/GITHUB/PLASMA_WORLD/AthOS/REPO-AthOS/kdiamond/package-kdiamond/usr/share/locale/nl
-- Installing: /home/omen/GITHUB/PLASMA_WORLD/AthOS/REPO-AthOS/kdiamond/package-kdiamond/usr/share/locale/nl/LC_MESSAGES
-- Installing: /home/omen/GITHUB/PLASMA_WORLD/AthOS/REPO-AthOS/kdiamond/package-kdiamond/usr/share/locale/nl/LC_MESSAGES/kdiamond.mo
-- Installing: /home/omen/GITHUB/PLASMA_WORLD/AthOS/REPO-AthOS/kdiamond/package-kdiamond/usr/share/locale/sa
-- Installing: /home/omen/GITHUB/PLASMA_WORLD/AthOS/REPO-AthOS/kdiamond/package-kdiamond/usr/share/locale/sa/LC_MESSAGES
-- Installing: /home/omen/GITHUB/PLASMA_WORLD/AthOS/REPO-AthOS/kdiamond/package-kdiamond/usr/share/locale/sa/LC_MESSAGES/kdiamond.mo
-- Installing: /home/omen/GITHUB/PLASMA_WORLD/AthOS/REPO-AthOS/kdiamond/package-kdiamond/usr/share/locale/fi
-- Installing: /home/omen/GITHUB/PLASMA_WORLD/AthOS/REPO-AthOS/kdiamond/package-kdiamond/usr/share/locale/fi/LC_MESSAGES
-- Installing: /home/omen/GITHUB/PLASMA_WORLD/AthOS/REPO-AthOS/kdiamond/package-kdiamond/usr/share/locale/fi/LC_MESSAGES/kdiamond.mo
-- Installing: /home/omen/GITHUB/PLASMA_WORLD/AthOS/REPO-AthOS/kdiamond/package-kdiamond/usr/share/locale/ko
-- Installing: /home/omen/GITHUB/PLASMA_WORLD/AthOS/REPO-AthOS/kdiamond/package-kdiamond/usr/share/locale/ko/LC_MESSAGES
-- Installing: /home/omen/GITHUB/PLASMA_WORLD/AthOS/REPO-AthOS/kdiamond/package-kdiamond/usr/share/locale/ko/LC_MESSAGES/kdiamond.mo
-- Installing: /home/omen/GITHUB/PLASMA_WORLD/AthOS/REPO-AthOS/kdiamond/package-kdiamond/usr/share/locale/ru
-- Installing: /home/omen/GITHUB/PLASMA_WORLD/AthOS/REPO-AthOS/kdiamond/package-kdiamond/usr/share/locale/ru/LC_MESSAGES
-- Installing: /home/omen/GITHUB/PLASMA_WORLD/AthOS/REPO-AthOS/kdiamond/package-kdiamond/usr/share/locale/ru/LC_MESSAGES/kdiamond.mo
-- Installing: /home/omen/GITHUB/PLASMA_WORLD/AthOS/REPO-AthOS/kdiamond/package-kdiamond/usr/share/locale/lv
-- Installing: /home/omen/GITHUB/PLASMA_WORLD/AthOS/REPO-AthOS/kdiamond/package-kdiamond/usr/share/locale/lv/LC_MESSAGES
-- Installing: /home/omen/GITHUB/PLASMA_WORLD/AthOS/REPO-AthOS/kdiamond/package-kdiamond/usr/share/locale/lv/LC_MESSAGES/kdiamond.mo
-- Installing: /home/omen/GITHUB/PLASMA_WORLD/AthOS/REPO-AthOS/kdiamond/package-kdiamond/usr/share/locale/ml
-- Installing: /home/omen/GITHUB/PLASMA_WORLD/AthOS/REPO-AthOS/kdiamond/package-kdiamond/usr/share/locale/ml/LC_MESSAGES
-- Installing: /home/omen/GITHUB/PLASMA_WORLD/AthOS/REPO-AthOS/kdiamond/package-kdiamond/usr/share/locale/ml/LC_MESSAGES/kdiamond.mo
-- Installing: /home/omen/GITHUB/PLASMA_WORLD/AthOS/REPO-AthOS/kdiamond/package-kdiamond/usr/share/locale/hne
-- Installing: /home/omen/GITHUB/PLASMA_WORLD/AthOS/REPO-AthOS/kdiamond/package-kdiamond/usr/share/locale/hne/LC_MESSAGES
-- Installing: /home/omen/GITHUB/PLASMA_WORLD/AthOS/REPO-AthOS/kdiamond/package-kdiamond/usr/share/locale/hne/LC_MESSAGES/kdiamond.mo
-- Installing: /home/omen/GITHUB/PLASMA_WORLD/AthOS/REPO-AthOS/kdiamond/package-kdiamond/usr/share/locale/ca@valencia
-- Installing: /home/omen/GITHUB/PLASMA_WORLD/AthOS/REPO-AthOS/kdiamond/package-kdiamond/usr/share/locale/ca@valencia/LC_MESSAGES
-- Installing: /home/omen/GITHUB/PLASMA_WORLD/AthOS/REPO-AthOS/kdiamond/package-kdiamond/usr/share/locale/ca@valencia/LC_MESSAGES/kdiamond.mo
-- Installing: /home/omen/GITHUB/PLASMA_WORLD/AthOS/REPO-AthOS/kdiamond/package-kdiamond/usr/share/locale/nb
-- Installing: /home/omen/GITHUB/PLASMA_WORLD/AthOS/REPO-AthOS/kdiamond/package-kdiamond/usr/share/locale/nb/LC_MESSAGES
-- Installing: /home/omen/GITHUB/PLASMA_WORLD/AthOS/REPO-AthOS/kdiamond/package-kdiamond/usr/share/locale/nb/LC_MESSAGES/kdiamond.mo
-- Installing: /home/omen/GITHUB/PLASMA_WORLD/AthOS/REPO-AthOS/kdiamond/package-kdiamond/usr/share/locale/es
-- Installing: /home/omen/GITHUB/PLASMA_WORLD/AthOS/REPO-AthOS/kdiamond/package-kdiamond/usr/share/locale/es/LC_MESSAGES
-- Installing: /home/omen/GITHUB/PLASMA_WORLD/AthOS/REPO-AthOS/kdiamond/package-kdiamond/usr/share/locale/es/LC_MESSAGES/kdiamond.mo
-- Installing: /home/omen/GITHUB/PLASMA_WORLD/AthOS/REPO-AthOS/kdiamond/package-kdiamond/usr/share/locale/eu
-- Installing: /home/omen/GITHUB/PLASMA_WORLD/AthOS/REPO-AthOS/kdiamond/package-kdiamond/usr/share/locale/eu/LC_MESSAGES
-- Installing: /home/omen/GITHUB/PLASMA_WORLD/AthOS/REPO-AthOS/kdiamond/package-kdiamond/usr/share/locale/eu/LC_MESSAGES/kdiamond.mo
-- Installing: /home/omen/GITHUB/PLASMA_WORLD/AthOS/REPO-AthOS/kdiamond/package-kdiamond/usr/share/locale/et
-- Installing: /home/omen/GITHUB/PLASMA_WORLD/AthOS/REPO-AthOS/kdiamond/package-kdiamond/usr/share/locale/et/LC_MESSAGES
-- Installing: /home/omen/GITHUB/PLASMA_WORLD/AthOS/REPO-AthOS/kdiamond/package-kdiamond/usr/share/locale/et/LC_MESSAGES/kdiamond.mo
-- Installing: /home/omen/GITHUB/PLASMA_WORLD/AthOS/REPO-AthOS/kdiamond/package-kdiamond/usr/share/locale/it
-- Installing: /home/omen/GITHUB/PLASMA_WORLD/AthOS/REPO-AthOS/kdiamond/package-kdiamond/usr/share/locale/it/LC_MESSAGES
-- Installing: /home/omen/GITHUB/PLASMA_WORLD/AthOS/REPO-AthOS/kdiamond/package-kdiamond/usr/share/locale/it/LC_MESSAGES/kdiamond.mo
-- Installing: /home/omen/GITHUB/PLASMA_WORLD/AthOS/REPO-AthOS/kdiamond/package-kdiamond/usr/share/locale/ar
-- Installing: /home/omen/GITHUB/PLASMA_WORLD/AthOS/REPO-AthOS/kdiamond/package-kdiamond/usr/share/locale/ar/LC_MESSAGES
-- Installing: /home/omen/GITHUB/PLASMA_WORLD/AthOS/REPO-AthOS/kdiamond/package-kdiamond/usr/share/locale/ar/LC_MESSAGES/kdiamond.mo
-- Installing: /home/omen/GITHUB/PLASMA_WORLD/AthOS/REPO-AthOS/kdiamond/package-kdiamond/usr/share/locale/sq
-- Installing: /home/omen/GITHUB/PLASMA_WORLD/AthOS/REPO-AthOS/kdiamond/package-kdiamond/usr/share/locale/sq/LC_MESSAGES
-- Installing: /home/omen/GITHUB/PLASMA_WORLD/AthOS/REPO-AthOS/kdiamond/package-kdiamond/usr/share/locale/sq/LC_MESSAGES/kdiamond.mo
-- Installing: /home/omen/GITHUB/PLASMA_WORLD/AthOS/REPO-AthOS/kdiamond/package-kdiamond/usr/share/locale/nds
-- Installing: /home/omen/GITHUB/PLASMA_WORLD/AthOS/REPO-AthOS/kdiamond/package-kdiamond/usr/share/locale/nds/LC_MESSAGES
-- Installing: /home/omen/GITHUB/PLASMA_WORLD/AthOS/REPO-AthOS/kdiamond/package-kdiamond/usr/share/locale/nds/LC_MESSAGES/kdiamond.mo
-- Installing: /home/omen/GITHUB/PLASMA_WORLD/AthOS/REPO-AthOS/kdiamond/package-kdiamond/usr/share/locale/mr
-- Installing: /home/omen/GITHUB/PLASMA_WORLD/AthOS/REPO-AthOS/kdiamond/package-kdiamond/usr/share/locale/mr/LC_MESSAGES
-- Installing: /home/omen/GITHUB/PLASMA_WORLD/AthOS/REPO-AthOS/kdiamond/package-kdiamond/usr/share/locale/mr/LC_MESSAGES/kdiamond.mo
-- Installing: /home/omen/GITHUB/PLASMA_WORLD/AthOS/REPO-AthOS/kdiamond/package-kdiamond/usr/share/locale/ug
-- Installing: /home/omen/GITHUB/PLASMA_WORLD/AthOS/REPO-AthOS/kdiamond/package-kdiamond/usr/share/locale/ug/LC_MESSAGES
-- Installing: /home/omen/GITHUB/PLASMA_WORLD/AthOS/REPO-AthOS/kdiamond/package-kdiamond/usr/share/locale/ug/LC_MESSAGES/kdiamond.mo
-- Installing: /home/omen/GITHUB/PLASMA_WORLD/AthOS/REPO-AthOS/kdiamond/package-kdiamond/usr/share/locale/sk
-- Installing: /home/omen/GITHUB/PLASMA_WORLD/AthOS/REPO-AthOS/kdiamond/package-kdiamond/usr/share/locale/sk/LC_MESSAGES
-- Installing: /home/omen/GITHUB/PLASMA_WORLD/AthOS/REPO-AthOS/kdiamond/package-kdiamond/usr/share/locale/sk/LC_MESSAGES/kdiamond.mo
-- Installing: /home/omen/GITHUB/PLASMA_WORLD/AthOS/REPO-AthOS/kdiamond/package-kdiamond/usr/share/locale/sv
-- Installing: /home/omen/GITHUB/PLASMA_WORLD/AthOS/REPO-AthOS/kdiamond/package-kdiamond/usr/share/locale/sv/LC_MESSAGES
-- Installing: /home/omen/GITHUB/PLASMA_WORLD/AthOS/REPO-AthOS/kdiamond/package-kdiamond/usr/share/locale/sv/LC_MESSAGES/kdiamond.mo
-- Installing: /home/omen/GITHUB/PLASMA_WORLD/AthOS/REPO-AthOS/kdiamond/package-kdiamond/usr/share/doc/HTML/ca/kdiamond/index.cache.bz2
-- Installing: /home/omen/GITHUB/PLASMA_WORLD/AthOS/REPO-AthOS/kdiamond/package-kdiamond/usr/share/doc/HTML/ca/kdiamond/index.docbook
-- Installing: /home/omen/GITHUB/PLASMA_WORLD/AthOS/REPO-AthOS/kdiamond/package-kdiamond/usr/share/doc/HTML/de/kdiamond/index.cache.bz2
-- Installing: /home/omen/GITHUB/PLASMA_WORLD/AthOS/REPO-AthOS/kdiamond/package-kdiamond/usr/share/doc/HTML/de/kdiamond/index.docbook
-- Installing: /home/omen/GITHUB/PLASMA_WORLD/AthOS/REPO-AthOS/kdiamond/package-kdiamond/usr/share/doc/HTML/es/kdiamond/index.cache.bz2
-- Installing: /home/omen/GITHUB/PLASMA_WORLD/AthOS/REPO-AthOS/kdiamond/package-kdiamond/usr/share/doc/HTML/es/kdiamond/index.docbook
-- Installing: /home/omen/GITHUB/PLASMA_WORLD/AthOS/REPO-AthOS/kdiamond/package-kdiamond/usr/share/doc/HTML/et/kdiamond/index.cache.bz2
-- Installing: /home/omen/GITHUB/PLASMA_WORLD/AthOS/REPO-AthOS/kdiamond/package-kdiamond/usr/share/doc/HTML/et/kdiamond/index.docbook
-- Installing: /home/omen/GITHUB/PLASMA_WORLD/AthOS/REPO-AthOS/kdiamond/package-kdiamond/usr/share/doc/HTML/fr/kdiamond/index.cache.bz2
-- Installing: /home/omen/GITHUB/PLASMA_WORLD/AthOS/REPO-AthOS/kdiamond/package-kdiamond/usr/share/doc/HTML/fr/kdiamond/index.docbook
-- Installing: /home/omen/GITHUB/PLASMA_WORLD/AthOS/REPO-AthOS/kdiamond/package-kdiamond/usr/share/doc/HTML/it/kdiamond/index.cache.bz2
-- Installing: /home/omen/GITHUB/PLASMA_WORLD/AthOS/REPO-AthOS/kdiamond/package-kdiamond/usr/share/doc/HTML/it/kdiamond/index.docbook
-- Installing: /home/omen/GITHUB/PLASMA_WORLD/AthOS/REPO-AthOS/kdiamond/package-kdiamond/usr/share/doc/HTML/lt/kdiamond/index.cache.bz2
-- Installing: /home/omen/GITHUB/PLASMA_WORLD/AthOS/REPO-AthOS/kdiamond/package-kdiamond/usr/share/doc/HTML/lt/kdiamond/index.docbook
-- Installing: /home/omen/GITHUB/PLASMA_WORLD/AthOS/REPO-AthOS/kdiamond/package-kdiamond/usr/share/doc/HTML/nl/kdiamond/index.cache.bz2
-- Installing: /home/omen/GITHUB/PLASMA_WORLD/AthOS/REPO-AthOS/kdiamond/package-kdiamond/usr/share/doc/HTML/nl/kdiamond/index.docbook
-- Installing: /home/omen/GITHUB/PLASMA_WORLD/AthOS/REPO-AthOS/kdiamond/package-kdiamond/usr/share/doc/HTML/pl/kdiamond/index.cache.bz2
-- Installing: /home/omen/GITHUB/PLASMA_WORLD/AthOS/REPO-AthOS/kdiamond/package-kdiamond/usr/share/doc/HTML/pl/kdiamond/index.docbook
-- Installing: /home/omen/GITHUB/PLASMA_WORLD/AthOS/REPO-AthOS/kdiamond/package-kdiamond/usr/share/doc/HTML/pt/kdiamond/index.cache.bz2
-- Installing: /home/omen/GITHUB/PLASMA_WORLD/AthOS/REPO-AthOS/kdiamond/package-kdiamond/usr/share/doc/HTML/pt/kdiamond/index.docbook
-- Installing: /home/omen/GITHUB/PLASMA_WORLD/AthOS/REPO-AthOS/kdiamond/package-kdiamond/usr/share/doc/HTML/pt_BR/kdiamond/index.cache.bz2
-- Installing: /home/omen/GITHUB/PLASMA_WORLD/AthOS/REPO-AthOS/kdiamond/package-kdiamond/usr/share/doc/HTML/pt_BR/kdiamond/index.docbook
-- Installing: /home/omen/GITHUB/PLASMA_WORLD/AthOS/REPO-AthOS/kdiamond/package-kdiamond/usr/share/doc/HTML/sl/kdiamond/index.cache.bz2
-- Installing: /home/omen/GITHUB/PLASMA_WORLD/AthOS/REPO-AthOS/kdiamond/package-kdiamond/usr/share/doc/HTML/sl/kdiamond/index.docbook
-- Installing: /home/omen/GITHUB/PLASMA_WORLD/AthOS/REPO-AthOS/kdiamond/package-kdiamond/usr/share/doc/HTML/sv/kdiamond/index.cache.bz2
-- Installing: /home/omen/GITHUB/PLASMA_WORLD/AthOS/REPO-AthOS/kdiamond/package-kdiamond/usr/share/doc/HTML/sv/kdiamond/index.docbook
-- Installing: /home/omen/GITHUB/PLASMA_WORLD/AthOS/REPO-AthOS/kdiamond/package-kdiamond/usr/share/doc/HTML/uk/kdiamond/index.cache.bz2
-- Installing: /home/omen/GITHUB/PLASMA_WORLD/AthOS/REPO-AthOS/kdiamond/package-kdiamond/usr/share/doc/HTML/uk/kdiamond/index.docbook
-- Installing: /home/omen/GITHUB/PLASMA_WORLD/AthOS/REPO-AthOS/kdiamond/package-kdiamond/usr/share/doc/HTML/uk/kdiamond/gameboard.png
-- Installing: /home/omen/GITHUB/PLASMA_WORLD/AthOS/REPO-AthOS/kdiamond/package-kdiamond/usr/share/doc/HTML/en/kdiamond/index.cache.bz2
-- Installing: /home/omen/GITHUB/PLASMA_WORLD/AthOS/REPO-AthOS/kdiamond/package-kdiamond/usr/share/doc/HTML/en/kdiamond/index.docbook
-- Installing: /home/omen/GITHUB/PLASMA_WORLD/AthOS/REPO-AthOS/kdiamond/package-kdiamond/usr/share/doc/HTML/en/kdiamond/gameboard.png
The main part of source code is ready. We are moving on to preparing post install scripts, docs, license, man pages etc..
cp: cannot stat 'AUTHORS': No such file or directory
cp: cannot stat 'ChangeLog*': No such file or directory
cp: cannot stat 'COPYING': No such file or directory
cp: cannot stat 'CREDITS': No such file or directory
cp: cannot stat 'LICENSE': No such file or directory
cp: cannot stat 'MAINTAINERS': No such file or directory
cp: cannot stat 'NEWS': No such file or directory
cp: cannot stat 'README*': No such file or directory
cp: cannot stat 'docs': No such file or directory
cp: cannot stat 'DOCS': No such file or directory
grep: /home/omen/GITHUB/PLASMA_WORLD/AthOS/REPO-AthOS/kdiamond/kdiamond.info: No such file or directory
extra-cmake-modules
kconfig
kconfigwidgets
kcoreaddons
kcrash
kdbusaddons
kdoctools
ki18n
knotifications
knotifyconfig
kwidgetsaddons
kxmlgui
libkdegames
Packaging compiled for slackware installation...
MAKEPKG_FLAGS is empty or unset, using default

Slackware package maker, version 3.14159265.

Searching for symbolic links:

No symbolic links were found, so we won't make an installation script.
You can make your own later in ./install/doinst.sh and rebuild the
package if you like.

This next step is optional - you can set the directories in your package
to some sane permissions. If any of the directories in your package have
special permissions, then DO NOT reset them here!

Would you like to reset all directory permissions to 755 (drwxr-xr-x) and
directory ownerships to root:root ([y]es, [n]o)? n


Creating Slackware package:  /tmp/kdiamond/kdiamond-25.04.1-x86_64-1_rtz.tlz

./
install/
install/doinst.sh
install/slack-desc
usr/
usr/bin/
usr/bin/kdiamond
usr/doc/
usr/doc/kdiamond-25.04.1/
usr/doc/kdiamond-25.04.1/kdiamond.ini
usr/doc/kdiamond-25.04.1/slack-required
usr/share/
usr/share/applications/
usr/share/applications/org.kde.kdiamond.desktop
usr/share/doc/
usr/share/doc/HTML/
usr/share/doc/HTML/ca/
usr/share/doc/HTML/ca/kdiamond/
usr/share/doc/HTML/ca/kdiamond/index.cache.bz2
usr/share/doc/HTML/ca/kdiamond/index.docbook
usr/share/doc/HTML/de/
usr/share/doc/HTML/de/kdiamond/
usr/share/doc/HTML/de/kdiamond/index.cache.bz2
usr/share/doc/HTML/de/kdiamond/index.docbook
usr/share/doc/HTML/en/
usr/share/doc/HTML/en/kdiamond/
usr/share/doc/HTML/en/kdiamond/gameboard.png
usr/share/doc/HTML/en/kdiamond/index.cache.bz2
usr/share/doc/HTML/en/kdiamond/index.docbook
usr/share/doc/HTML/es/
usr/share/doc/HTML/es/kdiamond/
usr/share/doc/HTML/es/kdiamond/index.cache.bz2
usr/share/doc/HTML/es/kdiamond/index.docbook
usr/share/doc/HTML/et/
usr/share/doc/HTML/et/kdiamond/
usr/share/doc/HTML/et/kdiamond/index.cache.bz2
usr/share/doc/HTML/et/kdiamond/index.docbook
usr/share/doc/HTML/fr/
usr/share/doc/HTML/fr/kdiamond/
usr/share/doc/HTML/fr/kdiamond/index.cache.bz2
usr/share/doc/HTML/fr/kdiamond/index.docbook
usr/share/doc/HTML/it/
usr/share/doc/HTML/it/kdiamond/
usr/share/doc/HTML/it/kdiamond/index.cache.bz2
usr/share/doc/HTML/it/kdiamond/index.docbook
usr/share/doc/HTML/lt/
usr/share/doc/HTML/lt/kdiamond/
usr/share/doc/HTML/lt/kdiamond/index.cache.bz2
usr/share/doc/HTML/lt/kdiamond/index.docbook
usr/share/doc/HTML/nl/
usr/share/doc/HTML/nl/kdiamond/
usr/share/doc/HTML/nl/kdiamond/index.cache.bz2
usr/share/doc/HTML/nl/kdiamond/index.docbook
usr/share/doc/HTML/pl/
usr/share/doc/HTML/pl/kdiamond/
usr/share/doc/HTML/pl/kdiamond/index.cache.bz2
usr/share/doc/HTML/pl/kdiamond/index.docbook
usr/share/doc/HTML/pt/
usr/share/doc/HTML/pt/kdiamond/
usr/share/doc/HTML/pt/kdiamond/index.cache.bz2
usr/share/doc/HTML/pt/kdiamond/index.docbook
usr/share/doc/HTML/pt_BR/
usr/share/doc/HTML/pt_BR/kdiamond/
usr/share/doc/HTML/pt_BR/kdiamond/index.cache.bz2
usr/share/doc/HTML/pt_BR/kdiamond/index.docbook
usr/share/doc/HTML/sl/
usr/share/doc/HTML/sl/kdiamond/
usr/share/doc/HTML/sl/kdiamond/index.cache.bz2
usr/share/doc/HTML/sl/kdiamond/index.docbook
usr/share/doc/HTML/sv/
usr/share/doc/HTML/sv/kdiamond/
usr/share/doc/HTML/sv/kdiamond/index.cache.bz2
usr/share/doc/HTML/sv/kdiamond/index.docbook
usr/share/doc/HTML/uk/
usr/share/doc/HTML/uk/kdiamond/
usr/share/doc/HTML/uk/kdiamond/gameboard.png
usr/share/doc/HTML/uk/kdiamond/index.cache.bz2
usr/share/doc/HTML/uk/kdiamond/index.docbook
usr/share/icons/
usr/share/icons/hicolor/
usr/share/icons/hicolor/128x128/
usr/share/icons/hicolor/128x128/apps/
usr/share/icons/hicolor/128x128/apps/kdiamond.png
usr/share/icons/hicolor/16x16/
usr/share/icons/hicolor/16x16/apps/
usr/share/icons/hicolor/16x16/apps/kdiamond.png
usr/share/icons/hicolor/22x22/
usr/share/icons/hicolor/22x22/apps/
usr/share/icons/hicolor/22x22/apps/kdiamond.png
usr/share/icons/hicolor/32x32/
usr/share/icons/hicolor/32x32/apps/
usr/share/icons/hicolor/32x32/apps/kdiamond.png
usr/share/icons/hicolor/48x48/
usr/share/icons/hicolor/48x48/apps/
usr/share/icons/hicolor/48x48/apps/kdiamond.png
usr/share/icons/hicolor/64x64/
usr/share/icons/hicolor/64x64/apps/
usr/share/icons/hicolor/64x64/apps/kdiamond.png
usr/share/kdiamond/
usr/share/kdiamond/kdiamond.kcfg
usr/share/kdiamond/themes/
usr/share/kdiamond/themes/default.desktop
usr/share/kdiamond/themes/diamonds.desktop
usr/share/kdiamond/themes/diamonds.png
usr/share/kdiamond/themes/diamonds.svgz
usr/share/kdiamond/themes/egyptian.svgz
usr/share/kdiamond/themes/egyptian_preview.png
usr/share/kdiamond/themes/funny_zoo.desktop
usr/share/kdiamond/themes/funny_zoo.png
usr/share/kdiamond/themes/funny_zoo.svgz
usr/share/knotifications6/
usr/share/knotifications6/kdiamond.notifyrc
usr/share/knsrcfiles/
usr/share/knsrcfiles/kdiamond.knsrc
usr/share/locale/
usr/share/locale/ar/
usr/share/locale/ar/LC_MESSAGES/
usr/share/locale/ar/LC_MESSAGES/kdiamond.mo
usr/share/locale/ast/
usr/share/locale/ast/LC_MESSAGES/
usr/share/locale/ast/LC_MESSAGES/kdiamond.mo
usr/share/locale/bg/
usr/share/locale/bg/LC_MESSAGES/
usr/share/locale/bg/LC_MESSAGES/kdiamond.mo
usr/share/locale/bs/
usr/share/locale/bs/LC_MESSAGES/
usr/share/locale/bs/LC_MESSAGES/kdiamond.mo
usr/share/locale/ca/
usr/share/locale/ca/LC_MESSAGES/
usr/share/locale/ca/LC_MESSAGES/kdiamond.mo
usr/share/locale/ca@valencia/
usr/share/locale/ca@valencia/LC_MESSAGES/
usr/share/locale/ca@valencia/LC_MESSAGES/kdiamond.mo
usr/share/locale/cs/
usr/share/locale/cs/LC_MESSAGES/
usr/share/locale/cs/LC_MESSAGES/kdiamond.mo
usr/share/locale/da/
usr/share/locale/da/LC_MESSAGES/
usr/share/locale/da/LC_MESSAGES/kdiamond.mo
usr/share/locale/de/
usr/share/locale/de/LC_MESSAGES/
usr/share/locale/de/LC_MESSAGES/kdiamond.mo
usr/share/locale/el/
usr/share/locale/el/LC_MESSAGES/
usr/share/locale/el/LC_MESSAGES/kdiamond.mo
usr/share/locale/en_GB/
usr/share/locale/en_GB/LC_MESSAGES/
usr/share/locale/en_GB/LC_MESSAGES/kdiamond.mo
usr/share/locale/eo/
usr/share/locale/eo/LC_MESSAGES/
usr/share/locale/eo/LC_MESSAGES/kdiamond.mo
usr/share/locale/es/
usr/share/locale/es/LC_MESSAGES/
usr/share/locale/es/LC_MESSAGES/kdiamond.mo
usr/share/locale/et/
usr/share/locale/et/LC_MESSAGES/
usr/share/locale/et/LC_MESSAGES/kdiamond.mo
usr/share/locale/eu/
usr/share/locale/eu/LC_MESSAGES/
usr/share/locale/eu/LC_MESSAGES/kdiamond.mo
usr/share/locale/fi/
usr/share/locale/fi/LC_MESSAGES/
usr/share/locale/fi/LC_MESSAGES/kdiamond.mo
usr/share/locale/fr/
usr/share/locale/fr/LC_MESSAGES/
usr/share/locale/fr/LC_MESSAGES/kdiamond.mo
usr/share/locale/ga/
usr/share/locale/ga/LC_MESSAGES/
usr/share/locale/ga/LC_MESSAGES/kdiamond.mo
usr/share/locale/gl/
usr/share/locale/gl/LC_MESSAGES/
usr/share/locale/gl/LC_MESSAGES/kdiamond.mo
usr/share/locale/gu/
usr/share/locale/gu/LC_MESSAGES/
usr/share/locale/gu/LC_MESSAGES/kdiamond.mo
usr/share/locale/he/
usr/share/locale/he/LC_MESSAGES/
usr/share/locale/he/LC_MESSAGES/kdiamond.mo
usr/share/locale/hi/
usr/share/locale/hi/LC_MESSAGES/
usr/share/locale/hi/LC_MESSAGES/kdiamond.mo
usr/share/locale/hne/
usr/share/locale/hne/LC_MESSAGES/
usr/share/locale/hne/LC_MESSAGES/kdiamond.mo
usr/share/locale/hr/
usr/share/locale/hr/LC_MESSAGES/
usr/share/locale/hr/LC_MESSAGES/kdiamond.mo
usr/share/locale/hu/
usr/share/locale/hu/LC_MESSAGES/
usr/share/locale/hu/LC_MESSAGES/kdiamond.mo
usr/share/locale/ia/
usr/share/locale/ia/LC_MESSAGES/
usr/share/locale/ia/LC_MESSAGES/kdiamond.mo
usr/share/locale/id/
usr/share/locale/id/LC_MESSAGES/
usr/share/locale/id/LC_MESSAGES/kdiamond.mo
usr/share/locale/is/
usr/share/locale/is/LC_MESSAGES/
usr/share/locale/is/LC_MESSAGES/kdiamond.mo
usr/share/locale/it/
usr/share/locale/it/LC_MESSAGES/
usr/share/locale/it/LC_MESSAGES/kdiamond.mo
usr/share/locale/ja/
usr/share/locale/ja/LC_MESSAGES/
usr/share/locale/ja/LC_MESSAGES/kdiamond.mo
usr/share/locale/ka/
usr/share/locale/ka/LC_MESSAGES/
usr/share/locale/ka/LC_MESSAGES/kdiamond.mo
usr/share/locale/kk/
usr/share/locale/kk/LC_MESSAGES/
usr/share/locale/kk/LC_MESSAGES/kdiamond.mo
usr/share/locale/km/
usr/share/locale/km/LC_MESSAGES/
usr/share/locale/km/LC_MESSAGES/kdiamond.mo
usr/share/locale/ko/
usr/share/locale/ko/LC_MESSAGES/
usr/share/locale/ko/LC_MESSAGES/kdiamond.mo
usr/share/locale/lt/
usr/share/locale/lt/LC_MESSAGES/
usr/share/locale/lt/LC_MESSAGES/kdiamond.mo
usr/share/locale/lv/
usr/share/locale/lv/LC_MESSAGES/
usr/share/locale/lv/LC_MESSAGES/kdiamond.mo
usr/share/locale/mai/
usr/share/locale/mai/LC_MESSAGES/
usr/share/locale/mai/LC_MESSAGES/kdiamond.mo
usr/share/locale/ml/
usr/share/locale/ml/LC_MESSAGES/
usr/share/locale/ml/LC_MESSAGES/kdiamond.mo
usr/share/locale/mr/
usr/share/locale/mr/LC_MESSAGES/
usr/share/locale/mr/LC_MESSAGES/kdiamond.mo
usr/share/locale/nb/
usr/share/locale/nb/LC_MESSAGES/
usr/share/locale/nb/LC_MESSAGES/kdiamond.mo
usr/share/locale/nds/
usr/share/locale/nds/LC_MESSAGES/
usr/share/locale/nds/LC_MESSAGES/kdiamond.mo
usr/share/locale/nl/
usr/share/locale/nl/LC_MESSAGES/
usr/share/locale/nl/LC_MESSAGES/kdiamond.mo
usr/share/locale/nn/
usr/share/locale/nn/LC_MESSAGES/
usr/share/locale/nn/LC_MESSAGES/kdiamond.mo
usr/share/locale/pl/
usr/share/locale/pl/LC_MESSAGES/
usr/share/locale/pl/LC_MESSAGES/kdiamond.mo
usr/share/locale/pt/
usr/share/locale/pt/LC_MESSAGES/
usr/share/locale/pt/LC_MESSAGES/kdiamond.mo
usr/share/locale/pt_BR/
usr/share/locale/pt_BR/LC_MESSAGES/
usr/share/locale/pt_BR/LC_MESSAGES/kdiamond.mo
usr/share/locale/ro/
usr/share/locale/ro/LC_MESSAGES/
usr/share/locale/ro/LC_MESSAGES/kdiamond.mo
usr/share/locale/ru/
usr/share/locale/ru/LC_MESSAGES/
usr/share/locale/ru/LC_MESSAGES/kdiamond.mo
usr/share/locale/sa/
usr/share/locale/sa/LC_MESSAGES/
usr/share/locale/sa/LC_MESSAGES/kdiamond.mo
usr/share/locale/sk/
usr/share/locale/sk/LC_MESSAGES/
usr/share/locale/sk/LC_MESSAGES/kdiamond.mo
usr/share/locale/sl/
usr/share/locale/sl/LC_MESSAGES/
usr/share/locale/sl/LC_MESSAGES/kdiamond.mo
usr/share/locale/sq/
usr/share/locale/sq/LC_MESSAGES/
usr/share/locale/sq/LC_MESSAGES/kdiamond.mo
usr/share/locale/sr/
usr/share/locale/sr/LC_MESSAGES/
usr/share/locale/sr/LC_MESSAGES/kdiamond.mo
usr/share/locale/sr@ijekavian/
usr/share/locale/sr@ijekavian/LC_MESSAGES/
usr/share/locale/sr@ijekavian/LC_MESSAGES/kdiamond.mo
usr/share/locale/sr@ijekavianlatin/
usr/share/locale/sr@ijekavianlatin/LC_MESSAGES/
usr/share/locale/sr@ijekavianlatin/LC_MESSAGES/kdiamond.mo
usr/share/locale/sr@latin/
usr/share/locale/sr@latin/LC_MESSAGES/
usr/share/locale/sr@latin/LC_MESSAGES/kdiamond.mo
usr/share/locale/sv/
usr/share/locale/sv/LC_MESSAGES/
usr/share/locale/sv/LC_MESSAGES/kdiamond.mo
usr/share/locale/th/
usr/share/locale/th/LC_MESSAGES/
usr/share/locale/th/LC_MESSAGES/kdiamond.mo
usr/share/locale/tr/
usr/share/locale/tr/LC_MESSAGES/
usr/share/locale/tr/LC_MESSAGES/kdiamond.mo
usr/share/locale/ug/
usr/share/locale/ug/LC_MESSAGES/
usr/share/locale/ug/LC_MESSAGES/kdiamond.mo
usr/share/locale/uk/
usr/share/locale/uk/LC_MESSAGES/
usr/share/locale/uk/LC_MESSAGES/kdiamond.mo
usr/share/locale/zh_CN/
usr/share/locale/zh_CN/LC_MESSAGES/
usr/share/locale/zh_CN/LC_MESSAGES/kdiamond.mo
usr/share/locale/zh_TW/
usr/share/locale/zh_TW/LC_MESSAGES/
usr/share/locale/zh_TW/LC_MESSAGES/kdiamond.mo
usr/share/metainfo/
usr/share/metainfo/org.kde.kdiamond.appdata.xml
usr/share/sounds/
usr/share/sounds/KDiamond-Stone-Drop.ogg
usr/share/sounds/KDiamond-Stone-Swap.ogg
usr/share/sounds/KDiamond-Stone-Touch.ogg

Slackware package /tmp/kdiamond/kdiamond-25.04.1-x86_64-1_rtz.tlz created.

Create shared object file for kdiamond-25.04.1-x86_64-1_rtz.tlz
Creating /tmp/kdiamond/kdiamond-25.04.1-x86_64-1_rtz.tlz.so.file using /tmp/kdiamond/kdiamond-25.04.1-x86_64-1_rtz.tlz
Successfully created /tmp/kdiamond/kdiamond-25.04.1-x86_64-1_rtz.tlz.so.file
Packaging of executable and meta-data in kdiamond.tar.lz4 format.
/tmp/kdiamond /tmp/kdiamond
/tmp/kdiamond
BIN_NAME
README
kdiamond-25.04.1-x86_64-1_rtz.tlz
kdiamond-25.04.1-x86_64-1_rtz.tlz.md5
kdiamond-25.04.1-x86_64-1_rtz.tlz.so.file
kdiamond-25.04.1-x86_64-1_rtz.tlz.txt
kdiamond.dep
makepkg-kdiamond.log
kdiamond build finished. Procced to installation...

+=======================================================================================================+
| Upgrading kdiamond-25.04.1-x86_64-1_rtz package using /tmp/kdiamond/kdiamond-25.04.1-x86_64-1_rtz.tlz |
+=======================================================================================================+

Pre-installing package kdiamond-25.04.1-x86_64-1_rtz...
Removing package: kdiamond-25.04.1-x86_64-1_rtz-upgraded-2025-05-11,00:22:40
Installing package kdiamond-25.04.1-x86_64-1_rtz.tlz:
PACKAGE DESCRIPTION:
# kdiamond (game)
#
# A single player puzzle game
#
# kde.org/applications/games/kdiamond/
Executing install script for kdiamond-25.04.1-x86_64-1_rtz.tlz.
Font directories:
	/usr/share/fonts
/usr/share/fonts: caching, new cache contents: 0 fonts, 11 dirs
/usr/share/fonts/100dpi: caching, new cache contents: 238 fonts, 0 dirs
/usr/share/fonts/75dpi: caching, new cache contents: 238 fonts, 0 dirs
/usr/share/fonts/OTF: caching, new cache contents: 124 fonts, 0 dirs
/usr/share/fonts/Speedo: caching, new cache contents: 0 fonts, 0 dirs
/usr/share/fonts/TTF: caching, new cache contents: 1132 fonts, 0 dirs
/usr/share/fonts/Type1: caching, new cache contents: 64 fonts, 0 dirs
/usr/share/fonts/cyrillic: caching, new cache contents: 0 fonts, 0 dirs
/usr/share/fonts/encodings: caching, new cache contents: 0 fonts, 1 dirs
/usr/share/fonts/encodings/large: caching, new cache contents: 0 fonts, 0 dirs
/usr/share/fonts/kanjistrokeorders: caching, new cache contents: 1 fonts, 0 dirs
/usr/share/fonts/misc: caching, new cache contents: 143 fonts, 0 dirs
/usr/share/fonts/util: caching, new cache contents: 0 fonts, 0 dirs
/var/cache/fontconfig: cleaning cache directory
/root/.cache/fontconfig: not cleaning non-existent cache directory
/root/.fontconfig: not cleaning non-existent cache directory
/usr/bin/fc-cache: succeeded
Package kdiamond-25.04.1-x86_64-1_rtz.tlz installed.
Package kdiamond-25.04.1-x86_64-1_rtz upgraded with new package /tmp/kdiamond/kdiamond-25.04.1-x86_64-1_rtz.tlz.
Cleaning environmet: Removing source code, and work-space...
rm: cannot remove 'kdiamond-25.04.1.tar.xz': No such file or directory
Build process completed in 0 minutes and 15 seconds.
