Starting build process...
Detected architecture: x86_64
Required dependencies: extra-cmake-modules
extra-cmake-modules is already installed!
No optional dependencies found.
Downloading source code tar.xz file
--2025-05-14 21:45:26--  https://download.kde.org/stable/frameworks/6.14/kquickcharts-6.14.0.tar.xz
Resolving download.kde.org (download.kde.org)... 49.12.122.15, 2a01:4f8:242:53eb::4
Connecting to download.kde.org (download.kde.org)|49.12.122.15|:443... connected.
HTTP request sent, awaiting response... 302 Found
Location: https://ftp.cc.uoc.gr/mirrors/kde/stable/frameworks/6.14/kquickcharts-6.14.0.tar.xz [following]
--2025-05-14 21:45:26--  https://ftp.cc.uoc.gr/mirrors/kde/stable/frameworks/6.14/kquickcharts-6.14.0.tar.xz
Resolving ftp.cc.uoc.gr (ftp.cc.uoc.gr)... 147.52.159.50, 2001:648:2c00:6c08::2
Connecting to ftp.cc.uoc.gr (ftp.cc.uoc.gr)|147.52.159.50|:443... connected.
HTTP request sent, awaiting response... 200 OK
Length: 110256 (108K) [application/octet-stream]
Saving to: ‘kquickcharts-6.14.0.tar.xz’

     0K .......... .......... .......... .......... .......... 46% 1.30M 0s
    50K .......... .......... .......... .......... .......... 92% 1.47M 0s
   100K .......                                               100% 14.3T=0.07s

2025-05-14 21:45:26 (1.49 MB/s) - ‘kquickcharts-6.14.0.tar.xz’ saved [110256/110256]

Found file: kquickcharts-6.14.0.tar.xz
No checksum provided. Skipping checksum verification and proceeding...
Creating working directories and exporting source code in...
kquickcharts-6.14.0/
kquickcharts-6.14.0/.git-blame-ignore-revs
kquickcharts-6.14.0/.gitignore
kquickcharts-6.14.0/.gitlab-ci.yml
kquickcharts-6.14.0/.kde-ci.yml
kquickcharts-6.14.0/CMakeLists.txt
kquickcharts-6.14.0/KF6QuickChartsConfig.cmake.in
kquickcharts-6.14.0/LICENSES/
kquickcharts-6.14.0/LICENSES/BSD-2-Clause.txt
kquickcharts-6.14.0/LICENSES/CC0-1.0.txt
kquickcharts-6.14.0/LICENSES/LGPL-2.1-only.txt
kquickcharts-6.14.0/LICENSES/LGPL-3.0-only.txt
kquickcharts-6.14.0/LICENSES/LicenseRef-KDE-Accepted-LGPL.txt
kquickcharts-6.14.0/LICENSES/MIT.txt
kquickcharts-6.14.0/README.md
kquickcharts-6.14.0/autotests/
kquickcharts-6.14.0/autotests/ArraySourceTest.cpp
kquickcharts-6.14.0/autotests/CMakeLists.txt
kquickcharts-6.14.0/autotests/HistoryProxySourceTest.cpp
kquickcharts-6.14.0/autotests/ItemBuilderTest.cpp
kquickcharts-6.14.0/autotests/MapProxySourceTest.cpp
kquickcharts-6.14.0/autotests/qmltest.cpp
kquickcharts-6.14.0/autotests/tst_BarChart.qml
kquickcharts-6.14.0/autotests/tst_LineChart.qml
kquickcharts-6.14.0/autotests/tst_PieChart.qml
kquickcharts-6.14.0/controls/
kquickcharts-6.14.0/controls/AxisLabels.cpp
kquickcharts-6.14.0/controls/AxisLabels.h
kquickcharts-6.14.0/controls/CMakeLists.txt
kquickcharts-6.14.0/controls/ChartsControlsPlugin.cpp
kquickcharts-6.14.0/controls/ChartsControlsPlugin.h
kquickcharts-6.14.0/controls/GridLines.cpp
kquickcharts-6.14.0/controls/GridLines.h
kquickcharts-6.14.0/controls/KirigamiTheme.qml
kquickcharts-6.14.0/controls/Legend.qml
kquickcharts-6.14.0/controls/LegendDelegate.qml
kquickcharts-6.14.0/controls/LegendLayout.cpp
kquickcharts-6.14.0/controls/LegendLayout.h
kquickcharts-6.14.0/controls/LegendModel.cpp
kquickcharts-6.14.0/controls/LegendModel.h
kquickcharts-6.14.0/controls/LineChartControl.qml
kquickcharts-6.14.0/controls/LineGridNode.cpp
kquickcharts-6.14.0/controls/LineGridNode.h
kquickcharts-6.14.0/controls/Logging.qml
kquickcharts-6.14.0/controls/PieChartControl.qml
kquickcharts-6.14.0/controls/Theme.qml
kquickcharts-6.14.0/docs/
kquickcharts-6.14.0/docs/Doxyfile.local
kquickcharts-6.14.0/docs/pics/
kquickcharts-6.14.0/docs/pics/barchart.png
kquickcharts-6.14.0/docs/pics/linechart.png
kquickcharts-6.14.0/docs/pics/piechart.png
kquickcharts-6.14.0/examples/
kquickcharts-6.14.0/examples/CMakeLists.txt
kquickcharts-6.14.0/examples/charts/
kquickcharts-6.14.0/examples/charts/BarChart.qml
kquickcharts-6.14.0/examples/charts/CMakeLists.txt
kquickcharts-6.14.0/examples/charts/ChartPage.qml
kquickcharts-6.14.0/examples/charts/HistoryProxySource.qml
kquickcharts-6.14.0/examples/charts/Legend.qml
kquickcharts-6.14.0/examples/charts/LineChart.qml
kquickcharts-6.14.0/examples/charts/Main.qml
kquickcharts-6.14.0/examples/charts/PieChart.qml
kquickcharts-6.14.0/examples/charts/README.md
kquickcharts-6.14.0/examples/charts/RangeEditor.qml
kquickcharts-6.14.0/examples/charts/main.cpp
kquickcharts-6.14.0/examples/snippets/
kquickcharts-6.14.0/examples/snippets/README.md
kquickcharts-6.14.0/examples/snippets/barchart.qml
kquickcharts-6.14.0/examples/snippets/linechart.qml
kquickcharts-6.14.0/examples/snippets/minimal.qml
kquickcharts-6.14.0/examples/snippets/piechart.qml
kquickcharts-6.14.0/metainfo.yaml
kquickcharts-6.14.0/scripts/
kquickcharts-6.14.0/scripts/install_ecm.sh
kquickcharts-6.14.0/src/
kquickcharts-6.14.0/src/BarChart.cpp
kquickcharts-6.14.0/src/BarChart.h
kquickcharts-6.14.0/src/CMakeLists.txt
kquickcharts-6.14.0/src/Chart.cpp
kquickcharts-6.14.0/src/Chart.h
kquickcharts-6.14.0/src/ChartsPlugin.cpp
kquickcharts-6.14.0/src/ChartsPlugin.h
kquickcharts-6.14.0/src/ItemBuilder.cpp
kquickcharts-6.14.0/src/ItemBuilder.h
kquickcharts-6.14.0/src/LineChart.cpp
kquickcharts-6.14.0/src/LineChart.h
kquickcharts-6.14.0/src/PieChart.cpp
kquickcharts-6.14.0/src/PieChart.h
kquickcharts-6.14.0/src/RangeGroup.cpp
kquickcharts-6.14.0/src/RangeGroup.h
kquickcharts-6.14.0/src/XYChart.cpp
kquickcharts-6.14.0/src/XYChart.h
kquickcharts-6.14.0/src/datasource/
kquickcharts-6.14.0/src/datasource/ArraySource.cpp
kquickcharts-6.14.0/src/datasource/ArraySource.h
kquickcharts-6.14.0/src/datasource/ChartAxisSource.cpp
kquickcharts-6.14.0/src/datasource/ChartAxisSource.h
kquickcharts-6.14.0/src/datasource/ChartDataSource.cpp
kquickcharts-6.14.0/src/datasource/ChartDataSource.h
kquickcharts-6.14.0/src/datasource/ColorGradientSource.cpp
kquickcharts-6.14.0/src/datasource/ColorGradientSource.h
kquickcharts-6.14.0/src/datasource/HistoryProxySource.cpp
kquickcharts-6.14.0/src/datasource/HistoryProxySource.h
kquickcharts-6.14.0/src/datasource/MapProxySource.cpp
kquickcharts-6.14.0/src/datasource/MapProxySource.h
kquickcharts-6.14.0/src/datasource/ModelSource.cpp
kquickcharts-6.14.0/src/datasource/ModelSource.h
kquickcharts-6.14.0/src/datasource/SingleValueSource.cpp
kquickcharts-6.14.0/src/datasource/SingleValueSource.h
kquickcharts-6.14.0/src/scenegraph/
kquickcharts-6.14.0/src/scenegraph/BarChartMaterial.cpp
kquickcharts-6.14.0/src/scenegraph/BarChartMaterial.h
kquickcharts-6.14.0/src/scenegraph/BarChartNode.cpp
kquickcharts-6.14.0/src/scenegraph/BarChartNode.h
kquickcharts-6.14.0/src/scenegraph/LineChartMaterial.cpp
kquickcharts-6.14.0/src/scenegraph/LineChartMaterial.h
kquickcharts-6.14.0/src/scenegraph/LineChartNode.cpp
kquickcharts-6.14.0/src/scenegraph/LineChartNode.h
kquickcharts-6.14.0/src/scenegraph/LineSegmentNode.cpp
kquickcharts-6.14.0/src/scenegraph/LineSegmentNode.h
kquickcharts-6.14.0/src/scenegraph/PieChartMaterial.cpp
kquickcharts-6.14.0/src/scenegraph/PieChartMaterial.h
kquickcharts-6.14.0/src/scenegraph/PieChartNode.cpp
kquickcharts-6.14.0/src/scenegraph/PieChartNode.h
kquickcharts-6.14.0/src/scenegraph/SDFShader.cpp
kquickcharts-6.14.0/src/scenegraph/SDFShader.h
kquickcharts-6.14.0/src/shaders/
kquickcharts-6.14.0/src/shaders/barchart.frag
kquickcharts-6.14.0/src/shaders/barchart.vert
kquickcharts-6.14.0/src/shaders/linechart.frag
kquickcharts-6.14.0/src/shaders/linechart.vert
kquickcharts-6.14.0/src/shaders/piechart.frag
kquickcharts-6.14.0/src/shaders/piechart.vert
kquickcharts-6.14.0/src/shaders/sdf.glsl
/home/omen/GITHUB/PLASMA_WORLD/AthOS/REPO-AthOS/kquickcharts/work
README or README.md already exists, skipping creation.
hm...lets continue and see what happens
-- The C compiler identification is GNU 14.2.0
-- The CXX compiler identification is GNU 14.2.0
-- Detecting C compiler ABI info
-- Detecting C compiler ABI info - done
-- Check for working C compiler: /usr/bin/cc - skipped
-- Detecting C compile features
-- Detecting C compile features - done
-- Detecting CXX compiler ABI info
-- Detecting CXX compiler ABI info - done
-- Check for working CXX compiler: /usr/bin/c++ - skipped
-- Detecting CXX compile features
-- Detecting CXX compile features - done
-- 

-- Installing in the same prefix as Qt, adopting their path scheme.
-- Performing Test HAVE_STDATOMIC
-- Performing Test HAVE_STDATOMIC - Success
-- Found WrapAtomic: TRUE
-- Looking for __GLIBC__
-- Looking for __GLIBC__ - found
-- Performing Test _OFFT_IS_64BIT
-- Performing Test _OFFT_IS_64BIT - Success
-- Performing Test HAVE_DATE_TIME
-- Performing Test HAVE_DATE_TIME - Success
-- Performing Test BSYMBOLICFUNCTIONS_AVAILABLE
-- Performing Test BSYMBOLICFUNCTIONS_AVAILABLE - Success
-- Found OpenGL: /usr/lib64/libOpenGL.so
-- Found WrapOpenGL: TRUE
-- Found XKB: /usr/lib64/libxkbcommon.so (found suitable version "1.9.2", minimum required is "0.5.0")
-- Found WrapVulkanHeaders: /usr/include
shaders/barchart.vert -> barchart.vert.qsb exposed as :/qt/qml/org/kde/quickcharts/shaders//barchart.vert.qsb
shaders/barchart.frag -> barchart.frag.qsb exposed as :/qt/qml/org/kde/quickcharts/shaders//barchart.frag.qsb
shaders/linechart.vert -> linechart.vert.qsb exposed as :/qt/qml/org/kde/quickcharts/shaders//linechart.vert.qsb
shaders/linechart.frag -> linechart.frag.qsb exposed as :/qt/qml/org/kde/quickcharts/shaders//linechart.frag.qsb
shaders/piechart.vert -> piechart.vert.qsb exposed as :/qt/qml/org/kde/quickcharts/shaders//piechart.vert.qsb
shaders/piechart.frag -> piechart.frag.qsb exposed as :/qt/qml/org/kde/quickcharts/shaders//piechart.frag.qsb
-- Performing Test COMPILER_HAS_HIDDEN_VISIBILITY
-- Performing Test COMPILER_HAS_HIDDEN_VISIBILITY - Success
-- Performing Test COMPILER_HAS_HIDDEN_INLINE_VISIBILITY
-- Performing Test COMPILER_HAS_HIDDEN_INLINE_VISIBILITY - Success
-- Performing Test COMPILER_HAS_DEPRECATED_ATTR
-- Performing Test COMPILER_HAS_DEPRECATED_ATTR - Success
-- The following OPTIONAL packages have been found:

 * Qt6Core
 * Qt6Qml
 * Qt6QmlTools (required version >= 6.8.3)
 * Qt6QuickTools (required version >= 6.8.3)
 * OpenGL
 * XKB (required version >= 0.5.0), XKB API common to servers and clients., <http://xkbcommon.org>
 * Qt6GuiTools (required version >= 6.8.3)
 * Qt6CoreTools (required version >= 6.8.3)
 * Qt6DBusTools (required version >= 6.8.3)
 * WrapVulkanHeaders
 * Qt6Quick (required version >= 6.7.0)
 * Qt6QuickControls2 (required version >= 6.7.0)
 * Qt6ShaderToolsTools (required version >= 6.8.3)
 * Qt6ShaderTools (required version >= 6.7.0)
 * Qt6QuickTest

-- The following REQUIRED packages have been found:

 * ECM (required version >= 6.14.0), Extra CMake Modules., <https://commits.kde.org/extra-cmake-modules>
 * Qt6

-- Configuring done (1.3s)
-- Generating done (0.1s)
-- Build files have been written to: /home/omen/GITHUB/PLASMA_WORLD/AthOS/REPO-AthOS/kquickcharts/work/kquickcharts-6.14.0/build
[1/105] Copying QuickChartsControls qml resources into build dir
[2/105] Copying QuickChartsControls qml sources into build dir
[3/105] Generating .qsb/linechart.vert.qsb
spirv-opt -O /tmp/qsb-nyWUcL/qsb_spv_temp -o /tmp/qsb-nyWUcL/qsb_spv_temp_out
spirv-opt -O /tmp/qsb-nyWUcL/qsb_spv_temp -o /tmp/qsb-nyWUcL/qsb_spv_temp_out
[4/105] Generating .qsb/piechart.vert.qsb
spirv-opt -O /tmp/qsb-oezeUq/qsb_spv_temp -o /tmp/qsb-oezeUq/qsb_spv_temp_out
spirv-opt -O /tmp/qsb-oezeUq/qsb_spv_temp -o /tmp/qsb-oezeUq/qsb_spv_temp_out
[5/105] Generating .qsb/piechart.frag.qsb
spirv-opt -O /tmp/qsb-cTibgo/qsb_spv_temp -o /tmp/qsb-cTibgo/qsb_spv_temp_out
[6/105] Generating .qsb/barchart.vert.qsb
spirv-opt -O /tmp/qsb-TjRdXC/qsb_spv_temp -o /tmp/qsb-TjRdXC/qsb_spv_temp_out
spirv-opt -O /tmp/qsb-TjRdXC/qsb_spv_temp -o /tmp/qsb-TjRdXC/qsb_spv_temp_out
[7/105] Generating .qsb/linechart.frag.qsb
spirv-opt -O /tmp/qsb-EfYFnD/qsb_spv_temp -o /tmp/qsb-EfYFnD/qsb_spv_temp_out
[8/105] Generating .qsb/barchart.frag.qsb
spirv-opt -O /tmp/qsb-rZtbKq/qsb_spv_temp -o /tmp/qsb-rZtbKq/qsb_spv_temp_out
[9/105] Automatic MOC for target QuickCharts
[10/105] Running AUTOMOC file extraction for target QuickCharts
[11/105] Running rcc for resource qmake_org_kde_quickcharts
[12/105] Running rcc for resource shaders
[13/105] Running moc --collect-json for target QuickCharts
[14/105] Automatic QML type registration for target QuickCharts
[15/105] Building CXX object src/CMakeFiles/QuickCharts.dir/QuickCharts_autogen/mocs_compilation.cpp.o
[16/105] Building CXX object src/CMakeFiles/QuickCharts.dir/.qt/rcc/qrc_qmake_org_kde_quickcharts.cpp.o
[17/105] Building CXX object src/CMakeFiles/QuickCharts.dir/scenegraph/BarChartMaterial.cpp.o
[18/105] Building CXX object src/CMakeFiles/QuickCharts.dir/scenegraph/BarChartNode.cpp.o
[19/105] Building CXX object src/CMakeFiles/QuickCharts.dir/datasource/SingleValueSource.cpp.o
[20/105] Building CXX object src/CMakeFiles/QuickCharts.dir/datasource/ArraySource.cpp.o
[21/105] Building CXX object src/CMakeFiles/QuickCharts.dir/RangeGroup.cpp.o
[22/105] Building CXX object src/CMakeFiles/QuickCharts.dir/datasource/HistoryProxySource.cpp.o
[23/105] Building CXX object src/CMakeFiles/QuickCharts.dir/scenegraph/LineChartMaterial.cpp.o
[24/105] Building CXX object src/CMakeFiles/QuickCharts.dir/datasource/ColorGradientSource.cpp.o
[25/105] Building CXX object src/CMakeFiles/QuickCharts.dir/.qt/rcc/qrc_shaders.cpp.o
[26/105] Building CXX object src/CMakeFiles/QuickCharts.dir/datasource/ChartDataSource.cpp.o
[27/105] Building CXX object src/CMakeFiles/QuickCharts.dir/datasource/ChartAxisSource.cpp.o
[28/105] Building CXX object src/CMakeFiles/QuickCharts.dir/scenegraph/LineSegmentNode.cpp.o
[29/105] Building CXX object src/CMakeFiles/QuickCharts.dir/scenegraph/PieChartMaterial.cpp.o
[30/105] Building CXX object src/CMakeFiles/QuickCharts.dir/scenegraph/LineChartNode.cpp.o
[31/105] Building CXX object src/CMakeFiles/QuickCharts.dir/datasource/MapProxySource.cpp.o
[32/105] Building CXX object src/CMakeFiles/QuickCharts.dir/datasource/ModelSource.cpp.o
[33/105] Building CXX object src/CMakeFiles/QuickCharts.dir/ItemBuilder.cpp.o
[34/105] Building CXX object src/CMakeFiles/QuickCharts.dir/Chart.cpp.o
[35/105] Building CXX object src/CMakeFiles/QuickCharts.dir/XYChart.cpp.o
[36/105] Building CXX object src/CMakeFiles/QuickCharts.dir/PieChart.cpp.o
[37/105] Building CXX object src/CMakeFiles/QuickCharts.dir/charts_general_logging.cpp.o
[38/105] Building CXX object src/CMakeFiles/QuickCharts.dir/BarChart.cpp.o
[39/105] Building CXX object src/CMakeFiles/QuickCharts.dir/charts_deprecated_logging.cpp.o
[40/105] Building CXX object src/CMakeFiles/QuickCharts.dir/LineChart.cpp.o
[41/105] Building CXX object src/CMakeFiles/QuickCharts.dir/quickcharts_qmltyperegistrations.cpp.o
[42/105] Building CXX object src/CMakeFiles/QuickCharts.dir/scenegraph/SDFShader.cpp.o
[43/105] Building CXX object src/CMakeFiles/QuickCharts.dir/charts_datasource_logging.cpp.o
[44/105] Building CXX object src/CMakeFiles/QuickCharts.dir/scenegraph/PieChartNode.cpp.o
[45/105] Linking CXX shared library bin/libQuickCharts.so.6.14.0
[46/105] Creating library symlink bin/libQuickCharts.so.1 bin/libQuickCharts.so
[47/105] Automatic MOC for target qmltest
[48/105] Building CXX object autotests/CMakeFiles/qmltest.dir/qmltest_autogen/mocs_compilation.cpp.o
[49/105] Automatic MOC for target QuickChartsplugin
[50/105] Building CXX object src/CMakeFiles/QuickChartsplugin.dir/QuickChartsplugin_autogen/mocs_compilation.cpp.o
[51/105] Automatic MOC for target MapProxySourceTest
[52/105] Automatic MOC for target HistoryProxySourceTest
[53/105] Building CXX object autotests/CMakeFiles/MapProxySourceTest.dir/MapProxySourceTest_autogen/mocs_compilation.cpp.o
[54/105] Building CXX object autotests/CMakeFiles/HistoryProxySourceTest.dir/HistoryProxySourceTest_autogen/mocs_compilation.cpp.o
[55/105] Automatic MOC for target QuickChartsControls
[56/105] Running AUTOMOC file extraction for target QuickChartsControls
[57/105] Automatic MOC for target ArraySourceTest
[58/105] Running rcc for resource qmake_org_kde_quickcharts_controls
[59/105] Running moc --collect-json for target QuickChartsControls
[60/105] Generating .rcc/qmlcache/QuickChartsControls_qmlcache_loader.cpp
[61/105] Running rcc for resource QuickChartsControls_raw_qml_0
[62/105] Building CXX object autotests/CMakeFiles/ArraySourceTest.dir/ArraySourceTest_autogen/mocs_compilation.cpp.o
[63/105] Automatic MOC for target ItemBuilderTest
[64/105] Automatic QML type registration for target QuickChartsControls
[65/105] Building CXX object autotests/CMakeFiles/ItemBuilderTest.dir/ItemBuilderTest_autogen/mocs_compilation.cpp.o
[66/105] Generating .rcc/qmlcache/QuickChartsControls_LegendDelegate_qml.cpp
[67/105] Generating .rcc/qmlcache/QuickChartsControls_Theme_qml.cpp
[68/105] Generating .rcc/qmlcache/QuickChartsControls_PieChartControl_qml.cpp
[69/105] Generating .rcc/qmlcache/QuickChartsControls_KirigamiTheme_qml.cpp
[70/105] Generating .rcc/qmlcache/QuickChartsControls_LineChartControl_qml.cpp
[71/105] Generating .rcc/qmlcache/QuickChartsControls_Legend_qml.cpp
[72/105] Building CXX object controls/CMakeFiles/QuickChartsControls.dir/QuickChartsControls_autogen/mocs_compilation.cpp.o
[73/105] Building CXX object controls/CMakeFiles/QuickChartsControls.dir/.qt/rcc/qrc_qmake_org_kde_quickcharts_controls.cpp.o
[74/105] Building CXX object controls/CMakeFiles/QuickChartsControls.dir/.qt/rcc/qrc_QuickChartsControls_raw_qml_0.cpp.o
[75/105] Building CXX object controls/CMakeFiles/QuickChartsControls.dir/.rcc/qmlcache/QuickChartsControls_LegendDelegate_qml.cpp.o
[76/105] Building CXX object controls/CMakeFiles/QuickChartsControls.dir/.rcc/qmlcache/QuickChartsControls_Legend_qml.cpp.o
[77/105] Building CXX object src/CMakeFiles/QuickChartsplugin.dir/QuickChartsplugin_org_kde_quickchartsPlugin.cpp.o
[78/105] Building CXX object controls/CMakeFiles/QuickChartsControls.dir/LineGridNode.cpp.o
[79/105] Building CXX object controls/CMakeFiles/QuickChartsControls.dir/.rcc/qmlcache/QuickChartsControls_PieChartControl_qml.cpp.o
[80/105] Linking CXX shared module bin/org/kde/quickcharts/libQuickChartsplugin.so
[81/105] Building CXX object controls/CMakeFiles/QuickChartsControls.dir/.rcc/qmlcache/QuickChartsControls_qmlcache_loader.cpp.o
[82/105] Building CXX object controls/CMakeFiles/QuickChartsControls.dir/.rcc/qmlcache/QuickChartsControls_LineChartControl_qml.cpp.o
[83/105] Building CXX object controls/CMakeFiles/QuickChartsControls.dir/.rcc/qmlcache/QuickChartsControls_Theme_qml.cpp.o
[84/105] Building CXX object autotests/CMakeFiles/HistoryProxySourceTest.dir/HistoryProxySourceTest.cpp.o
[85/105] Building CXX object controls/CMakeFiles/QuickChartsControls.dir/AxisLabels.cpp.o
[86/105] Building CXX object autotests/CMakeFiles/MapProxySourceTest.dir/MapProxySourceTest.cpp.o
[87/105] Building CXX object controls/CMakeFiles/QuickChartsControls.dir/.rcc/qmlcache/QuickChartsControls_KirigamiTheme_qml.cpp.o
[88/105] Building CXX object autotests/CMakeFiles/ArraySourceTest.dir/ArraySourceTest.cpp.o
[89/105] Building CXX object controls/CMakeFiles/QuickChartsControls.dir/LegendModel.cpp.o
[90/105] Linking CXX executable bin/HistoryProxySourceTest
[91/105] Linking CXX executable bin/MapProxySourceTest
[92/105] Linking CXX executable bin/ArraySourceTest
[93/105] Building CXX object controls/CMakeFiles/QuickChartsControls.dir/LegendLayout.cpp.o
[94/105] Building CXX object autotests/CMakeFiles/qmltest.dir/qmltest.cpp.o
[95/105] Building CXX object controls/CMakeFiles/QuickChartsControls.dir/GridLines.cpp.o
[96/105] Linking CXX executable bin/qmltest
[97/105] Building CXX object controls/CMakeFiles/QuickChartsControls.dir/quickchartscontrols_qmltyperegistrations.cpp.o
[98/105] Linking CXX shared library bin/libQuickChartsControls.so.6.14.0
[99/105] Creating library symlink bin/libQuickChartsControls.so.1 bin/libQuickChartsControls.so
[100/105] Building CXX object autotests/CMakeFiles/ItemBuilderTest.dir/ItemBuilderTest.cpp.o
[101/105] Automatic MOC for target QuickChartsControlsplugin
[102/105] Building CXX object controls/CMakeFiles/QuickChartsControlsplugin.dir/QuickChartsControlsplugin_autogen/mocs_compilation.cpp.o
[103/105] Linking CXX executable bin/ItemBuilderTest
[104/105] Building CXX object controls/CMakeFiles/QuickChartsControlsplugin.dir/QuickChartsControlsplugin_org_kde_quickcharts_controlsPlugin.cpp.o
[105/105] Linking CXX shared module bin/org/kde/quickcharts/controls/libQuickChartsControlsplugin.so
-- Install configuration: "RelWithDebInfo"
-- Installing: /home/omen/GITHUB/PLASMA_WORLD/AthOS/REPO-AthOS/kquickcharts/package-kquickcharts/usr/lib64/qt6/qml/org/kde/quickcharts/controls/libQuickChartsControlsplugin.so
-- Set non-toolchain portion of runtime path of "/home/omen/GITHUB/PLASMA_WORLD/AthOS/REPO-AthOS/kquickcharts/package-kquickcharts/usr/lib64/qt6/qml/org/kde/quickcharts/controls/libQuickChartsControlsplugin.so" to "$ORIGIN/../../../../../lib64"
-- Installing: /home/omen/GITHUB/PLASMA_WORLD/AthOS/REPO-AthOS/kquickcharts/package-kquickcharts/usr/lib64/qt6/qml/org/kde/quickcharts/controls/qmldir
-- Installing: /home/omen/GITHUB/PLASMA_WORLD/AthOS/REPO-AthOS/kquickcharts/package-kquickcharts/usr/lib64/qt6/qml/org/kde/quickcharts/controls/QuickChartsControls.qmltypes
-- Installing: /home/omen/GITHUB/PLASMA_WORLD/AthOS/REPO-AthOS/kquickcharts/package-kquickcharts/usr/lib64/qt6/qml/org/kde/quickcharts/controls/Legend.qml
-- Installing: /home/omen/GITHUB/PLASMA_WORLD/AthOS/REPO-AthOS/kquickcharts/package-kquickcharts/usr/lib64/qt6/qml/org/kde/quickcharts/controls/LegendDelegate.qml
-- Installing: /home/omen/GITHUB/PLASMA_WORLD/AthOS/REPO-AthOS/kquickcharts/package-kquickcharts/usr/lib64/qt6/qml/org/kde/quickcharts/controls/LineChartControl.qml
-- Installing: /home/omen/GITHUB/PLASMA_WORLD/AthOS/REPO-AthOS/kquickcharts/package-kquickcharts/usr/lib64/qt6/qml/org/kde/quickcharts/controls/PieChartControl.qml
-- Installing: /home/omen/GITHUB/PLASMA_WORLD/AthOS/REPO-AthOS/kquickcharts/package-kquickcharts/usr/lib64/qt6/qml/org/kde/quickcharts/controls/Theme.qml
-- Installing: /home/omen/GITHUB/PLASMA_WORLD/AthOS/REPO-AthOS/kquickcharts/package-kquickcharts/usr/lib64/qt6/qml/org/kde/quickcharts/controls/KirigamiTheme.qml
-- Installing: /home/omen/GITHUB/PLASMA_WORLD/AthOS/REPO-AthOS/kquickcharts/package-kquickcharts/usr/lib64/qt6/qml/org/kde/quickcharts/controls/kde-qmlmodule.version
-- Installing: /home/omen/GITHUB/PLASMA_WORLD/AthOS/REPO-AthOS/kquickcharts/package-kquickcharts/usr/lib64/libQuickChartsControls.so.6.14.0
-- Installing: /home/omen/GITHUB/PLASMA_WORLD/AthOS/REPO-AthOS/kquickcharts/package-kquickcharts/usr/lib64/libQuickChartsControls.so.1
-- Set non-toolchain portion of runtime path of "/home/omen/GITHUB/PLASMA_WORLD/AthOS/REPO-AthOS/kquickcharts/package-kquickcharts/usr/lib64/libQuickChartsControls.so.6.14.0" to ""
-- Installing: /home/omen/GITHUB/PLASMA_WORLD/AthOS/REPO-AthOS/kquickcharts/package-kquickcharts/usr/lib64/libQuickChartsControls.so
-- Installing: /home/omen/GITHUB/PLASMA_WORLD/AthOS/REPO-AthOS/kquickcharts/package-kquickcharts/usr/lib64/qt6/qml/org/kde/quickcharts/libQuickChartsplugin.so
-- Set non-toolchain portion of runtime path of "/home/omen/GITHUB/PLASMA_WORLD/AthOS/REPO-AthOS/kquickcharts/package-kquickcharts/usr/lib64/qt6/qml/org/kde/quickcharts/libQuickChartsplugin.so" to "$ORIGIN/../../../../lib64"
-- Installing: /home/omen/GITHUB/PLASMA_WORLD/AthOS/REPO-AthOS/kquickcharts/package-kquickcharts/usr/lib64/qt6/qml/org/kde/quickcharts/qmldir
-- Installing: /home/omen/GITHUB/PLASMA_WORLD/AthOS/REPO-AthOS/kquickcharts/package-kquickcharts/usr/lib64/qt6/qml/org/kde/quickcharts/QuickCharts.qmltypes
-- Installing: /home/omen/GITHUB/PLASMA_WORLD/AthOS/REPO-AthOS/kquickcharts/package-kquickcharts/usr/lib64/qt6/qml/org/kde/quickcharts/kde-qmlmodule.version
-- Installing: /home/omen/GITHUB/PLASMA_WORLD/AthOS/REPO-AthOS/kquickcharts/package-kquickcharts/usr/share/qlogging-categories6/kquickcharts.categories
-- Installing: /home/omen/GITHUB/PLASMA_WORLD/AthOS/REPO-AthOS/kquickcharts/package-kquickcharts/usr/lib64/libQuickCharts.so.6.14.0
-- Installing: /home/omen/GITHUB/PLASMA_WORLD/AthOS/REPO-AthOS/kquickcharts/package-kquickcharts/usr/lib64/libQuickCharts.so.1
-- Installing: /home/omen/GITHUB/PLASMA_WORLD/AthOS/REPO-AthOS/kquickcharts/package-kquickcharts/usr/lib64/libQuickCharts.so
-- Installing: /home/omen/GITHUB/PLASMA_WORLD/AthOS/REPO-AthOS/kquickcharts/package-kquickcharts/usr/lib64/cmake/KF6QuickCharts/KF6QuickChartsConfig.cmake
-- Installing: /home/omen/GITHUB/PLASMA_WORLD/AthOS/REPO-AthOS/kquickcharts/package-kquickcharts/usr/lib64/cmake/KF6QuickCharts/KF6QuickChartsConfigVersion.cmake
-- Installing: /home/omen/GITHUB/PLASMA_WORLD/AthOS/REPO-AthOS/kquickcharts/package-kquickcharts/usr/lib64/cmake/KF6QuickCharts/KF6QuickChartsTargets.cmake
-- Installing: /home/omen/GITHUB/PLASMA_WORLD/AthOS/REPO-AthOS/kquickcharts/package-kquickcharts/usr/lib64/cmake/KF6QuickCharts/KF6QuickChartsTargets-relwithdebinfo.cmake
The main part of source code is ready. We are moving on to preparing post install scripts, docs, license, man pages etc..
cp: cannot stat 'AUTHORS': No such file or directory
cp: cannot stat 'ChangeLog*': No such file or directory
cp: cannot stat 'COPYING': No such file or directory
cp: cannot stat 'CREDITS': No such file or directory
cp: cannot stat 'LICENSE': No such file or directory
cp: cannot stat 'MAINTAINERS': No such file or directory
cp: cannot stat 'NEWS': No such file or directory
cp: cannot stat 'DOCS': No such file or directory
grep: /home/omen/GITHUB/PLASMA_WORLD/AthOS/REPO-AthOS/kquickcharts/kquickcharts.info: No such file or directory
extra-cmake-modules
Packaging compiled for slackware installation...
MAKEPKG_FLAGS is empty or unset, using default

Slackware package maker, version 3.14159265.

Searching for symbolic links:
usr/lib64/libQuickCharts.so	libQuickCharts.so.1
usr/lib64/libQuickCharts.so.1	libQuickCharts.so.6.14.0
usr/lib64/libQuickChartsControls.so	libQuickChartsControls.so.1
usr/lib64/libQuickChartsControls.so.1	libQuickChartsControls.so.6.14.0

Making symbolic link creation script:
( cd usr/lib64 ; rm -rf libQuickCharts.so )
( cd usr/lib64 ; ln -sf libQuickCharts.so.1 libQuickCharts.so )
( cd usr/lib64 ; rm -rf libQuickCharts.so.1 )
( cd usr/lib64 ; ln -sf libQuickCharts.so.6.14.0 libQuickCharts.so.1 )
( cd usr/lib64 ; rm -rf libQuickChartsControls.so )
( cd usr/lib64 ; ln -sf libQuickChartsControls.so.1 libQuickChartsControls.so )
( cd usr/lib64 ; rm -rf libQuickChartsControls.so.1 )
( cd usr/lib64 ; ln -sf libQuickChartsControls.so.6.14.0 libQuickChartsControls.so.1 )

Unless your existing installation script already contains the code
to create these links, you should append these lines to your existing
install script. Now's your chance. :^)

Would you like to add this stuff to the existing install script and
remove the symbolic links ([y]es, [n]o)? y


Removing symbolic links:
removed './usr/lib64/libQuickChartsControls.so'
removed './usr/lib64/libQuickCharts.so.1'
removed './usr/lib64/libQuickChartsControls.so.1'
removed './usr/lib64/libQuickCharts.so'

Updating your ./install/doinst.sh...

This next step is optional - you can set the directories in your package
to some sane permissions. If any of the directories in your package have
special permissions, then DO NOT reset them here!

Would you like to reset all directory permissions to 755 (drwxr-xr-x) and
directory ownerships to root:root ([y]es, [n]o)? n


Creating Slackware package:  /tmp/kquickcharts/kquickcharts-6.14.0-x86_64-1_rtz.tlz

./
install/
install/doinst.sh
install/slack-desc
usr/
usr/doc/
usr/doc/kquickcharts-6.14.0/
usr/doc/kquickcharts-6.14.0/README.md
usr/doc/kquickcharts-6.14.0/docs/
usr/doc/kquickcharts-6.14.0/docs/Doxyfile.local
usr/doc/kquickcharts-6.14.0/docs/pics/
usr/doc/kquickcharts-6.14.0/docs/pics/barchart.png
usr/doc/kquickcharts-6.14.0/docs/pics/linechart.png
usr/doc/kquickcharts-6.14.0/docs/pics/piechart.png
usr/doc/kquickcharts-6.14.0/kquickcharts.ini
usr/doc/kquickcharts-6.14.0/slack-required
usr/lib64/
usr/lib64/cmake/
usr/lib64/cmake/KF6QuickCharts/
usr/lib64/cmake/KF6QuickCharts/KF6QuickChartsConfig.cmake
usr/lib64/cmake/KF6QuickCharts/KF6QuickChartsConfigVersion.cmake
usr/lib64/cmake/KF6QuickCharts/KF6QuickChartsTargets-relwithdebinfo.cmake
usr/lib64/cmake/KF6QuickCharts/KF6QuickChartsTargets.cmake
usr/lib64/libQuickCharts.so.6.14.0
usr/lib64/libQuickChartsControls.so.6.14.0
usr/lib64/qt6/
usr/lib64/qt6/qml/
usr/lib64/qt6/qml/org/
usr/lib64/qt6/qml/org/kde/
usr/lib64/qt6/qml/org/kde/quickcharts/
usr/lib64/qt6/qml/org/kde/quickcharts/QuickCharts.qmltypes
usr/lib64/qt6/qml/org/kde/quickcharts/controls/
usr/lib64/qt6/qml/org/kde/quickcharts/controls/KirigamiTheme.qml
usr/lib64/qt6/qml/org/kde/quickcharts/controls/Legend.qml
usr/lib64/qt6/qml/org/kde/quickcharts/controls/LegendDelegate.qml
usr/lib64/qt6/qml/org/kde/quickcharts/controls/LineChartControl.qml
usr/lib64/qt6/qml/org/kde/quickcharts/controls/PieChartControl.qml
usr/lib64/qt6/qml/org/kde/quickcharts/controls/QuickChartsControls.qmltypes
usr/lib64/qt6/qml/org/kde/quickcharts/controls/Theme.qml
usr/lib64/qt6/qml/org/kde/quickcharts/controls/kde-qmlmodule.version
usr/lib64/qt6/qml/org/kde/quickcharts/controls/libQuickChartsControlsplugin.so
usr/lib64/qt6/qml/org/kde/quickcharts/controls/qmldir
usr/lib64/qt6/qml/org/kde/quickcharts/kde-qmlmodule.version
usr/lib64/qt6/qml/org/kde/quickcharts/libQuickChartsplugin.so
usr/lib64/qt6/qml/org/kde/quickcharts/qmldir
usr/share/
usr/share/qlogging-categories6/
usr/share/qlogging-categories6/kquickcharts.categories

Slackware package /tmp/kquickcharts/kquickcharts-6.14.0-x86_64-1_rtz.tlz created.

Create shared object file for kquickcharts-6.14.0-x86_64-1_rtz.tlz
Creating /tmp/kquickcharts/kquickcharts-6.14.0-x86_64-1_rtz.tlz.so.file using /tmp/kquickcharts/kquickcharts-6.14.0-x86_64-1_rtz.tlz
Successfully created /tmp/kquickcharts/kquickcharts-6.14.0-x86_64-1_rtz.tlz.so.file
Packaging of executable and meta-data in kquickcharts.tar.lz4 format.
/tmp/kquickcharts /tmp/kquickcharts
/tmp/kquickcharts
BIN_NAME
README
kquickcharts-6.14.0-x86_64-1_rtz.tlz
kquickcharts-6.14.0-x86_64-1_rtz.tlz.md5
kquickcharts-6.14.0-x86_64-1_rtz.tlz.so.file
kquickcharts-6.14.0-x86_64-1_rtz.tlz.txt
kquickcharts.dep
makepkg-kquickcharts.log
kquickcharts build finished. Procced to installation...

+=================================================================================================================+
| Upgrading kquickcharts-6.14.0-x86_64-1_rtz package using /tmp/kquickcharts/kquickcharts-6.14.0-x86_64-1_rtz.tlz |
+=================================================================================================================+

Pre-installing package kquickcharts-6.14.0-x86_64-1_rtz...
Removing package: kquickcharts-6.14.0-x86_64-1_rtz-upgraded-2025-05-14,21:45:51
Installing package kquickcharts-6.14.0-x86_64-1_rtz.tlz:
PACKAGE DESCRIPTION:
# kquickcharts (QtQuick plugin)
#
# A QtQuick plugin providing high-performance charts
#
# https://community.kde.org/Frameworks
Executing install script for kquickcharts-6.14.0-x86_64-1_rtz.tlz.
Font directories:
	/usr/share/fonts
/usr/share/fonts: caching, new cache contents: 0 fonts, 11 dirs
/usr/share/fonts/100dpi: caching, new cache contents: 238 fonts, 0 dirs
/usr/share/fonts/75dpi: caching, new cache contents: 238 fonts, 0 dirs
/usr/share/fonts/OTF: caching, new cache contents: 124 fonts, 0 dirs
/usr/share/fonts/Speedo: caching, new cache contents: 0 fonts, 0 dirs
/usr/share/fonts/TTF: caching, new cache contents: 1132 fonts, 0 dirs
/usr/share/fonts/Type1: caching, new cache contents: 64 fonts, 0 dirs
/usr/share/fonts/cyrillic: caching, new cache contents: 0 fonts, 0 dirs
/usr/share/fonts/encodings: caching, new cache contents: 0 fonts, 1 dirs
/usr/share/fonts/encodings/large: caching, new cache contents: 0 fonts, 0 dirs
/usr/share/fonts/kanjistrokeorders: caching, new cache contents: 1 fonts, 0 dirs
/usr/share/fonts/misc: caching, new cache contents: 143 fonts, 0 dirs
/usr/share/fonts/util: caching, new cache contents: 0 fonts, 0 dirs
/var/cache/fontconfig: cleaning cache directory
/root/.cache/fontconfig: not cleaning non-existent cache directory
/root/.fontconfig: not cleaning non-existent cache directory
/usr/bin/fc-cache: succeeded
Package kquickcharts-6.14.0-x86_64-1_rtz.tlz installed.
Package kquickcharts-6.14.0-x86_64-1_rtz upgraded with new package /tmp/kquickcharts/kquickcharts-6.14.0-x86_64-1_rtz.tlz.
Cleaning environmet: Removing source code, and work-space...
rm: cannot remove 'kquickcharts-6.14.0.tar.xz': No such file or directory
