[32mStarting build process...[0m
Detected architecture: x86_64
Required dependencies: extra-cmake-modules	kdbusaddons	kguiaddons	kiconthemes	kio	knotifications	ktextwidgets	kwindowsystem
extra-cmake-modules is already installed!
kdbusaddons is already installed!
kguiaddons is already installed!
kiconthemes is already installed!
kio is already installed!
knotifications is already installed!
ktextwidgets is already installed!
kwindowsystem is already installed!
No optional dependencies found.
Downloading source code tar.xz file
--2025-05-21 15:58:29--  https://download.kde.org/stable/release-service/25.04.1/src/kdialog-25.04.1.tar.xz
Resolving download.kde.org (download.kde.org)... 49.12.122.15, 2a01:4f8:242:53eb::4
Connecting to download.kde.org (download.kde.org)|49.12.122.15|:443... connected.
HTTP request sent, awaiting response... 302 Found
Location: https://ftp.cc.uoc.gr/mirrors/kde/stable/release-service/25.04.1/src/kdialog-25.04.1.tar.xz [following]
--2025-05-21 15:58:29--  https://ftp.cc.uoc.gr/mirrors/kde/stable/release-service/25.04.1/src/kdialog-25.04.1.tar.xz
Resolving ftp.cc.uoc.gr (ftp.cc.uoc.gr)... 147.52.159.50, 2001:648:2c00:6c08::2
Connecting to ftp.cc.uoc.gr (ftp.cc.uoc.gr)|147.52.159.50|:443... connected.
HTTP request sent, awaiting response... 200 OK
Length: 149388 (146K) [application/octet-stream]
Saving to: ‘kdialog-25.04.1.tar.xz’

     0K .......... .......... .......... .......... .......... 34% 1.34M 0s
    50K .......... .......... .......... .......... .......... 68% 1.46M 0s
   100K .......... .......... .......... .......... .....     100% 8.95M=0.07s

2025-05-21 15:58:30 (1.90 MB/s) - ‘kdialog-25.04.1.tar.xz’ saved [149388/149388]

Found file: kdialog-25.04.1.tar.xz
No checksum provided. Skipping checksum verification and proceeding...
Creating working directories and exporting source code in...
kdialog-25.04.1/
kdialog-25.04.1/README.md
kdialog-25.04.1/CMakePresets.json
kdialog-25.04.1/LICENSES/
kdialog-25.04.1/LICENSES/GPL-2.0-or-later.txt
kdialog-25.04.1/.gitlab-ci.yml
kdialog-25.04.1/logo.png
kdialog-25.04.1/snapcraft.yaml
kdialog-25.04.1/tests/
kdialog-25.04.1/tests/progresscanceldemo
kdialog-25.04.1/tests/test
kdialog-25.04.1/tests/progressdemo
kdialog-25.04.1/.kde-ci.yml
kdialog-25.04.1/COPYING.DOC
kdialog-25.04.1/po/
kdialog-25.04.1/po/or/
kdialog-25.04.1/po/or/kdialog.po
kdialog-25.04.1/po/fa/
kdialog-25.04.1/po/fa/kdialog.po
kdialog-25.04.1/po/bg/
kdialog-25.04.1/po/bg/kdialog.po
kdialog-25.04.1/po/pt/
kdialog-25.04.1/po/pt/kdialog.po
kdialog-25.04.1/po/km/
kdialog-25.04.1/po/km/kdialog.po
kdialog-25.04.1/po/nn/
kdialog-25.04.1/po/nn/kdialog.po
kdialog-25.04.1/po/pl/
kdialog-25.04.1/po/pl/kdialog.po
kdialog-25.04.1/po/vi/
kdialog-25.04.1/po/vi/kdialog.po
kdialog-25.04.1/po/csb/
kdialog-25.04.1/po/csb/kdialog.po
kdialog-25.04.1/po/ja/
kdialog-25.04.1/po/ja/kdialog.po
kdialog-25.04.1/po/pa/
kdialog-25.04.1/po/pa/kdialog.po
kdialog-25.04.1/po/bs/
kdialog-25.04.1/po/bs/kdialog.po
kdialog-25.04.1/po/zh_CN/
kdialog-25.04.1/po/zh_CN/kdialog.po
kdialog-25.04.1/po/cs/
kdialog-25.04.1/po/cs/kdialog.po
kdialog-25.04.1/po/es/
kdialog-25.04.1/po/es/kdialog.po
kdialog-25.04.1/po/ka/
kdialog-25.04.1/po/ka/kdialog.po
kdialog-25.04.1/po/is/
kdialog-25.04.1/po/is/kdialog.po
kdialog-25.04.1/po/hsb/
kdialog-25.04.1/po/hsb/kdialog.po
kdialog-25.04.1/po/tr/
kdialog-25.04.1/po/tr/kdialog.po
kdialog-25.04.1/po/ug/
kdialog-25.04.1/po/ug/kdialog.po
kdialog-25.04.1/po/ca/
kdialog-25.04.1/po/ca/kdialog.po
kdialog-25.04.1/po/se/
kdialog-25.04.1/po/se/kdialog.po
kdialog-25.04.1/po/ca@valencia/
kdialog-25.04.1/po/ca@valencia/kdialog.po
kdialog-25.04.1/po/fy/
kdialog-25.04.1/po/fy/kdialog.po
kdialog-25.04.1/po/uz/
kdialog-25.04.1/po/uz/kdialog.po
kdialog-25.04.1/po/hr/
kdialog-25.04.1/po/hr/kdialog.po
kdialog-25.04.1/po/gl/
kdialog-25.04.1/po/gl/kdialog.po
kdialog-25.04.1/po/ro/
kdialog-25.04.1/po/ro/kdialog.po
kdialog-25.04.1/po/bn_IN/
kdialog-25.04.1/po/bn_IN/kdialog.po
kdialog-25.04.1/po/oc/
kdialog-25.04.1/po/oc/kdialog.po
kdialog-25.04.1/po/br/
kdialog-25.04.1/po/br/kdialog.po
kdialog-25.04.1/po/eo/
kdialog-25.04.1/po/eo/kdialog.po
kdialog-25.04.1/po/sr@ijekavian/
kdialog-25.04.1/po/sr@ijekavian/kdialog.po
kdialog-25.04.1/po/ku/
kdialog-25.04.1/po/ku/kdialog.po
kdialog-25.04.1/po/nl/
kdialog-25.04.1/po/nl/kdialog.po
kdialog-25.04.1/po/mr/
kdialog-25.04.1/po/mr/kdialog.po
kdialog-25.04.1/po/af/
kdialog-25.04.1/po/af/kdialog.po
kdialog-25.04.1/po/ml/
kdialog-25.04.1/po/ml/kdialog.po
kdialog-25.04.1/po/hu/
kdialog-25.04.1/po/hu/kdialog.po
kdialog-25.04.1/po/eu/
kdialog-25.04.1/po/eu/kdialog.po
kdialog-25.04.1/po/lv/
kdialog-25.04.1/po/lv/kdialog.po
kdialog-25.04.1/po/uz@cyrillic/
kdialog-25.04.1/po/uz@cyrillic/kdialog.po
kdialog-25.04.1/po/mk/
kdialog-25.04.1/po/mk/kdialog.po
kdialog-25.04.1/po/nb/
kdialog-25.04.1/po/nb/kdialog.po
kdialog-25.04.1/po/fr/
kdialog-25.04.1/po/fr/kdialog.po
kdialog-25.04.1/po/hi/
kdialog-25.04.1/po/hi/kdialog.po
kdialog-25.04.1/po/sl/
kdialog-25.04.1/po/sl/kdialog.po
kdialog-25.04.1/po/sr@latin/
kdialog-25.04.1/po/sr@latin/kdialog.po
kdialog-25.04.1/po/bn/
kdialog-25.04.1/po/bn/kdialog.po
kdialog-25.04.1/po/th/
kdialog-25.04.1/po/th/kdialog.po
kdialog-25.04.1/po/wa/
kdialog-25.04.1/po/wa/kdialog.po
kdialog-25.04.1/po/ta/
kdialog-25.04.1/po/ta/kdialog.po
kdialog-25.04.1/po/sr/
kdialog-25.04.1/po/sr/kdialog.po
kdialog-25.04.1/po/he/
kdialog-25.04.1/po/he/kdialog.po
kdialog-25.04.1/po/de/
kdialog-25.04.1/po/de/kdialog.po
kdialog-25.04.1/po/ar/
kdialog-25.04.1/po/ar/kdialog.po
kdialog-25.04.1/po/sk/
kdialog-25.04.1/po/sk/kdialog.po
kdialog-25.04.1/po/zh_TW/
kdialog-25.04.1/po/zh_TW/kdialog.po
kdialog-25.04.1/po/gu/
kdialog-25.04.1/po/gu/kdialog.po
kdialog-25.04.1/po/be@latin/
kdialog-25.04.1/po/be@latin/kdialog.po
kdialog-25.04.1/po/et/
kdialog-25.04.1/po/et/kdialog.po
kdialog-25.04.1/po/it/
kdialog-25.04.1/po/it/kdialog.po
kdialog-25.04.1/po/mai/
kdialog-25.04.1/po/mai/kdialog.po
kdialog-25.04.1/po/el/
kdialog-25.04.1/po/el/kdialog.po
kdialog-25.04.1/po/da/
kdialog-25.04.1/po/da/kdialog.po
kdialog-25.04.1/po/xh/
kdialog-25.04.1/po/xh/kdialog.po
kdialog-25.04.1/po/pt_BR/
kdialog-25.04.1/po/pt_BR/kdialog.po
kdialog-25.04.1/po/ru/
kdialog-25.04.1/po/ru/kdialog.po
kdialog-25.04.1/po/sq/
kdialog-25.04.1/po/sq/kdialog.po
kdialog-25.04.1/po/id/
kdialog-25.04.1/po/id/kdialog.po
kdialog-25.04.1/po/ia/
kdialog-25.04.1/po/ia/kdialog.po
kdialog-25.04.1/po/cy/
kdialog-25.04.1/po/cy/kdialog.po
kdialog-25.04.1/po/sv/
kdialog-25.04.1/po/sv/kdialog.po
kdialog-25.04.1/po/ne/
kdialog-25.04.1/po/ne/kdialog.po
kdialog-25.04.1/po/si/
kdialog-25.04.1/po/si/kdialog.po
kdialog-25.04.1/po/ms/
kdialog-25.04.1/po/ms/kdialog.po
kdialog-25.04.1/po/fi/
kdialog-25.04.1/po/fi/kdialog.po
kdialog-25.04.1/po/kk/
kdialog-25.04.1/po/kk/kdialog.po
kdialog-25.04.1/po/ast/
kdialog-25.04.1/po/ast/kdialog.po
kdialog-25.04.1/po/lt/
kdialog-25.04.1/po/lt/kdialog.po
kdialog-25.04.1/po/be/
kdialog-25.04.1/po/be/kdialog.po
kdialog-25.04.1/po/tg/
kdialog-25.04.1/po/tg/kdialog.po
kdialog-25.04.1/po/sa/
kdialog-25.04.1/po/sa/kdialog.po
kdialog-25.04.1/po/te/
kdialog-25.04.1/po/te/kdialog.po
kdialog-25.04.1/po/ko/
kdialog-25.04.1/po/ko/kdialog.po
kdialog-25.04.1/po/hne/
kdialog-25.04.1/po/hne/kdialog.po
kdialog-25.04.1/po/ga/
kdialog-25.04.1/po/ga/kdialog.po
kdialog-25.04.1/po/en_GB/
kdialog-25.04.1/po/en_GB/kdialog.po
kdialog-25.04.1/po/uk/
kdialog-25.04.1/po/uk/kdialog.po
kdialog-25.04.1/po/sr@ijekavianlatin/
kdialog-25.04.1/po/sr@ijekavianlatin/kdialog.po
kdialog-25.04.1/po/nds/
kdialog-25.04.1/po/nds/kdialog.po
kdialog-25.04.1/po/kn/
kdialog-25.04.1/po/kn/kdialog.po
kdialog-25.04.1/po/az/
kdialog-25.04.1/po/az/kdialog.po
kdialog-25.04.1/.flatpak-manifest.json
kdialog-25.04.1/CMakeLists.txt
kdialog-25.04.1/org.kde.kdialog.metainfo.xml
kdialog-25.04.1/src/
kdialog-25.04.1/src/utils.cpp
kdialog-25.04.1/src/utils.h
kdialog-25.04.1/src/org.kde.kdialog.desktop
kdialog-25.04.1/src/widgets.h
kdialog-25.04.1/src/kdialog.cpp
kdialog-25.04.1/src/Messages.sh
kdialog-25.04.1/src/kdialog_progress_helper.cpp
kdialog-25.04.1/src/progressdialog.cpp
kdialog-25.04.1/src/config-kdialog.h.in
kdialog-25.04.1/src/klistboxdialog.cpp
kdialog-25.04.1/src/widgets.cpp
kdialog-25.04.1/src/dialog-compat.txt
kdialog-25.04.1/src/klistboxdialog.h
kdialog-25.04.1/src/org.kde.kdialog.ProgressDialog.xml
kdialog-25.04.1/src/progressdialog.h
kdialog-25.04.1/src/CMakeLists.txt
kdialog-25.04.1/.gitignore
/home/omen/GITHUB/Athos/AthOS/REPO-AthOS/kdialog/work
README or README.md already exists, skipping creation.
hm...lets continue and see what happens
-- The C compiler identification is GNU 14.2.0
-- The CXX compiler identification is GNU 14.2.0
-- Detecting C compiler ABI info
-- Detecting C compiler ABI info - done
-- Check for working C compiler: /usr/bin/cc - skipped
-- Detecting C compile features
-- Detecting C compile features - done
-- Detecting CXX compiler ABI info
-- Detecting CXX compiler ABI info - done
-- Check for working CXX compiler: /usr/bin/c++ - skipped
-- Detecting CXX compile features
-- Detecting CXX compile features - done
-- Installing in the same prefix as Qt, adopting their path scheme.
-- Looking for __GLIBC__
-- Looking for __GLIBC__ - found
-- Performing Test _OFFT_IS_64BIT
-- Performing Test _OFFT_IS_64BIT - Success
-- Performing Test HAVE_DATE_TIME
-- Performing Test HAVE_DATE_TIME - Success
-- Performing Test HAVE_STDATOMIC
-- Performing Test HAVE_STDATOMIC - Success
-- Found WrapAtomic: TRUE
-- Found OpenGL: /usr/lib64/libOpenGL.so
-- Found WrapOpenGL: TRUE
-- Found XKB: /usr/lib64/libxkbcommon.so (found suitable version "1.9.2", minimum required is "0.5.0")
-- Found WrapVulkanHeaders: /usr/include
-- Found Gettext: /usr/bin/msgmerge (found version "0.25")
-- Found KF6TextWidgets: /usr/lib64/cmake/KF6TextWidgets/KF6TextWidgetsConfig.cmake (found version "6.14.0")
-- Found KF6Notifications: /usr/lib/cmake/KF6Notifications/KF6NotificationsConfig.cmake (found version "6.14.0")
-- Found KF6GuiAddons: /usr/lib64/cmake/KF6GuiAddons/KF6GuiAddonsConfig.cmake (found version "6.14.0")
-- Found KF6IconThemes: /usr/lib64/cmake/KF6IconThemes/KF6IconThemesConfig.cmake (found version "6.14.0")
-- Found X11: /usr/include
-- Looking for XOpenDisplay in /usr/lib64/libX11.so;/usr/lib64/libXext.so
-- Looking for XOpenDisplay in /usr/lib64/libX11.so;/usr/lib64/libXext.so - found
-- Looking for gethostbyname
-- Looking for gethostbyname - found
-- Looking for connect
-- Looking for connect - found
-- Looking for remove
-- Looking for remove - found
-- Looking for shmat
-- Looking for shmat - found
-- Looking for IceConnectionNumber in ICE
-- Looking for IceConnectionNumber in ICE - found
-- Found KF6WindowSystem: /usr/lib64/cmake/KF6WindowSystem/KF6WindowSystemConfig.cmake (found version "6.14.0")
-- Found KF6KIO: /usr/lib64/cmake/KF6KIO/KF6KIOConfig.cmake (found version "6.14.0")
-- Found KF6DBusAddons: /usr/lib64/cmake/KF6DBusAddons/KF6DBusAddonsConfig.cmake (found version "6.14.0")
-- Found KF6: success (found suitable version "6.14.0", minimum required is "6.3.0") found components: TextWidgets Notifications GuiAddons IconThemes WindowSystem KIO DBusAddons
-- The following OPTIONAL packages have been found:

 * Qt6WidgetsTools (required version >= 6.8.3)
 * OpenGL
 * XKB (required version >= 0.5.0), XKB API common to servers and clients., <http://xkbcommon.org>
 * WrapVulkanHeaders
 * Qt6GuiTools (required version >= 6.8.3)
 * Qt6CoreTools (required version >= 6.8.3)
 * Qt6DBusTools (required version >= 6.8.3)
 * Qt6QmlTools (required version >= 6.8.3)
 * X11

-- The following REQUIRED packages have been found:

 * ECM (required version >= 6.3.0)
 * Gettext
 * KF6TextWidgets (required version >= 6.3.0)
 * KF6Notifications (required version >= 6.3.0)
 * KF6GuiAddons (required version >= 6.3.0)
 * KF6IconThemes (required version >= 6.3.0)
 * KF6WindowSystem (required version >= 6.14.0)
 * KF6KIO (required version >= 6.3.0)
 * KF6DBusAddons (required version >= 6.3.0)
 * KF6 (required version >= 6.3.0)
 * Qt6 (required version >= 6.7.0)

-- Configuring done (1.4s)
-- Generating done (0.0s)
-- Build files have been written to: /home/omen/GITHUB/Athos/AthOS/REPO-AthOS/kdialog/work/kdialog-25.04.1/build
[1/18] Generating ts...
[2/18] Generating mo...
[3/18] Automatic MOC for target kdialog_progress_helper
[4/18] Generating progressdialogadaptor.cpp, progressdialogadaptor.h
[5/18] Generating moc_progressdialogadaptor.cpp
[6/18] Automatic MOC for target kdialog
[7/18] Building CXX object src/CMakeFiles/kdialog_progress_helper.dir/kdialog_progress_helper_autogen/mocs_compilation.cpp.o
[8/18] Building CXX object src/CMakeFiles/kdialog.dir/kdialog_autogen/mocs_compilation.cpp.o
[9/18] Building CXX object src/CMakeFiles/kdialog_progress_helper.dir/utils.cpp.o
[10/18] Building CXX object src/CMakeFiles/kdialog_progress_helper.dir/kdialog_progress_helper.cpp.o
[11/18] Building CXX object src/CMakeFiles/kdialog.dir/klistboxdialog.cpp.o
[12/18] Building CXX object src/CMakeFiles/kdialog.dir/utils.cpp.o
[13/18] Building CXX object src/CMakeFiles/kdialog.dir/widgets.cpp.o
[14/18] Building CXX object src/CMakeFiles/kdialog_progress_helper.dir/progressdialog.cpp.o
[15/18] Building CXX object src/CMakeFiles/kdialog_progress_helper.dir/progressdialogadaptor.cpp.o
[16/18] Linking CXX executable bin/kdialog_progress_helper
[17/18] Building CXX object src/CMakeFiles/kdialog.dir/kdialog.cpp.o
[18/18] Linking CXX executable bin/kdialog
-- Install configuration: "RelWithDebInfo"
-- Installing: /home/omen/GITHUB/Athos/AthOS/REPO-AthOS/kdialog/package-kdialog/usr/bin/kdialog
-- Installing: /home/omen/GITHUB/Athos/AthOS/REPO-AthOS/kdialog/package-kdialog/usr/share/dbus-1/interfaces/org.kde.kdialog.ProgressDialog.xml
-- Installing: /home/omen/GITHUB/Athos/AthOS/REPO-AthOS/kdialog/package-kdialog/usr/bin/kdialog_progress_helper
-- Installing: /home/omen/GITHUB/Athos/AthOS/REPO-AthOS/kdialog/package-kdialog/usr/share/applications/org.kde.kdialog.desktop
-- Installing: /home/omen/GITHUB/Athos/AthOS/REPO-AthOS/kdialog/package-kdialog/usr/share/metainfo/org.kde.kdialog.metainfo.xml
-- Installing: /home/omen/GITHUB/Athos/AthOS/REPO-AthOS/kdialog/package-kdialog/usr/share/locale
-- Installing: /home/omen/GITHUB/Athos/AthOS/REPO-AthOS/kdialog/package-kdialog/usr/share/locale/da
-- Installing: /home/omen/GITHUB/Athos/AthOS/REPO-AthOS/kdialog/package-kdialog/usr/share/locale/da/LC_MESSAGES
-- Installing: /home/omen/GITHUB/Athos/AthOS/REPO-AthOS/kdialog/package-kdialog/usr/share/locale/da/LC_MESSAGES/kdialog.mo
-- Installing: /home/omen/GITHUB/Athos/AthOS/REPO-AthOS/kdialog/package-kdialog/usr/share/locale/ms
-- Installing: /home/omen/GITHUB/Athos/AthOS/REPO-AthOS/kdialog/package-kdialog/usr/share/locale/ms/LC_MESSAGES
-- Installing: /home/omen/GITHUB/Athos/AthOS/REPO-AthOS/kdialog/package-kdialog/usr/share/locale/ms/LC_MESSAGES/kdialog.mo
-- Installing: /home/omen/GITHUB/Athos/AthOS/REPO-AthOS/kdialog/package-kdialog/usr/share/locale/cs
-- Installing: /home/omen/GITHUB/Athos/AthOS/REPO-AthOS/kdialog/package-kdialog/usr/share/locale/cs/LC_MESSAGES
-- Installing: /home/omen/GITHUB/Athos/AthOS/REPO-AthOS/kdialog/package-kdialog/usr/share/locale/cs/LC_MESSAGES/kdialog.mo
-- Installing: /home/omen/GITHUB/Athos/AthOS/REPO-AthOS/kdialog/package-kdialog/usr/share/locale/ja
-- Installing: /home/omen/GITHUB/Athos/AthOS/REPO-AthOS/kdialog/package-kdialog/usr/share/locale/ja/LC_MESSAGES
-- Installing: /home/omen/GITHUB/Athos/AthOS/REPO-AthOS/kdialog/package-kdialog/usr/share/locale/ja/LC_MESSAGES/kdialog.mo
-- Installing: /home/omen/GITHUB/Athos/AthOS/REPO-AthOS/kdialog/package-kdialog/usr/share/locale/sr@ijekavian
-- Installing: /home/omen/GITHUB/Athos/AthOS/REPO-AthOS/kdialog/package-kdialog/usr/share/locale/sr@ijekavian/LC_MESSAGES
-- Installing: /home/omen/GITHUB/Athos/AthOS/REPO-AthOS/kdialog/package-kdialog/usr/share/locale/sr@ijekavian/LC_MESSAGES/kdialog.mo
-- Installing: /home/omen/GITHUB/Athos/AthOS/REPO-AthOS/kdialog/package-kdialog/usr/share/locale/de
-- Installing: /home/omen/GITHUB/Athos/AthOS/REPO-AthOS/kdialog/package-kdialog/usr/share/locale/de/LC_MESSAGES
-- Installing: /home/omen/GITHUB/Athos/AthOS/REPO-AthOS/kdialog/package-kdialog/usr/share/locale/de/LC_MESSAGES/kdialog.mo
-- Installing: /home/omen/GITHUB/Athos/AthOS/REPO-AthOS/kdialog/package-kdialog/usr/share/locale/el
-- Installing: /home/omen/GITHUB/Athos/AthOS/REPO-AthOS/kdialog/package-kdialog/usr/share/locale/el/LC_MESSAGES
-- Installing: /home/omen/GITHUB/Athos/AthOS/REPO-AthOS/kdialog/package-kdialog/usr/share/locale/el/LC_MESSAGES/kdialog.mo
-- Installing: /home/omen/GITHUB/Athos/AthOS/REPO-AthOS/kdialog/package-kdialog/usr/share/locale/nn
-- Installing: /home/omen/GITHUB/Athos/AthOS/REPO-AthOS/kdialog/package-kdialog/usr/share/locale/nn/LC_MESSAGES
-- Installing: /home/omen/GITHUB/Athos/AthOS/REPO-AthOS/kdialog/package-kdialog/usr/share/locale/nn/LC_MESSAGES/kdialog.mo
-- Installing: /home/omen/GITHUB/Athos/AthOS/REPO-AthOS/kdialog/package-kdialog/usr/share/locale/sr
-- Installing: /home/omen/GITHUB/Athos/AthOS/REPO-AthOS/kdialog/package-kdialog/usr/share/locale/sr/LC_MESSAGES
-- Installing: /home/omen/GITHUB/Athos/AthOS/REPO-AthOS/kdialog/package-kdialog/usr/share/locale/sr/LC_MESSAGES/kdialog.mo
-- Installing: /home/omen/GITHUB/Athos/AthOS/REPO-AthOS/kdialog/package-kdialog/usr/share/locale/or
-- Installing: /home/omen/GITHUB/Athos/AthOS/REPO-AthOS/kdialog/package-kdialog/usr/share/locale/or/LC_MESSAGES
-- Installing: /home/omen/GITHUB/Athos/AthOS/REPO-AthOS/kdialog/package-kdialog/usr/share/locale/or/LC_MESSAGES/kdialog.mo
-- Installing: /home/omen/GITHUB/Athos/AthOS/REPO-AthOS/kdialog/package-kdialog/usr/share/locale/fy
-- Installing: /home/omen/GITHUB/Athos/AthOS/REPO-AthOS/kdialog/package-kdialog/usr/share/locale/fy/LC_MESSAGES
-- Installing: /home/omen/GITHUB/Athos/AthOS/REPO-AthOS/kdialog/package-kdialog/usr/share/locale/fy/LC_MESSAGES/kdialog.mo
-- Installing: /home/omen/GITHUB/Athos/AthOS/REPO-AthOS/kdialog/package-kdialog/usr/share/locale/hi
-- Installing: /home/omen/GITHUB/Athos/AthOS/REPO-AthOS/kdialog/package-kdialog/usr/share/locale/hi/LC_MESSAGES
-- Installing: /home/omen/GITHUB/Athos/AthOS/REPO-AthOS/kdialog/package-kdialog/usr/share/locale/hi/LC_MESSAGES/kdialog.mo
-- Installing: /home/omen/GITHUB/Athos/AthOS/REPO-AthOS/kdialog/package-kdialog/usr/share/locale/pt_BR
-- Installing: /home/omen/GITHUB/Athos/AthOS/REPO-AthOS/kdialog/package-kdialog/usr/share/locale/pt_BR/LC_MESSAGES
-- Installing: /home/omen/GITHUB/Athos/AthOS/REPO-AthOS/kdialog/package-kdialog/usr/share/locale/pt_BR/LC_MESSAGES/kdialog.mo
-- Installing: /home/omen/GITHUB/Athos/AthOS/REPO-AthOS/kdialog/package-kdialog/usr/share/locale/lt
-- Installing: /home/omen/GITHUB/Athos/AthOS/REPO-AthOS/kdialog/package-kdialog/usr/share/locale/lt/LC_MESSAGES
-- Installing: /home/omen/GITHUB/Athos/AthOS/REPO-AthOS/kdialog/package-kdialog/usr/share/locale/lt/LC_MESSAGES/kdialog.mo
-- Installing: /home/omen/GITHUB/Athos/AthOS/REPO-AthOS/kdialog/package-kdialog/usr/share/locale/sr@ijekavianlatin
-- Installing: /home/omen/GITHUB/Athos/AthOS/REPO-AthOS/kdialog/package-kdialog/usr/share/locale/sr@ijekavianlatin/LC_MESSAGES
-- Installing: /home/omen/GITHUB/Athos/AthOS/REPO-AthOS/kdialog/package-kdialog/usr/share/locale/sr@ijekavianlatin/LC_MESSAGES/kdialog.mo
-- Installing: /home/omen/GITHUB/Athos/AthOS/REPO-AthOS/kdialog/package-kdialog/usr/share/locale/be
-- Installing: /home/omen/GITHUB/Athos/AthOS/REPO-AthOS/kdialog/package-kdialog/usr/share/locale/be/LC_MESSAGES
-- Installing: /home/omen/GITHUB/Athos/AthOS/REPO-AthOS/kdialog/package-kdialog/usr/share/locale/be/LC_MESSAGES/kdialog.mo
-- Installing: /home/omen/GITHUB/Athos/AthOS/REPO-AthOS/kdialog/package-kdialog/usr/share/locale/pa
-- Installing: /home/omen/GITHUB/Athos/AthOS/REPO-AthOS/kdialog/package-kdialog/usr/share/locale/pa/LC_MESSAGES
-- Installing: /home/omen/GITHUB/Athos/AthOS/REPO-AthOS/kdialog/package-kdialog/usr/share/locale/pa/LC_MESSAGES/kdialog.mo
-- Installing: /home/omen/GITHUB/Athos/AthOS/REPO-AthOS/kdialog/package-kdialog/usr/share/locale/sl
-- Installing: /home/omen/GITHUB/Athos/AthOS/REPO-AthOS/kdialog/package-kdialog/usr/share/locale/sl/LC_MESSAGES
-- Installing: /home/omen/GITHUB/Athos/AthOS/REPO-AthOS/kdialog/package-kdialog/usr/share/locale/sl/LC_MESSAGES/kdialog.mo
-- Installing: /home/omen/GITHUB/Athos/AthOS/REPO-AthOS/kdialog/package-kdialog/usr/share/locale/ta
-- Installing: /home/omen/GITHUB/Athos/AthOS/REPO-AthOS/kdialog/package-kdialog/usr/share/locale/ta/LC_MESSAGES
-- Installing: /home/omen/GITHUB/Athos/AthOS/REPO-AthOS/kdialog/package-kdialog/usr/share/locale/ta/LC_MESSAGES/kdialog.mo
-- Installing: /home/omen/GITHUB/Athos/AthOS/REPO-AthOS/kdialog/package-kdialog/usr/share/locale/xh
-- Installing: /home/omen/GITHUB/Athos/AthOS/REPO-AthOS/kdialog/package-kdialog/usr/share/locale/xh/LC_MESSAGES
-- Installing: /home/omen/GITHUB/Athos/AthOS/REPO-AthOS/kdialog/package-kdialog/usr/share/locale/xh/LC_MESSAGES/kdialog.mo
-- Installing: /home/omen/GITHUB/Athos/AthOS/REPO-AthOS/kdialog/package-kdialog/usr/share/locale/gu
-- Installing: /home/omen/GITHUB/Athos/AthOS/REPO-AthOS/kdialog/package-kdialog/usr/share/locale/gu/LC_MESSAGES
-- Installing: /home/omen/GITHUB/Athos/AthOS/REPO-AthOS/kdialog/package-kdialog/usr/share/locale/gu/LC_MESSAGES/kdialog.mo
-- Installing: /home/omen/GITHUB/Athos/AthOS/REPO-AthOS/kdialog/package-kdialog/usr/share/locale/ro
-- Installing: /home/omen/GITHUB/Athos/AthOS/REPO-AthOS/kdialog/package-kdialog/usr/share/locale/ro/LC_MESSAGES
-- Installing: /home/omen/GITHUB/Athos/AthOS/REPO-AthOS/kdialog/package-kdialog/usr/share/locale/ro/LC_MESSAGES/kdialog.mo
-- Installing: /home/omen/GITHUB/Athos/AthOS/REPO-AthOS/kdialog/package-kdialog/usr/share/locale/bs
-- Installing: /home/omen/GITHUB/Athos/AthOS/REPO-AthOS/kdialog/package-kdialog/usr/share/locale/bs/LC_MESSAGES
-- Installing: /home/omen/GITHUB/Athos/AthOS/REPO-AthOS/kdialog/package-kdialog/usr/share/locale/bs/LC_MESSAGES/kdialog.mo
-- Installing: /home/omen/GITHUB/Athos/AthOS/REPO-AthOS/kdialog/package-kdialog/usr/share/locale/is
-- Installing: /home/omen/GITHUB/Athos/AthOS/REPO-AthOS/kdialog/package-kdialog/usr/share/locale/is/LC_MESSAGES
-- Installing: /home/omen/GITHUB/Athos/AthOS/REPO-AthOS/kdialog/package-kdialog/usr/share/locale/is/LC_MESSAGES/kdialog.mo
-- Installing: /home/omen/GITHUB/Athos/AthOS/REPO-AthOS/kdialog/package-kdialog/usr/share/locale/wa
-- Installing: /home/omen/GITHUB/Athos/AthOS/REPO-AthOS/kdialog/package-kdialog/usr/share/locale/wa/LC_MESSAGES
-- Installing: /home/omen/GITHUB/Athos/AthOS/REPO-AthOS/kdialog/package-kdialog/usr/share/locale/wa/LC_MESSAGES/kdialog.mo
-- Installing: /home/omen/GITHUB/Athos/AthOS/REPO-AthOS/kdialog/package-kdialog/usr/share/locale/kk
-- Installing: /home/omen/GITHUB/Athos/AthOS/REPO-AthOS/kdialog/package-kdialog/usr/share/locale/kk/LC_MESSAGES
-- Installing: /home/omen/GITHUB/Athos/AthOS/REPO-AthOS/kdialog/package-kdialog/usr/share/locale/kk/LC_MESSAGES/kdialog.mo
-- Installing: /home/omen/GITHUB/Athos/AthOS/REPO-AthOS/kdialog/package-kdialog/usr/share/locale/sr@latin
-- Installing: /home/omen/GITHUB/Athos/AthOS/REPO-AthOS/kdialog/package-kdialog/usr/share/locale/sr@latin/LC_MESSAGES
-- Installing: /home/omen/GITHUB/Athos/AthOS/REPO-AthOS/kdialog/package-kdialog/usr/share/locale/sr@latin/LC_MESSAGES/kdialog.mo
-- Installing: /home/omen/GITHUB/Athos/AthOS/REPO-AthOS/kdialog/package-kdialog/usr/share/locale/he
-- Installing: /home/omen/GITHUB/Athos/AthOS/REPO-AthOS/kdialog/package-kdialog/usr/share/locale/he/LC_MESSAGES
-- Installing: /home/omen/GITHUB/Athos/AthOS/REPO-AthOS/kdialog/package-kdialog/usr/share/locale/he/LC_MESSAGES/kdialog.mo
-- Installing: /home/omen/GITHUB/Athos/AthOS/REPO-AthOS/kdialog/package-kdialog/usr/share/locale/zh_TW
-- Installing: /home/omen/GITHUB/Athos/AthOS/REPO-AthOS/kdialog/package-kdialog/usr/share/locale/zh_TW/LC_MESSAGES
-- Installing: /home/omen/GITHUB/Athos/AthOS/REPO-AthOS/kdialog/package-kdialog/usr/share/locale/zh_TW/LC_MESSAGES/kdialog.mo
-- Installing: /home/omen/GITHUB/Athos/AthOS/REPO-AthOS/kdialog/package-kdialog/usr/share/locale/tg
-- Installing: /home/omen/GITHUB/Athos/AthOS/REPO-AthOS/kdialog/package-kdialog/usr/share/locale/tg/LC_MESSAGES
-- Installing: /home/omen/GITHUB/Athos/AthOS/REPO-AthOS/kdialog/package-kdialog/usr/share/locale/tg/LC_MESSAGES/kdialog.mo
-- Installing: /home/omen/GITHUB/Athos/AthOS/REPO-AthOS/kdialog/package-kdialog/usr/share/locale/fa
-- Installing: /home/omen/GITHUB/Athos/AthOS/REPO-AthOS/kdialog/package-kdialog/usr/share/locale/fa/LC_MESSAGES
-- Installing: /home/omen/GITHUB/Athos/AthOS/REPO-AthOS/kdialog/package-kdialog/usr/share/locale/fa/LC_MESSAGES/kdialog.mo
-- Installing: /home/omen/GITHUB/Athos/AthOS/REPO-AthOS/kdialog/package-kdialog/usr/share/locale/csb
-- Installing: /home/omen/GITHUB/Athos/AthOS/REPO-AthOS/kdialog/package-kdialog/usr/share/locale/csb/LC_MESSAGES
-- Installing: /home/omen/GITHUB/Athos/AthOS/REPO-AthOS/kdialog/package-kdialog/usr/share/locale/csb/LC_MESSAGES/kdialog.mo
-- Installing: /home/omen/GITHUB/Athos/AthOS/REPO-AthOS/kdialog/package-kdialog/usr/share/locale/pl
-- Installing: /home/omen/GITHUB/Athos/AthOS/REPO-AthOS/kdialog/package-kdialog/usr/share/locale/pl/LC_MESSAGES
-- Installing: /home/omen/GITHUB/Athos/AthOS/REPO-AthOS/kdialog/package-kdialog/usr/share/locale/pl/LC_MESSAGES/kdialog.mo
-- Installing: /home/omen/GITHUB/Athos/AthOS/REPO-AthOS/kdialog/package-kdialog/usr/share/locale/km
-- Installing: /home/omen/GITHUB/Athos/AthOS/REPO-AthOS/kdialog/package-kdialog/usr/share/locale/km/LC_MESSAGES
-- Installing: /home/omen/GITHUB/Athos/AthOS/REPO-AthOS/kdialog/package-kdialog/usr/share/locale/km/LC_MESSAGES/kdialog.mo
-- Installing: /home/omen/GITHUB/Athos/AthOS/REPO-AthOS/kdialog/package-kdialog/usr/share/locale/pt
-- Installing: /home/omen/GITHUB/Athos/AthOS/REPO-AthOS/kdialog/package-kdialog/usr/share/locale/pt/LC_MESSAGES
-- Installing: /home/omen/GITHUB/Athos/AthOS/REPO-AthOS/kdialog/package-kdialog/usr/share/locale/pt/LC_MESSAGES/kdialog.mo
-- Installing: /home/omen/GITHUB/Athos/AthOS/REPO-AthOS/kdialog/package-kdialog/usr/share/locale/hr
-- Installing: /home/omen/GITHUB/Athos/AthOS/REPO-AthOS/kdialog/package-kdialog/usr/share/locale/hr/LC_MESSAGES
-- Installing: /home/omen/GITHUB/Athos/AthOS/REPO-AthOS/kdialog/package-kdialog/usr/share/locale/hr/LC_MESSAGES/kdialog.mo
-- Installing: /home/omen/GITHUB/Athos/AthOS/REPO-AthOS/kdialog/package-kdialog/usr/share/locale/az
-- Installing: /home/omen/GITHUB/Athos/AthOS/REPO-AthOS/kdialog/package-kdialog/usr/share/locale/az/LC_MESSAGES
-- Installing: /home/omen/GITHUB/Athos/AthOS/REPO-AthOS/kdialog/package-kdialog/usr/share/locale/az/LC_MESSAGES/kdialog.mo
-- Installing: /home/omen/GITHUB/Athos/AthOS/REPO-AthOS/kdialog/package-kdialog/usr/share/locale/tr
-- Installing: /home/omen/GITHUB/Athos/AthOS/REPO-AthOS/kdialog/package-kdialog/usr/share/locale/tr/LC_MESSAGES
-- Installing: /home/omen/GITHUB/Athos/AthOS/REPO-AthOS/kdialog/package-kdialog/usr/share/locale/tr/LC_MESSAGES/kdialog.mo
-- Installing: /home/omen/GITHUB/Athos/AthOS/REPO-AthOS/kdialog/package-kdialog/usr/share/locale/fr
-- Installing: /home/omen/GITHUB/Athos/AthOS/REPO-AthOS/kdialog/package-kdialog/usr/share/locale/fr/LC_MESSAGES
-- Installing: /home/omen/GITHUB/Athos/AthOS/REPO-AthOS/kdialog/package-kdialog/usr/share/locale/fr/LC_MESSAGES/kdialog.mo
-- Installing: /home/omen/GITHUB/Athos/AthOS/REPO-AthOS/kdialog/package-kdialog/usr/share/locale/uz
-- Installing: /home/omen/GITHUB/Athos/AthOS/REPO-AthOS/kdialog/package-kdialog/usr/share/locale/uz/LC_MESSAGES
-- Installing: /home/omen/GITHUB/Athos/AthOS/REPO-AthOS/kdialog/package-kdialog/usr/share/locale/uz/LC_MESSAGES/kdialog.mo
-- Installing: /home/omen/GITHUB/Athos/AthOS/REPO-AthOS/kdialog/package-kdialog/usr/share/locale/ast
-- Installing: /home/omen/GITHUB/Athos/AthOS/REPO-AthOS/kdialog/package-kdialog/usr/share/locale/ast/LC_MESSAGES
-- Installing: /home/omen/GITHUB/Athos/AthOS/REPO-AthOS/kdialog/package-kdialog/usr/share/locale/ast/LC_MESSAGES/kdialog.mo
-- Installing: /home/omen/GITHUB/Athos/AthOS/REPO-AthOS/kdialog/package-kdialog/usr/share/locale/mai
-- Installing: /home/omen/GITHUB/Athos/AthOS/REPO-AthOS/kdialog/package-kdialog/usr/share/locale/mai/LC_MESSAGES
-- Installing: /home/omen/GITHUB/Athos/AthOS/REPO-AthOS/kdialog/package-kdialog/usr/share/locale/mai/LC_MESSAGES/kdialog.mo
-- Installing: /home/omen/GITHUB/Athos/AthOS/REPO-AthOS/kdialog/package-kdialog/usr/share/locale/ne
-- Installing: /home/omen/GITHUB/Athos/AthOS/REPO-AthOS/kdialog/package-kdialog/usr/share/locale/ne/LC_MESSAGES
-- Installing: /home/omen/GITHUB/Athos/AthOS/REPO-AthOS/kdialog/package-kdialog/usr/share/locale/ne/LC_MESSAGES/kdialog.mo
-- Installing: /home/omen/GITHUB/Athos/AthOS/REPO-AthOS/kdialog/package-kdialog/usr/share/locale/vi
-- Installing: /home/omen/GITHUB/Athos/AthOS/REPO-AthOS/kdialog/package-kdialog/usr/share/locale/vi/LC_MESSAGES
-- Installing: /home/omen/GITHUB/Athos/AthOS/REPO-AthOS/kdialog/package-kdialog/usr/share/locale/vi/LC_MESSAGES/kdialog.mo
-- Installing: /home/omen/GITHUB/Athos/AthOS/REPO-AthOS/kdialog/package-kdialog/usr/share/locale/te
-- Installing: /home/omen/GITHUB/Athos/AthOS/REPO-AthOS/kdialog/package-kdialog/usr/share/locale/te/LC_MESSAGES
-- Installing: /home/omen/GITHUB/Athos/AthOS/REPO-AthOS/kdialog/package-kdialog/usr/share/locale/te/LC_MESSAGES/kdialog.mo
-- Installing: /home/omen/GITHUB/Athos/AthOS/REPO-AthOS/kdialog/package-kdialog/usr/share/locale/ka
-- Installing: /home/omen/GITHUB/Athos/AthOS/REPO-AthOS/kdialog/package-kdialog/usr/share/locale/ka/LC_MESSAGES
-- Installing: /home/omen/GITHUB/Athos/AthOS/REPO-AthOS/kdialog/package-kdialog/usr/share/locale/ka/LC_MESSAGES/kdialog.mo
-- Installing: /home/omen/GITHUB/Athos/AthOS/REPO-AthOS/kdialog/package-kdialog/usr/share/locale/hsb
-- Installing: /home/omen/GITHUB/Athos/AthOS/REPO-AthOS/kdialog/package-kdialog/usr/share/locale/hsb/LC_MESSAGES
-- Installing: /home/omen/GITHUB/Athos/AthOS/REPO-AthOS/kdialog/package-kdialog/usr/share/locale/hsb/LC_MESSAGES/kdialog.mo
-- Installing: /home/omen/GITHUB/Athos/AthOS/REPO-AthOS/kdialog/package-kdialog/usr/share/locale/cy
-- Installing: /home/omen/GITHUB/Athos/AthOS/REPO-AthOS/kdialog/package-kdialog/usr/share/locale/cy/LC_MESSAGES
-- Installing: /home/omen/GITHUB/Athos/AthOS/REPO-AthOS/kdialog/package-kdialog/usr/share/locale/cy/LC_MESSAGES/kdialog.mo
-- Installing: /home/omen/GITHUB/Athos/AthOS/REPO-AthOS/kdialog/package-kdialog/usr/share/locale/th
-- Installing: /home/omen/GITHUB/Athos/AthOS/REPO-AthOS/kdialog/package-kdialog/usr/share/locale/th/LC_MESSAGES
-- Installing: /home/omen/GITHUB/Athos/AthOS/REPO-AthOS/kdialog/package-kdialog/usr/share/locale/th/LC_MESSAGES/kdialog.mo
-- Installing: /home/omen/GITHUB/Athos/AthOS/REPO-AthOS/kdialog/package-kdialog/usr/share/locale/gl
-- Installing: /home/omen/GITHUB/Athos/AthOS/REPO-AthOS/kdialog/package-kdialog/usr/share/locale/gl/LC_MESSAGES
-- Installing: /home/omen/GITHUB/Athos/AthOS/REPO-AthOS/kdialog/package-kdialog/usr/share/locale/gl/LC_MESSAGES/kdialog.mo
-- Installing: /home/omen/GITHUB/Athos/AthOS/REPO-AthOS/kdialog/package-kdialog/usr/share/locale/ia
-- Installing: /home/omen/GITHUB/Athos/AthOS/REPO-AthOS/kdialog/package-kdialog/usr/share/locale/ia/LC_MESSAGES
-- Installing: /home/omen/GITHUB/Athos/AthOS/REPO-AthOS/kdialog/package-kdialog/usr/share/locale/ia/LC_MESSAGES/kdialog.mo
-- Installing: /home/omen/GITHUB/Athos/AthOS/REPO-AthOS/kdialog/package-kdialog/usr/share/locale/hu
-- Installing: /home/omen/GITHUB/Athos/AthOS/REPO-AthOS/kdialog/package-kdialog/usr/share/locale/hu/LC_MESSAGES
-- Installing: /home/omen/GITHUB/Athos/AthOS/REPO-AthOS/kdialog/package-kdialog/usr/share/locale/hu/LC_MESSAGES/kdialog.mo
-- Installing: /home/omen/GITHUB/Athos/AthOS/REPO-AthOS/kdialog/package-kdialog/usr/share/locale/eo
-- Installing: /home/omen/GITHUB/Athos/AthOS/REPO-AthOS/kdialog/package-kdialog/usr/share/locale/eo/LC_MESSAGES
-- Installing: /home/omen/GITHUB/Athos/AthOS/REPO-AthOS/kdialog/package-kdialog/usr/share/locale/eo/LC_MESSAGES/kdialog.mo
-- Installing: /home/omen/GITHUB/Athos/AthOS/REPO-AthOS/kdialog/package-kdialog/usr/share/locale/bg
-- Installing: /home/omen/GITHUB/Athos/AthOS/REPO-AthOS/kdialog/package-kdialog/usr/share/locale/bg/LC_MESSAGES
-- Installing: /home/omen/GITHUB/Athos/AthOS/REPO-AthOS/kdialog/package-kdialog/usr/share/locale/bg/LC_MESSAGES/kdialog.mo
-- Installing: /home/omen/GITHUB/Athos/AthOS/REPO-AthOS/kdialog/package-kdialog/usr/share/locale/kn
-- Installing: /home/omen/GITHUB/Athos/AthOS/REPO-AthOS/kdialog/package-kdialog/usr/share/locale/kn/LC_MESSAGES
-- Installing: /home/omen/GITHUB/Athos/AthOS/REPO-AthOS/kdialog/package-kdialog/usr/share/locale/kn/LC_MESSAGES/kdialog.mo
-- Installing: /home/omen/GITHUB/Athos/AthOS/REPO-AthOS/kdialog/package-kdialog/usr/share/locale/bn_IN
-- Installing: /home/omen/GITHUB/Athos/AthOS/REPO-AthOS/kdialog/package-kdialog/usr/share/locale/bn_IN/LC_MESSAGES
-- Installing: /home/omen/GITHUB/Athos/AthOS/REPO-AthOS/kdialog/package-kdialog/usr/share/locale/bn_IN/LC_MESSAGES/kdialog.mo
-- Installing: /home/omen/GITHUB/Athos/AthOS/REPO-AthOS/kdialog/package-kdialog/usr/share/locale/ga
-- Installing: /home/omen/GITHUB/Athos/AthOS/REPO-AthOS/kdialog/package-kdialog/usr/share/locale/ga/LC_MESSAGES
-- Installing: /home/omen/GITHUB/Athos/AthOS/REPO-AthOS/kdialog/package-kdialog/usr/share/locale/ga/LC_MESSAGES/kdialog.mo
-- Installing: /home/omen/GITHUB/Athos/AthOS/REPO-AthOS/kdialog/package-kdialog/usr/share/locale/br
-- Installing: /home/omen/GITHUB/Athos/AthOS/REPO-AthOS/kdialog/package-kdialog/usr/share/locale/br/LC_MESSAGES
-- Installing: /home/omen/GITHUB/Athos/AthOS/REPO-AthOS/kdialog/package-kdialog/usr/share/locale/br/LC_MESSAGES/kdialog.mo
-- Installing: /home/omen/GITHUB/Athos/AthOS/REPO-AthOS/kdialog/package-kdialog/usr/share/locale/ca
-- Installing: /home/omen/GITHUB/Athos/AthOS/REPO-AthOS/kdialog/package-kdialog/usr/share/locale/ca/LC_MESSAGES
-- Installing: /home/omen/GITHUB/Athos/AthOS/REPO-AthOS/kdialog/package-kdialog/usr/share/locale/ca/LC_MESSAGES/kdialog.mo
-- Installing: /home/omen/GITHUB/Athos/AthOS/REPO-AthOS/kdialog/package-kdialog/usr/share/locale/uk
-- Installing: /home/omen/GITHUB/Athos/AthOS/REPO-AthOS/kdialog/package-kdialog/usr/share/locale/uk/LC_MESSAGES
-- Installing: /home/omen/GITHUB/Athos/AthOS/REPO-AthOS/kdialog/package-kdialog/usr/share/locale/uk/LC_MESSAGES/kdialog.mo
-- Installing: /home/omen/GITHUB/Athos/AthOS/REPO-AthOS/kdialog/package-kdialog/usr/share/locale/id
-- Installing: /home/omen/GITHUB/Athos/AthOS/REPO-AthOS/kdialog/package-kdialog/usr/share/locale/id/LC_MESSAGES
-- Installing: /home/omen/GITHUB/Athos/AthOS/REPO-AthOS/kdialog/package-kdialog/usr/share/locale/id/LC_MESSAGES/kdialog.mo
-- Installing: /home/omen/GITHUB/Athos/AthOS/REPO-AthOS/kdialog/package-kdialog/usr/share/locale/ku
-- Installing: /home/omen/GITHUB/Athos/AthOS/REPO-AthOS/kdialog/package-kdialog/usr/share/locale/ku/LC_MESSAGES
-- Installing: /home/omen/GITHUB/Athos/AthOS/REPO-AthOS/kdialog/package-kdialog/usr/share/locale/ku/LC_MESSAGES/kdialog.mo
-- Installing: /home/omen/GITHUB/Athos/AthOS/REPO-AthOS/kdialog/package-kdialog/usr/share/locale/en_GB
-- Installing: /home/omen/GITHUB/Athos/AthOS/REPO-AthOS/kdialog/package-kdialog/usr/share/locale/en_GB/LC_MESSAGES
-- Installing: /home/omen/GITHUB/Athos/AthOS/REPO-AthOS/kdialog/package-kdialog/usr/share/locale/en_GB/LC_MESSAGES/kdialog.mo
-- Installing: /home/omen/GITHUB/Athos/AthOS/REPO-AthOS/kdialog/package-kdialog/usr/share/locale/zh_CN
-- Installing: /home/omen/GITHUB/Athos/AthOS/REPO-AthOS/kdialog/package-kdialog/usr/share/locale/zh_CN/LC_MESSAGES
-- Installing: /home/omen/GITHUB/Athos/AthOS/REPO-AthOS/kdialog/package-kdialog/usr/share/locale/zh_CN/LC_MESSAGES/kdialog.mo
-- Installing: /home/omen/GITHUB/Athos/AthOS/REPO-AthOS/kdialog/package-kdialog/usr/share/locale/nl
-- Installing: /home/omen/GITHUB/Athos/AthOS/REPO-AthOS/kdialog/package-kdialog/usr/share/locale/nl/LC_MESSAGES
-- Installing: /home/omen/GITHUB/Athos/AthOS/REPO-AthOS/kdialog/package-kdialog/usr/share/locale/nl/LC_MESSAGES/kdialog.mo
-- Installing: /home/omen/GITHUB/Athos/AthOS/REPO-AthOS/kdialog/package-kdialog/usr/share/locale/bn
-- Installing: /home/omen/GITHUB/Athos/AthOS/REPO-AthOS/kdialog/package-kdialog/usr/share/locale/bn/LC_MESSAGES
-- Installing: /home/omen/GITHUB/Athos/AthOS/REPO-AthOS/kdialog/package-kdialog/usr/share/locale/bn/LC_MESSAGES/kdialog.mo
-- Installing: /home/omen/GITHUB/Athos/AthOS/REPO-AthOS/kdialog/package-kdialog/usr/share/locale/oc
-- Installing: /home/omen/GITHUB/Athos/AthOS/REPO-AthOS/kdialog/package-kdialog/usr/share/locale/oc/LC_MESSAGES
-- Installing: /home/omen/GITHUB/Athos/AthOS/REPO-AthOS/kdialog/package-kdialog/usr/share/locale/oc/LC_MESSAGES/kdialog.mo
-- Installing: /home/omen/GITHUB/Athos/AthOS/REPO-AthOS/kdialog/package-kdialog/usr/share/locale/sa
-- Installing: /home/omen/GITHUB/Athos/AthOS/REPO-AthOS/kdialog/package-kdialog/usr/share/locale/sa/LC_MESSAGES
-- Installing: /home/omen/GITHUB/Athos/AthOS/REPO-AthOS/kdialog/package-kdialog/usr/share/locale/sa/LC_MESSAGES/kdialog.mo
-- Installing: /home/omen/GITHUB/Athos/AthOS/REPO-AthOS/kdialog/package-kdialog/usr/share/locale/fi
-- Installing: /home/omen/GITHUB/Athos/AthOS/REPO-AthOS/kdialog/package-kdialog/usr/share/locale/fi/LC_MESSAGES
-- Installing: /home/omen/GITHUB/Athos/AthOS/REPO-AthOS/kdialog/package-kdialog/usr/share/locale/fi/LC_MESSAGES/kdialog.mo
-- Installing: /home/omen/GITHUB/Athos/AthOS/REPO-AthOS/kdialog/package-kdialog/usr/share/locale/be@latin
-- Installing: /home/omen/GITHUB/Athos/AthOS/REPO-AthOS/kdialog/package-kdialog/usr/share/locale/be@latin/LC_MESSAGES
-- Installing: /home/omen/GITHUB/Athos/AthOS/REPO-AthOS/kdialog/package-kdialog/usr/share/locale/be@latin/LC_MESSAGES/kdialog.mo
-- Installing: /home/omen/GITHUB/Athos/AthOS/REPO-AthOS/kdialog/package-kdialog/usr/share/locale/uz@cyrillic
-- Installing: /home/omen/GITHUB/Athos/AthOS/REPO-AthOS/kdialog/package-kdialog/usr/share/locale/uz@cyrillic/LC_MESSAGES
-- Installing: /home/omen/GITHUB/Athos/AthOS/REPO-AthOS/kdialog/package-kdialog/usr/share/locale/uz@cyrillic/LC_MESSAGES/kdialog.mo
-- Installing: /home/omen/GITHUB/Athos/AthOS/REPO-AthOS/kdialog/package-kdialog/usr/share/locale/ko
-- Installing: /home/omen/GITHUB/Athos/AthOS/REPO-AthOS/kdialog/package-kdialog/usr/share/locale/ko/LC_MESSAGES
-- Installing: /home/omen/GITHUB/Athos/AthOS/REPO-AthOS/kdialog/package-kdialog/usr/share/locale/ko/LC_MESSAGES/kdialog.mo
-- Installing: /home/omen/GITHUB/Athos/AthOS/REPO-AthOS/kdialog/package-kdialog/usr/share/locale/mk
-- Installing: /home/omen/GITHUB/Athos/AthOS/REPO-AthOS/kdialog/package-kdialog/usr/share/locale/mk/LC_MESSAGES
-- Installing: /home/omen/GITHUB/Athos/AthOS/REPO-AthOS/kdialog/package-kdialog/usr/share/locale/mk/LC_MESSAGES/kdialog.mo
-- Installing: /home/omen/GITHUB/Athos/AthOS/REPO-AthOS/kdialog/package-kdialog/usr/share/locale/ru
-- Installing: /home/omen/GITHUB/Athos/AthOS/REPO-AthOS/kdialog/package-kdialog/usr/share/locale/ru/LC_MESSAGES
-- Installing: /home/omen/GITHUB/Athos/AthOS/REPO-AthOS/kdialog/package-kdialog/usr/share/locale/ru/LC_MESSAGES/kdialog.mo
-- Installing: /home/omen/GITHUB/Athos/AthOS/REPO-AthOS/kdialog/package-kdialog/usr/share/locale/af
-- Installing: /home/omen/GITHUB/Athos/AthOS/REPO-AthOS/kdialog/package-kdialog/usr/share/locale/af/LC_MESSAGES
-- Installing: /home/omen/GITHUB/Athos/AthOS/REPO-AthOS/kdialog/package-kdialog/usr/share/locale/af/LC_MESSAGES/kdialog.mo
-- Installing: /home/omen/GITHUB/Athos/AthOS/REPO-AthOS/kdialog/package-kdialog/usr/share/locale/lv
-- Installing: /home/omen/GITHUB/Athos/AthOS/REPO-AthOS/kdialog/package-kdialog/usr/share/locale/lv/LC_MESSAGES
-- Installing: /home/omen/GITHUB/Athos/AthOS/REPO-AthOS/kdialog/package-kdialog/usr/share/locale/lv/LC_MESSAGES/kdialog.mo
-- Installing: /home/omen/GITHUB/Athos/AthOS/REPO-AthOS/kdialog/package-kdialog/usr/share/locale/ml
-- Installing: /home/omen/GITHUB/Athos/AthOS/REPO-AthOS/kdialog/package-kdialog/usr/share/locale/ml/LC_MESSAGES
-- Installing: /home/omen/GITHUB/Athos/AthOS/REPO-AthOS/kdialog/package-kdialog/usr/share/locale/ml/LC_MESSAGES/kdialog.mo
-- Installing: /home/omen/GITHUB/Athos/AthOS/REPO-AthOS/kdialog/package-kdialog/usr/share/locale/hne
-- Installing: /home/omen/GITHUB/Athos/AthOS/REPO-AthOS/kdialog/package-kdialog/usr/share/locale/hne/LC_MESSAGES
-- Installing: /home/omen/GITHUB/Athos/AthOS/REPO-AthOS/kdialog/package-kdialog/usr/share/locale/hne/LC_MESSAGES/kdialog.mo
-- Installing: /home/omen/GITHUB/Athos/AthOS/REPO-AthOS/kdialog/package-kdialog/usr/share/locale/ca@valencia
-- Installing: /home/omen/GITHUB/Athos/AthOS/REPO-AthOS/kdialog/package-kdialog/usr/share/locale/ca@valencia/LC_MESSAGES
-- Installing: /home/omen/GITHUB/Athos/AthOS/REPO-AthOS/kdialog/package-kdialog/usr/share/locale/ca@valencia/LC_MESSAGES/kdialog.mo
-- Installing: /home/omen/GITHUB/Athos/AthOS/REPO-AthOS/kdialog/package-kdialog/usr/share/locale/nb
-- Installing: /home/omen/GITHUB/Athos/AthOS/REPO-AthOS/kdialog/package-kdialog/usr/share/locale/nb/LC_MESSAGES
-- Installing: /home/omen/GITHUB/Athos/AthOS/REPO-AthOS/kdialog/package-kdialog/usr/share/locale/nb/LC_MESSAGES/kdialog.mo
-- Installing: /home/omen/GITHUB/Athos/AthOS/REPO-AthOS/kdialog/package-kdialog/usr/share/locale/es
-- Installing: /home/omen/GITHUB/Athos/AthOS/REPO-AthOS/kdialog/package-kdialog/usr/share/locale/es/LC_MESSAGES
-- Installing: /home/omen/GITHUB/Athos/AthOS/REPO-AthOS/kdialog/package-kdialog/usr/share/locale/es/LC_MESSAGES/kdialog.mo
-- Installing: /home/omen/GITHUB/Athos/AthOS/REPO-AthOS/kdialog/package-kdialog/usr/share/locale/eu
-- Installing: /home/omen/GITHUB/Athos/AthOS/REPO-AthOS/kdialog/package-kdialog/usr/share/locale/eu/LC_MESSAGES
-- Installing: /home/omen/GITHUB/Athos/AthOS/REPO-AthOS/kdialog/package-kdialog/usr/share/locale/eu/LC_MESSAGES/kdialog.mo
-- Installing: /home/omen/GITHUB/Athos/AthOS/REPO-AthOS/kdialog/package-kdialog/usr/share/locale/et
-- Installing: /home/omen/GITHUB/Athos/AthOS/REPO-AthOS/kdialog/package-kdialog/usr/share/locale/et/LC_MESSAGES
-- Installing: /home/omen/GITHUB/Athos/AthOS/REPO-AthOS/kdialog/package-kdialog/usr/share/locale/et/LC_MESSAGES/kdialog.mo
-- Installing: /home/omen/GITHUB/Athos/AthOS/REPO-AthOS/kdialog/package-kdialog/usr/share/locale/it
-- Installing: /home/omen/GITHUB/Athos/AthOS/REPO-AthOS/kdialog/package-kdialog/usr/share/locale/it/LC_MESSAGES
-- Installing: /home/omen/GITHUB/Athos/AthOS/REPO-AthOS/kdialog/package-kdialog/usr/share/locale/it/LC_MESSAGES/kdialog.mo
-- Installing: /home/omen/GITHUB/Athos/AthOS/REPO-AthOS/kdialog/package-kdialog/usr/share/locale/se
-- Installing: /home/omen/GITHUB/Athos/AthOS/REPO-AthOS/kdialog/package-kdialog/usr/share/locale/se/LC_MESSAGES
-- Installing: /home/omen/GITHUB/Athos/AthOS/REPO-AthOS/kdialog/package-kdialog/usr/share/locale/se/LC_MESSAGES/kdialog.mo
-- Installing: /home/omen/GITHUB/Athos/AthOS/REPO-AthOS/kdialog/package-kdialog/usr/share/locale/ar
-- Installing: /home/omen/GITHUB/Athos/AthOS/REPO-AthOS/kdialog/package-kdialog/usr/share/locale/ar/LC_MESSAGES
-- Installing: /home/omen/GITHUB/Athos/AthOS/REPO-AthOS/kdialog/package-kdialog/usr/share/locale/ar/LC_MESSAGES/kdialog.mo
-- Installing: /home/omen/GITHUB/Athos/AthOS/REPO-AthOS/kdialog/package-kdialog/usr/share/locale/sq
-- Installing: /home/omen/GITHUB/Athos/AthOS/REPO-AthOS/kdialog/package-kdialog/usr/share/locale/sq/LC_MESSAGES
-- Installing: /home/omen/GITHUB/Athos/AthOS/REPO-AthOS/kdialog/package-kdialog/usr/share/locale/sq/LC_MESSAGES/kdialog.mo
-- Installing: /home/omen/GITHUB/Athos/AthOS/REPO-AthOS/kdialog/package-kdialog/usr/share/locale/nds
-- Installing: /home/omen/GITHUB/Athos/AthOS/REPO-AthOS/kdialog/package-kdialog/usr/share/locale/nds/LC_MESSAGES
-- Installing: /home/omen/GITHUB/Athos/AthOS/REPO-AthOS/kdialog/package-kdialog/usr/share/locale/nds/LC_MESSAGES/kdialog.mo
-- Installing: /home/omen/GITHUB/Athos/AthOS/REPO-AthOS/kdialog/package-kdialog/usr/share/locale/mr
-- Installing: /home/omen/GITHUB/Athos/AthOS/REPO-AthOS/kdialog/package-kdialog/usr/share/locale/mr/LC_MESSAGES
-- Installing: /home/omen/GITHUB/Athos/AthOS/REPO-AthOS/kdialog/package-kdialog/usr/share/locale/mr/LC_MESSAGES/kdialog.mo
-- Installing: /home/omen/GITHUB/Athos/AthOS/REPO-AthOS/kdialog/package-kdialog/usr/share/locale/ug
-- Installing: /home/omen/GITHUB/Athos/AthOS/REPO-AthOS/kdialog/package-kdialog/usr/share/locale/ug/LC_MESSAGES
-- Installing: /home/omen/GITHUB/Athos/AthOS/REPO-AthOS/kdialog/package-kdialog/usr/share/locale/ug/LC_MESSAGES/kdialog.mo
-- Installing: /home/omen/GITHUB/Athos/AthOS/REPO-AthOS/kdialog/package-kdialog/usr/share/locale/sk
-- Installing: /home/omen/GITHUB/Athos/AthOS/REPO-AthOS/kdialog/package-kdialog/usr/share/locale/sk/LC_MESSAGES
-- Installing: /home/omen/GITHUB/Athos/AthOS/REPO-AthOS/kdialog/package-kdialog/usr/share/locale/sk/LC_MESSAGES/kdialog.mo
-- Installing: /home/omen/GITHUB/Athos/AthOS/REPO-AthOS/kdialog/package-kdialog/usr/share/locale/si
-- Installing: /home/omen/GITHUB/Athos/AthOS/REPO-AthOS/kdialog/package-kdialog/usr/share/locale/si/LC_MESSAGES
-- Installing: /home/omen/GITHUB/Athos/AthOS/REPO-AthOS/kdialog/package-kdialog/usr/share/locale/si/LC_MESSAGES/kdialog.mo
-- Installing: /home/omen/GITHUB/Athos/AthOS/REPO-AthOS/kdialog/package-kdialog/usr/share/locale/sv
-- Installing: /home/omen/GITHUB/Athos/AthOS/REPO-AthOS/kdialog/package-kdialog/usr/share/locale/sv/LC_MESSAGES
-- Installing: /home/omen/GITHUB/Athos/AthOS/REPO-AthOS/kdialog/package-kdialog/usr/share/locale/sv/LC_MESSAGES/kdialog.mo
[32mThe main part of source code is ready. We are moving on to preparing post install scripts, docs, license, man pages etc..[0m
cp: cannot stat 'AUTHORS': No such file or directory
cp: cannot stat 'ChangeLog*': No such file or directory
cp: cannot stat 'COPYING': No such file or directory
cp: cannot stat 'CREDITS': No such file or directory
cp: cannot stat 'LICENSE': No such file or directory
cp: cannot stat 'MAINTAINERS': No such file or directory
cp: cannot stat 'NEWS': No such file or directory
cp: cannot stat 'docs': No such file or directory
cp: cannot stat 'DOCS': No such file or directory
grep: /home/omen/GITHUB/Athos/AthOS/REPO-AthOS/kdialog/kdialog.info: No such file or directory
extra-cmake-modules
kdbusaddons
kguiaddons
kiconthemes
kio
knotifications
ktextwidgets
kwindowsystem
[32mPackaging compiled for slackware installation...[0m
[32mMAKEPKG_FLAGS is empty or unset, using default[0m

Slackware package maker, version 3.14159265.

Searching for symbolic links:

No symbolic links were found, so we won't make an installation script.
You can make your own later in ./install/doinst.sh and rebuild the
package if you like.

This next step is optional - you can set the directories in your package
to some sane permissions. If any of the directories in your package have
special permissions, then DO NOT reset them here!

Would you like to reset all directory permissions to 755 (drwxr-xr-x) and
directory ownerships to root:root ([y]es, [n]o)? n


Creating Slackware package:  /tmp/kdialog/kdialog-25.04.1-x86_64-1_rtz.tlz

./
install/
install/doinst.sh
install/slack-desc
usr/
usr/bin/
usr/bin/kdialog
usr/bin/kdialog_progress_helper
usr/doc/
usr/doc/kdialog-25.04.1/
usr/doc/kdialog-25.04.1/README.md
usr/doc/kdialog-25.04.1/kdialog.ini
usr/doc/kdialog-25.04.1/slack-required
usr/share/
usr/share/applications/
usr/share/applications/org.kde.kdialog.desktop
usr/share/dbus-1/
usr/share/dbus-1/interfaces/
usr/share/dbus-1/interfaces/org.kde.kdialog.ProgressDialog.xml
usr/share/locale/
usr/share/locale/af/
usr/share/locale/af/LC_MESSAGES/
usr/share/locale/af/LC_MESSAGES/kdialog.mo
usr/share/locale/ar/
usr/share/locale/ar/LC_MESSAGES/
usr/share/locale/ar/LC_MESSAGES/kdialog.mo
usr/share/locale/ast/
usr/share/locale/ast/LC_MESSAGES/
usr/share/locale/ast/LC_MESSAGES/kdialog.mo
usr/share/locale/az/
usr/share/locale/az/LC_MESSAGES/
usr/share/locale/az/LC_MESSAGES/kdialog.mo
usr/share/locale/be/
usr/share/locale/be/LC_MESSAGES/
usr/share/locale/be/LC_MESSAGES/kdialog.mo
usr/share/locale/be@latin/
usr/share/locale/be@latin/LC_MESSAGES/
usr/share/locale/be@latin/LC_MESSAGES/kdialog.mo
usr/share/locale/bg/
usr/share/locale/bg/LC_MESSAGES/
usr/share/locale/bg/LC_MESSAGES/kdialog.mo
usr/share/locale/bn/
usr/share/locale/bn/LC_MESSAGES/
usr/share/locale/bn/LC_MESSAGES/kdialog.mo
usr/share/locale/bn_IN/
usr/share/locale/bn_IN/LC_MESSAGES/
usr/share/locale/bn_IN/LC_MESSAGES/kdialog.mo
usr/share/locale/br/
usr/share/locale/br/LC_MESSAGES/
usr/share/locale/br/LC_MESSAGES/kdialog.mo
usr/share/locale/bs/
usr/share/locale/bs/LC_MESSAGES/
usr/share/locale/bs/LC_MESSAGES/kdialog.mo
usr/share/locale/ca/
usr/share/locale/ca/LC_MESSAGES/
usr/share/locale/ca/LC_MESSAGES/kdialog.mo
usr/share/locale/ca@valencia/
usr/share/locale/ca@valencia/LC_MESSAGES/
usr/share/locale/ca@valencia/LC_MESSAGES/kdialog.mo
usr/share/locale/cs/
usr/share/locale/cs/LC_MESSAGES/
usr/share/locale/cs/LC_MESSAGES/kdialog.mo
usr/share/locale/csb/
usr/share/locale/csb/LC_MESSAGES/
usr/share/locale/csb/LC_MESSAGES/kdialog.mo
usr/share/locale/cy/
usr/share/locale/cy/LC_MESSAGES/
usr/share/locale/cy/LC_MESSAGES/kdialog.mo
usr/share/locale/da/
usr/share/locale/da/LC_MESSAGES/
usr/share/locale/da/LC_MESSAGES/kdialog.mo
usr/share/locale/de/
usr/share/locale/de/LC_MESSAGES/
usr/share/locale/de/LC_MESSAGES/kdialog.mo
usr/share/locale/el/
usr/share/locale/el/LC_MESSAGES/
usr/share/locale/el/LC_MESSAGES/kdialog.mo
usr/share/locale/en_GB/
usr/share/locale/en_GB/LC_MESSAGES/
usr/share/locale/en_GB/LC_MESSAGES/kdialog.mo
usr/share/locale/eo/
usr/share/locale/eo/LC_MESSAGES/
usr/share/locale/eo/LC_MESSAGES/kdialog.mo
usr/share/locale/es/
usr/share/locale/es/LC_MESSAGES/
usr/share/locale/es/LC_MESSAGES/kdialog.mo
usr/share/locale/et/
usr/share/locale/et/LC_MESSAGES/
usr/share/locale/et/LC_MESSAGES/kdialog.mo
usr/share/locale/eu/
usr/share/locale/eu/LC_MESSAGES/
usr/share/locale/eu/LC_MESSAGES/kdialog.mo
usr/share/locale/fa/
usr/share/locale/fa/LC_MESSAGES/
usr/share/locale/fa/LC_MESSAGES/kdialog.mo
usr/share/locale/fi/
usr/share/locale/fi/LC_MESSAGES/
usr/share/locale/fi/LC_MESSAGES/kdialog.mo
usr/share/locale/fr/
usr/share/locale/fr/LC_MESSAGES/
usr/share/locale/fr/LC_MESSAGES/kdialog.mo
usr/share/locale/fy/
usr/share/locale/fy/LC_MESSAGES/
usr/share/locale/fy/LC_MESSAGES/kdialog.mo
usr/share/locale/ga/
usr/share/locale/ga/LC_MESSAGES/
usr/share/locale/ga/LC_MESSAGES/kdialog.mo
usr/share/locale/gl/
usr/share/locale/gl/LC_MESSAGES/
usr/share/locale/gl/LC_MESSAGES/kdialog.mo
usr/share/locale/gu/
usr/share/locale/gu/LC_MESSAGES/
usr/share/locale/gu/LC_MESSAGES/kdialog.mo
usr/share/locale/he/
usr/share/locale/he/LC_MESSAGES/
usr/share/locale/he/LC_MESSAGES/kdialog.mo
usr/share/locale/hi/
usr/share/locale/hi/LC_MESSAGES/
usr/share/locale/hi/LC_MESSAGES/kdialog.mo
usr/share/locale/hne/
usr/share/locale/hne/LC_MESSAGES/
usr/share/locale/hne/LC_MESSAGES/kdialog.mo
usr/share/locale/hr/
usr/share/locale/hr/LC_MESSAGES/
usr/share/locale/hr/LC_MESSAGES/kdialog.mo
usr/share/locale/hsb/
usr/share/locale/hsb/LC_MESSAGES/
usr/share/locale/hsb/LC_MESSAGES/kdialog.mo
usr/share/locale/hu/
usr/share/locale/hu/LC_MESSAGES/
usr/share/locale/hu/LC_MESSAGES/kdialog.mo
usr/share/locale/ia/
usr/share/locale/ia/LC_MESSAGES/
usr/share/locale/ia/LC_MESSAGES/kdialog.mo
usr/share/locale/id/
usr/share/locale/id/LC_MESSAGES/
usr/share/locale/id/LC_MESSAGES/kdialog.mo
usr/share/locale/is/
usr/share/locale/is/LC_MESSAGES/
usr/share/locale/is/LC_MESSAGES/kdialog.mo
usr/share/locale/it/
usr/share/locale/it/LC_MESSAGES/
usr/share/locale/it/LC_MESSAGES/kdialog.mo
usr/share/locale/ja/
usr/share/locale/ja/LC_MESSAGES/
usr/share/locale/ja/LC_MESSAGES/kdialog.mo
usr/share/locale/ka/
usr/share/locale/ka/LC_MESSAGES/
usr/share/locale/ka/LC_MESSAGES/kdialog.mo
usr/share/locale/kk/
usr/share/locale/kk/LC_MESSAGES/
usr/share/locale/kk/LC_MESSAGES/kdialog.mo
usr/share/locale/km/
usr/share/locale/km/LC_MESSAGES/
usr/share/locale/km/LC_MESSAGES/kdialog.mo
usr/share/locale/kn/
usr/share/locale/kn/LC_MESSAGES/
usr/share/locale/kn/LC_MESSAGES/kdialog.mo
usr/share/locale/ko/
usr/share/locale/ko/LC_MESSAGES/
usr/share/locale/ko/LC_MESSAGES/kdialog.mo
usr/share/locale/ku/
usr/share/locale/ku/LC_MESSAGES/
usr/share/locale/ku/LC_MESSAGES/kdialog.mo
usr/share/locale/lt/
usr/share/locale/lt/LC_MESSAGES/
usr/share/locale/lt/LC_MESSAGES/kdialog.mo
usr/share/locale/lv/
usr/share/locale/lv/LC_MESSAGES/
usr/share/locale/lv/LC_MESSAGES/kdialog.mo
usr/share/locale/mai/
usr/share/locale/mai/LC_MESSAGES/
usr/share/locale/mai/LC_MESSAGES/kdialog.mo
usr/share/locale/mk/
usr/share/locale/mk/LC_MESSAGES/
usr/share/locale/mk/LC_MESSAGES/kdialog.mo
usr/share/locale/ml/
usr/share/locale/ml/LC_MESSAGES/
usr/share/locale/ml/LC_MESSAGES/kdialog.mo
usr/share/locale/mr/
usr/share/locale/mr/LC_MESSAGES/
usr/share/locale/mr/LC_MESSAGES/kdialog.mo
usr/share/locale/ms/
usr/share/locale/ms/LC_MESSAGES/
usr/share/locale/ms/LC_MESSAGES/kdialog.mo
usr/share/locale/nb/
usr/share/locale/nb/LC_MESSAGES/
usr/share/locale/nb/LC_MESSAGES/kdialog.mo
usr/share/locale/nds/
usr/share/locale/nds/LC_MESSAGES/
usr/share/locale/nds/LC_MESSAGES/kdialog.mo
usr/share/locale/ne/
usr/share/locale/ne/LC_MESSAGES/
usr/share/locale/ne/LC_MESSAGES/kdialog.mo
usr/share/locale/nl/
usr/share/locale/nl/LC_MESSAGES/
usr/share/locale/nl/LC_MESSAGES/kdialog.mo
usr/share/locale/nn/
usr/share/locale/nn/LC_MESSAGES/
usr/share/locale/nn/LC_MESSAGES/kdialog.mo
usr/share/locale/oc/
usr/share/locale/oc/LC_MESSAGES/
usr/share/locale/oc/LC_MESSAGES/kdialog.mo
usr/share/locale/or/
usr/share/locale/or/LC_MESSAGES/
usr/share/locale/or/LC_MESSAGES/kdialog.mo
usr/share/locale/pa/
usr/share/locale/pa/LC_MESSAGES/
usr/share/locale/pa/LC_MESSAGES/kdialog.mo
usr/share/locale/pl/
usr/share/locale/pl/LC_MESSAGES/
usr/share/locale/pl/LC_MESSAGES/kdialog.mo
usr/share/locale/pt/
usr/share/locale/pt/LC_MESSAGES/
usr/share/locale/pt/LC_MESSAGES/kdialog.mo
usr/share/locale/pt_BR/
usr/share/locale/pt_BR/LC_MESSAGES/
usr/share/locale/pt_BR/LC_MESSAGES/kdialog.mo
usr/share/locale/ro/
usr/share/locale/ro/LC_MESSAGES/
usr/share/locale/ro/LC_MESSAGES/kdialog.mo
usr/share/locale/ru/
usr/share/locale/ru/LC_MESSAGES/
usr/share/locale/ru/LC_MESSAGES/kdialog.mo
usr/share/locale/sa/
usr/share/locale/sa/LC_MESSAGES/
usr/share/locale/sa/LC_MESSAGES/kdialog.mo
usr/share/locale/se/
usr/share/locale/se/LC_MESSAGES/
usr/share/locale/se/LC_MESSAGES/kdialog.mo
usr/share/locale/si/
usr/share/locale/si/LC_MESSAGES/
usr/share/locale/si/LC_MESSAGES/kdialog.mo
usr/share/locale/sk/
usr/share/locale/sk/LC_MESSAGES/
usr/share/locale/sk/LC_MESSAGES/kdialog.mo
usr/share/locale/sl/
usr/share/locale/sl/LC_MESSAGES/
usr/share/locale/sl/LC_MESSAGES/kdialog.mo
usr/share/locale/sq/
usr/share/locale/sq/LC_MESSAGES/
usr/share/locale/sq/LC_MESSAGES/kdialog.mo
usr/share/locale/sr/
usr/share/locale/sr/LC_MESSAGES/
usr/share/locale/sr/LC_MESSAGES/kdialog.mo
usr/share/locale/sr@ijekavian/
usr/share/locale/sr@ijekavian/LC_MESSAGES/
usr/share/locale/sr@ijekavian/LC_MESSAGES/kdialog.mo
usr/share/locale/sr@ijekavianlatin/
usr/share/locale/sr@ijekavianlatin/LC_MESSAGES/
usr/share/locale/sr@ijekavianlatin/LC_MESSAGES/kdialog.mo
usr/share/locale/sr@latin/
usr/share/locale/sr@latin/LC_MESSAGES/
usr/share/locale/sr@latin/LC_MESSAGES/kdialog.mo
usr/share/locale/sv/
usr/share/locale/sv/LC_MESSAGES/
usr/share/locale/sv/LC_MESSAGES/kdialog.mo
usr/share/locale/ta/
usr/share/locale/ta/LC_MESSAGES/
usr/share/locale/ta/LC_MESSAGES/kdialog.mo
usr/share/locale/te/
usr/share/locale/te/LC_MESSAGES/
usr/share/locale/te/LC_MESSAGES/kdialog.mo
usr/share/locale/tg/
usr/share/locale/tg/LC_MESSAGES/
usr/share/locale/tg/LC_MESSAGES/kdialog.mo
usr/share/locale/th/
usr/share/locale/th/LC_MESSAGES/
usr/share/locale/th/LC_MESSAGES/kdialog.mo
usr/share/locale/tr/
usr/share/locale/tr/LC_MESSAGES/
usr/share/locale/tr/LC_MESSAGES/kdialog.mo
usr/share/locale/ug/
usr/share/locale/ug/LC_MESSAGES/
usr/share/locale/ug/LC_MESSAGES/kdialog.mo
usr/share/locale/uk/
usr/share/locale/uk/LC_MESSAGES/
usr/share/locale/uk/LC_MESSAGES/kdialog.mo
usr/share/locale/uz/
usr/share/locale/uz/LC_MESSAGES/
usr/share/locale/uz/LC_MESSAGES/kdialog.mo
usr/share/locale/uz@cyrillic/
usr/share/locale/uz@cyrillic/LC_MESSAGES/
usr/share/locale/uz@cyrillic/LC_MESSAGES/kdialog.mo
usr/share/locale/vi/
usr/share/locale/vi/LC_MESSAGES/
usr/share/locale/vi/LC_MESSAGES/kdialog.mo
usr/share/locale/wa/
usr/share/locale/wa/LC_MESSAGES/
usr/share/locale/wa/LC_MESSAGES/kdialog.mo
usr/share/locale/xh/
usr/share/locale/xh/LC_MESSAGES/
usr/share/locale/xh/LC_MESSAGES/kdialog.mo
usr/share/locale/zh_CN/
usr/share/locale/zh_CN/LC_MESSAGES/
usr/share/locale/zh_CN/LC_MESSAGES/kdialog.mo
usr/share/locale/zh_TW/
usr/share/locale/zh_TW/LC_MESSAGES/
usr/share/locale/zh_TW/LC_MESSAGES/kdialog.mo
usr/share/metainfo/
usr/share/metainfo/org.kde.kdialog.metainfo.xml

Slackware package /tmp/kdialog/kdialog-25.04.1-x86_64-1_rtz.tlz created.

Create shared object file for kdialog-25.04.1-x86_64-1_rtz.tlz
Creating /tmp/kdialog/kdialog-25.04.1-x86_64-1_rtz.tlz.so.file using /tmp/kdialog/kdialog-25.04.1-x86_64-1_rtz.tlz
Successfully created /tmp/kdialog/kdialog-25.04.1-x86_64-1_rtz.tlz.so.file
Packaging of executable and meta-data in kdialog.tar.lz4 format.
/tmp/kdialog /tmp/kdialog
/tmp/kdialog
BIN_NAME
README
kdialog-25.04.1-x86_64-1_rtz.tlz
kdialog-25.04.1-x86_64-1_rtz.tlz.md5
kdialog-25.04.1-x86_64-1_rtz.tlz.so.file
kdialog-25.04.1-x86_64-1_rtz.tlz.txt
kdialog.dep
makepkg-kdialog.log
[32mkdialog build finished. Procced to installation...[0m

+====================================================================================================+
| Upgrading kdialog-25.04.1-x86_64-1_rtz package using /tmp/kdialog/kdialog-25.04.1-x86_64-1_rtz.tlz |
+====================================================================================================+

Pre-installing package kdialog-25.04.1-x86_64-1_rtz...
Removing package: kdialog-25.04.1-x86_64-1_rtz-upgraded-2025-05-21,15:58:37
Installing package kdialog-25.04.1-x86_64-1_rtz.tlz:
PACKAGE DESCRIPTION:
# kdialog (displaying dialog boxes from shell scripts)
#
# A utility for displaying dialog boxes from shell scripts
#
# https://www.kde.org/
Executing install script for kdialog-25.04.1-x86_64-1_rtz.tlz.
Font directories:
	/usr/share/fonts
/usr/share/fonts: caching, new cache contents: 0 fonts, 11 dirs
/usr/share/fonts/100dpi: caching, new cache contents: 238 fonts, 0 dirs
/usr/share/fonts/75dpi: caching, new cache contents: 238 fonts, 0 dirs
/usr/share/fonts/OTF: caching, new cache contents: 124 fonts, 0 dirs
/usr/share/fonts/Speedo: caching, new cache contents: 0 fonts, 0 dirs
/usr/share/fonts/TTF: caching, new cache contents: 1132 fonts, 0 dirs
/usr/share/fonts/Type1: caching, new cache contents: 64 fonts, 0 dirs
/usr/share/fonts/cyrillic: caching, new cache contents: 0 fonts, 0 dirs
/usr/share/fonts/encodings: caching, new cache contents: 0 fonts, 1 dirs
/usr/share/fonts/encodings/large: caching, new cache contents: 0 fonts, 0 dirs
/usr/share/fonts/kanjistrokeorders: caching, new cache contents: 1 fonts, 0 dirs
/usr/share/fonts/misc: caching, new cache contents: 143 fonts, 0 dirs
/usr/share/fonts/util: caching, new cache contents: 0 fonts, 0 dirs
/var/cache/fontconfig: cleaning cache directory
/root/.cache/fontconfig: not cleaning non-existent cache directory
/root/.fontconfig: not cleaning non-existent cache directory
/usr/bin/fc-cache: succeeded
Package kdialog-25.04.1-x86_64-1_rtz.tlz installed.
Package kdialog-25.04.1-x86_64-1_rtz upgraded with new package /tmp/kdialog/kdialog-25.04.1-x86_64-1_rtz.tlz.
[32mCleaning environmet: Removing source code, and work-space...[0m
rm: cannot remove 'kdialog-25.04.1.tar.xz': No such file or directory
