[32mStarting build process...[0m
Detected architecture: x86_64
Required dependencies: extra-cmake-modules	kconfig	kconfigwidgets	kcoreaddons	kcrash	kdbusaddons	kdoctools	ki18n	kio	kwidgetsaddons	kxmlgui	libkdegames
extra-cmake-modules is already installed!
kconfig is already installed!
kconfigwidgets is already installed!
kcoreaddons is already installed!
kcrash is already installed!
kdbusaddons is already installed!
kdoctools is already installed!
ki18n is already installed!
kio is already installed!
kwidgetsaddons is already installed!
kxmlgui is already installed!
libkdegames is already installed!
No optional dependencies found.
Downloading source code tar.xz file
--2025-05-28 20:20:59--  https://download.kde.org/stable/release-service/25.04.1/src/kgoldrunner-25.04.1.tar.xz
Resolving download.kde.org (download.kde.org)... 49.12.122.15, 2a01:4f8:242:53eb::4
Connecting to download.kde.org (download.kde.org)|49.12.122.15|:443... connected.
HTTP request sent, awaiting response... 302 Found
Location: https://ftp.cc.uoc.gr/mirrors/kde/stable/release-service/25.04.1/src/kgoldrunner-25.04.1.tar.xz [following]
--2025-05-28 20:20:59--  https://ftp.cc.uoc.gr/mirrors/kde/stable/release-service/25.04.1/src/kgoldrunner-25.04.1.tar.xz
Resolving ftp.cc.uoc.gr (ftp.cc.uoc.gr)... 147.52.159.50, 2001:648:2c00:6c08::2
Connecting to ftp.cc.uoc.gr (ftp.cc.uoc.gr)|147.52.159.50|:443... connected.
HTTP request sent, awaiting response... 200 OK
Length: 4419644 (4.2M) [application/octet-stream]
Saving to: ‘kgoldrunner-25.04.1.tar.xz’

     0K .......... .......... .......... .......... ..........  1% 1.35M 3s
    50K .......... .......... .......... .......... ..........  2% 1.46M 3s
   100K .......... .......... .......... .......... ..........  3% 5.17M 2s
   150K .......... .......... .......... .......... ..........  4% 2.18M 2s
   200K .......... .......... .......... .......... ..........  5% 5.04M 2s
   250K .......... .......... .......... .......... ..........  6% 5.25M 2s
   300K .......... .......... .......... .......... ..........  8% 7.29M 1s
   350K .......... .......... .......... .......... ..........  9%  544K 2s
   400K .......... .......... .......... .......... .......... 10%  314M 2s
   450K .......... .......... .......... .......... .......... 11%  338M 2s
   500K .......... .......... .......... .......... .......... 12%  334M 2s
   550K .......... .......... .......... .......... .......... 13%  336M 1s
   600K .......... .......... .......... .......... .......... 15%  345M 1s
   650K .......... .......... .......... .......... .......... 16%  315M 1s
   700K .......... .......... .......... .......... .......... 17%  326M 1s
   750K .......... .......... .......... .......... .......... 18%  253M 1s
   800K .......... .......... .......... .......... .......... 19%  343M 1s
   850K .......... .......... .......... .......... .......... 20% 6.53M 1s
   900K .......... .......... .......... .......... .......... 22% 5.31M 1s
   950K .......... .......... .......... .......... .......... 23% 7.08M 1s
  1000K .......... .......... .......... .......... .......... 24% 5.15M 1s
  1050K .......... .......... .......... .......... .......... 25% 5.43M 1s
  1100K .......... .......... .......... .......... .......... 26% 6.36M 1s
  1150K .......... .......... .......... .......... .......... 27% 4.10M 1s
  1200K .......... .......... .......... .......... .......... 28% 6.82M 1s
  1250K .......... .......... .......... .......... .......... 30% 4.73M 1s
  1300K .......... .......... .......... .......... .......... 31% 7.01M 1s
  1350K .......... .......... .......... .......... .......... 32% 5.13M 1s
  1400K .......... .......... .......... .......... .......... 33% 6.61M 1s
  1450K .......... .......... .......... .......... .......... 34% 4.92M 1s
  1500K .......... .......... .......... .......... .......... 35% 6.92M 1s
  1550K .......... .......... .......... .......... .......... 37% 4.22M 1s
  1600K .......... .......... .......... .......... .......... 38% 1014K 1s
  1650K .......... .......... .......... .......... .......... 39%  327M 1s
  1700K .......... .......... .......... .......... .......... 40% 5.26M 1s
  1750K .......... .......... .......... .......... .......... 41%  304M 1s
  1800K .......... .......... .......... .......... .......... 42%  333M 1s
  1850K .......... .......... .......... .......... .......... 44%  328M 1s
  1900K .......... .......... .......... .......... .......... 45% 29.1M 1s
  1950K .......... .......... .......... .......... .......... 46% 5.29M 0s
  2000K .......... .......... .......... .......... .......... 47% 5.14M 0s
  2050K .......... .......... .......... .......... .......... 48% 5.21M 0s
  2100K .......... .......... .......... .......... .......... 49% 5.02M 0s
  2150K .......... .......... .......... .......... .......... 50% 6.98M 0s
  2200K .......... .......... .......... .......... .......... 52% 4.95M 0s
  2250K .......... .......... .......... .......... .......... 53% 6.65M 0s
  2300K .......... .......... .......... .......... .......... 54% 5.40M 0s
  2350K .......... .......... .......... .......... .......... 55% 4.12M 0s
  2400K .......... .......... .......... .......... .......... 56% 5.53M 0s
  2450K .......... .......... .......... .......... .......... 57% 7.17M 0s
  2500K .......... .......... .......... .......... .......... 59% 4.80M 0s
  2550K .......... .......... .......... .......... .......... 60% 5.32M 0s
  2600K .......... .......... .......... .......... .......... 61% 6.71M 0s
  2650K .......... .......... .......... .......... .......... 62% 5.04M 0s
  2700K .......... .......... .......... .......... .......... 63% 5.40M 0s
  2750K .......... .......... .......... .......... .......... 64% 5.38M 0s
  2800K .......... .......... .......... .......... .......... 66% 4.73M 0s
  2850K .......... .......... .......... .......... .......... 67% 6.76M 0s
  2900K .......... .......... .......... .......... .......... 68% 5.13M 0s
  2950K .......... .......... .......... .......... .......... 69% 5.02M 0s
  3000K .......... .......... .......... .......... .......... 70% 6.76M 0s
  3050K .......... .......... .......... .......... .......... 71% 5.19M 0s
  3100K .......... .......... .......... .......... .......... 72% 7.18M 0s
  3150K .......... .......... .......... .......... .......... 74% 3.92M 0s
  3200K .......... .......... .......... .......... .......... 75% 3.92M 0s
  3250K .......... .......... .......... .......... .......... 76% 2.99M 0s
  3300K .......... .......... .......... .......... .......... 77%  855K 0s
  3350K .......... .......... .......... .......... .......... 78% 1.79M 0s
  3400K .......... .......... .......... .......... .......... 79% 6.43M 0s
  3450K .......... .......... .......... .......... .......... 81% 4.34M 0s
  3500K .......... .......... .......... .......... .......... 82% 2.76M 0s
  3550K .......... .......... .......... .......... .......... 83% 2.28M 0s
  3600K .......... .......... .......... .......... .......... 84% 2.82M 0s
  3650K .......... .......... .......... .......... .......... 85% 2.89M 0s
  3700K .......... .......... .......... .......... .......... 86% 2.83M 0s
  3750K .......... .......... .......... .......... .......... 88% 1.84M 0s
  3800K .......... .......... .......... .......... .......... 89% 4.48M 0s
  3850K .......... .......... .......... .......... .......... 90% 1.88M 0s
  3900K .......... .......... .......... .......... .......... 91% 7.48M 0s
  3950K .......... .......... .......... .......... .......... 92% 1.63M 0s
  4000K .......... .......... .......... .......... .......... 93% 4.66M 0s
  4050K .......... .......... .......... .......... .......... 94% 2.04M 0s
  4100K .......... .......... .......... .......... .......... 96% 5.05M 0s
  4150K .......... .......... .......... .......... .......... 97% 1.47M 0s
  4200K .......... .......... .......... .......... .......... 98%  724K 0s
  4250K .......... .......... .......... .......... .......... 99% 1.19M 0s
  4300K .......... ......                                     100% 64.2M=1.1s

2025-05-28 20:21:01 (3.67 MB/s) - ‘kgoldrunner-25.04.1.tar.xz’ saved [4419644/4419644]

Found file: kgoldrunner-25.04.1.tar.xz
No checksum provided. Skipping checksum verification and proceeding...
Creating working directories and exporting source code in...
kgoldrunner-25.04.1/
kgoldrunner-25.04.1/kgoldrunner.kdevelop
kgoldrunner-25.04.1/cmake/
kgoldrunner-25.04.1/cmake/InternalMacros.cmake
kgoldrunner-25.04.1/Mainpage.dox
kgoldrunner-25.04.1/README.PACKAGERS
kgoldrunner-25.04.1/AUTHORS
kgoldrunner-25.04.1/CMakePresets.json.license
kgoldrunner-25.04.1/CMakePresets.json
kgoldrunner-25.04.1/Messages.sh
kgoldrunner-25.04.1/.craft.ini
kgoldrunner-25.04.1/LICENSES/
kgoldrunner-25.04.1/LICENSES/GFDL-1.2-or-later.txt
kgoldrunner-25.04.1/LICENSES/BSD-3-Clause.txt
kgoldrunner-25.04.1/LICENSES/CC0-1.0.txt
kgoldrunner-25.04.1/LICENSES/GPL-2.0-or-later.txt
kgoldrunner-25.04.1/.gitlab-ci.yml
kgoldrunner-25.04.1/doc/
kgoldrunner-25.04.1/doc/index.docbook
kgoldrunner-25.04.1/doc/editbar.png
kgoldrunner-25.04.1/doc/tute008.png
kgoldrunner-25.04.1/doc/select.png
kgoldrunner-25.04.1/doc/CMakeLists.txt
kgoldrunner-25.04.1/README
kgoldrunner-25.04.1/logo.png
kgoldrunner-25.04.1/snapcraft.yaml
kgoldrunner-25.04.1/TODO
kgoldrunner-25.04.1/VERSION
kgoldrunner-25.04.1/.kde-ci.yml
kgoldrunner-25.04.1/.gitattributes
kgoldrunner-25.04.1/.flatpak-manifest.json.license
kgoldrunner-25.04.1/themes/
kgoldrunner-25.04.1/themes/default.desktop
kgoldrunner-25.04.1/themes/default/
kgoldrunner-25.04.1/themes/default/falling.ogg
kgoldrunner-25.04.1/themes/default/gold.ogg
kgoldrunner-25.04.1/themes/default/default.png
kgoldrunner-25.04.1/themes/default/completed.ogg
kgoldrunner-25.04.1/themes/default/step.wav
kgoldrunner-25.04.1/themes/default/death.ogg
kgoldrunner-25.04.1/themes/default/set.svg
kgoldrunner-25.04.1/themes/default/climb.wav
kgoldrunner-25.04.1/themes/default/actors.svg
kgoldrunner-25.04.1/themes/default/gameover.ogg
kgoldrunner-25.04.1/themes/default/ladder.ogg
kgoldrunner-25.04.1/themes/default/dig.ogg
kgoldrunner-25.04.1/themes/default/victory.ogg
kgoldrunner-25.04.1/themes/black-on-white.desktop
kgoldrunner-25.04.1/themes/nostalgia.desktop
kgoldrunner-25.04.1/themes/README
kgoldrunner-25.04.1/themes/accessible/
kgoldrunner-25.04.1/themes/accessible/black-on-white.png
kgoldrunner-25.04.1/themes/accessible/black-on-white-set.svg
kgoldrunner-25.04.1/themes/accessible/black-on-white-actors.svg
kgoldrunner-25.04.1/themes/nostalgia/
kgoldrunner-25.04.1/themes/nostalgia/blue-actors.svg
kgoldrunner-25.04.1/themes/nostalgia/nostalgia-blues.png
kgoldrunner-25.04.1/themes/nostalgia/set.svg
kgoldrunner-25.04.1/themes/nostalgia/blue-set.svg
kgoldrunner-25.04.1/themes/nostalgia/nostalgia.png
kgoldrunner-25.04.1/themes/nostalgia/hero.svg
kgoldrunner-25.04.1/themes/nostalgia/actors.svg
kgoldrunner-25.04.1/themes/nostalgia/gold-enemy.svg
kgoldrunner-25.04.1/themes/egypt/
kgoldrunner-25.04.1/themes/egypt/egypt.png
kgoldrunner-25.04.1/themes/egypt/egypt_kgr.svg
kgoldrunner-25.04.1/themes/egypt/actors.svg
kgoldrunner-25.04.1/themes/kgr_geek/
kgoldrunner-25.04.1/themes/kgr_geek/kgr_geek.png
kgoldrunner-25.04.1/themes/kgr_geek/set.svg
kgoldrunner-25.04.1/themes/kgr_geek/actors.svg
kgoldrunner-25.04.1/themes/nostalgia-blues.desktop
kgoldrunner-25.04.1/themes/kgr_geek.desktop
kgoldrunner-25.04.1/themes/CMakeLists.txt
kgoldrunner-25.04.1/themes/egypt.desktop
kgoldrunner-25.04.1/themes/kgoldrunner.knsrc
kgoldrunner-25.04.1/BUGS
kgoldrunner-25.04.1/po/
kgoldrunner-25.04.1/po/fa/
kgoldrunner-25.04.1/po/fa/kgoldrunner.po
kgoldrunner-25.04.1/po/bg/
kgoldrunner-25.04.1/po/bg/kgoldrunner.po
kgoldrunner-25.04.1/po/pt/
kgoldrunner-25.04.1/po/pt/docs/
kgoldrunner-25.04.1/po/pt/docs/kgoldrunner/
kgoldrunner-25.04.1/po/pt/docs/kgoldrunner/index.docbook
kgoldrunner-25.04.1/po/pt/kgoldrunner.po
kgoldrunner-25.04.1/po/km/
kgoldrunner-25.04.1/po/km/kgoldrunner.po
kgoldrunner-25.04.1/po/nn/
kgoldrunner-25.04.1/po/nn/kgoldrunner.po
kgoldrunner-25.04.1/po/pl/
kgoldrunner-25.04.1/po/pl/kgoldrunner.po
kgoldrunner-25.04.1/po/ja/
kgoldrunner-25.04.1/po/ja/kgoldrunner.po
kgoldrunner-25.04.1/po/pa/
kgoldrunner-25.04.1/po/pa/kgoldrunner.po
kgoldrunner-25.04.1/po/bs/
kgoldrunner-25.04.1/po/bs/kgoldrunner.po
kgoldrunner-25.04.1/po/zh_CN/
kgoldrunner-25.04.1/po/zh_CN/kgoldrunner.po
kgoldrunner-25.04.1/po/cs/
kgoldrunner-25.04.1/po/cs/kgoldrunner.po
kgoldrunner-25.04.1/po/es/
kgoldrunner-25.04.1/po/es/docs/
kgoldrunner-25.04.1/po/es/docs/kgoldrunner/
kgoldrunner-25.04.1/po/es/docs/kgoldrunner/index.docbook
kgoldrunner-25.04.1/po/es/kgoldrunner.po
kgoldrunner-25.04.1/po/ka/
kgoldrunner-25.04.1/po/ka/kgoldrunner.po
kgoldrunner-25.04.1/po/is/
kgoldrunner-25.04.1/po/is/kgoldrunner.po
kgoldrunner-25.04.1/po/tr/
kgoldrunner-25.04.1/po/tr/kgoldrunner.po
kgoldrunner-25.04.1/po/ug/
kgoldrunner-25.04.1/po/ug/kgoldrunner.po
kgoldrunner-25.04.1/po/ca/
kgoldrunner-25.04.1/po/ca/docs/
kgoldrunner-25.04.1/po/ca/docs/kgoldrunner/
kgoldrunner-25.04.1/po/ca/docs/kgoldrunner/index.docbook
kgoldrunner-25.04.1/po/ca/docs/kgoldrunner/tute008.png
kgoldrunner-25.04.1/po/ca/docs/kgoldrunner/select.png
kgoldrunner-25.04.1/po/ca/kgoldrunner.po
kgoldrunner-25.04.1/po/se/
kgoldrunner-25.04.1/po/se/kgoldrunner.po
kgoldrunner-25.04.1/po/ca@valencia/
kgoldrunner-25.04.1/po/ca@valencia/kgoldrunner.po
kgoldrunner-25.04.1/po/hr/
kgoldrunner-25.04.1/po/hr/kgoldrunner.po
kgoldrunner-25.04.1/po/gl/
kgoldrunner-25.04.1/po/gl/docs/
kgoldrunner-25.04.1/po/gl/docs/kgoldrunner/
kgoldrunner-25.04.1/po/gl/docs/kgoldrunner/index.docbook
kgoldrunner-25.04.1/po/gl/kgoldrunner.po
kgoldrunner-25.04.1/po/ro/
kgoldrunner-25.04.1/po/ro/kgoldrunner.po
kgoldrunner-25.04.1/po/oc/
kgoldrunner-25.04.1/po/oc/kgoldrunner.po
kgoldrunner-25.04.1/po/br/
kgoldrunner-25.04.1/po/br/kgoldrunner.po
kgoldrunner-25.04.1/po/eo/
kgoldrunner-25.04.1/po/eo/kgoldrunner.po
kgoldrunner-25.04.1/po/sr@ijekavian/
kgoldrunner-25.04.1/po/sr@ijekavian/kgoldrunner.po
kgoldrunner-25.04.1/po/nl/
kgoldrunner-25.04.1/po/nl/docs/
kgoldrunner-25.04.1/po/nl/docs/kgoldrunner/
kgoldrunner-25.04.1/po/nl/docs/kgoldrunner/index.docbook
kgoldrunner-25.04.1/po/nl/kgoldrunner.po
kgoldrunner-25.04.1/po/mr/
kgoldrunner-25.04.1/po/mr/kgoldrunner.po
kgoldrunner-25.04.1/po/ml/
kgoldrunner-25.04.1/po/ml/kgoldrunner.po
kgoldrunner-25.04.1/po/hu/
kgoldrunner-25.04.1/po/hu/kgoldrunner.po
kgoldrunner-25.04.1/po/eu/
kgoldrunner-25.04.1/po/eu/kgoldrunner.po
kgoldrunner-25.04.1/po/lv/
kgoldrunner-25.04.1/po/lv/kgoldrunner.po
kgoldrunner-25.04.1/po/mk/
kgoldrunner-25.04.1/po/mk/kgoldrunner.po
kgoldrunner-25.04.1/po/nb/
kgoldrunner-25.04.1/po/nb/kgoldrunner.po
kgoldrunner-25.04.1/po/fr/
kgoldrunner-25.04.1/po/fr/docs/
kgoldrunner-25.04.1/po/fr/docs/kgoldrunner/
kgoldrunner-25.04.1/po/fr/docs/kgoldrunner/index.docbook
kgoldrunner-25.04.1/po/fr/docs/kgoldrunner/editbar.png
kgoldrunner-25.04.1/po/fr/docs/kgoldrunner/tute008.png
kgoldrunner-25.04.1/po/fr/docs/kgoldrunner/select.png
kgoldrunner-25.04.1/po/fr/kgoldrunner.po
kgoldrunner-25.04.1/po/hi/
kgoldrunner-25.04.1/po/hi/kgoldrunner.po
kgoldrunner-25.04.1/po/sl/
kgoldrunner-25.04.1/po/sl/docs/
kgoldrunner-25.04.1/po/sl/docs/kgoldrunner/
kgoldrunner-25.04.1/po/sl/docs/kgoldrunner/index.docbook
kgoldrunner-25.04.1/po/sl/kgoldrunner.po
kgoldrunner-25.04.1/po/sr@latin/
kgoldrunner-25.04.1/po/sr@latin/kgoldrunner.po
kgoldrunner-25.04.1/po/bn/
kgoldrunner-25.04.1/po/bn/kgoldrunner.po
kgoldrunner-25.04.1/po/ta/
kgoldrunner-25.04.1/po/ta/kgoldrunner.po
kgoldrunner-25.04.1/po/sr/
kgoldrunner-25.04.1/po/sr/kgoldrunner.po
kgoldrunner-25.04.1/po/de/
kgoldrunner-25.04.1/po/de/docs/
kgoldrunner-25.04.1/po/de/docs/kgoldrunner/
kgoldrunner-25.04.1/po/de/docs/kgoldrunner/index.docbook
kgoldrunner-25.04.1/po/de/docs/kgoldrunner/editbar.png
kgoldrunner-25.04.1/po/de/docs/kgoldrunner/tute008.png
kgoldrunner-25.04.1/po/de/docs/kgoldrunner/select.png
kgoldrunner-25.04.1/po/de/kgoldrunner.po
kgoldrunner-25.04.1/po/ar/
kgoldrunner-25.04.1/po/ar/kgoldrunner.po
kgoldrunner-25.04.1/po/sk/
kgoldrunner-25.04.1/po/sk/kgoldrunner.po
kgoldrunner-25.04.1/po/zh_TW/
kgoldrunner-25.04.1/po/zh_TW/kgoldrunner.po
kgoldrunner-25.04.1/po/et/
kgoldrunner-25.04.1/po/et/docs/
kgoldrunner-25.04.1/po/et/docs/kgoldrunner/
kgoldrunner-25.04.1/po/et/docs/kgoldrunner/index.docbook
kgoldrunner-25.04.1/po/et/kgoldrunner.po
kgoldrunner-25.04.1/po/it/
kgoldrunner-25.04.1/po/it/docs/
kgoldrunner-25.04.1/po/it/docs/kgoldrunner/
kgoldrunner-25.04.1/po/it/docs/kgoldrunner/index.docbook
kgoldrunner-25.04.1/po/it/kgoldrunner.po
kgoldrunner-25.04.1/po/mai/
kgoldrunner-25.04.1/po/mai/kgoldrunner.po
kgoldrunner-25.04.1/po/el/
kgoldrunner-25.04.1/po/el/kgoldrunner.po
kgoldrunner-25.04.1/po/da/
kgoldrunner-25.04.1/po/da/kgoldrunner.po
kgoldrunner-25.04.1/po/pt_BR/
kgoldrunner-25.04.1/po/pt_BR/docs/
kgoldrunner-25.04.1/po/pt_BR/docs/kgoldrunner/
kgoldrunner-25.04.1/po/pt_BR/docs/kgoldrunner/index.docbook
kgoldrunner-25.04.1/po/pt_BR/kgoldrunner.po
kgoldrunner-25.04.1/po/ru/
kgoldrunner-25.04.1/po/ru/kgoldrunner.po
kgoldrunner-25.04.1/po/sq/
kgoldrunner-25.04.1/po/sq/kgoldrunner.po
kgoldrunner-25.04.1/po/id/
kgoldrunner-25.04.1/po/id/kgoldrunner.po
kgoldrunner-25.04.1/po/ia/
kgoldrunner-25.04.1/po/ia/kgoldrunner.po
kgoldrunner-25.04.1/po/cy/
kgoldrunner-25.04.1/po/cy/kgoldrunner.po
kgoldrunner-25.04.1/po/sv/
kgoldrunner-25.04.1/po/sv/docs/
kgoldrunner-25.04.1/po/sv/docs/kgoldrunner/
kgoldrunner-25.04.1/po/sv/docs/kgoldrunner/index.docbook
kgoldrunner-25.04.1/po/sv/docs/kgoldrunner/editbar.png
kgoldrunner-25.04.1/po/sv/docs/kgoldrunner/tute008.png
kgoldrunner-25.04.1/po/sv/docs/kgoldrunner/select.png
kgoldrunner-25.04.1/po/sv/kgoldrunner.po
kgoldrunner-25.04.1/po/ne/
kgoldrunner-25.04.1/po/ne/kgoldrunner.po
kgoldrunner-25.04.1/po/fi/
kgoldrunner-25.04.1/po/fi/kgoldrunner.po
kgoldrunner-25.04.1/po/kk/
kgoldrunner-25.04.1/po/kk/kgoldrunner.po
kgoldrunner-25.04.1/po/ast/
kgoldrunner-25.04.1/po/ast/kgoldrunner.po
kgoldrunner-25.04.1/po/lt/
kgoldrunner-25.04.1/po/lt/kgoldrunner.po
kgoldrunner-25.04.1/po/be/
kgoldrunner-25.04.1/po/be/kgoldrunner.po
kgoldrunner-25.04.1/po/tg/
kgoldrunner-25.04.1/po/tg/kgoldrunner.po
kgoldrunner-25.04.1/po/sa/
kgoldrunner-25.04.1/po/sa/kgoldrunner.po
kgoldrunner-25.04.1/po/te/
kgoldrunner-25.04.1/po/te/kgoldrunner.po
kgoldrunner-25.04.1/po/ko/
kgoldrunner-25.04.1/po/ko/kgoldrunner.po
kgoldrunner-25.04.1/po/hne/
kgoldrunner-25.04.1/po/hne/kgoldrunner.po
kgoldrunner-25.04.1/po/ga/
kgoldrunner-25.04.1/po/ga/kgoldrunner.po
kgoldrunner-25.04.1/po/en_GB/
kgoldrunner-25.04.1/po/en_GB/kgoldrunner.po
kgoldrunner-25.04.1/po/uk/
kgoldrunner-25.04.1/po/uk/docs/
kgoldrunner-25.04.1/po/uk/docs/kgoldrunner/
kgoldrunner-25.04.1/po/uk/docs/kgoldrunner/index.docbook
kgoldrunner-25.04.1/po/uk/docs/kgoldrunner/tute008.png
kgoldrunner-25.04.1/po/uk/docs/kgoldrunner/select.png
kgoldrunner-25.04.1/po/uk/kgoldrunner.po
kgoldrunner-25.04.1/po/sr@ijekavianlatin/
kgoldrunner-25.04.1/po/sr@ijekavianlatin/kgoldrunner.po
kgoldrunner-25.04.1/po/nds/
kgoldrunner-25.04.1/po/nds/kgoldrunner.po
kgoldrunner-25.04.1/Doxyfile
kgoldrunner-25.04.1/gamedata/
kgoldrunner-25.04.1/gamedata/game_MAZ.txt
kgoldrunner-25.04.1/gamedata/game_blb.txt
kgoldrunner-25.04.1/gamedata/sol_tutea.txt
kgoldrunner-25.04.1/gamedata/sol_tute.txt
kgoldrunner-25.04.1/gamedata/game_plwv.txt
kgoldrunner-25.04.1/gamedata/rec_GMGR.txt
kgoldrunner-25.04.1/gamedata/sol_fd.txt
kgoldrunner-25.04.1/gamedata/game_fd.txt
kgoldrunner-25.04.1/gamedata/hi_plwv.dat
kgoldrunner-25.04.1/gamedata/game_GMEP.txt
kgoldrunner-25.04.1/gamedata/rec_GRII.txt
kgoldrunner-25.04.1/gamedata/game_plws.txt
kgoldrunner-25.04.1/gamedata/game_GRII.txt
kgoldrunner-25.04.1/gamedata/sol_blb.txt
kgoldrunner-25.04.1/gamedata/game_wad.txt
kgoldrunner-25.04.1/gamedata/game_kgr.txt
kgoldrunner-25.04.1/gamedata/game_GMGR.txt
kgoldrunner-25.04.1/gamedata/game_lars.txt
kgoldrunner-25.04.1/gamedata/README
kgoldrunner-25.04.1/gamedata/game_sot.txt
kgoldrunner-25.04.1/gamedata/game_GotD.txt
kgoldrunner-25.04.1/gamedata/hi_wad.dat
kgoldrunner-25.04.1/gamedata/sol_GotD.txt
kgoldrunner-25.04.1/gamedata/game_tutea.txt
kgoldrunner-25.04.1/gamedata/game_cnt.txt
kgoldrunner-25.04.1/gamedata/rec_demo.txt
kgoldrunner-25.04.1/gamedata/KGr2toKGr3.sh
kgoldrunner-25.04.1/gamedata/game_CM.txt
kgoldrunner-25.04.1/gamedata/hi_plws.dat
kgoldrunner-25.04.1/gamedata/sol_plws.txt
kgoldrunner-25.04.1/gamedata/game_ende.txt
kgoldrunner-25.04.1/gamedata/game_tute.txt
kgoldrunner-25.04.1/gamedata/CMakeLists.txt
kgoldrunner-25.04.1/gamedata/hi_kgr.dat
kgoldrunner-25.04.1/gamedata/sol_kgr.txt
kgoldrunner-25.04.1/.flatpak-manifest.json
kgoldrunner-25.04.1/CMakeLists.txt
kgoldrunner-25.04.1/src/
kgoldrunner-25.04.1/src/64-apps-kgoldrunner.png
kgoldrunner-25.04.1/src/kgrgameio.cpp
kgoldrunner-25.04.1/src/16-apps-kgoldrunner.png
kgoldrunner-25.04.1/src/kgrlevelgrid.cpp
kgoldrunner-25.04.1/src/kgrdialog.h
kgoldrunner-25.04.1/src/kgoldrunner.qrc
kgoldrunner-25.04.1/src/kgrselector.h
kgoldrunner-25.04.1/src/kgrscene.cpp
kgoldrunner-25.04.1/src/kgrrunner.h
kgoldrunner-25.04.1/src/kgrview.h
kgoldrunner-25.04.1/src/kgoldrunner.cpp
kgoldrunner-25.04.1/src/kgrscene.h
kgoldrunner-25.04.1/src/kgrgame.cpp
kgoldrunner-25.04.1/src/kgrsprite.h
kgoldrunner-25.04.1/src/kgrrulebook.h
kgoldrunner-25.04.1/src/kgrtimer.h
kgoldrunner-25.04.1/src/org.kde.kgoldrunner.desktop
kgoldrunner-25.04.1/src/kgrsounds.cpp
kgoldrunner-25.04.1/src/kgrthemetypes.h
kgoldrunner-25.04.1/src/kgoldrunnerui.rc
kgoldrunner-25.04.1/src/kgrthemetypes.cpp
kgoldrunner-25.04.1/src/kgrsounds.h
kgoldrunner-25.04.1/src/kgrrunner.cpp
kgoldrunner-25.04.1/src/kgrlevelplayer.cpp
kgoldrunner-25.04.1/src/kgrlevelgrid.h
kgoldrunner-25.04.1/src/org.kde.kgoldrunner.appdata.xml
kgoldrunner-25.04.1/src/kgrrenderer.cpp
kgoldrunner-25.04.1/src/kgrgameio.h
kgoldrunner-25.04.1/src/kgrsprite.cpp
kgoldrunner-25.04.1/src/kgrdialog.cpp
kgoldrunner-25.04.1/src/kgrrulebook.cpp
kgoldrunner-25.04.1/src/32-apps-kgoldrunner.png
kgoldrunner-25.04.1/src/kgrglobals.h
kgoldrunner-25.04.1/src/kgrview.cpp
kgoldrunner-25.04.1/src/main.cpp
kgoldrunner-25.04.1/src/kgrselector.cpp
kgoldrunner-25.04.1/src/kgrdebug.h
kgoldrunner-25.04.1/src/22-apps-kgoldrunner.png
kgoldrunner-25.04.1/src/128-apps-kgoldrunner.png
kgoldrunner-25.04.1/src/48-apps-kgoldrunner.png
kgoldrunner-25.04.1/src/kgreditor.h
kgoldrunner-25.04.1/src/kgrtimer.cpp
kgoldrunner-25.04.1/src/CMakeLists.txt
kgoldrunner-25.04.1/src/kgrlevelplayer.h
kgoldrunner-25.04.1/src/kgreditor.cpp
kgoldrunner-25.04.1/src/kgrgame.h
kgoldrunner-25.04.1/src/kgrrenderer.h
kgoldrunner-25.04.1/src/kgoldrunner.h
kgoldrunner-25.04.1/.gitignore
/home/omen/GITHUB/Athos/AthOS/REPO-AthOS/kgoldrunner/work
README or README.md already exists, skipping creation.
hm...lets continue and see what happens
-- The C compiler identification is GNU 14.3.0
-- The CXX compiler identification is GNU 14.3.0
-- Detecting C compiler ABI info
-- Detecting C compiler ABI info - done
-- Check for working C compiler: /usr/bin/cc - skipped
-- Detecting C compile features
-- Detecting C compile features - done
-- Detecting CXX compiler ABI info
-- Detecting CXX compiler ABI info - done
-- Check for working CXX compiler: /usr/bin/c++ - skipped
-- Detecting CXX compile features
-- Detecting CXX compile features - done
-- Installing in the same prefix as Qt, adopting their path scheme.
-- Looking for __GLIBC__
-- Looking for __GLIBC__ - found
-- Performing Test _OFFT_IS_64BIT
-- Performing Test _OFFT_IS_64BIT - Success
-- Performing Test HAVE_DATE_TIME
-- Performing Test HAVE_DATE_TIME - Success
-- Could NOT find 7Zip (missing: 7Zip_EXECUTABLE) 
-- Found gzip: /usr/bin/gzip
-- Found OpenGL: /usr/lib64/libOpenGL.so
-- Found WrapOpenGL: TRUE
-- Found XKB: /usr/lib64/libxkbcommon.so (found suitable version "1.10.0", minimum required is "0.5.0")
-- Found WrapVulkanHeaders: /usr/include
-- Performing Test HAVE_STDATOMIC
-- Performing Test HAVE_STDATOMIC - Success
-- Found WrapAtomic: TRUE
-- Found KF6Config: /usr/lib64/cmake/KF6Config/KF6ConfigConfig.cmake (found version "6.14.0")
-- Found KF6ConfigWidgets: /usr/lib64/cmake/KF6ConfigWidgets/KF6ConfigWidgetsConfig.cmake (found version "6.14.0")
-- Found KF6CoreAddons: /usr/lib64/cmake/KF6CoreAddons/KF6CoreAddonsConfig.cmake (found version "6.14.0")
-- Found KF6Crash: /usr/lib64/cmake/KF6Crash/KF6CrashConfig.cmake (found version "6.14.0")
-- Found KF6DBusAddons: /usr/lib64/cmake/KF6DBusAddons/KF6DBusAddonsConfig.cmake (found version "6.14.0")
-- Found KF6DocTools: /usr/lib64/cmake/KF6DocTools/KF6DocToolsConfig.cmake (found version "6.14.0")
-- Found Gettext: /usr/bin/msgmerge (found version "0.25")
-- Found KF6I18n: /usr/lib64/cmake/KF6I18n/KF6I18nConfig.cmake (found version "6.14.0")
-- Found X11: /usr/include
-- Looking for XOpenDisplay in /usr/lib64/libX11.so;/usr/lib64/libXext.so
-- Looking for XOpenDisplay in /usr/lib64/libX11.so;/usr/lib64/libXext.so - found
-- Looking for gethostbyname
-- Looking for gethostbyname - found
-- Looking for connect
-- Looking for connect - found
-- Looking for remove
-- Looking for remove - found
-- Looking for shmat
-- Looking for shmat - found
-- Looking for IceConnectionNumber in ICE
-- Looking for IceConnectionNumber in ICE - found
-- Found KF6KIO: /usr/lib64/cmake/KF6KIO/KF6KIOConfig.cmake (found version "6.14.0")
-- Found KF6WidgetsAddons: /usr/lib64/cmake/KF6WidgetsAddons/KF6WidgetsAddonsConfig.cmake (found version "6.14.0")
-- Found KF6XmlGui: /usr/lib64/cmake/KF6XmlGui/KF6XmlGuiConfig.cmake (found version "6.14.0")
-- Found KF6IconThemes: /usr/lib64/cmake/KF6IconThemes/KF6IconThemesConfig.cmake (found version "6.14.0")
-- Found KF6: success (found suitable version "6.14.0", minimum required is "6.0.0") found components: Config ConfigWidgets CoreAddons Crash DBusAddons DocTools I18n KIO WidgetsAddons XmlGui IconThemes
-- The following OPTIONAL packages have been found:

 * OpenGL
 * XKB (required version >= 0.5.0), XKB API common to servers and clients., <http://xkbcommon.org>
 * WrapVulkanHeaders
 * Qt6Gui (required version >= 6.7.0)
 * Qt6DBusTools (required version >= 6.8.3)
 * Qt6QmlTools (required version >= 6.8.3)
 * Qt6CoreTools (required version >= 6.8.3)
 * Qt6GuiTools (required version >= 6.8.3)
 * Qt6WidgetsTools (required version >= 6.8.3)

-- The following REQUIRED packages have been found:

 * ECM (required version >= 6.0.0)
 * gzip, Data compression program for the gzip format, <https://www.gnu.org/software/gzip>
   For installing SVG files as SVGZ (less efficient fallback for 7Zip)
 * Qt6 (required version >= 6.5.0)
 * KF6Crash (required version >= 6.0.0)
 * KF6DBusAddons (required version >= 6.0.0)
 * KF6DocTools (required version >= 6.0.0)
 * Gettext
 * KF6I18n (required version >= 6.0.0)
 * KF6CoreAddons (required version >= 6.14.0)
 * KF6KIO (required version >= 6.0.0)
 * KF6XmlGui (required version >= 6.0.0)
 * KF6IconThemes (required version >= 6.0.0)
 * KF6 (required version >= 6.0.0)
 * Qt6Widgets (required version >= 6.7.0)
 * KDEGames6 (required version >= 6.0.0)

-- The following OPTIONAL packages have not been found:

 * 7Zip, Data (de)compression program, <https://www.7-zip.org/>
   For installing SVG files as SVGZ

-- Configuring done (1.4s)
-- Generating done (0.0s)
-- Build files have been written to: /home/omen/GITHUB/Athos/AthOS/REPO-AthOS/kgoldrunner/work/kgoldrunner-25.04.1/build
[1/52] Generating ts...
[2/52] Gzipping black-on-white-set.svg
[3/52] Gzipping black-on-white-actors.svg
[4/52] Gzipping set.svg
[5/52] Gzipping set.svg
[6/52] Gzipping actors.svg
[7/52] Gzipping actors.svg
[8/52] Gzipping actors.svg
[9/52] Gzipping set.svg
[10/52] Gzipping blue-set.svg
[11/52] Gzipping blue-actors.svg
[12/52] Gzipping egypt_kgr.svg
[13/52] Gzipping actors.svg
[14/52] Generating po/ca/docs/kgoldrunner/index.cache.bz2
[15/52] Generating mo...
[16/52] Generating po/es/docs/kgoldrunner/index.cache.bz2
[17/52] Generating po/sv/docs/kgoldrunner/index.cache.bz2
[18/52] Generating po/fr/docs/kgoldrunner/index.cache.bz2
[19/52] Generating po/sl/docs/kgoldrunner/index.cache.bz2
[20/52] Generating po/pt/docs/kgoldrunner/index.cache.bz2
[21/52] Generating po/it/docs/kgoldrunner/index.cache.bz2
[22/52] Generating po/nl/docs/kgoldrunner/index.cache.bz2
[23/52] Generating po/gl/docs/kgoldrunner/index.cache.bz2
[24/52] Generating po/pt_BR/docs/kgoldrunner/index.cache.bz2
I/O warning : failed to load "/usr/share/kf6/kdoctools/customization/xsl/pt-BR.xml": No such file or directory
No "pt_br" localization of "footer-doc-comment" exists; using "en".
No "pt_br" localization of "footer-doc-feedback" exists; using "en".
No "pt_br" localization of "footer-doc-teamname" exists; using "en".
No "pt_br" localization of "footer-doc-comment" exists; using "en".
No "pt_br" localization of "footer-doc-feedback" exists; using "en".
No "pt_br" localization of "footer-doc-teamname" exists; using "en".
No "pt_br" localization of "footer-doc-comment" exists; using "en".
No "pt_br" localization of "footer-doc-feedback" exists; using "en".
No "pt_br" localization of "footer-doc-teamname" exists; using "en".
No "pt_br" localization of "footer-doc-comment" exists; using "en".
No "pt_br" localization of "footer-doc-feedback" exists; using "en".
No "pt_br" localization of "footer-doc-teamname" exists; using "en".
No "pt_br" localization of "footer-doc-comment" exists; using "en".
No "pt_br" localization of "footer-doc-feedback" exists; using "en".
No "pt_br" localization of "footer-doc-teamname" exists; using "en".
No "pt_br" localization of "footer-doc-comment" exists; using "en".
No "pt_br" localization of "footer-doc-feedback" exists; using "en".
No "pt_br" localization of "footer-doc-teamname" exists; using "en".
No "pt_br" localization of "footer-doc-comment" exists; using "en".
No "pt_br" localization of "footer-doc-feedback" exists; using "en".
No "pt_br" localization of "footer-doc-teamname" exists; using "en".
No "pt_br" localization of "footer-doc-comment" exists; using "en".
No "pt_br" localization of "footer-doc-feedback" exists; using "en".
No "pt_br" localization of "footer-doc-teamname" exists; using "en".
No "pt_br" localization of "footer-doc-comment" exists; using "en".
No "pt_br" localization of "footer-doc-feedback" exists; using "en".
No "pt_br" localization of "footer-doc-teamname" exists; using "en".
No "pt_br" localization of "footer-doc-comment" exists; using "en".
No "pt_br" localization of "footer-doc-feedback" exists; using "en".
No "pt_br" localization of "footer-doc-teamname" exists; using "en".
No "pt_br" localization of "footer-doc-comment" exists; using "en".
No "pt_br" localization of "footer-doc-feedback" exists; using "en".
No "pt_br" localization of "footer-doc-teamname" exists; using "en".
No "pt_br" localization of "footer-doc-comment" exists; using "en".
No "pt_br" localization of "footer-doc-feedback" exists; using "en".
No "pt_br" localization of "footer-doc-teamname" exists; using "en".
No "pt_br" localization of "footer-doc-comment" exists; using "en".
No "pt_br" localization of "footer-doc-feedback" exists; using "en".
No "pt_br" localization of "footer-doc-teamname" exists; using "en".
No "pt_br" localization of "footer-doc-comment" exists; using "en".
No "pt_br" localization of "footer-doc-feedback" exists; using "en".
No "pt_br" localization of "footer-doc-teamname" exists; using "en".
No "pt_br" localization of "footer-doc-comment" exists; using "en".
No "pt_br" localization of "footer-doc-feedback" exists; using "en".
No "pt_br" localization of "footer-doc-teamname" exists; using "en".
No "pt_br" localization of "footer-doc-comment" exists; using "en".
No "pt_br" localization of "footer-doc-feedback" exists; using "en".
No "pt_br" localization of "footer-doc-teamname" exists; using "en".
No "pt_br" localization of "footer-doc-comment" exists; using "en".
No "pt_br" localization of "footer-doc-feedback" exists; using "en".
No "pt_br" localization of "footer-doc-teamname" exists; using "en".
No "pt_br" localization of "footer-doc-comment" exists; using "en".
No "pt_br" localization of "footer-doc-feedback" exists; using "en".
No "pt_br" localization of "footer-doc-teamname" exists; using "en".
No "pt_br" localization of "footer-doc-comment" exists; using "en".
No "pt_br" localization of "footer-doc-feedback" exists; using "en".
No "pt_br" localization of "footer-doc-teamname" exists; using "en".
No "pt_br" localization of "footer-doc-comment" exists; using "en".
No "pt_br" localization of "footer-doc-feedback" exists; using "en".
No "pt_br" localization of "footer-doc-teamname" exists; using "en".
No "pt_br" localization of "footer-doc-comment" exists; using "en".
No "pt_br" localization of "footer-doc-feedback" exists; using "en".
No "pt_br" localization of "footer-doc-teamname" exists; using "en".
No "pt_br" localization of "footer-doc-comment" exists; using "en".
No "pt_br" localization of "footer-doc-feedback" exists; using "en".
No "pt_br" localization of "footer-doc-teamname" exists; using "en".
No "pt_br" localization of "footer-doc-comment" exists; using "en".
No "pt_br" localization of "footer-doc-feedback" exists; using "en".
No "pt_br" localization of "footer-doc-teamname" exists; using "en".
No "pt_br" localization of "footer-doc-comment" exists; using "en".
No "pt_br" localization of "footer-doc-feedback" exists; using "en".
No "pt_br" localization of "footer-doc-teamname" exists; using "en".
No "pt_br" localization of "footer-doc-comment" exists; using "en".
No "pt_br" localization of "footer-doc-feedback" exists; using "en".
No "pt_br" localization of "footer-doc-teamname" exists; using "en".
[25/52] Generating po/de/docs/kgoldrunner/index.cache.bz2
[26/52] Generating po/uk/docs/kgoldrunner/index.cache.bz2
[27/52] Generating po/et/docs/kgoldrunner/index.cache.bz2
[28/52] Generating index.cache.bz2
[29/52] Automatic MOC for target kgoldrunner
[30/52] Automatic RCC for kgoldrunner.qrc
[31/52] Building CXX object src/CMakeFiles/kgoldrunner.dir/kgoldrunner_autogen/mocs_compilation.cpp.o
[32/52] Building CXX object src/CMakeFiles/kgoldrunner.dir/kgoldrunner_autogen/EWIEGA46WW/qrc_kgoldrunner.cpp.o
[33/52] Building CXX object src/CMakeFiles/kgoldrunner.dir/kgrtimer.cpp.o
[34/52] Building CXX object src/CMakeFiles/kgoldrunner.dir/kgrsprite.cpp.o
[35/52] Building CXX object src/CMakeFiles/kgoldrunner.dir/kgoldrunner_debug.cpp.o
[36/52] Building CXX object src/CMakeFiles/kgoldrunner.dir/kgrsounds.cpp.o
[37/52] Building CXX object src/CMakeFiles/kgoldrunner.dir/kgrthemetypes.cpp.o
[38/52] Building CXX object src/CMakeFiles/kgoldrunner.dir/kgrrulebook.cpp.o
[39/52] Building CXX object src/CMakeFiles/kgoldrunner.dir/kgrrunner.cpp.o
[40/52] Building CXX object src/CMakeFiles/kgoldrunner.dir/main.cpp.o
[41/52] Building CXX object src/CMakeFiles/kgoldrunner.dir/kgrview.cpp.o
[42/52] Building CXX object src/CMakeFiles/kgoldrunner.dir/kgrlevelgrid.cpp.o
[43/52] Building CXX object src/CMakeFiles/kgoldrunner.dir/kgrgameio.cpp.o
[44/52] Building CXX object src/CMakeFiles/kgoldrunner.dir/kgrrenderer.cpp.o
[45/52] Building CXX object src/CMakeFiles/kgoldrunner.dir/kgrselector.cpp.o
[46/52] Building CXX object src/CMakeFiles/kgoldrunner.dir/kgrdialog.cpp.o
[47/52] Building CXX object src/CMakeFiles/kgoldrunner.dir/kgrlevelplayer.cpp.o
[48/52] Building CXX object src/CMakeFiles/kgoldrunner.dir/kgreditor.cpp.o
[49/52] Building CXX object src/CMakeFiles/kgoldrunner.dir/kgrscene.cpp.o
[50/52] Building CXX object src/CMakeFiles/kgoldrunner.dir/kgoldrunner.cpp.o
[51/52] Building CXX object src/CMakeFiles/kgoldrunner.dir/kgrgame.cpp.o
[52/52] Linking CXX executable bin/kgoldrunner
-- Install configuration: "RelWithDebInfo"
-- Installing: /home/omen/GITHUB/Athos/AthOS/REPO-AthOS/kgoldrunner/package-kgoldrunner/usr/bin/kgoldrunner
-- Installing: /home/omen/GITHUB/Athos/AthOS/REPO-AthOS/kgoldrunner/package-kgoldrunner/usr/share/applications/org.kde.kgoldrunner.desktop
-- Installing: /home/omen/GITHUB/Athos/AthOS/REPO-AthOS/kgoldrunner/package-kgoldrunner/usr/share/metainfo/org.kde.kgoldrunner.appdata.xml
-- Installing: /home/omen/GITHUB/Athos/AthOS/REPO-AthOS/kgoldrunner/package-kgoldrunner/usr/share/icons/hicolor/128x128/apps/kgoldrunner.png
-- Installing: /home/omen/GITHUB/Athos/AthOS/REPO-AthOS/kgoldrunner/package-kgoldrunner/usr/share/icons/hicolor/16x16/apps/kgoldrunner.png
-- Installing: /home/omen/GITHUB/Athos/AthOS/REPO-AthOS/kgoldrunner/package-kgoldrunner/usr/share/icons/hicolor/22x22/apps/kgoldrunner.png
-- Installing: /home/omen/GITHUB/Athos/AthOS/REPO-AthOS/kgoldrunner/package-kgoldrunner/usr/share/icons/hicolor/32x32/apps/kgoldrunner.png
-- Installing: /home/omen/GITHUB/Athos/AthOS/REPO-AthOS/kgoldrunner/package-kgoldrunner/usr/share/icons/hicolor/48x48/apps/kgoldrunner.png
-- Installing: /home/omen/GITHUB/Athos/AthOS/REPO-AthOS/kgoldrunner/package-kgoldrunner/usr/share/icons/hicolor/64x64/apps/kgoldrunner.png
-- Installing: /home/omen/GITHUB/Athos/AthOS/REPO-AthOS/kgoldrunner/package-kgoldrunner/usr/share/qlogging-categories6/kgoldrunner.categories
-- Installing: /home/omen/GITHUB/Athos/AthOS/REPO-AthOS/kgoldrunner/package-kgoldrunner/usr/share/qlogging-categories6/kgoldrunner.renamecategories
-- Installing: /home/omen/GITHUB/Athos/AthOS/REPO-AthOS/kgoldrunner/package-kgoldrunner/usr/share/kgoldrunner/system/game_blb.txt
-- Installing: /home/omen/GITHUB/Athos/AthOS/REPO-AthOS/kgoldrunner/package-kgoldrunner/usr/share/kgoldrunner/system/game_CM.txt
-- Installing: /home/omen/GITHUB/Athos/AthOS/REPO-AthOS/kgoldrunner/package-kgoldrunner/usr/share/kgoldrunner/system/game_cnt.txt
-- Installing: /home/omen/GITHUB/Athos/AthOS/REPO-AthOS/kgoldrunner/package-kgoldrunner/usr/share/kgoldrunner/system/game_ende.txt
-- Installing: /home/omen/GITHUB/Athos/AthOS/REPO-AthOS/kgoldrunner/package-kgoldrunner/usr/share/kgoldrunner/system/game_fd.txt
-- Installing: /home/omen/GITHUB/Athos/AthOS/REPO-AthOS/kgoldrunner/package-kgoldrunner/usr/share/kgoldrunner/system/game_GMEP.txt
-- Installing: /home/omen/GITHUB/Athos/AthOS/REPO-AthOS/kgoldrunner/package-kgoldrunner/usr/share/kgoldrunner/system/game_GMGR.txt
-- Installing: /home/omen/GITHUB/Athos/AthOS/REPO-AthOS/kgoldrunner/package-kgoldrunner/usr/share/kgoldrunner/system/game_GRII.txt
-- Installing: /home/omen/GITHUB/Athos/AthOS/REPO-AthOS/kgoldrunner/package-kgoldrunner/usr/share/kgoldrunner/system/game_GotD.txt
-- Installing: /home/omen/GITHUB/Athos/AthOS/REPO-AthOS/kgoldrunner/package-kgoldrunner/usr/share/kgoldrunner/system/game_kgr.txt
-- Installing: /home/omen/GITHUB/Athos/AthOS/REPO-AthOS/kgoldrunner/package-kgoldrunner/usr/share/kgoldrunner/system/game_lars.txt
-- Installing: /home/omen/GITHUB/Athos/AthOS/REPO-AthOS/kgoldrunner/package-kgoldrunner/usr/share/kgoldrunner/system/game_MAZ.txt
-- Installing: /home/omen/GITHUB/Athos/AthOS/REPO-AthOS/kgoldrunner/package-kgoldrunner/usr/share/kgoldrunner/system/game_plws.txt
-- Installing: /home/omen/GITHUB/Athos/AthOS/REPO-AthOS/kgoldrunner/package-kgoldrunner/usr/share/kgoldrunner/system/game_plwv.txt
-- Installing: /home/omen/GITHUB/Athos/AthOS/REPO-AthOS/kgoldrunner/package-kgoldrunner/usr/share/kgoldrunner/system/game_sot.txt
-- Installing: /home/omen/GITHUB/Athos/AthOS/REPO-AthOS/kgoldrunner/package-kgoldrunner/usr/share/kgoldrunner/system/game_tute.txt
-- Installing: /home/omen/GITHUB/Athos/AthOS/REPO-AthOS/kgoldrunner/package-kgoldrunner/usr/share/kgoldrunner/system/game_tutea.txt
-- Installing: /home/omen/GITHUB/Athos/AthOS/REPO-AthOS/kgoldrunner/package-kgoldrunner/usr/share/kgoldrunner/system/game_wad.txt
-- Installing: /home/omen/GITHUB/Athos/AthOS/REPO-AthOS/kgoldrunner/package-kgoldrunner/usr/share/kgoldrunner/system/hi_kgr.dat
-- Installing: /home/omen/GITHUB/Athos/AthOS/REPO-AthOS/kgoldrunner/package-kgoldrunner/usr/share/kgoldrunner/system/hi_plws.dat
-- Installing: /home/omen/GITHUB/Athos/AthOS/REPO-AthOS/kgoldrunner/package-kgoldrunner/usr/share/kgoldrunner/system/hi_plwv.dat
-- Installing: /home/omen/GITHUB/Athos/AthOS/REPO-AthOS/kgoldrunner/package-kgoldrunner/usr/share/kgoldrunner/system/hi_wad.dat
-- Installing: /home/omen/GITHUB/Athos/AthOS/REPO-AthOS/kgoldrunner/package-kgoldrunner/usr/share/kgoldrunner/system/rec_demo.txt
-- Installing: /home/omen/GITHUB/Athos/AthOS/REPO-AthOS/kgoldrunner/package-kgoldrunner/usr/share/kgoldrunner/system/rec_GMGR.txt
-- Installing: /home/omen/GITHUB/Athos/AthOS/REPO-AthOS/kgoldrunner/package-kgoldrunner/usr/share/kgoldrunner/system/rec_GRII.txt
-- Installing: /home/omen/GITHUB/Athos/AthOS/REPO-AthOS/kgoldrunner/package-kgoldrunner/usr/share/kgoldrunner/system/sol_GotD.txt
-- Installing: /home/omen/GITHUB/Athos/AthOS/REPO-AthOS/kgoldrunner/package-kgoldrunner/usr/share/kgoldrunner/system/sol_blb.txt
-- Installing: /home/omen/GITHUB/Athos/AthOS/REPO-AthOS/kgoldrunner/package-kgoldrunner/usr/share/kgoldrunner/system/sol_fd.txt
-- Installing: /home/omen/GITHUB/Athos/AthOS/REPO-AthOS/kgoldrunner/package-kgoldrunner/usr/share/kgoldrunner/system/sol_kgr.txt
-- Installing: /home/omen/GITHUB/Athos/AthOS/REPO-AthOS/kgoldrunner/package-kgoldrunner/usr/share/kgoldrunner/system/sol_plws.txt
-- Installing: /home/omen/GITHUB/Athos/AthOS/REPO-AthOS/kgoldrunner/package-kgoldrunner/usr/share/kgoldrunner/system/sol_tute.txt
-- Installing: /home/omen/GITHUB/Athos/AthOS/REPO-AthOS/kgoldrunner/package-kgoldrunner/usr/share/kgoldrunner/system/sol_tutea.txt
-- Installing: /home/omen/GITHUB/Athos/AthOS/REPO-AthOS/kgoldrunner/package-kgoldrunner/usr/share/kgoldrunner/themes/default.desktop
-- Installing: /home/omen/GITHUB/Athos/AthOS/REPO-AthOS/kgoldrunner/package-kgoldrunner/usr/share/kgoldrunner/themes/default/set.svgz
-- Installing: /home/omen/GITHUB/Athos/AthOS/REPO-AthOS/kgoldrunner/package-kgoldrunner/usr/share/kgoldrunner/themes/default/actors.svgz
-- Installing: /home/omen/GITHUB/Athos/AthOS/REPO-AthOS/kgoldrunner/package-kgoldrunner/usr/share/kgoldrunner/themes/default/default.png
-- Installing: /home/omen/GITHUB/Athos/AthOS/REPO-AthOS/kgoldrunner/package-kgoldrunner/usr/share/kgoldrunner/themes/default/climb.wav
-- Installing: /home/omen/GITHUB/Athos/AthOS/REPO-AthOS/kgoldrunner/package-kgoldrunner/usr/share/kgoldrunner/themes/default/completed.ogg
-- Installing: /home/omen/GITHUB/Athos/AthOS/REPO-AthOS/kgoldrunner/package-kgoldrunner/usr/share/kgoldrunner/themes/default/death.ogg
-- Installing: /home/omen/GITHUB/Athos/AthOS/REPO-AthOS/kgoldrunner/package-kgoldrunner/usr/share/kgoldrunner/themes/default/dig.ogg
-- Installing: /home/omen/GITHUB/Athos/AthOS/REPO-AthOS/kgoldrunner/package-kgoldrunner/usr/share/kgoldrunner/themes/default/falling.ogg
-- Installing: /home/omen/GITHUB/Athos/AthOS/REPO-AthOS/kgoldrunner/package-kgoldrunner/usr/share/kgoldrunner/themes/default/gameover.ogg
-- Installing: /home/omen/GITHUB/Athos/AthOS/REPO-AthOS/kgoldrunner/package-kgoldrunner/usr/share/kgoldrunner/themes/default/gold.ogg
-- Installing: /home/omen/GITHUB/Athos/AthOS/REPO-AthOS/kgoldrunner/package-kgoldrunner/usr/share/kgoldrunner/themes/default/ladder.ogg
-- Installing: /home/omen/GITHUB/Athos/AthOS/REPO-AthOS/kgoldrunner/package-kgoldrunner/usr/share/kgoldrunner/themes/default/step.wav
-- Installing: /home/omen/GITHUB/Athos/AthOS/REPO-AthOS/kgoldrunner/package-kgoldrunner/usr/share/kgoldrunner/themes/default/victory.ogg
-- Installing: /home/omen/GITHUB/Athos/AthOS/REPO-AthOS/kgoldrunner/package-kgoldrunner/usr/share/kgoldrunner/themes/black-on-white.desktop
-- Installing: /home/omen/GITHUB/Athos/AthOS/REPO-AthOS/kgoldrunner/package-kgoldrunner/usr/share/kgoldrunner/themes/accessible/black-on-white-set.svgz
-- Installing: /home/omen/GITHUB/Athos/AthOS/REPO-AthOS/kgoldrunner/package-kgoldrunner/usr/share/kgoldrunner/themes/accessible/black-on-white-actors.svgz
-- Installing: /home/omen/GITHUB/Athos/AthOS/REPO-AthOS/kgoldrunner/package-kgoldrunner/usr/share/kgoldrunner/themes/accessible/black-on-white.png
-- Installing: /home/omen/GITHUB/Athos/AthOS/REPO-AthOS/kgoldrunner/package-kgoldrunner/usr/share/kgoldrunner/themes/egypt.desktop
-- Installing: /home/omen/GITHUB/Athos/AthOS/REPO-AthOS/kgoldrunner/package-kgoldrunner/usr/share/kgoldrunner/themes/egypt/egypt_kgr.svgz
-- Installing: /home/omen/GITHUB/Athos/AthOS/REPO-AthOS/kgoldrunner/package-kgoldrunner/usr/share/kgoldrunner/themes/egypt/actors.svgz
-- Installing: /home/omen/GITHUB/Athos/AthOS/REPO-AthOS/kgoldrunner/package-kgoldrunner/usr/share/kgoldrunner/themes/egypt/egypt.png
-- Installing: /home/omen/GITHUB/Athos/AthOS/REPO-AthOS/kgoldrunner/package-kgoldrunner/usr/share/kgoldrunner/themes/kgr_geek.desktop
-- Installing: /home/omen/GITHUB/Athos/AthOS/REPO-AthOS/kgoldrunner/package-kgoldrunner/usr/share/kgoldrunner/themes/kgr_geek/set.svgz
-- Installing: /home/omen/GITHUB/Athos/AthOS/REPO-AthOS/kgoldrunner/package-kgoldrunner/usr/share/kgoldrunner/themes/kgr_geek/actors.svgz
-- Installing: /home/omen/GITHUB/Athos/AthOS/REPO-AthOS/kgoldrunner/package-kgoldrunner/usr/share/kgoldrunner/themes/kgr_geek/kgr_geek.png
-- Installing: /home/omen/GITHUB/Athos/AthOS/REPO-AthOS/kgoldrunner/package-kgoldrunner/usr/share/kgoldrunner/themes/nostalgia.desktop
-- Installing: /home/omen/GITHUB/Athos/AthOS/REPO-AthOS/kgoldrunner/package-kgoldrunner/usr/share/kgoldrunner/themes/nostalgia/set.svgz
-- Installing: /home/omen/GITHUB/Athos/AthOS/REPO-AthOS/kgoldrunner/package-kgoldrunner/usr/share/kgoldrunner/themes/nostalgia/actors.svgz
-- Installing: /home/omen/GITHUB/Athos/AthOS/REPO-AthOS/kgoldrunner/package-kgoldrunner/usr/share/kgoldrunner/themes/nostalgia/nostalgia.png
-- Installing: /home/omen/GITHUB/Athos/AthOS/REPO-AthOS/kgoldrunner/package-kgoldrunner/usr/share/kgoldrunner/themes/nostalgia-blues.desktop
-- Installing: /home/omen/GITHUB/Athos/AthOS/REPO-AthOS/kgoldrunner/package-kgoldrunner/usr/share/kgoldrunner/themes/nostalgia/blue-set.svgz
-- Installing: /home/omen/GITHUB/Athos/AthOS/REPO-AthOS/kgoldrunner/package-kgoldrunner/usr/share/kgoldrunner/themes/nostalgia/blue-actors.svgz
-- Installing: /home/omen/GITHUB/Athos/AthOS/REPO-AthOS/kgoldrunner/package-kgoldrunner/usr/share/kgoldrunner/themes/nostalgia/nostalgia-blues.png
-- Installing: /home/omen/GITHUB/Athos/AthOS/REPO-AthOS/kgoldrunner/package-kgoldrunner/usr/share/kgoldrunner/themes/README
-- Installing: /home/omen/GITHUB/Athos/AthOS/REPO-AthOS/kgoldrunner/package-kgoldrunner/usr/share/knsrcfiles/kgoldrunner.knsrc
-- Installing: /home/omen/GITHUB/Athos/AthOS/REPO-AthOS/kgoldrunner/package-kgoldrunner/usr/share/doc/HTML/en/kgoldrunner/index.cache.bz2
-- Installing: /home/omen/GITHUB/Athos/AthOS/REPO-AthOS/kgoldrunner/package-kgoldrunner/usr/share/doc/HTML/en/kgoldrunner/index.docbook
-- Installing: /home/omen/GITHUB/Athos/AthOS/REPO-AthOS/kgoldrunner/package-kgoldrunner/usr/share/doc/HTML/en/kgoldrunner/editbar.png
-- Installing: /home/omen/GITHUB/Athos/AthOS/REPO-AthOS/kgoldrunner/package-kgoldrunner/usr/share/doc/HTML/en/kgoldrunner/select.png
-- Installing: /home/omen/GITHUB/Athos/AthOS/REPO-AthOS/kgoldrunner/package-kgoldrunner/usr/share/doc/HTML/en/kgoldrunner/tute008.png
-- Installing: /home/omen/GITHUB/Athos/AthOS/REPO-AthOS/kgoldrunner/package-kgoldrunner/usr/share/locale
-- Installing: /home/omen/GITHUB/Athos/AthOS/REPO-AthOS/kgoldrunner/package-kgoldrunner/usr/share/locale/da
-- Installing: /home/omen/GITHUB/Athos/AthOS/REPO-AthOS/kgoldrunner/package-kgoldrunner/usr/share/locale/da/LC_MESSAGES
-- Installing: /home/omen/GITHUB/Athos/AthOS/REPO-AthOS/kgoldrunner/package-kgoldrunner/usr/share/locale/da/LC_MESSAGES/kgoldrunner.mo
-- Installing: /home/omen/GITHUB/Athos/AthOS/REPO-AthOS/kgoldrunner/package-kgoldrunner/usr/share/locale/cs
-- Installing: /home/omen/GITHUB/Athos/AthOS/REPO-AthOS/kgoldrunner/package-kgoldrunner/usr/share/locale/cs/LC_MESSAGES
-- Installing: /home/omen/GITHUB/Athos/AthOS/REPO-AthOS/kgoldrunner/package-kgoldrunner/usr/share/locale/cs/LC_MESSAGES/kgoldrunner.mo
-- Installing: /home/omen/GITHUB/Athos/AthOS/REPO-AthOS/kgoldrunner/package-kgoldrunner/usr/share/locale/ja
-- Installing: /home/omen/GITHUB/Athos/AthOS/REPO-AthOS/kgoldrunner/package-kgoldrunner/usr/share/locale/ja/LC_MESSAGES
-- Installing: /home/omen/GITHUB/Athos/AthOS/REPO-AthOS/kgoldrunner/package-kgoldrunner/usr/share/locale/ja/LC_MESSAGES/kgoldrunner.mo
-- Installing: /home/omen/GITHUB/Athos/AthOS/REPO-AthOS/kgoldrunner/package-kgoldrunner/usr/share/locale/sr@ijekavian
-- Installing: /home/omen/GITHUB/Athos/AthOS/REPO-AthOS/kgoldrunner/package-kgoldrunner/usr/share/locale/sr@ijekavian/LC_MESSAGES
-- Installing: /home/omen/GITHUB/Athos/AthOS/REPO-AthOS/kgoldrunner/package-kgoldrunner/usr/share/locale/sr@ijekavian/LC_MESSAGES/kgoldrunner.mo
-- Installing: /home/omen/GITHUB/Athos/AthOS/REPO-AthOS/kgoldrunner/package-kgoldrunner/usr/share/locale/de
-- Installing: /home/omen/GITHUB/Athos/AthOS/REPO-AthOS/kgoldrunner/package-kgoldrunner/usr/share/locale/de/LC_MESSAGES
-- Installing: /home/omen/GITHUB/Athos/AthOS/REPO-AthOS/kgoldrunner/package-kgoldrunner/usr/share/locale/de/LC_MESSAGES/kgoldrunner.mo
-- Installing: /home/omen/GITHUB/Athos/AthOS/REPO-AthOS/kgoldrunner/package-kgoldrunner/usr/share/locale/el
-- Installing: /home/omen/GITHUB/Athos/AthOS/REPO-AthOS/kgoldrunner/package-kgoldrunner/usr/share/locale/el/LC_MESSAGES
-- Installing: /home/omen/GITHUB/Athos/AthOS/REPO-AthOS/kgoldrunner/package-kgoldrunner/usr/share/locale/el/LC_MESSAGES/kgoldrunner.mo
-- Installing: /home/omen/GITHUB/Athos/AthOS/REPO-AthOS/kgoldrunner/package-kgoldrunner/usr/share/locale/nn
-- Installing: /home/omen/GITHUB/Athos/AthOS/REPO-AthOS/kgoldrunner/package-kgoldrunner/usr/share/locale/nn/LC_MESSAGES
-- Installing: /home/omen/GITHUB/Athos/AthOS/REPO-AthOS/kgoldrunner/package-kgoldrunner/usr/share/locale/nn/LC_MESSAGES/kgoldrunner.mo
-- Installing: /home/omen/GITHUB/Athos/AthOS/REPO-AthOS/kgoldrunner/package-kgoldrunner/usr/share/locale/sr
-- Installing: /home/omen/GITHUB/Athos/AthOS/REPO-AthOS/kgoldrunner/package-kgoldrunner/usr/share/locale/sr/LC_MESSAGES
-- Installing: /home/omen/GITHUB/Athos/AthOS/REPO-AthOS/kgoldrunner/package-kgoldrunner/usr/share/locale/sr/LC_MESSAGES/kgoldrunner.mo
-- Installing: /home/omen/GITHUB/Athos/AthOS/REPO-AthOS/kgoldrunner/package-kgoldrunner/usr/share/locale/hi
-- Installing: /home/omen/GITHUB/Athos/AthOS/REPO-AthOS/kgoldrunner/package-kgoldrunner/usr/share/locale/hi/LC_MESSAGES
-- Installing: /home/omen/GITHUB/Athos/AthOS/REPO-AthOS/kgoldrunner/package-kgoldrunner/usr/share/locale/hi/LC_MESSAGES/kgoldrunner.mo
-- Installing: /home/omen/GITHUB/Athos/AthOS/REPO-AthOS/kgoldrunner/package-kgoldrunner/usr/share/locale/pt_BR
-- Installing: /home/omen/GITHUB/Athos/AthOS/REPO-AthOS/kgoldrunner/package-kgoldrunner/usr/share/locale/pt_BR/LC_MESSAGES
-- Installing: /home/omen/GITHUB/Athos/AthOS/REPO-AthOS/kgoldrunner/package-kgoldrunner/usr/share/locale/pt_BR/LC_MESSAGES/kgoldrunner.mo
-- Installing: /home/omen/GITHUB/Athos/AthOS/REPO-AthOS/kgoldrunner/package-kgoldrunner/usr/share/locale/lt
-- Installing: /home/omen/GITHUB/Athos/AthOS/REPO-AthOS/kgoldrunner/package-kgoldrunner/usr/share/locale/lt/LC_MESSAGES
-- Installing: /home/omen/GITHUB/Athos/AthOS/REPO-AthOS/kgoldrunner/package-kgoldrunner/usr/share/locale/lt/LC_MESSAGES/kgoldrunner.mo
-- Installing: /home/omen/GITHUB/Athos/AthOS/REPO-AthOS/kgoldrunner/package-kgoldrunner/usr/share/locale/sr@ijekavianlatin
-- Installing: /home/omen/GITHUB/Athos/AthOS/REPO-AthOS/kgoldrunner/package-kgoldrunner/usr/share/locale/sr@ijekavianlatin/LC_MESSAGES
-- Installing: /home/omen/GITHUB/Athos/AthOS/REPO-AthOS/kgoldrunner/package-kgoldrunner/usr/share/locale/sr@ijekavianlatin/LC_MESSAGES/kgoldrunner.mo
-- Installing: /home/omen/GITHUB/Athos/AthOS/REPO-AthOS/kgoldrunner/package-kgoldrunner/usr/share/locale/be
-- Installing: /home/omen/GITHUB/Athos/AthOS/REPO-AthOS/kgoldrunner/package-kgoldrunner/usr/share/locale/be/LC_MESSAGES
-- Installing: /home/omen/GITHUB/Athos/AthOS/REPO-AthOS/kgoldrunner/package-kgoldrunner/usr/share/locale/be/LC_MESSAGES/kgoldrunner.mo
-- Installing: /home/omen/GITHUB/Athos/AthOS/REPO-AthOS/kgoldrunner/package-kgoldrunner/usr/share/locale/pa
-- Installing: /home/omen/GITHUB/Athos/AthOS/REPO-AthOS/kgoldrunner/package-kgoldrunner/usr/share/locale/pa/LC_MESSAGES
-- Installing: /home/omen/GITHUB/Athos/AthOS/REPO-AthOS/kgoldrunner/package-kgoldrunner/usr/share/locale/pa/LC_MESSAGES/kgoldrunner.mo
-- Installing: /home/omen/GITHUB/Athos/AthOS/REPO-AthOS/kgoldrunner/package-kgoldrunner/usr/share/locale/sl
-- Installing: /home/omen/GITHUB/Athos/AthOS/REPO-AthOS/kgoldrunner/package-kgoldrunner/usr/share/locale/sl/LC_MESSAGES
-- Installing: /home/omen/GITHUB/Athos/AthOS/REPO-AthOS/kgoldrunner/package-kgoldrunner/usr/share/locale/sl/LC_MESSAGES/kgoldrunner.mo
-- Installing: /home/omen/GITHUB/Athos/AthOS/REPO-AthOS/kgoldrunner/package-kgoldrunner/usr/share/locale/ta
-- Installing: /home/omen/GITHUB/Athos/AthOS/REPO-AthOS/kgoldrunner/package-kgoldrunner/usr/share/locale/ta/LC_MESSAGES
-- Installing: /home/omen/GITHUB/Athos/AthOS/REPO-AthOS/kgoldrunner/package-kgoldrunner/usr/share/locale/ta/LC_MESSAGES/kgoldrunner.mo
-- Installing: /home/omen/GITHUB/Athos/AthOS/REPO-AthOS/kgoldrunner/package-kgoldrunner/usr/share/locale/ro
-- Installing: /home/omen/GITHUB/Athos/AthOS/REPO-AthOS/kgoldrunner/package-kgoldrunner/usr/share/locale/ro/LC_MESSAGES
-- Installing: /home/omen/GITHUB/Athos/AthOS/REPO-AthOS/kgoldrunner/package-kgoldrunner/usr/share/locale/ro/LC_MESSAGES/kgoldrunner.mo
-- Installing: /home/omen/GITHUB/Athos/AthOS/REPO-AthOS/kgoldrunner/package-kgoldrunner/usr/share/locale/bs
-- Installing: /home/omen/GITHUB/Athos/AthOS/REPO-AthOS/kgoldrunner/package-kgoldrunner/usr/share/locale/bs/LC_MESSAGES
-- Installing: /home/omen/GITHUB/Athos/AthOS/REPO-AthOS/kgoldrunner/package-kgoldrunner/usr/share/locale/bs/LC_MESSAGES/kgoldrunner.mo
-- Installing: /home/omen/GITHUB/Athos/AthOS/REPO-AthOS/kgoldrunner/package-kgoldrunner/usr/share/locale/is
-- Installing: /home/omen/GITHUB/Athos/AthOS/REPO-AthOS/kgoldrunner/package-kgoldrunner/usr/share/locale/is/LC_MESSAGES
-- Installing: /home/omen/GITHUB/Athos/AthOS/REPO-AthOS/kgoldrunner/package-kgoldrunner/usr/share/locale/is/LC_MESSAGES/kgoldrunner.mo
-- Installing: /home/omen/GITHUB/Athos/AthOS/REPO-AthOS/kgoldrunner/package-kgoldrunner/usr/share/locale/kk
-- Installing: /home/omen/GITHUB/Athos/AthOS/REPO-AthOS/kgoldrunner/package-kgoldrunner/usr/share/locale/kk/LC_MESSAGES
-- Installing: /home/omen/GITHUB/Athos/AthOS/REPO-AthOS/kgoldrunner/package-kgoldrunner/usr/share/locale/kk/LC_MESSAGES/kgoldrunner.mo
-- Installing: /home/omen/GITHUB/Athos/AthOS/REPO-AthOS/kgoldrunner/package-kgoldrunner/usr/share/locale/sr@latin
-- Installing: /home/omen/GITHUB/Athos/AthOS/REPO-AthOS/kgoldrunner/package-kgoldrunner/usr/share/locale/sr@latin/LC_MESSAGES
-- Installing: /home/omen/GITHUB/Athos/AthOS/REPO-AthOS/kgoldrunner/package-kgoldrunner/usr/share/locale/sr@latin/LC_MESSAGES/kgoldrunner.mo
-- Installing: /home/omen/GITHUB/Athos/AthOS/REPO-AthOS/kgoldrunner/package-kgoldrunner/usr/share/locale/zh_TW
-- Installing: /home/omen/GITHUB/Athos/AthOS/REPO-AthOS/kgoldrunner/package-kgoldrunner/usr/share/locale/zh_TW/LC_MESSAGES
-- Installing: /home/omen/GITHUB/Athos/AthOS/REPO-AthOS/kgoldrunner/package-kgoldrunner/usr/share/locale/zh_TW/LC_MESSAGES/kgoldrunner.mo
-- Installing: /home/omen/GITHUB/Athos/AthOS/REPO-AthOS/kgoldrunner/package-kgoldrunner/usr/share/locale/tg
-- Installing: /home/omen/GITHUB/Athos/AthOS/REPO-AthOS/kgoldrunner/package-kgoldrunner/usr/share/locale/tg/LC_MESSAGES
-- Installing: /home/omen/GITHUB/Athos/AthOS/REPO-AthOS/kgoldrunner/package-kgoldrunner/usr/share/locale/tg/LC_MESSAGES/kgoldrunner.mo
-- Installing: /home/omen/GITHUB/Athos/AthOS/REPO-AthOS/kgoldrunner/package-kgoldrunner/usr/share/locale/fa
-- Installing: /home/omen/GITHUB/Athos/AthOS/REPO-AthOS/kgoldrunner/package-kgoldrunner/usr/share/locale/fa/LC_MESSAGES
-- Installing: /home/omen/GITHUB/Athos/AthOS/REPO-AthOS/kgoldrunner/package-kgoldrunner/usr/share/locale/fa/LC_MESSAGES/kgoldrunner.mo
-- Installing: /home/omen/GITHUB/Athos/AthOS/REPO-AthOS/kgoldrunner/package-kgoldrunner/usr/share/locale/pl
-- Installing: /home/omen/GITHUB/Athos/AthOS/REPO-AthOS/kgoldrunner/package-kgoldrunner/usr/share/locale/pl/LC_MESSAGES
-- Installing: /home/omen/GITHUB/Athos/AthOS/REPO-AthOS/kgoldrunner/package-kgoldrunner/usr/share/locale/pl/LC_MESSAGES/kgoldrunner.mo
-- Installing: /home/omen/GITHUB/Athos/AthOS/REPO-AthOS/kgoldrunner/package-kgoldrunner/usr/share/locale/km
-- Installing: /home/omen/GITHUB/Athos/AthOS/REPO-AthOS/kgoldrunner/package-kgoldrunner/usr/share/locale/km/LC_MESSAGES
-- Installing: /home/omen/GITHUB/Athos/AthOS/REPO-AthOS/kgoldrunner/package-kgoldrunner/usr/share/locale/km/LC_MESSAGES/kgoldrunner.mo
-- Installing: /home/omen/GITHUB/Athos/AthOS/REPO-AthOS/kgoldrunner/package-kgoldrunner/usr/share/locale/pt
-- Installing: /home/omen/GITHUB/Athos/AthOS/REPO-AthOS/kgoldrunner/package-kgoldrunner/usr/share/locale/pt/LC_MESSAGES
-- Installing: /home/omen/GITHUB/Athos/AthOS/REPO-AthOS/kgoldrunner/package-kgoldrunner/usr/share/locale/pt/LC_MESSAGES/kgoldrunner.mo
-- Installing: /home/omen/GITHUB/Athos/AthOS/REPO-AthOS/kgoldrunner/package-kgoldrunner/usr/share/locale/hr
-- Installing: /home/omen/GITHUB/Athos/AthOS/REPO-AthOS/kgoldrunner/package-kgoldrunner/usr/share/locale/hr/LC_MESSAGES
-- Installing: /home/omen/GITHUB/Athos/AthOS/REPO-AthOS/kgoldrunner/package-kgoldrunner/usr/share/locale/hr/LC_MESSAGES/kgoldrunner.mo
-- Installing: /home/omen/GITHUB/Athos/AthOS/REPO-AthOS/kgoldrunner/package-kgoldrunner/usr/share/locale/tr
-- Installing: /home/omen/GITHUB/Athos/AthOS/REPO-AthOS/kgoldrunner/package-kgoldrunner/usr/share/locale/tr/LC_MESSAGES
-- Installing: /home/omen/GITHUB/Athos/AthOS/REPO-AthOS/kgoldrunner/package-kgoldrunner/usr/share/locale/tr/LC_MESSAGES/kgoldrunner.mo
-- Installing: /home/omen/GITHUB/Athos/AthOS/REPO-AthOS/kgoldrunner/package-kgoldrunner/usr/share/locale/fr
-- Installing: /home/omen/GITHUB/Athos/AthOS/REPO-AthOS/kgoldrunner/package-kgoldrunner/usr/share/locale/fr/LC_MESSAGES
-- Installing: /home/omen/GITHUB/Athos/AthOS/REPO-AthOS/kgoldrunner/package-kgoldrunner/usr/share/locale/fr/LC_MESSAGES/kgoldrunner.mo
-- Installing: /home/omen/GITHUB/Athos/AthOS/REPO-AthOS/kgoldrunner/package-kgoldrunner/usr/share/locale/ast
-- Installing: /home/omen/GITHUB/Athos/AthOS/REPO-AthOS/kgoldrunner/package-kgoldrunner/usr/share/locale/ast/LC_MESSAGES
-- Installing: /home/omen/GITHUB/Athos/AthOS/REPO-AthOS/kgoldrunner/package-kgoldrunner/usr/share/locale/ast/LC_MESSAGES/kgoldrunner.mo
-- Installing: /home/omen/GITHUB/Athos/AthOS/REPO-AthOS/kgoldrunner/package-kgoldrunner/usr/share/locale/mai
-- Installing: /home/omen/GITHUB/Athos/AthOS/REPO-AthOS/kgoldrunner/package-kgoldrunner/usr/share/locale/mai/LC_MESSAGES
-- Installing: /home/omen/GITHUB/Athos/AthOS/REPO-AthOS/kgoldrunner/package-kgoldrunner/usr/share/locale/mai/LC_MESSAGES/kgoldrunner.mo
-- Installing: /home/omen/GITHUB/Athos/AthOS/REPO-AthOS/kgoldrunner/package-kgoldrunner/usr/share/locale/ne
-- Installing: /home/omen/GITHUB/Athos/AthOS/REPO-AthOS/kgoldrunner/package-kgoldrunner/usr/share/locale/ne/LC_MESSAGES
-- Installing: /home/omen/GITHUB/Athos/AthOS/REPO-AthOS/kgoldrunner/package-kgoldrunner/usr/share/locale/ne/LC_MESSAGES/kgoldrunner.mo
-- Installing: /home/omen/GITHUB/Athos/AthOS/REPO-AthOS/kgoldrunner/package-kgoldrunner/usr/share/locale/te
-- Installing: /home/omen/GITHUB/Athos/AthOS/REPO-AthOS/kgoldrunner/package-kgoldrunner/usr/share/locale/te/LC_MESSAGES
-- Installing: /home/omen/GITHUB/Athos/AthOS/REPO-AthOS/kgoldrunner/package-kgoldrunner/usr/share/locale/te/LC_MESSAGES/kgoldrunner.mo
-- Installing: /home/omen/GITHUB/Athos/AthOS/REPO-AthOS/kgoldrunner/package-kgoldrunner/usr/share/locale/ka
-- Installing: /home/omen/GITHUB/Athos/AthOS/REPO-AthOS/kgoldrunner/package-kgoldrunner/usr/share/locale/ka/LC_MESSAGES
-- Installing: /home/omen/GITHUB/Athos/AthOS/REPO-AthOS/kgoldrunner/package-kgoldrunner/usr/share/locale/ka/LC_MESSAGES/kgoldrunner.mo
-- Installing: /home/omen/GITHUB/Athos/AthOS/REPO-AthOS/kgoldrunner/package-kgoldrunner/usr/share/locale/cy
-- Installing: /home/omen/GITHUB/Athos/AthOS/REPO-AthOS/kgoldrunner/package-kgoldrunner/usr/share/locale/cy/LC_MESSAGES
-- Installing: /home/omen/GITHUB/Athos/AthOS/REPO-AthOS/kgoldrunner/package-kgoldrunner/usr/share/locale/cy/LC_MESSAGES/kgoldrunner.mo
-- Installing: /home/omen/GITHUB/Athos/AthOS/REPO-AthOS/kgoldrunner/package-kgoldrunner/usr/share/locale/gl
-- Installing: /home/omen/GITHUB/Athos/AthOS/REPO-AthOS/kgoldrunner/package-kgoldrunner/usr/share/locale/gl/LC_MESSAGES
-- Installing: /home/omen/GITHUB/Athos/AthOS/REPO-AthOS/kgoldrunner/package-kgoldrunner/usr/share/locale/gl/LC_MESSAGES/kgoldrunner.mo
-- Installing: /home/omen/GITHUB/Athos/AthOS/REPO-AthOS/kgoldrunner/package-kgoldrunner/usr/share/locale/ia
-- Installing: /home/omen/GITHUB/Athos/AthOS/REPO-AthOS/kgoldrunner/package-kgoldrunner/usr/share/locale/ia/LC_MESSAGES
-- Installing: /home/omen/GITHUB/Athos/AthOS/REPO-AthOS/kgoldrunner/package-kgoldrunner/usr/share/locale/ia/LC_MESSAGES/kgoldrunner.mo
-- Installing: /home/omen/GITHUB/Athos/AthOS/REPO-AthOS/kgoldrunner/package-kgoldrunner/usr/share/locale/hu
-- Installing: /home/omen/GITHUB/Athos/AthOS/REPO-AthOS/kgoldrunner/package-kgoldrunner/usr/share/locale/hu/LC_MESSAGES
-- Installing: /home/omen/GITHUB/Athos/AthOS/REPO-AthOS/kgoldrunner/package-kgoldrunner/usr/share/locale/hu/LC_MESSAGES/kgoldrunner.mo
-- Installing: /home/omen/GITHUB/Athos/AthOS/REPO-AthOS/kgoldrunner/package-kgoldrunner/usr/share/locale/eo
-- Installing: /home/omen/GITHUB/Athos/AthOS/REPO-AthOS/kgoldrunner/package-kgoldrunner/usr/share/locale/eo/LC_MESSAGES
-- Installing: /home/omen/GITHUB/Athos/AthOS/REPO-AthOS/kgoldrunner/package-kgoldrunner/usr/share/locale/eo/LC_MESSAGES/kgoldrunner.mo
-- Installing: /home/omen/GITHUB/Athos/AthOS/REPO-AthOS/kgoldrunner/package-kgoldrunner/usr/share/locale/bg
-- Installing: /home/omen/GITHUB/Athos/AthOS/REPO-AthOS/kgoldrunner/package-kgoldrunner/usr/share/locale/bg/LC_MESSAGES
-- Installing: /home/omen/GITHUB/Athos/AthOS/REPO-AthOS/kgoldrunner/package-kgoldrunner/usr/share/locale/bg/LC_MESSAGES/kgoldrunner.mo
-- Installing: /home/omen/GITHUB/Athos/AthOS/REPO-AthOS/kgoldrunner/package-kgoldrunner/usr/share/locale/ga
-- Installing: /home/omen/GITHUB/Athos/AthOS/REPO-AthOS/kgoldrunner/package-kgoldrunner/usr/share/locale/ga/LC_MESSAGES
-- Installing: /home/omen/GITHUB/Athos/AthOS/REPO-AthOS/kgoldrunner/package-kgoldrunner/usr/share/locale/ga/LC_MESSAGES/kgoldrunner.mo
-- Installing: /home/omen/GITHUB/Athos/AthOS/REPO-AthOS/kgoldrunner/package-kgoldrunner/usr/share/locale/br
-- Installing: /home/omen/GITHUB/Athos/AthOS/REPO-AthOS/kgoldrunner/package-kgoldrunner/usr/share/locale/br/LC_MESSAGES
-- Installing: /home/omen/GITHUB/Athos/AthOS/REPO-AthOS/kgoldrunner/package-kgoldrunner/usr/share/locale/br/LC_MESSAGES/kgoldrunner.mo
-- Installing: /home/omen/GITHUB/Athos/AthOS/REPO-AthOS/kgoldrunner/package-kgoldrunner/usr/share/locale/ca
-- Installing: /home/omen/GITHUB/Athos/AthOS/REPO-AthOS/kgoldrunner/package-kgoldrunner/usr/share/locale/ca/LC_MESSAGES
-- Installing: /home/omen/GITHUB/Athos/AthOS/REPO-AthOS/kgoldrunner/package-kgoldrunner/usr/share/locale/ca/LC_MESSAGES/kgoldrunner.mo
-- Installing: /home/omen/GITHUB/Athos/AthOS/REPO-AthOS/kgoldrunner/package-kgoldrunner/usr/share/locale/uk
-- Installing: /home/omen/GITHUB/Athos/AthOS/REPO-AthOS/kgoldrunner/package-kgoldrunner/usr/share/locale/uk/LC_MESSAGES
-- Installing: /home/omen/GITHUB/Athos/AthOS/REPO-AthOS/kgoldrunner/package-kgoldrunner/usr/share/locale/uk/LC_MESSAGES/kgoldrunner.mo
-- Installing: /home/omen/GITHUB/Athos/AthOS/REPO-AthOS/kgoldrunner/package-kgoldrunner/usr/share/locale/id
-- Installing: /home/omen/GITHUB/Athos/AthOS/REPO-AthOS/kgoldrunner/package-kgoldrunner/usr/share/locale/id/LC_MESSAGES
-- Installing: /home/omen/GITHUB/Athos/AthOS/REPO-AthOS/kgoldrunner/package-kgoldrunner/usr/share/locale/id/LC_MESSAGES/kgoldrunner.mo
-- Installing: /home/omen/GITHUB/Athos/AthOS/REPO-AthOS/kgoldrunner/package-kgoldrunner/usr/share/locale/en_GB
-- Installing: /home/omen/GITHUB/Athos/AthOS/REPO-AthOS/kgoldrunner/package-kgoldrunner/usr/share/locale/en_GB/LC_MESSAGES
-- Installing: /home/omen/GITHUB/Athos/AthOS/REPO-AthOS/kgoldrunner/package-kgoldrunner/usr/share/locale/en_GB/LC_MESSAGES/kgoldrunner.mo
-- Installing: /home/omen/GITHUB/Athos/AthOS/REPO-AthOS/kgoldrunner/package-kgoldrunner/usr/share/locale/zh_CN
-- Installing: /home/omen/GITHUB/Athos/AthOS/REPO-AthOS/kgoldrunner/package-kgoldrunner/usr/share/locale/zh_CN/LC_MESSAGES
-- Installing: /home/omen/GITHUB/Athos/AthOS/REPO-AthOS/kgoldrunner/package-kgoldrunner/usr/share/locale/zh_CN/LC_MESSAGES/kgoldrunner.mo
-- Installing: /home/omen/GITHUB/Athos/AthOS/REPO-AthOS/kgoldrunner/package-kgoldrunner/usr/share/locale/nl
-- Installing: /home/omen/GITHUB/Athos/AthOS/REPO-AthOS/kgoldrunner/package-kgoldrunner/usr/share/locale/nl/LC_MESSAGES
-- Installing: /home/omen/GITHUB/Athos/AthOS/REPO-AthOS/kgoldrunner/package-kgoldrunner/usr/share/locale/nl/LC_MESSAGES/kgoldrunner.mo
-- Installing: /home/omen/GITHUB/Athos/AthOS/REPO-AthOS/kgoldrunner/package-kgoldrunner/usr/share/locale/bn
-- Installing: /home/omen/GITHUB/Athos/AthOS/REPO-AthOS/kgoldrunner/package-kgoldrunner/usr/share/locale/bn/LC_MESSAGES
-- Installing: /home/omen/GITHUB/Athos/AthOS/REPO-AthOS/kgoldrunner/package-kgoldrunner/usr/share/locale/bn/LC_MESSAGES/kgoldrunner.mo
-- Installing: /home/omen/GITHUB/Athos/AthOS/REPO-AthOS/kgoldrunner/package-kgoldrunner/usr/share/locale/oc
-- Installing: /home/omen/GITHUB/Athos/AthOS/REPO-AthOS/kgoldrunner/package-kgoldrunner/usr/share/locale/oc/LC_MESSAGES
-- Installing: /home/omen/GITHUB/Athos/AthOS/REPO-AthOS/kgoldrunner/package-kgoldrunner/usr/share/locale/oc/LC_MESSAGES/kgoldrunner.mo
-- Installing: /home/omen/GITHUB/Athos/AthOS/REPO-AthOS/kgoldrunner/package-kgoldrunner/usr/share/locale/sa
-- Installing: /home/omen/GITHUB/Athos/AthOS/REPO-AthOS/kgoldrunner/package-kgoldrunner/usr/share/locale/sa/LC_MESSAGES
-- Installing: /home/omen/GITHUB/Athos/AthOS/REPO-AthOS/kgoldrunner/package-kgoldrunner/usr/share/locale/sa/LC_MESSAGES/kgoldrunner.mo
-- Installing: /home/omen/GITHUB/Athos/AthOS/REPO-AthOS/kgoldrunner/package-kgoldrunner/usr/share/locale/fi
-- Installing: /home/omen/GITHUB/Athos/AthOS/REPO-AthOS/kgoldrunner/package-kgoldrunner/usr/share/locale/fi/LC_MESSAGES
-- Installing: /home/omen/GITHUB/Athos/AthOS/REPO-AthOS/kgoldrunner/package-kgoldrunner/usr/share/locale/fi/LC_MESSAGES/kgoldrunner.mo
-- Installing: /home/omen/GITHUB/Athos/AthOS/REPO-AthOS/kgoldrunner/package-kgoldrunner/usr/share/locale/ko
-- Installing: /home/omen/GITHUB/Athos/AthOS/REPO-AthOS/kgoldrunner/package-kgoldrunner/usr/share/locale/ko/LC_MESSAGES
-- Installing: /home/omen/GITHUB/Athos/AthOS/REPO-AthOS/kgoldrunner/package-kgoldrunner/usr/share/locale/ko/LC_MESSAGES/kgoldrunner.mo
-- Installing: /home/omen/GITHUB/Athos/AthOS/REPO-AthOS/kgoldrunner/package-kgoldrunner/usr/share/locale/mk
-- Installing: /home/omen/GITHUB/Athos/AthOS/REPO-AthOS/kgoldrunner/package-kgoldrunner/usr/share/locale/mk/LC_MESSAGES
-- Installing: /home/omen/GITHUB/Athos/AthOS/REPO-AthOS/kgoldrunner/package-kgoldrunner/usr/share/locale/mk/LC_MESSAGES/kgoldrunner.mo
-- Installing: /home/omen/GITHUB/Athos/AthOS/REPO-AthOS/kgoldrunner/package-kgoldrunner/usr/share/locale/ru
-- Installing: /home/omen/GITHUB/Athos/AthOS/REPO-AthOS/kgoldrunner/package-kgoldrunner/usr/share/locale/ru/LC_MESSAGES
-- Installing: /home/omen/GITHUB/Athos/AthOS/REPO-AthOS/kgoldrunner/package-kgoldrunner/usr/share/locale/ru/LC_MESSAGES/kgoldrunner.mo
-- Installing: /home/omen/GITHUB/Athos/AthOS/REPO-AthOS/kgoldrunner/package-kgoldrunner/usr/share/locale/lv
-- Installing: /home/omen/GITHUB/Athos/AthOS/REPO-AthOS/kgoldrunner/package-kgoldrunner/usr/share/locale/lv/LC_MESSAGES
-- Installing: /home/omen/GITHUB/Athos/AthOS/REPO-AthOS/kgoldrunner/package-kgoldrunner/usr/share/locale/lv/LC_MESSAGES/kgoldrunner.mo
-- Installing: /home/omen/GITHUB/Athos/AthOS/REPO-AthOS/kgoldrunner/package-kgoldrunner/usr/share/locale/ml
-- Installing: /home/omen/GITHUB/Athos/AthOS/REPO-AthOS/kgoldrunner/package-kgoldrunner/usr/share/locale/ml/LC_MESSAGES
-- Installing: /home/omen/GITHUB/Athos/AthOS/REPO-AthOS/kgoldrunner/package-kgoldrunner/usr/share/locale/ml/LC_MESSAGES/kgoldrunner.mo
-- Installing: /home/omen/GITHUB/Athos/AthOS/REPO-AthOS/kgoldrunner/package-kgoldrunner/usr/share/locale/hne
-- Installing: /home/omen/GITHUB/Athos/AthOS/REPO-AthOS/kgoldrunner/package-kgoldrunner/usr/share/locale/hne/LC_MESSAGES
-- Installing: /home/omen/GITHUB/Athos/AthOS/REPO-AthOS/kgoldrunner/package-kgoldrunner/usr/share/locale/hne/LC_MESSAGES/kgoldrunner.mo
-- Installing: /home/omen/GITHUB/Athos/AthOS/REPO-AthOS/kgoldrunner/package-kgoldrunner/usr/share/locale/ca@valencia
-- Installing: /home/omen/GITHUB/Athos/AthOS/REPO-AthOS/kgoldrunner/package-kgoldrunner/usr/share/locale/ca@valencia/LC_MESSAGES
-- Installing: /home/omen/GITHUB/Athos/AthOS/REPO-AthOS/kgoldrunner/package-kgoldrunner/usr/share/locale/ca@valencia/LC_MESSAGES/kgoldrunner.mo
-- Installing: /home/omen/GITHUB/Athos/AthOS/REPO-AthOS/kgoldrunner/package-kgoldrunner/usr/share/locale/nb
-- Installing: /home/omen/GITHUB/Athos/AthOS/REPO-AthOS/kgoldrunner/package-kgoldrunner/usr/share/locale/nb/LC_MESSAGES
-- Installing: /home/omen/GITHUB/Athos/AthOS/REPO-AthOS/kgoldrunner/package-kgoldrunner/usr/share/locale/nb/LC_MESSAGES/kgoldrunner.mo
-- Installing: /home/omen/GITHUB/Athos/AthOS/REPO-AthOS/kgoldrunner/package-kgoldrunner/usr/share/locale/es
-- Installing: /home/omen/GITHUB/Athos/AthOS/REPO-AthOS/kgoldrunner/package-kgoldrunner/usr/share/locale/es/LC_MESSAGES
-- Installing: /home/omen/GITHUB/Athos/AthOS/REPO-AthOS/kgoldrunner/package-kgoldrunner/usr/share/locale/es/LC_MESSAGES/kgoldrunner.mo
-- Installing: /home/omen/GITHUB/Athos/AthOS/REPO-AthOS/kgoldrunner/package-kgoldrunner/usr/share/locale/eu
-- Installing: /home/omen/GITHUB/Athos/AthOS/REPO-AthOS/kgoldrunner/package-kgoldrunner/usr/share/locale/eu/LC_MESSAGES
-- Installing: /home/omen/GITHUB/Athos/AthOS/REPO-AthOS/kgoldrunner/package-kgoldrunner/usr/share/locale/eu/LC_MESSAGES/kgoldrunner.mo
-- Installing: /home/omen/GITHUB/Athos/AthOS/REPO-AthOS/kgoldrunner/package-kgoldrunner/usr/share/locale/et
-- Installing: /home/omen/GITHUB/Athos/AthOS/REPO-AthOS/kgoldrunner/package-kgoldrunner/usr/share/locale/et/LC_MESSAGES
-- Installing: /home/omen/GITHUB/Athos/AthOS/REPO-AthOS/kgoldrunner/package-kgoldrunner/usr/share/locale/et/LC_MESSAGES/kgoldrunner.mo
-- Installing: /home/omen/GITHUB/Athos/AthOS/REPO-AthOS/kgoldrunner/package-kgoldrunner/usr/share/locale/it
-- Installing: /home/omen/GITHUB/Athos/AthOS/REPO-AthOS/kgoldrunner/package-kgoldrunner/usr/share/locale/it/LC_MESSAGES
-- Installing: /home/omen/GITHUB/Athos/AthOS/REPO-AthOS/kgoldrunner/package-kgoldrunner/usr/share/locale/it/LC_MESSAGES/kgoldrunner.mo
-- Installing: /home/omen/GITHUB/Athos/AthOS/REPO-AthOS/kgoldrunner/package-kgoldrunner/usr/share/locale/se
-- Installing: /home/omen/GITHUB/Athos/AthOS/REPO-AthOS/kgoldrunner/package-kgoldrunner/usr/share/locale/se/LC_MESSAGES
-- Installing: /home/omen/GITHUB/Athos/AthOS/REPO-AthOS/kgoldrunner/package-kgoldrunner/usr/share/locale/se/LC_MESSAGES/kgoldrunner.mo
-- Installing: /home/omen/GITHUB/Athos/AthOS/REPO-AthOS/kgoldrunner/package-kgoldrunner/usr/share/locale/ar
-- Installing: /home/omen/GITHUB/Athos/AthOS/REPO-AthOS/kgoldrunner/package-kgoldrunner/usr/share/locale/ar/LC_MESSAGES
-- Installing: /home/omen/GITHUB/Athos/AthOS/REPO-AthOS/kgoldrunner/package-kgoldrunner/usr/share/locale/ar/LC_MESSAGES/kgoldrunner.mo
-- Installing: /home/omen/GITHUB/Athos/AthOS/REPO-AthOS/kgoldrunner/package-kgoldrunner/usr/share/locale/sq
-- Installing: /home/omen/GITHUB/Athos/AthOS/REPO-AthOS/kgoldrunner/package-kgoldrunner/usr/share/locale/sq/LC_MESSAGES
-- Installing: /home/omen/GITHUB/Athos/AthOS/REPO-AthOS/kgoldrunner/package-kgoldrunner/usr/share/locale/sq/LC_MESSAGES/kgoldrunner.mo
-- Installing: /home/omen/GITHUB/Athos/AthOS/REPO-AthOS/kgoldrunner/package-kgoldrunner/usr/share/locale/nds
-- Installing: /home/omen/GITHUB/Athos/AthOS/REPO-AthOS/kgoldrunner/package-kgoldrunner/usr/share/locale/nds/LC_MESSAGES
-- Installing: /home/omen/GITHUB/Athos/AthOS/REPO-AthOS/kgoldrunner/package-kgoldrunner/usr/share/locale/nds/LC_MESSAGES/kgoldrunner.mo
-- Installing: /home/omen/GITHUB/Athos/AthOS/REPO-AthOS/kgoldrunner/package-kgoldrunner/usr/share/locale/mr
-- Installing: /home/omen/GITHUB/Athos/AthOS/REPO-AthOS/kgoldrunner/package-kgoldrunner/usr/share/locale/mr/LC_MESSAGES
-- Installing: /home/omen/GITHUB/Athos/AthOS/REPO-AthOS/kgoldrunner/package-kgoldrunner/usr/share/locale/mr/LC_MESSAGES/kgoldrunner.mo
-- Installing: /home/omen/GITHUB/Athos/AthOS/REPO-AthOS/kgoldrunner/package-kgoldrunner/usr/share/locale/ug
-- Installing: /home/omen/GITHUB/Athos/AthOS/REPO-AthOS/kgoldrunner/package-kgoldrunner/usr/share/locale/ug/LC_MESSAGES
-- Installing: /home/omen/GITHUB/Athos/AthOS/REPO-AthOS/kgoldrunner/package-kgoldrunner/usr/share/locale/ug/LC_MESSAGES/kgoldrunner.mo
-- Installing: /home/omen/GITHUB/Athos/AthOS/REPO-AthOS/kgoldrunner/package-kgoldrunner/usr/share/locale/sk
-- Installing: /home/omen/GITHUB/Athos/AthOS/REPO-AthOS/kgoldrunner/package-kgoldrunner/usr/share/locale/sk/LC_MESSAGES
-- Installing: /home/omen/GITHUB/Athos/AthOS/REPO-AthOS/kgoldrunner/package-kgoldrunner/usr/share/locale/sk/LC_MESSAGES/kgoldrunner.mo
-- Installing: /home/omen/GITHUB/Athos/AthOS/REPO-AthOS/kgoldrunner/package-kgoldrunner/usr/share/locale/sv
-- Installing: /home/omen/GITHUB/Athos/AthOS/REPO-AthOS/kgoldrunner/package-kgoldrunner/usr/share/locale/sv/LC_MESSAGES
-- Installing: /home/omen/GITHUB/Athos/AthOS/REPO-AthOS/kgoldrunner/package-kgoldrunner/usr/share/locale/sv/LC_MESSAGES/kgoldrunner.mo
-- Installing: /home/omen/GITHUB/Athos/AthOS/REPO-AthOS/kgoldrunner/package-kgoldrunner/usr/share/doc/HTML/ca/kgoldrunner/index.cache.bz2
-- Installing: /home/omen/GITHUB/Athos/AthOS/REPO-AthOS/kgoldrunner/package-kgoldrunner/usr/share/doc/HTML/ca/kgoldrunner/index.docbook
-- Installing: /home/omen/GITHUB/Athos/AthOS/REPO-AthOS/kgoldrunner/package-kgoldrunner/usr/share/doc/HTML/ca/kgoldrunner/select.png
-- Installing: /home/omen/GITHUB/Athos/AthOS/REPO-AthOS/kgoldrunner/package-kgoldrunner/usr/share/doc/HTML/ca/kgoldrunner/tute008.png
-- Installing: /home/omen/GITHUB/Athos/AthOS/REPO-AthOS/kgoldrunner/package-kgoldrunner/usr/share/doc/HTML/de/kgoldrunner/index.cache.bz2
-- Installing: /home/omen/GITHUB/Athos/AthOS/REPO-AthOS/kgoldrunner/package-kgoldrunner/usr/share/doc/HTML/de/kgoldrunner/index.docbook
-- Installing: /home/omen/GITHUB/Athos/AthOS/REPO-AthOS/kgoldrunner/package-kgoldrunner/usr/share/doc/HTML/de/kgoldrunner/editbar.png
-- Installing: /home/omen/GITHUB/Athos/AthOS/REPO-AthOS/kgoldrunner/package-kgoldrunner/usr/share/doc/HTML/de/kgoldrunner/select.png
-- Installing: /home/omen/GITHUB/Athos/AthOS/REPO-AthOS/kgoldrunner/package-kgoldrunner/usr/share/doc/HTML/de/kgoldrunner/tute008.png
-- Installing: /home/omen/GITHUB/Athos/AthOS/REPO-AthOS/kgoldrunner/package-kgoldrunner/usr/share/doc/HTML/es/kgoldrunner/index.cache.bz2
-- Installing: /home/omen/GITHUB/Athos/AthOS/REPO-AthOS/kgoldrunner/package-kgoldrunner/usr/share/doc/HTML/es/kgoldrunner/index.docbook
-- Installing: /home/omen/GITHUB/Athos/AthOS/REPO-AthOS/kgoldrunner/package-kgoldrunner/usr/share/doc/HTML/et/kgoldrunner/index.cache.bz2
-- Installing: /home/omen/GITHUB/Athos/AthOS/REPO-AthOS/kgoldrunner/package-kgoldrunner/usr/share/doc/HTML/et/kgoldrunner/index.docbook
-- Installing: /home/omen/GITHUB/Athos/AthOS/REPO-AthOS/kgoldrunner/package-kgoldrunner/usr/share/doc/HTML/fr/kgoldrunner/index.cache.bz2
-- Installing: /home/omen/GITHUB/Athos/AthOS/REPO-AthOS/kgoldrunner/package-kgoldrunner/usr/share/doc/HTML/fr/kgoldrunner/index.docbook
-- Installing: /home/omen/GITHUB/Athos/AthOS/REPO-AthOS/kgoldrunner/package-kgoldrunner/usr/share/doc/HTML/fr/kgoldrunner/editbar.png
-- Installing: /home/omen/GITHUB/Athos/AthOS/REPO-AthOS/kgoldrunner/package-kgoldrunner/usr/share/doc/HTML/fr/kgoldrunner/select.png
-- Installing: /home/omen/GITHUB/Athos/AthOS/REPO-AthOS/kgoldrunner/package-kgoldrunner/usr/share/doc/HTML/fr/kgoldrunner/tute008.png
-- Installing: /home/omen/GITHUB/Athos/AthOS/REPO-AthOS/kgoldrunner/package-kgoldrunner/usr/share/doc/HTML/gl/kgoldrunner/index.cache.bz2
-- Installing: /home/omen/GITHUB/Athos/AthOS/REPO-AthOS/kgoldrunner/package-kgoldrunner/usr/share/doc/HTML/gl/kgoldrunner/index.docbook
-- Installing: /home/omen/GITHUB/Athos/AthOS/REPO-AthOS/kgoldrunner/package-kgoldrunner/usr/share/doc/HTML/it/kgoldrunner/index.cache.bz2
-- Installing: /home/omen/GITHUB/Athos/AthOS/REPO-AthOS/kgoldrunner/package-kgoldrunner/usr/share/doc/HTML/it/kgoldrunner/index.docbook
-- Installing: /home/omen/GITHUB/Athos/AthOS/REPO-AthOS/kgoldrunner/package-kgoldrunner/usr/share/doc/HTML/nl/kgoldrunner/index.cache.bz2
-- Installing: /home/omen/GITHUB/Athos/AthOS/REPO-AthOS/kgoldrunner/package-kgoldrunner/usr/share/doc/HTML/nl/kgoldrunner/index.docbook
-- Installing: /home/omen/GITHUB/Athos/AthOS/REPO-AthOS/kgoldrunner/package-kgoldrunner/usr/share/doc/HTML/pt/kgoldrunner/index.cache.bz2
-- Installing: /home/omen/GITHUB/Athos/AthOS/REPO-AthOS/kgoldrunner/package-kgoldrunner/usr/share/doc/HTML/pt/kgoldrunner/index.docbook
-- Installing: /home/omen/GITHUB/Athos/AthOS/REPO-AthOS/kgoldrunner/package-kgoldrunner/usr/share/doc/HTML/pt_BR/kgoldrunner/index.cache.bz2
-- Installing: /home/omen/GITHUB/Athos/AthOS/REPO-AthOS/kgoldrunner/package-kgoldrunner/usr/share/doc/HTML/pt_BR/kgoldrunner/index.docbook
-- Installing: /home/omen/GITHUB/Athos/AthOS/REPO-AthOS/kgoldrunner/package-kgoldrunner/usr/share/doc/HTML/sl/kgoldrunner/index.cache.bz2
-- Installing: /home/omen/GITHUB/Athos/AthOS/REPO-AthOS/kgoldrunner/package-kgoldrunner/usr/share/doc/HTML/sl/kgoldrunner/index.docbook
-- Installing: /home/omen/GITHUB/Athos/AthOS/REPO-AthOS/kgoldrunner/package-kgoldrunner/usr/share/doc/HTML/sv/kgoldrunner/index.cache.bz2
-- Installing: /home/omen/GITHUB/Athos/AthOS/REPO-AthOS/kgoldrunner/package-kgoldrunner/usr/share/doc/HTML/sv/kgoldrunner/index.docbook
-- Installing: /home/omen/GITHUB/Athos/AthOS/REPO-AthOS/kgoldrunner/package-kgoldrunner/usr/share/doc/HTML/sv/kgoldrunner/editbar.png
-- Installing: /home/omen/GITHUB/Athos/AthOS/REPO-AthOS/kgoldrunner/package-kgoldrunner/usr/share/doc/HTML/sv/kgoldrunner/select.png
-- Installing: /home/omen/GITHUB/Athos/AthOS/REPO-AthOS/kgoldrunner/package-kgoldrunner/usr/share/doc/HTML/sv/kgoldrunner/tute008.png
-- Installing: /home/omen/GITHUB/Athos/AthOS/REPO-AthOS/kgoldrunner/package-kgoldrunner/usr/share/doc/HTML/uk/kgoldrunner/index.cache.bz2
-- Installing: /home/omen/GITHUB/Athos/AthOS/REPO-AthOS/kgoldrunner/package-kgoldrunner/usr/share/doc/HTML/uk/kgoldrunner/index.docbook
-- Installing: /home/omen/GITHUB/Athos/AthOS/REPO-AthOS/kgoldrunner/package-kgoldrunner/usr/share/doc/HTML/uk/kgoldrunner/select.png
-- Installing: /home/omen/GITHUB/Athos/AthOS/REPO-AthOS/kgoldrunner/package-kgoldrunner/usr/share/doc/HTML/uk/kgoldrunner/tute008.png
[32mThe main part of source code is ready. We are moving on to preparing post install scripts, docs, license, man pages etc..[0m
cp: cannot stat 'ChangeLog*': No such file or directory
cp: cannot stat 'COPYING': No such file or directory
cp: cannot stat 'CREDITS': No such file or directory
cp: cannot stat 'LICENSE': No such file or directory
cp: cannot stat 'MAINTAINERS': No such file or directory
cp: cannot stat 'NEWS': No such file or directory
cp: cannot stat 'docs': No such file or directory
cp: cannot stat 'DOCS': No such file or directory
grep: /home/omen/GITHUB/Athos/AthOS/REPO-AthOS/kgoldrunner/kgoldrunner.info: No such file or directory
extra-cmake-modules
kconfig
kconfigwidgets
kcoreaddons
kcrash
kdbusaddons
kdoctools
ki18n
kio
kwidgetsaddons
kxmlgui
libkdegames
[32mPackaging compiled for slackware installation...[0m
[32mMAKEPKG_FLAGS is empty or unset, using default[0m

Slackware package maker, version 3.14159265.

Searching for symbolic links:

No symbolic links were found, so we won't make an installation script.
You can make your own later in ./install/doinst.sh and rebuild the
package if you like.

This next step is optional - you can set the directories in your package
to some sane permissions. If any of the directories in your package have
special permissions, then DO NOT reset them here!

Would you like to reset all directory permissions to 755 (drwxr-xr-x) and
directory ownerships to root:root ([y]es, [n]o)? n


Creating Slackware package:  /tmp/kgoldrunner/kgoldrunner-25.04.1-x86_64-1_rtz.tlz

./
install/
install/doinst.sh
install/slack-desc
usr/
usr/bin/
usr/bin/kgoldrunner
usr/doc/
usr/doc/kgoldrunner-25.04.1/
usr/doc/kgoldrunner-25.04.1/AUTHORS
usr/doc/kgoldrunner-25.04.1/README
usr/doc/kgoldrunner-25.04.1/README.PACKAGERS
usr/doc/kgoldrunner-25.04.1/kgoldrunner.ini
usr/doc/kgoldrunner-25.04.1/slack-required
usr/share/
usr/share/applications/
usr/share/applications/org.kde.kgoldrunner.desktop
usr/share/doc/
usr/share/doc/HTML/
usr/share/doc/HTML/ca/
usr/share/doc/HTML/ca/kgoldrunner/
usr/share/doc/HTML/ca/kgoldrunner/index.cache.bz2
usr/share/doc/HTML/ca/kgoldrunner/index.docbook
usr/share/doc/HTML/ca/kgoldrunner/select.png
usr/share/doc/HTML/ca/kgoldrunner/tute008.png
usr/share/doc/HTML/de/
usr/share/doc/HTML/de/kgoldrunner/
usr/share/doc/HTML/de/kgoldrunner/editbar.png
usr/share/doc/HTML/de/kgoldrunner/index.cache.bz2
usr/share/doc/HTML/de/kgoldrunner/index.docbook
usr/share/doc/HTML/de/kgoldrunner/select.png
usr/share/doc/HTML/de/kgoldrunner/tute008.png
usr/share/doc/HTML/en/
usr/share/doc/HTML/en/kgoldrunner/
usr/share/doc/HTML/en/kgoldrunner/editbar.png
usr/share/doc/HTML/en/kgoldrunner/index.cache.bz2
usr/share/doc/HTML/en/kgoldrunner/index.docbook
usr/share/doc/HTML/en/kgoldrunner/select.png
usr/share/doc/HTML/en/kgoldrunner/tute008.png
usr/share/doc/HTML/es/
usr/share/doc/HTML/es/kgoldrunner/
usr/share/doc/HTML/es/kgoldrunner/index.cache.bz2
usr/share/doc/HTML/es/kgoldrunner/index.docbook
usr/share/doc/HTML/et/
usr/share/doc/HTML/et/kgoldrunner/
usr/share/doc/HTML/et/kgoldrunner/index.cache.bz2
usr/share/doc/HTML/et/kgoldrunner/index.docbook
usr/share/doc/HTML/fr/
usr/share/doc/HTML/fr/kgoldrunner/
usr/share/doc/HTML/fr/kgoldrunner/editbar.png
usr/share/doc/HTML/fr/kgoldrunner/index.cache.bz2
usr/share/doc/HTML/fr/kgoldrunner/index.docbook
usr/share/doc/HTML/fr/kgoldrunner/select.png
usr/share/doc/HTML/fr/kgoldrunner/tute008.png
usr/share/doc/HTML/gl/
usr/share/doc/HTML/gl/kgoldrunner/
usr/share/doc/HTML/gl/kgoldrunner/index.cache.bz2
usr/share/doc/HTML/gl/kgoldrunner/index.docbook
usr/share/doc/HTML/it/
usr/share/doc/HTML/it/kgoldrunner/
usr/share/doc/HTML/it/kgoldrunner/index.cache.bz2
usr/share/doc/HTML/it/kgoldrunner/index.docbook
usr/share/doc/HTML/nl/
usr/share/doc/HTML/nl/kgoldrunner/
usr/share/doc/HTML/nl/kgoldrunner/index.cache.bz2
usr/share/doc/HTML/nl/kgoldrunner/index.docbook
usr/share/doc/HTML/pt/
usr/share/doc/HTML/pt/kgoldrunner/
usr/share/doc/HTML/pt/kgoldrunner/index.cache.bz2
usr/share/doc/HTML/pt/kgoldrunner/index.docbook
usr/share/doc/HTML/pt_BR/
usr/share/doc/HTML/pt_BR/kgoldrunner/
usr/share/doc/HTML/pt_BR/kgoldrunner/index.cache.bz2
usr/share/doc/HTML/pt_BR/kgoldrunner/index.docbook
usr/share/doc/HTML/sl/
usr/share/doc/HTML/sl/kgoldrunner/
usr/share/doc/HTML/sl/kgoldrunner/index.cache.bz2
usr/share/doc/HTML/sl/kgoldrunner/index.docbook
usr/share/doc/HTML/sv/
usr/share/doc/HTML/sv/kgoldrunner/
usr/share/doc/HTML/sv/kgoldrunner/editbar.png
usr/share/doc/HTML/sv/kgoldrunner/index.cache.bz2
usr/share/doc/HTML/sv/kgoldrunner/index.docbook
usr/share/doc/HTML/sv/kgoldrunner/select.png
usr/share/doc/HTML/sv/kgoldrunner/tute008.png
usr/share/doc/HTML/uk/
usr/share/doc/HTML/uk/kgoldrunner/
usr/share/doc/HTML/uk/kgoldrunner/index.cache.bz2
usr/share/doc/HTML/uk/kgoldrunner/index.docbook
usr/share/doc/HTML/uk/kgoldrunner/select.png
usr/share/doc/HTML/uk/kgoldrunner/tute008.png
usr/share/icons/
usr/share/icons/hicolor/
usr/share/icons/hicolor/128x128/
usr/share/icons/hicolor/128x128/apps/
usr/share/icons/hicolor/128x128/apps/kgoldrunner.png
usr/share/icons/hicolor/16x16/
usr/share/icons/hicolor/16x16/apps/
usr/share/icons/hicolor/16x16/apps/kgoldrunner.png
usr/share/icons/hicolor/22x22/
usr/share/icons/hicolor/22x22/apps/
usr/share/icons/hicolor/22x22/apps/kgoldrunner.png
usr/share/icons/hicolor/32x32/
usr/share/icons/hicolor/32x32/apps/
usr/share/icons/hicolor/32x32/apps/kgoldrunner.png
usr/share/icons/hicolor/48x48/
usr/share/icons/hicolor/48x48/apps/
usr/share/icons/hicolor/48x48/apps/kgoldrunner.png
usr/share/icons/hicolor/64x64/
usr/share/icons/hicolor/64x64/apps/
usr/share/icons/hicolor/64x64/apps/kgoldrunner.png
usr/share/kgoldrunner/
usr/share/kgoldrunner/system/
usr/share/kgoldrunner/system/game_CM.txt
usr/share/kgoldrunner/system/game_GMEP.txt
usr/share/kgoldrunner/system/game_GMGR.txt
usr/share/kgoldrunner/system/game_GRII.txt
usr/share/kgoldrunner/system/game_GotD.txt
usr/share/kgoldrunner/system/game_MAZ.txt
usr/share/kgoldrunner/system/game_blb.txt
usr/share/kgoldrunner/system/game_cnt.txt
usr/share/kgoldrunner/system/game_ende.txt
usr/share/kgoldrunner/system/game_fd.txt
usr/share/kgoldrunner/system/game_kgr.txt
usr/share/kgoldrunner/system/game_lars.txt
usr/share/kgoldrunner/system/game_plws.txt
usr/share/kgoldrunner/system/game_plwv.txt
usr/share/kgoldrunner/system/game_sot.txt
usr/share/kgoldrunner/system/game_tute.txt
usr/share/kgoldrunner/system/game_tutea.txt
usr/share/kgoldrunner/system/game_wad.txt
usr/share/kgoldrunner/system/hi_kgr.dat
usr/share/kgoldrunner/system/hi_plws.dat
usr/share/kgoldrunner/system/hi_plwv.dat
usr/share/kgoldrunner/system/hi_wad.dat
usr/share/kgoldrunner/system/rec_GMGR.txt
usr/share/kgoldrunner/system/rec_GRII.txt
usr/share/kgoldrunner/system/rec_demo.txt
usr/share/kgoldrunner/system/sol_GotD.txt
usr/share/kgoldrunner/system/sol_blb.txt
usr/share/kgoldrunner/system/sol_fd.txt
usr/share/kgoldrunner/system/sol_kgr.txt
usr/share/kgoldrunner/system/sol_plws.txt
usr/share/kgoldrunner/system/sol_tute.txt
usr/share/kgoldrunner/system/sol_tutea.txt
usr/share/kgoldrunner/themes/
usr/share/kgoldrunner/themes/README
usr/share/kgoldrunner/themes/accessible/
usr/share/kgoldrunner/themes/accessible/black-on-white-actors.svgz
usr/share/kgoldrunner/themes/accessible/black-on-white-set.svgz
usr/share/kgoldrunner/themes/accessible/black-on-white.png
usr/share/kgoldrunner/themes/black-on-white.desktop
usr/share/kgoldrunner/themes/default/
usr/share/kgoldrunner/themes/default.desktop
usr/share/kgoldrunner/themes/default/actors.svgz
usr/share/kgoldrunner/themes/default/climb.wav
usr/share/kgoldrunner/themes/default/completed.ogg
usr/share/kgoldrunner/themes/default/death.ogg
usr/share/kgoldrunner/themes/default/default.png
usr/share/kgoldrunner/themes/default/dig.ogg
usr/share/kgoldrunner/themes/default/falling.ogg
usr/share/kgoldrunner/themes/default/gameover.ogg
usr/share/kgoldrunner/themes/default/gold.ogg
usr/share/kgoldrunner/themes/default/ladder.ogg
usr/share/kgoldrunner/themes/default/set.svgz
usr/share/kgoldrunner/themes/default/step.wav
usr/share/kgoldrunner/themes/default/victory.ogg
usr/share/kgoldrunner/themes/egypt/
usr/share/kgoldrunner/themes/egypt.desktop
usr/share/kgoldrunner/themes/egypt/actors.svgz
usr/share/kgoldrunner/themes/egypt/egypt.png
usr/share/kgoldrunner/themes/egypt/egypt_kgr.svgz
usr/share/kgoldrunner/themes/kgr_geek/
usr/share/kgoldrunner/themes/kgr_geek.desktop
usr/share/kgoldrunner/themes/kgr_geek/actors.svgz
usr/share/kgoldrunner/themes/kgr_geek/kgr_geek.png
usr/share/kgoldrunner/themes/kgr_geek/set.svgz
usr/share/kgoldrunner/themes/nostalgia/
usr/share/kgoldrunner/themes/nostalgia-blues.desktop
usr/share/kgoldrunner/themes/nostalgia.desktop
usr/share/kgoldrunner/themes/nostalgia/actors.svgz
usr/share/kgoldrunner/themes/nostalgia/blue-actors.svgz
usr/share/kgoldrunner/themes/nostalgia/blue-set.svgz
usr/share/kgoldrunner/themes/nostalgia/nostalgia-blues.png
usr/share/kgoldrunner/themes/nostalgia/nostalgia.png
usr/share/kgoldrunner/themes/nostalgia/set.svgz
usr/share/knsrcfiles/
usr/share/knsrcfiles/kgoldrunner.knsrc
usr/share/locale/
usr/share/locale/ar/
usr/share/locale/ar/LC_MESSAGES/
usr/share/locale/ar/LC_MESSAGES/kgoldrunner.mo
usr/share/locale/ast/
usr/share/locale/ast/LC_MESSAGES/
usr/share/locale/ast/LC_MESSAGES/kgoldrunner.mo
usr/share/locale/be/
usr/share/locale/be/LC_MESSAGES/
usr/share/locale/be/LC_MESSAGES/kgoldrunner.mo
usr/share/locale/bg/
usr/share/locale/bg/LC_MESSAGES/
usr/share/locale/bg/LC_MESSAGES/kgoldrunner.mo
usr/share/locale/bn/
usr/share/locale/bn/LC_MESSAGES/
usr/share/locale/bn/LC_MESSAGES/kgoldrunner.mo
usr/share/locale/br/
usr/share/locale/br/LC_MESSAGES/
usr/share/locale/br/LC_MESSAGES/kgoldrunner.mo
usr/share/locale/bs/
usr/share/locale/bs/LC_MESSAGES/
usr/share/locale/bs/LC_MESSAGES/kgoldrunner.mo
usr/share/locale/ca/
usr/share/locale/ca/LC_MESSAGES/
usr/share/locale/ca/LC_MESSAGES/kgoldrunner.mo
usr/share/locale/ca@valencia/
usr/share/locale/ca@valencia/LC_MESSAGES/
usr/share/locale/ca@valencia/LC_MESSAGES/kgoldrunner.mo
usr/share/locale/cs/
usr/share/locale/cs/LC_MESSAGES/
usr/share/locale/cs/LC_MESSAGES/kgoldrunner.mo
usr/share/locale/cy/
usr/share/locale/cy/LC_MESSAGES/
usr/share/locale/cy/LC_MESSAGES/kgoldrunner.mo
usr/share/locale/da/
usr/share/locale/da/LC_MESSAGES/
usr/share/locale/da/LC_MESSAGES/kgoldrunner.mo
usr/share/locale/de/
usr/share/locale/de/LC_MESSAGES/
usr/share/locale/de/LC_MESSAGES/kgoldrunner.mo
usr/share/locale/el/
usr/share/locale/el/LC_MESSAGES/
usr/share/locale/el/LC_MESSAGES/kgoldrunner.mo
usr/share/locale/en_GB/
usr/share/locale/en_GB/LC_MESSAGES/
usr/share/locale/en_GB/LC_MESSAGES/kgoldrunner.mo
usr/share/locale/eo/
usr/share/locale/eo/LC_MESSAGES/
usr/share/locale/eo/LC_MESSAGES/kgoldrunner.mo
usr/share/locale/es/
usr/share/locale/es/LC_MESSAGES/
usr/share/locale/es/LC_MESSAGES/kgoldrunner.mo
usr/share/locale/et/
usr/share/locale/et/LC_MESSAGES/
usr/share/locale/et/LC_MESSAGES/kgoldrunner.mo
usr/share/locale/eu/
usr/share/locale/eu/LC_MESSAGES/
usr/share/locale/eu/LC_MESSAGES/kgoldrunner.mo
usr/share/locale/fa/
usr/share/locale/fa/LC_MESSAGES/
usr/share/locale/fa/LC_MESSAGES/kgoldrunner.mo
usr/share/locale/fi/
usr/share/locale/fi/LC_MESSAGES/
usr/share/locale/fi/LC_MESSAGES/kgoldrunner.mo
usr/share/locale/fr/
usr/share/locale/fr/LC_MESSAGES/
usr/share/locale/fr/LC_MESSAGES/kgoldrunner.mo
usr/share/locale/ga/
usr/share/locale/ga/LC_MESSAGES/
usr/share/locale/ga/LC_MESSAGES/kgoldrunner.mo
usr/share/locale/gl/
usr/share/locale/gl/LC_MESSAGES/
usr/share/locale/gl/LC_MESSAGES/kgoldrunner.mo
usr/share/locale/hi/
usr/share/locale/hi/LC_MESSAGES/
usr/share/locale/hi/LC_MESSAGES/kgoldrunner.mo
usr/share/locale/hne/
usr/share/locale/hne/LC_MESSAGES/
usr/share/locale/hne/LC_MESSAGES/kgoldrunner.mo
usr/share/locale/hr/
usr/share/locale/hr/LC_MESSAGES/
usr/share/locale/hr/LC_MESSAGES/kgoldrunner.mo
usr/share/locale/hu/
usr/share/locale/hu/LC_MESSAGES/
usr/share/locale/hu/LC_MESSAGES/kgoldrunner.mo
usr/share/locale/ia/
usr/share/locale/ia/LC_MESSAGES/
usr/share/locale/ia/LC_MESSAGES/kgoldrunner.mo
usr/share/locale/id/
usr/share/locale/id/LC_MESSAGES/
usr/share/locale/id/LC_MESSAGES/kgoldrunner.mo
usr/share/locale/is/
usr/share/locale/is/LC_MESSAGES/
usr/share/locale/is/LC_MESSAGES/kgoldrunner.mo
usr/share/locale/it/
usr/share/locale/it/LC_MESSAGES/
usr/share/locale/it/LC_MESSAGES/kgoldrunner.mo
usr/share/locale/ja/
usr/share/locale/ja/LC_MESSAGES/
usr/share/locale/ja/LC_MESSAGES/kgoldrunner.mo
usr/share/locale/ka/
usr/share/locale/ka/LC_MESSAGES/
usr/share/locale/ka/LC_MESSAGES/kgoldrunner.mo
usr/share/locale/kk/
usr/share/locale/kk/LC_MESSAGES/
usr/share/locale/kk/LC_MESSAGES/kgoldrunner.mo
usr/share/locale/km/
usr/share/locale/km/LC_MESSAGES/
usr/share/locale/km/LC_MESSAGES/kgoldrunner.mo
usr/share/locale/ko/
usr/share/locale/ko/LC_MESSAGES/
usr/share/locale/ko/LC_MESSAGES/kgoldrunner.mo
usr/share/locale/lt/
usr/share/locale/lt/LC_MESSAGES/
usr/share/locale/lt/LC_MESSAGES/kgoldrunner.mo
usr/share/locale/lv/
usr/share/locale/lv/LC_MESSAGES/
usr/share/locale/lv/LC_MESSAGES/kgoldrunner.mo
usr/share/locale/mai/
usr/share/locale/mai/LC_MESSAGES/
usr/share/locale/mai/LC_MESSAGES/kgoldrunner.mo
usr/share/locale/mk/
usr/share/locale/mk/LC_MESSAGES/
usr/share/locale/mk/LC_MESSAGES/kgoldrunner.mo
usr/share/locale/ml/
usr/share/locale/ml/LC_MESSAGES/
usr/share/locale/ml/LC_MESSAGES/kgoldrunner.mo
usr/share/locale/mr/
usr/share/locale/mr/LC_MESSAGES/
usr/share/locale/mr/LC_MESSAGES/kgoldrunner.mo
usr/share/locale/nb/
usr/share/locale/nb/LC_MESSAGES/
usr/share/locale/nb/LC_MESSAGES/kgoldrunner.mo
usr/share/locale/nds/
usr/share/locale/nds/LC_MESSAGES/
usr/share/locale/nds/LC_MESSAGES/kgoldrunner.mo
usr/share/locale/ne/
usr/share/locale/ne/LC_MESSAGES/
usr/share/locale/ne/LC_MESSAGES/kgoldrunner.mo
usr/share/locale/nl/
usr/share/locale/nl/LC_MESSAGES/
usr/share/locale/nl/LC_MESSAGES/kgoldrunner.mo
usr/share/locale/nn/
usr/share/locale/nn/LC_MESSAGES/
usr/share/locale/nn/LC_MESSAGES/kgoldrunner.mo
usr/share/locale/oc/
usr/share/locale/oc/LC_MESSAGES/
usr/share/locale/oc/LC_MESSAGES/kgoldrunner.mo
usr/share/locale/pa/
usr/share/locale/pa/LC_MESSAGES/
usr/share/locale/pa/LC_MESSAGES/kgoldrunner.mo
usr/share/locale/pl/
usr/share/locale/pl/LC_MESSAGES/
usr/share/locale/pl/LC_MESSAGES/kgoldrunner.mo
usr/share/locale/pt/
usr/share/locale/pt/LC_MESSAGES/
usr/share/locale/pt/LC_MESSAGES/kgoldrunner.mo
usr/share/locale/pt_BR/
usr/share/locale/pt_BR/LC_MESSAGES/
usr/share/locale/pt_BR/LC_MESSAGES/kgoldrunner.mo
usr/share/locale/ro/
usr/share/locale/ro/LC_MESSAGES/
usr/share/locale/ro/LC_MESSAGES/kgoldrunner.mo
usr/share/locale/ru/
usr/share/locale/ru/LC_MESSAGES/
usr/share/locale/ru/LC_MESSAGES/kgoldrunner.mo
usr/share/locale/sa/
usr/share/locale/sa/LC_MESSAGES/
usr/share/locale/sa/LC_MESSAGES/kgoldrunner.mo
usr/share/locale/se/
usr/share/locale/se/LC_MESSAGES/
usr/share/locale/se/LC_MESSAGES/kgoldrunner.mo
usr/share/locale/sk/
usr/share/locale/sk/LC_MESSAGES/
usr/share/locale/sk/LC_MESSAGES/kgoldrunner.mo
usr/share/locale/sl/
usr/share/locale/sl/LC_MESSAGES/
usr/share/locale/sl/LC_MESSAGES/kgoldrunner.mo
usr/share/locale/sq/
usr/share/locale/sq/LC_MESSAGES/
usr/share/locale/sq/LC_MESSAGES/kgoldrunner.mo
usr/share/locale/sr/
usr/share/locale/sr/LC_MESSAGES/
usr/share/locale/sr/LC_MESSAGES/kgoldrunner.mo
usr/share/locale/sr@ijekavian/
usr/share/locale/sr@ijekavian/LC_MESSAGES/
usr/share/locale/sr@ijekavian/LC_MESSAGES/kgoldrunner.mo
usr/share/locale/sr@ijekavianlatin/
usr/share/locale/sr@ijekavianlatin/LC_MESSAGES/
usr/share/locale/sr@ijekavianlatin/LC_MESSAGES/kgoldrunner.mo
usr/share/locale/sr@latin/
usr/share/locale/sr@latin/LC_MESSAGES/
usr/share/locale/sr@latin/LC_MESSAGES/kgoldrunner.mo
usr/share/locale/sv/
usr/share/locale/sv/LC_MESSAGES/
usr/share/locale/sv/LC_MESSAGES/kgoldrunner.mo
usr/share/locale/ta/
usr/share/locale/ta/LC_MESSAGES/
usr/share/locale/ta/LC_MESSAGES/kgoldrunner.mo
usr/share/locale/te/
usr/share/locale/te/LC_MESSAGES/
usr/share/locale/te/LC_MESSAGES/kgoldrunner.mo
usr/share/locale/tg/
usr/share/locale/tg/LC_MESSAGES/
usr/share/locale/tg/LC_MESSAGES/kgoldrunner.mo
usr/share/locale/tr/
usr/share/locale/tr/LC_MESSAGES/
usr/share/locale/tr/LC_MESSAGES/kgoldrunner.mo
usr/share/locale/ug/
usr/share/locale/ug/LC_MESSAGES/
usr/share/locale/ug/LC_MESSAGES/kgoldrunner.mo
usr/share/locale/uk/
usr/share/locale/uk/LC_MESSAGES/
usr/share/locale/uk/LC_MESSAGES/kgoldrunner.mo
usr/share/locale/zh_CN/
usr/share/locale/zh_CN/LC_MESSAGES/
usr/share/locale/zh_CN/LC_MESSAGES/kgoldrunner.mo
usr/share/locale/zh_TW/
usr/share/locale/zh_TW/LC_MESSAGES/
usr/share/locale/zh_TW/LC_MESSAGES/kgoldrunner.mo
usr/share/metainfo/
usr/share/metainfo/org.kde.kgoldrunner.appdata.xml
usr/share/qlogging-categories6/
usr/share/qlogging-categories6/kgoldrunner.categories
usr/share/qlogging-categories6/kgoldrunner.renamecategories

Slackware package /tmp/kgoldrunner/kgoldrunner-25.04.1-x86_64-1_rtz.tlz created.

Create shared object file for kgoldrunner-25.04.1-x86_64-1_rtz.tlz
Creating /tmp/kgoldrunner/kgoldrunner-25.04.1-x86_64-1_rtz.tlz.so.file using /tmp/kgoldrunner/kgoldrunner-25.04.1-x86_64-1_rtz.tlz
Successfully created /tmp/kgoldrunner/kgoldrunner-25.04.1-x86_64-1_rtz.tlz.so.file
Packaging of executable and meta-data in kgoldrunner.tar.lz4 format.
/tmp/kgoldrunner /tmp/kgoldrunner
/tmp/kgoldrunner
BIN_NAME
README
kgoldrunner-25.04.1-x86_64-1_rtz.tlz
kgoldrunner-25.04.1-x86_64-1_rtz.tlz.md5
kgoldrunner-25.04.1-x86_64-1_rtz.tlz.so.file
kgoldrunner-25.04.1-x86_64-1_rtz.tlz.txt
kgoldrunner.dep
makepkg-kgoldrunner.log
[32mkgoldrunner build finished. Procced to installation...[0m

+================================================================================================================+
| Upgrading kgoldrunner-25.04.1-x86_64-1_rtz package using /tmp/kgoldrunner/kgoldrunner-25.04.1-x86_64-1_rtz.tlz |
+================================================================================================================+

Pre-installing package kgoldrunner-25.04.1-x86_64-1_rtz...
Removing package: kgoldrunner-25.04.1-x86_64-1_rtz-upgraded-2025-05-28,20:21:16
Installing package kgoldrunner-25.04.1-x86_64-1_rtz.tlz:
PACKAGE DESCRIPTION:
# kgoldrunner (A game of action and puzzle solving)
#
# A game of action and puzzle solving
#
# kde.org/applications/games/kgoldrunner/
Executing install script for kgoldrunner-25.04.1-x86_64-1_rtz.tlz.
Font directories:
	/usr/share/fonts
/usr/share/fonts: caching, new cache contents: 0 fonts, 11 dirs
/usr/share/fonts/100dpi: caching, new cache contents: 238 fonts, 0 dirs
/usr/share/fonts/75dpi: caching, new cache contents: 238 fonts, 0 dirs
/usr/share/fonts/OTF: caching, new cache contents: 124 fonts, 0 dirs
/usr/share/fonts/Speedo: caching, new cache contents: 0 fonts, 0 dirs
/usr/share/fonts/TTF: caching, new cache contents: 1132 fonts, 0 dirs
/usr/share/fonts/Type1: caching, new cache contents: 64 fonts, 0 dirs
/usr/share/fonts/cyrillic: caching, new cache contents: 0 fonts, 0 dirs
/usr/share/fonts/encodings: caching, new cache contents: 0 fonts, 1 dirs
/usr/share/fonts/encodings/large: caching, new cache contents: 0 fonts, 0 dirs
/usr/share/fonts/kanjistrokeorders: caching, new cache contents: 1 fonts, 0 dirs
/usr/share/fonts/misc: caching, new cache contents: 143 fonts, 0 dirs
/usr/share/fonts/util: caching, new cache contents: 0 fonts, 0 dirs
/var/cache/fontconfig: cleaning cache directory
/root/.cache/fontconfig: not cleaning non-existent cache directory
/root/.fontconfig: not cleaning non-existent cache directory
/usr/bin/fc-cache: succeeded
Package kgoldrunner-25.04.1-x86_64-1_rtz.tlz installed.
Package kgoldrunner-25.04.1-x86_64-1_rtz upgraded with new package /tmp/kgoldrunner/kgoldrunner-25.04.1-x86_64-1_rtz.tlz.
[32mCleaning environmet: Removing source code, and work-space...[0m
rm: cannot remove 'kgoldrunner-25.04.1.tar.xz': No such file or directory
