[32mStarting build process...[0m
Detected architecture: x86_64
Required dependencies: doxygen	extra-cmake-modules	kcompletion5	kconfig5	ki18n5	kio5
doxygen is already installed!
extra-cmake-modules is already installed!
kcompletion5 is already installed!
kconfig5 is already installed!
ki18n5 is already installed!
kio5 is already installed!
No optional dependencies found.
Downloading source code tar.xz file
--2025-05-21 13:01:19--  https://download.kde.org/stable/frameworks/5.116/knotifyconfig-5.116.0.tar.xz
Resolving download.kde.org (download.kde.org)... 49.12.122.15, 2a01:4f8:242:53eb::4
Connecting to download.kde.org (download.kde.org)|49.12.122.15|:443... connected.
HTTP request sent, awaiting response... 302 Found
Location: https://ftp.cc.uoc.gr/mirrors/kde/stable/frameworks/5.116/knotifyconfig-5.116.0.tar.xz [following]
--2025-05-21 13:01:20--  https://ftp.cc.uoc.gr/mirrors/kde/stable/frameworks/5.116/knotifyconfig-5.116.0.tar.xz
Resolving ftp.cc.uoc.gr (ftp.cc.uoc.gr)... 147.52.159.50, 2001:648:2c00:6c08::2
Connecting to ftp.cc.uoc.gr (ftp.cc.uoc.gr)|147.52.159.50|:443... connected.
HTTP request sent, awaiting response... 200 OK
Length: 2401664 (2.3M) [application/octet-stream]
Saving to: ‘knotifyconfig-5.116.0.tar.xz’

     0K .......... .......... .......... .......... ..........  2% 1.22M 2s
    50K .......... .......... .......... .......... ..........  4% 1.39M 2s
   100K .......... .......... .......... .......... ..........  6% 5.22M 1s
   150K .......... .......... .......... .......... ..........  8% 2.33M 1s
   200K .......... .......... .......... .......... .......... 10% 3.47M 1s
   250K .......... .......... .......... .......... .......... 12% 7.31M 1s
   300K .......... .......... .......... .......... .......... 14% 5.18M 1s
   350K .......... .......... .......... .......... .......... 17%  519K 1s
   400K .......... .......... .......... .......... .......... 19%  315M 1s
   450K .......... .......... .......... .......... .......... 21%  338M 1s
   500K .......... .......... .......... .......... .......... 23%  303M 1s
   550K .......... .......... .......... .......... .......... 25%  334M 1s
   600K .......... .......... .......... .......... .......... 27%  337M 1s
   650K .......... .......... .......... .......... .......... 29%  351M 1s
   700K .......... .......... .......... .......... .......... 31% 28.0M 0s
   750K .......... .......... .......... .......... .......... 34% 20.3M 0s
   800K .......... .......... .......... .......... .......... 36%  349M 0s
   850K .......... .......... .......... .......... .......... 38%  337M 0s
   900K .......... .......... .......... .......... .......... 40% 7.38M 0s
   950K .......... .......... .......... .......... .......... 42% 6.66M 0s
  1000K .......... .......... .......... .......... .......... 44% 5.30M 0s
  1050K .......... .......... .......... .......... .......... 46% 3.54M 0s
  1100K .......... .......... .......... .......... .......... 49% 6.03M 0s
  1150K .......... .......... .......... .......... .......... 51%  897K 0s
  1200K .......... .......... .......... .......... .......... 53%  316M 0s
  1250K .......... .......... .......... .......... .......... 55%  310M 0s
  1300K .......... .......... .......... .......... .......... 57%  323M 0s
  1350K .......... .......... .......... .......... .......... 59%  326M 0s
  1400K .......... .......... .......... .......... .......... 61%  322M 0s
  1450K .......... .......... .......... .......... .......... 63% 7.34M 0s
  1500K .......... .......... .......... .......... .......... 66% 6.88M 0s
  1550K .......... .......... .......... .......... .......... 68% 3.27M 0s
  1600K .......... .......... .......... .......... .......... 70% 4.43M 0s
  1650K .......... .......... .......... .......... .......... 72% 6.74M 0s
  1700K .......... .......... .......... .......... .......... 74% 5.15M 0s
  1750K .......... .......... .......... .......... .......... 76% 4.77M 0s
  1800K .......... .......... .......... .......... .......... 78% 5.38M 0s
  1850K .......... .......... .......... .......... .......... 81% 4.82M 0s
  1900K .......... .......... .......... .......... .......... 83% 6.34M 0s
  1950K .......... .......... .......... .......... .......... 85% 3.25M 0s
  2000K .......... .......... .......... .......... .......... 87% 6.76M 0s
  2050K .......... .......... .......... .......... .......... 89% 4.88M 0s
  2100K .......... .......... .......... .......... .......... 91% 6.76M 0s
  2150K .......... .......... .......... .......... .......... 93% 4.75M 0s
  2200K .......... .......... .......... .......... .......... 95% 5.01M 0s
  2250K .......... .......... .......... .......... .......... 98% 4.87M 0s
  2300K .......... .......... .......... .......... .....     100% 6.36M=0.5s

2025-05-21 13:01:21 (4.50 MB/s) - ‘knotifyconfig-5.116.0.tar.xz’ saved [2401664/2401664]

Found file: knotifyconfig-5.116.0.tar.xz
No checksum provided. Skipping checksum verification and proceeding...
Creating working directories and exporting source code in...
knotifyconfig-5.116.0/
knotifyconfig-5.116.0/README.md
knotifyconfig-5.116.0/LICENSES/
knotifyconfig-5.116.0/LICENSES/LGPL-2.0-only.txt
knotifyconfig-5.116.0/LICENSES/CC0-1.0.txt
knotifyconfig-5.116.0/KF5NotifyConfigConfig.cmake.in
knotifyconfig-5.116.0/.gitlab-ci.yml
knotifyconfig-5.116.0/tests/
knotifyconfig-5.116.0/tests/knotifytestview.ui
knotifyconfig-5.116.0/tests/knotifytestui.rc
knotifyconfig-5.116.0/tests/knotifytestwindow.h
knotifyconfig-5.116.0/tests/knotifytest.notifyrc
knotifyconfig-5.116.0/tests/knotifytestwindow.cpp
knotifyconfig-5.116.0/tests/main.cpp
knotifyconfig-5.116.0/tests/CMakeLists.txt
knotifyconfig-5.116.0/.git-blame-ignore-revs
knotifyconfig-5.116.0/.kde-ci.yml
knotifyconfig-5.116.0/po/
knotifyconfig-5.116.0/po/or/
knotifyconfig-5.116.0/po/or/knotifyconfig5.po
knotifyconfig-5.116.0/po/fa/
knotifyconfig-5.116.0/po/fa/knotifyconfig5.po
knotifyconfig-5.116.0/po/bg/
knotifyconfig-5.116.0/po/bg/knotifyconfig5.po
knotifyconfig-5.116.0/po/pt/
knotifyconfig-5.116.0/po/pt/knotifyconfig5.po
knotifyconfig-5.116.0/po/km/
knotifyconfig-5.116.0/po/km/knotifyconfig5.po
knotifyconfig-5.116.0/po/nn/
knotifyconfig-5.116.0/po/nn/knotifyconfig5.po
knotifyconfig-5.116.0/po/pl/
knotifyconfig-5.116.0/po/pl/knotifyconfig5.po
knotifyconfig-5.116.0/po/vi/
knotifyconfig-5.116.0/po/vi/knotifyconfig5.po
knotifyconfig-5.116.0/po/csb/
knotifyconfig-5.116.0/po/csb/knotifyconfig5.po
knotifyconfig-5.116.0/po/ja/
knotifyconfig-5.116.0/po/ja/knotifyconfig5.po
knotifyconfig-5.116.0/po/pa/
knotifyconfig-5.116.0/po/pa/knotifyconfig5.po
knotifyconfig-5.116.0/po/bs/
knotifyconfig-5.116.0/po/bs/knotifyconfig5.po
knotifyconfig-5.116.0/po/zh_CN/
knotifyconfig-5.116.0/po/zh_CN/knotifyconfig5.po
knotifyconfig-5.116.0/po/crh/
knotifyconfig-5.116.0/po/crh/knotifyconfig5.po
knotifyconfig-5.116.0/po/cs/
knotifyconfig-5.116.0/po/cs/knotifyconfig5.po
knotifyconfig-5.116.0/po/es/
knotifyconfig-5.116.0/po/es/knotifyconfig5.po
knotifyconfig-5.116.0/po/tt/
knotifyconfig-5.116.0/po/tt/knotifyconfig5.po
knotifyconfig-5.116.0/po/gd/
knotifyconfig-5.116.0/po/gd/knotifyconfig5.po
knotifyconfig-5.116.0/po/ka/
knotifyconfig-5.116.0/po/ka/knotifyconfig5.po
knotifyconfig-5.116.0/po/is/
knotifyconfig-5.116.0/po/is/knotifyconfig5.po
knotifyconfig-5.116.0/po/hsb/
knotifyconfig-5.116.0/po/hsb/knotifyconfig5.po
knotifyconfig-5.116.0/po/tr/
knotifyconfig-5.116.0/po/tr/knotifyconfig5.po
knotifyconfig-5.116.0/po/ug/
knotifyconfig-5.116.0/po/ug/knotifyconfig5.po
knotifyconfig-5.116.0/po/ca/
knotifyconfig-5.116.0/po/ca/knotifyconfig5.po
knotifyconfig-5.116.0/po/ha/
knotifyconfig-5.116.0/po/ha/knotifyconfig5.po
knotifyconfig-5.116.0/po/se/
knotifyconfig-5.116.0/po/se/knotifyconfig5.po
knotifyconfig-5.116.0/po/ca@valencia/
knotifyconfig-5.116.0/po/ca@valencia/knotifyconfig5.po
knotifyconfig-5.116.0/po/fy/
knotifyconfig-5.116.0/po/fy/knotifyconfig5.po
knotifyconfig-5.116.0/po/uz/
knotifyconfig-5.116.0/po/uz/knotifyconfig5.po
knotifyconfig-5.116.0/po/hr/
knotifyconfig-5.116.0/po/hr/knotifyconfig5.po
knotifyconfig-5.116.0/po/gl/
knotifyconfig-5.116.0/po/gl/knotifyconfig5.po
knotifyconfig-5.116.0/po/ro/
knotifyconfig-5.116.0/po/ro/knotifyconfig5.po
knotifyconfig-5.116.0/po/bn_IN/
knotifyconfig-5.116.0/po/bn_IN/knotifyconfig5.po
knotifyconfig-5.116.0/po/oc/
knotifyconfig-5.116.0/po/oc/knotifyconfig5.po
knotifyconfig-5.116.0/po/br/
knotifyconfig-5.116.0/po/br/knotifyconfig5.po
knotifyconfig-5.116.0/po/eo/
knotifyconfig-5.116.0/po/eo/knotifyconfig5.po
knotifyconfig-5.116.0/po/sr@ijekavian/
knotifyconfig-5.116.0/po/sr@ijekavian/knotifyconfig5.po
knotifyconfig-5.116.0/po/zh_HK/
knotifyconfig-5.116.0/po/zh_HK/knotifyconfig5.po
knotifyconfig-5.116.0/po/ku/
knotifyconfig-5.116.0/po/ku/knotifyconfig5.po
knotifyconfig-5.116.0/po/nl/
knotifyconfig-5.116.0/po/nl/knotifyconfig5.po
knotifyconfig-5.116.0/po/mr/
knotifyconfig-5.116.0/po/mr/knotifyconfig5.po
knotifyconfig-5.116.0/po/af/
knotifyconfig-5.116.0/po/af/knotifyconfig5.po
knotifyconfig-5.116.0/po/ml/
knotifyconfig-5.116.0/po/ml/knotifyconfig5.po
knotifyconfig-5.116.0/po/hu/
knotifyconfig-5.116.0/po/hu/knotifyconfig5.po
knotifyconfig-5.116.0/po/eu/
knotifyconfig-5.116.0/po/eu/knotifyconfig5.po
knotifyconfig-5.116.0/po/lv/
knotifyconfig-5.116.0/po/lv/knotifyconfig5.po
knotifyconfig-5.116.0/po/uz@cyrillic/
knotifyconfig-5.116.0/po/uz@cyrillic/knotifyconfig5.po
knotifyconfig-5.116.0/po/mk/
knotifyconfig-5.116.0/po/mk/knotifyconfig5.po
knotifyconfig-5.116.0/po/nb/
knotifyconfig-5.116.0/po/nb/knotifyconfig5.po
knotifyconfig-5.116.0/po/fr/
knotifyconfig-5.116.0/po/fr/knotifyconfig5.po
knotifyconfig-5.116.0/po/hi/
knotifyconfig-5.116.0/po/hi/knotifyconfig5.po
knotifyconfig-5.116.0/po/sl/
knotifyconfig-5.116.0/po/sl/knotifyconfig5.po
knotifyconfig-5.116.0/po/sr@latin/
knotifyconfig-5.116.0/po/sr@latin/knotifyconfig5.po
knotifyconfig-5.116.0/po/bn/
knotifyconfig-5.116.0/po/bn/knotifyconfig5.po
knotifyconfig-5.116.0/po/lb/
knotifyconfig-5.116.0/po/lb/knotifyconfig5.po
knotifyconfig-5.116.0/po/th/
knotifyconfig-5.116.0/po/th/knotifyconfig5.po
knotifyconfig-5.116.0/po/wa/
knotifyconfig-5.116.0/po/wa/knotifyconfig5.po
knotifyconfig-5.116.0/po/hy/
knotifyconfig-5.116.0/po/hy/knotifyconfig5.po
knotifyconfig-5.116.0/po/ta/
knotifyconfig-5.116.0/po/ta/knotifyconfig5.po
knotifyconfig-5.116.0/po/sr/
knotifyconfig-5.116.0/po/sr/knotifyconfig5.po
knotifyconfig-5.116.0/po/he/
knotifyconfig-5.116.0/po/he/knotifyconfig5.po
knotifyconfig-5.116.0/po/de/
knotifyconfig-5.116.0/po/de/knotifyconfig5.po
knotifyconfig-5.116.0/po/ps/
knotifyconfig-5.116.0/po/ps/knotifyconfig5.po
knotifyconfig-5.116.0/po/ar/
knotifyconfig-5.116.0/po/ar/knotifyconfig5.po
knotifyconfig-5.116.0/po/sk/
knotifyconfig-5.116.0/po/sk/knotifyconfig5.po
knotifyconfig-5.116.0/po/zh_TW/
knotifyconfig-5.116.0/po/zh_TW/knotifyconfig5.po
knotifyconfig-5.116.0/po/gu/
knotifyconfig-5.116.0/po/gu/knotifyconfig5.po
knotifyconfig-5.116.0/po/be@latin/
knotifyconfig-5.116.0/po/be@latin/knotifyconfig5.po
knotifyconfig-5.116.0/po/et/
knotifyconfig-5.116.0/po/et/knotifyconfig5.po
knotifyconfig-5.116.0/po/it/
knotifyconfig-5.116.0/po/it/knotifyconfig5.po
knotifyconfig-5.116.0/po/mai/
knotifyconfig-5.116.0/po/mai/knotifyconfig5.po
knotifyconfig-5.116.0/po/el/
knotifyconfig-5.116.0/po/el/knotifyconfig5.po
knotifyconfig-5.116.0/po/as/
knotifyconfig-5.116.0/po/as/knotifyconfig5.po
knotifyconfig-5.116.0/po/da/
knotifyconfig-5.116.0/po/da/knotifyconfig5.po
knotifyconfig-5.116.0/po/xh/
knotifyconfig-5.116.0/po/xh/knotifyconfig5.po
knotifyconfig-5.116.0/po/pt_BR/
knotifyconfig-5.116.0/po/pt_BR/knotifyconfig5.po
knotifyconfig-5.116.0/po/ru/
knotifyconfig-5.116.0/po/ru/knotifyconfig5.po
knotifyconfig-5.116.0/po/sq/
knotifyconfig-5.116.0/po/sq/knotifyconfig5.po
knotifyconfig-5.116.0/po/id/
knotifyconfig-5.116.0/po/id/knotifyconfig5.po
knotifyconfig-5.116.0/po/ia/
knotifyconfig-5.116.0/po/ia/knotifyconfig5.po
knotifyconfig-5.116.0/po/cy/
knotifyconfig-5.116.0/po/cy/knotifyconfig5.po
knotifyconfig-5.116.0/po/sv/
knotifyconfig-5.116.0/po/sv/knotifyconfig5.po
knotifyconfig-5.116.0/po/ne/
knotifyconfig-5.116.0/po/ne/knotifyconfig5.po
knotifyconfig-5.116.0/po/si/
knotifyconfig-5.116.0/po/si/knotifyconfig5.po
knotifyconfig-5.116.0/po/ms/
knotifyconfig-5.116.0/po/ms/knotifyconfig5.po
knotifyconfig-5.116.0/po/fi/
knotifyconfig-5.116.0/po/fi/knotifyconfig5.po
knotifyconfig-5.116.0/po/kk/
knotifyconfig-5.116.0/po/kk/knotifyconfig5.po
knotifyconfig-5.116.0/po/lt/
knotifyconfig-5.116.0/po/lt/knotifyconfig5.po
knotifyconfig-5.116.0/po/be/
knotifyconfig-5.116.0/po/be/knotifyconfig5.po
knotifyconfig-5.116.0/po/tg/
knotifyconfig-5.116.0/po/tg/knotifyconfig5.po
knotifyconfig-5.116.0/po/te/
knotifyconfig-5.116.0/po/te/knotifyconfig5.po
knotifyconfig-5.116.0/po/ko/
knotifyconfig-5.116.0/po/ko/knotifyconfig5.po
knotifyconfig-5.116.0/po/hne/
knotifyconfig-5.116.0/po/hne/knotifyconfig5.po
knotifyconfig-5.116.0/po/ga/
knotifyconfig-5.116.0/po/ga/knotifyconfig5.po
knotifyconfig-5.116.0/po/en_GB/
knotifyconfig-5.116.0/po/en_GB/knotifyconfig5.po
knotifyconfig-5.116.0/po/uk/
knotifyconfig-5.116.0/po/uk/knotifyconfig5.po
knotifyconfig-5.116.0/po/sr@ijekavianlatin/
knotifyconfig-5.116.0/po/sr@ijekavianlatin/knotifyconfig5.po
knotifyconfig-5.116.0/po/nds/
knotifyconfig-5.116.0/po/nds/knotifyconfig5.po
knotifyconfig-5.116.0/po/kn/
knotifyconfig-5.116.0/po/kn/knotifyconfig5.po
knotifyconfig-5.116.0/po/az/
knotifyconfig-5.116.0/po/az/knotifyconfig5.po
knotifyconfig-5.116.0/CMakeLists.txt
knotifyconfig-5.116.0/src/
knotifyconfig-5.116.0/src/knotifyeventlist.h
knotifyconfig-5.116.0/src/knotifyconfigwidget.cpp
knotifyconfig-5.116.0/src/knotifyconfigelement.cpp
knotifyconfig-5.116.0/src/knotifyeventlist.cpp
knotifyconfig-5.116.0/src/Messages.sh
knotifyconfig-5.116.0/src/knotifyconfigwidget.h
knotifyconfig-5.116.0/src/knotifyconfigelement.h
knotifyconfig-5.116.0/src/knotify-config.h.cmake
knotifyconfig-5.116.0/src/knotifyconfigactionswidgetbase.ui
knotifyconfig-5.116.0/src/knotifyconfigactionswidget.cpp
knotifyconfig-5.116.0/src/CMakeLists.txt
knotifyconfig-5.116.0/src/knotifyconfigactionswidget.h
knotifyconfig-5.116.0/.gitignore
knotifyconfig-5.116.0/metainfo.yaml
/home/omen/GITHUB/Athos/AthOS/REPO-AthOS/knotifyconfig5/work
README or README.md already exists, skipping creation.
hm...lets continue and see what happens
-- The C compiler identification is GNU 14.2.0
-- The CXX compiler identification is GNU 14.2.0
-- Detecting C compiler ABI info
-- Detecting C compiler ABI info - done
-- Check for working C compiler: /usr/bin/cc - skipped
-- Detecting C compile features
-- Detecting C compile features - done
-- Detecting CXX compiler ABI info
-- Detecting CXX compiler ABI info - done
-- Check for working CXX compiler: /usr/bin/c++ - skipped
-- Detecting CXX compile features
-- Detecting CXX compile features - done
-- 

-- Installing in the same prefix as Qt, adopting their path scheme.
-- Looking for __GLIBC__
-- Looking for __GLIBC__ - found
-- Performing Test _OFFT_IS_64BIT
-- Performing Test _OFFT_IS_64BIT - Success
-- Performing Test HAVE_DATE_TIME
-- Performing Test HAVE_DATE_TIME - Success
-- Performing Test BSYMBOLICFUNCTIONS_AVAILABLE
-- Performing Test BSYMBOLICFUNCTIONS_AVAILABLE - Success
-- Found Gettext: /usr/bin/msgmerge (found version "0.25")
-- Found X11: /usr/include
-- Looking for XOpenDisplay in /usr/lib64/libX11.so;/usr/lib64/libXext.so
-- Looking for XOpenDisplay in /usr/lib64/libX11.so;/usr/lib64/libXext.so - found
-- Looking for gethostbyname
-- Looking for gethostbyname - found
-- Looking for connect
-- Looking for connect - found
-- Looking for remove
-- Looking for remove - found
-- Looking for shmat
-- Looking for shmat - found
-- Looking for IceConnectionNumber in ICE
-- Looking for IceConnectionNumber in ICE - found
-- Found Canberra: /usr/lib64/libcanberra.so (found version "0.30")
-- Performing Test COMPILER_HAS_HIDDEN_VISIBILITY
-- Performing Test COMPILER_HAS_HIDDEN_VISIBILITY - Success
-- Performing Test COMPILER_HAS_HIDDEN_INLINE_VISIBILITY
-- Performing Test COMPILER_HAS_HIDDEN_INLINE_VISIBILITY - Success
-- Performing Test COMPILER_HAS_DEPRECATED_ATTR
-- Performing Test COMPILER_HAS_DEPRECATED_ATTR - Success
-- Found Doxygen: /usr/bin/doxygen (found suitable version "1.13.2", minimum required is "1.8.13") found components: doxygen dot
-- Found QHelpGenerator executable: /usr/lib64/qt5/bin/qhelpgenerator
-- No such target Qt5Widgets_QCH defined when calling ecm_add_qch(), ignored.


Configuration file '/home/omen/GITHUB/Athos/AthOS/REPO-AthOS/knotifyconfig5/work/knotifyconfig-5.116.0/build/src/KF5NotifyConfig_ECMQchDoxygen.config' updated.

-- The following features have been enabled:

 * QCH, API documentation in QCH format (for e.g. Qt Assistant, Qt Creator & KDevelop)

-- The following OPTIONAL packages have been found:

 * Qt5TextToSpeech (required version >= 5.15.2)
 * Canberra, Event sound library, <https://0pointer.de/lennart/projects/libcanberra>
   Needed to preview notification sounds

-- The following REQUIRED packages have been found:

 * ECM (required version >= 5.116.0), Extra CMake Modules., <https://commits.kde.org/extra-cmake-modules>
 * Qt5 (required version >= 5.15.2)
 * Qt5Widgets (required version >= 5.15.2)
 * Qt5DBus (required version >= 5.15.2)
 * Gettext
 * KF5I18n (required version >= 5.116.0)
 * KF5Config (required version >= 5.116.0)
 * KF5Completion (required version >= 5.116.0)
 * Qt5Gui (required version >= 5.15.2)
 * KF5KIO (required version >= 5.116.0)
 * Doxygen (required version >= 1.8.13)
   Needed for API dox QCH file generation
 * QHelpGenerator, Part of Qt5 tools
   Needed for API dox QCH file generation
 * Qt5Core
 * Qt5Test (required version >= 5.15.2)
   Required for tests
 * KF5ConfigWidgets (required version >= 5.116.0)
   Required for tests
 * KF5Notifications (required version >= 5.116.0)
   Required for tests
 * KF5WidgetsAddons (required version >= 5.116.0)
   Required for tests
 * KF5XmlGui (required version >= 5.116.0)
   Required for tests

-- Configuring done (1.4s)
-- Generating done (0.0s)
CMake Warning:
  Manually-specified variables were not used by the project:

    CMAKE_INSTALL_DOCDIR


-- Build files have been written to: /home/omen/GITHUB/Athos/AthOS/REPO-AthOS/knotifyconfig5/work/knotifyconfig-5.116.0/build
[1/19] Generating ts...
[2/19] Generating src/KF5NotifyConfig.qch, src/KF5NotifyConfig.tags
QStandardPaths: XDG_RUNTIME_DIR not set, defaulting to '/tmp/runtime-root'
Building up file structure...
Insert custom filters...
Insert help data for filter section (1 of 1)...
Insert files...
Insert contents...
Insert indices...
Documentation successfully generated.
[3/19] Automatic MOC for target KF5NotifyConfig
[4/19] Generating mo...
[5/19] Generating ui_knotifyconfigactionswidgetbase.h
[6/19] Building CXX object src/CMakeFiles/KF5NotifyConfig.dir/KF5NotifyConfig_autogen/mocs_compilation.cpp.o
[7/19] Building CXX object src/CMakeFiles/KF5NotifyConfig.dir/knotifyconfig_debug.cpp.o
[8/19] Building CXX object src/CMakeFiles/KF5NotifyConfig.dir/knotifyconfigelement.cpp.o
[9/19] Building CXX object src/CMakeFiles/KF5NotifyConfig.dir/knotifyconfigwidget.cpp.o
[10/19] Building CXX object src/CMakeFiles/KF5NotifyConfig.dir/knotifyeventlist.cpp.o
[11/19] Building CXX object src/CMakeFiles/KF5NotifyConfig.dir/knotifyconfigactionswidget.cpp.o
[12/19] Linking CXX shared library bin/libKF5NotifyConfig.so.5.116.0
[13/19] Creating library symlink bin/libKF5NotifyConfig.so.5 bin/libKF5NotifyConfig.so
[14/19] Automatic MOC for target knotifytest
[15/19] Generating ui_knotifytestview.h
[16/19] Building CXX object tests/CMakeFiles/knotifytest.dir/knotifytest_autogen/mocs_compilation.cpp.o
[17/19] Building CXX object tests/CMakeFiles/knotifytest.dir/main.cpp.o
[18/19] Building CXX object tests/CMakeFiles/knotifytest.dir/knotifytestwindow.cpp.o
[19/19] Linking CXX executable bin/knotifytest
-- Install configuration: "RelWithDebInfo"
-- Installing: /home/omen/GITHUB/Athos/AthOS/REPO-AthOS/knotifyconfig5/package-knotifyconfig5/usr/share/locale
-- Installing: /home/omen/GITHUB/Athos/AthOS/REPO-AthOS/knotifyconfig5/package-knotifyconfig5/usr/share/locale/da
-- Installing: /home/omen/GITHUB/Athos/AthOS/REPO-AthOS/knotifyconfig5/package-knotifyconfig5/usr/share/locale/da/LC_MESSAGES
-- Installing: /home/omen/GITHUB/Athos/AthOS/REPO-AthOS/knotifyconfig5/package-knotifyconfig5/usr/share/locale/da/LC_MESSAGES/knotifyconfig5.mo
-- Installing: /home/omen/GITHUB/Athos/AthOS/REPO-AthOS/knotifyconfig5/package-knotifyconfig5/usr/share/locale/ms
-- Installing: /home/omen/GITHUB/Athos/AthOS/REPO-AthOS/knotifyconfig5/package-knotifyconfig5/usr/share/locale/ms/LC_MESSAGES
-- Installing: /home/omen/GITHUB/Athos/AthOS/REPO-AthOS/knotifyconfig5/package-knotifyconfig5/usr/share/locale/ms/LC_MESSAGES/knotifyconfig5.mo
-- Installing: /home/omen/GITHUB/Athos/AthOS/REPO-AthOS/knotifyconfig5/package-knotifyconfig5/usr/share/locale/cs
-- Installing: /home/omen/GITHUB/Athos/AthOS/REPO-AthOS/knotifyconfig5/package-knotifyconfig5/usr/share/locale/cs/LC_MESSAGES
-- Installing: /home/omen/GITHUB/Athos/AthOS/REPO-AthOS/knotifyconfig5/package-knotifyconfig5/usr/share/locale/cs/LC_MESSAGES/knotifyconfig5.mo
-- Installing: /home/omen/GITHUB/Athos/AthOS/REPO-AthOS/knotifyconfig5/package-knotifyconfig5/usr/share/locale/ja
-- Installing: /home/omen/GITHUB/Athos/AthOS/REPO-AthOS/knotifyconfig5/package-knotifyconfig5/usr/share/locale/ja/LC_MESSAGES
-- Installing: /home/omen/GITHUB/Athos/AthOS/REPO-AthOS/knotifyconfig5/package-knotifyconfig5/usr/share/locale/ja/LC_MESSAGES/knotifyconfig5.mo
-- Installing: /home/omen/GITHUB/Athos/AthOS/REPO-AthOS/knotifyconfig5/package-knotifyconfig5/usr/share/locale/sr@ijekavian
-- Installing: /home/omen/GITHUB/Athos/AthOS/REPO-AthOS/knotifyconfig5/package-knotifyconfig5/usr/share/locale/sr@ijekavian/LC_MESSAGES
-- Installing: /home/omen/GITHUB/Athos/AthOS/REPO-AthOS/knotifyconfig5/package-knotifyconfig5/usr/share/locale/sr@ijekavian/LC_MESSAGES/knotifyconfig5.mo
-- Installing: /home/omen/GITHUB/Athos/AthOS/REPO-AthOS/knotifyconfig5/package-knotifyconfig5/usr/share/locale/de
-- Installing: /home/omen/GITHUB/Athos/AthOS/REPO-AthOS/knotifyconfig5/package-knotifyconfig5/usr/share/locale/de/LC_MESSAGES
-- Installing: /home/omen/GITHUB/Athos/AthOS/REPO-AthOS/knotifyconfig5/package-knotifyconfig5/usr/share/locale/de/LC_MESSAGES/knotifyconfig5.mo
-- Installing: /home/omen/GITHUB/Athos/AthOS/REPO-AthOS/knotifyconfig5/package-knotifyconfig5/usr/share/locale/el
-- Installing: /home/omen/GITHUB/Athos/AthOS/REPO-AthOS/knotifyconfig5/package-knotifyconfig5/usr/share/locale/el/LC_MESSAGES
-- Installing: /home/omen/GITHUB/Athos/AthOS/REPO-AthOS/knotifyconfig5/package-knotifyconfig5/usr/share/locale/el/LC_MESSAGES/knotifyconfig5.mo
-- Installing: /home/omen/GITHUB/Athos/AthOS/REPO-AthOS/knotifyconfig5/package-knotifyconfig5/usr/share/locale/nn
-- Installing: /home/omen/GITHUB/Athos/AthOS/REPO-AthOS/knotifyconfig5/package-knotifyconfig5/usr/share/locale/nn/LC_MESSAGES
-- Installing: /home/omen/GITHUB/Athos/AthOS/REPO-AthOS/knotifyconfig5/package-knotifyconfig5/usr/share/locale/nn/LC_MESSAGES/knotifyconfig5.mo
-- Installing: /home/omen/GITHUB/Athos/AthOS/REPO-AthOS/knotifyconfig5/package-knotifyconfig5/usr/share/locale/sr
-- Installing: /home/omen/GITHUB/Athos/AthOS/REPO-AthOS/knotifyconfig5/package-knotifyconfig5/usr/share/locale/sr/LC_MESSAGES
-- Installing: /home/omen/GITHUB/Athos/AthOS/REPO-AthOS/knotifyconfig5/package-knotifyconfig5/usr/share/locale/sr/LC_MESSAGES/knotifyconfig5.mo
-- Installing: /home/omen/GITHUB/Athos/AthOS/REPO-AthOS/knotifyconfig5/package-knotifyconfig5/usr/share/locale/or
-- Installing: /home/omen/GITHUB/Athos/AthOS/REPO-AthOS/knotifyconfig5/package-knotifyconfig5/usr/share/locale/or/LC_MESSAGES
-- Installing: /home/omen/GITHUB/Athos/AthOS/REPO-AthOS/knotifyconfig5/package-knotifyconfig5/usr/share/locale/or/LC_MESSAGES/knotifyconfig5.mo
-- Installing: /home/omen/GITHUB/Athos/AthOS/REPO-AthOS/knotifyconfig5/package-knotifyconfig5/usr/share/locale/zh_HK
-- Installing: /home/omen/GITHUB/Athos/AthOS/REPO-AthOS/knotifyconfig5/package-knotifyconfig5/usr/share/locale/zh_HK/LC_MESSAGES
-- Installing: /home/omen/GITHUB/Athos/AthOS/REPO-AthOS/knotifyconfig5/package-knotifyconfig5/usr/share/locale/zh_HK/LC_MESSAGES/knotifyconfig5.mo
-- Installing: /home/omen/GITHUB/Athos/AthOS/REPO-AthOS/knotifyconfig5/package-knotifyconfig5/usr/share/locale/fy
-- Installing: /home/omen/GITHUB/Athos/AthOS/REPO-AthOS/knotifyconfig5/package-knotifyconfig5/usr/share/locale/fy/LC_MESSAGES
-- Installing: /home/omen/GITHUB/Athos/AthOS/REPO-AthOS/knotifyconfig5/package-knotifyconfig5/usr/share/locale/fy/LC_MESSAGES/knotifyconfig5.mo
-- Installing: /home/omen/GITHUB/Athos/AthOS/REPO-AthOS/knotifyconfig5/package-knotifyconfig5/usr/share/locale/hi
-- Installing: /home/omen/GITHUB/Athos/AthOS/REPO-AthOS/knotifyconfig5/package-knotifyconfig5/usr/share/locale/hi/LC_MESSAGES
-- Installing: /home/omen/GITHUB/Athos/AthOS/REPO-AthOS/knotifyconfig5/package-knotifyconfig5/usr/share/locale/hi/LC_MESSAGES/knotifyconfig5.mo
-- Installing: /home/omen/GITHUB/Athos/AthOS/REPO-AthOS/knotifyconfig5/package-knotifyconfig5/usr/share/locale/pt_BR
-- Installing: /home/omen/GITHUB/Athos/AthOS/REPO-AthOS/knotifyconfig5/package-knotifyconfig5/usr/share/locale/pt_BR/LC_MESSAGES
-- Installing: /home/omen/GITHUB/Athos/AthOS/REPO-AthOS/knotifyconfig5/package-knotifyconfig5/usr/share/locale/pt_BR/LC_MESSAGES/knotifyconfig5.mo
-- Installing: /home/omen/GITHUB/Athos/AthOS/REPO-AthOS/knotifyconfig5/package-knotifyconfig5/usr/share/locale/lt
-- Installing: /home/omen/GITHUB/Athos/AthOS/REPO-AthOS/knotifyconfig5/package-knotifyconfig5/usr/share/locale/lt/LC_MESSAGES
-- Installing: /home/omen/GITHUB/Athos/AthOS/REPO-AthOS/knotifyconfig5/package-knotifyconfig5/usr/share/locale/lt/LC_MESSAGES/knotifyconfig5.mo
-- Installing: /home/omen/GITHUB/Athos/AthOS/REPO-AthOS/knotifyconfig5/package-knotifyconfig5/usr/share/locale/sr@ijekavianlatin
-- Installing: /home/omen/GITHUB/Athos/AthOS/REPO-AthOS/knotifyconfig5/package-knotifyconfig5/usr/share/locale/sr@ijekavianlatin/LC_MESSAGES
-- Installing: /home/omen/GITHUB/Athos/AthOS/REPO-AthOS/knotifyconfig5/package-knotifyconfig5/usr/share/locale/sr@ijekavianlatin/LC_MESSAGES/knotifyconfig5.mo
-- Installing: /home/omen/GITHUB/Athos/AthOS/REPO-AthOS/knotifyconfig5/package-knotifyconfig5/usr/share/locale/be
-- Installing: /home/omen/GITHUB/Athos/AthOS/REPO-AthOS/knotifyconfig5/package-knotifyconfig5/usr/share/locale/be/LC_MESSAGES
-- Installing: /home/omen/GITHUB/Athos/AthOS/REPO-AthOS/knotifyconfig5/package-knotifyconfig5/usr/share/locale/be/LC_MESSAGES/knotifyconfig5.mo
-- Installing: /home/omen/GITHUB/Athos/AthOS/REPO-AthOS/knotifyconfig5/package-knotifyconfig5/usr/share/locale/pa
-- Installing: /home/omen/GITHUB/Athos/AthOS/REPO-AthOS/knotifyconfig5/package-knotifyconfig5/usr/share/locale/pa/LC_MESSAGES
-- Installing: /home/omen/GITHUB/Athos/AthOS/REPO-AthOS/knotifyconfig5/package-knotifyconfig5/usr/share/locale/pa/LC_MESSAGES/knotifyconfig5.mo
-- Installing: /home/omen/GITHUB/Athos/AthOS/REPO-AthOS/knotifyconfig5/package-knotifyconfig5/usr/share/locale/tt
-- Installing: /home/omen/GITHUB/Athos/AthOS/REPO-AthOS/knotifyconfig5/package-knotifyconfig5/usr/share/locale/tt/LC_MESSAGES
-- Installing: /home/omen/GITHUB/Athos/AthOS/REPO-AthOS/knotifyconfig5/package-knotifyconfig5/usr/share/locale/tt/LC_MESSAGES/knotifyconfig5.mo
-- Installing: /home/omen/GITHUB/Athos/AthOS/REPO-AthOS/knotifyconfig5/package-knotifyconfig5/usr/share/locale/sl
-- Installing: /home/omen/GITHUB/Athos/AthOS/REPO-AthOS/knotifyconfig5/package-knotifyconfig5/usr/share/locale/sl/LC_MESSAGES
-- Installing: /home/omen/GITHUB/Athos/AthOS/REPO-AthOS/knotifyconfig5/package-knotifyconfig5/usr/share/locale/sl/LC_MESSAGES/knotifyconfig5.mo
-- Installing: /home/omen/GITHUB/Athos/AthOS/REPO-AthOS/knotifyconfig5/package-knotifyconfig5/usr/share/locale/ps
-- Installing: /home/omen/GITHUB/Athos/AthOS/REPO-AthOS/knotifyconfig5/package-knotifyconfig5/usr/share/locale/ps/LC_MESSAGES
-- Installing: /home/omen/GITHUB/Athos/AthOS/REPO-AthOS/knotifyconfig5/package-knotifyconfig5/usr/share/locale/ps/LC_MESSAGES/knotifyconfig5.mo
-- Installing: /home/omen/GITHUB/Athos/AthOS/REPO-AthOS/knotifyconfig5/package-knotifyconfig5/usr/share/locale/ta
-- Installing: /home/omen/GITHUB/Athos/AthOS/REPO-AthOS/knotifyconfig5/package-knotifyconfig5/usr/share/locale/ta/LC_MESSAGES
-- Installing: /home/omen/GITHUB/Athos/AthOS/REPO-AthOS/knotifyconfig5/package-knotifyconfig5/usr/share/locale/ta/LC_MESSAGES/knotifyconfig5.mo
-- Installing: /home/omen/GITHUB/Athos/AthOS/REPO-AthOS/knotifyconfig5/package-knotifyconfig5/usr/share/locale/xh
-- Installing: /home/omen/GITHUB/Athos/AthOS/REPO-AthOS/knotifyconfig5/package-knotifyconfig5/usr/share/locale/xh/LC_MESSAGES
-- Installing: /home/omen/GITHUB/Athos/AthOS/REPO-AthOS/knotifyconfig5/package-knotifyconfig5/usr/share/locale/xh/LC_MESSAGES/knotifyconfig5.mo
-- Installing: /home/omen/GITHUB/Athos/AthOS/REPO-AthOS/knotifyconfig5/package-knotifyconfig5/usr/share/locale/gu
-- Installing: /home/omen/GITHUB/Athos/AthOS/REPO-AthOS/knotifyconfig5/package-knotifyconfig5/usr/share/locale/gu/LC_MESSAGES
-- Installing: /home/omen/GITHUB/Athos/AthOS/REPO-AthOS/knotifyconfig5/package-knotifyconfig5/usr/share/locale/gu/LC_MESSAGES/knotifyconfig5.mo
-- Installing: /home/omen/GITHUB/Athos/AthOS/REPO-AthOS/knotifyconfig5/package-knotifyconfig5/usr/share/locale/ro
-- Installing: /home/omen/GITHUB/Athos/AthOS/REPO-AthOS/knotifyconfig5/package-knotifyconfig5/usr/share/locale/ro/LC_MESSAGES
-- Installing: /home/omen/GITHUB/Athos/AthOS/REPO-AthOS/knotifyconfig5/package-knotifyconfig5/usr/share/locale/ro/LC_MESSAGES/knotifyconfig5.mo
-- Installing: /home/omen/GITHUB/Athos/AthOS/REPO-AthOS/knotifyconfig5/package-knotifyconfig5/usr/share/locale/bs
-- Installing: /home/omen/GITHUB/Athos/AthOS/REPO-AthOS/knotifyconfig5/package-knotifyconfig5/usr/share/locale/bs/LC_MESSAGES
-- Installing: /home/omen/GITHUB/Athos/AthOS/REPO-AthOS/knotifyconfig5/package-knotifyconfig5/usr/share/locale/bs/LC_MESSAGES/knotifyconfig5.mo
-- Installing: /home/omen/GITHUB/Athos/AthOS/REPO-AthOS/knotifyconfig5/package-knotifyconfig5/usr/share/locale/is
-- Installing: /home/omen/GITHUB/Athos/AthOS/REPO-AthOS/knotifyconfig5/package-knotifyconfig5/usr/share/locale/is/LC_MESSAGES
-- Installing: /home/omen/GITHUB/Athos/AthOS/REPO-AthOS/knotifyconfig5/package-knotifyconfig5/usr/share/locale/is/LC_MESSAGES/knotifyconfig5.mo
-- Installing: /home/omen/GITHUB/Athos/AthOS/REPO-AthOS/knotifyconfig5/package-knotifyconfig5/usr/share/locale/wa
-- Installing: /home/omen/GITHUB/Athos/AthOS/REPO-AthOS/knotifyconfig5/package-knotifyconfig5/usr/share/locale/wa/LC_MESSAGES
-- Installing: /home/omen/GITHUB/Athos/AthOS/REPO-AthOS/knotifyconfig5/package-knotifyconfig5/usr/share/locale/wa/LC_MESSAGES/knotifyconfig5.mo
-- Installing: /home/omen/GITHUB/Athos/AthOS/REPO-AthOS/knotifyconfig5/package-knotifyconfig5/usr/share/locale/kk
-- Installing: /home/omen/GITHUB/Athos/AthOS/REPO-AthOS/knotifyconfig5/package-knotifyconfig5/usr/share/locale/kk/LC_MESSAGES
-- Installing: /home/omen/GITHUB/Athos/AthOS/REPO-AthOS/knotifyconfig5/package-knotifyconfig5/usr/share/locale/kk/LC_MESSAGES/knotifyconfig5.mo
-- Installing: /home/omen/GITHUB/Athos/AthOS/REPO-AthOS/knotifyconfig5/package-knotifyconfig5/usr/share/locale/sr@latin
-- Installing: /home/omen/GITHUB/Athos/AthOS/REPO-AthOS/knotifyconfig5/package-knotifyconfig5/usr/share/locale/sr@latin/LC_MESSAGES
-- Installing: /home/omen/GITHUB/Athos/AthOS/REPO-AthOS/knotifyconfig5/package-knotifyconfig5/usr/share/locale/sr@latin/LC_MESSAGES/knotifyconfig5.mo
-- Installing: /home/omen/GITHUB/Athos/AthOS/REPO-AthOS/knotifyconfig5/package-knotifyconfig5/usr/share/locale/as
-- Installing: /home/omen/GITHUB/Athos/AthOS/REPO-AthOS/knotifyconfig5/package-knotifyconfig5/usr/share/locale/as/LC_MESSAGES
-- Installing: /home/omen/GITHUB/Athos/AthOS/REPO-AthOS/knotifyconfig5/package-knotifyconfig5/usr/share/locale/as/LC_MESSAGES/knotifyconfig5.mo
-- Installing: /home/omen/GITHUB/Athos/AthOS/REPO-AthOS/knotifyconfig5/package-knotifyconfig5/usr/share/locale/he
-- Installing: /home/omen/GITHUB/Athos/AthOS/REPO-AthOS/knotifyconfig5/package-knotifyconfig5/usr/share/locale/he/LC_MESSAGES
-- Installing: /home/omen/GITHUB/Athos/AthOS/REPO-AthOS/knotifyconfig5/package-knotifyconfig5/usr/share/locale/he/LC_MESSAGES/knotifyconfig5.mo
-- Installing: /home/omen/GITHUB/Athos/AthOS/REPO-AthOS/knotifyconfig5/package-knotifyconfig5/usr/share/locale/zh_TW
-- Installing: /home/omen/GITHUB/Athos/AthOS/REPO-AthOS/knotifyconfig5/package-knotifyconfig5/usr/share/locale/zh_TW/LC_MESSAGES
-- Installing: /home/omen/GITHUB/Athos/AthOS/REPO-AthOS/knotifyconfig5/package-knotifyconfig5/usr/share/locale/zh_TW/LC_MESSAGES/knotifyconfig5.mo
-- Installing: /home/omen/GITHUB/Athos/AthOS/REPO-AthOS/knotifyconfig5/package-knotifyconfig5/usr/share/locale/tg
-- Installing: /home/omen/GITHUB/Athos/AthOS/REPO-AthOS/knotifyconfig5/package-knotifyconfig5/usr/share/locale/tg/LC_MESSAGES
-- Installing: /home/omen/GITHUB/Athos/AthOS/REPO-AthOS/knotifyconfig5/package-knotifyconfig5/usr/share/locale/tg/LC_MESSAGES/knotifyconfig5.mo
-- Installing: /home/omen/GITHUB/Athos/AthOS/REPO-AthOS/knotifyconfig5/package-knotifyconfig5/usr/share/locale/fa
-- Installing: /home/omen/GITHUB/Athos/AthOS/REPO-AthOS/knotifyconfig5/package-knotifyconfig5/usr/share/locale/fa/LC_MESSAGES
-- Installing: /home/omen/GITHUB/Athos/AthOS/REPO-AthOS/knotifyconfig5/package-knotifyconfig5/usr/share/locale/fa/LC_MESSAGES/knotifyconfig5.mo
-- Installing: /home/omen/GITHUB/Athos/AthOS/REPO-AthOS/knotifyconfig5/package-knotifyconfig5/usr/share/locale/csb
-- Installing: /home/omen/GITHUB/Athos/AthOS/REPO-AthOS/knotifyconfig5/package-knotifyconfig5/usr/share/locale/csb/LC_MESSAGES
-- Installing: /home/omen/GITHUB/Athos/AthOS/REPO-AthOS/knotifyconfig5/package-knotifyconfig5/usr/share/locale/csb/LC_MESSAGES/knotifyconfig5.mo
-- Installing: /home/omen/GITHUB/Athos/AthOS/REPO-AthOS/knotifyconfig5/package-knotifyconfig5/usr/share/locale/pl
-- Installing: /home/omen/GITHUB/Athos/AthOS/REPO-AthOS/knotifyconfig5/package-knotifyconfig5/usr/share/locale/pl/LC_MESSAGES
-- Installing: /home/omen/GITHUB/Athos/AthOS/REPO-AthOS/knotifyconfig5/package-knotifyconfig5/usr/share/locale/pl/LC_MESSAGES/knotifyconfig5.mo
-- Installing: /home/omen/GITHUB/Athos/AthOS/REPO-AthOS/knotifyconfig5/package-knotifyconfig5/usr/share/locale/km
-- Installing: /home/omen/GITHUB/Athos/AthOS/REPO-AthOS/knotifyconfig5/package-knotifyconfig5/usr/share/locale/km/LC_MESSAGES
-- Installing: /home/omen/GITHUB/Athos/AthOS/REPO-AthOS/knotifyconfig5/package-knotifyconfig5/usr/share/locale/km/LC_MESSAGES/knotifyconfig5.mo
-- Installing: /home/omen/GITHUB/Athos/AthOS/REPO-AthOS/knotifyconfig5/package-knotifyconfig5/usr/share/locale/pt
-- Installing: /home/omen/GITHUB/Athos/AthOS/REPO-AthOS/knotifyconfig5/package-knotifyconfig5/usr/share/locale/pt/LC_MESSAGES
-- Installing: /home/omen/GITHUB/Athos/AthOS/REPO-AthOS/knotifyconfig5/package-knotifyconfig5/usr/share/locale/pt/LC_MESSAGES/knotifyconfig5.mo
-- Installing: /home/omen/GITHUB/Athos/AthOS/REPO-AthOS/knotifyconfig5/package-knotifyconfig5/usr/share/locale/hr
-- Installing: /home/omen/GITHUB/Athos/AthOS/REPO-AthOS/knotifyconfig5/package-knotifyconfig5/usr/share/locale/hr/LC_MESSAGES
-- Installing: /home/omen/GITHUB/Athos/AthOS/REPO-AthOS/knotifyconfig5/package-knotifyconfig5/usr/share/locale/hr/LC_MESSAGES/knotifyconfig5.mo
-- Installing: /home/omen/GITHUB/Athos/AthOS/REPO-AthOS/knotifyconfig5/package-knotifyconfig5/usr/share/locale/az
-- Installing: /home/omen/GITHUB/Athos/AthOS/REPO-AthOS/knotifyconfig5/package-knotifyconfig5/usr/share/locale/az/LC_MESSAGES
-- Installing: /home/omen/GITHUB/Athos/AthOS/REPO-AthOS/knotifyconfig5/package-knotifyconfig5/usr/share/locale/az/LC_MESSAGES/knotifyconfig5.mo
-- Installing: /home/omen/GITHUB/Athos/AthOS/REPO-AthOS/knotifyconfig5/package-knotifyconfig5/usr/share/locale/tr
-- Installing: /home/omen/GITHUB/Athos/AthOS/REPO-AthOS/knotifyconfig5/package-knotifyconfig5/usr/share/locale/tr/LC_MESSAGES
-- Installing: /home/omen/GITHUB/Athos/AthOS/REPO-AthOS/knotifyconfig5/package-knotifyconfig5/usr/share/locale/tr/LC_MESSAGES/knotifyconfig5.mo
-- Installing: /home/omen/GITHUB/Athos/AthOS/REPO-AthOS/knotifyconfig5/package-knotifyconfig5/usr/share/locale/fr
-- Installing: /home/omen/GITHUB/Athos/AthOS/REPO-AthOS/knotifyconfig5/package-knotifyconfig5/usr/share/locale/fr/LC_MESSAGES
-- Installing: /home/omen/GITHUB/Athos/AthOS/REPO-AthOS/knotifyconfig5/package-knotifyconfig5/usr/share/locale/fr/LC_MESSAGES/knotifyconfig5.mo
-- Installing: /home/omen/GITHUB/Athos/AthOS/REPO-AthOS/knotifyconfig5/package-knotifyconfig5/usr/share/locale/uz
-- Installing: /home/omen/GITHUB/Athos/AthOS/REPO-AthOS/knotifyconfig5/package-knotifyconfig5/usr/share/locale/uz/LC_MESSAGES
-- Installing: /home/omen/GITHUB/Athos/AthOS/REPO-AthOS/knotifyconfig5/package-knotifyconfig5/usr/share/locale/uz/LC_MESSAGES/knotifyconfig5.mo
-- Installing: /home/omen/GITHUB/Athos/AthOS/REPO-AthOS/knotifyconfig5/package-knotifyconfig5/usr/share/locale/hy
-- Installing: /home/omen/GITHUB/Athos/AthOS/REPO-AthOS/knotifyconfig5/package-knotifyconfig5/usr/share/locale/hy/LC_MESSAGES
-- Installing: /home/omen/GITHUB/Athos/AthOS/REPO-AthOS/knotifyconfig5/package-knotifyconfig5/usr/share/locale/hy/LC_MESSAGES/knotifyconfig5.mo
-- Installing: /home/omen/GITHUB/Athos/AthOS/REPO-AthOS/knotifyconfig5/package-knotifyconfig5/usr/share/locale/mai
-- Installing: /home/omen/GITHUB/Athos/AthOS/REPO-AthOS/knotifyconfig5/package-knotifyconfig5/usr/share/locale/mai/LC_MESSAGES
-- Installing: /home/omen/GITHUB/Athos/AthOS/REPO-AthOS/knotifyconfig5/package-knotifyconfig5/usr/share/locale/mai/LC_MESSAGES/knotifyconfig5.mo
-- Installing: /home/omen/GITHUB/Athos/AthOS/REPO-AthOS/knotifyconfig5/package-knotifyconfig5/usr/share/locale/ne
-- Installing: /home/omen/GITHUB/Athos/AthOS/REPO-AthOS/knotifyconfig5/package-knotifyconfig5/usr/share/locale/ne/LC_MESSAGES
-- Installing: /home/omen/GITHUB/Athos/AthOS/REPO-AthOS/knotifyconfig5/package-knotifyconfig5/usr/share/locale/ne/LC_MESSAGES/knotifyconfig5.mo
-- Installing: /home/omen/GITHUB/Athos/AthOS/REPO-AthOS/knotifyconfig5/package-knotifyconfig5/usr/share/locale/vi
-- Installing: /home/omen/GITHUB/Athos/AthOS/REPO-AthOS/knotifyconfig5/package-knotifyconfig5/usr/share/locale/vi/LC_MESSAGES
-- Installing: /home/omen/GITHUB/Athos/AthOS/REPO-AthOS/knotifyconfig5/package-knotifyconfig5/usr/share/locale/vi/LC_MESSAGES/knotifyconfig5.mo
-- Installing: /home/omen/GITHUB/Athos/AthOS/REPO-AthOS/knotifyconfig5/package-knotifyconfig5/usr/share/locale/lb
-- Installing: /home/omen/GITHUB/Athos/AthOS/REPO-AthOS/knotifyconfig5/package-knotifyconfig5/usr/share/locale/lb/LC_MESSAGES
-- Installing: /home/omen/GITHUB/Athos/AthOS/REPO-AthOS/knotifyconfig5/package-knotifyconfig5/usr/share/locale/lb/LC_MESSAGES/knotifyconfig5.mo
-- Installing: /home/omen/GITHUB/Athos/AthOS/REPO-AthOS/knotifyconfig5/package-knotifyconfig5/usr/share/locale/te
-- Installing: /home/omen/GITHUB/Athos/AthOS/REPO-AthOS/knotifyconfig5/package-knotifyconfig5/usr/share/locale/te/LC_MESSAGES
-- Installing: /home/omen/GITHUB/Athos/AthOS/REPO-AthOS/knotifyconfig5/package-knotifyconfig5/usr/share/locale/te/LC_MESSAGES/knotifyconfig5.mo
-- Installing: /home/omen/GITHUB/Athos/AthOS/REPO-AthOS/knotifyconfig5/package-knotifyconfig5/usr/share/locale/ka
-- Installing: /home/omen/GITHUB/Athos/AthOS/REPO-AthOS/knotifyconfig5/package-knotifyconfig5/usr/share/locale/ka/LC_MESSAGES
-- Installing: /home/omen/GITHUB/Athos/AthOS/REPO-AthOS/knotifyconfig5/package-knotifyconfig5/usr/share/locale/ka/LC_MESSAGES/knotifyconfig5.mo
-- Installing: /home/omen/GITHUB/Athos/AthOS/REPO-AthOS/knotifyconfig5/package-knotifyconfig5/usr/share/locale/hsb
-- Installing: /home/omen/GITHUB/Athos/AthOS/REPO-AthOS/knotifyconfig5/package-knotifyconfig5/usr/share/locale/hsb/LC_MESSAGES
-- Installing: /home/omen/GITHUB/Athos/AthOS/REPO-AthOS/knotifyconfig5/package-knotifyconfig5/usr/share/locale/hsb/LC_MESSAGES/knotifyconfig5.mo
-- Installing: /home/omen/GITHUB/Athos/AthOS/REPO-AthOS/knotifyconfig5/package-knotifyconfig5/usr/share/locale/cy
-- Installing: /home/omen/GITHUB/Athos/AthOS/REPO-AthOS/knotifyconfig5/package-knotifyconfig5/usr/share/locale/cy/LC_MESSAGES
-- Installing: /home/omen/GITHUB/Athos/AthOS/REPO-AthOS/knotifyconfig5/package-knotifyconfig5/usr/share/locale/cy/LC_MESSAGES/knotifyconfig5.mo
-- Installing: /home/omen/GITHUB/Athos/AthOS/REPO-AthOS/knotifyconfig5/package-knotifyconfig5/usr/share/locale/th
-- Installing: /home/omen/GITHUB/Athos/AthOS/REPO-AthOS/knotifyconfig5/package-knotifyconfig5/usr/share/locale/th/LC_MESSAGES
-- Installing: /home/omen/GITHUB/Athos/AthOS/REPO-AthOS/knotifyconfig5/package-knotifyconfig5/usr/share/locale/th/LC_MESSAGES/knotifyconfig5.mo
-- Installing: /home/omen/GITHUB/Athos/AthOS/REPO-AthOS/knotifyconfig5/package-knotifyconfig5/usr/share/locale/gl
-- Installing: /home/omen/GITHUB/Athos/AthOS/REPO-AthOS/knotifyconfig5/package-knotifyconfig5/usr/share/locale/gl/LC_MESSAGES
-- Installing: /home/omen/GITHUB/Athos/AthOS/REPO-AthOS/knotifyconfig5/package-knotifyconfig5/usr/share/locale/gl/LC_MESSAGES/knotifyconfig5.mo
-- Installing: /home/omen/GITHUB/Athos/AthOS/REPO-AthOS/knotifyconfig5/package-knotifyconfig5/usr/share/locale/ia
-- Installing: /home/omen/GITHUB/Athos/AthOS/REPO-AthOS/knotifyconfig5/package-knotifyconfig5/usr/share/locale/ia/LC_MESSAGES
-- Installing: /home/omen/GITHUB/Athos/AthOS/REPO-AthOS/knotifyconfig5/package-knotifyconfig5/usr/share/locale/ia/LC_MESSAGES/knotifyconfig5.mo
-- Installing: /home/omen/GITHUB/Athos/AthOS/REPO-AthOS/knotifyconfig5/package-knotifyconfig5/usr/share/locale/hu
-- Installing: /home/omen/GITHUB/Athos/AthOS/REPO-AthOS/knotifyconfig5/package-knotifyconfig5/usr/share/locale/hu/LC_MESSAGES
-- Installing: /home/omen/GITHUB/Athos/AthOS/REPO-AthOS/knotifyconfig5/package-knotifyconfig5/usr/share/locale/hu/LC_MESSAGES/knotifyconfig5.mo
-- Installing: /home/omen/GITHUB/Athos/AthOS/REPO-AthOS/knotifyconfig5/package-knotifyconfig5/usr/share/locale/eo
-- Installing: /home/omen/GITHUB/Athos/AthOS/REPO-AthOS/knotifyconfig5/package-knotifyconfig5/usr/share/locale/eo/LC_MESSAGES
-- Installing: /home/omen/GITHUB/Athos/AthOS/REPO-AthOS/knotifyconfig5/package-knotifyconfig5/usr/share/locale/eo/LC_MESSAGES/knotifyconfig5.mo
-- Installing: /home/omen/GITHUB/Athos/AthOS/REPO-AthOS/knotifyconfig5/package-knotifyconfig5/usr/share/locale/bg
-- Installing: /home/omen/GITHUB/Athos/AthOS/REPO-AthOS/knotifyconfig5/package-knotifyconfig5/usr/share/locale/bg/LC_MESSAGES
-- Installing: /home/omen/GITHUB/Athos/AthOS/REPO-AthOS/knotifyconfig5/package-knotifyconfig5/usr/share/locale/bg/LC_MESSAGES/knotifyconfig5.mo
-- Installing: /home/omen/GITHUB/Athos/AthOS/REPO-AthOS/knotifyconfig5/package-knotifyconfig5/usr/share/locale/kn
-- Installing: /home/omen/GITHUB/Athos/AthOS/REPO-AthOS/knotifyconfig5/package-knotifyconfig5/usr/share/locale/kn/LC_MESSAGES
-- Installing: /home/omen/GITHUB/Athos/AthOS/REPO-AthOS/knotifyconfig5/package-knotifyconfig5/usr/share/locale/kn/LC_MESSAGES/knotifyconfig5.mo
-- Installing: /home/omen/GITHUB/Athos/AthOS/REPO-AthOS/knotifyconfig5/package-knotifyconfig5/usr/share/locale/bn_IN
-- Installing: /home/omen/GITHUB/Athos/AthOS/REPO-AthOS/knotifyconfig5/package-knotifyconfig5/usr/share/locale/bn_IN/LC_MESSAGES
-- Installing: /home/omen/GITHUB/Athos/AthOS/REPO-AthOS/knotifyconfig5/package-knotifyconfig5/usr/share/locale/bn_IN/LC_MESSAGES/knotifyconfig5.mo
-- Installing: /home/omen/GITHUB/Athos/AthOS/REPO-AthOS/knotifyconfig5/package-knotifyconfig5/usr/share/locale/ga
-- Installing: /home/omen/GITHUB/Athos/AthOS/REPO-AthOS/knotifyconfig5/package-knotifyconfig5/usr/share/locale/ga/LC_MESSAGES
-- Installing: /home/omen/GITHUB/Athos/AthOS/REPO-AthOS/knotifyconfig5/package-knotifyconfig5/usr/share/locale/ga/LC_MESSAGES/knotifyconfig5.mo
-- Installing: /home/omen/GITHUB/Athos/AthOS/REPO-AthOS/knotifyconfig5/package-knotifyconfig5/usr/share/locale/br
-- Installing: /home/omen/GITHUB/Athos/AthOS/REPO-AthOS/knotifyconfig5/package-knotifyconfig5/usr/share/locale/br/LC_MESSAGES
-- Installing: /home/omen/GITHUB/Athos/AthOS/REPO-AthOS/knotifyconfig5/package-knotifyconfig5/usr/share/locale/br/LC_MESSAGES/knotifyconfig5.mo
-- Installing: /home/omen/GITHUB/Athos/AthOS/REPO-AthOS/knotifyconfig5/package-knotifyconfig5/usr/share/locale/ca
-- Installing: /home/omen/GITHUB/Athos/AthOS/REPO-AthOS/knotifyconfig5/package-knotifyconfig5/usr/share/locale/ca/LC_MESSAGES
-- Installing: /home/omen/GITHUB/Athos/AthOS/REPO-AthOS/knotifyconfig5/package-knotifyconfig5/usr/share/locale/ca/LC_MESSAGES/knotifyconfig5.mo
-- Installing: /home/omen/GITHUB/Athos/AthOS/REPO-AthOS/knotifyconfig5/package-knotifyconfig5/usr/share/locale/uk
-- Installing: /home/omen/GITHUB/Athos/AthOS/REPO-AthOS/knotifyconfig5/package-knotifyconfig5/usr/share/locale/uk/LC_MESSAGES
-- Installing: /home/omen/GITHUB/Athos/AthOS/REPO-AthOS/knotifyconfig5/package-knotifyconfig5/usr/share/locale/uk/LC_MESSAGES/knotifyconfig5.mo
-- Installing: /home/omen/GITHUB/Athos/AthOS/REPO-AthOS/knotifyconfig5/package-knotifyconfig5/usr/share/locale/id
-- Installing: /home/omen/GITHUB/Athos/AthOS/REPO-AthOS/knotifyconfig5/package-knotifyconfig5/usr/share/locale/id/LC_MESSAGES
-- Installing: /home/omen/GITHUB/Athos/AthOS/REPO-AthOS/knotifyconfig5/package-knotifyconfig5/usr/share/locale/id/LC_MESSAGES/knotifyconfig5.mo
-- Installing: /home/omen/GITHUB/Athos/AthOS/REPO-AthOS/knotifyconfig5/package-knotifyconfig5/usr/share/locale/ku
-- Installing: /home/omen/GITHUB/Athos/AthOS/REPO-AthOS/knotifyconfig5/package-knotifyconfig5/usr/share/locale/ku/LC_MESSAGES
-- Installing: /home/omen/GITHUB/Athos/AthOS/REPO-AthOS/knotifyconfig5/package-knotifyconfig5/usr/share/locale/ku/LC_MESSAGES/knotifyconfig5.mo
-- Installing: /home/omen/GITHUB/Athos/AthOS/REPO-AthOS/knotifyconfig5/package-knotifyconfig5/usr/share/locale/en_GB
-- Installing: /home/omen/GITHUB/Athos/AthOS/REPO-AthOS/knotifyconfig5/package-knotifyconfig5/usr/share/locale/en_GB/LC_MESSAGES
-- Installing: /home/omen/GITHUB/Athos/AthOS/REPO-AthOS/knotifyconfig5/package-knotifyconfig5/usr/share/locale/en_GB/LC_MESSAGES/knotifyconfig5.mo
-- Installing: /home/omen/GITHUB/Athos/AthOS/REPO-AthOS/knotifyconfig5/package-knotifyconfig5/usr/share/locale/zh_CN
-- Installing: /home/omen/GITHUB/Athos/AthOS/REPO-AthOS/knotifyconfig5/package-knotifyconfig5/usr/share/locale/zh_CN/LC_MESSAGES
-- Installing: /home/omen/GITHUB/Athos/AthOS/REPO-AthOS/knotifyconfig5/package-knotifyconfig5/usr/share/locale/zh_CN/LC_MESSAGES/knotifyconfig5.mo
-- Installing: /home/omen/GITHUB/Athos/AthOS/REPO-AthOS/knotifyconfig5/package-knotifyconfig5/usr/share/locale/nl
-- Installing: /home/omen/GITHUB/Athos/AthOS/REPO-AthOS/knotifyconfig5/package-knotifyconfig5/usr/share/locale/nl/LC_MESSAGES
-- Installing: /home/omen/GITHUB/Athos/AthOS/REPO-AthOS/knotifyconfig5/package-knotifyconfig5/usr/share/locale/nl/LC_MESSAGES/knotifyconfig5.mo
-- Installing: /home/omen/GITHUB/Athos/AthOS/REPO-AthOS/knotifyconfig5/package-knotifyconfig5/usr/share/locale/bn
-- Installing: /home/omen/GITHUB/Athos/AthOS/REPO-AthOS/knotifyconfig5/package-knotifyconfig5/usr/share/locale/bn/LC_MESSAGES
-- Installing: /home/omen/GITHUB/Athos/AthOS/REPO-AthOS/knotifyconfig5/package-knotifyconfig5/usr/share/locale/bn/LC_MESSAGES/knotifyconfig5.mo
-- Installing: /home/omen/GITHUB/Athos/AthOS/REPO-AthOS/knotifyconfig5/package-knotifyconfig5/usr/share/locale/oc
-- Installing: /home/omen/GITHUB/Athos/AthOS/REPO-AthOS/knotifyconfig5/package-knotifyconfig5/usr/share/locale/oc/LC_MESSAGES
-- Installing: /home/omen/GITHUB/Athos/AthOS/REPO-AthOS/knotifyconfig5/package-knotifyconfig5/usr/share/locale/oc/LC_MESSAGES/knotifyconfig5.mo
-- Installing: /home/omen/GITHUB/Athos/AthOS/REPO-AthOS/knotifyconfig5/package-knotifyconfig5/usr/share/locale/ha
-- Installing: /home/omen/GITHUB/Athos/AthOS/REPO-AthOS/knotifyconfig5/package-knotifyconfig5/usr/share/locale/ha/LC_MESSAGES
-- Installing: /home/omen/GITHUB/Athos/AthOS/REPO-AthOS/knotifyconfig5/package-knotifyconfig5/usr/share/locale/ha/LC_MESSAGES/knotifyconfig5.mo
-- Installing: /home/omen/GITHUB/Athos/AthOS/REPO-AthOS/knotifyconfig5/package-knotifyconfig5/usr/share/locale/fi
-- Installing: /home/omen/GITHUB/Athos/AthOS/REPO-AthOS/knotifyconfig5/package-knotifyconfig5/usr/share/locale/fi/LC_MESSAGES
-- Installing: /home/omen/GITHUB/Athos/AthOS/REPO-AthOS/knotifyconfig5/package-knotifyconfig5/usr/share/locale/fi/LC_MESSAGES/knotifyconfig5.mo
-- Installing: /home/omen/GITHUB/Athos/AthOS/REPO-AthOS/knotifyconfig5/package-knotifyconfig5/usr/share/locale/be@latin
-- Installing: /home/omen/GITHUB/Athos/AthOS/REPO-AthOS/knotifyconfig5/package-knotifyconfig5/usr/share/locale/be@latin/LC_MESSAGES
-- Installing: /home/omen/GITHUB/Athos/AthOS/REPO-AthOS/knotifyconfig5/package-knotifyconfig5/usr/share/locale/be@latin/LC_MESSAGES/knotifyconfig5.mo
-- Installing: /home/omen/GITHUB/Athos/AthOS/REPO-AthOS/knotifyconfig5/package-knotifyconfig5/usr/share/locale/uz@cyrillic
-- Installing: /home/omen/GITHUB/Athos/AthOS/REPO-AthOS/knotifyconfig5/package-knotifyconfig5/usr/share/locale/uz@cyrillic/LC_MESSAGES
-- Installing: /home/omen/GITHUB/Athos/AthOS/REPO-AthOS/knotifyconfig5/package-knotifyconfig5/usr/share/locale/uz@cyrillic/LC_MESSAGES/knotifyconfig5.mo
-- Installing: /home/omen/GITHUB/Athos/AthOS/REPO-AthOS/knotifyconfig5/package-knotifyconfig5/usr/share/locale/ko
-- Installing: /home/omen/GITHUB/Athos/AthOS/REPO-AthOS/knotifyconfig5/package-knotifyconfig5/usr/share/locale/ko/LC_MESSAGES
-- Installing: /home/omen/GITHUB/Athos/AthOS/REPO-AthOS/knotifyconfig5/package-knotifyconfig5/usr/share/locale/ko/LC_MESSAGES/knotifyconfig5.mo
-- Installing: /home/omen/GITHUB/Athos/AthOS/REPO-AthOS/knotifyconfig5/package-knotifyconfig5/usr/share/locale/mk
-- Installing: /home/omen/GITHUB/Athos/AthOS/REPO-AthOS/knotifyconfig5/package-knotifyconfig5/usr/share/locale/mk/LC_MESSAGES
-- Installing: /home/omen/GITHUB/Athos/AthOS/REPO-AthOS/knotifyconfig5/package-knotifyconfig5/usr/share/locale/mk/LC_MESSAGES/knotifyconfig5.mo
-- Installing: /home/omen/GITHUB/Athos/AthOS/REPO-AthOS/knotifyconfig5/package-knotifyconfig5/usr/share/locale/ru
-- Installing: /home/omen/GITHUB/Athos/AthOS/REPO-AthOS/knotifyconfig5/package-knotifyconfig5/usr/share/locale/ru/LC_MESSAGES
-- Installing: /home/omen/GITHUB/Athos/AthOS/REPO-AthOS/knotifyconfig5/package-knotifyconfig5/usr/share/locale/ru/LC_MESSAGES/knotifyconfig5.mo
-- Installing: /home/omen/GITHUB/Athos/AthOS/REPO-AthOS/knotifyconfig5/package-knotifyconfig5/usr/share/locale/af
-- Installing: /home/omen/GITHUB/Athos/AthOS/REPO-AthOS/knotifyconfig5/package-knotifyconfig5/usr/share/locale/af/LC_MESSAGES
-- Installing: /home/omen/GITHUB/Athos/AthOS/REPO-AthOS/knotifyconfig5/package-knotifyconfig5/usr/share/locale/af/LC_MESSAGES/knotifyconfig5.mo
-- Installing: /home/omen/GITHUB/Athos/AthOS/REPO-AthOS/knotifyconfig5/package-knotifyconfig5/usr/share/locale/lv
-- Installing: /home/omen/GITHUB/Athos/AthOS/REPO-AthOS/knotifyconfig5/package-knotifyconfig5/usr/share/locale/lv/LC_MESSAGES
-- Installing: /home/omen/GITHUB/Athos/AthOS/REPO-AthOS/knotifyconfig5/package-knotifyconfig5/usr/share/locale/lv/LC_MESSAGES/knotifyconfig5.mo
-- Installing: /home/omen/GITHUB/Athos/AthOS/REPO-AthOS/knotifyconfig5/package-knotifyconfig5/usr/share/locale/gd
-- Installing: /home/omen/GITHUB/Athos/AthOS/REPO-AthOS/knotifyconfig5/package-knotifyconfig5/usr/share/locale/gd/LC_MESSAGES
-- Installing: /home/omen/GITHUB/Athos/AthOS/REPO-AthOS/knotifyconfig5/package-knotifyconfig5/usr/share/locale/gd/LC_MESSAGES/knotifyconfig5.mo
-- Installing: /home/omen/GITHUB/Athos/AthOS/REPO-AthOS/knotifyconfig5/package-knotifyconfig5/usr/share/locale/ml
-- Installing: /home/omen/GITHUB/Athos/AthOS/REPO-AthOS/knotifyconfig5/package-knotifyconfig5/usr/share/locale/ml/LC_MESSAGES
-- Installing: /home/omen/GITHUB/Athos/AthOS/REPO-AthOS/knotifyconfig5/package-knotifyconfig5/usr/share/locale/ml/LC_MESSAGES/knotifyconfig5.mo
-- Installing: /home/omen/GITHUB/Athos/AthOS/REPO-AthOS/knotifyconfig5/package-knotifyconfig5/usr/share/locale/hne
-- Installing: /home/omen/GITHUB/Athos/AthOS/REPO-AthOS/knotifyconfig5/package-knotifyconfig5/usr/share/locale/hne/LC_MESSAGES
-- Installing: /home/omen/GITHUB/Athos/AthOS/REPO-AthOS/knotifyconfig5/package-knotifyconfig5/usr/share/locale/hne/LC_MESSAGES/knotifyconfig5.mo
-- Installing: /home/omen/GITHUB/Athos/AthOS/REPO-AthOS/knotifyconfig5/package-knotifyconfig5/usr/share/locale/ca@valencia
-- Installing: /home/omen/GITHUB/Athos/AthOS/REPO-AthOS/knotifyconfig5/package-knotifyconfig5/usr/share/locale/ca@valencia/LC_MESSAGES
-- Installing: /home/omen/GITHUB/Athos/AthOS/REPO-AthOS/knotifyconfig5/package-knotifyconfig5/usr/share/locale/ca@valencia/LC_MESSAGES/knotifyconfig5.mo
-- Installing: /home/omen/GITHUB/Athos/AthOS/REPO-AthOS/knotifyconfig5/package-knotifyconfig5/usr/share/locale/nb
-- Installing: /home/omen/GITHUB/Athos/AthOS/REPO-AthOS/knotifyconfig5/package-knotifyconfig5/usr/share/locale/nb/LC_MESSAGES
-- Installing: /home/omen/GITHUB/Athos/AthOS/REPO-AthOS/knotifyconfig5/package-knotifyconfig5/usr/share/locale/nb/LC_MESSAGES/knotifyconfig5.mo
-- Installing: /home/omen/GITHUB/Athos/AthOS/REPO-AthOS/knotifyconfig5/package-knotifyconfig5/usr/share/locale/es
-- Installing: /home/omen/GITHUB/Athos/AthOS/REPO-AthOS/knotifyconfig5/package-knotifyconfig5/usr/share/locale/es/LC_MESSAGES
-- Installing: /home/omen/GITHUB/Athos/AthOS/REPO-AthOS/knotifyconfig5/package-knotifyconfig5/usr/share/locale/es/LC_MESSAGES/knotifyconfig5.mo
-- Installing: /home/omen/GITHUB/Athos/AthOS/REPO-AthOS/knotifyconfig5/package-knotifyconfig5/usr/share/locale/eu
-- Installing: /home/omen/GITHUB/Athos/AthOS/REPO-AthOS/knotifyconfig5/package-knotifyconfig5/usr/share/locale/eu/LC_MESSAGES
-- Installing: /home/omen/GITHUB/Athos/AthOS/REPO-AthOS/knotifyconfig5/package-knotifyconfig5/usr/share/locale/eu/LC_MESSAGES/knotifyconfig5.mo
-- Installing: /home/omen/GITHUB/Athos/AthOS/REPO-AthOS/knotifyconfig5/package-knotifyconfig5/usr/share/locale/et
-- Installing: /home/omen/GITHUB/Athos/AthOS/REPO-AthOS/knotifyconfig5/package-knotifyconfig5/usr/share/locale/et/LC_MESSAGES
-- Installing: /home/omen/GITHUB/Athos/AthOS/REPO-AthOS/knotifyconfig5/package-knotifyconfig5/usr/share/locale/et/LC_MESSAGES/knotifyconfig5.mo
-- Installing: /home/omen/GITHUB/Athos/AthOS/REPO-AthOS/knotifyconfig5/package-knotifyconfig5/usr/share/locale/it
-- Installing: /home/omen/GITHUB/Athos/AthOS/REPO-AthOS/knotifyconfig5/package-knotifyconfig5/usr/share/locale/it/LC_MESSAGES
-- Installing: /home/omen/GITHUB/Athos/AthOS/REPO-AthOS/knotifyconfig5/package-knotifyconfig5/usr/share/locale/it/LC_MESSAGES/knotifyconfig5.mo
-- Installing: /home/omen/GITHUB/Athos/AthOS/REPO-AthOS/knotifyconfig5/package-knotifyconfig5/usr/share/locale/se
-- Installing: /home/omen/GITHUB/Athos/AthOS/REPO-AthOS/knotifyconfig5/package-knotifyconfig5/usr/share/locale/se/LC_MESSAGES
-- Installing: /home/omen/GITHUB/Athos/AthOS/REPO-AthOS/knotifyconfig5/package-knotifyconfig5/usr/share/locale/se/LC_MESSAGES/knotifyconfig5.mo
-- Installing: /home/omen/GITHUB/Athos/AthOS/REPO-AthOS/knotifyconfig5/package-knotifyconfig5/usr/share/locale/ar
-- Installing: /home/omen/GITHUB/Athos/AthOS/REPO-AthOS/knotifyconfig5/package-knotifyconfig5/usr/share/locale/ar/LC_MESSAGES
-- Installing: /home/omen/GITHUB/Athos/AthOS/REPO-AthOS/knotifyconfig5/package-knotifyconfig5/usr/share/locale/ar/LC_MESSAGES/knotifyconfig5.mo
-- Installing: /home/omen/GITHUB/Athos/AthOS/REPO-AthOS/knotifyconfig5/package-knotifyconfig5/usr/share/locale/sq
-- Installing: /home/omen/GITHUB/Athos/AthOS/REPO-AthOS/knotifyconfig5/package-knotifyconfig5/usr/share/locale/sq/LC_MESSAGES
-- Installing: /home/omen/GITHUB/Athos/AthOS/REPO-AthOS/knotifyconfig5/package-knotifyconfig5/usr/share/locale/sq/LC_MESSAGES/knotifyconfig5.mo
-- Installing: /home/omen/GITHUB/Athos/AthOS/REPO-AthOS/knotifyconfig5/package-knotifyconfig5/usr/share/locale/crh
-- Installing: /home/omen/GITHUB/Athos/AthOS/REPO-AthOS/knotifyconfig5/package-knotifyconfig5/usr/share/locale/crh/LC_MESSAGES
-- Installing: /home/omen/GITHUB/Athos/AthOS/REPO-AthOS/knotifyconfig5/package-knotifyconfig5/usr/share/locale/crh/LC_MESSAGES/knotifyconfig5.mo
-- Installing: /home/omen/GITHUB/Athos/AthOS/REPO-AthOS/knotifyconfig5/package-knotifyconfig5/usr/share/locale/nds
-- Installing: /home/omen/GITHUB/Athos/AthOS/REPO-AthOS/knotifyconfig5/package-knotifyconfig5/usr/share/locale/nds/LC_MESSAGES
-- Installing: /home/omen/GITHUB/Athos/AthOS/REPO-AthOS/knotifyconfig5/package-knotifyconfig5/usr/share/locale/nds/LC_MESSAGES/knotifyconfig5.mo
-- Installing: /home/omen/GITHUB/Athos/AthOS/REPO-AthOS/knotifyconfig5/package-knotifyconfig5/usr/share/locale/mr
-- Installing: /home/omen/GITHUB/Athos/AthOS/REPO-AthOS/knotifyconfig5/package-knotifyconfig5/usr/share/locale/mr/LC_MESSAGES
-- Installing: /home/omen/GITHUB/Athos/AthOS/REPO-AthOS/knotifyconfig5/package-knotifyconfig5/usr/share/locale/mr/LC_MESSAGES/knotifyconfig5.mo
-- Installing: /home/omen/GITHUB/Athos/AthOS/REPO-AthOS/knotifyconfig5/package-knotifyconfig5/usr/share/locale/ug
-- Installing: /home/omen/GITHUB/Athos/AthOS/REPO-AthOS/knotifyconfig5/package-knotifyconfig5/usr/share/locale/ug/LC_MESSAGES
-- Installing: /home/omen/GITHUB/Athos/AthOS/REPO-AthOS/knotifyconfig5/package-knotifyconfig5/usr/share/locale/ug/LC_MESSAGES/knotifyconfig5.mo
-- Installing: /home/omen/GITHUB/Athos/AthOS/REPO-AthOS/knotifyconfig5/package-knotifyconfig5/usr/share/locale/sk
-- Installing: /home/omen/GITHUB/Athos/AthOS/REPO-AthOS/knotifyconfig5/package-knotifyconfig5/usr/share/locale/sk/LC_MESSAGES
-- Installing: /home/omen/GITHUB/Athos/AthOS/REPO-AthOS/knotifyconfig5/package-knotifyconfig5/usr/share/locale/sk/LC_MESSAGES/knotifyconfig5.mo
-- Installing: /home/omen/GITHUB/Athos/AthOS/REPO-AthOS/knotifyconfig5/package-knotifyconfig5/usr/share/locale/si
-- Installing: /home/omen/GITHUB/Athos/AthOS/REPO-AthOS/knotifyconfig5/package-knotifyconfig5/usr/share/locale/si/LC_MESSAGES
-- Installing: /home/omen/GITHUB/Athos/AthOS/REPO-AthOS/knotifyconfig5/package-knotifyconfig5/usr/share/locale/si/LC_MESSAGES/knotifyconfig5.mo
-- Installing: /home/omen/GITHUB/Athos/AthOS/REPO-AthOS/knotifyconfig5/package-knotifyconfig5/usr/share/locale/sv
-- Installing: /home/omen/GITHUB/Athos/AthOS/REPO-AthOS/knotifyconfig5/package-knotifyconfig5/usr/share/locale/sv/LC_MESSAGES
-- Installing: /home/omen/GITHUB/Athos/AthOS/REPO-AthOS/knotifyconfig5/package-knotifyconfig5/usr/share/locale/sv/LC_MESSAGES/knotifyconfig5.mo
-- Installing: /home/omen/GITHUB/Athos/AthOS/REPO-AthOS/knotifyconfig5/package-knotifyconfig5/usr/lib64/libKF5NotifyConfig.so.5.116.0
-- Installing: /home/omen/GITHUB/Athos/AthOS/REPO-AthOS/knotifyconfig5/package-knotifyconfig5/usr/lib64/libKF5NotifyConfig.so.5
-- Installing: /home/omen/GITHUB/Athos/AthOS/REPO-AthOS/knotifyconfig5/package-knotifyconfig5/usr/lib64/libKF5NotifyConfig.so
-- Installing: /home/omen/GITHUB/Athos/AthOS/REPO-AthOS/knotifyconfig5/package-knotifyconfig5/usr/include/KF5/KNotifyConfig/knotifyconfig_export.h
-- Installing: /home/omen/GITHUB/Athos/AthOS/REPO-AthOS/knotifyconfig5/package-knotifyconfig5/usr/include/KF5/KNotifyConfig/KNotifyConfigWidget
-- Installing: /home/omen/GITHUB/Athos/AthOS/REPO-AthOS/knotifyconfig5/package-knotifyconfig5/usr/include/KF5/KNotifyConfig/knotifyconfigwidget.h
-- Installing: /home/omen/GITHUB/Athos/AthOS/REPO-AthOS/knotifyconfig5/package-knotifyconfig5/usr/doc/qt5-5.15.16_20250408_6cb26397/KF5NotifyConfig.qch
-- Installing: /home/omen/GITHUB/Athos/AthOS/REPO-AthOS/knotifyconfig5/package-knotifyconfig5/usr/doc/qt5-5.15.16_20250408_6cb26397/KF5NotifyConfig.tags
-- Installing: /home/omen/GITHUB/Athos/AthOS/REPO-AthOS/knotifyconfig5/package-knotifyconfig5/usr/lib64/qt5/mkspecs/modules/qt_KNotifyConfig.pri
-- Installing: /home/omen/GITHUB/Athos/AthOS/REPO-AthOS/knotifyconfig5/package-knotifyconfig5/usr/share/qlogging-categories5/knotifyconfig.categories
-- Installing: /home/omen/GITHUB/Athos/AthOS/REPO-AthOS/knotifyconfig5/package-knotifyconfig5/usr/lib64/cmake/KF5NotifyConfig/KF5NotifyConfigQchTargets.cmake
-- Installing: /home/omen/GITHUB/Athos/AthOS/REPO-AthOS/knotifyconfig5/package-knotifyconfig5/usr/lib64/cmake/KF5NotifyConfig/KF5NotifyConfigConfig.cmake
-- Installing: /home/omen/GITHUB/Athos/AthOS/REPO-AthOS/knotifyconfig5/package-knotifyconfig5/usr/lib64/cmake/KF5NotifyConfig/KF5NotifyConfigConfigVersion.cmake
-- Installing: /home/omen/GITHUB/Athos/AthOS/REPO-AthOS/knotifyconfig5/package-knotifyconfig5/usr/lib64/cmake/KF5NotifyConfig/KF5NotifyConfigTargets.cmake
-- Installing: /home/omen/GITHUB/Athos/AthOS/REPO-AthOS/knotifyconfig5/package-knotifyconfig5/usr/lib64/cmake/KF5NotifyConfig/KF5NotifyConfigTargets-relwithdebinfo.cmake
-- Installing: /home/omen/GITHUB/Athos/AthOS/REPO-AthOS/knotifyconfig5/package-knotifyconfig5/usr/include/KF5/KNotifyConfig/knotifyconfig_version.h
[32mThe main part of source code is ready. We are moving on to preparing post install scripts, docs, license, man pages etc..[0m
cp: cannot stat 'AUTHORS': No such file or directory
cp: cannot stat 'ChangeLog*': No such file or directory
cp: cannot stat 'COPYING': No such file or directory
cp: cannot stat 'CREDITS': No such file or directory
cp: cannot stat 'LICENSE': No such file or directory
cp: cannot stat 'MAINTAINERS': No such file or directory
cp: cannot stat 'NEWS': No such file or directory
cp: cannot stat 'docs': No such file or directory
cp: cannot stat 'DOCS': No such file or directory
grep: /home/omen/GITHUB/Athos/AthOS/REPO-AthOS/knotifyconfig5/knotifyconfig5.info: No such file or directory
doxygen
extra-cmake-modules
kcompletion5
kconfig5
ki18n5
kio5
[32mPackaging compiled for slackware installation...[0m
[32mMAKEPKG_FLAGS is empty or unset, using default[0m

Slackware package maker, version 3.14159265.

Searching for symbolic links:
usr/lib64/libKF5NotifyConfig.so	libKF5NotifyConfig.so.5
usr/lib64/libKF5NotifyConfig.so.5	libKF5NotifyConfig.so.5.116.0

Making symbolic link creation script:
( cd usr/lib64 ; rm -rf libKF5NotifyConfig.so )
( cd usr/lib64 ; ln -sf libKF5NotifyConfig.so.5 libKF5NotifyConfig.so )
( cd usr/lib64 ; rm -rf libKF5NotifyConfig.so.5 )
( cd usr/lib64 ; ln -sf libKF5NotifyConfig.so.5.116.0 libKF5NotifyConfig.so.5 )

Unless your existing installation script already contains the code
to create these links, you should append these lines to your existing
install script. Now's your chance. :^)

Would you like to add this stuff to the existing install script and
remove the symbolic links ([y]es, [n]o)? y


Removing symbolic links:
removed './usr/lib64/libKF5NotifyConfig.so.5'
removed './usr/lib64/libKF5NotifyConfig.so'

Updating your ./install/doinst.sh...

This next step is optional - you can set the directories in your package
to some sane permissions. If any of the directories in your package have
special permissions, then DO NOT reset them here!

Would you like to reset all directory permissions to 755 (drwxr-xr-x) and
directory ownerships to root:root ([y]es, [n]o)? n


Creating Slackware package:  /tmp/knotifyconfig5/knotifyconfig5-5.116.0-x86_64-1_rtz.tlz

./
install/
install/doinst.sh
install/slack-desc
usr/
usr/doc/
usr/doc/knotifyconfig5-5.116.0/
usr/doc/knotifyconfig5-5.116.0/README.md
usr/doc/knotifyconfig5-5.116.0/knotifyconfig5.ini
usr/doc/knotifyconfig5-5.116.0/slack-required
usr/doc/qt5-5.15.16_20250408_6cb26397/
usr/doc/qt5-5.15.16_20250408_6cb26397/KF5NotifyConfig.qch
usr/doc/qt5-5.15.16_20250408_6cb26397/KF5NotifyConfig.tags
usr/include/
usr/include/KF5/
usr/include/KF5/KNotifyConfig/
usr/include/KF5/KNotifyConfig/KNotifyConfigWidget
usr/include/KF5/KNotifyConfig/knotifyconfig_export.h
usr/include/KF5/KNotifyConfig/knotifyconfig_version.h
usr/include/KF5/KNotifyConfig/knotifyconfigwidget.h
usr/lib64/
usr/lib64/cmake/
usr/lib64/cmake/KF5NotifyConfig/
usr/lib64/cmake/KF5NotifyConfig/KF5NotifyConfigConfig.cmake
usr/lib64/cmake/KF5NotifyConfig/KF5NotifyConfigConfigVersion.cmake
usr/lib64/cmake/KF5NotifyConfig/KF5NotifyConfigQchTargets.cmake
usr/lib64/cmake/KF5NotifyConfig/KF5NotifyConfigTargets-relwithdebinfo.cmake
usr/lib64/cmake/KF5NotifyConfig/KF5NotifyConfigTargets.cmake
usr/lib64/libKF5NotifyConfig.so.5.116.0
usr/lib64/qt5/
usr/lib64/qt5/mkspecs/
usr/lib64/qt5/mkspecs/modules/
usr/lib64/qt5/mkspecs/modules/qt_KNotifyConfig.pri
usr/share/
usr/share/locale/
usr/share/locale/af/
usr/share/locale/af/LC_MESSAGES/
usr/share/locale/af/LC_MESSAGES/knotifyconfig5.mo
usr/share/locale/ar/
usr/share/locale/ar/LC_MESSAGES/
usr/share/locale/ar/LC_MESSAGES/knotifyconfig5.mo
usr/share/locale/as/
usr/share/locale/as/LC_MESSAGES/
usr/share/locale/as/LC_MESSAGES/knotifyconfig5.mo
usr/share/locale/az/
usr/share/locale/az/LC_MESSAGES/
usr/share/locale/az/LC_MESSAGES/knotifyconfig5.mo
usr/share/locale/be/
usr/share/locale/be/LC_MESSAGES/
usr/share/locale/be/LC_MESSAGES/knotifyconfig5.mo
usr/share/locale/be@latin/
usr/share/locale/be@latin/LC_MESSAGES/
usr/share/locale/be@latin/LC_MESSAGES/knotifyconfig5.mo
usr/share/locale/bg/
usr/share/locale/bg/LC_MESSAGES/
usr/share/locale/bg/LC_MESSAGES/knotifyconfig5.mo
usr/share/locale/bn/
usr/share/locale/bn/LC_MESSAGES/
usr/share/locale/bn/LC_MESSAGES/knotifyconfig5.mo
usr/share/locale/bn_IN/
usr/share/locale/bn_IN/LC_MESSAGES/
usr/share/locale/bn_IN/LC_MESSAGES/knotifyconfig5.mo
usr/share/locale/br/
usr/share/locale/br/LC_MESSAGES/
usr/share/locale/br/LC_MESSAGES/knotifyconfig5.mo
usr/share/locale/bs/
usr/share/locale/bs/LC_MESSAGES/
usr/share/locale/bs/LC_MESSAGES/knotifyconfig5.mo
usr/share/locale/ca/
usr/share/locale/ca/LC_MESSAGES/
usr/share/locale/ca/LC_MESSAGES/knotifyconfig5.mo
usr/share/locale/ca@valencia/
usr/share/locale/ca@valencia/LC_MESSAGES/
usr/share/locale/ca@valencia/LC_MESSAGES/knotifyconfig5.mo
usr/share/locale/crh/
usr/share/locale/crh/LC_MESSAGES/
usr/share/locale/crh/LC_MESSAGES/knotifyconfig5.mo
usr/share/locale/cs/
usr/share/locale/cs/LC_MESSAGES/
usr/share/locale/cs/LC_MESSAGES/knotifyconfig5.mo
usr/share/locale/csb/
usr/share/locale/csb/LC_MESSAGES/
usr/share/locale/csb/LC_MESSAGES/knotifyconfig5.mo
usr/share/locale/cy/
usr/share/locale/cy/LC_MESSAGES/
usr/share/locale/cy/LC_MESSAGES/knotifyconfig5.mo
usr/share/locale/da/
usr/share/locale/da/LC_MESSAGES/
usr/share/locale/da/LC_MESSAGES/knotifyconfig5.mo
usr/share/locale/de/
usr/share/locale/de/LC_MESSAGES/
usr/share/locale/de/LC_MESSAGES/knotifyconfig5.mo
usr/share/locale/el/
usr/share/locale/el/LC_MESSAGES/
usr/share/locale/el/LC_MESSAGES/knotifyconfig5.mo
usr/share/locale/en_GB/
usr/share/locale/en_GB/LC_MESSAGES/
usr/share/locale/en_GB/LC_MESSAGES/knotifyconfig5.mo
usr/share/locale/eo/
usr/share/locale/eo/LC_MESSAGES/
usr/share/locale/eo/LC_MESSAGES/knotifyconfig5.mo
usr/share/locale/es/
usr/share/locale/es/LC_MESSAGES/
usr/share/locale/es/LC_MESSAGES/knotifyconfig5.mo
usr/share/locale/et/
usr/share/locale/et/LC_MESSAGES/
usr/share/locale/et/LC_MESSAGES/knotifyconfig5.mo
usr/share/locale/eu/
usr/share/locale/eu/LC_MESSAGES/
usr/share/locale/eu/LC_MESSAGES/knotifyconfig5.mo
usr/share/locale/fa/
usr/share/locale/fa/LC_MESSAGES/
usr/share/locale/fa/LC_MESSAGES/knotifyconfig5.mo
usr/share/locale/fi/
usr/share/locale/fi/LC_MESSAGES/
usr/share/locale/fi/LC_MESSAGES/knotifyconfig5.mo
usr/share/locale/fr/
usr/share/locale/fr/LC_MESSAGES/
usr/share/locale/fr/LC_MESSAGES/knotifyconfig5.mo
usr/share/locale/fy/
usr/share/locale/fy/LC_MESSAGES/
usr/share/locale/fy/LC_MESSAGES/knotifyconfig5.mo
usr/share/locale/ga/
usr/share/locale/ga/LC_MESSAGES/
usr/share/locale/ga/LC_MESSAGES/knotifyconfig5.mo
usr/share/locale/gd/
usr/share/locale/gd/LC_MESSAGES/
usr/share/locale/gd/LC_MESSAGES/knotifyconfig5.mo
usr/share/locale/gl/
usr/share/locale/gl/LC_MESSAGES/
usr/share/locale/gl/LC_MESSAGES/knotifyconfig5.mo
usr/share/locale/gu/
usr/share/locale/gu/LC_MESSAGES/
usr/share/locale/gu/LC_MESSAGES/knotifyconfig5.mo
usr/share/locale/ha/
usr/share/locale/ha/LC_MESSAGES/
usr/share/locale/ha/LC_MESSAGES/knotifyconfig5.mo
usr/share/locale/he/
usr/share/locale/he/LC_MESSAGES/
usr/share/locale/he/LC_MESSAGES/knotifyconfig5.mo
usr/share/locale/hi/
usr/share/locale/hi/LC_MESSAGES/
usr/share/locale/hi/LC_MESSAGES/knotifyconfig5.mo
usr/share/locale/hne/
usr/share/locale/hne/LC_MESSAGES/
usr/share/locale/hne/LC_MESSAGES/knotifyconfig5.mo
usr/share/locale/hr/
usr/share/locale/hr/LC_MESSAGES/
usr/share/locale/hr/LC_MESSAGES/knotifyconfig5.mo
usr/share/locale/hsb/
usr/share/locale/hsb/LC_MESSAGES/
usr/share/locale/hsb/LC_MESSAGES/knotifyconfig5.mo
usr/share/locale/hu/
usr/share/locale/hu/LC_MESSAGES/
usr/share/locale/hu/LC_MESSAGES/knotifyconfig5.mo
usr/share/locale/hy/
usr/share/locale/hy/LC_MESSAGES/
usr/share/locale/hy/LC_MESSAGES/knotifyconfig5.mo
usr/share/locale/ia/
usr/share/locale/ia/LC_MESSAGES/
usr/share/locale/ia/LC_MESSAGES/knotifyconfig5.mo
usr/share/locale/id/
usr/share/locale/id/LC_MESSAGES/
usr/share/locale/id/LC_MESSAGES/knotifyconfig5.mo
usr/share/locale/is/
usr/share/locale/is/LC_MESSAGES/
usr/share/locale/is/LC_MESSAGES/knotifyconfig5.mo
usr/share/locale/it/
usr/share/locale/it/LC_MESSAGES/
usr/share/locale/it/LC_MESSAGES/knotifyconfig5.mo
usr/share/locale/ja/
usr/share/locale/ja/LC_MESSAGES/
usr/share/locale/ja/LC_MESSAGES/knotifyconfig5.mo
usr/share/locale/ka/
usr/share/locale/ka/LC_MESSAGES/
usr/share/locale/ka/LC_MESSAGES/knotifyconfig5.mo
usr/share/locale/kk/
usr/share/locale/kk/LC_MESSAGES/
usr/share/locale/kk/LC_MESSAGES/knotifyconfig5.mo
usr/share/locale/km/
usr/share/locale/km/LC_MESSAGES/
usr/share/locale/km/LC_MESSAGES/knotifyconfig5.mo
usr/share/locale/kn/
usr/share/locale/kn/LC_MESSAGES/
usr/share/locale/kn/LC_MESSAGES/knotifyconfig5.mo
usr/share/locale/ko/
usr/share/locale/ko/LC_MESSAGES/
usr/share/locale/ko/LC_MESSAGES/knotifyconfig5.mo
usr/share/locale/ku/
usr/share/locale/ku/LC_MESSAGES/
usr/share/locale/ku/LC_MESSAGES/knotifyconfig5.mo
usr/share/locale/lb/
usr/share/locale/lb/LC_MESSAGES/
usr/share/locale/lb/LC_MESSAGES/knotifyconfig5.mo
usr/share/locale/lt/
usr/share/locale/lt/LC_MESSAGES/
usr/share/locale/lt/LC_MESSAGES/knotifyconfig5.mo
usr/share/locale/lv/
usr/share/locale/lv/LC_MESSAGES/
usr/share/locale/lv/LC_MESSAGES/knotifyconfig5.mo
usr/share/locale/mai/
usr/share/locale/mai/LC_MESSAGES/
usr/share/locale/mai/LC_MESSAGES/knotifyconfig5.mo
usr/share/locale/mk/
usr/share/locale/mk/LC_MESSAGES/
usr/share/locale/mk/LC_MESSAGES/knotifyconfig5.mo
usr/share/locale/ml/
usr/share/locale/ml/LC_MESSAGES/
usr/share/locale/ml/LC_MESSAGES/knotifyconfig5.mo
usr/share/locale/mr/
usr/share/locale/mr/LC_MESSAGES/
usr/share/locale/mr/LC_MESSAGES/knotifyconfig5.mo
usr/share/locale/ms/
usr/share/locale/ms/LC_MESSAGES/
usr/share/locale/ms/LC_MESSAGES/knotifyconfig5.mo
usr/share/locale/nb/
usr/share/locale/nb/LC_MESSAGES/
usr/share/locale/nb/LC_MESSAGES/knotifyconfig5.mo
usr/share/locale/nds/
usr/share/locale/nds/LC_MESSAGES/
usr/share/locale/nds/LC_MESSAGES/knotifyconfig5.mo
usr/share/locale/ne/
usr/share/locale/ne/LC_MESSAGES/
usr/share/locale/ne/LC_MESSAGES/knotifyconfig5.mo
usr/share/locale/nl/
usr/share/locale/nl/LC_MESSAGES/
usr/share/locale/nl/LC_MESSAGES/knotifyconfig5.mo
usr/share/locale/nn/
usr/share/locale/nn/LC_MESSAGES/
usr/share/locale/nn/LC_MESSAGES/knotifyconfig5.mo
usr/share/locale/oc/
usr/share/locale/oc/LC_MESSAGES/
usr/share/locale/oc/LC_MESSAGES/knotifyconfig5.mo
usr/share/locale/or/
usr/share/locale/or/LC_MESSAGES/
usr/share/locale/or/LC_MESSAGES/knotifyconfig5.mo
usr/share/locale/pa/
usr/share/locale/pa/LC_MESSAGES/
usr/share/locale/pa/LC_MESSAGES/knotifyconfig5.mo
usr/share/locale/pl/
usr/share/locale/pl/LC_MESSAGES/
usr/share/locale/pl/LC_MESSAGES/knotifyconfig5.mo
usr/share/locale/ps/
usr/share/locale/ps/LC_MESSAGES/
usr/share/locale/ps/LC_MESSAGES/knotifyconfig5.mo
usr/share/locale/pt/
usr/share/locale/pt/LC_MESSAGES/
usr/share/locale/pt/LC_MESSAGES/knotifyconfig5.mo
usr/share/locale/pt_BR/
usr/share/locale/pt_BR/LC_MESSAGES/
usr/share/locale/pt_BR/LC_MESSAGES/knotifyconfig5.mo
usr/share/locale/ro/
usr/share/locale/ro/LC_MESSAGES/
usr/share/locale/ro/LC_MESSAGES/knotifyconfig5.mo
usr/share/locale/ru/
usr/share/locale/ru/LC_MESSAGES/
usr/share/locale/ru/LC_MESSAGES/knotifyconfig5.mo
usr/share/locale/se/
usr/share/locale/se/LC_MESSAGES/
usr/share/locale/se/LC_MESSAGES/knotifyconfig5.mo
usr/share/locale/si/
usr/share/locale/si/LC_MESSAGES/
usr/share/locale/si/LC_MESSAGES/knotifyconfig5.mo
usr/share/locale/sk/
usr/share/locale/sk/LC_MESSAGES/
usr/share/locale/sk/LC_MESSAGES/knotifyconfig5.mo
usr/share/locale/sl/
usr/share/locale/sl/LC_MESSAGES/
usr/share/locale/sl/LC_MESSAGES/knotifyconfig5.mo
usr/share/locale/sq/
usr/share/locale/sq/LC_MESSAGES/
usr/share/locale/sq/LC_MESSAGES/knotifyconfig5.mo
usr/share/locale/sr/
usr/share/locale/sr/LC_MESSAGES/
usr/share/locale/sr/LC_MESSAGES/knotifyconfig5.mo
usr/share/locale/sr@ijekavian/
usr/share/locale/sr@ijekavian/LC_MESSAGES/
usr/share/locale/sr@ijekavian/LC_MESSAGES/knotifyconfig5.mo
usr/share/locale/sr@ijekavianlatin/
usr/share/locale/sr@ijekavianlatin/LC_MESSAGES/
usr/share/locale/sr@ijekavianlatin/LC_MESSAGES/knotifyconfig5.mo
usr/share/locale/sr@latin/
usr/share/locale/sr@latin/LC_MESSAGES/
usr/share/locale/sr@latin/LC_MESSAGES/knotifyconfig5.mo
usr/share/locale/sv/
usr/share/locale/sv/LC_MESSAGES/
usr/share/locale/sv/LC_MESSAGES/knotifyconfig5.mo
usr/share/locale/ta/
usr/share/locale/ta/LC_MESSAGES/
usr/share/locale/ta/LC_MESSAGES/knotifyconfig5.mo
usr/share/locale/te/
usr/share/locale/te/LC_MESSAGES/
usr/share/locale/te/LC_MESSAGES/knotifyconfig5.mo
usr/share/locale/tg/
usr/share/locale/tg/LC_MESSAGES/
usr/share/locale/tg/LC_MESSAGES/knotifyconfig5.mo
usr/share/locale/th/
usr/share/locale/th/LC_MESSAGES/
usr/share/locale/th/LC_MESSAGES/knotifyconfig5.mo
usr/share/locale/tr/
usr/share/locale/tr/LC_MESSAGES/
usr/share/locale/tr/LC_MESSAGES/knotifyconfig5.mo
usr/share/locale/tt/
usr/share/locale/tt/LC_MESSAGES/
usr/share/locale/tt/LC_MESSAGES/knotifyconfig5.mo
usr/share/locale/ug/
usr/share/locale/ug/LC_MESSAGES/
usr/share/locale/ug/LC_MESSAGES/knotifyconfig5.mo
usr/share/locale/uk/
usr/share/locale/uk/LC_MESSAGES/
usr/share/locale/uk/LC_MESSAGES/knotifyconfig5.mo
usr/share/locale/uz/
usr/share/locale/uz/LC_MESSAGES/
usr/share/locale/uz/LC_MESSAGES/knotifyconfig5.mo
usr/share/locale/uz@cyrillic/
usr/share/locale/uz@cyrillic/LC_MESSAGES/
usr/share/locale/uz@cyrillic/LC_MESSAGES/knotifyconfig5.mo
usr/share/locale/vi/
usr/share/locale/vi/LC_MESSAGES/
usr/share/locale/vi/LC_MESSAGES/knotifyconfig5.mo
usr/share/locale/wa/
usr/share/locale/wa/LC_MESSAGES/
usr/share/locale/wa/LC_MESSAGES/knotifyconfig5.mo
usr/share/locale/xh/
usr/share/locale/xh/LC_MESSAGES/
usr/share/locale/xh/LC_MESSAGES/knotifyconfig5.mo
usr/share/locale/zh_CN/
usr/share/locale/zh_CN/LC_MESSAGES/
usr/share/locale/zh_CN/LC_MESSAGES/knotifyconfig5.mo
usr/share/locale/zh_HK/
usr/share/locale/zh_HK/LC_MESSAGES/
usr/share/locale/zh_HK/LC_MESSAGES/knotifyconfig5.mo
usr/share/locale/zh_TW/
usr/share/locale/zh_TW/LC_MESSAGES/
usr/share/locale/zh_TW/LC_MESSAGES/knotifyconfig5.mo
usr/share/qlogging-categories5/
usr/share/qlogging-categories5/knotifyconfig.categories

Slackware package /tmp/knotifyconfig5/knotifyconfig5-5.116.0-x86_64-1_rtz.tlz created.

Create shared object file for knotifyconfig5-5.116.0-x86_64-1_rtz.tlz
Creating /tmp/knotifyconfig5/knotifyconfig5-5.116.0-x86_64-1_rtz.tlz.so.file using /tmp/knotifyconfig5/knotifyconfig5-5.116.0-x86_64-1_rtz.tlz
Successfully created /tmp/knotifyconfig5/knotifyconfig5-5.116.0-x86_64-1_rtz.tlz.so.file
Packaging of executable and meta-data in knotifyconfig5.tar.lz4 format.
/tmp/knotifyconfig5 /tmp/knotifyconfig5
/tmp/knotifyconfig5
BIN_NAME
README
knotifyconfig5-5.116.0-x86_64-1_rtz.tlz
knotifyconfig5-5.116.0-x86_64-1_rtz.tlz.md5
knotifyconfig5-5.116.0-x86_64-1_rtz.tlz.so.file
knotifyconfig5-5.116.0-x86_64-1_rtz.tlz.txt
knotifyconfig5.dep
makepkg-knotifyconfig5.log
[32mknotifyconfig5 build finished. Procced to installation...[0m

+=========================================================================================================================+
| Upgrading knotifyconfig5-5.116.0-x86_64-1_rtz package using /tmp/knotifyconfig5/knotifyconfig5-5.116.0-x86_64-1_rtz.tlz |
+=========================================================================================================================+

Pre-installing package knotifyconfig5-5.116.0-x86_64-1_rtz...
Removing package: knotifyconfig5-5.116.0-x86_64-1_rtz-upgraded-2025-05-21,13:01:27
Installing package knotifyconfig5-5.116.0-x86_64-1_rtz.tlz:
PACKAGE DESCRIPTION:
# knotifyconfig5 (Configuration system for KNotify)
#
# Configuration system for KNotify
#
# https://community.kde.org/Frameworks
Executing install script for knotifyconfig5-5.116.0-x86_64-1_rtz.tlz.
Font directories:
	/usr/share/fonts
/usr/share/fonts: caching, new cache contents: 0 fonts, 11 dirs
/usr/share/fonts/100dpi: caching, new cache contents: 238 fonts, 0 dirs
/usr/share/fonts/75dpi: caching, new cache contents: 238 fonts, 0 dirs
/usr/share/fonts/OTF: caching, new cache contents: 124 fonts, 0 dirs
/usr/share/fonts/Speedo: caching, new cache contents: 0 fonts, 0 dirs
/usr/share/fonts/TTF: caching, new cache contents: 1132 fonts, 0 dirs
/usr/share/fonts/Type1: caching, new cache contents: 64 fonts, 0 dirs
/usr/share/fonts/cyrillic: caching, new cache contents: 0 fonts, 0 dirs
/usr/share/fonts/encodings: caching, new cache contents: 0 fonts, 1 dirs
/usr/share/fonts/encodings/large: caching, new cache contents: 0 fonts, 0 dirs
/usr/share/fonts/kanjistrokeorders: caching, new cache contents: 1 fonts, 0 dirs
/usr/share/fonts/misc: caching, new cache contents: 143 fonts, 0 dirs
/usr/share/fonts/util: caching, new cache contents: 0 fonts, 0 dirs
/var/cache/fontconfig: cleaning cache directory
/root/.cache/fontconfig: not cleaning non-existent cache directory
/root/.fontconfig: not cleaning non-existent cache directory
/usr/bin/fc-cache: succeeded
Package knotifyconfig5-5.116.0-x86_64-1_rtz.tlz installed.
Package knotifyconfig5-5.116.0-x86_64-1_rtz upgraded with new package /tmp/knotifyconfig5/knotifyconfig5-5.116.0-x86_64-1_rtz.tlz.
[32mCleaning environmet: Removing source code, and work-space...[0m
rm: cannot remove 'knotifyconfig-5.116.0.tar.xz': No such file or directory
