[32mStarting build process...[0m
Detected architecture: x86_64
Required dependencies: extra-cmake-modules	kconfig	ki18n	kio
extra-cmake-modules is already installed!
kconfig is already installed!
ki18n is already installed!
kio is already installed!
No optional dependencies found.
Downloading source code tar.xz file
--2025-05-28 19:49:13--  https://download.kde.org/stable/release-service/25.04.1/src/ffmpegthumbs-25.04.1.tar.xz
Resolving download.kde.org (download.kde.org)... 49.12.122.15, 2a01:4f8:242:53eb::4
Connecting to download.kde.org (download.kde.org)|49.12.122.15|:443... connected.
HTTP request sent, awaiting response... 302 Found
Location: https://ftp.cc.uoc.gr/mirrors/kde/stable/release-service/25.04.1/src/ffmpegthumbs-25.04.1.tar.xz [following]
--2025-05-28 19:49:14--  https://ftp.cc.uoc.gr/mirrors/kde/stable/release-service/25.04.1/src/ffmpegthumbs-25.04.1.tar.xz
Resolving ftp.cc.uoc.gr (ftp.cc.uoc.gr)... 147.52.159.50, 2001:648:2c00:6c08::2
Connecting to ftp.cc.uoc.gr (ftp.cc.uoc.gr)|147.52.159.50|:443... connected.
HTTP request sent, awaiting response... 200 OK
Length: 33216 (32K) [application/octet-stream]
Saving to: ‘ffmpegthumbs-25.04.1.tar.xz’

     0K .......... .......... .......... ..                   100% 7.07M=0.004s

2025-05-28 19:49:14 (7.07 MB/s) - ‘ffmpegthumbs-25.04.1.tar.xz’ saved [33216/33216]

Found file: ffmpegthumbs-25.04.1.tar.xz
No checksum provided. Skipping checksum verification and proceeding...
Creating working directories and exporting source code in...
ffmpegthumbs-25.04.1/
ffmpegthumbs-25.04.1/cmake/
ffmpegthumbs-25.04.1/cmake/FindFFmpeg.cmake
ffmpegthumbs-25.04.1/org.kde.ffmpegthumbs.metainfo.xml
ffmpegthumbs-25.04.1/ffmpegthumbnailersettings5.kcfgc
ffmpegthumbs-25.04.1/ffmpegthumbnailer.h
ffmpegthumbs-25.04.1/ffmpegthumbnailer/
ffmpegthumbs-25.04.1/ffmpegthumbnailer/imagewriter.h
ffmpegthumbs-25.04.1/ffmpegthumbnailer/AUTHORS
ffmpegthumbs-25.04.1/ffmpegthumbnailer/moviedecoder.h
ffmpegthumbs-25.04.1/ffmpegthumbnailer/histogram.h
ffmpegthumbs-25.04.1/ffmpegthumbnailer/videothumbnailer.cpp
ffmpegthumbs-25.04.1/ffmpegthumbnailer/imagewriter.cpp
ffmpegthumbs-25.04.1/ffmpegthumbnailer/moviedecoder.cpp
ffmpegthumbs-25.04.1/ffmpegthumbnailer/README
ffmpegthumbs-25.04.1/ffmpegthumbnailer/filmstrip.h
ffmpegthumbs-25.04.1/ffmpegthumbnailer/filmstripfilter.h
ffmpegthumbs-25.04.1/ffmpegthumbnailer/videothumbnailer.h
ffmpegthumbs-25.04.1/ffmpegthumbnailer/videoframe.h
ffmpegthumbs-25.04.1/ffmpegthumbnailer/filmstripfilter.cpp
ffmpegthumbs-25.04.1/ffmpegthumbnailer/ChangeLog
ffmpegthumbs-25.04.1/ffmpegthumbnailer/ifilter.h
ffmpegthumbs-25.04.1/CMakePresets.json
ffmpegthumbs-25.04.1/Messages.sh
ffmpegthumbs-25.04.1/LICENSES/
ffmpegthumbs-25.04.1/LICENSES/BSD-3-Clause.txt
ffmpegthumbs-25.04.1/LICENSES/GPL-2.0-or-later.txt
ffmpegthumbs-25.04.1/ffmpegthumbnailer.cpp
ffmpegthumbs-25.04.1/.gitlab-ci.yml
ffmpegthumbs-25.04.1/logo.png
ffmpegthumbs-25.04.1/tests/
ffmpegthumbs-25.04.1/tests/ffmpegthumbtest.cpp
ffmpegthumbs-25.04.1/tests/CMakeLists.txt
ffmpegthumbs-25.04.1/ffmpegthumbs.json
ffmpegthumbs-25.04.1/.kde-ci.yml
ffmpegthumbs-25.04.1/ffmpegthumbnailersettings5.kcfg
ffmpegthumbs-25.04.1/CMakeLists.txt
ffmpegthumbs-25.04.1/.gitignore
/home/omen/GITHUB/Athos/AthOS/REPO-AthOS/ffmpegthumbs/work
README or README.md already exists, skipping creation.
hm...lets continue and see what happens
-- The C compiler identification is GNU 14.3.0
-- The CXX compiler identification is GNU 14.3.0
-- Detecting C compiler ABI info
-- Detecting C compiler ABI info - done
-- Check for working C compiler: /usr/bin/cc - skipped
-- Detecting C compile features
-- Detecting C compile features - done
-- Detecting CXX compiler ABI info
-- Detecting CXX compiler ABI info - done
-- Check for working CXX compiler: /usr/bin/c++ - skipped
-- Detecting CXX compile features
-- Detecting CXX compile features - done
-- Installing in the same prefix as Qt, adopting their path scheme.
-- Looking for __GLIBC__
-- Looking for __GLIBC__ - found
-- Performing Test _OFFT_IS_64BIT
-- Performing Test _OFFT_IS_64BIT - Success
-- Performing Test HAVE_DATE_TIME
-- Performing Test HAVE_DATE_TIME - Success
-- Performing Test HAVE_STDATOMIC
-- Performing Test HAVE_STDATOMIC - Success
-- Found WrapAtomic: TRUE
-- Found OpenGL: /usr/lib64/libOpenGL.so
-- Found WrapOpenGL: TRUE
-- Found XKB: /usr/lib64/libxkbcommon.so (found suitable version "1.10.0", minimum required is "0.5.0")
-- Found WrapVulkanHeaders: /usr/include
-- Found X11: /usr/include
-- Looking for XOpenDisplay in /usr/lib64/libX11.so;/usr/lib64/libXext.so
-- Looking for XOpenDisplay in /usr/lib64/libX11.so;/usr/lib64/libXext.so - found
-- Looking for gethostbyname
-- Looking for gethostbyname - found
-- Looking for connect
-- Looking for connect - found
-- Looking for remove
-- Looking for remove - found
-- Looking for shmat
-- Looking for shmat - found
-- Looking for IceConnectionNumber in ICE
-- Looking for IceConnectionNumber in ICE - found
-- Found KF6KIO: /usr/lib64/cmake/KF6KIO/KF6KIOConfig.cmake (found version "6.14.0")
-- Found KF6Config: /usr/lib64/cmake/KF6Config/KF6ConfigConfig.cmake (found version "6.14.0")
-- Found KF6: success (found suitable version "6.14.0", minimum required is "5.92.0") found components: KIO Config
-- Found PkgConfig: /usr/bin/pkg-config (found version "0.29.2")
-- Checking for module 'libavcodec'
--   Found libavcodec, version 61.19.101
-- Checking for module 'libavfilter'
--   Found libavfilter, version 10.4.100
-- Checking for module 'libavformat'
--   Found libavformat, version 61.7.100
-- Checking for module 'libavdevice'
--   Found libavdevice, version 61.3.100
-- Checking for module 'libavutil'
--   Found libavutil, version 59.39.100
-- Checking for module 'libswscale'
--   Found libswscale, version 8.3.100
-- Checking for module 'libpostproc'
--   Found libpostproc, version 58.3.100
-- Found FFmpeg: /usr/lib64/libavcodec.so;/usr/lib64/libavformat.so;/usr/lib64/libswscale.so
-- The following OPTIONAL packages have been found:

 * OpenGL
 * Qt6Core (required version >= 6.7.0)
 * Qt6DBusTools (required version >= 6.8.3)
 * Qt6QmlTools (required version >= 6.8.3)
 * Qt6WidgetsTools (required version >= 6.8.3)
 * XKB (required version >= 0.5.0), XKB API common to servers and clients., <http://xkbcommon.org>
 * WrapVulkanHeaders
 * Qt6CoreTools (required version >= 6.8.3)
 * Qt6GuiTools (required version >= 6.8.3)
 * Qt6Gui (required version >= 6.7.0)
 * PkgConfig
 * FFmpeg

-- The following REQUIRED packages have been found:

 * ECM (required version >= 5.92.0)
 * Qt6 (required version >= 5.15.0)
 * KF6KIO (required version >= 5.92.0)
 * KF6Config (required version >= 5.92.0)
 * KF6 (required version >= 5.92.0)

-- Configuring done (1.7s)
-- Generating done (0.0s)
-- Build files have been written to: /home/omen/GITHUB/Athos/AthOS/REPO-AthOS/ffmpegthumbs/work/ffmpegthumbs-25.04.1/build
[1/23] Automatic MOC for target ffmpegthumbtest
[2/23] Automatic MOC for target ffmpegthumbs
[3/23] Generating ffmpegthumbnailersettings5.h, ffmpegthumbnailersettings5.cpp
[4/23] Generating ffmpegthumbnailersettings5.h, ffmpegthumbnailersettings5.cpp
[5/23] Building CXX object CMakeFiles/ffmpegthumbs.dir/ffmpegthumbs_autogen/mocs_compilation.cpp.o
[6/23] Building CXX object tests/CMakeFiles/ffmpegthumbtest.dir/ffmpegthumbtest_autogen/mocs_compilation.cpp.o
[7/23] Building CXX object CMakeFiles/ffmpegthumbs.dir/ffmpegthumbnailer/filmstripfilter.cpp.o
[8/23] Building CXX object tests/CMakeFiles/ffmpegthumbtest.dir/__/ffmpegthumbnailer/filmstripfilter.cpp.o
[9/23] Building CXX object CMakeFiles/ffmpegthumbs.dir/ffmpegthumbs_debug.cpp.o
[10/23] Building CXX object tests/CMakeFiles/ffmpegthumbtest.dir/__/ffmpegthumbnailer/imagewriter.cpp.o
[11/23] Building CXX object CMakeFiles/ffmpegthumbs.dir/ffmpegthumbnailer/videothumbnailer.cpp.o
[12/23] Building CXX object tests/CMakeFiles/ffmpegthumbtest.dir/ffmpegthumbs_debug.cpp.o
[13/23] Building CXX object CMakeFiles/ffmpegthumbs.dir/ffmpegthumbnailersettings5.cpp.o
[14/23] Building CXX object CMakeFiles/ffmpegthumbs.dir/ffmpegthumbnailer/imagewriter.cpp.o
[15/23] Building CXX object tests/CMakeFiles/ffmpegthumbtest.dir/__/ffmpegthumbnailer/videothumbnailer.cpp.o
[16/23] Building CXX object tests/CMakeFiles/ffmpegthumbtest.dir/__/ffmpegthumbnailer.cpp.o
[17/23] Building CXX object tests/CMakeFiles/ffmpegthumbtest.dir/ffmpegthumbnailersettings5.cpp.o
[18/23] Building CXX object CMakeFiles/ffmpegthumbs.dir/ffmpegthumbnailer/moviedecoder.cpp.o
/home/omen/GITHUB/Athos/AthOS/REPO-AthOS/ffmpegthumbs/work/ffmpegthumbs-25.04.1/ffmpegthumbnailer/moviedecoder.cpp: In member function ‘void ffmpegthumbnailer::MovieDecoder::destroy()’:
/home/omen/GITHUB/Athos/AthOS/REPO-AthOS/ffmpegthumbs/work/ffmpegthumbs-25.04.1/ffmpegthumbnailer/moviedecoder.cpp:92:22: warning: ‘int avcodec_close(AVCodecContext*)’ is deprecated [-Wdeprecated-declarations]
   92 |         avcodec_close(m_pVideoCodecContext);
      |         ~~~~~~~~~~~~~^~~~~~~~~~~~~~~~~~~~~~
In file included from /home/omen/GITHUB/Athos/AthOS/REPO-AthOS/ffmpegthumbs/work/ffmpegthumbs-25.04.1/ffmpegthumbnailer/moviedecoder.h:15,
                 from /home/omen/GITHUB/Athos/AthOS/REPO-AthOS/ffmpegthumbs/work/ffmpegthumbs-25.04.1/ffmpegthumbnailer/moviedecoder.cpp:7:
/usr/include/libavcodec/avcodec.h:2398:5: note: declared here
 2398 | int avcodec_close(AVCodecContext *avctx);
      |     ^~~~~~~~~~~~~
/home/omen/GITHUB/Athos/AthOS/REPO-AthOS/ffmpegthumbs/work/ffmpegthumbs-25.04.1/ffmpegthumbnailer/moviedecoder.cpp: In member function ‘void ffmpegthumbnailer::MovieDecoder::seek(int)’:
/home/omen/GITHUB/Athos/AthOS/REPO-AthOS/ffmpegthumbs/work/ffmpegthumbs-25.04.1/ffmpegthumbnailer/moviedecoder.cpp:218:39: warning: ‘AVFrame::key_frame’ is deprecated [-Wdeprecated-declarations]
  218 |     } while ((!gotFrame || !m_pFrame->key_frame) && keyFrameAttempts < 200);
      |                                       ^~~~~~~~~
In file included from /usr/include/libavcodec/avcodec.h:36:
/usr/include/libavutil/frame.h:485:9: note: declared here
  485 |     int key_frame;
      |         ^~~~~~~~~
/home/omen/GITHUB/Athos/AthOS/REPO-AthOS/ffmpegthumbs/work/ffmpegthumbs-25.04.1/ffmpegthumbnailer/moviedecoder.cpp:218:39: warning: ‘AVFrame::key_frame’ is deprecated [-Wdeprecated-declarations]
  218 |     } while ((!gotFrame || !m_pFrame->key_frame) && keyFrameAttempts < 200);
      |                                       ^~~~~~~~~
/usr/include/libavutil/frame.h:485:9: note: declared here
  485 |     int key_frame;
      |         ^~~~~~~~~
/home/omen/GITHUB/Athos/AthOS/REPO-AthOS/ffmpegthumbs/work/ffmpegthumbs-25.04.1/ffmpegthumbnailer/moviedecoder.cpp:218:39: warning: ‘AVFrame::key_frame’ is deprecated [-Wdeprecated-declarations]
  218 |     } while ((!gotFrame || !m_pFrame->key_frame) && keyFrameAttempts < 200);
      |                                       ^~~~~~~~~
/usr/include/libavutil/frame.h:485:9: note: declared here
  485 |     int key_frame;
      |         ^~~~~~~~~
/home/omen/GITHUB/Athos/AthOS/REPO-AthOS/ffmpegthumbs/work/ffmpegthumbs-25.04.1/ffmpegthumbnailer/moviedecoder.cpp: In member function ‘QImageIOHandler::Transformations ffmpegthumbnailer::MovieDecoder::transformations()’:
/home/omen/GITHUB/Athos/AthOS/REPO-AthOS/ffmpegthumbs/work/ffmpegthumbs-25.04.1/ffmpegthumbnailer/moviedecoder.cpp:266:37: warning: ‘AVStream::nb_side_data’ is deprecated [-Wdeprecated-declarations]
  266 |     for (int i=0; i<m_pVideoStream->nb_side_data; i++) {
      |                                     ^~~~~~~~~~~~
In file included from /home/omen/GITHUB/Athos/AthOS/REPO-AthOS/ffmpegthumbs/work/ffmpegthumbs-25.04.1/ffmpegthumbnailer/moviedecoder.h:16:
/usr/include/libavformat/avformat.h:879:20: note: declared here
  879 |     int            nb_side_data;
      |                    ^~~~~~~~~~~~
/home/omen/GITHUB/Athos/AthOS/REPO-AthOS/ffmpegthumbs/work/ffmpegthumbs-25.04.1/ffmpegthumbnailer/moviedecoder.cpp:266:37: warning: ‘AVStream::nb_side_data’ is deprecated [-Wdeprecated-declarations]
  266 |     for (int i=0; i<m_pVideoStream->nb_side_data; i++) {
      |                                     ^~~~~~~~~~~~
/usr/include/libavformat/avformat.h:879:20: note: declared here
  879 |     int            nb_side_data;
      |                    ^~~~~~~~~~~~
/home/omen/GITHUB/Athos/AthOS/REPO-AthOS/ffmpegthumbs/work/ffmpegthumbs-25.04.1/ffmpegthumbnailer/moviedecoder.cpp:266:37: warning: ‘AVStream::nb_side_data’ is deprecated [-Wdeprecated-declarations]
  266 |     for (int i=0; i<m_pVideoStream->nb_side_data; i++) {
      |                                     ^~~~~~~~~~~~
/usr/include/libavformat/avformat.h:879:20: note: declared here
  879 |     int            nb_side_data;
      |                    ^~~~~~~~~~~~
/home/omen/GITHUB/Athos/AthOS/REPO-AthOS/ffmpegthumbs/work/ffmpegthumbs-25.04.1/ffmpegthumbnailer/moviedecoder.cpp:267:29: warning: ‘AVStream::side_data’ is deprecated [-Wdeprecated-declarations]
  267 |         if (m_pVideoStream->side_data[i].type != AV_PKT_DATA_DISPLAYMATRIX) {
      |                             ^~~~~~~~~
/usr/include/libavformat/avformat.h:871:23: note: declared here
  871 |     AVPacketSideData *side_data;
      |                       ^~~~~~~~~
/home/omen/GITHUB/Athos/AthOS/REPO-AthOS/ffmpegthumbs/work/ffmpegthumbs-25.04.1/ffmpegthumbnailer/moviedecoder.cpp:267:29: warning: ‘AVStream::side_data’ is deprecated [-Wdeprecated-declarations]
  267 |         if (m_pVideoStream->side_data[i].type != AV_PKT_DATA_DISPLAYMATRIX) {
      |                             ^~~~~~~~~
/usr/include/libavformat/avformat.h:871:23: note: declared here
  871 |     AVPacketSideData *side_data;
      |                       ^~~~~~~~~
/home/omen/GITHUB/Athos/AthOS/REPO-AthOS/ffmpegthumbs/work/ffmpegthumbs-25.04.1/ffmpegthumbnailer/moviedecoder.cpp:267:29: warning: ‘AVStream::side_data’ is deprecated [-Wdeprecated-declarations]
  267 |         if (m_pVideoStream->side_data[i].type != AV_PKT_DATA_DISPLAYMATRIX) {
      |                             ^~~~~~~~~
/usr/include/libavformat/avformat.h:871:23: note: declared here
  871 |     AVPacketSideData *side_data;
      |                       ^~~~~~~~~
/home/omen/GITHUB/Athos/AthOS/REPO-AthOS/ffmpegthumbs/work/ffmpegthumbs-25.04.1/ffmpegthumbnailer/moviedecoder.cpp:270:29: warning: ‘AVStream::side_data’ is deprecated [-Wdeprecated-declarations]
  270 |         if (m_pVideoStream->side_data[i].size != sizeof(int32_t) * 9) {
      |                             ^~~~~~~~~
/usr/include/libavformat/avformat.h:871:23: note: declared here
  871 |     AVPacketSideData *side_data;
      |                       ^~~~~~~~~
/home/omen/GITHUB/Athos/AthOS/REPO-AthOS/ffmpegthumbs/work/ffmpegthumbs-25.04.1/ffmpegthumbnailer/moviedecoder.cpp:270:29: warning: ‘AVStream::side_data’ is deprecated [-Wdeprecated-declarations]
  270 |         if (m_pVideoStream->side_data[i].size != sizeof(int32_t) * 9) {
      |                             ^~~~~~~~~
/usr/include/libavformat/avformat.h:871:23: note: declared here
  871 |     AVPacketSideData *side_data;
      |                       ^~~~~~~~~
/home/omen/GITHUB/Athos/AthOS/REPO-AthOS/ffmpegthumbs/work/ffmpegthumbs-25.04.1/ffmpegthumbnailer/moviedecoder.cpp:270:29: warning: ‘AVStream::side_data’ is deprecated [-Wdeprecated-declarations]
  270 |         if (m_pVideoStream->side_data[i].size != sizeof(int32_t) * 9) {
      |                             ^~~~~~~~~
/usr/include/libavformat/avformat.h:871:23: note: declared here
  871 |     AVPacketSideData *side_data;
      |                       ^~~~~~~~~
/home/omen/GITHUB/Athos/AthOS/REPO-AthOS/ffmpegthumbs/work/ffmpegthumbs-25.04.1/ffmpegthumbnailer/moviedecoder.cpp:271:93: warning: ‘AVStream::side_data’ is deprecated [-Wdeprecated-declarations]
  271 |             qCWarning(ffmpegthumbs_LOG) << "Invalid display matrix size" << m_pVideoStream->side_data[i].size << "expected" << sizeof(int32_t) * 9;
      |                                                                                             ^~~~~~~~~
/usr/include/libavformat/avformat.h:871:23: note: declared here
  871 |     AVPacketSideData *side_data;
      |                       ^~~~~~~~~
/home/omen/GITHUB/Athos/AthOS/REPO-AthOS/ffmpegthumbs/work/ffmpegthumbs-25.04.1/ffmpegthumbnailer/moviedecoder.cpp:271:93: warning: ‘AVStream::side_data’ is deprecated [-Wdeprecated-declarations]
  271 |             qCWarning(ffmpegthumbs_LOG) << "Invalid display matrix size" << m_pVideoStream->side_data[i].size << "expected" << sizeof(int32_t) * 9;
      |                                                                                             ^~~~~~~~~
/usr/include/libavformat/avformat.h:871:23: note: declared here
  871 |     AVPacketSideData *side_data;
      |                       ^~~~~~~~~
/home/omen/GITHUB/Athos/AthOS/REPO-AthOS/ffmpegthumbs/work/ffmpegthumbs-25.04.1/ffmpegthumbnailer/moviedecoder.cpp:271:93: warning: ‘AVStream::side_data’ is deprecated [-Wdeprecated-declarations]
  271 |             qCWarning(ffmpegthumbs_LOG) << "Invalid display matrix size" << m_pVideoStream->side_data[i].size << "expected" << sizeof(int32_t) * 9;
      |                                                                                             ^~~~~~~~~
/usr/include/libavformat/avformat.h:871:23: note: declared here
  871 |     AVPacketSideData *side_data;
      |                       ^~~~~~~~~
/home/omen/GITHUB/Athos/AthOS/REPO-AthOS/ffmpegthumbs/work/ffmpegthumbs-25.04.1/ffmpegthumbnailer/moviedecoder.cpp:274:70: warning: ‘AVStream::side_data’ is deprecated [-Wdeprecated-declarations]
  274 |         int32_t *matrix = reinterpret_cast<int32_t*>(m_pVideoStream->side_data[i].data);
      |                                                                      ^~~~~~~~~
/usr/include/libavformat/avformat.h:871:23: note: declared here
  871 |     AVPacketSideData *side_data;
      |                       ^~~~~~~~~
/home/omen/GITHUB/Athos/AthOS/REPO-AthOS/ffmpegthumbs/work/ffmpegthumbs-25.04.1/ffmpegthumbnailer/moviedecoder.cpp:274:70: warning: ‘AVStream::side_data’ is deprecated [-Wdeprecated-declarations]
  274 |         int32_t *matrix = reinterpret_cast<int32_t*>(m_pVideoStream->side_data[i].data);
      |                                                                      ^~~~~~~~~
/usr/include/libavformat/avformat.h:871:23: note: declared here
  871 |     AVPacketSideData *side_data;
      |                       ^~~~~~~~~
/home/omen/GITHUB/Athos/AthOS/REPO-AthOS/ffmpegthumbs/work/ffmpegthumbs-25.04.1/ffmpegthumbnailer/moviedecoder.cpp:274:70: warning: ‘AVStream::side_data’ is deprecated [-Wdeprecated-declarations]
  274 |         int32_t *matrix = reinterpret_cast<int32_t*>(m_pVideoStream->side_data[i].data);
      |                                                                      ^~~~~~~~~
/usr/include/libavformat/avformat.h:871:23: note: declared here
  871 |     AVPacketSideData *side_data;
      |                       ^~~~~~~~~
/home/omen/GITHUB/Athos/AthOS/REPO-AthOS/ffmpegthumbs/work/ffmpegthumbs-25.04.1/ffmpegthumbnailer/moviedecoder.cpp: In member function ‘void ffmpegthumbnailer::MovieDecoder::getScaledVideoFrame(int, bool, ffmpegthumbnailer::VideoFrame&)’:
/home/omen/GITHUB/Athos/AthOS/REPO-AthOS/ffmpegthumbs/work/ffmpegthumbs-25.04.1/ffmpegthumbnailer/moviedecoder.cpp:407:19: warning: ‘AVFrame::interlaced_frame’ is deprecated [-Wdeprecated-declarations]
  407 |     if (m_pFrame->interlaced_frame) {
      |                   ^~~~~~~~~~~~~~~~
/usr/include/libavutil/frame.h:566:9: note: declared here
  566 |     int interlaced_frame;
      |         ^~~~~~~~~~~~~~~~
/home/omen/GITHUB/Athos/AthOS/REPO-AthOS/ffmpegthumbs/work/ffmpegthumbs-25.04.1/ffmpegthumbnailer/moviedecoder.cpp:407:19: warning: ‘AVFrame::interlaced_frame’ is deprecated [-Wdeprecated-declarations]
  407 |     if (m_pFrame->interlaced_frame) {
      |                   ^~~~~~~~~~~~~~~~
/usr/include/libavutil/frame.h:566:9: note: declared here
  566 |     int interlaced_frame;
      |         ^~~~~~~~~~~~~~~~
/home/omen/GITHUB/Athos/AthOS/REPO-AthOS/ffmpegthumbs/work/ffmpegthumbs-25.04.1/ffmpegthumbnailer/moviedecoder.cpp:407:19: warning: ‘AVFrame::interlaced_frame’ is deprecated [-Wdeprecated-declarations]
  407 |     if (m_pFrame->interlaced_frame) {
      |                   ^~~~~~~~~~~~~~~~
/usr/include/libavutil/frame.h:566:9: note: declared here
  566 |     int interlaced_frame;
      |         ^~~~~~~~~~~~~~~~
[19/23] Building CXX object CMakeFiles/ffmpegthumbs.dir/ffmpegthumbnailer.cpp.o
[20/23] Building CXX object tests/CMakeFiles/ffmpegthumbtest.dir/ffmpegthumbtest.cpp.o
[21/23] Building CXX object tests/CMakeFiles/ffmpegthumbtest.dir/__/ffmpegthumbnailer/moviedecoder.cpp.o
/home/omen/GITHUB/Athos/AthOS/REPO-AthOS/ffmpegthumbs/work/ffmpegthumbs-25.04.1/ffmpegthumbnailer/moviedecoder.cpp: In member function ‘void ffmpegthumbnailer::MovieDecoder::destroy()’:
/home/omen/GITHUB/Athos/AthOS/REPO-AthOS/ffmpegthumbs/work/ffmpegthumbs-25.04.1/ffmpegthumbnailer/moviedecoder.cpp:92:22: warning: ‘int avcodec_close(AVCodecContext*)’ is deprecated [-Wdeprecated-declarations]
   92 |         avcodec_close(m_pVideoCodecContext);
      |         ~~~~~~~~~~~~~^~~~~~~~~~~~~~~~~~~~~~
In file included from /home/omen/GITHUB/Athos/AthOS/REPO-AthOS/ffmpegthumbs/work/ffmpegthumbs-25.04.1/ffmpegthumbnailer/moviedecoder.h:15,
                 from /home/omen/GITHUB/Athos/AthOS/REPO-AthOS/ffmpegthumbs/work/ffmpegthumbs-25.04.1/ffmpegthumbnailer/moviedecoder.cpp:7:
/usr/include/libavcodec/avcodec.h:2398:5: note: declared here
 2398 | int avcodec_close(AVCodecContext *avctx);
      |     ^~~~~~~~~~~~~
/home/omen/GITHUB/Athos/AthOS/REPO-AthOS/ffmpegthumbs/work/ffmpegthumbs-25.04.1/ffmpegthumbnailer/moviedecoder.cpp: In member function ‘void ffmpegthumbnailer::MovieDecoder::seek(int)’:
/home/omen/GITHUB/Athos/AthOS/REPO-AthOS/ffmpegthumbs/work/ffmpegthumbs-25.04.1/ffmpegthumbnailer/moviedecoder.cpp:218:39: warning: ‘AVFrame::key_frame’ is deprecated [-Wdeprecated-declarations]
  218 |     } while ((!gotFrame || !m_pFrame->key_frame) && keyFrameAttempts < 200);
      |                                       ^~~~~~~~~
In file included from /usr/include/libavcodec/avcodec.h:36:
/usr/include/libavutil/frame.h:485:9: note: declared here
  485 |     int key_frame;
      |         ^~~~~~~~~
/home/omen/GITHUB/Athos/AthOS/REPO-AthOS/ffmpegthumbs/work/ffmpegthumbs-25.04.1/ffmpegthumbnailer/moviedecoder.cpp:218:39: warning: ‘AVFrame::key_frame’ is deprecated [-Wdeprecated-declarations]
  218 |     } while ((!gotFrame || !m_pFrame->key_frame) && keyFrameAttempts < 200);
      |                                       ^~~~~~~~~
/usr/include/libavutil/frame.h:485:9: note: declared here
  485 |     int key_frame;
      |         ^~~~~~~~~
/home/omen/GITHUB/Athos/AthOS/REPO-AthOS/ffmpegthumbs/work/ffmpegthumbs-25.04.1/ffmpegthumbnailer/moviedecoder.cpp:218:39: warning: ‘AVFrame::key_frame’ is deprecated [-Wdeprecated-declarations]
  218 |     } while ((!gotFrame || !m_pFrame->key_frame) && keyFrameAttempts < 200);
      |                                       ^~~~~~~~~
/usr/include/libavutil/frame.h:485:9: note: declared here
  485 |     int key_frame;
      |         ^~~~~~~~~
/home/omen/GITHUB/Athos/AthOS/REPO-AthOS/ffmpegthumbs/work/ffmpegthumbs-25.04.1/ffmpegthumbnailer/moviedecoder.cpp: In member function ‘QImageIOHandler::Transformations ffmpegthumbnailer::MovieDecoder::transformations()’:
/home/omen/GITHUB/Athos/AthOS/REPO-AthOS/ffmpegthumbs/work/ffmpegthumbs-25.04.1/ffmpegthumbnailer/moviedecoder.cpp:266:37: warning: ‘AVStream::nb_side_data’ is deprecated [-Wdeprecated-declarations]
  266 |     for (int i=0; i<m_pVideoStream->nb_side_data; i++) {
      |                                     ^~~~~~~~~~~~
In file included from /home/omen/GITHUB/Athos/AthOS/REPO-AthOS/ffmpegthumbs/work/ffmpegthumbs-25.04.1/ffmpegthumbnailer/moviedecoder.h:16:
/usr/include/libavformat/avformat.h:879:20: note: declared here
  879 |     int            nb_side_data;
      |                    ^~~~~~~~~~~~
/home/omen/GITHUB/Athos/AthOS/REPO-AthOS/ffmpegthumbs/work/ffmpegthumbs-25.04.1/ffmpegthumbnailer/moviedecoder.cpp:266:37: warning: ‘AVStream::nb_side_data’ is deprecated [-Wdeprecated-declarations]
  266 |     for (int i=0; i<m_pVideoStream->nb_side_data; i++) {
      |                                     ^~~~~~~~~~~~
/usr/include/libavformat/avformat.h:879:20: note: declared here
  879 |     int            nb_side_data;
      |                    ^~~~~~~~~~~~
/home/omen/GITHUB/Athos/AthOS/REPO-AthOS/ffmpegthumbs/work/ffmpegthumbs-25.04.1/ffmpegthumbnailer/moviedecoder.cpp:266:37: warning: ‘AVStream::nb_side_data’ is deprecated [-Wdeprecated-declarations]
  266 |     for (int i=0; i<m_pVideoStream->nb_side_data; i++) {
      |                                     ^~~~~~~~~~~~
/usr/include/libavformat/avformat.h:879:20: note: declared here
  879 |     int            nb_side_data;
      |                    ^~~~~~~~~~~~
/home/omen/GITHUB/Athos/AthOS/REPO-AthOS/ffmpegthumbs/work/ffmpegthumbs-25.04.1/ffmpegthumbnailer/moviedecoder.cpp:267:29: warning: ‘AVStream::side_data’ is deprecated [-Wdeprecated-declarations]
  267 |         if (m_pVideoStream->side_data[i].type != AV_PKT_DATA_DISPLAYMATRIX) {
      |                             ^~~~~~~~~
/usr/include/libavformat/avformat.h:871:23: note: declared here
  871 |     AVPacketSideData *side_data;
      |                       ^~~~~~~~~
/home/omen/GITHUB/Athos/AthOS/REPO-AthOS/ffmpegthumbs/work/ffmpegthumbs-25.04.1/ffmpegthumbnailer/moviedecoder.cpp:267:29: warning: ‘AVStream::side_data’ is deprecated [-Wdeprecated-declarations]
  267 |         if (m_pVideoStream->side_data[i].type != AV_PKT_DATA_DISPLAYMATRIX) {
      |                             ^~~~~~~~~
/usr/include/libavformat/avformat.h:871:23: note: declared here
  871 |     AVPacketSideData *side_data;
      |                       ^~~~~~~~~
/home/omen/GITHUB/Athos/AthOS/REPO-AthOS/ffmpegthumbs/work/ffmpegthumbs-25.04.1/ffmpegthumbnailer/moviedecoder.cpp:267:29: warning: ‘AVStream::side_data’ is deprecated [-Wdeprecated-declarations]
  267 |         if (m_pVideoStream->side_data[i].type != AV_PKT_DATA_DISPLAYMATRIX) {
      |                             ^~~~~~~~~
/usr/include/libavformat/avformat.h:871:23: note: declared here
  871 |     AVPacketSideData *side_data;
      |                       ^~~~~~~~~
/home/omen/GITHUB/Athos/AthOS/REPO-AthOS/ffmpegthumbs/work/ffmpegthumbs-25.04.1/ffmpegthumbnailer/moviedecoder.cpp:270:29: warning: ‘AVStream::side_data’ is deprecated [-Wdeprecated-declarations]
  270 |         if (m_pVideoStream->side_data[i].size != sizeof(int32_t) * 9) {
      |                             ^~~~~~~~~
/usr/include/libavformat/avformat.h:871:23: note: declared here
  871 |     AVPacketSideData *side_data;
      |                       ^~~~~~~~~
/home/omen/GITHUB/Athos/AthOS/REPO-AthOS/ffmpegthumbs/work/ffmpegthumbs-25.04.1/ffmpegthumbnailer/moviedecoder.cpp:270:29: warning: ‘AVStream::side_data’ is deprecated [-Wdeprecated-declarations]
  270 |         if (m_pVideoStream->side_data[i].size != sizeof(int32_t) * 9) {
      |                             ^~~~~~~~~
/usr/include/libavformat/avformat.h:871:23: note: declared here
  871 |     AVPacketSideData *side_data;
      |                       ^~~~~~~~~
/home/omen/GITHUB/Athos/AthOS/REPO-AthOS/ffmpegthumbs/work/ffmpegthumbs-25.04.1/ffmpegthumbnailer/moviedecoder.cpp:270:29: warning: ‘AVStream::side_data’ is deprecated [-Wdeprecated-declarations]
  270 |         if (m_pVideoStream->side_data[i].size != sizeof(int32_t) * 9) {
      |                             ^~~~~~~~~
/usr/include/libavformat/avformat.h:871:23: note: declared here
  871 |     AVPacketSideData *side_data;
      |                       ^~~~~~~~~
/home/omen/GITHUB/Athos/AthOS/REPO-AthOS/ffmpegthumbs/work/ffmpegthumbs-25.04.1/ffmpegthumbnailer/moviedecoder.cpp:271:93: warning: ‘AVStream::side_data’ is deprecated [-Wdeprecated-declarations]
  271 |             qCWarning(ffmpegthumbs_LOG) << "Invalid display matrix size" << m_pVideoStream->side_data[i].size << "expected" << sizeof(int32_t) * 9;
      |                                                                                             ^~~~~~~~~
/usr/include/libavformat/avformat.h:871:23: note: declared here
  871 |     AVPacketSideData *side_data;
      |                       ^~~~~~~~~
/home/omen/GITHUB/Athos/AthOS/REPO-AthOS/ffmpegthumbs/work/ffmpegthumbs-25.04.1/ffmpegthumbnailer/moviedecoder.cpp:271:93: warning: ‘AVStream::side_data’ is deprecated [-Wdeprecated-declarations]
  271 |             qCWarning(ffmpegthumbs_LOG) << "Invalid display matrix size" << m_pVideoStream->side_data[i].size << "expected" << sizeof(int32_t) * 9;
      |                                                                                             ^~~~~~~~~
/usr/include/libavformat/avformat.h:871:23: note: declared here
  871 |     AVPacketSideData *side_data;
      |                       ^~~~~~~~~
/home/omen/GITHUB/Athos/AthOS/REPO-AthOS/ffmpegthumbs/work/ffmpegthumbs-25.04.1/ffmpegthumbnailer/moviedecoder.cpp:271:93: warning: ‘AVStream::side_data’ is deprecated [-Wdeprecated-declarations]
  271 |             qCWarning(ffmpegthumbs_LOG) << "Invalid display matrix size" << m_pVideoStream->side_data[i].size << "expected" << sizeof(int32_t) * 9;
      |                                                                                             ^~~~~~~~~
/usr/include/libavformat/avformat.h:871:23: note: declared here
  871 |     AVPacketSideData *side_data;
      |                       ^~~~~~~~~
/home/omen/GITHUB/Athos/AthOS/REPO-AthOS/ffmpegthumbs/work/ffmpegthumbs-25.04.1/ffmpegthumbnailer/moviedecoder.cpp:274:70: warning: ‘AVStream::side_data’ is deprecated [-Wdeprecated-declarations]
  274 |         int32_t *matrix = reinterpret_cast<int32_t*>(m_pVideoStream->side_data[i].data);
      |                                                                      ^~~~~~~~~
/usr/include/libavformat/avformat.h:871:23: note: declared here
  871 |     AVPacketSideData *side_data;
      |                       ^~~~~~~~~
/home/omen/GITHUB/Athos/AthOS/REPO-AthOS/ffmpegthumbs/work/ffmpegthumbs-25.04.1/ffmpegthumbnailer/moviedecoder.cpp:274:70: warning: ‘AVStream::side_data’ is deprecated [-Wdeprecated-declarations]
  274 |         int32_t *matrix = reinterpret_cast<int32_t*>(m_pVideoStream->side_data[i].data);
      |                                                                      ^~~~~~~~~
/usr/include/libavformat/avformat.h:871:23: note: declared here
  871 |     AVPacketSideData *side_data;
      |                       ^~~~~~~~~
/home/omen/GITHUB/Athos/AthOS/REPO-AthOS/ffmpegthumbs/work/ffmpegthumbs-25.04.1/ffmpegthumbnailer/moviedecoder.cpp:274:70: warning: ‘AVStream::side_data’ is deprecated [-Wdeprecated-declarations]
  274 |         int32_t *matrix = reinterpret_cast<int32_t*>(m_pVideoStream->side_data[i].data);
      |                                                                      ^~~~~~~~~
/usr/include/libavformat/avformat.h:871:23: note: declared here
  871 |     AVPacketSideData *side_data;
      |                       ^~~~~~~~~
/home/omen/GITHUB/Athos/AthOS/REPO-AthOS/ffmpegthumbs/work/ffmpegthumbs-25.04.1/ffmpegthumbnailer/moviedecoder.cpp: In member function ‘void ffmpegthumbnailer::MovieDecoder::getScaledVideoFrame(int, bool, ffmpegthumbnailer::VideoFrame&)’:
/home/omen/GITHUB/Athos/AthOS/REPO-AthOS/ffmpegthumbs/work/ffmpegthumbs-25.04.1/ffmpegthumbnailer/moviedecoder.cpp:407:19: warning: ‘AVFrame::interlaced_frame’ is deprecated [-Wdeprecated-declarations]
  407 |     if (m_pFrame->interlaced_frame) {
      |                   ^~~~~~~~~~~~~~~~
/usr/include/libavutil/frame.h:566:9: note: declared here
  566 |     int interlaced_frame;
      |         ^~~~~~~~~~~~~~~~
/home/omen/GITHUB/Athos/AthOS/REPO-AthOS/ffmpegthumbs/work/ffmpegthumbs-25.04.1/ffmpegthumbnailer/moviedecoder.cpp:407:19: warning: ‘AVFrame::interlaced_frame’ is deprecated [-Wdeprecated-declarations]
  407 |     if (m_pFrame->interlaced_frame) {
      |                   ^~~~~~~~~~~~~~~~
/usr/include/libavutil/frame.h:566:9: note: declared here
  566 |     int interlaced_frame;
      |         ^~~~~~~~~~~~~~~~
/home/omen/GITHUB/Athos/AthOS/REPO-AthOS/ffmpegthumbs/work/ffmpegthumbs-25.04.1/ffmpegthumbnailer/moviedecoder.cpp:407:19: warning: ‘AVFrame::interlaced_frame’ is deprecated [-Wdeprecated-declarations]
  407 |     if (m_pFrame->interlaced_frame) {
      |                   ^~~~~~~~~~~~~~~~
/usr/include/libavutil/frame.h:566:9: note: declared here
  566 |     int interlaced_frame;
      |         ^~~~~~~~~~~~~~~~
[22/23] Linking CXX shared module bin/kf6/thumbcreator/ffmpegthumbs.so
[23/23] Linking CXX executable bin/ffmpegthumbtest
-- Install configuration: "MinSizeRel"
-- Installing: /home/omen/GITHUB/Athos/AthOS/REPO-AthOS/ffmpegthumbs/package-ffmpegthumbs/usr/lib64/qt6/plugins/kf6/thumbcreator/ffmpegthumbs.so
-- Installing: /home/omen/GITHUB/Athos/AthOS/REPO-AthOS/ffmpegthumbs/package-ffmpegthumbs/usr/share/config.kcfg/ffmpegthumbnailersettings5.kcfg
-- Installing: /home/omen/GITHUB/Athos/AthOS/REPO-AthOS/ffmpegthumbs/package-ffmpegthumbs/usr/share/qlogging-categories6/ffmpegthumbs.categories
-- Installing: /home/omen/GITHUB/Athos/AthOS/REPO-AthOS/ffmpegthumbs/package-ffmpegthumbs/usr/share/metainfo/org.kde.ffmpegthumbs.metainfo.xml
[32mThe main part of source code is ready. We are moving on to preparing post install scripts, docs, license, man pages etc..[0m
cp: cannot stat 'AUTHORS': No such file or directory
cp: cannot stat 'ChangeLog*': No such file or directory
cp: cannot stat 'COPYING': No such file or directory
cp: cannot stat 'CREDITS': No such file or directory
cp: cannot stat 'LICENSE': No such file or directory
cp: cannot stat 'MAINTAINERS': No such file or directory
cp: cannot stat 'NEWS': No such file or directory
cp: cannot stat 'README*': No such file or directory
cp: cannot stat 'docs': No such file or directory
cp: cannot stat 'DOCS': No such file or directory
grep: /home/omen/GITHUB/Athos/AthOS/REPO-AthOS/ffmpegthumbs/ffmpegthumbs.info: No such file or directory
extra-cmake-modules
kconfig
ki18n
kio
[32mPackaging compiled for slackware installation...[0m
[32mMAKEPKG_FLAGS is empty or unset, using default[0m

Slackware package maker, version 3.14159265.

Searching for symbolic links:

No symbolic links were found, so we won't make an installation script.
You can make your own later in ./install/doinst.sh and rebuild the
package if you like.

This next step is optional - you can set the directories in your package
to some sane permissions. If any of the directories in your package have
special permissions, then DO NOT reset them here!

Would you like to reset all directory permissions to 755 (drwxr-xr-x) and
directory ownerships to root:root ([y]es, [n]o)? n


Creating Slackware package:  /tmp/ffmpegthumbs/ffmpegthumbs-25.04.1-x86_64-1_rtz.tlz

./
install/
install/doinst.sh
install/slack-desc
usr/
usr/doc/
usr/doc/ffmpegthumbs-25.04.1/
usr/doc/ffmpegthumbs-25.04.1/ffmpegthumbs.ini
usr/doc/ffmpegthumbs-25.04.1/slack-required
usr/lib64/
usr/lib64/qt6/
usr/lib64/qt6/plugins/
usr/lib64/qt6/plugins/kf6/
usr/lib64/qt6/plugins/kf6/thumbcreator/
usr/lib64/qt6/plugins/kf6/thumbcreator/ffmpegthumbs.so
usr/share/
usr/share/config.kcfg/
usr/share/config.kcfg/ffmpegthumbnailersettings5.kcfg
usr/share/metainfo/
usr/share/metainfo/org.kde.ffmpegthumbs.metainfo.xml
usr/share/qlogging-categories6/
usr/share/qlogging-categories6/ffmpegthumbs.categories

Slackware package /tmp/ffmpegthumbs/ffmpegthumbs-25.04.1-x86_64-1_rtz.tlz created.

Create shared object file for ffmpegthumbs-25.04.1-x86_64-1_rtz.tlz
Creating /tmp/ffmpegthumbs/ffmpegthumbs-25.04.1-x86_64-1_rtz.tlz.so.file using /tmp/ffmpegthumbs/ffmpegthumbs-25.04.1-x86_64-1_rtz.tlz
Successfully created /tmp/ffmpegthumbs/ffmpegthumbs-25.04.1-x86_64-1_rtz.tlz.so.file
Packaging of executable and meta-data in ffmpegthumbs.tar.lz4 format.
/tmp/ffmpegthumbs /tmp/ffmpegthumbs
/tmp/ffmpegthumbs
BIN_NAME
README
ffmpegthumbs-25.04.1-x86_64-1_rtz.tlz
ffmpegthumbs-25.04.1-x86_64-1_rtz.tlz.md5
ffmpegthumbs-25.04.1-x86_64-1_rtz.tlz.so.file
ffmpegthumbs-25.04.1-x86_64-1_rtz.tlz.txt
ffmpegthumbs.dep
makepkg-ffmpegthumbs.log
[32mffmpegthumbs build finished. Procced to installation...[0m

+===================================================================================================================+
| Upgrading ffmpegthumbs-25.04.1-x86_64-1_rtz package using /tmp/ffmpegthumbs/ffmpegthumbs-25.04.1-x86_64-1_rtz.tlz |
+===================================================================================================================+

Pre-installing package ffmpegthumbs-25.04.1-x86_64-1_rtz...
Removing package: ffmpegthumbs-25.04.1-x86_64-1_rtz-upgraded-2025-05-28,19:49:21
Installing package ffmpegthumbs-25.04.1-x86_64-1_rtz.tlz:
PACKAGE DESCRIPTION:
# ffmpegthumbs (thumbnail creator for video files)
#
# FFmpeg-based thumbnail creator for video files
#
# www.kde.org/applications/multimedia/
Executing install script for ffmpegthumbs-25.04.1-x86_64-1_rtz.tlz.
Font directories:
	/usr/share/fonts
/usr/share/fonts: caching, new cache contents: 0 fonts, 11 dirs
/usr/share/fonts/100dpi: caching, new cache contents: 238 fonts, 0 dirs
/usr/share/fonts/75dpi: caching, new cache contents: 238 fonts, 0 dirs
/usr/share/fonts/OTF: caching, new cache contents: 124 fonts, 0 dirs
/usr/share/fonts/Speedo: caching, new cache contents: 0 fonts, 0 dirs
/usr/share/fonts/TTF: caching, new cache contents: 1132 fonts, 0 dirs
/usr/share/fonts/Type1: caching, new cache contents: 64 fonts, 0 dirs
/usr/share/fonts/cyrillic: caching, new cache contents: 0 fonts, 0 dirs
/usr/share/fonts/encodings: caching, new cache contents: 0 fonts, 1 dirs
/usr/share/fonts/encodings/large: caching, new cache contents: 0 fonts, 0 dirs
/usr/share/fonts/kanjistrokeorders: caching, new cache contents: 1 fonts, 0 dirs
/usr/share/fonts/misc: caching, new cache contents: 143 fonts, 0 dirs
/usr/share/fonts/util: caching, new cache contents: 0 fonts, 0 dirs
/var/cache/fontconfig: cleaning cache directory
/root/.cache/fontconfig: not cleaning non-existent cache directory
/root/.fontconfig: not cleaning non-existent cache directory
/usr/bin/fc-cache: succeeded
Package ffmpegthumbs-25.04.1-x86_64-1_rtz.tlz installed.
Package ffmpegthumbs-25.04.1-x86_64-1_rtz upgraded with new package /tmp/ffmpegthumbs/ffmpegthumbs-25.04.1-x86_64-1_rtz.tlz.
[32mCleaning environmet: Removing source code, and work-space...[0m
rm: cannot remove 'ffmpegthumbs-25.04.1.tar.xz': No such file or directory
