Starting build process...
Detected architecture: x86_64
Required dependencies: phonon-backend-gstreamer extra-cmake-modules	kcompletion	kconfig	kcoreaddons	kcrash	kdoctools	kglobalaccel	ki18n	kiconthemes	kio	kjobwidgets	knotifications	kstatusnotifieritem	ktextwidgets	kwallet	kwidgetsaddons	kwindowsystem	kxmlgui
phonon-backend-gstreamer is already installed!
extra-cmake-modules is already installed!
kcompletion is already installed!
kconfig is already installed!
kcoreaddons is already installed!
kcrash is already installed!
kdoctools is already installed!
kglobalaccel is already installed!
ki18n is already installed!
kiconthemes is already installed!
kio is already installed!
kjobwidgets is already installed!
knotifications is already installed!
kstatusnotifieritem is already installed!
ktextwidgets is already installed!
kwallet is already installed!
kwidgetsaddons is already installed!
kwindowsystem is already installed!
kxmlgui is already installed!
No optional dependencies found.
Downloading source code tar.xz file
--2025-05-10 23:55:57--  https://download.kde.org/stable/release-service/25.04.1/src/juk-25.04.1.tar.xz
Resolving download.kde.org (download.kde.org)... 49.12.122.15, 2a01:4f8:242:53eb::4
Connecting to download.kde.org (download.kde.org)|49.12.122.15|:443... connected.
HTTP request sent, awaiting response... 302 Found
Location: https://ftp.cc.uoc.gr/mirrors/kde/stable/release-service/25.04.1/src/juk-25.04.1.tar.xz [following]
--2025-05-10 23:55:57--  https://ftp.cc.uoc.gr/mirrors/kde/stable/release-service/25.04.1/src/juk-25.04.1.tar.xz
Resolving ftp.cc.uoc.gr (ftp.cc.uoc.gr)... 147.52.159.50, 2001:648:2c00:6c08::2
Connecting to ftp.cc.uoc.gr (ftp.cc.uoc.gr)|147.52.159.50|:443... connected.
HTTP request sent, awaiting response... 200 OK
Length: 1919536 (1.8M) [application/octet-stream]
Saving to: ‘juk-25.04.1.tar.xz’

     0K .......... .......... .......... .......... ..........  2% 1.35M 1s
    50K .......... .......... .......... .......... ..........  5% 1.44M 1s
   100K .......... .......... .......... .......... ..........  8% 5.30M 1s
   150K .......... .......... .......... .......... .......... 10% 1.96M 1s
   200K .......... .......... .......... .......... .......... 13% 6.33M 1s
   250K .......... .......... .......... .......... .......... 16% 4.81M 1s
   300K .......... .......... .......... .......... .......... 18% 6.77M 1s
   350K .......... .......... .......... .......... .......... 21%  556K 1s
   400K .......... .......... .......... .......... .......... 24%  345M 1s
   450K .......... .......... .......... .......... .......... 26%  361M 1s
   500K .......... .......... .......... .......... .......... 29%  331M 1s
   550K .......... .......... .......... .......... .......... 32%  364M 0s
   600K .......... .......... .......... .......... .......... 34%  345M 0s
   650K .......... .......... .......... .......... .......... 37%  349M 0s
   700K .......... .......... .......... .......... .......... 40%  351M 0s
   750K .......... .......... .......... .......... .......... 42%  251M 0s
   800K .......... .......... .......... .......... .......... 45% 55.6M 0s
   850K .......... .......... .......... .......... .......... 48% 5.17M 0s
   900K .......... .......... .......... .......... .......... 50% 6.71M 0s
   950K .......... .......... .......... .......... .......... 53% 3.25M 0s
  1000K .......... .......... .......... .......... .......... 56% 5.14M 0s
  1050K .......... .......... .......... .......... .......... 58% 1019K 0s
  1100K .......... .......... .......... .......... .......... 61% 19.0M 0s
  1150K .......... .......... .......... .......... .......... 64% 10.8M 0s
  1200K .......... .......... .......... .......... .......... 66% 5.13M 0s
  1250K .......... .......... .......... .......... .......... 69%  316M 0s
  1300K .......... .......... .......... .......... .......... 72%  342M 0s
  1350K .......... .......... .......... .......... .......... 74%  314M 0s
  1400K .......... .......... .......... .......... .......... 77% 7.36M 0s
  1450K .......... .......... .......... .......... .......... 80% 6.76M 0s
  1500K .......... .......... .......... .......... .......... 82% 5.12M 0s
  1550K .......... .......... .......... .......... .......... 85% 4.17M 0s
  1600K .......... .......... .......... .......... .......... 88% 4.89M 0s
  1650K .......... .......... .......... .......... .......... 90% 5.41M 0s
  1700K .......... .......... .......... .......... .......... 93% 4.96M 0s
  1750K .......... .......... .......... .......... .......... 96% 5.27M 0s
  1800K .......... .......... .......... .......... .......... 98% 5.51M 0s
  1850K .......... .......... ....                            100% 5.71M=0.4s

2025-05-10 23:55:58 (4.41 MB/s) - ‘juk-25.04.1.tar.xz’ saved [1919536/1919536]

Found file: juk-25.04.1.tar.xz
No checksum provided. Skipping checksum verification and proceeding...
Creating working directories and exporting source code in...
juk-25.04.1/
juk-25.04.1/searchwidget.cpp
juk-25.04.1/svghandler.h
juk-25.04.1/cmake/
juk-25.04.1/cmake/FindLibraryWithDebug.cmake
juk-25.04.1/cmake/COPYING-CMAKE-SCRIPTS
juk-25.04.1/playlistsplitter.cpp
juk-25.04.1/exampleoptionsbase.ui
juk-25.04.1/playlistbox.cpp
juk-25.04.1/advancedsearchdialog.cpp
juk-25.04.1/playlistsearch.h
juk-25.04.1/slider.h
juk-25.04.1/directorylist.h
juk-25.04.1/README.md
juk-25.04.1/filerenameroptionsbase.ui
juk-25.04.1/tagguesser.cpp
juk-25.04.1/tagguesser.h
juk-25.04.1/tagtransactionmanager.cpp
juk-25.04.1/filerenamer.cpp
juk-25.04.1/coverinfo.h
juk-25.04.1/filerenamer.h
juk-25.04.1/directorylistbase.ui
juk-25.04.1/playlistsharedsettings.cpp
juk-25.04.1/systemtray.h
juk-25.04.1/filerenamerbase.ui
juk-25.04.1/playlistsearch.cpp
juk-25.04.1/tageditor.h
juk-25.04.1/volumepopupbutton.cpp
juk-25.04.1/nowplaying.h
juk-25.04.1/slideraction.cpp
juk-25.04.1/filerenamerconfigdlg.h
juk-25.04.1/juk.qrc
juk-25.04.1/iconsupport.h
juk-25.04.1/advancedsearchdialog.h
juk-25.04.1/dynamicplaylist.cpp
juk-25.04.1/playlist.cpp
juk-25.04.1/lyricswidget.cpp
juk-25.04.1/viewmode.h
juk-25.04.1/HACKING
juk-25.04.1/mediafiles.h
juk-25.04.1/viewmode.cpp
juk-25.04.1/32-apps-juk.png
juk-25.04.1/cache.h
juk-25.04.1/jukservicemenu.desktop
juk-25.04.1/pics/
juk-25.04.1/pics/theme.svg
juk-25.04.1/pics/playing.png
juk-25.04.1/pics/CMakeLists.txt
juk-25.04.1/cache.cpp
juk-25.04.1/dbuscollectionproxy.h
juk-25.04.1/dynamicplaylist.h
juk-25.04.1/config-juk.h.cmake
juk-25.04.1/Messages.sh
juk-25.04.1/iconsupport.cpp
juk-25.04.1/playlistinterface.h
juk-25.04.1/directoryloader.cpp
juk-25.04.1/keydialog.h
juk-25.04.1/juk-exception.h
juk-25.04.1/deletedialog.h
juk-25.04.1/keydialog.cpp
juk-25.04.1/.gitlab-ci.yml
juk-25.04.1/doc/
juk-25.04.1/doc/index.docbook
juk-25.04.1/doc/toolbar.png
juk-25.04.1/doc/juk-main.png
juk-25.04.1/doc/juk-manage-folders.png
juk-25.04.1/doc/juk-file-renamer.png
juk-25.04.1/doc/search-playlist.png
juk-25.04.1/doc/juk-adv-search.png
juk-25.04.1/doc/juk-tag-guesser.png
juk-25.04.1/doc/CMakeLists.txt
juk-25.04.1/doc/normal-playlist.png
juk-25.04.1/doc/history-playlist.png
juk-25.04.1/stringshare.cpp
juk-25.04.1/tagrenameroptions.cpp
juk-25.04.1/categoryreaderinterface.cpp
juk-25.04.1/stringshare.h
juk-25.04.1/org.kde.juk.desktop
juk-25.04.1/slider.cpp
juk-25.04.1/snapcraft.yaml
juk-25.04.1/tests/
juk-25.04.1/tests/tagguessertest.cpp
juk-25.04.1/tests/CMakeLists.txt
juk-25.04.1/historyplaylist.cpp
juk-25.04.1/filerenameroptions.h
juk-25.04.1/categoryreaderinterface.h
juk-25.04.1/deletedialog.cpp
juk-25.04.1/stringhash.h
juk-25.04.1/TODO
juk-25.04.1/playlistbox.h
juk-25.04.1/playlistsharedsettings.h
juk-25.04.1/juktag.h
juk-25.04.1/folderplaylist.h
juk-25.04.1/128-apps-juk.png
juk-25.04.1/collectionlist.h
juk-25.04.1/actioncollection.h
juk-25.04.1/tageditor.cpp
juk-25.04.1/folderplaylist.cpp
juk-25.04.1/jukui-rtl.rc
juk-25.04.1/systemtray.cpp
juk-25.04.1/treeviewitemplaylist.h
juk-25.04.1/playermanager.h
juk-25.04.1/treeviewitemplaylist.cpp
juk-25.04.1/tagguesserconfigdlg.h
juk-25.04.1/volumepopupbutton.h
juk-25.04.1/playlistinterface.cpp
juk-25.04.1/filehandle.cpp
juk-25.04.1/statuslabel.h
juk-25.04.1/.kde-ci.yml
juk-25.04.1/actioncollection.cpp
juk-25.04.1/upcomingplaylist.cpp
juk-25.04.1/directorylist.cpp
juk-25.04.1/playlistsplitter.h
juk-25.04.1/juk.cpp
juk-25.04.1/scrobbleconfigdlg.h
juk-25.04.1/playlistcollection.cpp
juk-25.04.1/playlist.h
juk-25.04.1/64-apps-juk.png
juk-25.04.1/filehandle.h
juk-25.04.1/upcomingplaylist.h
juk-25.04.1/org.kde.juk.appdata.xml
juk-25.04.1/juk.h
juk-25.04.1/org.kde.juk.player.xml
juk-25.04.1/playermanager.cpp
juk-25.04.1/historyplaylist.h
juk-25.04.1/16-apps-juk.png
juk-25.04.1/coverinfo.cpp
juk-25.04.1/svghandler.cpp
juk-25.04.1/filerenameroptions.cpp
juk-25.04.1/tagguesserconfigdlg.cpp
juk-25.04.1/.flatpak-manifest.json.license
juk-25.04.1/tagrenameroptions.h
juk-25.04.1/tagguesserconfigdlgwidget.ui
juk-25.04.1/playlistitem.h
juk-25.04.1/main.cpp
juk-25.04.1/scrobbler.h
juk-25.04.1/directoryloader.h
juk-25.04.1/juk.notifyrc
juk-25.04.1/filerenamerconfigdlg.cpp
juk-25.04.1/.flatpak-vlc-ignore-time-for-cache.patch
juk-25.04.1/deletedialogbase.ui
juk-25.04.1/mpris2/
juk-25.04.1/mpris2/mediaplayer2.h
juk-25.04.1/mpris2/mpris2.cpp
juk-25.04.1/mpris2/mediaplayer2.cpp
juk-25.04.1/mpris2/mediaplayer2player.cpp
juk-25.04.1/mpris2/mpris2.h
juk-25.04.1/mpris2/mediaplayer2player.h
juk-25.04.1/mediafiles.cpp
juk-25.04.1/org.kde.juk.collection.xml
juk-25.04.1/48-apps-juk.png
juk-25.04.1/po/
juk-25.04.1/po/fa/
juk-25.04.1/po/fa/juk.po
juk-25.04.1/po/bg/
juk-25.04.1/po/bg/juk.po
juk-25.04.1/po/pt/
juk-25.04.1/po/pt/juk.po
juk-25.04.1/po/km/
juk-25.04.1/po/km/juk.po
juk-25.04.1/po/nn/
juk-25.04.1/po/nn/juk.po
juk-25.04.1/po/pl/
juk-25.04.1/po/pl/juk.po
juk-25.04.1/po/pl/docs/
juk-25.04.1/po/pl/docs/juk/
juk-25.04.1/po/pl/docs/juk/toolbar.png
juk-25.04.1/po/pl/docs/juk/juk-main.png
juk-25.04.1/po/pl/docs/juk/juk-file-renamer.png
juk-25.04.1/po/pl/docs/juk/search-playlist.png
juk-25.04.1/po/pl/docs/juk/juk-adv-search.png
juk-25.04.1/po/pl/docs/juk/juk-tag-guesser.png
juk-25.04.1/po/pl/docs/juk/normal-playlist.png
juk-25.04.1/po/pl/docs/juk/history-playlist.png
juk-25.04.1/po/ja/
juk-25.04.1/po/ja/juk.po
juk-25.04.1/po/pa/
juk-25.04.1/po/pa/juk.po
juk-25.04.1/po/bs/
juk-25.04.1/po/bs/juk.po
juk-25.04.1/po/zh_CN/
juk-25.04.1/po/zh_CN/juk.po
juk-25.04.1/po/cs/
juk-25.04.1/po/cs/juk.po
juk-25.04.1/po/es/
juk-25.04.1/po/es/juk.po
juk-25.04.1/po/es/docs/
juk-25.04.1/po/es/docs/juk/
juk-25.04.1/po/es/docs/juk/index.docbook
juk-25.04.1/po/es/docs/juk/toolbar.png
juk-25.04.1/po/es/docs/juk/juk-main.png
juk-25.04.1/po/es/docs/juk/juk-file-renamer.png
juk-25.04.1/po/es/docs/juk/search-playlist.png
juk-25.04.1/po/es/docs/juk/juk-adv-search.png
juk-25.04.1/po/es/docs/juk/juk-tag-guesser.png
juk-25.04.1/po/es/docs/juk/normal-playlist.png
juk-25.04.1/po/es/docs/juk/history-playlist.png
juk-25.04.1/po/ka/
juk-25.04.1/po/ka/juk.po
juk-25.04.1/po/is/
juk-25.04.1/po/is/juk.po
juk-25.04.1/po/tr/
juk-25.04.1/po/tr/juk.po
juk-25.04.1/po/ug/
juk-25.04.1/po/ug/juk.po
juk-25.04.1/po/ca/
juk-25.04.1/po/ca/juk.po
juk-25.04.1/po/ca/docs/
juk-25.04.1/po/ca/docs/juk/
juk-25.04.1/po/ca/docs/juk/index.docbook
juk-25.04.1/po/ca/docs/juk/search-playlist.png
juk-25.04.1/po/ca/docs/juk/normal-playlist.png
juk-25.04.1/po/ca/docs/juk/history-playlist.png
juk-25.04.1/po/se/
juk-25.04.1/po/se/juk.po
juk-25.04.1/po/ca@valencia/
juk-25.04.1/po/ca@valencia/juk.po
juk-25.04.1/po/uz/
juk-25.04.1/po/uz/juk.po
juk-25.04.1/po/hr/
juk-25.04.1/po/hr/juk.po
juk-25.04.1/po/gl/
juk-25.04.1/po/gl/juk.po
juk-25.04.1/po/ro/
juk-25.04.1/po/ro/juk.po
juk-25.04.1/po/oc/
juk-25.04.1/po/oc/juk.po
juk-25.04.1/po/br/
juk-25.04.1/po/br/juk.po
juk-25.04.1/po/eo/
juk-25.04.1/po/eo/juk.po
juk-25.04.1/po/sr@ijekavian/
juk-25.04.1/po/sr@ijekavian/juk.po
juk-25.04.1/po/nl/
juk-25.04.1/po/nl/juk.po
juk-25.04.1/po/nl/docs/
juk-25.04.1/po/nl/docs/juk/
juk-25.04.1/po/nl/docs/juk/index.docbook
juk-25.04.1/po/nl/docs/juk/juk-main.png
juk-25.04.1/po/mr/
juk-25.04.1/po/mr/juk.po
juk-25.04.1/po/hu/
juk-25.04.1/po/hu/juk.po
juk-25.04.1/po/eu/
juk-25.04.1/po/eu/juk.po
juk-25.04.1/po/lv/
juk-25.04.1/po/lv/juk.po
juk-25.04.1/po/uz@cyrillic/
juk-25.04.1/po/uz@cyrillic/juk.po
juk-25.04.1/po/mk/
juk-25.04.1/po/mk/juk.po
juk-25.04.1/po/nb/
juk-25.04.1/po/nb/juk.po
juk-25.04.1/po/fr/
juk-25.04.1/po/fr/juk.po
juk-25.04.1/po/fr/docs/
juk-25.04.1/po/fr/docs/juk/
juk-25.04.1/po/fr/docs/juk/index.docbook
juk-25.04.1/po/hi/
juk-25.04.1/po/hi/juk.po
juk-25.04.1/po/sl/
juk-25.04.1/po/sl/juk.po
juk-25.04.1/po/sl/docs/
juk-25.04.1/po/sl/docs/juk/
juk-25.04.1/po/sl/docs/juk/index.docbook
juk-25.04.1/po/sr@latin/
juk-25.04.1/po/sr@latin/juk.po
juk-25.04.1/po/sr@latin/docs/
juk-25.04.1/po/sr@latin/docs/juk/
juk-25.04.1/po/sr@latin/docs/juk/index.docbook
juk-25.04.1/po/bn/
juk-25.04.1/po/bn/juk.po
juk-25.04.1/po/th/
juk-25.04.1/po/th/juk.po
juk-25.04.1/po/ta/
juk-25.04.1/po/ta/juk.po
juk-25.04.1/po/sr/
juk-25.04.1/po/sr/juk.po
juk-25.04.1/po/sr/docs/
juk-25.04.1/po/sr/docs/juk/
juk-25.04.1/po/sr/docs/juk/index.docbook
juk-25.04.1/po/sr/docs/juk/l10n-track
juk-25.04.1/po/he/
juk-25.04.1/po/he/juk.po
juk-25.04.1/po/de/
juk-25.04.1/po/de/juk.po
juk-25.04.1/po/de/docs/
juk-25.04.1/po/de/docs/juk/
juk-25.04.1/po/de/docs/juk/index.docbook
juk-25.04.1/po/de/docs/juk/toolbar.png
juk-25.04.1/po/de/docs/juk/juk-main.png
juk-25.04.1/po/de/docs/juk/juk-file-renamer.png
juk-25.04.1/po/de/docs/juk/search-playlist.png
juk-25.04.1/po/de/docs/juk/juk-adv-search.png
juk-25.04.1/po/de/docs/juk/juk-tag-guesser.png
juk-25.04.1/po/de/docs/juk/normal-playlist.png
juk-25.04.1/po/de/docs/juk/history-playlist.png
juk-25.04.1/po/ar/
juk-25.04.1/po/ar/juk.po
juk-25.04.1/po/sk/
juk-25.04.1/po/sk/juk.po
juk-25.04.1/po/zh_TW/
juk-25.04.1/po/zh_TW/juk.po
juk-25.04.1/po/et/
juk-25.04.1/po/et/juk.po
juk-25.04.1/po/ie/
juk-25.04.1/po/ie/juk.po
juk-25.04.1/po/it/
juk-25.04.1/po/it/juk.po
juk-25.04.1/po/it/docs/
juk-25.04.1/po/it/docs/juk/
juk-25.04.1/po/it/docs/juk/index.docbook
juk-25.04.1/po/it/docs/juk/toolbar.png
juk-25.04.1/po/it/docs/juk/juk-main.png
juk-25.04.1/po/it/docs/juk/juk-manage-folders.png
juk-25.04.1/po/it/docs/juk/juk-file-renamer.png
juk-25.04.1/po/it/docs/juk/juk-adv-search.png
juk-25.04.1/po/it/docs/juk/juk-tag-guesser.png
juk-25.04.1/po/el/
juk-25.04.1/po/el/juk.po
juk-25.04.1/po/da/
juk-25.04.1/po/da/juk.po
juk-25.04.1/po/pt_BR/
juk-25.04.1/po/pt_BR/juk.po
juk-25.04.1/po/pt_BR/docs/
juk-25.04.1/po/pt_BR/docs/juk/
juk-25.04.1/po/pt_BR/docs/juk/toolbar.png
juk-25.04.1/po/pt_BR/docs/juk/juk-main.png
juk-25.04.1/po/pt_BR/docs/juk/juk-file-renamer.png
juk-25.04.1/po/pt_BR/docs/juk/juk-tag-guesser.png
juk-25.04.1/po/pt_BR/docs/juk/history-playlist.png
juk-25.04.1/po/ru/
juk-25.04.1/po/ru/juk.po
juk-25.04.1/po/sq/
juk-25.04.1/po/sq/juk.po
juk-25.04.1/po/id/
juk-25.04.1/po/id/juk.po
juk-25.04.1/po/ia/
juk-25.04.1/po/ia/juk.po
juk-25.04.1/po/cy/
juk-25.04.1/po/cy/juk.po
juk-25.04.1/po/sv/
juk-25.04.1/po/sv/juk.po
juk-25.04.1/po/sv/docs/
juk-25.04.1/po/sv/docs/juk/
juk-25.04.1/po/sv/docs/juk/juk-main.png
juk-25.04.1/po/sv/docs/juk/juk-file-renamer.png
juk-25.04.1/po/sv/docs/juk/search-playlist.png
juk-25.04.1/po/sv/docs/juk/juk-adv-search.png
juk-25.04.1/po/sv/docs/juk/juk-tag-guesser.png
juk-25.04.1/po/sv/docs/juk/normal-playlist.png
juk-25.04.1/po/sv/docs/juk/history-playlist.png
juk-25.04.1/po/ne/
juk-25.04.1/po/ne/juk.po
juk-25.04.1/po/ms/
juk-25.04.1/po/ms/juk.po
juk-25.04.1/po/fi/
juk-25.04.1/po/fi/juk.po
juk-25.04.1/po/kk/
juk-25.04.1/po/kk/juk.po
juk-25.04.1/po/ast/
juk-25.04.1/po/ast/juk.po
juk-25.04.1/po/lt/
juk-25.04.1/po/lt/juk.po
juk-25.04.1/po/be/
juk-25.04.1/po/be/juk.po
juk-25.04.1/po/tg/
juk-25.04.1/po/tg/juk.po
juk-25.04.1/po/sa/
juk-25.04.1/po/sa/juk.po
juk-25.04.1/po/ko/
juk-25.04.1/po/ko/juk.po
juk-25.04.1/po/hne/
juk-25.04.1/po/hne/juk.po
juk-25.04.1/po/ga/
juk-25.04.1/po/ga/juk.po
juk-25.04.1/po/en_GB/
juk-25.04.1/po/en_GB/juk.po
juk-25.04.1/po/uk/
juk-25.04.1/po/uk/juk.po
juk-25.04.1/po/uk/docs/
juk-25.04.1/po/uk/docs/juk/
juk-25.04.1/po/uk/docs/juk/index.docbook
juk-25.04.1/po/uk/docs/juk/juk-main.png
juk-25.04.1/po/uk/docs/juk/juk-manage-folders.png
juk-25.04.1/po/uk/docs/juk/juk-file-renamer.png
juk-25.04.1/po/uk/docs/juk/juk-adv-search.png
juk-25.04.1/po/uk/docs/juk/juk-tag-guesser.png
juk-25.04.1/po/sr@ijekavianlatin/
juk-25.04.1/po/sr@ijekavianlatin/juk.po
juk-25.04.1/po/nds/
juk-25.04.1/po/nds/juk.po
juk-25.04.1/juktag.cpp
juk-25.04.1/exampleoptions.cpp
juk-25.04.1/jukui.rc
juk-25.04.1/playlistcollection.h
juk-25.04.1/dbuscollectionproxy.cpp
juk-25.04.1/statuslabel.cpp
juk-25.04.1/lyricswidget.h
juk-25.04.1/.flatpak-manifest.json
juk-25.04.1/tageditor.ui
juk-25.04.1/tagtransactionmanager.h
juk-25.04.1/org.kde.juk.search.xml
juk-25.04.1/CMakeLists.txt
juk-25.04.1/slideraction.h
juk-25.04.1/.flatpak-vlc-taglib-2.patch
juk-25.04.1/searchwidget.h
juk-25.04.1/COPYING
juk-25.04.1/filehandleproperties.h
juk-25.04.1/scrobbleconfigdlg.cpp
juk-25.04.1/searchplaylist.h
juk-25.04.1/.gitignore
juk-25.04.1/searchplaylist.cpp
juk-25.04.1/collectionlist.cpp
juk-25.04.1/nowplaying.cpp
juk-25.04.1/exampleoptions.h
juk-25.04.1/playlistitem.cpp
juk-25.04.1/scrobbler.cpp
/home/omen/GITHUB/PLASMA_WORLD/AthOS/REPO-AthOS/juk/work
README or README.md already exists, skipping creation.
hm...lets continue and see what happens
-- The C compiler identification is GNU 14.2.0
-- The CXX compiler identification is GNU 14.2.0
-- Detecting C compiler ABI info
-- Detecting C compiler ABI info - done
-- Check for working C compiler: /usr/bin/cc - skipped
-- Detecting C compile features
-- Detecting C compile features - done
-- Detecting CXX compiler ABI info
-- Detecting CXX compiler ABI info - done
-- Check for working CXX compiler: /usr/bin/c++ - skipped
-- Detecting CXX compile features
-- Detecting CXX compile features - done
-- Installing in the same prefix as Qt, adopting their path scheme.
-- Looking for __GLIBC__
-- Looking for __GLIBC__ - found
-- Performing Test _OFFT_IS_64BIT
-- Performing Test _OFFT_IS_64BIT - Success
-- Performing Test HAVE_DATE_TIME
-- Performing Test HAVE_DATE_TIME - Success
-- Performing Test HAVE_STDATOMIC
-- Performing Test HAVE_STDATOMIC - Success
-- Found WrapAtomic: TRUE
-- Found OpenGL: /usr/lib64/libOpenGL.so
-- Found WrapOpenGL: TRUE
-- Found XKB: /usr/lib64/libxkbcommon.so (found suitable version "1.9.2", minimum required is "0.5.0")
-- Found WrapVulkanHeaders: /usr/include
-- Found KF6CoreAddons: /usr/lib64/cmake/KF6CoreAddons/KF6CoreAddonsConfig.cmake (found version "6.14.0")
-- Found KF6Completion: /usr/lib64/cmake/KF6Completion/KF6CompletionConfig.cmake (found version "6.14.0")
-- Found KF6Config: /usr/lib64/cmake/KF6Config/KF6ConfigConfig.cmake (found version "6.14.0")
-- Found KF6Crash: /usr/lib64/cmake/KF6Crash/KF6CrashConfig.cmake (found version "6.14.0")
-- Found KF6GlobalAccel: /usr/lib64/cmake/KF6GlobalAccel/KF6GlobalAccelConfig.cmake (found version "6.14.0")
-- Found Gettext: /usr/bin/msgmerge (found version "0.25")
-- Found KF6I18n: /usr/lib64/cmake/KF6I18n/KF6I18nConfig.cmake (found version "6.14.0")
-- Found KF6IconThemes: /usr/lib64/cmake/KF6IconThemes/KF6IconThemesConfig.cmake (found version "6.14.0")
-- Found KF6DBusAddons: /usr/lib64/cmake/KF6DBusAddons/KF6DBusAddonsConfig.cmake (found version "6.14.0")
-- Found KF6DocTools: /usr/lib64/cmake/KF6DocTools/KF6DocToolsConfig.cmake (found version "6.14.0")
-- Found X11: /usr/include
-- Looking for XOpenDisplay in /usr/lib64/libX11.so;/usr/lib64/libXext.so
-- Looking for XOpenDisplay in /usr/lib64/libX11.so;/usr/lib64/libXext.so - found
-- Looking for gethostbyname
-- Looking for gethostbyname - found
-- Looking for connect
-- Looking for connect - found
-- Looking for remove
-- Looking for remove - found
-- Looking for shmat
-- Looking for shmat - found
-- Looking for IceConnectionNumber in ICE
-- Looking for IceConnectionNumber in ICE - found
-- Found KF6KIO: /usr/lib64/cmake/KF6KIO/KF6KIOConfig.cmake (found version "6.14.0")
-- Found KF6JobWidgets: /usr/lib64/cmake/KF6JobWidgets/KF6JobWidgetsConfig.cmake (found version "6.14.0")
-- Found KF6Notifications: /usr/lib/cmake/KF6Notifications/KF6NotificationsConfig.cmake (found version "6.14.0")
-- Found KF6TextWidgets: /usr/lib64/cmake/KF6TextWidgets/KF6TextWidgetsConfig.cmake (found version "6.14.0")
-- Found KF6XmlGui: /usr/lib64/cmake/KF6XmlGui/KF6XmlGuiConfig.cmake (found version "6.14.0")
-- Found KF6Wallet: /usr/lib64/cmake/KF6Wallet/KF6WalletConfig.cmake (found version "6.14.0")
-- Found KF6WidgetsAddons: /usr/lib64/cmake/KF6WidgetsAddons/KF6WidgetsAddonsConfig.cmake (found version "6.14.0")
-- Found KF6WindowSystem: /usr/lib64/cmake/KF6WindowSystem/KF6WindowSystemConfig.cmake (found version "6.14.0")
-- Found KF6StatusNotifierItem: /usr/lib64/cmake/KF6StatusNotifierItem/KF6StatusNotifierItemConfig.cmake (found version "6.14.0")
-- Found KF6: success (found suitable version "6.14.0", minimum required is "5.240.0") found components: CoreAddons Completion Config Crash GlobalAccel I18n IconThemes DBusAddons DocTools KIO JobWidgets Notifications TextWidgets XmlGui Wallet WidgetsAddons WindowSystem StatusNotifierItem
-- Found Taglib: /usr/lib64/libtag.so (found suitable version "1.13.1", minimum required is "1.6")
-- The following OPTIONAL packages have been found:

 * Qt6Concurrent
 * OpenGL
 * Vulkan
 * Qt6Svg
 * Qt6Test
 * Qt6DBusTools (required version >= 6.8.3)
 * Qt6QmlTools (required version >= 6.8.3)
 * XKB (required version >= 0.5.0), XKB API common to servers and clients., <http://xkbcommon.org>
 * WrapVulkanHeaders
 * Qt6Gui (required version >= 6.7.0)
 * Freetype
 * Fontconfig
 * Qt6Network (required version >= 6.7.0)
 * Qt6CoreTools (required version >= 6.8.3)
 * Qt6GuiTools (required version >= 6.8.3)
 * Qt6WidgetsTools (required version >= 6.8.3)
 * Phonon4Qt6Experimental (required version == 4.12.0)
 * PkgConfig

-- The following REQUIRED packages have been found:

 * ECM (required version >= 5.240.0)
 * Qt6
 * KF6Crash (required version >= 5.240.0)
 * KF6GlobalAccel (required version >= 5.240.0)
 * KF6IconThemes (required version >= 5.240.0)
 * KF6DBusAddons (required version >= 5.240.0)
 * KF6DocTools (required version >= 5.240.0)
 * KF6CoreAddons (required version >= 6.14.0)
 * KF6Config (required version >= 6.14.0)
 * KF6Completion (required version >= 6.14.0)
 * KF6KIO (required version >= 5.240.0)
 * KF6JobWidgets (required version >= 5.240.0)
 * KF6Notifications (required version >= 5.240.0)
 * Gettext
 * KF6I18n (required version >= 6.14.0)
 * KF6TextWidgets (required version >= 5.240.0)
 * KF6XmlGui (required version >= 5.240.0)
 * KF6Wallet (required version >= 5.240.0)
 * KF6WidgetsAddons (required version >= 5.240.0)
 * KF6WindowSystem (required version >= 5.240.0)
 * KF6StatusNotifierItem (required version >= 5.240.0)
 * KF6 (required version >= 5.240.0)
 * Qt6Core
 * Qt6Widgets
 * Phonon4Qt6 (required version >= 4.6.60)
 * Taglib (required version >= 1.6), A library for reading and editing the meta-data of audio formats, <https://taglib.org/>

-- The following OPTIONAL packages have not been found:

 * Qt6QmlCompilerPlusPrivateTools (required version >= 6.8.3)

-- Configuring done (1.4s)
-- Generating done (0.0s)
-- Build files have been written to: /home/omen/GITHUB/PLASMA_WORLD/AthOS/REPO-AthOS/juk/work/juk-25.04.1/build
[1/97] Generating ts...
[2/97] Generating mo...
[3/97] Generating po/de/docs/juk/index.cache.bz2
[4/97] Generating po/fr/docs/juk/index.cache.bz2
[5/97] Generating index.cache.bz2
[6/97] Generating po/nl/docs/juk/index.cache.bz2
[7/97] Automatic MOC for target tagguessertest
[8/97] Generating po/es/docs/juk/index.cache.bz2
[9/97] Building CXX object tests/CMakeFiles/tagguessertest.dir/tagguessertest_autogen/mocs_compilation.cpp.o
[10/97] Generating po/uk/docs/juk/index.cache.bz2
[11/97] Generating po/sr/docs/juk/index.cache.bz2
[12/97] Generating po/it/docs/juk/index.cache.bz2
[13/97] Generating po/sl/docs/juk/index.cache.bz2
[14/97] Generating po/ca/docs/juk/index.cache.bz2
[15/97] Generating po/sr@latin/docs/juk/index.cache.bz2
[16/97] Automatic MOC for target juk
[17/97] Generating searchadaptor.cpp, searchadaptor.h
[18/97] Generating collectionadaptor.cpp, collectionadaptor.h
[19/97] Generating playeradaptor.cpp, playeradaptor.h
[20/97] Generating ui_deletedialogbase.h
[21/97] Generating ui_tagguesserconfigdlgwidget.h
[22/97] Generating moc_searchadaptor.cpp
[23/97] Generating moc_collectionadaptor.cpp
[24/97] Generating moc_playeradaptor.cpp
[25/97] Automatic RCC for juk.qrc
[26/97] Generating ui_tageditor.h
[27/97] Generating ui_directorylistbase.h
[28/97] Generating ui_filerenamerbase.h
[29/97] Generating ui_filerenameroptionsbase.h
[30/97] Generating ui_exampleoptionsbase.h
[31/97] Building CXX object tests/CMakeFiles/tagguessertest.dir/tagguessertest.cpp.o
[32/97] Building CXX object CMakeFiles/juk.dir/actioncollection.cpp.o
[33/97] Building CXX object tests/CMakeFiles/tagguessertest.dir/__/tagguesser.cpp.o
[34/97] Building CXX object CMakeFiles/juk.dir/deletedialog.cpp.o
[35/97] Building CXX object CMakeFiles/juk.dir/categoryreaderinterface.cpp.o
[36/97] Building CXX object CMakeFiles/juk.dir/svghandler.cpp.o
[37/97] Building CXX object CMakeFiles/juk.dir/volumepopupbutton.cpp.o
[38/97] Building CXX object CMakeFiles/juk.dir/filerenameroptions.cpp.o
[39/97] Building CXX object CMakeFiles/juk.dir/directorylist.cpp.o
[40/97] Building CXX object CMakeFiles/juk.dir/exampleoptions.cpp.o
[41/97] Building CXX object CMakeFiles/juk.dir/filehandle.cpp.o
[42/97] Building CXX object CMakeFiles/juk.dir/folderplaylist.cpp.o
[43/97] Building CXX object CMakeFiles/juk.dir/iconsupport.cpp.o
[44/97] Building CXX object CMakeFiles/juk.dir/cache.cpp.o
[45/97] Building CXX object CMakeFiles/juk.dir/directoryloader.cpp.o
[46/97] Building CXX object CMakeFiles/juk.dir/dynamicplaylist.cpp.o
[47/97] Building CXX object CMakeFiles/juk.dir/slider.cpp.o
[48/97] Building CXX object CMakeFiles/juk.dir/advancedsearchdialog.cpp.o
[49/97] Building CXX object CMakeFiles/juk.dir/coverinfo.cpp.o
[50/97] Building CXX object CMakeFiles/juk.dir/filerenamerconfigdlg.cpp.o
[51/97] Building CXX object CMakeFiles/juk.dir/juktag.cpp.o
[52/97] Building CXX object CMakeFiles/juk.dir/keydialog.cpp.o
[53/97] Building CXX object CMakeFiles/juk.dir/playlistinterface.cpp.o
[54/97] Building CXX object CMakeFiles/juk.dir/collectionlist.cpp.o
[55/97] Building CXX object CMakeFiles/juk.dir/lyricswidget.cpp.o
[56/97] Building CXX object CMakeFiles/juk.dir/mpris2/mediaplayer2.cpp.o
[57/97] Building CXX object CMakeFiles/juk.dir/main.cpp.o
[58/97] Building CXX object CMakeFiles/juk.dir/dbuscollectionproxy.cpp.o
[59/97] Building CXX object CMakeFiles/juk.dir/mediafiles.cpp.o
[60/97] Building CXX object CMakeFiles/juk.dir/mpris2/mpris2.cpp.o
[61/97] Building CXX object CMakeFiles/juk.dir/historyplaylist.cpp.o
[62/97] Building CXX object CMakeFiles/juk.dir/nowplaying.cpp.o
[63/97] Building CXX object CMakeFiles/juk.dir/filerenamer.cpp.o
[64/97] Building CXX object CMakeFiles/juk.dir/stringshare.cpp.o
[65/97] Building CXX object CMakeFiles/juk.dir/mpris2/mediaplayer2player.cpp.o
[66/97] Building CXX object CMakeFiles/juk.dir/playlistitem.cpp.o
[67/97] Building CXX object CMakeFiles/juk.dir/juk.cpp.o
/home/omen/GITHUB/PLASMA_WORLD/AthOS/REPO-AthOS/juk/work/juk-25.04.1/juk.cpp: In member function ‘void JuK::slotSetupSystemTray()’:
/home/omen/GITHUB/PLASMA_WORLD/AthOS/REPO-AthOS/juk/work/juk-25.04.1/juk.cpp:384:51: warning: ‘QAction* KStatusNotifierItem::action(const QString&) const’ is deprecated: Since 6.6. See API docs [-Wdeprecated-declarations]
  384 |         QAction *quitAction = m_systemTray->action(QStringLiteral("quit"));
      |                               ~~~~~~~~~~~~~~~~~~~~^~~~~~~~~~~~~~~~~~~~~~~~
In file included from /usr/include/KF6/KStatusNotifierItem/KStatusNotifierItem:1,
                 from /home/omen/GITHUB/PLASMA_WORLD/AthOS/REPO-AthOS/juk/work/juk-25.04.1/systemtray.h:22,
                 from /home/omen/GITHUB/PLASMA_WORLD/AthOS/REPO-AthOS/juk/work/juk-25.04.1/juk.cpp:59:
/usr/include/KF6/KStatusNotifierItem/kstatusnotifieritem.h:429:14: note: declared here
  429 |     QAction *action(const QString &name) const;
      |              ^~~~~~
[68/97] Building CXX object CMakeFiles/juk.dir/scrobbleconfigdlg.cpp.o
[69/97] Building CXX object CMakeFiles/juk.dir/playlistsearch.cpp.o
[70/97] Building CXX object CMakeFiles/juk.dir/playlistsharedsettings.cpp.o
[71/97] Building CXX object CMakeFiles/juk.dir/searchplaylist.cpp.o
[72/97] Building CXX object CMakeFiles/juk.dir/statuslabel.cpp.o
[73/97] Building CXX object CMakeFiles/juk.dir/scrobbler.cpp.o
[74/97] Building CXX object CMakeFiles/juk.dir/juk_autogen/EWIEGA46WW/qrc_juk.cpp.o
[75/97] Linking CXX executable bin/tagguessertest
[76/97] Building CXX object CMakeFiles/juk.dir/slideraction.cpp.o
[77/97] Building CXX object CMakeFiles/juk.dir/tagrenameroptions.cpp.o
[78/97] Building CXX object CMakeFiles/juk.dir/systemtray.cpp.o
[79/97] Building CXX object CMakeFiles/juk.dir/juk_autogen/mocs_compilation.cpp.o
[80/97] Building CXX object CMakeFiles/juk.dir/tagguesserconfigdlg.cpp.o
[81/97] Building CXX object CMakeFiles/juk.dir/tagguesser.cpp.o
[82/97] Building CXX object CMakeFiles/juk.dir/playermanager.cpp.o
[83/97] Building CXX object CMakeFiles/juk.dir/juk_debug.cpp.o
[84/97] Building CXX object CMakeFiles/juk.dir/playlistsplitter.cpp.o
[85/97] Building CXX object CMakeFiles/juk.dir/playlistbox.cpp.o
[86/97] Building CXX object CMakeFiles/juk.dir/treeviewitemplaylist.cpp.o
[87/97] Building CXX object CMakeFiles/juk.dir/searchwidget.cpp.o
[88/97] Building CXX object CMakeFiles/juk.dir/tageditor.cpp.o
[89/97] Building CXX object CMakeFiles/juk.dir/playlistcollection.cpp.o
[90/97] Building CXX object CMakeFiles/juk.dir/upcomingplaylist.cpp.o
[91/97] Building CXX object CMakeFiles/juk.dir/tagtransactionmanager.cpp.o
[92/97] Building CXX object CMakeFiles/juk.dir/collectionadaptor.cpp.o
[93/97] Building CXX object CMakeFiles/juk.dir/viewmode.cpp.o
[94/97] Building CXX object CMakeFiles/juk.dir/searchadaptor.cpp.o
[95/97] Building CXX object CMakeFiles/juk.dir/playeradaptor.cpp.o
[96/97] Building CXX object CMakeFiles/juk.dir/playlist.cpp.o
[97/97] Linking CXX executable bin/juk
-- Install configuration: "RelWithDebInfo"
-- Installing: /home/omen/GITHUB/PLASMA_WORLD/AthOS/REPO-AthOS/juk/package-juk/usr/share/doc/HTML/en/juk/index.cache.bz2
-- Installing: /home/omen/GITHUB/PLASMA_WORLD/AthOS/REPO-AthOS/juk/package-juk/usr/share/doc/HTML/en/juk/index.docbook
-- Installing: /home/omen/GITHUB/PLASMA_WORLD/AthOS/REPO-AthOS/juk/package-juk/usr/share/doc/HTML/en/juk/history-playlist.png
-- Installing: /home/omen/GITHUB/PLASMA_WORLD/AthOS/REPO-AthOS/juk/package-juk/usr/share/doc/HTML/en/juk/juk-adv-search.png
-- Installing: /home/omen/GITHUB/PLASMA_WORLD/AthOS/REPO-AthOS/juk/package-juk/usr/share/doc/HTML/en/juk/juk-file-renamer.png
-- Installing: /home/omen/GITHUB/PLASMA_WORLD/AthOS/REPO-AthOS/juk/package-juk/usr/share/doc/HTML/en/juk/juk-main.png
-- Installing: /home/omen/GITHUB/PLASMA_WORLD/AthOS/REPO-AthOS/juk/package-juk/usr/share/doc/HTML/en/juk/juk-manage-folders.png
-- Installing: /home/omen/GITHUB/PLASMA_WORLD/AthOS/REPO-AthOS/juk/package-juk/usr/share/doc/HTML/en/juk/juk-tag-guesser.png
-- Installing: /home/omen/GITHUB/PLASMA_WORLD/AthOS/REPO-AthOS/juk/package-juk/usr/share/doc/HTML/en/juk/normal-playlist.png
-- Installing: /home/omen/GITHUB/PLASMA_WORLD/AthOS/REPO-AthOS/juk/package-juk/usr/share/doc/HTML/en/juk/search-playlist.png
-- Installing: /home/omen/GITHUB/PLASMA_WORLD/AthOS/REPO-AthOS/juk/package-juk/usr/share/doc/HTML/en/juk/toolbar.png
-- Installing: /home/omen/GITHUB/PLASMA_WORLD/AthOS/REPO-AthOS/juk/package-juk/usr/share/juk/pics/theme.svg
-- Installing: /home/omen/GITHUB/PLASMA_WORLD/AthOS/REPO-AthOS/juk/package-juk/usr/share/juk/pics/playing.png
-- Installing: /home/omen/GITHUB/PLASMA_WORLD/AthOS/REPO-AthOS/juk/package-juk/usr/bin/juk
-- Installing: /home/omen/GITHUB/PLASMA_WORLD/AthOS/REPO-AthOS/juk/package-juk/usr/share/applications/org.kde.juk.desktop
-- Installing: /home/omen/GITHUB/PLASMA_WORLD/AthOS/REPO-AthOS/juk/package-juk/usr/share/knotifications6/juk.notifyrc
-- Installing: /home/omen/GITHUB/PLASMA_WORLD/AthOS/REPO-AthOS/juk/package-juk/usr/share/metainfo/org.kde.juk.appdata.xml
-- Installing: /home/omen/GITHUB/PLASMA_WORLD/AthOS/REPO-AthOS/juk/package-juk/usr/share/kio/servicemenus/jukservicemenu.desktop
-- Installing: /home/omen/GITHUB/PLASMA_WORLD/AthOS/REPO-AthOS/juk/package-juk/usr/share/dbus-1/interfaces/org.kde.juk.collection.xml
-- Installing: /home/omen/GITHUB/PLASMA_WORLD/AthOS/REPO-AthOS/juk/package-juk/usr/share/dbus-1/interfaces/org.kde.juk.player.xml
-- Installing: /home/omen/GITHUB/PLASMA_WORLD/AthOS/REPO-AthOS/juk/package-juk/usr/share/dbus-1/interfaces/org.kde.juk.search.xml
-- Installing: /home/omen/GITHUB/PLASMA_WORLD/AthOS/REPO-AthOS/juk/package-juk/usr/share/locale
-- Installing: /home/omen/GITHUB/PLASMA_WORLD/AthOS/REPO-AthOS/juk/package-juk/usr/share/locale/da
-- Installing: /home/omen/GITHUB/PLASMA_WORLD/AthOS/REPO-AthOS/juk/package-juk/usr/share/locale/da/LC_MESSAGES
-- Installing: /home/omen/GITHUB/PLASMA_WORLD/AthOS/REPO-AthOS/juk/package-juk/usr/share/locale/da/LC_MESSAGES/juk.mo
-- Installing: /home/omen/GITHUB/PLASMA_WORLD/AthOS/REPO-AthOS/juk/package-juk/usr/share/locale/ms
-- Installing: /home/omen/GITHUB/PLASMA_WORLD/AthOS/REPO-AthOS/juk/package-juk/usr/share/locale/ms/LC_MESSAGES
-- Installing: /home/omen/GITHUB/PLASMA_WORLD/AthOS/REPO-AthOS/juk/package-juk/usr/share/locale/ms/LC_MESSAGES/juk.mo
-- Installing: /home/omen/GITHUB/PLASMA_WORLD/AthOS/REPO-AthOS/juk/package-juk/usr/share/locale/cs
-- Installing: /home/omen/GITHUB/PLASMA_WORLD/AthOS/REPO-AthOS/juk/package-juk/usr/share/locale/cs/LC_MESSAGES
-- Installing: /home/omen/GITHUB/PLASMA_WORLD/AthOS/REPO-AthOS/juk/package-juk/usr/share/locale/cs/LC_MESSAGES/juk.mo
-- Installing: /home/omen/GITHUB/PLASMA_WORLD/AthOS/REPO-AthOS/juk/package-juk/usr/share/locale/ja
-- Installing: /home/omen/GITHUB/PLASMA_WORLD/AthOS/REPO-AthOS/juk/package-juk/usr/share/locale/ja/LC_MESSAGES
-- Installing: /home/omen/GITHUB/PLASMA_WORLD/AthOS/REPO-AthOS/juk/package-juk/usr/share/locale/ja/LC_MESSAGES/juk.mo
-- Installing: /home/omen/GITHUB/PLASMA_WORLD/AthOS/REPO-AthOS/juk/package-juk/usr/share/locale/sr@ijekavian
-- Installing: /home/omen/GITHUB/PLASMA_WORLD/AthOS/REPO-AthOS/juk/package-juk/usr/share/locale/sr@ijekavian/LC_MESSAGES
-- Installing: /home/omen/GITHUB/PLASMA_WORLD/AthOS/REPO-AthOS/juk/package-juk/usr/share/locale/sr@ijekavian/LC_MESSAGES/juk.mo
-- Installing: /home/omen/GITHUB/PLASMA_WORLD/AthOS/REPO-AthOS/juk/package-juk/usr/share/locale/de
-- Installing: /home/omen/GITHUB/PLASMA_WORLD/AthOS/REPO-AthOS/juk/package-juk/usr/share/locale/de/LC_MESSAGES
-- Installing: /home/omen/GITHUB/PLASMA_WORLD/AthOS/REPO-AthOS/juk/package-juk/usr/share/locale/de/LC_MESSAGES/juk.mo
-- Installing: /home/omen/GITHUB/PLASMA_WORLD/AthOS/REPO-AthOS/juk/package-juk/usr/share/locale/el
-- Installing: /home/omen/GITHUB/PLASMA_WORLD/AthOS/REPO-AthOS/juk/package-juk/usr/share/locale/el/LC_MESSAGES
-- Installing: /home/omen/GITHUB/PLASMA_WORLD/AthOS/REPO-AthOS/juk/package-juk/usr/share/locale/el/LC_MESSAGES/juk.mo
-- Installing: /home/omen/GITHUB/PLASMA_WORLD/AthOS/REPO-AthOS/juk/package-juk/usr/share/locale/nn
-- Installing: /home/omen/GITHUB/PLASMA_WORLD/AthOS/REPO-AthOS/juk/package-juk/usr/share/locale/nn/LC_MESSAGES
-- Installing: /home/omen/GITHUB/PLASMA_WORLD/AthOS/REPO-AthOS/juk/package-juk/usr/share/locale/nn/LC_MESSAGES/juk.mo
-- Installing: /home/omen/GITHUB/PLASMA_WORLD/AthOS/REPO-AthOS/juk/package-juk/usr/share/locale/sr
-- Installing: /home/omen/GITHUB/PLASMA_WORLD/AthOS/REPO-AthOS/juk/package-juk/usr/share/locale/sr/LC_MESSAGES
-- Installing: /home/omen/GITHUB/PLASMA_WORLD/AthOS/REPO-AthOS/juk/package-juk/usr/share/locale/sr/LC_MESSAGES/juk.mo
-- Installing: /home/omen/GITHUB/PLASMA_WORLD/AthOS/REPO-AthOS/juk/package-juk/usr/share/locale/hi
-- Installing: /home/omen/GITHUB/PLASMA_WORLD/AthOS/REPO-AthOS/juk/package-juk/usr/share/locale/hi/LC_MESSAGES
-- Installing: /home/omen/GITHUB/PLASMA_WORLD/AthOS/REPO-AthOS/juk/package-juk/usr/share/locale/hi/LC_MESSAGES/juk.mo
-- Installing: /home/omen/GITHUB/PLASMA_WORLD/AthOS/REPO-AthOS/juk/package-juk/usr/share/locale/pt_BR
-- Installing: /home/omen/GITHUB/PLASMA_WORLD/AthOS/REPO-AthOS/juk/package-juk/usr/share/locale/pt_BR/LC_MESSAGES
-- Installing: /home/omen/GITHUB/PLASMA_WORLD/AthOS/REPO-AthOS/juk/package-juk/usr/share/locale/pt_BR/LC_MESSAGES/juk.mo
-- Installing: /home/omen/GITHUB/PLASMA_WORLD/AthOS/REPO-AthOS/juk/package-juk/usr/share/locale/lt
-- Installing: /home/omen/GITHUB/PLASMA_WORLD/AthOS/REPO-AthOS/juk/package-juk/usr/share/locale/lt/LC_MESSAGES
-- Installing: /home/omen/GITHUB/PLASMA_WORLD/AthOS/REPO-AthOS/juk/package-juk/usr/share/locale/lt/LC_MESSAGES/juk.mo
-- Installing: /home/omen/GITHUB/PLASMA_WORLD/AthOS/REPO-AthOS/juk/package-juk/usr/share/locale/sr@ijekavianlatin
-- Installing: /home/omen/GITHUB/PLASMA_WORLD/AthOS/REPO-AthOS/juk/package-juk/usr/share/locale/sr@ijekavianlatin/LC_MESSAGES
-- Installing: /home/omen/GITHUB/PLASMA_WORLD/AthOS/REPO-AthOS/juk/package-juk/usr/share/locale/sr@ijekavianlatin/LC_MESSAGES/juk.mo
-- Installing: /home/omen/GITHUB/PLASMA_WORLD/AthOS/REPO-AthOS/juk/package-juk/usr/share/locale/be
-- Installing: /home/omen/GITHUB/PLASMA_WORLD/AthOS/REPO-AthOS/juk/package-juk/usr/share/locale/be/LC_MESSAGES
-- Installing: /home/omen/GITHUB/PLASMA_WORLD/AthOS/REPO-AthOS/juk/package-juk/usr/share/locale/be/LC_MESSAGES/juk.mo
-- Installing: /home/omen/GITHUB/PLASMA_WORLD/AthOS/REPO-AthOS/juk/package-juk/usr/share/locale/pa
-- Installing: /home/omen/GITHUB/PLASMA_WORLD/AthOS/REPO-AthOS/juk/package-juk/usr/share/locale/pa/LC_MESSAGES
-- Installing: /home/omen/GITHUB/PLASMA_WORLD/AthOS/REPO-AthOS/juk/package-juk/usr/share/locale/pa/LC_MESSAGES/juk.mo
-- Installing: /home/omen/GITHUB/PLASMA_WORLD/AthOS/REPO-AthOS/juk/package-juk/usr/share/locale/sl
-- Installing: /home/omen/GITHUB/PLASMA_WORLD/AthOS/REPO-AthOS/juk/package-juk/usr/share/locale/sl/LC_MESSAGES
-- Installing: /home/omen/GITHUB/PLASMA_WORLD/AthOS/REPO-AthOS/juk/package-juk/usr/share/locale/sl/LC_MESSAGES/juk.mo
-- Installing: /home/omen/GITHUB/PLASMA_WORLD/AthOS/REPO-AthOS/juk/package-juk/usr/share/locale/ie
-- Installing: /home/omen/GITHUB/PLASMA_WORLD/AthOS/REPO-AthOS/juk/package-juk/usr/share/locale/ie/LC_MESSAGES
-- Installing: /home/omen/GITHUB/PLASMA_WORLD/AthOS/REPO-AthOS/juk/package-juk/usr/share/locale/ie/LC_MESSAGES/juk.mo
-- Installing: /home/omen/GITHUB/PLASMA_WORLD/AthOS/REPO-AthOS/juk/package-juk/usr/share/locale/ta
-- Installing: /home/omen/GITHUB/PLASMA_WORLD/AthOS/REPO-AthOS/juk/package-juk/usr/share/locale/ta/LC_MESSAGES
-- Installing: /home/omen/GITHUB/PLASMA_WORLD/AthOS/REPO-AthOS/juk/package-juk/usr/share/locale/ta/LC_MESSAGES/juk.mo
-- Installing: /home/omen/GITHUB/PLASMA_WORLD/AthOS/REPO-AthOS/juk/package-juk/usr/share/locale/ro
-- Installing: /home/omen/GITHUB/PLASMA_WORLD/AthOS/REPO-AthOS/juk/package-juk/usr/share/locale/ro/LC_MESSAGES
-- Installing: /home/omen/GITHUB/PLASMA_WORLD/AthOS/REPO-AthOS/juk/package-juk/usr/share/locale/ro/LC_MESSAGES/juk.mo
-- Installing: /home/omen/GITHUB/PLASMA_WORLD/AthOS/REPO-AthOS/juk/package-juk/usr/share/locale/bs
-- Installing: /home/omen/GITHUB/PLASMA_WORLD/AthOS/REPO-AthOS/juk/package-juk/usr/share/locale/bs/LC_MESSAGES
-- Installing: /home/omen/GITHUB/PLASMA_WORLD/AthOS/REPO-AthOS/juk/package-juk/usr/share/locale/bs/LC_MESSAGES/juk.mo
-- Installing: /home/omen/GITHUB/PLASMA_WORLD/AthOS/REPO-AthOS/juk/package-juk/usr/share/locale/is
-- Installing: /home/omen/GITHUB/PLASMA_WORLD/AthOS/REPO-AthOS/juk/package-juk/usr/share/locale/is/LC_MESSAGES
-- Installing: /home/omen/GITHUB/PLASMA_WORLD/AthOS/REPO-AthOS/juk/package-juk/usr/share/locale/is/LC_MESSAGES/juk.mo
-- Installing: /home/omen/GITHUB/PLASMA_WORLD/AthOS/REPO-AthOS/juk/package-juk/usr/share/locale/kk
-- Installing: /home/omen/GITHUB/PLASMA_WORLD/AthOS/REPO-AthOS/juk/package-juk/usr/share/locale/kk/LC_MESSAGES
-- Installing: /home/omen/GITHUB/PLASMA_WORLD/AthOS/REPO-AthOS/juk/package-juk/usr/share/locale/kk/LC_MESSAGES/juk.mo
-- Installing: /home/omen/GITHUB/PLASMA_WORLD/AthOS/REPO-AthOS/juk/package-juk/usr/share/locale/sr@latin
-- Installing: /home/omen/GITHUB/PLASMA_WORLD/AthOS/REPO-AthOS/juk/package-juk/usr/share/locale/sr@latin/LC_MESSAGES
-- Installing: /home/omen/GITHUB/PLASMA_WORLD/AthOS/REPO-AthOS/juk/package-juk/usr/share/locale/sr@latin/LC_MESSAGES/juk.mo
-- Installing: /home/omen/GITHUB/PLASMA_WORLD/AthOS/REPO-AthOS/juk/package-juk/usr/share/locale/he
-- Installing: /home/omen/GITHUB/PLASMA_WORLD/AthOS/REPO-AthOS/juk/package-juk/usr/share/locale/he/LC_MESSAGES
-- Installing: /home/omen/GITHUB/PLASMA_WORLD/AthOS/REPO-AthOS/juk/package-juk/usr/share/locale/he/LC_MESSAGES/juk.mo
-- Installing: /home/omen/GITHUB/PLASMA_WORLD/AthOS/REPO-AthOS/juk/package-juk/usr/share/locale/zh_TW
-- Installing: /home/omen/GITHUB/PLASMA_WORLD/AthOS/REPO-AthOS/juk/package-juk/usr/share/locale/zh_TW/LC_MESSAGES
-- Installing: /home/omen/GITHUB/PLASMA_WORLD/AthOS/REPO-AthOS/juk/package-juk/usr/share/locale/zh_TW/LC_MESSAGES/juk.mo
-- Installing: /home/omen/GITHUB/PLASMA_WORLD/AthOS/REPO-AthOS/juk/package-juk/usr/share/locale/tg
-- Installing: /home/omen/GITHUB/PLASMA_WORLD/AthOS/REPO-AthOS/juk/package-juk/usr/share/locale/tg/LC_MESSAGES
-- Installing: /home/omen/GITHUB/PLASMA_WORLD/AthOS/REPO-AthOS/juk/package-juk/usr/share/locale/tg/LC_MESSAGES/juk.mo
-- Installing: /home/omen/GITHUB/PLASMA_WORLD/AthOS/REPO-AthOS/juk/package-juk/usr/share/locale/fa
-- Installing: /home/omen/GITHUB/PLASMA_WORLD/AthOS/REPO-AthOS/juk/package-juk/usr/share/locale/fa/LC_MESSAGES
-- Installing: /home/omen/GITHUB/PLASMA_WORLD/AthOS/REPO-AthOS/juk/package-juk/usr/share/locale/fa/LC_MESSAGES/juk.mo
-- Installing: /home/omen/GITHUB/PLASMA_WORLD/AthOS/REPO-AthOS/juk/package-juk/usr/share/locale/pl
-- Installing: /home/omen/GITHUB/PLASMA_WORLD/AthOS/REPO-AthOS/juk/package-juk/usr/share/locale/pl/LC_MESSAGES
-- Installing: /home/omen/GITHUB/PLASMA_WORLD/AthOS/REPO-AthOS/juk/package-juk/usr/share/locale/pl/LC_MESSAGES/juk.mo
-- Installing: /home/omen/GITHUB/PLASMA_WORLD/AthOS/REPO-AthOS/juk/package-juk/usr/share/locale/km
-- Installing: /home/omen/GITHUB/PLASMA_WORLD/AthOS/REPO-AthOS/juk/package-juk/usr/share/locale/km/LC_MESSAGES
-- Installing: /home/omen/GITHUB/PLASMA_WORLD/AthOS/REPO-AthOS/juk/package-juk/usr/share/locale/km/LC_MESSAGES/juk.mo
-- Installing: /home/omen/GITHUB/PLASMA_WORLD/AthOS/REPO-AthOS/juk/package-juk/usr/share/locale/pt
-- Installing: /home/omen/GITHUB/PLASMA_WORLD/AthOS/REPO-AthOS/juk/package-juk/usr/share/locale/pt/LC_MESSAGES
-- Installing: /home/omen/GITHUB/PLASMA_WORLD/AthOS/REPO-AthOS/juk/package-juk/usr/share/locale/pt/LC_MESSAGES/juk.mo
-- Installing: /home/omen/GITHUB/PLASMA_WORLD/AthOS/REPO-AthOS/juk/package-juk/usr/share/locale/hr
-- Installing: /home/omen/GITHUB/PLASMA_WORLD/AthOS/REPO-AthOS/juk/package-juk/usr/share/locale/hr/LC_MESSAGES
-- Installing: /home/omen/GITHUB/PLASMA_WORLD/AthOS/REPO-AthOS/juk/package-juk/usr/share/locale/hr/LC_MESSAGES/juk.mo
-- Installing: /home/omen/GITHUB/PLASMA_WORLD/AthOS/REPO-AthOS/juk/package-juk/usr/share/locale/tr
-- Installing: /home/omen/GITHUB/PLASMA_WORLD/AthOS/REPO-AthOS/juk/package-juk/usr/share/locale/tr/LC_MESSAGES
-- Installing: /home/omen/GITHUB/PLASMA_WORLD/AthOS/REPO-AthOS/juk/package-juk/usr/share/locale/tr/LC_MESSAGES/juk.mo
-- Installing: /home/omen/GITHUB/PLASMA_WORLD/AthOS/REPO-AthOS/juk/package-juk/usr/share/locale/fr
-- Installing: /home/omen/GITHUB/PLASMA_WORLD/AthOS/REPO-AthOS/juk/package-juk/usr/share/locale/fr/LC_MESSAGES
-- Installing: /home/omen/GITHUB/PLASMA_WORLD/AthOS/REPO-AthOS/juk/package-juk/usr/share/locale/fr/LC_MESSAGES/juk.mo
-- Installing: /home/omen/GITHUB/PLASMA_WORLD/AthOS/REPO-AthOS/juk/package-juk/usr/share/locale/uz
-- Installing: /home/omen/GITHUB/PLASMA_WORLD/AthOS/REPO-AthOS/juk/package-juk/usr/share/locale/uz/LC_MESSAGES
-- Installing: /home/omen/GITHUB/PLASMA_WORLD/AthOS/REPO-AthOS/juk/package-juk/usr/share/locale/uz/LC_MESSAGES/juk.mo
-- Installing: /home/omen/GITHUB/PLASMA_WORLD/AthOS/REPO-AthOS/juk/package-juk/usr/share/locale/ast
-- Installing: /home/omen/GITHUB/PLASMA_WORLD/AthOS/REPO-AthOS/juk/package-juk/usr/share/locale/ast/LC_MESSAGES
-- Installing: /home/omen/GITHUB/PLASMA_WORLD/AthOS/REPO-AthOS/juk/package-juk/usr/share/locale/ast/LC_MESSAGES/juk.mo
-- Installing: /home/omen/GITHUB/PLASMA_WORLD/AthOS/REPO-AthOS/juk/package-juk/usr/share/locale/ne
-- Installing: /home/omen/GITHUB/PLASMA_WORLD/AthOS/REPO-AthOS/juk/package-juk/usr/share/locale/ne/LC_MESSAGES
-- Installing: /home/omen/GITHUB/PLASMA_WORLD/AthOS/REPO-AthOS/juk/package-juk/usr/share/locale/ne/LC_MESSAGES/juk.mo
-- Installing: /home/omen/GITHUB/PLASMA_WORLD/AthOS/REPO-AthOS/juk/package-juk/usr/share/locale/ka
-- Installing: /home/omen/GITHUB/PLASMA_WORLD/AthOS/REPO-AthOS/juk/package-juk/usr/share/locale/ka/LC_MESSAGES
-- Installing: /home/omen/GITHUB/PLASMA_WORLD/AthOS/REPO-AthOS/juk/package-juk/usr/share/locale/ka/LC_MESSAGES/juk.mo
-- Installing: /home/omen/GITHUB/PLASMA_WORLD/AthOS/REPO-AthOS/juk/package-juk/usr/share/locale/cy
-- Installing: /home/omen/GITHUB/PLASMA_WORLD/AthOS/REPO-AthOS/juk/package-juk/usr/share/locale/cy/LC_MESSAGES
-- Installing: /home/omen/GITHUB/PLASMA_WORLD/AthOS/REPO-AthOS/juk/package-juk/usr/share/locale/cy/LC_MESSAGES/juk.mo
-- Installing: /home/omen/GITHUB/PLASMA_WORLD/AthOS/REPO-AthOS/juk/package-juk/usr/share/locale/th
-- Installing: /home/omen/GITHUB/PLASMA_WORLD/AthOS/REPO-AthOS/juk/package-juk/usr/share/locale/th/LC_MESSAGES
-- Installing: /home/omen/GITHUB/PLASMA_WORLD/AthOS/REPO-AthOS/juk/package-juk/usr/share/locale/th/LC_MESSAGES/juk.mo
-- Installing: /home/omen/GITHUB/PLASMA_WORLD/AthOS/REPO-AthOS/juk/package-juk/usr/share/locale/gl
-- Installing: /home/omen/GITHUB/PLASMA_WORLD/AthOS/REPO-AthOS/juk/package-juk/usr/share/locale/gl/LC_MESSAGES
-- Installing: /home/omen/GITHUB/PLASMA_WORLD/AthOS/REPO-AthOS/juk/package-juk/usr/share/locale/gl/LC_MESSAGES/juk.mo
-- Installing: /home/omen/GITHUB/PLASMA_WORLD/AthOS/REPO-AthOS/juk/package-juk/usr/share/locale/ia
-- Installing: /home/omen/GITHUB/PLASMA_WORLD/AthOS/REPO-AthOS/juk/package-juk/usr/share/locale/ia/LC_MESSAGES
-- Installing: /home/omen/GITHUB/PLASMA_WORLD/AthOS/REPO-AthOS/juk/package-juk/usr/share/locale/ia/LC_MESSAGES/juk.mo
-- Installing: /home/omen/GITHUB/PLASMA_WORLD/AthOS/REPO-AthOS/juk/package-juk/usr/share/locale/hu
-- Installing: /home/omen/GITHUB/PLASMA_WORLD/AthOS/REPO-AthOS/juk/package-juk/usr/share/locale/hu/LC_MESSAGES
-- Installing: /home/omen/GITHUB/PLASMA_WORLD/AthOS/REPO-AthOS/juk/package-juk/usr/share/locale/hu/LC_MESSAGES/juk.mo
-- Installing: /home/omen/GITHUB/PLASMA_WORLD/AthOS/REPO-AthOS/juk/package-juk/usr/share/locale/eo
-- Installing: /home/omen/GITHUB/PLASMA_WORLD/AthOS/REPO-AthOS/juk/package-juk/usr/share/locale/eo/LC_MESSAGES
-- Installing: /home/omen/GITHUB/PLASMA_WORLD/AthOS/REPO-AthOS/juk/package-juk/usr/share/locale/eo/LC_MESSAGES/juk.mo
-- Installing: /home/omen/GITHUB/PLASMA_WORLD/AthOS/REPO-AthOS/juk/package-juk/usr/share/locale/bg
-- Installing: /home/omen/GITHUB/PLASMA_WORLD/AthOS/REPO-AthOS/juk/package-juk/usr/share/locale/bg/LC_MESSAGES
-- Installing: /home/omen/GITHUB/PLASMA_WORLD/AthOS/REPO-AthOS/juk/package-juk/usr/share/locale/bg/LC_MESSAGES/juk.mo
-- Installing: /home/omen/GITHUB/PLASMA_WORLD/AthOS/REPO-AthOS/juk/package-juk/usr/share/locale/ga
-- Installing: /home/omen/GITHUB/PLASMA_WORLD/AthOS/REPO-AthOS/juk/package-juk/usr/share/locale/ga/LC_MESSAGES
-- Installing: /home/omen/GITHUB/PLASMA_WORLD/AthOS/REPO-AthOS/juk/package-juk/usr/share/locale/ga/LC_MESSAGES/juk.mo
-- Installing: /home/omen/GITHUB/PLASMA_WORLD/AthOS/REPO-AthOS/juk/package-juk/usr/share/locale/br
-- Installing: /home/omen/GITHUB/PLASMA_WORLD/AthOS/REPO-AthOS/juk/package-juk/usr/share/locale/br/LC_MESSAGES
-- Installing: /home/omen/GITHUB/PLASMA_WORLD/AthOS/REPO-AthOS/juk/package-juk/usr/share/locale/br/LC_MESSAGES/juk.mo
-- Installing: /home/omen/GITHUB/PLASMA_WORLD/AthOS/REPO-AthOS/juk/package-juk/usr/share/locale/ca
-- Installing: /home/omen/GITHUB/PLASMA_WORLD/AthOS/REPO-AthOS/juk/package-juk/usr/share/locale/ca/LC_MESSAGES
-- Installing: /home/omen/GITHUB/PLASMA_WORLD/AthOS/REPO-AthOS/juk/package-juk/usr/share/locale/ca/LC_MESSAGES/juk.mo
-- Installing: /home/omen/GITHUB/PLASMA_WORLD/AthOS/REPO-AthOS/juk/package-juk/usr/share/locale/uk
-- Installing: /home/omen/GITHUB/PLASMA_WORLD/AthOS/REPO-AthOS/juk/package-juk/usr/share/locale/uk/LC_MESSAGES
-- Installing: /home/omen/GITHUB/PLASMA_WORLD/AthOS/REPO-AthOS/juk/package-juk/usr/share/locale/uk/LC_MESSAGES/juk.mo
-- Installing: /home/omen/GITHUB/PLASMA_WORLD/AthOS/REPO-AthOS/juk/package-juk/usr/share/locale/id
-- Installing: /home/omen/GITHUB/PLASMA_WORLD/AthOS/REPO-AthOS/juk/package-juk/usr/share/locale/id/LC_MESSAGES
-- Installing: /home/omen/GITHUB/PLASMA_WORLD/AthOS/REPO-AthOS/juk/package-juk/usr/share/locale/id/LC_MESSAGES/juk.mo
-- Installing: /home/omen/GITHUB/PLASMA_WORLD/AthOS/REPO-AthOS/juk/package-juk/usr/share/locale/en_GB
-- Installing: /home/omen/GITHUB/PLASMA_WORLD/AthOS/REPO-AthOS/juk/package-juk/usr/share/locale/en_GB/LC_MESSAGES
-- Installing: /home/omen/GITHUB/PLASMA_WORLD/AthOS/REPO-AthOS/juk/package-juk/usr/share/locale/en_GB/LC_MESSAGES/juk.mo
-- Installing: /home/omen/GITHUB/PLASMA_WORLD/AthOS/REPO-AthOS/juk/package-juk/usr/share/locale/zh_CN
-- Installing: /home/omen/GITHUB/PLASMA_WORLD/AthOS/REPO-AthOS/juk/package-juk/usr/share/locale/zh_CN/LC_MESSAGES
-- Installing: /home/omen/GITHUB/PLASMA_WORLD/AthOS/REPO-AthOS/juk/package-juk/usr/share/locale/zh_CN/LC_MESSAGES/juk.mo
-- Installing: /home/omen/GITHUB/PLASMA_WORLD/AthOS/REPO-AthOS/juk/package-juk/usr/share/locale/nl
-- Installing: /home/omen/GITHUB/PLASMA_WORLD/AthOS/REPO-AthOS/juk/package-juk/usr/share/locale/nl/LC_MESSAGES
-- Installing: /home/omen/GITHUB/PLASMA_WORLD/AthOS/REPO-AthOS/juk/package-juk/usr/share/locale/nl/LC_MESSAGES/juk.mo
-- Installing: /home/omen/GITHUB/PLASMA_WORLD/AthOS/REPO-AthOS/juk/package-juk/usr/share/locale/bn
-- Installing: /home/omen/GITHUB/PLASMA_WORLD/AthOS/REPO-AthOS/juk/package-juk/usr/share/locale/bn/LC_MESSAGES
-- Installing: /home/omen/GITHUB/PLASMA_WORLD/AthOS/REPO-AthOS/juk/package-juk/usr/share/locale/bn/LC_MESSAGES/juk.mo
-- Installing: /home/omen/GITHUB/PLASMA_WORLD/AthOS/REPO-AthOS/juk/package-juk/usr/share/locale/oc
-- Installing: /home/omen/GITHUB/PLASMA_WORLD/AthOS/REPO-AthOS/juk/package-juk/usr/share/locale/oc/LC_MESSAGES
-- Installing: /home/omen/GITHUB/PLASMA_WORLD/AthOS/REPO-AthOS/juk/package-juk/usr/share/locale/oc/LC_MESSAGES/juk.mo
-- Installing: /home/omen/GITHUB/PLASMA_WORLD/AthOS/REPO-AthOS/juk/package-juk/usr/share/locale/sa
-- Installing: /home/omen/GITHUB/PLASMA_WORLD/AthOS/REPO-AthOS/juk/package-juk/usr/share/locale/sa/LC_MESSAGES
-- Installing: /home/omen/GITHUB/PLASMA_WORLD/AthOS/REPO-AthOS/juk/package-juk/usr/share/locale/sa/LC_MESSAGES/juk.mo
-- Installing: /home/omen/GITHUB/PLASMA_WORLD/AthOS/REPO-AthOS/juk/package-juk/usr/share/locale/fi
-- Installing: /home/omen/GITHUB/PLASMA_WORLD/AthOS/REPO-AthOS/juk/package-juk/usr/share/locale/fi/LC_MESSAGES
-- Installing: /home/omen/GITHUB/PLASMA_WORLD/AthOS/REPO-AthOS/juk/package-juk/usr/share/locale/fi/LC_MESSAGES/juk.mo
-- Installing: /home/omen/GITHUB/PLASMA_WORLD/AthOS/REPO-AthOS/juk/package-juk/usr/share/locale/uz@cyrillic
-- Installing: /home/omen/GITHUB/PLASMA_WORLD/AthOS/REPO-AthOS/juk/package-juk/usr/share/locale/uz@cyrillic/LC_MESSAGES
-- Installing: /home/omen/GITHUB/PLASMA_WORLD/AthOS/REPO-AthOS/juk/package-juk/usr/share/locale/uz@cyrillic/LC_MESSAGES/juk.mo
-- Installing: /home/omen/GITHUB/PLASMA_WORLD/AthOS/REPO-AthOS/juk/package-juk/usr/share/locale/ko
-- Installing: /home/omen/GITHUB/PLASMA_WORLD/AthOS/REPO-AthOS/juk/package-juk/usr/share/locale/ko/LC_MESSAGES
-- Installing: /home/omen/GITHUB/PLASMA_WORLD/AthOS/REPO-AthOS/juk/package-juk/usr/share/locale/ko/LC_MESSAGES/juk.mo
-- Installing: /home/omen/GITHUB/PLASMA_WORLD/AthOS/REPO-AthOS/juk/package-juk/usr/share/locale/mk
-- Installing: /home/omen/GITHUB/PLASMA_WORLD/AthOS/REPO-AthOS/juk/package-juk/usr/share/locale/mk/LC_MESSAGES
-- Installing: /home/omen/GITHUB/PLASMA_WORLD/AthOS/REPO-AthOS/juk/package-juk/usr/share/locale/mk/LC_MESSAGES/juk.mo
-- Installing: /home/omen/GITHUB/PLASMA_WORLD/AthOS/REPO-AthOS/juk/package-juk/usr/share/locale/ru
-- Installing: /home/omen/GITHUB/PLASMA_WORLD/AthOS/REPO-AthOS/juk/package-juk/usr/share/locale/ru/LC_MESSAGES
-- Installing: /home/omen/GITHUB/PLASMA_WORLD/AthOS/REPO-AthOS/juk/package-juk/usr/share/locale/ru/LC_MESSAGES/juk.mo
-- Installing: /home/omen/GITHUB/PLASMA_WORLD/AthOS/REPO-AthOS/juk/package-juk/usr/share/locale/lv
-- Installing: /home/omen/GITHUB/PLASMA_WORLD/AthOS/REPO-AthOS/juk/package-juk/usr/share/locale/lv/LC_MESSAGES
-- Installing: /home/omen/GITHUB/PLASMA_WORLD/AthOS/REPO-AthOS/juk/package-juk/usr/share/locale/lv/LC_MESSAGES/juk.mo
-- Installing: /home/omen/GITHUB/PLASMA_WORLD/AthOS/REPO-AthOS/juk/package-juk/usr/share/locale/hne
-- Installing: /home/omen/GITHUB/PLASMA_WORLD/AthOS/REPO-AthOS/juk/package-juk/usr/share/locale/hne/LC_MESSAGES
-- Installing: /home/omen/GITHUB/PLASMA_WORLD/AthOS/REPO-AthOS/juk/package-juk/usr/share/locale/hne/LC_MESSAGES/juk.mo
-- Installing: /home/omen/GITHUB/PLASMA_WORLD/AthOS/REPO-AthOS/juk/package-juk/usr/share/locale/ca@valencia
-- Installing: /home/omen/GITHUB/PLASMA_WORLD/AthOS/REPO-AthOS/juk/package-juk/usr/share/locale/ca@valencia/LC_MESSAGES
-- Installing: /home/omen/GITHUB/PLASMA_WORLD/AthOS/REPO-AthOS/juk/package-juk/usr/share/locale/ca@valencia/LC_MESSAGES/juk.mo
-- Installing: /home/omen/GITHUB/PLASMA_WORLD/AthOS/REPO-AthOS/juk/package-juk/usr/share/locale/nb
-- Installing: /home/omen/GITHUB/PLASMA_WORLD/AthOS/REPO-AthOS/juk/package-juk/usr/share/locale/nb/LC_MESSAGES
-- Installing: /home/omen/GITHUB/PLASMA_WORLD/AthOS/REPO-AthOS/juk/package-juk/usr/share/locale/nb/LC_MESSAGES/juk.mo
-- Installing: /home/omen/GITHUB/PLASMA_WORLD/AthOS/REPO-AthOS/juk/package-juk/usr/share/locale/es
-- Installing: /home/omen/GITHUB/PLASMA_WORLD/AthOS/REPO-AthOS/juk/package-juk/usr/share/locale/es/LC_MESSAGES
-- Installing: /home/omen/GITHUB/PLASMA_WORLD/AthOS/REPO-AthOS/juk/package-juk/usr/share/locale/es/LC_MESSAGES/juk.mo
-- Installing: /home/omen/GITHUB/PLASMA_WORLD/AthOS/REPO-AthOS/juk/package-juk/usr/share/locale/eu
-- Installing: /home/omen/GITHUB/PLASMA_WORLD/AthOS/REPO-AthOS/juk/package-juk/usr/share/locale/eu/LC_MESSAGES
-- Installing: /home/omen/GITHUB/PLASMA_WORLD/AthOS/REPO-AthOS/juk/package-juk/usr/share/locale/eu/LC_MESSAGES/juk.mo
-- Installing: /home/omen/GITHUB/PLASMA_WORLD/AthOS/REPO-AthOS/juk/package-juk/usr/share/locale/et
-- Installing: /home/omen/GITHUB/PLASMA_WORLD/AthOS/REPO-AthOS/juk/package-juk/usr/share/locale/et/LC_MESSAGES
-- Installing: /home/omen/GITHUB/PLASMA_WORLD/AthOS/REPO-AthOS/juk/package-juk/usr/share/locale/et/LC_MESSAGES/juk.mo
-- Installing: /home/omen/GITHUB/PLASMA_WORLD/AthOS/REPO-AthOS/juk/package-juk/usr/share/locale/it
-- Installing: /home/omen/GITHUB/PLASMA_WORLD/AthOS/REPO-AthOS/juk/package-juk/usr/share/locale/it/LC_MESSAGES
-- Installing: /home/omen/GITHUB/PLASMA_WORLD/AthOS/REPO-AthOS/juk/package-juk/usr/share/locale/it/LC_MESSAGES/juk.mo
-- Installing: /home/omen/GITHUB/PLASMA_WORLD/AthOS/REPO-AthOS/juk/package-juk/usr/share/locale/se
-- Installing: /home/omen/GITHUB/PLASMA_WORLD/AthOS/REPO-AthOS/juk/package-juk/usr/share/locale/se/LC_MESSAGES
-- Installing: /home/omen/GITHUB/PLASMA_WORLD/AthOS/REPO-AthOS/juk/package-juk/usr/share/locale/se/LC_MESSAGES/juk.mo
-- Installing: /home/omen/GITHUB/PLASMA_WORLD/AthOS/REPO-AthOS/juk/package-juk/usr/share/locale/ar
-- Installing: /home/omen/GITHUB/PLASMA_WORLD/AthOS/REPO-AthOS/juk/package-juk/usr/share/locale/ar/LC_MESSAGES
-- Installing: /home/omen/GITHUB/PLASMA_WORLD/AthOS/REPO-AthOS/juk/package-juk/usr/share/locale/ar/LC_MESSAGES/juk.mo
-- Installing: /home/omen/GITHUB/PLASMA_WORLD/AthOS/REPO-AthOS/juk/package-juk/usr/share/locale/sq
-- Installing: /home/omen/GITHUB/PLASMA_WORLD/AthOS/REPO-AthOS/juk/package-juk/usr/share/locale/sq/LC_MESSAGES
-- Installing: /home/omen/GITHUB/PLASMA_WORLD/AthOS/REPO-AthOS/juk/package-juk/usr/share/locale/sq/LC_MESSAGES/juk.mo
-- Installing: /home/omen/GITHUB/PLASMA_WORLD/AthOS/REPO-AthOS/juk/package-juk/usr/share/locale/nds
-- Installing: /home/omen/GITHUB/PLASMA_WORLD/AthOS/REPO-AthOS/juk/package-juk/usr/share/locale/nds/LC_MESSAGES
-- Installing: /home/omen/GITHUB/PLASMA_WORLD/AthOS/REPO-AthOS/juk/package-juk/usr/share/locale/nds/LC_MESSAGES/juk.mo
-- Installing: /home/omen/GITHUB/PLASMA_WORLD/AthOS/REPO-AthOS/juk/package-juk/usr/share/locale/mr
-- Installing: /home/omen/GITHUB/PLASMA_WORLD/AthOS/REPO-AthOS/juk/package-juk/usr/share/locale/mr/LC_MESSAGES
-- Installing: /home/omen/GITHUB/PLASMA_WORLD/AthOS/REPO-AthOS/juk/package-juk/usr/share/locale/mr/LC_MESSAGES/juk.mo
-- Installing: /home/omen/GITHUB/PLASMA_WORLD/AthOS/REPO-AthOS/juk/package-juk/usr/share/locale/ug
-- Installing: /home/omen/GITHUB/PLASMA_WORLD/AthOS/REPO-AthOS/juk/package-juk/usr/share/locale/ug/LC_MESSAGES
-- Installing: /home/omen/GITHUB/PLASMA_WORLD/AthOS/REPO-AthOS/juk/package-juk/usr/share/locale/ug/LC_MESSAGES/juk.mo
-- Installing: /home/omen/GITHUB/PLASMA_WORLD/AthOS/REPO-AthOS/juk/package-juk/usr/share/locale/sk
-- Installing: /home/omen/GITHUB/PLASMA_WORLD/AthOS/REPO-AthOS/juk/package-juk/usr/share/locale/sk/LC_MESSAGES
-- Installing: /home/omen/GITHUB/PLASMA_WORLD/AthOS/REPO-AthOS/juk/package-juk/usr/share/locale/sk/LC_MESSAGES/juk.mo
-- Installing: /home/omen/GITHUB/PLASMA_WORLD/AthOS/REPO-AthOS/juk/package-juk/usr/share/locale/sv
-- Installing: /home/omen/GITHUB/PLASMA_WORLD/AthOS/REPO-AthOS/juk/package-juk/usr/share/locale/sv/LC_MESSAGES
-- Installing: /home/omen/GITHUB/PLASMA_WORLD/AthOS/REPO-AthOS/juk/package-juk/usr/share/locale/sv/LC_MESSAGES/juk.mo
-- Installing: /home/omen/GITHUB/PLASMA_WORLD/AthOS/REPO-AthOS/juk/package-juk/usr/share/doc/HTML/ca/juk/index.cache.bz2
-- Installing: /home/omen/GITHUB/PLASMA_WORLD/AthOS/REPO-AthOS/juk/package-juk/usr/share/doc/HTML/ca/juk/index.docbook
-- Installing: /home/omen/GITHUB/PLASMA_WORLD/AthOS/REPO-AthOS/juk/package-juk/usr/share/doc/HTML/ca/juk/history-playlist.png
-- Installing: /home/omen/GITHUB/PLASMA_WORLD/AthOS/REPO-AthOS/juk/package-juk/usr/share/doc/HTML/ca/juk/normal-playlist.png
-- Installing: /home/omen/GITHUB/PLASMA_WORLD/AthOS/REPO-AthOS/juk/package-juk/usr/share/doc/HTML/ca/juk/search-playlist.png
-- Installing: /home/omen/GITHUB/PLASMA_WORLD/AthOS/REPO-AthOS/juk/package-juk/usr/share/doc/HTML/de/juk/index.cache.bz2
-- Installing: /home/omen/GITHUB/PLASMA_WORLD/AthOS/REPO-AthOS/juk/package-juk/usr/share/doc/HTML/de/juk/index.docbook
-- Installing: /home/omen/GITHUB/PLASMA_WORLD/AthOS/REPO-AthOS/juk/package-juk/usr/share/doc/HTML/de/juk/history-playlist.png
-- Installing: /home/omen/GITHUB/PLASMA_WORLD/AthOS/REPO-AthOS/juk/package-juk/usr/share/doc/HTML/de/juk/juk-adv-search.png
-- Installing: /home/omen/GITHUB/PLASMA_WORLD/AthOS/REPO-AthOS/juk/package-juk/usr/share/doc/HTML/de/juk/juk-file-renamer.png
-- Installing: /home/omen/GITHUB/PLASMA_WORLD/AthOS/REPO-AthOS/juk/package-juk/usr/share/doc/HTML/de/juk/juk-main.png
-- Installing: /home/omen/GITHUB/PLASMA_WORLD/AthOS/REPO-AthOS/juk/package-juk/usr/share/doc/HTML/de/juk/juk-tag-guesser.png
-- Installing: /home/omen/GITHUB/PLASMA_WORLD/AthOS/REPO-AthOS/juk/package-juk/usr/share/doc/HTML/de/juk/normal-playlist.png
-- Installing: /home/omen/GITHUB/PLASMA_WORLD/AthOS/REPO-AthOS/juk/package-juk/usr/share/doc/HTML/de/juk/search-playlist.png
-- Installing: /home/omen/GITHUB/PLASMA_WORLD/AthOS/REPO-AthOS/juk/package-juk/usr/share/doc/HTML/de/juk/toolbar.png
-- Installing: /home/omen/GITHUB/PLASMA_WORLD/AthOS/REPO-AthOS/juk/package-juk/usr/share/doc/HTML/es/juk/index.cache.bz2
-- Installing: /home/omen/GITHUB/PLASMA_WORLD/AthOS/REPO-AthOS/juk/package-juk/usr/share/doc/HTML/es/juk/index.docbook
-- Installing: /home/omen/GITHUB/PLASMA_WORLD/AthOS/REPO-AthOS/juk/package-juk/usr/share/doc/HTML/es/juk/history-playlist.png
-- Installing: /home/omen/GITHUB/PLASMA_WORLD/AthOS/REPO-AthOS/juk/package-juk/usr/share/doc/HTML/es/juk/juk-adv-search.png
-- Installing: /home/omen/GITHUB/PLASMA_WORLD/AthOS/REPO-AthOS/juk/package-juk/usr/share/doc/HTML/es/juk/juk-file-renamer.png
-- Installing: /home/omen/GITHUB/PLASMA_WORLD/AthOS/REPO-AthOS/juk/package-juk/usr/share/doc/HTML/es/juk/juk-main.png
-- Installing: /home/omen/GITHUB/PLASMA_WORLD/AthOS/REPO-AthOS/juk/package-juk/usr/share/doc/HTML/es/juk/juk-tag-guesser.png
-- Installing: /home/omen/GITHUB/PLASMA_WORLD/AthOS/REPO-AthOS/juk/package-juk/usr/share/doc/HTML/es/juk/normal-playlist.png
-- Installing: /home/omen/GITHUB/PLASMA_WORLD/AthOS/REPO-AthOS/juk/package-juk/usr/share/doc/HTML/es/juk/search-playlist.png
-- Installing: /home/omen/GITHUB/PLASMA_WORLD/AthOS/REPO-AthOS/juk/package-juk/usr/share/doc/HTML/es/juk/toolbar.png
-- Installing: /home/omen/GITHUB/PLASMA_WORLD/AthOS/REPO-AthOS/juk/package-juk/usr/share/doc/HTML/fr/juk/index.cache.bz2
-- Installing: /home/omen/GITHUB/PLASMA_WORLD/AthOS/REPO-AthOS/juk/package-juk/usr/share/doc/HTML/fr/juk/index.docbook
-- Installing: /home/omen/GITHUB/PLASMA_WORLD/AthOS/REPO-AthOS/juk/package-juk/usr/share/doc/HTML/it/juk/index.cache.bz2
-- Installing: /home/omen/GITHUB/PLASMA_WORLD/AthOS/REPO-AthOS/juk/package-juk/usr/share/doc/HTML/it/juk/index.docbook
-- Installing: /home/omen/GITHUB/PLASMA_WORLD/AthOS/REPO-AthOS/juk/package-juk/usr/share/doc/HTML/it/juk/juk-adv-search.png
-- Installing: /home/omen/GITHUB/PLASMA_WORLD/AthOS/REPO-AthOS/juk/package-juk/usr/share/doc/HTML/it/juk/juk-file-renamer.png
-- Installing: /home/omen/GITHUB/PLASMA_WORLD/AthOS/REPO-AthOS/juk/package-juk/usr/share/doc/HTML/it/juk/juk-main.png
-- Installing: /home/omen/GITHUB/PLASMA_WORLD/AthOS/REPO-AthOS/juk/package-juk/usr/share/doc/HTML/it/juk/juk-manage-folders.png
-- Installing: /home/omen/GITHUB/PLASMA_WORLD/AthOS/REPO-AthOS/juk/package-juk/usr/share/doc/HTML/it/juk/juk-tag-guesser.png
-- Installing: /home/omen/GITHUB/PLASMA_WORLD/AthOS/REPO-AthOS/juk/package-juk/usr/share/doc/HTML/it/juk/toolbar.png
-- Installing: /home/omen/GITHUB/PLASMA_WORLD/AthOS/REPO-AthOS/juk/package-juk/usr/share/doc/HTML/nl/juk/index.cache.bz2
-- Installing: /home/omen/GITHUB/PLASMA_WORLD/AthOS/REPO-AthOS/juk/package-juk/usr/share/doc/HTML/nl/juk/index.docbook
-- Installing: /home/omen/GITHUB/PLASMA_WORLD/AthOS/REPO-AthOS/juk/package-juk/usr/share/doc/HTML/nl/juk/juk-main.png
-- Installing: /home/omen/GITHUB/PLASMA_WORLD/AthOS/REPO-AthOS/juk/package-juk/usr/share/doc/HTML/sl/juk/index.cache.bz2
-- Installing: /home/omen/GITHUB/PLASMA_WORLD/AthOS/REPO-AthOS/juk/package-juk/usr/share/doc/HTML/sl/juk/index.docbook
-- Installing: /home/omen/GITHUB/PLASMA_WORLD/AthOS/REPO-AthOS/juk/package-juk/usr/share/doc/HTML/sr/juk/index.cache.bz2
-- Installing: /home/omen/GITHUB/PLASMA_WORLD/AthOS/REPO-AthOS/juk/package-juk/usr/share/doc/HTML/sr/juk/index.docbook
-- Installing: /home/omen/GITHUB/PLASMA_WORLD/AthOS/REPO-AthOS/juk/package-juk/usr/share/doc/HTML/sr@latin/juk/index.cache.bz2
-- Installing: /home/omen/GITHUB/PLASMA_WORLD/AthOS/REPO-AthOS/juk/package-juk/usr/share/doc/HTML/sr@latin/juk/index.docbook
-- Installing: /home/omen/GITHUB/PLASMA_WORLD/AthOS/REPO-AthOS/juk/package-juk/usr/share/doc/HTML/uk/juk/index.cache.bz2
-- Installing: /home/omen/GITHUB/PLASMA_WORLD/AthOS/REPO-AthOS/juk/package-juk/usr/share/doc/HTML/uk/juk/index.docbook
-- Installing: /home/omen/GITHUB/PLASMA_WORLD/AthOS/REPO-AthOS/juk/package-juk/usr/share/doc/HTML/uk/juk/juk-adv-search.png
-- Installing: /home/omen/GITHUB/PLASMA_WORLD/AthOS/REPO-AthOS/juk/package-juk/usr/share/doc/HTML/uk/juk/juk-file-renamer.png
-- Installing: /home/omen/GITHUB/PLASMA_WORLD/AthOS/REPO-AthOS/juk/package-juk/usr/share/doc/HTML/uk/juk/juk-main.png
-- Installing: /home/omen/GITHUB/PLASMA_WORLD/AthOS/REPO-AthOS/juk/package-juk/usr/share/doc/HTML/uk/juk/juk-manage-folders.png
-- Installing: /home/omen/GITHUB/PLASMA_WORLD/AthOS/REPO-AthOS/juk/package-juk/usr/share/doc/HTML/uk/juk/juk-tag-guesser.png
-- Installing: /home/omen/GITHUB/PLASMA_WORLD/AthOS/REPO-AthOS/juk/package-juk/usr/share/icons/hicolor/128x128/apps/juk.png
-- Installing: /home/omen/GITHUB/PLASMA_WORLD/AthOS/REPO-AthOS/juk/package-juk/usr/share/icons/hicolor/16x16/apps/juk.png
-- Installing: /home/omen/GITHUB/PLASMA_WORLD/AthOS/REPO-AthOS/juk/package-juk/usr/share/icons/hicolor/32x32/apps/juk.png
-- Installing: /home/omen/GITHUB/PLASMA_WORLD/AthOS/REPO-AthOS/juk/package-juk/usr/share/icons/hicolor/48x48/apps/juk.png
-- Installing: /home/omen/GITHUB/PLASMA_WORLD/AthOS/REPO-AthOS/juk/package-juk/usr/share/icons/hicolor/64x64/apps/juk.png
The main part of source code is ready. We are moving on to preparing post install scripts, docs, license, man pages etc..
cp: cannot stat 'AUTHORS': No such file or directory
cp: cannot stat 'ChangeLog*': No such file or directory
cp: cannot stat 'CREDITS': No such file or directory
cp: cannot stat 'LICENSE': No such file or directory
cp: cannot stat 'MAINTAINERS': No such file or directory
cp: cannot stat 'NEWS': No such file or directory
cp: cannot stat 'docs': No such file or directory
cp: cannot stat 'DOCS': No such file or directory
grep: /home/omen/GITHUB/PLASMA_WORLD/AthOS/REPO-AthOS/juk/juk.info: No such file or directory
phonon-backend-gstreamer
extra-cmake-modules
kcompletion
kconfig
kcoreaddons
kcrash
kdoctools
kglobalaccel
ki18n
kiconthemes
kio
kjobwidgets
knotifications
kstatusnotifieritem
ktextwidgets
kwallet
kwidgetsaddons
kwindowsystem
kxmlgui
Packaging compiled for slackware installation...
MAKEPKG_FLAGS is empty or unset, using default

Slackware package maker, version 3.14159265.

Searching for symbolic links:

No symbolic links were found, so we won't make an installation script.
You can make your own later in ./install/doinst.sh and rebuild the
package if you like.

This next step is optional - you can set the directories in your package
to some sane permissions. If any of the directories in your package have
special permissions, then DO NOT reset them here!

Would you like to reset all directory permissions to 755 (drwxr-xr-x) and
directory ownerships to root:root ([y]es, [n]o)? n


Creating Slackware package:  /tmp/juk/juk-25.04.1-x86_64-1_rtz.tlz

./
install/
install/doinst.sh
install/slack-desc
usr/
usr/bin/
usr/bin/juk
usr/doc/
usr/doc/juk-25.04.1/
usr/doc/juk-25.04.1/COPYING
usr/doc/juk-25.04.1/README.md
usr/doc/juk-25.04.1/juk.ini
usr/doc/juk-25.04.1/slack-required
usr/share/
usr/share/applications/
usr/share/applications/org.kde.juk.desktop
usr/share/dbus-1/
usr/share/dbus-1/interfaces/
usr/share/dbus-1/interfaces/org.kde.juk.collection.xml
usr/share/dbus-1/interfaces/org.kde.juk.player.xml
usr/share/dbus-1/interfaces/org.kde.juk.search.xml
usr/share/doc/
usr/share/doc/HTML/
usr/share/doc/HTML/ca/
usr/share/doc/HTML/ca/juk/
usr/share/doc/HTML/ca/juk/history-playlist.png
usr/share/doc/HTML/ca/juk/index.cache.bz2
usr/share/doc/HTML/ca/juk/index.docbook
usr/share/doc/HTML/ca/juk/normal-playlist.png
usr/share/doc/HTML/ca/juk/search-playlist.png
usr/share/doc/HTML/de/
usr/share/doc/HTML/de/juk/
usr/share/doc/HTML/de/juk/history-playlist.png
usr/share/doc/HTML/de/juk/index.cache.bz2
usr/share/doc/HTML/de/juk/index.docbook
usr/share/doc/HTML/de/juk/juk-adv-search.png
usr/share/doc/HTML/de/juk/juk-file-renamer.png
usr/share/doc/HTML/de/juk/juk-main.png
usr/share/doc/HTML/de/juk/juk-tag-guesser.png
usr/share/doc/HTML/de/juk/normal-playlist.png
usr/share/doc/HTML/de/juk/search-playlist.png
usr/share/doc/HTML/de/juk/toolbar.png
usr/share/doc/HTML/en/
usr/share/doc/HTML/en/juk/
usr/share/doc/HTML/en/juk/history-playlist.png
usr/share/doc/HTML/en/juk/index.cache.bz2
usr/share/doc/HTML/en/juk/index.docbook
usr/share/doc/HTML/en/juk/juk-adv-search.png
usr/share/doc/HTML/en/juk/juk-file-renamer.png
usr/share/doc/HTML/en/juk/juk-main.png
usr/share/doc/HTML/en/juk/juk-manage-folders.png
usr/share/doc/HTML/en/juk/juk-tag-guesser.png
usr/share/doc/HTML/en/juk/normal-playlist.png
usr/share/doc/HTML/en/juk/search-playlist.png
usr/share/doc/HTML/en/juk/toolbar.png
usr/share/doc/HTML/es/
usr/share/doc/HTML/es/juk/
usr/share/doc/HTML/es/juk/history-playlist.png
usr/share/doc/HTML/es/juk/index.cache.bz2
usr/share/doc/HTML/es/juk/index.docbook
usr/share/doc/HTML/es/juk/juk-adv-search.png
usr/share/doc/HTML/es/juk/juk-file-renamer.png
usr/share/doc/HTML/es/juk/juk-main.png
usr/share/doc/HTML/es/juk/juk-tag-guesser.png
usr/share/doc/HTML/es/juk/normal-playlist.png
usr/share/doc/HTML/es/juk/search-playlist.png
usr/share/doc/HTML/es/juk/toolbar.png
usr/share/doc/HTML/fr/
usr/share/doc/HTML/fr/juk/
usr/share/doc/HTML/fr/juk/index.cache.bz2
usr/share/doc/HTML/fr/juk/index.docbook
usr/share/doc/HTML/it/
usr/share/doc/HTML/it/juk/
usr/share/doc/HTML/it/juk/index.cache.bz2
usr/share/doc/HTML/it/juk/index.docbook
usr/share/doc/HTML/it/juk/juk-adv-search.png
usr/share/doc/HTML/it/juk/juk-file-renamer.png
usr/share/doc/HTML/it/juk/juk-main.png
usr/share/doc/HTML/it/juk/juk-manage-folders.png
usr/share/doc/HTML/it/juk/juk-tag-guesser.png
usr/share/doc/HTML/it/juk/toolbar.png
usr/share/doc/HTML/nl/
usr/share/doc/HTML/nl/juk/
usr/share/doc/HTML/nl/juk/index.cache.bz2
usr/share/doc/HTML/nl/juk/index.docbook
usr/share/doc/HTML/nl/juk/juk-main.png
usr/share/doc/HTML/sl/
usr/share/doc/HTML/sl/juk/
usr/share/doc/HTML/sl/juk/index.cache.bz2
usr/share/doc/HTML/sl/juk/index.docbook
usr/share/doc/HTML/sr/
usr/share/doc/HTML/sr/juk/
usr/share/doc/HTML/sr/juk/index.cache.bz2
usr/share/doc/HTML/sr/juk/index.docbook
usr/share/doc/HTML/sr@latin/
usr/share/doc/HTML/sr@latin/juk/
usr/share/doc/HTML/sr@latin/juk/index.cache.bz2
usr/share/doc/HTML/sr@latin/juk/index.docbook
usr/share/doc/HTML/uk/
usr/share/doc/HTML/uk/juk/
usr/share/doc/HTML/uk/juk/index.cache.bz2
usr/share/doc/HTML/uk/juk/index.docbook
usr/share/doc/HTML/uk/juk/juk-adv-search.png
usr/share/doc/HTML/uk/juk/juk-file-renamer.png
usr/share/doc/HTML/uk/juk/juk-main.png
usr/share/doc/HTML/uk/juk/juk-manage-folders.png
usr/share/doc/HTML/uk/juk/juk-tag-guesser.png
usr/share/icons/
usr/share/icons/hicolor/
usr/share/icons/hicolor/128x128/
usr/share/icons/hicolor/128x128/apps/
usr/share/icons/hicolor/128x128/apps/juk.png
usr/share/icons/hicolor/16x16/
usr/share/icons/hicolor/16x16/apps/
usr/share/icons/hicolor/16x16/apps/juk.png
usr/share/icons/hicolor/32x32/
usr/share/icons/hicolor/32x32/apps/
usr/share/icons/hicolor/32x32/apps/juk.png
usr/share/icons/hicolor/48x48/
usr/share/icons/hicolor/48x48/apps/
usr/share/icons/hicolor/48x48/apps/juk.png
usr/share/icons/hicolor/64x64/
usr/share/icons/hicolor/64x64/apps/
usr/share/icons/hicolor/64x64/apps/juk.png
usr/share/juk/
usr/share/juk/pics/
usr/share/juk/pics/playing.png
usr/share/juk/pics/theme.svg
usr/share/kio/
usr/share/kio/servicemenus/
usr/share/kio/servicemenus/jukservicemenu.desktop
usr/share/knotifications6/
usr/share/knotifications6/juk.notifyrc
usr/share/locale/
usr/share/locale/ar/
usr/share/locale/ar/LC_MESSAGES/
usr/share/locale/ar/LC_MESSAGES/juk.mo
usr/share/locale/ast/
usr/share/locale/ast/LC_MESSAGES/
usr/share/locale/ast/LC_MESSAGES/juk.mo
usr/share/locale/be/
usr/share/locale/be/LC_MESSAGES/
usr/share/locale/be/LC_MESSAGES/juk.mo
usr/share/locale/bg/
usr/share/locale/bg/LC_MESSAGES/
usr/share/locale/bg/LC_MESSAGES/juk.mo
usr/share/locale/bn/
usr/share/locale/bn/LC_MESSAGES/
usr/share/locale/bn/LC_MESSAGES/juk.mo
usr/share/locale/br/
usr/share/locale/br/LC_MESSAGES/
usr/share/locale/br/LC_MESSAGES/juk.mo
usr/share/locale/bs/
usr/share/locale/bs/LC_MESSAGES/
usr/share/locale/bs/LC_MESSAGES/juk.mo
usr/share/locale/ca/
usr/share/locale/ca/LC_MESSAGES/
usr/share/locale/ca/LC_MESSAGES/juk.mo
usr/share/locale/ca@valencia/
usr/share/locale/ca@valencia/LC_MESSAGES/
usr/share/locale/ca@valencia/LC_MESSAGES/juk.mo
usr/share/locale/cs/
usr/share/locale/cs/LC_MESSAGES/
usr/share/locale/cs/LC_MESSAGES/juk.mo
usr/share/locale/cy/
usr/share/locale/cy/LC_MESSAGES/
usr/share/locale/cy/LC_MESSAGES/juk.mo
usr/share/locale/da/
usr/share/locale/da/LC_MESSAGES/
usr/share/locale/da/LC_MESSAGES/juk.mo
usr/share/locale/de/
usr/share/locale/de/LC_MESSAGES/
usr/share/locale/de/LC_MESSAGES/juk.mo
usr/share/locale/el/
usr/share/locale/el/LC_MESSAGES/
usr/share/locale/el/LC_MESSAGES/juk.mo
usr/share/locale/en_GB/
usr/share/locale/en_GB/LC_MESSAGES/
usr/share/locale/en_GB/LC_MESSAGES/juk.mo
usr/share/locale/eo/
usr/share/locale/eo/LC_MESSAGES/
usr/share/locale/eo/LC_MESSAGES/juk.mo
usr/share/locale/es/
usr/share/locale/es/LC_MESSAGES/
usr/share/locale/es/LC_MESSAGES/juk.mo
usr/share/locale/et/
usr/share/locale/et/LC_MESSAGES/
usr/share/locale/et/LC_MESSAGES/juk.mo
usr/share/locale/eu/
usr/share/locale/eu/LC_MESSAGES/
usr/share/locale/eu/LC_MESSAGES/juk.mo
usr/share/locale/fa/
usr/share/locale/fa/LC_MESSAGES/
usr/share/locale/fa/LC_MESSAGES/juk.mo
usr/share/locale/fi/
usr/share/locale/fi/LC_MESSAGES/
usr/share/locale/fi/LC_MESSAGES/juk.mo
usr/share/locale/fr/
usr/share/locale/fr/LC_MESSAGES/
usr/share/locale/fr/LC_MESSAGES/juk.mo
usr/share/locale/ga/
usr/share/locale/ga/LC_MESSAGES/
usr/share/locale/ga/LC_MESSAGES/juk.mo
usr/share/locale/gl/
usr/share/locale/gl/LC_MESSAGES/
usr/share/locale/gl/LC_MESSAGES/juk.mo
usr/share/locale/he/
usr/share/locale/he/LC_MESSAGES/
usr/share/locale/he/LC_MESSAGES/juk.mo
usr/share/locale/hi/
usr/share/locale/hi/LC_MESSAGES/
usr/share/locale/hi/LC_MESSAGES/juk.mo
usr/share/locale/hne/
usr/share/locale/hne/LC_MESSAGES/
usr/share/locale/hne/LC_MESSAGES/juk.mo
usr/share/locale/hr/
usr/share/locale/hr/LC_MESSAGES/
usr/share/locale/hr/LC_MESSAGES/juk.mo
usr/share/locale/hu/
usr/share/locale/hu/LC_MESSAGES/
usr/share/locale/hu/LC_MESSAGES/juk.mo
usr/share/locale/ia/
usr/share/locale/ia/LC_MESSAGES/
usr/share/locale/ia/LC_MESSAGES/juk.mo
usr/share/locale/id/
usr/share/locale/id/LC_MESSAGES/
usr/share/locale/id/LC_MESSAGES/juk.mo
usr/share/locale/ie/
usr/share/locale/ie/LC_MESSAGES/
usr/share/locale/ie/LC_MESSAGES/juk.mo
usr/share/locale/is/
usr/share/locale/is/LC_MESSAGES/
usr/share/locale/is/LC_MESSAGES/juk.mo
usr/share/locale/it/
usr/share/locale/it/LC_MESSAGES/
usr/share/locale/it/LC_MESSAGES/juk.mo
usr/share/locale/ja/
usr/share/locale/ja/LC_MESSAGES/
usr/share/locale/ja/LC_MESSAGES/juk.mo
usr/share/locale/ka/
usr/share/locale/ka/LC_MESSAGES/
usr/share/locale/ka/LC_MESSAGES/juk.mo
usr/share/locale/kk/
usr/share/locale/kk/LC_MESSAGES/
usr/share/locale/kk/LC_MESSAGES/juk.mo
usr/share/locale/km/
usr/share/locale/km/LC_MESSAGES/
usr/share/locale/km/LC_MESSAGES/juk.mo
usr/share/locale/ko/
usr/share/locale/ko/LC_MESSAGES/
usr/share/locale/ko/LC_MESSAGES/juk.mo
usr/share/locale/lt/
usr/share/locale/lt/LC_MESSAGES/
usr/share/locale/lt/LC_MESSAGES/juk.mo
usr/share/locale/lv/
usr/share/locale/lv/LC_MESSAGES/
usr/share/locale/lv/LC_MESSAGES/juk.mo
usr/share/locale/mk/
usr/share/locale/mk/LC_MESSAGES/
usr/share/locale/mk/LC_MESSAGES/juk.mo
usr/share/locale/mr/
usr/share/locale/mr/LC_MESSAGES/
usr/share/locale/mr/LC_MESSAGES/juk.mo
usr/share/locale/ms/
usr/share/locale/ms/LC_MESSAGES/
usr/share/locale/ms/LC_MESSAGES/juk.mo
usr/share/locale/nb/
usr/share/locale/nb/LC_MESSAGES/
usr/share/locale/nb/LC_MESSAGES/juk.mo
usr/share/locale/nds/
usr/share/locale/nds/LC_MESSAGES/
usr/share/locale/nds/LC_MESSAGES/juk.mo
usr/share/locale/ne/
usr/share/locale/ne/LC_MESSAGES/
usr/share/locale/ne/LC_MESSAGES/juk.mo
usr/share/locale/nl/
usr/share/locale/nl/LC_MESSAGES/
usr/share/locale/nl/LC_MESSAGES/juk.mo
usr/share/locale/nn/
usr/share/locale/nn/LC_MESSAGES/
usr/share/locale/nn/LC_MESSAGES/juk.mo
usr/share/locale/oc/
usr/share/locale/oc/LC_MESSAGES/
usr/share/locale/oc/LC_MESSAGES/juk.mo
usr/share/locale/pa/
usr/share/locale/pa/LC_MESSAGES/
usr/share/locale/pa/LC_MESSAGES/juk.mo
usr/share/locale/pl/
usr/share/locale/pl/LC_MESSAGES/
usr/share/locale/pl/LC_MESSAGES/juk.mo
usr/share/locale/pt/
usr/share/locale/pt/LC_MESSAGES/
usr/share/locale/pt/LC_MESSAGES/juk.mo
usr/share/locale/pt_BR/
usr/share/locale/pt_BR/LC_MESSAGES/
usr/share/locale/pt_BR/LC_MESSAGES/juk.mo
usr/share/locale/ro/
usr/share/locale/ro/LC_MESSAGES/
usr/share/locale/ro/LC_MESSAGES/juk.mo
usr/share/locale/ru/
usr/share/locale/ru/LC_MESSAGES/
usr/share/locale/ru/LC_MESSAGES/juk.mo
usr/share/locale/sa/
usr/share/locale/sa/LC_MESSAGES/
usr/share/locale/sa/LC_MESSAGES/juk.mo
usr/share/locale/se/
usr/share/locale/se/LC_MESSAGES/
usr/share/locale/se/LC_MESSAGES/juk.mo
usr/share/locale/sk/
usr/share/locale/sk/LC_MESSAGES/
usr/share/locale/sk/LC_MESSAGES/juk.mo
usr/share/locale/sl/
usr/share/locale/sl/LC_MESSAGES/
usr/share/locale/sl/LC_MESSAGES/juk.mo
usr/share/locale/sq/
usr/share/locale/sq/LC_MESSAGES/
usr/share/locale/sq/LC_MESSAGES/juk.mo
usr/share/locale/sr/
usr/share/locale/sr/LC_MESSAGES/
usr/share/locale/sr/LC_MESSAGES/juk.mo
usr/share/locale/sr@ijekavian/
usr/share/locale/sr@ijekavian/LC_MESSAGES/
usr/share/locale/sr@ijekavian/LC_MESSAGES/juk.mo
usr/share/locale/sr@ijekavianlatin/
usr/share/locale/sr@ijekavianlatin/LC_MESSAGES/
usr/share/locale/sr@ijekavianlatin/LC_MESSAGES/juk.mo
usr/share/locale/sr@latin/
usr/share/locale/sr@latin/LC_MESSAGES/
usr/share/locale/sr@latin/LC_MESSAGES/juk.mo
usr/share/locale/sv/
usr/share/locale/sv/LC_MESSAGES/
usr/share/locale/sv/LC_MESSAGES/juk.mo
usr/share/locale/ta/
usr/share/locale/ta/LC_MESSAGES/
usr/share/locale/ta/LC_MESSAGES/juk.mo
usr/share/locale/tg/
usr/share/locale/tg/LC_MESSAGES/
usr/share/locale/tg/LC_MESSAGES/juk.mo
usr/share/locale/th/
usr/share/locale/th/LC_MESSAGES/
usr/share/locale/th/LC_MESSAGES/juk.mo
usr/share/locale/tr/
usr/share/locale/tr/LC_MESSAGES/
usr/share/locale/tr/LC_MESSAGES/juk.mo
usr/share/locale/ug/
usr/share/locale/ug/LC_MESSAGES/
usr/share/locale/ug/LC_MESSAGES/juk.mo
usr/share/locale/uk/
usr/share/locale/uk/LC_MESSAGES/
usr/share/locale/uk/LC_MESSAGES/juk.mo
usr/share/locale/uz/
usr/share/locale/uz/LC_MESSAGES/
usr/share/locale/uz/LC_MESSAGES/juk.mo
usr/share/locale/uz@cyrillic/
usr/share/locale/uz@cyrillic/LC_MESSAGES/
usr/share/locale/uz@cyrillic/LC_MESSAGES/juk.mo
usr/share/locale/zh_CN/
usr/share/locale/zh_CN/LC_MESSAGES/
usr/share/locale/zh_CN/LC_MESSAGES/juk.mo
usr/share/locale/zh_TW/
usr/share/locale/zh_TW/LC_MESSAGES/
usr/share/locale/zh_TW/LC_MESSAGES/juk.mo
usr/share/metainfo/
usr/share/metainfo/org.kde.juk.appdata.xml

Slackware package /tmp/juk/juk-25.04.1-x86_64-1_rtz.tlz created.

Create shared object file for juk-25.04.1-x86_64-1_rtz.tlz
Creating /tmp/juk/juk-25.04.1-x86_64-1_rtz.tlz.so.file using /tmp/juk/juk-25.04.1-x86_64-1_rtz.tlz
Successfully created /tmp/juk/juk-25.04.1-x86_64-1_rtz.tlz.so.file
Packaging of executable and meta-data in juk.tar.lz4 format.
/tmp/juk /tmp/juk
/tmp/juk
BIN_NAME
README
juk-25.04.1-x86_64-1_rtz.tlz
juk-25.04.1-x86_64-1_rtz.tlz.md5
juk-25.04.1-x86_64-1_rtz.tlz.so.file
juk-25.04.1-x86_64-1_rtz.tlz.txt
juk.dep
makepkg-juk.log
juk build finished. Procced to installation...

+========================================================================================+
| Upgrading juk-25.04.1-x86_64-1_rtz package using /tmp/juk/juk-25.04.1-x86_64-1_rtz.tlz |
+========================================================================================+

Pre-installing package juk-25.04.1-x86_64-1_rtz...
Removing package: juk-25.04.1-x86_64-1_rtz-upgraded-2025-05-10,23:56:33
Installing package juk-25.04.1-x86_64-1_rtz.tlz:
PACKAGE DESCRIPTION:
# juk (A jukebox)
#
# A jukebox, tagger and music collection manager
#
# https://juk.kde.org/
Executing install script for juk-25.04.1-x86_64-1_rtz.tlz.
Font directories:
	/usr/share/fonts
/usr/share/fonts: caching, new cache contents: 0 fonts, 11 dirs
/usr/share/fonts/100dpi: caching, new cache contents: 238 fonts, 0 dirs
/usr/share/fonts/75dpi: caching, new cache contents: 238 fonts, 0 dirs
/usr/share/fonts/OTF: caching, new cache contents: 124 fonts, 0 dirs
/usr/share/fonts/Speedo: caching, new cache contents: 0 fonts, 0 dirs
/usr/share/fonts/TTF: caching, new cache contents: 1132 fonts, 0 dirs
/usr/share/fonts/Type1: caching, new cache contents: 64 fonts, 0 dirs
/usr/share/fonts/cyrillic: caching, new cache contents: 0 fonts, 0 dirs
/usr/share/fonts/encodings: caching, new cache contents: 0 fonts, 1 dirs
/usr/share/fonts/encodings/large: caching, new cache contents: 0 fonts, 0 dirs
/usr/share/fonts/kanjistrokeorders: caching, new cache contents: 1 fonts, 0 dirs
/usr/share/fonts/misc: caching, new cache contents: 143 fonts, 0 dirs
/usr/share/fonts/util: caching, new cache contents: 0 fonts, 0 dirs
/var/cache/fontconfig: cleaning cache directory
/root/.cache/fontconfig: not cleaning non-existent cache directory
/root/.fontconfig: not cleaning non-existent cache directory
/usr/bin/fc-cache: succeeded
Package juk-25.04.1-x86_64-1_rtz.tlz installed.
Package juk-25.04.1-x86_64-1_rtz upgraded with new package /tmp/juk/juk-25.04.1-x86_64-1_rtz.tlz.
Cleaning environmet: Removing source code, and work-space...
rm: cannot remove 'juk-25.04.1.tar.xz': No such file or directory
Build process completed in 0 minutes and 41 seconds.
