Starting build process...
Detected architecture: x86_64
No required dependencies specified.
No optional dependencies found.
Downloading source code tar.gz file
--2025-05-15 00:51:40--  https://github.com/containers/bubblewrap/archive/v0.11.0.tar.gz
Resolving github.com (github.com)... 140.82.121.3
Connecting to github.com (github.com)|140.82.121.3|:443... connected.
HTTP request sent, awaiting response... 302 Found
Location: https://codeload.github.com/containers/bubblewrap/tar.gz/refs/tags/v0.11.0 [following]
--2025-05-15 00:51:41--  https://codeload.github.com/containers/bubblewrap/tar.gz/refs/tags/v0.11.0
Resolving codeload.github.com (codeload.github.com)... 140.82.121.9
Connecting to codeload.github.com (codeload.github.com)|140.82.121.9|:443... connected.
HTTP request sent, awaiting response... 200 OK
Length: 130930 (128K) [application/x-gzip]
Saving to: ‘v0.11.0-0.11.0.tar.gz’

     0K .......... .......... .......... .......... .......... 39%  266K 0s
    50K .......... .......... .......... .......... .......... 78%  865K 0s
   100K .......... .......... .......                         100%  477K=0.3s

2025-05-15 00:51:41 (421 KB/s) - ‘v0.11.0-0.11.0.tar.gz’ saved [130930/130930]

Found file: v0.11.0-0.11.0.tar.gz
No checksum provided. Skipping checksum verification and proceeding...
Creating working directories and exporting source code in...
bubblewrap-0.11.0/
bubblewrap-0.11.0/.dir-locals.el
bubblewrap-0.11.0/.editorconfig
bubblewrap-0.11.0/.github/
bubblewrap-0.11.0/.github/workflows/
bubblewrap-0.11.0/.github/workflows/check.yml
bubblewrap-0.11.0/CODE-OF-CONDUCT.md
bubblewrap-0.11.0/COPYING
bubblewrap-0.11.0/LICENSE
bubblewrap-0.11.0/NEWS.md
bubblewrap-0.11.0/README.md
bubblewrap-0.11.0/SECURITY.md
bubblewrap-0.11.0/bind-mount.c
bubblewrap-0.11.0/bind-mount.h
bubblewrap-0.11.0/bubblewrap.c
bubblewrap-0.11.0/bubblewrap.jpg
bubblewrap-0.11.0/bwrap.xml
bubblewrap-0.11.0/ci/
bubblewrap-0.11.0/ci/builddeps.sh
bubblewrap-0.11.0/completions/
bubblewrap-0.11.0/completions/bash/
bubblewrap-0.11.0/completions/bash/bwrap
bubblewrap-0.11.0/completions/bash/meson.build
bubblewrap-0.11.0/completions/meson.build
bubblewrap-0.11.0/completions/zsh/
bubblewrap-0.11.0/completions/zsh/_bwrap
bubblewrap-0.11.0/completions/zsh/meson.build
bubblewrap-0.11.0/demos/
bubblewrap-0.11.0/demos/bubblewrap-shell.sh
bubblewrap-0.11.0/demos/flatpak-run.sh
bubblewrap-0.11.0/demos/flatpak.bpf
bubblewrap-0.11.0/demos/userns-block-fd.py
bubblewrap-0.11.0/meson.build
bubblewrap-0.11.0/meson_options.txt
bubblewrap-0.11.0/network.c
bubblewrap-0.11.0/network.h
bubblewrap-0.11.0/packaging/
bubblewrap-0.11.0/packaging/bubblewrap.spec
bubblewrap-0.11.0/release-checklist.md
bubblewrap-0.11.0/tests/
bubblewrap-0.11.0/tests/libtest-core.sh
bubblewrap-0.11.0/tests/libtest.sh
bubblewrap-0.11.0/tests/meson.build
bubblewrap-0.11.0/tests/test-run.sh
bubblewrap-0.11.0/tests/test-seccomp.py
bubblewrap-0.11.0/tests/test-specifying-pidns.sh
bubblewrap-0.11.0/tests/test-specifying-userns.sh
bubblewrap-0.11.0/tests/test-utils.c
bubblewrap-0.11.0/tests/try-syscall.c
bubblewrap-0.11.0/tests/use-as-subproject/
bubblewrap-0.11.0/tests/use-as-subproject/.gitignore
bubblewrap-0.11.0/tests/use-as-subproject/README
bubblewrap-0.11.0/tests/use-as-subproject/assert-correct-rpath.py
bubblewrap-0.11.0/tests/use-as-subproject/config.h
bubblewrap-0.11.0/tests/use-as-subproject/dummy-config.h.in
bubblewrap-0.11.0/tests/use-as-subproject/meson.build
bubblewrap-0.11.0/uncrustify.cfg
bubblewrap-0.11.0/uncrustify.sh
bubblewrap-0.11.0/utils.c
bubblewrap-0.11.0/utils.h
/home/omen/GITHUB/PLASMA_WORLD/AthOS/REPO-AthOS/bubblewrap/work
README or README.md already exists, skipping creation.
/usr/local/bin/athos: line 901: cd: v0.11.0-0.11.0: No such file or directory
hm...lets continue and see what happens
The Meson build system
Version: 1.8.0
Source dir: /home/omen/GITHUB/PLASMA_WORLD/AthOS/REPO-AthOS/bubblewrap/work/bubblewrap-0.11.0
Build dir: /home/omen/GITHUB/PLASMA_WORLD/AthOS/REPO-AthOS/bubblewrap/work/bubblewrap-0.11.0/build
Build type: native build
Project name: bubblewrap
Project version: 0.11.0
C compiler for the host machine: ccache cc (gcc 14.2.0 "cc (GCC) 14.2.0")
C linker for the host machine: cc ld.bfd 2.44-slack151
Host machine cpu family: x86_64
Host machine cpu: x86_64
Compiler for C supports arguments -Werror=shadow: YES 
Compiler for C supports arguments -Werror=empty-body: YES 
Compiler for C supports arguments -Werror=strict-prototypes: YES 
Compiler for C supports arguments -Werror=missing-prototypes: YES 
Compiler for C supports arguments -Werror=implicit-function-declaration: YES 
Compiler for C supports arguments -Werror=pointer-arith: YES 
Compiler for C supports arguments -Werror=init-self: YES 
Compiler for C supports arguments -Werror=missing-declarations: YES 
Compiler for C supports arguments -Werror=return-type: YES 
Compiler for C supports arguments -Werror=overflow: YES 
Compiler for C supports arguments -Werror=int-conversion: YES 
Compiler for C supports arguments -Werror=parenthesis: NO 
Compiler for C supports arguments -Werror=incompatible-pointer-types: YES 
Compiler for C supports arguments -Werror=misleading-indentation: YES 
Compiler for C supports arguments -Werror=missing-include-dirs: YES 
Compiler for C supports arguments -Werror=aggregate-return: YES 
Compiler for C supports arguments -Werror=switch-default: YES 
Compiler for C supports arguments -Wswitch-enum: YES 
Compiler for C supports arguments -Wno-missing-field-initializers: YES 
Compiler for C supports arguments -Wno-error=missing-field-initializers: YES 
Compiler for C supports arguments -Werror=format=2: YES 
Compiler for C supports arguments -Werror=format-security: NO 
Program bash found: YES (/usr/bin/bash)
Program python3 found: YES (/usr/bin/python3)
Found pkg-config: YES (/usr/bin/pkg-config) 0.29.2
Run-time dependency libcap found: YES 2.76
Found CMake: /usr/bin/cmake (4.0.2)
Run-time dependency libselinux found: NO (tried pkgconfig and cmake)
Configuring config.h using configuration
Program xsltproc found: YES (/usr/bin/xsltproc)
Message: Docbook XSL found, man page enabled
Run-time dependency bash-completion found: YES 2.16.0
Build targets in project: 2

bubblewrap 0.11.0

  User defined options
    buildtype    : release
    infodir      : /usr/info
    libdir       : /usr/lib64
    localstatedir: /var
    man          : enabled
    mandir       : /usr/man
    prefix       : /usr
    strip        : true
    sysconfdir   : /etc
    tests        : false

Found ninja-1.12.1 at /usr/bin/ninja
WARNING: Running the setup command as `meson [options]` instead of `meson setup [options]` is ambiguous and deprecated.
[1/6] Compiling C object bwrap.p/network.c.o
[2/6] Generating bwrap.1 with a custom command
[3/6] Compiling C object bwrap.p/bind-mount.c.o
[4/6] Compiling C object bwrap.p/utils.c.o
[5/6] Compiling C object bwrap.p/bubblewrap.c.o
[6/6] Linking target bwrap
[0/1] Installing files
Installing bwrap to /home/omen/GITHUB/PLASMA_WORLD/AthOS/REPO-AthOS/bubblewrap/package-bubblewrap/usr/bin
Stripping target 'bwrap'.
Installing bwrap.1 to /home/omen/GITHUB/PLASMA_WORLD/AthOS/REPO-AthOS/bubblewrap/package-bubblewrap/usr/man/man1
Installing /home/omen/GITHUB/PLASMA_WORLD/AthOS/REPO-AthOS/bubblewrap/work/bubblewrap-0.11.0/completions/bash/bwrap to /home/omen/GITHUB/PLASMA_WORLD/AthOS/REPO-AthOS/bubblewrap/package-bubblewrap/usr/share/bash-completion/completions
Installing /home/omen/GITHUB/PLASMA_WORLD/AthOS/REPO-AthOS/bubblewrap/work/bubblewrap-0.11.0/completions/zsh/_bwrap to /home/omen/GITHUB/PLASMA_WORLD/AthOS/REPO-AthOS/bubblewrap/package-bubblewrap/usr/share/zsh/site-functions
The main part of source code is ready. We are moving on to preparing post install scripts, docs, license, man pages etc..
cp: cannot stat 'AUTHORS': No such file or directory
cp: cannot stat 'ChangeLog*': No such file or directory
cp: cannot stat 'CREDITS': No such file or directory
cp: cannot stat 'MAINTAINERS': No such file or directory
cp: cannot stat 'NEWS': No such file or directory
cp: cannot stat 'docs': No such file or directory
cp: cannot stat 'DOCS': No such file or directory
grep: /home/omen/GITHUB/PLASMA_WORLD/AthOS/REPO-AthOS/bubblewrap/bubblewrap.info: No such file or directory
Packaging compiled for slackware installation...
MAKEPKG_FLAGS is empty or unset, using default

Slackware package maker, version 3.14159265.

Searching for symbolic links:

No symbolic links were found, so we won't make an installation script.
You can make your own later in ./install/doinst.sh and rebuild the
package if you like.

This next step is optional - you can set the directories in your package
to some sane permissions. If any of the directories in your package have
special permissions, then DO NOT reset them here!

Would you like to reset all directory permissions to 755 (drwxr-xr-x) and
directory ownerships to root:root ([y]es, [n]o)? n


Creating Slackware package:  /tmp/bubblewrap/bubblewrap-0.11.0-x86_64-1_rtz.tlz

./
install/
install/doinst.sh
install/slack-desc
usr/
usr/bin/
usr/bin/bwrap
usr/doc/
usr/doc/bubblewrap-0.11.0/
usr/doc/bubblewrap-0.11.0/COPYING
usr/doc/bubblewrap-0.11.0/LICENSE
usr/doc/bubblewrap-0.11.0/README.md
usr/doc/bubblewrap-0.11.0/bubblewrap.ini
usr/man/
usr/man/man1/
usr/man/man1/bwrap.1.gz
usr/share/
usr/share/bash-completion/
usr/share/bash-completion/completions/
usr/share/bash-completion/completions/bwrap
usr/share/zsh/
usr/share/zsh/site-functions/
usr/share/zsh/site-functions/_bwrap

Slackware package /tmp/bubblewrap/bubblewrap-0.11.0-x86_64-1_rtz.tlz created.

Create shared object file for bubblewrap-0.11.0-x86_64-1_rtz.tlz
Creating /tmp/bubblewrap/bubblewrap-0.11.0-x86_64-1_rtz.tlz.so.file using /tmp/bubblewrap/bubblewrap-0.11.0-x86_64-1_rtz.tlz
Successfully created /tmp/bubblewrap/bubblewrap-0.11.0-x86_64-1_rtz.tlz.so.file
Packaging of executable and meta-data in bubblewrap.tar.lz4 format.
/tmp/bubblewrap /tmp/bubblewrap
/tmp/bubblewrap
BIN_NAME
README
bubblewrap-0.11.0-x86_64-1_rtz.tlz
bubblewrap-0.11.0-x86_64-1_rtz.tlz.md5
bubblewrap-0.11.0-x86_64-1_rtz.tlz.so.file
bubblewrap-0.11.0-x86_64-1_rtz.tlz.txt
makepkg-bubblewrap.log
bubblewrap build finished. Procced to installation...

+===========================================================================================================+
| Upgrading bubblewrap-0.11.0-x86_64-1_rtz package using /tmp/bubblewrap/bubblewrap-0.11.0-x86_64-1_rtz.tlz |
+===========================================================================================================+

Pre-installing package bubblewrap-0.11.0-x86_64-1_rtz...
Removing package: bubblewrap-0.11.0-x86_64-1_rtz-upgraded-2025-05-15,00:51:44
Installing package bubblewrap-0.11.0-x86_64-1_rtz.tlz:
PACKAGE DESCRIPTION:
# bubblewrap (Unprivileged sandboxing tool)
#
# Unprivileged sandboxing tool
#
# https://github.com/containers/bubblewrap
Executing install script for bubblewrap-0.11.0-x86_64-1_rtz.tlz.
Font directories:
	/usr/share/fonts
/usr/share/fonts: caching, new cache contents: 0 fonts, 11 dirs
/usr/share/fonts/100dpi: caching, new cache contents: 238 fonts, 0 dirs
/usr/share/fonts/75dpi: caching, new cache contents: 238 fonts, 0 dirs
/usr/share/fonts/OTF: caching, new cache contents: 124 fonts, 0 dirs
/usr/share/fonts/Speedo: caching, new cache contents: 0 fonts, 0 dirs
/usr/share/fonts/TTF: caching, new cache contents: 1132 fonts, 0 dirs
/usr/share/fonts/Type1: caching, new cache contents: 64 fonts, 0 dirs
/usr/share/fonts/cyrillic: caching, new cache contents: 0 fonts, 0 dirs
/usr/share/fonts/encodings: caching, new cache contents: 0 fonts, 1 dirs
/usr/share/fonts/encodings/large: caching, new cache contents: 0 fonts, 0 dirs
/usr/share/fonts/kanjistrokeorders: caching, new cache contents: 1 fonts, 0 dirs
/usr/share/fonts/misc: caching, new cache contents: 143 fonts, 0 dirs
/usr/share/fonts/util: caching, new cache contents: 0 fonts, 0 dirs
/var/cache/fontconfig: cleaning cache directory
/root/.cache/fontconfig: not cleaning non-existent cache directory
/root/.fontconfig: not cleaning non-existent cache directory
/usr/bin/fc-cache: succeeded
Package bubblewrap-0.11.0-x86_64-1_rtz.tlz installed.
Package bubblewrap-0.11.0-x86_64-1_rtz upgraded with new package /tmp/bubblewrap/bubblewrap-0.11.0-x86_64-1_rtz.tlz.
Cleaning environmet: Removing source code, and work-space...
rm: cannot remove 'v0.11.0-0.11.0.tar.gz': No such file or directory
