[32mStarting build process...[0m
Detected architecture: x86_64
Required dependencies: extra-cmake-modules kdoctools kconfig kconfigwidgets kcoreaddons kcrash         kdbusaddons ki18n kwidgetsaddons kxmlgui libkdegames
extra-cmake-modules is already installed!
kdoctools is already installed!
kconfig is already installed!
kconfigwidgets is already installed!
kcoreaddons is already installed!
kcrash is already installed!
kdbusaddons is already installed!
ki18n is already installed!
kwidgetsaddons is already installed!
kxmlgui is already installed!
libkdegames is already installed!
No optional dependencies found.
Downloading source code tar.xz file
--2025-05-28 19:39:47--  https://download.kde.org/stable/release-service/25.04.1/src/bomber-25.04.1.tar.xz
Resolving download.kde.org (download.kde.org)... 49.12.122.15, 2a01:4f8:242:53eb::4
Connecting to download.kde.org (download.kde.org)|49.12.122.15|:443... connected.
HTTP request sent, awaiting response... 302 Found
Location: https://ftp.cc.uoc.gr/mirrors/kde/stable/release-service/25.04.1/src/bomber-25.04.1.tar.xz [following]
--2025-05-28 19:39:47--  https://ftp.cc.uoc.gr/mirrors/kde/stable/release-service/25.04.1/src/bomber-25.04.1.tar.xz
Resolving ftp.cc.uoc.gr (ftp.cc.uoc.gr)... 147.52.159.50, 2001:648:2c00:6c08::2
Connecting to ftp.cc.uoc.gr (ftp.cc.uoc.gr)|147.52.159.50|:443... connected.
HTTP request sent, awaiting response... 200 OK
Length: 840948 (821K) [application/octet-stream]
Saving to: ‘bomber-25.04.1.tar.xz’

     0K .......... .......... .......... .......... ..........  6% 1.34M 1s
    50K .......... .......... .......... .......... .......... 12% 1.44M 1s
   100K .......... .......... .......... .......... .......... 18% 6.74M 0s
   150K .......... .......... .......... .......... .......... 24% 1.98M 0s
   200K .......... .......... .......... .......... .......... 30% 6.63M 0s
   250K .......... .......... .......... .......... .......... 36% 5.27M 0s
   300K .......... .......... .......... .......... .......... 42% 5.17M 0s
   350K .......... .......... .......... .......... .......... 48%  896K 0s
   400K .......... .......... .......... .......... .......... 54%  322M 0s
   450K .......... .......... .......... .......... .......... 60%  335M 0s
   500K .......... .......... .......... .......... .......... 66%  343M 0s
   550K .......... .......... .......... .......... .......... 73% 2.74M 0s
   600K .......... .......... .......... .......... .......... 79% 9.69M 0s
   650K .......... .......... .......... .......... .......... 85% 7.64M 0s
   700K .......... .......... .......... .......... .......... 91%  297M 0s
   750K .......... .......... .......... .......... .......... 97%  243M 0s
   800K .......... .......... .                               100%  570M=0.2s

2025-05-28 19:39:48 (3.74 MB/s) - ‘bomber-25.04.1.tar.xz’ saved [840948/840948]

Found file: bomber-25.04.1.tar.xz
No checksum provided. Skipping checksum verification and proceeding...
Creating working directories and exporting source code in...
bomber-25.04.1/
bomber-25.04.1/cmake/
bomber-25.04.1/cmake/InternalMacros.cmake
bomber-25.04.1/icons/
bomber-25.04.1/icons/128-apps-bomber.png
bomber-25.04.1/icons/32-apps-bomber.png
bomber-25.04.1/icons/48-apps-bomber.png
bomber-25.04.1/icons/64-apps-bomber.png
bomber-25.04.1/icons/CMakeLists.txt
bomber-25.04.1/icons/hisc-apps-bomber.svgz
bomber-25.04.1/AUTHORS
bomber-25.04.1/Changelog
bomber-25.04.1/CMakePresets.json.license
bomber-25.04.1/README.themes
bomber-25.04.1/CMakePresets.json
bomber-25.04.1/Messages.sh
bomber-25.04.1/.craft.ini
bomber-25.04.1/LICENSES/
bomber-25.04.1/LICENSES/GFDL-1.2-or-later.txt
bomber-25.04.1/LICENSES/BSD-3-Clause.txt
bomber-25.04.1/LICENSES/CC0-1.0.txt
bomber-25.04.1/LICENSES/LGPL-2.0-or-later.txt
bomber-25.04.1/.gitlab-ci.yml
bomber-25.04.1/doc/
bomber-25.04.1/doc/index.docbook
bomber-25.04.1/doc/mainscreen.png
bomber-25.04.1/doc/CMakeLists.txt
bomber-25.04.1/logo.png
bomber-25.04.1/sanitizers.supp
bomber-25.04.1/snapcraft.yaml
bomber-25.04.1/.kde-ci.yml
bomber-25.04.1/.gitattributes
bomber-25.04.1/.flatpak-manifest.json.license
bomber-25.04.1/themes/
bomber-25.04.1/themes/kbomber.png
bomber-25.04.1/themes/kbomber.svg
bomber-25.04.1/themes/kbomber.desktop
bomber-25.04.1/themes/lava-Island.png
bomber-25.04.1/themes/Lava-Island.desktop
bomber-25.04.1/themes/CMakeLists.txt
bomber-25.04.1/themes/Lava-Island.svg
bomber-25.04.1/po/
bomber-25.04.1/po/bg/
bomber-25.04.1/po/bg/bomber.po
bomber-25.04.1/po/pt/
bomber-25.04.1/po/pt/bomber.po
bomber-25.04.1/po/pt/docs/
bomber-25.04.1/po/pt/docs/bomber/
bomber-25.04.1/po/pt/docs/bomber/index.docbook
bomber-25.04.1/po/km/
bomber-25.04.1/po/km/bomber.po
bomber-25.04.1/po/nn/
bomber-25.04.1/po/nn/bomber.po
bomber-25.04.1/po/pl/
bomber-25.04.1/po/pl/bomber.po
bomber-25.04.1/po/pl/docs/
bomber-25.04.1/po/pl/docs/bomber/
bomber-25.04.1/po/pl/docs/bomber/index.docbook
bomber-25.04.1/po/ja/
bomber-25.04.1/po/ja/bomber.po
bomber-25.04.1/po/pa/
bomber-25.04.1/po/pa/bomber.po
bomber-25.04.1/po/bs/
bomber-25.04.1/po/bs/bomber.po
bomber-25.04.1/po/zh_CN/
bomber-25.04.1/po/zh_CN/bomber.po
bomber-25.04.1/po/zh_CN/docs/
bomber-25.04.1/po/zh_CN/docs/bomber/
bomber-25.04.1/po/zh_CN/docs/bomber/index.docbook
bomber-25.04.1/po/cs/
bomber-25.04.1/po/cs/bomber.po
bomber-25.04.1/po/cs/docs/
bomber-25.04.1/po/cs/docs/bomber/
bomber-25.04.1/po/cs/docs/bomber/index.docbook
bomber-25.04.1/po/es/
bomber-25.04.1/po/es/bomber.po
bomber-25.04.1/po/es/docs/
bomber-25.04.1/po/es/docs/bomber/
bomber-25.04.1/po/es/docs/bomber/index.docbook
bomber-25.04.1/po/ka/
bomber-25.04.1/po/ka/bomber.po
bomber-25.04.1/po/is/
bomber-25.04.1/po/is/bomber.po
bomber-25.04.1/po/tr/
bomber-25.04.1/po/tr/bomber.po
bomber-25.04.1/po/ug/
bomber-25.04.1/po/ug/bomber.po
bomber-25.04.1/po/ca/
bomber-25.04.1/po/ca/bomber.po
bomber-25.04.1/po/ca/docs/
bomber-25.04.1/po/ca/docs/bomber/
bomber-25.04.1/po/ca/docs/bomber/index.docbook
bomber-25.04.1/po/ca@valencia/
bomber-25.04.1/po/ca@valencia/bomber.po
bomber-25.04.1/po/hr/
bomber-25.04.1/po/hr/bomber.po
bomber-25.04.1/po/gl/
bomber-25.04.1/po/gl/bomber.po
bomber-25.04.1/po/gl/docs/
bomber-25.04.1/po/gl/docs/bomber/
bomber-25.04.1/po/gl/docs/bomber/index.docbook
bomber-25.04.1/po/ro/
bomber-25.04.1/po/ro/bomber.po
bomber-25.04.1/po/eo/
bomber-25.04.1/po/eo/bomber.po
bomber-25.04.1/po/sr@ijekavian/
bomber-25.04.1/po/sr@ijekavian/bomber.po
bomber-25.04.1/po/nl/
bomber-25.04.1/po/nl/bomber.po
bomber-25.04.1/po/nl/docs/
bomber-25.04.1/po/nl/docs/bomber/
bomber-25.04.1/po/nl/docs/bomber/index.docbook
bomber-25.04.1/po/mr/
bomber-25.04.1/po/mr/bomber.po
bomber-25.04.1/po/ml/
bomber-25.04.1/po/ml/bomber.po
bomber-25.04.1/po/hu/
bomber-25.04.1/po/hu/bomber.po
bomber-25.04.1/po/eu/
bomber-25.04.1/po/eu/bomber.po
bomber-25.04.1/po/lv/
bomber-25.04.1/po/lv/bomber.po
bomber-25.04.1/po/nb/
bomber-25.04.1/po/nb/bomber.po
bomber-25.04.1/po/fr/
bomber-25.04.1/po/fr/bomber.po
bomber-25.04.1/po/fr/docs/
bomber-25.04.1/po/fr/docs/bomber/
bomber-25.04.1/po/fr/docs/bomber/index.docbook
bomber-25.04.1/po/hi/
bomber-25.04.1/po/hi/bomber.po
bomber-25.04.1/po/sl/
bomber-25.04.1/po/sl/bomber.po
bomber-25.04.1/po/sl/docs/
bomber-25.04.1/po/sl/docs/bomber/
bomber-25.04.1/po/sl/docs/bomber/index.docbook
bomber-25.04.1/po/sr@latin/
bomber-25.04.1/po/sr@latin/bomber.po
bomber-25.04.1/po/th/
bomber-25.04.1/po/th/bomber.po
bomber-25.04.1/po/sr/
bomber-25.04.1/po/sr/bomber.po
bomber-25.04.1/po/he/
bomber-25.04.1/po/he/bomber.po
bomber-25.04.1/po/de/
bomber-25.04.1/po/de/bomber.po
bomber-25.04.1/po/de/docs/
bomber-25.04.1/po/de/docs/bomber/
bomber-25.04.1/po/de/docs/bomber/index.docbook
bomber-25.04.1/po/ar/
bomber-25.04.1/po/ar/bomber.po
bomber-25.04.1/po/sk/
bomber-25.04.1/po/sk/bomber.po
bomber-25.04.1/po/zh_TW/
bomber-25.04.1/po/zh_TW/bomber.po
bomber-25.04.1/po/gu/
bomber-25.04.1/po/gu/bomber.po
bomber-25.04.1/po/et/
bomber-25.04.1/po/et/bomber.po
bomber-25.04.1/po/et/docs/
bomber-25.04.1/po/et/docs/bomber/
bomber-25.04.1/po/et/docs/bomber/index.docbook
bomber-25.04.1/po/it/
bomber-25.04.1/po/it/bomber.po
bomber-25.04.1/po/it/docs/
bomber-25.04.1/po/it/docs/bomber/
bomber-25.04.1/po/it/docs/bomber/index.docbook
bomber-25.04.1/po/mai/
bomber-25.04.1/po/mai/bomber.po
bomber-25.04.1/po/el/
bomber-25.04.1/po/el/bomber.po
bomber-25.04.1/po/da/
bomber-25.04.1/po/da/bomber.po
bomber-25.04.1/po/pt_BR/
bomber-25.04.1/po/pt_BR/bomber.po
bomber-25.04.1/po/pt_BR/docs/
bomber-25.04.1/po/pt_BR/docs/bomber/
bomber-25.04.1/po/pt_BR/docs/bomber/index.docbook
bomber-25.04.1/po/ru/
bomber-25.04.1/po/ru/bomber.po
bomber-25.04.1/po/sq/
bomber-25.04.1/po/sq/bomber.po
bomber-25.04.1/po/id/
bomber-25.04.1/po/id/bomber.po
bomber-25.04.1/po/ia/
bomber-25.04.1/po/ia/bomber.po
bomber-25.04.1/po/sv/
bomber-25.04.1/po/sv/bomber.po
bomber-25.04.1/po/sv/docs/
bomber-25.04.1/po/sv/docs/bomber/
bomber-25.04.1/po/sv/docs/bomber/index.docbook
bomber-25.04.1/po/ms/
bomber-25.04.1/po/ms/bomber.po
bomber-25.04.1/po/fi/
bomber-25.04.1/po/fi/bomber.po
bomber-25.04.1/po/kk/
bomber-25.04.1/po/kk/bomber.po
bomber-25.04.1/po/ast/
bomber-25.04.1/po/ast/bomber.po
bomber-25.04.1/po/lt/
bomber-25.04.1/po/lt/bomber.po
bomber-25.04.1/po/sa/
bomber-25.04.1/po/sa/bomber.po
bomber-25.04.1/po/ko/
bomber-25.04.1/po/ko/bomber.po
bomber-25.04.1/po/ga/
bomber-25.04.1/po/ga/bomber.po
bomber-25.04.1/po/en_GB/
bomber-25.04.1/po/en_GB/bomber.po
bomber-25.04.1/po/uk/
bomber-25.04.1/po/uk/bomber.po
bomber-25.04.1/po/uk/docs/
bomber-25.04.1/po/uk/docs/bomber/
bomber-25.04.1/po/uk/docs/bomber/index.docbook
bomber-25.04.1/po/uk/docs/bomber/mainscreen.png
bomber-25.04.1/po/sr@ijekavianlatin/
bomber-25.04.1/po/sr@ijekavianlatin/bomber.po
bomber-25.04.1/po/nds/
bomber-25.04.1/po/nds/bomber.po
bomber-25.04.1/Doxyfile
bomber-25.04.1/.clang-format
bomber-25.04.1/.flatpak-manifest.json
bomber-25.04.1/CMakeLists.txt
bomber-25.04.1/src/
bomber-25.04.1/src/bomber.kcfg
bomber-25.04.1/src/building.cpp
bomber-25.04.1/src/board.cpp
bomber-25.04.1/src/org.kde.bomber.appdata.xml
bomber-25.04.1/src/bomber.qrc
bomber-25.04.1/src/bomber.h
bomber-25.04.1/src/building.h
bomber-25.04.1/src/bomberui.rc
bomber-25.04.1/src/settings.kcfgc
bomber-25.04.1/src/org.kde.bomber.desktop
bomber-25.04.1/src/bomb.h
bomber-25.04.1/src/bomberwidget.cpp
bomber-25.04.1/src/board.h
bomber-25.04.1/src/plane.cpp
bomber-25.04.1/src/plane.h
bomber-25.04.1/src/main.cpp
bomber-25.04.1/src/bomb.cpp
bomber-25.04.1/src/bomberwidget.h
bomber-25.04.1/src/explodable.h
bomber-25.04.1/src/bomber.cpp
bomber-25.04.1/src/CMakeLists.txt
bomber-25.04.1/src/explodable.cpp
bomber-25.04.1/.gitignore
bomber-25.04.1/sounds/
bomber-25.04.1/sounds/bomb.ogg
bomber-25.04.1/sounds/CMakeLists.txt
bomber-25.04.1/sounds/crash.ogg
/home/omen/GITHUB/Athos/AthOS/REPO-AthOS/bomber/work
README or README.md already exists, skipping creation.
hm...lets continue and see what happens
-- The C compiler identification is GNU 14.3.0
-- The CXX compiler identification is GNU 14.3.0
-- Detecting C compiler ABI info
-- Detecting C compiler ABI info - done
-- Check for working C compiler: /usr/bin/cc - skipped
-- Detecting C compile features
-- Detecting C compile features - done
-- Detecting CXX compiler ABI info
-- Detecting CXX compiler ABI info - done
-- Check for working CXX compiler: /usr/bin/c++ - skipped
-- Detecting CXX compile features
-- Detecting CXX compile features - done
-- Installing in the same prefix as Qt, adopting their path scheme.
-- Looking for __GLIBC__
-- Looking for __GLIBC__ - found
-- Performing Test _OFFT_IS_64BIT
-- Performing Test _OFFT_IS_64BIT - Success
-- Performing Test HAVE_DATE_TIME
-- Performing Test HAVE_DATE_TIME - Success
-- Could NOT find 7Zip (missing: 7Zip_EXECUTABLE) 
-- Found gzip: /usr/bin/gzip
-- Performing Test HAVE_STDATOMIC
-- Performing Test HAVE_STDATOMIC - Success
-- Found WrapAtomic: TRUE
-- Found OpenGL: /usr/lib64/libOpenGL.so
-- Found WrapOpenGL: TRUE
-- Found XKB: /usr/lib64/libxkbcommon.so (found suitable version "1.10.0", minimum required is "0.5.0")
-- Found WrapVulkanHeaders: /usr/include
-- Found KF6Config: /usr/lib64/cmake/KF6Config/KF6ConfigConfig.cmake (found version "6.14.0")
-- Found KF6CoreAddons: /usr/lib64/cmake/KF6CoreAddons/KF6CoreAddonsConfig.cmake (found version "6.14.0")
-- Found KF6Crash: /usr/lib64/cmake/KF6Crash/KF6CrashConfig.cmake (found version "6.14.0")
-- Found KF6DBusAddons: /usr/lib64/cmake/KF6DBusAddons/KF6DBusAddonsConfig.cmake (found version "6.14.0")
-- Found KF6DocTools: /usr/lib64/cmake/KF6DocTools/KF6DocToolsConfig.cmake (found version "6.14.0")
-- Found Gettext: /usr/bin/msgmerge (found version "0.25")
-- Found KF6I18n: /usr/lib64/cmake/KF6I18n/KF6I18nConfig.cmake (found version "6.14.0")
-- Found KF6WidgetsAddons: /usr/lib64/cmake/KF6WidgetsAddons/KF6WidgetsAddonsConfig.cmake (found version "6.14.0")
-- Found KF6XmlGui: /usr/lib64/cmake/KF6XmlGui/KF6XmlGuiConfig.cmake (found version "6.14.0")
-- Found KF6IconThemes: /usr/lib64/cmake/KF6IconThemes/KF6IconThemesConfig.cmake (found version "6.14.0")
-- Found KF6: success (found suitable version "6.14.0", minimum required is "6.0.0") found components: Config CoreAddons Crash DBusAddons DocTools I18n WidgetsAddons XmlGui IconThemes
-- The following OPTIONAL packages have been found:

 * OpenGL
 * XKB (required version >= 0.5.0), XKB API common to servers and clients., <http://xkbcommon.org>
 * WrapVulkanHeaders
 * Qt6DBusTools (required version >= 6.8.3)
 * Qt6QmlTools (required version >= 6.8.3)
 * Qt6CoreTools (required version >= 6.8.3)
 * Qt6GuiTools (required version >= 6.8.3)
 * Qt6WidgetsTools (required version >= 6.8.3)

-- The following REQUIRED packages have been found:

 * ECM (required version >= 6.0.0)
 * gzip, Data compression program for the gzip format, <https://www.gnu.org/software/gzip>
   For installing SVG files as SVGZ (less efficient fallback for 7Zip)
 * Qt6 (required version >= 6.5.0)
 * KF6CoreAddons (required version >= 6.0.0)
 * KF6Crash (required version >= 6.0.0)
 * KF6DBusAddons (required version >= 6.0.0)
 * KF6DocTools (required version >= 6.0.0)
 * Gettext
 * KF6I18n (required version >= 6.0.0)
 * KF6XmlGui (required version >= 6.0.0)
 * KF6IconThemes (required version >= 6.0.0)
 * KF6 (required version >= 6.0.0)
 * Qt6Widgets (required version >= 6.7.0)
 * KDEGames6 (required version >= 6.0.0)

-- The following OPTIONAL packages have not been found:

 * 7Zip, Data (de)compression program, <https://www.7-zip.org/>
   For installing SVG files as SVGZ

-- Configuring done (1.0s)
-- Generating done (0.0s)
-- Build files have been written to: /home/omen/GITHUB/Athos/AthOS/REPO-AthOS/bomber/work/bomber-25.04.1/build
[1/36] Generating ts...
[2/36] Gzipping Lava-Island.svg
[3/36] Gzipping kbomber.svg
[4/36] Generating mo...
[5/36] Generating po/uk/docs/bomber/index.cache.bz2
[6/36] Generating po/pt/docs/bomber/index.cache.bz2
[7/36] Generating po/et/docs/bomber/index.cache.bz2
[8/36] Generating po/es/docs/bomber/index.cache.bz2
[9/36] Generating po/gl/docs/bomber/index.cache.bz2
[10/36] Generating po/zh_CN/docs/bomber/index.cache.bz2
I/O warning : failed to load "/usr/share/kf6/kdoctools/customization/xsl/zh-CN.xml": No such file or directory
No "zh_cn" localization of "footer-doc-comment" exists; using "en".
No "zh_cn" localization of "footer-doc-feedback" exists; using "en".
No "zh_cn" localization of "footer-doc-teamname" exists; using "en".
No "zh_cn" localization of "footer-doc-comment" exists; using "en".
No "zh_cn" localization of "footer-doc-feedback" exists; using "en".
No "zh_cn" localization of "footer-doc-teamname" exists; using "en".
No "zh_cn" localization of "footer-doc-comment" exists; using "en".
No "zh_cn" localization of "footer-doc-feedback" exists; using "en".
No "zh_cn" localization of "footer-doc-teamname" exists; using "en".
No "zh_cn" localization of "footer-doc-comment" exists; using "en".
No "zh_cn" localization of "footer-doc-feedback" exists; using "en".
No "zh_cn" localization of "footer-doc-teamname" exists; using "en".
No "zh_cn" localization of "footer-doc-comment" exists; using "en".
No "zh_cn" localization of "footer-doc-feedback" exists; using "en".
No "zh_cn" localization of "footer-doc-teamname" exists; using "en".
[11/36] Generating po/de/docs/bomber/index.cache.bz2
[12/36] Generating po/cs/docs/bomber/index.cache.bz2
[13/36] Generating po/sl/docs/bomber/index.cache.bz2
[14/36] Generating po/sv/docs/bomber/index.cache.bz2
[15/36] Generating po/pl/docs/bomber/index.cache.bz2
[16/36] Generating po/it/docs/bomber/index.cache.bz2
[17/36] Generating po/fr/docs/bomber/index.cache.bz2
[18/36] Generating po/nl/docs/bomber/index.cache.bz2
[19/36] Generating po/ca/docs/bomber/index.cache.bz2
[20/36] Generating index.cache.bz2
[21/36] Generating po/pt_BR/docs/bomber/index.cache.bz2
I/O warning : failed to load "/usr/share/kf6/kdoctools/customization/xsl/pt-BR.xml": No such file or directory
No "pt_br" localization of "footer-doc-comment" exists; using "en".
No "pt_br" localization of "footer-doc-feedback" exists; using "en".
No "pt_br" localization of "footer-doc-teamname" exists; using "en".
No "pt_br" localization of "footer-doc-comment" exists; using "en".
No "pt_br" localization of "footer-doc-feedback" exists; using "en".
No "pt_br" localization of "footer-doc-teamname" exists; using "en".
No "pt_br" localization of "footer-doc-comment" exists; using "en".
No "pt_br" localization of "footer-doc-feedback" exists; using "en".
No "pt_br" localization of "footer-doc-teamname" exists; using "en".
No "pt_br" localization of "footer-doc-comment" exists; using "en".
No "pt_br" localization of "footer-doc-feedback" exists; using "en".
No "pt_br" localization of "footer-doc-teamname" exists; using "en".
No "pt_br" localization of "footer-doc-comment" exists; using "en".
No "pt_br" localization of "footer-doc-feedback" exists; using "en".
No "pt_br" localization of "footer-doc-teamname" exists; using "en".
[22/36] Automatic MOC for target bomber
[23/36] Generating settings.h, settings.cpp
[24/36] Automatic RCC for bomber.qrc
[25/36] Building CXX object src/CMakeFiles/bomber.dir/bomber_autogen/mocs_compilation.cpp.o
[26/36] Building CXX object src/CMakeFiles/bomber.dir/bomber_autogen/EWIEGA46WW/qrc_bomber.cpp.o
[27/36] Building CXX object src/CMakeFiles/bomber.dir/bomb.cpp.o
[28/36] Building CXX object src/CMakeFiles/bomber.dir/explodable.cpp.o
[29/36] Building CXX object src/CMakeFiles/bomber.dir/building.cpp.o
[30/36] Building CXX object src/CMakeFiles/bomber.dir/plane.cpp.o
[31/36] Building CXX object src/CMakeFiles/bomber.dir/main.cpp.o
[32/36] Building CXX object src/CMakeFiles/bomber.dir/settings.cpp.o
[33/36] Building CXX object src/CMakeFiles/bomber.dir/bomberwidget.cpp.o
[34/36] Building CXX object src/CMakeFiles/bomber.dir/bomber.cpp.o
[35/36] Building CXX object src/CMakeFiles/bomber.dir/board.cpp.o
[36/36] Linking CXX executable bin/bomber
-- Install configuration: "RelWithDebInfo"
-- Installing: /home/omen/GITHUB/Athos/AthOS/REPO-AthOS/bomber/package-bomber/usr/share/bomber/themes/kbomber.desktop
-- Installing: /home/omen/GITHUB/Athos/AthOS/REPO-AthOS/bomber/package-bomber/usr/share/bomber/themes/kbomber.png
-- Installing: /home/omen/GITHUB/Athos/AthOS/REPO-AthOS/bomber/package-bomber/usr/share/bomber/themes/kbomber.svgz
-- Installing: /home/omen/GITHUB/Athos/AthOS/REPO-AthOS/bomber/package-bomber/usr/share/bomber/themes/Lava-Island.desktop
-- Installing: /home/omen/GITHUB/Athos/AthOS/REPO-AthOS/bomber/package-bomber/usr/share/bomber/themes/lava-Island.png
-- Installing: /home/omen/GITHUB/Athos/AthOS/REPO-AthOS/bomber/package-bomber/usr/share/bomber/themes/Lava-Island.svgz
-- Installing: /home/omen/GITHUB/Athos/AthOS/REPO-AthOS/bomber/package-bomber/usr/share/bomber/sounds/bomb.ogg
-- Installing: /home/omen/GITHUB/Athos/AthOS/REPO-AthOS/bomber/package-bomber/usr/share/bomber/sounds/crash.ogg
-- Installing: /home/omen/GITHUB/Athos/AthOS/REPO-AthOS/bomber/package-bomber/usr/share/icons/hicolor/128x128/apps/bomber.png
-- Installing: /home/omen/GITHUB/Athos/AthOS/REPO-AthOS/bomber/package-bomber/usr/share/icons/hicolor/32x32/apps/bomber.png
-- Installing: /home/omen/GITHUB/Athos/AthOS/REPO-AthOS/bomber/package-bomber/usr/share/icons/hicolor/48x48/apps/bomber.png
-- Installing: /home/omen/GITHUB/Athos/AthOS/REPO-AthOS/bomber/package-bomber/usr/share/icons/hicolor/64x64/apps/bomber.png
-- Installing: /home/omen/GITHUB/Athos/AthOS/REPO-AthOS/bomber/package-bomber/usr/bin/bomber
-- Installing: /home/omen/GITHUB/Athos/AthOS/REPO-AthOS/bomber/package-bomber/usr/share/applications/org.kde.bomber.desktop
-- Installing: /home/omen/GITHUB/Athos/AthOS/REPO-AthOS/bomber/package-bomber/usr/share/metainfo/org.kde.bomber.appdata.xml
-- Installing: /home/omen/GITHUB/Athos/AthOS/REPO-AthOS/bomber/package-bomber/usr/share/config.kcfg/bomber.kcfg
-- Installing: /home/omen/GITHUB/Athos/AthOS/REPO-AthOS/bomber/package-bomber/usr/share/doc/HTML/en/bomber/index.cache.bz2
-- Installing: /home/omen/GITHUB/Athos/AthOS/REPO-AthOS/bomber/package-bomber/usr/share/doc/HTML/en/bomber/index.docbook
-- Installing: /home/omen/GITHUB/Athos/AthOS/REPO-AthOS/bomber/package-bomber/usr/share/doc/HTML/en/bomber/mainscreen.png
-- Installing: /home/omen/GITHUB/Athos/AthOS/REPO-AthOS/bomber/package-bomber/usr/share/locale
-- Installing: /home/omen/GITHUB/Athos/AthOS/REPO-AthOS/bomber/package-bomber/usr/share/locale/da
-- Installing: /home/omen/GITHUB/Athos/AthOS/REPO-AthOS/bomber/package-bomber/usr/share/locale/da/LC_MESSAGES
-- Installing: /home/omen/GITHUB/Athos/AthOS/REPO-AthOS/bomber/package-bomber/usr/share/locale/da/LC_MESSAGES/bomber.mo
-- Installing: /home/omen/GITHUB/Athos/AthOS/REPO-AthOS/bomber/package-bomber/usr/share/locale/ms
-- Installing: /home/omen/GITHUB/Athos/AthOS/REPO-AthOS/bomber/package-bomber/usr/share/locale/ms/LC_MESSAGES
-- Installing: /home/omen/GITHUB/Athos/AthOS/REPO-AthOS/bomber/package-bomber/usr/share/locale/ms/LC_MESSAGES/bomber.mo
-- Installing: /home/omen/GITHUB/Athos/AthOS/REPO-AthOS/bomber/package-bomber/usr/share/locale/cs
-- Installing: /home/omen/GITHUB/Athos/AthOS/REPO-AthOS/bomber/package-bomber/usr/share/locale/cs/LC_MESSAGES
-- Installing: /home/omen/GITHUB/Athos/AthOS/REPO-AthOS/bomber/package-bomber/usr/share/locale/cs/LC_MESSAGES/bomber.mo
-- Installing: /home/omen/GITHUB/Athos/AthOS/REPO-AthOS/bomber/package-bomber/usr/share/locale/ja
-- Installing: /home/omen/GITHUB/Athos/AthOS/REPO-AthOS/bomber/package-bomber/usr/share/locale/ja/LC_MESSAGES
-- Installing: /home/omen/GITHUB/Athos/AthOS/REPO-AthOS/bomber/package-bomber/usr/share/locale/ja/LC_MESSAGES/bomber.mo
-- Installing: /home/omen/GITHUB/Athos/AthOS/REPO-AthOS/bomber/package-bomber/usr/share/locale/sr@ijekavian
-- Installing: /home/omen/GITHUB/Athos/AthOS/REPO-AthOS/bomber/package-bomber/usr/share/locale/sr@ijekavian/LC_MESSAGES
-- Installing: /home/omen/GITHUB/Athos/AthOS/REPO-AthOS/bomber/package-bomber/usr/share/locale/sr@ijekavian/LC_MESSAGES/bomber.mo
-- Installing: /home/omen/GITHUB/Athos/AthOS/REPO-AthOS/bomber/package-bomber/usr/share/locale/de
-- Installing: /home/omen/GITHUB/Athos/AthOS/REPO-AthOS/bomber/package-bomber/usr/share/locale/de/LC_MESSAGES
-- Installing: /home/omen/GITHUB/Athos/AthOS/REPO-AthOS/bomber/package-bomber/usr/share/locale/de/LC_MESSAGES/bomber.mo
-- Installing: /home/omen/GITHUB/Athos/AthOS/REPO-AthOS/bomber/package-bomber/usr/share/locale/el
-- Installing: /home/omen/GITHUB/Athos/AthOS/REPO-AthOS/bomber/package-bomber/usr/share/locale/el/LC_MESSAGES
-- Installing: /home/omen/GITHUB/Athos/AthOS/REPO-AthOS/bomber/package-bomber/usr/share/locale/el/LC_MESSAGES/bomber.mo
-- Installing: /home/omen/GITHUB/Athos/AthOS/REPO-AthOS/bomber/package-bomber/usr/share/locale/nn
-- Installing: /home/omen/GITHUB/Athos/AthOS/REPO-AthOS/bomber/package-bomber/usr/share/locale/nn/LC_MESSAGES
-- Installing: /home/omen/GITHUB/Athos/AthOS/REPO-AthOS/bomber/package-bomber/usr/share/locale/nn/LC_MESSAGES/bomber.mo
-- Installing: /home/omen/GITHUB/Athos/AthOS/REPO-AthOS/bomber/package-bomber/usr/share/locale/sr
-- Installing: /home/omen/GITHUB/Athos/AthOS/REPO-AthOS/bomber/package-bomber/usr/share/locale/sr/LC_MESSAGES
-- Installing: /home/omen/GITHUB/Athos/AthOS/REPO-AthOS/bomber/package-bomber/usr/share/locale/sr/LC_MESSAGES/bomber.mo
-- Installing: /home/omen/GITHUB/Athos/AthOS/REPO-AthOS/bomber/package-bomber/usr/share/locale/hi
-- Installing: /home/omen/GITHUB/Athos/AthOS/REPO-AthOS/bomber/package-bomber/usr/share/locale/hi/LC_MESSAGES
-- Installing: /home/omen/GITHUB/Athos/AthOS/REPO-AthOS/bomber/package-bomber/usr/share/locale/hi/LC_MESSAGES/bomber.mo
-- Installing: /home/omen/GITHUB/Athos/AthOS/REPO-AthOS/bomber/package-bomber/usr/share/locale/pt_BR
-- Installing: /home/omen/GITHUB/Athos/AthOS/REPO-AthOS/bomber/package-bomber/usr/share/locale/pt_BR/LC_MESSAGES
-- Installing: /home/omen/GITHUB/Athos/AthOS/REPO-AthOS/bomber/package-bomber/usr/share/locale/pt_BR/LC_MESSAGES/bomber.mo
-- Installing: /home/omen/GITHUB/Athos/AthOS/REPO-AthOS/bomber/package-bomber/usr/share/locale/lt
-- Installing: /home/omen/GITHUB/Athos/AthOS/REPO-AthOS/bomber/package-bomber/usr/share/locale/lt/LC_MESSAGES
-- Installing: /home/omen/GITHUB/Athos/AthOS/REPO-AthOS/bomber/package-bomber/usr/share/locale/lt/LC_MESSAGES/bomber.mo
-- Installing: /home/omen/GITHUB/Athos/AthOS/REPO-AthOS/bomber/package-bomber/usr/share/locale/sr@ijekavianlatin
-- Installing: /home/omen/GITHUB/Athos/AthOS/REPO-AthOS/bomber/package-bomber/usr/share/locale/sr@ijekavianlatin/LC_MESSAGES
-- Installing: /home/omen/GITHUB/Athos/AthOS/REPO-AthOS/bomber/package-bomber/usr/share/locale/sr@ijekavianlatin/LC_MESSAGES/bomber.mo
-- Installing: /home/omen/GITHUB/Athos/AthOS/REPO-AthOS/bomber/package-bomber/usr/share/locale/pa
-- Installing: /home/omen/GITHUB/Athos/AthOS/REPO-AthOS/bomber/package-bomber/usr/share/locale/pa/LC_MESSAGES
-- Installing: /home/omen/GITHUB/Athos/AthOS/REPO-AthOS/bomber/package-bomber/usr/share/locale/pa/LC_MESSAGES/bomber.mo
-- Installing: /home/omen/GITHUB/Athos/AthOS/REPO-AthOS/bomber/package-bomber/usr/share/locale/sl
-- Installing: /home/omen/GITHUB/Athos/AthOS/REPO-AthOS/bomber/package-bomber/usr/share/locale/sl/LC_MESSAGES
-- Installing: /home/omen/GITHUB/Athos/AthOS/REPO-AthOS/bomber/package-bomber/usr/share/locale/sl/LC_MESSAGES/bomber.mo
-- Installing: /home/omen/GITHUB/Athos/AthOS/REPO-AthOS/bomber/package-bomber/usr/share/locale/gu
-- Installing: /home/omen/GITHUB/Athos/AthOS/REPO-AthOS/bomber/package-bomber/usr/share/locale/gu/LC_MESSAGES
-- Installing: /home/omen/GITHUB/Athos/AthOS/REPO-AthOS/bomber/package-bomber/usr/share/locale/gu/LC_MESSAGES/bomber.mo
-- Installing: /home/omen/GITHUB/Athos/AthOS/REPO-AthOS/bomber/package-bomber/usr/share/locale/ro
-- Installing: /home/omen/GITHUB/Athos/AthOS/REPO-AthOS/bomber/package-bomber/usr/share/locale/ro/LC_MESSAGES
-- Installing: /home/omen/GITHUB/Athos/AthOS/REPO-AthOS/bomber/package-bomber/usr/share/locale/ro/LC_MESSAGES/bomber.mo
-- Installing: /home/omen/GITHUB/Athos/AthOS/REPO-AthOS/bomber/package-bomber/usr/share/locale/bs
-- Installing: /home/omen/GITHUB/Athos/AthOS/REPO-AthOS/bomber/package-bomber/usr/share/locale/bs/LC_MESSAGES
-- Installing: /home/omen/GITHUB/Athos/AthOS/REPO-AthOS/bomber/package-bomber/usr/share/locale/bs/LC_MESSAGES/bomber.mo
-- Installing: /home/omen/GITHUB/Athos/AthOS/REPO-AthOS/bomber/package-bomber/usr/share/locale/is
-- Installing: /home/omen/GITHUB/Athos/AthOS/REPO-AthOS/bomber/package-bomber/usr/share/locale/is/LC_MESSAGES
-- Installing: /home/omen/GITHUB/Athos/AthOS/REPO-AthOS/bomber/package-bomber/usr/share/locale/is/LC_MESSAGES/bomber.mo
-- Installing: /home/omen/GITHUB/Athos/AthOS/REPO-AthOS/bomber/package-bomber/usr/share/locale/kk
-- Installing: /home/omen/GITHUB/Athos/AthOS/REPO-AthOS/bomber/package-bomber/usr/share/locale/kk/LC_MESSAGES
-- Installing: /home/omen/GITHUB/Athos/AthOS/REPO-AthOS/bomber/package-bomber/usr/share/locale/kk/LC_MESSAGES/bomber.mo
-- Installing: /home/omen/GITHUB/Athos/AthOS/REPO-AthOS/bomber/package-bomber/usr/share/locale/sr@latin
-- Installing: /home/omen/GITHUB/Athos/AthOS/REPO-AthOS/bomber/package-bomber/usr/share/locale/sr@latin/LC_MESSAGES
-- Installing: /home/omen/GITHUB/Athos/AthOS/REPO-AthOS/bomber/package-bomber/usr/share/locale/sr@latin/LC_MESSAGES/bomber.mo
-- Installing: /home/omen/GITHUB/Athos/AthOS/REPO-AthOS/bomber/package-bomber/usr/share/locale/he
-- Installing: /home/omen/GITHUB/Athos/AthOS/REPO-AthOS/bomber/package-bomber/usr/share/locale/he/LC_MESSAGES
-- Installing: /home/omen/GITHUB/Athos/AthOS/REPO-AthOS/bomber/package-bomber/usr/share/locale/he/LC_MESSAGES/bomber.mo
-- Installing: /home/omen/GITHUB/Athos/AthOS/REPO-AthOS/bomber/package-bomber/usr/share/locale/zh_TW
-- Installing: /home/omen/GITHUB/Athos/AthOS/REPO-AthOS/bomber/package-bomber/usr/share/locale/zh_TW/LC_MESSAGES
-- Installing: /home/omen/GITHUB/Athos/AthOS/REPO-AthOS/bomber/package-bomber/usr/share/locale/zh_TW/LC_MESSAGES/bomber.mo
-- Installing: /home/omen/GITHUB/Athos/AthOS/REPO-AthOS/bomber/package-bomber/usr/share/locale/pl
-- Installing: /home/omen/GITHUB/Athos/AthOS/REPO-AthOS/bomber/package-bomber/usr/share/locale/pl/LC_MESSAGES
-- Installing: /home/omen/GITHUB/Athos/AthOS/REPO-AthOS/bomber/package-bomber/usr/share/locale/pl/LC_MESSAGES/bomber.mo
-- Installing: /home/omen/GITHUB/Athos/AthOS/REPO-AthOS/bomber/package-bomber/usr/share/locale/km
-- Installing: /home/omen/GITHUB/Athos/AthOS/REPO-AthOS/bomber/package-bomber/usr/share/locale/km/LC_MESSAGES
-- Installing: /home/omen/GITHUB/Athos/AthOS/REPO-AthOS/bomber/package-bomber/usr/share/locale/km/LC_MESSAGES/bomber.mo
-- Installing: /home/omen/GITHUB/Athos/AthOS/REPO-AthOS/bomber/package-bomber/usr/share/locale/pt
-- Installing: /home/omen/GITHUB/Athos/AthOS/REPO-AthOS/bomber/package-bomber/usr/share/locale/pt/LC_MESSAGES
-- Installing: /home/omen/GITHUB/Athos/AthOS/REPO-AthOS/bomber/package-bomber/usr/share/locale/pt/LC_MESSAGES/bomber.mo
-- Installing: /home/omen/GITHUB/Athos/AthOS/REPO-AthOS/bomber/package-bomber/usr/share/locale/hr
-- Installing: /home/omen/GITHUB/Athos/AthOS/REPO-AthOS/bomber/package-bomber/usr/share/locale/hr/LC_MESSAGES
-- Installing: /home/omen/GITHUB/Athos/AthOS/REPO-AthOS/bomber/package-bomber/usr/share/locale/hr/LC_MESSAGES/bomber.mo
-- Installing: /home/omen/GITHUB/Athos/AthOS/REPO-AthOS/bomber/package-bomber/usr/share/locale/tr
-- Installing: /home/omen/GITHUB/Athos/AthOS/REPO-AthOS/bomber/package-bomber/usr/share/locale/tr/LC_MESSAGES
-- Installing: /home/omen/GITHUB/Athos/AthOS/REPO-AthOS/bomber/package-bomber/usr/share/locale/tr/LC_MESSAGES/bomber.mo
-- Installing: /home/omen/GITHUB/Athos/AthOS/REPO-AthOS/bomber/package-bomber/usr/share/locale/fr
-- Installing: /home/omen/GITHUB/Athos/AthOS/REPO-AthOS/bomber/package-bomber/usr/share/locale/fr/LC_MESSAGES
-- Installing: /home/omen/GITHUB/Athos/AthOS/REPO-AthOS/bomber/package-bomber/usr/share/locale/fr/LC_MESSAGES/bomber.mo
-- Installing: /home/omen/GITHUB/Athos/AthOS/REPO-AthOS/bomber/package-bomber/usr/share/locale/ast
-- Installing: /home/omen/GITHUB/Athos/AthOS/REPO-AthOS/bomber/package-bomber/usr/share/locale/ast/LC_MESSAGES
-- Installing: /home/omen/GITHUB/Athos/AthOS/REPO-AthOS/bomber/package-bomber/usr/share/locale/ast/LC_MESSAGES/bomber.mo
-- Installing: /home/omen/GITHUB/Athos/AthOS/REPO-AthOS/bomber/package-bomber/usr/share/locale/mai
-- Installing: /home/omen/GITHUB/Athos/AthOS/REPO-AthOS/bomber/package-bomber/usr/share/locale/mai/LC_MESSAGES
-- Installing: /home/omen/GITHUB/Athos/AthOS/REPO-AthOS/bomber/package-bomber/usr/share/locale/mai/LC_MESSAGES/bomber.mo
-- Installing: /home/omen/GITHUB/Athos/AthOS/REPO-AthOS/bomber/package-bomber/usr/share/locale/ka
-- Installing: /home/omen/GITHUB/Athos/AthOS/REPO-AthOS/bomber/package-bomber/usr/share/locale/ka/LC_MESSAGES
-- Installing: /home/omen/GITHUB/Athos/AthOS/REPO-AthOS/bomber/package-bomber/usr/share/locale/ka/LC_MESSAGES/bomber.mo
-- Installing: /home/omen/GITHUB/Athos/AthOS/REPO-AthOS/bomber/package-bomber/usr/share/locale/th
-- Installing: /home/omen/GITHUB/Athos/AthOS/REPO-AthOS/bomber/package-bomber/usr/share/locale/th/LC_MESSAGES
-- Installing: /home/omen/GITHUB/Athos/AthOS/REPO-AthOS/bomber/package-bomber/usr/share/locale/th/LC_MESSAGES/bomber.mo
-- Installing: /home/omen/GITHUB/Athos/AthOS/REPO-AthOS/bomber/package-bomber/usr/share/locale/gl
-- Installing: /home/omen/GITHUB/Athos/AthOS/REPO-AthOS/bomber/package-bomber/usr/share/locale/gl/LC_MESSAGES
-- Installing: /home/omen/GITHUB/Athos/AthOS/REPO-AthOS/bomber/package-bomber/usr/share/locale/gl/LC_MESSAGES/bomber.mo
-- Installing: /home/omen/GITHUB/Athos/AthOS/REPO-AthOS/bomber/package-bomber/usr/share/locale/ia
-- Installing: /home/omen/GITHUB/Athos/AthOS/REPO-AthOS/bomber/package-bomber/usr/share/locale/ia/LC_MESSAGES
-- Installing: /home/omen/GITHUB/Athos/AthOS/REPO-AthOS/bomber/package-bomber/usr/share/locale/ia/LC_MESSAGES/bomber.mo
-- Installing: /home/omen/GITHUB/Athos/AthOS/REPO-AthOS/bomber/package-bomber/usr/share/locale/hu
-- Installing: /home/omen/GITHUB/Athos/AthOS/REPO-AthOS/bomber/package-bomber/usr/share/locale/hu/LC_MESSAGES
-- Installing: /home/omen/GITHUB/Athos/AthOS/REPO-AthOS/bomber/package-bomber/usr/share/locale/hu/LC_MESSAGES/bomber.mo
-- Installing: /home/omen/GITHUB/Athos/AthOS/REPO-AthOS/bomber/package-bomber/usr/share/locale/eo
-- Installing: /home/omen/GITHUB/Athos/AthOS/REPO-AthOS/bomber/package-bomber/usr/share/locale/eo/LC_MESSAGES
-- Installing: /home/omen/GITHUB/Athos/AthOS/REPO-AthOS/bomber/package-bomber/usr/share/locale/eo/LC_MESSAGES/bomber.mo
-- Installing: /home/omen/GITHUB/Athos/AthOS/REPO-AthOS/bomber/package-bomber/usr/share/locale/bg
-- Installing: /home/omen/GITHUB/Athos/AthOS/REPO-AthOS/bomber/package-bomber/usr/share/locale/bg/LC_MESSAGES
-- Installing: /home/omen/GITHUB/Athos/AthOS/REPO-AthOS/bomber/package-bomber/usr/share/locale/bg/LC_MESSAGES/bomber.mo
-- Installing: /home/omen/GITHUB/Athos/AthOS/REPO-AthOS/bomber/package-bomber/usr/share/locale/ga
-- Installing: /home/omen/GITHUB/Athos/AthOS/REPO-AthOS/bomber/package-bomber/usr/share/locale/ga/LC_MESSAGES
-- Installing: /home/omen/GITHUB/Athos/AthOS/REPO-AthOS/bomber/package-bomber/usr/share/locale/ga/LC_MESSAGES/bomber.mo
-- Installing: /home/omen/GITHUB/Athos/AthOS/REPO-AthOS/bomber/package-bomber/usr/share/locale/ca
-- Installing: /home/omen/GITHUB/Athos/AthOS/REPO-AthOS/bomber/package-bomber/usr/share/locale/ca/LC_MESSAGES
-- Installing: /home/omen/GITHUB/Athos/AthOS/REPO-AthOS/bomber/package-bomber/usr/share/locale/ca/LC_MESSAGES/bomber.mo
-- Installing: /home/omen/GITHUB/Athos/AthOS/REPO-AthOS/bomber/package-bomber/usr/share/locale/uk
-- Installing: /home/omen/GITHUB/Athos/AthOS/REPO-AthOS/bomber/package-bomber/usr/share/locale/uk/LC_MESSAGES
-- Installing: /home/omen/GITHUB/Athos/AthOS/REPO-AthOS/bomber/package-bomber/usr/share/locale/uk/LC_MESSAGES/bomber.mo
-- Installing: /home/omen/GITHUB/Athos/AthOS/REPO-AthOS/bomber/package-bomber/usr/share/locale/id
-- Installing: /home/omen/GITHUB/Athos/AthOS/REPO-AthOS/bomber/package-bomber/usr/share/locale/id/LC_MESSAGES
-- Installing: /home/omen/GITHUB/Athos/AthOS/REPO-AthOS/bomber/package-bomber/usr/share/locale/id/LC_MESSAGES/bomber.mo
-- Installing: /home/omen/GITHUB/Athos/AthOS/REPO-AthOS/bomber/package-bomber/usr/share/locale/en_GB
-- Installing: /home/omen/GITHUB/Athos/AthOS/REPO-AthOS/bomber/package-bomber/usr/share/locale/en_GB/LC_MESSAGES
-- Installing: /home/omen/GITHUB/Athos/AthOS/REPO-AthOS/bomber/package-bomber/usr/share/locale/en_GB/LC_MESSAGES/bomber.mo
-- Installing: /home/omen/GITHUB/Athos/AthOS/REPO-AthOS/bomber/package-bomber/usr/share/locale/zh_CN
-- Installing: /home/omen/GITHUB/Athos/AthOS/REPO-AthOS/bomber/package-bomber/usr/share/locale/zh_CN/LC_MESSAGES
-- Installing: /home/omen/GITHUB/Athos/AthOS/REPO-AthOS/bomber/package-bomber/usr/share/locale/zh_CN/LC_MESSAGES/bomber.mo
-- Installing: /home/omen/GITHUB/Athos/AthOS/REPO-AthOS/bomber/package-bomber/usr/share/locale/nl
-- Installing: /home/omen/GITHUB/Athos/AthOS/REPO-AthOS/bomber/package-bomber/usr/share/locale/nl/LC_MESSAGES
-- Installing: /home/omen/GITHUB/Athos/AthOS/REPO-AthOS/bomber/package-bomber/usr/share/locale/nl/LC_MESSAGES/bomber.mo
-- Installing: /home/omen/GITHUB/Athos/AthOS/REPO-AthOS/bomber/package-bomber/usr/share/locale/sa
-- Installing: /home/omen/GITHUB/Athos/AthOS/REPO-AthOS/bomber/package-bomber/usr/share/locale/sa/LC_MESSAGES
-- Installing: /home/omen/GITHUB/Athos/AthOS/REPO-AthOS/bomber/package-bomber/usr/share/locale/sa/LC_MESSAGES/bomber.mo
-- Installing: /home/omen/GITHUB/Athos/AthOS/REPO-AthOS/bomber/package-bomber/usr/share/locale/fi
-- Installing: /home/omen/GITHUB/Athos/AthOS/REPO-AthOS/bomber/package-bomber/usr/share/locale/fi/LC_MESSAGES
-- Installing: /home/omen/GITHUB/Athos/AthOS/REPO-AthOS/bomber/package-bomber/usr/share/locale/fi/LC_MESSAGES/bomber.mo
-- Installing: /home/omen/GITHUB/Athos/AthOS/REPO-AthOS/bomber/package-bomber/usr/share/locale/ko
-- Installing: /home/omen/GITHUB/Athos/AthOS/REPO-AthOS/bomber/package-bomber/usr/share/locale/ko/LC_MESSAGES
-- Installing: /home/omen/GITHUB/Athos/AthOS/REPO-AthOS/bomber/package-bomber/usr/share/locale/ko/LC_MESSAGES/bomber.mo
-- Installing: /home/omen/GITHUB/Athos/AthOS/REPO-AthOS/bomber/package-bomber/usr/share/locale/ru
-- Installing: /home/omen/GITHUB/Athos/AthOS/REPO-AthOS/bomber/package-bomber/usr/share/locale/ru/LC_MESSAGES
-- Installing: /home/omen/GITHUB/Athos/AthOS/REPO-AthOS/bomber/package-bomber/usr/share/locale/ru/LC_MESSAGES/bomber.mo
-- Installing: /home/omen/GITHUB/Athos/AthOS/REPO-AthOS/bomber/package-bomber/usr/share/locale/lv
-- Installing: /home/omen/GITHUB/Athos/AthOS/REPO-AthOS/bomber/package-bomber/usr/share/locale/lv/LC_MESSAGES
-- Installing: /home/omen/GITHUB/Athos/AthOS/REPO-AthOS/bomber/package-bomber/usr/share/locale/lv/LC_MESSAGES/bomber.mo
-- Installing: /home/omen/GITHUB/Athos/AthOS/REPO-AthOS/bomber/package-bomber/usr/share/locale/ml
-- Installing: /home/omen/GITHUB/Athos/AthOS/REPO-AthOS/bomber/package-bomber/usr/share/locale/ml/LC_MESSAGES
-- Installing: /home/omen/GITHUB/Athos/AthOS/REPO-AthOS/bomber/package-bomber/usr/share/locale/ml/LC_MESSAGES/bomber.mo
-- Installing: /home/omen/GITHUB/Athos/AthOS/REPO-AthOS/bomber/package-bomber/usr/share/locale/ca@valencia
-- Installing: /home/omen/GITHUB/Athos/AthOS/REPO-AthOS/bomber/package-bomber/usr/share/locale/ca@valencia/LC_MESSAGES
-- Installing: /home/omen/GITHUB/Athos/AthOS/REPO-AthOS/bomber/package-bomber/usr/share/locale/ca@valencia/LC_MESSAGES/bomber.mo
-- Installing: /home/omen/GITHUB/Athos/AthOS/REPO-AthOS/bomber/package-bomber/usr/share/locale/nb
-- Installing: /home/omen/GITHUB/Athos/AthOS/REPO-AthOS/bomber/package-bomber/usr/share/locale/nb/LC_MESSAGES
-- Installing: /home/omen/GITHUB/Athos/AthOS/REPO-AthOS/bomber/package-bomber/usr/share/locale/nb/LC_MESSAGES/bomber.mo
-- Installing: /home/omen/GITHUB/Athos/AthOS/REPO-AthOS/bomber/package-bomber/usr/share/locale/es
-- Installing: /home/omen/GITHUB/Athos/AthOS/REPO-AthOS/bomber/package-bomber/usr/share/locale/es/LC_MESSAGES
-- Installing: /home/omen/GITHUB/Athos/AthOS/REPO-AthOS/bomber/package-bomber/usr/share/locale/es/LC_MESSAGES/bomber.mo
-- Installing: /home/omen/GITHUB/Athos/AthOS/REPO-AthOS/bomber/package-bomber/usr/share/locale/eu
-- Installing: /home/omen/GITHUB/Athos/AthOS/REPO-AthOS/bomber/package-bomber/usr/share/locale/eu/LC_MESSAGES
-- Installing: /home/omen/GITHUB/Athos/AthOS/REPO-AthOS/bomber/package-bomber/usr/share/locale/eu/LC_MESSAGES/bomber.mo
-- Installing: /home/omen/GITHUB/Athos/AthOS/REPO-AthOS/bomber/package-bomber/usr/share/locale/et
-- Installing: /home/omen/GITHUB/Athos/AthOS/REPO-AthOS/bomber/package-bomber/usr/share/locale/et/LC_MESSAGES
-- Installing: /home/omen/GITHUB/Athos/AthOS/REPO-AthOS/bomber/package-bomber/usr/share/locale/et/LC_MESSAGES/bomber.mo
-- Installing: /home/omen/GITHUB/Athos/AthOS/REPO-AthOS/bomber/package-bomber/usr/share/locale/it
-- Installing: /home/omen/GITHUB/Athos/AthOS/REPO-AthOS/bomber/package-bomber/usr/share/locale/it/LC_MESSAGES
-- Installing: /home/omen/GITHUB/Athos/AthOS/REPO-AthOS/bomber/package-bomber/usr/share/locale/it/LC_MESSAGES/bomber.mo
-- Installing: /home/omen/GITHUB/Athos/AthOS/REPO-AthOS/bomber/package-bomber/usr/share/locale/ar
-- Installing: /home/omen/GITHUB/Athos/AthOS/REPO-AthOS/bomber/package-bomber/usr/share/locale/ar/LC_MESSAGES
-- Installing: /home/omen/GITHUB/Athos/AthOS/REPO-AthOS/bomber/package-bomber/usr/share/locale/ar/LC_MESSAGES/bomber.mo
-- Installing: /home/omen/GITHUB/Athos/AthOS/REPO-AthOS/bomber/package-bomber/usr/share/locale/sq
-- Installing: /home/omen/GITHUB/Athos/AthOS/REPO-AthOS/bomber/package-bomber/usr/share/locale/sq/LC_MESSAGES
-- Installing: /home/omen/GITHUB/Athos/AthOS/REPO-AthOS/bomber/package-bomber/usr/share/locale/sq/LC_MESSAGES/bomber.mo
-- Installing: /home/omen/GITHUB/Athos/AthOS/REPO-AthOS/bomber/package-bomber/usr/share/locale/nds
-- Installing: /home/omen/GITHUB/Athos/AthOS/REPO-AthOS/bomber/package-bomber/usr/share/locale/nds/LC_MESSAGES
-- Installing: /home/omen/GITHUB/Athos/AthOS/REPO-AthOS/bomber/package-bomber/usr/share/locale/nds/LC_MESSAGES/bomber.mo
-- Installing: /home/omen/GITHUB/Athos/AthOS/REPO-AthOS/bomber/package-bomber/usr/share/locale/mr
-- Installing: /home/omen/GITHUB/Athos/AthOS/REPO-AthOS/bomber/package-bomber/usr/share/locale/mr/LC_MESSAGES
-- Installing: /home/omen/GITHUB/Athos/AthOS/REPO-AthOS/bomber/package-bomber/usr/share/locale/mr/LC_MESSAGES/bomber.mo
-- Installing: /home/omen/GITHUB/Athos/AthOS/REPO-AthOS/bomber/package-bomber/usr/share/locale/ug
-- Installing: /home/omen/GITHUB/Athos/AthOS/REPO-AthOS/bomber/package-bomber/usr/share/locale/ug/LC_MESSAGES
-- Installing: /home/omen/GITHUB/Athos/AthOS/REPO-AthOS/bomber/package-bomber/usr/share/locale/ug/LC_MESSAGES/bomber.mo
-- Installing: /home/omen/GITHUB/Athos/AthOS/REPO-AthOS/bomber/package-bomber/usr/share/locale/sk
-- Installing: /home/omen/GITHUB/Athos/AthOS/REPO-AthOS/bomber/package-bomber/usr/share/locale/sk/LC_MESSAGES
-- Installing: /home/omen/GITHUB/Athos/AthOS/REPO-AthOS/bomber/package-bomber/usr/share/locale/sk/LC_MESSAGES/bomber.mo
-- Installing: /home/omen/GITHUB/Athos/AthOS/REPO-AthOS/bomber/package-bomber/usr/share/locale/sv
-- Installing: /home/omen/GITHUB/Athos/AthOS/REPO-AthOS/bomber/package-bomber/usr/share/locale/sv/LC_MESSAGES
-- Installing: /home/omen/GITHUB/Athos/AthOS/REPO-AthOS/bomber/package-bomber/usr/share/locale/sv/LC_MESSAGES/bomber.mo
-- Installing: /home/omen/GITHUB/Athos/AthOS/REPO-AthOS/bomber/package-bomber/usr/share/doc/HTML/ca/bomber/index.cache.bz2
-- Installing: /home/omen/GITHUB/Athos/AthOS/REPO-AthOS/bomber/package-bomber/usr/share/doc/HTML/ca/bomber/index.docbook
-- Installing: /home/omen/GITHUB/Athos/AthOS/REPO-AthOS/bomber/package-bomber/usr/share/doc/HTML/cs/bomber/index.cache.bz2
-- Installing: /home/omen/GITHUB/Athos/AthOS/REPO-AthOS/bomber/package-bomber/usr/share/doc/HTML/cs/bomber/index.docbook
-- Installing: /home/omen/GITHUB/Athos/AthOS/REPO-AthOS/bomber/package-bomber/usr/share/doc/HTML/de/bomber/index.cache.bz2
-- Installing: /home/omen/GITHUB/Athos/AthOS/REPO-AthOS/bomber/package-bomber/usr/share/doc/HTML/de/bomber/index.docbook
-- Installing: /home/omen/GITHUB/Athos/AthOS/REPO-AthOS/bomber/package-bomber/usr/share/doc/HTML/es/bomber/index.cache.bz2
-- Installing: /home/omen/GITHUB/Athos/AthOS/REPO-AthOS/bomber/package-bomber/usr/share/doc/HTML/es/bomber/index.docbook
-- Installing: /home/omen/GITHUB/Athos/AthOS/REPO-AthOS/bomber/package-bomber/usr/share/doc/HTML/et/bomber/index.cache.bz2
-- Installing: /home/omen/GITHUB/Athos/AthOS/REPO-AthOS/bomber/package-bomber/usr/share/doc/HTML/et/bomber/index.docbook
-- Installing: /home/omen/GITHUB/Athos/AthOS/REPO-AthOS/bomber/package-bomber/usr/share/doc/HTML/fr/bomber/index.cache.bz2
-- Installing: /home/omen/GITHUB/Athos/AthOS/REPO-AthOS/bomber/package-bomber/usr/share/doc/HTML/fr/bomber/index.docbook
-- Installing: /home/omen/GITHUB/Athos/AthOS/REPO-AthOS/bomber/package-bomber/usr/share/doc/HTML/gl/bomber/index.cache.bz2
-- Installing: /home/omen/GITHUB/Athos/AthOS/REPO-AthOS/bomber/package-bomber/usr/share/doc/HTML/gl/bomber/index.docbook
-- Installing: /home/omen/GITHUB/Athos/AthOS/REPO-AthOS/bomber/package-bomber/usr/share/doc/HTML/it/bomber/index.cache.bz2
-- Installing: /home/omen/GITHUB/Athos/AthOS/REPO-AthOS/bomber/package-bomber/usr/share/doc/HTML/it/bomber/index.docbook
-- Installing: /home/omen/GITHUB/Athos/AthOS/REPO-AthOS/bomber/package-bomber/usr/share/doc/HTML/nl/bomber/index.cache.bz2
-- Installing: /home/omen/GITHUB/Athos/AthOS/REPO-AthOS/bomber/package-bomber/usr/share/doc/HTML/nl/bomber/index.docbook
-- Installing: /home/omen/GITHUB/Athos/AthOS/REPO-AthOS/bomber/package-bomber/usr/share/doc/HTML/pl/bomber/index.cache.bz2
-- Installing: /home/omen/GITHUB/Athos/AthOS/REPO-AthOS/bomber/package-bomber/usr/share/doc/HTML/pl/bomber/index.docbook
-- Installing: /home/omen/GITHUB/Athos/AthOS/REPO-AthOS/bomber/package-bomber/usr/share/doc/HTML/pt/bomber/index.cache.bz2
-- Installing: /home/omen/GITHUB/Athos/AthOS/REPO-AthOS/bomber/package-bomber/usr/share/doc/HTML/pt/bomber/index.docbook
-- Installing: /home/omen/GITHUB/Athos/AthOS/REPO-AthOS/bomber/package-bomber/usr/share/doc/HTML/pt_BR/bomber/index.cache.bz2
-- Installing: /home/omen/GITHUB/Athos/AthOS/REPO-AthOS/bomber/package-bomber/usr/share/doc/HTML/pt_BR/bomber/index.docbook
-- Installing: /home/omen/GITHUB/Athos/AthOS/REPO-AthOS/bomber/package-bomber/usr/share/doc/HTML/sl/bomber/index.cache.bz2
-- Installing: /home/omen/GITHUB/Athos/AthOS/REPO-AthOS/bomber/package-bomber/usr/share/doc/HTML/sl/bomber/index.docbook
-- Installing: /home/omen/GITHUB/Athos/AthOS/REPO-AthOS/bomber/package-bomber/usr/share/doc/HTML/sv/bomber/index.cache.bz2
-- Installing: /home/omen/GITHUB/Athos/AthOS/REPO-AthOS/bomber/package-bomber/usr/share/doc/HTML/sv/bomber/index.docbook
-- Installing: /home/omen/GITHUB/Athos/AthOS/REPO-AthOS/bomber/package-bomber/usr/share/doc/HTML/uk/bomber/index.cache.bz2
-- Installing: /home/omen/GITHUB/Athos/AthOS/REPO-AthOS/bomber/package-bomber/usr/share/doc/HTML/uk/bomber/index.docbook
-- Installing: /home/omen/GITHUB/Athos/AthOS/REPO-AthOS/bomber/package-bomber/usr/share/doc/HTML/uk/bomber/mainscreen.png
-- Installing: /home/omen/GITHUB/Athos/AthOS/REPO-AthOS/bomber/package-bomber/usr/share/doc/HTML/zh_CN/bomber/index.cache.bz2
-- Installing: /home/omen/GITHUB/Athos/AthOS/REPO-AthOS/bomber/package-bomber/usr/share/doc/HTML/zh_CN/bomber/index.docbook
[32mThe main part of source code is ready. We are moving on to preparing post install scripts, docs, license, man pages etc..[0m
cp: cannot stat 'ChangeLog*': No such file or directory
cp: cannot stat 'COPYING': No such file or directory
cp: cannot stat 'CREDITS': No such file or directory
cp: cannot stat 'LICENSE': No such file or directory
cp: cannot stat 'MAINTAINERS': No such file or directory
cp: cannot stat 'NEWS': No such file or directory
cp: cannot stat 'docs': No such file or directory
cp: cannot stat 'DOCS': No such file or directory
grep: /home/omen/GITHUB/Athos/AthOS/REPO-AthOS/bomber/bomber.info: No such file or directory
extra-cmake-modules
kdoctools
kconfig
kconfigwidgets
kcoreaddons
kcrash
kdbusaddons
ki18n
kwidgetsaddons
kxmlgui
libkdegames
[32mPackaging compiled for slackware installation...[0m
[32mMAKEPKG_FLAGS is empty or unset, using default[0m

Slackware package maker, version 3.14159265.

Searching for symbolic links:

No symbolic links were found, so we won't make an installation script.
You can make your own later in ./install/doinst.sh and rebuild the
package if you like.

This next step is optional - you can set the directories in your package
to some sane permissions. If any of the directories in your package have
special permissions, then DO NOT reset them here!

Would you like to reset all directory permissions to 755 (drwxr-xr-x) and
directory ownerships to root:root ([y]es, [n]o)? n


Creating Slackware package:  /tmp/bomber/bomber-25.04.1-x86_64-1_rtz.tlz

./
install/
install/doinst.sh
install/slack-desc
usr/
usr/bin/
usr/bin/bomber
usr/doc/
usr/doc/bomber-25.04.1/
usr/doc/bomber-25.04.1/AUTHORS
usr/doc/bomber-25.04.1/README.themes
usr/doc/bomber-25.04.1/bomber.ini
usr/doc/bomber-25.04.1/slack-required
usr/share/
usr/share/applications/
usr/share/applications/org.kde.bomber.desktop
usr/share/bomber/
usr/share/bomber/sounds/
usr/share/bomber/sounds/bomb.ogg
usr/share/bomber/sounds/crash.ogg
usr/share/bomber/themes/
usr/share/bomber/themes/Lava-Island.desktop
usr/share/bomber/themes/Lava-Island.svgz
usr/share/bomber/themes/kbomber.desktop
usr/share/bomber/themes/kbomber.png
usr/share/bomber/themes/kbomber.svgz
usr/share/bomber/themes/lava-Island.png
usr/share/config.kcfg/
usr/share/config.kcfg/bomber.kcfg
usr/share/doc/
usr/share/doc/HTML/
usr/share/doc/HTML/ca/
usr/share/doc/HTML/ca/bomber/
usr/share/doc/HTML/ca/bomber/index.cache.bz2
usr/share/doc/HTML/ca/bomber/index.docbook
usr/share/doc/HTML/cs/
usr/share/doc/HTML/cs/bomber/
usr/share/doc/HTML/cs/bomber/index.cache.bz2
usr/share/doc/HTML/cs/bomber/index.docbook
usr/share/doc/HTML/de/
usr/share/doc/HTML/de/bomber/
usr/share/doc/HTML/de/bomber/index.cache.bz2
usr/share/doc/HTML/de/bomber/index.docbook
usr/share/doc/HTML/en/
usr/share/doc/HTML/en/bomber/
usr/share/doc/HTML/en/bomber/index.cache.bz2
usr/share/doc/HTML/en/bomber/index.docbook
usr/share/doc/HTML/en/bomber/mainscreen.png
usr/share/doc/HTML/es/
usr/share/doc/HTML/es/bomber/
usr/share/doc/HTML/es/bomber/index.cache.bz2
usr/share/doc/HTML/es/bomber/index.docbook
usr/share/doc/HTML/et/
usr/share/doc/HTML/et/bomber/
usr/share/doc/HTML/et/bomber/index.cache.bz2
usr/share/doc/HTML/et/bomber/index.docbook
usr/share/doc/HTML/fr/
usr/share/doc/HTML/fr/bomber/
usr/share/doc/HTML/fr/bomber/index.cache.bz2
usr/share/doc/HTML/fr/bomber/index.docbook
usr/share/doc/HTML/gl/
usr/share/doc/HTML/gl/bomber/
usr/share/doc/HTML/gl/bomber/index.cache.bz2
usr/share/doc/HTML/gl/bomber/index.docbook
usr/share/doc/HTML/it/
usr/share/doc/HTML/it/bomber/
usr/share/doc/HTML/it/bomber/index.cache.bz2
usr/share/doc/HTML/it/bomber/index.docbook
usr/share/doc/HTML/nl/
usr/share/doc/HTML/nl/bomber/
usr/share/doc/HTML/nl/bomber/index.cache.bz2
usr/share/doc/HTML/nl/bomber/index.docbook
usr/share/doc/HTML/pl/
usr/share/doc/HTML/pl/bomber/
usr/share/doc/HTML/pl/bomber/index.cache.bz2
usr/share/doc/HTML/pl/bomber/index.docbook
usr/share/doc/HTML/pt/
usr/share/doc/HTML/pt/bomber/
usr/share/doc/HTML/pt/bomber/index.cache.bz2
usr/share/doc/HTML/pt/bomber/index.docbook
usr/share/doc/HTML/pt_BR/
usr/share/doc/HTML/pt_BR/bomber/
usr/share/doc/HTML/pt_BR/bomber/index.cache.bz2
usr/share/doc/HTML/pt_BR/bomber/index.docbook
usr/share/doc/HTML/sl/
usr/share/doc/HTML/sl/bomber/
usr/share/doc/HTML/sl/bomber/index.cache.bz2
usr/share/doc/HTML/sl/bomber/index.docbook
usr/share/doc/HTML/sv/
usr/share/doc/HTML/sv/bomber/
usr/share/doc/HTML/sv/bomber/index.cache.bz2
usr/share/doc/HTML/sv/bomber/index.docbook
usr/share/doc/HTML/uk/
usr/share/doc/HTML/uk/bomber/
usr/share/doc/HTML/uk/bomber/index.cache.bz2
usr/share/doc/HTML/uk/bomber/index.docbook
usr/share/doc/HTML/uk/bomber/mainscreen.png
usr/share/doc/HTML/zh_CN/
usr/share/doc/HTML/zh_CN/bomber/
usr/share/doc/HTML/zh_CN/bomber/index.cache.bz2
usr/share/doc/HTML/zh_CN/bomber/index.docbook
usr/share/icons/
usr/share/icons/hicolor/
usr/share/icons/hicolor/128x128/
usr/share/icons/hicolor/128x128/apps/
usr/share/icons/hicolor/128x128/apps/bomber.png
usr/share/icons/hicolor/32x32/
usr/share/icons/hicolor/32x32/apps/
usr/share/icons/hicolor/32x32/apps/bomber.png
usr/share/icons/hicolor/48x48/
usr/share/icons/hicolor/48x48/apps/
usr/share/icons/hicolor/48x48/apps/bomber.png
usr/share/icons/hicolor/64x64/
usr/share/icons/hicolor/64x64/apps/
usr/share/icons/hicolor/64x64/apps/bomber.png
usr/share/locale/
usr/share/locale/ar/
usr/share/locale/ar/LC_MESSAGES/
usr/share/locale/ar/LC_MESSAGES/bomber.mo
usr/share/locale/ast/
usr/share/locale/ast/LC_MESSAGES/
usr/share/locale/ast/LC_MESSAGES/bomber.mo
usr/share/locale/bg/
usr/share/locale/bg/LC_MESSAGES/
usr/share/locale/bg/LC_MESSAGES/bomber.mo
usr/share/locale/bs/
usr/share/locale/bs/LC_MESSAGES/
usr/share/locale/bs/LC_MESSAGES/bomber.mo
usr/share/locale/ca/
usr/share/locale/ca/LC_MESSAGES/
usr/share/locale/ca/LC_MESSAGES/bomber.mo
usr/share/locale/ca@valencia/
usr/share/locale/ca@valencia/LC_MESSAGES/
usr/share/locale/ca@valencia/LC_MESSAGES/bomber.mo
usr/share/locale/cs/
usr/share/locale/cs/LC_MESSAGES/
usr/share/locale/cs/LC_MESSAGES/bomber.mo
usr/share/locale/da/
usr/share/locale/da/LC_MESSAGES/
usr/share/locale/da/LC_MESSAGES/bomber.mo
usr/share/locale/de/
usr/share/locale/de/LC_MESSAGES/
usr/share/locale/de/LC_MESSAGES/bomber.mo
usr/share/locale/el/
usr/share/locale/el/LC_MESSAGES/
usr/share/locale/el/LC_MESSAGES/bomber.mo
usr/share/locale/en_GB/
usr/share/locale/en_GB/LC_MESSAGES/
usr/share/locale/en_GB/LC_MESSAGES/bomber.mo
usr/share/locale/eo/
usr/share/locale/eo/LC_MESSAGES/
usr/share/locale/eo/LC_MESSAGES/bomber.mo
usr/share/locale/es/
usr/share/locale/es/LC_MESSAGES/
usr/share/locale/es/LC_MESSAGES/bomber.mo
usr/share/locale/et/
usr/share/locale/et/LC_MESSAGES/
usr/share/locale/et/LC_MESSAGES/bomber.mo
usr/share/locale/eu/
usr/share/locale/eu/LC_MESSAGES/
usr/share/locale/eu/LC_MESSAGES/bomber.mo
usr/share/locale/fi/
usr/share/locale/fi/LC_MESSAGES/
usr/share/locale/fi/LC_MESSAGES/bomber.mo
usr/share/locale/fr/
usr/share/locale/fr/LC_MESSAGES/
usr/share/locale/fr/LC_MESSAGES/bomber.mo
usr/share/locale/ga/
usr/share/locale/ga/LC_MESSAGES/
usr/share/locale/ga/LC_MESSAGES/bomber.mo
usr/share/locale/gl/
usr/share/locale/gl/LC_MESSAGES/
usr/share/locale/gl/LC_MESSAGES/bomber.mo
usr/share/locale/gu/
usr/share/locale/gu/LC_MESSAGES/
usr/share/locale/gu/LC_MESSAGES/bomber.mo
usr/share/locale/he/
usr/share/locale/he/LC_MESSAGES/
usr/share/locale/he/LC_MESSAGES/bomber.mo
usr/share/locale/hi/
usr/share/locale/hi/LC_MESSAGES/
usr/share/locale/hi/LC_MESSAGES/bomber.mo
usr/share/locale/hr/
usr/share/locale/hr/LC_MESSAGES/
usr/share/locale/hr/LC_MESSAGES/bomber.mo
usr/share/locale/hu/
usr/share/locale/hu/LC_MESSAGES/
usr/share/locale/hu/LC_MESSAGES/bomber.mo
usr/share/locale/ia/
usr/share/locale/ia/LC_MESSAGES/
usr/share/locale/ia/LC_MESSAGES/bomber.mo
usr/share/locale/id/
usr/share/locale/id/LC_MESSAGES/
usr/share/locale/id/LC_MESSAGES/bomber.mo
usr/share/locale/is/
usr/share/locale/is/LC_MESSAGES/
usr/share/locale/is/LC_MESSAGES/bomber.mo
usr/share/locale/it/
usr/share/locale/it/LC_MESSAGES/
usr/share/locale/it/LC_MESSAGES/bomber.mo
usr/share/locale/ja/
usr/share/locale/ja/LC_MESSAGES/
usr/share/locale/ja/LC_MESSAGES/bomber.mo
usr/share/locale/ka/
usr/share/locale/ka/LC_MESSAGES/
usr/share/locale/ka/LC_MESSAGES/bomber.mo
usr/share/locale/kk/
usr/share/locale/kk/LC_MESSAGES/
usr/share/locale/kk/LC_MESSAGES/bomber.mo
usr/share/locale/km/
usr/share/locale/km/LC_MESSAGES/
usr/share/locale/km/LC_MESSAGES/bomber.mo
usr/share/locale/ko/
usr/share/locale/ko/LC_MESSAGES/
usr/share/locale/ko/LC_MESSAGES/bomber.mo
usr/share/locale/lt/
usr/share/locale/lt/LC_MESSAGES/
usr/share/locale/lt/LC_MESSAGES/bomber.mo
usr/share/locale/lv/
usr/share/locale/lv/LC_MESSAGES/
usr/share/locale/lv/LC_MESSAGES/bomber.mo
usr/share/locale/mai/
usr/share/locale/mai/LC_MESSAGES/
usr/share/locale/mai/LC_MESSAGES/bomber.mo
usr/share/locale/ml/
usr/share/locale/ml/LC_MESSAGES/
usr/share/locale/ml/LC_MESSAGES/bomber.mo
usr/share/locale/mr/
usr/share/locale/mr/LC_MESSAGES/
usr/share/locale/mr/LC_MESSAGES/bomber.mo
usr/share/locale/ms/
usr/share/locale/ms/LC_MESSAGES/
usr/share/locale/ms/LC_MESSAGES/bomber.mo
usr/share/locale/nb/
usr/share/locale/nb/LC_MESSAGES/
usr/share/locale/nb/LC_MESSAGES/bomber.mo
usr/share/locale/nds/
usr/share/locale/nds/LC_MESSAGES/
usr/share/locale/nds/LC_MESSAGES/bomber.mo
usr/share/locale/nl/
usr/share/locale/nl/LC_MESSAGES/
usr/share/locale/nl/LC_MESSAGES/bomber.mo
usr/share/locale/nn/
usr/share/locale/nn/LC_MESSAGES/
usr/share/locale/nn/LC_MESSAGES/bomber.mo
usr/share/locale/pa/
usr/share/locale/pa/LC_MESSAGES/
usr/share/locale/pa/LC_MESSAGES/bomber.mo
usr/share/locale/pl/
usr/share/locale/pl/LC_MESSAGES/
usr/share/locale/pl/LC_MESSAGES/bomber.mo
usr/share/locale/pt/
usr/share/locale/pt/LC_MESSAGES/
usr/share/locale/pt/LC_MESSAGES/bomber.mo
usr/share/locale/pt_BR/
usr/share/locale/pt_BR/LC_MESSAGES/
usr/share/locale/pt_BR/LC_MESSAGES/bomber.mo
usr/share/locale/ro/
usr/share/locale/ro/LC_MESSAGES/
usr/share/locale/ro/LC_MESSAGES/bomber.mo
usr/share/locale/ru/
usr/share/locale/ru/LC_MESSAGES/
usr/share/locale/ru/LC_MESSAGES/bomber.mo
usr/share/locale/sa/
usr/share/locale/sa/LC_MESSAGES/
usr/share/locale/sa/LC_MESSAGES/bomber.mo
usr/share/locale/sk/
usr/share/locale/sk/LC_MESSAGES/
usr/share/locale/sk/LC_MESSAGES/bomber.mo
usr/share/locale/sl/
usr/share/locale/sl/LC_MESSAGES/
usr/share/locale/sl/LC_MESSAGES/bomber.mo
usr/share/locale/sq/
usr/share/locale/sq/LC_MESSAGES/
usr/share/locale/sq/LC_MESSAGES/bomber.mo
usr/share/locale/sr/
usr/share/locale/sr/LC_MESSAGES/
usr/share/locale/sr/LC_MESSAGES/bomber.mo
usr/share/locale/sr@ijekavian/
usr/share/locale/sr@ijekavian/LC_MESSAGES/
usr/share/locale/sr@ijekavian/LC_MESSAGES/bomber.mo
usr/share/locale/sr@ijekavianlatin/
usr/share/locale/sr@ijekavianlatin/LC_MESSAGES/
usr/share/locale/sr@ijekavianlatin/LC_MESSAGES/bomber.mo
usr/share/locale/sr@latin/
usr/share/locale/sr@latin/LC_MESSAGES/
usr/share/locale/sr@latin/LC_MESSAGES/bomber.mo
usr/share/locale/sv/
usr/share/locale/sv/LC_MESSAGES/
usr/share/locale/sv/LC_MESSAGES/bomber.mo
usr/share/locale/th/
usr/share/locale/th/LC_MESSAGES/
usr/share/locale/th/LC_MESSAGES/bomber.mo
usr/share/locale/tr/
usr/share/locale/tr/LC_MESSAGES/
usr/share/locale/tr/LC_MESSAGES/bomber.mo
usr/share/locale/ug/
usr/share/locale/ug/LC_MESSAGES/
usr/share/locale/ug/LC_MESSAGES/bomber.mo
usr/share/locale/uk/
usr/share/locale/uk/LC_MESSAGES/
usr/share/locale/uk/LC_MESSAGES/bomber.mo
usr/share/locale/zh_CN/
usr/share/locale/zh_CN/LC_MESSAGES/
usr/share/locale/zh_CN/LC_MESSAGES/bomber.mo
usr/share/locale/zh_TW/
usr/share/locale/zh_TW/LC_MESSAGES/
usr/share/locale/zh_TW/LC_MESSAGES/bomber.mo
usr/share/metainfo/
usr/share/metainfo/org.kde.bomber.appdata.xml

Slackware package /tmp/bomber/bomber-25.04.1-x86_64-1_rtz.tlz created.

Create shared object file for bomber-25.04.1-x86_64-1_rtz.tlz
Creating /tmp/bomber/bomber-25.04.1-x86_64-1_rtz.tlz.so.file using /tmp/bomber/bomber-25.04.1-x86_64-1_rtz.tlz
Successfully created /tmp/bomber/bomber-25.04.1-x86_64-1_rtz.tlz.so.file
Packaging of executable and meta-data in bomber.tar.lz4 format.
/tmp/bomber /tmp/bomber
/tmp/bomber
BIN_NAME
README
bomber-25.04.1-x86_64-1_rtz.tlz
bomber-25.04.1-x86_64-1_rtz.tlz.md5
bomber-25.04.1-x86_64-1_rtz.tlz.so.file
bomber-25.04.1-x86_64-1_rtz.tlz.txt
bomber.dep
makepkg-bomber.log
[32mbomber build finished. Procced to installation...[0m

+=================================================================================================+
| Upgrading bomber-25.04.1-x86_64-1_rtz package using /tmp/bomber/bomber-25.04.1-x86_64-1_rtz.tlz |
+=================================================================================================+

Pre-installing package bomber-25.04.1-x86_64-1_rtz...
Removing package: bomber-25.04.1-x86_64-1_rtz-upgraded-2025-05-28,19:39:54
Installing package bomber-25.04.1-x86_64-1_rtz.tlz:
PACKAGE DESCRIPTION:
# bomber (game)
#
# player arcade game
#
# https://apps.kde.org/bomber
Executing install script for bomber-25.04.1-x86_64-1_rtz.tlz.
Font directories:
	/usr/share/fonts
/usr/share/fonts: caching, new cache contents: 0 fonts, 11 dirs
/usr/share/fonts/100dpi: caching, new cache contents: 238 fonts, 0 dirs
/usr/share/fonts/75dpi: caching, new cache contents: 238 fonts, 0 dirs
/usr/share/fonts/OTF: caching, new cache contents: 124 fonts, 0 dirs
/usr/share/fonts/Speedo: caching, new cache contents: 0 fonts, 0 dirs
/usr/share/fonts/TTF: caching, new cache contents: 1132 fonts, 0 dirs
/usr/share/fonts/Type1: caching, new cache contents: 64 fonts, 0 dirs
/usr/share/fonts/cyrillic: caching, new cache contents: 0 fonts, 0 dirs
/usr/share/fonts/encodings: caching, new cache contents: 0 fonts, 1 dirs
/usr/share/fonts/encodings/large: caching, new cache contents: 0 fonts, 0 dirs
/usr/share/fonts/kanjistrokeorders: caching, new cache contents: 1 fonts, 0 dirs
/usr/share/fonts/misc: caching, new cache contents: 143 fonts, 0 dirs
/usr/share/fonts/util: caching, new cache contents: 0 fonts, 0 dirs
/var/cache/fontconfig: cleaning cache directory
/root/.cache/fontconfig: not cleaning non-existent cache directory
/root/.fontconfig: not cleaning non-existent cache directory
/usr/bin/fc-cache: succeeded
Package bomber-25.04.1-x86_64-1_rtz.tlz installed.
Package bomber-25.04.1-x86_64-1_rtz upgraded with new package /tmp/bomber/bomber-25.04.1-x86_64-1_rtz.tlz.
[32mCleaning environmet: Removing source code, and work-space...[0m
rm: cannot remove 'bomber-25.04.1.tar.xz': No such file or directory
