[32mStarting build process...[0m
Detected architecture: x86_64
Required dependencies: mdbook
mdbook is already installed!
No optional dependencies found.
Downloading source code tar.gz file
--2025-05-26 13:12:31--  https://github.com/badboy/mdbook-mermaid/archive/refs/tags/v0.15.0.tar.gz
Resolving github.com (github.com)... 140.82.121.3
Connecting to github.com (github.com)|140.82.121.3|:443... connected.
HTTP request sent, awaiting response... 302 Found
Location: https://codeload.github.com/badboy/mdbook-mermaid/tar.gz/refs/tags/v0.15.0 [following]
--2025-05-26 13:12:31--  https://codeload.github.com/badboy/mdbook-mermaid/tar.gz/refs/tags/v0.15.0
Resolving codeload.github.com (codeload.github.com)... 140.82.121.9
Connecting to codeload.github.com (codeload.github.com)|140.82.121.9|:443... connected.
HTTP request sent, awaiting response... 200 OK
Length: unspecified [application/x-gzip]
Saving to: ‘mdbook-mermaid-0.15.0.tar.gz’

     0K .......... .......... .......... .......... ..........  433K
    50K .......... .......... .......... .......... ..........  865K
   100K .......... .......... .......... .......... .......... 5.08M
   150K .......... .......... .......... .......... .......... 6.42M
   200K .......... .......... .......... .......... .......... 1.03M
   250K .......... .......... .......... .......... .......... 6.55M
   300K .......... .......... .......... .......... .......... 4.80M
   350K .......... .......... .......... .......... ..........  775K
   400K .......... .......... .......... .......... ..........  315M
   450K .......... .......... .......... .......... ..........  270M
   500K .......... .......... .......... .......... ..........  272M
   550K .......... .......... .......... .......... .......... 1.58M
   600K .......... .......... .......... .......... .......... 4.13M
   650K .......... .......... .......... .......... .......... 3.93M
   700K .......... .......... .......... .......... .......... 1.41M
   750K .......... .......... .......... .                     5.22M=0.4s

2025-05-26 13:12:32 (1.83 MB/s) - ‘mdbook-mermaid-0.15.0.tar.gz’ saved [799921]

Found file: mdbook-mermaid-0.15.0.tar.gz
No checksum provided. Skipping checksum verification and proceeding...
Creating working directories and exporting source code in...
mdbook-mermaid-0.15.0/
mdbook-mermaid-0.15.0/.cargo/
mdbook-mermaid-0.15.0/.cargo/config.toml
mdbook-mermaid-0.15.0/.github/
mdbook-mermaid-0.15.0/.github/workflows/
mdbook-mermaid-0.15.0/.github/workflows/deploy.yml
mdbook-mermaid-0.15.0/.github/workflows/tests.yml
mdbook-mermaid-0.15.0/.gitignore
mdbook-mermaid-0.15.0/CHANGELOG.md
mdbook-mermaid-0.15.0/Cargo.lock
mdbook-mermaid-0.15.0/Cargo.toml
mdbook-mermaid-0.15.0/LICENSE
mdbook-mermaid-0.15.0/README.md
mdbook-mermaid-0.15.0/release.toml
mdbook-mermaid-0.15.0/simple-graph.png
mdbook-mermaid-0.15.0/src/
mdbook-mermaid-0.15.0/src/bin/
mdbook-mermaid-0.15.0/src/bin/assets/
mdbook-mermaid-0.15.0/src/bin/assets/mermaid-init.js
mdbook-mermaid-0.15.0/src/bin/assets/mermaid.min.js
mdbook-mermaid-0.15.0/src/bin/mdbook-mermaid.rs
mdbook-mermaid-0.15.0/src/lib.rs
mdbook-mermaid-0.15.0/tests/
mdbook-mermaid-0.15.0/tests/it/
mdbook-mermaid-0.15.0/tests/it/empty.toml
mdbook-mermaid-0.15.0/tests/it/empty.toml.output
mdbook-mermaid-0.15.0/tests/it/full.toml
mdbook-mermaid-0.15.0/tests/it/full.toml.output
mdbook-mermaid-0.15.0/tests/it/install.rs
mdbook-mermaid-0.15.0/tests/it/main.rs
mdbook-mermaid-0.15.0/tests/it/missing-js.toml
mdbook-mermaid-0.15.0/tests/it/missing-js.toml.output
mdbook-mermaid-0.15.0/tests/it/some.toml
mdbook-mermaid-0.15.0/tests/it/some.toml.output
mdbook-mermaid-0.15.0/xtask/
mdbook-mermaid-0.15.0/xtask/Cargo.toml
mdbook-mermaid-0.15.0/xtask/src/
mdbook-mermaid-0.15.0/xtask/src/main.rs
/home/omen/GITHUB/Athos/AthOS/REPO-AthOS/mdbook-mermaid/work
README or README.md already exists, skipping creation.
hm...lets continue and see what happens
    Updating crates.io index
 Downloading crates ...
  Downloaded fastrand v2.0.1
  Downloaded xflags v0.3.2
  Downloaded predicates-core v1.0.6
  Downloaded xshell-macros v0.2.7
  Downloaded termtree v0.4.1
  Downloaded toml_datetime v0.5.1
  Downloaded errno v0.3.8
  Downloaded either v1.9.0
  Downloaded xshell v0.2.7
  Downloaded xflags-macros v0.3.2
  Downloaded thiserror v1.0.50
  Downloaded predicates-tree v1.0.9
  Downloaded unicase v2.7.0
  Downloaded yansi v0.5.1
  Downloaded is-terminal v0.4.9
  Downloaded clap_lex v0.6.0
  Downloaded cpufeatures v0.2.11
  Downloaded pest_generator v2.7.5
  Downloaded itoa v1.0.10
  Downloaded tempfile v3.8.1
  Downloaded anstyle v1.0.4
  Downloaded opener v0.6.1
  Downloaded terminal_size v0.3.0
  Downloaded quote v1.0.33
  Downloaded bitflags v2.4.1
  Downloaded pest_derive v2.7.5
  Downloaded iana-time-zone v0.1.58
  Downloaded thiserror-impl v1.0.50
  Downloaded env_logger v0.10.1
  Downloaded assert_cmd v2.0.12
  Downloaded termcolor v1.4.0
  Downloaded log v0.4.20
  Downloaded clap_complete v4.4.4
  Downloaded predicates v3.0.4
  Downloaded num-traits v0.2.17
  Downloaded anyhow v1.0.75
  Downloaded pest_meta v2.7.5
  Downloaded clap v4.4.11
  Downloaded proc-macro2 v1.0.70
  Downloaded serde_derive v1.0.193
  Downloaded ryu v1.0.16
  Downloaded bytes v1.5.0
  Downloaded pretty_assertions v1.4.0
  Downloaded serde v1.0.193
  Downloaded memchr v2.6.4
  Downloaded handlebars v4.5.0
  Downloaded itertools v0.10.5
  Downloaded toml_edit v0.15.0
  Downloaded pest v2.7.5
  Downloaded pulldown-cmark v0.9.3
  Downloaded itertools v0.11.0
  Downloaded serde_json v1.0.108
  Downloaded combine v4.6.6
  Downloaded clap_builder v4.4.11
  Downloaded aho-corasick v1.1.2
  Downloaded chrono v0.4.31
  Downloaded syn v2.0.41
  Downloaded regex v1.10.2
  Downloaded regex-syntax v0.8.2
  Downloaded rustix v0.38.28
  Downloaded bstr v1.8.0
  Downloaded regex-automata v0.4.3
  Downloaded libc v0.2.151
  Downloaded mdbook v0.4.36
  Downloaded linux-raw-sys v0.4.12
   Compiling proc-macro2 v1.0.70
   Compiling unicode-ident v1.0.12
   Compiling memchr v2.6.4
   Compiling thiserror v1.0.50
   Compiling rustix v0.38.28
   Compiling autocfg v1.1.0
   Compiling bitflags v2.4.1
   Compiling linux-raw-sys v0.4.12
   Compiling ucd-trie v0.1.6
   Compiling serde v1.0.193
   Compiling utf8parse v0.2.1
   Compiling regex-syntax v0.8.2
   Compiling anstyle-query v1.0.2
   Compiling anstyle v1.0.4
   Compiling colorchoice v1.0.0
   Compiling once_cell v1.19.0
   Compiling is_terminal_polyfill v1.70.1
   Compiling version_check v0.9.4
   Compiling strsim v0.10.0
   Compiling serde_json v1.0.108
   Compiling clap_lex v0.6.0
   Compiling itoa v1.0.10
   Compiling ryu v1.0.16
   Compiling anstyle-parse v0.2.3
   Compiling anyhow v1.0.75
   Compiling log v0.4.20
   Compiling anstream v0.6.15
   Compiling pulldown-cmark v0.9.3
   Compiling fastrand v2.0.1
   Compiling either v1.9.0
   Compiling bytes v1.5.0
   Compiling hashbrown v0.12.3
   Compiling unicase v2.7.0
   Compiling termcolor v1.4.0
   Compiling num-traits v0.2.17
   Compiling indexmap v1.9.3
   Compiling iana-time-zone v0.1.58
   Compiling humantime v2.1.0
   Compiling bitflags v1.3.2
   Compiling cfg-if v1.0.0
   Compiling itertools v0.10.5
   Compiling pathdiff v0.2.1
   Compiling topological-sort v0.2.2
   Compiling toml_datetime v0.5.1
   Compiling shlex v1.3.0
   Compiling aho-corasick v1.1.2
   Compiling combine v4.6.6
   Compiling quote v1.0.33
   Compiling syn v2.0.41
   Compiling chrono v0.4.31
   Compiling regex-automata v0.4.3
   Compiling terminal_size v0.3.0
   Compiling clap_builder v4.4.11
   Compiling is-terminal v0.4.9
   Compiling tempfile v3.8.1
   Compiling thiserror-impl v1.0.50
   Compiling serde_derive v1.0.193
   Compiling pest v2.7.5
   Compiling clap v4.4.11
   Compiling bstr v1.8.0
   Compiling regex v1.10.2
   Compiling clap_complete v4.4.4
   Compiling pest_meta v2.7.5
   Compiling env_logger v0.10.1
   Compiling opener v0.6.1
   Compiling toml_edit v0.15.0
   Compiling pest_generator v2.7.5
   Compiling pest_derive v2.7.5
   Compiling toml v0.5.11
   Compiling handlebars v4.5.0
   Compiling mdbook v0.4.36
   Compiling mdbook-mermaid v0.15.0 (/home/omen/GITHUB/Athos/AthOS/REPO-AthOS/mdbook-mermaid/work/mdbook-mermaid-0.15.0)
    Finished `release` profile [optimized] target(s) in 32.62s
   Compiling proc-macro2 v1.0.70
   Compiling memchr v2.6.4
   Compiling unicode-ident v1.0.12
   Compiling rustix v0.38.28
   Compiling linux-raw-sys v0.4.12
   Compiling autocfg v1.1.0
   Compiling bitflags v2.4.1
   Compiling thiserror v1.0.50
   Compiling regex-syntax v0.8.2
   Compiling anstyle v1.0.4
   Compiling utf8parse v0.2.1
   Compiling serde v1.0.193
   Compiling ucd-trie v0.1.6
   Compiling once_cell v1.19.0
   Compiling version_check v0.9.4
   Compiling either v1.9.0
   Compiling is_terminal_polyfill v1.70.1
   Compiling colorchoice v1.0.0
   Compiling anstyle-query v1.0.2
   Compiling clap_lex v0.6.0
   Compiling anstyle-parse v0.2.3
   Compiling strsim v0.10.0
   Compiling serde_json v1.0.108
   Compiling anyhow v1.0.75
   Compiling pulldown-cmark v0.9.3
   Compiling ryu v1.0.16
   Compiling log v0.4.20
   Compiling itoa v1.0.10
   Compiling libc v0.2.151
   Compiling bytes v1.5.0
   Compiling anstream v0.6.15
   Compiling hashbrown v0.12.3
   Compiling fastrand v2.0.1
   Compiling bitflags v1.3.2
   Compiling cfg-if v1.0.0
   Compiling iana-time-zone v0.1.58
   Compiling termcolor v1.4.0
   Compiling humantime v2.1.0
   Compiling itertools v0.10.5
   Compiling unicase v2.7.0
   Compiling doc-comment v0.3.3
   Compiling toml_datetime v0.5.1
   Compiling num-traits v0.2.17
   Compiling indexmap v1.9.3
   Compiling topological-sort v0.2.2
   Compiling predicates-core v1.0.6
   Compiling shlex v1.3.0
   Compiling pathdiff v0.2.1
   Compiling itertools v0.11.0
   Compiling termtree v0.4.1
   Compiling difflib v0.4.0
   Compiling diff v0.1.13
   Compiling yansi v0.5.1
   Compiling predicates-tree v1.0.9
   Compiling quote v1.0.33
   Compiling aho-corasick v1.1.2
   Compiling combine v4.6.6
   Compiling pretty_assertions v1.4.0
   Compiling syn v2.0.41
   Compiling chrono v0.4.31
   Compiling wait-timeout v0.2.0
   Compiling regex-automata v0.4.3
   Compiling predicates v3.0.4
   Compiling terminal_size v0.3.0
   Compiling is-terminal v0.4.9
   Compiling tempfile v3.8.1
   Compiling clap_builder v4.4.11
   Compiling thiserror-impl v1.0.50
   Compiling serde_derive v1.0.193
   Compiling bstr v1.8.0
   Compiling regex v1.10.2
   Compiling toml_edit v0.15.0
   Compiling env_logger v0.10.1
   Compiling pest v2.7.5
   Compiling opener v0.6.1
   Compiling assert_cmd v2.0.12
   Compiling clap v4.4.11
   Compiling clap_complete v4.4.4
   Compiling pest_meta v2.7.5
   Compiling pest_generator v2.7.5
   Compiling pest_derive v2.7.5
   Compiling toml v0.5.11
   Compiling handlebars v4.5.0
   Compiling mdbook v0.4.36
   Compiling mdbook-mermaid v0.15.0 (/home/omen/GITHUB/Athos/AthOS/REPO-AthOS/mdbook-mermaid/work/mdbook-mermaid-0.15.0)
    Finished `test` profile [unoptimized + debuginfo] target(s) in 17.54s
     Running unittests src/lib.rs (target/debug/deps/mdbook_mermaid-1808f77af476b9a8)

running 7 tests
test test::html_in_list ... ok
test test::leaves_html_untouched ... ok
test test::leaves_tables_untouched ... ok
test test::crlf_line_endings ... ok
test test::escape_in_mermaid_block ... ok
test test::adds_mermaid ... ok
test test::more_backticks ... ok

test result: ok. 7 passed; 0 failed; 0 ignored; 0 measured; 0 filtered out; finished in 0.00s

     Running unittests src/bin/mdbook-mermaid.rs (target/debug/deps/mdbook_mermaid-caf8a8829b507c9e)

running 0 tests

test result: ok. 0 passed; 0 failed; 0 ignored; 0 measured; 0 filtered out; finished in 0.00s

     Running tests/it/main.rs (target/debug/deps/it-1ff6dd0dae8e03e1)

running 4 tests
test install::full ... ok
test install::missing_js ... ok
test install::empty ... ok
test install::some ... ok

test result: ok. 4 passed; 0 failed; 0 ignored; 0 measured; 0 filtered out; finished in 0.01s

   Doc-tests mdbook_mermaid

running 0 tests

test result: ok. 0 passed; 0 failed; 0 ignored; 0 measured; 0 filtered out; finished in 0.00s

[32mThe main part of source code is ready. We are moving on to preparing post install scripts, docs, license, man pages etc..[0m
cp: cannot stat 'AUTHORS': No such file or directory
cp: cannot stat 'ChangeLog*': No such file or directory
cp: cannot stat 'COPYING': No such file or directory
cp: cannot stat 'CREDITS': No such file or directory
cp: cannot stat 'MAINTAINERS': No such file or directory
cp: cannot stat 'NEWS': No such file or directory
cp: cannot stat 'docs': No such file or directory
cp: cannot stat 'DOCS': No such file or directory
grep: /home/omen/GITHUB/Athos/AthOS/REPO-AthOS/mdbook-mermaid/mdbook-mermaid.info: No such file or directory
mdbook
[32mPackaging compiled for slackware installation...[0m
[32mMAKEPKG_FLAGS is empty or unset, using default[0m

Slackware package maker, version 3.14159265.

Searching for symbolic links:

No symbolic links were found, so we won't make an installation script.
You can make your own later in ./install/doinst.sh and rebuild the
package if you like.

This next step is optional - you can set the directories in your package
to some sane permissions. If any of the directories in your package have
special permissions, then DO NOT reset them here!

Would you like to reset all directory permissions to 755 (drwxr-xr-x) and
directory ownerships to root:root ([y]es, [n]o)? n


Creating Slackware package:  /tmp/mdbook-mermaid/mdbook-mermaid-0.15.0-x86_64-1_rtz.tlz

./
install/
install/doinst.sh
install/slack-desc
usr/
usr/doc/
usr/doc/mdbook-mermaid-0.15.0/
usr/doc/mdbook-mermaid-0.15.0/LICENSE
usr/doc/mdbook-mermaid-0.15.0/README.md
usr/doc/mdbook-mermaid-0.15.0/mdbook-mermaid.ini
usr/doc/mdbook-mermaid-0.15.0/slack-required
usr/local/
usr/local/bin/
usr/local/bin/mdbook-mermaid

Slackware package /tmp/mdbook-mermaid/mdbook-mermaid-0.15.0-x86_64-1_rtz.tlz created.

Create shared object file for mdbook-mermaid-0.15.0-x86_64-1_rtz.tlz
Creating /tmp/mdbook-mermaid/mdbook-mermaid-0.15.0-x86_64-1_rtz.tlz.so.file using /tmp/mdbook-mermaid/mdbook-mermaid-0.15.0-x86_64-1_rtz.tlz
Successfully created /tmp/mdbook-mermaid/mdbook-mermaid-0.15.0-x86_64-1_rtz.tlz.so.file
Packaging of executable and meta-data in mdbook-mermaid.tar.lz4 format.
/tmp/mdbook-mermaid /tmp/mdbook-mermaid
/tmp/mdbook-mermaid
BIN_NAME
README
makepkg-mdbook-mermaid.log
mdbook-mermaid-0.15.0-x86_64-1_rtz.tlz
mdbook-mermaid-0.15.0-x86_64-1_rtz.tlz.md5
mdbook-mermaid-0.15.0-x86_64-1_rtz.tlz.so.file
mdbook-mermaid-0.15.0-x86_64-1_rtz.tlz.txt
mdbook-mermaid.dep
[32mmdbook-mermaid build finished. Procced to installation...[0m

+=======================================================================================================================+
| Upgrading mdbook-mermaid-0.14.1-x86_64-1_rtz package using /tmp/mdbook-mermaid/mdbook-mermaid-0.15.0-x86_64-1_rtz.tlz |
+=======================================================================================================================+

Pre-installing package mdbook-mermaid-0.15.0-x86_64-1_rtz...
Removing package: mdbook-mermaid-0.14.1-x86_64-1_rtz-upgraded-2025-05-26,13:13:28
Installing package mdbook-mermaid-0.15.0-x86_64-1_rtz.tlz:
PACKAGE DESCRIPTION:
# mdbook-mermaid (for mdbook to render mermaid diagrams)
#
# A preprocessor for mdbook to add mermaid.js support to render
# mermaid diagrams
#
# https://github.com/badboy/mdbook-mermaid
Executing install script for mdbook-mermaid-0.15.0-x86_64-1_rtz.tlz.
Font directories:
	/usr/share/fonts
/usr/share/fonts: caching, new cache contents: 0 fonts, 11 dirs
/usr/share/fonts/100dpi: caching, new cache contents: 238 fonts, 0 dirs
/usr/share/fonts/75dpi: caching, new cache contents: 238 fonts, 0 dirs
/usr/share/fonts/OTF: caching, new cache contents: 124 fonts, 0 dirs
/usr/share/fonts/Speedo: caching, new cache contents: 0 fonts, 0 dirs
/usr/share/fonts/TTF: caching, new cache contents: 1132 fonts, 0 dirs
/usr/share/fonts/Type1: caching, new cache contents: 64 fonts, 0 dirs
/usr/share/fonts/cyrillic: caching, new cache contents: 0 fonts, 0 dirs
/usr/share/fonts/encodings: caching, new cache contents: 0 fonts, 1 dirs
/usr/share/fonts/encodings/large: caching, new cache contents: 0 fonts, 0 dirs
/usr/share/fonts/kanjistrokeorders: caching, new cache contents: 1 fonts, 0 dirs
/usr/share/fonts/misc: caching, new cache contents: 143 fonts, 0 dirs
/usr/share/fonts/util: caching, new cache contents: 0 fonts, 0 dirs
/var/cache/fontconfig: cleaning cache directory
/root/.cache/fontconfig: not cleaning non-existent cache directory
/root/.fontconfig: not cleaning non-existent cache directory
/usr/bin/fc-cache: succeeded
Package mdbook-mermaid-0.15.0-x86_64-1_rtz.tlz installed.
Package mdbook-mermaid-0.14.1-x86_64-1_rtz upgraded with new package /tmp/mdbook-mermaid/mdbook-mermaid-0.15.0-x86_64-1_rtz.tlz.
[32mCleaning environmet: Removing source code, and work-space...[0m
rm: cannot remove 'mdbook-mermaid-0.15.0.tar.gz': No such file or directory
