Starting build process...
Detected architecture: x86_64
Required dependencies: doxygen	extra-cmake-modules	
doxygen is already installed!
extra-cmake-modules is already installed!
No optional dependencies found.
Downloading source code tar.xz file
--2025-05-14 23:17:19--  https://download.kde.org/stable/frameworks/5.116/kitemviews-5.116.0.tar.xz
Resolving download.kde.org (download.kde.org)... 49.12.122.15, 2a01:4f8:242:53eb::4
Connecting to download.kde.org (download.kde.org)|49.12.122.15|:443... connected.
HTTP request sent, awaiting response... 302 Found
Location: https://ftp.cc.uoc.gr/mirrors/kde/stable/frameworks/5.116/kitemviews-5.116.0.tar.xz [following]
--2025-05-14 23:17:19--  https://ftp.cc.uoc.gr/mirrors/kde/stable/frameworks/5.116/kitemviews-5.116.0.tar.xz
Resolving ftp.cc.uoc.gr (ftp.cc.uoc.gr)... 147.52.159.50, 2001:648:2c00:6c08::2
Connecting to ftp.cc.uoc.gr (ftp.cc.uoc.gr)|147.52.159.50|:443... connected.
HTTP request sent, awaiting response... 200 OK
Length: 2265016 (2.2M) [application/octet-stream]
Saving to: ‘kitemviews-5.116.0.tar.xz’

     0K .......... .......... .......... .......... ..........  2% 1.34M 2s
    50K .......... .......... .......... .......... ..........  4% 1.45M 1s
   100K .......... .......... .......... .......... ..........  6% 6.49M 1s
   150K .......... .......... .......... .......... ..........  9% 1.97M 1s
   200K .......... .......... .......... .......... .......... 11% 6.56M 1s
   250K .......... .......... .......... .......... .......... 13% 5.15M 1s
   300K .......... .......... .......... .......... .......... 15% 5.39M 1s
   350K .......... .......... .......... .......... .......... 18%  918K 1s
   400K .......... .......... .......... .......... .......... 20%  343M 1s
   450K .......... .......... .......... .......... .......... 22%  348M 1s
   500K .......... .......... .......... .......... .......... 24%  351M 1s
   550K .......... .......... .......... .......... .......... 27% 2.10M 1s
   600K .......... .......... .......... .......... .......... 29% 22.2M 1s
   650K .......... .......... .......... .......... .......... 31% 9.70M 0s
   700K .......... .......... .......... .......... .......... 33% 18.8M 0s
   750K .......... .......... .......... .......... .......... 36%  245M 0s
   800K .......... .......... .......... .......... .......... 38% 20.5M 0s
   850K .......... .......... .......... .......... .......... 40% 6.47M 0s
   900K .......... .......... .......... .......... .......... 42% 4.97M 0s
   950K .......... .......... .......... .......... .......... 45% 6.79M 0s
  1000K .......... .......... .......... .......... .......... 47% 5.05M 0s
  1050K .......... .......... .......... .......... .......... 49% 6.52M 0s
  1100K .......... .......... .......... .......... .......... 51% 4.69M 0s
  1150K .......... .......... .......... .......... .......... 54% 5.36M 0s
  1200K .......... .......... .......... .......... .......... 56% 5.12M 0s
  1250K .......... .......... .......... .......... .......... 58% 5.37M 0s
  1300K .......... .......... .......... .......... .......... 61% 7.21M 0s
  1350K .......... .......... .......... .......... .......... 63% 5.49M 0s
  1400K .......... .......... .......... .......... .......... 65% 5.03M 0s
  1450K .......... .......... .......... .......... .......... 67% 6.74M 0s
  1500K .......... .......... .......... .......... .......... 70% 5.25M 0s
  1550K .......... .......... .......... .......... .......... 72% 4.22M 0s
  1600K .......... .......... .......... .......... .......... 74% 6.78M 0s
  1650K .......... .......... .......... .......... .......... 76% 5.42M 0s
  1700K .......... .......... .......... .......... .......... 79% 5.33M 0s
  1750K .......... .......... .......... .......... .......... 81% 6.67M 0s
  1800K .......... .......... .......... .......... .......... 83% 5.28M 0s
  1850K .......... .......... .......... .......... .......... 85% 6.51M 0s
  1900K .......... .......... .......... .......... .......... 88% 5.36M 0s
  1950K .......... .......... .......... .......... .......... 90% 3.92M 0s
  2000K .......... .......... .......... .......... .......... 92% 1.28M 0s
  2050K .......... .......... .......... .......... .......... 94% 4.11M 0s
  2100K .......... .......... .......... .......... .......... 97%  307M 0s
  2150K .......... .......... .......... .......... .......... 99%  308M 0s
  2200K .......... .                                          100%  343M=0.5s

2025-05-14 23:17:20 (4.56 MB/s) - ‘kitemviews-5.116.0.tar.xz’ saved [2265016/2265016]

Found file: kitemviews-5.116.0.tar.xz
No checksum provided. Skipping checksum verification and proceeding...
Creating working directories and exporting source code in...
kitemviews-5.116.0/
kitemviews-5.116.0/README.md
kitemviews-5.116.0/KF5ItemViewsConfig.cmake.in
kitemviews-5.116.0/poqm/
kitemviews-5.116.0/poqm/or/
kitemviews-5.116.0/poqm/or/kitemviews5_qt.po
kitemviews-5.116.0/poqm/fa/
kitemviews-5.116.0/poqm/fa/kitemviews5_qt.po
kitemviews-5.116.0/poqm/bg/
kitemviews-5.116.0/poqm/bg/kitemviews5_qt.po
kitemviews-5.116.0/poqm/pt/
kitemviews-5.116.0/poqm/pt/kitemviews5_qt.po
kitemviews-5.116.0/poqm/km/
kitemviews-5.116.0/poqm/km/kitemviews5_qt.po
kitemviews-5.116.0/poqm/nn/
kitemviews-5.116.0/poqm/nn/kitemviews5_qt.po
kitemviews-5.116.0/poqm/pl/
kitemviews-5.116.0/poqm/pl/kitemviews5_qt.po
kitemviews-5.116.0/poqm/vi/
kitemviews-5.116.0/poqm/vi/kitemviews5_qt.po
kitemviews-5.116.0/poqm/csb/
kitemviews-5.116.0/poqm/csb/kitemviews5_qt.po
kitemviews-5.116.0/poqm/ja/
kitemviews-5.116.0/poqm/ja/kitemviews5_qt.po
kitemviews-5.116.0/poqm/pa/
kitemviews-5.116.0/poqm/pa/kitemviews5_qt.po
kitemviews-5.116.0/poqm/bs/
kitemviews-5.116.0/poqm/bs/kitemviews5_qt.po
kitemviews-5.116.0/poqm/zh_CN/
kitemviews-5.116.0/poqm/zh_CN/kitemviews5_qt.po
kitemviews-5.116.0/poqm/crh/
kitemviews-5.116.0/poqm/crh/kitemviews5_qt.po
kitemviews-5.116.0/poqm/cs/
kitemviews-5.116.0/poqm/cs/kitemviews5_qt.po
kitemviews-5.116.0/poqm/es/
kitemviews-5.116.0/poqm/es/kitemviews5_qt.po
kitemviews-5.116.0/poqm/tt/
kitemviews-5.116.0/poqm/tt/kitemviews5_qt.po
kitemviews-5.116.0/poqm/gd/
kitemviews-5.116.0/poqm/gd/kitemviews5_qt.po
kitemviews-5.116.0/poqm/ka/
kitemviews-5.116.0/poqm/ka/kitemviews5_qt.po
kitemviews-5.116.0/poqm/is/
kitemviews-5.116.0/poqm/is/kitemviews5_qt.po
kitemviews-5.116.0/poqm/hsb/
kitemviews-5.116.0/poqm/hsb/kitemviews5_qt.po
kitemviews-5.116.0/poqm/tr/
kitemviews-5.116.0/poqm/tr/kitemviews5_qt.po
kitemviews-5.116.0/poqm/ug/
kitemviews-5.116.0/poqm/ug/kitemviews5_qt.po
kitemviews-5.116.0/poqm/ca/
kitemviews-5.116.0/poqm/ca/kitemviews5_qt.po
kitemviews-5.116.0/poqm/ha/
kitemviews-5.116.0/poqm/ha/kitemviews5_qt.po
kitemviews-5.116.0/poqm/se/
kitemviews-5.116.0/poqm/se/kitemviews5_qt.po
kitemviews-5.116.0/poqm/ca@valencia/
kitemviews-5.116.0/poqm/ca@valencia/kitemviews5_qt.po
kitemviews-5.116.0/poqm/fy/
kitemviews-5.116.0/poqm/fy/kitemviews5_qt.po
kitemviews-5.116.0/poqm/uz/
kitemviews-5.116.0/poqm/uz/kitemviews5_qt.po
kitemviews-5.116.0/poqm/hr/
kitemviews-5.116.0/poqm/hr/kitemviews5_qt.po
kitemviews-5.116.0/poqm/gl/
kitemviews-5.116.0/poqm/gl/kitemviews5_qt.po
kitemviews-5.116.0/poqm/ro/
kitemviews-5.116.0/poqm/ro/kitemviews5_qt.po
kitemviews-5.116.0/poqm/bn_IN/
kitemviews-5.116.0/poqm/bn_IN/kitemviews5_qt.po
kitemviews-5.116.0/poqm/oc/
kitemviews-5.116.0/poqm/oc/kitemviews5_qt.po
kitemviews-5.116.0/poqm/br/
kitemviews-5.116.0/poqm/br/kitemviews5_qt.po
kitemviews-5.116.0/poqm/eo/
kitemviews-5.116.0/poqm/eo/kitemviews5_qt.po
kitemviews-5.116.0/poqm/sr@ijekavian/
kitemviews-5.116.0/poqm/sr@ijekavian/kitemviews5_qt.po
kitemviews-5.116.0/poqm/zh_HK/
kitemviews-5.116.0/poqm/zh_HK/kitemviews5_qt.po
kitemviews-5.116.0/poqm/ku/
kitemviews-5.116.0/poqm/ku/kitemviews5_qt.po
kitemviews-5.116.0/poqm/nl/
kitemviews-5.116.0/poqm/nl/kitemviews5_qt.po
kitemviews-5.116.0/poqm/mr/
kitemviews-5.116.0/poqm/mr/kitemviews5_qt.po
kitemviews-5.116.0/poqm/af/
kitemviews-5.116.0/poqm/af/kitemviews5_qt.po
kitemviews-5.116.0/poqm/ml/
kitemviews-5.116.0/poqm/ml/kitemviews5_qt.po
kitemviews-5.116.0/poqm/hu/
kitemviews-5.116.0/poqm/hu/kitemviews5_qt.po
kitemviews-5.116.0/poqm/eu/
kitemviews-5.116.0/poqm/eu/kitemviews5_qt.po
kitemviews-5.116.0/poqm/lv/
kitemviews-5.116.0/poqm/lv/kitemviews5_qt.po
kitemviews-5.116.0/poqm/uz@cyrillic/
kitemviews-5.116.0/poqm/uz@cyrillic/kitemviews5_qt.po
kitemviews-5.116.0/poqm/mk/
kitemviews-5.116.0/poqm/mk/kitemviews5_qt.po
kitemviews-5.116.0/poqm/nb/
kitemviews-5.116.0/poqm/nb/kitemviews5_qt.po
kitemviews-5.116.0/poqm/fr/
kitemviews-5.116.0/poqm/fr/kitemviews5_qt.po
kitemviews-5.116.0/poqm/hi/
kitemviews-5.116.0/poqm/hi/kitemviews5_qt.po
kitemviews-5.116.0/poqm/sl/
kitemviews-5.116.0/poqm/sl/kitemviews5_qt.po
kitemviews-5.116.0/poqm/sr@latin/
kitemviews-5.116.0/poqm/sr@latin/kitemviews5_qt.po
kitemviews-5.116.0/poqm/bn/
kitemviews-5.116.0/poqm/bn/kitemviews5_qt.po
kitemviews-5.116.0/poqm/lb/
kitemviews-5.116.0/poqm/lb/kitemviews5_qt.po
kitemviews-5.116.0/poqm/th/
kitemviews-5.116.0/poqm/th/kitemviews5_qt.po
kitemviews-5.116.0/poqm/wa/
kitemviews-5.116.0/poqm/wa/kitemviews5_qt.po
kitemviews-5.116.0/poqm/hy/
kitemviews-5.116.0/poqm/hy/kitemviews5_qt.po
kitemviews-5.116.0/poqm/ta/
kitemviews-5.116.0/poqm/ta/kitemviews5_qt.po
kitemviews-5.116.0/poqm/sr/
kitemviews-5.116.0/poqm/sr/kitemviews5_qt.po
kitemviews-5.116.0/poqm/he/
kitemviews-5.116.0/poqm/he/kitemviews5_qt.po
kitemviews-5.116.0/poqm/de/
kitemviews-5.116.0/poqm/de/kitemviews5_qt.po
kitemviews-5.116.0/poqm/ps/
kitemviews-5.116.0/poqm/ps/kitemviews5_qt.po
kitemviews-5.116.0/poqm/ar/
kitemviews-5.116.0/poqm/ar/kitemviews5_qt.po
kitemviews-5.116.0/poqm/sk/
kitemviews-5.116.0/poqm/sk/kitemviews5_qt.po
kitemviews-5.116.0/poqm/zh_TW/
kitemviews-5.116.0/poqm/zh_TW/kitemviews5_qt.po
kitemviews-5.116.0/poqm/gu/
kitemviews-5.116.0/poqm/gu/kitemviews5_qt.po
kitemviews-5.116.0/poqm/be@latin/
kitemviews-5.116.0/poqm/be@latin/kitemviews5_qt.po
kitemviews-5.116.0/poqm/et/
kitemviews-5.116.0/poqm/et/kitemviews5_qt.po
kitemviews-5.116.0/poqm/it/
kitemviews-5.116.0/poqm/it/kitemviews5_qt.po
kitemviews-5.116.0/poqm/mai/
kitemviews-5.116.0/poqm/mai/kitemviews5_qt.po
kitemviews-5.116.0/poqm/el/
kitemviews-5.116.0/poqm/el/kitemviews5_qt.po
kitemviews-5.116.0/poqm/as/
kitemviews-5.116.0/poqm/as/kitemviews5_qt.po
kitemviews-5.116.0/poqm/da/
kitemviews-5.116.0/poqm/da/kitemviews5_qt.po
kitemviews-5.116.0/poqm/xh/
kitemviews-5.116.0/poqm/xh/kitemviews5_qt.po
kitemviews-5.116.0/poqm/pt_BR/
kitemviews-5.116.0/poqm/pt_BR/kitemviews5_qt.po
kitemviews-5.116.0/poqm/ru/
kitemviews-5.116.0/poqm/ru/kitemviews5_qt.po
kitemviews-5.116.0/poqm/sq/
kitemviews-5.116.0/poqm/sq/kitemviews5_qt.po
kitemviews-5.116.0/poqm/id/
kitemviews-5.116.0/poqm/id/kitemviews5_qt.po
kitemviews-5.116.0/poqm/ia/
kitemviews-5.116.0/poqm/ia/kitemviews5_qt.po
kitemviews-5.116.0/poqm/cy/
kitemviews-5.116.0/poqm/cy/kitemviews5_qt.po
kitemviews-5.116.0/poqm/sv/
kitemviews-5.116.0/poqm/sv/kitemviews5_qt.po
kitemviews-5.116.0/poqm/ne/
kitemviews-5.116.0/poqm/ne/kitemviews5_qt.po
kitemviews-5.116.0/poqm/si/
kitemviews-5.116.0/poqm/si/kitemviews5_qt.po
kitemviews-5.116.0/poqm/ms/
kitemviews-5.116.0/poqm/ms/kitemviews5_qt.po
kitemviews-5.116.0/poqm/fi/
kitemviews-5.116.0/poqm/fi/kitemviews5_qt.po
kitemviews-5.116.0/poqm/kk/
kitemviews-5.116.0/poqm/kk/kitemviews5_qt.po
kitemviews-5.116.0/poqm/lt/
kitemviews-5.116.0/poqm/lt/kitemviews5_qt.po
kitemviews-5.116.0/poqm/be/
kitemviews-5.116.0/poqm/be/kitemviews5_qt.po
kitemviews-5.116.0/poqm/tg/
kitemviews-5.116.0/poqm/tg/kitemviews5_qt.po
kitemviews-5.116.0/poqm/te/
kitemviews-5.116.0/poqm/te/kitemviews5_qt.po
kitemviews-5.116.0/poqm/ko/
kitemviews-5.116.0/poqm/ko/kitemviews5_qt.po
kitemviews-5.116.0/poqm/hne/
kitemviews-5.116.0/poqm/hne/kitemviews5_qt.po
kitemviews-5.116.0/poqm/ga/
kitemviews-5.116.0/poqm/ga/kitemviews5_qt.po
kitemviews-5.116.0/poqm/en_GB/
kitemviews-5.116.0/poqm/en_GB/kitemviews5_qt.po
kitemviews-5.116.0/poqm/uk/
kitemviews-5.116.0/poqm/uk/kitemviews5_qt.po
kitemviews-5.116.0/poqm/sr@ijekavianlatin/
kitemviews-5.116.0/poqm/sr@ijekavianlatin/kitemviews5_qt.po
kitemviews-5.116.0/poqm/nds/
kitemviews-5.116.0/poqm/nds/kitemviews5_qt.po
kitemviews-5.116.0/poqm/kn/
kitemviews-5.116.0/poqm/kn/kitemviews5_qt.po
kitemviews-5.116.0/poqm/az/
kitemviews-5.116.0/poqm/az/kitemviews5_qt.po
kitemviews-5.116.0/LICENSES/
kitemviews-5.116.0/LICENSES/LGPL-2.0-only.txt
kitemviews-5.116.0/LICENSES/CC0-1.0.txt
kitemviews-5.116.0/LICENSES/LGPL-2.0-or-later.txt
kitemviews-5.116.0/LICENSES/GPL-2.0-or-later.txt
kitemviews-5.116.0/.gitlab-ci.yml
kitemviews-5.116.0/tests/
kitemviews-5.116.0/tests/kwidgetitemdelegatetest.cpp
kitemviews-5.116.0/tests/ktreewidgetsearchlinetest.h
kitemviews-5.116.0/tests/ktreewidgetsearchlinetest.cpp
kitemviews-5.116.0/tests/CMakeLists.txt
kitemviews-5.116.0/tests/kcategorizedviewtest.cpp
kitemviews-5.116.0/.git-blame-ignore-revs
kitemviews-5.116.0/.kde-ci.yml
kitemviews-5.116.0/docs/
kitemviews-5.116.0/docs/Doxyfile.local
kitemviews-5.116.0/autotests/
kitemviews-5.116.0/autotests/klistwidgetsearchlinetest.cpp
kitemviews-5.116.0/autotests/CMakeLists.txt
kitemviews-5.116.0/CMakeLists.txt
kitemviews-5.116.0/src/
kitemviews-5.116.0/src/kcategorizedsortfilterproxymodel.h
kitemviews-5.116.0/src/ktreewidgetsearchlinewidget.h
kitemviews-5.116.0/src/ktreewidgetsearchlinewidget.cpp
kitemviews-5.116.0/src/kwidgetitemdelegate.h
kitemviews-5.116.0/src/kcategorizedview.h
kitemviews-5.116.0/src/kcategorizedview_p.h
kitemviews-5.116.0/src/kwidgetitemdelegate_p.h
kitemviews-5.116.0/src/Messages.sh
kitemviews-5.116.0/src/kcategorydrawer.cpp
kitemviews-5.116.0/src/klistwidgetsearchline.h
kitemviews-5.116.0/src/kfilterproxysearchline.h
kitemviews-5.116.0/src/kextendableitemdelegate.cpp
kitemviews-5.116.0/src/ktreewidgetsearchline.h
kitemviews-5.116.0/src/kcategorizedsortfilterproxymodel.cpp
kitemviews-5.116.0/src/ktreewidgetsearchline.cpp
kitemviews-5.116.0/src/kwidgetitemdelegate.cpp
kitemviews-5.116.0/src/kwidgetitemdelegatepool_p.h
kitemviews-5.116.0/src/kcategorizedview.cpp
kitemviews-5.116.0/src/kcategorydrawer.h
kitemviews-5.116.0/src/designer/
kitemviews-5.116.0/src/designer/CMakeLists.txt
kitemviews-5.116.0/src/kwidgetitemdelegatepool.cpp
kitemviews-5.116.0/src/kfilterproxysearchline.cpp
kitemviews-5.116.0/src/kcategorizedsortfilterproxymodel_p.h
kitemviews-5.116.0/src/CMakeLists.txt
kitemviews-5.116.0/src/klistwidgetsearchline.cpp
kitemviews-5.116.0/src/kextendableitemdelegate.h
kitemviews-5.116.0/.gitignore
kitemviews-5.116.0/metainfo.yaml
/home/omen/GITHUB/PLASMA_WORLD/AthOS/REPO-AthOS/kitemviews5/work
README or README.md already exists, skipping creation.
hm...lets continue and see what happens
-- The C compiler identification is GNU 14.2.0
-- The CXX compiler identification is GNU 14.2.0
-- Detecting C compiler ABI info
-- Detecting C compiler ABI info - done
-- Check for working C compiler: /usr/bin/cc - skipped
-- Detecting C compile features
-- Detecting C compile features - done
-- Detecting CXX compiler ABI info
-- Detecting CXX compiler ABI info - done
-- Check for working CXX compiler: /usr/bin/c++ - skipped
-- Detecting CXX compile features
-- Detecting CXX compile features - done
-- 

-- Installing in the same prefix as Qt, adopting their path scheme.
-- Looking for __GLIBC__
-- Looking for __GLIBC__ - found
-- Performing Test _OFFT_IS_64BIT
-- Performing Test _OFFT_IS_64BIT - Success
-- Performing Test HAVE_DATE_TIME
-- Performing Test HAVE_DATE_TIME - Success
-- Performing Test BSYMBOLICFUNCTIONS_AVAILABLE
-- Performing Test BSYMBOLICFUNCTIONS_AVAILABLE - Success
-- Performing Test COMPILER_HAS_HIDDEN_VISIBILITY
-- Performing Test COMPILER_HAS_HIDDEN_VISIBILITY - Success
-- Performing Test COMPILER_HAS_HIDDEN_INLINE_VISIBILITY
-- Performing Test COMPILER_HAS_HIDDEN_INLINE_VISIBILITY - Success
-- Performing Test COMPILER_HAS_DEPRECATED_ATTR
-- Performing Test COMPILER_HAS_DEPRECATED_ATTR - Success
-- Found Doxygen: /usr/bin/doxygen (found suitable version "1.13.2", minimum required is "1.8.13") found components: doxygen dot
-- Found QHelpGenerator executable: /usr/lib64/qt5/bin/qhelpgenerator
-- No such target Qt5Widgets_QCH defined when calling ecm_add_qch(), ignored.
-- No such target Qt5Gui_QCH defined when calling ecm_add_qch(), ignored.
-- No such target Qt5Core_QCH defined when calling ecm_add_qch(), ignored.


Configuration file '/home/omen/GITHUB/PLASMA_WORLD/AthOS/REPO-AthOS/kitemviews5/work/kitemviews-5.116.0/build/src/KF5ItemViews_ECMQchDoxygen.config' updated.

-- The following features have been enabled:

 * QCH, API documentation in QCH format (for e.g. Qt Assistant, Qt Creator & KDevelop)
 * DESIGNERPLUGIN, Build plugin for Qt Designer

-- The following REQUIRED packages have been found:

 * ECM (required version >= 5.116.0), Extra CMake Modules., <https://commits.kde.org/extra-cmake-modules>
 * Qt5Gui (required version >= 5.15.16)
 * Qt5Widgets
 * Qt5LinguistTools
 * Qt5UiPlugin
   Required to build Qt Designer plugins
 * Doxygen (required version >= 1.8.13)
   Needed for API dox QCH file generation
 * QHelpGenerator, Part of Qt5 tools
   Needed for API dox QCH file generation
 * Qt5Test
 * Qt5 (required version >= 5.15.2)

-- Configuring done (0.9s)
-- Generating done (0.0s)
CMake Warning:
  Manually-specified variables were not used by the project:

    CMAKE_INSTALL_DOCDIR


-- Build files have been written to: /home/omen/GITHUB/PLASMA_WORLD/AthOS/REPO-AthOS/kitemviews5/work/kitemviews-5.116.0/build
[1/137] Generating ECMPoQm/ar/kitemviews5_qt.qm
[2/137] Generating ECMPoQm/az/kitemviews5_qt.qm
[3/137] Generating ECMPoQm/bs/kitemviews5_qt.qm
[4/137] Generating ECMPoQm/ca/kitemviews5_qt.qm
[5/137] Generating ECMPoQm/ca@valencia/kitemviews5_qt.qm
[6/137] Generating ECMPoQm/bg/kitemviews5_qt.qm
[7/137] Generating ECMPoQm/cs/kitemviews5_qt.qm
[8/137] Generating ECMPoQm/de/kitemviews5_qt.qm
[9/137] Generating ECMPoQm/eo/kitemviews5_qt.qm
[10/137] Generating ECMPoQm/crh/kitemviews5_qt.qm
Removed plural forms as the target language has less forms.
If this sounds wrong, possibly the target language is not set or recognized.
[11/137] Generating ECMPoQm/as/kitemviews5_qt.qm
[12/137] Generating ECMPoQm/be@latin/kitemviews5_qt.qm
[13/137] Generating ECMPoQm/bn_IN/kitemviews5_qt.qm
[14/137] Generating ECMPoQm/csb/kitemviews5_qt.qm
Removed plural forms as the target language has less forms.
If this sounds wrong, possibly the target language is not set or recognized.
[15/137] Generating ECMPoQm/be/kitemviews5_qt.qm
[16/137] Generating ECMPoQm/cy/kitemviews5_qt.qm
[17/137] Generating ECMPoQm/br/kitemviews5_qt.qm
[18/137] Generating ECMPoQm/da/kitemviews5_qt.qm
[19/137] Generating ECMPoQm/el/kitemviews5_qt.qm
[20/137] Generating ECMPoQm/es/kitemviews5_qt.qm
[21/137] Generating ECMPoQm/eu/kitemviews5_qt.qm
[22/137] Generating ECMPoQm/gd/kitemviews5_qt.qm
[23/137] Generating ECMPoQm/af/kitemviews5_qt.qm
[24/137] Generating ECMPoQm/bn/kitemviews5_qt.qm
[25/137] Generating ECMPoQm/en_GB/kitemviews5_qt.qm
[26/137] Generating ECMPoQm/fi/kitemviews5_qt.qm
[27/137] Generating ECMPoQm/he/kitemviews5_qt.qm
[28/137] Generating ECMPoQm/ha/kitemviews5_qt.qm
[29/137] Generating ECMPoQm/fa/kitemviews5_qt.qm
[30/137] Generating ECMPoQm/fr/kitemviews5_qt.qm
[31/137] Generating ECMPoQm/gl/kitemviews5_qt.qm
[32/137] Generating ECMPoQm/ga/kitemviews5_qt.qm
Removed plural forms as the target language has less forms.
If this sounds wrong, possibly the target language is not set or recognized.
[33/137] Generating ECMPoQm/fy/kitemviews5_qt.qm
[34/137] Generating ECMPoQm/ja/kitemviews5_qt.qm
[35/137] Generating ECMPoQm/ka/kitemviews5_qt.qm
[36/137] Generating ECMPoQm/ko/kitemviews5_qt.qm
[37/137] Generating ECMPoQm/et/kitemviews5_qt.qm
[38/137] Generating ECMPoQm/gu/kitemviews5_qt.qm
[39/137] Generating ECMPoQm/hy/kitemviews5_qt.qm
Removed plural forms as the target language has less forms.
If this sounds wrong, possibly the target language is not set or recognized.
[40/137] Generating ECMPoQm/lt/kitemviews5_qt.qm
[41/137] Generating ECMPoQm/hr/kitemviews5_qt.qm
[42/137] Generating ECMPoQm/hi/kitemviews5_qt.qm
[43/137] Generating ECMPoQm/ia/kitemviews5_qt.qm
[44/137] Generating ECMPoQm/hsb/kitemviews5_qt.qm
Removed plural forms as the target language has less forms.
If this sounds wrong, possibly the target language is not set or recognized.
[45/137] Generating ECMPoQm/hu/kitemviews5_qt.qm
Removed plural forms as the target language has less forms.
If this sounds wrong, possibly the target language is not set or recognized.
[46/137] Generating ECMPoQm/nb/kitemviews5_qt.qm
[47/137] Generating ECMPoQm/kk/kitemviews5_qt.qm
[48/137] Generating ECMPoQm/kn/kitemviews5_qt.qm
[49/137] Generating ECMPoQm/hne/kitemviews5_qt.qm
Removed plural forms as the target language has less forms.
If this sounds wrong, possibly the target language is not set or recognized.
[50/137] Generating ECMPoQm/km/kitemviews5_qt.qm
[51/137] Generating ECMPoQm/ku/kitemviews5_qt.qm
[52/137] Generating ECMPoQm/mk/kitemviews5_qt.qm
[53/137] Generating ECMPoQm/is/kitemviews5_qt.qm
[54/137] Generating ECMPoQm/mai/kitemviews5_qt.qm
Removed plural forms as the target language has less forms.
If this sounds wrong, possibly the target language is not set or recognized.
[55/137] Generating ECMPoQm/id/kitemviews5_qt.qm
[56/137] Generating ECMPoQm/nn/kitemviews5_qt.qm
[57/137] Generating ECMPoQm/lv/kitemviews5_qt.qm
[58/137] Generating ECMPoQm/lb/kitemviews5_qt.qm
[59/137] Generating ECMPoQm/it/kitemviews5_qt.qm
[60/137] Generating ECMPoQm/pt_BR/kitemviews5_qt.qm
[61/137] Generating ECMPoQm/oc/kitemviews5_qt.qm
[62/137] Generating ECMPoQm/se/kitemviews5_qt.qm
[63/137] Generating ECMPoQm/mr/kitemviews5_qt.qm
[64/137] Generating ECMPoQm/pt/kitemviews5_qt.qm
[65/137] Generating ECMPoQm/sr@ijekavian/kitemviews5_qt.qm
[66/137] Generating ECMPoQm/sr@ijekavianlatin/kitemviews5_qt.qm
[67/137] Generating ECMPoQm/ml/kitemviews5_qt.qm
[68/137] Generating ECMPoQm/sv/kitemviews5_qt.qm
[69/137] Generating ECMPoQm/nl/kitemviews5_qt.qm
[70/137] Generating ECMPoQm/sr/kitemviews5_qt.qm
[71/137] Generating ECMPoQm/ms/kitemviews5_qt.qm
Removed plural forms as the target language has less forms.
If this sounds wrong, possibly the target language is not set or recognized.
[72/137] Generating ECMPoQm/nds/kitemviews5_qt.qm
Removed plural forms as the target language has less forms.
If this sounds wrong, possibly the target language is not set or recognized.
[73/137] Generating ECMPoQm/ne/kitemviews5_qt.qm
[74/137] Generating ECMPoQm/or/kitemviews5_qt.qm
[75/137] Generating ECMPoQm/sr@latin/kitemviews5_qt.qm
[76/137] Generating ECMPoQm/pa/kitemviews5_qt.qm
[77/137] Generating ECMPoQm/tr/kitemviews5_qt.qm
[78/137] Generating ECMPoQm/uk/kitemviews5_qt.qm
[79/137] Generating ECMPoQm/ps/kitemviews5_qt.qm
[80/137] Generating ECMPoQm/sq/kitemviews5_qt.qm
[81/137] Generating ECMPoQm/ro/kitemviews5_qt.qm
[82/137] Generating ECMPoQm/ru/kitemviews5_qt.qm
Removed plural forms as the target language has less forms.
If this sounds wrong, possibly the target language is not set or recognized.
[83/137] Generating ECMPoQm/vi/kitemviews5_qt.qm
[84/137] Generating ECMPoQm/ta/kitemviews5_qt.qm
[85/137] Generating ECMPoQm/pl/kitemviews5_qt.qm
[86/137] Generating ECMPoQm/zh_TW/kitemviews5_qt.qm
[87/137] Generating ECMPoQm/sl/kitemviews5_qt.qm
[88/137] Generating ECMPoQm/te/kitemviews5_qt.qm
Removed plural forms as the target language has less forms.
If this sounds wrong, possibly the target language is not set or recognized.
[89/137] Generating ECMPoQm/sk/kitemviews5_qt.qm
[90/137] Generating ECMPoQm/zh_CN/kitemviews5_qt.qm
[91/137] Generating ECMPoQm/si/kitemviews5_qt.qm
[92/137] Generating ECMPoQm/ug/kitemviews5_qt.qm
[93/137] Generating ECMPoQm/tg/kitemviews5_qt.qm
[94/137] Generating ECMPoQm/uz/kitemviews5_qt.qm
[95/137] Generating ECMPoQm/tt/kitemviews5_qt.qm
Removed plural forms as the target language has less forms.
If this sounds wrong, possibly the target language is not set or recognized.
[96/137] Generating ECMPoQm/th/kitemviews5_qt.qm
[97/137] Generating ECMPoQm/wa/kitemviews5_qt.qm
[98/137] Generating ECMPoQm/zh_HK/kitemviews5_qt.qm
[99/137] Generating ECMPoQm/xh/kitemviews5_qt.qm
[100/137] Generating ECMPoQm/uz@cyrillic/kitemviews5_qt.qm
[101/137] Automatic MOC for target KF5ItemViews
[102/137] Building CXX object src/CMakeFiles/KF5ItemViews.dir/KF5ItemViews_autogen/mocs_compilation.cpp.o
[103/137] Generating src/KF5ItemViews.qch, src/KF5ItemViews.tags
QStandardPaths: XDG_RUNTIME_DIR not set, defaulting to '/tmp/runtime-root'
Building up file structure...
Insert custom filters...
Insert help data for filter section (1 of 1)...
Insert files...
Insert contents...
Insert indices...
Documentation successfully generated.
[104/137] Building CXX object src/CMakeFiles/KF5ItemViews.dir/kitemviews_debug.cpp.o
[105/137] Building CXX object src/CMakeFiles/KF5ItemViews.dir/kcategorizedsortfilterproxymodel.cpp.o
[106/137] Building CXX object src/CMakeFiles/KF5ItemViews.dir/ECMQmLoader-kitemviews5_qt.cpp.o
[107/137] Building CXX object src/CMakeFiles/KF5ItemViews.dir/kfilterproxysearchline.cpp.o
[108/137] Building CXX object src/CMakeFiles/KF5ItemViews.dir/kwidgetitemdelegatepool.cpp.o
[109/137] Building CXX object src/CMakeFiles/KF5ItemViews.dir/ktreewidgetsearchlinewidget.cpp.o
[110/137] Building CXX object src/CMakeFiles/KF5ItemViews.dir/klistwidgetsearchline.cpp.o
[111/137] Building CXX object src/CMakeFiles/KF5ItemViews.dir/kwidgetitemdelegate.cpp.o
[112/137] Building CXX object src/CMakeFiles/KF5ItemViews.dir/kcategorydrawer.cpp.o
[113/137] Building CXX object src/CMakeFiles/KF5ItemViews.dir/kextendableitemdelegate.cpp.o
[114/137] Building CXX object src/CMakeFiles/KF5ItemViews.dir/ktreewidgetsearchline.cpp.o
[115/137] Building CXX object src/CMakeFiles/KF5ItemViews.dir/kcategorizedview.cpp.o
[116/137] Linking CXX shared library bin/libKF5ItemViews.so.5.116.0
[117/137] Creating library symlink bin/libKF5ItemViews.so.5 bin/libKF5ItemViews.so
[118/137] Automatic MOC for target kcategorizedviewtest
[119/137] Building CXX object tests/CMakeFiles/kcategorizedviewtest.dir/kcategorizedviewtest_autogen/mocs_compilation.cpp.o
[120/137] Automatic MOC for target ktreewidgetsearchlinetest
[121/137] Building CXX object tests/CMakeFiles/ktreewidgetsearchlinetest.dir/ktreewidgetsearchlinetest_autogen/mocs_compilation.cpp.o
[122/137] Automatic MOC for target kwidgetitemdelegatetest
[123/137] Automatic MOC for target kitemviews-klistwidgetsearchlinetest
[124/137] Building CXX object tests/CMakeFiles/kwidgetitemdelegatetest.dir/kwidgetitemdelegatetest_autogen/mocs_compilation.cpp.o
[125/137] Building CXX object autotests/CMakeFiles/kitemviews-klistwidgetsearchlinetest.dir/kitemviews-klistwidgetsearchlinetest_autogen/mocs_compilation.cpp.o
[126/137] Automatic MOC for target kitemviewswidgets
[127/137] Building CXX object src/designer/CMakeFiles/kitemviewswidgets.dir/kitemviewswidgets_autogen/mocs_compilation.cpp.o
[128/137] Building CXX object tests/CMakeFiles/kcategorizedviewtest.dir/kcategorizedviewtest.cpp.o
[129/137] Building CXX object tests/CMakeFiles/ktreewidgetsearchlinetest.dir/ktreewidgetsearchlinetest.cpp.o
[130/137] Linking CXX executable bin/kcategorizedviewtest
[131/137] Building CXX object autotests/CMakeFiles/kitemviews-klistwidgetsearchlinetest.dir/klistwidgetsearchlinetest.cpp.o
[132/137] Linking CXX executable bin/ktreewidgetsearchlinetest
[133/137] Building CXX object tests/CMakeFiles/kwidgetitemdelegatetest.dir/kwidgetitemdelegatetest.cpp.o
[134/137] Building CXX object src/designer/CMakeFiles/kitemviewswidgets.dir/kitemviewswidgets_ECMQtDesignerPlugin/designerplugin.cpp.o
[135/137] Linking CXX executable bin/kitemviews-klistwidgetsearchlinetest
[136/137] Linking CXX executable bin/kwidgetitemdelegatetest
[137/137] Linking CXX shared module bin/kitemviews5widgets.so
-- Install configuration: "RelWithDebInfo"
-- Installing: /home/omen/GITHUB/PLASMA_WORLD/AthOS/REPO-AthOS/kitemviews5/package-kitemviews5/usr/share/locale/af/LC_MESSAGES/kitemviews5_qt.qm
-- Installing: /home/omen/GITHUB/PLASMA_WORLD/AthOS/REPO-AthOS/kitemviews5/package-kitemviews5/usr/share/locale/ar/LC_MESSAGES/kitemviews5_qt.qm
-- Installing: /home/omen/GITHUB/PLASMA_WORLD/AthOS/REPO-AthOS/kitemviews5/package-kitemviews5/usr/share/locale/as/LC_MESSAGES/kitemviews5_qt.qm
-- Installing: /home/omen/GITHUB/PLASMA_WORLD/AthOS/REPO-AthOS/kitemviews5/package-kitemviews5/usr/share/locale/az/LC_MESSAGES/kitemviews5_qt.qm
-- Installing: /home/omen/GITHUB/PLASMA_WORLD/AthOS/REPO-AthOS/kitemviews5/package-kitemviews5/usr/share/locale/be/LC_MESSAGES/kitemviews5_qt.qm
-- Installing: /home/omen/GITHUB/PLASMA_WORLD/AthOS/REPO-AthOS/kitemviews5/package-kitemviews5/usr/share/locale/be@latin/LC_MESSAGES/kitemviews5_qt.qm
-- Installing: /home/omen/GITHUB/PLASMA_WORLD/AthOS/REPO-AthOS/kitemviews5/package-kitemviews5/usr/share/locale/bg/LC_MESSAGES/kitemviews5_qt.qm
-- Installing: /home/omen/GITHUB/PLASMA_WORLD/AthOS/REPO-AthOS/kitemviews5/package-kitemviews5/usr/share/locale/bn/LC_MESSAGES/kitemviews5_qt.qm
-- Installing: /home/omen/GITHUB/PLASMA_WORLD/AthOS/REPO-AthOS/kitemviews5/package-kitemviews5/usr/share/locale/bn_IN/LC_MESSAGES/kitemviews5_qt.qm
-- Installing: /home/omen/GITHUB/PLASMA_WORLD/AthOS/REPO-AthOS/kitemviews5/package-kitemviews5/usr/share/locale/br/LC_MESSAGES/kitemviews5_qt.qm
-- Installing: /home/omen/GITHUB/PLASMA_WORLD/AthOS/REPO-AthOS/kitemviews5/package-kitemviews5/usr/share/locale/bs/LC_MESSAGES/kitemviews5_qt.qm
-- Installing: /home/omen/GITHUB/PLASMA_WORLD/AthOS/REPO-AthOS/kitemviews5/package-kitemviews5/usr/share/locale/ca/LC_MESSAGES/kitemviews5_qt.qm
-- Installing: /home/omen/GITHUB/PLASMA_WORLD/AthOS/REPO-AthOS/kitemviews5/package-kitemviews5/usr/share/locale/ca@valencia/LC_MESSAGES/kitemviews5_qt.qm
-- Installing: /home/omen/GITHUB/PLASMA_WORLD/AthOS/REPO-AthOS/kitemviews5/package-kitemviews5/usr/share/locale/crh/LC_MESSAGES/kitemviews5_qt.qm
-- Installing: /home/omen/GITHUB/PLASMA_WORLD/AthOS/REPO-AthOS/kitemviews5/package-kitemviews5/usr/share/locale/cs/LC_MESSAGES/kitemviews5_qt.qm
-- Installing: /home/omen/GITHUB/PLASMA_WORLD/AthOS/REPO-AthOS/kitemviews5/package-kitemviews5/usr/share/locale/csb/LC_MESSAGES/kitemviews5_qt.qm
-- Installing: /home/omen/GITHUB/PLASMA_WORLD/AthOS/REPO-AthOS/kitemviews5/package-kitemviews5/usr/share/locale/cy/LC_MESSAGES/kitemviews5_qt.qm
-- Installing: /home/omen/GITHUB/PLASMA_WORLD/AthOS/REPO-AthOS/kitemviews5/package-kitemviews5/usr/share/locale/da/LC_MESSAGES/kitemviews5_qt.qm
-- Installing: /home/omen/GITHUB/PLASMA_WORLD/AthOS/REPO-AthOS/kitemviews5/package-kitemviews5/usr/share/locale/de/LC_MESSAGES/kitemviews5_qt.qm
-- Installing: /home/omen/GITHUB/PLASMA_WORLD/AthOS/REPO-AthOS/kitemviews5/package-kitemviews5/usr/share/locale/el/LC_MESSAGES/kitemviews5_qt.qm
-- Installing: /home/omen/GITHUB/PLASMA_WORLD/AthOS/REPO-AthOS/kitemviews5/package-kitemviews5/usr/share/locale/en_GB/LC_MESSAGES/kitemviews5_qt.qm
-- Installing: /home/omen/GITHUB/PLASMA_WORLD/AthOS/REPO-AthOS/kitemviews5/package-kitemviews5/usr/share/locale/eo/LC_MESSAGES/kitemviews5_qt.qm
-- Installing: /home/omen/GITHUB/PLASMA_WORLD/AthOS/REPO-AthOS/kitemviews5/package-kitemviews5/usr/share/locale/es/LC_MESSAGES/kitemviews5_qt.qm
-- Installing: /home/omen/GITHUB/PLASMA_WORLD/AthOS/REPO-AthOS/kitemviews5/package-kitemviews5/usr/share/locale/et/LC_MESSAGES/kitemviews5_qt.qm
-- Installing: /home/omen/GITHUB/PLASMA_WORLD/AthOS/REPO-AthOS/kitemviews5/package-kitemviews5/usr/share/locale/eu/LC_MESSAGES/kitemviews5_qt.qm
-- Installing: /home/omen/GITHUB/PLASMA_WORLD/AthOS/REPO-AthOS/kitemviews5/package-kitemviews5/usr/share/locale/fa/LC_MESSAGES/kitemviews5_qt.qm
-- Installing: /home/omen/GITHUB/PLASMA_WORLD/AthOS/REPO-AthOS/kitemviews5/package-kitemviews5/usr/share/locale/fi/LC_MESSAGES/kitemviews5_qt.qm
-- Installing: /home/omen/GITHUB/PLASMA_WORLD/AthOS/REPO-AthOS/kitemviews5/package-kitemviews5/usr/share/locale/fr/LC_MESSAGES/kitemviews5_qt.qm
-- Installing: /home/omen/GITHUB/PLASMA_WORLD/AthOS/REPO-AthOS/kitemviews5/package-kitemviews5/usr/share/locale/fy/LC_MESSAGES/kitemviews5_qt.qm
-- Installing: /home/omen/GITHUB/PLASMA_WORLD/AthOS/REPO-AthOS/kitemviews5/package-kitemviews5/usr/share/locale/ga/LC_MESSAGES/kitemviews5_qt.qm
-- Installing: /home/omen/GITHUB/PLASMA_WORLD/AthOS/REPO-AthOS/kitemviews5/package-kitemviews5/usr/share/locale/gd/LC_MESSAGES/kitemviews5_qt.qm
-- Installing: /home/omen/GITHUB/PLASMA_WORLD/AthOS/REPO-AthOS/kitemviews5/package-kitemviews5/usr/share/locale/gl/LC_MESSAGES/kitemviews5_qt.qm
-- Installing: /home/omen/GITHUB/PLASMA_WORLD/AthOS/REPO-AthOS/kitemviews5/package-kitemviews5/usr/share/locale/gu/LC_MESSAGES/kitemviews5_qt.qm
-- Installing: /home/omen/GITHUB/PLASMA_WORLD/AthOS/REPO-AthOS/kitemviews5/package-kitemviews5/usr/share/locale/ha/LC_MESSAGES/kitemviews5_qt.qm
-- Installing: /home/omen/GITHUB/PLASMA_WORLD/AthOS/REPO-AthOS/kitemviews5/package-kitemviews5/usr/share/locale/he/LC_MESSAGES/kitemviews5_qt.qm
-- Installing: /home/omen/GITHUB/PLASMA_WORLD/AthOS/REPO-AthOS/kitemviews5/package-kitemviews5/usr/share/locale/hi/LC_MESSAGES/kitemviews5_qt.qm
-- Installing: /home/omen/GITHUB/PLASMA_WORLD/AthOS/REPO-AthOS/kitemviews5/package-kitemviews5/usr/share/locale/hne/LC_MESSAGES/kitemviews5_qt.qm
-- Installing: /home/omen/GITHUB/PLASMA_WORLD/AthOS/REPO-AthOS/kitemviews5/package-kitemviews5/usr/share/locale/hr/LC_MESSAGES/kitemviews5_qt.qm
-- Installing: /home/omen/GITHUB/PLASMA_WORLD/AthOS/REPO-AthOS/kitemviews5/package-kitemviews5/usr/share/locale/hsb/LC_MESSAGES/kitemviews5_qt.qm
-- Installing: /home/omen/GITHUB/PLASMA_WORLD/AthOS/REPO-AthOS/kitemviews5/package-kitemviews5/usr/share/locale/hu/LC_MESSAGES/kitemviews5_qt.qm
-- Installing: /home/omen/GITHUB/PLASMA_WORLD/AthOS/REPO-AthOS/kitemviews5/package-kitemviews5/usr/share/locale/hy/LC_MESSAGES/kitemviews5_qt.qm
-- Installing: /home/omen/GITHUB/PLASMA_WORLD/AthOS/REPO-AthOS/kitemviews5/package-kitemviews5/usr/share/locale/ia/LC_MESSAGES/kitemviews5_qt.qm
-- Installing: /home/omen/GITHUB/PLASMA_WORLD/AthOS/REPO-AthOS/kitemviews5/package-kitemviews5/usr/share/locale/id/LC_MESSAGES/kitemviews5_qt.qm
-- Installing: /home/omen/GITHUB/PLASMA_WORLD/AthOS/REPO-AthOS/kitemviews5/package-kitemviews5/usr/share/locale/is/LC_MESSAGES/kitemviews5_qt.qm
-- Installing: /home/omen/GITHUB/PLASMA_WORLD/AthOS/REPO-AthOS/kitemviews5/package-kitemviews5/usr/share/locale/it/LC_MESSAGES/kitemviews5_qt.qm
-- Installing: /home/omen/GITHUB/PLASMA_WORLD/AthOS/REPO-AthOS/kitemviews5/package-kitemviews5/usr/share/locale/ja/LC_MESSAGES/kitemviews5_qt.qm
-- Installing: /home/omen/GITHUB/PLASMA_WORLD/AthOS/REPO-AthOS/kitemviews5/package-kitemviews5/usr/share/locale/ka/LC_MESSAGES/kitemviews5_qt.qm
-- Installing: /home/omen/GITHUB/PLASMA_WORLD/AthOS/REPO-AthOS/kitemviews5/package-kitemviews5/usr/share/locale/kk/LC_MESSAGES/kitemviews5_qt.qm
-- Installing: /home/omen/GITHUB/PLASMA_WORLD/AthOS/REPO-AthOS/kitemviews5/package-kitemviews5/usr/share/locale/km/LC_MESSAGES/kitemviews5_qt.qm
-- Installing: /home/omen/GITHUB/PLASMA_WORLD/AthOS/REPO-AthOS/kitemviews5/package-kitemviews5/usr/share/locale/kn/LC_MESSAGES/kitemviews5_qt.qm
-- Installing: /home/omen/GITHUB/PLASMA_WORLD/AthOS/REPO-AthOS/kitemviews5/package-kitemviews5/usr/share/locale/ko/LC_MESSAGES/kitemviews5_qt.qm
-- Installing: /home/omen/GITHUB/PLASMA_WORLD/AthOS/REPO-AthOS/kitemviews5/package-kitemviews5/usr/share/locale/ku/LC_MESSAGES/kitemviews5_qt.qm
-- Installing: /home/omen/GITHUB/PLASMA_WORLD/AthOS/REPO-AthOS/kitemviews5/package-kitemviews5/usr/share/locale/lb/LC_MESSAGES/kitemviews5_qt.qm
-- Installing: /home/omen/GITHUB/PLASMA_WORLD/AthOS/REPO-AthOS/kitemviews5/package-kitemviews5/usr/share/locale/lt/LC_MESSAGES/kitemviews5_qt.qm
-- Installing: /home/omen/GITHUB/PLASMA_WORLD/AthOS/REPO-AthOS/kitemviews5/package-kitemviews5/usr/share/locale/lv/LC_MESSAGES/kitemviews5_qt.qm
-- Installing: /home/omen/GITHUB/PLASMA_WORLD/AthOS/REPO-AthOS/kitemviews5/package-kitemviews5/usr/share/locale/mai/LC_MESSAGES/kitemviews5_qt.qm
-- Installing: /home/omen/GITHUB/PLASMA_WORLD/AthOS/REPO-AthOS/kitemviews5/package-kitemviews5/usr/share/locale/mk/LC_MESSAGES/kitemviews5_qt.qm
-- Installing: /home/omen/GITHUB/PLASMA_WORLD/AthOS/REPO-AthOS/kitemviews5/package-kitemviews5/usr/share/locale/ml/LC_MESSAGES/kitemviews5_qt.qm
-- Installing: /home/omen/GITHUB/PLASMA_WORLD/AthOS/REPO-AthOS/kitemviews5/package-kitemviews5/usr/share/locale/mr/LC_MESSAGES/kitemviews5_qt.qm
-- Installing: /home/omen/GITHUB/PLASMA_WORLD/AthOS/REPO-AthOS/kitemviews5/package-kitemviews5/usr/share/locale/ms/LC_MESSAGES/kitemviews5_qt.qm
-- Installing: /home/omen/GITHUB/PLASMA_WORLD/AthOS/REPO-AthOS/kitemviews5/package-kitemviews5/usr/share/locale/nb/LC_MESSAGES/kitemviews5_qt.qm
-- Installing: /home/omen/GITHUB/PLASMA_WORLD/AthOS/REPO-AthOS/kitemviews5/package-kitemviews5/usr/share/locale/nds/LC_MESSAGES/kitemviews5_qt.qm
-- Installing: /home/omen/GITHUB/PLASMA_WORLD/AthOS/REPO-AthOS/kitemviews5/package-kitemviews5/usr/share/locale/ne/LC_MESSAGES/kitemviews5_qt.qm
-- Installing: /home/omen/GITHUB/PLASMA_WORLD/AthOS/REPO-AthOS/kitemviews5/package-kitemviews5/usr/share/locale/nl/LC_MESSAGES/kitemviews5_qt.qm
-- Installing: /home/omen/GITHUB/PLASMA_WORLD/AthOS/REPO-AthOS/kitemviews5/package-kitemviews5/usr/share/locale/nn/LC_MESSAGES/kitemviews5_qt.qm
-- Installing: /home/omen/GITHUB/PLASMA_WORLD/AthOS/REPO-AthOS/kitemviews5/package-kitemviews5/usr/share/locale/oc/LC_MESSAGES/kitemviews5_qt.qm
-- Installing: /home/omen/GITHUB/PLASMA_WORLD/AthOS/REPO-AthOS/kitemviews5/package-kitemviews5/usr/share/locale/or/LC_MESSAGES/kitemviews5_qt.qm
-- Installing: /home/omen/GITHUB/PLASMA_WORLD/AthOS/REPO-AthOS/kitemviews5/package-kitemviews5/usr/share/locale/pa/LC_MESSAGES/kitemviews5_qt.qm
-- Installing: /home/omen/GITHUB/PLASMA_WORLD/AthOS/REPO-AthOS/kitemviews5/package-kitemviews5/usr/share/locale/pl/LC_MESSAGES/kitemviews5_qt.qm
-- Installing: /home/omen/GITHUB/PLASMA_WORLD/AthOS/REPO-AthOS/kitemviews5/package-kitemviews5/usr/share/locale/ps/LC_MESSAGES/kitemviews5_qt.qm
-- Installing: /home/omen/GITHUB/PLASMA_WORLD/AthOS/REPO-AthOS/kitemviews5/package-kitemviews5/usr/share/locale/pt/LC_MESSAGES/kitemviews5_qt.qm
-- Installing: /home/omen/GITHUB/PLASMA_WORLD/AthOS/REPO-AthOS/kitemviews5/package-kitemviews5/usr/share/locale/pt_BR/LC_MESSAGES/kitemviews5_qt.qm
-- Installing: /home/omen/GITHUB/PLASMA_WORLD/AthOS/REPO-AthOS/kitemviews5/package-kitemviews5/usr/share/locale/ro/LC_MESSAGES/kitemviews5_qt.qm
-- Installing: /home/omen/GITHUB/PLASMA_WORLD/AthOS/REPO-AthOS/kitemviews5/package-kitemviews5/usr/share/locale/ru/LC_MESSAGES/kitemviews5_qt.qm
-- Installing: /home/omen/GITHUB/PLASMA_WORLD/AthOS/REPO-AthOS/kitemviews5/package-kitemviews5/usr/share/locale/se/LC_MESSAGES/kitemviews5_qt.qm
-- Installing: /home/omen/GITHUB/PLASMA_WORLD/AthOS/REPO-AthOS/kitemviews5/package-kitemviews5/usr/share/locale/si/LC_MESSAGES/kitemviews5_qt.qm
-- Installing: /home/omen/GITHUB/PLASMA_WORLD/AthOS/REPO-AthOS/kitemviews5/package-kitemviews5/usr/share/locale/sk/LC_MESSAGES/kitemviews5_qt.qm
-- Installing: /home/omen/GITHUB/PLASMA_WORLD/AthOS/REPO-AthOS/kitemviews5/package-kitemviews5/usr/share/locale/sl/LC_MESSAGES/kitemviews5_qt.qm
-- Installing: /home/omen/GITHUB/PLASMA_WORLD/AthOS/REPO-AthOS/kitemviews5/package-kitemviews5/usr/share/locale/sq/LC_MESSAGES/kitemviews5_qt.qm
-- Installing: /home/omen/GITHUB/PLASMA_WORLD/AthOS/REPO-AthOS/kitemviews5/package-kitemviews5/usr/share/locale/sr/LC_MESSAGES/kitemviews5_qt.qm
-- Installing: /home/omen/GITHUB/PLASMA_WORLD/AthOS/REPO-AthOS/kitemviews5/package-kitemviews5/usr/share/locale/sr@ijekavian/LC_MESSAGES/kitemviews5_qt.qm
-- Installing: /home/omen/GITHUB/PLASMA_WORLD/AthOS/REPO-AthOS/kitemviews5/package-kitemviews5/usr/share/locale/sr@ijekavianlatin/LC_MESSAGES/kitemviews5_qt.qm
-- Installing: /home/omen/GITHUB/PLASMA_WORLD/AthOS/REPO-AthOS/kitemviews5/package-kitemviews5/usr/share/locale/sr@latin/LC_MESSAGES/kitemviews5_qt.qm
-- Installing: /home/omen/GITHUB/PLASMA_WORLD/AthOS/REPO-AthOS/kitemviews5/package-kitemviews5/usr/share/locale/sv/LC_MESSAGES/kitemviews5_qt.qm
-- Installing: /home/omen/GITHUB/PLASMA_WORLD/AthOS/REPO-AthOS/kitemviews5/package-kitemviews5/usr/share/locale/ta/LC_MESSAGES/kitemviews5_qt.qm
-- Installing: /home/omen/GITHUB/PLASMA_WORLD/AthOS/REPO-AthOS/kitemviews5/package-kitemviews5/usr/share/locale/te/LC_MESSAGES/kitemviews5_qt.qm
-- Installing: /home/omen/GITHUB/PLASMA_WORLD/AthOS/REPO-AthOS/kitemviews5/package-kitemviews5/usr/share/locale/tg/LC_MESSAGES/kitemviews5_qt.qm
-- Installing: /home/omen/GITHUB/PLASMA_WORLD/AthOS/REPO-AthOS/kitemviews5/package-kitemviews5/usr/share/locale/th/LC_MESSAGES/kitemviews5_qt.qm
-- Installing: /home/omen/GITHUB/PLASMA_WORLD/AthOS/REPO-AthOS/kitemviews5/package-kitemviews5/usr/share/locale/tr/LC_MESSAGES/kitemviews5_qt.qm
-- Installing: /home/omen/GITHUB/PLASMA_WORLD/AthOS/REPO-AthOS/kitemviews5/package-kitemviews5/usr/share/locale/tt/LC_MESSAGES/kitemviews5_qt.qm
-- Installing: /home/omen/GITHUB/PLASMA_WORLD/AthOS/REPO-AthOS/kitemviews5/package-kitemviews5/usr/share/locale/ug/LC_MESSAGES/kitemviews5_qt.qm
-- Installing: /home/omen/GITHUB/PLASMA_WORLD/AthOS/REPO-AthOS/kitemviews5/package-kitemviews5/usr/share/locale/uk/LC_MESSAGES/kitemviews5_qt.qm
-- Installing: /home/omen/GITHUB/PLASMA_WORLD/AthOS/REPO-AthOS/kitemviews5/package-kitemviews5/usr/share/locale/uz/LC_MESSAGES/kitemviews5_qt.qm
-- Installing: /home/omen/GITHUB/PLASMA_WORLD/AthOS/REPO-AthOS/kitemviews5/package-kitemviews5/usr/share/locale/uz@cyrillic/LC_MESSAGES/kitemviews5_qt.qm
-- Installing: /home/omen/GITHUB/PLASMA_WORLD/AthOS/REPO-AthOS/kitemviews5/package-kitemviews5/usr/share/locale/vi/LC_MESSAGES/kitemviews5_qt.qm
-- Installing: /home/omen/GITHUB/PLASMA_WORLD/AthOS/REPO-AthOS/kitemviews5/package-kitemviews5/usr/share/locale/wa/LC_MESSAGES/kitemviews5_qt.qm
-- Installing: /home/omen/GITHUB/PLASMA_WORLD/AthOS/REPO-AthOS/kitemviews5/package-kitemviews5/usr/share/locale/xh/LC_MESSAGES/kitemviews5_qt.qm
-- Installing: /home/omen/GITHUB/PLASMA_WORLD/AthOS/REPO-AthOS/kitemviews5/package-kitemviews5/usr/share/locale/zh_CN/LC_MESSAGES/kitemviews5_qt.qm
-- Installing: /home/omen/GITHUB/PLASMA_WORLD/AthOS/REPO-AthOS/kitemviews5/package-kitemviews5/usr/share/locale/zh_HK/LC_MESSAGES/kitemviews5_qt.qm
-- Installing: /home/omen/GITHUB/PLASMA_WORLD/AthOS/REPO-AthOS/kitemviews5/package-kitemviews5/usr/share/locale/zh_TW/LC_MESSAGES/kitemviews5_qt.qm
-- Installing: /home/omen/GITHUB/PLASMA_WORLD/AthOS/REPO-AthOS/kitemviews5/package-kitemviews5/usr/lib64/libKF5ItemViews.so.5.116.0
-- Installing: /home/omen/GITHUB/PLASMA_WORLD/AthOS/REPO-AthOS/kitemviews5/package-kitemviews5/usr/lib64/libKF5ItemViews.so.5
-- Installing: /home/omen/GITHUB/PLASMA_WORLD/AthOS/REPO-AthOS/kitemviews5/package-kitemviews5/usr/lib64/libKF5ItemViews.so
-- Installing: /home/omen/GITHUB/PLASMA_WORLD/AthOS/REPO-AthOS/kitemviews5/package-kitemviews5/usr/include/KF5/KItemViews/kitemviews_export.h
-- Installing: /home/omen/GITHUB/PLASMA_WORLD/AthOS/REPO-AthOS/kitemviews5/package-kitemviews5/usr/include/KF5/KItemViews/KCategorizedSortFilterProxyModel
-- Installing: /home/omen/GITHUB/PLASMA_WORLD/AthOS/REPO-AthOS/kitemviews5/package-kitemviews5/usr/include/KF5/KItemViews/KCategorizedView
-- Installing: /home/omen/GITHUB/PLASMA_WORLD/AthOS/REPO-AthOS/kitemviews5/package-kitemviews5/usr/include/KF5/KItemViews/KCategoryDrawer
-- Installing: /home/omen/GITHUB/PLASMA_WORLD/AthOS/REPO-AthOS/kitemviews5/package-kitemviews5/usr/include/KF5/KItemViews/KExtendableItemDelegate
-- Installing: /home/omen/GITHUB/PLASMA_WORLD/AthOS/REPO-AthOS/kitemviews5/package-kitemviews5/usr/include/KF5/KItemViews/KFilterProxySearchLine
-- Installing: /home/omen/GITHUB/PLASMA_WORLD/AthOS/REPO-AthOS/kitemviews5/package-kitemviews5/usr/include/KF5/KItemViews/KListWidgetSearchLine
-- Installing: /home/omen/GITHUB/PLASMA_WORLD/AthOS/REPO-AthOS/kitemviews5/package-kitemviews5/usr/include/KF5/KItemViews/KTreeWidgetSearchLine
-- Installing: /home/omen/GITHUB/PLASMA_WORLD/AthOS/REPO-AthOS/kitemviews5/package-kitemviews5/usr/include/KF5/KItemViews/KTreeWidgetSearchLineWidget
-- Installing: /home/omen/GITHUB/PLASMA_WORLD/AthOS/REPO-AthOS/kitemviews5/package-kitemviews5/usr/include/KF5/KItemViews/KWidgetItemDelegate
-- Installing: /home/omen/GITHUB/PLASMA_WORLD/AthOS/REPO-AthOS/kitemviews5/package-kitemviews5/usr/include/KF5/KItemViews/kcategorizedsortfilterproxymodel.h
-- Installing: /home/omen/GITHUB/PLASMA_WORLD/AthOS/REPO-AthOS/kitemviews5/package-kitemviews5/usr/include/KF5/KItemViews/kcategorizedview.h
-- Installing: /home/omen/GITHUB/PLASMA_WORLD/AthOS/REPO-AthOS/kitemviews5/package-kitemviews5/usr/include/KF5/KItemViews/kcategorydrawer.h
-- Installing: /home/omen/GITHUB/PLASMA_WORLD/AthOS/REPO-AthOS/kitemviews5/package-kitemviews5/usr/include/KF5/KItemViews/kextendableitemdelegate.h
-- Installing: /home/omen/GITHUB/PLASMA_WORLD/AthOS/REPO-AthOS/kitemviews5/package-kitemviews5/usr/include/KF5/KItemViews/kfilterproxysearchline.h
-- Installing: /home/omen/GITHUB/PLASMA_WORLD/AthOS/REPO-AthOS/kitemviews5/package-kitemviews5/usr/include/KF5/KItemViews/klistwidgetsearchline.h
-- Installing: /home/omen/GITHUB/PLASMA_WORLD/AthOS/REPO-AthOS/kitemviews5/package-kitemviews5/usr/include/KF5/KItemViews/ktreewidgetsearchline.h
-- Installing: /home/omen/GITHUB/PLASMA_WORLD/AthOS/REPO-AthOS/kitemviews5/package-kitemviews5/usr/include/KF5/KItemViews/ktreewidgetsearchlinewidget.h
-- Installing: /home/omen/GITHUB/PLASMA_WORLD/AthOS/REPO-AthOS/kitemviews5/package-kitemviews5/usr/include/KF5/KItemViews/kwidgetitemdelegate.h
-- Installing: /home/omen/GITHUB/PLASMA_WORLD/AthOS/REPO-AthOS/kitemviews5/package-kitemviews5/usr/lib64/qt5/plugins/designer/kitemviews5widgets.so
-- Installing: /home/omen/GITHUB/PLASMA_WORLD/AthOS/REPO-AthOS/kitemviews5/package-kitemviews5/usr/doc/qt5-5.15.16_20250408_6cb26397/KF5ItemViews.qch
-- Installing: /home/omen/GITHUB/PLASMA_WORLD/AthOS/REPO-AthOS/kitemviews5/package-kitemviews5/usr/doc/qt5-5.15.16_20250408_6cb26397/KF5ItemViews.tags
-- Installing: /home/omen/GITHUB/PLASMA_WORLD/AthOS/REPO-AthOS/kitemviews5/package-kitemviews5/usr/lib64/qt5/mkspecs/modules/qt_KItemViews.pri
-- Installing: /home/omen/GITHUB/PLASMA_WORLD/AthOS/REPO-AthOS/kitemviews5/package-kitemviews5/usr/share/qlogging-categories5/kitemviews.categories
-- Installing: /home/omen/GITHUB/PLASMA_WORLD/AthOS/REPO-AthOS/kitemviews5/package-kitemviews5/usr/lib64/cmake/KF5ItemViews/KF5ItemViewsQCHTargets.cmake
-- Installing: /home/omen/GITHUB/PLASMA_WORLD/AthOS/REPO-AthOS/kitemviews5/package-kitemviews5/usr/lib64/cmake/KF5ItemViews/KF5ItemViewsConfig.cmake
-- Installing: /home/omen/GITHUB/PLASMA_WORLD/AthOS/REPO-AthOS/kitemviews5/package-kitemviews5/usr/lib64/cmake/KF5ItemViews/KF5ItemViewsConfigVersion.cmake
-- Installing: /home/omen/GITHUB/PLASMA_WORLD/AthOS/REPO-AthOS/kitemviews5/package-kitemviews5/usr/lib64/cmake/KF5ItemViews/KF5ItemViewsTargets.cmake
-- Installing: /home/omen/GITHUB/PLASMA_WORLD/AthOS/REPO-AthOS/kitemviews5/package-kitemviews5/usr/lib64/cmake/KF5ItemViews/KF5ItemViewsTargets-relwithdebinfo.cmake
-- Installing: /home/omen/GITHUB/PLASMA_WORLD/AthOS/REPO-AthOS/kitemviews5/package-kitemviews5/usr/include/KF5/KItemViews/kitemviews_version.h
The main part of source code is ready. We are moving on to preparing post install scripts, docs, license, man pages etc..
cp: cannot stat 'AUTHORS': No such file or directory
cp: cannot stat 'ChangeLog*': No such file or directory
cp: cannot stat 'COPYING': No such file or directory
cp: cannot stat 'CREDITS': No such file or directory
cp: cannot stat 'LICENSE': No such file or directory
cp: cannot stat 'MAINTAINERS': No such file or directory
cp: cannot stat 'NEWS': No such file or directory
cp: cannot stat 'DOCS': No such file or directory
grep: /home/omen/GITHUB/PLASMA_WORLD/AthOS/REPO-AthOS/kitemviews5/kitemviews5.info: No such file or directory
doxygen
extra-cmake-modules
Packaging compiled for slackware installation...
MAKEPKG_FLAGS is empty or unset, using default

Slackware package maker, version 3.14159265.

Searching for symbolic links:
usr/lib64/libKF5ItemViews.so	libKF5ItemViews.so.5
usr/lib64/libKF5ItemViews.so.5	libKF5ItemViews.so.5.116.0

Making symbolic link creation script:
( cd usr/lib64 ; rm -rf libKF5ItemViews.so )
( cd usr/lib64 ; ln -sf libKF5ItemViews.so.5 libKF5ItemViews.so )
( cd usr/lib64 ; rm -rf libKF5ItemViews.so.5 )
( cd usr/lib64 ; ln -sf libKF5ItemViews.so.5.116.0 libKF5ItemViews.so.5 )

Unless your existing installation script already contains the code
to create these links, you should append these lines to your existing
install script. Now's your chance. :^)

Would you like to add this stuff to the existing install script and
remove the symbolic links ([y]es, [n]o)? y


Removing symbolic links:
removed './usr/lib64/libKF5ItemViews.so'
removed './usr/lib64/libKF5ItemViews.so.5'

Updating your ./install/doinst.sh...

This next step is optional - you can set the directories in your package
to some sane permissions. If any of the directories in your package have
special permissions, then DO NOT reset them here!

Would you like to reset all directory permissions to 755 (drwxr-xr-x) and
directory ownerships to root:root ([y]es, [n]o)? n


Creating Slackware package:  /tmp/kitemviews5/kitemviews5-5.116.0-x86_64-1_rtz.tlz

./
install/
install/doinst.sh
install/slack-desc
usr/
usr/doc/
usr/doc/kitemviews5-5.116.0/
usr/doc/kitemviews5-5.116.0/README.md
usr/doc/kitemviews5-5.116.0/docs/
usr/doc/kitemviews5-5.116.0/docs/Doxyfile.local
usr/doc/kitemviews5-5.116.0/kitemviews5.ini
usr/doc/kitemviews5-5.116.0/slack-required
usr/doc/qt5-5.15.16_20250408_6cb26397/
usr/doc/qt5-5.15.16_20250408_6cb26397/KF5ItemViews.qch
usr/doc/qt5-5.15.16_20250408_6cb26397/KF5ItemViews.tags
usr/include/
usr/include/KF5/
usr/include/KF5/KItemViews/
usr/include/KF5/KItemViews/KCategorizedSortFilterProxyModel
usr/include/KF5/KItemViews/KCategorizedView
usr/include/KF5/KItemViews/KCategoryDrawer
usr/include/KF5/KItemViews/KExtendableItemDelegate
usr/include/KF5/KItemViews/KFilterProxySearchLine
usr/include/KF5/KItemViews/KListWidgetSearchLine
usr/include/KF5/KItemViews/KTreeWidgetSearchLine
usr/include/KF5/KItemViews/KTreeWidgetSearchLineWidget
usr/include/KF5/KItemViews/KWidgetItemDelegate
usr/include/KF5/KItemViews/kcategorizedsortfilterproxymodel.h
usr/include/KF5/KItemViews/kcategorizedview.h
usr/include/KF5/KItemViews/kcategorydrawer.h
usr/include/KF5/KItemViews/kextendableitemdelegate.h
usr/include/KF5/KItemViews/kfilterproxysearchline.h
usr/include/KF5/KItemViews/kitemviews_export.h
usr/include/KF5/KItemViews/kitemviews_version.h
usr/include/KF5/KItemViews/klistwidgetsearchline.h
usr/include/KF5/KItemViews/ktreewidgetsearchline.h
usr/include/KF5/KItemViews/ktreewidgetsearchlinewidget.h
usr/include/KF5/KItemViews/kwidgetitemdelegate.h
usr/lib64/
usr/lib64/cmake/
usr/lib64/cmake/KF5ItemViews/
usr/lib64/cmake/KF5ItemViews/KF5ItemViewsConfig.cmake
usr/lib64/cmake/KF5ItemViews/KF5ItemViewsConfigVersion.cmake
usr/lib64/cmake/KF5ItemViews/KF5ItemViewsQCHTargets.cmake
usr/lib64/cmake/KF5ItemViews/KF5ItemViewsTargets-relwithdebinfo.cmake
usr/lib64/cmake/KF5ItemViews/KF5ItemViewsTargets.cmake
usr/lib64/libKF5ItemViews.so.5.116.0
usr/lib64/qt5/
usr/lib64/qt5/mkspecs/
usr/lib64/qt5/mkspecs/modules/
usr/lib64/qt5/mkspecs/modules/qt_KItemViews.pri
usr/lib64/qt5/plugins/
usr/lib64/qt5/plugins/designer/
usr/lib64/qt5/plugins/designer/kitemviews5widgets.so
usr/share/
usr/share/locale/
usr/share/locale/af/
usr/share/locale/af/LC_MESSAGES/
usr/share/locale/af/LC_MESSAGES/kitemviews5_qt.qm
usr/share/locale/ar/
usr/share/locale/ar/LC_MESSAGES/
usr/share/locale/ar/LC_MESSAGES/kitemviews5_qt.qm
usr/share/locale/as/
usr/share/locale/as/LC_MESSAGES/
usr/share/locale/as/LC_MESSAGES/kitemviews5_qt.qm
usr/share/locale/az/
usr/share/locale/az/LC_MESSAGES/
usr/share/locale/az/LC_MESSAGES/kitemviews5_qt.qm
usr/share/locale/be/
usr/share/locale/be/LC_MESSAGES/
usr/share/locale/be/LC_MESSAGES/kitemviews5_qt.qm
usr/share/locale/be@latin/
usr/share/locale/be@latin/LC_MESSAGES/
usr/share/locale/be@latin/LC_MESSAGES/kitemviews5_qt.qm
usr/share/locale/bg/
usr/share/locale/bg/LC_MESSAGES/
usr/share/locale/bg/LC_MESSAGES/kitemviews5_qt.qm
usr/share/locale/bn/
usr/share/locale/bn/LC_MESSAGES/
usr/share/locale/bn/LC_MESSAGES/kitemviews5_qt.qm
usr/share/locale/bn_IN/
usr/share/locale/bn_IN/LC_MESSAGES/
usr/share/locale/bn_IN/LC_MESSAGES/kitemviews5_qt.qm
usr/share/locale/br/
usr/share/locale/br/LC_MESSAGES/
usr/share/locale/br/LC_MESSAGES/kitemviews5_qt.qm
usr/share/locale/bs/
usr/share/locale/bs/LC_MESSAGES/
usr/share/locale/bs/LC_MESSAGES/kitemviews5_qt.qm
usr/share/locale/ca/
usr/share/locale/ca/LC_MESSAGES/
usr/share/locale/ca/LC_MESSAGES/kitemviews5_qt.qm
usr/share/locale/ca@valencia/
usr/share/locale/ca@valencia/LC_MESSAGES/
usr/share/locale/ca@valencia/LC_MESSAGES/kitemviews5_qt.qm
usr/share/locale/crh/
usr/share/locale/crh/LC_MESSAGES/
usr/share/locale/crh/LC_MESSAGES/kitemviews5_qt.qm
usr/share/locale/cs/
usr/share/locale/cs/LC_MESSAGES/
usr/share/locale/cs/LC_MESSAGES/kitemviews5_qt.qm
usr/share/locale/csb/
usr/share/locale/csb/LC_MESSAGES/
usr/share/locale/csb/LC_MESSAGES/kitemviews5_qt.qm
usr/share/locale/cy/
usr/share/locale/cy/LC_MESSAGES/
usr/share/locale/cy/LC_MESSAGES/kitemviews5_qt.qm
usr/share/locale/da/
usr/share/locale/da/LC_MESSAGES/
usr/share/locale/da/LC_MESSAGES/kitemviews5_qt.qm
usr/share/locale/de/
usr/share/locale/de/LC_MESSAGES/
usr/share/locale/de/LC_MESSAGES/kitemviews5_qt.qm
usr/share/locale/el/
usr/share/locale/el/LC_MESSAGES/
usr/share/locale/el/LC_MESSAGES/kitemviews5_qt.qm
usr/share/locale/en_GB/
usr/share/locale/en_GB/LC_MESSAGES/
usr/share/locale/en_GB/LC_MESSAGES/kitemviews5_qt.qm
usr/share/locale/eo/
usr/share/locale/eo/LC_MESSAGES/
usr/share/locale/eo/LC_MESSAGES/kitemviews5_qt.qm
usr/share/locale/es/
usr/share/locale/es/LC_MESSAGES/
usr/share/locale/es/LC_MESSAGES/kitemviews5_qt.qm
usr/share/locale/et/
usr/share/locale/et/LC_MESSAGES/
usr/share/locale/et/LC_MESSAGES/kitemviews5_qt.qm
usr/share/locale/eu/
usr/share/locale/eu/LC_MESSAGES/
usr/share/locale/eu/LC_MESSAGES/kitemviews5_qt.qm
usr/share/locale/fa/
usr/share/locale/fa/LC_MESSAGES/
usr/share/locale/fa/LC_MESSAGES/kitemviews5_qt.qm
usr/share/locale/fi/
usr/share/locale/fi/LC_MESSAGES/
usr/share/locale/fi/LC_MESSAGES/kitemviews5_qt.qm
usr/share/locale/fr/
usr/share/locale/fr/LC_MESSAGES/
usr/share/locale/fr/LC_MESSAGES/kitemviews5_qt.qm
usr/share/locale/fy/
usr/share/locale/fy/LC_MESSAGES/
usr/share/locale/fy/LC_MESSAGES/kitemviews5_qt.qm
usr/share/locale/ga/
usr/share/locale/ga/LC_MESSAGES/
usr/share/locale/ga/LC_MESSAGES/kitemviews5_qt.qm
usr/share/locale/gd/
usr/share/locale/gd/LC_MESSAGES/
usr/share/locale/gd/LC_MESSAGES/kitemviews5_qt.qm
usr/share/locale/gl/
usr/share/locale/gl/LC_MESSAGES/
usr/share/locale/gl/LC_MESSAGES/kitemviews5_qt.qm
usr/share/locale/gu/
usr/share/locale/gu/LC_MESSAGES/
usr/share/locale/gu/LC_MESSAGES/kitemviews5_qt.qm
usr/share/locale/ha/
usr/share/locale/ha/LC_MESSAGES/
usr/share/locale/ha/LC_MESSAGES/kitemviews5_qt.qm
usr/share/locale/he/
usr/share/locale/he/LC_MESSAGES/
usr/share/locale/he/LC_MESSAGES/kitemviews5_qt.qm
usr/share/locale/hi/
usr/share/locale/hi/LC_MESSAGES/
usr/share/locale/hi/LC_MESSAGES/kitemviews5_qt.qm
usr/share/locale/hne/
usr/share/locale/hne/LC_MESSAGES/
usr/share/locale/hne/LC_MESSAGES/kitemviews5_qt.qm
usr/share/locale/hr/
usr/share/locale/hr/LC_MESSAGES/
usr/share/locale/hr/LC_MESSAGES/kitemviews5_qt.qm
usr/share/locale/hsb/
usr/share/locale/hsb/LC_MESSAGES/
usr/share/locale/hsb/LC_MESSAGES/kitemviews5_qt.qm
usr/share/locale/hu/
usr/share/locale/hu/LC_MESSAGES/
usr/share/locale/hu/LC_MESSAGES/kitemviews5_qt.qm
usr/share/locale/hy/
usr/share/locale/hy/LC_MESSAGES/
usr/share/locale/hy/LC_MESSAGES/kitemviews5_qt.qm
usr/share/locale/ia/
usr/share/locale/ia/LC_MESSAGES/
usr/share/locale/ia/LC_MESSAGES/kitemviews5_qt.qm
usr/share/locale/id/
usr/share/locale/id/LC_MESSAGES/
usr/share/locale/id/LC_MESSAGES/kitemviews5_qt.qm
usr/share/locale/is/
usr/share/locale/is/LC_MESSAGES/
usr/share/locale/is/LC_MESSAGES/kitemviews5_qt.qm
usr/share/locale/it/
usr/share/locale/it/LC_MESSAGES/
usr/share/locale/it/LC_MESSAGES/kitemviews5_qt.qm
usr/share/locale/ja/
usr/share/locale/ja/LC_MESSAGES/
usr/share/locale/ja/LC_MESSAGES/kitemviews5_qt.qm
usr/share/locale/ka/
usr/share/locale/ka/LC_MESSAGES/
usr/share/locale/ka/LC_MESSAGES/kitemviews5_qt.qm
usr/share/locale/kk/
usr/share/locale/kk/LC_MESSAGES/
usr/share/locale/kk/LC_MESSAGES/kitemviews5_qt.qm
usr/share/locale/km/
usr/share/locale/km/LC_MESSAGES/
usr/share/locale/km/LC_MESSAGES/kitemviews5_qt.qm
usr/share/locale/kn/
usr/share/locale/kn/LC_MESSAGES/
usr/share/locale/kn/LC_MESSAGES/kitemviews5_qt.qm
usr/share/locale/ko/
usr/share/locale/ko/LC_MESSAGES/
usr/share/locale/ko/LC_MESSAGES/kitemviews5_qt.qm
usr/share/locale/ku/
usr/share/locale/ku/LC_MESSAGES/
usr/share/locale/ku/LC_MESSAGES/kitemviews5_qt.qm
usr/share/locale/lb/
usr/share/locale/lb/LC_MESSAGES/
usr/share/locale/lb/LC_MESSAGES/kitemviews5_qt.qm
usr/share/locale/lt/
usr/share/locale/lt/LC_MESSAGES/
usr/share/locale/lt/LC_MESSAGES/kitemviews5_qt.qm
usr/share/locale/lv/
usr/share/locale/lv/LC_MESSAGES/
usr/share/locale/lv/LC_MESSAGES/kitemviews5_qt.qm
usr/share/locale/mai/
usr/share/locale/mai/LC_MESSAGES/
usr/share/locale/mai/LC_MESSAGES/kitemviews5_qt.qm
usr/share/locale/mk/
usr/share/locale/mk/LC_MESSAGES/
usr/share/locale/mk/LC_MESSAGES/kitemviews5_qt.qm
usr/share/locale/ml/
usr/share/locale/ml/LC_MESSAGES/
usr/share/locale/ml/LC_MESSAGES/kitemviews5_qt.qm
usr/share/locale/mr/
usr/share/locale/mr/LC_MESSAGES/
usr/share/locale/mr/LC_MESSAGES/kitemviews5_qt.qm
usr/share/locale/ms/
usr/share/locale/ms/LC_MESSAGES/
usr/share/locale/ms/LC_MESSAGES/kitemviews5_qt.qm
usr/share/locale/nb/
usr/share/locale/nb/LC_MESSAGES/
usr/share/locale/nb/LC_MESSAGES/kitemviews5_qt.qm
usr/share/locale/nds/
usr/share/locale/nds/LC_MESSAGES/
usr/share/locale/nds/LC_MESSAGES/kitemviews5_qt.qm
usr/share/locale/ne/
usr/share/locale/ne/LC_MESSAGES/
usr/share/locale/ne/LC_MESSAGES/kitemviews5_qt.qm
usr/share/locale/nl/
usr/share/locale/nl/LC_MESSAGES/
usr/share/locale/nl/LC_MESSAGES/kitemviews5_qt.qm
usr/share/locale/nn/
usr/share/locale/nn/LC_MESSAGES/
usr/share/locale/nn/LC_MESSAGES/kitemviews5_qt.qm
usr/share/locale/oc/
usr/share/locale/oc/LC_MESSAGES/
usr/share/locale/oc/LC_MESSAGES/kitemviews5_qt.qm
usr/share/locale/or/
usr/share/locale/or/LC_MESSAGES/
usr/share/locale/or/LC_MESSAGES/kitemviews5_qt.qm
usr/share/locale/pa/
usr/share/locale/pa/LC_MESSAGES/
usr/share/locale/pa/LC_MESSAGES/kitemviews5_qt.qm
usr/share/locale/pl/
usr/share/locale/pl/LC_MESSAGES/
usr/share/locale/pl/LC_MESSAGES/kitemviews5_qt.qm
usr/share/locale/ps/
usr/share/locale/ps/LC_MESSAGES/
usr/share/locale/ps/LC_MESSAGES/kitemviews5_qt.qm
usr/share/locale/pt/
usr/share/locale/pt/LC_MESSAGES/
usr/share/locale/pt/LC_MESSAGES/kitemviews5_qt.qm
usr/share/locale/pt_BR/
usr/share/locale/pt_BR/LC_MESSAGES/
usr/share/locale/pt_BR/LC_MESSAGES/kitemviews5_qt.qm
usr/share/locale/ro/
usr/share/locale/ro/LC_MESSAGES/
usr/share/locale/ro/LC_MESSAGES/kitemviews5_qt.qm
usr/share/locale/ru/
usr/share/locale/ru/LC_MESSAGES/
usr/share/locale/ru/LC_MESSAGES/kitemviews5_qt.qm
usr/share/locale/se/
usr/share/locale/se/LC_MESSAGES/
usr/share/locale/se/LC_MESSAGES/kitemviews5_qt.qm
usr/share/locale/si/
usr/share/locale/si/LC_MESSAGES/
usr/share/locale/si/LC_MESSAGES/kitemviews5_qt.qm
usr/share/locale/sk/
usr/share/locale/sk/LC_MESSAGES/
usr/share/locale/sk/LC_MESSAGES/kitemviews5_qt.qm
usr/share/locale/sl/
usr/share/locale/sl/LC_MESSAGES/
usr/share/locale/sl/LC_MESSAGES/kitemviews5_qt.qm
usr/share/locale/sq/
usr/share/locale/sq/LC_MESSAGES/
usr/share/locale/sq/LC_MESSAGES/kitemviews5_qt.qm
usr/share/locale/sr/
usr/share/locale/sr/LC_MESSAGES/
usr/share/locale/sr/LC_MESSAGES/kitemviews5_qt.qm
usr/share/locale/sr@ijekavian/
usr/share/locale/sr@ijekavian/LC_MESSAGES/
usr/share/locale/sr@ijekavian/LC_MESSAGES/kitemviews5_qt.qm
usr/share/locale/sr@ijekavianlatin/
usr/share/locale/sr@ijekavianlatin/LC_MESSAGES/
usr/share/locale/sr@ijekavianlatin/LC_MESSAGES/kitemviews5_qt.qm
usr/share/locale/sr@latin/
usr/share/locale/sr@latin/LC_MESSAGES/
usr/share/locale/sr@latin/LC_MESSAGES/kitemviews5_qt.qm
usr/share/locale/sv/
usr/share/locale/sv/LC_MESSAGES/
usr/share/locale/sv/LC_MESSAGES/kitemviews5_qt.qm
usr/share/locale/ta/
usr/share/locale/ta/LC_MESSAGES/
usr/share/locale/ta/LC_MESSAGES/kitemviews5_qt.qm
usr/share/locale/te/
usr/share/locale/te/LC_MESSAGES/
usr/share/locale/te/LC_MESSAGES/kitemviews5_qt.qm
usr/share/locale/tg/
usr/share/locale/tg/LC_MESSAGES/
usr/share/locale/tg/LC_MESSAGES/kitemviews5_qt.qm
usr/share/locale/th/
usr/share/locale/th/LC_MESSAGES/
usr/share/locale/th/LC_MESSAGES/kitemviews5_qt.qm
usr/share/locale/tr/
usr/share/locale/tr/LC_MESSAGES/
usr/share/locale/tr/LC_MESSAGES/kitemviews5_qt.qm
usr/share/locale/tt/
usr/share/locale/tt/LC_MESSAGES/
usr/share/locale/tt/LC_MESSAGES/kitemviews5_qt.qm
usr/share/locale/ug/
usr/share/locale/ug/LC_MESSAGES/
usr/share/locale/ug/LC_MESSAGES/kitemviews5_qt.qm
usr/share/locale/uk/
usr/share/locale/uk/LC_MESSAGES/
usr/share/locale/uk/LC_MESSAGES/kitemviews5_qt.qm
usr/share/locale/uz/
usr/share/locale/uz/LC_MESSAGES/
usr/share/locale/uz/LC_MESSAGES/kitemviews5_qt.qm
usr/share/locale/uz@cyrillic/
usr/share/locale/uz@cyrillic/LC_MESSAGES/
usr/share/locale/uz@cyrillic/LC_MESSAGES/kitemviews5_qt.qm
usr/share/locale/vi/
usr/share/locale/vi/LC_MESSAGES/
usr/share/locale/vi/LC_MESSAGES/kitemviews5_qt.qm
usr/share/locale/wa/
usr/share/locale/wa/LC_MESSAGES/
usr/share/locale/wa/LC_MESSAGES/kitemviews5_qt.qm
usr/share/locale/xh/
usr/share/locale/xh/LC_MESSAGES/
usr/share/locale/xh/LC_MESSAGES/kitemviews5_qt.qm
usr/share/locale/zh_CN/
usr/share/locale/zh_CN/LC_MESSAGES/
usr/share/locale/zh_CN/LC_MESSAGES/kitemviews5_qt.qm
usr/share/locale/zh_HK/
usr/share/locale/zh_HK/LC_MESSAGES/
usr/share/locale/zh_HK/LC_MESSAGES/kitemviews5_qt.qm
usr/share/locale/zh_TW/
usr/share/locale/zh_TW/LC_MESSAGES/
usr/share/locale/zh_TW/LC_MESSAGES/kitemviews5_qt.qm
usr/share/qlogging-categories5/
usr/share/qlogging-categories5/kitemviews.categories

Slackware package /tmp/kitemviews5/kitemviews5-5.116.0-x86_64-1_rtz.tlz created.

Create shared object file for kitemviews5-5.116.0-x86_64-1_rtz.tlz
Creating /tmp/kitemviews5/kitemviews5-5.116.0-x86_64-1_rtz.tlz.so.file using /tmp/kitemviews5/kitemviews5-5.116.0-x86_64-1_rtz.tlz
Successfully created /tmp/kitemviews5/kitemviews5-5.116.0-x86_64-1_rtz.tlz.so.file
Packaging of executable and meta-data in kitemviews5.tar.lz4 format.
/tmp/kitemviews5 /tmp/kitemviews5
/tmp/kitemviews5
BIN_NAME
README
kitemviews5-5.116.0-x86_64-1_rtz.tlz
kitemviews5-5.116.0-x86_64-1_rtz.tlz.md5
kitemviews5-5.116.0-x86_64-1_rtz.tlz.so.file
kitemviews5-5.116.0-x86_64-1_rtz.tlz.txt
kitemviews5.dep
makepkg-kitemviews5.log
kitemviews5 build finished. Procced to installation...

+================================================================================================================+
| Upgrading kitemviews5-5.116.0-x86_64-1_rtz package using /tmp/kitemviews5/kitemviews5-5.116.0-x86_64-1_rtz.tlz |
+================================================================================================================+

Pre-installing package kitemviews5-5.116.0-x86_64-1_rtz...
Removing package: kitemviews5-5.116.0-x86_64-1_rtz-upgraded-2025-05-14,23:17:29
Installing package kitemviews5-5.116.0-x86_64-1_rtz.tlz:
PACKAGE DESCRIPTION:
# kitemviews5 (Widget addons for Qt Model/View)
#
# Widget addons for Qt Model/View
#
# https://community.kde.org/Frameworks
Executing install script for kitemviews5-5.116.0-x86_64-1_rtz.tlz.
Font directories:
	/usr/share/fonts
/usr/share/fonts: caching, new cache contents: 0 fonts, 11 dirs
/usr/share/fonts/100dpi: caching, new cache contents: 238 fonts, 0 dirs
/usr/share/fonts/75dpi: caching, new cache contents: 238 fonts, 0 dirs
/usr/share/fonts/OTF: caching, new cache contents: 124 fonts, 0 dirs
/usr/share/fonts/Speedo: caching, new cache contents: 0 fonts, 0 dirs
/usr/share/fonts/TTF: caching, new cache contents: 1132 fonts, 0 dirs
/usr/share/fonts/Type1: caching, new cache contents: 64 fonts, 0 dirs
/usr/share/fonts/cyrillic: caching, new cache contents: 0 fonts, 0 dirs
/usr/share/fonts/encodings: caching, new cache contents: 0 fonts, 1 dirs
/usr/share/fonts/encodings/large: caching, new cache contents: 0 fonts, 0 dirs
/usr/share/fonts/kanjistrokeorders: caching, new cache contents: 1 fonts, 0 dirs
/usr/share/fonts/misc: caching, new cache contents: 143 fonts, 0 dirs
/usr/share/fonts/util: caching, new cache contents: 0 fonts, 0 dirs
/var/cache/fontconfig: cleaning cache directory
/root/.cache/fontconfig: not cleaning non-existent cache directory
/root/.fontconfig: not cleaning non-existent cache directory
/usr/bin/fc-cache: succeeded
Package kitemviews5-5.116.0-x86_64-1_rtz.tlz installed.
Package kitemviews5-5.116.0-x86_64-1_rtz upgraded with new package /tmp/kitemviews5/kitemviews5-5.116.0-x86_64-1_rtz.tlz.
Cleaning environmet: Removing source code, and work-space...
rm: cannot remove 'kitemviews-5.116.0.tar.xz': No such file or directory
