Starting build process...
Detected architecture: x86_64
Required dependencies: doxygen	extra-cmake-modules	 akonadi	kcodecs	kconfigwidgets	kdbusaddons	ki18n	kio	kitemmodels	kmime	kxmlgui	libxslt	
doxygen is already installed!
extra-cmake-modules is already installed!
akonadi is already installed!
kcodecs is already installed!
kconfigwidgets is already installed!
kdbusaddons is already installed!
ki18n is already installed!
kio is already installed!
kitemmodels is already installed!
kmime is already installed!
kxmlgui is already installed!
libxslt is already installed!
No optional dependencies found.
Downloading source code tar.xz file
--2025-05-11 01:35:28--  https://download.kde.org/stable/release-service/25.04.1/src/akonadi-mime-25.04.1.tar.xz
Resolving download.kde.org (download.kde.org)... 49.12.122.15, 2a01:4f8:242:53eb::4
Connecting to download.kde.org (download.kde.org)|49.12.122.15|:443... connected.
HTTP request sent, awaiting response... 302 Found
Location: https://ftp.cc.uoc.gr/mirrors/kde/stable/release-service/25.04.1/src/akonadi-mime-25.04.1.tar.xz [following]
--2025-05-11 01:35:29--  https://ftp.cc.uoc.gr/mirrors/kde/stable/release-service/25.04.1/src/akonadi-mime-25.04.1.tar.xz
Resolving ftp.cc.uoc.gr (ftp.cc.uoc.gr)... 147.52.159.50, 2001:648:2c00:6c08::2
Connecting to ftp.cc.uoc.gr (ftp.cc.uoc.gr)|147.52.159.50|:443... connected.
HTTP request sent, awaiting response... 200 OK
Length: 179752 (176K) [application/octet-stream]
Saving to: ‘akonadi-mime-25.04.1.tar.xz’

     0K .......... .......... .......... .......... .......... 28% 1.24M 0s
    50K .......... .......... .......... .......... .......... 56% 1.55M 0s
   100K .......... .......... .......... .......... .......... 85% 5.00M 0s
   150K .......... .......... .....                           100% 11.1M=0.08s

2025-05-11 01:35:29 (2.07 MB/s) - ‘akonadi-mime-25.04.1.tar.xz’ saved [179752/179752]

Found file: akonadi-mime-25.04.1.tar.xz
No checksum provided. Skipping checksum verification and proceeding...
Creating working directories and exporting source code in...
akonadi-mime-25.04.1/
akonadi-mime-25.04.1/metainfo.yaml.license
akonadi-mime-25.04.1/README.md
akonadi-mime-25.04.1/.codespellrc.license
akonadi-mime-25.04.1/CMakePresets.json.license
akonadi-mime-25.04.1/readme-build-ftime.txt
akonadi-mime-25.04.1/CMakePresets.json
akonadi-mime-25.04.1/REUSE.toml
akonadi-mime-25.04.1/LICENSES/
akonadi-mime-25.04.1/LICENSES/GPL-2.0-only.txt
akonadi-mime-25.04.1/LICENSES/LGPL-2.0-only.txt
akonadi-mime-25.04.1/LICENSES/BSD-3-Clause.txt
akonadi-mime-25.04.1/LICENSES/LGPL-3.0-only.txt
akonadi-mime-25.04.1/LICENSES/CC0-1.0.txt
akonadi-mime-25.04.1/LICENSES/LGPL-2.1-or-later.txt
akonadi-mime-25.04.1/LICENSES/LGPL-2.0-or-later.txt
akonadi-mime-25.04.1/LICENSES/LicenseRef-KDE-Accepted-LGPL.txt
akonadi-mime-25.04.1/serializers/
akonadi-mime-25.04.1/serializers/Messages.sh
akonadi-mime-25.04.1/serializers/akonadi_serializer_mail.desktop
akonadi-mime-25.04.1/serializers/akonadi_serializer_mail.h
akonadi-mime-25.04.1/serializers/akonadi_serializer_mail.cpp
akonadi-mime-25.04.1/serializers/CMakeLists.txt
akonadi-mime-25.04.1/serializers/akonadi_serializer_mail.desktop.license
akonadi-mime-25.04.1/.gitlab-ci.yml
akonadi-mime-25.04.1/sanitizers.supp
akonadi-mime-25.04.1/tests/
akonadi-mime-25.04.1/tests/queuer.h
akonadi-mime-25.04.1/tests/foldersrequester.cpp
akonadi-mime-25.04.1/tests/abort.h
akonadi-mime-25.04.1/tests/clearerror.h
akonadi-mime-25.04.1/tests/foldersrequester.h
akonadi-mime-25.04.1/tests/clearerror.cpp
akonadi-mime-25.04.1/tests/abort.cpp
akonadi-mime-25.04.1/tests/headfetcher.h
akonadi-mime-25.04.1/tests/queuer.cpp
akonadi-mime-25.04.1/tests/sendqueued.h
akonadi-mime-25.04.1/tests/sendqueued.cpp
akonadi-mime-25.04.1/tests/CMakeLists.txt
akonadi-mime-25.04.1/tests/headfetcher.cpp
akonadi-mime-25.04.1/.git-blame-ignore-revs
akonadi-mime-25.04.1/.kde-ci.yml
akonadi-mime-25.04.1/KPimAkonadiMimeConfig.cmake.in
akonadi-mime-25.04.1/.codespellrc
akonadi-mime-25.04.1/akonadi-mimeprivate_export.h.in
akonadi-mime-25.04.1/po/
akonadi-mime-25.04.1/po/bg/
akonadi-mime-25.04.1/po/bg/libakonadi-kmime6.po
akonadi-mime-25.04.1/po/pt/
akonadi-mime-25.04.1/po/pt/libakonadi-kmime6.po
akonadi-mime-25.04.1/po/km/
akonadi-mime-25.04.1/po/km/libakonadi-kmime6.po
akonadi-mime-25.04.1/po/nn/
akonadi-mime-25.04.1/po/nn/libakonadi-kmime6.po
akonadi-mime-25.04.1/po/pl/
akonadi-mime-25.04.1/po/pl/libakonadi-kmime6.po
akonadi-mime-25.04.1/po/ja/
akonadi-mime-25.04.1/po/ja/libakonadi-kmime6.po
akonadi-mime-25.04.1/po/bs/
akonadi-mime-25.04.1/po/bs/libakonadi-kmime6.po
akonadi-mime-25.04.1/po/zh_CN/
akonadi-mime-25.04.1/po/zh_CN/libakonadi-kmime6.po
akonadi-mime-25.04.1/po/cs/
akonadi-mime-25.04.1/po/cs/libakonadi-kmime6.po
akonadi-mime-25.04.1/po/es/
akonadi-mime-25.04.1/po/es/libakonadi-kmime6.po
akonadi-mime-25.04.1/po/ka/
akonadi-mime-25.04.1/po/ka/libakonadi-kmime6.po
akonadi-mime-25.04.1/po/tr/
akonadi-mime-25.04.1/po/tr/libakonadi-kmime6.po
akonadi-mime-25.04.1/po/ug/
akonadi-mime-25.04.1/po/ug/libakonadi-kmime6.po
akonadi-mime-25.04.1/po/ca/
akonadi-mime-25.04.1/po/ca/libakonadi-kmime6.po
akonadi-mime-25.04.1/po/ca@valencia/
akonadi-mime-25.04.1/po/ca@valencia/libakonadi-kmime6.po
akonadi-mime-25.04.1/po/gl/
akonadi-mime-25.04.1/po/gl/libakonadi-kmime6.po
akonadi-mime-25.04.1/po/ro/
akonadi-mime-25.04.1/po/ro/libakonadi-kmime6.po
akonadi-mime-25.04.1/po/eo/
akonadi-mime-25.04.1/po/eo/libakonadi-kmime6.po
akonadi-mime-25.04.1/po/sr@ijekavian/
akonadi-mime-25.04.1/po/sr@ijekavian/libakonadi-kmime6.po
akonadi-mime-25.04.1/po/nl/
akonadi-mime-25.04.1/po/nl/libakonadi-kmime6.po
akonadi-mime-25.04.1/po/mr/
akonadi-mime-25.04.1/po/mr/libakonadi-kmime6.po
akonadi-mime-25.04.1/po/hu/
akonadi-mime-25.04.1/po/hu/libakonadi-kmime6.po
akonadi-mime-25.04.1/po/eu/
akonadi-mime-25.04.1/po/eu/libakonadi-kmime6.po
akonadi-mime-25.04.1/po/lv/
akonadi-mime-25.04.1/po/lv/libakonadi-kmime6.po
akonadi-mime-25.04.1/po/nb/
akonadi-mime-25.04.1/po/nb/libakonadi-kmime6.po
akonadi-mime-25.04.1/po/fr/
akonadi-mime-25.04.1/po/fr/libakonadi-kmime6.po
akonadi-mime-25.04.1/po/hi/
akonadi-mime-25.04.1/po/hi/libakonadi-kmime6.po
akonadi-mime-25.04.1/po/sl/
akonadi-mime-25.04.1/po/sl/libakonadi-kmime6.po
akonadi-mime-25.04.1/po/sr@latin/
akonadi-mime-25.04.1/po/sr@latin/libakonadi-kmime6.po
akonadi-mime-25.04.1/po/ta/
akonadi-mime-25.04.1/po/ta/libakonadi-kmime6.po
akonadi-mime-25.04.1/po/sr/
akonadi-mime-25.04.1/po/sr/libakonadi-kmime6.po
akonadi-mime-25.04.1/po/he/
akonadi-mime-25.04.1/po/he/libakonadi-kmime6.po
akonadi-mime-25.04.1/po/de/
akonadi-mime-25.04.1/po/de/libakonadi-kmime6.po
akonadi-mime-25.04.1/po/ar/
akonadi-mime-25.04.1/po/ar/libakonadi-kmime6.po
akonadi-mime-25.04.1/po/sk/
akonadi-mime-25.04.1/po/sk/libakonadi-kmime6.po
akonadi-mime-25.04.1/po/zh_TW/
akonadi-mime-25.04.1/po/zh_TW/libakonadi-kmime6.po
akonadi-mime-25.04.1/po/et/
akonadi-mime-25.04.1/po/et/libakonadi-kmime6.po
akonadi-mime-25.04.1/po/ie/
akonadi-mime-25.04.1/po/ie/libakonadi-kmime6.po
akonadi-mime-25.04.1/po/it/
akonadi-mime-25.04.1/po/it/libakonadi-kmime6.po
akonadi-mime-25.04.1/po/mai/
akonadi-mime-25.04.1/po/mai/libakonadi-kmime6.po
akonadi-mime-25.04.1/po/el/
akonadi-mime-25.04.1/po/el/libakonadi-kmime6.po
akonadi-mime-25.04.1/po/da/
akonadi-mime-25.04.1/po/da/libakonadi-kmime6.po
akonadi-mime-25.04.1/po/pt_BR/
akonadi-mime-25.04.1/po/pt_BR/libakonadi-kmime6.po
akonadi-mime-25.04.1/po/ru/
akonadi-mime-25.04.1/po/ru/libakonadi-kmime6.po
akonadi-mime-25.04.1/po/id/
akonadi-mime-25.04.1/po/id/libakonadi-kmime6.po
akonadi-mime-25.04.1/po/ia/
akonadi-mime-25.04.1/po/ia/libakonadi-kmime6.po
akonadi-mime-25.04.1/po/sv/
akonadi-mime-25.04.1/po/sv/libakonadi-kmime6.po
akonadi-mime-25.04.1/po/fi/
akonadi-mime-25.04.1/po/fi/libakonadi-kmime6.po
akonadi-mime-25.04.1/po/kk/
akonadi-mime-25.04.1/po/kk/libakonadi-kmime6.po
akonadi-mime-25.04.1/po/ast/
akonadi-mime-25.04.1/po/ast/libakonadi-kmime6.po
akonadi-mime-25.04.1/po/lt/
akonadi-mime-25.04.1/po/lt/libakonadi-kmime6.po
akonadi-mime-25.04.1/po/sa/
akonadi-mime-25.04.1/po/sa/libakonadi-kmime6.po
akonadi-mime-25.04.1/po/ko/
akonadi-mime-25.04.1/po/ko/libakonadi-kmime6.po
akonadi-mime-25.04.1/po/ga/
akonadi-mime-25.04.1/po/ga/libakonadi-kmime6.po
akonadi-mime-25.04.1/po/en_GB/
akonadi-mime-25.04.1/po/en_GB/libakonadi-kmime6.po
akonadi-mime-25.04.1/po/uk/
akonadi-mime-25.04.1/po/uk/libakonadi-kmime6.po
akonadi-mime-25.04.1/po/sr@ijekavianlatin/
akonadi-mime-25.04.1/po/sr@ijekavianlatin/libakonadi-kmime6.po
akonadi-mime-25.04.1/po/nds/
akonadi-mime-25.04.1/po/nds/libakonadi-kmime6.po
akonadi-mime-25.04.1/po/az/
akonadi-mime-25.04.1/po/az/libakonadi-kmime6.po
akonadi-mime-25.04.1/autotests/
akonadi-mime-25.04.1/autotests/racetest.cpp
akonadi-mime-25.04.1/autotests/newmailnotifierattributetest.h
akonadi-mime-25.04.1/autotests/pop3resourceattributetest.cpp
akonadi-mime-25.04.1/autotests/benchmarker/
akonadi-mime-25.04.1/autotests/benchmarker/maildir/
akonadi-mime-25.04.1/autotests/benchmarker/maildir/maildirfetchunreadheaders.cpp
akonadi-mime-25.04.1/autotests/benchmarker/maildir/maildirimport.h
akonadi-mime-25.04.1/autotests/benchmarker/maildir/maildir20percentread.cpp
akonadi-mime-25.04.1/autotests/benchmarker/maildir/maildirimport.cpp
akonadi-mime-25.04.1/autotests/benchmarker/maildir/maildirremovereadmessages.h
akonadi-mime-25.04.1/autotests/benchmarker/maildir/maildir.cpp
akonadi-mime-25.04.1/autotests/benchmarker/maildir/maildirfetchallheaders.h
akonadi-mime-25.04.1/autotests/benchmarker/maildir/maildir20percentread.h
akonadi-mime-25.04.1/autotests/benchmarker/maildir/maildir.h
akonadi-mime-25.04.1/autotests/benchmarker/maildir/maildirremovereadmessages.cpp
akonadi-mime-25.04.1/autotests/benchmarker/maildir/maildirfetchunreadheaders.h
akonadi-mime-25.04.1/autotests/benchmarker/maildir/maildirfetchallheaders.cpp
akonadi-mime-25.04.1/autotests/benchmarker/maketest.cpp
akonadi-mime-25.04.1/autotests/benchmarker/test.h
akonadi-mime-25.04.1/autotests/benchmarker/testvcard.cpp
akonadi-mime-25.04.1/autotests/benchmarker/main.cpp
akonadi-mime-25.04.1/autotests/benchmarker/testmaildir.h
akonadi-mime-25.04.1/autotests/benchmarker/testmaildir.cpp
akonadi-mime-25.04.1/autotests/benchmarker/maketest.h
akonadi-mime-25.04.1/autotests/benchmarker/test.cpp
akonadi-mime-25.04.1/autotests/benchmarker/CMakeLists.txt
akonadi-mime-25.04.1/autotests/benchmarker/vcard/
akonadi-mime-25.04.1/autotests/benchmarker/vcard/vcardimport.h
akonadi-mime-25.04.1/autotests/benchmarker/vcard/vcardimport.cpp
akonadi-mime-25.04.1/autotests/benchmarker/vcard/vcard.h
akonadi-mime-25.04.1/autotests/benchmarker/vcard/vcard.cpp
akonadi-mime-25.04.1/autotests/benchmarker/testvcard.h
akonadi-mime-25.04.1/autotests/addressattributetest.cpp
akonadi-mime-25.04.1/autotests/mailserializertest.h
akonadi-mime-25.04.1/autotests/localfoldersrequestjobtest.cpp
akonadi-mime-25.04.1/autotests/localfolderstest.h
akonadi-mime-25.04.1/autotests/newmailnotifierattributetest.cpp
akonadi-mime-25.04.1/autotests/mdnstateattributetest.h
akonadi-mime-25.04.1/autotests/localfolderstest.cpp
akonadi-mime-25.04.1/autotests/collectionjobtest.h
akonadi-mime-25.04.1/autotests/addressattributetest.h
akonadi-mime-25.04.1/autotests/pop3resourceattributetest.h
akonadi-mime-25.04.1/autotests/mdnstateattributetest.cpp
akonadi-mime-25.04.1/autotests/mailserializertest.cpp
akonadi-mime-25.04.1/autotests/localfoldersrequestjobtest.h
akonadi-mime-25.04.1/autotests/racetest.h
akonadi-mime-25.04.1/autotests/unittestenv/
akonadi-mime-25.04.1/autotests/unittestenv/kdehome/
akonadi-mime-25.04.1/autotests/unittestenv/kdehome/testdata.xml
akonadi-mime-25.04.1/autotests/unittestenv/kdehome/share/
akonadi-mime-25.04.1/autotests/unittestenv/kdehome/share/config/
akonadi-mime-25.04.1/autotests/unittestenv/kdehome/share/config/akonadi-firstrunrc
akonadi-mime-25.04.1/autotests/unittestenv/kdehome/share/config/qttestrc
akonadi-mime-25.04.1/autotests/unittestenv/kdehome/share/config/mailtransports
akonadi-mime-25.04.1/autotests/unittestenv/kdehome/share/config/akonadi_knut_resource_0rc
akonadi-mime-25.04.1/autotests/unittestenv/kdehome/share/config/kwalletrc
akonadi-mime-25.04.1/autotests/unittestenv/xdgconfig/
akonadi-mime-25.04.1/autotests/unittestenv/xdgconfig/akonadi/
akonadi-mime-25.04.1/autotests/unittestenv/xdgconfig/akonadi/akonadiserverrc
akonadi-mime-25.04.1/autotests/unittestenv/config.xml
akonadi-mime-25.04.1/autotests/messagetests/
akonadi-mime-25.04.1/autotests/messagetests/messagetest.h
akonadi-mime-25.04.1/autotests/messagetests/messagetest.cpp
akonadi-mime-25.04.1/autotests/messagetests/CMakeLists.txt
akonadi-mime-25.04.1/autotests/messagetests/mails/
akonadi-mime-25.04.1/autotests/messagetests/mails/signed.mbox
akonadi-mime-25.04.1/autotests/messagetests/mails/x-pkcs7.mbox
akonadi-mime-25.04.1/autotests/CMakeLists.txt
akonadi-mime-25.04.1/autotests/mailserializerplugintest.h
akonadi-mime-25.04.1/autotests/mailserializerplugintest.cpp
akonadi-mime-25.04.1/CMakeLists.txt
akonadi-mime-25.04.1/README.md.license
akonadi-mime-25.04.1/src/
akonadi-mime-25.04.1/src/specialmailcollectionssettings.kcfgc
akonadi-mime-25.04.1/src/mdnstateattribute.cpp
akonadi-mime-25.04.1/src/standardmailactionmanager.cpp
akonadi-mime-25.04.1/src/emptytrashcommand.cpp
akonadi-mime-25.04.1/src/util_p.h
akonadi-mime-25.04.1/src/messagestatus.h
akonadi-mime-25.04.1/src/attributeregistrar.cpp
akonadi-mime-25.04.1/src/messagefolderattribute.cpp
akonadi-mime-25.04.1/src/mdnstateattribute.h
akonadi-mime-25.04.1/src/sentbehaviourattribute.cpp
akonadi-mime-25.04.1/src/messageparts.cpp
akonadi-mime-25.04.1/src/newmailnotifierattribute.cpp
akonadi-mime-25.04.1/src/util.cpp
akonadi-mime-25.04.1/src/specialmailcollectionstesting_p.h
akonadi-mime-25.04.1/src/removeduplicatesjob.h
akonadi-mime-25.04.1/src/markascommand.cpp
akonadi-mime-25.04.1/src/outboxactions_p.h
akonadi-mime-25.04.1/src/dispatcherinterface.cpp
akonadi-mime-25.04.1/src/sentactionattribute.h
akonadi-mime-25.04.1/src/messagemodel.h
akonadi-mime-25.04.1/src/sentactionattribute.cpp
akonadi-mime-25.04.1/src/commandbase.h
akonadi-mime-25.04.1/src/messagequeuejob.cpp
akonadi-mime-25.04.1/src/sentbehaviourattribute.h
akonadi-mime-25.04.1/src/Messages.sh
akonadi-mime-25.04.1/src/messageflags.h
akonadi-mime-25.04.1/src/movecommand.cpp
akonadi-mime-25.04.1/src/markascommandhelper.cpp
akonadi-mime-25.04.1/src/newmailnotifierattribute.h
akonadi-mime-25.04.1/src/messagefolderattribute.h
akonadi-mime-25.04.1/src/movetotrashcommand.cpp
akonadi-mime-25.04.1/src/movecommand.h
akonadi-mime-25.04.1/src/specialmailcollectionsdiscoveryjob.h
akonadi-mime-25.04.1/src/filteractionjob.cpp
akonadi-mime-25.04.1/src/commandbase.cpp
akonadi-mime-25.04.1/src/transportattribute.cpp
akonadi-mime-25.04.1/src/removeduplicatesjob.cpp
akonadi-mime-25.04.1/src/dispatchmodeattribute.h
akonadi-mime-25.04.1/src/markascommand.h
akonadi-mime-25.04.1/src/dispatcherinterface.h
akonadi-mime-25.04.1/src/markascommandhelper_p.h
akonadi-mime-25.04.1/src/errorattribute.cpp
akonadi-mime-25.04.1/src/standardmailactionmanager.h
akonadi-mime-25.04.1/src/outboxactions.cpp
akonadi-mime-25.04.1/src/specialmailcollectionsrequestjob.h
akonadi-mime-25.04.1/src/dispatcherinterface_p.h
akonadi-mime-25.04.1/src/messageparts.h
akonadi-mime-25.04.1/src/dispatchmodeattribute.cpp
akonadi-mime-25.04.1/src/imapresource.kcfg
akonadi-mime-25.04.1/src/specialmailcollectionstesting.cpp
akonadi-mime-25.04.1/src/errorattribute.h
akonadi-mime-25.04.1/src/addressattribute.cpp
akonadi-mime-25.04.1/src/messagestatus.cpp
akonadi-mime-25.04.1/src/filteractionjob_p.h
akonadi-mime-25.04.1/src/addressattribute.h
akonadi-mime-25.04.1/src/specialmailcollectionsrequestjob.cpp
akonadi-mime-25.04.1/src/emptytrashcommand.h
akonadi-mime-25.04.1/src/pop3resourceattribute.h
akonadi-mime-25.04.1/src/specialmailcollectionsdiscoveryjob.cpp
akonadi-mime-25.04.1/src/transportattribute.h
akonadi-mime-25.04.1/src/pop3resourceattribute.cpp
akonadi-mime-25.04.1/src/specialmailcollections.h
akonadi-mime-25.04.1/src/CMakeLists.txt
akonadi-mime-25.04.1/src/messageflags.cpp
akonadi-mime-25.04.1/src/specialmailcollections.kcfg
akonadi-mime-25.04.1/src/metatype.h
akonadi-mime-25.04.1/src/specialmailcollections.cpp
akonadi-mime-25.04.1/src/x-vnd.kde.contactgroup.xml
akonadi-mime-25.04.1/src/movetotrashcommand.h
akonadi-mime-25.04.1/src/messagemodel.cpp
akonadi-mime-25.04.1/src/messagequeuejob.h
akonadi-mime-25.04.1/.gitignore
akonadi-mime-25.04.1/metainfo.yaml
/home/omen/GITHUB/PLASMA_WORLD/AthOS/REPO-AthOS/akonadi-mime/work
README or README.md already exists, skipping creation.
hm...lets continue and see what happens
-- The C compiler identification is GNU 14.2.0
-- The CXX compiler identification is GNU 14.2.0
-- Detecting C compiler ABI info
-- Detecting C compiler ABI info - done
-- Check for working C compiler: /usr/bin/cc - skipped
-- Detecting C compile features
-- Detecting C compile features - done
-- Detecting CXX compiler ABI info
-- Detecting CXX compiler ABI info - done
-- Check for working CXX compiler: /usr/bin/c++ - skipped
-- Detecting CXX compile features
-- Detecting CXX compile features - done
-- Installing in the same prefix as Qt, adopting their path scheme.
-- Looking for __GLIBC__
-- Looking for __GLIBC__ - found
-- Performing Test _OFFT_IS_64BIT
-- Performing Test _OFFT_IS_64BIT - Success
-- Performing Test HAVE_DATE_TIME
-- Performing Test HAVE_DATE_TIME - Success
-- Found Python3: /usr/bin/python3.12 (found version "3.12.10") found components: Interpreter
-- Could NOT find ReuseTool (missing: REUSETOOL_EXECUTABLE) 
CMake Warning at /usr/share/ECM/modules/ECMCheckOutboundLicense.cmake:86 (message):
  Reuse tool not found, skipping test generation
Call Stack (most recent call first):
  CMakeLists.txt:40 (include)


-- Skipping execution of outbound license tests.
-- Performing Test HAVE_STDATOMIC
-- Performing Test HAVE_STDATOMIC - Success
-- Found WrapAtomic: TRUE
-- Found OpenGL: /usr/lib64/libOpenGL.so
-- Found WrapOpenGL: TRUE
-- Found XKB: /usr/lib64/libxkbcommon.so (found suitable version "1.9.2", minimum required is "0.5.0")
-- Found WrapVulkanHeaders: /usr/include
-- Found X11: /usr/include
-- Looking for XOpenDisplay in /usr/lib64/libX11.so;/usr/lib64/libXext.so
-- Looking for XOpenDisplay in /usr/lib64/libX11.so;/usr/lib64/libXext.so - found
-- Looking for gethostbyname
-- Looking for gethostbyname - found
-- Looking for connect
-- Looking for connect - found
-- Looking for remove
-- Looking for remove - found
-- Looking for shmat
-- Looking for shmat - found
-- Looking for IceConnectionNumber in ICE
-- Looking for IceConnectionNumber in ICE - found
-- Found Gettext: /usr/bin/msgmerge (found version "0.25")
-- Found SharedMimeInfo: /usr/bin/update-mime-database (found suitable version "2.4", minimum required is "1.8")
-- Found LibXslt: /usr/lib64/libxslt.so (found version "1.1.43")
-- Performing Test COMPILER_HAS_HIDDEN_VISIBILITY
-- Performing Test COMPILER_HAS_HIDDEN_VISIBILITY - Success
-- Performing Test COMPILER_HAS_HIDDEN_INLINE_VISIBILITY
-- Performing Test COMPILER_HAS_HIDDEN_INLINE_VISIBILITY - Success
-- Performing Test COMPILER_HAS_DEPRECATED_ATTR
-- Performing Test COMPILER_HAS_DEPRECATED_ATTR - Success
-- Found Doxygen: /usr/bin/doxygen (found suitable version "1.13.2", minimum required is "1.8.13") found components: doxygen dot
-- No such target Qt6Core_QCH defined when calling ecm_add_qch(), ignored.
-- No such target Qt6Gui_QCH defined when calling ecm_add_qch(), ignored.
-- No such target Qt6Widgets_QCH defined when calling ecm_add_qch(), ignored.


Configuration file '/home/omen/GITHUB/PLASMA_WORLD/AthOS/REPO-AthOS/akonadi-mime/work/akonadi-mime-25.04.1/build/src/KPim6AkonadiMime_ECMQchDoxygen.config' updated.

-- The following features have been enabled:

 * QCH, API documentation in QCH format (for e.g. Qt Assistant, Qt Creator & KDevelop)

-- The following OPTIONAL packages have been found:

 * Python3
   Required to run tests of module ECMCheckOutboundLicense
 * Qt6DBusTools (required version >= 6.8.3)
 * Qt6QmlTools (required version >= 6.8.3)
 * Qt6WidgetsTools (required version >= 6.8.3)
 * OpenGL
 * XKB (required version >= 0.5.0), XKB API common to servers and clients., <http://xkbcommon.org>
 * WrapVulkanHeaders
 * Qt6GuiTools (required version >= 6.8.3)

-- The following REQUIRED packages have been found:

 * KF6KIO (required version >= 6.9.0)
 * Gettext
 * KF6I18n (required version >= 6.9.0)
 * KPim6Mime (required version >= 6.4.1)
 * ECM (required version >= 6.9.0)
 * KF6ItemModels (required version >= 6.9.0)
 * KF6XmlGui (required version >= 6.9.0)
 * KPim6Akonadi (required version >= 6.4.1)
 * SharedMimeInfo (required version >= 1.8), A database of common MIME types, <https://freedesktop.org/wiki/Software/shared-mime-info/>
 * LibXslt, xsltproc, <http://xmlsoft.org/XSLT/>
   Needed to generate D-Bus interface specifications
 * Doxygen (required version >= 1.8.13)
   Needed for API dox QCH file generation
 * Qt6ToolsTools, qhelpgenerator from Qt6 tools
   Needed for API dox QCH file generation
 * Qt6Core
 * Qt6 (required version >= 6.7.0)

-- The following features have been disabled:

 * SPDX_LICENSE_TESTING, Automatic license testing based on SPDX definitions (requires reuse tool)

-- The following OPTIONAL packages have not been found:

 * ReuseTool
   Required to run tests of module ECMCheckOutboundLicense

-- Configuring done (2.2s)
-- Generating done (0.1s)
-- Build files have been written to: /home/omen/GITHUB/PLASMA_WORLD/AthOS/REPO-AthOS/akonadi-mime/work/akonadi-mime-25.04.1/build
[1/117] Generating ts...
[2/117] Generating mo...
[3/117] Generating src/KPim6AkonadiMime.qch, src/KPim6AkonadiMime.tags
Building up file structure...
Insert custom filters...
Insert help data for filter section (1 of 1)...
Insert files...
Insert contents...
Insert indices...
Documentation successfully generated.
[4/117] Automatic MOC for target KPim6AkonadiMime
[5/117] Generating org.kde.Akonadi.Imap.Settings.xml
[6/117] Generating specialmailcollectionssettings.h, specialmailcollectionssettings.cpp
[7/117] Generating imapsettings.cpp, imapsettings.h
[8/117] Generating moc_imapsettings.cpp
[9/117] Building CXX object src/CMakeFiles/KPim6AkonadiMime.dir/KPim6AkonadiMime_autogen/mocs_compilation.cpp.o
[10/117] Building CXX object src/CMakeFiles/KPim6AkonadiMime.dir/messageparts.cpp.o
[11/117] Building CXX object src/CMakeFiles/KPim6AkonadiMime.dir/messagefolderattribute.cpp.o
[12/117] Building CXX object src/CMakeFiles/KPim6AkonadiMime.dir/mdnstateattribute.cpp.o
[13/117] Building CXX object src/CMakeFiles/KPim6AkonadiMime.dir/pop3resourceattribute.cpp.o
[14/117] Building CXX object src/CMakeFiles/KPim6AkonadiMime.dir/markascommandhelper.cpp.o
[15/117] Building CXX object src/CMakeFiles/KPim6AkonadiMime.dir/messagestatus.cpp.o
[16/117] Building CXX object src/CMakeFiles/KPim6AkonadiMime.dir/movecommand.cpp.o
[17/117] Building CXX object src/CMakeFiles/KPim6AkonadiMime.dir/commandbase.cpp.o
[18/117] Building CXX object src/CMakeFiles/KPim6AkonadiMime.dir/newmailnotifierattribute.cpp.o
[19/117] Building CXX object src/CMakeFiles/KPim6AkonadiMime.dir/errorattribute.cpp.o
[20/117] Building CXX object src/CMakeFiles/KPim6AkonadiMime.dir/specialmailcollections.cpp.o
[21/117] Building CXX object src/CMakeFiles/KPim6AkonadiMime.dir/messageflags.cpp.o
[22/117] Building CXX object src/CMakeFiles/KPim6AkonadiMime.dir/messagemodel.cpp.o
[23/117] Building CXX object src/CMakeFiles/KPim6AkonadiMime.dir/addressattribute.cpp.o
[24/117] Building CXX object src/CMakeFiles/KPim6AkonadiMime.dir/attributeregistrar.cpp.o
[25/117] Building CXX object src/CMakeFiles/KPim6AkonadiMime.dir/specialmailcollectionsdiscoveryjob.cpp.o
[26/117] Building CXX object src/CMakeFiles/KPim6AkonadiMime.dir/transportattribute.cpp.o
[27/117] Building CXX object src/CMakeFiles/KPim6AkonadiMime.dir/dispatcherinterface.cpp.o
[28/117] Building CXX object src/CMakeFiles/KPim6AkonadiMime.dir/specialmailcollectionsrequestjob.cpp.o
[29/117] Building CXX object src/CMakeFiles/KPim6AkonadiMime.dir/markascommand.cpp.o
[30/117] Building CXX object src/CMakeFiles/KPim6AkonadiMime.dir/util.cpp.o
[31/117] Building CXX object src/CMakeFiles/KPim6AkonadiMime.dir/dispatchmodeattribute.cpp.o
[32/117] Building CXX object src/CMakeFiles/KPim6AkonadiMime.dir/standardmailactionmanager.cpp.o
[33/117] Building CXX object src/CMakeFiles/KPim6AkonadiMime.dir/sentbehaviourattribute.cpp.o
[34/117] Building CXX object src/CMakeFiles/KPim6AkonadiMime.dir/removeduplicatesjob.cpp.o
[35/117] Building CXX object src/CMakeFiles/KPim6AkonadiMime.dir/filteractionjob.cpp.o
[36/117] Building CXX object src/CMakeFiles/KPim6AkonadiMime.dir/specialmailcollectionssettings.cpp.o
[37/117] Building CXX object src/CMakeFiles/KPim6AkonadiMime.dir/akonadi_mime_debug.cpp.o
[38/117] Building CXX object src/CMakeFiles/KPim6AkonadiMime.dir/movetotrashcommand.cpp.o
[39/117] Building CXX object src/CMakeFiles/KPim6AkonadiMime.dir/messagequeuejob.cpp.o
[40/117] Building CXX object src/CMakeFiles/KPim6AkonadiMime.dir/sentactionattribute.cpp.o
[41/117] Building CXX object src/CMakeFiles/KPim6AkonadiMime.dir/outboxactions.cpp.o
[42/117] Building CXX object src/CMakeFiles/KPim6AkonadiMime.dir/emptytrashcommand.cpp.o
[43/117] Building CXX object src/CMakeFiles/KPim6AkonadiMime.dir/imapsettings.cpp.o
[44/117] Linking CXX shared library bin/libKPim6AkonadiMime.so.6.4.1
[45/117] Creating library symlink bin/libKPim6AkonadiMime.so.6 bin/libKPim6AkonadiMime.so
[46/117] Automatic MOC for target clearerror
[47/117] Automatic MOC for target addressattributetest
[48/117] Automatic MOC for target newmailnotifierattributetest
[49/117] Automatic MOC for target abort
[50/117] Automatic MOC for target sendqueued
[51/117] Automatic MOC for target headfetcher
[52/117] Building CXX object autotests/CMakeFiles/addressattributetest.dir/addressattributetest_autogen/mocs_compilation.cpp.o
[53/117] Building CXX object autotests/CMakeFiles/newmailnotifierattributetest.dir/newmailnotifierattributetest_autogen/mocs_compilation.cpp.o
[54/117] Building CXX object tests/CMakeFiles/clearerror.dir/clearerror_autogen/mocs_compilation.cpp.o
[55/117] Automatic MOC for target mdnstateattributetest
[56/117] Building CXX object tests/CMakeFiles/abort.dir/abort_autogen/mocs_compilation.cpp.o
[57/117] Building CXX object tests/CMakeFiles/sendqueued.dir/sendqueued_autogen/mocs_compilation.cpp.o
[58/117] Building CXX object tests/CMakeFiles/headfetcher.dir/headfetcher_autogen/mocs_compilation.cpp.o
[59/117] Automatic MOC for target pop3resourceattributetest
[60/117] Automatic MOC for target akonadi_serializer_mail
[61/117] Building CXX object autotests/CMakeFiles/mdnstateattributetest.dir/mdnstateattributetest_autogen/mocs_compilation.cpp.o
[62/117] Building CXX object autotests/CMakeFiles/pop3resourceattributetest.dir/pop3resourceattributetest_autogen/mocs_compilation.cpp.o
[63/117] Building CXX object serializers/CMakeFiles/akonadi_serializer_mail.dir/akonadi_serializer_mail_autogen/mocs_compilation.cpp.o
[64/117] Automatic MOC for target messagetest
[65/117] Automatic MOC for target requester
[66/117] Building CXX object tests/CMakeFiles/requester.dir/requester_autogen/mocs_compilation.cpp.o
[67/117] Building CXX object autotests/messagetests/CMakeFiles/messagetest.dir/messagetest_autogen/mocs_compilation.cpp.o
[68/117] Automatic MOC for target mailserializerplugintest
[69/117] Automatic MOC for target mailserializertest
[70/117] Building CXX object autotests/CMakeFiles/mailserializerplugintest.dir/mailserializerplugintest_autogen/mocs_compilation.cpp.o
[71/117] Building CXX object autotests/CMakeFiles/mailserializertest.dir/mailserializertest_autogen/mocs_compilation.cpp.o
[72/117] Automatic MOC for target akonadi_benchmarker
[73/117] Building CXX object autotests/benchmarker/CMakeFiles/akonadi_benchmarker.dir/akonadi_benchmarker_autogen/mocs_compilation.cpp.o
[74/117] Building CXX object tests/CMakeFiles/sendqueued.dir/sendqueued.cpp.o
[75/117] Building CXX object tests/CMakeFiles/abort.dir/abort.cpp.o
[76/117] Building CXX object tests/CMakeFiles/clearerror.dir/clearerror.cpp.o
[77/117] Building CXX object autotests/CMakeFiles/mailserializerplugintest.dir/__/serializers/akonadi_serializer_mail_debug.cpp.o
[78/117] Building CXX object autotests/benchmarker/CMakeFiles/akonadi_benchmarker.dir/test.cpp.o
[79/117] Building CXX object autotests/CMakeFiles/mdnstateattributetest.dir/mdnstateattributetest.cpp.o
[80/117] Building CXX object autotests/CMakeFiles/addressattributetest.dir/addressattributetest.cpp.o
[81/117] Building CXX object tests/CMakeFiles/requester.dir/foldersrequester.cpp.o
[82/117] Building CXX object autotests/CMakeFiles/mailserializertest.dir/__/serializers/akonadi_serializer_mail_debug.cpp.o
[83/117] Building CXX object serializers/CMakeFiles/akonadi_serializer_mail.dir/akonadi_serializer_mail_debug.cpp.o
[84/117] Linking CXX executable bin/addressattributetest
[85/117] Building CXX object autotests/benchmarker/CMakeFiles/akonadi_benchmarker.dir/main.cpp.o
[86/117] Linking CXX executable bin/mdnstateattributetest
[87/117] Building CXX object autotests/CMakeFiles/newmailnotifierattributetest.dir/newmailnotifierattributetest.cpp.o
[88/117] Building CXX object autotests/CMakeFiles/pop3resourceattributetest.dir/pop3resourceattributetest.cpp.o
[89/117] Linking CXX executable bin/requester
[90/117] Linking CXX executable bin/sendqueued
[91/117] Building CXX object autotests/benchmarker/CMakeFiles/akonadi_benchmarker.dir/maildir/maildirimport.cpp.o
[92/117] Building CXX object autotests/benchmarker/CMakeFiles/akonadi_benchmarker.dir/maildir/maildir.cpp.o
[93/117] Linking CXX executable bin/newmailnotifierattributetest
[94/117] Linking CXX executable bin/clearerror
[95/117] Linking CXX executable bin/pop3resourceattributetest
[96/117] Linking CXX executable bin/abort
[97/117] Building CXX object autotests/benchmarker/CMakeFiles/akonadi_benchmarker.dir/testmaildir.cpp.o
[98/117] Building CXX object autotests/benchmarker/CMakeFiles/akonadi_benchmarker.dir/testvcard.cpp.o
[99/117] Building CXX object autotests/benchmarker/CMakeFiles/akonadi_benchmarker.dir/vcard/vcard.cpp.o
[100/117] Building CXX object tests/CMakeFiles/headfetcher.dir/headfetcher.cpp.o
[101/117] Building CXX object autotests/CMakeFiles/mailserializertest.dir/__/serializers/akonadi_serializer_mail.cpp.o
[102/117] Building CXX object autotests/messagetests/CMakeFiles/messagetest.dir/messagetest.cpp.o
[103/117] Building CXX object serializers/CMakeFiles/akonadi_serializer_mail.dir/akonadi_serializer_mail.cpp.o
[104/117] Building CXX object autotests/benchmarker/CMakeFiles/akonadi_benchmarker.dir/maildir/maildir20percentread.cpp.o
[105/117] Building CXX object autotests/benchmarker/CMakeFiles/akonadi_benchmarker.dir/maildir/maildirremovereadmessages.cpp.o
[106/117] Linking CXX shared module bin/akonadi_serializer_mail.so
[107/117] Building CXX object autotests/benchmarker/CMakeFiles/akonadi_benchmarker.dir/maildir/maildirfetchunreadheaders.cpp.o
[108/117] Linking CXX executable bin/headfetcher
[109/117] Linking CXX executable bin/messagetest
[110/117] Building CXX object autotests/benchmarker/CMakeFiles/akonadi_benchmarker.dir/maildir/maildirfetchallheaders.cpp.o
[111/117] Building CXX object autotests/benchmarker/CMakeFiles/akonadi_benchmarker.dir/maketest.cpp.o
[112/117] Building CXX object autotests/CMakeFiles/mailserializerplugintest.dir/mailserializerplugintest.cpp.o
[113/117] Building CXX object autotests/CMakeFiles/mailserializertest.dir/mailserializertest.cpp.o
[114/117] Linking CXX executable bin/mailserializerplugintest
[115/117] Linking CXX executable bin/mailserializertest
[116/117] Building CXX object autotests/benchmarker/CMakeFiles/akonadi_benchmarker.dir/vcard/vcardimport.cpp.o
[117/117] Linking CXX executable bin/akonadi_benchmarker
-- Install configuration: "MinSizeRel"
-- Installing: /home/omen/GITHUB/PLASMA_WORLD/AthOS/REPO-AthOS/akonadi-mime/package-akonadi-mime/usr/share/config.kcfg/specialmailcollections.kcfg
-- Installing: /home/omen/GITHUB/PLASMA_WORLD/AthOS/REPO-AthOS/akonadi-mime/package-akonadi-mime/usr/lib64/libKPim6AkonadiMime.so.6.4.1
-- Installing: /home/omen/GITHUB/PLASMA_WORLD/AthOS/REPO-AthOS/akonadi-mime/package-akonadi-mime/usr/lib64/libKPim6AkonadiMime.so.6
-- Installing: /home/omen/GITHUB/PLASMA_WORLD/AthOS/REPO-AthOS/akonadi-mime/package-akonadi-mime/usr/lib64/libKPim6AkonadiMime.so
-- Installing: /home/omen/GITHUB/PLASMA_WORLD/AthOS/REPO-AthOS/akonadi-mime/package-akonadi-mime/usr/include/KPim6/AkonadiMime/Akonadi/AddressAttribute
-- Installing: /home/omen/GITHUB/PLASMA_WORLD/AthOS/REPO-AthOS/akonadi-mime/package-akonadi-mime/usr/include/KPim6/AkonadiMime/Akonadi/CommandBase
-- Installing: /home/omen/GITHUB/PLASMA_WORLD/AthOS/REPO-AthOS/akonadi-mime/package-akonadi-mime/usr/include/KPim6/AkonadiMime/Akonadi/MDNStateAttribute
-- Installing: /home/omen/GITHUB/PLASMA_WORLD/AthOS/REPO-AthOS/akonadi-mime/package-akonadi-mime/usr/include/KPim6/AkonadiMime/Akonadi/MessageFlags
-- Installing: /home/omen/GITHUB/PLASMA_WORLD/AthOS/REPO-AthOS/akonadi-mime/package-akonadi-mime/usr/include/KPim6/AkonadiMime/Akonadi/MessageFolderAttribute
-- Installing: /home/omen/GITHUB/PLASMA_WORLD/AthOS/REPO-AthOS/akonadi-mime/package-akonadi-mime/usr/include/KPim6/AkonadiMime/Akonadi/MessageModel
-- Installing: /home/omen/GITHUB/PLASMA_WORLD/AthOS/REPO-AthOS/akonadi-mime/package-akonadi-mime/usr/include/KPim6/AkonadiMime/Akonadi/MessageParts
-- Installing: /home/omen/GITHUB/PLASMA_WORLD/AthOS/REPO-AthOS/akonadi-mime/package-akonadi-mime/usr/include/KPim6/AkonadiMime/Akonadi/MessageStatus
-- Installing: /home/omen/GITHUB/PLASMA_WORLD/AthOS/REPO-AthOS/akonadi-mime/package-akonadi-mime/usr/include/KPim6/AkonadiMime/Akonadi/MarkAsCommand
-- Installing: /home/omen/GITHUB/PLASMA_WORLD/AthOS/REPO-AthOS/akonadi-mime/package-akonadi-mime/usr/include/KPim6/AkonadiMime/Akonadi/MoveCommand
-- Installing: /home/omen/GITHUB/PLASMA_WORLD/AthOS/REPO-AthOS/akonadi-mime/package-akonadi-mime/usr/include/KPim6/AkonadiMime/Akonadi/NewMailNotifierAttribute
-- Installing: /home/omen/GITHUB/PLASMA_WORLD/AthOS/REPO-AthOS/akonadi-mime/package-akonadi-mime/usr/include/KPim6/AkonadiMime/Akonadi/Pop3ResourceAttribute
-- Installing: /home/omen/GITHUB/PLASMA_WORLD/AthOS/REPO-AthOS/akonadi-mime/package-akonadi-mime/usr/include/KPim6/AkonadiMime/Akonadi/RemoveDuplicatesJob
-- Installing: /home/omen/GITHUB/PLASMA_WORLD/AthOS/REPO-AthOS/akonadi-mime/package-akonadi-mime/usr/include/KPim6/AkonadiMime/Akonadi/SpecialMailCollections
-- Installing: /home/omen/GITHUB/PLASMA_WORLD/AthOS/REPO-AthOS/akonadi-mime/package-akonadi-mime/usr/include/KPim6/AkonadiMime/Akonadi/SpecialMailCollectionsDiscoveryJob
-- Installing: /home/omen/GITHUB/PLASMA_WORLD/AthOS/REPO-AthOS/akonadi-mime/package-akonadi-mime/usr/include/KPim6/AkonadiMime/Akonadi/SpecialMailCollectionsRequestJob
-- Installing: /home/omen/GITHUB/PLASMA_WORLD/AthOS/REPO-AthOS/akonadi-mime/package-akonadi-mime/usr/include/KPim6/AkonadiMime/Akonadi/StandardMailActionManager
-- Installing: /home/omen/GITHUB/PLASMA_WORLD/AthOS/REPO-AthOS/akonadi-mime/package-akonadi-mime/usr/include/KPim6/AkonadiMime/Akonadi/DispatcherInterface
-- Installing: /home/omen/GITHUB/PLASMA_WORLD/AthOS/REPO-AthOS/akonadi-mime/package-akonadi-mime/usr/include/KPim6/AkonadiMime/Akonadi/MessageQueueJob
-- Installing: /home/omen/GITHUB/PLASMA_WORLD/AthOS/REPO-AthOS/akonadi-mime/package-akonadi-mime/usr/include/KPim6/AkonadiMime/Akonadi/TransportAttribute
-- Installing: /home/omen/GITHUB/PLASMA_WORLD/AthOS/REPO-AthOS/akonadi-mime/package-akonadi-mime/usr/include/KPim6/AkonadiMime/Akonadi/SentBehaviourAttribute
-- Installing: /home/omen/GITHUB/PLASMA_WORLD/AthOS/REPO-AthOS/akonadi-mime/package-akonadi-mime/usr/include/KPim6/AkonadiMime/Akonadi/DispatchModeAttribute
-- Installing: /home/omen/GITHUB/PLASMA_WORLD/AthOS/REPO-AthOS/akonadi-mime/package-akonadi-mime/usr/include/KPim6/AkonadiMime/Akonadi/ErrorAttribute
-- Installing: /home/omen/GITHUB/PLASMA_WORLD/AthOS/REPO-AthOS/akonadi-mime/package-akonadi-mime/usr/include/KPim6/AkonadiMime/Akonadi/SentActionAttribute
-- Installing: /home/omen/GITHUB/PLASMA_WORLD/AthOS/REPO-AthOS/akonadi-mime/package-akonadi-mime/usr/include/KPim6/AkonadiMime/akonadi/addressattribute.h
-- Installing: /home/omen/GITHUB/PLASMA_WORLD/AthOS/REPO-AthOS/akonadi-mime/package-akonadi-mime/usr/include/KPim6/AkonadiMime/akonadi/commandbase.h
-- Installing: /home/omen/GITHUB/PLASMA_WORLD/AthOS/REPO-AthOS/akonadi-mime/package-akonadi-mime/usr/include/KPim6/AkonadiMime/akonadi/mdnstateattribute.h
-- Installing: /home/omen/GITHUB/PLASMA_WORLD/AthOS/REPO-AthOS/akonadi-mime/package-akonadi-mime/usr/include/KPim6/AkonadiMime/akonadi/messageflags.h
-- Installing: /home/omen/GITHUB/PLASMA_WORLD/AthOS/REPO-AthOS/akonadi-mime/package-akonadi-mime/usr/include/KPim6/AkonadiMime/akonadi/messagefolderattribute.h
-- Installing: /home/omen/GITHUB/PLASMA_WORLD/AthOS/REPO-AthOS/akonadi-mime/package-akonadi-mime/usr/include/KPim6/AkonadiMime/akonadi/messagemodel.h
-- Installing: /home/omen/GITHUB/PLASMA_WORLD/AthOS/REPO-AthOS/akonadi-mime/package-akonadi-mime/usr/include/KPim6/AkonadiMime/akonadi/messageparts.h
-- Installing: /home/omen/GITHUB/PLASMA_WORLD/AthOS/REPO-AthOS/akonadi-mime/package-akonadi-mime/usr/include/KPim6/AkonadiMime/akonadi/messagestatus.h
-- Installing: /home/omen/GITHUB/PLASMA_WORLD/AthOS/REPO-AthOS/akonadi-mime/package-akonadi-mime/usr/include/KPim6/AkonadiMime/akonadi/markascommand.h
-- Installing: /home/omen/GITHUB/PLASMA_WORLD/AthOS/REPO-AthOS/akonadi-mime/package-akonadi-mime/usr/include/KPim6/AkonadiMime/akonadi/movecommand.h
-- Installing: /home/omen/GITHUB/PLASMA_WORLD/AthOS/REPO-AthOS/akonadi-mime/package-akonadi-mime/usr/include/KPim6/AkonadiMime/akonadi/newmailnotifierattribute.h
-- Installing: /home/omen/GITHUB/PLASMA_WORLD/AthOS/REPO-AthOS/akonadi-mime/package-akonadi-mime/usr/include/KPim6/AkonadiMime/akonadi/pop3resourceattribute.h
-- Installing: /home/omen/GITHUB/PLASMA_WORLD/AthOS/REPO-AthOS/akonadi-mime/package-akonadi-mime/usr/include/KPim6/AkonadiMime/akonadi/removeduplicatesjob.h
-- Installing: /home/omen/GITHUB/PLASMA_WORLD/AthOS/REPO-AthOS/akonadi-mime/package-akonadi-mime/usr/include/KPim6/AkonadiMime/akonadi/specialmailcollections.h
-- Installing: /home/omen/GITHUB/PLASMA_WORLD/AthOS/REPO-AthOS/akonadi-mime/package-akonadi-mime/usr/include/KPim6/AkonadiMime/akonadi/specialmailcollectionsdiscoveryjob.h
-- Installing: /home/omen/GITHUB/PLASMA_WORLD/AthOS/REPO-AthOS/akonadi-mime/package-akonadi-mime/usr/include/KPim6/AkonadiMime/akonadi/specialmailcollectionsrequestjob.h
-- Installing: /home/omen/GITHUB/PLASMA_WORLD/AthOS/REPO-AthOS/akonadi-mime/package-akonadi-mime/usr/include/KPim6/AkonadiMime/akonadi/standardmailactionmanager.h
-- Installing: /home/omen/GITHUB/PLASMA_WORLD/AthOS/REPO-AthOS/akonadi-mime/package-akonadi-mime/usr/include/KPim6/AkonadiMime/akonadi/dispatcherinterface.h
-- Installing: /home/omen/GITHUB/PLASMA_WORLD/AthOS/REPO-AthOS/akonadi-mime/package-akonadi-mime/usr/include/KPim6/AkonadiMime/akonadi/messagequeuejob.h
-- Installing: /home/omen/GITHUB/PLASMA_WORLD/AthOS/REPO-AthOS/akonadi-mime/package-akonadi-mime/usr/include/KPim6/AkonadiMime/akonadi/transportattribute.h
-- Installing: /home/omen/GITHUB/PLASMA_WORLD/AthOS/REPO-AthOS/akonadi-mime/package-akonadi-mime/usr/include/KPim6/AkonadiMime/akonadi/sentbehaviourattribute.h
-- Installing: /home/omen/GITHUB/PLASMA_WORLD/AthOS/REPO-AthOS/akonadi-mime/package-akonadi-mime/usr/include/KPim6/AkonadiMime/akonadi/dispatchmodeattribute.h
-- Installing: /home/omen/GITHUB/PLASMA_WORLD/AthOS/REPO-AthOS/akonadi-mime/package-akonadi-mime/usr/include/KPim6/AkonadiMime/akonadi/errorattribute.h
-- Installing: /home/omen/GITHUB/PLASMA_WORLD/AthOS/REPO-AthOS/akonadi-mime/package-akonadi-mime/usr/include/KPim6/AkonadiMime/akonadi/sentactionattribute.h
-- Installing: /home/omen/GITHUB/PLASMA_WORLD/AthOS/REPO-AthOS/akonadi-mime/package-akonadi-mime/usr/include/KPim6/AkonadiMime/akonadi/akonadi-mime_export.h
-- Installing: /home/omen/GITHUB/PLASMA_WORLD/AthOS/REPO-AthOS/akonadi-mime/package-akonadi-mime/usr/doc/qt6-6.8.3_20250319_bab1fecd/KPim6AkonadiMime.qch
-- Installing: /home/omen/GITHUB/PLASMA_WORLD/AthOS/REPO-AthOS/akonadi-mime/package-akonadi-mime/usr/doc/qt6-6.8.3_20250319_bab1fecd/KPim6AkonadiMime.tags
-- Installing: /home/omen/GITHUB/PLASMA_WORLD/AthOS/REPO-AthOS/akonadi-mime/package-akonadi-mime/usr/share/mime/packages/x-vnd.kde.contactgroup.xml
-- Installing: /home/omen/GITHUB/PLASMA_WORLD/AthOS/REPO-AthOS/akonadi-mime/package-akonadi-mime/usr/lib64/qt6/plugins/akonadi_serializer_mail.so
-- Set non-toolchain portion of runtime path of "/home/omen/GITHUB/PLASMA_WORLD/AthOS/REPO-AthOS/akonadi-mime/package-akonadi-mime/usr/lib64/qt6/plugins/akonadi_serializer_mail.so" to ""
-- Installing: /home/omen/GITHUB/PLASMA_WORLD/AthOS/REPO-AthOS/akonadi-mime/package-akonadi-mime/usr/share/akonadi/plugins/serializer/akonadi_serializer_mail.desktop
-- Installing: /home/omen/GITHUB/PLASMA_WORLD/AthOS/REPO-AthOS/akonadi-mime/package-akonadi-mime/usr/bin/akonadi_benchmarker
-- Set non-toolchain portion of runtime path of "/home/omen/GITHUB/PLASMA_WORLD/AthOS/REPO-AthOS/akonadi-mime/package-akonadi-mime/usr/bin/akonadi_benchmarker" to ""
-- Installing: /home/omen/GITHUB/PLASMA_WORLD/AthOS/REPO-AthOS/akonadi-mime/package-akonadi-mime/usr/lib64/cmake/KPim6AkonadiMime/KPim6AkonadiMimeQchTargets.cmake
-- Installing: /home/omen/GITHUB/PLASMA_WORLD/AthOS/REPO-AthOS/akonadi-mime/package-akonadi-mime/usr/lib64/cmake/KPim6AkonadiMime/KPim6AkonadiMimeConfig.cmake
-- Installing: /home/omen/GITHUB/PLASMA_WORLD/AthOS/REPO-AthOS/akonadi-mime/package-akonadi-mime/usr/lib64/cmake/KPim6AkonadiMime/KPim6AkonadiMimeConfigVersion.cmake
-- Installing: /home/omen/GITHUB/PLASMA_WORLD/AthOS/REPO-AthOS/akonadi-mime/package-akonadi-mime/usr/lib64/cmake/KPim6AkonadiMime/KPim6AkonadiMimeTargets.cmake
-- Installing: /home/omen/GITHUB/PLASMA_WORLD/AthOS/REPO-AthOS/akonadi-mime/package-akonadi-mime/usr/lib64/cmake/KPim6AkonadiMime/KPim6AkonadiMimeTargets-minsizerel.cmake
-- Installing: /home/omen/GITHUB/PLASMA_WORLD/AthOS/REPO-AthOS/akonadi-mime/package-akonadi-mime/usr/include/KPim6/AkonadiMime/akonadi-mime_version.h
-- Installing: /home/omen/GITHUB/PLASMA_WORLD/AthOS/REPO-AthOS/akonadi-mime/package-akonadi-mime/usr/share/qlogging-categories6/akonadi-mime.categories
-- Installing: /home/omen/GITHUB/PLASMA_WORLD/AthOS/REPO-AthOS/akonadi-mime/package-akonadi-mime/usr/share/locale
-- Installing: /home/omen/GITHUB/PLASMA_WORLD/AthOS/REPO-AthOS/akonadi-mime/package-akonadi-mime/usr/share/locale/da
-- Installing: /home/omen/GITHUB/PLASMA_WORLD/AthOS/REPO-AthOS/akonadi-mime/package-akonadi-mime/usr/share/locale/da/LC_MESSAGES
-- Installing: /home/omen/GITHUB/PLASMA_WORLD/AthOS/REPO-AthOS/akonadi-mime/package-akonadi-mime/usr/share/locale/da/LC_MESSAGES/libakonadi-kmime6.mo
-- Installing: /home/omen/GITHUB/PLASMA_WORLD/AthOS/REPO-AthOS/akonadi-mime/package-akonadi-mime/usr/share/locale/cs
-- Installing: /home/omen/GITHUB/PLASMA_WORLD/AthOS/REPO-AthOS/akonadi-mime/package-akonadi-mime/usr/share/locale/cs/LC_MESSAGES
-- Installing: /home/omen/GITHUB/PLASMA_WORLD/AthOS/REPO-AthOS/akonadi-mime/package-akonadi-mime/usr/share/locale/cs/LC_MESSAGES/libakonadi-kmime6.mo
-- Installing: /home/omen/GITHUB/PLASMA_WORLD/AthOS/REPO-AthOS/akonadi-mime/package-akonadi-mime/usr/share/locale/ja
-- Installing: /home/omen/GITHUB/PLASMA_WORLD/AthOS/REPO-AthOS/akonadi-mime/package-akonadi-mime/usr/share/locale/ja/LC_MESSAGES
-- Installing: /home/omen/GITHUB/PLASMA_WORLD/AthOS/REPO-AthOS/akonadi-mime/package-akonadi-mime/usr/share/locale/ja/LC_MESSAGES/libakonadi-kmime6.mo
-- Installing: /home/omen/GITHUB/PLASMA_WORLD/AthOS/REPO-AthOS/akonadi-mime/package-akonadi-mime/usr/share/locale/sr@ijekavian
-- Installing: /home/omen/GITHUB/PLASMA_WORLD/AthOS/REPO-AthOS/akonadi-mime/package-akonadi-mime/usr/share/locale/sr@ijekavian/LC_MESSAGES
-- Installing: /home/omen/GITHUB/PLASMA_WORLD/AthOS/REPO-AthOS/akonadi-mime/package-akonadi-mime/usr/share/locale/sr@ijekavian/LC_MESSAGES/libakonadi-kmime6.mo
-- Installing: /home/omen/GITHUB/PLASMA_WORLD/AthOS/REPO-AthOS/akonadi-mime/package-akonadi-mime/usr/share/locale/de
-- Installing: /home/omen/GITHUB/PLASMA_WORLD/AthOS/REPO-AthOS/akonadi-mime/package-akonadi-mime/usr/share/locale/de/LC_MESSAGES
-- Installing: /home/omen/GITHUB/PLASMA_WORLD/AthOS/REPO-AthOS/akonadi-mime/package-akonadi-mime/usr/share/locale/de/LC_MESSAGES/libakonadi-kmime6.mo
-- Installing: /home/omen/GITHUB/PLASMA_WORLD/AthOS/REPO-AthOS/akonadi-mime/package-akonadi-mime/usr/share/locale/el
-- Installing: /home/omen/GITHUB/PLASMA_WORLD/AthOS/REPO-AthOS/akonadi-mime/package-akonadi-mime/usr/share/locale/el/LC_MESSAGES
-- Installing: /home/omen/GITHUB/PLASMA_WORLD/AthOS/REPO-AthOS/akonadi-mime/package-akonadi-mime/usr/share/locale/el/LC_MESSAGES/libakonadi-kmime6.mo
-- Installing: /home/omen/GITHUB/PLASMA_WORLD/AthOS/REPO-AthOS/akonadi-mime/package-akonadi-mime/usr/share/locale/nn
-- Installing: /home/omen/GITHUB/PLASMA_WORLD/AthOS/REPO-AthOS/akonadi-mime/package-akonadi-mime/usr/share/locale/nn/LC_MESSAGES
-- Installing: /home/omen/GITHUB/PLASMA_WORLD/AthOS/REPO-AthOS/akonadi-mime/package-akonadi-mime/usr/share/locale/nn/LC_MESSAGES/libakonadi-kmime6.mo
-- Installing: /home/omen/GITHUB/PLASMA_WORLD/AthOS/REPO-AthOS/akonadi-mime/package-akonadi-mime/usr/share/locale/sr
-- Installing: /home/omen/GITHUB/PLASMA_WORLD/AthOS/REPO-AthOS/akonadi-mime/package-akonadi-mime/usr/share/locale/sr/LC_MESSAGES
-- Installing: /home/omen/GITHUB/PLASMA_WORLD/AthOS/REPO-AthOS/akonadi-mime/package-akonadi-mime/usr/share/locale/sr/LC_MESSAGES/libakonadi-kmime6.mo
-- Installing: /home/omen/GITHUB/PLASMA_WORLD/AthOS/REPO-AthOS/akonadi-mime/package-akonadi-mime/usr/share/locale/hi
-- Installing: /home/omen/GITHUB/PLASMA_WORLD/AthOS/REPO-AthOS/akonadi-mime/package-akonadi-mime/usr/share/locale/hi/LC_MESSAGES
-- Installing: /home/omen/GITHUB/PLASMA_WORLD/AthOS/REPO-AthOS/akonadi-mime/package-akonadi-mime/usr/share/locale/hi/LC_MESSAGES/libakonadi-kmime6.mo
-- Installing: /home/omen/GITHUB/PLASMA_WORLD/AthOS/REPO-AthOS/akonadi-mime/package-akonadi-mime/usr/share/locale/pt_BR
-- Installing: /home/omen/GITHUB/PLASMA_WORLD/AthOS/REPO-AthOS/akonadi-mime/package-akonadi-mime/usr/share/locale/pt_BR/LC_MESSAGES
-- Installing: /home/omen/GITHUB/PLASMA_WORLD/AthOS/REPO-AthOS/akonadi-mime/package-akonadi-mime/usr/share/locale/pt_BR/LC_MESSAGES/libakonadi-kmime6.mo
-- Installing: /home/omen/GITHUB/PLASMA_WORLD/AthOS/REPO-AthOS/akonadi-mime/package-akonadi-mime/usr/share/locale/lt
-- Installing: /home/omen/GITHUB/PLASMA_WORLD/AthOS/REPO-AthOS/akonadi-mime/package-akonadi-mime/usr/share/locale/lt/LC_MESSAGES
-- Installing: /home/omen/GITHUB/PLASMA_WORLD/AthOS/REPO-AthOS/akonadi-mime/package-akonadi-mime/usr/share/locale/lt/LC_MESSAGES/libakonadi-kmime6.mo
-- Installing: /home/omen/GITHUB/PLASMA_WORLD/AthOS/REPO-AthOS/akonadi-mime/package-akonadi-mime/usr/share/locale/sr@ijekavianlatin
-- Installing: /home/omen/GITHUB/PLASMA_WORLD/AthOS/REPO-AthOS/akonadi-mime/package-akonadi-mime/usr/share/locale/sr@ijekavianlatin/LC_MESSAGES
-- Installing: /home/omen/GITHUB/PLASMA_WORLD/AthOS/REPO-AthOS/akonadi-mime/package-akonadi-mime/usr/share/locale/sr@ijekavianlatin/LC_MESSAGES/libakonadi-kmime6.mo
-- Installing: /home/omen/GITHUB/PLASMA_WORLD/AthOS/REPO-AthOS/akonadi-mime/package-akonadi-mime/usr/share/locale/sl
-- Installing: /home/omen/GITHUB/PLASMA_WORLD/AthOS/REPO-AthOS/akonadi-mime/package-akonadi-mime/usr/share/locale/sl/LC_MESSAGES
-- Installing: /home/omen/GITHUB/PLASMA_WORLD/AthOS/REPO-AthOS/akonadi-mime/package-akonadi-mime/usr/share/locale/sl/LC_MESSAGES/libakonadi-kmime6.mo
-- Installing: /home/omen/GITHUB/PLASMA_WORLD/AthOS/REPO-AthOS/akonadi-mime/package-akonadi-mime/usr/share/locale/ie
-- Installing: /home/omen/GITHUB/PLASMA_WORLD/AthOS/REPO-AthOS/akonadi-mime/package-akonadi-mime/usr/share/locale/ie/LC_MESSAGES
-- Installing: /home/omen/GITHUB/PLASMA_WORLD/AthOS/REPO-AthOS/akonadi-mime/package-akonadi-mime/usr/share/locale/ie/LC_MESSAGES/libakonadi-kmime6.mo
-- Installing: /home/omen/GITHUB/PLASMA_WORLD/AthOS/REPO-AthOS/akonadi-mime/package-akonadi-mime/usr/share/locale/ta
-- Installing: /home/omen/GITHUB/PLASMA_WORLD/AthOS/REPO-AthOS/akonadi-mime/package-akonadi-mime/usr/share/locale/ta/LC_MESSAGES
-- Installing: /home/omen/GITHUB/PLASMA_WORLD/AthOS/REPO-AthOS/akonadi-mime/package-akonadi-mime/usr/share/locale/ta/LC_MESSAGES/libakonadi-kmime6.mo
-- Installing: /home/omen/GITHUB/PLASMA_WORLD/AthOS/REPO-AthOS/akonadi-mime/package-akonadi-mime/usr/share/locale/ro
-- Installing: /home/omen/GITHUB/PLASMA_WORLD/AthOS/REPO-AthOS/akonadi-mime/package-akonadi-mime/usr/share/locale/ro/LC_MESSAGES
-- Installing: /home/omen/GITHUB/PLASMA_WORLD/AthOS/REPO-AthOS/akonadi-mime/package-akonadi-mime/usr/share/locale/ro/LC_MESSAGES/libakonadi-kmime6.mo
-- Installing: /home/omen/GITHUB/PLASMA_WORLD/AthOS/REPO-AthOS/akonadi-mime/package-akonadi-mime/usr/share/locale/bs
-- Installing: /home/omen/GITHUB/PLASMA_WORLD/AthOS/REPO-AthOS/akonadi-mime/package-akonadi-mime/usr/share/locale/bs/LC_MESSAGES
-- Installing: /home/omen/GITHUB/PLASMA_WORLD/AthOS/REPO-AthOS/akonadi-mime/package-akonadi-mime/usr/share/locale/bs/LC_MESSAGES/libakonadi-kmime6.mo
-- Installing: /home/omen/GITHUB/PLASMA_WORLD/AthOS/REPO-AthOS/akonadi-mime/package-akonadi-mime/usr/share/locale/kk
-- Installing: /home/omen/GITHUB/PLASMA_WORLD/AthOS/REPO-AthOS/akonadi-mime/package-akonadi-mime/usr/share/locale/kk/LC_MESSAGES
-- Installing: /home/omen/GITHUB/PLASMA_WORLD/AthOS/REPO-AthOS/akonadi-mime/package-akonadi-mime/usr/share/locale/kk/LC_MESSAGES/libakonadi-kmime6.mo
-- Installing: /home/omen/GITHUB/PLASMA_WORLD/AthOS/REPO-AthOS/akonadi-mime/package-akonadi-mime/usr/share/locale/sr@latin
-- Installing: /home/omen/GITHUB/PLASMA_WORLD/AthOS/REPO-AthOS/akonadi-mime/package-akonadi-mime/usr/share/locale/sr@latin/LC_MESSAGES
-- Installing: /home/omen/GITHUB/PLASMA_WORLD/AthOS/REPO-AthOS/akonadi-mime/package-akonadi-mime/usr/share/locale/sr@latin/LC_MESSAGES/libakonadi-kmime6.mo
-- Installing: /home/omen/GITHUB/PLASMA_WORLD/AthOS/REPO-AthOS/akonadi-mime/package-akonadi-mime/usr/share/locale/he
-- Installing: /home/omen/GITHUB/PLASMA_WORLD/AthOS/REPO-AthOS/akonadi-mime/package-akonadi-mime/usr/share/locale/he/LC_MESSAGES
-- Installing: /home/omen/GITHUB/PLASMA_WORLD/AthOS/REPO-AthOS/akonadi-mime/package-akonadi-mime/usr/share/locale/he/LC_MESSAGES/libakonadi-kmime6.mo
-- Installing: /home/omen/GITHUB/PLASMA_WORLD/AthOS/REPO-AthOS/akonadi-mime/package-akonadi-mime/usr/share/locale/zh_TW
-- Installing: /home/omen/GITHUB/PLASMA_WORLD/AthOS/REPO-AthOS/akonadi-mime/package-akonadi-mime/usr/share/locale/zh_TW/LC_MESSAGES
-- Installing: /home/omen/GITHUB/PLASMA_WORLD/AthOS/REPO-AthOS/akonadi-mime/package-akonadi-mime/usr/share/locale/zh_TW/LC_MESSAGES/libakonadi-kmime6.mo
-- Installing: /home/omen/GITHUB/PLASMA_WORLD/AthOS/REPO-AthOS/akonadi-mime/package-akonadi-mime/usr/share/locale/pl
-- Installing: /home/omen/GITHUB/PLASMA_WORLD/AthOS/REPO-AthOS/akonadi-mime/package-akonadi-mime/usr/share/locale/pl/LC_MESSAGES
-- Installing: /home/omen/GITHUB/PLASMA_WORLD/AthOS/REPO-AthOS/akonadi-mime/package-akonadi-mime/usr/share/locale/pl/LC_MESSAGES/libakonadi-kmime6.mo
-- Installing: /home/omen/GITHUB/PLASMA_WORLD/AthOS/REPO-AthOS/akonadi-mime/package-akonadi-mime/usr/share/locale/km
-- Installing: /home/omen/GITHUB/PLASMA_WORLD/AthOS/REPO-AthOS/akonadi-mime/package-akonadi-mime/usr/share/locale/km/LC_MESSAGES
-- Installing: /home/omen/GITHUB/PLASMA_WORLD/AthOS/REPO-AthOS/akonadi-mime/package-akonadi-mime/usr/share/locale/km/LC_MESSAGES/libakonadi-kmime6.mo
-- Installing: /home/omen/GITHUB/PLASMA_WORLD/AthOS/REPO-AthOS/akonadi-mime/package-akonadi-mime/usr/share/locale/pt
-- Installing: /home/omen/GITHUB/PLASMA_WORLD/AthOS/REPO-AthOS/akonadi-mime/package-akonadi-mime/usr/share/locale/pt/LC_MESSAGES
-- Installing: /home/omen/GITHUB/PLASMA_WORLD/AthOS/REPO-AthOS/akonadi-mime/package-akonadi-mime/usr/share/locale/pt/LC_MESSAGES/libakonadi-kmime6.mo
-- Installing: /home/omen/GITHUB/PLASMA_WORLD/AthOS/REPO-AthOS/akonadi-mime/package-akonadi-mime/usr/share/locale/az
-- Installing: /home/omen/GITHUB/PLASMA_WORLD/AthOS/REPO-AthOS/akonadi-mime/package-akonadi-mime/usr/share/locale/az/LC_MESSAGES
-- Installing: /home/omen/GITHUB/PLASMA_WORLD/AthOS/REPO-AthOS/akonadi-mime/package-akonadi-mime/usr/share/locale/az/LC_MESSAGES/libakonadi-kmime6.mo
-- Installing: /home/omen/GITHUB/PLASMA_WORLD/AthOS/REPO-AthOS/akonadi-mime/package-akonadi-mime/usr/share/locale/tr
-- Installing: /home/omen/GITHUB/PLASMA_WORLD/AthOS/REPO-AthOS/akonadi-mime/package-akonadi-mime/usr/share/locale/tr/LC_MESSAGES
-- Installing: /home/omen/GITHUB/PLASMA_WORLD/AthOS/REPO-AthOS/akonadi-mime/package-akonadi-mime/usr/share/locale/tr/LC_MESSAGES/libakonadi-kmime6.mo
-- Installing: /home/omen/GITHUB/PLASMA_WORLD/AthOS/REPO-AthOS/akonadi-mime/package-akonadi-mime/usr/share/locale/fr
-- Installing: /home/omen/GITHUB/PLASMA_WORLD/AthOS/REPO-AthOS/akonadi-mime/package-akonadi-mime/usr/share/locale/fr/LC_MESSAGES
-- Installing: /home/omen/GITHUB/PLASMA_WORLD/AthOS/REPO-AthOS/akonadi-mime/package-akonadi-mime/usr/share/locale/fr/LC_MESSAGES/libakonadi-kmime6.mo
-- Installing: /home/omen/GITHUB/PLASMA_WORLD/AthOS/REPO-AthOS/akonadi-mime/package-akonadi-mime/usr/share/locale/ast
-- Installing: /home/omen/GITHUB/PLASMA_WORLD/AthOS/REPO-AthOS/akonadi-mime/package-akonadi-mime/usr/share/locale/ast/LC_MESSAGES
-- Installing: /home/omen/GITHUB/PLASMA_WORLD/AthOS/REPO-AthOS/akonadi-mime/package-akonadi-mime/usr/share/locale/ast/LC_MESSAGES/libakonadi-kmime6.mo
-- Installing: /home/omen/GITHUB/PLASMA_WORLD/AthOS/REPO-AthOS/akonadi-mime/package-akonadi-mime/usr/share/locale/mai
-- Installing: /home/omen/GITHUB/PLASMA_WORLD/AthOS/REPO-AthOS/akonadi-mime/package-akonadi-mime/usr/share/locale/mai/LC_MESSAGES
-- Installing: /home/omen/GITHUB/PLASMA_WORLD/AthOS/REPO-AthOS/akonadi-mime/package-akonadi-mime/usr/share/locale/mai/LC_MESSAGES/libakonadi-kmime6.mo
-- Installing: /home/omen/GITHUB/PLASMA_WORLD/AthOS/REPO-AthOS/akonadi-mime/package-akonadi-mime/usr/share/locale/ka
-- Installing: /home/omen/GITHUB/PLASMA_WORLD/AthOS/REPO-AthOS/akonadi-mime/package-akonadi-mime/usr/share/locale/ka/LC_MESSAGES
-- Installing: /home/omen/GITHUB/PLASMA_WORLD/AthOS/REPO-AthOS/akonadi-mime/package-akonadi-mime/usr/share/locale/ka/LC_MESSAGES/libakonadi-kmime6.mo
-- Installing: /home/omen/GITHUB/PLASMA_WORLD/AthOS/REPO-AthOS/akonadi-mime/package-akonadi-mime/usr/share/locale/gl
-- Installing: /home/omen/GITHUB/PLASMA_WORLD/AthOS/REPO-AthOS/akonadi-mime/package-akonadi-mime/usr/share/locale/gl/LC_MESSAGES
-- Installing: /home/omen/GITHUB/PLASMA_WORLD/AthOS/REPO-AthOS/akonadi-mime/package-akonadi-mime/usr/share/locale/gl/LC_MESSAGES/libakonadi-kmime6.mo
-- Installing: /home/omen/GITHUB/PLASMA_WORLD/AthOS/REPO-AthOS/akonadi-mime/package-akonadi-mime/usr/share/locale/ia
-- Installing: /home/omen/GITHUB/PLASMA_WORLD/AthOS/REPO-AthOS/akonadi-mime/package-akonadi-mime/usr/share/locale/ia/LC_MESSAGES
-- Installing: /home/omen/GITHUB/PLASMA_WORLD/AthOS/REPO-AthOS/akonadi-mime/package-akonadi-mime/usr/share/locale/ia/LC_MESSAGES/libakonadi-kmime6.mo
-- Installing: /home/omen/GITHUB/PLASMA_WORLD/AthOS/REPO-AthOS/akonadi-mime/package-akonadi-mime/usr/share/locale/hu
-- Installing: /home/omen/GITHUB/PLASMA_WORLD/AthOS/REPO-AthOS/akonadi-mime/package-akonadi-mime/usr/share/locale/hu/LC_MESSAGES
-- Installing: /home/omen/GITHUB/PLASMA_WORLD/AthOS/REPO-AthOS/akonadi-mime/package-akonadi-mime/usr/share/locale/hu/LC_MESSAGES/libakonadi-kmime6.mo
-- Installing: /home/omen/GITHUB/PLASMA_WORLD/AthOS/REPO-AthOS/akonadi-mime/package-akonadi-mime/usr/share/locale/eo
-- Installing: /home/omen/GITHUB/PLASMA_WORLD/AthOS/REPO-AthOS/akonadi-mime/package-akonadi-mime/usr/share/locale/eo/LC_MESSAGES
-- Installing: /home/omen/GITHUB/PLASMA_WORLD/AthOS/REPO-AthOS/akonadi-mime/package-akonadi-mime/usr/share/locale/eo/LC_MESSAGES/libakonadi-kmime6.mo
-- Installing: /home/omen/GITHUB/PLASMA_WORLD/AthOS/REPO-AthOS/akonadi-mime/package-akonadi-mime/usr/share/locale/bg
-- Installing: /home/omen/GITHUB/PLASMA_WORLD/AthOS/REPO-AthOS/akonadi-mime/package-akonadi-mime/usr/share/locale/bg/LC_MESSAGES
-- Installing: /home/omen/GITHUB/PLASMA_WORLD/AthOS/REPO-AthOS/akonadi-mime/package-akonadi-mime/usr/share/locale/bg/LC_MESSAGES/libakonadi-kmime6.mo
-- Installing: /home/omen/GITHUB/PLASMA_WORLD/AthOS/REPO-AthOS/akonadi-mime/package-akonadi-mime/usr/share/locale/ga
-- Installing: /home/omen/GITHUB/PLASMA_WORLD/AthOS/REPO-AthOS/akonadi-mime/package-akonadi-mime/usr/share/locale/ga/LC_MESSAGES
-- Installing: /home/omen/GITHUB/PLASMA_WORLD/AthOS/REPO-AthOS/akonadi-mime/package-akonadi-mime/usr/share/locale/ga/LC_MESSAGES/libakonadi-kmime6.mo
-- Installing: /home/omen/GITHUB/PLASMA_WORLD/AthOS/REPO-AthOS/akonadi-mime/package-akonadi-mime/usr/share/locale/ca
-- Installing: /home/omen/GITHUB/PLASMA_WORLD/AthOS/REPO-AthOS/akonadi-mime/package-akonadi-mime/usr/share/locale/ca/LC_MESSAGES
-- Installing: /home/omen/GITHUB/PLASMA_WORLD/AthOS/REPO-AthOS/akonadi-mime/package-akonadi-mime/usr/share/locale/ca/LC_MESSAGES/libakonadi-kmime6.mo
-- Installing: /home/omen/GITHUB/PLASMA_WORLD/AthOS/REPO-AthOS/akonadi-mime/package-akonadi-mime/usr/share/locale/uk
-- Installing: /home/omen/GITHUB/PLASMA_WORLD/AthOS/REPO-AthOS/akonadi-mime/package-akonadi-mime/usr/share/locale/uk/LC_MESSAGES
-- Installing: /home/omen/GITHUB/PLASMA_WORLD/AthOS/REPO-AthOS/akonadi-mime/package-akonadi-mime/usr/share/locale/uk/LC_MESSAGES/libakonadi-kmime6.mo
-- Installing: /home/omen/GITHUB/PLASMA_WORLD/AthOS/REPO-AthOS/akonadi-mime/package-akonadi-mime/usr/share/locale/id
-- Installing: /home/omen/GITHUB/PLASMA_WORLD/AthOS/REPO-AthOS/akonadi-mime/package-akonadi-mime/usr/share/locale/id/LC_MESSAGES
-- Installing: /home/omen/GITHUB/PLASMA_WORLD/AthOS/REPO-AthOS/akonadi-mime/package-akonadi-mime/usr/share/locale/id/LC_MESSAGES/libakonadi-kmime6.mo
-- Installing: /home/omen/GITHUB/PLASMA_WORLD/AthOS/REPO-AthOS/akonadi-mime/package-akonadi-mime/usr/share/locale/en_GB
-- Installing: /home/omen/GITHUB/PLASMA_WORLD/AthOS/REPO-AthOS/akonadi-mime/package-akonadi-mime/usr/share/locale/en_GB/LC_MESSAGES
-- Installing: /home/omen/GITHUB/PLASMA_WORLD/AthOS/REPO-AthOS/akonadi-mime/package-akonadi-mime/usr/share/locale/en_GB/LC_MESSAGES/libakonadi-kmime6.mo
-- Installing: /home/omen/GITHUB/PLASMA_WORLD/AthOS/REPO-AthOS/akonadi-mime/package-akonadi-mime/usr/share/locale/zh_CN
-- Installing: /home/omen/GITHUB/PLASMA_WORLD/AthOS/REPO-AthOS/akonadi-mime/package-akonadi-mime/usr/share/locale/zh_CN/LC_MESSAGES
-- Installing: /home/omen/GITHUB/PLASMA_WORLD/AthOS/REPO-AthOS/akonadi-mime/package-akonadi-mime/usr/share/locale/zh_CN/LC_MESSAGES/libakonadi-kmime6.mo
-- Installing: /home/omen/GITHUB/PLASMA_WORLD/AthOS/REPO-AthOS/akonadi-mime/package-akonadi-mime/usr/share/locale/nl
-- Installing: /home/omen/GITHUB/PLASMA_WORLD/AthOS/REPO-AthOS/akonadi-mime/package-akonadi-mime/usr/share/locale/nl/LC_MESSAGES
-- Installing: /home/omen/GITHUB/PLASMA_WORLD/AthOS/REPO-AthOS/akonadi-mime/package-akonadi-mime/usr/share/locale/nl/LC_MESSAGES/libakonadi-kmime6.mo
-- Installing: /home/omen/GITHUB/PLASMA_WORLD/AthOS/REPO-AthOS/akonadi-mime/package-akonadi-mime/usr/share/locale/sa
-- Installing: /home/omen/GITHUB/PLASMA_WORLD/AthOS/REPO-AthOS/akonadi-mime/package-akonadi-mime/usr/share/locale/sa/LC_MESSAGES
-- Installing: /home/omen/GITHUB/PLASMA_WORLD/AthOS/REPO-AthOS/akonadi-mime/package-akonadi-mime/usr/share/locale/sa/LC_MESSAGES/libakonadi-kmime6.mo
-- Installing: /home/omen/GITHUB/PLASMA_WORLD/AthOS/REPO-AthOS/akonadi-mime/package-akonadi-mime/usr/share/locale/fi
-- Installing: /home/omen/GITHUB/PLASMA_WORLD/AthOS/REPO-AthOS/akonadi-mime/package-akonadi-mime/usr/share/locale/fi/LC_MESSAGES
-- Installing: /home/omen/GITHUB/PLASMA_WORLD/AthOS/REPO-AthOS/akonadi-mime/package-akonadi-mime/usr/share/locale/fi/LC_MESSAGES/libakonadi-kmime6.mo
-- Installing: /home/omen/GITHUB/PLASMA_WORLD/AthOS/REPO-AthOS/akonadi-mime/package-akonadi-mime/usr/share/locale/ko
-- Installing: /home/omen/GITHUB/PLASMA_WORLD/AthOS/REPO-AthOS/akonadi-mime/package-akonadi-mime/usr/share/locale/ko/LC_MESSAGES
-- Installing: /home/omen/GITHUB/PLASMA_WORLD/AthOS/REPO-AthOS/akonadi-mime/package-akonadi-mime/usr/share/locale/ko/LC_MESSAGES/libakonadi-kmime6.mo
-- Installing: /home/omen/GITHUB/PLASMA_WORLD/AthOS/REPO-AthOS/akonadi-mime/package-akonadi-mime/usr/share/locale/ru
-- Installing: /home/omen/GITHUB/PLASMA_WORLD/AthOS/REPO-AthOS/akonadi-mime/package-akonadi-mime/usr/share/locale/ru/LC_MESSAGES
-- Installing: /home/omen/GITHUB/PLASMA_WORLD/AthOS/REPO-AthOS/akonadi-mime/package-akonadi-mime/usr/share/locale/ru/LC_MESSAGES/libakonadi-kmime6.mo
-- Installing: /home/omen/GITHUB/PLASMA_WORLD/AthOS/REPO-AthOS/akonadi-mime/package-akonadi-mime/usr/share/locale/lv
-- Installing: /home/omen/GITHUB/PLASMA_WORLD/AthOS/REPO-AthOS/akonadi-mime/package-akonadi-mime/usr/share/locale/lv/LC_MESSAGES
-- Installing: /home/omen/GITHUB/PLASMA_WORLD/AthOS/REPO-AthOS/akonadi-mime/package-akonadi-mime/usr/share/locale/lv/LC_MESSAGES/libakonadi-kmime6.mo
-- Installing: /home/omen/GITHUB/PLASMA_WORLD/AthOS/REPO-AthOS/akonadi-mime/package-akonadi-mime/usr/share/locale/ca@valencia
-- Installing: /home/omen/GITHUB/PLASMA_WORLD/AthOS/REPO-AthOS/akonadi-mime/package-akonadi-mime/usr/share/locale/ca@valencia/LC_MESSAGES
-- Installing: /home/omen/GITHUB/PLASMA_WORLD/AthOS/REPO-AthOS/akonadi-mime/package-akonadi-mime/usr/share/locale/ca@valencia/LC_MESSAGES/libakonadi-kmime6.mo
-- Installing: /home/omen/GITHUB/PLASMA_WORLD/AthOS/REPO-AthOS/akonadi-mime/package-akonadi-mime/usr/share/locale/nb
-- Installing: /home/omen/GITHUB/PLASMA_WORLD/AthOS/REPO-AthOS/akonadi-mime/package-akonadi-mime/usr/share/locale/nb/LC_MESSAGES
-- Installing: /home/omen/GITHUB/PLASMA_WORLD/AthOS/REPO-AthOS/akonadi-mime/package-akonadi-mime/usr/share/locale/nb/LC_MESSAGES/libakonadi-kmime6.mo
-- Installing: /home/omen/GITHUB/PLASMA_WORLD/AthOS/REPO-AthOS/akonadi-mime/package-akonadi-mime/usr/share/locale/es
-- Installing: /home/omen/GITHUB/PLASMA_WORLD/AthOS/REPO-AthOS/akonadi-mime/package-akonadi-mime/usr/share/locale/es/LC_MESSAGES
-- Installing: /home/omen/GITHUB/PLASMA_WORLD/AthOS/REPO-AthOS/akonadi-mime/package-akonadi-mime/usr/share/locale/es/LC_MESSAGES/libakonadi-kmime6.mo
-- Installing: /home/omen/GITHUB/PLASMA_WORLD/AthOS/REPO-AthOS/akonadi-mime/package-akonadi-mime/usr/share/locale/eu
-- Installing: /home/omen/GITHUB/PLASMA_WORLD/AthOS/REPO-AthOS/akonadi-mime/package-akonadi-mime/usr/share/locale/eu/LC_MESSAGES
-- Installing: /home/omen/GITHUB/PLASMA_WORLD/AthOS/REPO-AthOS/akonadi-mime/package-akonadi-mime/usr/share/locale/eu/LC_MESSAGES/libakonadi-kmime6.mo
-- Installing: /home/omen/GITHUB/PLASMA_WORLD/AthOS/REPO-AthOS/akonadi-mime/package-akonadi-mime/usr/share/locale/et
-- Installing: /home/omen/GITHUB/PLASMA_WORLD/AthOS/REPO-AthOS/akonadi-mime/package-akonadi-mime/usr/share/locale/et/LC_MESSAGES
-- Installing: /home/omen/GITHUB/PLASMA_WORLD/AthOS/REPO-AthOS/akonadi-mime/package-akonadi-mime/usr/share/locale/et/LC_MESSAGES/libakonadi-kmime6.mo
-- Installing: /home/omen/GITHUB/PLASMA_WORLD/AthOS/REPO-AthOS/akonadi-mime/package-akonadi-mime/usr/share/locale/it
-- Installing: /home/omen/GITHUB/PLASMA_WORLD/AthOS/REPO-AthOS/akonadi-mime/package-akonadi-mime/usr/share/locale/it/LC_MESSAGES
-- Installing: /home/omen/GITHUB/PLASMA_WORLD/AthOS/REPO-AthOS/akonadi-mime/package-akonadi-mime/usr/share/locale/it/LC_MESSAGES/libakonadi-kmime6.mo
-- Installing: /home/omen/GITHUB/PLASMA_WORLD/AthOS/REPO-AthOS/akonadi-mime/package-akonadi-mime/usr/share/locale/ar
-- Installing: /home/omen/GITHUB/PLASMA_WORLD/AthOS/REPO-AthOS/akonadi-mime/package-akonadi-mime/usr/share/locale/ar/LC_MESSAGES
-- Installing: /home/omen/GITHUB/PLASMA_WORLD/AthOS/REPO-AthOS/akonadi-mime/package-akonadi-mime/usr/share/locale/ar/LC_MESSAGES/libakonadi-kmime6.mo
-- Installing: /home/omen/GITHUB/PLASMA_WORLD/AthOS/REPO-AthOS/akonadi-mime/package-akonadi-mime/usr/share/locale/nds
-- Installing: /home/omen/GITHUB/PLASMA_WORLD/AthOS/REPO-AthOS/akonadi-mime/package-akonadi-mime/usr/share/locale/nds/LC_MESSAGES
-- Installing: /home/omen/GITHUB/PLASMA_WORLD/AthOS/REPO-AthOS/akonadi-mime/package-akonadi-mime/usr/share/locale/nds/LC_MESSAGES/libakonadi-kmime6.mo
-- Installing: /home/omen/GITHUB/PLASMA_WORLD/AthOS/REPO-AthOS/akonadi-mime/package-akonadi-mime/usr/share/locale/mr
-- Installing: /home/omen/GITHUB/PLASMA_WORLD/AthOS/REPO-AthOS/akonadi-mime/package-akonadi-mime/usr/share/locale/mr/LC_MESSAGES
-- Installing: /home/omen/GITHUB/PLASMA_WORLD/AthOS/REPO-AthOS/akonadi-mime/package-akonadi-mime/usr/share/locale/mr/LC_MESSAGES/libakonadi-kmime6.mo
-- Installing: /home/omen/GITHUB/PLASMA_WORLD/AthOS/REPO-AthOS/akonadi-mime/package-akonadi-mime/usr/share/locale/ug
-- Installing: /home/omen/GITHUB/PLASMA_WORLD/AthOS/REPO-AthOS/akonadi-mime/package-akonadi-mime/usr/share/locale/ug/LC_MESSAGES
-- Installing: /home/omen/GITHUB/PLASMA_WORLD/AthOS/REPO-AthOS/akonadi-mime/package-akonadi-mime/usr/share/locale/ug/LC_MESSAGES/libakonadi-kmime6.mo
-- Installing: /home/omen/GITHUB/PLASMA_WORLD/AthOS/REPO-AthOS/akonadi-mime/package-akonadi-mime/usr/share/locale/sk
-- Installing: /home/omen/GITHUB/PLASMA_WORLD/AthOS/REPO-AthOS/akonadi-mime/package-akonadi-mime/usr/share/locale/sk/LC_MESSAGES
-- Installing: /home/omen/GITHUB/PLASMA_WORLD/AthOS/REPO-AthOS/akonadi-mime/package-akonadi-mime/usr/share/locale/sk/LC_MESSAGES/libakonadi-kmime6.mo
-- Installing: /home/omen/GITHUB/PLASMA_WORLD/AthOS/REPO-AthOS/akonadi-mime/package-akonadi-mime/usr/share/locale/sv
-- Installing: /home/omen/GITHUB/PLASMA_WORLD/AthOS/REPO-AthOS/akonadi-mime/package-akonadi-mime/usr/share/locale/sv/LC_MESSAGES
-- Installing: /home/omen/GITHUB/PLASMA_WORLD/AthOS/REPO-AthOS/akonadi-mime/package-akonadi-mime/usr/share/locale/sv/LC_MESSAGES/libakonadi-kmime6.mo
The main part of source code is ready. We are moving on to preparing post install scripts, docs, license, man pages etc..
cp: cannot stat 'AUTHORS': No such file or directory
cp: cannot stat 'ChangeLog*': No such file or directory
cp: cannot stat 'COPYING': No such file or directory
cp: cannot stat 'CREDITS': No such file or directory
cp: cannot stat 'LICENSE': No such file or directory
cp: cannot stat 'MAINTAINERS': No such file or directory
cp: cannot stat 'NEWS': No such file or directory
cp: cannot stat 'docs': No such file or directory
cp: cannot stat 'DOCS': No such file or directory
grep: /home/omen/GITHUB/PLASMA_WORLD/AthOS/REPO-AthOS/akonadi-mime/akonadi-mime.info: No such file or directory
doxygen
extra-cmake-modules
akonadi
kcodecs
kconfigwidgets
kdbusaddons
ki18n
kio
kitemmodels
kmime
kxmlgui
libxslt
Packaging compiled for slackware installation...
MAKEPKG_FLAGS is empty or unset, using default

Slackware package maker, version 3.14159265.

Searching for symbolic links:
usr/lib64/libKPim6AkonadiMime.so	libKPim6AkonadiMime.so.6
usr/lib64/libKPim6AkonadiMime.so.6	libKPim6AkonadiMime.so.6.4.1

Making symbolic link creation script:
( cd usr/lib64 ; rm -rf libKPim6AkonadiMime.so )
( cd usr/lib64 ; ln -sf libKPim6AkonadiMime.so.6 libKPim6AkonadiMime.so )
( cd usr/lib64 ; rm -rf libKPim6AkonadiMime.so.6 )
( cd usr/lib64 ; ln -sf libKPim6AkonadiMime.so.6.4.1 libKPim6AkonadiMime.so.6 )

Unless your existing installation script already contains the code
to create these links, you should append these lines to your existing
install script. Now's your chance. :^)

Would you like to add this stuff to the existing install script and
remove the symbolic links ([y]es, [n]o)? y


Removing symbolic links:
removed './usr/lib64/libKPim6AkonadiMime.so.6'
removed './usr/lib64/libKPim6AkonadiMime.so'

Updating your ./install/doinst.sh...

This next step is optional - you can set the directories in your package
to some sane permissions. If any of the directories in your package have
special permissions, then DO NOT reset them here!

Would you like to reset all directory permissions to 755 (drwxr-xr-x) and
directory ownerships to root:root ([y]es, [n]o)? n


Creating Slackware package:  /tmp/akonadi-mime/akonadi-mime-25.04.1-x86_64-1_rtz.tlz

./
install/
install/doinst.sh
install/slack-desc
usr/
usr/bin/
usr/bin/akonadi_benchmarker
usr/doc/
usr/doc/akonadi-mime-25.04.1/
usr/doc/akonadi-mime-25.04.1/README.md
usr/doc/akonadi-mime-25.04.1/README.md.license
usr/doc/akonadi-mime-25.04.1/akonadi-mime.ini
usr/doc/akonadi-mime-25.04.1/slack-required
usr/doc/qt6-6.8.3_20250319_bab1fecd/
usr/doc/qt6-6.8.3_20250319_bab1fecd/KPim6AkonadiMime.qch
usr/doc/qt6-6.8.3_20250319_bab1fecd/KPim6AkonadiMime.tags
usr/include/
usr/include/KPim6/
usr/include/KPim6/AkonadiMime/
usr/include/KPim6/AkonadiMime/Akonadi/
usr/include/KPim6/AkonadiMime/Akonadi/AddressAttribute
usr/include/KPim6/AkonadiMime/Akonadi/CommandBase
usr/include/KPim6/AkonadiMime/Akonadi/DispatchModeAttribute
usr/include/KPim6/AkonadiMime/Akonadi/DispatcherInterface
usr/include/KPim6/AkonadiMime/Akonadi/ErrorAttribute
usr/include/KPim6/AkonadiMime/Akonadi/MDNStateAttribute
usr/include/KPim6/AkonadiMime/Akonadi/MarkAsCommand
usr/include/KPim6/AkonadiMime/Akonadi/MessageFlags
usr/include/KPim6/AkonadiMime/Akonadi/MessageFolderAttribute
usr/include/KPim6/AkonadiMime/Akonadi/MessageModel
usr/include/KPim6/AkonadiMime/Akonadi/MessageParts
usr/include/KPim6/AkonadiMime/Akonadi/MessageQueueJob
usr/include/KPim6/AkonadiMime/Akonadi/MessageStatus
usr/include/KPim6/AkonadiMime/Akonadi/MoveCommand
usr/include/KPim6/AkonadiMime/Akonadi/NewMailNotifierAttribute
usr/include/KPim6/AkonadiMime/Akonadi/Pop3ResourceAttribute
usr/include/KPim6/AkonadiMime/Akonadi/RemoveDuplicatesJob
usr/include/KPim6/AkonadiMime/Akonadi/SentActionAttribute
usr/include/KPim6/AkonadiMime/Akonadi/SentBehaviourAttribute
usr/include/KPim6/AkonadiMime/Akonadi/SpecialMailCollections
usr/include/KPim6/AkonadiMime/Akonadi/SpecialMailCollectionsDiscoveryJob
usr/include/KPim6/AkonadiMime/Akonadi/SpecialMailCollectionsRequestJob
usr/include/KPim6/AkonadiMime/Akonadi/StandardMailActionManager
usr/include/KPim6/AkonadiMime/Akonadi/TransportAttribute
usr/include/KPim6/AkonadiMime/akonadi/
usr/include/KPim6/AkonadiMime/akonadi-mime_version.h
usr/include/KPim6/AkonadiMime/akonadi/addressattribute.h
usr/include/KPim6/AkonadiMime/akonadi/akonadi-mime_export.h
usr/include/KPim6/AkonadiMime/akonadi/commandbase.h
usr/include/KPim6/AkonadiMime/akonadi/dispatcherinterface.h
usr/include/KPim6/AkonadiMime/akonadi/dispatchmodeattribute.h
usr/include/KPim6/AkonadiMime/akonadi/errorattribute.h
usr/include/KPim6/AkonadiMime/akonadi/markascommand.h
usr/include/KPim6/AkonadiMime/akonadi/mdnstateattribute.h
usr/include/KPim6/AkonadiMime/akonadi/messageflags.h
usr/include/KPim6/AkonadiMime/akonadi/messagefolderattribute.h
usr/include/KPim6/AkonadiMime/akonadi/messagemodel.h
usr/include/KPim6/AkonadiMime/akonadi/messageparts.h
usr/include/KPim6/AkonadiMime/akonadi/messagequeuejob.h
usr/include/KPim6/AkonadiMime/akonadi/messagestatus.h
usr/include/KPim6/AkonadiMime/akonadi/movecommand.h
usr/include/KPim6/AkonadiMime/akonadi/newmailnotifierattribute.h
usr/include/KPim6/AkonadiMime/akonadi/pop3resourceattribute.h
usr/include/KPim6/AkonadiMime/akonadi/removeduplicatesjob.h
usr/include/KPim6/AkonadiMime/akonadi/sentactionattribute.h
usr/include/KPim6/AkonadiMime/akonadi/sentbehaviourattribute.h
usr/include/KPim6/AkonadiMime/akonadi/specialmailcollections.h
usr/include/KPim6/AkonadiMime/akonadi/specialmailcollectionsdiscoveryjob.h
usr/include/KPim6/AkonadiMime/akonadi/specialmailcollectionsrequestjob.h
usr/include/KPim6/AkonadiMime/akonadi/standardmailactionmanager.h
usr/include/KPim6/AkonadiMime/akonadi/transportattribute.h
usr/lib64/
usr/lib64/cmake/
usr/lib64/cmake/KPim6AkonadiMime/
usr/lib64/cmake/KPim6AkonadiMime/KPim6AkonadiMimeConfig.cmake
usr/lib64/cmake/KPim6AkonadiMime/KPim6AkonadiMimeConfigVersion.cmake
usr/lib64/cmake/KPim6AkonadiMime/KPim6AkonadiMimeQchTargets.cmake
usr/lib64/cmake/KPim6AkonadiMime/KPim6AkonadiMimeTargets-minsizerel.cmake
usr/lib64/cmake/KPim6AkonadiMime/KPim6AkonadiMimeTargets.cmake
usr/lib64/libKPim6AkonadiMime.so.6.4.1
usr/lib64/qt6/
usr/lib64/qt6/plugins/
usr/lib64/qt6/plugins/akonadi_serializer_mail.so
usr/share/
usr/share/akonadi/
usr/share/akonadi/plugins/
usr/share/akonadi/plugins/serializer/
usr/share/akonadi/plugins/serializer/akonadi_serializer_mail.desktop
usr/share/config.kcfg/
usr/share/config.kcfg/specialmailcollections.kcfg
usr/share/locale/
usr/share/locale/ar/
usr/share/locale/ar/LC_MESSAGES/
usr/share/locale/ar/LC_MESSAGES/libakonadi-kmime6.mo
usr/share/locale/ast/
usr/share/locale/ast/LC_MESSAGES/
usr/share/locale/ast/LC_MESSAGES/libakonadi-kmime6.mo
usr/share/locale/az/
usr/share/locale/az/LC_MESSAGES/
usr/share/locale/az/LC_MESSAGES/libakonadi-kmime6.mo
usr/share/locale/bg/
usr/share/locale/bg/LC_MESSAGES/
usr/share/locale/bg/LC_MESSAGES/libakonadi-kmime6.mo
usr/share/locale/bs/
usr/share/locale/bs/LC_MESSAGES/
usr/share/locale/bs/LC_MESSAGES/libakonadi-kmime6.mo
usr/share/locale/ca/
usr/share/locale/ca/LC_MESSAGES/
usr/share/locale/ca/LC_MESSAGES/libakonadi-kmime6.mo
usr/share/locale/ca@valencia/
usr/share/locale/ca@valencia/LC_MESSAGES/
usr/share/locale/ca@valencia/LC_MESSAGES/libakonadi-kmime6.mo
usr/share/locale/cs/
usr/share/locale/cs/LC_MESSAGES/
usr/share/locale/cs/LC_MESSAGES/libakonadi-kmime6.mo
usr/share/locale/da/
usr/share/locale/da/LC_MESSAGES/
usr/share/locale/da/LC_MESSAGES/libakonadi-kmime6.mo
usr/share/locale/de/
usr/share/locale/de/LC_MESSAGES/
usr/share/locale/de/LC_MESSAGES/libakonadi-kmime6.mo
usr/share/locale/el/
usr/share/locale/el/LC_MESSAGES/
usr/share/locale/el/LC_MESSAGES/libakonadi-kmime6.mo
usr/share/locale/en_GB/
usr/share/locale/en_GB/LC_MESSAGES/
usr/share/locale/en_GB/LC_MESSAGES/libakonadi-kmime6.mo
usr/share/locale/eo/
usr/share/locale/eo/LC_MESSAGES/
usr/share/locale/eo/LC_MESSAGES/libakonadi-kmime6.mo
usr/share/locale/es/
usr/share/locale/es/LC_MESSAGES/
usr/share/locale/es/LC_MESSAGES/libakonadi-kmime6.mo
usr/share/locale/et/
usr/share/locale/et/LC_MESSAGES/
usr/share/locale/et/LC_MESSAGES/libakonadi-kmime6.mo
usr/share/locale/eu/
usr/share/locale/eu/LC_MESSAGES/
usr/share/locale/eu/LC_MESSAGES/libakonadi-kmime6.mo
usr/share/locale/fi/
usr/share/locale/fi/LC_MESSAGES/
usr/share/locale/fi/LC_MESSAGES/libakonadi-kmime6.mo
usr/share/locale/fr/
usr/share/locale/fr/LC_MESSAGES/
usr/share/locale/fr/LC_MESSAGES/libakonadi-kmime6.mo
usr/share/locale/ga/
usr/share/locale/ga/LC_MESSAGES/
usr/share/locale/ga/LC_MESSAGES/libakonadi-kmime6.mo
usr/share/locale/gl/
usr/share/locale/gl/LC_MESSAGES/
usr/share/locale/gl/LC_MESSAGES/libakonadi-kmime6.mo
usr/share/locale/he/
usr/share/locale/he/LC_MESSAGES/
usr/share/locale/he/LC_MESSAGES/libakonadi-kmime6.mo
usr/share/locale/hi/
usr/share/locale/hi/LC_MESSAGES/
usr/share/locale/hi/LC_MESSAGES/libakonadi-kmime6.mo
usr/share/locale/hu/
usr/share/locale/hu/LC_MESSAGES/
usr/share/locale/hu/LC_MESSAGES/libakonadi-kmime6.mo
usr/share/locale/ia/
usr/share/locale/ia/LC_MESSAGES/
usr/share/locale/ia/LC_MESSAGES/libakonadi-kmime6.mo
usr/share/locale/id/
usr/share/locale/id/LC_MESSAGES/
usr/share/locale/id/LC_MESSAGES/libakonadi-kmime6.mo
usr/share/locale/ie/
usr/share/locale/ie/LC_MESSAGES/
usr/share/locale/ie/LC_MESSAGES/libakonadi-kmime6.mo
usr/share/locale/it/
usr/share/locale/it/LC_MESSAGES/
usr/share/locale/it/LC_MESSAGES/libakonadi-kmime6.mo
usr/share/locale/ja/
usr/share/locale/ja/LC_MESSAGES/
usr/share/locale/ja/LC_MESSAGES/libakonadi-kmime6.mo
usr/share/locale/ka/
usr/share/locale/ka/LC_MESSAGES/
usr/share/locale/ka/LC_MESSAGES/libakonadi-kmime6.mo
usr/share/locale/kk/
usr/share/locale/kk/LC_MESSAGES/
usr/share/locale/kk/LC_MESSAGES/libakonadi-kmime6.mo
usr/share/locale/km/
usr/share/locale/km/LC_MESSAGES/
usr/share/locale/km/LC_MESSAGES/libakonadi-kmime6.mo
usr/share/locale/ko/
usr/share/locale/ko/LC_MESSAGES/
usr/share/locale/ko/LC_MESSAGES/libakonadi-kmime6.mo
usr/share/locale/lt/
usr/share/locale/lt/LC_MESSAGES/
usr/share/locale/lt/LC_MESSAGES/libakonadi-kmime6.mo
usr/share/locale/lv/
usr/share/locale/lv/LC_MESSAGES/
usr/share/locale/lv/LC_MESSAGES/libakonadi-kmime6.mo
usr/share/locale/mai/
usr/share/locale/mai/LC_MESSAGES/
usr/share/locale/mai/LC_MESSAGES/libakonadi-kmime6.mo
usr/share/locale/mr/
usr/share/locale/mr/LC_MESSAGES/
usr/share/locale/mr/LC_MESSAGES/libakonadi-kmime6.mo
usr/share/locale/nb/
usr/share/locale/nb/LC_MESSAGES/
usr/share/locale/nb/LC_MESSAGES/libakonadi-kmime6.mo
usr/share/locale/nds/
usr/share/locale/nds/LC_MESSAGES/
usr/share/locale/nds/LC_MESSAGES/libakonadi-kmime6.mo
usr/share/locale/nl/
usr/share/locale/nl/LC_MESSAGES/
usr/share/locale/nl/LC_MESSAGES/libakonadi-kmime6.mo
usr/share/locale/nn/
usr/share/locale/nn/LC_MESSAGES/
usr/share/locale/nn/LC_MESSAGES/libakonadi-kmime6.mo
usr/share/locale/pl/
usr/share/locale/pl/LC_MESSAGES/
usr/share/locale/pl/LC_MESSAGES/libakonadi-kmime6.mo
usr/share/locale/pt/
usr/share/locale/pt/LC_MESSAGES/
usr/share/locale/pt/LC_MESSAGES/libakonadi-kmime6.mo
usr/share/locale/pt_BR/
usr/share/locale/pt_BR/LC_MESSAGES/
usr/share/locale/pt_BR/LC_MESSAGES/libakonadi-kmime6.mo
usr/share/locale/ro/
usr/share/locale/ro/LC_MESSAGES/
usr/share/locale/ro/LC_MESSAGES/libakonadi-kmime6.mo
usr/share/locale/ru/
usr/share/locale/ru/LC_MESSAGES/
usr/share/locale/ru/LC_MESSAGES/libakonadi-kmime6.mo
usr/share/locale/sa/
usr/share/locale/sa/LC_MESSAGES/
usr/share/locale/sa/LC_MESSAGES/libakonadi-kmime6.mo
usr/share/locale/sk/
usr/share/locale/sk/LC_MESSAGES/
usr/share/locale/sk/LC_MESSAGES/libakonadi-kmime6.mo
usr/share/locale/sl/
usr/share/locale/sl/LC_MESSAGES/
usr/share/locale/sl/LC_MESSAGES/libakonadi-kmime6.mo
usr/share/locale/sr/
usr/share/locale/sr/LC_MESSAGES/
usr/share/locale/sr/LC_MESSAGES/libakonadi-kmime6.mo
usr/share/locale/sr@ijekavian/
usr/share/locale/sr@ijekavian/LC_MESSAGES/
usr/share/locale/sr@ijekavian/LC_MESSAGES/libakonadi-kmime6.mo
usr/share/locale/sr@ijekavianlatin/
usr/share/locale/sr@ijekavianlatin/LC_MESSAGES/
usr/share/locale/sr@ijekavianlatin/LC_MESSAGES/libakonadi-kmime6.mo
usr/share/locale/sr@latin/
usr/share/locale/sr@latin/LC_MESSAGES/
usr/share/locale/sr@latin/LC_MESSAGES/libakonadi-kmime6.mo
usr/share/locale/sv/
usr/share/locale/sv/LC_MESSAGES/
usr/share/locale/sv/LC_MESSAGES/libakonadi-kmime6.mo
usr/share/locale/ta/
usr/share/locale/ta/LC_MESSAGES/
usr/share/locale/ta/LC_MESSAGES/libakonadi-kmime6.mo
usr/share/locale/tr/
usr/share/locale/tr/LC_MESSAGES/
usr/share/locale/tr/LC_MESSAGES/libakonadi-kmime6.mo
usr/share/locale/ug/
usr/share/locale/ug/LC_MESSAGES/
usr/share/locale/ug/LC_MESSAGES/libakonadi-kmime6.mo
usr/share/locale/uk/
usr/share/locale/uk/LC_MESSAGES/
usr/share/locale/uk/LC_MESSAGES/libakonadi-kmime6.mo
usr/share/locale/zh_CN/
usr/share/locale/zh_CN/LC_MESSAGES/
usr/share/locale/zh_CN/LC_MESSAGES/libakonadi-kmime6.mo
usr/share/locale/zh_TW/
usr/share/locale/zh_TW/LC_MESSAGES/
usr/share/locale/zh_TW/LC_MESSAGES/libakonadi-kmime6.mo
usr/share/mime/
usr/share/mime/packages/
usr/share/mime/packages/x-vnd.kde.contactgroup.xml
usr/share/qlogging-categories6/
usr/share/qlogging-categories6/akonadi-mime.categories

Slackware package /tmp/akonadi-mime/akonadi-mime-25.04.1-x86_64-1_rtz.tlz created.

Create shared object file for akonadi-mime-25.04.1-x86_64-1_rtz.tlz
Creating /tmp/akonadi-mime/akonadi-mime-25.04.1-x86_64-1_rtz.tlz.so.file using /tmp/akonadi-mime/akonadi-mime-25.04.1-x86_64-1_rtz.tlz
Successfully created /tmp/akonadi-mime/akonadi-mime-25.04.1-x86_64-1_rtz.tlz.so.file
Packaging of executable and meta-data in akonadi-mime.tar.lz4 format.
/tmp/akonadi-mime /tmp/akonadi-mime
/tmp/akonadi-mime
BIN_NAME
README
akonadi-mime-25.04.1-x86_64-1_rtz.tlz
akonadi-mime-25.04.1-x86_64-1_rtz.tlz.md5
akonadi-mime-25.04.1-x86_64-1_rtz.tlz.so.file
akonadi-mime-25.04.1-x86_64-1_rtz.tlz.txt
akonadi-mime.dep
makepkg-akonadi-mime.log
akonadi-mime build finished. Procced to installation...

+===================================================================================================================+
| Upgrading akonadi-mime-25.04.1-x86_64-1_rtz package using /tmp/akonadi-mime/akonadi-mime-25.04.1-x86_64-1_rtz.tlz |
+===================================================================================================================+

Pre-installing package akonadi-mime-25.04.1-x86_64-1_rtz...
Removing package: akonadi-mime-25.04.1-x86_64-1_rtz-upgraded-2025-05-11,01:35:58
Installing package akonadi-mime-25.04.1-x86_64-1_rtz.tlz:
PACKAGE DESCRIPTION:
# akonadi-mime (Libraries and daemons to implement email)
#
# Libraries and daemons to implement basic email handling
#
# https://community.kde.org/KDE_PIM
Executing install script for akonadi-mime-25.04.1-x86_64-1_rtz.tlz.
Font directories:
	/usr/share/fonts
/usr/share/fonts: caching, new cache contents: 0 fonts, 11 dirs
/usr/share/fonts/100dpi: caching, new cache contents: 238 fonts, 0 dirs
/usr/share/fonts/75dpi: caching, new cache contents: 238 fonts, 0 dirs
/usr/share/fonts/OTF: caching, new cache contents: 124 fonts, 0 dirs
/usr/share/fonts/Speedo: caching, new cache contents: 0 fonts, 0 dirs
/usr/share/fonts/TTF: caching, new cache contents: 1132 fonts, 0 dirs
/usr/share/fonts/Type1: caching, new cache contents: 64 fonts, 0 dirs
/usr/share/fonts/cyrillic: caching, new cache contents: 0 fonts, 0 dirs
/usr/share/fonts/encodings: caching, new cache contents: 0 fonts, 1 dirs
/usr/share/fonts/encodings/large: caching, new cache contents: 0 fonts, 0 dirs
/usr/share/fonts/kanjistrokeorders: caching, new cache contents: 1 fonts, 0 dirs
/usr/share/fonts/misc: caching, new cache contents: 143 fonts, 0 dirs
/usr/share/fonts/util: caching, new cache contents: 0 fonts, 0 dirs
/var/cache/fontconfig: cleaning cache directory
/root/.cache/fontconfig: not cleaning non-existent cache directory
/root/.fontconfig: not cleaning non-existent cache directory
/usr/bin/fc-cache: succeeded
Package akonadi-mime-25.04.1-x86_64-1_rtz.tlz installed.
Package akonadi-mime-25.04.1-x86_64-1_rtz upgraded with new package /tmp/akonadi-mime/akonadi-mime-25.04.1-x86_64-1_rtz.tlz.
Cleaning environmet: Removing source code, and work-space...
rm: cannot remove 'akonadi-mime-25.04.1.tar.xz': No such file or directory
Build process completed in 0 minutes and 35 seconds.
