Starting build process...
Detected architecture: x86_64
Required dependencies: extra-cmake-modules	karchive5	kconfig5	kcrash5	kdoctools5	ki18n5	kirigami2	knewstuff5	kxmlgui5 kirigami2
extra-cmake-modules is already installed!
karchive5 is already installed!
kconfig5 is already installed!
kcrash5 is already installed!
kdoctools5 is already installed!
ki18n5 is already installed!
kirigami2 is already installed!
knewstuff5 is already installed!
kxmlgui5 is already installed!
kirigami2 is already installed!
No optional dependencies found.
Downloading source code tar.xz file
--2025-05-10 23:40:04--  https://download.kde.org/stable/release-service/25.04.1/src/artikulate-25.04.1.tar.xz
Resolving download.kde.org (download.kde.org)... 49.12.122.15, 2a01:4f8:242:53eb::4
Connecting to download.kde.org (download.kde.org)|49.12.122.15|:443... connected.
HTTP request sent, awaiting response... 302 Found
Location: https://ftp.cc.uoc.gr/mirrors/kde/stable/release-service/25.04.1/src/artikulate-25.04.1.tar.xz [following]
--2025-05-10 23:40:05--  https://ftp.cc.uoc.gr/mirrors/kde/stable/release-service/25.04.1/src/artikulate-25.04.1.tar.xz
Resolving ftp.cc.uoc.gr (ftp.cc.uoc.gr)... 147.52.159.50, 2001:648:2c00:6c08::2
Connecting to ftp.cc.uoc.gr (ftp.cc.uoc.gr)|147.52.159.50|:443... connected.
HTTP request sent, awaiting response... 200 OK
Length: 1055676 (1.0M) [application/octet-stream]
Saving to: ‘artikulate-25.04.1.tar.xz’

     0K .......... .......... .......... .......... ..........  4% 1.35M 1s
    50K .......... .......... .......... .......... ..........  9% 1.44M 1s
   100K .......... .......... .......... .......... .......... 14% 5.31M 0s
   150K .......... .......... .......... .......... .......... 19% 1.97M 0s
   200K .......... .......... .......... .......... .......... 24% 7.02M 0s
   250K .......... .......... .......... .......... .......... 29% 5.13M 0s
   300K .......... .......... .......... .......... .......... 33% 6.33M 0s
   350K .......... .......... .......... .......... .......... 38%  558K 0s
   400K .......... .......... .......... .......... .......... 43%  334M 0s
   450K .......... .......... .......... .......... .......... 48%  349M 0s
   500K .......... .......... .......... .......... .......... 53%  322M 0s
   550K .......... .......... .......... .......... .......... 58%  345M 0s
   600K .......... .......... .......... .......... .......... 63%  340M 0s
   650K .......... .......... .......... .......... .......... 67%  334M 0s
   700K .......... .......... .......... .......... .......... 72%  336M 0s
   750K .......... .......... .......... .......... .......... 77%  255M 0s
   800K .......... .......... .......... .......... .......... 82% 57.9M 0s
   850K .......... .......... .......... .......... .......... 87% 5.02M 0s
   900K .......... .......... .......... .......... .......... 92% 2.19M 0s
   950K .......... .......... .......... .......... .......... 96% 6.68M 0s
  1000K .......... .......... ..........                      100% 6.41M=0.3s

2025-05-10 23:40:05 (3.81 MB/s) - ‘artikulate-25.04.1.tar.xz’ saved [1055676/1055676]

Found file: artikulate-25.04.1.tar.xz
No checksum provided. Skipping checksum verification and proceeding...
Creating working directories and exporting source code in...
artikulate-25.04.1/
artikulate-25.04.1/icons/
artikulate-25.04.1/icons/32-apps-artikulate.png
artikulate-25.04.1/icons/sc-apps-artikulate.svg
artikulate-25.04.1/icons/64-apps-artikulate.png
artikulate-25.04.1/icons/48-apps-artikulate.png
artikulate-25.04.1/icons/16-apps-artikulate.png
artikulate-25.04.1/icons/CMakeLists.txt
artikulate-25.04.1/README.md
artikulate-25.04.1/.reuse/
artikulate-25.04.1/.reuse/dep5
artikulate-25.04.1/Messages.sh
artikulate-25.04.1/LICENSES/
artikulate-25.04.1/LICENSES/BSD-2-Clause.txt
artikulate-25.04.1/LICENSES/GPL-2.0-only.txt
artikulate-25.04.1/LICENSES/MIT.txt
artikulate-25.04.1/LICENSES/LGPL-3.0-or-later.txt
artikulate-25.04.1/LICENSES/LicenseRef-KDE-Accepted-GPL.txt
artikulate-25.04.1/LICENSES/GPL-3.0-only.txt
artikulate-25.04.1/LICENSES/LGPL-3.0-only.txt
artikulate-25.04.1/LICENSES/LGPL-2.1-only.txt
artikulate-25.04.1/LICENSES/CC0-1.0.txt
artikulate-25.04.1/LICENSES/CC-BY-SA-4.0.txt
artikulate-25.04.1/LICENSES/LGPL-2.1-or-later.txt
artikulate-25.04.1/LICENSES/LGPL-2.0-or-later.txt
artikulate-25.04.1/LICENSES/LicenseRef-KDE-Accepted-LGPL.txt
artikulate-25.04.1/LICENSES/GPL-2.0-or-later.txt
artikulate-25.04.1/.gitlab-ci.yml
artikulate-25.04.1/doc/
artikulate-25.04.1/doc/hi32-action-artikulate-sentence.png
artikulate-25.04.1/doc/hi32-action-artikulate-media-record-active.png
artikulate-25.04.1/doc/editor-apply.png
artikulate-25.04.1/doc/hi32-action-artikulate-media-playback-start.png
artikulate-25.04.1/doc/screen-training-progressbar.png
artikulate-25.04.1/doc/index.docbook
artikulate-25.04.1/doc/first-steps-3-download-course.png
artikulate-25.04.1/doc/training-ok.png
artikulate-25.04.1/doc/first-steps-2-set-language.png
artikulate-25.04.1/doc/editor-set-repository.png
artikulate-25.04.1/doc/editor-cancel.png
artikulate-25.04.1/doc/screen-training-icon-finish.png
artikulate-25.04.1/doc/hi32-action-artikulate-word.png
artikulate-25.04.1/doc/hi32-action-artikulate-expression.png
artikulate-25.04.1/doc/screen-training-overview.png
artikulate-25.04.1/doc/editor-screenshot-unit.png
artikulate-25.04.1/doc/hi32-action-artikulate-language.png
artikulate-25.04.1/doc/training-finish.png
artikulate-25.04.1/doc/training-retry.png
artikulate-25.04.1/doc/hi32-action-artikulate-media-record.png
artikulate-25.04.1/doc/editor-screenshot-editing-phrase.png
artikulate-25.04.1/doc/first-steps-4-start-training.png
artikulate-25.04.1/doc/hi32-action-artikulate-media-playback-stop.png
artikulate-25.04.1/doc/CMakeLists.txt
artikulate-25.04.1/doc/hi32-action-artikulate-paragraph.png
artikulate-25.04.1/doc/first-steps-1-create-profile.png
artikulate-25.04.1/data/
artikulate-25.04.1/data/languages.qrc.license
artikulate-25.04.1/data/schemes/
artikulate-25.04.1/data/schemes/language.xsd
artikulate-25.04.1/data/schemes/skeleton.xsd
artikulate-25.04.1/data/schemes/course.xsd
artikulate-25.04.1/data/languages.qrc
artikulate-25.04.1/data/languages/
artikulate-25.04.1/data/languages/gr.xml
artikulate-25.04.1/data/languages/hi.xml
artikulate-25.04.1/data/languages/fr.xml
artikulate-25.04.1/data/languages/en_BE.xml
artikulate-25.04.1/data/languages/sp.xml
artikulate-25.04.1/data/languages/ca.xml
artikulate-25.04.1/data/languages/du.xml
artikulate-25.04.1/data/languages/pl.xml
artikulate-25.04.1/data/languages/ba.xml
artikulate-25.04.1/data/languages/it.xml
artikulate-25.04.1/data/languages/mr.xml
artikulate-25.04.1/data/languages/de.xml
artikulate-25.04.1/data/languages/en_US.xml
artikulate-25.04.1/logo.png
artikulate-25.04.1/org.kde.artikulate.appdata.xml
artikulate-25.04.1/snapcraft.yaml
artikulate-25.04.1/.kde-ci.yml
artikulate-25.04.1/snap/
artikulate-25.04.1/snap/local/
artikulate-25.04.1/snap/local/launchers/
artikulate-25.04.1/snap/local/launchers/artikulate-launch
artikulate-25.04.1/COPYING.DOC
artikulate-25.04.1/liblearnerprofile/
artikulate-25.04.1/liblearnerprofile/autotests/
artikulate-25.04.1/liblearnerprofile/autotests/testlearnerstorage.h
artikulate-25.04.1/liblearnerprofile/autotests/testlearnerstorage.cpp
artikulate-25.04.1/liblearnerprofile/autotests/CMakeLists.txt
artikulate-25.04.1/liblearnerprofile/CMakeLists.txt
artikulate-25.04.1/liblearnerprofile/src/
artikulate-25.04.1/liblearnerprofile/src/learner_p.h
artikulate-25.04.1/liblearnerprofile/src/storage.cpp
artikulate-25.04.1/liblearnerprofile/src/profilemanager.cpp
artikulate-25.04.1/liblearnerprofile/src/learner.h
artikulate-25.04.1/liblearnerprofile/src/learninggoal.cpp
artikulate-25.04.1/liblearnerprofile/src/liblearner_debug.cpp
artikulate-25.04.1/liblearnerprofile/src/profilemanager.h
artikulate-25.04.1/liblearnerprofile/src/storage.h
artikulate-25.04.1/liblearnerprofile/src/learninggoal.h
artikulate-25.04.1/liblearnerprofile/src/models/
artikulate-25.04.1/liblearnerprofile/src/models/learninggoalmodel.h
artikulate-25.04.1/liblearnerprofile/src/models/learninggoalmodel.cpp
artikulate-25.04.1/liblearnerprofile/src/CMakeLists.txt
artikulate-25.04.1/liblearnerprofile/src/liblearner_debug.h
artikulate-25.04.1/liblearnerprofile/src/learner.cpp
artikulate-25.04.1/.flatpak-manifest.json.license
artikulate-25.04.1/org.kde.artikulate.desktop
artikulate-25.04.1/po/
artikulate-25.04.1/po/pt/
artikulate-25.04.1/po/pt/artikulate.po
artikulate-25.04.1/po/pt/docs/
artikulate-25.04.1/po/pt/docs/artikulate/
artikulate-25.04.1/po/pt/docs/artikulate/index.docbook
artikulate-25.04.1/po/nn/
artikulate-25.04.1/po/nn/artikulate.po
artikulate-25.04.1/po/pl/
artikulate-25.04.1/po/pl/artikulate.po
artikulate-25.04.1/po/ja/
artikulate-25.04.1/po/ja/artikulate.po
artikulate-25.04.1/po/bs/
artikulate-25.04.1/po/bs/artikulate.po
artikulate-25.04.1/po/zh_CN/
artikulate-25.04.1/po/zh_CN/artikulate.po
artikulate-25.04.1/po/cs/
artikulate-25.04.1/po/cs/artikulate.po
artikulate-25.04.1/po/es/
artikulate-25.04.1/po/es/artikulate.po
artikulate-25.04.1/po/es/docs/
artikulate-25.04.1/po/es/docs/artikulate/
artikulate-25.04.1/po/es/docs/artikulate/index.docbook
artikulate-25.04.1/po/ka/
artikulate-25.04.1/po/ka/artikulate.po
artikulate-25.04.1/po/tr/
artikulate-25.04.1/po/tr/artikulate.po
artikulate-25.04.1/po/ug/
artikulate-25.04.1/po/ug/artikulate.po
artikulate-25.04.1/po/ca/
artikulate-25.04.1/po/ca/artikulate.po
artikulate-25.04.1/po/ca/docs/
artikulate-25.04.1/po/ca/docs/artikulate/
artikulate-25.04.1/po/ca/docs/artikulate/index.docbook
artikulate-25.04.1/po/ca/docs/artikulate/first-steps-3-download-course.png
artikulate-25.04.1/po/ca/docs/artikulate/first-steps-4-start-training.png
artikulate-25.04.1/po/ca/docs/artikulate/first-steps-1-create-profile.png
artikulate-25.04.1/po/ca@valencia/
artikulate-25.04.1/po/ca@valencia/artikulate.po
artikulate-25.04.1/po/gl/
artikulate-25.04.1/po/gl/artikulate.po
artikulate-25.04.1/po/ro/
artikulate-25.04.1/po/ro/artikulate.po
artikulate-25.04.1/po/eo/
artikulate-25.04.1/po/eo/artikulate.po
artikulate-25.04.1/po/nl/
artikulate-25.04.1/po/nl/artikulate.po
artikulate-25.04.1/po/nl/docs/
artikulate-25.04.1/po/nl/docs/artikulate/
artikulate-25.04.1/po/nl/docs/artikulate/index.docbook
artikulate-25.04.1/po/mr/
artikulate-25.04.1/po/mr/artikulate.po
artikulate-25.04.1/po/ml/
artikulate-25.04.1/po/ml/artikulate.po
artikulate-25.04.1/po/hu/
artikulate-25.04.1/po/hu/artikulate.po
artikulate-25.04.1/po/eu/
artikulate-25.04.1/po/eu/artikulate.po
artikulate-25.04.1/po/fr/
artikulate-25.04.1/po/fr/artikulate.po
artikulate-25.04.1/po/hi/
artikulate-25.04.1/po/hi/artikulate.po
artikulate-25.04.1/po/sl/
artikulate-25.04.1/po/sl/artikulate.po
artikulate-25.04.1/po/sl/docs/
artikulate-25.04.1/po/sl/docs/artikulate/
artikulate-25.04.1/po/sl/docs/artikulate/index.docbook
artikulate-25.04.1/po/de/
artikulate-25.04.1/po/de/artikulate.po
artikulate-25.04.1/po/de/docs/
artikulate-25.04.1/po/de/docs/artikulate/
artikulate-25.04.1/po/de/docs/artikulate/index.docbook
artikulate-25.04.1/po/ar/
artikulate-25.04.1/po/ar/artikulate.po
artikulate-25.04.1/po/sk/
artikulate-25.04.1/po/sk/artikulate.po
artikulate-25.04.1/po/zh_TW/
artikulate-25.04.1/po/zh_TW/artikulate.po
artikulate-25.04.1/po/et/
artikulate-25.04.1/po/et/artikulate.po
artikulate-25.04.1/po/et/docs/
artikulate-25.04.1/po/et/docs/artikulate/
artikulate-25.04.1/po/et/docs/artikulate/index.docbook
artikulate-25.04.1/po/it/
artikulate-25.04.1/po/it/artikulate.po
artikulate-25.04.1/po/it/docs/
artikulate-25.04.1/po/it/docs/artikulate/
artikulate-25.04.1/po/it/docs/artikulate/index.docbook
artikulate-25.04.1/po/el/
artikulate-25.04.1/po/el/artikulate.po
artikulate-25.04.1/po/da/
artikulate-25.04.1/po/da/artikulate.po
artikulate-25.04.1/po/pt_BR/
artikulate-25.04.1/po/pt_BR/artikulate.po
artikulate-25.04.1/po/pt_BR/docs/
artikulate-25.04.1/po/pt_BR/docs/artikulate/
artikulate-25.04.1/po/pt_BR/docs/artikulate/index.docbook
artikulate-25.04.1/po/ru/
artikulate-25.04.1/po/ru/artikulate.po
artikulate-25.04.1/po/id/
artikulate-25.04.1/po/id/docs/
artikulate-25.04.1/po/id/docs/artikulate/
artikulate-25.04.1/po/id/docs/artikulate/index.docbook
artikulate-25.04.1/po/ia/
artikulate-25.04.1/po/ia/artikulate.po
artikulate-25.04.1/po/sv/
artikulate-25.04.1/po/sv/artikulate.po
artikulate-25.04.1/po/sv/docs/
artikulate-25.04.1/po/sv/docs/artikulate/
artikulate-25.04.1/po/sv/docs/artikulate/index.docbook
artikulate-25.04.1/po/fi/
artikulate-25.04.1/po/fi/artikulate.po
artikulate-25.04.1/po/lt/
artikulate-25.04.1/po/lt/artikulate.po
artikulate-25.04.1/po/ko/
artikulate-25.04.1/po/ko/artikulate.po
artikulate-25.04.1/po/en_GB/
artikulate-25.04.1/po/en_GB/artikulate.po
artikulate-25.04.1/po/uk/
artikulate-25.04.1/po/uk/artikulate.po
artikulate-25.04.1/po/uk/docs/
artikulate-25.04.1/po/uk/docs/artikulate/
artikulate-25.04.1/po/uk/docs/artikulate/index.docbook
artikulate-25.04.1/po/nds/
artikulate-25.04.1/po/nds/artikulate.po
artikulate-25.04.1/po/az/
artikulate-25.04.1/po/az/artikulate.po
artikulate-25.04.1/CONCEPT.md
artikulate-25.04.1/logo.png.license
artikulate-25.04.1/.flatpak-manifest.json
artikulate-25.04.1/autotests/
artikulate-25.04.1/autotests/mocks/
artikulate-25.04.1/autotests/mocks/resourcerepositorystub.h
artikulate-25.04.1/autotests/mocks/languagestub.cpp
artikulate-25.04.1/autotests/mocks/editablerepositorystub.h
artikulate-25.04.1/autotests/mocks/editablerepositorystub.cpp
artikulate-25.04.1/autotests/mocks/resourcerepositorystub.cpp
artikulate-25.04.1/autotests/mocks/coursestub.h
artikulate-25.04.1/autotests/mocks/languagestub.h
artikulate-25.04.1/autotests/mocks/editablecoursestub.cpp
artikulate-25.04.1/autotests/mocks/editablecoursestub.h
artikulate-25.04.1/autotests/mocks/coursestub.cpp
artikulate-25.04.1/autotests/testdata/
artikulate-25.04.1/autotests/testdata/testdata.qrc
artikulate-25.04.1/autotests/testdata/courses/
artikulate-25.04.1/autotests/testdata/courses/fr.xml
artikulate-25.04.1/autotests/testdata/courses/de_01.ogg
artikulate-25.04.1/autotests/testdata/courses/de_02.ogg
artikulate-25.04.1/autotests/testdata/courses/de.xml
artikulate-25.04.1/autotests/testdata/contributorrepository/
artikulate-25.04.1/autotests/testdata/contributorrepository/skeletons/
artikulate-25.04.1/autotests/testdata/contributorrepository/skeletons/skeleton.xml
artikulate-25.04.1/autotests/testdata/contributorrepository/courses/
artikulate-25.04.1/autotests/testdata/contributorrepository/courses/coursename/
artikulate-25.04.1/autotests/testdata/contributorrepository/courses/coursename/fr/
artikulate-25.04.1/autotests/testdata/contributorrepository/courses/coursename/fr/fr.xml
artikulate-25.04.1/autotests/testdata/contributorrepository/courses/coursename/de/
artikulate-25.04.1/autotests/testdata/contributorrepository/courses/coursename/de/de.xml
artikulate-25.04.1/autotests/integrationtests/
artikulate-25.04.1/autotests/integrationtests/iresourcerepository_integration/
artikulate-25.04.1/autotests/integrationtests/iresourcerepository_integration/test_iresourcerepository.cpp
artikulate-25.04.1/autotests/integrationtests/iresourcerepository_integration/test_iresourcerepository.h
artikulate-25.04.1/autotests/integrationtests/CMakeLists.txt
artikulate-25.04.1/autotests/unittests/
artikulate-25.04.1/autotests/unittests/editorsession/
artikulate-25.04.1/autotests/unittests/editorsession/test_editorsession.cpp
artikulate-25.04.1/autotests/unittests/editorsession/test_editorsession.h
artikulate-25.04.1/autotests/unittests/skeletonresource/
artikulate-25.04.1/autotests/unittests/skeletonresource/test_skeletonresource.h
artikulate-25.04.1/autotests/unittests/skeletonresource/test_skeletonresource.cpp
artikulate-25.04.1/autotests/unittests/trainingsession/
artikulate-25.04.1/autotests/unittests/trainingsession/test_trainingsession.cpp
artikulate-25.04.1/autotests/unittests/trainingsession/test_trainingsession.h
artikulate-25.04.1/autotests/unittests/unit/
artikulate-25.04.1/autotests/unittests/unit/test_unit.h
artikulate-25.04.1/autotests/unittests/unit/test_unit.cpp
artikulate-25.04.1/autotests/unittests/coursemodel/
artikulate-25.04.1/autotests/unittests/coursemodel/test_coursemodel.cpp
artikulate-25.04.1/autotests/unittests/coursemodel/test_coursemodel.h
artikulate-25.04.1/autotests/unittests/editablecourseresource/
artikulate-25.04.1/autotests/unittests/editablecourseresource/test_editablecourseresource.cpp
artikulate-25.04.1/autotests/unittests/editablecourseresource/test_editablecourseresource.h
artikulate-25.04.1/autotests/unittests/courseresource/
artikulate-25.04.1/autotests/unittests/courseresource/test_courseresource.h
artikulate-25.04.1/autotests/unittests/courseresource/test_courseresource.cpp
artikulate-25.04.1/autotests/unittests/CMakeLists.txt
artikulate-25.04.1/autotests/unittests/skeletonmodel/
artikulate-25.04.1/autotests/unittests/skeletonmodel/test_skeletonmodel.cpp
artikulate-25.04.1/autotests/unittests/skeletonmodel/test_skeletonmodel.h
artikulate-25.04.1/autotests/unittests/resourcerepository/
artikulate-25.04.1/autotests/unittests/resourcerepository/test_resourcerepository.cpp
artikulate-25.04.1/autotests/unittests/resourcerepository/test_resourcerepository.h
artikulate-25.04.1/autotests/resourcetests/
artikulate-25.04.1/autotests/resourcetests/xsdschemes/
artikulate-25.04.1/autotests/resourcetests/xsdschemes/testxsdschemes.cpp
artikulate-25.04.1/autotests/resourcetests/xsdschemes/testxsdschemes.h
artikulate-25.04.1/autotests/resourcetests/languageresources/
artikulate-25.04.1/autotests/resourcetests/languageresources/testlanguagefiles.cpp
artikulate-25.04.1/autotests/resourcetests/languageresources/testlanguagefiles.h
artikulate-25.04.1/autotests/resourcetests/CMakeLists.txt
artikulate-25.04.1/autotests/CMakeLists.txt
artikulate-25.04.1/CMakeLists.txt
artikulate-25.04.1/libsound/
artikulate-25.04.1/libsound/CMakeLists.txt
artikulate-25.04.1/libsound/src/
artikulate-25.04.1/libsound/src/qtmultimediabackend/
artikulate-25.04.1/libsound/src/qtmultimediabackend/qtmultimediacapturebackend.cpp
artikulate-25.04.1/libsound/src/qtmultimediabackend/qtmultimediaoutputbackend.h
artikulate-25.04.1/libsound/src/qtmultimediabackend/qtmultimediacapturebackend.h
artikulate-25.04.1/libsound/src/qtmultimediabackend/CMakeLists.txt
artikulate-25.04.1/libsound/src/qtmultimediabackend/qtmultimediaoutputbackend.cpp
artikulate-25.04.1/libsound/src/capturebackendinterface.cpp
artikulate-25.04.1/libsound/src/capturedevicecontroller.h
artikulate-25.04.1/libsound/src/libsound_debug.cpp
artikulate-25.04.1/libsound/src/capturedevicecontroller.cpp
artikulate-25.04.1/libsound/src/outputdevicecontroller.h
artikulate-25.04.1/libsound/src/capturebackendinterface.h
artikulate-25.04.1/libsound/src/outputdevicecontroller.cpp
artikulate-25.04.1/libsound/src/libsound_debug.h
artikulate-25.04.1/libsound/src/outputbackendinterface.cpp
artikulate-25.04.1/libsound/src/CMakeLists.txt
artikulate-25.04.1/libsound/src/outputbackendinterface.h
artikulate-25.04.1/COPYING
artikulate-25.04.1/src/
artikulate-25.04.1/src/editor.qrc
artikulate-25.04.1/src/mainwindow_editor.cpp
artikulate-25.04.1/src/application.h
artikulate-25.04.1/src/main_editor.cpp
artikulate-25.04.1/src/artikulate.kcfg
artikulate-25.04.1/src/artikulate_debug.cpp
artikulate-25.04.1/src/artikulate.knsrc
artikulate-25.04.1/src/qmlcontrols/
artikulate-25.04.1/src/qmlcontrols/iconitem.cpp
artikulate-25.04.1/src/qmlcontrols/managedtexturenode.h
artikulate-25.04.1/src/qmlcontrols/managedtexturenode.cpp
artikulate-25.04.1/src/qmlcontrols/imagetexturescache.cpp
artikulate-25.04.1/src/qmlcontrols/iconitem.h
artikulate-25.04.1/src/qmlcontrols/imagetexturescache.h
artikulate-25.04.1/src/mainwindow.h
artikulate-25.04.1/src/mainwindow_editor.h
artikulate-25.04.1/src/qml/
artikulate-25.04.1/src/qml/ProfileUserImageItem.qml
artikulate-25.04.1/src/qml/EditorDrawer.qml
artikulate-25.04.1/src/qml/TrainerCourseStatistics.qml
artikulate-25.04.1/src/qml/Editor.qml
artikulate-25.04.1/src/qml/TrainingPage.qml
artikulate-25.04.1/src/qml/ProfileSelector.qml
artikulate-25.04.1/src/qml/PhraseEditorSoundComponent.qml
artikulate-25.04.1/src/qml/CourseConfigurationPage.qml
artikulate-25.04.1/src/qml/WelcomePage.qml
artikulate-25.04.1/src/qml/PhonemeUnitSelector.qml
artikulate-25.04.1/src/qml/EditCoursePage.qml
artikulate-25.04.1/src/qml/PhraseEditorTypeComponent.qml
artikulate-25.04.1/src/qml/PhraseEditorEditStateComponent.qml
artikulate-25.04.1/src/qml/RepositoryConfigurationPage.qml
artikulate-25.04.1/src/qml/ArtikulateDrawer.qml
artikulate-25.04.1/src/qml/ActionListItem.qml
artikulate-25.04.1/src/qml/ProfileUserItem.qml
artikulate-25.04.1/src/qml/EditorCourseSelectionPage.qml
artikulate-25.04.1/src/qml/SoundPlayer.qml
artikulate-25.04.1/src/qml/SoundRecorder.qml
artikulate-25.04.1/src/qml/ProfileSettingsPage.qml
artikulate-25.04.1/src/qml/ProfileDetailsItem.qml
artikulate-25.04.1/src/qml/PhraseEditor.qml
artikulate-25.04.1/src/qml/EditorSkeletonSelectionPage.qml
artikulate-25.04.1/src/qml/Main.qml
artikulate-25.04.1/src/settings.kcfgc
artikulate-25.04.1/src/mainwindow.cpp
artikulate-25.04.1/src/settings.kcfgc.license
artikulate-25.04.1/src/main.cpp
artikulate-25.04.1/src/artikulate.knsrc.license
artikulate-25.04.1/src/application.cpp
artikulate-25.04.1/src/resources.qrc
artikulate-25.04.1/src/models/
artikulate-25.04.1/src/models/coursefiltermodel.h
artikulate-25.04.1/src/models/phrasefiltermodel.h
artikulate-25.04.1/src/models/phraselistmodel.cpp
artikulate-25.04.1/src/models/phonememodel.cpp
artikulate-25.04.1/src/models/skeletonmodel.cpp
artikulate-25.04.1/src/models/phrasefiltermodel.cpp
artikulate-25.04.1/src/models/languagemodel.h
artikulate-25.04.1/src/models/learningprogressmodel.cpp
artikulate-25.04.1/src/models/languageresourcemodel.cpp
artikulate-25.04.1/src/models/skeletonmodel.h
artikulate-25.04.1/src/models/coursemodel.h
artikulate-25.04.1/src/models/unitmodel.h
artikulate-25.04.1/src/models/learningprogressmodel.h
artikulate-25.04.1/src/models/phonemeunitmodel.cpp
artikulate-25.04.1/src/models/unitfiltermodel.h
artikulate-25.04.1/src/models/phraselistmodel.h
artikulate-25.04.1/src/models/phrasemodel.cpp
artikulate-25.04.1/src/models/coursefiltermodel.cpp
artikulate-25.04.1/src/models/phonememodel.h
artikulate-25.04.1/src/models/languageresourcemodel.h
artikulate-25.04.1/src/models/phonemegroupmodel.h
artikulate-25.04.1/src/models/phonemeunitmodel.h
artikulate-25.04.1/src/models/phrasemodel.h
artikulate-25.04.1/src/models/profilemodel.h
artikulate-25.04.1/src/models/phonemegroupmodel.cpp
artikulate-25.04.1/src/models/languagemodel.cpp
artikulate-25.04.1/src/models/coursemodel.cpp
artikulate-25.04.1/src/models/unitmodel.cpp
artikulate-25.04.1/src/models/profilemodel.cpp
artikulate-25.04.1/src/models/unitfiltermodel.cpp
artikulate-25.04.1/src/CMakeLists.txt
artikulate-25.04.1/src/core/
artikulate-25.04.1/src/core/ilanguage.h
artikulate-25.04.1/src/core/resourcerepository.cpp
artikulate-25.04.1/src/core/iphrase.h
artikulate-25.04.1/src/core/trainingaction.cpp
artikulate-25.04.1/src/core/iresourcerepository.h
artikulate-25.04.1/src/core/drawertrainingactions.cpp
artikulate-25.04.1/src/core/trainingactionicon.h
artikulate-25.04.1/src/core/phonemegroup.h
artikulate-25.04.1/src/core/phrase.h
artikulate-25.04.1/src/core/phrase.cpp
artikulate-25.04.1/src/core/ieditablerepository.h
artikulate-25.04.1/src/core/recorder.h
artikulate-25.04.1/src/core/icourse.h
artikulate-25.04.1/src/core/player.cpp
artikulate-25.04.1/src/core/contributorrepository.h
artikulate-25.04.1/src/core/unit.h
artikulate-25.04.1/src/core/trainingaction.h
artikulate-25.04.1/src/core/phoneme.cpp
artikulate-25.04.1/src/core/resourcerepository.h
artikulate-25.04.1/src/core/unit.cpp
artikulate-25.04.1/src/core/editorsession.h
artikulate-25.04.1/src/core/trainingactionicon.cpp
artikulate-25.04.1/src/core/trainingsession.cpp
artikulate-25.04.1/src/core/recorder.cpp
artikulate-25.04.1/src/core/ieditableunit.h
artikulate-25.04.1/src/core/phonemegroup.cpp
artikulate-25.04.1/src/core/drawertrainingactions.h
artikulate-25.04.1/src/core/player.h
artikulate-25.04.1/src/core/editorsession.cpp
artikulate-25.04.1/src/core/language.h
artikulate-25.04.1/src/core/resources/
artikulate-25.04.1/src/core/resources/courseparser.cpp
artikulate-25.04.1/src/core/resources/editablecourseresource.cpp
artikulate-25.04.1/src/core/resources/skeletonresource.cpp
artikulate-25.04.1/src/core/resources/skeletonresource.h
artikulate-25.04.1/src/core/resources/courseresource.cpp
artikulate-25.04.1/src/core/resources/courseresource.h
artikulate-25.04.1/src/core/resources/editablecourseresource.h
artikulate-25.04.1/src/core/resources/courseparser.h
artikulate-25.04.1/src/core/iunit.h
artikulate-25.04.1/src/core/contributorrepository.cpp
artikulate-25.04.1/src/core/trainingsession.h
artikulate-25.04.1/src/core/isessionactions.h
artikulate-25.04.1/src/core/phoneme.h
artikulate-25.04.1/src/core/ieditablephrase.h
artikulate-25.04.1/src/core/ieditablecourse.h
artikulate-25.04.1/src/core/language.cpp
artikulate-25.04.1/src/artikulate_debug.h
artikulate-25.04.1/.gitignore
/home/omen/GITHUB/PLASMA_WORLD/AthOS/REPO-AthOS/artikulate/work
README or README.md already exists, skipping creation.
hm...lets continue and see what happens
-- The C compiler identification is GNU 14.2.0
-- The CXX compiler identification is GNU 14.2.0
-- Detecting C compiler ABI info
-- Detecting C compiler ABI info - done
-- Check for working C compiler: /usr/bin/cc - skipped
-- Detecting C compile features
-- Detecting C compile features - done
-- Detecting CXX compiler ABI info
-- Detecting CXX compiler ABI info - done
-- Check for working CXX compiler: /usr/bin/c++ - skipped
-- Detecting CXX compile features
-- Detecting CXX compile features - done
-- Installing in the same prefix as Qt, adopting their path scheme.
-- Looking for __GLIBC__
-- Looking for __GLIBC__ - found
-- Performing Test _OFFT_IS_64BIT
-- Performing Test _OFFT_IS_64BIT - Success
-- Performing Test HAVE_DATE_TIME
-- Performing Test HAVE_DATE_TIME - Success
-- Found KF5Archive: /usr/lib64/cmake/KF5Archive/KF5ArchiveConfig.cmake (found version "5.116.0")
-- Found KF5Config: /usr/lib64/cmake/KF5Config/KF5ConfigConfig.cmake (found version "5.116.0")
-- Found KF5Crash: /usr/lib64/cmake/KF5Crash/KF5CrashConfig.cmake (found version "5.116.0")
-- Found Gettext: /usr/bin/msgmerge (found version "0.25")
-- Found KF5I18n: /usr/lib64/cmake/KF5I18n/KF5I18nConfig.cmake (found version "5.116.0")
-- Found KF5NewStuff: /usr/lib64/cmake/KF5NewStuff/KF5NewStuffConfig.cmake (found version "5.116.0")
-- Found KF5Kirigami2: /usr/lib64/cmake/KF5Kirigami2/KF5Kirigami2Config.cmake (found version "5.116.0")
-- Found KF5: success (found suitable version "5.116.0", minimum required is "5.90.0") found components: Archive Config Crash I18n NewStuff Kirigami2
-- Performing Test COMPILER_HAS_HIDDEN_VISIBILITY
-- Performing Test COMPILER_HAS_HIDDEN_VISIBILITY - Success
-- Performing Test COMPILER_HAS_HIDDEN_INLINE_VISIBILITY
-- Performing Test COMPILER_HAS_HIDDEN_INLINE_VISIBILITY - Success
-- Performing Test COMPILER_HAS_DEPRECATED_ATTR
-- Performing Test COMPILER_HAS_DEPRECATED_ATTR - Success
-- The following OPTIONAL packages have been found:

 * KF5DocTools

-- The following REQUIRED packages have been found:

 * ECM (required version >= 5.90.0)
 * Qt5Sql
 * Qt5Gui (required version >= 5.15.16)
 * Qt5Multimedia
 * Qt5XmlPatterns
 * Qt5Qml
 * Qt5QmlModels (required version >= 5.15.16)
 * Qt5Quick
 * Qt5Test
 * Qt5 (required version >= 5.15.2)
 * KF5Archive (required version >= 5.90.0)
 * KF5Crash (required version >= 5.90.0)
 * Gettext
 * KF5I18n (required version >= 5.90.0)
 * KF5Config (required version >= 5.116.0)
 * Qt5Network (required version >= 5.15.2)
 * KF5NewStuff (required version >= 5.90.0)
 * KF5Kirigami2 (required version >= 5.90.0)
 * KF5 (required version >= 5.90.0)

-- Configuring done (0.7s)
-- Generating done (0.1s)
CMake Warning:
  Manually-specified variables were not used by the project:

    CMAKE_INSTALL_DOCDIR


-- Build files have been written to: /home/omen/GITHUB/PLASMA_WORLD/AthOS/REPO-AthOS/artikulate/work/artikulate-25.04.1/build
[1/190] Generating qrc_languages.cpp
[2/190] Generating ts...
[3/190] Generating mo...
[4/190] Automatic MOC for target test_xsdschemes
[5/190] Generating po/nl/docs/artikulate/index.cache.bz2
[6/190] Automatic MOC for target artikulatelearnerprofile
[7/190] Generating po/ca/docs/artikulate/index.cache.bz2
[8/190] Generating index.cache.bz2
[9/190] Generating po/pt/docs/artikulate/index.cache.bz2
[10/190] Generating po/es/docs/artikulate/index.cache.bz2
[11/190] Generating po/pt_BR/docs/artikulate/index.cache.bz2
I/O warning : failed to load "/usr/share/kf5/kdoctools/customization/xsl/pt-BR.xml": No such file or directory
No "pt_br" localization of "footer-doc-comment" exists; using "en".
No "pt_br" localization of "footer-doc-feedback" exists; using "en".
No "pt_br" localization of "footer-doc-teamname" exists; using "en".
No "pt_br" localization of "footer-doc-comment" exists; using "en".
No "pt_br" localization of "footer-doc-feedback" exists; using "en".
No "pt_br" localization of "footer-doc-teamname" exists; using "en".
No "pt_br" localization of "footer-doc-comment" exists; using "en".
No "pt_br" localization of "footer-doc-feedback" exists; using "en".
No "pt_br" localization of "footer-doc-teamname" exists; using "en".
No "pt_br" localization of "footer-doc-comment" exists; using "en".
No "pt_br" localization of "footer-doc-feedback" exists; using "en".
No "pt_br" localization of "footer-doc-teamname" exists; using "en".
No "pt_br" localization of "footer-doc-comment" exists; using "en".
No "pt_br" localization of "footer-doc-feedback" exists; using "en".
No "pt_br" localization of "footer-doc-teamname" exists; using "en".
[12/190] Generating po/de/docs/artikulate/index.cache.bz2
[13/190] Building CXX object autotests/resourcetests/CMakeFiles/test_xsdschemes.dir/qrc_languages.cpp.o
[14/190] Generating po/id/docs/artikulate/index.cache.bz2
[15/190] Automatic MOC for target artikulatesound
[16/190] Generating po/et/docs/artikulate/index.cache.bz2
[17/190] Generating po/sl/docs/artikulate/index.cache.bz2
[18/190] Generating po/uk/docs/artikulate/index.cache.bz2
[19/190] Generating po/sv/docs/artikulate/index.cache.bz2
[20/190] Generating po/it/docs/artikulate/index.cache.bz2
[21/190] Building CXX object liblearnerprofile/src/CMakeFiles/artikulatelearnerprofile.dir/liblearner_debug.cpp.o
[22/190] Building CXX object libsound/src/CMakeFiles/artikulatesound.dir/capturedevicecontroller.cpp.o
[23/190] Building CXX object autotests/resourcetests/CMakeFiles/test_xsdschemes.dir/test_xsdschemes_autogen/mocs_compilation.cpp.o
[24/190] Building CXX object libsound/src/CMakeFiles/artikulatesound.dir/outputdevicecontroller.cpp.o
[25/190] Building CXX object autotests/resourcetests/CMakeFiles/test_xsdschemes.dir/xsdschemes/testxsdschemes.cpp.o
[26/190] Building CXX object libsound/src/CMakeFiles/artikulatesound.dir/artikulatesound_autogen/mocs_compilation.cpp.o
[27/190] Building CXX object libsound/src/CMakeFiles/artikulatesound.dir/qtmultimediabackend/qtmultimediaoutputbackend.cpp.o
[28/190] Building CXX object liblearnerprofile/src/CMakeFiles/artikulatelearnerprofile.dir/learninggoal.cpp.o
[29/190] Building CXX object libsound/src/CMakeFiles/artikulatesound.dir/outputbackendinterface.cpp.o
[30/190] Building CXX object libsound/src/CMakeFiles/artikulatesound.dir/capturebackendinterface.cpp.o
[31/190] Linking CXX executable bin/test_xsdschemes
[32/190] Building CXX object liblearnerprofile/src/CMakeFiles/artikulatelearnerprofile.dir/artikulatelearnerprofile_autogen/mocs_compilation.cpp.o
[33/190] Building CXX object libsound/src/CMakeFiles/artikulatesound.dir/libsound_debug.cpp.o
[34/190] Building CXX object liblearnerprofile/src/CMakeFiles/artikulatelearnerprofile.dir/learner.cpp.o
[35/190] Building CXX object liblearnerprofile/src/CMakeFiles/artikulatelearnerprofile.dir/models/learninggoalmodel.cpp.o
[36/190] Building CXX object libsound/src/CMakeFiles/artikulatesound.dir/qtmultimediabackend/qtmultimediacapturebackend.cpp.o
[37/190] Building CXX object liblearnerprofile/src/CMakeFiles/artikulatelearnerprofile.dir/profilemanager.cpp.o
[38/190] Linking CXX shared library bin/libartikulatesound.so.0
[39/190] Creating library symlink bin/libartikulatesound.so
[40/190] Building CXX object liblearnerprofile/src/CMakeFiles/artikulatelearnerprofile.dir/storage.cpp.o
[41/190] Linking CXX shared library bin/libartikulatelearnerprofile.so.0
[42/190] Creating library symlink bin/libartikulatelearnerprofile.so
[43/190] Automatic MOC for target TestLearnerStorage
[44/190] Automatic MOC for target artikulatecore
AutoMoc: /home/omen/GITHUB/PLASMA_WORLD/AthOS/REPO-AthOS/artikulate/work/artikulate-25.04.1/src/core/trainingaction.h:25: Warning: Property declaration parent is both WRITEable and CONSTANT. CONSTANT will be ignored.
[45/190] Generating settings.h, settings.cpp
[46/190] Building CXX object liblearnerprofile/autotests/CMakeFiles/TestLearnerStorage.dir/TestLearnerStorage_autogen/mocs_compilation.cpp.o
[47/190] Building CXX object liblearnerprofile/autotests/CMakeFiles/TestLearnerStorage.dir/__/src/liblearner_debug.cpp.o
[48/190] Building CXX object src/CMakeFiles/artikulatecore.dir/core/trainingactionicon.cpp.o
[49/190] Building CXX object src/CMakeFiles/artikulatecore.dir/core/phonemegroup.cpp.o
[50/190] Building CXX object src/CMakeFiles/artikulatecore.dir/core/phoneme.cpp.o
[51/190] Building CXX object src/CMakeFiles/artikulatecore.dir/artikulate_debug.cpp.o
[52/190] Building CXX object liblearnerprofile/autotests/CMakeFiles/TestLearnerStorage.dir/__/src/storage.cpp.o
[53/190] Building CXX object src/CMakeFiles/artikulatecore.dir/core/trainingsession.cpp.o
/home/omen/GITHUB/PLASMA_WORLD/AthOS/REPO-AthOS/artikulate/work/artikulate-25.04.1/src/core/trainingsession.cpp: In member function ‘void TrainingSession::accept()’:
/home/omen/GITHUB/PLASMA_WORLD/AthOS/REPO-AthOS/artikulate/work/artikulate-25.04.1/src/core/trainingsession.cpp:138:10: warning: unused variable ‘phrase’ [-Wunused-variable]
  138 |     auto phrase = activePhrase();
      |          ^~~~~~
/home/omen/GITHUB/PLASMA_WORLD/AthOS/REPO-AthOS/artikulate/work/artikulate-25.04.1/src/core/trainingsession.cpp:145:35: warning: unused variable ‘goal’ [-Wunused-variable]
  145 |     LearnerProfile::LearningGoal *goal = m_profileManager->goal(LearnerProfile::LearningGoal::Language, m_course->language()->id());
      |                                   ^~~~
/home/omen/GITHUB/PLASMA_WORLD/AthOS/REPO-AthOS/artikulate/work/artikulate-25.04.1/src/core/trainingsession.cpp: In member function ‘void TrainingSession::skip()’:
/home/omen/GITHUB/PLASMA_WORLD/AthOS/REPO-AthOS/artikulate/work/artikulate-25.04.1/src/core/trainingsession.cpp:167:10: warning: unused variable ‘phrase’ [-Wunused-variable]
  167 |     auto phrase = activePhrase();
      |          ^~~~~~
/home/omen/GITHUB/PLASMA_WORLD/AthOS/REPO-AthOS/artikulate/work/artikulate-25.04.1/src/core/trainingsession.cpp:171:35: warning: unused variable ‘goal’ [-Wunused-variable]
  171 |     LearnerProfile::LearningGoal *goal = m_profileManager->goal(LearnerProfile::LearningGoal::Language, m_course->language()->id());
      |                                   ^~~~
[54/190] Building CXX object src/CMakeFiles/artikulatecore.dir/core/drawertrainingactions.cpp.o
[55/190] Building CXX object src/CMakeFiles/artikulatecore.dir/core/editorsession.cpp.o
[56/190] Building CXX object src/CMakeFiles/artikulatecore.dir/core/unit.cpp.o
[57/190] Building CXX object liblearnerprofile/autotests/CMakeFiles/TestLearnerStorage.dir/testlearnerstorage.cpp.o
[58/190] Building CXX object src/CMakeFiles/artikulatecore.dir/core/phrase.cpp.o
[59/190] Building CXX object src/CMakeFiles/artikulatecore.dir/core/resources/courseparser.cpp.o
[60/190] Building CXX object src/CMakeFiles/artikulatecore.dir/core/language.cpp.o
[61/190] Building CXX object src/CMakeFiles/artikulatecore.dir/core/trainingaction.cpp.o
[62/190] Building CXX object src/CMakeFiles/artikulatecore.dir/core/resourcerepository.cpp.o
[63/190] Building CXX object src/CMakeFiles/artikulatecore.dir/core/player.cpp.o
[64/190] Building CXX object src/CMakeFiles/artikulatecore.dir/core/recorder.cpp.o
[65/190] Building CXX object src/CMakeFiles/artikulatecore.dir/models/coursefiltermodel.cpp.o
[66/190] Building CXX object src/CMakeFiles/artikulatecore.dir/core/resources/courseresource.cpp.o
[67/190] Building CXX object src/CMakeFiles/artikulatecore.dir/core/resources/skeletonresource.cpp.o
[68/190] Building CXX object src/CMakeFiles/artikulatecore.dir/core/contributorrepository.cpp.o
[69/190] Building CXX object src/CMakeFiles/artikulatecore.dir/models/unitfiltermodel.cpp.o
[70/190] Building CXX object src/CMakeFiles/artikulatecore.dir/models/unitmodel.cpp.o
/home/omen/GITHUB/PLASMA_WORLD/AthOS/REPO-AthOS/artikulate/work/artikulate-25.04.1/src/models/unitmodel.cpp: In member function ‘virtual QVariant UnitModel::data(const QModelIndex&, int) const’:
/home/omen/GITHUB/PLASMA_WORLD/AthOS/REPO-AthOS/artikulate/work/artikulate-25.04.1/src/models/unitmodel.cpp:90:30: warning: unused variable ‘phrase’ [-Wunused-variable]
   90 |             for (const auto &phrase : unit->phrases()) {
      |                              ^~~~~~
[71/190] Building CXX object src/CMakeFiles/artikulatecore.dir/models/languagemodel.cpp.o
[72/190] Building CXX object src/CMakeFiles/artikulatecore.dir/models/languageresourcemodel.cpp.o
[73/190] Building CXX object src/CMakeFiles/artikulatecore.dir/models/phraselistmodel.cpp.o
[74/190] Building CXX object src/CMakeFiles/artikulatecore.dir/models/coursemodel.cpp.o
[75/190] Building CXX object src/CMakeFiles/artikulatecore.dir/core/resources/editablecourseresource.cpp.o
[76/190] Linking CXX executable bin/TestLearnerStorage
[77/190] Building CXX object src/CMakeFiles/artikulatecore.dir/models/phonememodel.cpp.o
[78/190] Building CXX object src/CMakeFiles/artikulatecore.dir/models/phonemegroupmodel.cpp.o
/home/omen/GITHUB/PLASMA_WORLD/AthOS/REPO-AthOS/artikulate/work/artikulate-25.04.1/src/models/phonemegroupmodel.cpp: In member function ‘virtual QVariant PhonemeGroupModel::data(const QModelIndex&, int) const’:
/home/omen/GITHUB/PLASMA_WORLD/AthOS/REPO-AthOS/artikulate/work/artikulate-25.04.1/src/models/phonemegroupmodel.cpp:67:53: warning: unused parameter ‘index’ [-Wunused-parameter]
   67 | QVariant PhonemeGroupModel::data(const QModelIndex &index, int role) const
      |                                  ~~~~~~~~~~~~~~~~~~~^~~~~
/home/omen/GITHUB/PLASMA_WORLD/AthOS/REPO-AthOS/artikulate/work/artikulate-25.04.1/src/models/phonemegroupmodel.cpp:67:64: warning: unused parameter ‘role’ [-Wunused-parameter]
   67 | QVariant PhonemeGroupModel::data(const QModelIndex &index, int role) const
      |                                                            ~~~~^~~~
/home/omen/GITHUB/PLASMA_WORLD/AthOS/REPO-AthOS/artikulate/work/artikulate-25.04.1/src/models/phonemegroupmodel.cpp: In member function ‘virtual int PhonemeGroupModel::rowCount(const QModelIndex&) const’:
/home/omen/GITHUB/PLASMA_WORLD/AthOS/REPO-AthOS/artikulate/work/artikulate-25.04.1/src/models/phonemegroupmodel.cpp:101:52: warning: unused parameter ‘parent’ [-Wunused-parameter]
  101 | int PhonemeGroupModel::rowCount(const QModelIndex &parent) const
      |                                 ~~~~~~~~~~~~~~~~~~~^~~~~~
[79/190] Building CXX object src/CMakeFiles/artikulatecore.dir/models/phrasefiltermodel.cpp.o
[80/190] Building CXX object src/CMakeFiles/artikulatecore.dir/models/profilemodel.cpp.o
[81/190] Building CXX object src/CMakeFiles/artikulatecore.dir/models/phrasemodel.cpp.o
[82/190] Building CXX object src/CMakeFiles/artikulatecore.dir/application.cpp.o
[83/190] Building CXX object src/CMakeFiles/artikulatecore.dir/qmlcontrols/imagetexturescache.cpp.o
[84/190] Building CXX object src/CMakeFiles/artikulatecore.dir/models/phonemeunitmodel.cpp.o
/home/omen/GITHUB/PLASMA_WORLD/AthOS/REPO-AthOS/artikulate/work/artikulate-25.04.1/src/models/phonemeunitmodel.cpp: In member function ‘virtual QVariant PhonemeUnitModel::data(const QModelIndex&, int) const’:
/home/omen/GITHUB/PLASMA_WORLD/AthOS/REPO-AthOS/artikulate/work/artikulate-25.04.1/src/models/phonemeunitmodel.cpp:89:52: warning: unused parameter ‘index’ [-Wunused-parameter]
   89 | QVariant PhonemeUnitModel::data(const QModelIndex &index, int role) const
      |                                 ~~~~~~~~~~~~~~~~~~~^~~~~
/home/omen/GITHUB/PLASMA_WORLD/AthOS/REPO-AthOS/artikulate/work/artikulate-25.04.1/src/models/phonemeunitmodel.cpp:89:63: warning: unused parameter ‘role’ [-Wunused-parameter]
   89 | QVariant PhonemeUnitModel::data(const QModelIndex &index, int role) const
      |                                                           ~~~~^~~~
/home/omen/GITHUB/PLASMA_WORLD/AthOS/REPO-AthOS/artikulate/work/artikulate-25.04.1/src/models/phonemeunitmodel.cpp: In member function ‘virtual int PhonemeUnitModel::rowCount(const QModelIndex&) const’:
/home/omen/GITHUB/PLASMA_WORLD/AthOS/REPO-AthOS/artikulate/work/artikulate-25.04.1/src/models/phonemeunitmodel.cpp:128:51: warning: unused parameter ‘parent’ [-Wunused-parameter]
  128 | int PhonemeUnitModel::rowCount(const QModelIndex &parent) const
      |                                ~~~~~~~~~~~~~~~~~~~^~~~~~
[85/190] Building CXX object src/CMakeFiles/artikulatecore.dir/qmlcontrols/iconitem.cpp.o
[86/190] Building CXX object src/CMakeFiles/artikulatecore.dir/models/skeletonmodel.cpp.o
[87/190] Building CXX object src/CMakeFiles/artikulatecore.dir/qmlcontrols/managedtexturenode.cpp.o
[88/190] Building CXX object src/CMakeFiles/artikulatecore.dir/settings.cpp.o
[89/190] Building CXX object src/CMakeFiles/artikulatecore.dir/artikulatecore_autogen/mocs_compilation.cpp.o
[90/190] Linking CXX shared library bin/libartikulatecore.so.0
[91/190] Creating library symlink bin/libartikulatecore.so
[92/190] Generating qrc_languages.cpp
[93/190] Generating qrc_resources.cpp
[94/190] Generating qrc_languages.cpp
[95/190] Generating qrc_testdata.cpp
[96/190] Automatic MOC for target test_iresourcerepository_integration
[97/190] Generating qrc_languages.cpp
[98/190] Automatic MOC for target test_trainingsession
[99/190] Automatic MOC for target test_resourcerepository
[100/190] Automatic MOC for target test_editorsession
[101/190] Automatic MOC for target test_courseresource
[102/190] Automatic MOC for target test_coursemodel
[103/190] Automatic MOC for target test_languageresources
[104/190] Automatic MOC for target test_skeletonresource
[105/190] Automatic MOC for target test_skeletonmodel
[106/190] Automatic MOC for target test_editablecourseresource
[107/190] Automatic MOC for target artikulate
[108/190] Automatic MOC for target artikulate_editor
[109/190] Automatic MOC for target test_unit
[110/190] Building CXX object autotests/integrationtests/CMakeFiles/test_iresourcerepository_integration.dir/qrc_languages.cpp.o
[111/190] Generating qrc_editor.cpp
RCC: Warning: No resources in '/home/omen/GITHUB/PLASMA_WORLD/AthOS/REPO-AthOS/artikulate/work/artikulate-25.04.1/src/editor.qrc'.
[112/190] Building CXX object autotests/unittests/CMakeFiles/test_resourcerepository.dir/qrc_languages.cpp.o
[113/190] Building CXX object src/CMakeFiles/artikulate.dir/qrc_resources.cpp.o
[114/190] Building CXX object src/CMakeFiles/artikulate.dir/qrc_languages.cpp.o
[115/190] Building CXX object src/CMakeFiles/artikulate.dir/artikulate_debug.cpp.o
[116/190] Building CXX object autotests/unittests/CMakeFiles/test_editorsession.dir/test_editorsession_autogen/mocs_compilation.cpp.o
[117/190] Building CXX object autotests/unittests/CMakeFiles/test_editorsession.dir/__/mocks/editablecoursestub.cpp.o
[118/190] Building CXX object autotests/integrationtests/CMakeFiles/test_iresourcerepository_integration.dir/test_iresourcerepository_integration_autogen/mocs_compilation.cpp.o
[119/190] Building CXX object src/CMakeFiles/artikulate.dir/artikulate_autogen/mocs_compilation.cpp.o
[120/190] Building CXX object autotests/unittests/CMakeFiles/test_resourcerepository.dir/test_resourcerepository_autogen/mocs_compilation.cpp.o
[121/190] Building CXX object autotests/unittests/CMakeFiles/test_courseresource.dir/__/mocks/resourcerepositorystub.cpp.o
[122/190] Building CXX object autotests/unittests/CMakeFiles/test_trainingsession.dir/test_trainingsession_autogen/mocs_compilation.cpp.o
[123/190] Building CXX object src/CMakeFiles/artikulate_editor.dir/qrc_resources.cpp.o
[124/190] Building CXX object src/CMakeFiles/artikulate_editor.dir/qrc_editor.cpp.o
[125/190] Building CXX object src/CMakeFiles/artikulate_editor.dir/qrc_languages.cpp.o
[126/190] Building CXX object autotests/unittests/CMakeFiles/test_courseresource.dir/qrc_languages.cpp.o
[127/190] Building CXX object autotests/unittests/CMakeFiles/test_courseresource.dir/test_courseresource_autogen/mocs_compilation.cpp.o
[128/190] Building CXX object autotests/unittests/CMakeFiles/test_editorsession.dir/__/mocks/languagestub.cpp.o
[129/190] Building CXX object autotests/unittests/CMakeFiles/test_editorsession.dir/__/mocks/editablerepositorystub.cpp.o
[130/190] Building CXX object autotests/unittests/CMakeFiles/test_skeletonresource.dir/qrc_languages.cpp.o
[131/190] Building CXX object autotests/unittests/CMakeFiles/test_trainingsession.dir/__/mocks/languagestub.cpp.o
[132/190] Building CXX object autotests/unittests/CMakeFiles/test_courseresource.dir/__/mocks/languagestub.cpp.o
[133/190] Building CXX object autotests/unittests/CMakeFiles/test_unit.dir/qrc_languages.cpp.o
[134/190] Building CXX object autotests/unittests/CMakeFiles/test_trainingsession.dir/__/mocks/coursestub.cpp.o
[135/190] Building CXX object src/CMakeFiles/artikulate.dir/main.cpp.o
[136/190] Building CXX object src/CMakeFiles/artikulate.dir/mainwindow.cpp.o
[137/190] Building CXX object autotests/unittests/CMakeFiles/test_resourcerepository.dir/resourcerepository/test_resourcerepository.cpp.o
[138/190] Building CXX object src/CMakeFiles/artikulate.dir/settings.cpp.o
[139/190] Building CXX object autotests/unittests/CMakeFiles/test_skeletonresource.dir/test_skeletonresource_autogen/mocs_compilation.cpp.o
[140/190] Building CXX object autotests/unittests/CMakeFiles/test_editablecourseresource.dir/qrc_languages.cpp.o
[141/190] Building CXX object autotests/unittests/CMakeFiles/test_skeletonresource.dir/__/mocks/resourcerepositorystub.cpp.o
[142/190] Building CXX object src/CMakeFiles/artikulate_editor.dir/artikulate_editor_autogen/mocs_compilation.cpp.o
[143/190] Building CXX object src/CMakeFiles/artikulate_editor.dir/main_editor.cpp.o
[144/190] Building CXX object autotests/unittests/CMakeFiles/test_editablecourseresource.dir/qrc_testdata.cpp.o
[145/190] Building CXX object src/CMakeFiles/artikulate_editor.dir/artikulate_debug.cpp.o
[146/190] Building CXX object autotests/unittests/CMakeFiles/test_coursemodel.dir/qrc_languages.cpp.o
[147/190] Building CXX object autotests/unittests/CMakeFiles/test_editablecourseresource.dir/__/mocks/resourcerepositorystub.cpp.o
[148/190] Building CXX object src/CMakeFiles/artikulate_editor.dir/settings.cpp.o
[149/190] Building CXX object autotests/unittests/CMakeFiles/test_skeletonresource.dir/__/mocks/languagestub.cpp.o
[150/190] Building CXX object autotests/unittests/CMakeFiles/test_coursemodel.dir/qrc_testdata.cpp.o
[151/190] Building CXX object autotests/integrationtests/CMakeFiles/test_iresourcerepository_integration.dir/iresourcerepository_integration/test_iresourcerepository.cpp.o
[152/190] Building CXX object src/CMakeFiles/artikulate_editor.dir/mainwindow_editor.cpp.o
[153/190] Building CXX object autotests/unittests/CMakeFiles/test_editablecourseresource.dir/test_editablecourseresource_autogen/mocs_compilation.cpp.o
[154/190] Building CXX object autotests/unittests/CMakeFiles/test_skeletonmodel.dir/qrc_languages.cpp.o
[155/190] Building CXX object autotests/unittests/CMakeFiles/test_trainingsession.dir/trainingsession/test_trainingsession.cpp.o
[156/190] Building CXX object autotests/unittests/CMakeFiles/test_skeletonmodel.dir/qrc_testdata.cpp.o
[157/190] Building CXX object autotests/resourcetests/CMakeFiles/test_languageresources.dir/qrc_languages.cpp.o
[158/190] Building CXX object autotests/unittests/CMakeFiles/test_editorsession.dir/editorsession/test_editorsession.cpp.o
[159/190] Building CXX object autotests/unittests/CMakeFiles/test_editablecourseresource.dir/__/mocks/languagestub.cpp.o
[160/190] Building CXX object autotests/unittests/CMakeFiles/test_unit.dir/test_unit_autogen/mocs_compilation.cpp.o
[161/190] Building CXX object autotests/unittests/CMakeFiles/test_courseresource.dir/courseresource/test_courseresource.cpp.o
[162/190] Building CXX object autotests/unittests/CMakeFiles/test_editablecourseresource.dir/__/mocks/coursestub.cpp.o
[163/190] Building CXX object autotests/unittests/CMakeFiles/test_coursemodel.dir/test_coursemodel_autogen/mocs_compilation.cpp.o
[164/190] Building CXX object autotests/unittests/CMakeFiles/test_coursemodel.dir/__/mocks/languagestub.cpp.o
[165/190] Linking CXX executable bin/test_resourcerepository
[166/190] Building CXX object autotests/unittests/CMakeFiles/test_coursemodel.dir/__/mocks/coursestub.cpp.o
[167/190] Linking CXX executable bin/artikulate_editor
[168/190] Building CXX object autotests/unittests/CMakeFiles/test_coursemodel.dir/__/mocks/resourcerepositorystub.cpp.o
[169/190] Building CXX object autotests/unittests/CMakeFiles/test_skeletonmodel.dir/__/mocks/editablerepositorystub.cpp.o
[170/190] Linking CXX executable bin/test_trainingsession
[171/190] Linking CXX executable bin/artikulate
[172/190] Building CXX object autotests/unittests/CMakeFiles/test_skeletonmodel.dir/test_skeletonmodel_autogen/mocs_compilation.cpp.o
[173/190] Building CXX object autotests/unittests/CMakeFiles/test_skeletonmodel.dir/__/mocks/languagestub.cpp.o
[174/190] Linking CXX executable bin/test_editorsession
[175/190] Linking CXX executable bin/test_courseresource
[176/190] Linking CXX executable bin/test_iresourcerepository_integration
[177/190] Building CXX object autotests/unittests/CMakeFiles/test_skeletonmodel.dir/__/mocks/editablecoursestub.cpp.o
[178/190] Building CXX object autotests/unittests/CMakeFiles/test_skeletonresource.dir/skeletonresource/test_skeletonresource.cpp.o
[179/190] Building CXX object autotests/resourcetests/CMakeFiles/test_languageresources.dir/test_languageresources_autogen/mocs_compilation.cpp.o
[180/190] Building CXX object autotests/unittests/CMakeFiles/test_unit.dir/unit/test_unit.cpp.o
[181/190] Linking CXX executable bin/test_skeletonresource
[182/190] Linking CXX executable bin/test_unit
[183/190] Building CXX object autotests/resourcetests/CMakeFiles/test_languageresources.dir/languageresources/testlanguagefiles.cpp.o
[184/190] Building CXX object autotests/unittests/CMakeFiles/test_coursemodel.dir/coursemodel/test_coursemodel.cpp.o
[185/190] Linking CXX executable bin/test_languageresources
[186/190] Building CXX object autotests/unittests/CMakeFiles/test_editablecourseresource.dir/editablecourseresource/test_editablecourseresource.cpp.o
[187/190] Building CXX object autotests/unittests/CMakeFiles/test_skeletonmodel.dir/skeletonmodel/test_skeletonmodel.cpp.o
[188/190] Linking CXX executable bin/test_coursemodel
[189/190] Linking CXX executable bin/test_editablecourseresource
[190/190] Linking CXX executable bin/test_skeletonmodel
-- Install configuration: "MinSizeRel"
-- Installing: /home/omen/GITHUB/PLASMA_WORLD/AthOS/REPO-AthOS/artikulate/package-artikulate/usr/share/doc/HTML/en/artikulate/index.cache.bz2
-- Installing: /home/omen/GITHUB/PLASMA_WORLD/AthOS/REPO-AthOS/artikulate/package-artikulate/usr/share/doc/HTML/en/artikulate/index.docbook
-- Installing: /home/omen/GITHUB/PLASMA_WORLD/AthOS/REPO-AthOS/artikulate/package-artikulate/usr/share/doc/HTML/en/artikulate/editor-apply.png
-- Installing: /home/omen/GITHUB/PLASMA_WORLD/AthOS/REPO-AthOS/artikulate/package-artikulate/usr/share/doc/HTML/en/artikulate/editor-cancel.png
-- Installing: /home/omen/GITHUB/PLASMA_WORLD/AthOS/REPO-AthOS/artikulate/package-artikulate/usr/share/doc/HTML/en/artikulate/editor-screenshot-editing-phrase.png
-- Installing: /home/omen/GITHUB/PLASMA_WORLD/AthOS/REPO-AthOS/artikulate/package-artikulate/usr/share/doc/HTML/en/artikulate/editor-screenshot-unit.png
-- Installing: /home/omen/GITHUB/PLASMA_WORLD/AthOS/REPO-AthOS/artikulate/package-artikulate/usr/share/doc/HTML/en/artikulate/editor-set-repository.png
-- Installing: /home/omen/GITHUB/PLASMA_WORLD/AthOS/REPO-AthOS/artikulate/package-artikulate/usr/share/doc/HTML/en/artikulate/first-steps-1-create-profile.png
-- Installing: /home/omen/GITHUB/PLASMA_WORLD/AthOS/REPO-AthOS/artikulate/package-artikulate/usr/share/doc/HTML/en/artikulate/first-steps-2-set-language.png
-- Installing: /home/omen/GITHUB/PLASMA_WORLD/AthOS/REPO-AthOS/artikulate/package-artikulate/usr/share/doc/HTML/en/artikulate/first-steps-3-download-course.png
-- Installing: /home/omen/GITHUB/PLASMA_WORLD/AthOS/REPO-AthOS/artikulate/package-artikulate/usr/share/doc/HTML/en/artikulate/first-steps-4-start-training.png
-- Installing: /home/omen/GITHUB/PLASMA_WORLD/AthOS/REPO-AthOS/artikulate/package-artikulate/usr/share/doc/HTML/en/artikulate/hi32-action-artikulate-expression.png
-- Installing: /home/omen/GITHUB/PLASMA_WORLD/AthOS/REPO-AthOS/artikulate/package-artikulate/usr/share/doc/HTML/en/artikulate/hi32-action-artikulate-language.png
-- Installing: /home/omen/GITHUB/PLASMA_WORLD/AthOS/REPO-AthOS/artikulate/package-artikulate/usr/share/doc/HTML/en/artikulate/hi32-action-artikulate-media-playback-start.png
-- Installing: /home/omen/GITHUB/PLASMA_WORLD/AthOS/REPO-AthOS/artikulate/package-artikulate/usr/share/doc/HTML/en/artikulate/hi32-action-artikulate-media-playback-stop.png
-- Installing: /home/omen/GITHUB/PLASMA_WORLD/AthOS/REPO-AthOS/artikulate/package-artikulate/usr/share/doc/HTML/en/artikulate/hi32-action-artikulate-media-record-active.png
-- Installing: /home/omen/GITHUB/PLASMA_WORLD/AthOS/REPO-AthOS/artikulate/package-artikulate/usr/share/doc/HTML/en/artikulate/hi32-action-artikulate-media-record.png
-- Installing: /home/omen/GITHUB/PLASMA_WORLD/AthOS/REPO-AthOS/artikulate/package-artikulate/usr/share/doc/HTML/en/artikulate/hi32-action-artikulate-paragraph.png
-- Installing: /home/omen/GITHUB/PLASMA_WORLD/AthOS/REPO-AthOS/artikulate/package-artikulate/usr/share/doc/HTML/en/artikulate/hi32-action-artikulate-sentence.png
-- Installing: /home/omen/GITHUB/PLASMA_WORLD/AthOS/REPO-AthOS/artikulate/package-artikulate/usr/share/doc/HTML/en/artikulate/hi32-action-artikulate-word.png
-- Installing: /home/omen/GITHUB/PLASMA_WORLD/AthOS/REPO-AthOS/artikulate/package-artikulate/usr/share/doc/HTML/en/artikulate/screen-training-icon-finish.png
-- Installing: /home/omen/GITHUB/PLASMA_WORLD/AthOS/REPO-AthOS/artikulate/package-artikulate/usr/share/doc/HTML/en/artikulate/screen-training-overview.png
-- Installing: /home/omen/GITHUB/PLASMA_WORLD/AthOS/REPO-AthOS/artikulate/package-artikulate/usr/share/doc/HTML/en/artikulate/screen-training-progressbar.png
-- Installing: /home/omen/GITHUB/PLASMA_WORLD/AthOS/REPO-AthOS/artikulate/package-artikulate/usr/share/doc/HTML/en/artikulate/training-finish.png
-- Installing: /home/omen/GITHUB/PLASMA_WORLD/AthOS/REPO-AthOS/artikulate/package-artikulate/usr/share/doc/HTML/en/artikulate/training-ok.png
-- Installing: /home/omen/GITHUB/PLASMA_WORLD/AthOS/REPO-AthOS/artikulate/package-artikulate/usr/share/doc/HTML/en/artikulate/training-retry.png
-- Installing: /home/omen/GITHUB/PLASMA_WORLD/AthOS/REPO-AthOS/artikulate/package-artikulate/usr/lib64/libartikulatecore.so.0
-- Set non-toolchain portion of runtime path of "/home/omen/GITHUB/PLASMA_WORLD/AthOS/REPO-AthOS/artikulate/package-artikulate/usr/lib64/libartikulatecore.so.0" to ""
-- Installing: /home/omen/GITHUB/PLASMA_WORLD/AthOS/REPO-AthOS/artikulate/package-artikulate/usr/share/knsrcfiles/artikulate.knsrc
-- Installing: /home/omen/GITHUB/PLASMA_WORLD/AthOS/REPO-AthOS/artikulate/package-artikulate/usr/share/config.kcfg/artikulate.kcfg
-- Installing: /home/omen/GITHUB/PLASMA_WORLD/AthOS/REPO-AthOS/artikulate/package-artikulate/usr/bin/artikulate
-- Set non-toolchain portion of runtime path of "/home/omen/GITHUB/PLASMA_WORLD/AthOS/REPO-AthOS/artikulate/package-artikulate/usr/bin/artikulate" to ""
-- Installing: /home/omen/GITHUB/PLASMA_WORLD/AthOS/REPO-AthOS/artikulate/package-artikulate/usr/bin/artikulate_editor
-- Set non-toolchain portion of runtime path of "/home/omen/GITHUB/PLASMA_WORLD/AthOS/REPO-AthOS/artikulate/package-artikulate/usr/bin/artikulate_editor" to ""
-- Installing: /home/omen/GITHUB/PLASMA_WORLD/AthOS/REPO-AthOS/artikulate/package-artikulate/usr/share/icons/hicolor/16x16/apps/artikulate.png
-- Installing: /home/omen/GITHUB/PLASMA_WORLD/AthOS/REPO-AthOS/artikulate/package-artikulate/usr/share/icons/hicolor/32x32/apps/artikulate.png
-- Installing: /home/omen/GITHUB/PLASMA_WORLD/AthOS/REPO-AthOS/artikulate/package-artikulate/usr/share/icons/hicolor/48x48/apps/artikulate.png
-- Installing: /home/omen/GITHUB/PLASMA_WORLD/AthOS/REPO-AthOS/artikulate/package-artikulate/usr/share/icons/hicolor/64x64/apps/artikulate.png
-- Installing: /home/omen/GITHUB/PLASMA_WORLD/AthOS/REPO-AthOS/artikulate/package-artikulate/usr/share/icons/hicolor/scalable/apps/artikulate.svg
-- Installing: /home/omen/GITHUB/PLASMA_WORLD/AthOS/REPO-AthOS/artikulate/package-artikulate/usr/lib64/libartikulatesound.so.0
-- Installing: /home/omen/GITHUB/PLASMA_WORLD/AthOS/REPO-AthOS/artikulate/package-artikulate/usr/lib64/libartikulatelearnerprofile.so.0
-- Installing: /home/omen/GITHUB/PLASMA_WORLD/AthOS/REPO-AthOS/artikulate/package-artikulate/usr/share/locale
-- Installing: /home/omen/GITHUB/PLASMA_WORLD/AthOS/REPO-AthOS/artikulate/package-artikulate/usr/share/locale/da
-- Installing: /home/omen/GITHUB/PLASMA_WORLD/AthOS/REPO-AthOS/artikulate/package-artikulate/usr/share/locale/da/LC_MESSAGES
-- Installing: /home/omen/GITHUB/PLASMA_WORLD/AthOS/REPO-AthOS/artikulate/package-artikulate/usr/share/locale/da/LC_MESSAGES/artikulate.mo
-- Installing: /home/omen/GITHUB/PLASMA_WORLD/AthOS/REPO-AthOS/artikulate/package-artikulate/usr/share/locale/cs
-- Installing: /home/omen/GITHUB/PLASMA_WORLD/AthOS/REPO-AthOS/artikulate/package-artikulate/usr/share/locale/cs/LC_MESSAGES
-- Installing: /home/omen/GITHUB/PLASMA_WORLD/AthOS/REPO-AthOS/artikulate/package-artikulate/usr/share/locale/cs/LC_MESSAGES/artikulate.mo
-- Installing: /home/omen/GITHUB/PLASMA_WORLD/AthOS/REPO-AthOS/artikulate/package-artikulate/usr/share/locale/ja
-- Installing: /home/omen/GITHUB/PLASMA_WORLD/AthOS/REPO-AthOS/artikulate/package-artikulate/usr/share/locale/ja/LC_MESSAGES
-- Installing: /home/omen/GITHUB/PLASMA_WORLD/AthOS/REPO-AthOS/artikulate/package-artikulate/usr/share/locale/ja/LC_MESSAGES/artikulate.mo
-- Installing: /home/omen/GITHUB/PLASMA_WORLD/AthOS/REPO-AthOS/artikulate/package-artikulate/usr/share/locale/de
-- Installing: /home/omen/GITHUB/PLASMA_WORLD/AthOS/REPO-AthOS/artikulate/package-artikulate/usr/share/locale/de/LC_MESSAGES
-- Installing: /home/omen/GITHUB/PLASMA_WORLD/AthOS/REPO-AthOS/artikulate/package-artikulate/usr/share/locale/de/LC_MESSAGES/artikulate.mo
-- Installing: /home/omen/GITHUB/PLASMA_WORLD/AthOS/REPO-AthOS/artikulate/package-artikulate/usr/share/locale/el
-- Installing: /home/omen/GITHUB/PLASMA_WORLD/AthOS/REPO-AthOS/artikulate/package-artikulate/usr/share/locale/el/LC_MESSAGES
-- Installing: /home/omen/GITHUB/PLASMA_WORLD/AthOS/REPO-AthOS/artikulate/package-artikulate/usr/share/locale/el/LC_MESSAGES/artikulate.mo
-- Installing: /home/omen/GITHUB/PLASMA_WORLD/AthOS/REPO-AthOS/artikulate/package-artikulate/usr/share/locale/nn
-- Installing: /home/omen/GITHUB/PLASMA_WORLD/AthOS/REPO-AthOS/artikulate/package-artikulate/usr/share/locale/nn/LC_MESSAGES
-- Installing: /home/omen/GITHUB/PLASMA_WORLD/AthOS/REPO-AthOS/artikulate/package-artikulate/usr/share/locale/nn/LC_MESSAGES/artikulate.mo
-- Installing: /home/omen/GITHUB/PLASMA_WORLD/AthOS/REPO-AthOS/artikulate/package-artikulate/usr/share/locale/hi
-- Installing: /home/omen/GITHUB/PLASMA_WORLD/AthOS/REPO-AthOS/artikulate/package-artikulate/usr/share/locale/hi/LC_MESSAGES
-- Installing: /home/omen/GITHUB/PLASMA_WORLD/AthOS/REPO-AthOS/artikulate/package-artikulate/usr/share/locale/hi/LC_MESSAGES/artikulate.mo
-- Installing: /home/omen/GITHUB/PLASMA_WORLD/AthOS/REPO-AthOS/artikulate/package-artikulate/usr/share/locale/pt_BR
-- Installing: /home/omen/GITHUB/PLASMA_WORLD/AthOS/REPO-AthOS/artikulate/package-artikulate/usr/share/locale/pt_BR/LC_MESSAGES
-- Installing: /home/omen/GITHUB/PLASMA_WORLD/AthOS/REPO-AthOS/artikulate/package-artikulate/usr/share/locale/pt_BR/LC_MESSAGES/artikulate.mo
-- Installing: /home/omen/GITHUB/PLASMA_WORLD/AthOS/REPO-AthOS/artikulate/package-artikulate/usr/share/locale/lt
-- Installing: /home/omen/GITHUB/PLASMA_WORLD/AthOS/REPO-AthOS/artikulate/package-artikulate/usr/share/locale/lt/LC_MESSAGES
-- Installing: /home/omen/GITHUB/PLASMA_WORLD/AthOS/REPO-AthOS/artikulate/package-artikulate/usr/share/locale/lt/LC_MESSAGES/artikulate.mo
-- Installing: /home/omen/GITHUB/PLASMA_WORLD/AthOS/REPO-AthOS/artikulate/package-artikulate/usr/share/locale/sl
-- Installing: /home/omen/GITHUB/PLASMA_WORLD/AthOS/REPO-AthOS/artikulate/package-artikulate/usr/share/locale/sl/LC_MESSAGES
-- Installing: /home/omen/GITHUB/PLASMA_WORLD/AthOS/REPO-AthOS/artikulate/package-artikulate/usr/share/locale/sl/LC_MESSAGES/artikulate.mo
-- Installing: /home/omen/GITHUB/PLASMA_WORLD/AthOS/REPO-AthOS/artikulate/package-artikulate/usr/share/locale/ro
-- Installing: /home/omen/GITHUB/PLASMA_WORLD/AthOS/REPO-AthOS/artikulate/package-artikulate/usr/share/locale/ro/LC_MESSAGES
-- Installing: /home/omen/GITHUB/PLASMA_WORLD/AthOS/REPO-AthOS/artikulate/package-artikulate/usr/share/locale/ro/LC_MESSAGES/artikulate.mo
-- Installing: /home/omen/GITHUB/PLASMA_WORLD/AthOS/REPO-AthOS/artikulate/package-artikulate/usr/share/locale/bs
-- Installing: /home/omen/GITHUB/PLASMA_WORLD/AthOS/REPO-AthOS/artikulate/package-artikulate/usr/share/locale/bs/LC_MESSAGES
-- Installing: /home/omen/GITHUB/PLASMA_WORLD/AthOS/REPO-AthOS/artikulate/package-artikulate/usr/share/locale/bs/LC_MESSAGES/artikulate.mo
-- Installing: /home/omen/GITHUB/PLASMA_WORLD/AthOS/REPO-AthOS/artikulate/package-artikulate/usr/share/locale/zh_TW
-- Installing: /home/omen/GITHUB/PLASMA_WORLD/AthOS/REPO-AthOS/artikulate/package-artikulate/usr/share/locale/zh_TW/LC_MESSAGES
-- Installing: /home/omen/GITHUB/PLASMA_WORLD/AthOS/REPO-AthOS/artikulate/package-artikulate/usr/share/locale/zh_TW/LC_MESSAGES/artikulate.mo
-- Installing: /home/omen/GITHUB/PLASMA_WORLD/AthOS/REPO-AthOS/artikulate/package-artikulate/usr/share/locale/pl
-- Installing: /home/omen/GITHUB/PLASMA_WORLD/AthOS/REPO-AthOS/artikulate/package-artikulate/usr/share/locale/pl/LC_MESSAGES
-- Installing: /home/omen/GITHUB/PLASMA_WORLD/AthOS/REPO-AthOS/artikulate/package-artikulate/usr/share/locale/pl/LC_MESSAGES/artikulate.mo
-- Installing: /home/omen/GITHUB/PLASMA_WORLD/AthOS/REPO-AthOS/artikulate/package-artikulate/usr/share/locale/pt
-- Installing: /home/omen/GITHUB/PLASMA_WORLD/AthOS/REPO-AthOS/artikulate/package-artikulate/usr/share/locale/pt/LC_MESSAGES
-- Installing: /home/omen/GITHUB/PLASMA_WORLD/AthOS/REPO-AthOS/artikulate/package-artikulate/usr/share/locale/pt/LC_MESSAGES/artikulate.mo
-- Installing: /home/omen/GITHUB/PLASMA_WORLD/AthOS/REPO-AthOS/artikulate/package-artikulate/usr/share/locale/az
-- Installing: /home/omen/GITHUB/PLASMA_WORLD/AthOS/REPO-AthOS/artikulate/package-artikulate/usr/share/locale/az/LC_MESSAGES
-- Installing: /home/omen/GITHUB/PLASMA_WORLD/AthOS/REPO-AthOS/artikulate/package-artikulate/usr/share/locale/az/LC_MESSAGES/artikulate.mo
-- Installing: /home/omen/GITHUB/PLASMA_WORLD/AthOS/REPO-AthOS/artikulate/package-artikulate/usr/share/locale/tr
-- Installing: /home/omen/GITHUB/PLASMA_WORLD/AthOS/REPO-AthOS/artikulate/package-artikulate/usr/share/locale/tr/LC_MESSAGES
-- Installing: /home/omen/GITHUB/PLASMA_WORLD/AthOS/REPO-AthOS/artikulate/package-artikulate/usr/share/locale/tr/LC_MESSAGES/artikulate.mo
-- Installing: /home/omen/GITHUB/PLASMA_WORLD/AthOS/REPO-AthOS/artikulate/package-artikulate/usr/share/locale/fr
-- Installing: /home/omen/GITHUB/PLASMA_WORLD/AthOS/REPO-AthOS/artikulate/package-artikulate/usr/share/locale/fr/LC_MESSAGES
-- Installing: /home/omen/GITHUB/PLASMA_WORLD/AthOS/REPO-AthOS/artikulate/package-artikulate/usr/share/locale/fr/LC_MESSAGES/artikulate.mo
-- Installing: /home/omen/GITHUB/PLASMA_WORLD/AthOS/REPO-AthOS/artikulate/package-artikulate/usr/share/locale/ka
-- Installing: /home/omen/GITHUB/PLASMA_WORLD/AthOS/REPO-AthOS/artikulate/package-artikulate/usr/share/locale/ka/LC_MESSAGES
-- Installing: /home/omen/GITHUB/PLASMA_WORLD/AthOS/REPO-AthOS/artikulate/package-artikulate/usr/share/locale/ka/LC_MESSAGES/artikulate.mo
-- Installing: /home/omen/GITHUB/PLASMA_WORLD/AthOS/REPO-AthOS/artikulate/package-artikulate/usr/share/locale/gl
-- Installing: /home/omen/GITHUB/PLASMA_WORLD/AthOS/REPO-AthOS/artikulate/package-artikulate/usr/share/locale/gl/LC_MESSAGES
-- Installing: /home/omen/GITHUB/PLASMA_WORLD/AthOS/REPO-AthOS/artikulate/package-artikulate/usr/share/locale/gl/LC_MESSAGES/artikulate.mo
-- Installing: /home/omen/GITHUB/PLASMA_WORLD/AthOS/REPO-AthOS/artikulate/package-artikulate/usr/share/locale/ia
-- Installing: /home/omen/GITHUB/PLASMA_WORLD/AthOS/REPO-AthOS/artikulate/package-artikulate/usr/share/locale/ia/LC_MESSAGES
-- Installing: /home/omen/GITHUB/PLASMA_WORLD/AthOS/REPO-AthOS/artikulate/package-artikulate/usr/share/locale/ia/LC_MESSAGES/artikulate.mo
-- Installing: /home/omen/GITHUB/PLASMA_WORLD/AthOS/REPO-AthOS/artikulate/package-artikulate/usr/share/locale/hu
-- Installing: /home/omen/GITHUB/PLASMA_WORLD/AthOS/REPO-AthOS/artikulate/package-artikulate/usr/share/locale/hu/LC_MESSAGES
-- Installing: /home/omen/GITHUB/PLASMA_WORLD/AthOS/REPO-AthOS/artikulate/package-artikulate/usr/share/locale/hu/LC_MESSAGES/artikulate.mo
-- Installing: /home/omen/GITHUB/PLASMA_WORLD/AthOS/REPO-AthOS/artikulate/package-artikulate/usr/share/locale/eo
-- Installing: /home/omen/GITHUB/PLASMA_WORLD/AthOS/REPO-AthOS/artikulate/package-artikulate/usr/share/locale/eo/LC_MESSAGES
-- Installing: /home/omen/GITHUB/PLASMA_WORLD/AthOS/REPO-AthOS/artikulate/package-artikulate/usr/share/locale/eo/LC_MESSAGES/artikulate.mo
-- Installing: /home/omen/GITHUB/PLASMA_WORLD/AthOS/REPO-AthOS/artikulate/package-artikulate/usr/share/locale/ca
-- Installing: /home/omen/GITHUB/PLASMA_WORLD/AthOS/REPO-AthOS/artikulate/package-artikulate/usr/share/locale/ca/LC_MESSAGES
-- Installing: /home/omen/GITHUB/PLASMA_WORLD/AthOS/REPO-AthOS/artikulate/package-artikulate/usr/share/locale/ca/LC_MESSAGES/artikulate.mo
-- Installing: /home/omen/GITHUB/PLASMA_WORLD/AthOS/REPO-AthOS/artikulate/package-artikulate/usr/share/locale/uk
-- Installing: /home/omen/GITHUB/PLASMA_WORLD/AthOS/REPO-AthOS/artikulate/package-artikulate/usr/share/locale/uk/LC_MESSAGES
-- Installing: /home/omen/GITHUB/PLASMA_WORLD/AthOS/REPO-AthOS/artikulate/package-artikulate/usr/share/locale/uk/LC_MESSAGES/artikulate.mo
-- Installing: /home/omen/GITHUB/PLASMA_WORLD/AthOS/REPO-AthOS/artikulate/package-artikulate/usr/share/locale/en_GB
-- Installing: /home/omen/GITHUB/PLASMA_WORLD/AthOS/REPO-AthOS/artikulate/package-artikulate/usr/share/locale/en_GB/LC_MESSAGES
-- Installing: /home/omen/GITHUB/PLASMA_WORLD/AthOS/REPO-AthOS/artikulate/package-artikulate/usr/share/locale/en_GB/LC_MESSAGES/artikulate.mo
-- Installing: /home/omen/GITHUB/PLASMA_WORLD/AthOS/REPO-AthOS/artikulate/package-artikulate/usr/share/locale/zh_CN
-- Installing: /home/omen/GITHUB/PLASMA_WORLD/AthOS/REPO-AthOS/artikulate/package-artikulate/usr/share/locale/zh_CN/LC_MESSAGES
-- Installing: /home/omen/GITHUB/PLASMA_WORLD/AthOS/REPO-AthOS/artikulate/package-artikulate/usr/share/locale/zh_CN/LC_MESSAGES/artikulate.mo
-- Installing: /home/omen/GITHUB/PLASMA_WORLD/AthOS/REPO-AthOS/artikulate/package-artikulate/usr/share/locale/nl
-- Installing: /home/omen/GITHUB/PLASMA_WORLD/AthOS/REPO-AthOS/artikulate/package-artikulate/usr/share/locale/nl/LC_MESSAGES
-- Installing: /home/omen/GITHUB/PLASMA_WORLD/AthOS/REPO-AthOS/artikulate/package-artikulate/usr/share/locale/nl/LC_MESSAGES/artikulate.mo
-- Installing: /home/omen/GITHUB/PLASMA_WORLD/AthOS/REPO-AthOS/artikulate/package-artikulate/usr/share/locale/fi
-- Installing: /home/omen/GITHUB/PLASMA_WORLD/AthOS/REPO-AthOS/artikulate/package-artikulate/usr/share/locale/fi/LC_MESSAGES
-- Installing: /home/omen/GITHUB/PLASMA_WORLD/AthOS/REPO-AthOS/artikulate/package-artikulate/usr/share/locale/fi/LC_MESSAGES/artikulate.mo
-- Installing: /home/omen/GITHUB/PLASMA_WORLD/AthOS/REPO-AthOS/artikulate/package-artikulate/usr/share/locale/ko
-- Installing: /home/omen/GITHUB/PLASMA_WORLD/AthOS/REPO-AthOS/artikulate/package-artikulate/usr/share/locale/ko/LC_MESSAGES
-- Installing: /home/omen/GITHUB/PLASMA_WORLD/AthOS/REPO-AthOS/artikulate/package-artikulate/usr/share/locale/ko/LC_MESSAGES/artikulate.mo
-- Installing: /home/omen/GITHUB/PLASMA_WORLD/AthOS/REPO-AthOS/artikulate/package-artikulate/usr/share/locale/ru
-- Installing: /home/omen/GITHUB/PLASMA_WORLD/AthOS/REPO-AthOS/artikulate/package-artikulate/usr/share/locale/ru/LC_MESSAGES
-- Installing: /home/omen/GITHUB/PLASMA_WORLD/AthOS/REPO-AthOS/artikulate/package-artikulate/usr/share/locale/ru/LC_MESSAGES/artikulate.mo
-- Installing: /home/omen/GITHUB/PLASMA_WORLD/AthOS/REPO-AthOS/artikulate/package-artikulate/usr/share/locale/ml
-- Installing: /home/omen/GITHUB/PLASMA_WORLD/AthOS/REPO-AthOS/artikulate/package-artikulate/usr/share/locale/ml/LC_MESSAGES
-- Installing: /home/omen/GITHUB/PLASMA_WORLD/AthOS/REPO-AthOS/artikulate/package-artikulate/usr/share/locale/ml/LC_MESSAGES/artikulate.mo
-- Installing: /home/omen/GITHUB/PLASMA_WORLD/AthOS/REPO-AthOS/artikulate/package-artikulate/usr/share/locale/ca@valencia
-- Installing: /home/omen/GITHUB/PLASMA_WORLD/AthOS/REPO-AthOS/artikulate/package-artikulate/usr/share/locale/ca@valencia/LC_MESSAGES
-- Installing: /home/omen/GITHUB/PLASMA_WORLD/AthOS/REPO-AthOS/artikulate/package-artikulate/usr/share/locale/ca@valencia/LC_MESSAGES/artikulate.mo
-- Installing: /home/omen/GITHUB/PLASMA_WORLD/AthOS/REPO-AthOS/artikulate/package-artikulate/usr/share/locale/es
-- Installing: /home/omen/GITHUB/PLASMA_WORLD/AthOS/REPO-AthOS/artikulate/package-artikulate/usr/share/locale/es/LC_MESSAGES
-- Installing: /home/omen/GITHUB/PLASMA_WORLD/AthOS/REPO-AthOS/artikulate/package-artikulate/usr/share/locale/es/LC_MESSAGES/artikulate.mo
-- Installing: /home/omen/GITHUB/PLASMA_WORLD/AthOS/REPO-AthOS/artikulate/package-artikulate/usr/share/locale/eu
-- Installing: /home/omen/GITHUB/PLASMA_WORLD/AthOS/REPO-AthOS/artikulate/package-artikulate/usr/share/locale/eu/LC_MESSAGES
-- Installing: /home/omen/GITHUB/PLASMA_WORLD/AthOS/REPO-AthOS/artikulate/package-artikulate/usr/share/locale/eu/LC_MESSAGES/artikulate.mo
-- Installing: /home/omen/GITHUB/PLASMA_WORLD/AthOS/REPO-AthOS/artikulate/package-artikulate/usr/share/locale/et
-- Installing: /home/omen/GITHUB/PLASMA_WORLD/AthOS/REPO-AthOS/artikulate/package-artikulate/usr/share/locale/et/LC_MESSAGES
-- Installing: /home/omen/GITHUB/PLASMA_WORLD/AthOS/REPO-AthOS/artikulate/package-artikulate/usr/share/locale/et/LC_MESSAGES/artikulate.mo
-- Installing: /home/omen/GITHUB/PLASMA_WORLD/AthOS/REPO-AthOS/artikulate/package-artikulate/usr/share/locale/it
-- Installing: /home/omen/GITHUB/PLASMA_WORLD/AthOS/REPO-AthOS/artikulate/package-artikulate/usr/share/locale/it/LC_MESSAGES
-- Installing: /home/omen/GITHUB/PLASMA_WORLD/AthOS/REPO-AthOS/artikulate/package-artikulate/usr/share/locale/it/LC_MESSAGES/artikulate.mo
-- Installing: /home/omen/GITHUB/PLASMA_WORLD/AthOS/REPO-AthOS/artikulate/package-artikulate/usr/share/locale/ar
-- Installing: /home/omen/GITHUB/PLASMA_WORLD/AthOS/REPO-AthOS/artikulate/package-artikulate/usr/share/locale/ar/LC_MESSAGES
-- Installing: /home/omen/GITHUB/PLASMA_WORLD/AthOS/REPO-AthOS/artikulate/package-artikulate/usr/share/locale/ar/LC_MESSAGES/artikulate.mo
-- Installing: /home/omen/GITHUB/PLASMA_WORLD/AthOS/REPO-AthOS/artikulate/package-artikulate/usr/share/locale/nds
-- Installing: /home/omen/GITHUB/PLASMA_WORLD/AthOS/REPO-AthOS/artikulate/package-artikulate/usr/share/locale/nds/LC_MESSAGES
-- Installing: /home/omen/GITHUB/PLASMA_WORLD/AthOS/REPO-AthOS/artikulate/package-artikulate/usr/share/locale/nds/LC_MESSAGES/artikulate.mo
-- Installing: /home/omen/GITHUB/PLASMA_WORLD/AthOS/REPO-AthOS/artikulate/package-artikulate/usr/share/locale/mr
-- Installing: /home/omen/GITHUB/PLASMA_WORLD/AthOS/REPO-AthOS/artikulate/package-artikulate/usr/share/locale/mr/LC_MESSAGES
-- Installing: /home/omen/GITHUB/PLASMA_WORLD/AthOS/REPO-AthOS/artikulate/package-artikulate/usr/share/locale/mr/LC_MESSAGES/artikulate.mo
-- Installing: /home/omen/GITHUB/PLASMA_WORLD/AthOS/REPO-AthOS/artikulate/package-artikulate/usr/share/locale/ug
-- Installing: /home/omen/GITHUB/PLASMA_WORLD/AthOS/REPO-AthOS/artikulate/package-artikulate/usr/share/locale/ug/LC_MESSAGES
-- Installing: /home/omen/GITHUB/PLASMA_WORLD/AthOS/REPO-AthOS/artikulate/package-artikulate/usr/share/locale/ug/LC_MESSAGES/artikulate.mo
-- Installing: /home/omen/GITHUB/PLASMA_WORLD/AthOS/REPO-AthOS/artikulate/package-artikulate/usr/share/locale/sk
-- Installing: /home/omen/GITHUB/PLASMA_WORLD/AthOS/REPO-AthOS/artikulate/package-artikulate/usr/share/locale/sk/LC_MESSAGES
-- Installing: /home/omen/GITHUB/PLASMA_WORLD/AthOS/REPO-AthOS/artikulate/package-artikulate/usr/share/locale/sk/LC_MESSAGES/artikulate.mo
-- Installing: /home/omen/GITHUB/PLASMA_WORLD/AthOS/REPO-AthOS/artikulate/package-artikulate/usr/share/locale/sv
-- Installing: /home/omen/GITHUB/PLASMA_WORLD/AthOS/REPO-AthOS/artikulate/package-artikulate/usr/share/locale/sv/LC_MESSAGES
-- Installing: /home/omen/GITHUB/PLASMA_WORLD/AthOS/REPO-AthOS/artikulate/package-artikulate/usr/share/locale/sv/LC_MESSAGES/artikulate.mo
-- Installing: /home/omen/GITHUB/PLASMA_WORLD/AthOS/REPO-AthOS/artikulate/package-artikulate/usr/share/doc/HTML/ca/artikulate/index.cache.bz2
-- Installing: /home/omen/GITHUB/PLASMA_WORLD/AthOS/REPO-AthOS/artikulate/package-artikulate/usr/share/doc/HTML/ca/artikulate/index.docbook
-- Installing: /home/omen/GITHUB/PLASMA_WORLD/AthOS/REPO-AthOS/artikulate/package-artikulate/usr/share/doc/HTML/ca/artikulate/first-steps-1-create-profile.png
-- Installing: /home/omen/GITHUB/PLASMA_WORLD/AthOS/REPO-AthOS/artikulate/package-artikulate/usr/share/doc/HTML/ca/artikulate/first-steps-3-download-course.png
-- Installing: /home/omen/GITHUB/PLASMA_WORLD/AthOS/REPO-AthOS/artikulate/package-artikulate/usr/share/doc/HTML/ca/artikulate/first-steps-4-start-training.png
-- Installing: /home/omen/GITHUB/PLASMA_WORLD/AthOS/REPO-AthOS/artikulate/package-artikulate/usr/share/doc/HTML/de/artikulate/index.cache.bz2
-- Installing: /home/omen/GITHUB/PLASMA_WORLD/AthOS/REPO-AthOS/artikulate/package-artikulate/usr/share/doc/HTML/de/artikulate/index.docbook
-- Installing: /home/omen/GITHUB/PLASMA_WORLD/AthOS/REPO-AthOS/artikulate/package-artikulate/usr/share/doc/HTML/es/artikulate/index.cache.bz2
-- Installing: /home/omen/GITHUB/PLASMA_WORLD/AthOS/REPO-AthOS/artikulate/package-artikulate/usr/share/doc/HTML/es/artikulate/index.docbook
-- Installing: /home/omen/GITHUB/PLASMA_WORLD/AthOS/REPO-AthOS/artikulate/package-artikulate/usr/share/doc/HTML/et/artikulate/index.cache.bz2
-- Installing: /home/omen/GITHUB/PLASMA_WORLD/AthOS/REPO-AthOS/artikulate/package-artikulate/usr/share/doc/HTML/et/artikulate/index.docbook
-- Installing: /home/omen/GITHUB/PLASMA_WORLD/AthOS/REPO-AthOS/artikulate/package-artikulate/usr/share/doc/HTML/id/artikulate/index.cache.bz2
-- Installing: /home/omen/GITHUB/PLASMA_WORLD/AthOS/REPO-AthOS/artikulate/package-artikulate/usr/share/doc/HTML/id/artikulate/index.docbook
-- Installing: /home/omen/GITHUB/PLASMA_WORLD/AthOS/REPO-AthOS/artikulate/package-artikulate/usr/share/doc/HTML/it/artikulate/index.cache.bz2
-- Installing: /home/omen/GITHUB/PLASMA_WORLD/AthOS/REPO-AthOS/artikulate/package-artikulate/usr/share/doc/HTML/it/artikulate/index.docbook
-- Installing: /home/omen/GITHUB/PLASMA_WORLD/AthOS/REPO-AthOS/artikulate/package-artikulate/usr/share/doc/HTML/nl/artikulate/index.cache.bz2
-- Installing: /home/omen/GITHUB/PLASMA_WORLD/AthOS/REPO-AthOS/artikulate/package-artikulate/usr/share/doc/HTML/nl/artikulate/index.docbook
-- Installing: /home/omen/GITHUB/PLASMA_WORLD/AthOS/REPO-AthOS/artikulate/package-artikulate/usr/share/doc/HTML/pt/artikulate/index.cache.bz2
-- Installing: /home/omen/GITHUB/PLASMA_WORLD/AthOS/REPO-AthOS/artikulate/package-artikulate/usr/share/doc/HTML/pt/artikulate/index.docbook
-- Installing: /home/omen/GITHUB/PLASMA_WORLD/AthOS/REPO-AthOS/artikulate/package-artikulate/usr/share/doc/HTML/pt_BR/artikulate/index.cache.bz2
-- Installing: /home/omen/GITHUB/PLASMA_WORLD/AthOS/REPO-AthOS/artikulate/package-artikulate/usr/share/doc/HTML/pt_BR/artikulate/index.docbook
-- Installing: /home/omen/GITHUB/PLASMA_WORLD/AthOS/REPO-AthOS/artikulate/package-artikulate/usr/share/doc/HTML/sl/artikulate/index.cache.bz2
-- Installing: /home/omen/GITHUB/PLASMA_WORLD/AthOS/REPO-AthOS/artikulate/package-artikulate/usr/share/doc/HTML/sl/artikulate/index.docbook
-- Installing: /home/omen/GITHUB/PLASMA_WORLD/AthOS/REPO-AthOS/artikulate/package-artikulate/usr/share/doc/HTML/sv/artikulate/index.cache.bz2
-- Installing: /home/omen/GITHUB/PLASMA_WORLD/AthOS/REPO-AthOS/artikulate/package-artikulate/usr/share/doc/HTML/sv/artikulate/index.docbook
-- Installing: /home/omen/GITHUB/PLASMA_WORLD/AthOS/REPO-AthOS/artikulate/package-artikulate/usr/share/doc/HTML/uk/artikulate/index.cache.bz2
-- Installing: /home/omen/GITHUB/PLASMA_WORLD/AthOS/REPO-AthOS/artikulate/package-artikulate/usr/share/doc/HTML/uk/artikulate/index.docbook
-- Installing: /home/omen/GITHUB/PLASMA_WORLD/AthOS/REPO-AthOS/artikulate/package-artikulate/usr/share/applications/org.kde.artikulate.desktop
-- Installing: /home/omen/GITHUB/PLASMA_WORLD/AthOS/REPO-AthOS/artikulate/package-artikulate/usr/share/metainfo/org.kde.artikulate.appdata.xml
The main part of source code is ready. We are moving on to preparing post install scripts, docs, license, man pages etc..
cp: cannot stat 'AUTHORS': No such file or directory
cp: cannot stat 'ChangeLog*': No such file or directory
cp: cannot stat 'CREDITS': No such file or directory
cp: cannot stat 'LICENSE': No such file or directory
cp: cannot stat 'MAINTAINERS': No such file or directory
cp: cannot stat 'NEWS': No such file or directory
cp: cannot stat 'docs': No such file or directory
cp: cannot stat 'DOCS': No such file or directory
grep: /home/omen/GITHUB/PLASMA_WORLD/AthOS/REPO-AthOS/artikulate/artikulate.info: No such file or directory
extra-cmake-modules
karchive5
kconfig5
kcrash5
kdoctools5
ki18n5
kirigami2
knewstuff5
kxmlgui5
kirigami2
Packaging compiled for slackware installation...
MAKEPKG_FLAGS is empty or unset, using default

Slackware package maker, version 3.14159265.

Searching for symbolic links:

No symbolic links were found, so we won't make an installation script.
You can make your own later in ./install/doinst.sh and rebuild the
package if you like.

This next step is optional - you can set the directories in your package
to some sane permissions. If any of the directories in your package have
special permissions, then DO NOT reset them here!

Would you like to reset all directory permissions to 755 (drwxr-xr-x) and
directory ownerships to root:root ([y]es, [n]o)? n


Creating Slackware package:  /tmp/artikulate/artikulate-25.04.1-x86_64-1_rtz.tlz

./
install/
install/doinst.sh
install/slack-desc
usr/
usr/bin/
usr/bin/artikulate
usr/bin/artikulate_editor
usr/doc/
usr/doc/artikulate-25.04.1/
usr/doc/artikulate-25.04.1/COPYING
usr/doc/artikulate-25.04.1/README.md
usr/doc/artikulate-25.04.1/artikulate.ini
usr/doc/artikulate-25.04.1/slack-required
usr/lib64/
usr/lib64/libartikulatecore.so.0
usr/lib64/libartikulatelearnerprofile.so.0
usr/lib64/libartikulatesound.so.0
usr/share/
usr/share/applications/
usr/share/applications/org.kde.artikulate.desktop
usr/share/config.kcfg/
usr/share/config.kcfg/artikulate.kcfg
usr/share/doc/
usr/share/doc/HTML/
usr/share/doc/HTML/ca/
usr/share/doc/HTML/ca/artikulate/
usr/share/doc/HTML/ca/artikulate/first-steps-1-create-profile.png
usr/share/doc/HTML/ca/artikulate/first-steps-3-download-course.png
usr/share/doc/HTML/ca/artikulate/first-steps-4-start-training.png
usr/share/doc/HTML/ca/artikulate/index.cache.bz2
usr/share/doc/HTML/ca/artikulate/index.docbook
usr/share/doc/HTML/de/
usr/share/doc/HTML/de/artikulate/
usr/share/doc/HTML/de/artikulate/index.cache.bz2
usr/share/doc/HTML/de/artikulate/index.docbook
usr/share/doc/HTML/en/
usr/share/doc/HTML/en/artikulate/
usr/share/doc/HTML/en/artikulate/editor-apply.png
usr/share/doc/HTML/en/artikulate/editor-cancel.png
usr/share/doc/HTML/en/artikulate/editor-screenshot-editing-phrase.png
usr/share/doc/HTML/en/artikulate/editor-screenshot-unit.png
usr/share/doc/HTML/en/artikulate/editor-set-repository.png
usr/share/doc/HTML/en/artikulate/first-steps-1-create-profile.png
usr/share/doc/HTML/en/artikulate/first-steps-2-set-language.png
usr/share/doc/HTML/en/artikulate/first-steps-3-download-course.png
usr/share/doc/HTML/en/artikulate/first-steps-4-start-training.png
usr/share/doc/HTML/en/artikulate/hi32-action-artikulate-expression.png
usr/share/doc/HTML/en/artikulate/hi32-action-artikulate-language.png
usr/share/doc/HTML/en/artikulate/hi32-action-artikulate-media-playback-start.png
usr/share/doc/HTML/en/artikulate/hi32-action-artikulate-media-playback-stop.png
usr/share/doc/HTML/en/artikulate/hi32-action-artikulate-media-record-active.png
usr/share/doc/HTML/en/artikulate/hi32-action-artikulate-media-record.png
usr/share/doc/HTML/en/artikulate/hi32-action-artikulate-paragraph.png
usr/share/doc/HTML/en/artikulate/hi32-action-artikulate-sentence.png
usr/share/doc/HTML/en/artikulate/hi32-action-artikulate-word.png
usr/share/doc/HTML/en/artikulate/index.cache.bz2
usr/share/doc/HTML/en/artikulate/index.docbook
usr/share/doc/HTML/en/artikulate/screen-training-icon-finish.png
usr/share/doc/HTML/en/artikulate/screen-training-overview.png
usr/share/doc/HTML/en/artikulate/screen-training-progressbar.png
usr/share/doc/HTML/en/artikulate/training-finish.png
usr/share/doc/HTML/en/artikulate/training-ok.png
usr/share/doc/HTML/en/artikulate/training-retry.png
usr/share/doc/HTML/es/
usr/share/doc/HTML/es/artikulate/
usr/share/doc/HTML/es/artikulate/index.cache.bz2
usr/share/doc/HTML/es/artikulate/index.docbook
usr/share/doc/HTML/et/
usr/share/doc/HTML/et/artikulate/
usr/share/doc/HTML/et/artikulate/index.cache.bz2
usr/share/doc/HTML/et/artikulate/index.docbook
usr/share/doc/HTML/id/
usr/share/doc/HTML/id/artikulate/
usr/share/doc/HTML/id/artikulate/index.cache.bz2
usr/share/doc/HTML/id/artikulate/index.docbook
usr/share/doc/HTML/it/
usr/share/doc/HTML/it/artikulate/
usr/share/doc/HTML/it/artikulate/index.cache.bz2
usr/share/doc/HTML/it/artikulate/index.docbook
usr/share/doc/HTML/nl/
usr/share/doc/HTML/nl/artikulate/
usr/share/doc/HTML/nl/artikulate/index.cache.bz2
usr/share/doc/HTML/nl/artikulate/index.docbook
usr/share/doc/HTML/pt/
usr/share/doc/HTML/pt/artikulate/
usr/share/doc/HTML/pt/artikulate/index.cache.bz2
usr/share/doc/HTML/pt/artikulate/index.docbook
usr/share/doc/HTML/pt_BR/
usr/share/doc/HTML/pt_BR/artikulate/
usr/share/doc/HTML/pt_BR/artikulate/index.cache.bz2
usr/share/doc/HTML/pt_BR/artikulate/index.docbook
usr/share/doc/HTML/sl/
usr/share/doc/HTML/sl/artikulate/
usr/share/doc/HTML/sl/artikulate/index.cache.bz2
usr/share/doc/HTML/sl/artikulate/index.docbook
usr/share/doc/HTML/sv/
usr/share/doc/HTML/sv/artikulate/
usr/share/doc/HTML/sv/artikulate/index.cache.bz2
usr/share/doc/HTML/sv/artikulate/index.docbook
usr/share/doc/HTML/uk/
usr/share/doc/HTML/uk/artikulate/
usr/share/doc/HTML/uk/artikulate/index.cache.bz2
usr/share/doc/HTML/uk/artikulate/index.docbook
usr/share/icons/
usr/share/icons/hicolor/
usr/share/icons/hicolor/16x16/
usr/share/icons/hicolor/16x16/apps/
usr/share/icons/hicolor/16x16/apps/artikulate.png
usr/share/icons/hicolor/32x32/
usr/share/icons/hicolor/32x32/apps/
usr/share/icons/hicolor/32x32/apps/artikulate.png
usr/share/icons/hicolor/48x48/
usr/share/icons/hicolor/48x48/apps/
usr/share/icons/hicolor/48x48/apps/artikulate.png
usr/share/icons/hicolor/64x64/
usr/share/icons/hicolor/64x64/apps/
usr/share/icons/hicolor/64x64/apps/artikulate.png
usr/share/icons/hicolor/scalable/
usr/share/icons/hicolor/scalable/apps/
usr/share/icons/hicolor/scalable/apps/artikulate.svg
usr/share/knsrcfiles/
usr/share/knsrcfiles/artikulate.knsrc
usr/share/locale/
usr/share/locale/ar/
usr/share/locale/ar/LC_MESSAGES/
usr/share/locale/ar/LC_MESSAGES/artikulate.mo
usr/share/locale/az/
usr/share/locale/az/LC_MESSAGES/
usr/share/locale/az/LC_MESSAGES/artikulate.mo
usr/share/locale/bs/
usr/share/locale/bs/LC_MESSAGES/
usr/share/locale/bs/LC_MESSAGES/artikulate.mo
usr/share/locale/ca/
usr/share/locale/ca/LC_MESSAGES/
usr/share/locale/ca/LC_MESSAGES/artikulate.mo
usr/share/locale/ca@valencia/
usr/share/locale/ca@valencia/LC_MESSAGES/
usr/share/locale/ca@valencia/LC_MESSAGES/artikulate.mo
usr/share/locale/cs/
usr/share/locale/cs/LC_MESSAGES/
usr/share/locale/cs/LC_MESSAGES/artikulate.mo
usr/share/locale/da/
usr/share/locale/da/LC_MESSAGES/
usr/share/locale/da/LC_MESSAGES/artikulate.mo
usr/share/locale/de/
usr/share/locale/de/LC_MESSAGES/
usr/share/locale/de/LC_MESSAGES/artikulate.mo
usr/share/locale/el/
usr/share/locale/el/LC_MESSAGES/
usr/share/locale/el/LC_MESSAGES/artikulate.mo
usr/share/locale/en_GB/
usr/share/locale/en_GB/LC_MESSAGES/
usr/share/locale/en_GB/LC_MESSAGES/artikulate.mo
usr/share/locale/eo/
usr/share/locale/eo/LC_MESSAGES/
usr/share/locale/eo/LC_MESSAGES/artikulate.mo
usr/share/locale/es/
usr/share/locale/es/LC_MESSAGES/
usr/share/locale/es/LC_MESSAGES/artikulate.mo
usr/share/locale/et/
usr/share/locale/et/LC_MESSAGES/
usr/share/locale/et/LC_MESSAGES/artikulate.mo
usr/share/locale/eu/
usr/share/locale/eu/LC_MESSAGES/
usr/share/locale/eu/LC_MESSAGES/artikulate.mo
usr/share/locale/fi/
usr/share/locale/fi/LC_MESSAGES/
usr/share/locale/fi/LC_MESSAGES/artikulate.mo
usr/share/locale/fr/
usr/share/locale/fr/LC_MESSAGES/
usr/share/locale/fr/LC_MESSAGES/artikulate.mo
usr/share/locale/gl/
usr/share/locale/gl/LC_MESSAGES/
usr/share/locale/gl/LC_MESSAGES/artikulate.mo
usr/share/locale/hi/
usr/share/locale/hi/LC_MESSAGES/
usr/share/locale/hi/LC_MESSAGES/artikulate.mo
usr/share/locale/hu/
usr/share/locale/hu/LC_MESSAGES/
usr/share/locale/hu/LC_MESSAGES/artikulate.mo
usr/share/locale/ia/
usr/share/locale/ia/LC_MESSAGES/
usr/share/locale/ia/LC_MESSAGES/artikulate.mo
usr/share/locale/it/
usr/share/locale/it/LC_MESSAGES/
usr/share/locale/it/LC_MESSAGES/artikulate.mo
usr/share/locale/ja/
usr/share/locale/ja/LC_MESSAGES/
usr/share/locale/ja/LC_MESSAGES/artikulate.mo
usr/share/locale/ka/
usr/share/locale/ka/LC_MESSAGES/
usr/share/locale/ka/LC_MESSAGES/artikulate.mo
usr/share/locale/ko/
usr/share/locale/ko/LC_MESSAGES/
usr/share/locale/ko/LC_MESSAGES/artikulate.mo
usr/share/locale/lt/
usr/share/locale/lt/LC_MESSAGES/
usr/share/locale/lt/LC_MESSAGES/artikulate.mo
usr/share/locale/ml/
usr/share/locale/ml/LC_MESSAGES/
usr/share/locale/ml/LC_MESSAGES/artikulate.mo
usr/share/locale/mr/
usr/share/locale/mr/LC_MESSAGES/
usr/share/locale/mr/LC_MESSAGES/artikulate.mo
usr/share/locale/nds/
usr/share/locale/nds/LC_MESSAGES/
usr/share/locale/nds/LC_MESSAGES/artikulate.mo
usr/share/locale/nl/
usr/share/locale/nl/LC_MESSAGES/
usr/share/locale/nl/LC_MESSAGES/artikulate.mo
usr/share/locale/nn/
usr/share/locale/nn/LC_MESSAGES/
usr/share/locale/nn/LC_MESSAGES/artikulate.mo
usr/share/locale/pl/
usr/share/locale/pl/LC_MESSAGES/
usr/share/locale/pl/LC_MESSAGES/artikulate.mo
usr/share/locale/pt/
usr/share/locale/pt/LC_MESSAGES/
usr/share/locale/pt/LC_MESSAGES/artikulate.mo
usr/share/locale/pt_BR/
usr/share/locale/pt_BR/LC_MESSAGES/
usr/share/locale/pt_BR/LC_MESSAGES/artikulate.mo
usr/share/locale/ro/
usr/share/locale/ro/LC_MESSAGES/
usr/share/locale/ro/LC_MESSAGES/artikulate.mo
usr/share/locale/ru/
usr/share/locale/ru/LC_MESSAGES/
usr/share/locale/ru/LC_MESSAGES/artikulate.mo
usr/share/locale/sk/
usr/share/locale/sk/LC_MESSAGES/
usr/share/locale/sk/LC_MESSAGES/artikulate.mo
usr/share/locale/sl/
usr/share/locale/sl/LC_MESSAGES/
usr/share/locale/sl/LC_MESSAGES/artikulate.mo
usr/share/locale/sv/
usr/share/locale/sv/LC_MESSAGES/
usr/share/locale/sv/LC_MESSAGES/artikulate.mo
usr/share/locale/tr/
usr/share/locale/tr/LC_MESSAGES/
usr/share/locale/tr/LC_MESSAGES/artikulate.mo
usr/share/locale/ug/
usr/share/locale/ug/LC_MESSAGES/
usr/share/locale/ug/LC_MESSAGES/artikulate.mo
usr/share/locale/uk/
usr/share/locale/uk/LC_MESSAGES/
usr/share/locale/uk/LC_MESSAGES/artikulate.mo
usr/share/locale/zh_CN/
usr/share/locale/zh_CN/LC_MESSAGES/
usr/share/locale/zh_CN/LC_MESSAGES/artikulate.mo
usr/share/locale/zh_TW/
usr/share/locale/zh_TW/LC_MESSAGES/
usr/share/locale/zh_TW/LC_MESSAGES/artikulate.mo
usr/share/metainfo/
usr/share/metainfo/org.kde.artikulate.appdata.xml

Slackware package /tmp/artikulate/artikulate-25.04.1-x86_64-1_rtz.tlz created.

Create shared object file for artikulate-25.04.1-x86_64-1_rtz.tlz
Creating /tmp/artikulate/artikulate-25.04.1-x86_64-1_rtz.tlz.so.file using /tmp/artikulate/artikulate-25.04.1-x86_64-1_rtz.tlz
Successfully created /tmp/artikulate/artikulate-25.04.1-x86_64-1_rtz.tlz.so.file
Packaging of executable and meta-data in artikulate.tar.lz4 format.
/tmp/artikulate /tmp/artikulate
/tmp/artikulate
BIN_NAME
README
artikulate-25.04.1-x86_64-1_rtz.tlz
artikulate-25.04.1-x86_64-1_rtz.tlz.md5
artikulate-25.04.1-x86_64-1_rtz.tlz.so.file
artikulate-25.04.1-x86_64-1_rtz.tlz.txt
artikulate.dep
makepkg-artikulate.log
artikulate build finished. Procced to installation...

+=============================================================================================================+
| Upgrading artikulate-25.04.1-x86_64-1_rtz package using /tmp/artikulate/artikulate-25.04.1-x86_64-1_rtz.tlz |
+=============================================================================================================+

Pre-installing package artikulate-25.04.1-x86_64-1_rtz...
Removing package: artikulate-25.04.1-x86_64-1_rtz-upgraded-2025-05-10,23:40:25
Installing package artikulate-25.04.1-x86_64-1_rtz.tlz:
PACKAGE DESCRIPTION:
# artikulate (listening to native speakers)
#
# Improve your pronunciation by listening to native speakers
#
# https://edu.kde.org/artikulate
Executing install script for artikulate-25.04.1-x86_64-1_rtz.tlz.
Font directories:
	/usr/share/fonts
/usr/share/fonts: caching, new cache contents: 0 fonts, 11 dirs
/usr/share/fonts/100dpi: caching, new cache contents: 238 fonts, 0 dirs
/usr/share/fonts/75dpi: caching, new cache contents: 238 fonts, 0 dirs
/usr/share/fonts/OTF: caching, new cache contents: 124 fonts, 0 dirs
/usr/share/fonts/Speedo: caching, new cache contents: 0 fonts, 0 dirs
/usr/share/fonts/TTF: caching, new cache contents: 1132 fonts, 0 dirs
/usr/share/fonts/Type1: caching, new cache contents: 64 fonts, 0 dirs
/usr/share/fonts/cyrillic: caching, new cache contents: 0 fonts, 0 dirs
/usr/share/fonts/encodings: caching, new cache contents: 0 fonts, 1 dirs
/usr/share/fonts/encodings/large: caching, new cache contents: 0 fonts, 0 dirs
/usr/share/fonts/kanjistrokeorders: caching, new cache contents: 1 fonts, 0 dirs
/usr/share/fonts/misc: caching, new cache contents: 143 fonts, 0 dirs
/usr/share/fonts/util: caching, new cache contents: 0 fonts, 0 dirs
/var/cache/fontconfig: cleaning cache directory
/root/.cache/fontconfig: not cleaning non-existent cache directory
/root/.fontconfig: not cleaning non-existent cache directory
/usr/bin/fc-cache: succeeded
Package artikulate-25.04.1-x86_64-1_rtz.tlz installed.
Package artikulate-25.04.1-x86_64-1_rtz upgraded with new package /tmp/artikulate/artikulate-25.04.1-x86_64-1_rtz.tlz.
Cleaning environmet: Removing source code, and work-space...
rm: cannot remove 'artikulate-25.04.1.tar.xz': No such file or directory
Build process completed in 0 minutes and 26 seconds.
