[32mStarting build process...[0m
Detected architecture: x86_64
Required dependencies: extra-cmake-modules	kcompletion	kcoreaddons	kdeclarative	kdoctools	ki18n	kio	kwidgetsaddons
extra-cmake-modules is already installed!
kcompletion is already installed!
kcoreaddons is already installed!
kdeclarative is already installed!
kdoctools is already installed!
ki18n is already installed!
kio is already installed!
kwidgetsaddons is already installed!
No optional dependencies found.
Downloading source code tar.xz file
--2025-05-28 20:11:51--  https://download.kde.org/stable/release-service/25.04.1/src/kdenetwork-filesharing-25.04.1.tar.xz
Resolving download.kde.org (download.kde.org)... 49.12.122.15, 2a01:4f8:242:53eb::4
Connecting to download.kde.org (download.kde.org)|49.12.122.15|:443... connected.
HTTP request sent, awaiting response... 302 Found
Location: https://ftp.cc.uoc.gr/mirrors/kde/stable/release-service/25.04.1/src/kdenetwork-filesharing-25.04.1.tar.xz [following]
--2025-05-28 20:11:52--  https://ftp.cc.uoc.gr/mirrors/kde/stable/release-service/25.04.1/src/kdenetwork-filesharing-25.04.1.tar.xz
Resolving ftp.cc.uoc.gr (ftp.cc.uoc.gr)... 147.52.159.50, 2001:648:2c00:6c08::2
Connecting to ftp.cc.uoc.gr (ftp.cc.uoc.gr)|147.52.159.50|:443... connected.
HTTP request sent, awaiting response... 200 OK
Length: 510284 (498K) [application/octet-stream]
Saving to: ‘kdenetwork-filesharing-25.04.1.tar.xz’

     0K .......... .......... .......... .......... .......... 10% 1.35M 0s
    50K .......... .......... .......... .......... .......... 20% 1.43M 0s
   100K .......... .......... .......... .......... .......... 30% 7.12M 0s
   150K .......... .......... .......... .......... .......... 40% 1.94M 0s
   200K .......... .......... .......... .......... .......... 50% 6.91M 0s
   250K .......... .......... .......... .......... .......... 60% 5.42M 0s
   300K .......... .......... .......... .......... .......... 70% 5.27M 0s
   350K .......... .......... .......... .......... .......... 80% 1.11M 0s
   400K .......... .......... .......... .......... .......... 90%  278M 0s
   450K .......... .......... .......... .......... ........  100%  342M=0.2s

2025-05-28 20:11:52 (2.83 MB/s) - ‘kdenetwork-filesharing-25.04.1.tar.xz’ saved [510284/510284]

Found file: kdenetwork-filesharing-25.04.1.tar.xz
No checksum provided. Skipping checksum verification and proceeding...
Creating working directories and exporting source code in...
kdenetwork-filesharing-25.04.1/
kdenetwork-filesharing-25.04.1/cmake/
kdenetwork-filesharing-25.04.1/cmake/Findnet.cmake
kdenetwork-filesharing-25.04.1/cmake/Findtestparm.cmake
kdenetwork-filesharing-25.04.1/org.kde.kdenetwork-filesharing.metainfo.xml
kdenetwork-filesharing-25.04.1/Messages.sh
kdenetwork-filesharing-25.04.1/LICENSES/
kdenetwork-filesharing-25.04.1/LICENSES/GPL-2.0-only.txt
kdenetwork-filesharing-25.04.1/LICENSES/MIT.txt
kdenetwork-filesharing-25.04.1/LICENSES/LicenseRef-KDE-Accepted-GPL.txt
kdenetwork-filesharing-25.04.1/LICENSES/GPL-3.0-only.txt
kdenetwork-filesharing-25.04.1/LICENSES/BSD-3-Clause.txt
kdenetwork-filesharing-25.04.1/LICENSES/LGPL-3.0-only.txt
kdenetwork-filesharing-25.04.1/LICENSES/LGPL-2.1-only.txt
kdenetwork-filesharing-25.04.1/LICENSES/CC0-1.0.txt
kdenetwork-filesharing-25.04.1/LICENSES/LicenseRef-KDE-Accepted-LGPL.txt
kdenetwork-filesharing-25.04.1/LICENSES/GPL-2.0-or-later.txt
kdenetwork-filesharing-25.04.1/.gitlab-ci.yml
kdenetwork-filesharing-25.04.1/.kde-ci.yml
kdenetwork-filesharing-25.04.1/samba/
kdenetwork-filesharing-25.04.1/samba/aclproperties/
kdenetwork-filesharing-25.04.1/samba/aclproperties/debug.h
kdenetwork-filesharing-25.04.1/samba/aclproperties/README.md
kdenetwork-filesharing-25.04.1/samba/aclproperties/plugin.h
kdenetwork-filesharing-25.04.1/samba/aclproperties/acccrtl.h
kdenetwork-filesharing-25.04.1/samba/aclproperties/model.cpp
kdenetwork-filesharing-25.04.1/samba/aclproperties/model.h
kdenetwork-filesharing-25.04.1/samba/aclproperties/qml/
kdenetwork-filesharing-25.04.1/samba/aclproperties/qml/ACEPage.qml
kdenetwork-filesharing-25.04.1/samba/aclproperties/qml/qml.qrc
kdenetwork-filesharing-25.04.1/samba/aclproperties/qml/NoDataPage.qml
kdenetwork-filesharing-25.04.1/samba/aclproperties/qml/main.qml
kdenetwork-filesharing-25.04.1/samba/aclproperties/qml/LoadingPage.qml
kdenetwork-filesharing-25.04.1/samba/aclproperties/qml/MainPage.qml
kdenetwork-filesharing-25.04.1/samba/aclproperties/ace.h
kdenetwork-filesharing-25.04.1/samba/aclproperties/samba-acl.json
kdenetwork-filesharing-25.04.1/samba/aclproperties/aceobject.cpp
kdenetwork-filesharing-25.04.1/samba/aclproperties/plugin.cpp
kdenetwork-filesharing-25.04.1/samba/aclproperties/debug.cpp
kdenetwork-filesharing-25.04.1/samba/aclproperties/aceobject.h
kdenetwork-filesharing-25.04.1/samba/aclproperties/samba-acl.json.license
kdenetwork-filesharing-25.04.1/samba/aclproperties/CMakeLists.txt
kdenetwork-filesharing-25.04.1/samba/aclproperties/winnt.h
kdenetwork-filesharing-25.04.1/samba/CMakeLists.txt
kdenetwork-filesharing-25.04.1/samba/filepropertiesplugin/
kdenetwork-filesharing-25.04.1/samba/filepropertiesplugin/sambausershareplugin.json
kdenetwork-filesharing-25.04.1/samba/filepropertiesplugin/sambainstaller.h
kdenetwork-filesharing-25.04.1/samba/filepropertiesplugin/groupmanager.cpp
kdenetwork-filesharing-25.04.1/samba/filepropertiesplugin/model.cpp
kdenetwork-filesharing-25.04.1/samba/filepropertiesplugin/groupmanager.h
kdenetwork-filesharing-25.04.1/samba/filepropertiesplugin/permissionshelper.cpp
kdenetwork-filesharing-25.04.1/samba/filepropertiesplugin/model.h
kdenetwork-filesharing-25.04.1/samba/filepropertiesplugin/usermanager.cpp
kdenetwork-filesharing-25.04.1/samba/filepropertiesplugin/permissionshelper.h
kdenetwork-filesharing-25.04.1/samba/filepropertiesplugin/qml/
kdenetwork-filesharing-25.04.1/samba/filepropertiesplugin/qml/ChangePermissionsPage.qml
kdenetwork-filesharing-25.04.1/samba/filepropertiesplugin/qml/ACLPage.qml
kdenetwork-filesharing-25.04.1/samba/filepropertiesplugin/qml/qml.qrc
kdenetwork-filesharing-25.04.1/samba/filepropertiesplugin/qml/ChangePassword.qml
kdenetwork-filesharing-25.04.1/samba/filepropertiesplugin/qml/RebootPage.qml
kdenetwork-filesharing-25.04.1/samba/filepropertiesplugin/qml/main.qml
kdenetwork-filesharing-25.04.1/samba/filepropertiesplugin/qml/GroupPage.qml
kdenetwork-filesharing-25.04.1/samba/filepropertiesplugin/qml/UserPage.qml
kdenetwork-filesharing-25.04.1/samba/filepropertiesplugin/qml/MissingSambaPage.qml
kdenetwork-filesharing-25.04.1/samba/filepropertiesplugin/qml/InstallPage.qml
kdenetwork-filesharing-25.04.1/samba/filepropertiesplugin/sambainstaller.cpp
kdenetwork-filesharing-25.04.1/samba/filepropertiesplugin/sambausershareplugin.h
kdenetwork-filesharing-25.04.1/samba/filepropertiesplugin/authhelper.cpp
kdenetwork-filesharing-25.04.1/samba/filepropertiesplugin/org.kde.filesharing.samba.actions
kdenetwork-filesharing-25.04.1/samba/filepropertiesplugin/usermanager.h
kdenetwork-filesharing-25.04.1/samba/filepropertiesplugin/sambausershareplugin.cpp
kdenetwork-filesharing-25.04.1/samba/filepropertiesplugin/authhelper.h
kdenetwork-filesharing-25.04.1/samba/filepropertiesplugin/CMakeLists.txt
kdenetwork-filesharing-25.04.1/po/
kdenetwork-filesharing-25.04.1/po/fa/
kdenetwork-filesharing-25.04.1/po/fa/kfileshare.po
kdenetwork-filesharing-25.04.1/po/bg/
kdenetwork-filesharing-25.04.1/po/bg/kfileshare.po
kdenetwork-filesharing-25.04.1/po/pt/
kdenetwork-filesharing-25.04.1/po/pt/kfileshare.po
kdenetwork-filesharing-25.04.1/po/km/
kdenetwork-filesharing-25.04.1/po/km/kfileshare.po
kdenetwork-filesharing-25.04.1/po/nn/
kdenetwork-filesharing-25.04.1/po/nn/kfileshare.po
kdenetwork-filesharing-25.04.1/po/pl/
kdenetwork-filesharing-25.04.1/po/pl/kfileshare.po
kdenetwork-filesharing-25.04.1/po/vi/
kdenetwork-filesharing-25.04.1/po/vi/kfileshare.po
kdenetwork-filesharing-25.04.1/po/ja/
kdenetwork-filesharing-25.04.1/po/ja/kfileshare.po
kdenetwork-filesharing-25.04.1/po/pa/
kdenetwork-filesharing-25.04.1/po/pa/kfileshare.po
kdenetwork-filesharing-25.04.1/po/bs/
kdenetwork-filesharing-25.04.1/po/bs/kfileshare.po
kdenetwork-filesharing-25.04.1/po/zh_CN/
kdenetwork-filesharing-25.04.1/po/zh_CN/kfileshare.po
kdenetwork-filesharing-25.04.1/po/cs/
kdenetwork-filesharing-25.04.1/po/cs/kfileshare.po
kdenetwork-filesharing-25.04.1/po/es/
kdenetwork-filesharing-25.04.1/po/es/kfileshare.po
kdenetwork-filesharing-25.04.1/po/ka/
kdenetwork-filesharing-25.04.1/po/ka/kfileshare.po
kdenetwork-filesharing-25.04.1/po/is/
kdenetwork-filesharing-25.04.1/po/is/kfileshare.po
kdenetwork-filesharing-25.04.1/po/hsb/
kdenetwork-filesharing-25.04.1/po/hsb/kfileshare.po
kdenetwork-filesharing-25.04.1/po/tr/
kdenetwork-filesharing-25.04.1/po/tr/kfileshare.po
kdenetwork-filesharing-25.04.1/po/ug/
kdenetwork-filesharing-25.04.1/po/ug/kfileshare.po
kdenetwork-filesharing-25.04.1/po/ca/
kdenetwork-filesharing-25.04.1/po/ca/kfileshare.po
kdenetwork-filesharing-25.04.1/po/se/
kdenetwork-filesharing-25.04.1/po/se/kfileshare.po
kdenetwork-filesharing-25.04.1/po/ca@valencia/
kdenetwork-filesharing-25.04.1/po/ca@valencia/kfileshare.po
kdenetwork-filesharing-25.04.1/po/hr/
kdenetwork-filesharing-25.04.1/po/hr/kfileshare.po
kdenetwork-filesharing-25.04.1/po/gl/
kdenetwork-filesharing-25.04.1/po/gl/kfileshare.po
kdenetwork-filesharing-25.04.1/po/ro/
kdenetwork-filesharing-25.04.1/po/ro/kfileshare.po
kdenetwork-filesharing-25.04.1/po/oc/
kdenetwork-filesharing-25.04.1/po/oc/kfileshare.po
kdenetwork-filesharing-25.04.1/po/br/
kdenetwork-filesharing-25.04.1/po/br/kfileshare.po
kdenetwork-filesharing-25.04.1/po/eo/
kdenetwork-filesharing-25.04.1/po/eo/kfileshare.po
kdenetwork-filesharing-25.04.1/po/sr@ijekavian/
kdenetwork-filesharing-25.04.1/po/sr@ijekavian/kfileshare.po
kdenetwork-filesharing-25.04.1/po/zh_HK/
kdenetwork-filesharing-25.04.1/po/zh_HK/kfileshare.po
kdenetwork-filesharing-25.04.1/po/nl/
kdenetwork-filesharing-25.04.1/po/nl/kfileshare.po
kdenetwork-filesharing-25.04.1/po/mr/
kdenetwork-filesharing-25.04.1/po/mr/kfileshare.po
kdenetwork-filesharing-25.04.1/po/hu/
kdenetwork-filesharing-25.04.1/po/hu/kfileshare.po
kdenetwork-filesharing-25.04.1/po/eu/
kdenetwork-filesharing-25.04.1/po/eu/kfileshare.po
kdenetwork-filesharing-25.04.1/po/lv/
kdenetwork-filesharing-25.04.1/po/lv/kfileshare.po
kdenetwork-filesharing-25.04.1/po/mk/
kdenetwork-filesharing-25.04.1/po/mk/kfileshare.po
kdenetwork-filesharing-25.04.1/po/nb/
kdenetwork-filesharing-25.04.1/po/nb/kfileshare.po
kdenetwork-filesharing-25.04.1/po/fr/
kdenetwork-filesharing-25.04.1/po/fr/kfileshare.po
kdenetwork-filesharing-25.04.1/po/hi/
kdenetwork-filesharing-25.04.1/po/hi/kfileshare.po
kdenetwork-filesharing-25.04.1/po/sl/
kdenetwork-filesharing-25.04.1/po/sl/kfileshare.po
kdenetwork-filesharing-25.04.1/po/sr@latin/
kdenetwork-filesharing-25.04.1/po/sr@latin/kfileshare.po
kdenetwork-filesharing-25.04.1/po/th/
kdenetwork-filesharing-25.04.1/po/th/kfileshare.po
kdenetwork-filesharing-25.04.1/po/ta/
kdenetwork-filesharing-25.04.1/po/ta/kfileshare.po
kdenetwork-filesharing-25.04.1/po/sr/
kdenetwork-filesharing-25.04.1/po/sr/kfileshare.po
kdenetwork-filesharing-25.04.1/po/he/
kdenetwork-filesharing-25.04.1/po/he/kfileshare.po
kdenetwork-filesharing-25.04.1/po/de/
kdenetwork-filesharing-25.04.1/po/de/kfileshare.po
kdenetwork-filesharing-25.04.1/po/ar/
kdenetwork-filesharing-25.04.1/po/ar/kfileshare.po
kdenetwork-filesharing-25.04.1/po/sk/
kdenetwork-filesharing-25.04.1/po/sk/kfileshare.po
kdenetwork-filesharing-25.04.1/po/zh_TW/
kdenetwork-filesharing-25.04.1/po/zh_TW/kfileshare.po
kdenetwork-filesharing-25.04.1/po/et/
kdenetwork-filesharing-25.04.1/po/et/kfileshare.po
kdenetwork-filesharing-25.04.1/po/it/
kdenetwork-filesharing-25.04.1/po/it/kfileshare.po
kdenetwork-filesharing-25.04.1/po/mai/
kdenetwork-filesharing-25.04.1/po/mai/kfileshare.po
kdenetwork-filesharing-25.04.1/po/el/
kdenetwork-filesharing-25.04.1/po/el/kfileshare.po
kdenetwork-filesharing-25.04.1/po/da/
kdenetwork-filesharing-25.04.1/po/da/kfileshare.po
kdenetwork-filesharing-25.04.1/po/pt_BR/
kdenetwork-filesharing-25.04.1/po/pt_BR/kfileshare.po
kdenetwork-filesharing-25.04.1/po/ru/
kdenetwork-filesharing-25.04.1/po/ru/kfileshare.po
kdenetwork-filesharing-25.04.1/po/sq/
kdenetwork-filesharing-25.04.1/po/sq/kfileshare.po
kdenetwork-filesharing-25.04.1/po/id/
kdenetwork-filesharing-25.04.1/po/id/kfileshare.po
kdenetwork-filesharing-25.04.1/po/ia/
kdenetwork-filesharing-25.04.1/po/ia/kfileshare.po
kdenetwork-filesharing-25.04.1/po/cy/
kdenetwork-filesharing-25.04.1/po/cy/kfileshare.po
kdenetwork-filesharing-25.04.1/po/sv/
kdenetwork-filesharing-25.04.1/po/sv/kfileshare.po
kdenetwork-filesharing-25.04.1/po/ne/
kdenetwork-filesharing-25.04.1/po/ne/kfileshare.po
kdenetwork-filesharing-25.04.1/po/ms/
kdenetwork-filesharing-25.04.1/po/ms/kfileshare.po
kdenetwork-filesharing-25.04.1/po/fi/
kdenetwork-filesharing-25.04.1/po/fi/kfileshare.po
kdenetwork-filesharing-25.04.1/po/kk/
kdenetwork-filesharing-25.04.1/po/kk/kfileshare.po
kdenetwork-filesharing-25.04.1/po/ast/
kdenetwork-filesharing-25.04.1/po/ast/kfileshare.po
kdenetwork-filesharing-25.04.1/po/lt/
kdenetwork-filesharing-25.04.1/po/lt/kfileshare.po
kdenetwork-filesharing-25.04.1/po/be/
kdenetwork-filesharing-25.04.1/po/be/kfileshare.po
kdenetwork-filesharing-25.04.1/po/tg/
kdenetwork-filesharing-25.04.1/po/tg/kfileshare.po
kdenetwork-filesharing-25.04.1/po/sa/
kdenetwork-filesharing-25.04.1/po/sa/kfileshare.po
kdenetwork-filesharing-25.04.1/po/ko/
kdenetwork-filesharing-25.04.1/po/ko/kfileshare.po
kdenetwork-filesharing-25.04.1/po/hne/
kdenetwork-filesharing-25.04.1/po/hne/kfileshare.po
kdenetwork-filesharing-25.04.1/po/ga/
kdenetwork-filesharing-25.04.1/po/ga/kfileshare.po
kdenetwork-filesharing-25.04.1/po/en_GB/
kdenetwork-filesharing-25.04.1/po/en_GB/kfileshare.po
kdenetwork-filesharing-25.04.1/po/uk/
kdenetwork-filesharing-25.04.1/po/uk/kfileshare.po
kdenetwork-filesharing-25.04.1/po/sr@ijekavianlatin/
kdenetwork-filesharing-25.04.1/po/sr@ijekavianlatin/kfileshare.po
kdenetwork-filesharing-25.04.1/po/nds/
kdenetwork-filesharing-25.04.1/po/nds/kfileshare.po
kdenetwork-filesharing-25.04.1/po/az/
kdenetwork-filesharing-25.04.1/po/az/kfileshare.po
kdenetwork-filesharing-25.04.1/CMakeLists.txt
kdenetwork-filesharing-25.04.1/.gitignore
/home/omen/GITHUB/Athos/AthOS/REPO-AthOS/kdenetwork-filesharing/work
README or README.md already exists, skipping creation.
hm...lets continue and see what happens
-- The C compiler identification is GNU 14.3.0
-- The CXX compiler identification is GNU 14.3.0
-- Detecting C compiler ABI info
-- Detecting C compiler ABI info - done
-- Check for working C compiler: /usr/bin/cc - skipped
-- Detecting C compile features
-- Detecting C compile features - done
-- Detecting CXX compiler ABI info
-- Detecting CXX compiler ABI info - done
-- Check for working CXX compiler: /usr/bin/c++ - skipped
-- Detecting CXX compile features
-- Detecting CXX compile features - done
-- Installing in the same prefix as Qt, adopting their path scheme.
-- Looking for __GLIBC__
-- Looking for __GLIBC__ - found
-- Performing Test _OFFT_IS_64BIT
-- Performing Test _OFFT_IS_64BIT - Success
-- Performing Test HAVE_DATE_TIME
-- Performing Test HAVE_DATE_TIME - Success
-- Performing Test HAVE_STDATOMIC
-- Performing Test HAVE_STDATOMIC - Success
-- Found WrapAtomic: TRUE
-- Found OpenGL: /usr/lib64/libOpenGL.so
-- Found WrapOpenGL: TRUE
-- Found XKB: /usr/lib64/libxkbcommon.so (found suitable version "1.10.0", minimum required is "0.5.0")
-- Found WrapVulkanHeaders: /usr/include
-- Found KF6Auth: /usr/lib64/cmake/KF6Auth/KF6AuthConfig.cmake (found version "6.14.0")
-- Found KF6Completion: /usr/lib64/cmake/KF6Completion/KF6CompletionConfig.cmake (found version "6.14.0")
-- Found KF6CoreAddons: /usr/lib64/cmake/KF6CoreAddons/KF6CoreAddonsConfig.cmake (found version "6.14.0")
-- Found Gettext: /usr/bin/msgmerge (found version "0.25")
-- Found KF6I18n: /usr/lib64/cmake/KF6I18n/KF6I18nConfig.cmake (found version "6.14.0")
-- Found X11: /usr/include
-- Looking for XOpenDisplay in /usr/lib64/libX11.so;/usr/lib64/libXext.so
-- Looking for XOpenDisplay in /usr/lib64/libX11.so;/usr/lib64/libXext.so - found
-- Looking for gethostbyname
-- Looking for gethostbyname - found
-- Looking for connect
-- Looking for connect - found
-- Looking for remove
-- Looking for remove - found
-- Looking for shmat
-- Looking for shmat - found
-- Looking for IceConnectionNumber in ICE
-- Looking for IceConnectionNumber in ICE - found
-- Found KF6KIO: /usr/lib64/cmake/KF6KIO/KF6KIOConfig.cmake (found version "6.14.0")
-- Found KF6WidgetsAddons: /usr/lib64/cmake/KF6WidgetsAddons/KF6WidgetsAddonsConfig.cmake (found version "6.14.0")
-- Found KF6: success (found suitable version "6.14.0", minimum required is "5.240.0") found components: Auth Completion CoreAddons I18n KIO WidgetsAddons
CMake Warning at CMakeLists.txt:35 (find_package):
  By not providing "FindPackageKitQt6.cmake" in CMAKE_MODULE_PATH this
  project has asked CMake to find a package configuration file provided by
  "PackageKitQt6", but CMake did not find one.

  Could not find a package configuration file provided by "PackageKitQt6"
  with any of the following names:

    PackageKitQt6Config.cmake
    packagekitqt6-config.cmake

  Add the installation prefix of "PackageKitQt6" to CMAKE_PREFIX_PATH or set
  "PackageKitQt6_DIR" to a directory containing one of the above files.  If
  "PackageKitQt6" provides a separate development package or SDK, be sure it
  has been installed.


-- Found net: /usr/bin/net
-- Found testparm: /usr/bin/testparm
-- The following RUNTIME packages have been found:

 * net, Samba CLI tool
   Runtime dependency to do anything
 * testparm, Samba CLI tool
   Runtime dependency to do anything

-- The following OPTIONAL packages have been found:

 * OpenGL
 * Vulkan
 * Qt6QuickTools (required version >= 6.8.3)
 * Qt6QuickWidgets (required version >= 6.6.0)
 * Qt6WidgetsTools (required version >= 6.8.3)
 * Qt6Widgets (required version >= 6.7.0)
 * Qt6DBusTools (required version >= 6.8.3)
 * Qt6QmlTools (required version >= 6.8.3)
 * Qt6Qml (required version >= 6.7.0)
 * XKB (required version >= 0.5.0), XKB API common to servers and clients., <http://xkbcommon.org>
 * WrapVulkanHeaders
 * Qt6GuiTools (required version >= 6.8.3)
 * Freetype
 * PkgConfig
 * Fontconfig
 * Qt6CoreTools (required version >= 6.8.3)

-- The following REQUIRED packages have been found:

 * ECM (required version >= 5.240.0)
 * Qt6 (required version >= 6.6.0)
 * KF6Auth (required version >= 5.240.0)
 * KF6CoreAddons (required version >= 5.240.0)
 * Gettext
 * KF6I18n (required version >= 5.240.0)
 * KF6Completion (required version >= 6.14.0)
 * KF6KIO (required version >= 5.240.0)
 * KF6WidgetsAddons (required version >= 5.240.0)
 * KF6 (required version >= 5.240.0)
 * Qt6Core
 * QCoro6Core
 * QCoro6

-- The following features have been disabled:

 * Samba Installation, Automatic installation of '"samba"' using PackageKit.

-- The following OPTIONAL packages have not been found:

 * Qt6QmlCompilerPlusPrivateTools (required version >= 6.8.3)
 * PackageKitQt6, Software Manager integration
   Needed to automatically install the samba package.

-- Configuring done (1.5s)
-- Generating done (0.0s)
-- Build files have been written to: /home/omen/GITHUB/Athos/AthOS/REPO-AthOS/kdenetwork-filesharing/work/kdenetwork-filesharing-25.04.1/build
[1/26] Generating org.kde.filesharing.samba.policy
[2/26] Generating ts...
[3/26] Generating mo...
[4/26] Automatic MOC for target authhelper
[5/26] Automatic MOC for target sambausershareplugin
[6/26] Automatic RCC for qml/qml.qrc
[7/26] Automatic MOC for target SambaAcl
[8/26] Automatic RCC for qml/qml.qrc
[9/26] Building CXX object samba/filepropertiesplugin/CMakeFiles/sambausershareplugin.dir/sambausershareplugin_autogen/CCBC4FUR7J/qrc_qml.cpp.o
[10/26] Building CXX object samba/aclproperties/CMakeFiles/SambaAcl.dir/SambaAcl_autogen/CCBC4FUR7J/qrc_qml.cpp.o
[11/26] Building CXX object samba/filepropertiesplugin/CMakeFiles/authhelper.dir/authhelper_autogen/mocs_compilation.cpp.o
[12/26] Building CXX object samba/aclproperties/CMakeFiles/SambaAcl.dir/debug.cpp.o
[13/26] Building CXX object samba/aclproperties/CMakeFiles/SambaAcl.dir/model.cpp.o
[14/26] Building CXX object samba/filepropertiesplugin/CMakeFiles/sambausershareplugin.dir/groupmanager.cpp.o
[15/26] Building CXX object samba/aclproperties/CMakeFiles/SambaAcl.dir/SambaAcl_autogen/mocs_compilation.cpp.o
[16/26] Building CXX object samba/filepropertiesplugin/CMakeFiles/authhelper.dir/authhelper.cpp.o
[17/26] Building CXX object samba/aclproperties/CMakeFiles/SambaAcl.dir/aceobject.cpp.o
[18/26] Linking CXX executable bin/authhelper
[19/26] Building CXX object samba/filepropertiesplugin/CMakeFiles/sambausershareplugin.dir/permissionshelper.cpp.o
In file included from /usr/include/qcoro6/QCoro/Task:1,
                 from /home/omen/GITHUB/Athos/AthOS/REPO-AthOS/kdenetwork-filesharing/work/kdenetwork-filesharing-25.04.1/samba/filepropertiesplugin/permissionshelper.h:13,
                 from /home/omen/GITHUB/Athos/AthOS/REPO-AthOS/kdenetwork-filesharing/work/kdenetwork-filesharing-25.04.1/samba/filepropertiesplugin/permissionshelper.cpp:8:
/usr/include/qcoro6/qcoro/task.h:11:29: note: ‘#pragma message: The qcoro/task.h include header is deprecated and will be removed in some future version of QCoro. Please use qcorotask.h header instead. You can define QCORO_NO_WARN_DEPRECATED_TASK_H to suppress this warning.’
   11 |                             "You can define QCORO_NO_WARN_DEPRECATED_TASK_H to suppress this warning."
      |                             ^~~~~~~~~~~~~~~~~~~~~~~~~~~~~~~~~~~~~~~~~~~~~~~~~~~~~~~~~~~~~~~~~~~~~~~~~~
[20/26] Building CXX object samba/filepropertiesplugin/CMakeFiles/sambausershareplugin.dir/usermanager.cpp.o
[21/26] Building CXX object samba/filepropertiesplugin/CMakeFiles/sambausershareplugin.dir/model.cpp.o
[22/26] Building CXX object samba/filepropertiesplugin/CMakeFiles/sambausershareplugin.dir/sambausershareplugin_autogen/mocs_compilation.cpp.o
In file included from /usr/include/qcoro6/QCoro/Task:1,
                 from /home/omen/GITHUB/Athos/AthOS/REPO-AthOS/kdenetwork-filesharing/work/kdenetwork-filesharing-25.04.1/build/samba/filepropertiesplugin/sambausershareplugin_autogen/EWIEGA46WW/../../../../../samba/filepropertiesplugin/permissionshelper.h:13,
                 from /home/omen/GITHUB/Athos/AthOS/REPO-AthOS/kdenetwork-filesharing/work/kdenetwork-filesharing-25.04.1/build/samba/filepropertiesplugin/sambausershareplugin_autogen/EWIEGA46WW/moc_permissionshelper.cpp:9,
                 from /home/omen/GITHUB/Athos/AthOS/REPO-AthOS/kdenetwork-filesharing/work/kdenetwork-filesharing-25.04.1/build/samba/filepropertiesplugin/sambausershareplugin_autogen/mocs_compilation.cpp:4:
/usr/include/qcoro6/qcoro/task.h:11:29: note: ‘#pragma message: The qcoro/task.h include header is deprecated and will be removed in some future version of QCoro. Please use qcorotask.h header instead. You can define QCORO_NO_WARN_DEPRECATED_TASK_H to suppress this warning.’
   11 |                             "You can define QCORO_NO_WARN_DEPRECATED_TASK_H to suppress this warning."
      |                             ^~~~~~~~~~~~~~~~~~~~~~~~~~~~~~~~~~~~~~~~~~~~~~~~~~~~~~~~~~~~~~~~~~~~~~~~~~
[23/26] Building CXX object samba/filepropertiesplugin/CMakeFiles/sambausershareplugin.dir/sambausershareplugin.cpp.o
In file included from /usr/include/qcoro6/QCoro/Task:1,
                 from /home/omen/GITHUB/Athos/AthOS/REPO-AthOS/kdenetwork-filesharing/work/kdenetwork-filesharing-25.04.1/samba/filepropertiesplugin/permissionshelper.h:13,
                 from /home/omen/GITHUB/Athos/AthOS/REPO-AthOS/kdenetwork-filesharing/work/kdenetwork-filesharing-25.04.1/samba/filepropertiesplugin/sambausershareplugin.h:22,
                 from /home/omen/GITHUB/Athos/AthOS/REPO-AthOS/kdenetwork-filesharing/work/kdenetwork-filesharing-25.04.1/samba/filepropertiesplugin/sambausershareplugin.cpp:10:
/usr/include/qcoro6/qcoro/task.h:11:29: note: ‘#pragma message: The qcoro/task.h include header is deprecated and will be removed in some future version of QCoro. Please use qcorotask.h header instead. You can define QCORO_NO_WARN_DEPRECATED_TASK_H to suppress this warning.’
   11 |                             "You can define QCORO_NO_WARN_DEPRECATED_TASK_H to suppress this warning."
      |                             ^~~~~~~~~~~~~~~~~~~~~~~~~~~~~~~~~~~~~~~~~~~~~~~~~~~~~~~~~~~~~~~~~~~~~~~~~~
[24/26] Linking CXX shared module bin/sambausershareplugin.so
[25/26] Building CXX object samba/aclproperties/CMakeFiles/SambaAcl.dir/plugin.cpp.o
[26/26] Linking CXX shared module bin/SambaAcl.so
-- Install configuration: "RelWithDebInfo"
-- Installing: /home/omen/GITHUB/Athos/AthOS/REPO-AthOS/kdenetwork-filesharing/package-kdenetwork-filesharing/usr/lib64/qt6/plugins/kf6/propertiesdialog/SambaAcl.so
-- Installing: /home/omen/GITHUB/Athos/AthOS/REPO-AthOS/kdenetwork-filesharing/package-kdenetwork-filesharing/usr/lib64/qt6/plugins/kf6/propertiesdialog/sambausershareplugin.so
-- Installing: /home/omen/GITHUB/Athos/AthOS/REPO-AthOS/kdenetwork-filesharing/package-kdenetwork-filesharing/usr/share/polkit-1/actions/org.kde.filesharing.samba.policy
-- Installing: /home/omen/GITHUB/Athos/AthOS/REPO-AthOS/kdenetwork-filesharing/package-kdenetwork-filesharing/usr/share/dbus-1/system.d/org.kde.filesharing.samba.conf
-- Installing: /home/omen/GITHUB/Athos/AthOS/REPO-AthOS/kdenetwork-filesharing/package-kdenetwork-filesharing/usr/share/dbus-1/system-services/org.kde.filesharing.samba.service
-- Installing: /home/omen/GITHUB/Athos/AthOS/REPO-AthOS/kdenetwork-filesharing/package-kdenetwork-filesharing/usr/libexec/kf6/kauth/authhelper
-- Installing: /home/omen/GITHUB/Athos/AthOS/REPO-AthOS/kdenetwork-filesharing/package-kdenetwork-filesharing/usr/share/metainfo/org.kde.kdenetwork-filesharing.metainfo.xml
-- Installing: /home/omen/GITHUB/Athos/AthOS/REPO-AthOS/kdenetwork-filesharing/package-kdenetwork-filesharing/usr/share/locale
-- Installing: /home/omen/GITHUB/Athos/AthOS/REPO-AthOS/kdenetwork-filesharing/package-kdenetwork-filesharing/usr/share/locale/da
-- Installing: /home/omen/GITHUB/Athos/AthOS/REPO-AthOS/kdenetwork-filesharing/package-kdenetwork-filesharing/usr/share/locale/da/LC_MESSAGES
-- Installing: /home/omen/GITHUB/Athos/AthOS/REPO-AthOS/kdenetwork-filesharing/package-kdenetwork-filesharing/usr/share/locale/da/LC_MESSAGES/kfileshare.mo
-- Installing: /home/omen/GITHUB/Athos/AthOS/REPO-AthOS/kdenetwork-filesharing/package-kdenetwork-filesharing/usr/share/locale/ms
-- Installing: /home/omen/GITHUB/Athos/AthOS/REPO-AthOS/kdenetwork-filesharing/package-kdenetwork-filesharing/usr/share/locale/ms/LC_MESSAGES
-- Installing: /home/omen/GITHUB/Athos/AthOS/REPO-AthOS/kdenetwork-filesharing/package-kdenetwork-filesharing/usr/share/locale/ms/LC_MESSAGES/kfileshare.mo
-- Installing: /home/omen/GITHUB/Athos/AthOS/REPO-AthOS/kdenetwork-filesharing/package-kdenetwork-filesharing/usr/share/locale/cs
-- Installing: /home/omen/GITHUB/Athos/AthOS/REPO-AthOS/kdenetwork-filesharing/package-kdenetwork-filesharing/usr/share/locale/cs/LC_MESSAGES
-- Installing: /home/omen/GITHUB/Athos/AthOS/REPO-AthOS/kdenetwork-filesharing/package-kdenetwork-filesharing/usr/share/locale/cs/LC_MESSAGES/kfileshare.mo
-- Installing: /home/omen/GITHUB/Athos/AthOS/REPO-AthOS/kdenetwork-filesharing/package-kdenetwork-filesharing/usr/share/locale/ja
-- Installing: /home/omen/GITHUB/Athos/AthOS/REPO-AthOS/kdenetwork-filesharing/package-kdenetwork-filesharing/usr/share/locale/ja/LC_MESSAGES
-- Installing: /home/omen/GITHUB/Athos/AthOS/REPO-AthOS/kdenetwork-filesharing/package-kdenetwork-filesharing/usr/share/locale/ja/LC_MESSAGES/kfileshare.mo
-- Installing: /home/omen/GITHUB/Athos/AthOS/REPO-AthOS/kdenetwork-filesharing/package-kdenetwork-filesharing/usr/share/locale/sr@ijekavian
-- Installing: /home/omen/GITHUB/Athos/AthOS/REPO-AthOS/kdenetwork-filesharing/package-kdenetwork-filesharing/usr/share/locale/sr@ijekavian/LC_MESSAGES
-- Installing: /home/omen/GITHUB/Athos/AthOS/REPO-AthOS/kdenetwork-filesharing/package-kdenetwork-filesharing/usr/share/locale/sr@ijekavian/LC_MESSAGES/kfileshare.mo
-- Installing: /home/omen/GITHUB/Athos/AthOS/REPO-AthOS/kdenetwork-filesharing/package-kdenetwork-filesharing/usr/share/locale/de
-- Installing: /home/omen/GITHUB/Athos/AthOS/REPO-AthOS/kdenetwork-filesharing/package-kdenetwork-filesharing/usr/share/locale/de/LC_MESSAGES
-- Installing: /home/omen/GITHUB/Athos/AthOS/REPO-AthOS/kdenetwork-filesharing/package-kdenetwork-filesharing/usr/share/locale/de/LC_MESSAGES/kfileshare.mo
-- Installing: /home/omen/GITHUB/Athos/AthOS/REPO-AthOS/kdenetwork-filesharing/package-kdenetwork-filesharing/usr/share/locale/el
-- Installing: /home/omen/GITHUB/Athos/AthOS/REPO-AthOS/kdenetwork-filesharing/package-kdenetwork-filesharing/usr/share/locale/el/LC_MESSAGES
-- Installing: /home/omen/GITHUB/Athos/AthOS/REPO-AthOS/kdenetwork-filesharing/package-kdenetwork-filesharing/usr/share/locale/el/LC_MESSAGES/kfileshare.mo
-- Installing: /home/omen/GITHUB/Athos/AthOS/REPO-AthOS/kdenetwork-filesharing/package-kdenetwork-filesharing/usr/share/locale/nn
-- Installing: /home/omen/GITHUB/Athos/AthOS/REPO-AthOS/kdenetwork-filesharing/package-kdenetwork-filesharing/usr/share/locale/nn/LC_MESSAGES
-- Installing: /home/omen/GITHUB/Athos/AthOS/REPO-AthOS/kdenetwork-filesharing/package-kdenetwork-filesharing/usr/share/locale/nn/LC_MESSAGES/kfileshare.mo
-- Installing: /home/omen/GITHUB/Athos/AthOS/REPO-AthOS/kdenetwork-filesharing/package-kdenetwork-filesharing/usr/share/locale/sr
-- Installing: /home/omen/GITHUB/Athos/AthOS/REPO-AthOS/kdenetwork-filesharing/package-kdenetwork-filesharing/usr/share/locale/sr/LC_MESSAGES
-- Installing: /home/omen/GITHUB/Athos/AthOS/REPO-AthOS/kdenetwork-filesharing/package-kdenetwork-filesharing/usr/share/locale/sr/LC_MESSAGES/kfileshare.mo
-- Installing: /home/omen/GITHUB/Athos/AthOS/REPO-AthOS/kdenetwork-filesharing/package-kdenetwork-filesharing/usr/share/locale/zh_HK
-- Installing: /home/omen/GITHUB/Athos/AthOS/REPO-AthOS/kdenetwork-filesharing/package-kdenetwork-filesharing/usr/share/locale/zh_HK/LC_MESSAGES
-- Installing: /home/omen/GITHUB/Athos/AthOS/REPO-AthOS/kdenetwork-filesharing/package-kdenetwork-filesharing/usr/share/locale/zh_HK/LC_MESSAGES/kfileshare.mo
-- Installing: /home/omen/GITHUB/Athos/AthOS/REPO-AthOS/kdenetwork-filesharing/package-kdenetwork-filesharing/usr/share/locale/hi
-- Installing: /home/omen/GITHUB/Athos/AthOS/REPO-AthOS/kdenetwork-filesharing/package-kdenetwork-filesharing/usr/share/locale/hi/LC_MESSAGES
-- Installing: /home/omen/GITHUB/Athos/AthOS/REPO-AthOS/kdenetwork-filesharing/package-kdenetwork-filesharing/usr/share/locale/hi/LC_MESSAGES/kfileshare.mo
-- Installing: /home/omen/GITHUB/Athos/AthOS/REPO-AthOS/kdenetwork-filesharing/package-kdenetwork-filesharing/usr/share/locale/pt_BR
-- Installing: /home/omen/GITHUB/Athos/AthOS/REPO-AthOS/kdenetwork-filesharing/package-kdenetwork-filesharing/usr/share/locale/pt_BR/LC_MESSAGES
-- Installing: /home/omen/GITHUB/Athos/AthOS/REPO-AthOS/kdenetwork-filesharing/package-kdenetwork-filesharing/usr/share/locale/pt_BR/LC_MESSAGES/kfileshare.mo
-- Installing: /home/omen/GITHUB/Athos/AthOS/REPO-AthOS/kdenetwork-filesharing/package-kdenetwork-filesharing/usr/share/locale/lt
-- Installing: /home/omen/GITHUB/Athos/AthOS/REPO-AthOS/kdenetwork-filesharing/package-kdenetwork-filesharing/usr/share/locale/lt/LC_MESSAGES
-- Installing: /home/omen/GITHUB/Athos/AthOS/REPO-AthOS/kdenetwork-filesharing/package-kdenetwork-filesharing/usr/share/locale/lt/LC_MESSAGES/kfileshare.mo
-- Installing: /home/omen/GITHUB/Athos/AthOS/REPO-AthOS/kdenetwork-filesharing/package-kdenetwork-filesharing/usr/share/locale/sr@ijekavianlatin
-- Installing: /home/omen/GITHUB/Athos/AthOS/REPO-AthOS/kdenetwork-filesharing/package-kdenetwork-filesharing/usr/share/locale/sr@ijekavianlatin/LC_MESSAGES
-- Installing: /home/omen/GITHUB/Athos/AthOS/REPO-AthOS/kdenetwork-filesharing/package-kdenetwork-filesharing/usr/share/locale/sr@ijekavianlatin/LC_MESSAGES/kfileshare.mo
-- Installing: /home/omen/GITHUB/Athos/AthOS/REPO-AthOS/kdenetwork-filesharing/package-kdenetwork-filesharing/usr/share/locale/be
-- Installing: /home/omen/GITHUB/Athos/AthOS/REPO-AthOS/kdenetwork-filesharing/package-kdenetwork-filesharing/usr/share/locale/be/LC_MESSAGES
-- Installing: /home/omen/GITHUB/Athos/AthOS/REPO-AthOS/kdenetwork-filesharing/package-kdenetwork-filesharing/usr/share/locale/be/LC_MESSAGES/kfileshare.mo
-- Installing: /home/omen/GITHUB/Athos/AthOS/REPO-AthOS/kdenetwork-filesharing/package-kdenetwork-filesharing/usr/share/locale/pa
-- Installing: /home/omen/GITHUB/Athos/AthOS/REPO-AthOS/kdenetwork-filesharing/package-kdenetwork-filesharing/usr/share/locale/pa/LC_MESSAGES
-- Installing: /home/omen/GITHUB/Athos/AthOS/REPO-AthOS/kdenetwork-filesharing/package-kdenetwork-filesharing/usr/share/locale/pa/LC_MESSAGES/kfileshare.mo
-- Installing: /home/omen/GITHUB/Athos/AthOS/REPO-AthOS/kdenetwork-filesharing/package-kdenetwork-filesharing/usr/share/locale/sl
-- Installing: /home/omen/GITHUB/Athos/AthOS/REPO-AthOS/kdenetwork-filesharing/package-kdenetwork-filesharing/usr/share/locale/sl/LC_MESSAGES
-- Installing: /home/omen/GITHUB/Athos/AthOS/REPO-AthOS/kdenetwork-filesharing/package-kdenetwork-filesharing/usr/share/locale/sl/LC_MESSAGES/kfileshare.mo
-- Installing: /home/omen/GITHUB/Athos/AthOS/REPO-AthOS/kdenetwork-filesharing/package-kdenetwork-filesharing/usr/share/locale/ta
-- Installing: /home/omen/GITHUB/Athos/AthOS/REPO-AthOS/kdenetwork-filesharing/package-kdenetwork-filesharing/usr/share/locale/ta/LC_MESSAGES
-- Installing: /home/omen/GITHUB/Athos/AthOS/REPO-AthOS/kdenetwork-filesharing/package-kdenetwork-filesharing/usr/share/locale/ta/LC_MESSAGES/kfileshare.mo
-- Installing: /home/omen/GITHUB/Athos/AthOS/REPO-AthOS/kdenetwork-filesharing/package-kdenetwork-filesharing/usr/share/locale/ro
-- Installing: /home/omen/GITHUB/Athos/AthOS/REPO-AthOS/kdenetwork-filesharing/package-kdenetwork-filesharing/usr/share/locale/ro/LC_MESSAGES
-- Installing: /home/omen/GITHUB/Athos/AthOS/REPO-AthOS/kdenetwork-filesharing/package-kdenetwork-filesharing/usr/share/locale/ro/LC_MESSAGES/kfileshare.mo
-- Installing: /home/omen/GITHUB/Athos/AthOS/REPO-AthOS/kdenetwork-filesharing/package-kdenetwork-filesharing/usr/share/locale/bs
-- Installing: /home/omen/GITHUB/Athos/AthOS/REPO-AthOS/kdenetwork-filesharing/package-kdenetwork-filesharing/usr/share/locale/bs/LC_MESSAGES
-- Installing: /home/omen/GITHUB/Athos/AthOS/REPO-AthOS/kdenetwork-filesharing/package-kdenetwork-filesharing/usr/share/locale/bs/LC_MESSAGES/kfileshare.mo
-- Installing: /home/omen/GITHUB/Athos/AthOS/REPO-AthOS/kdenetwork-filesharing/package-kdenetwork-filesharing/usr/share/locale/is
-- Installing: /home/omen/GITHUB/Athos/AthOS/REPO-AthOS/kdenetwork-filesharing/package-kdenetwork-filesharing/usr/share/locale/is/LC_MESSAGES
-- Installing: /home/omen/GITHUB/Athos/AthOS/REPO-AthOS/kdenetwork-filesharing/package-kdenetwork-filesharing/usr/share/locale/is/LC_MESSAGES/kfileshare.mo
-- Installing: /home/omen/GITHUB/Athos/AthOS/REPO-AthOS/kdenetwork-filesharing/package-kdenetwork-filesharing/usr/share/locale/kk
-- Installing: /home/omen/GITHUB/Athos/AthOS/REPO-AthOS/kdenetwork-filesharing/package-kdenetwork-filesharing/usr/share/locale/kk/LC_MESSAGES
-- Installing: /home/omen/GITHUB/Athos/AthOS/REPO-AthOS/kdenetwork-filesharing/package-kdenetwork-filesharing/usr/share/locale/kk/LC_MESSAGES/kfileshare.mo
-- Installing: /home/omen/GITHUB/Athos/AthOS/REPO-AthOS/kdenetwork-filesharing/package-kdenetwork-filesharing/usr/share/locale/sr@latin
-- Installing: /home/omen/GITHUB/Athos/AthOS/REPO-AthOS/kdenetwork-filesharing/package-kdenetwork-filesharing/usr/share/locale/sr@latin/LC_MESSAGES
-- Installing: /home/omen/GITHUB/Athos/AthOS/REPO-AthOS/kdenetwork-filesharing/package-kdenetwork-filesharing/usr/share/locale/sr@latin/LC_MESSAGES/kfileshare.mo
-- Installing: /home/omen/GITHUB/Athos/AthOS/REPO-AthOS/kdenetwork-filesharing/package-kdenetwork-filesharing/usr/share/locale/he
-- Installing: /home/omen/GITHUB/Athos/AthOS/REPO-AthOS/kdenetwork-filesharing/package-kdenetwork-filesharing/usr/share/locale/he/LC_MESSAGES
-- Installing: /home/omen/GITHUB/Athos/AthOS/REPO-AthOS/kdenetwork-filesharing/package-kdenetwork-filesharing/usr/share/locale/he/LC_MESSAGES/kfileshare.mo
-- Installing: /home/omen/GITHUB/Athos/AthOS/REPO-AthOS/kdenetwork-filesharing/package-kdenetwork-filesharing/usr/share/locale/zh_TW
-- Installing: /home/omen/GITHUB/Athos/AthOS/REPO-AthOS/kdenetwork-filesharing/package-kdenetwork-filesharing/usr/share/locale/zh_TW/LC_MESSAGES
-- Installing: /home/omen/GITHUB/Athos/AthOS/REPO-AthOS/kdenetwork-filesharing/package-kdenetwork-filesharing/usr/share/locale/zh_TW/LC_MESSAGES/kfileshare.mo
-- Installing: /home/omen/GITHUB/Athos/AthOS/REPO-AthOS/kdenetwork-filesharing/package-kdenetwork-filesharing/usr/share/locale/tg
-- Installing: /home/omen/GITHUB/Athos/AthOS/REPO-AthOS/kdenetwork-filesharing/package-kdenetwork-filesharing/usr/share/locale/tg/LC_MESSAGES
-- Installing: /home/omen/GITHUB/Athos/AthOS/REPO-AthOS/kdenetwork-filesharing/package-kdenetwork-filesharing/usr/share/locale/tg/LC_MESSAGES/kfileshare.mo
-- Installing: /home/omen/GITHUB/Athos/AthOS/REPO-AthOS/kdenetwork-filesharing/package-kdenetwork-filesharing/usr/share/locale/fa
-- Installing: /home/omen/GITHUB/Athos/AthOS/REPO-AthOS/kdenetwork-filesharing/package-kdenetwork-filesharing/usr/share/locale/fa/LC_MESSAGES
-- Installing: /home/omen/GITHUB/Athos/AthOS/REPO-AthOS/kdenetwork-filesharing/package-kdenetwork-filesharing/usr/share/locale/fa/LC_MESSAGES/kfileshare.mo
-- Installing: /home/omen/GITHUB/Athos/AthOS/REPO-AthOS/kdenetwork-filesharing/package-kdenetwork-filesharing/usr/share/locale/pl
-- Installing: /home/omen/GITHUB/Athos/AthOS/REPO-AthOS/kdenetwork-filesharing/package-kdenetwork-filesharing/usr/share/locale/pl/LC_MESSAGES
-- Installing: /home/omen/GITHUB/Athos/AthOS/REPO-AthOS/kdenetwork-filesharing/package-kdenetwork-filesharing/usr/share/locale/pl/LC_MESSAGES/kfileshare.mo
-- Installing: /home/omen/GITHUB/Athos/AthOS/REPO-AthOS/kdenetwork-filesharing/package-kdenetwork-filesharing/usr/share/locale/km
-- Installing: /home/omen/GITHUB/Athos/AthOS/REPO-AthOS/kdenetwork-filesharing/package-kdenetwork-filesharing/usr/share/locale/km/LC_MESSAGES
-- Installing: /home/omen/GITHUB/Athos/AthOS/REPO-AthOS/kdenetwork-filesharing/package-kdenetwork-filesharing/usr/share/locale/km/LC_MESSAGES/kfileshare.mo
-- Installing: /home/omen/GITHUB/Athos/AthOS/REPO-AthOS/kdenetwork-filesharing/package-kdenetwork-filesharing/usr/share/locale/pt
-- Installing: /home/omen/GITHUB/Athos/AthOS/REPO-AthOS/kdenetwork-filesharing/package-kdenetwork-filesharing/usr/share/locale/pt/LC_MESSAGES
-- Installing: /home/omen/GITHUB/Athos/AthOS/REPO-AthOS/kdenetwork-filesharing/package-kdenetwork-filesharing/usr/share/locale/pt/LC_MESSAGES/kfileshare.mo
-- Installing: /home/omen/GITHUB/Athos/AthOS/REPO-AthOS/kdenetwork-filesharing/package-kdenetwork-filesharing/usr/share/locale/hr
-- Installing: /home/omen/GITHUB/Athos/AthOS/REPO-AthOS/kdenetwork-filesharing/package-kdenetwork-filesharing/usr/share/locale/hr/LC_MESSAGES
-- Installing: /home/omen/GITHUB/Athos/AthOS/REPO-AthOS/kdenetwork-filesharing/package-kdenetwork-filesharing/usr/share/locale/hr/LC_MESSAGES/kfileshare.mo
-- Installing: /home/omen/GITHUB/Athos/AthOS/REPO-AthOS/kdenetwork-filesharing/package-kdenetwork-filesharing/usr/share/locale/az
-- Installing: /home/omen/GITHUB/Athos/AthOS/REPO-AthOS/kdenetwork-filesharing/package-kdenetwork-filesharing/usr/share/locale/az/LC_MESSAGES
-- Installing: /home/omen/GITHUB/Athos/AthOS/REPO-AthOS/kdenetwork-filesharing/package-kdenetwork-filesharing/usr/share/locale/az/LC_MESSAGES/kfileshare.mo
-- Installing: /home/omen/GITHUB/Athos/AthOS/REPO-AthOS/kdenetwork-filesharing/package-kdenetwork-filesharing/usr/share/locale/tr
-- Installing: /home/omen/GITHUB/Athos/AthOS/REPO-AthOS/kdenetwork-filesharing/package-kdenetwork-filesharing/usr/share/locale/tr/LC_MESSAGES
-- Installing: /home/omen/GITHUB/Athos/AthOS/REPO-AthOS/kdenetwork-filesharing/package-kdenetwork-filesharing/usr/share/locale/tr/LC_MESSAGES/kfileshare.mo
-- Installing: /home/omen/GITHUB/Athos/AthOS/REPO-AthOS/kdenetwork-filesharing/package-kdenetwork-filesharing/usr/share/locale/fr
-- Installing: /home/omen/GITHUB/Athos/AthOS/REPO-AthOS/kdenetwork-filesharing/package-kdenetwork-filesharing/usr/share/locale/fr/LC_MESSAGES
-- Installing: /home/omen/GITHUB/Athos/AthOS/REPO-AthOS/kdenetwork-filesharing/package-kdenetwork-filesharing/usr/share/locale/fr/LC_MESSAGES/kfileshare.mo
-- Installing: /home/omen/GITHUB/Athos/AthOS/REPO-AthOS/kdenetwork-filesharing/package-kdenetwork-filesharing/usr/share/locale/ast
-- Installing: /home/omen/GITHUB/Athos/AthOS/REPO-AthOS/kdenetwork-filesharing/package-kdenetwork-filesharing/usr/share/locale/ast/LC_MESSAGES
-- Installing: /home/omen/GITHUB/Athos/AthOS/REPO-AthOS/kdenetwork-filesharing/package-kdenetwork-filesharing/usr/share/locale/ast/LC_MESSAGES/kfileshare.mo
-- Installing: /home/omen/GITHUB/Athos/AthOS/REPO-AthOS/kdenetwork-filesharing/package-kdenetwork-filesharing/usr/share/locale/mai
-- Installing: /home/omen/GITHUB/Athos/AthOS/REPO-AthOS/kdenetwork-filesharing/package-kdenetwork-filesharing/usr/share/locale/mai/LC_MESSAGES
-- Installing: /home/omen/GITHUB/Athos/AthOS/REPO-AthOS/kdenetwork-filesharing/package-kdenetwork-filesharing/usr/share/locale/mai/LC_MESSAGES/kfileshare.mo
-- Installing: /home/omen/GITHUB/Athos/AthOS/REPO-AthOS/kdenetwork-filesharing/package-kdenetwork-filesharing/usr/share/locale/ne
-- Installing: /home/omen/GITHUB/Athos/AthOS/REPO-AthOS/kdenetwork-filesharing/package-kdenetwork-filesharing/usr/share/locale/ne/LC_MESSAGES
-- Installing: /home/omen/GITHUB/Athos/AthOS/REPO-AthOS/kdenetwork-filesharing/package-kdenetwork-filesharing/usr/share/locale/ne/LC_MESSAGES/kfileshare.mo
-- Installing: /home/omen/GITHUB/Athos/AthOS/REPO-AthOS/kdenetwork-filesharing/package-kdenetwork-filesharing/usr/share/locale/vi
-- Installing: /home/omen/GITHUB/Athos/AthOS/REPO-AthOS/kdenetwork-filesharing/package-kdenetwork-filesharing/usr/share/locale/vi/LC_MESSAGES
-- Installing: /home/omen/GITHUB/Athos/AthOS/REPO-AthOS/kdenetwork-filesharing/package-kdenetwork-filesharing/usr/share/locale/vi/LC_MESSAGES/kfileshare.mo
-- Installing: /home/omen/GITHUB/Athos/AthOS/REPO-AthOS/kdenetwork-filesharing/package-kdenetwork-filesharing/usr/share/locale/ka
-- Installing: /home/omen/GITHUB/Athos/AthOS/REPO-AthOS/kdenetwork-filesharing/package-kdenetwork-filesharing/usr/share/locale/ka/LC_MESSAGES
-- Installing: /home/omen/GITHUB/Athos/AthOS/REPO-AthOS/kdenetwork-filesharing/package-kdenetwork-filesharing/usr/share/locale/ka/LC_MESSAGES/kfileshare.mo
-- Installing: /home/omen/GITHUB/Athos/AthOS/REPO-AthOS/kdenetwork-filesharing/package-kdenetwork-filesharing/usr/share/locale/hsb
-- Installing: /home/omen/GITHUB/Athos/AthOS/REPO-AthOS/kdenetwork-filesharing/package-kdenetwork-filesharing/usr/share/locale/hsb/LC_MESSAGES
-- Installing: /home/omen/GITHUB/Athos/AthOS/REPO-AthOS/kdenetwork-filesharing/package-kdenetwork-filesharing/usr/share/locale/hsb/LC_MESSAGES/kfileshare.mo
-- Installing: /home/omen/GITHUB/Athos/AthOS/REPO-AthOS/kdenetwork-filesharing/package-kdenetwork-filesharing/usr/share/locale/cy
-- Installing: /home/omen/GITHUB/Athos/AthOS/REPO-AthOS/kdenetwork-filesharing/package-kdenetwork-filesharing/usr/share/locale/cy/LC_MESSAGES
-- Installing: /home/omen/GITHUB/Athos/AthOS/REPO-AthOS/kdenetwork-filesharing/package-kdenetwork-filesharing/usr/share/locale/cy/LC_MESSAGES/kfileshare.mo
-- Installing: /home/omen/GITHUB/Athos/AthOS/REPO-AthOS/kdenetwork-filesharing/package-kdenetwork-filesharing/usr/share/locale/th
-- Installing: /home/omen/GITHUB/Athos/AthOS/REPO-AthOS/kdenetwork-filesharing/package-kdenetwork-filesharing/usr/share/locale/th/LC_MESSAGES
-- Installing: /home/omen/GITHUB/Athos/AthOS/REPO-AthOS/kdenetwork-filesharing/package-kdenetwork-filesharing/usr/share/locale/th/LC_MESSAGES/kfileshare.mo
-- Installing: /home/omen/GITHUB/Athos/AthOS/REPO-AthOS/kdenetwork-filesharing/package-kdenetwork-filesharing/usr/share/locale/gl
-- Installing: /home/omen/GITHUB/Athos/AthOS/REPO-AthOS/kdenetwork-filesharing/package-kdenetwork-filesharing/usr/share/locale/gl/LC_MESSAGES
-- Installing: /home/omen/GITHUB/Athos/AthOS/REPO-AthOS/kdenetwork-filesharing/package-kdenetwork-filesharing/usr/share/locale/gl/LC_MESSAGES/kfileshare.mo
-- Installing: /home/omen/GITHUB/Athos/AthOS/REPO-AthOS/kdenetwork-filesharing/package-kdenetwork-filesharing/usr/share/locale/ia
-- Installing: /home/omen/GITHUB/Athos/AthOS/REPO-AthOS/kdenetwork-filesharing/package-kdenetwork-filesharing/usr/share/locale/ia/LC_MESSAGES
-- Installing: /home/omen/GITHUB/Athos/AthOS/REPO-AthOS/kdenetwork-filesharing/package-kdenetwork-filesharing/usr/share/locale/ia/LC_MESSAGES/kfileshare.mo
-- Installing: /home/omen/GITHUB/Athos/AthOS/REPO-AthOS/kdenetwork-filesharing/package-kdenetwork-filesharing/usr/share/locale/hu
-- Installing: /home/omen/GITHUB/Athos/AthOS/REPO-AthOS/kdenetwork-filesharing/package-kdenetwork-filesharing/usr/share/locale/hu/LC_MESSAGES
-- Installing: /home/omen/GITHUB/Athos/AthOS/REPO-AthOS/kdenetwork-filesharing/package-kdenetwork-filesharing/usr/share/locale/hu/LC_MESSAGES/kfileshare.mo
-- Installing: /home/omen/GITHUB/Athos/AthOS/REPO-AthOS/kdenetwork-filesharing/package-kdenetwork-filesharing/usr/share/locale/eo
-- Installing: /home/omen/GITHUB/Athos/AthOS/REPO-AthOS/kdenetwork-filesharing/package-kdenetwork-filesharing/usr/share/locale/eo/LC_MESSAGES
-- Installing: /home/omen/GITHUB/Athos/AthOS/REPO-AthOS/kdenetwork-filesharing/package-kdenetwork-filesharing/usr/share/locale/eo/LC_MESSAGES/kfileshare.mo
-- Installing: /home/omen/GITHUB/Athos/AthOS/REPO-AthOS/kdenetwork-filesharing/package-kdenetwork-filesharing/usr/share/locale/bg
-- Installing: /home/omen/GITHUB/Athos/AthOS/REPO-AthOS/kdenetwork-filesharing/package-kdenetwork-filesharing/usr/share/locale/bg/LC_MESSAGES
-- Installing: /home/omen/GITHUB/Athos/AthOS/REPO-AthOS/kdenetwork-filesharing/package-kdenetwork-filesharing/usr/share/locale/bg/LC_MESSAGES/kfileshare.mo
-- Installing: /home/omen/GITHUB/Athos/AthOS/REPO-AthOS/kdenetwork-filesharing/package-kdenetwork-filesharing/usr/share/locale/ga
-- Installing: /home/omen/GITHUB/Athos/AthOS/REPO-AthOS/kdenetwork-filesharing/package-kdenetwork-filesharing/usr/share/locale/ga/LC_MESSAGES
-- Installing: /home/omen/GITHUB/Athos/AthOS/REPO-AthOS/kdenetwork-filesharing/package-kdenetwork-filesharing/usr/share/locale/ga/LC_MESSAGES/kfileshare.mo
-- Installing: /home/omen/GITHUB/Athos/AthOS/REPO-AthOS/kdenetwork-filesharing/package-kdenetwork-filesharing/usr/share/locale/br
-- Installing: /home/omen/GITHUB/Athos/AthOS/REPO-AthOS/kdenetwork-filesharing/package-kdenetwork-filesharing/usr/share/locale/br/LC_MESSAGES
-- Installing: /home/omen/GITHUB/Athos/AthOS/REPO-AthOS/kdenetwork-filesharing/package-kdenetwork-filesharing/usr/share/locale/br/LC_MESSAGES/kfileshare.mo
-- Installing: /home/omen/GITHUB/Athos/AthOS/REPO-AthOS/kdenetwork-filesharing/package-kdenetwork-filesharing/usr/share/locale/ca
-- Installing: /home/omen/GITHUB/Athos/AthOS/REPO-AthOS/kdenetwork-filesharing/package-kdenetwork-filesharing/usr/share/locale/ca/LC_MESSAGES
-- Installing: /home/omen/GITHUB/Athos/AthOS/REPO-AthOS/kdenetwork-filesharing/package-kdenetwork-filesharing/usr/share/locale/ca/LC_MESSAGES/kfileshare.mo
-- Installing: /home/omen/GITHUB/Athos/AthOS/REPO-AthOS/kdenetwork-filesharing/package-kdenetwork-filesharing/usr/share/locale/uk
-- Installing: /home/omen/GITHUB/Athos/AthOS/REPO-AthOS/kdenetwork-filesharing/package-kdenetwork-filesharing/usr/share/locale/uk/LC_MESSAGES
-- Installing: /home/omen/GITHUB/Athos/AthOS/REPO-AthOS/kdenetwork-filesharing/package-kdenetwork-filesharing/usr/share/locale/uk/LC_MESSAGES/kfileshare.mo
-- Installing: /home/omen/GITHUB/Athos/AthOS/REPO-AthOS/kdenetwork-filesharing/package-kdenetwork-filesharing/usr/share/locale/id
-- Installing: /home/omen/GITHUB/Athos/AthOS/REPO-AthOS/kdenetwork-filesharing/package-kdenetwork-filesharing/usr/share/locale/id/LC_MESSAGES
-- Installing: /home/omen/GITHUB/Athos/AthOS/REPO-AthOS/kdenetwork-filesharing/package-kdenetwork-filesharing/usr/share/locale/id/LC_MESSAGES/kfileshare.mo
-- Installing: /home/omen/GITHUB/Athos/AthOS/REPO-AthOS/kdenetwork-filesharing/package-kdenetwork-filesharing/usr/share/locale/en_GB
-- Installing: /home/omen/GITHUB/Athos/AthOS/REPO-AthOS/kdenetwork-filesharing/package-kdenetwork-filesharing/usr/share/locale/en_GB/LC_MESSAGES
-- Installing: /home/omen/GITHUB/Athos/AthOS/REPO-AthOS/kdenetwork-filesharing/package-kdenetwork-filesharing/usr/share/locale/en_GB/LC_MESSAGES/kfileshare.mo
-- Installing: /home/omen/GITHUB/Athos/AthOS/REPO-AthOS/kdenetwork-filesharing/package-kdenetwork-filesharing/usr/share/locale/zh_CN
-- Installing: /home/omen/GITHUB/Athos/AthOS/REPO-AthOS/kdenetwork-filesharing/package-kdenetwork-filesharing/usr/share/locale/zh_CN/LC_MESSAGES
-- Installing: /home/omen/GITHUB/Athos/AthOS/REPO-AthOS/kdenetwork-filesharing/package-kdenetwork-filesharing/usr/share/locale/zh_CN/LC_MESSAGES/kfileshare.mo
-- Installing: /home/omen/GITHUB/Athos/AthOS/REPO-AthOS/kdenetwork-filesharing/package-kdenetwork-filesharing/usr/share/locale/nl
-- Installing: /home/omen/GITHUB/Athos/AthOS/REPO-AthOS/kdenetwork-filesharing/package-kdenetwork-filesharing/usr/share/locale/nl/LC_MESSAGES
-- Installing: /home/omen/GITHUB/Athos/AthOS/REPO-AthOS/kdenetwork-filesharing/package-kdenetwork-filesharing/usr/share/locale/nl/LC_MESSAGES/kfileshare.mo
-- Installing: /home/omen/GITHUB/Athos/AthOS/REPO-AthOS/kdenetwork-filesharing/package-kdenetwork-filesharing/usr/share/locale/oc
-- Installing: /home/omen/GITHUB/Athos/AthOS/REPO-AthOS/kdenetwork-filesharing/package-kdenetwork-filesharing/usr/share/locale/oc/LC_MESSAGES
-- Installing: /home/omen/GITHUB/Athos/AthOS/REPO-AthOS/kdenetwork-filesharing/package-kdenetwork-filesharing/usr/share/locale/oc/LC_MESSAGES/kfileshare.mo
-- Installing: /home/omen/GITHUB/Athos/AthOS/REPO-AthOS/kdenetwork-filesharing/package-kdenetwork-filesharing/usr/share/locale/sa
-- Installing: /home/omen/GITHUB/Athos/AthOS/REPO-AthOS/kdenetwork-filesharing/package-kdenetwork-filesharing/usr/share/locale/sa/LC_MESSAGES
-- Installing: /home/omen/GITHUB/Athos/AthOS/REPO-AthOS/kdenetwork-filesharing/package-kdenetwork-filesharing/usr/share/locale/sa/LC_MESSAGES/kfileshare.mo
-- Installing: /home/omen/GITHUB/Athos/AthOS/REPO-AthOS/kdenetwork-filesharing/package-kdenetwork-filesharing/usr/share/locale/fi
-- Installing: /home/omen/GITHUB/Athos/AthOS/REPO-AthOS/kdenetwork-filesharing/package-kdenetwork-filesharing/usr/share/locale/fi/LC_MESSAGES
-- Installing: /home/omen/GITHUB/Athos/AthOS/REPO-AthOS/kdenetwork-filesharing/package-kdenetwork-filesharing/usr/share/locale/fi/LC_MESSAGES/kfileshare.mo
-- Installing: /home/omen/GITHUB/Athos/AthOS/REPO-AthOS/kdenetwork-filesharing/package-kdenetwork-filesharing/usr/share/locale/ko
-- Installing: /home/omen/GITHUB/Athos/AthOS/REPO-AthOS/kdenetwork-filesharing/package-kdenetwork-filesharing/usr/share/locale/ko/LC_MESSAGES
-- Installing: /home/omen/GITHUB/Athos/AthOS/REPO-AthOS/kdenetwork-filesharing/package-kdenetwork-filesharing/usr/share/locale/ko/LC_MESSAGES/kfileshare.mo
-- Installing: /home/omen/GITHUB/Athos/AthOS/REPO-AthOS/kdenetwork-filesharing/package-kdenetwork-filesharing/usr/share/locale/mk
-- Installing: /home/omen/GITHUB/Athos/AthOS/REPO-AthOS/kdenetwork-filesharing/package-kdenetwork-filesharing/usr/share/locale/mk/LC_MESSAGES
-- Installing: /home/omen/GITHUB/Athos/AthOS/REPO-AthOS/kdenetwork-filesharing/package-kdenetwork-filesharing/usr/share/locale/mk/LC_MESSAGES/kfileshare.mo
-- Installing: /home/omen/GITHUB/Athos/AthOS/REPO-AthOS/kdenetwork-filesharing/package-kdenetwork-filesharing/usr/share/locale/ru
-- Installing: /home/omen/GITHUB/Athos/AthOS/REPO-AthOS/kdenetwork-filesharing/package-kdenetwork-filesharing/usr/share/locale/ru/LC_MESSAGES
-- Installing: /home/omen/GITHUB/Athos/AthOS/REPO-AthOS/kdenetwork-filesharing/package-kdenetwork-filesharing/usr/share/locale/ru/LC_MESSAGES/kfileshare.mo
-- Installing: /home/omen/GITHUB/Athos/AthOS/REPO-AthOS/kdenetwork-filesharing/package-kdenetwork-filesharing/usr/share/locale/lv
-- Installing: /home/omen/GITHUB/Athos/AthOS/REPO-AthOS/kdenetwork-filesharing/package-kdenetwork-filesharing/usr/share/locale/lv/LC_MESSAGES
-- Installing: /home/omen/GITHUB/Athos/AthOS/REPO-AthOS/kdenetwork-filesharing/package-kdenetwork-filesharing/usr/share/locale/lv/LC_MESSAGES/kfileshare.mo
-- Installing: /home/omen/GITHUB/Athos/AthOS/REPO-AthOS/kdenetwork-filesharing/package-kdenetwork-filesharing/usr/share/locale/hne
-- Installing: /home/omen/GITHUB/Athos/AthOS/REPO-AthOS/kdenetwork-filesharing/package-kdenetwork-filesharing/usr/share/locale/hne/LC_MESSAGES
-- Installing: /home/omen/GITHUB/Athos/AthOS/REPO-AthOS/kdenetwork-filesharing/package-kdenetwork-filesharing/usr/share/locale/hne/LC_MESSAGES/kfileshare.mo
-- Installing: /home/omen/GITHUB/Athos/AthOS/REPO-AthOS/kdenetwork-filesharing/package-kdenetwork-filesharing/usr/share/locale/ca@valencia
-- Installing: /home/omen/GITHUB/Athos/AthOS/REPO-AthOS/kdenetwork-filesharing/package-kdenetwork-filesharing/usr/share/locale/ca@valencia/LC_MESSAGES
-- Installing: /home/omen/GITHUB/Athos/AthOS/REPO-AthOS/kdenetwork-filesharing/package-kdenetwork-filesharing/usr/share/locale/ca@valencia/LC_MESSAGES/kfileshare.mo
-- Installing: /home/omen/GITHUB/Athos/AthOS/REPO-AthOS/kdenetwork-filesharing/package-kdenetwork-filesharing/usr/share/locale/nb
-- Installing: /home/omen/GITHUB/Athos/AthOS/REPO-AthOS/kdenetwork-filesharing/package-kdenetwork-filesharing/usr/share/locale/nb/LC_MESSAGES
-- Installing: /home/omen/GITHUB/Athos/AthOS/REPO-AthOS/kdenetwork-filesharing/package-kdenetwork-filesharing/usr/share/locale/nb/LC_MESSAGES/kfileshare.mo
-- Installing: /home/omen/GITHUB/Athos/AthOS/REPO-AthOS/kdenetwork-filesharing/package-kdenetwork-filesharing/usr/share/locale/es
-- Installing: /home/omen/GITHUB/Athos/AthOS/REPO-AthOS/kdenetwork-filesharing/package-kdenetwork-filesharing/usr/share/locale/es/LC_MESSAGES
-- Installing: /home/omen/GITHUB/Athos/AthOS/REPO-AthOS/kdenetwork-filesharing/package-kdenetwork-filesharing/usr/share/locale/es/LC_MESSAGES/kfileshare.mo
-- Installing: /home/omen/GITHUB/Athos/AthOS/REPO-AthOS/kdenetwork-filesharing/package-kdenetwork-filesharing/usr/share/locale/eu
-- Installing: /home/omen/GITHUB/Athos/AthOS/REPO-AthOS/kdenetwork-filesharing/package-kdenetwork-filesharing/usr/share/locale/eu/LC_MESSAGES
-- Installing: /home/omen/GITHUB/Athos/AthOS/REPO-AthOS/kdenetwork-filesharing/package-kdenetwork-filesharing/usr/share/locale/eu/LC_MESSAGES/kfileshare.mo
-- Installing: /home/omen/GITHUB/Athos/AthOS/REPO-AthOS/kdenetwork-filesharing/package-kdenetwork-filesharing/usr/share/locale/et
-- Installing: /home/omen/GITHUB/Athos/AthOS/REPO-AthOS/kdenetwork-filesharing/package-kdenetwork-filesharing/usr/share/locale/et/LC_MESSAGES
-- Installing: /home/omen/GITHUB/Athos/AthOS/REPO-AthOS/kdenetwork-filesharing/package-kdenetwork-filesharing/usr/share/locale/et/LC_MESSAGES/kfileshare.mo
-- Installing: /home/omen/GITHUB/Athos/AthOS/REPO-AthOS/kdenetwork-filesharing/package-kdenetwork-filesharing/usr/share/locale/it
-- Installing: /home/omen/GITHUB/Athos/AthOS/REPO-AthOS/kdenetwork-filesharing/package-kdenetwork-filesharing/usr/share/locale/it/LC_MESSAGES
-- Installing: /home/omen/GITHUB/Athos/AthOS/REPO-AthOS/kdenetwork-filesharing/package-kdenetwork-filesharing/usr/share/locale/it/LC_MESSAGES/kfileshare.mo
-- Installing: /home/omen/GITHUB/Athos/AthOS/REPO-AthOS/kdenetwork-filesharing/package-kdenetwork-filesharing/usr/share/locale/se
-- Installing: /home/omen/GITHUB/Athos/AthOS/REPO-AthOS/kdenetwork-filesharing/package-kdenetwork-filesharing/usr/share/locale/se/LC_MESSAGES
-- Installing: /home/omen/GITHUB/Athos/AthOS/REPO-AthOS/kdenetwork-filesharing/package-kdenetwork-filesharing/usr/share/locale/se/LC_MESSAGES/kfileshare.mo
-- Installing: /home/omen/GITHUB/Athos/AthOS/REPO-AthOS/kdenetwork-filesharing/package-kdenetwork-filesharing/usr/share/locale/ar
-- Installing: /home/omen/GITHUB/Athos/AthOS/REPO-AthOS/kdenetwork-filesharing/package-kdenetwork-filesharing/usr/share/locale/ar/LC_MESSAGES
-- Installing: /home/omen/GITHUB/Athos/AthOS/REPO-AthOS/kdenetwork-filesharing/package-kdenetwork-filesharing/usr/share/locale/ar/LC_MESSAGES/kfileshare.mo
-- Installing: /home/omen/GITHUB/Athos/AthOS/REPO-AthOS/kdenetwork-filesharing/package-kdenetwork-filesharing/usr/share/locale/sq
-- Installing: /home/omen/GITHUB/Athos/AthOS/REPO-AthOS/kdenetwork-filesharing/package-kdenetwork-filesharing/usr/share/locale/sq/LC_MESSAGES
-- Installing: /home/omen/GITHUB/Athos/AthOS/REPO-AthOS/kdenetwork-filesharing/package-kdenetwork-filesharing/usr/share/locale/sq/LC_MESSAGES/kfileshare.mo
-- Installing: /home/omen/GITHUB/Athos/AthOS/REPO-AthOS/kdenetwork-filesharing/package-kdenetwork-filesharing/usr/share/locale/nds
-- Installing: /home/omen/GITHUB/Athos/AthOS/REPO-AthOS/kdenetwork-filesharing/package-kdenetwork-filesharing/usr/share/locale/nds/LC_MESSAGES
-- Installing: /home/omen/GITHUB/Athos/AthOS/REPO-AthOS/kdenetwork-filesharing/package-kdenetwork-filesharing/usr/share/locale/nds/LC_MESSAGES/kfileshare.mo
-- Installing: /home/omen/GITHUB/Athos/AthOS/REPO-AthOS/kdenetwork-filesharing/package-kdenetwork-filesharing/usr/share/locale/mr
-- Installing: /home/omen/GITHUB/Athos/AthOS/REPO-AthOS/kdenetwork-filesharing/package-kdenetwork-filesharing/usr/share/locale/mr/LC_MESSAGES
-- Installing: /home/omen/GITHUB/Athos/AthOS/REPO-AthOS/kdenetwork-filesharing/package-kdenetwork-filesharing/usr/share/locale/mr/LC_MESSAGES/kfileshare.mo
-- Installing: /home/omen/GITHUB/Athos/AthOS/REPO-AthOS/kdenetwork-filesharing/package-kdenetwork-filesharing/usr/share/locale/ug
-- Installing: /home/omen/GITHUB/Athos/AthOS/REPO-AthOS/kdenetwork-filesharing/package-kdenetwork-filesharing/usr/share/locale/ug/LC_MESSAGES
-- Installing: /home/omen/GITHUB/Athos/AthOS/REPO-AthOS/kdenetwork-filesharing/package-kdenetwork-filesharing/usr/share/locale/ug/LC_MESSAGES/kfileshare.mo
-- Installing: /home/omen/GITHUB/Athos/AthOS/REPO-AthOS/kdenetwork-filesharing/package-kdenetwork-filesharing/usr/share/locale/sk
-- Installing: /home/omen/GITHUB/Athos/AthOS/REPO-AthOS/kdenetwork-filesharing/package-kdenetwork-filesharing/usr/share/locale/sk/LC_MESSAGES
-- Installing: /home/omen/GITHUB/Athos/AthOS/REPO-AthOS/kdenetwork-filesharing/package-kdenetwork-filesharing/usr/share/locale/sk/LC_MESSAGES/kfileshare.mo
-- Installing: /home/omen/GITHUB/Athos/AthOS/REPO-AthOS/kdenetwork-filesharing/package-kdenetwork-filesharing/usr/share/locale/sv
-- Installing: /home/omen/GITHUB/Athos/AthOS/REPO-AthOS/kdenetwork-filesharing/package-kdenetwork-filesharing/usr/share/locale/sv/LC_MESSAGES
-- Installing: /home/omen/GITHUB/Athos/AthOS/REPO-AthOS/kdenetwork-filesharing/package-kdenetwork-filesharing/usr/share/locale/sv/LC_MESSAGES/kfileshare.mo
[32mThe main part of source code is ready. We are moving on to preparing post install scripts, docs, license, man pages etc..[0m
cp: cannot stat 'AUTHORS': No such file or directory
cp: cannot stat 'ChangeLog*': No such file or directory
cp: cannot stat 'COPYING': No such file or directory
cp: cannot stat 'CREDITS': No such file or directory
cp: cannot stat 'LICENSE': No such file or directory
cp: cannot stat 'MAINTAINERS': No such file or directory
cp: cannot stat 'NEWS': No such file or directory
cp: cannot stat 'README*': No such file or directory
cp: cannot stat 'docs': No such file or directory
cp: cannot stat 'DOCS': No such file or directory
grep: /home/omen/GITHUB/Athos/AthOS/REPO-AthOS/kdenetwork-filesharing/kdenetwork-filesharing.info: No such file or directory
extra-cmake-modules
kcompletion
kcoreaddons
kdeclarative
kdoctools
ki18n
kio
kwidgetsaddons
[32mPackaging compiled for slackware installation...[0m
[32mMAKEPKG_FLAGS is empty or unset, using default[0m

Slackware package maker, version 3.14159265.

Searching for symbolic links:

No symbolic links were found, so we won't make an installation script.
You can make your own later in ./install/doinst.sh and rebuild the
package if you like.

This next step is optional - you can set the directories in your package
to some sane permissions. If any of the directories in your package have
special permissions, then DO NOT reset them here!

Would you like to reset all directory permissions to 755 (drwxr-xr-x) and
directory ownerships to root:root ([y]es, [n]o)? n


Creating Slackware package:  /tmp/kdenetwork-filesharing/kdenetwork-filesharing-25.04.1-x86_64-1_rtz.tlz

./
install/
install/doinst.sh
install/slack-desc
usr/
usr/doc/
usr/doc/kdenetwork-filesharing-25.04.1/
usr/doc/kdenetwork-filesharing-25.04.1/kdenetwork-filesharing.ini
usr/doc/kdenetwork-filesharing-25.04.1/slack-required
usr/lib64/
usr/lib64/qt6/
usr/lib64/qt6/plugins/
usr/lib64/qt6/plugins/kf6/
usr/lib64/qt6/plugins/kf6/propertiesdialog/
usr/lib64/qt6/plugins/kf6/propertiesdialog/SambaAcl.so
usr/lib64/qt6/plugins/kf6/propertiesdialog/sambausershareplugin.so
usr/libexec/
usr/libexec/kf6/
usr/libexec/kf6/kauth/
usr/libexec/kf6/kauth/authhelper
usr/share/
usr/share/dbus-1/
usr/share/dbus-1/system-services/
usr/share/dbus-1/system-services/org.kde.filesharing.samba.service
usr/share/dbus-1/system.d/
usr/share/dbus-1/system.d/org.kde.filesharing.samba.conf
usr/share/locale/
usr/share/locale/ar/
usr/share/locale/ar/LC_MESSAGES/
usr/share/locale/ar/LC_MESSAGES/kfileshare.mo
usr/share/locale/ast/
usr/share/locale/ast/LC_MESSAGES/
usr/share/locale/ast/LC_MESSAGES/kfileshare.mo
usr/share/locale/az/
usr/share/locale/az/LC_MESSAGES/
usr/share/locale/az/LC_MESSAGES/kfileshare.mo
usr/share/locale/be/
usr/share/locale/be/LC_MESSAGES/
usr/share/locale/be/LC_MESSAGES/kfileshare.mo
usr/share/locale/bg/
usr/share/locale/bg/LC_MESSAGES/
usr/share/locale/bg/LC_MESSAGES/kfileshare.mo
usr/share/locale/br/
usr/share/locale/br/LC_MESSAGES/
usr/share/locale/br/LC_MESSAGES/kfileshare.mo
usr/share/locale/bs/
usr/share/locale/bs/LC_MESSAGES/
usr/share/locale/bs/LC_MESSAGES/kfileshare.mo
usr/share/locale/ca/
usr/share/locale/ca/LC_MESSAGES/
usr/share/locale/ca/LC_MESSAGES/kfileshare.mo
usr/share/locale/ca@valencia/
usr/share/locale/ca@valencia/LC_MESSAGES/
usr/share/locale/ca@valencia/LC_MESSAGES/kfileshare.mo
usr/share/locale/cs/
usr/share/locale/cs/LC_MESSAGES/
usr/share/locale/cs/LC_MESSAGES/kfileshare.mo
usr/share/locale/cy/
usr/share/locale/cy/LC_MESSAGES/
usr/share/locale/cy/LC_MESSAGES/kfileshare.mo
usr/share/locale/da/
usr/share/locale/da/LC_MESSAGES/
usr/share/locale/da/LC_MESSAGES/kfileshare.mo
usr/share/locale/de/
usr/share/locale/de/LC_MESSAGES/
usr/share/locale/de/LC_MESSAGES/kfileshare.mo
usr/share/locale/el/
usr/share/locale/el/LC_MESSAGES/
usr/share/locale/el/LC_MESSAGES/kfileshare.mo
usr/share/locale/en_GB/
usr/share/locale/en_GB/LC_MESSAGES/
usr/share/locale/en_GB/LC_MESSAGES/kfileshare.mo
usr/share/locale/eo/
usr/share/locale/eo/LC_MESSAGES/
usr/share/locale/eo/LC_MESSAGES/kfileshare.mo
usr/share/locale/es/
usr/share/locale/es/LC_MESSAGES/
usr/share/locale/es/LC_MESSAGES/kfileshare.mo
usr/share/locale/et/
usr/share/locale/et/LC_MESSAGES/
usr/share/locale/et/LC_MESSAGES/kfileshare.mo
usr/share/locale/eu/
usr/share/locale/eu/LC_MESSAGES/
usr/share/locale/eu/LC_MESSAGES/kfileshare.mo
usr/share/locale/fa/
usr/share/locale/fa/LC_MESSAGES/
usr/share/locale/fa/LC_MESSAGES/kfileshare.mo
usr/share/locale/fi/
usr/share/locale/fi/LC_MESSAGES/
usr/share/locale/fi/LC_MESSAGES/kfileshare.mo
usr/share/locale/fr/
usr/share/locale/fr/LC_MESSAGES/
usr/share/locale/fr/LC_MESSAGES/kfileshare.mo
usr/share/locale/ga/
usr/share/locale/ga/LC_MESSAGES/
usr/share/locale/ga/LC_MESSAGES/kfileshare.mo
usr/share/locale/gl/
usr/share/locale/gl/LC_MESSAGES/
usr/share/locale/gl/LC_MESSAGES/kfileshare.mo
usr/share/locale/he/
usr/share/locale/he/LC_MESSAGES/
usr/share/locale/he/LC_MESSAGES/kfileshare.mo
usr/share/locale/hi/
usr/share/locale/hi/LC_MESSAGES/
usr/share/locale/hi/LC_MESSAGES/kfileshare.mo
usr/share/locale/hne/
usr/share/locale/hne/LC_MESSAGES/
usr/share/locale/hne/LC_MESSAGES/kfileshare.mo
usr/share/locale/hr/
usr/share/locale/hr/LC_MESSAGES/
usr/share/locale/hr/LC_MESSAGES/kfileshare.mo
usr/share/locale/hsb/
usr/share/locale/hsb/LC_MESSAGES/
usr/share/locale/hsb/LC_MESSAGES/kfileshare.mo
usr/share/locale/hu/
usr/share/locale/hu/LC_MESSAGES/
usr/share/locale/hu/LC_MESSAGES/kfileshare.mo
usr/share/locale/ia/
usr/share/locale/ia/LC_MESSAGES/
usr/share/locale/ia/LC_MESSAGES/kfileshare.mo
usr/share/locale/id/
usr/share/locale/id/LC_MESSAGES/
usr/share/locale/id/LC_MESSAGES/kfileshare.mo
usr/share/locale/is/
usr/share/locale/is/LC_MESSAGES/
usr/share/locale/is/LC_MESSAGES/kfileshare.mo
usr/share/locale/it/
usr/share/locale/it/LC_MESSAGES/
usr/share/locale/it/LC_MESSAGES/kfileshare.mo
usr/share/locale/ja/
usr/share/locale/ja/LC_MESSAGES/
usr/share/locale/ja/LC_MESSAGES/kfileshare.mo
usr/share/locale/ka/
usr/share/locale/ka/LC_MESSAGES/
usr/share/locale/ka/LC_MESSAGES/kfileshare.mo
usr/share/locale/kk/
usr/share/locale/kk/LC_MESSAGES/
usr/share/locale/kk/LC_MESSAGES/kfileshare.mo
usr/share/locale/km/
usr/share/locale/km/LC_MESSAGES/
usr/share/locale/km/LC_MESSAGES/kfileshare.mo
usr/share/locale/ko/
usr/share/locale/ko/LC_MESSAGES/
usr/share/locale/ko/LC_MESSAGES/kfileshare.mo
usr/share/locale/lt/
usr/share/locale/lt/LC_MESSAGES/
usr/share/locale/lt/LC_MESSAGES/kfileshare.mo
usr/share/locale/lv/
usr/share/locale/lv/LC_MESSAGES/
usr/share/locale/lv/LC_MESSAGES/kfileshare.mo
usr/share/locale/mai/
usr/share/locale/mai/LC_MESSAGES/
usr/share/locale/mai/LC_MESSAGES/kfileshare.mo
usr/share/locale/mk/
usr/share/locale/mk/LC_MESSAGES/
usr/share/locale/mk/LC_MESSAGES/kfileshare.mo
usr/share/locale/mr/
usr/share/locale/mr/LC_MESSAGES/
usr/share/locale/mr/LC_MESSAGES/kfileshare.mo
usr/share/locale/ms/
usr/share/locale/ms/LC_MESSAGES/
usr/share/locale/ms/LC_MESSAGES/kfileshare.mo
usr/share/locale/nb/
usr/share/locale/nb/LC_MESSAGES/
usr/share/locale/nb/LC_MESSAGES/kfileshare.mo
usr/share/locale/nds/
usr/share/locale/nds/LC_MESSAGES/
usr/share/locale/nds/LC_MESSAGES/kfileshare.mo
usr/share/locale/ne/
usr/share/locale/ne/LC_MESSAGES/
usr/share/locale/ne/LC_MESSAGES/kfileshare.mo
usr/share/locale/nl/
usr/share/locale/nl/LC_MESSAGES/
usr/share/locale/nl/LC_MESSAGES/kfileshare.mo
usr/share/locale/nn/
usr/share/locale/nn/LC_MESSAGES/
usr/share/locale/nn/LC_MESSAGES/kfileshare.mo
usr/share/locale/oc/
usr/share/locale/oc/LC_MESSAGES/
usr/share/locale/oc/LC_MESSAGES/kfileshare.mo
usr/share/locale/pa/
usr/share/locale/pa/LC_MESSAGES/
usr/share/locale/pa/LC_MESSAGES/kfileshare.mo
usr/share/locale/pl/
usr/share/locale/pl/LC_MESSAGES/
usr/share/locale/pl/LC_MESSAGES/kfileshare.mo
usr/share/locale/pt/
usr/share/locale/pt/LC_MESSAGES/
usr/share/locale/pt/LC_MESSAGES/kfileshare.mo
usr/share/locale/pt_BR/
usr/share/locale/pt_BR/LC_MESSAGES/
usr/share/locale/pt_BR/LC_MESSAGES/kfileshare.mo
usr/share/locale/ro/
usr/share/locale/ro/LC_MESSAGES/
usr/share/locale/ro/LC_MESSAGES/kfileshare.mo
usr/share/locale/ru/
usr/share/locale/ru/LC_MESSAGES/
usr/share/locale/ru/LC_MESSAGES/kfileshare.mo
usr/share/locale/sa/
usr/share/locale/sa/LC_MESSAGES/
usr/share/locale/sa/LC_MESSAGES/kfileshare.mo
usr/share/locale/se/
usr/share/locale/se/LC_MESSAGES/
usr/share/locale/se/LC_MESSAGES/kfileshare.mo
usr/share/locale/sk/
usr/share/locale/sk/LC_MESSAGES/
usr/share/locale/sk/LC_MESSAGES/kfileshare.mo
usr/share/locale/sl/
usr/share/locale/sl/LC_MESSAGES/
usr/share/locale/sl/LC_MESSAGES/kfileshare.mo
usr/share/locale/sq/
usr/share/locale/sq/LC_MESSAGES/
usr/share/locale/sq/LC_MESSAGES/kfileshare.mo
usr/share/locale/sr/
usr/share/locale/sr/LC_MESSAGES/
usr/share/locale/sr/LC_MESSAGES/kfileshare.mo
usr/share/locale/sr@ijekavian/
usr/share/locale/sr@ijekavian/LC_MESSAGES/
usr/share/locale/sr@ijekavian/LC_MESSAGES/kfileshare.mo
usr/share/locale/sr@ijekavianlatin/
usr/share/locale/sr@ijekavianlatin/LC_MESSAGES/
usr/share/locale/sr@ijekavianlatin/LC_MESSAGES/kfileshare.mo
usr/share/locale/sr@latin/
usr/share/locale/sr@latin/LC_MESSAGES/
usr/share/locale/sr@latin/LC_MESSAGES/kfileshare.mo
usr/share/locale/sv/
usr/share/locale/sv/LC_MESSAGES/
usr/share/locale/sv/LC_MESSAGES/kfileshare.mo
usr/share/locale/ta/
usr/share/locale/ta/LC_MESSAGES/
usr/share/locale/ta/LC_MESSAGES/kfileshare.mo
usr/share/locale/tg/
usr/share/locale/tg/LC_MESSAGES/
usr/share/locale/tg/LC_MESSAGES/kfileshare.mo
usr/share/locale/th/
usr/share/locale/th/LC_MESSAGES/
usr/share/locale/th/LC_MESSAGES/kfileshare.mo
usr/share/locale/tr/
usr/share/locale/tr/LC_MESSAGES/
usr/share/locale/tr/LC_MESSAGES/kfileshare.mo
usr/share/locale/ug/
usr/share/locale/ug/LC_MESSAGES/
usr/share/locale/ug/LC_MESSAGES/kfileshare.mo
usr/share/locale/uk/
usr/share/locale/uk/LC_MESSAGES/
usr/share/locale/uk/LC_MESSAGES/kfileshare.mo
usr/share/locale/vi/
usr/share/locale/vi/LC_MESSAGES/
usr/share/locale/vi/LC_MESSAGES/kfileshare.mo
usr/share/locale/zh_CN/
usr/share/locale/zh_CN/LC_MESSAGES/
usr/share/locale/zh_CN/LC_MESSAGES/kfileshare.mo
usr/share/locale/zh_HK/
usr/share/locale/zh_HK/LC_MESSAGES/
usr/share/locale/zh_HK/LC_MESSAGES/kfileshare.mo
usr/share/locale/zh_TW/
usr/share/locale/zh_TW/LC_MESSAGES/
usr/share/locale/zh_TW/LC_MESSAGES/kfileshare.mo
usr/share/metainfo/
usr/share/metainfo/org.kde.kdenetwork-filesharing.metainfo.xml
usr/share/polkit-1/
usr/share/polkit-1/actions/
usr/share/polkit-1/actions/org.kde.filesharing.samba.policy

Slackware package /tmp/kdenetwork-filesharing/kdenetwork-filesharing-25.04.1-x86_64-1_rtz.tlz created.

Create shared object file for kdenetwork-filesharing-25.04.1-x86_64-1_rtz.tlz
Creating /tmp/kdenetwork-filesharing/kdenetwork-filesharing-25.04.1-x86_64-1_rtz.tlz.so.file using /tmp/kdenetwork-filesharing/kdenetwork-filesharing-25.04.1-x86_64-1_rtz.tlz
Successfully created /tmp/kdenetwork-filesharing/kdenetwork-filesharing-25.04.1-x86_64-1_rtz.tlz.so.file
Packaging of executable and meta-data in kdenetwork-filesharing.tar.lz4 format.
/tmp/kdenetwork-filesharing /tmp/kdenetwork-filesharing
/tmp/kdenetwork-filesharing
BIN_NAME
README
kdenetwork-filesharing-25.04.1-x86_64-1_rtz.tlz
kdenetwork-filesharing-25.04.1-x86_64-1_rtz.tlz.md5
kdenetwork-filesharing-25.04.1-x86_64-1_rtz.tlz.so.file
kdenetwork-filesharing-25.04.1-x86_64-1_rtz.tlz.txt
kdenetwork-filesharing.dep
makepkg-kdenetwork-filesharing.log
[32mkdenetwork-filesharing build finished. Procced to installation...[0m

+=================================================================================================================================================+
| Upgrading kdenetwork-filesharing-25.04.1-x86_64-1_rtz package using /tmp/kdenetwork-filesharing/kdenetwork-filesharing-25.04.1-x86_64-1_rtz.tlz |
+=================================================================================================================================================+

Pre-installing package kdenetwork-filesharing-25.04.1-x86_64-1_rtz...
Removing package: kdenetwork-filesharing-25.04.1-x86_64-1_rtz-upgraded-2025-05-28,20:12:02
Installing package kdenetwork-filesharing-25.04.1-x86_64-1_rtz.tlz:
PACKAGE DESCRIPTION:
# kdenetwork-filesharing (Properties dialog plugin)
#
# Properties dialog plugin to share a directory with the local
# network.
#
# https://www.kde.org/applications/internet
Executing install script for kdenetwork-filesharing-25.04.1-x86_64-1_rtz.tlz.
Font directories:
	/usr/share/fonts
/usr/share/fonts: caching, new cache contents: 0 fonts, 11 dirs
/usr/share/fonts/100dpi: caching, new cache contents: 238 fonts, 0 dirs
/usr/share/fonts/75dpi: caching, new cache contents: 238 fonts, 0 dirs
/usr/share/fonts/OTF: caching, new cache contents: 124 fonts, 0 dirs
/usr/share/fonts/Speedo: caching, new cache contents: 0 fonts, 0 dirs
/usr/share/fonts/TTF: caching, new cache contents: 1132 fonts, 0 dirs
/usr/share/fonts/Type1: caching, new cache contents: 64 fonts, 0 dirs
/usr/share/fonts/cyrillic: caching, new cache contents: 0 fonts, 0 dirs
/usr/share/fonts/encodings: caching, new cache contents: 0 fonts, 1 dirs
/usr/share/fonts/encodings/large: caching, new cache contents: 0 fonts, 0 dirs
/usr/share/fonts/kanjistrokeorders: caching, new cache contents: 1 fonts, 0 dirs
/usr/share/fonts/misc: caching, new cache contents: 143 fonts, 0 dirs
/usr/share/fonts/util: caching, new cache contents: 0 fonts, 0 dirs
/var/cache/fontconfig: cleaning cache directory
/root/.cache/fontconfig: not cleaning non-existent cache directory
/root/.fontconfig: not cleaning non-existent cache directory
/usr/bin/fc-cache: succeeded
Package kdenetwork-filesharing-25.04.1-x86_64-1_rtz.tlz installed.
Package kdenetwork-filesharing-25.04.1-x86_64-1_rtz upgraded with new package /tmp/kdenetwork-filesharing/kdenetwork-filesharing-25.04.1-x86_64-1_rtz.tlz.
[32mCleaning environmet: Removing source code, and work-space...[0m
rm: cannot remove 'kdenetwork-filesharing-25.04.1.tar.xz': No such file or directory
