Starting build process...
Detected architecture: x86_64
Required dependencies: extra-cmake-modules	kdoctools	ki18n	kio	kxmlgui
extra-cmake-modules is already installed!
kdoctools is already installed!
ki18n is already installed!
kio is already installed!
kxmlgui is already installed!
No optional dependencies found.
Downloading source code tar.xz file
--2025-05-11 00:35:28--  https://download.kde.org/stable/release-service/25.04.1/src/kmag-25.04.1.tar.xz
Resolving download.kde.org (download.kde.org)... 49.12.122.15, 2a01:4f8:242:53eb::4
Connecting to download.kde.org (download.kde.org)|49.12.122.15|:443... connected.
HTTP request sent, awaiting response... 302 Found
Location: https://ftp.cc.uoc.gr/mirrors/kde/stable/release-service/25.04.1/src/kmag-25.04.1.tar.xz [following]
--2025-05-11 00:35:28--  https://ftp.cc.uoc.gr/mirrors/kde/stable/release-service/25.04.1/src/kmag-25.04.1.tar.xz
Resolving ftp.cc.uoc.gr (ftp.cc.uoc.gr)... 147.52.159.50, 2001:648:2c00:6c08::2
Connecting to ftp.cc.uoc.gr (ftp.cc.uoc.gr)|147.52.159.50|:443... connected.
HTTP request sent, awaiting response... 200 OK
Length: 680260 (664K) [application/octet-stream]
Saving to: ‘kmag-25.04.1.tar.xz’

     0K .......... .......... .......... .......... ..........  7% 1.34M 0s
    50K .......... .......... .......... .......... .......... 15% 1.50M 0s
   100K .......... .......... .......... .......... .......... 22%  267K 1s
   150K .......... .......... .......... .......... .......... 30%  161M 1s
   200K .......... .......... .......... .......... .......... 37% 51.1M 0s
   250K .......... .......... .......... .......... .......... 45%  142M 0s
   300K .......... .......... .......... .......... .......... 52% 1.38M 0s
   350K .......... .......... .......... .......... .......... 60% 4.23M 0s
   400K .......... .......... .......... .......... .......... 67% 1.12M 0s
   450K .......... .......... .......... .......... .......... 75% 1.50M 0s
   500K .......... .......... .......... .......... .......... 82% 1.47M 0s
   550K .......... .......... .......... .......... .......... 90% 7.04M 0s
   600K .......... .......... .......... .......... .......... 97% 7.18M 0s
   650K .......... ....                                       100%  329M=0.4s

2025-05-11 00:35:29 (1.51 MB/s) - ‘kmag-25.04.1.tar.xz’ saved [680260/680260]

Found file: kmag-25.04.1.tar.xz
No checksum provided. Skipping checksum verification and proceeding...
Creating working directories and exporting source code in...
kmag-25.04.1/
kmag-25.04.1/README.md
kmag-25.04.1/CMakePresets.json.license
kmag-25.04.1/pics/
kmag-25.04.1/pics/16-actions-hidemouse.png
kmag-25.04.1/pics/16-actions-followmouse.png
kmag-25.04.1/pics/32-apps-kmag.png
kmag-25.04.1/pics/CMakeLists.txt
kmag-25.04.1/pics/16-actions-window.png
kmag-25.04.1/pics/16-apps-kmag.png
kmag-25.04.1/pics/kmag.svg
kmag-25.04.1/CMakePresets.json
kmag-25.04.1/LICENSES/
kmag-25.04.1/LICENSES/BSD-3-Clause.txt
kmag-25.04.1/LICENSES/CC0-1.0.txt
kmag-25.04.1/LICENSES/GFDL-1.2-only.txt
kmag-25.04.1/LICENSES/GPL-2.0-or-later.txt
kmag-25.04.1/.gitlab-ci.yml
kmag-25.04.1/doc/
kmag-25.04.1/doc/index.docbook
kmag-25.04.1/doc/man-kmag.1.docbook
kmag-25.04.1/doc/screenshot.png
kmag-25.04.1/doc/CMakeLists.txt
kmag-25.04.1/logo.png
kmag-25.04.1/snapcraft.yaml
kmag-25.04.1/.kde-ci.yml
kmag-25.04.1/po/
kmag-25.04.1/po/fa/
kmag-25.04.1/po/fa/kmag.po
kmag-25.04.1/po/bg/
kmag-25.04.1/po/bg/kmag.po
kmag-25.04.1/po/pt/
kmag-25.04.1/po/pt/kmag.po
kmag-25.04.1/po/pt/docs/
kmag-25.04.1/po/pt/docs/kmag/
kmag-25.04.1/po/pt/docs/kmag/index.docbook
kmag-25.04.1/po/pt/docs/kmag/man-kmag.1.docbook
kmag-25.04.1/po/km/
kmag-25.04.1/po/km/kmag.po
kmag-25.04.1/po/nn/
kmag-25.04.1/po/nn/kmag.po
kmag-25.04.1/po/pl/
kmag-25.04.1/po/pl/kmag.po
kmag-25.04.1/po/vi/
kmag-25.04.1/po/vi/kmag.po
kmag-25.04.1/po/ja/
kmag-25.04.1/po/ja/kmag.po
kmag-25.04.1/po/pa/
kmag-25.04.1/po/pa/kmag.po
kmag-25.04.1/po/bs/
kmag-25.04.1/po/bs/kmag.po
kmag-25.04.1/po/zh_CN/
kmag-25.04.1/po/zh_CN/kmag.po
kmag-25.04.1/po/cs/
kmag-25.04.1/po/cs/kmag.po
kmag-25.04.1/po/es/
kmag-25.04.1/po/es/kmag.po
kmag-25.04.1/po/es/docs/
kmag-25.04.1/po/es/docs/kmag/
kmag-25.04.1/po/es/docs/kmag/index.docbook
kmag-25.04.1/po/es/docs/kmag/man-kmag.1.docbook
kmag-25.04.1/po/ka/
kmag-25.04.1/po/ka/kmag.po
kmag-25.04.1/po/is/
kmag-25.04.1/po/is/kmag.po
kmag-25.04.1/po/tr/
kmag-25.04.1/po/tr/kmag.po
kmag-25.04.1/po/ug/
kmag-25.04.1/po/ug/kmag.po
kmag-25.04.1/po/ca/
kmag-25.04.1/po/ca/kmag.po
kmag-25.04.1/po/ca/docs/
kmag-25.04.1/po/ca/docs/kmag/
kmag-25.04.1/po/ca/docs/kmag/index.docbook
kmag-25.04.1/po/ca/docs/kmag/man-kmag.1.docbook
kmag-25.04.1/po/ca/docs/kmag/screenshot.png
kmag-25.04.1/po/se/
kmag-25.04.1/po/se/kmag.po
kmag-25.04.1/po/ca@valencia/
kmag-25.04.1/po/ca@valencia/kmag.po
kmag-25.04.1/po/hr/
kmag-25.04.1/po/hr/kmag.po
kmag-25.04.1/po/gl/
kmag-25.04.1/po/gl/kmag.po
kmag-25.04.1/po/ro/
kmag-25.04.1/po/ro/kmag.po
kmag-25.04.1/po/oc/
kmag-25.04.1/po/oc/kmag.po
kmag-25.04.1/po/br/
kmag-25.04.1/po/br/kmag.po
kmag-25.04.1/po/eo/
kmag-25.04.1/po/eo/kmag.po
kmag-25.04.1/po/sr@ijekavian/
kmag-25.04.1/po/sr@ijekavian/kmag.po
kmag-25.04.1/po/ku/
kmag-25.04.1/po/ku/kmag.po
kmag-25.04.1/po/nl/
kmag-25.04.1/po/nl/kmag.po
kmag-25.04.1/po/nl/docs/
kmag-25.04.1/po/nl/docs/kmag/
kmag-25.04.1/po/nl/docs/kmag/index.docbook
kmag-25.04.1/po/nl/docs/kmag/man-kmag.1.docbook
kmag-25.04.1/po/nl/docs/kmag/screenshot.png
kmag-25.04.1/po/mr/
kmag-25.04.1/po/mr/kmag.po
kmag-25.04.1/po/ml/
kmag-25.04.1/po/ml/kmag.po
kmag-25.04.1/po/hu/
kmag-25.04.1/po/hu/kmag.po
kmag-25.04.1/po/eu/
kmag-25.04.1/po/eu/kmag.po
kmag-25.04.1/po/lv/
kmag-25.04.1/po/lv/kmag.po
kmag-25.04.1/po/mk/
kmag-25.04.1/po/mk/kmag.po
kmag-25.04.1/po/nb/
kmag-25.04.1/po/nb/kmag.po
kmag-25.04.1/po/fr/
kmag-25.04.1/po/fr/kmag.po
kmag-25.04.1/po/fr/docs/
kmag-25.04.1/po/fr/docs/kmag/
kmag-25.04.1/po/fr/docs/kmag/index.docbook
kmag-25.04.1/po/fr/docs/kmag/man-kmag.1.docbook
kmag-25.04.1/po/fr/docs/kmag/screenshot.png
kmag-25.04.1/po/hi/
kmag-25.04.1/po/hi/kmag.po
kmag-25.04.1/po/sl/
kmag-25.04.1/po/sl/kmag.po
kmag-25.04.1/po/sl/docs/
kmag-25.04.1/po/sl/docs/kmag/
kmag-25.04.1/po/sl/docs/kmag/index.docbook
kmag-25.04.1/po/sl/docs/kmag/man-kmag.1.docbook
kmag-25.04.1/po/sr@latin/
kmag-25.04.1/po/sr@latin/kmag.po
kmag-25.04.1/po/th/
kmag-25.04.1/po/th/kmag.po
kmag-25.04.1/po/ta/
kmag-25.04.1/po/ta/kmag.po
kmag-25.04.1/po/sr/
kmag-25.04.1/po/sr/kmag.po
kmag-25.04.1/po/he/
kmag-25.04.1/po/he/kmag.po
kmag-25.04.1/po/de/
kmag-25.04.1/po/de/kmag.po
kmag-25.04.1/po/de/docs/
kmag-25.04.1/po/de/docs/kmag/
kmag-25.04.1/po/de/docs/kmag/index.docbook
kmag-25.04.1/po/de/docs/kmag/man-kmag.1.docbook
kmag-25.04.1/po/de/docs/kmag/screenshot.png
kmag-25.04.1/po/ar/
kmag-25.04.1/po/ar/kmag.po
kmag-25.04.1/po/sk/
kmag-25.04.1/po/sk/kmag.po
kmag-25.04.1/po/zh_TW/
kmag-25.04.1/po/zh_TW/kmag.po
kmag-25.04.1/po/et/
kmag-25.04.1/po/et/kmag.po
kmag-25.04.1/po/et/docs/
kmag-25.04.1/po/et/docs/kmag/
kmag-25.04.1/po/et/docs/kmag/man-kmag.1.docbook
kmag-25.04.1/po/it/
kmag-25.04.1/po/it/kmag.po
kmag-25.04.1/po/it/docs/
kmag-25.04.1/po/it/docs/kmag/
kmag-25.04.1/po/it/docs/kmag/index.docbook
kmag-25.04.1/po/it/docs/kmag/man-kmag.1.docbook
kmag-25.04.1/po/it/docs/kmag/screenshot.png
kmag-25.04.1/po/el/
kmag-25.04.1/po/el/kmag.po
kmag-25.04.1/po/da/
kmag-25.04.1/po/da/kmag.po
kmag-25.04.1/po/pt_BR/
kmag-25.04.1/po/pt_BR/kmag.po
kmag-25.04.1/po/pt_BR/docs/
kmag-25.04.1/po/pt_BR/docs/kmag/
kmag-25.04.1/po/pt_BR/docs/kmag/index.docbook
kmag-25.04.1/po/pt_BR/docs/kmag/man-kmag.1.docbook
kmag-25.04.1/po/pt_BR/docs/kmag/screenshot.png
kmag-25.04.1/po/ru/
kmag-25.04.1/po/ru/kmag.po
kmag-25.04.1/po/ru/docs/
kmag-25.04.1/po/ru/docs/kmag/
kmag-25.04.1/po/ru/docs/kmag/index.docbook
kmag-25.04.1/po/ru/docs/kmag/man-kmag.1.docbook
kmag-25.04.1/po/sq/
kmag-25.04.1/po/sq/kmag.po
kmag-25.04.1/po/ia/
kmag-25.04.1/po/ia/kmag.po
kmag-25.04.1/po/cy/
kmag-25.04.1/po/cy/kmag.po
kmag-25.04.1/po/sv/
kmag-25.04.1/po/sv/kmag.po
kmag-25.04.1/po/sv/docs/
kmag-25.04.1/po/sv/docs/kmag/
kmag-25.04.1/po/sv/docs/kmag/index.docbook
kmag-25.04.1/po/sv/docs/kmag/man-kmag.1.docbook
kmag-25.04.1/po/sv/docs/kmag/screenshot.png
kmag-25.04.1/po/ne/
kmag-25.04.1/po/ne/kmag.po
kmag-25.04.1/po/ms/
kmag-25.04.1/po/ms/kmag.po
kmag-25.04.1/po/fi/
kmag-25.04.1/po/fi/kmag.po
kmag-25.04.1/po/kk/
kmag-25.04.1/po/kk/kmag.po
kmag-25.04.1/po/ast/
kmag-25.04.1/po/ast/kmag.po
kmag-25.04.1/po/lt/
kmag-25.04.1/po/lt/kmag.po
kmag-25.04.1/po/be/
kmag-25.04.1/po/be/kmag.po
kmag-25.04.1/po/tg/
kmag-25.04.1/po/tg/kmag.po
kmag-25.04.1/po/sa/
kmag-25.04.1/po/sa/kmag.po
kmag-25.04.1/po/ko/
kmag-25.04.1/po/ko/kmag.po
kmag-25.04.1/po/ko/docs/
kmag-25.04.1/po/ko/docs/kmag/
kmag-25.04.1/po/ko/docs/kmag/index.docbook
kmag-25.04.1/po/hne/
kmag-25.04.1/po/hne/kmag.po
kmag-25.04.1/po/ga/
kmag-25.04.1/po/ga/kmag.po
kmag-25.04.1/po/en_GB/
kmag-25.04.1/po/en_GB/kmag.po
kmag-25.04.1/po/uk/
kmag-25.04.1/po/uk/kmag.po
kmag-25.04.1/po/uk/docs/
kmag-25.04.1/po/uk/docs/kmag/
kmag-25.04.1/po/uk/docs/kmag/index.docbook
kmag-25.04.1/po/uk/docs/kmag/man-kmag.1.docbook
kmag-25.04.1/po/uk/docs/kmag/screenshot.png
kmag-25.04.1/po/sr@ijekavianlatin/
kmag-25.04.1/po/sr@ijekavianlatin/kmag.po
kmag-25.04.1/po/nds/
kmag-25.04.1/po/nds/kmag.po
kmag-25.04.1/ChangeLog
kmag-25.04.1/.flatpak-manifest.json
kmag-25.04.1/CMakeLists.txt
kmag-25.04.1/src/
kmag-25.04.1/src/kmagzoomview.cpp
kmag-25.04.1/src/colorsim.h
kmag-25.04.1/src/colorsim.cpp
kmag-25.04.1/src/kmag.h
kmag-25.04.1/src/kmagselrect.h
kmag-25.04.1/src/Messages.sh
kmag-25.04.1/src/kmag.qrc
kmag-25.04.1/src/kmagselrect.cpp
kmag-25.04.1/src/kmag.cpp
kmag-25.04.1/src/kmagzoomview.h
kmag-25.04.1/src/org.kde.kmag.desktop
kmag-25.04.1/src/focustrackconfig.h.in
kmag-25.04.1/src/kmagui.rc
kmag-25.04.1/src/org.kde.kmag.metainfo.xml
kmag-25.04.1/src/main.cpp
kmag-25.04.1/src/CMakeLists.txt
kmag-25.04.1/.gitignore
/home/omen/GITHUB/PLASMA_WORLD/AthOS/REPO-AthOS/kmag/work
README or README.md already exists, skipping creation.
hm...lets continue and see what happens
-- The C compiler identification is GNU 14.2.0
-- The CXX compiler identification is GNU 14.2.0
-- Detecting C compiler ABI info
-- Detecting C compiler ABI info - done
-- Check for working C compiler: /usr/bin/cc - skipped
-- Detecting C compile features
-- Detecting C compile features - done
-- Detecting CXX compiler ABI info
-- Detecting CXX compiler ABI info - done
-- Check for working CXX compiler: /usr/bin/c++ - skipped
-- Detecting CXX compile features
-- Detecting CXX compile features - done
-- Installing in the same prefix as Qt, adopting their path scheme.
-- Looking for __GLIBC__
-- Looking for __GLIBC__ - found
-- Performing Test _OFFT_IS_64BIT
-- Performing Test _OFFT_IS_64BIT - Success
-- Performing Test HAVE_DATE_TIME
-- Performing Test HAVE_DATE_TIME - Success
-- Performing Test HAVE_STDATOMIC
-- Performing Test HAVE_STDATOMIC - Success
-- Found WrapAtomic: TRUE
-- Found OpenGL: /usr/lib64/libOpenGL.so
-- Found WrapOpenGL: TRUE
-- Found XKB: /usr/lib64/libxkbcommon.so (found suitable version "1.9.2", minimum required is "0.5.0")
-- Found WrapVulkanHeaders: /usr/include
-- Found Cups: /usr/lib64/libcups.so (found version "2.4.12")
-- Found Gettext: /usr/bin/msgmerge (found version "0.25")
-- Found KF6I18n: /usr/lib64/cmake/KF6I18n/KF6I18nConfig.cmake (found version "6.14.0")
-- Found X11: /usr/include
-- Looking for XOpenDisplay in /usr/lib64/libX11.so;/usr/lib64/libXext.so
-- Looking for XOpenDisplay in /usr/lib64/libX11.so;/usr/lib64/libXext.so - found
-- Looking for gethostbyname
-- Looking for gethostbyname - found
-- Looking for connect
-- Looking for connect - found
-- Looking for remove
-- Looking for remove - found
-- Looking for shmat
-- Looking for shmat - found
-- Looking for IceConnectionNumber in ICE
-- Looking for IceConnectionNumber in ICE - found
-- Found KF6KIO: /usr/lib64/cmake/KF6KIO/KF6KIOConfig.cmake (found version "6.14.0")
-- Found KF6XmlGui: /usr/lib64/cmake/KF6XmlGui/KF6XmlGuiConfig.cmake (found version "6.14.0")
-- Found KF6Crash: /usr/lib64/cmake/KF6Crash/KF6CrashConfig.cmake (found version "6.14.0")
-- Found KF6: success (found suitable version "6.14.0", minimum required is "6.3.0") found components: I18n KIO XmlGui Crash
-- The following OPTIONAL packages have been found:

 * OpenGL
 * Cups
 * Qt6PrintSupport (required version >= 6.5.0)
 * Qt6DBusTools (required version >= 6.8.3)
 * Qt6QmlTools (required version >= 6.8.3)
 * XKB (required version >= 0.5.0), XKB API common to servers and clients., <http://xkbcommon.org>
 * WrapVulkanHeaders
 * Qt6Core
 * Qt6CoreTools (required version >= 6.8.3)
 * Qt6GuiTools (required version >= 6.8.3)
 * Qt6WidgetsTools (required version >= 6.8.3)
 * Qt6Widgets
 * QAccessibilityClient6 (required version >= 0.4), KDE client-side accessibility library, <https://commits.kde.org/libqaccessibilityclient>
   Required to enable keyboard focus tracking.

-- The following REQUIRED packages have been found:

 * ECM (required version >= 6.3.0)
 * Qt6 (required version >= 6.5.0)
 * Gettext
 * KF6I18n (required version >= 6.3.0)
 * KF6KIO (required version >= 6.3.0)
 * KF6XmlGui (required version >= 6.3.0)
 * KF6Crash (required version >= 6.3.0)
 * KF6 (required version >= 6.3.0)
 * KF6DocTools (required version >= 6.3.0), Tools to generate documentation

-- Configuring done (1.4s)
-- Generating done (0.0s)
-- Build files have been written to: /home/omen/GITHUB/PLASMA_WORLD/AthOS/REPO-AthOS/kmag/work/kmag-25.04.1/build
[1/40] Generating po/ca/docs/kmag/kmag.1
Warn: AUTHOR sect.: no personblurb|contrib for Watts, Lauri        kmag
Note: AUTHOR sect.: see http://www.docbook.org/tdg5/en/html/contr  kmag
Note: AUTHOR sect.: see http://www.docbook.org/tdg5/en/html/perso  kmag
Note: Writing kmag.1
[2/40] Generating po/de/docs/kmag/index.cache.bz2
[3/40] Generating po/it/docs/kmag/kmag.1
Warn: AUTHOR sect.: no personblurb|contrib for Lauri Watts         kmag
Note: AUTHOR sect.: see http://www.docbook.org/tdg5/en/html/contr  kmag
Note: AUTHOR sect.: see http://www.docbook.org/tdg5/en/html/perso  kmag
Note: Writing kmag.1
[4/40] Generating po/es/docs/kmag/index.cache.bz2
[5/40] Generating po/pt/docs/kmag/kmag.1
Warn: AUTHOR sect.: no personblurb|contrib for Lauri Watts         kmag
Note: AUTHOR sect.: see http://www.docbook.org/tdg5/en/html/contr  kmag
Note: AUTHOR sect.: see http://www.docbook.org/tdg5/en/html/perso  kmag
Note: Writing kmag.1
[6/40] Generating po/it/docs/kmag/index.cache.bz2
[7/40] Generating po/de/docs/kmag/kmag.1
Warn: AUTHOR sect.: no personblurb|contrib for Lauri Watts         kmag
Note: AUTHOR sect.: see http://www.docbook.org/tdg5/en/html/contr  kmag
Note: AUTHOR sect.: see http://www.docbook.org/tdg5/en/html/perso  kmag
Note: Writing kmag.1
[8/40] Generating po/nl/docs/kmag/kmag.1
Warn: AUTHOR sect.: no personblurb|contrib for Lauri Watts         kmag
Note: AUTHOR sect.: see http://www.docbook.org/tdg5/en/html/contr  kmag
Note: AUTHOR sect.: see http://www.docbook.org/tdg5/en/html/perso  kmag
Note: Writing kmag.1
[9/40] Generating po/ko/docs/kmag/index.cache.bz2
[10/40] Generating po/ru/docs/kmag/index.cache.bz2
[11/40] Generating po/ru/docs/kmag/kmag.1
Warn: AUTHOR sect.: no personblurb|contrib for Lauri Watts         kmag
Note: AUTHOR sect.: see http://www.docbook.org/tdg5/en/html/contr  kmag
Note: AUTHOR sect.: see http://www.docbook.org/tdg5/en/html/perso  kmag
Note: Writing kmag.1
[12/40] Generating po/pt_BR/docs/kmag/index.cache.bz2
I/O warning : failed to load "/usr/share/kf6/kdoctools/customization/xsl/pt-BR.xml": No such file or directory
No "pt_br" localization of "footer-doc-comment" exists; using "en".
No "pt_br" localization of "footer-doc-feedback" exists; using "en".
No "pt_br" localization of "footer-doc-teamname" exists; using "en".
No "pt_br" localization of "footer-doc-comment" exists; using "en".
No "pt_br" localization of "footer-doc-feedback" exists; using "en".
No "pt_br" localization of "footer-doc-teamname" exists; using "en".
No "pt_br" localization of "footer-doc-comment" exists; using "en".
No "pt_br" localization of "footer-doc-feedback" exists; using "en".
No "pt_br" localization of "footer-doc-teamname" exists; using "en".
No "pt_br" localization of "footer-doc-comment" exists; using "en".
No "pt_br" localization of "footer-doc-feedback" exists; using "en".
No "pt_br" localization of "footer-doc-teamname" exists; using "en".
No "pt_br" localization of "footer-doc-comment" exists; using "en".
No "pt_br" localization of "footer-doc-feedback" exists; using "en".
No "pt_br" localization of "footer-doc-teamname" exists; using "en".
No "pt_br" localization of "footer-doc-comment" exists; using "en".
No "pt_br" localization of "footer-doc-feedback" exists; using "en".
No "pt_br" localization of "footer-doc-teamname" exists; using "en".
No "pt_br" localization of "footer-doc-comment" exists; using "en".
No "pt_br" localization of "footer-doc-feedback" exists; using "en".
No "pt_br" localization of "footer-doc-teamname" exists; using "en".
[13/40] Generating ts...
[14/40] Generating po/nl/docs/kmag/index.cache.bz2
[15/40] Generating po/et/docs/kmag/kmag.1
Warn: AUTHOR sect.: no personblurb|contrib for Lauri Watts         kmag
Note: AUTHOR sect.: see http://www.docbook.org/tdg5/en/html/contr  kmag
Note: AUTHOR sect.: see http://www.docbook.org/tdg5/en/html/perso  kmag
Note: Writing kmag.1
[16/40] Generating po/pt/docs/kmag/index.cache.bz2
[17/40] Generating po/fr/docs/kmag/kmag.1
Warn: AUTHOR sect.: no personblurb|contrib for Lauri Watts         kmag
Note: AUTHOR sect.: see http://www.docbook.org/tdg5/en/html/contr  kmag
Note: AUTHOR sect.: see http://www.docbook.org/tdg5/en/html/perso  kmag
Note: Writing kmag.1
[18/40] Generating po/pt_BR/docs/kmag/kmag.1
Warn: AUTHOR sect.: no personblurb|contrib for Lauri Watts         kmag
Note: AUTHOR sect.: see http://www.docbook.org/tdg5/en/html/contr  kmag
Note: AUTHOR sect.: see http://www.docbook.org/tdg5/en/html/perso  kmag
Note: Writing kmag.1
[19/40] Generating po/es/docs/kmag/kmag.1
Warn: AUTHOR sect.: no personblurb|contrib for Lauri Watts         kmag
Note: AUTHOR sect.: see http://www.docbook.org/tdg5/en/html/contr  kmag
Note: AUTHOR sect.: see http://www.docbook.org/tdg5/en/html/perso  kmag
Note: Writing kmag.1
[20/40] Generating po/ca/docs/kmag/index.cache.bz2
[21/40] Generating po/sl/docs/kmag/index.cache.bz2
[22/40] Generating po/fr/docs/kmag/index.cache.bz2
[23/40] Generating mo...
[24/40] Generating kmag.1
Warn: AUTHOR sect.: no personblurb|contrib for Lauri Watts         kmag
Note: AUTHOR sect.: see http://www.docbook.org/tdg5/en/html/contr  kmag
Note: AUTHOR sect.: see http://www.docbook.org/tdg5/en/html/perso  kmag
Note: Writing kmag.1
[25/40] Generating po/uk/docs/kmag/kmag.1
Warn: AUTHOR sect.: no personblurb|contrib for Lauri Watts         kmag
Note: AUTHOR sect.: see http://www.docbook.org/tdg5/en/html/contr  kmag
Note: AUTHOR sect.: see http://www.docbook.org/tdg5/en/html/perso  kmag
Note: Writing kmag.1
[26/40] Generating po/uk/docs/kmag/index.cache.bz2
[27/40] Generating po/sv/docs/kmag/kmag.1
Warn: AUTHOR sect.: no personblurb|contrib for Lauri Watts         kmag
Note: AUTHOR sect.: see http://www.docbook.org/tdg5/en/html/contr  kmag
Note: AUTHOR sect.: see http://www.docbook.org/tdg5/en/html/perso  kmag
Note: Writing kmag.1
[28/40] Generating po/sv/docs/kmag/index.cache.bz2
[29/40] Generating po/sl/docs/kmag/kmag.1
Warn: AUTHOR sect.: no personblurb|contrib for Lauri Watts         kmag
Note: AUTHOR sect.: see http://www.docbook.org/tdg5/en/html/contr  kmag
Note: AUTHOR sect.: see http://www.docbook.org/tdg5/en/html/perso  kmag
Note: Writing kmag.1
[30/40] Automatic MOC for target kmag
[31/40] Generating index.cache.bz2
[32/40] Automatic RCC for kmag.qrc
[33/40] Building CXX object src/CMakeFiles/kmag.dir/kmag_autogen/mocs_compilation.cpp.o
[34/40] Building CXX object src/CMakeFiles/kmag.dir/kmag_autogen/EWIEGA46WW/qrc_kmag.cpp.o
[35/40] Building CXX object src/CMakeFiles/kmag.dir/colorsim.cpp.o
[36/40] Building CXX object src/CMakeFiles/kmag.dir/main.cpp.o
[37/40] Building CXX object src/CMakeFiles/kmag.dir/kmagselrect.cpp.o
[38/40] Building CXX object src/CMakeFiles/kmag.dir/kmagzoomview.cpp.o
/home/omen/GITHUB/PLASMA_WORLD/AthOS/REPO-AthOS/kmag/work/kmag-25.04.1/src/kmagzoomview.cpp:343:2: warning: #warning before C++23 is a GCC extension
  343 | #warning "Port Qt4 pz.setRasterOp(Qt::XorROP);";
      |  ^~~~~~~
/home/omen/GITHUB/PLASMA_WORLD/AthOS/REPO-AthOS/kmag/work/kmag-25.04.1/src/kmagzoomview.cpp:343:2: warning: #warning "Port Qt4 pz.setRasterOp(Qt::XorROP);"; [-Wcpp]
[39/40] Building CXX object src/CMakeFiles/kmag.dir/kmag.cpp.o
/home/omen/GITHUB/PLASMA_WORLD/AthOS/REPO-AthOS/kmag/work/kmag-25.04.1/src/kmag.cpp:779:2: warning: #warning before C++23 is a GCC extension
  779 | #warning "kde4: now memberList() is constant => we can't remove some element!"
      |  ^~~~~~~
/home/omen/GITHUB/PLASMA_WORLD/AthOS/REPO-AthOS/kmag/work/kmag-25.04.1/src/kmag.cpp:779:2: warning: #warning "kde4: now memberList() is constant => we can't remove some element!" [-Wcpp]
[40/40] Linking CXX executable bin/kmag
-- Install configuration: "RelWithDebInfo"
-- Installing: /home/omen/GITHUB/PLASMA_WORLD/AthOS/REPO-AthOS/kmag/package-kmag/usr/share/kmag/icons/hicolor/16x16/actions/followmouse.png
-- Installing: /home/omen/GITHUB/PLASMA_WORLD/AthOS/REPO-AthOS/kmag/package-kmag/usr/share/kmag/icons/hicolor/16x16/actions/hidemouse.png
-- Installing: /home/omen/GITHUB/PLASMA_WORLD/AthOS/REPO-AthOS/kmag/package-kmag/usr/share/kmag/icons/hicolor/16x16/actions/window.png
-- Installing: /home/omen/GITHUB/PLASMA_WORLD/AthOS/REPO-AthOS/kmag/package-kmag/usr/share/icons/hicolor/16x16/apps/kmag.png
-- Installing: /home/omen/GITHUB/PLASMA_WORLD/AthOS/REPO-AthOS/kmag/package-kmag/usr/share/icons/hicolor/32x32/apps/kmag.png
-- Installing: /home/omen/GITHUB/PLASMA_WORLD/AthOS/REPO-AthOS/kmag/package-kmag/usr/share/icons/hicolor/scalable/apps/kmag.svg
-- Installing: /home/omen/GITHUB/PLASMA_WORLD/AthOS/REPO-AthOS/kmag/package-kmag/usr/bin/kmag
-- Installing: /home/omen/GITHUB/PLASMA_WORLD/AthOS/REPO-AthOS/kmag/package-kmag/usr/share/applications/org.kde.kmag.desktop
-- Installing: /home/omen/GITHUB/PLASMA_WORLD/AthOS/REPO-AthOS/kmag/package-kmag/usr/share/metainfo/org.kde.kmag.metainfo.xml
-- Installing: /home/omen/GITHUB/PLASMA_WORLD/AthOS/REPO-AthOS/kmag/package-kmag/usr/share/doc/HTML/en/kmag/index.cache.bz2
-- Installing: /home/omen/GITHUB/PLASMA_WORLD/AthOS/REPO-AthOS/kmag/package-kmag/usr/share/doc/HTML/en/kmag/index.docbook
-- Installing: /home/omen/GITHUB/PLASMA_WORLD/AthOS/REPO-AthOS/kmag/package-kmag/usr/share/doc/HTML/en/kmag/screenshot.png
-- Installing: /home/omen/GITHUB/PLASMA_WORLD/AthOS/REPO-AthOS/kmag/package-kmag/usr/man/man1/kmag.1
-- Installing: /home/omen/GITHUB/PLASMA_WORLD/AthOS/REPO-AthOS/kmag/package-kmag/usr/share/doc/HTML/ca/kmag/index.cache.bz2
-- Installing: /home/omen/GITHUB/PLASMA_WORLD/AthOS/REPO-AthOS/kmag/package-kmag/usr/share/doc/HTML/ca/kmag/index.docbook
-- Installing: /home/omen/GITHUB/PLASMA_WORLD/AthOS/REPO-AthOS/kmag/package-kmag/usr/share/doc/HTML/ca/kmag/screenshot.png
-- Installing: /home/omen/GITHUB/PLASMA_WORLD/AthOS/REPO-AthOS/kmag/package-kmag/usr/man/ca/man1/kmag.1
-- Installing: /home/omen/GITHUB/PLASMA_WORLD/AthOS/REPO-AthOS/kmag/package-kmag/usr/share/doc/HTML/de/kmag/index.cache.bz2
-- Installing: /home/omen/GITHUB/PLASMA_WORLD/AthOS/REPO-AthOS/kmag/package-kmag/usr/share/doc/HTML/de/kmag/index.docbook
-- Installing: /home/omen/GITHUB/PLASMA_WORLD/AthOS/REPO-AthOS/kmag/package-kmag/usr/share/doc/HTML/de/kmag/screenshot.png
-- Installing: /home/omen/GITHUB/PLASMA_WORLD/AthOS/REPO-AthOS/kmag/package-kmag/usr/man/de/man1/kmag.1
-- Installing: /home/omen/GITHUB/PLASMA_WORLD/AthOS/REPO-AthOS/kmag/package-kmag/usr/share/doc/HTML/es/kmag/index.cache.bz2
-- Installing: /home/omen/GITHUB/PLASMA_WORLD/AthOS/REPO-AthOS/kmag/package-kmag/usr/share/doc/HTML/es/kmag/index.docbook
-- Installing: /home/omen/GITHUB/PLASMA_WORLD/AthOS/REPO-AthOS/kmag/package-kmag/usr/man/es/man1/kmag.1
-- Installing: /home/omen/GITHUB/PLASMA_WORLD/AthOS/REPO-AthOS/kmag/package-kmag/usr/man/et/man1/kmag.1
-- Installing: /home/omen/GITHUB/PLASMA_WORLD/AthOS/REPO-AthOS/kmag/package-kmag/usr/share/doc/HTML/fr/kmag/index.cache.bz2
-- Installing: /home/omen/GITHUB/PLASMA_WORLD/AthOS/REPO-AthOS/kmag/package-kmag/usr/share/doc/HTML/fr/kmag/index.docbook
-- Installing: /home/omen/GITHUB/PLASMA_WORLD/AthOS/REPO-AthOS/kmag/package-kmag/usr/share/doc/HTML/fr/kmag/screenshot.png
-- Installing: /home/omen/GITHUB/PLASMA_WORLD/AthOS/REPO-AthOS/kmag/package-kmag/usr/man/fr/man1/kmag.1
-- Installing: /home/omen/GITHUB/PLASMA_WORLD/AthOS/REPO-AthOS/kmag/package-kmag/usr/share/doc/HTML/it/kmag/index.cache.bz2
-- Installing: /home/omen/GITHUB/PLASMA_WORLD/AthOS/REPO-AthOS/kmag/package-kmag/usr/share/doc/HTML/it/kmag/index.docbook
-- Installing: /home/omen/GITHUB/PLASMA_WORLD/AthOS/REPO-AthOS/kmag/package-kmag/usr/share/doc/HTML/it/kmag/screenshot.png
-- Installing: /home/omen/GITHUB/PLASMA_WORLD/AthOS/REPO-AthOS/kmag/package-kmag/usr/man/it/man1/kmag.1
-- Installing: /home/omen/GITHUB/PLASMA_WORLD/AthOS/REPO-AthOS/kmag/package-kmag/usr/share/doc/HTML/ko/kmag/index.cache.bz2
-- Installing: /home/omen/GITHUB/PLASMA_WORLD/AthOS/REPO-AthOS/kmag/package-kmag/usr/share/doc/HTML/ko/kmag/index.docbook
-- Installing: /home/omen/GITHUB/PLASMA_WORLD/AthOS/REPO-AthOS/kmag/package-kmag/usr/share/doc/HTML/nl/kmag/index.cache.bz2
-- Installing: /home/omen/GITHUB/PLASMA_WORLD/AthOS/REPO-AthOS/kmag/package-kmag/usr/share/doc/HTML/nl/kmag/index.docbook
-- Installing: /home/omen/GITHUB/PLASMA_WORLD/AthOS/REPO-AthOS/kmag/package-kmag/usr/share/doc/HTML/nl/kmag/screenshot.png
-- Installing: /home/omen/GITHUB/PLASMA_WORLD/AthOS/REPO-AthOS/kmag/package-kmag/usr/man/nl/man1/kmag.1
-- Installing: /home/omen/GITHUB/PLASMA_WORLD/AthOS/REPO-AthOS/kmag/package-kmag/usr/share/doc/HTML/pt/kmag/index.cache.bz2
-- Installing: /home/omen/GITHUB/PLASMA_WORLD/AthOS/REPO-AthOS/kmag/package-kmag/usr/share/doc/HTML/pt/kmag/index.docbook
-- Installing: /home/omen/GITHUB/PLASMA_WORLD/AthOS/REPO-AthOS/kmag/package-kmag/usr/man/pt/man1/kmag.1
-- Installing: /home/omen/GITHUB/PLASMA_WORLD/AthOS/REPO-AthOS/kmag/package-kmag/usr/share/doc/HTML/pt_BR/kmag/index.cache.bz2
-- Installing: /home/omen/GITHUB/PLASMA_WORLD/AthOS/REPO-AthOS/kmag/package-kmag/usr/share/doc/HTML/pt_BR/kmag/index.docbook
-- Installing: /home/omen/GITHUB/PLASMA_WORLD/AthOS/REPO-AthOS/kmag/package-kmag/usr/share/doc/HTML/pt_BR/kmag/screenshot.png
-- Installing: /home/omen/GITHUB/PLASMA_WORLD/AthOS/REPO-AthOS/kmag/package-kmag/usr/man/pt_BR/man1/kmag.1
-- Installing: /home/omen/GITHUB/PLASMA_WORLD/AthOS/REPO-AthOS/kmag/package-kmag/usr/share/doc/HTML/ru/kmag/index.cache.bz2
-- Installing: /home/omen/GITHUB/PLASMA_WORLD/AthOS/REPO-AthOS/kmag/package-kmag/usr/share/doc/HTML/ru/kmag/index.docbook
-- Installing: /home/omen/GITHUB/PLASMA_WORLD/AthOS/REPO-AthOS/kmag/package-kmag/usr/man/ru/man1/kmag.1
-- Installing: /home/omen/GITHUB/PLASMA_WORLD/AthOS/REPO-AthOS/kmag/package-kmag/usr/share/doc/HTML/sl/kmag/index.cache.bz2
-- Installing: /home/omen/GITHUB/PLASMA_WORLD/AthOS/REPO-AthOS/kmag/package-kmag/usr/share/doc/HTML/sl/kmag/index.docbook
-- Installing: /home/omen/GITHUB/PLASMA_WORLD/AthOS/REPO-AthOS/kmag/package-kmag/usr/man/sl/man1/kmag.1
-- Installing: /home/omen/GITHUB/PLASMA_WORLD/AthOS/REPO-AthOS/kmag/package-kmag/usr/share/doc/HTML/sv/kmag/index.cache.bz2
-- Installing: /home/omen/GITHUB/PLASMA_WORLD/AthOS/REPO-AthOS/kmag/package-kmag/usr/share/doc/HTML/sv/kmag/index.docbook
-- Installing: /home/omen/GITHUB/PLASMA_WORLD/AthOS/REPO-AthOS/kmag/package-kmag/usr/share/doc/HTML/sv/kmag/screenshot.png
-- Installing: /home/omen/GITHUB/PLASMA_WORLD/AthOS/REPO-AthOS/kmag/package-kmag/usr/man/sv/man1/kmag.1
-- Installing: /home/omen/GITHUB/PLASMA_WORLD/AthOS/REPO-AthOS/kmag/package-kmag/usr/share/doc/HTML/uk/kmag/index.cache.bz2
-- Installing: /home/omen/GITHUB/PLASMA_WORLD/AthOS/REPO-AthOS/kmag/package-kmag/usr/share/doc/HTML/uk/kmag/index.docbook
-- Installing: /home/omen/GITHUB/PLASMA_WORLD/AthOS/REPO-AthOS/kmag/package-kmag/usr/share/doc/HTML/uk/kmag/screenshot.png
-- Installing: /home/omen/GITHUB/PLASMA_WORLD/AthOS/REPO-AthOS/kmag/package-kmag/usr/man/uk/man1/kmag.1
-- Installing: /home/omen/GITHUB/PLASMA_WORLD/AthOS/REPO-AthOS/kmag/package-kmag/usr/share/locale
-- Installing: /home/omen/GITHUB/PLASMA_WORLD/AthOS/REPO-AthOS/kmag/package-kmag/usr/share/locale/da
-- Installing: /home/omen/GITHUB/PLASMA_WORLD/AthOS/REPO-AthOS/kmag/package-kmag/usr/share/locale/da/LC_MESSAGES
-- Installing: /home/omen/GITHUB/PLASMA_WORLD/AthOS/REPO-AthOS/kmag/package-kmag/usr/share/locale/da/LC_MESSAGES/kmag.mo
-- Installing: /home/omen/GITHUB/PLASMA_WORLD/AthOS/REPO-AthOS/kmag/package-kmag/usr/share/locale/ms
-- Installing: /home/omen/GITHUB/PLASMA_WORLD/AthOS/REPO-AthOS/kmag/package-kmag/usr/share/locale/ms/LC_MESSAGES
-- Installing: /home/omen/GITHUB/PLASMA_WORLD/AthOS/REPO-AthOS/kmag/package-kmag/usr/share/locale/ms/LC_MESSAGES/kmag.mo
-- Installing: /home/omen/GITHUB/PLASMA_WORLD/AthOS/REPO-AthOS/kmag/package-kmag/usr/share/locale/cs
-- Installing: /home/omen/GITHUB/PLASMA_WORLD/AthOS/REPO-AthOS/kmag/package-kmag/usr/share/locale/cs/LC_MESSAGES
-- Installing: /home/omen/GITHUB/PLASMA_WORLD/AthOS/REPO-AthOS/kmag/package-kmag/usr/share/locale/cs/LC_MESSAGES/kmag.mo
-- Installing: /home/omen/GITHUB/PLASMA_WORLD/AthOS/REPO-AthOS/kmag/package-kmag/usr/share/locale/ja
-- Installing: /home/omen/GITHUB/PLASMA_WORLD/AthOS/REPO-AthOS/kmag/package-kmag/usr/share/locale/ja/LC_MESSAGES
-- Installing: /home/omen/GITHUB/PLASMA_WORLD/AthOS/REPO-AthOS/kmag/package-kmag/usr/share/locale/ja/LC_MESSAGES/kmag.mo
-- Installing: /home/omen/GITHUB/PLASMA_WORLD/AthOS/REPO-AthOS/kmag/package-kmag/usr/share/locale/sr@ijekavian
-- Installing: /home/omen/GITHUB/PLASMA_WORLD/AthOS/REPO-AthOS/kmag/package-kmag/usr/share/locale/sr@ijekavian/LC_MESSAGES
-- Installing: /home/omen/GITHUB/PLASMA_WORLD/AthOS/REPO-AthOS/kmag/package-kmag/usr/share/locale/sr@ijekavian/LC_MESSAGES/kmag.mo
-- Installing: /home/omen/GITHUB/PLASMA_WORLD/AthOS/REPO-AthOS/kmag/package-kmag/usr/share/locale/de
-- Installing: /home/omen/GITHUB/PLASMA_WORLD/AthOS/REPO-AthOS/kmag/package-kmag/usr/share/locale/de/LC_MESSAGES
-- Installing: /home/omen/GITHUB/PLASMA_WORLD/AthOS/REPO-AthOS/kmag/package-kmag/usr/share/locale/de/LC_MESSAGES/kmag.mo
-- Installing: /home/omen/GITHUB/PLASMA_WORLD/AthOS/REPO-AthOS/kmag/package-kmag/usr/share/locale/el
-- Installing: /home/omen/GITHUB/PLASMA_WORLD/AthOS/REPO-AthOS/kmag/package-kmag/usr/share/locale/el/LC_MESSAGES
-- Installing: /home/omen/GITHUB/PLASMA_WORLD/AthOS/REPO-AthOS/kmag/package-kmag/usr/share/locale/el/LC_MESSAGES/kmag.mo
-- Installing: /home/omen/GITHUB/PLASMA_WORLD/AthOS/REPO-AthOS/kmag/package-kmag/usr/share/locale/nn
-- Installing: /home/omen/GITHUB/PLASMA_WORLD/AthOS/REPO-AthOS/kmag/package-kmag/usr/share/locale/nn/LC_MESSAGES
-- Installing: /home/omen/GITHUB/PLASMA_WORLD/AthOS/REPO-AthOS/kmag/package-kmag/usr/share/locale/nn/LC_MESSAGES/kmag.mo
-- Installing: /home/omen/GITHUB/PLASMA_WORLD/AthOS/REPO-AthOS/kmag/package-kmag/usr/share/locale/sr
-- Installing: /home/omen/GITHUB/PLASMA_WORLD/AthOS/REPO-AthOS/kmag/package-kmag/usr/share/locale/sr/LC_MESSAGES
-- Installing: /home/omen/GITHUB/PLASMA_WORLD/AthOS/REPO-AthOS/kmag/package-kmag/usr/share/locale/sr/LC_MESSAGES/kmag.mo
-- Installing: /home/omen/GITHUB/PLASMA_WORLD/AthOS/REPO-AthOS/kmag/package-kmag/usr/share/locale/hi
-- Installing: /home/omen/GITHUB/PLASMA_WORLD/AthOS/REPO-AthOS/kmag/package-kmag/usr/share/locale/hi/LC_MESSAGES
-- Installing: /home/omen/GITHUB/PLASMA_WORLD/AthOS/REPO-AthOS/kmag/package-kmag/usr/share/locale/hi/LC_MESSAGES/kmag.mo
-- Installing: /home/omen/GITHUB/PLASMA_WORLD/AthOS/REPO-AthOS/kmag/package-kmag/usr/share/locale/pt_BR
-- Installing: /home/omen/GITHUB/PLASMA_WORLD/AthOS/REPO-AthOS/kmag/package-kmag/usr/share/locale/pt_BR/LC_MESSAGES
-- Installing: /home/omen/GITHUB/PLASMA_WORLD/AthOS/REPO-AthOS/kmag/package-kmag/usr/share/locale/pt_BR/LC_MESSAGES/kmag.mo
-- Installing: /home/omen/GITHUB/PLASMA_WORLD/AthOS/REPO-AthOS/kmag/package-kmag/usr/share/locale/lt
-- Installing: /home/omen/GITHUB/PLASMA_WORLD/AthOS/REPO-AthOS/kmag/package-kmag/usr/share/locale/lt/LC_MESSAGES
-- Installing: /home/omen/GITHUB/PLASMA_WORLD/AthOS/REPO-AthOS/kmag/package-kmag/usr/share/locale/lt/LC_MESSAGES/kmag.mo
-- Installing: /home/omen/GITHUB/PLASMA_WORLD/AthOS/REPO-AthOS/kmag/package-kmag/usr/share/locale/sr@ijekavianlatin
-- Installing: /home/omen/GITHUB/PLASMA_WORLD/AthOS/REPO-AthOS/kmag/package-kmag/usr/share/locale/sr@ijekavianlatin/LC_MESSAGES
-- Installing: /home/omen/GITHUB/PLASMA_WORLD/AthOS/REPO-AthOS/kmag/package-kmag/usr/share/locale/sr@ijekavianlatin/LC_MESSAGES/kmag.mo
-- Installing: /home/omen/GITHUB/PLASMA_WORLD/AthOS/REPO-AthOS/kmag/package-kmag/usr/share/locale/be
-- Installing: /home/omen/GITHUB/PLASMA_WORLD/AthOS/REPO-AthOS/kmag/package-kmag/usr/share/locale/be/LC_MESSAGES
-- Installing: /home/omen/GITHUB/PLASMA_WORLD/AthOS/REPO-AthOS/kmag/package-kmag/usr/share/locale/be/LC_MESSAGES/kmag.mo
-- Installing: /home/omen/GITHUB/PLASMA_WORLD/AthOS/REPO-AthOS/kmag/package-kmag/usr/share/locale/pa
-- Installing: /home/omen/GITHUB/PLASMA_WORLD/AthOS/REPO-AthOS/kmag/package-kmag/usr/share/locale/pa/LC_MESSAGES
-- Installing: /home/omen/GITHUB/PLASMA_WORLD/AthOS/REPO-AthOS/kmag/package-kmag/usr/share/locale/pa/LC_MESSAGES/kmag.mo
-- Installing: /home/omen/GITHUB/PLASMA_WORLD/AthOS/REPO-AthOS/kmag/package-kmag/usr/share/locale/sl
-- Installing: /home/omen/GITHUB/PLASMA_WORLD/AthOS/REPO-AthOS/kmag/package-kmag/usr/share/locale/sl/LC_MESSAGES
-- Installing: /home/omen/GITHUB/PLASMA_WORLD/AthOS/REPO-AthOS/kmag/package-kmag/usr/share/locale/sl/LC_MESSAGES/kmag.mo
-- Installing: /home/omen/GITHUB/PLASMA_WORLD/AthOS/REPO-AthOS/kmag/package-kmag/usr/share/locale/ta
-- Installing: /home/omen/GITHUB/PLASMA_WORLD/AthOS/REPO-AthOS/kmag/package-kmag/usr/share/locale/ta/LC_MESSAGES
-- Installing: /home/omen/GITHUB/PLASMA_WORLD/AthOS/REPO-AthOS/kmag/package-kmag/usr/share/locale/ta/LC_MESSAGES/kmag.mo
-- Installing: /home/omen/GITHUB/PLASMA_WORLD/AthOS/REPO-AthOS/kmag/package-kmag/usr/share/locale/ro
-- Installing: /home/omen/GITHUB/PLASMA_WORLD/AthOS/REPO-AthOS/kmag/package-kmag/usr/share/locale/ro/LC_MESSAGES
-- Installing: /home/omen/GITHUB/PLASMA_WORLD/AthOS/REPO-AthOS/kmag/package-kmag/usr/share/locale/ro/LC_MESSAGES/kmag.mo
-- Installing: /home/omen/GITHUB/PLASMA_WORLD/AthOS/REPO-AthOS/kmag/package-kmag/usr/share/locale/bs
-- Installing: /home/omen/GITHUB/PLASMA_WORLD/AthOS/REPO-AthOS/kmag/package-kmag/usr/share/locale/bs/LC_MESSAGES
-- Installing: /home/omen/GITHUB/PLASMA_WORLD/AthOS/REPO-AthOS/kmag/package-kmag/usr/share/locale/bs/LC_MESSAGES/kmag.mo
-- Installing: /home/omen/GITHUB/PLASMA_WORLD/AthOS/REPO-AthOS/kmag/package-kmag/usr/share/locale/is
-- Installing: /home/omen/GITHUB/PLASMA_WORLD/AthOS/REPO-AthOS/kmag/package-kmag/usr/share/locale/is/LC_MESSAGES
-- Installing: /home/omen/GITHUB/PLASMA_WORLD/AthOS/REPO-AthOS/kmag/package-kmag/usr/share/locale/is/LC_MESSAGES/kmag.mo
-- Installing: /home/omen/GITHUB/PLASMA_WORLD/AthOS/REPO-AthOS/kmag/package-kmag/usr/share/locale/kk
-- Installing: /home/omen/GITHUB/PLASMA_WORLD/AthOS/REPO-AthOS/kmag/package-kmag/usr/share/locale/kk/LC_MESSAGES
-- Installing: /home/omen/GITHUB/PLASMA_WORLD/AthOS/REPO-AthOS/kmag/package-kmag/usr/share/locale/kk/LC_MESSAGES/kmag.mo
-- Installing: /home/omen/GITHUB/PLASMA_WORLD/AthOS/REPO-AthOS/kmag/package-kmag/usr/share/locale/sr@latin
-- Installing: /home/omen/GITHUB/PLASMA_WORLD/AthOS/REPO-AthOS/kmag/package-kmag/usr/share/locale/sr@latin/LC_MESSAGES
-- Installing: /home/omen/GITHUB/PLASMA_WORLD/AthOS/REPO-AthOS/kmag/package-kmag/usr/share/locale/sr@latin/LC_MESSAGES/kmag.mo
-- Installing: /home/omen/GITHUB/PLASMA_WORLD/AthOS/REPO-AthOS/kmag/package-kmag/usr/share/locale/he
-- Installing: /home/omen/GITHUB/PLASMA_WORLD/AthOS/REPO-AthOS/kmag/package-kmag/usr/share/locale/he/LC_MESSAGES
-- Installing: /home/omen/GITHUB/PLASMA_WORLD/AthOS/REPO-AthOS/kmag/package-kmag/usr/share/locale/he/LC_MESSAGES/kmag.mo
-- Installing: /home/omen/GITHUB/PLASMA_WORLD/AthOS/REPO-AthOS/kmag/package-kmag/usr/share/locale/zh_TW
-- Installing: /home/omen/GITHUB/PLASMA_WORLD/AthOS/REPO-AthOS/kmag/package-kmag/usr/share/locale/zh_TW/LC_MESSAGES
-- Installing: /home/omen/GITHUB/PLASMA_WORLD/AthOS/REPO-AthOS/kmag/package-kmag/usr/share/locale/zh_TW/LC_MESSAGES/kmag.mo
-- Installing: /home/omen/GITHUB/PLASMA_WORLD/AthOS/REPO-AthOS/kmag/package-kmag/usr/share/locale/tg
-- Installing: /home/omen/GITHUB/PLASMA_WORLD/AthOS/REPO-AthOS/kmag/package-kmag/usr/share/locale/tg/LC_MESSAGES
-- Installing: /home/omen/GITHUB/PLASMA_WORLD/AthOS/REPO-AthOS/kmag/package-kmag/usr/share/locale/tg/LC_MESSAGES/kmag.mo
-- Installing: /home/omen/GITHUB/PLASMA_WORLD/AthOS/REPO-AthOS/kmag/package-kmag/usr/share/locale/fa
-- Installing: /home/omen/GITHUB/PLASMA_WORLD/AthOS/REPO-AthOS/kmag/package-kmag/usr/share/locale/fa/LC_MESSAGES
-- Installing: /home/omen/GITHUB/PLASMA_WORLD/AthOS/REPO-AthOS/kmag/package-kmag/usr/share/locale/fa/LC_MESSAGES/kmag.mo
-- Installing: /home/omen/GITHUB/PLASMA_WORLD/AthOS/REPO-AthOS/kmag/package-kmag/usr/share/locale/pl
-- Installing: /home/omen/GITHUB/PLASMA_WORLD/AthOS/REPO-AthOS/kmag/package-kmag/usr/share/locale/pl/LC_MESSAGES
-- Installing: /home/omen/GITHUB/PLASMA_WORLD/AthOS/REPO-AthOS/kmag/package-kmag/usr/share/locale/pl/LC_MESSAGES/kmag.mo
-- Installing: /home/omen/GITHUB/PLASMA_WORLD/AthOS/REPO-AthOS/kmag/package-kmag/usr/share/locale/km
-- Installing: /home/omen/GITHUB/PLASMA_WORLD/AthOS/REPO-AthOS/kmag/package-kmag/usr/share/locale/km/LC_MESSAGES
-- Installing: /home/omen/GITHUB/PLASMA_WORLD/AthOS/REPO-AthOS/kmag/package-kmag/usr/share/locale/km/LC_MESSAGES/kmag.mo
-- Installing: /home/omen/GITHUB/PLASMA_WORLD/AthOS/REPO-AthOS/kmag/package-kmag/usr/share/locale/pt
-- Installing: /home/omen/GITHUB/PLASMA_WORLD/AthOS/REPO-AthOS/kmag/package-kmag/usr/share/locale/pt/LC_MESSAGES
-- Installing: /home/omen/GITHUB/PLASMA_WORLD/AthOS/REPO-AthOS/kmag/package-kmag/usr/share/locale/pt/LC_MESSAGES/kmag.mo
-- Installing: /home/omen/GITHUB/PLASMA_WORLD/AthOS/REPO-AthOS/kmag/package-kmag/usr/share/locale/hr
-- Installing: /home/omen/GITHUB/PLASMA_WORLD/AthOS/REPO-AthOS/kmag/package-kmag/usr/share/locale/hr/LC_MESSAGES
-- Installing: /home/omen/GITHUB/PLASMA_WORLD/AthOS/REPO-AthOS/kmag/package-kmag/usr/share/locale/hr/LC_MESSAGES/kmag.mo
-- Installing: /home/omen/GITHUB/PLASMA_WORLD/AthOS/REPO-AthOS/kmag/package-kmag/usr/share/locale/tr
-- Installing: /home/omen/GITHUB/PLASMA_WORLD/AthOS/REPO-AthOS/kmag/package-kmag/usr/share/locale/tr/LC_MESSAGES
-- Installing: /home/omen/GITHUB/PLASMA_WORLD/AthOS/REPO-AthOS/kmag/package-kmag/usr/share/locale/tr/LC_MESSAGES/kmag.mo
-- Installing: /home/omen/GITHUB/PLASMA_WORLD/AthOS/REPO-AthOS/kmag/package-kmag/usr/share/locale/fr
-- Installing: /home/omen/GITHUB/PLASMA_WORLD/AthOS/REPO-AthOS/kmag/package-kmag/usr/share/locale/fr/LC_MESSAGES
-- Installing: /home/omen/GITHUB/PLASMA_WORLD/AthOS/REPO-AthOS/kmag/package-kmag/usr/share/locale/fr/LC_MESSAGES/kmag.mo
-- Installing: /home/omen/GITHUB/PLASMA_WORLD/AthOS/REPO-AthOS/kmag/package-kmag/usr/share/locale/ast
-- Installing: /home/omen/GITHUB/PLASMA_WORLD/AthOS/REPO-AthOS/kmag/package-kmag/usr/share/locale/ast/LC_MESSAGES
-- Installing: /home/omen/GITHUB/PLASMA_WORLD/AthOS/REPO-AthOS/kmag/package-kmag/usr/share/locale/ast/LC_MESSAGES/kmag.mo
-- Installing: /home/omen/GITHUB/PLASMA_WORLD/AthOS/REPO-AthOS/kmag/package-kmag/usr/share/locale/ne
-- Installing: /home/omen/GITHUB/PLASMA_WORLD/AthOS/REPO-AthOS/kmag/package-kmag/usr/share/locale/ne/LC_MESSAGES
-- Installing: /home/omen/GITHUB/PLASMA_WORLD/AthOS/REPO-AthOS/kmag/package-kmag/usr/share/locale/ne/LC_MESSAGES/kmag.mo
-- Installing: /home/omen/GITHUB/PLASMA_WORLD/AthOS/REPO-AthOS/kmag/package-kmag/usr/share/locale/vi
-- Installing: /home/omen/GITHUB/PLASMA_WORLD/AthOS/REPO-AthOS/kmag/package-kmag/usr/share/locale/vi/LC_MESSAGES
-- Installing: /home/omen/GITHUB/PLASMA_WORLD/AthOS/REPO-AthOS/kmag/package-kmag/usr/share/locale/vi/LC_MESSAGES/kmag.mo
-- Installing: /home/omen/GITHUB/PLASMA_WORLD/AthOS/REPO-AthOS/kmag/package-kmag/usr/share/locale/ka
-- Installing: /home/omen/GITHUB/PLASMA_WORLD/AthOS/REPO-AthOS/kmag/package-kmag/usr/share/locale/ka/LC_MESSAGES
-- Installing: /home/omen/GITHUB/PLASMA_WORLD/AthOS/REPO-AthOS/kmag/package-kmag/usr/share/locale/ka/LC_MESSAGES/kmag.mo
-- Installing: /home/omen/GITHUB/PLASMA_WORLD/AthOS/REPO-AthOS/kmag/package-kmag/usr/share/locale/cy
-- Installing: /home/omen/GITHUB/PLASMA_WORLD/AthOS/REPO-AthOS/kmag/package-kmag/usr/share/locale/cy/LC_MESSAGES
-- Installing: /home/omen/GITHUB/PLASMA_WORLD/AthOS/REPO-AthOS/kmag/package-kmag/usr/share/locale/cy/LC_MESSAGES/kmag.mo
-- Installing: /home/omen/GITHUB/PLASMA_WORLD/AthOS/REPO-AthOS/kmag/package-kmag/usr/share/locale/th
-- Installing: /home/omen/GITHUB/PLASMA_WORLD/AthOS/REPO-AthOS/kmag/package-kmag/usr/share/locale/th/LC_MESSAGES
-- Installing: /home/omen/GITHUB/PLASMA_WORLD/AthOS/REPO-AthOS/kmag/package-kmag/usr/share/locale/th/LC_MESSAGES/kmag.mo
-- Installing: /home/omen/GITHUB/PLASMA_WORLD/AthOS/REPO-AthOS/kmag/package-kmag/usr/share/locale/gl
-- Installing: /home/omen/GITHUB/PLASMA_WORLD/AthOS/REPO-AthOS/kmag/package-kmag/usr/share/locale/gl/LC_MESSAGES
-- Installing: /home/omen/GITHUB/PLASMA_WORLD/AthOS/REPO-AthOS/kmag/package-kmag/usr/share/locale/gl/LC_MESSAGES/kmag.mo
-- Installing: /home/omen/GITHUB/PLASMA_WORLD/AthOS/REPO-AthOS/kmag/package-kmag/usr/share/locale/ia
-- Installing: /home/omen/GITHUB/PLASMA_WORLD/AthOS/REPO-AthOS/kmag/package-kmag/usr/share/locale/ia/LC_MESSAGES
-- Installing: /home/omen/GITHUB/PLASMA_WORLD/AthOS/REPO-AthOS/kmag/package-kmag/usr/share/locale/ia/LC_MESSAGES/kmag.mo
-- Installing: /home/omen/GITHUB/PLASMA_WORLD/AthOS/REPO-AthOS/kmag/package-kmag/usr/share/locale/hu
-- Installing: /home/omen/GITHUB/PLASMA_WORLD/AthOS/REPO-AthOS/kmag/package-kmag/usr/share/locale/hu/LC_MESSAGES
-- Installing: /home/omen/GITHUB/PLASMA_WORLD/AthOS/REPO-AthOS/kmag/package-kmag/usr/share/locale/hu/LC_MESSAGES/kmag.mo
-- Installing: /home/omen/GITHUB/PLASMA_WORLD/AthOS/REPO-AthOS/kmag/package-kmag/usr/share/locale/eo
-- Installing: /home/omen/GITHUB/PLASMA_WORLD/AthOS/REPO-AthOS/kmag/package-kmag/usr/share/locale/eo/LC_MESSAGES
-- Installing: /home/omen/GITHUB/PLASMA_WORLD/AthOS/REPO-AthOS/kmag/package-kmag/usr/share/locale/eo/LC_MESSAGES/kmag.mo
-- Installing: /home/omen/GITHUB/PLASMA_WORLD/AthOS/REPO-AthOS/kmag/package-kmag/usr/share/locale/bg
-- Installing: /home/omen/GITHUB/PLASMA_WORLD/AthOS/REPO-AthOS/kmag/package-kmag/usr/share/locale/bg/LC_MESSAGES
-- Installing: /home/omen/GITHUB/PLASMA_WORLD/AthOS/REPO-AthOS/kmag/package-kmag/usr/share/locale/bg/LC_MESSAGES/kmag.mo
-- Installing: /home/omen/GITHUB/PLASMA_WORLD/AthOS/REPO-AthOS/kmag/package-kmag/usr/share/locale/ga
-- Installing: /home/omen/GITHUB/PLASMA_WORLD/AthOS/REPO-AthOS/kmag/package-kmag/usr/share/locale/ga/LC_MESSAGES
-- Installing: /home/omen/GITHUB/PLASMA_WORLD/AthOS/REPO-AthOS/kmag/package-kmag/usr/share/locale/ga/LC_MESSAGES/kmag.mo
-- Installing: /home/omen/GITHUB/PLASMA_WORLD/AthOS/REPO-AthOS/kmag/package-kmag/usr/share/locale/br
-- Installing: /home/omen/GITHUB/PLASMA_WORLD/AthOS/REPO-AthOS/kmag/package-kmag/usr/share/locale/br/LC_MESSAGES
-- Installing: /home/omen/GITHUB/PLASMA_WORLD/AthOS/REPO-AthOS/kmag/package-kmag/usr/share/locale/br/LC_MESSAGES/kmag.mo
-- Installing: /home/omen/GITHUB/PLASMA_WORLD/AthOS/REPO-AthOS/kmag/package-kmag/usr/share/locale/ca
-- Installing: /home/omen/GITHUB/PLASMA_WORLD/AthOS/REPO-AthOS/kmag/package-kmag/usr/share/locale/ca/LC_MESSAGES
-- Installing: /home/omen/GITHUB/PLASMA_WORLD/AthOS/REPO-AthOS/kmag/package-kmag/usr/share/locale/ca/LC_MESSAGES/kmag.mo
-- Installing: /home/omen/GITHUB/PLASMA_WORLD/AthOS/REPO-AthOS/kmag/package-kmag/usr/share/locale/uk
-- Installing: /home/omen/GITHUB/PLASMA_WORLD/AthOS/REPO-AthOS/kmag/package-kmag/usr/share/locale/uk/LC_MESSAGES
-- Installing: /home/omen/GITHUB/PLASMA_WORLD/AthOS/REPO-AthOS/kmag/package-kmag/usr/share/locale/uk/LC_MESSAGES/kmag.mo
-- Installing: /home/omen/GITHUB/PLASMA_WORLD/AthOS/REPO-AthOS/kmag/package-kmag/usr/share/locale/ku
-- Installing: /home/omen/GITHUB/PLASMA_WORLD/AthOS/REPO-AthOS/kmag/package-kmag/usr/share/locale/ku/LC_MESSAGES
-- Installing: /home/omen/GITHUB/PLASMA_WORLD/AthOS/REPO-AthOS/kmag/package-kmag/usr/share/locale/ku/LC_MESSAGES/kmag.mo
-- Installing: /home/omen/GITHUB/PLASMA_WORLD/AthOS/REPO-AthOS/kmag/package-kmag/usr/share/locale/en_GB
-- Installing: /home/omen/GITHUB/PLASMA_WORLD/AthOS/REPO-AthOS/kmag/package-kmag/usr/share/locale/en_GB/LC_MESSAGES
-- Installing: /home/omen/GITHUB/PLASMA_WORLD/AthOS/REPO-AthOS/kmag/package-kmag/usr/share/locale/en_GB/LC_MESSAGES/kmag.mo
-- Installing: /home/omen/GITHUB/PLASMA_WORLD/AthOS/REPO-AthOS/kmag/package-kmag/usr/share/locale/zh_CN
-- Installing: /home/omen/GITHUB/PLASMA_WORLD/AthOS/REPO-AthOS/kmag/package-kmag/usr/share/locale/zh_CN/LC_MESSAGES
-- Installing: /home/omen/GITHUB/PLASMA_WORLD/AthOS/REPO-AthOS/kmag/package-kmag/usr/share/locale/zh_CN/LC_MESSAGES/kmag.mo
-- Installing: /home/omen/GITHUB/PLASMA_WORLD/AthOS/REPO-AthOS/kmag/package-kmag/usr/share/locale/nl
-- Installing: /home/omen/GITHUB/PLASMA_WORLD/AthOS/REPO-AthOS/kmag/package-kmag/usr/share/locale/nl/LC_MESSAGES
-- Installing: /home/omen/GITHUB/PLASMA_WORLD/AthOS/REPO-AthOS/kmag/package-kmag/usr/share/locale/nl/LC_MESSAGES/kmag.mo
-- Installing: /home/omen/GITHUB/PLASMA_WORLD/AthOS/REPO-AthOS/kmag/package-kmag/usr/share/locale/oc
-- Installing: /home/omen/GITHUB/PLASMA_WORLD/AthOS/REPO-AthOS/kmag/package-kmag/usr/share/locale/oc/LC_MESSAGES
-- Installing: /home/omen/GITHUB/PLASMA_WORLD/AthOS/REPO-AthOS/kmag/package-kmag/usr/share/locale/oc/LC_MESSAGES/kmag.mo
-- Installing: /home/omen/GITHUB/PLASMA_WORLD/AthOS/REPO-AthOS/kmag/package-kmag/usr/share/locale/sa
-- Installing: /home/omen/GITHUB/PLASMA_WORLD/AthOS/REPO-AthOS/kmag/package-kmag/usr/share/locale/sa/LC_MESSAGES
-- Installing: /home/omen/GITHUB/PLASMA_WORLD/AthOS/REPO-AthOS/kmag/package-kmag/usr/share/locale/sa/LC_MESSAGES/kmag.mo
-- Installing: /home/omen/GITHUB/PLASMA_WORLD/AthOS/REPO-AthOS/kmag/package-kmag/usr/share/locale/fi
-- Installing: /home/omen/GITHUB/PLASMA_WORLD/AthOS/REPO-AthOS/kmag/package-kmag/usr/share/locale/fi/LC_MESSAGES
-- Installing: /home/omen/GITHUB/PLASMA_WORLD/AthOS/REPO-AthOS/kmag/package-kmag/usr/share/locale/fi/LC_MESSAGES/kmag.mo
-- Installing: /home/omen/GITHUB/PLASMA_WORLD/AthOS/REPO-AthOS/kmag/package-kmag/usr/share/locale/ko
-- Installing: /home/omen/GITHUB/PLASMA_WORLD/AthOS/REPO-AthOS/kmag/package-kmag/usr/share/locale/ko/LC_MESSAGES
-- Installing: /home/omen/GITHUB/PLASMA_WORLD/AthOS/REPO-AthOS/kmag/package-kmag/usr/share/locale/ko/LC_MESSAGES/kmag.mo
-- Installing: /home/omen/GITHUB/PLASMA_WORLD/AthOS/REPO-AthOS/kmag/package-kmag/usr/share/locale/mk
-- Installing: /home/omen/GITHUB/PLASMA_WORLD/AthOS/REPO-AthOS/kmag/package-kmag/usr/share/locale/mk/LC_MESSAGES
-- Installing: /home/omen/GITHUB/PLASMA_WORLD/AthOS/REPO-AthOS/kmag/package-kmag/usr/share/locale/mk/LC_MESSAGES/kmag.mo
-- Installing: /home/omen/GITHUB/PLASMA_WORLD/AthOS/REPO-AthOS/kmag/package-kmag/usr/share/locale/ru
-- Installing: /home/omen/GITHUB/PLASMA_WORLD/AthOS/REPO-AthOS/kmag/package-kmag/usr/share/locale/ru/LC_MESSAGES
-- Installing: /home/omen/GITHUB/PLASMA_WORLD/AthOS/REPO-AthOS/kmag/package-kmag/usr/share/locale/ru/LC_MESSAGES/kmag.mo
-- Installing: /home/omen/GITHUB/PLASMA_WORLD/AthOS/REPO-AthOS/kmag/package-kmag/usr/share/locale/lv
-- Installing: /home/omen/GITHUB/PLASMA_WORLD/AthOS/REPO-AthOS/kmag/package-kmag/usr/share/locale/lv/LC_MESSAGES
-- Installing: /home/omen/GITHUB/PLASMA_WORLD/AthOS/REPO-AthOS/kmag/package-kmag/usr/share/locale/lv/LC_MESSAGES/kmag.mo
-- Installing: /home/omen/GITHUB/PLASMA_WORLD/AthOS/REPO-AthOS/kmag/package-kmag/usr/share/locale/ml
-- Installing: /home/omen/GITHUB/PLASMA_WORLD/AthOS/REPO-AthOS/kmag/package-kmag/usr/share/locale/ml/LC_MESSAGES
-- Installing: /home/omen/GITHUB/PLASMA_WORLD/AthOS/REPO-AthOS/kmag/package-kmag/usr/share/locale/ml/LC_MESSAGES/kmag.mo
-- Installing: /home/omen/GITHUB/PLASMA_WORLD/AthOS/REPO-AthOS/kmag/package-kmag/usr/share/locale/hne
-- Installing: /home/omen/GITHUB/PLASMA_WORLD/AthOS/REPO-AthOS/kmag/package-kmag/usr/share/locale/hne/LC_MESSAGES
-- Installing: /home/omen/GITHUB/PLASMA_WORLD/AthOS/REPO-AthOS/kmag/package-kmag/usr/share/locale/hne/LC_MESSAGES/kmag.mo
-- Installing: /home/omen/GITHUB/PLASMA_WORLD/AthOS/REPO-AthOS/kmag/package-kmag/usr/share/locale/ca@valencia
-- Installing: /home/omen/GITHUB/PLASMA_WORLD/AthOS/REPO-AthOS/kmag/package-kmag/usr/share/locale/ca@valencia/LC_MESSAGES
-- Installing: /home/omen/GITHUB/PLASMA_WORLD/AthOS/REPO-AthOS/kmag/package-kmag/usr/share/locale/ca@valencia/LC_MESSAGES/kmag.mo
-- Installing: /home/omen/GITHUB/PLASMA_WORLD/AthOS/REPO-AthOS/kmag/package-kmag/usr/share/locale/nb
-- Installing: /home/omen/GITHUB/PLASMA_WORLD/AthOS/REPO-AthOS/kmag/package-kmag/usr/share/locale/nb/LC_MESSAGES
-- Installing: /home/omen/GITHUB/PLASMA_WORLD/AthOS/REPO-AthOS/kmag/package-kmag/usr/share/locale/nb/LC_MESSAGES/kmag.mo
-- Installing: /home/omen/GITHUB/PLASMA_WORLD/AthOS/REPO-AthOS/kmag/package-kmag/usr/share/locale/es
-- Installing: /home/omen/GITHUB/PLASMA_WORLD/AthOS/REPO-AthOS/kmag/package-kmag/usr/share/locale/es/LC_MESSAGES
-- Installing: /home/omen/GITHUB/PLASMA_WORLD/AthOS/REPO-AthOS/kmag/package-kmag/usr/share/locale/es/LC_MESSAGES/kmag.mo
-- Installing: /home/omen/GITHUB/PLASMA_WORLD/AthOS/REPO-AthOS/kmag/package-kmag/usr/share/locale/eu
-- Installing: /home/omen/GITHUB/PLASMA_WORLD/AthOS/REPO-AthOS/kmag/package-kmag/usr/share/locale/eu/LC_MESSAGES
-- Installing: /home/omen/GITHUB/PLASMA_WORLD/AthOS/REPO-AthOS/kmag/package-kmag/usr/share/locale/eu/LC_MESSAGES/kmag.mo
-- Installing: /home/omen/GITHUB/PLASMA_WORLD/AthOS/REPO-AthOS/kmag/package-kmag/usr/share/locale/et
-- Installing: /home/omen/GITHUB/PLASMA_WORLD/AthOS/REPO-AthOS/kmag/package-kmag/usr/share/locale/et/LC_MESSAGES
-- Installing: /home/omen/GITHUB/PLASMA_WORLD/AthOS/REPO-AthOS/kmag/package-kmag/usr/share/locale/et/LC_MESSAGES/kmag.mo
-- Installing: /home/omen/GITHUB/PLASMA_WORLD/AthOS/REPO-AthOS/kmag/package-kmag/usr/share/locale/it
-- Installing: /home/omen/GITHUB/PLASMA_WORLD/AthOS/REPO-AthOS/kmag/package-kmag/usr/share/locale/it/LC_MESSAGES
-- Installing: /home/omen/GITHUB/PLASMA_WORLD/AthOS/REPO-AthOS/kmag/package-kmag/usr/share/locale/it/LC_MESSAGES/kmag.mo
-- Installing: /home/omen/GITHUB/PLASMA_WORLD/AthOS/REPO-AthOS/kmag/package-kmag/usr/share/locale/se
-- Installing: /home/omen/GITHUB/PLASMA_WORLD/AthOS/REPO-AthOS/kmag/package-kmag/usr/share/locale/se/LC_MESSAGES
-- Installing: /home/omen/GITHUB/PLASMA_WORLD/AthOS/REPO-AthOS/kmag/package-kmag/usr/share/locale/se/LC_MESSAGES/kmag.mo
-- Installing: /home/omen/GITHUB/PLASMA_WORLD/AthOS/REPO-AthOS/kmag/package-kmag/usr/share/locale/ar
-- Installing: /home/omen/GITHUB/PLASMA_WORLD/AthOS/REPO-AthOS/kmag/package-kmag/usr/share/locale/ar/LC_MESSAGES
-- Installing: /home/omen/GITHUB/PLASMA_WORLD/AthOS/REPO-AthOS/kmag/package-kmag/usr/share/locale/ar/LC_MESSAGES/kmag.mo
-- Installing: /home/omen/GITHUB/PLASMA_WORLD/AthOS/REPO-AthOS/kmag/package-kmag/usr/share/locale/sq
-- Installing: /home/omen/GITHUB/PLASMA_WORLD/AthOS/REPO-AthOS/kmag/package-kmag/usr/share/locale/sq/LC_MESSAGES
-- Installing: /home/omen/GITHUB/PLASMA_WORLD/AthOS/REPO-AthOS/kmag/package-kmag/usr/share/locale/sq/LC_MESSAGES/kmag.mo
-- Installing: /home/omen/GITHUB/PLASMA_WORLD/AthOS/REPO-AthOS/kmag/package-kmag/usr/share/locale/nds
-- Installing: /home/omen/GITHUB/PLASMA_WORLD/AthOS/REPO-AthOS/kmag/package-kmag/usr/share/locale/nds/LC_MESSAGES
-- Installing: /home/omen/GITHUB/PLASMA_WORLD/AthOS/REPO-AthOS/kmag/package-kmag/usr/share/locale/nds/LC_MESSAGES/kmag.mo
-- Installing: /home/omen/GITHUB/PLASMA_WORLD/AthOS/REPO-AthOS/kmag/package-kmag/usr/share/locale/mr
-- Installing: /home/omen/GITHUB/PLASMA_WORLD/AthOS/REPO-AthOS/kmag/package-kmag/usr/share/locale/mr/LC_MESSAGES
-- Installing: /home/omen/GITHUB/PLASMA_WORLD/AthOS/REPO-AthOS/kmag/package-kmag/usr/share/locale/mr/LC_MESSAGES/kmag.mo
-- Installing: /home/omen/GITHUB/PLASMA_WORLD/AthOS/REPO-AthOS/kmag/package-kmag/usr/share/locale/ug
-- Installing: /home/omen/GITHUB/PLASMA_WORLD/AthOS/REPO-AthOS/kmag/package-kmag/usr/share/locale/ug/LC_MESSAGES
-- Installing: /home/omen/GITHUB/PLASMA_WORLD/AthOS/REPO-AthOS/kmag/package-kmag/usr/share/locale/ug/LC_MESSAGES/kmag.mo
-- Installing: /home/omen/GITHUB/PLASMA_WORLD/AthOS/REPO-AthOS/kmag/package-kmag/usr/share/locale/sk
-- Installing: /home/omen/GITHUB/PLASMA_WORLD/AthOS/REPO-AthOS/kmag/package-kmag/usr/share/locale/sk/LC_MESSAGES
-- Installing: /home/omen/GITHUB/PLASMA_WORLD/AthOS/REPO-AthOS/kmag/package-kmag/usr/share/locale/sk/LC_MESSAGES/kmag.mo
-- Installing: /home/omen/GITHUB/PLASMA_WORLD/AthOS/REPO-AthOS/kmag/package-kmag/usr/share/locale/sv
-- Installing: /home/omen/GITHUB/PLASMA_WORLD/AthOS/REPO-AthOS/kmag/package-kmag/usr/share/locale/sv/LC_MESSAGES
-- Installing: /home/omen/GITHUB/PLASMA_WORLD/AthOS/REPO-AthOS/kmag/package-kmag/usr/share/locale/sv/LC_MESSAGES/kmag.mo
The main part of source code is ready. We are moving on to preparing post install scripts, docs, license, man pages etc..
cp: cannot stat 'AUTHORS': No such file or directory
cp: cannot stat 'COPYING': No such file or directory
cp: cannot stat 'CREDITS': No such file or directory
cp: cannot stat 'LICENSE': No such file or directory
cp: cannot stat 'MAINTAINERS': No such file or directory
cp: cannot stat 'NEWS': No such file or directory
cp: cannot stat 'docs': No such file or directory
cp: cannot stat 'DOCS': No such file or directory
grep: /home/omen/GITHUB/PLASMA_WORLD/AthOS/REPO-AthOS/kmag/kmag.info: No such file or directory
extra-cmake-modules
kdoctools
ki18n
kio
kxmlgui
Packaging compiled for slackware installation...
MAKEPKG_FLAGS is empty or unset, using default

Slackware package maker, version 3.14159265.

Searching for symbolic links:

No symbolic links were found, so we won't make an installation script.
You can make your own later in ./install/doinst.sh and rebuild the
package if you like.

This next step is optional - you can set the directories in your package
to some sane permissions. If any of the directories in your package have
special permissions, then DO NOT reset them here!

Would you like to reset all directory permissions to 755 (drwxr-xr-x) and
directory ownerships to root:root ([y]es, [n]o)? n


Creating Slackware package:  /tmp/kmag/kmag-25.04.1-x86_64-1_rtz.tlz

./
install/
install/doinst.sh
install/slack-desc
usr/
usr/bin/
usr/bin/kmag
usr/doc/
usr/doc/kmag-25.04.1/
usr/doc/kmag-25.04.1/ChangeLog
usr/doc/kmag-25.04.1/README.md
usr/doc/kmag-25.04.1/kmag.ini
usr/doc/kmag-25.04.1/slack-required
usr/man/
usr/man/ca/
usr/man/ca/man1/
usr/man/ca/man1/kmag.1.gz
usr/man/de/
usr/man/de/man1/
usr/man/de/man1/kmag.1.gz
usr/man/es/
usr/man/es/man1/
usr/man/es/man1/kmag.1.gz
usr/man/et/
usr/man/et/man1/
usr/man/et/man1/kmag.1.gz
usr/man/fr/
usr/man/fr/man1/
usr/man/fr/man1/kmag.1.gz
usr/man/it/
usr/man/it/man1/
usr/man/it/man1/kmag.1.gz
usr/man/man1/
usr/man/man1/kmag.1.gz
usr/man/nl/
usr/man/nl/man1/
usr/man/nl/man1/kmag.1.gz
usr/man/pt/
usr/man/pt/man1/
usr/man/pt/man1/kmag.1.gz
usr/man/pt_BR/
usr/man/pt_BR/man1/
usr/man/pt_BR/man1/kmag.1.gz
usr/man/ru/
usr/man/ru/man1/
usr/man/ru/man1/kmag.1.gz
usr/man/sl/
usr/man/sl/man1/
usr/man/sl/man1/kmag.1.gz
usr/man/sv/
usr/man/sv/man1/
usr/man/sv/man1/kmag.1.gz
usr/man/uk/
usr/man/uk/man1/
usr/man/uk/man1/kmag.1.gz
usr/share/
usr/share/applications/
usr/share/applications/org.kde.kmag.desktop
usr/share/doc/
usr/share/doc/HTML/
usr/share/doc/HTML/ca/
usr/share/doc/HTML/ca/kmag/
usr/share/doc/HTML/ca/kmag/index.cache.bz2
usr/share/doc/HTML/ca/kmag/index.docbook
usr/share/doc/HTML/ca/kmag/screenshot.png
usr/share/doc/HTML/de/
usr/share/doc/HTML/de/kmag/
usr/share/doc/HTML/de/kmag/index.cache.bz2
usr/share/doc/HTML/de/kmag/index.docbook
usr/share/doc/HTML/de/kmag/screenshot.png
usr/share/doc/HTML/en/
usr/share/doc/HTML/en/kmag/
usr/share/doc/HTML/en/kmag/index.cache.bz2
usr/share/doc/HTML/en/kmag/index.docbook
usr/share/doc/HTML/en/kmag/screenshot.png
usr/share/doc/HTML/es/
usr/share/doc/HTML/es/kmag/
usr/share/doc/HTML/es/kmag/index.cache.bz2
usr/share/doc/HTML/es/kmag/index.docbook
usr/share/doc/HTML/fr/
usr/share/doc/HTML/fr/kmag/
usr/share/doc/HTML/fr/kmag/index.cache.bz2
usr/share/doc/HTML/fr/kmag/index.docbook
usr/share/doc/HTML/fr/kmag/screenshot.png
usr/share/doc/HTML/it/
usr/share/doc/HTML/it/kmag/
usr/share/doc/HTML/it/kmag/index.cache.bz2
usr/share/doc/HTML/it/kmag/index.docbook
usr/share/doc/HTML/it/kmag/screenshot.png
usr/share/doc/HTML/ko/
usr/share/doc/HTML/ko/kmag/
usr/share/doc/HTML/ko/kmag/index.cache.bz2
usr/share/doc/HTML/ko/kmag/index.docbook
usr/share/doc/HTML/nl/
usr/share/doc/HTML/nl/kmag/
usr/share/doc/HTML/nl/kmag/index.cache.bz2
usr/share/doc/HTML/nl/kmag/index.docbook
usr/share/doc/HTML/nl/kmag/screenshot.png
usr/share/doc/HTML/pt/
usr/share/doc/HTML/pt/kmag/
usr/share/doc/HTML/pt/kmag/index.cache.bz2
usr/share/doc/HTML/pt/kmag/index.docbook
usr/share/doc/HTML/pt_BR/
usr/share/doc/HTML/pt_BR/kmag/
usr/share/doc/HTML/pt_BR/kmag/index.cache.bz2
usr/share/doc/HTML/pt_BR/kmag/index.docbook
usr/share/doc/HTML/pt_BR/kmag/screenshot.png
usr/share/doc/HTML/ru/
usr/share/doc/HTML/ru/kmag/
usr/share/doc/HTML/ru/kmag/index.cache.bz2
usr/share/doc/HTML/ru/kmag/index.docbook
usr/share/doc/HTML/sl/
usr/share/doc/HTML/sl/kmag/
usr/share/doc/HTML/sl/kmag/index.cache.bz2
usr/share/doc/HTML/sl/kmag/index.docbook
usr/share/doc/HTML/sv/
usr/share/doc/HTML/sv/kmag/
usr/share/doc/HTML/sv/kmag/index.cache.bz2
usr/share/doc/HTML/sv/kmag/index.docbook
usr/share/doc/HTML/sv/kmag/screenshot.png
usr/share/doc/HTML/uk/
usr/share/doc/HTML/uk/kmag/
usr/share/doc/HTML/uk/kmag/index.cache.bz2
usr/share/doc/HTML/uk/kmag/index.docbook
usr/share/doc/HTML/uk/kmag/screenshot.png
usr/share/icons/
usr/share/icons/hicolor/
usr/share/icons/hicolor/16x16/
usr/share/icons/hicolor/16x16/apps/
usr/share/icons/hicolor/16x16/apps/kmag.png
usr/share/icons/hicolor/32x32/
usr/share/icons/hicolor/32x32/apps/
usr/share/icons/hicolor/32x32/apps/kmag.png
usr/share/icons/hicolor/scalable/
usr/share/icons/hicolor/scalable/apps/
usr/share/icons/hicolor/scalable/apps/kmag.svg
usr/share/kmag/
usr/share/kmag/icons/
usr/share/kmag/icons/hicolor/
usr/share/kmag/icons/hicolor/16x16/
usr/share/kmag/icons/hicolor/16x16/actions/
usr/share/kmag/icons/hicolor/16x16/actions/followmouse.png
usr/share/kmag/icons/hicolor/16x16/actions/hidemouse.png
usr/share/kmag/icons/hicolor/16x16/actions/window.png
usr/share/locale/
usr/share/locale/ar/
usr/share/locale/ar/LC_MESSAGES/
usr/share/locale/ar/LC_MESSAGES/kmag.mo
usr/share/locale/ast/
usr/share/locale/ast/LC_MESSAGES/
usr/share/locale/ast/LC_MESSAGES/kmag.mo
usr/share/locale/be/
usr/share/locale/be/LC_MESSAGES/
usr/share/locale/be/LC_MESSAGES/kmag.mo
usr/share/locale/bg/
usr/share/locale/bg/LC_MESSAGES/
usr/share/locale/bg/LC_MESSAGES/kmag.mo
usr/share/locale/br/
usr/share/locale/br/LC_MESSAGES/
usr/share/locale/br/LC_MESSAGES/kmag.mo
usr/share/locale/bs/
usr/share/locale/bs/LC_MESSAGES/
usr/share/locale/bs/LC_MESSAGES/kmag.mo
usr/share/locale/ca/
usr/share/locale/ca/LC_MESSAGES/
usr/share/locale/ca/LC_MESSAGES/kmag.mo
usr/share/locale/ca@valencia/
usr/share/locale/ca@valencia/LC_MESSAGES/
usr/share/locale/ca@valencia/LC_MESSAGES/kmag.mo
usr/share/locale/cs/
usr/share/locale/cs/LC_MESSAGES/
usr/share/locale/cs/LC_MESSAGES/kmag.mo
usr/share/locale/cy/
usr/share/locale/cy/LC_MESSAGES/
usr/share/locale/cy/LC_MESSAGES/kmag.mo
usr/share/locale/da/
usr/share/locale/da/LC_MESSAGES/
usr/share/locale/da/LC_MESSAGES/kmag.mo
usr/share/locale/de/
usr/share/locale/de/LC_MESSAGES/
usr/share/locale/de/LC_MESSAGES/kmag.mo
usr/share/locale/el/
usr/share/locale/el/LC_MESSAGES/
usr/share/locale/el/LC_MESSAGES/kmag.mo
usr/share/locale/en_GB/
usr/share/locale/en_GB/LC_MESSAGES/
usr/share/locale/en_GB/LC_MESSAGES/kmag.mo
usr/share/locale/eo/
usr/share/locale/eo/LC_MESSAGES/
usr/share/locale/eo/LC_MESSAGES/kmag.mo
usr/share/locale/es/
usr/share/locale/es/LC_MESSAGES/
usr/share/locale/es/LC_MESSAGES/kmag.mo
usr/share/locale/et/
usr/share/locale/et/LC_MESSAGES/
usr/share/locale/et/LC_MESSAGES/kmag.mo
usr/share/locale/eu/
usr/share/locale/eu/LC_MESSAGES/
usr/share/locale/eu/LC_MESSAGES/kmag.mo
usr/share/locale/fa/
usr/share/locale/fa/LC_MESSAGES/
usr/share/locale/fa/LC_MESSAGES/kmag.mo
usr/share/locale/fi/
usr/share/locale/fi/LC_MESSAGES/
usr/share/locale/fi/LC_MESSAGES/kmag.mo
usr/share/locale/fr/
usr/share/locale/fr/LC_MESSAGES/
usr/share/locale/fr/LC_MESSAGES/kmag.mo
usr/share/locale/ga/
usr/share/locale/ga/LC_MESSAGES/
usr/share/locale/ga/LC_MESSAGES/kmag.mo
usr/share/locale/gl/
usr/share/locale/gl/LC_MESSAGES/
usr/share/locale/gl/LC_MESSAGES/kmag.mo
usr/share/locale/he/
usr/share/locale/he/LC_MESSAGES/
usr/share/locale/he/LC_MESSAGES/kmag.mo
usr/share/locale/hi/
usr/share/locale/hi/LC_MESSAGES/
usr/share/locale/hi/LC_MESSAGES/kmag.mo
usr/share/locale/hne/
usr/share/locale/hne/LC_MESSAGES/
usr/share/locale/hne/LC_MESSAGES/kmag.mo
usr/share/locale/hr/
usr/share/locale/hr/LC_MESSAGES/
usr/share/locale/hr/LC_MESSAGES/kmag.mo
usr/share/locale/hu/
usr/share/locale/hu/LC_MESSAGES/
usr/share/locale/hu/LC_MESSAGES/kmag.mo
usr/share/locale/ia/
usr/share/locale/ia/LC_MESSAGES/
usr/share/locale/ia/LC_MESSAGES/kmag.mo
usr/share/locale/is/
usr/share/locale/is/LC_MESSAGES/
usr/share/locale/is/LC_MESSAGES/kmag.mo
usr/share/locale/it/
usr/share/locale/it/LC_MESSAGES/
usr/share/locale/it/LC_MESSAGES/kmag.mo
usr/share/locale/ja/
usr/share/locale/ja/LC_MESSAGES/
usr/share/locale/ja/LC_MESSAGES/kmag.mo
usr/share/locale/ka/
usr/share/locale/ka/LC_MESSAGES/
usr/share/locale/ka/LC_MESSAGES/kmag.mo
usr/share/locale/kk/
usr/share/locale/kk/LC_MESSAGES/
usr/share/locale/kk/LC_MESSAGES/kmag.mo
usr/share/locale/km/
usr/share/locale/km/LC_MESSAGES/
usr/share/locale/km/LC_MESSAGES/kmag.mo
usr/share/locale/ko/
usr/share/locale/ko/LC_MESSAGES/
usr/share/locale/ko/LC_MESSAGES/kmag.mo
usr/share/locale/ku/
usr/share/locale/ku/LC_MESSAGES/
usr/share/locale/ku/LC_MESSAGES/kmag.mo
usr/share/locale/lt/
usr/share/locale/lt/LC_MESSAGES/
usr/share/locale/lt/LC_MESSAGES/kmag.mo
usr/share/locale/lv/
usr/share/locale/lv/LC_MESSAGES/
usr/share/locale/lv/LC_MESSAGES/kmag.mo
usr/share/locale/mk/
usr/share/locale/mk/LC_MESSAGES/
usr/share/locale/mk/LC_MESSAGES/kmag.mo
usr/share/locale/ml/
usr/share/locale/ml/LC_MESSAGES/
usr/share/locale/ml/LC_MESSAGES/kmag.mo
usr/share/locale/mr/
usr/share/locale/mr/LC_MESSAGES/
usr/share/locale/mr/LC_MESSAGES/kmag.mo
usr/share/locale/ms/
usr/share/locale/ms/LC_MESSAGES/
usr/share/locale/ms/LC_MESSAGES/kmag.mo
usr/share/locale/nb/
usr/share/locale/nb/LC_MESSAGES/
usr/share/locale/nb/LC_MESSAGES/kmag.mo
usr/share/locale/nds/
usr/share/locale/nds/LC_MESSAGES/
usr/share/locale/nds/LC_MESSAGES/kmag.mo
usr/share/locale/ne/
usr/share/locale/ne/LC_MESSAGES/
usr/share/locale/ne/LC_MESSAGES/kmag.mo
usr/share/locale/nl/
usr/share/locale/nl/LC_MESSAGES/
usr/share/locale/nl/LC_MESSAGES/kmag.mo
usr/share/locale/nn/
usr/share/locale/nn/LC_MESSAGES/
usr/share/locale/nn/LC_MESSAGES/kmag.mo
usr/share/locale/oc/
usr/share/locale/oc/LC_MESSAGES/
usr/share/locale/oc/LC_MESSAGES/kmag.mo
usr/share/locale/pa/
usr/share/locale/pa/LC_MESSAGES/
usr/share/locale/pa/LC_MESSAGES/kmag.mo
usr/share/locale/pl/
usr/share/locale/pl/LC_MESSAGES/
usr/share/locale/pl/LC_MESSAGES/kmag.mo
usr/share/locale/pt/
usr/share/locale/pt/LC_MESSAGES/
usr/share/locale/pt/LC_MESSAGES/kmag.mo
usr/share/locale/pt_BR/
usr/share/locale/pt_BR/LC_MESSAGES/
usr/share/locale/pt_BR/LC_MESSAGES/kmag.mo
usr/share/locale/ro/
usr/share/locale/ro/LC_MESSAGES/
usr/share/locale/ro/LC_MESSAGES/kmag.mo
usr/share/locale/ru/
usr/share/locale/ru/LC_MESSAGES/
usr/share/locale/ru/LC_MESSAGES/kmag.mo
usr/share/locale/sa/
usr/share/locale/sa/LC_MESSAGES/
usr/share/locale/sa/LC_MESSAGES/kmag.mo
usr/share/locale/se/
usr/share/locale/se/LC_MESSAGES/
usr/share/locale/se/LC_MESSAGES/kmag.mo
usr/share/locale/sk/
usr/share/locale/sk/LC_MESSAGES/
usr/share/locale/sk/LC_MESSAGES/kmag.mo
usr/share/locale/sl/
usr/share/locale/sl/LC_MESSAGES/
usr/share/locale/sl/LC_MESSAGES/kmag.mo
usr/share/locale/sq/
usr/share/locale/sq/LC_MESSAGES/
usr/share/locale/sq/LC_MESSAGES/kmag.mo
usr/share/locale/sr/
usr/share/locale/sr/LC_MESSAGES/
usr/share/locale/sr/LC_MESSAGES/kmag.mo
usr/share/locale/sr@ijekavian/
usr/share/locale/sr@ijekavian/LC_MESSAGES/
usr/share/locale/sr@ijekavian/LC_MESSAGES/kmag.mo
usr/share/locale/sr@ijekavianlatin/
usr/share/locale/sr@ijekavianlatin/LC_MESSAGES/
usr/share/locale/sr@ijekavianlatin/LC_MESSAGES/kmag.mo
usr/share/locale/sr@latin/
usr/share/locale/sr@latin/LC_MESSAGES/
usr/share/locale/sr@latin/LC_MESSAGES/kmag.mo
usr/share/locale/sv/
usr/share/locale/sv/LC_MESSAGES/
usr/share/locale/sv/LC_MESSAGES/kmag.mo
usr/share/locale/ta/
usr/share/locale/ta/LC_MESSAGES/
usr/share/locale/ta/LC_MESSAGES/kmag.mo
usr/share/locale/tg/
usr/share/locale/tg/LC_MESSAGES/
usr/share/locale/tg/LC_MESSAGES/kmag.mo
usr/share/locale/th/
usr/share/locale/th/LC_MESSAGES/
usr/share/locale/th/LC_MESSAGES/kmag.mo
usr/share/locale/tr/
usr/share/locale/tr/LC_MESSAGES/
usr/share/locale/tr/LC_MESSAGES/kmag.mo
usr/share/locale/ug/
usr/share/locale/ug/LC_MESSAGES/
usr/share/locale/ug/LC_MESSAGES/kmag.mo
usr/share/locale/uk/
usr/share/locale/uk/LC_MESSAGES/
usr/share/locale/uk/LC_MESSAGES/kmag.mo
usr/share/locale/vi/
usr/share/locale/vi/LC_MESSAGES/
usr/share/locale/vi/LC_MESSAGES/kmag.mo
usr/share/locale/zh_CN/
usr/share/locale/zh_CN/LC_MESSAGES/
usr/share/locale/zh_CN/LC_MESSAGES/kmag.mo
usr/share/locale/zh_TW/
usr/share/locale/zh_TW/LC_MESSAGES/
usr/share/locale/zh_TW/LC_MESSAGES/kmag.mo
usr/share/metainfo/
usr/share/metainfo/org.kde.kmag.metainfo.xml

Slackware package /tmp/kmag/kmag-25.04.1-x86_64-1_rtz.tlz created.

Create shared object file for kmag-25.04.1-x86_64-1_rtz.tlz
Creating /tmp/kmag/kmag-25.04.1-x86_64-1_rtz.tlz.so.file using /tmp/kmag/kmag-25.04.1-x86_64-1_rtz.tlz
Successfully created /tmp/kmag/kmag-25.04.1-x86_64-1_rtz.tlz.so.file
Packaging of executable and meta-data in kmag.tar.lz4 format.
/tmp/kmag /tmp/kmag
/tmp/kmag
BIN_NAME
README
kmag-25.04.1-x86_64-1_rtz.tlz
kmag-25.04.1-x86_64-1_rtz.tlz.md5
kmag-25.04.1-x86_64-1_rtz.tlz.so.file
kmag-25.04.1-x86_64-1_rtz.tlz.txt
kmag.dep
makepkg-kmag.log
kmag build finished. Procced to installation...

+===========================================================================================+
| Upgrading kmag-25.04.1-x86_64-1_rtz package using /tmp/kmag/kmag-25.04.1-x86_64-1_rtz.tlz |
+===========================================================================================+

Pre-installing package kmag-25.04.1-x86_64-1_rtz...
Removing package: kmag-25.04.1-x86_64-1_rtz-upgraded-2025-05-11,00:35:37
Installing package kmag-25.04.1-x86_64-1_rtz.tlz:
PACKAGE DESCRIPTION:
# kmag (A screen magnifier)
#
# A screen magnifier
#
# kde.org/applications/utilities/org.kde.kmag
Executing install script for kmag-25.04.1-x86_64-1_rtz.tlz.
Font directories:
	/usr/share/fonts
/usr/share/fonts: caching, new cache contents: 0 fonts, 11 dirs
/usr/share/fonts/100dpi: caching, new cache contents: 238 fonts, 0 dirs
/usr/share/fonts/75dpi: caching, new cache contents: 238 fonts, 0 dirs
/usr/share/fonts/OTF: caching, new cache contents: 124 fonts, 0 dirs
/usr/share/fonts/Speedo: caching, new cache contents: 0 fonts, 0 dirs
/usr/share/fonts/TTF: caching, new cache contents: 1132 fonts, 0 dirs
/usr/share/fonts/Type1: caching, new cache contents: 64 fonts, 0 dirs
/usr/share/fonts/cyrillic: caching, new cache contents: 0 fonts, 0 dirs
/usr/share/fonts/encodings: caching, new cache contents: 0 fonts, 1 dirs
/usr/share/fonts/encodings/large: caching, new cache contents: 0 fonts, 0 dirs
/usr/share/fonts/kanjistrokeorders: caching, new cache contents: 1 fonts, 0 dirs
/usr/share/fonts/misc: caching, new cache contents: 143 fonts, 0 dirs
/usr/share/fonts/util: caching, new cache contents: 0 fonts, 0 dirs
/var/cache/fontconfig: cleaning cache directory
/root/.cache/fontconfig: not cleaning non-existent cache directory
/root/.fontconfig: not cleaning non-existent cache directory
/usr/bin/fc-cache: succeeded
Package kmag-25.04.1-x86_64-1_rtz.tlz installed.
Package kmag-25.04.1-x86_64-1_rtz upgraded with new package /tmp/kmag/kmag-25.04.1-x86_64-1_rtz.tlz.
Cleaning environmet: Removing source code, and work-space...
rm: cannot remove 'kmag-25.04.1.tar.xz': No such file or directory
Build process completed in 0 minutes and 14 seconds.
