[32mStarting build process...[0m
Detected architecture: x86_64
No required dependencies specified.
No optional dependencies found.
Downloading source code tar.xz file
--2025-05-28 20:48:28--  https://download.kde.org/stable/release-service/25.04.1/src/kqtquickcharts-25.04.1.tar.xz
Resolving download.kde.org (download.kde.org)... 49.12.122.15, 2a01:4f8:242:53eb::4
Connecting to download.kde.org (download.kde.org)|49.12.122.15|:443... connected.
HTTP request sent, awaiting response... 302 Found
Location: https://ftp.cc.uoc.gr/mirrors/kde/stable/release-service/25.04.1/src/kqtquickcharts-25.04.1.tar.xz [following]
--2025-05-28 20:48:29--  https://ftp.cc.uoc.gr/mirrors/kde/stable/release-service/25.04.1/src/kqtquickcharts-25.04.1.tar.xz
Resolving ftp.cc.uoc.gr (ftp.cc.uoc.gr)... 147.52.159.50, 2001:648:2c00:6c08::2
Connecting to ftp.cc.uoc.gr (ftp.cc.uoc.gr)|147.52.159.50|:443... connected.
HTTP request sent, awaiting response... 200 OK
Length: 30852 (30K) [application/octet-stream]
Saving to: ‘kqtquickcharts-25.04.1.tar.xz’

     0K .......... .......... ..........                      100%  328M=0s

2025-05-28 20:48:29 (328 MB/s) - ‘kqtquickcharts-25.04.1.tar.xz’ saved [30852/30852]

Found file: kqtquickcharts-25.04.1.tar.xz
No checksum provided. Skipping checksum verification and proceeding...
Creating working directories and exporting source code in...
kqtquickcharts-25.04.1/
kqtquickcharts-25.04.1/README.md
kqtquickcharts-25.04.1/AUTHORS
kqtquickcharts-25.04.1/LICENSES/
kqtquickcharts-25.04.1/LICENSES/BSD-3-Clause.txt
kqtquickcharts-25.04.1/.gitlab-ci.yml
kqtquickcharts-25.04.1/logo.png
kqtquickcharts-25.04.1/KQtQuickChartsConfig.cmake.in
kqtquickcharts-25.04.1/.kde-ci.yml
kqtquickcharts-25.04.1/CMakeLists.txt
kqtquickcharts-25.04.1/COPYING
kqtquickcharts-25.04.1/src/
kqtquickcharts-25.04.1/src/xychartpoint.h
kqtquickcharts-25.04.1/src/chartmodel.cpp
kqtquickcharts-25.04.1/src/linechartbackgroundpainter.h
kqtquickcharts-25.04.1/src/chartmodel.h
kqtquickcharts-25.04.1/src/xychartpainter.cpp
kqtquickcharts-25.04.1/src/chartplugin.cpp
kqtquickcharts-25.04.1/src/chartforegroundpainter.cpp
kqtquickcharts-25.04.1/src/chartplugin.h
kqtquickcharts-25.04.1/src/xychartpoint.cpp
kqtquickcharts-25.04.1/src/dimension.h
kqtquickcharts-25.04.1/src/xychartcore.cpp
kqtquickcharts-25.04.1/src/chartforegroundpainter.h
kqtquickcharts-25.04.1/src/chartcore.cpp
kqtquickcharts-25.04.1/src/qml/
kqtquickcharts-25.04.1/src/qml/Label.qml
kqtquickcharts-25.04.1/src/qml/XYChart.qml
kqtquickcharts-25.04.1/src/qml/LineLabel.qml
kqtquickcharts-25.04.1/src/qml/qmldir
kqtquickcharts-25.04.1/src/qml/BarChart.qml
kqtquickcharts-25.04.1/src/qml/LineChart.qml
kqtquickcharts-25.04.1/src/qml/LegendItem.qml
kqtquickcharts-25.04.1/src/barchartsegment.cpp
kqtquickcharts-25.04.1/src/linechartcore.cpp
kqtquickcharts-25.04.1/src/barchartsegment.h
kqtquickcharts-25.04.1/src/record.cpp
kqtquickcharts-25.04.1/src/xychartbackgroundpainter.h
kqtquickcharts-25.04.1/src/dimension.cpp
kqtquickcharts-25.04.1/src/linechartpoint.h
kqtquickcharts-25.04.1/src/record.h
kqtquickcharts-25.04.1/src/linechartpainter.cpp
kqtquickcharts-25.04.1/src/barchartcore.cpp
kqtquickcharts-25.04.1/src/linechartpoint.cpp
kqtquickcharts-25.04.1/src/xychartpainter.h
kqtquickcharts-25.04.1/src/chartcore.h
kqtquickcharts-25.04.1/src/CMakeLists.txt
kqtquickcharts-25.04.1/src/xychartcore.h
kqtquickcharts-25.04.1/src/linechartcore.h
kqtquickcharts-25.04.1/src/linechartpainter.h
kqtquickcharts-25.04.1/src/xychartbackgroundpainter.cpp
kqtquickcharts-25.04.1/src/barchartcore.h
kqtquickcharts-25.04.1/src/linechartbackgroundpainter.cpp
kqtquickcharts-25.04.1/.gitignore
kqtquickcharts-25.04.1/demo/
kqtquickcharts-25.04.1/demo/dynamicdata/
kqtquickcharts-25.04.1/demo/dynamicdata/Chart.qml
kqtquickcharts-25.04.1/demo/dynamicdata/ValueEdit.qml
kqtquickcharts-25.04.1/demo/dynamicdata/main.qml
kqtquickcharts-25.04.1/demo/dynamicdata/ChartTableView.qml
kqtquickcharts-25.04.1/demo/xy/
kqtquickcharts-25.04.1/demo/xy/main.qml
kqtquickcharts-25.04.1/demo/minimal/
kqtquickcharts-25.04.1/demo/minimal/main.qml
/home/omen/GITHUB/Athos/AthOS/REPO-AthOS/kqtquickcharts/work
README or README.md already exists, skipping creation.
hm...lets continue and see what happens
CMake Deprecation Warning at CMakeLists.txt:1 (cmake_minimum_required):
  Compatibility with CMake < 3.10 will be removed from a future version of
  CMake.

  Update the VERSION argument <min> value.  Or, use the <min>...<max> syntax
  to tell CMake that the project requires at least <min> but has been updated
  to work with policies introduced by <max> or earlier.


-- The C compiler identification is GNU 14.3.0
-- The CXX compiler identification is GNU 14.3.0
-- Detecting C compiler ABI info
-- Detecting C compiler ABI info - done
-- Check for working C compiler: /usr/bin/cc - skipped
-- Detecting C compile features
-- Detecting C compile features - done
-- Detecting CXX compiler ABI info
-- Detecting CXX compiler ABI info - done
-- Check for working CXX compiler: /usr/bin/c++ - skipped
-- Detecting CXX compile features
-- Detecting CXX compile features - done
-- Installing in the same prefix as Qt, adopting their path scheme.
-- Looking for __GLIBC__
-- Looking for __GLIBC__ - found
-- Performing Test _OFFT_IS_64BIT
-- Performing Test _OFFT_IS_64BIT - Success
-- Performing Test HAVE_DATE_TIME
-- Performing Test HAVE_DATE_TIME - Success
-- The following REQUIRED packages have been found:

 * ECM (required version >= 1.1.0)
 * Qt5Network (required version >= 5.15.17)
 * Qt5Qml
 * Qt5QmlModels (required version >= 5.15.17)
 * Qt5Quick
 * Qt5Gui
 * Qt5 (required version >= 5.2.0)
 * Qt5Core

-- Configuring done (0.5s)
-- Generating done (0.0s)
CMake Warning:
  Manually-specified variables were not used by the project:

    CMAKE_INSTALL_DOCDIR


-- Build files have been written to: /home/omen/GITHUB/Athos/AthOS/REPO-AthOS/kqtquickcharts/work/kqtquickcharts-25.04.1/build
[1/19] Automatic MOC for target kqtquickcharts
[2/19] Building CXX object src/CMakeFiles/kqtquickcharts.dir/linechartcore.cpp.o
[3/19] Building CXX object src/CMakeFiles/kqtquickcharts.dir/dimension.cpp.o
[4/19] Building CXX object src/CMakeFiles/kqtquickcharts.dir/record.cpp.o
[5/19] Building CXX object src/CMakeFiles/kqtquickcharts.dir/chartcore.cpp.o
[6/19] Building CXX object src/CMakeFiles/kqtquickcharts.dir/xychartbackgroundpainter.cpp.o
[7/19] Building CXX object src/CMakeFiles/kqtquickcharts.dir/barchartcore.cpp.o
[8/19] Building CXX object src/CMakeFiles/kqtquickcharts.dir/chartmodel.cpp.o
[9/19] Building CXX object src/CMakeFiles/kqtquickcharts.dir/linechartpainter.cpp.o
[10/19] Building CXX object src/CMakeFiles/kqtquickcharts.dir/barchartsegment.cpp.o
[11/19] Building CXX object src/CMakeFiles/kqtquickcharts.dir/chartforegroundpainter.cpp.o
[12/19] Building CXX object src/CMakeFiles/kqtquickcharts.dir/xychartpainter.cpp.o
[13/19] Building CXX object src/CMakeFiles/kqtquickcharts.dir/linechartpoint.cpp.o
[14/19] Building CXX object src/CMakeFiles/kqtquickcharts.dir/linechartbackgroundpainter.cpp.o
[15/19] Building CXX object src/CMakeFiles/kqtquickcharts.dir/xychartpoint.cpp.o
[16/19] Building CXX object src/CMakeFiles/kqtquickcharts.dir/kqtquickcharts_autogen/mocs_compilation.cpp.o
[17/19] Building CXX object src/CMakeFiles/kqtquickcharts.dir/xychartcore.cpp.o
[18/19] Building CXX object src/CMakeFiles/kqtquickcharts.dir/chartplugin.cpp.o
[19/19] Linking CXX shared library src/libkqtquickcharts.so
-- Install configuration: "RelWithDebInfo"
-- Installing: /home/omen/GITHUB/Athos/AthOS/REPO-AthOS/kqtquickcharts/package-kqtquickcharts/usr/lib64/cmake/KQtQuickCharts/KQtQuickChartsConfig.cmake
-- Installing: /home/omen/GITHUB/Athos/AthOS/REPO-AthOS/kqtquickcharts/package-kqtquickcharts/usr/lib64/cmake/KQtQuickCharts/KQtQuickChartsVersion.cmake
-- Installing: /home/omen/GITHUB/Athos/AthOS/REPO-AthOS/kqtquickcharts/package-kqtquickcharts/usr/include/KF5/kqtquickcharts_version.h
-- Installing: /home/omen/GITHUB/Athos/AthOS/REPO-AthOS/kqtquickcharts/package-kqtquickcharts/usr/lib64/qt5/qml/org/kde/charts/libkqtquickcharts.so
-- Installing: /home/omen/GITHUB/Athos/AthOS/REPO-AthOS/kqtquickcharts/package-kqtquickcharts/usr/lib64/qt5/qml/org/kde/charts/qmldir
-- Installing: /home/omen/GITHUB/Athos/AthOS/REPO-AthOS/kqtquickcharts/package-kqtquickcharts/usr/lib64/qt5/qml/org/kde/charts/BarChart.qml
-- Installing: /home/omen/GITHUB/Athos/AthOS/REPO-AthOS/kqtquickcharts/package-kqtquickcharts/usr/lib64/qt5/qml/org/kde/charts/LineChart.qml
-- Installing: /home/omen/GITHUB/Athos/AthOS/REPO-AthOS/kqtquickcharts/package-kqtquickcharts/usr/lib64/qt5/qml/org/kde/charts/LegendItem.qml
-- Installing: /home/omen/GITHUB/Athos/AthOS/REPO-AthOS/kqtquickcharts/package-kqtquickcharts/usr/lib64/qt5/qml/org/kde/charts/LineLabel.qml
-- Installing: /home/omen/GITHUB/Athos/AthOS/REPO-AthOS/kqtquickcharts/package-kqtquickcharts/usr/lib64/qt5/qml/org/kde/charts/Label.qml
-- Installing: /home/omen/GITHUB/Athos/AthOS/REPO-AthOS/kqtquickcharts/package-kqtquickcharts/usr/lib64/qt5/qml/org/kde/charts/XYChart.qml
[32mThe main part of source code is ready. We are moving on to preparing post install scripts, docs, license, man pages etc..[0m
cp: cannot stat 'ChangeLog*': No such file or directory
cp: cannot stat 'CREDITS': No such file or directory
cp: cannot stat 'LICENSE': No such file or directory
cp: cannot stat 'MAINTAINERS': No such file or directory
cp: cannot stat 'NEWS': No such file or directory
cp: cannot stat 'docs': No such file or directory
cp: cannot stat 'DOCS': No such file or directory
grep: /home/omen/GITHUB/Athos/AthOS/REPO-AthOS/kqtquickcharts/kqtquickcharts.info: No such file or directory
[32mPackaging compiled for slackware installation...[0m
[32mMAKEPKG_FLAGS is empty or unset, using default[0m

Slackware package maker, version 3.14159265.

Searching for symbolic links:

No symbolic links were found, so we won't make an installation script.
You can make your own later in ./install/doinst.sh and rebuild the
package if you like.

This next step is optional - you can set the directories in your package
to some sane permissions. If any of the directories in your package have
special permissions, then DO NOT reset them here!

Would you like to reset all directory permissions to 755 (drwxr-xr-x) and
directory ownerships to root:root ([y]es, [n]o)? n


Creating Slackware package:  /tmp/kqtquickcharts/kqtquickcharts-25.04.1-x86_64-1_rtz.tlz

./
install/
install/doinst.sh
install/slack-desc
usr/
usr/doc/
usr/doc/kqtquickcharts-25.04.1/
usr/doc/kqtquickcharts-25.04.1/AUTHORS
usr/doc/kqtquickcharts-25.04.1/COPYING
usr/doc/kqtquickcharts-25.04.1/README.md
usr/doc/kqtquickcharts-25.04.1/kqtquickcharts.ini
usr/include/
usr/include/KF5/
usr/include/KF5/kqtquickcharts_version.h
usr/lib64/
usr/lib64/cmake/
usr/lib64/cmake/KQtQuickCharts/
usr/lib64/cmake/KQtQuickCharts/KQtQuickChartsConfig.cmake
usr/lib64/cmake/KQtQuickCharts/KQtQuickChartsVersion.cmake
usr/lib64/qt5/
usr/lib64/qt5/qml/
usr/lib64/qt5/qml/org/
usr/lib64/qt5/qml/org/kde/
usr/lib64/qt5/qml/org/kde/charts/
usr/lib64/qt5/qml/org/kde/charts/BarChart.qml
usr/lib64/qt5/qml/org/kde/charts/Label.qml
usr/lib64/qt5/qml/org/kde/charts/LegendItem.qml
usr/lib64/qt5/qml/org/kde/charts/LineChart.qml
usr/lib64/qt5/qml/org/kde/charts/LineLabel.qml
usr/lib64/qt5/qml/org/kde/charts/XYChart.qml
usr/lib64/qt5/qml/org/kde/charts/libkqtquickcharts.so
usr/lib64/qt5/qml/org/kde/charts/qmldir

Slackware package /tmp/kqtquickcharts/kqtquickcharts-25.04.1-x86_64-1_rtz.tlz created.

Create shared object file for kqtquickcharts-25.04.1-x86_64-1_rtz.tlz
Creating /tmp/kqtquickcharts/kqtquickcharts-25.04.1-x86_64-1_rtz.tlz.so.file using /tmp/kqtquickcharts/kqtquickcharts-25.04.1-x86_64-1_rtz.tlz
Successfully created /tmp/kqtquickcharts/kqtquickcharts-25.04.1-x86_64-1_rtz.tlz.so.file
Packaging of executable and meta-data in kqtquickcharts.tar.lz4 format.
/tmp/kqtquickcharts /tmp/kqtquickcharts
/tmp/kqtquickcharts
BIN_NAME
README
kqtquickcharts-25.04.1-x86_64-1_rtz.tlz
kqtquickcharts-25.04.1-x86_64-1_rtz.tlz.md5
kqtquickcharts-25.04.1-x86_64-1_rtz.tlz.so.file
kqtquickcharts-25.04.1-x86_64-1_rtz.tlz.txt
makepkg-kqtquickcharts.log
[32mkqtquickcharts build finished. Procced to installation...[0m

+=========================================================================================================================+
| Upgrading kqtquickcharts-25.04.1-x86_64-1_rtz package using /tmp/kqtquickcharts/kqtquickcharts-25.04.1-x86_64-1_rtz.tlz |
+=========================================================================================================================+

Pre-installing package kqtquickcharts-25.04.1-x86_64-1_rtz...
Removing package: kqtquickcharts-25.04.1-x86_64-1_rtz-upgraded-2025-05-28,20:48:33
Installing package kqtquickcharts-25.04.1-x86_64-1_rtz.tlz:
PACKAGE DESCRIPTION:
# kqtquickcharts (plugin)
#
# QtQuick plugin to render beautiful and interactive charts
#
# https://www.kde.org
Executing install script for kqtquickcharts-25.04.1-x86_64-1_rtz.tlz.
Font directories:
	/usr/share/fonts
/usr/share/fonts: caching, new cache contents: 0 fonts, 11 dirs
/usr/share/fonts/100dpi: caching, new cache contents: 238 fonts, 0 dirs
/usr/share/fonts/75dpi: caching, new cache contents: 238 fonts, 0 dirs
/usr/share/fonts/OTF: caching, new cache contents: 124 fonts, 0 dirs
/usr/share/fonts/Speedo: caching, new cache contents: 0 fonts, 0 dirs
/usr/share/fonts/TTF: caching, new cache contents: 1132 fonts, 0 dirs
/usr/share/fonts/Type1: caching, new cache contents: 64 fonts, 0 dirs
/usr/share/fonts/cyrillic: caching, new cache contents: 0 fonts, 0 dirs
/usr/share/fonts/encodings: caching, new cache contents: 0 fonts, 1 dirs
/usr/share/fonts/encodings/large: caching, new cache contents: 0 fonts, 0 dirs
/usr/share/fonts/kanjistrokeorders: caching, new cache contents: 1 fonts, 0 dirs
/usr/share/fonts/misc: caching, new cache contents: 143 fonts, 0 dirs
/usr/share/fonts/util: caching, new cache contents: 0 fonts, 0 dirs
/var/cache/fontconfig: cleaning cache directory
/root/.cache/fontconfig: not cleaning non-existent cache directory
/root/.fontconfig: not cleaning non-existent cache directory
/usr/bin/fc-cache: succeeded
Package kqtquickcharts-25.04.1-x86_64-1_rtz.tlz installed.
Package kqtquickcharts-25.04.1-x86_64-1_rtz upgraded with new package /tmp/kqtquickcharts/kqtquickcharts-25.04.1-x86_64-1_rtz.tlz.
[32mCleaning environmet: Removing source code, and work-space...[0m
rm: cannot remove 'kqtquickcharts-25.04.1.tar.xz': No such file or directory
