[32mStarting build process...[0m
Detected architecture: x86_64
No required dependencies specified.
No optional dependencies found.
Downloading source code tar.gz file
--2025-05-21 19:28:13--  https://git.sr.ht/~emersion/pyonji/refs/download/v0.1.0/pyonji-0.1.0.tar.gz
Resolving git.sr.ht (git.sr.ht)... 46.23.81.155, 2a03:6000:1813:1337::155
Connecting to git.sr.ht (git.sr.ht)|46.23.81.155|:443... connected.
HTTP request sent, awaiting response... 200 OK
Length: 29563 (29K) [application/x-tar]
Saving to: ‘pyonji-0.1.0.tar.gz’

     0K .......... .......... ........                        100% 13.3M=0.002s

2025-05-21 19:28:13 (13.3 MB/s) - ‘pyonji-0.1.0.tar.gz’ saved [29563/29563]

Found file: pyonji-0.1.0.tar.gz
No checksum provided. Skipping checksum verification and proceeding...
Creating working directories and exporting source code in...
pyonji-0.1.0/
pyonji-0.1.0/.b4-config
pyonji-0.1.0/.build.yml
pyonji-0.1.0/LICENSE
pyonji-0.1.0/README.md
pyonji-0.1.0/git.go
pyonji-0.1.0/go.mod
pyonji-0.1.0/go.sum
pyonji-0.1.0/init.go
pyonji-0.1.0/mailconfig/
pyonji-0.1.0/mailconfig/dns_srv.go
pyonji-0.1.0/mailconfig/guess.go
pyonji-0.1.0/mailconfig/mailconfig.go
pyonji-0.1.0/mailconfig/mozilla.go
pyonji-0.1.0/mailconfig/vendor.go
pyonji-0.1.0/main.go
pyonji-0.1.0/sendmail_cmd.go
pyonji-0.1.0/smtp.go
pyonji-0.1.0/submit.go
/home/omen/GITHUB/Athos/AthOS/REPO-AthOS/pyonji/work
README or README.md already exists, skipping creation.
hm...lets continue and see what happens
[32mThe main part of source code is ready. We are moving on to preparing post install scripts, docs, license, man pages etc..[0m
cp: cannot stat 'AUTHORS': No such file or directory
cp: cannot stat 'ChangeLog*': No such file or directory
cp: cannot stat 'COPYING': No such file or directory
cp: cannot stat 'CREDITS': No such file or directory
cp: cannot stat 'MAINTAINERS': No such file or directory
cp: cannot stat 'NEWS': No such file or directory
cp: cannot stat 'docs': No such file or directory
cp: cannot stat 'DOCS': No such file or directory
grep: /home/omen/GITHUB/Athos/AthOS/REPO-AthOS/pyonji/pyonji.info: No such file or directory
[32mPackaging compiled for slackware installation...[0m
[32mMAKEPKG_FLAGS is empty or unset, using default[0m

Slackware package maker, version 3.14159265.

Searching for symbolic links:

No symbolic links were found, so we won't make an installation script.
You can make your own later in ./install/doinst.sh and rebuild the
package if you like.

This next step is optional - you can set the directories in your package
to some sane permissions. If any of the directories in your package have
special permissions, then DO NOT reset them here!

Would you like to reset all directory permissions to 755 (drwxr-xr-x) and
directory ownerships to root:root ([y]es, [n]o)? n


Creating Slackware package:  /tmp/pyonji/pyonji-0.1.0-x86_64-1_rtz.tlz

./
install/
install/doinst.sh
install/slack-desc
usr/
usr/doc/
usr/doc/pyonji-0.1.0/
usr/doc/pyonji-0.1.0/LICENSE
usr/doc/pyonji-0.1.0/README.md
usr/doc/pyonji-0.1.0/pyonji.ini
usr/local/
usr/local/bin/
usr/local/bin/pyonji

Slackware package /tmp/pyonji/pyonji-0.1.0-x86_64-1_rtz.tlz created.

Create shared object file for pyonji-0.1.0-x86_64-1_rtz.tlz
Creating /tmp/pyonji/pyonji-0.1.0-x86_64-1_rtz.tlz.so.file using /tmp/pyonji/pyonji-0.1.0-x86_64-1_rtz.tlz
Successfully created /tmp/pyonji/pyonji-0.1.0-x86_64-1_rtz.tlz.so.file
Packaging of executable and meta-data in pyonji.tar.lz4 format.
/tmp/pyonji /tmp/pyonji
/tmp/pyonji
BIN_NAME
README
makepkg-pyonji.log
pyonji-0.1.0-x86_64-1_rtz.tlz
pyonji-0.1.0-x86_64-1_rtz.tlz.md5
pyonji-0.1.0-x86_64-1_rtz.tlz.so.file
pyonji-0.1.0-x86_64-1_rtz.tlz.txt
[32mpyonji build finished. Procced to installation...[0m

+=============================================================================================+
| Upgrading pyonji-0.1.0-x86_64-1_rtz package using /tmp/pyonji/pyonji-0.1.0-x86_64-1_rtz.tlz |
+=============================================================================================+

Pre-installing package pyonji-0.1.0-x86_64-1_rtz...
Removing package: pyonji-0.1.0-x86_64-1_rtz-upgraded-2025-05-21,19:28:22
Installing package pyonji-0.1.0-x86_64-1_rtz.tlz:
PACKAGE DESCRIPTION:
# pyonji (tool to send e-mail patches)
#
# An easy-to-use tool to send e-mail patches.
#
# https://sr.ht/~emersion/pyonji
Executing install script for pyonji-0.1.0-x86_64-1_rtz.tlz.
Font directories:
	/usr/share/fonts
/usr/share/fonts: caching, new cache contents: 0 fonts, 11 dirs
/usr/share/fonts/100dpi: caching, new cache contents: 238 fonts, 0 dirs
/usr/share/fonts/75dpi: caching, new cache contents: 238 fonts, 0 dirs
/usr/share/fonts/OTF: caching, new cache contents: 124 fonts, 0 dirs
/usr/share/fonts/Speedo: caching, new cache contents: 0 fonts, 0 dirs
/usr/share/fonts/TTF: caching, new cache contents: 1132 fonts, 0 dirs
/usr/share/fonts/Type1: caching, new cache contents: 64 fonts, 0 dirs
/usr/share/fonts/cyrillic: caching, new cache contents: 0 fonts, 0 dirs
/usr/share/fonts/encodings: caching, new cache contents: 0 fonts, 1 dirs
/usr/share/fonts/encodings/large: caching, new cache contents: 0 fonts, 0 dirs
/usr/share/fonts/kanjistrokeorders: caching, new cache contents: 1 fonts, 0 dirs
/usr/share/fonts/misc: caching, new cache contents: 143 fonts, 0 dirs
/usr/share/fonts/util: caching, new cache contents: 0 fonts, 0 dirs
/var/cache/fontconfig: cleaning cache directory
/root/.cache/fontconfig: not cleaning non-existent cache directory
/root/.fontconfig: not cleaning non-existent cache directory
/usr/bin/fc-cache: succeeded
Package pyonji-0.1.0-x86_64-1_rtz.tlz installed.
Package pyonji-0.1.0-x86_64-1_rtz upgraded with new package /tmp/pyonji/pyonji-0.1.0-x86_64-1_rtz.tlz.
[32mCleaning environmet: Removing source code, and work-space...[0m
rm: cannot remove 'pyonji-0.1.0.tar.gz': No such file or directory
