[32mStarting build process...[0m
Detected architecture: x86_64
No required dependencies specified.
No optional dependencies found.
Downloading source code tar.gz file
--2025-05-21 19:04:47--  https://github.com/jbeder/yaml-cpp/archive/0.8.0/yaml-cpp-0.8.0.tar.gz
Resolving github.com (github.com)... 140.82.121.4
Connecting to github.com (github.com)|140.82.121.4|:443... connected.
HTTP request sent, awaiting response... 302 Found
Location: https://codeload.github.com/jbeder/yaml-cpp/tar.gz/refs/tags/0.8.0 [following]
--2025-05-21 19:04:48--  https://codeload.github.com/jbeder/yaml-cpp/tar.gz/refs/tags/0.8.0
Resolving codeload.github.com (codeload.github.com)... 140.82.121.9
Connecting to codeload.github.com (codeload.github.com)|140.82.121.9|:443... connected.
HTTP request sent, awaiting response... 200 OK
Length: 1017151 (993K) [application/x-gzip]
Saving to: ‘yaml-cpp-0.8.0.tar.gz’

     0K .......... .......... .......... .......... ..........  5%  429K 2s
    50K .......... .......... .......... .......... .......... 10%  850K 2s
   100K .......... .......... .......... .......... .......... 15% 5.75M 1s
   150K .......... .......... .......... .......... .......... 20% 6.89M 1s
   200K .......... .......... .......... .......... .......... 25% 1005K 1s
   250K .......... .......... .......... .......... .......... 30% 5.06M 1s
   300K .......... .......... .......... .......... .......... 35% 6.65M 0s
   350K .......... .......... .......... .......... .......... 40%  366K 1s
   400K .......... .......... .......... .......... .......... 45%  148M 0s
   450K .......... .......... .......... .......... .......... 50%  155M 0s
   500K .......... .......... .......... .......... .......... 55%  146M 0s
   550K .......... .......... .......... .......... .......... 60%  145M 0s
   600K .......... .......... .......... .......... .......... 65%  154M 0s
   650K .......... .......... .......... .......... .......... 70%  154M 0s
   700K .......... .......... .......... .......... .......... 75%  252M 0s
   750K .......... .......... .......... .......... .......... 80%  245M 0s
   800K .......... .......... .......... .......... .......... 85%  256M 0s
   850K .......... .......... .......... .......... .......... 90% 2.17M 0s
   900K .......... .......... .......... .......... .......... 95% 3.72M 0s
   950K .......... .......... .......... .......... ...       100% 4.43M=0.4s

2025-05-21 19:04:49 (2.19 MB/s) - ‘yaml-cpp-0.8.0.tar.gz’ saved [1017151/1017151]

Found file: yaml-cpp-0.8.0.tar.gz
No checksum provided. Skipping checksum verification and proceeding...
Creating working directories and exporting source code in...
yaml-cpp-0.8.0/
yaml-cpp-0.8.0/.clang-format
yaml-cpp-0.8.0/.codedocs
yaml-cpp-0.8.0/.github/
yaml-cpp-0.8.0/.github/workflows/
yaml-cpp-0.8.0/.github/workflows/build.yml
yaml-cpp-0.8.0/.gitignore
yaml-cpp-0.8.0/BUILD.bazel
yaml-cpp-0.8.0/CMakeLists.txt
yaml-cpp-0.8.0/CONTRIBUTING.md
yaml-cpp-0.8.0/LICENSE
yaml-cpp-0.8.0/README.md
yaml-cpp-0.8.0/SECURITY.md
yaml-cpp-0.8.0/WORKSPACE
yaml-cpp-0.8.0/cmake_uninstall.cmake.in
yaml-cpp-0.8.0/docs/
yaml-cpp-0.8.0/docs/Breaking-Changes.md
yaml-cpp-0.8.0/docs/How-To-Emit-YAML.md
yaml-cpp-0.8.0/docs/How-To-Parse-A-Document-(Old-API).md
yaml-cpp-0.8.0/docs/Strings.md
yaml-cpp-0.8.0/docs/Tutorial.md
yaml-cpp-0.8.0/docs/_config.yml
yaml-cpp-0.8.0/docs/index.md
yaml-cpp-0.8.0/include/
yaml-cpp-0.8.0/include/yaml-cpp/
yaml-cpp-0.8.0/include/yaml-cpp/anchor.h
yaml-cpp-0.8.0/include/yaml-cpp/binary.h
yaml-cpp-0.8.0/include/yaml-cpp/contrib/
yaml-cpp-0.8.0/include/yaml-cpp/contrib/anchordict.h
yaml-cpp-0.8.0/include/yaml-cpp/contrib/graphbuilder.h
yaml-cpp-0.8.0/include/yaml-cpp/depthguard.h
yaml-cpp-0.8.0/include/yaml-cpp/dll.h
yaml-cpp-0.8.0/include/yaml-cpp/emitfromevents.h
yaml-cpp-0.8.0/include/yaml-cpp/emitter.h
yaml-cpp-0.8.0/include/yaml-cpp/emitterdef.h
yaml-cpp-0.8.0/include/yaml-cpp/emittermanip.h
yaml-cpp-0.8.0/include/yaml-cpp/emitterstyle.h
yaml-cpp-0.8.0/include/yaml-cpp/eventhandler.h
yaml-cpp-0.8.0/include/yaml-cpp/exceptions.h
yaml-cpp-0.8.0/include/yaml-cpp/mark.h
yaml-cpp-0.8.0/include/yaml-cpp/node/
yaml-cpp-0.8.0/include/yaml-cpp/node/convert.h
yaml-cpp-0.8.0/include/yaml-cpp/node/detail/
yaml-cpp-0.8.0/include/yaml-cpp/node/detail/impl.h
yaml-cpp-0.8.0/include/yaml-cpp/node/detail/iterator.h
yaml-cpp-0.8.0/include/yaml-cpp/node/detail/iterator_fwd.h
yaml-cpp-0.8.0/include/yaml-cpp/node/detail/memory.h
yaml-cpp-0.8.0/include/yaml-cpp/node/detail/node.h
yaml-cpp-0.8.0/include/yaml-cpp/node/detail/node_data.h
yaml-cpp-0.8.0/include/yaml-cpp/node/detail/node_iterator.h
yaml-cpp-0.8.0/include/yaml-cpp/node/detail/node_ref.h
yaml-cpp-0.8.0/include/yaml-cpp/node/emit.h
yaml-cpp-0.8.0/include/yaml-cpp/node/impl.h
yaml-cpp-0.8.0/include/yaml-cpp/node/iterator.h
yaml-cpp-0.8.0/include/yaml-cpp/node/node.h
yaml-cpp-0.8.0/include/yaml-cpp/node/parse.h
yaml-cpp-0.8.0/include/yaml-cpp/node/ptr.h
yaml-cpp-0.8.0/include/yaml-cpp/node/type.h
yaml-cpp-0.8.0/include/yaml-cpp/noexcept.h
yaml-cpp-0.8.0/include/yaml-cpp/null.h
yaml-cpp-0.8.0/include/yaml-cpp/ostream_wrapper.h
yaml-cpp-0.8.0/include/yaml-cpp/parser.h
yaml-cpp-0.8.0/include/yaml-cpp/stlemitter.h
yaml-cpp-0.8.0/include/yaml-cpp/traits.h
yaml-cpp-0.8.0/include/yaml-cpp/yaml.h
yaml-cpp-0.8.0/install.txt
yaml-cpp-0.8.0/src/
yaml-cpp-0.8.0/src/binary.cpp
yaml-cpp-0.8.0/src/collectionstack.h
yaml-cpp-0.8.0/src/contrib/
yaml-cpp-0.8.0/src/contrib/graphbuilder.cpp
yaml-cpp-0.8.0/src/contrib/graphbuilderadapter.cpp
yaml-cpp-0.8.0/src/contrib/graphbuilderadapter.h
yaml-cpp-0.8.0/src/contrib/yaml-cpp.natvis
yaml-cpp-0.8.0/src/contrib/yaml-cpp.natvis.md
yaml-cpp-0.8.0/src/convert.cpp
yaml-cpp-0.8.0/src/depthguard.cpp
yaml-cpp-0.8.0/src/directives.cpp
yaml-cpp-0.8.0/src/directives.h
yaml-cpp-0.8.0/src/emit.cpp
yaml-cpp-0.8.0/src/emitfromevents.cpp
yaml-cpp-0.8.0/src/emitter.cpp
yaml-cpp-0.8.0/src/emitterstate.cpp
yaml-cpp-0.8.0/src/emitterstate.h
yaml-cpp-0.8.0/src/emitterutils.cpp
yaml-cpp-0.8.0/src/emitterutils.h
yaml-cpp-0.8.0/src/exceptions.cpp
yaml-cpp-0.8.0/src/exp.cpp
yaml-cpp-0.8.0/src/exp.h
yaml-cpp-0.8.0/src/indentation.h
yaml-cpp-0.8.0/src/memory.cpp
yaml-cpp-0.8.0/src/node.cpp
yaml-cpp-0.8.0/src/node_data.cpp
yaml-cpp-0.8.0/src/nodebuilder.cpp
yaml-cpp-0.8.0/src/nodebuilder.h
yaml-cpp-0.8.0/src/nodeevents.cpp
yaml-cpp-0.8.0/src/nodeevents.h
yaml-cpp-0.8.0/src/null.cpp
yaml-cpp-0.8.0/src/ostream_wrapper.cpp
yaml-cpp-0.8.0/src/parse.cpp
yaml-cpp-0.8.0/src/parser.cpp
yaml-cpp-0.8.0/src/ptr_vector.h
yaml-cpp-0.8.0/src/regex_yaml.cpp
yaml-cpp-0.8.0/src/regex_yaml.h
yaml-cpp-0.8.0/src/regeximpl.h
yaml-cpp-0.8.0/src/scanner.cpp
yaml-cpp-0.8.0/src/scanner.h
yaml-cpp-0.8.0/src/scanscalar.cpp
yaml-cpp-0.8.0/src/scanscalar.h
yaml-cpp-0.8.0/src/scantag.cpp
yaml-cpp-0.8.0/src/scantag.h
yaml-cpp-0.8.0/src/scantoken.cpp
yaml-cpp-0.8.0/src/setting.h
yaml-cpp-0.8.0/src/simplekey.cpp
yaml-cpp-0.8.0/src/singledocparser.cpp
yaml-cpp-0.8.0/src/singledocparser.h
yaml-cpp-0.8.0/src/stream.cpp
yaml-cpp-0.8.0/src/stream.h
yaml-cpp-0.8.0/src/streamcharsource.h
yaml-cpp-0.8.0/src/stringsource.h
yaml-cpp-0.8.0/src/tag.cpp
yaml-cpp-0.8.0/src/tag.h
yaml-cpp-0.8.0/src/token.h
yaml-cpp-0.8.0/test/
yaml-cpp-0.8.0/test/BUILD.bazel
yaml-cpp-0.8.0/test/CMakeLists.txt
yaml-cpp-0.8.0/test/binary_test.cpp
yaml-cpp-0.8.0/test/create-emitter-tests.py
yaml-cpp-0.8.0/test/gtest-1.11.0/
yaml-cpp-0.8.0/test/gtest-1.11.0/.clang-format
yaml-cpp-0.8.0/test/gtest-1.11.0/.github/
yaml-cpp-0.8.0/test/gtest-1.11.0/.github/ISSUE_TEMPLATE/
yaml-cpp-0.8.0/test/gtest-1.11.0/.github/ISSUE_TEMPLATE/00-bug_report.md
yaml-cpp-0.8.0/test/gtest-1.11.0/.github/ISSUE_TEMPLATE/10-feature_request.md
yaml-cpp-0.8.0/test/gtest-1.11.0/.github/ISSUE_TEMPLATE/config.yml
yaml-cpp-0.8.0/test/gtest-1.11.0/.gitignore
yaml-cpp-0.8.0/test/gtest-1.11.0/BUILD.bazel
yaml-cpp-0.8.0/test/gtest-1.11.0/CMakeLists.txt
yaml-cpp-0.8.0/test/gtest-1.11.0/CONTRIBUTING.md
yaml-cpp-0.8.0/test/gtest-1.11.0/CONTRIBUTORS
yaml-cpp-0.8.0/test/gtest-1.11.0/LICENSE
yaml-cpp-0.8.0/test/gtest-1.11.0/README.md
yaml-cpp-0.8.0/test/gtest-1.11.0/WORKSPACE
yaml-cpp-0.8.0/test/gtest-1.11.0/ci/
yaml-cpp-0.8.0/test/gtest-1.11.0/ci/linux-presubmit.sh
yaml-cpp-0.8.0/test/gtest-1.11.0/ci/macos-presubmit.sh
yaml-cpp-0.8.0/test/gtest-1.11.0/docs/
yaml-cpp-0.8.0/test/gtest-1.11.0/docs/_config.yml
yaml-cpp-0.8.0/test/gtest-1.11.0/docs/_data/
yaml-cpp-0.8.0/test/gtest-1.11.0/docs/_data/navigation.yml
yaml-cpp-0.8.0/test/gtest-1.11.0/docs/_layouts/
yaml-cpp-0.8.0/test/gtest-1.11.0/docs/_layouts/default.html
yaml-cpp-0.8.0/test/gtest-1.11.0/docs/_sass/
yaml-cpp-0.8.0/test/gtest-1.11.0/docs/_sass/main.scss
yaml-cpp-0.8.0/test/gtest-1.11.0/docs/advanced.md
yaml-cpp-0.8.0/test/gtest-1.11.0/docs/assets/
yaml-cpp-0.8.0/test/gtest-1.11.0/docs/assets/css/
yaml-cpp-0.8.0/test/gtest-1.11.0/docs/assets/css/style.scss
yaml-cpp-0.8.0/test/gtest-1.11.0/docs/community_created_documentation.md
yaml-cpp-0.8.0/test/gtest-1.11.0/docs/faq.md
yaml-cpp-0.8.0/test/gtest-1.11.0/docs/gmock_cheat_sheet.md
yaml-cpp-0.8.0/test/gtest-1.11.0/docs/gmock_cook_book.md
yaml-cpp-0.8.0/test/gtest-1.11.0/docs/gmock_faq.md
yaml-cpp-0.8.0/test/gtest-1.11.0/docs/gmock_for_dummies.md
yaml-cpp-0.8.0/test/gtest-1.11.0/docs/index.md
yaml-cpp-0.8.0/test/gtest-1.11.0/docs/pkgconfig.md
yaml-cpp-0.8.0/test/gtest-1.11.0/docs/platforms.md
yaml-cpp-0.8.0/test/gtest-1.11.0/docs/primer.md
yaml-cpp-0.8.0/test/gtest-1.11.0/docs/quickstart-bazel.md
yaml-cpp-0.8.0/test/gtest-1.11.0/docs/quickstart-cmake.md
yaml-cpp-0.8.0/test/gtest-1.11.0/docs/reference/
yaml-cpp-0.8.0/test/gtest-1.11.0/docs/reference/actions.md
yaml-cpp-0.8.0/test/gtest-1.11.0/docs/reference/assertions.md
yaml-cpp-0.8.0/test/gtest-1.11.0/docs/reference/matchers.md
yaml-cpp-0.8.0/test/gtest-1.11.0/docs/reference/mocking.md
yaml-cpp-0.8.0/test/gtest-1.11.0/docs/reference/testing.md
yaml-cpp-0.8.0/test/gtest-1.11.0/docs/samples.md
yaml-cpp-0.8.0/test/gtest-1.11.0/googlemock/
yaml-cpp-0.8.0/test/gtest-1.11.0/googlemock/CMakeLists.txt
yaml-cpp-0.8.0/test/gtest-1.11.0/googlemock/README.md
yaml-cpp-0.8.0/test/gtest-1.11.0/googlemock/cmake/
yaml-cpp-0.8.0/test/gtest-1.11.0/googlemock/cmake/gmock.pc.in
yaml-cpp-0.8.0/test/gtest-1.11.0/googlemock/cmake/gmock_main.pc.in
yaml-cpp-0.8.0/test/gtest-1.11.0/googlemock/docs/
yaml-cpp-0.8.0/test/gtest-1.11.0/googlemock/docs/README.md
yaml-cpp-0.8.0/test/gtest-1.11.0/googlemock/include/
yaml-cpp-0.8.0/test/gtest-1.11.0/googlemock/include/gmock/
yaml-cpp-0.8.0/test/gtest-1.11.0/googlemock/include/gmock/gmock-actions.h
yaml-cpp-0.8.0/test/gtest-1.11.0/googlemock/include/gmock/gmock-cardinalities.h
yaml-cpp-0.8.0/test/gtest-1.11.0/googlemock/include/gmock/gmock-function-mocker.h
yaml-cpp-0.8.0/test/gtest-1.11.0/googlemock/include/gmock/gmock-matchers.h
yaml-cpp-0.8.0/test/gtest-1.11.0/googlemock/include/gmock/gmock-more-actions.h
yaml-cpp-0.8.0/test/gtest-1.11.0/googlemock/include/gmock/gmock-more-matchers.h
yaml-cpp-0.8.0/test/gtest-1.11.0/googlemock/include/gmock/gmock-nice-strict.h
yaml-cpp-0.8.0/test/gtest-1.11.0/googlemock/include/gmock/gmock-spec-builders.h
yaml-cpp-0.8.0/test/gtest-1.11.0/googlemock/include/gmock/gmock.h
yaml-cpp-0.8.0/test/gtest-1.11.0/googlemock/include/gmock/internal/
yaml-cpp-0.8.0/test/gtest-1.11.0/googlemock/include/gmock/internal/custom/
yaml-cpp-0.8.0/test/gtest-1.11.0/googlemock/include/gmock/internal/custom/README.md
yaml-cpp-0.8.0/test/gtest-1.11.0/googlemock/include/gmock/internal/custom/gmock-generated-actions.h
yaml-cpp-0.8.0/test/gtest-1.11.0/googlemock/include/gmock/internal/custom/gmock-matchers.h
yaml-cpp-0.8.0/test/gtest-1.11.0/googlemock/include/gmock/internal/custom/gmock-port.h
yaml-cpp-0.8.0/test/gtest-1.11.0/googlemock/include/gmock/internal/gmock-internal-utils.h
yaml-cpp-0.8.0/test/gtest-1.11.0/googlemock/include/gmock/internal/gmock-port.h
yaml-cpp-0.8.0/test/gtest-1.11.0/googlemock/include/gmock/internal/gmock-pp.h
yaml-cpp-0.8.0/test/gtest-1.11.0/googlemock/scripts/
yaml-cpp-0.8.0/test/gtest-1.11.0/googlemock/scripts/README.md
yaml-cpp-0.8.0/test/gtest-1.11.0/googlemock/scripts/fuse_gmock_files.py
yaml-cpp-0.8.0/test/gtest-1.11.0/googlemock/scripts/generator/
yaml-cpp-0.8.0/test/gtest-1.11.0/googlemock/scripts/generator/LICENSE
yaml-cpp-0.8.0/test/gtest-1.11.0/googlemock/scripts/generator/README
yaml-cpp-0.8.0/test/gtest-1.11.0/googlemock/scripts/generator/README.cppclean
yaml-cpp-0.8.0/test/gtest-1.11.0/googlemock/scripts/generator/cpp/
yaml-cpp-0.8.0/test/gtest-1.11.0/googlemock/scripts/generator/cpp/__init__.py
yaml-cpp-0.8.0/test/gtest-1.11.0/googlemock/scripts/generator/cpp/ast.py
yaml-cpp-0.8.0/test/gtest-1.11.0/googlemock/scripts/generator/cpp/gmock_class.py
yaml-cpp-0.8.0/test/gtest-1.11.0/googlemock/scripts/generator/cpp/gmock_class_test.py
yaml-cpp-0.8.0/test/gtest-1.11.0/googlemock/scripts/generator/cpp/keywords.py
yaml-cpp-0.8.0/test/gtest-1.11.0/googlemock/scripts/generator/cpp/tokenize.py
yaml-cpp-0.8.0/test/gtest-1.11.0/googlemock/scripts/generator/cpp/utils.py
yaml-cpp-0.8.0/test/gtest-1.11.0/googlemock/scripts/generator/gmock_gen.py
yaml-cpp-0.8.0/test/gtest-1.11.0/googlemock/src/
yaml-cpp-0.8.0/test/gtest-1.11.0/googlemock/src/gmock-all.cc
yaml-cpp-0.8.0/test/gtest-1.11.0/googlemock/src/gmock-cardinalities.cc
yaml-cpp-0.8.0/test/gtest-1.11.0/googlemock/src/gmock-internal-utils.cc
yaml-cpp-0.8.0/test/gtest-1.11.0/googlemock/src/gmock-matchers.cc
yaml-cpp-0.8.0/test/gtest-1.11.0/googlemock/src/gmock-spec-builders.cc
yaml-cpp-0.8.0/test/gtest-1.11.0/googlemock/src/gmock.cc
yaml-cpp-0.8.0/test/gtest-1.11.0/googlemock/src/gmock_main.cc
yaml-cpp-0.8.0/test/gtest-1.11.0/googlemock/test/
yaml-cpp-0.8.0/test/gtest-1.11.0/googlemock/test/BUILD.bazel
yaml-cpp-0.8.0/test/gtest-1.11.0/googlemock/test/gmock-actions_test.cc
yaml-cpp-0.8.0/test/gtest-1.11.0/googlemock/test/gmock-cardinalities_test.cc
yaml-cpp-0.8.0/test/gtest-1.11.0/googlemock/test/gmock-function-mocker_test.cc
yaml-cpp-0.8.0/test/gtest-1.11.0/googlemock/test/gmock-internal-utils_test.cc
yaml-cpp-0.8.0/test/gtest-1.11.0/googlemock/test/gmock-matchers_test.cc
yaml-cpp-0.8.0/test/gtest-1.11.0/googlemock/test/gmock-more-actions_test.cc
yaml-cpp-0.8.0/test/gtest-1.11.0/googlemock/test/gmock-nice-strict_test.cc
yaml-cpp-0.8.0/test/gtest-1.11.0/googlemock/test/gmock-port_test.cc
yaml-cpp-0.8.0/test/gtest-1.11.0/googlemock/test/gmock-pp-string_test.cc
yaml-cpp-0.8.0/test/gtest-1.11.0/googlemock/test/gmock-pp_test.cc
yaml-cpp-0.8.0/test/gtest-1.11.0/googlemock/test/gmock-spec-builders_test.cc
yaml-cpp-0.8.0/test/gtest-1.11.0/googlemock/test/gmock_all_test.cc
yaml-cpp-0.8.0/test/gtest-1.11.0/googlemock/test/gmock_ex_test.cc
yaml-cpp-0.8.0/test/gtest-1.11.0/googlemock/test/gmock_leak_test.py
yaml-cpp-0.8.0/test/gtest-1.11.0/googlemock/test/gmock_leak_test_.cc
yaml-cpp-0.8.0/test/gtest-1.11.0/googlemock/test/gmock_link2_test.cc
yaml-cpp-0.8.0/test/gtest-1.11.0/googlemock/test/gmock_link_test.cc
yaml-cpp-0.8.0/test/gtest-1.11.0/googlemock/test/gmock_link_test.h
yaml-cpp-0.8.0/test/gtest-1.11.0/googlemock/test/gmock_output_test.py
yaml-cpp-0.8.0/test/gtest-1.11.0/googlemock/test/gmock_output_test_.cc
yaml-cpp-0.8.0/test/gtest-1.11.0/googlemock/test/gmock_output_test_golden.txt
yaml-cpp-0.8.0/test/gtest-1.11.0/googlemock/test/gmock_stress_test.cc
yaml-cpp-0.8.0/test/gtest-1.11.0/googlemock/test/gmock_test.cc
yaml-cpp-0.8.0/test/gtest-1.11.0/googlemock/test/gmock_test_utils.py
yaml-cpp-0.8.0/test/gtest-1.11.0/googletest/
yaml-cpp-0.8.0/test/gtest-1.11.0/googletest/CMakeLists.txt
yaml-cpp-0.8.0/test/gtest-1.11.0/googletest/README.md
yaml-cpp-0.8.0/test/gtest-1.11.0/googletest/cmake/
yaml-cpp-0.8.0/test/gtest-1.11.0/googletest/cmake/Config.cmake.in
yaml-cpp-0.8.0/test/gtest-1.11.0/googletest/cmake/gtest.pc.in
yaml-cpp-0.8.0/test/gtest-1.11.0/googletest/cmake/gtest_main.pc.in
yaml-cpp-0.8.0/test/gtest-1.11.0/googletest/cmake/internal_utils.cmake
yaml-cpp-0.8.0/test/gtest-1.11.0/googletest/cmake/libgtest.la.in
yaml-cpp-0.8.0/test/gtest-1.11.0/googletest/docs/
yaml-cpp-0.8.0/test/gtest-1.11.0/googletest/docs/README.md
yaml-cpp-0.8.0/test/gtest-1.11.0/googletest/include/
yaml-cpp-0.8.0/test/gtest-1.11.0/googletest/include/gtest/
yaml-cpp-0.8.0/test/gtest-1.11.0/googletest/include/gtest/gtest-death-test.h
yaml-cpp-0.8.0/test/gtest-1.11.0/googletest/include/gtest/gtest-matchers.h
yaml-cpp-0.8.0/test/gtest-1.11.0/googletest/include/gtest/gtest-message.h
yaml-cpp-0.8.0/test/gtest-1.11.0/googletest/include/gtest/gtest-param-test.h
yaml-cpp-0.8.0/test/gtest-1.11.0/googletest/include/gtest/gtest-printers.h
yaml-cpp-0.8.0/test/gtest-1.11.0/googletest/include/gtest/gtest-spi.h
yaml-cpp-0.8.0/test/gtest-1.11.0/googletest/include/gtest/gtest-test-part.h
yaml-cpp-0.8.0/test/gtest-1.11.0/googletest/include/gtest/gtest-typed-test.h
yaml-cpp-0.8.0/test/gtest-1.11.0/googletest/include/gtest/gtest.h
yaml-cpp-0.8.0/test/gtest-1.11.0/googletest/include/gtest/gtest_pred_impl.h
yaml-cpp-0.8.0/test/gtest-1.11.0/googletest/include/gtest/gtest_prod.h
yaml-cpp-0.8.0/test/gtest-1.11.0/googletest/include/gtest/internal/
yaml-cpp-0.8.0/test/gtest-1.11.0/googletest/include/gtest/internal/custom/
yaml-cpp-0.8.0/test/gtest-1.11.0/googletest/include/gtest/internal/custom/README.md
yaml-cpp-0.8.0/test/gtest-1.11.0/googletest/include/gtest/internal/custom/gtest-port.h
yaml-cpp-0.8.0/test/gtest-1.11.0/googletest/include/gtest/internal/custom/gtest-printers.h
yaml-cpp-0.8.0/test/gtest-1.11.0/googletest/include/gtest/internal/custom/gtest.h
yaml-cpp-0.8.0/test/gtest-1.11.0/googletest/include/gtest/internal/gtest-death-test-internal.h
yaml-cpp-0.8.0/test/gtest-1.11.0/googletest/include/gtest/internal/gtest-filepath.h
yaml-cpp-0.8.0/test/gtest-1.11.0/googletest/include/gtest/internal/gtest-internal.h
yaml-cpp-0.8.0/test/gtest-1.11.0/googletest/include/gtest/internal/gtest-param-util.h
yaml-cpp-0.8.0/test/gtest-1.11.0/googletest/include/gtest/internal/gtest-port-arch.h
yaml-cpp-0.8.0/test/gtest-1.11.0/googletest/include/gtest/internal/gtest-port.h
yaml-cpp-0.8.0/test/gtest-1.11.0/googletest/include/gtest/internal/gtest-string.h
yaml-cpp-0.8.0/test/gtest-1.11.0/googletest/include/gtest/internal/gtest-type-util.h
yaml-cpp-0.8.0/test/gtest-1.11.0/googletest/samples/
yaml-cpp-0.8.0/test/gtest-1.11.0/googletest/samples/prime_tables.h
yaml-cpp-0.8.0/test/gtest-1.11.0/googletest/samples/sample1.cc
yaml-cpp-0.8.0/test/gtest-1.11.0/googletest/samples/sample1.h
yaml-cpp-0.8.0/test/gtest-1.11.0/googletest/samples/sample10_unittest.cc
yaml-cpp-0.8.0/test/gtest-1.11.0/googletest/samples/sample1_unittest.cc
yaml-cpp-0.8.0/test/gtest-1.11.0/googletest/samples/sample2.cc
yaml-cpp-0.8.0/test/gtest-1.11.0/googletest/samples/sample2.h
yaml-cpp-0.8.0/test/gtest-1.11.0/googletest/samples/sample2_unittest.cc
yaml-cpp-0.8.0/test/gtest-1.11.0/googletest/samples/sample3-inl.h
yaml-cpp-0.8.0/test/gtest-1.11.0/googletest/samples/sample3_unittest.cc
yaml-cpp-0.8.0/test/gtest-1.11.0/googletest/samples/sample4.cc
yaml-cpp-0.8.0/test/gtest-1.11.0/googletest/samples/sample4.h
yaml-cpp-0.8.0/test/gtest-1.11.0/googletest/samples/sample4_unittest.cc
yaml-cpp-0.8.0/test/gtest-1.11.0/googletest/samples/sample5_unittest.cc
yaml-cpp-0.8.0/test/gtest-1.11.0/googletest/samples/sample6_unittest.cc
yaml-cpp-0.8.0/test/gtest-1.11.0/googletest/samples/sample7_unittest.cc
yaml-cpp-0.8.0/test/gtest-1.11.0/googletest/samples/sample8_unittest.cc
yaml-cpp-0.8.0/test/gtest-1.11.0/googletest/samples/sample9_unittest.cc
yaml-cpp-0.8.0/test/gtest-1.11.0/googletest/scripts/
yaml-cpp-0.8.0/test/gtest-1.11.0/googletest/scripts/README.md
yaml-cpp-0.8.0/test/gtest-1.11.0/googletest/scripts/common.py
yaml-cpp-0.8.0/test/gtest-1.11.0/googletest/scripts/fuse_gtest_files.py
yaml-cpp-0.8.0/test/gtest-1.11.0/googletest/scripts/gen_gtest_pred_impl.py
yaml-cpp-0.8.0/test/gtest-1.11.0/googletest/scripts/gtest-config.in
yaml-cpp-0.8.0/test/gtest-1.11.0/googletest/scripts/release_docs.py
yaml-cpp-0.8.0/test/gtest-1.11.0/googletest/scripts/run_with_path.py
yaml-cpp-0.8.0/test/gtest-1.11.0/googletest/scripts/upload.py
yaml-cpp-0.8.0/test/gtest-1.11.0/googletest/scripts/upload_gtest.py
yaml-cpp-0.8.0/test/gtest-1.11.0/googletest/src/
yaml-cpp-0.8.0/test/gtest-1.11.0/googletest/src/gtest-all.cc
yaml-cpp-0.8.0/test/gtest-1.11.0/googletest/src/gtest-death-test.cc
yaml-cpp-0.8.0/test/gtest-1.11.0/googletest/src/gtest-filepath.cc
yaml-cpp-0.8.0/test/gtest-1.11.0/googletest/src/gtest-internal-inl.h
yaml-cpp-0.8.0/test/gtest-1.11.0/googletest/src/gtest-matchers.cc
yaml-cpp-0.8.0/test/gtest-1.11.0/googletest/src/gtest-port.cc
yaml-cpp-0.8.0/test/gtest-1.11.0/googletest/src/gtest-printers.cc
yaml-cpp-0.8.0/test/gtest-1.11.0/googletest/src/gtest-test-part.cc
yaml-cpp-0.8.0/test/gtest-1.11.0/googletest/src/gtest-typed-test.cc
yaml-cpp-0.8.0/test/gtest-1.11.0/googletest/src/gtest.cc
yaml-cpp-0.8.0/test/gtest-1.11.0/googletest/src/gtest_main.cc
yaml-cpp-0.8.0/test/gtest-1.11.0/googletest/test/
yaml-cpp-0.8.0/test/gtest-1.11.0/googletest/test/BUILD.bazel
yaml-cpp-0.8.0/test/gtest-1.11.0/googletest/test/googletest-break-on-failure-unittest.py
yaml-cpp-0.8.0/test/gtest-1.11.0/googletest/test/googletest-break-on-failure-unittest_.cc
yaml-cpp-0.8.0/test/gtest-1.11.0/googletest/test/googletest-catch-exceptions-test.py
yaml-cpp-0.8.0/test/gtest-1.11.0/googletest/test/googletest-catch-exceptions-test_.cc
yaml-cpp-0.8.0/test/gtest-1.11.0/googletest/test/googletest-color-test.py
yaml-cpp-0.8.0/test/gtest-1.11.0/googletest/test/googletest-color-test_.cc
yaml-cpp-0.8.0/test/gtest-1.11.0/googletest/test/googletest-death-test-test.cc
yaml-cpp-0.8.0/test/gtest-1.11.0/googletest/test/googletest-death-test_ex_test.cc
yaml-cpp-0.8.0/test/gtest-1.11.0/googletest/test/googletest-env-var-test.py
yaml-cpp-0.8.0/test/gtest-1.11.0/googletest/test/googletest-env-var-test_.cc
yaml-cpp-0.8.0/test/gtest-1.11.0/googletest/test/googletest-failfast-unittest.py
yaml-cpp-0.8.0/test/gtest-1.11.0/googletest/test/googletest-failfast-unittest_.cc
yaml-cpp-0.8.0/test/gtest-1.11.0/googletest/test/googletest-filepath-test.cc
yaml-cpp-0.8.0/test/gtest-1.11.0/googletest/test/googletest-filter-unittest.py
yaml-cpp-0.8.0/test/gtest-1.11.0/googletest/test/googletest-filter-unittest_.cc
yaml-cpp-0.8.0/test/gtest-1.11.0/googletest/test/googletest-global-environment-unittest.py
yaml-cpp-0.8.0/test/gtest-1.11.0/googletest/test/googletest-global-environment-unittest_.cc
yaml-cpp-0.8.0/test/gtest-1.11.0/googletest/test/googletest-json-outfiles-test.py
yaml-cpp-0.8.0/test/gtest-1.11.0/googletest/test/googletest-json-output-unittest.py
yaml-cpp-0.8.0/test/gtest-1.11.0/googletest/test/googletest-list-tests-unittest.py
yaml-cpp-0.8.0/test/gtest-1.11.0/googletest/test/googletest-list-tests-unittest_.cc
yaml-cpp-0.8.0/test/gtest-1.11.0/googletest/test/googletest-listener-test.cc
yaml-cpp-0.8.0/test/gtest-1.11.0/googletest/test/googletest-message-test.cc
yaml-cpp-0.8.0/test/gtest-1.11.0/googletest/test/googletest-options-test.cc
yaml-cpp-0.8.0/test/gtest-1.11.0/googletest/test/googletest-output-test-golden-lin.txt
yaml-cpp-0.8.0/test/gtest-1.11.0/googletest/test/googletest-output-test.py
yaml-cpp-0.8.0/test/gtest-1.11.0/googletest/test/googletest-output-test_.cc
yaml-cpp-0.8.0/test/gtest-1.11.0/googletest/test/googletest-param-test-invalid-name1-test.py
yaml-cpp-0.8.0/test/gtest-1.11.0/googletest/test/googletest-param-test-invalid-name1-test_.cc
yaml-cpp-0.8.0/test/gtest-1.11.0/googletest/test/googletest-param-test-invalid-name2-test.py
yaml-cpp-0.8.0/test/gtest-1.11.0/googletest/test/googletest-param-test-invalid-name2-test_.cc
yaml-cpp-0.8.0/test/gtest-1.11.0/googletest/test/googletest-param-test-test.cc
yaml-cpp-0.8.0/test/gtest-1.11.0/googletest/test/googletest-param-test-test.h
yaml-cpp-0.8.0/test/gtest-1.11.0/googletest/test/googletest-param-test2-test.cc
yaml-cpp-0.8.0/test/gtest-1.11.0/googletest/test/googletest-port-test.cc
yaml-cpp-0.8.0/test/gtest-1.11.0/googletest/test/googletest-printers-test.cc
yaml-cpp-0.8.0/test/gtest-1.11.0/googletest/test/googletest-setuptestsuite-test.py
yaml-cpp-0.8.0/test/gtest-1.11.0/googletest/test/googletest-setuptestsuite-test_.cc
yaml-cpp-0.8.0/test/gtest-1.11.0/googletest/test/googletest-shuffle-test.py
yaml-cpp-0.8.0/test/gtest-1.11.0/googletest/test/googletest-shuffle-test_.cc
yaml-cpp-0.8.0/test/gtest-1.11.0/googletest/test/googletest-test-part-test.cc
yaml-cpp-0.8.0/test/gtest-1.11.0/googletest/test/googletest-throw-on-failure-test.py
yaml-cpp-0.8.0/test/gtest-1.11.0/googletest/test/googletest-throw-on-failure-test_.cc
yaml-cpp-0.8.0/test/gtest-1.11.0/googletest/test/googletest-uninitialized-test.py
yaml-cpp-0.8.0/test/gtest-1.11.0/googletest/test/googletest-uninitialized-test_.cc
yaml-cpp-0.8.0/test/gtest-1.11.0/googletest/test/gtest-typed-test2_test.cc
yaml-cpp-0.8.0/test/gtest-1.11.0/googletest/test/gtest-typed-test_test.cc
yaml-cpp-0.8.0/test/gtest-1.11.0/googletest/test/gtest-typed-test_test.h
yaml-cpp-0.8.0/test/gtest-1.11.0/googletest/test/gtest-unittest-api_test.cc
yaml-cpp-0.8.0/test/gtest-1.11.0/googletest/test/gtest_all_test.cc
yaml-cpp-0.8.0/test/gtest-1.11.0/googletest/test/gtest_assert_by_exception_test.cc
yaml-cpp-0.8.0/test/gtest-1.11.0/googletest/test/gtest_environment_test.cc
yaml-cpp-0.8.0/test/gtest-1.11.0/googletest/test/gtest_help_test.py
yaml-cpp-0.8.0/test/gtest-1.11.0/googletest/test/gtest_help_test_.cc
yaml-cpp-0.8.0/test/gtest-1.11.0/googletest/test/gtest_json_test_utils.py
yaml-cpp-0.8.0/test/gtest-1.11.0/googletest/test/gtest_list_output_unittest.py
yaml-cpp-0.8.0/test/gtest-1.11.0/googletest/test/gtest_list_output_unittest_.cc
yaml-cpp-0.8.0/test/gtest-1.11.0/googletest/test/gtest_main_unittest.cc
yaml-cpp-0.8.0/test/gtest-1.11.0/googletest/test/gtest_no_test_unittest.cc
yaml-cpp-0.8.0/test/gtest-1.11.0/googletest/test/gtest_pred_impl_unittest.cc
yaml-cpp-0.8.0/test/gtest-1.11.0/googletest/test/gtest_premature_exit_test.cc
yaml-cpp-0.8.0/test/gtest-1.11.0/googletest/test/gtest_prod_test.cc
yaml-cpp-0.8.0/test/gtest-1.11.0/googletest/test/gtest_repeat_test.cc
yaml-cpp-0.8.0/test/gtest-1.11.0/googletest/test/gtest_skip_check_output_test.py
yaml-cpp-0.8.0/test/gtest-1.11.0/googletest/test/gtest_skip_environment_check_output_test.py
yaml-cpp-0.8.0/test/gtest-1.11.0/googletest/test/gtest_skip_in_environment_setup_test.cc
yaml-cpp-0.8.0/test/gtest-1.11.0/googletest/test/gtest_skip_test.cc
yaml-cpp-0.8.0/test/gtest-1.11.0/googletest/test/gtest_sole_header_test.cc
yaml-cpp-0.8.0/test/gtest-1.11.0/googletest/test/gtest_stress_test.cc
yaml-cpp-0.8.0/test/gtest-1.11.0/googletest/test/gtest_test_macro_stack_footprint_test.cc
yaml-cpp-0.8.0/test/gtest-1.11.0/googletest/test/gtest_test_utils.py
yaml-cpp-0.8.0/test/gtest-1.11.0/googletest/test/gtest_testbridge_test.py
yaml-cpp-0.8.0/test/gtest-1.11.0/googletest/test/gtest_testbridge_test_.cc
yaml-cpp-0.8.0/test/gtest-1.11.0/googletest/test/gtest_throw_on_failure_ex_test.cc
yaml-cpp-0.8.0/test/gtest-1.11.0/googletest/test/gtest_unittest.cc
yaml-cpp-0.8.0/test/gtest-1.11.0/googletest/test/gtest_xml_outfile1_test_.cc
yaml-cpp-0.8.0/test/gtest-1.11.0/googletest/test/gtest_xml_outfile2_test_.cc
yaml-cpp-0.8.0/test/gtest-1.11.0/googletest/test/gtest_xml_outfiles_test.py
yaml-cpp-0.8.0/test/gtest-1.11.0/googletest/test/gtest_xml_output_unittest.py
yaml-cpp-0.8.0/test/gtest-1.11.0/googletest/test/gtest_xml_output_unittest_.cc
yaml-cpp-0.8.0/test/gtest-1.11.0/googletest/test/gtest_xml_test_utils.py
yaml-cpp-0.8.0/test/gtest-1.11.0/googletest/test/production.cc
yaml-cpp-0.8.0/test/gtest-1.11.0/googletest/test/production.h
yaml-cpp-0.8.0/test/gtest-1.11.0/library.json
yaml-cpp-0.8.0/test/handler_test.h
yaml-cpp-0.8.0/test/integration/
yaml-cpp-0.8.0/test/integration/emitter_test.cpp
yaml-cpp-0.8.0/test/integration/encoding_test.cpp
yaml-cpp-0.8.0/test/integration/error_messages_test.cpp
yaml-cpp-0.8.0/test/integration/gen_emitter_test.cpp
yaml-cpp-0.8.0/test/integration/handler_spec_test.cpp
yaml-cpp-0.8.0/test/integration/handler_test.cpp
yaml-cpp-0.8.0/test/integration/load_node_test.cpp
yaml-cpp-0.8.0/test/integration/node_spec_test.cpp
yaml-cpp-0.8.0/test/main.cpp
yaml-cpp-0.8.0/test/mock_event_handler.h
yaml-cpp-0.8.0/test/node/
yaml-cpp-0.8.0/test/node/node_test.cpp
yaml-cpp-0.8.0/test/ostream_wrapper_test.cpp
yaml-cpp-0.8.0/test/parser_test.cpp
yaml-cpp-0.8.0/test/regex_test.cpp
yaml-cpp-0.8.0/test/specexamples.h
yaml-cpp-0.8.0/util/
yaml-cpp-0.8.0/util/CMakeLists.txt
yaml-cpp-0.8.0/util/api.cpp
yaml-cpp-0.8.0/util/parse.cpp
yaml-cpp-0.8.0/util/read.cpp
yaml-cpp-0.8.0/util/sandbox.cpp
yaml-cpp-0.8.0/yaml-cpp-config.cmake.in
yaml-cpp-0.8.0/yaml-cpp.pc.in
/home/omen/GITHUB/Athos/AthOS/REPO-AthOS/yaml-cpp/work
README or README.md already exists, skipping creation.
hm...lets continue and see what happens
CMake Deprecation Warning at CMakeLists.txt:2 (cmake_minimum_required):
  Compatibility with CMake < 3.10 will be removed from a future version of
  CMake.

  Update the VERSION argument <min> value.  Or, use the <min>...<max> syntax
  to tell CMake that the project requires at least <min> but has been updated
  to work with policies introduced by <max> or earlier.


-- The CXX compiler identification is GNU 14.2.0
-- Detecting CXX compiler ABI info
-- Detecting CXX compiler ABI info - done
-- Check for working CXX compiler: /usr/bin/c++ - skipped
-- Detecting CXX compile features
-- Detecting CXX compile features - done
-- Performing Test CMAKE_HAVE_LIBC_PTHREAD
-- Performing Test CMAKE_HAVE_LIBC_PTHREAD - Success
-- Found Threads: TRUE
CMake Deprecation Warning at test/gtest-1.11.0/CMakeLists.txt:4 (cmake_minimum_required):
  Compatibility with CMake < 3.10 will be removed from a future version of
  CMake.

  Update the VERSION argument <min> value.  Or, use the <min>...<max> syntax
  to tell CMake that the project requires at least <min> but has been updated
  to work with policies introduced by <max> or earlier.


-- The C compiler identification is GNU 14.2.0
-- Detecting C compiler ABI info
-- Detecting C compiler ABI info - done
-- Check for working C compiler: /usr/bin/cc - skipped
-- Detecting C compile features
-- Detecting C compile features - done
CMake Deprecation Warning at test/gtest-1.11.0/googlemock/CMakeLists.txt:45 (cmake_minimum_required):
  Compatibility with CMake < 3.10 will be removed from a future version of
  CMake.

  Update the VERSION argument <min> value.  Or, use the <min>...<max> syntax
  to tell CMake that the project requires at least <min> but has been updated
  to work with policies introduced by <max> or earlier.


CMake Deprecation Warning at test/gtest-1.11.0/googletest/CMakeLists.txt:56 (cmake_minimum_required):
  Compatibility with CMake < 3.10 will be removed from a future version of
  CMake.

  Update the VERSION argument <min> value.  Or, use the <min>...<max> syntax
  to tell CMake that the project requires at least <min> but has been updated
  to work with policies introduced by <max> or earlier.


-- Found Python: /usr/bin/python3.12 (found version "3.12.10") found components: Interpreter
-- Configuring done (0.7s)
-- Generating done (0.0s)
-- Build files have been written to: /home/omen/GITHUB/Athos/AthOS/REPO-AthOS/yaml-cpp/work/yaml-cpp-0.8.0/build
Change Dir: '/home/omen/GITHUB/Athos/AthOS/REPO-AthOS/yaml-cpp/work/yaml-cpp-0.8.0/build'

Run Build Command(s): /usr/bin/ninja -v
[0/2] /usr/bin/cmake -P /home/omen/GITHUB/Athos/AthOS/REPO-AthOS/yaml-cpp/work/yaml-cpp-0.8.0/build/CMakeFiles/VerifyGlobs.cmake
[1/63] /usr/bin/c++ -Dyaml_cpp_EXPORTS -I/home/omen/GITHUB/Athos/AthOS/REPO-AthOS/yaml-cpp/work/yaml-cpp-0.8.0/include -I/home/omen/GITHUB/Athos/AthOS/REPO-AthOS/yaml-cpp/work/yaml-cpp-0.8.0/src -Os -DNDEBUG -std=gnu++11 -fPIC -Wall -Wextra -Wshadow -Weffc++ -Wno-long-long -pedantic -pedantic-errors -MD -MT CMakeFiles/yaml-cpp.dir/src/null.cpp.o -MF CMakeFiles/yaml-cpp.dir/src/null.cpp.o.d -o CMakeFiles/yaml-cpp.dir/src/null.cpp.o -c /home/omen/GITHUB/Athos/AthOS/REPO-AthOS/yaml-cpp/work/yaml-cpp-0.8.0/src/null.cpp
[2/63] /usr/bin/c++ -Dyaml_cpp_EXPORTS -I/home/omen/GITHUB/Athos/AthOS/REPO-AthOS/yaml-cpp/work/yaml-cpp-0.8.0/include -I/home/omen/GITHUB/Athos/AthOS/REPO-AthOS/yaml-cpp/work/yaml-cpp-0.8.0/src -Os -DNDEBUG -std=gnu++11 -fPIC -Wall -Wextra -Wshadow -Weffc++ -Wno-long-long -pedantic -pedantic-errors -MD -MT CMakeFiles/yaml-cpp.dir/src/directives.cpp.o -MF CMakeFiles/yaml-cpp.dir/src/directives.cpp.o.d -o CMakeFiles/yaml-cpp.dir/src/directives.cpp.o -c /home/omen/GITHUB/Athos/AthOS/REPO-AthOS/yaml-cpp/work/yaml-cpp-0.8.0/src/directives.cpp
[3/63] /usr/bin/c++ -Dyaml_cpp_EXPORTS -I/home/omen/GITHUB/Athos/AthOS/REPO-AthOS/yaml-cpp/work/yaml-cpp-0.8.0/include -I/home/omen/GITHUB/Athos/AthOS/REPO-AthOS/yaml-cpp/work/yaml-cpp-0.8.0/src -Os -DNDEBUG -std=gnu++11 -fPIC -Wall -Wextra -Wshadow -Weffc++ -Wno-long-long -pedantic -pedantic-errors -MD -MT CMakeFiles/yaml-cpp.dir/src/exceptions.cpp.o -MF CMakeFiles/yaml-cpp.dir/src/exceptions.cpp.o.d -o CMakeFiles/yaml-cpp.dir/src/exceptions.cpp.o -c /home/omen/GITHUB/Athos/AthOS/REPO-AthOS/yaml-cpp/work/yaml-cpp-0.8.0/src/exceptions.cpp
[4/63] /usr/bin/c++ -Dyaml_cpp_EXPORTS -I/home/omen/GITHUB/Athos/AthOS/REPO-AthOS/yaml-cpp/work/yaml-cpp-0.8.0/include -I/home/omen/GITHUB/Athos/AthOS/REPO-AthOS/yaml-cpp/work/yaml-cpp-0.8.0/src -Os -DNDEBUG -std=gnu++11 -fPIC -Wall -Wextra -Wshadow -Weffc++ -Wno-long-long -pedantic -pedantic-errors -MD -MT CMakeFiles/yaml-cpp.dir/src/node.cpp.o -MF CMakeFiles/yaml-cpp.dir/src/node.cpp.o.d -o CMakeFiles/yaml-cpp.dir/src/node.cpp.o -c /home/omen/GITHUB/Athos/AthOS/REPO-AthOS/yaml-cpp/work/yaml-cpp-0.8.0/src/node.cpp
[5/63] /usr/bin/c++ -Dyaml_cpp_EXPORTS -I/home/omen/GITHUB/Athos/AthOS/REPO-AthOS/yaml-cpp/work/yaml-cpp-0.8.0/include -I/home/omen/GITHUB/Athos/AthOS/REPO-AthOS/yaml-cpp/work/yaml-cpp-0.8.0/src -Os -DNDEBUG -std=gnu++11 -fPIC -Wall -Wextra -Wshadow -Weffc++ -Wno-long-long -pedantic -pedantic-errors -MD -MT CMakeFiles/yaml-cpp.dir/src/binary.cpp.o -MF CMakeFiles/yaml-cpp.dir/src/binary.cpp.o.d -o CMakeFiles/yaml-cpp.dir/src/binary.cpp.o -c /home/omen/GITHUB/Athos/AthOS/REPO-AthOS/yaml-cpp/work/yaml-cpp-0.8.0/src/binary.cpp
[6/63] /usr/bin/c++ -Dyaml_cpp_EXPORTS -I/home/omen/GITHUB/Athos/AthOS/REPO-AthOS/yaml-cpp/work/yaml-cpp-0.8.0/include -I/home/omen/GITHUB/Athos/AthOS/REPO-AthOS/yaml-cpp/work/yaml-cpp-0.8.0/src -Os -DNDEBUG -std=gnu++11 -fPIC -Wall -Wextra -Wshadow -Weffc++ -Wno-long-long -pedantic -pedantic-errors -MD -MT CMakeFiles/yaml-cpp.dir/src/depthguard.cpp.o -MF CMakeFiles/yaml-cpp.dir/src/depthguard.cpp.o.d -o CMakeFiles/yaml-cpp.dir/src/depthguard.cpp.o -c /home/omen/GITHUB/Athos/AthOS/REPO-AthOS/yaml-cpp/work/yaml-cpp-0.8.0/src/depthguard.cpp
[7/63] /usr/bin/c++ -Dyaml_cpp_EXPORTS -I/home/omen/GITHUB/Athos/AthOS/REPO-AthOS/yaml-cpp/work/yaml-cpp-0.8.0/include -I/home/omen/GITHUB/Athos/AthOS/REPO-AthOS/yaml-cpp/work/yaml-cpp-0.8.0/src -Os -DNDEBUG -std=gnu++11 -fPIC -Wall -Wextra -Wshadow -Weffc++ -Wno-long-long -pedantic -pedantic-errors -MD -MT CMakeFiles/yaml-cpp.dir/src/contrib/graphbuilder.cpp.o -MF CMakeFiles/yaml-cpp.dir/src/contrib/graphbuilder.cpp.o.d -o CMakeFiles/yaml-cpp.dir/src/contrib/graphbuilder.cpp.o -c /home/omen/GITHUB/Athos/AthOS/REPO-AthOS/yaml-cpp/work/yaml-cpp-0.8.0/src/contrib/graphbuilder.cpp
[8/63] /usr/bin/c++ -Dyaml_cpp_EXPORTS -I/home/omen/GITHUB/Athos/AthOS/REPO-AthOS/yaml-cpp/work/yaml-cpp-0.8.0/include -I/home/omen/GITHUB/Athos/AthOS/REPO-AthOS/yaml-cpp/work/yaml-cpp-0.8.0/src -Os -DNDEBUG -std=gnu++11 -fPIC -Wall -Wextra -Wshadow -Weffc++ -Wno-long-long -pedantic -pedantic-errors -MD -MT CMakeFiles/yaml-cpp.dir/src/ostream_wrapper.cpp.o -MF CMakeFiles/yaml-cpp.dir/src/ostream_wrapper.cpp.o.d -o CMakeFiles/yaml-cpp.dir/src/ostream_wrapper.cpp.o -c /home/omen/GITHUB/Athos/AthOS/REPO-AthOS/yaml-cpp/work/yaml-cpp-0.8.0/src/ostream_wrapper.cpp
[9/63] /usr/bin/c++ -Dyaml_cpp_EXPORTS -I/home/omen/GITHUB/Athos/AthOS/REPO-AthOS/yaml-cpp/work/yaml-cpp-0.8.0/include -I/home/omen/GITHUB/Athos/AthOS/REPO-AthOS/yaml-cpp/work/yaml-cpp-0.8.0/src -Os -DNDEBUG -std=gnu++11 -fPIC -Wall -Wextra -Wshadow -Weffc++ -Wno-long-long -pedantic -pedantic-errors -MD -MT CMakeFiles/yaml-cpp.dir/src/contrib/graphbuilderadapter.cpp.o -MF CMakeFiles/yaml-cpp.dir/src/contrib/graphbuilderadapter.cpp.o.d -o CMakeFiles/yaml-cpp.dir/src/contrib/graphbuilderadapter.cpp.o -c /home/omen/GITHUB/Athos/AthOS/REPO-AthOS/yaml-cpp/work/yaml-cpp-0.8.0/src/contrib/graphbuilderadapter.cpp
[10/63] /usr/bin/c++ -Dyaml_cpp_EXPORTS -I/home/omen/GITHUB/Athos/AthOS/REPO-AthOS/yaml-cpp/work/yaml-cpp-0.8.0/include -I/home/omen/GITHUB/Athos/AthOS/REPO-AthOS/yaml-cpp/work/yaml-cpp-0.8.0/src -Os -DNDEBUG -std=gnu++11 -fPIC -Wall -Wextra -Wshadow -Weffc++ -Wno-long-long -pedantic -pedantic-errors -MD -MT CMakeFiles/yaml-cpp.dir/src/emit.cpp.o -MF CMakeFiles/yaml-cpp.dir/src/emit.cpp.o.d -o CMakeFiles/yaml-cpp.dir/src/emit.cpp.o -c /home/omen/GITHUB/Athos/AthOS/REPO-AthOS/yaml-cpp/work/yaml-cpp-0.8.0/src/emit.cpp
[11/63] /usr/bin/c++ -Dyaml_cpp_EXPORTS -I/home/omen/GITHUB/Athos/AthOS/REPO-AthOS/yaml-cpp/work/yaml-cpp-0.8.0/include -I/home/omen/GITHUB/Athos/AthOS/REPO-AthOS/yaml-cpp/work/yaml-cpp-0.8.0/src -Os -DNDEBUG -std=gnu++11 -fPIC -Wall -Wextra -Wshadow -Weffc++ -Wno-long-long -pedantic -pedantic-errors -MD -MT CMakeFiles/yaml-cpp.dir/src/memory.cpp.o -MF CMakeFiles/yaml-cpp.dir/src/memory.cpp.o.d -o CMakeFiles/yaml-cpp.dir/src/memory.cpp.o -c /home/omen/GITHUB/Athos/AthOS/REPO-AthOS/yaml-cpp/work/yaml-cpp-0.8.0/src/memory.cpp
[12/63] /usr/bin/c++ -Dyaml_cpp_EXPORTS -I/home/omen/GITHUB/Athos/AthOS/REPO-AthOS/yaml-cpp/work/yaml-cpp-0.8.0/include -I/home/omen/GITHUB/Athos/AthOS/REPO-AthOS/yaml-cpp/work/yaml-cpp-0.8.0/src -Os -DNDEBUG -std=gnu++11 -fPIC -Wall -Wextra -Wshadow -Weffc++ -Wno-long-long -pedantic -pedantic-errors -MD -MT CMakeFiles/yaml-cpp.dir/src/exp.cpp.o -MF CMakeFiles/yaml-cpp.dir/src/exp.cpp.o.d -o CMakeFiles/yaml-cpp.dir/src/exp.cpp.o -c /home/omen/GITHUB/Athos/AthOS/REPO-AthOS/yaml-cpp/work/yaml-cpp-0.8.0/src/exp.cpp
[13/63] /usr/bin/c++ -Dyaml_cpp_EXPORTS -I/home/omen/GITHUB/Athos/AthOS/REPO-AthOS/yaml-cpp/work/yaml-cpp-0.8.0/include -I/home/omen/GITHUB/Athos/AthOS/REPO-AthOS/yaml-cpp/work/yaml-cpp-0.8.0/src -Os -DNDEBUG -std=gnu++11 -fPIC -Wall -Wextra -Wshadow -Weffc++ -Wno-long-long -pedantic -pedantic-errors -MD -MT CMakeFiles/yaml-cpp.dir/src/regex_yaml.cpp.o -MF CMakeFiles/yaml-cpp.dir/src/regex_yaml.cpp.o.d -o CMakeFiles/yaml-cpp.dir/src/regex_yaml.cpp.o -c /home/omen/GITHUB/Athos/AthOS/REPO-AthOS/yaml-cpp/work/yaml-cpp-0.8.0/src/regex_yaml.cpp
[14/63] /usr/bin/c++ -Dyaml_cpp_EXPORTS -I/home/omen/GITHUB/Athos/AthOS/REPO-AthOS/yaml-cpp/work/yaml-cpp-0.8.0/include -I/home/omen/GITHUB/Athos/AthOS/REPO-AthOS/yaml-cpp/work/yaml-cpp-0.8.0/src -Os -DNDEBUG -std=gnu++11 -fPIC -Wall -Wextra -Wshadow -Weffc++ -Wno-long-long -pedantic -pedantic-errors -MD -MT CMakeFiles/yaml-cpp.dir/src/node_data.cpp.o -MF CMakeFiles/yaml-cpp.dir/src/node_data.cpp.o.d -o CMakeFiles/yaml-cpp.dir/src/node_data.cpp.o -c /home/omen/GITHUB/Athos/AthOS/REPO-AthOS/yaml-cpp/work/yaml-cpp-0.8.0/src/node_data.cpp
[15/63] /usr/bin/c++ -Dyaml_cpp_EXPORTS -I/home/omen/GITHUB/Athos/AthOS/REPO-AthOS/yaml-cpp/work/yaml-cpp-0.8.0/include -I/home/omen/GITHUB/Athos/AthOS/REPO-AthOS/yaml-cpp/work/yaml-cpp-0.8.0/src -Os -DNDEBUG -std=gnu++11 -fPIC -Wall -Wextra -Wshadow -Weffc++ -Wno-long-long -pedantic -pedantic-errors -MD -MT CMakeFiles/yaml-cpp.dir/src/parse.cpp.o -MF CMakeFiles/yaml-cpp.dir/src/parse.cpp.o.d -o CMakeFiles/yaml-cpp.dir/src/parse.cpp.o -c /home/omen/GITHUB/Athos/AthOS/REPO-AthOS/yaml-cpp/work/yaml-cpp-0.8.0/src/parse.cpp
[16/63] /usr/bin/c++ -Dyaml_cpp_EXPORTS -I/home/omen/GITHUB/Athos/AthOS/REPO-AthOS/yaml-cpp/work/yaml-cpp-0.8.0/include -I/home/omen/GITHUB/Athos/AthOS/REPO-AthOS/yaml-cpp/work/yaml-cpp-0.8.0/src -Os -DNDEBUG -std=gnu++11 -fPIC -Wall -Wextra -Wshadow -Weffc++ -Wno-long-long -pedantic -pedantic-errors -MD -MT CMakeFiles/yaml-cpp.dir/src/nodebuilder.cpp.o -MF CMakeFiles/yaml-cpp.dir/src/nodebuilder.cpp.o.d -o CMakeFiles/yaml-cpp.dir/src/nodebuilder.cpp.o -c /home/omen/GITHUB/Athos/AthOS/REPO-AthOS/yaml-cpp/work/yaml-cpp-0.8.0/src/nodebuilder.cpp
[17/63] /usr/bin/c++ -Dyaml_cpp_EXPORTS -I/home/omen/GITHUB/Athos/AthOS/REPO-AthOS/yaml-cpp/work/yaml-cpp-0.8.0/include -I/home/omen/GITHUB/Athos/AthOS/REPO-AthOS/yaml-cpp/work/yaml-cpp-0.8.0/src -Os -DNDEBUG -std=gnu++11 -fPIC -Wall -Wextra -Wshadow -Weffc++ -Wno-long-long -pedantic -pedantic-errors -MD -MT CMakeFiles/yaml-cpp.dir/src/emitterstate.cpp.o -MF CMakeFiles/yaml-cpp.dir/src/emitterstate.cpp.o.d -o CMakeFiles/yaml-cpp.dir/src/emitterstate.cpp.o -c /home/omen/GITHUB/Athos/AthOS/REPO-AthOS/yaml-cpp/work/yaml-cpp-0.8.0/src/emitterstate.cpp
[18/63] /usr/bin/c++ -Dyaml_cpp_EXPORTS -I/home/omen/GITHUB/Athos/AthOS/REPO-AthOS/yaml-cpp/work/yaml-cpp-0.8.0/include -I/home/omen/GITHUB/Athos/AthOS/REPO-AthOS/yaml-cpp/work/yaml-cpp-0.8.0/src -Os -DNDEBUG -std=gnu++11 -fPIC -Wall -Wextra -Wshadow -Weffc++ -Wno-long-long -pedantic -pedantic-errors -MD -MT CMakeFiles/yaml-cpp.dir/src/emitfromevents.cpp.o -MF CMakeFiles/yaml-cpp.dir/src/emitfromevents.cpp.o.d -o CMakeFiles/yaml-cpp.dir/src/emitfromevents.cpp.o -c /home/omen/GITHUB/Athos/AthOS/REPO-AthOS/yaml-cpp/work/yaml-cpp-0.8.0/src/emitfromevents.cpp
[19/63] /usr/bin/c++ -Dyaml_cpp_EXPORTS -I/home/omen/GITHUB/Athos/AthOS/REPO-AthOS/yaml-cpp/work/yaml-cpp-0.8.0/include -I/home/omen/GITHUB/Athos/AthOS/REPO-AthOS/yaml-cpp/work/yaml-cpp-0.8.0/src -Os -DNDEBUG -std=gnu++11 -fPIC -Wall -Wextra -Wshadow -Weffc++ -Wno-long-long -pedantic -pedantic-errors -MD -MT CMakeFiles/yaml-cpp.dir/src/nodeevents.cpp.o -MF CMakeFiles/yaml-cpp.dir/src/nodeevents.cpp.o.d -o CMakeFiles/yaml-cpp.dir/src/nodeevents.cpp.o -c /home/omen/GITHUB/Athos/AthOS/REPO-AthOS/yaml-cpp/work/yaml-cpp-0.8.0/src/nodeevents.cpp
[20/63] /usr/bin/c++ -Dyaml_cpp_EXPORTS -I/home/omen/GITHUB/Athos/AthOS/REPO-AthOS/yaml-cpp/work/yaml-cpp-0.8.0/include -I/home/omen/GITHUB/Athos/AthOS/REPO-AthOS/yaml-cpp/work/yaml-cpp-0.8.0/src -Os -DNDEBUG -std=gnu++11 -fPIC -Wall -Wextra -Wshadow -Weffc++ -Wno-long-long -pedantic -pedantic-errors -MD -MT CMakeFiles/yaml-cpp.dir/src/scanscalar.cpp.o -MF CMakeFiles/yaml-cpp.dir/src/scanscalar.cpp.o.d -o CMakeFiles/yaml-cpp.dir/src/scanscalar.cpp.o -c /home/omen/GITHUB/Athos/AthOS/REPO-AthOS/yaml-cpp/work/yaml-cpp-0.8.0/src/scanscalar.cpp
[21/63] /usr/bin/c++ -Dyaml_cpp_EXPORTS -I/home/omen/GITHUB/Athos/AthOS/REPO-AthOS/yaml-cpp/work/yaml-cpp-0.8.0/include -I/home/omen/GITHUB/Athos/AthOS/REPO-AthOS/yaml-cpp/work/yaml-cpp-0.8.0/src -Os -DNDEBUG -std=gnu++11 -fPIC -Wall -Wextra -Wshadow -Weffc++ -Wno-long-long -pedantic -pedantic-errors -MD -MT CMakeFiles/yaml-cpp.dir/src/parser.cpp.o -MF CMakeFiles/yaml-cpp.dir/src/parser.cpp.o.d -o CMakeFiles/yaml-cpp.dir/src/parser.cpp.o -c /home/omen/GITHUB/Athos/AthOS/REPO-AthOS/yaml-cpp/work/yaml-cpp-0.8.0/src/parser.cpp
[22/63] /usr/bin/c++ -Dyaml_cpp_EXPORTS -I/home/omen/GITHUB/Athos/AthOS/REPO-AthOS/yaml-cpp/work/yaml-cpp-0.8.0/include -I/home/omen/GITHUB/Athos/AthOS/REPO-AthOS/yaml-cpp/work/yaml-cpp-0.8.0/src -Os -DNDEBUG -std=gnu++11 -fPIC -Wall -Wextra -Wshadow -Weffc++ -Wno-long-long -pedantic -pedantic-errors -MD -MT CMakeFiles/yaml-cpp.dir/src/emitterutils.cpp.o -MF CMakeFiles/yaml-cpp.dir/src/emitterutils.cpp.o.d -o CMakeFiles/yaml-cpp.dir/src/emitterutils.cpp.o -c /home/omen/GITHUB/Athos/AthOS/REPO-AthOS/yaml-cpp/work/yaml-cpp-0.8.0/src/emitterutils.cpp
[23/63] /usr/bin/c++ -Dyaml_cpp_EXPORTS -I/home/omen/GITHUB/Athos/AthOS/REPO-AthOS/yaml-cpp/work/yaml-cpp-0.8.0/include -I/home/omen/GITHUB/Athos/AthOS/REPO-AthOS/yaml-cpp/work/yaml-cpp-0.8.0/src -Os -DNDEBUG -std=gnu++11 -fPIC -Wall -Wextra -Wshadow -Weffc++ -Wno-long-long -pedantic -pedantic-errors -MD -MT CMakeFiles/yaml-cpp.dir/src/tag.cpp.o -MF CMakeFiles/yaml-cpp.dir/src/tag.cpp.o.d -o CMakeFiles/yaml-cpp.dir/src/tag.cpp.o -c /home/omen/GITHUB/Athos/AthOS/REPO-AthOS/yaml-cpp/work/yaml-cpp-0.8.0/src/tag.cpp
[24/63] /usr/bin/c++ -Dyaml_cpp_EXPORTS -I/home/omen/GITHUB/Athos/AthOS/REPO-AthOS/yaml-cpp/work/yaml-cpp-0.8.0/include -I/home/omen/GITHUB/Athos/AthOS/REPO-AthOS/yaml-cpp/work/yaml-cpp-0.8.0/src -Os -DNDEBUG -std=gnu++11 -fPIC -Wall -Wextra -Wshadow -Weffc++ -Wno-long-long -pedantic -pedantic-errors -MD -MT CMakeFiles/yaml-cpp.dir/src/scantag.cpp.o -MF CMakeFiles/yaml-cpp.dir/src/scantag.cpp.o.d -o CMakeFiles/yaml-cpp.dir/src/scantag.cpp.o -c /home/omen/GITHUB/Athos/AthOS/REPO-AthOS/yaml-cpp/work/yaml-cpp-0.8.0/src/scantag.cpp
[25/63] /usr/bin/c++ -Dyaml_cpp_EXPORTS -I/home/omen/GITHUB/Athos/AthOS/REPO-AthOS/yaml-cpp/work/yaml-cpp-0.8.0/include -I/home/omen/GITHUB/Athos/AthOS/REPO-AthOS/yaml-cpp/work/yaml-cpp-0.8.0/src -Os -DNDEBUG -std=gnu++11 -fPIC -Wall -Wextra -Wshadow -Weffc++ -Wno-long-long -pedantic -pedantic-errors -MD -MT CMakeFiles/yaml-cpp.dir/src/emitter.cpp.o -MF CMakeFiles/yaml-cpp.dir/src/emitter.cpp.o.d -o CMakeFiles/yaml-cpp.dir/src/emitter.cpp.o -c /home/omen/GITHUB/Athos/AthOS/REPO-AthOS/yaml-cpp/work/yaml-cpp-0.8.0/src/emitter.cpp
[26/63] /usr/bin/c++ -Dyaml_cpp_EXPORTS -I/home/omen/GITHUB/Athos/AthOS/REPO-AthOS/yaml-cpp/work/yaml-cpp-0.8.0/include -I/home/omen/GITHUB/Athos/AthOS/REPO-AthOS/yaml-cpp/work/yaml-cpp-0.8.0/src -Os -DNDEBUG -std=gnu++11 -fPIC -Wall -Wextra -Wshadow -Weffc++ -Wno-long-long -pedantic -pedantic-errors -MD -MT CMakeFiles/yaml-cpp.dir/src/stream.cpp.o -MF CMakeFiles/yaml-cpp.dir/src/stream.cpp.o.d -o CMakeFiles/yaml-cpp.dir/src/stream.cpp.o -c /home/omen/GITHUB/Athos/AthOS/REPO-AthOS/yaml-cpp/work/yaml-cpp-0.8.0/src/stream.cpp
[27/63] /usr/bin/c++ -Dyaml_cpp_EXPORTS -I/home/omen/GITHUB/Athos/AthOS/REPO-AthOS/yaml-cpp/work/yaml-cpp-0.8.0/include -I/home/omen/GITHUB/Athos/AthOS/REPO-AthOS/yaml-cpp/work/yaml-cpp-0.8.0/src -Os -DNDEBUG -std=gnu++11 -fPIC -Wall -Wextra -Wshadow -Weffc++ -Wno-long-long -pedantic -pedantic-errors -MD -MT CMakeFiles/yaml-cpp.dir/src/convert.cpp.o -MF CMakeFiles/yaml-cpp.dir/src/convert.cpp.o.d -o CMakeFiles/yaml-cpp.dir/src/convert.cpp.o -c /home/omen/GITHUB/Athos/AthOS/REPO-AthOS/yaml-cpp/work/yaml-cpp-0.8.0/src/convert.cpp
[28/63] /usr/bin/c++ -Dyaml_cpp_EXPORTS -I/home/omen/GITHUB/Athos/AthOS/REPO-AthOS/yaml-cpp/work/yaml-cpp-0.8.0/include -I/home/omen/GITHUB/Athos/AthOS/REPO-AthOS/yaml-cpp/work/yaml-cpp-0.8.0/src -Os -DNDEBUG -std=gnu++11 -fPIC -Wall -Wextra -Wshadow -Weffc++ -Wno-long-long -pedantic -pedantic-errors -MD -MT CMakeFiles/yaml-cpp.dir/src/simplekey.cpp.o -MF CMakeFiles/yaml-cpp.dir/src/simplekey.cpp.o.d -o CMakeFiles/yaml-cpp.dir/src/simplekey.cpp.o -c /home/omen/GITHUB/Athos/AthOS/REPO-AthOS/yaml-cpp/work/yaml-cpp-0.8.0/src/simplekey.cpp
[29/63] /usr/bin/c++ -Dyaml_cpp_EXPORTS -I/home/omen/GITHUB/Athos/AthOS/REPO-AthOS/yaml-cpp/work/yaml-cpp-0.8.0/include -I/home/omen/GITHUB/Athos/AthOS/REPO-AthOS/yaml-cpp/work/yaml-cpp-0.8.0/src -Os -DNDEBUG -std=gnu++11 -fPIC -Wall -Wextra -Wshadow -Weffc++ -Wno-long-long -pedantic -pedantic-errors -MD -MT CMakeFiles/yaml-cpp.dir/src/singledocparser.cpp.o -MF CMakeFiles/yaml-cpp.dir/src/singledocparser.cpp.o.d -o CMakeFiles/yaml-cpp.dir/src/singledocparser.cpp.o -c /home/omen/GITHUB/Athos/AthOS/REPO-AthOS/yaml-cpp/work/yaml-cpp-0.8.0/src/singledocparser.cpp
[30/63] /usr/bin/c++ -Dyaml_cpp_EXPORTS -I/home/omen/GITHUB/Athos/AthOS/REPO-AthOS/yaml-cpp/work/yaml-cpp-0.8.0/include -I/home/omen/GITHUB/Athos/AthOS/REPO-AthOS/yaml-cpp/work/yaml-cpp-0.8.0/src -Os -DNDEBUG -std=gnu++11 -fPIC -Wall -Wextra -Wshadow -Weffc++ -Wno-long-long -pedantic -pedantic-errors -MD -MT CMakeFiles/yaml-cpp.dir/src/scanner.cpp.o -MF CMakeFiles/yaml-cpp.dir/src/scanner.cpp.o.d -o CMakeFiles/yaml-cpp.dir/src/scanner.cpp.o -c /home/omen/GITHUB/Athos/AthOS/REPO-AthOS/yaml-cpp/work/yaml-cpp-0.8.0/src/scanner.cpp
[31/63] /usr/bin/c++ -Dyaml_cpp_EXPORTS -I/home/omen/GITHUB/Athos/AthOS/REPO-AthOS/yaml-cpp/work/yaml-cpp-0.8.0/include -I/home/omen/GITHUB/Athos/AthOS/REPO-AthOS/yaml-cpp/work/yaml-cpp-0.8.0/src -Os -DNDEBUG -std=gnu++11 -fPIC -Wall -Wextra -Wshadow -Weffc++ -Wno-long-long -pedantic -pedantic-errors -MD -MT CMakeFiles/yaml-cpp.dir/src/scantoken.cpp.o -MF CMakeFiles/yaml-cpp.dir/src/scantoken.cpp.o.d -o CMakeFiles/yaml-cpp.dir/src/scantoken.cpp.o -c /home/omen/GITHUB/Athos/AthOS/REPO-AthOS/yaml-cpp/work/yaml-cpp-0.8.0/src/scantoken.cpp
[32/63] /usr/bin/c++  -I/home/omen/GITHUB/Athos/AthOS/REPO-AthOS/yaml-cpp/work/yaml-cpp-0.8.0/test/integration -I/home/omen/GITHUB/Athos/AthOS/REPO-AthOS/yaml-cpp/work/yaml-cpp-0.8.0/test -I/home/omen/GITHUB/Athos/AthOS/REPO-AthOS/yaml-cpp/work/yaml-cpp-0.8.0/src -I/home/omen/GITHUB/Athos/AthOS/REPO-AthOS/yaml-cpp/work/yaml-cpp-0.8.0/include -isystem /home/omen/GITHUB/Athos/AthOS/REPO-AthOS/yaml-cpp/work/yaml-cpp-0.8.0/test/gtest-1.11.0/googletest/include -isystem /home/omen/GITHUB/Athos/AthOS/REPO-AthOS/yaml-cpp/work/yaml-cpp-0.8.0/test/gtest-1.11.0/googlemock/include -isystem /home/omen/GITHUB/Athos/AthOS/REPO-AthOS/yaml-cpp/work/yaml-cpp-0.8.0/test/gtest-1.11.0/googlemock -isystem /home/omen/GITHUB/Athos/AthOS/REPO-AthOS/yaml-cpp/work/yaml-cpp-0.8.0/test/gtest-1.11.0/googletest -Os -DNDEBUG -std=gnu++11 -Wno-variadic-macros -Wno-sign-compare -MD -MT test/CMakeFiles/yaml-cpp-tests.dir/binary_test.cpp.o -MF test/CMakeFiles/yaml-cpp-tests.dir/binary_test.cpp.o.d -o test/CMakeFiles/yaml-cpp-tests.dir/binary_test.cpp.o -c /home/omen/GITHUB/Athos/AthOS/REPO-AthOS/yaml-cpp/work/yaml-cpp-0.8.0/test/binary_test.cpp
[33/63] : && /usr/bin/c++ -fPIC -Os -DNDEBUG  -Wl,--dependency-file=CMakeFiles/yaml-cpp.dir/link.d -shared -Wl,-soname,libyaml-cpp.so.0.8 -o libyaml-cpp.so.0.8.0 CMakeFiles/yaml-cpp.dir/src/contrib/graphbuilder.cpp.o CMakeFiles/yaml-cpp.dir/src/contrib/graphbuilderadapter.cpp.o CMakeFiles/yaml-cpp.dir/src/binary.cpp.o CMakeFiles/yaml-cpp.dir/src/convert.cpp.o CMakeFiles/yaml-cpp.dir/src/depthguard.cpp.o CMakeFiles/yaml-cpp.dir/src/directives.cpp.o CMakeFiles/yaml-cpp.dir/src/emit.cpp.o CMakeFiles/yaml-cpp.dir/src/emitfromevents.cpp.o CMakeFiles/yaml-cpp.dir/src/emitter.cpp.o CMakeFiles/yaml-cpp.dir/src/emitterstate.cpp.o CMakeFiles/yaml-cpp.dir/src/emitterutils.cpp.o CMakeFiles/yaml-cpp.dir/src/exceptions.cpp.o CMakeFiles/yaml-cpp.dir/src/exp.cpp.o CMakeFiles/yaml-cpp.dir/src/memory.cpp.o CMakeFiles/yaml-cpp.dir/src/node.cpp.o CMakeFiles/yaml-cpp.dir/src/node_data.cpp.o CMakeFiles/yaml-cpp.dir/src/nodebuilder.cpp.o CMakeFiles/yaml-cpp.dir/src/nodeevents.cpp.o CMakeFiles/yaml-cpp.dir/src/null.cpp.o CMakeFiles/yaml-cpp.dir/src/ostream_wrapper.cpp.o CMakeFiles/yaml-cpp.dir/src/parse.cpp.o CMakeFiles/yaml-cpp.dir/src/parser.cpp.o CMakeFiles/yaml-cpp.dir/src/regex_yaml.cpp.o CMakeFiles/yaml-cpp.dir/src/scanner.cpp.o CMakeFiles/yaml-cpp.dir/src/scanscalar.cpp.o CMakeFiles/yaml-cpp.dir/src/scantag.cpp.o CMakeFiles/yaml-cpp.dir/src/scantoken.cpp.o CMakeFiles/yaml-cpp.dir/src/simplekey.cpp.o CMakeFiles/yaml-cpp.dir/src/singledocparser.cpp.o CMakeFiles/yaml-cpp.dir/src/stream.cpp.o CMakeFiles/yaml-cpp.dir/src/tag.cpp.o   && :
[34/63] /usr/bin/cmake -E cmake_symlink_library libyaml-cpp.so.0.8.0  libyaml-cpp.so.0.8 libyaml-cpp.so && :
[35/63] /usr/bin/c++  -I/home/omen/GITHUB/Athos/AthOS/REPO-AthOS/yaml-cpp/work/yaml-cpp-0.8.0/test/integration -I/home/omen/GITHUB/Athos/AthOS/REPO-AthOS/yaml-cpp/work/yaml-cpp-0.8.0/test -I/home/omen/GITHUB/Athos/AthOS/REPO-AthOS/yaml-cpp/work/yaml-cpp-0.8.0/src -I/home/omen/GITHUB/Athos/AthOS/REPO-AthOS/yaml-cpp/work/yaml-cpp-0.8.0/include -isystem /home/omen/GITHUB/Athos/AthOS/REPO-AthOS/yaml-cpp/work/yaml-cpp-0.8.0/test/gtest-1.11.0/googletest/include -isystem /home/omen/GITHUB/Athos/AthOS/REPO-AthOS/yaml-cpp/work/yaml-cpp-0.8.0/test/gtest-1.11.0/googlemock/include -isystem /home/omen/GITHUB/Athos/AthOS/REPO-AthOS/yaml-cpp/work/yaml-cpp-0.8.0/test/gtest-1.11.0/googlemock -isystem /home/omen/GITHUB/Athos/AthOS/REPO-AthOS/yaml-cpp/work/yaml-cpp-0.8.0/test/gtest-1.11.0/googletest -Os -DNDEBUG -std=gnu++11 -Wno-variadic-macros -Wno-sign-compare -MD -MT test/CMakeFiles/yaml-cpp-tests.dir/main.cpp.o -MF test/CMakeFiles/yaml-cpp-tests.dir/main.cpp.o.d -o test/CMakeFiles/yaml-cpp-tests.dir/main.cpp.o -c /home/omen/GITHUB/Athos/AthOS/REPO-AthOS/yaml-cpp/work/yaml-cpp-0.8.0/test/main.cpp
[36/63] /usr/bin/c++  -I/home/omen/GITHUB/Athos/AthOS/REPO-AthOS/yaml-cpp/work/yaml-cpp-0.8.0/include -Os -DNDEBUG -std=gnu++11 -MD -MT util/CMakeFiles/yaml-cpp-parse.dir/parse.cpp.o -MF util/CMakeFiles/yaml-cpp-parse.dir/parse.cpp.o.d -o util/CMakeFiles/yaml-cpp-parse.dir/parse.cpp.o -c /home/omen/GITHUB/Athos/AthOS/REPO-AthOS/yaml-cpp/work/yaml-cpp-0.8.0/util/parse.cpp
[37/63] /usr/bin/c++  -I/home/omen/GITHUB/Athos/AthOS/REPO-AthOS/yaml-cpp/work/yaml-cpp-0.8.0/include -Os -DNDEBUG -std=gnu++11 -MD -MT util/CMakeFiles/yaml-cpp-sandbox.dir/sandbox.cpp.o -MF util/CMakeFiles/yaml-cpp-sandbox.dir/sandbox.cpp.o.d -o util/CMakeFiles/yaml-cpp-sandbox.dir/sandbox.cpp.o -c /home/omen/GITHUB/Athos/AthOS/REPO-AthOS/yaml-cpp/work/yaml-cpp-0.8.0/util/sandbox.cpp
[38/63] : && /usr/bin/c++ -Os -DNDEBUG -Wl,--dependency-file=util/CMakeFiles/yaml-cpp-parse.dir/link.d util/CMakeFiles/yaml-cpp-parse.dir/parse.cpp.o -o util/parse  -Wl,-rpath,/home/omen/GITHUB/Athos/AthOS/REPO-AthOS/yaml-cpp/work/yaml-cpp-0.8.0/build  libyaml-cpp.so.0.8.0 && :
[39/63] : && /usr/bin/c++ -Os -DNDEBUG -Wl,--dependency-file=util/CMakeFiles/yaml-cpp-sandbox.dir/link.d util/CMakeFiles/yaml-cpp-sandbox.dir/sandbox.cpp.o -o util/sandbox  -Wl,-rpath,/home/omen/GITHUB/Athos/AthOS/REPO-AthOS/yaml-cpp/work/yaml-cpp-0.8.0/build  libyaml-cpp.so.0.8.0 && :
[40/63] /usr/bin/c++  -isystem /home/omen/GITHUB/Athos/AthOS/REPO-AthOS/yaml-cpp/work/yaml-cpp-0.8.0/test/gtest-1.11.0/googlemock/include -isystem /home/omen/GITHUB/Athos/AthOS/REPO-AthOS/yaml-cpp/work/yaml-cpp-0.8.0/test/gtest-1.11.0/googlemock -isystem /home/omen/GITHUB/Athos/AthOS/REPO-AthOS/yaml-cpp/work/yaml-cpp-0.8.0/test/gtest-1.11.0/googletest/include -isystem /home/omen/GITHUB/Athos/AthOS/REPO-AthOS/yaml-cpp/work/yaml-cpp-0.8.0/test/gtest-1.11.0/googletest -Os -DNDEBUG -Wall -Wshadow -Werror -Wno-error=dangling-else -DGTEST_HAS_PTHREAD=1 -fexceptions -Wextra -Wno-unused-parameter -Wno-missing-field-initializers -MD -MT test/prefix/googlemock/CMakeFiles/gmock_main.dir/src/gmock_main.cc.o -MF test/prefix/googlemock/CMakeFiles/gmock_main.dir/src/gmock_main.cc.o.d -o test/prefix/googlemock/CMakeFiles/gmock_main.dir/src/gmock_main.cc.o -c /home/omen/GITHUB/Athos/AthOS/REPO-AthOS/yaml-cpp/work/yaml-cpp-0.8.0/test/gtest-1.11.0/googlemock/src/gmock_main.cc
[41/63] /usr/bin/c++  -I/home/omen/GITHUB/Athos/AthOS/REPO-AthOS/yaml-cpp/work/yaml-cpp-0.8.0/test/integration -I/home/omen/GITHUB/Athos/AthOS/REPO-AthOS/yaml-cpp/work/yaml-cpp-0.8.0/test -I/home/omen/GITHUB/Athos/AthOS/REPO-AthOS/yaml-cpp/work/yaml-cpp-0.8.0/src -I/home/omen/GITHUB/Athos/AthOS/REPO-AthOS/yaml-cpp/work/yaml-cpp-0.8.0/include -isystem /home/omen/GITHUB/Athos/AthOS/REPO-AthOS/yaml-cpp/work/yaml-cpp-0.8.0/test/gtest-1.11.0/googletest/include -isystem /home/omen/GITHUB/Athos/AthOS/REPO-AthOS/yaml-cpp/work/yaml-cpp-0.8.0/test/gtest-1.11.0/googlemock/include -isystem /home/omen/GITHUB/Athos/AthOS/REPO-AthOS/yaml-cpp/work/yaml-cpp-0.8.0/test/gtest-1.11.0/googlemock -isystem /home/omen/GITHUB/Athos/AthOS/REPO-AthOS/yaml-cpp/work/yaml-cpp-0.8.0/test/gtest-1.11.0/googletest -Os -DNDEBUG -std=gnu++11 -Wno-variadic-macros -Wno-sign-compare -MD -MT test/CMakeFiles/yaml-cpp-tests.dir/ostream_wrapper_test.cpp.o -MF test/CMakeFiles/yaml-cpp-tests.dir/ostream_wrapper_test.cpp.o.d -o test/CMakeFiles/yaml-cpp-tests.dir/ostream_wrapper_test.cpp.o -c /home/omen/GITHUB/Athos/AthOS/REPO-AthOS/yaml-cpp/work/yaml-cpp-0.8.0/test/ostream_wrapper_test.cpp
[42/63] /usr/bin/c++  -I/home/omen/GITHUB/Athos/AthOS/REPO-AthOS/yaml-cpp/work/yaml-cpp-0.8.0/include -Os -DNDEBUG -std=gnu++11 -MD -MT util/CMakeFiles/yaml-cpp-read.dir/read.cpp.o -MF util/CMakeFiles/yaml-cpp-read.dir/read.cpp.o.d -o util/CMakeFiles/yaml-cpp-read.dir/read.cpp.o -c /home/omen/GITHUB/Athos/AthOS/REPO-AthOS/yaml-cpp/work/yaml-cpp-0.8.0/util/read.cpp
[43/63] : && /usr/bin/c++ -Os -DNDEBUG -Wl,--dependency-file=util/CMakeFiles/yaml-cpp-read.dir/link.d util/CMakeFiles/yaml-cpp-read.dir/read.cpp.o -o util/read  -Wl,-rpath,/home/omen/GITHUB/Athos/AthOS/REPO-AthOS/yaml-cpp/work/yaml-cpp-0.8.0/build  libyaml-cpp.so.0.8.0 && :
[44/63] /usr/bin/c++  -isystem /home/omen/GITHUB/Athos/AthOS/REPO-AthOS/yaml-cpp/work/yaml-cpp-0.8.0/test/gtest-1.11.0/googletest/include -isystem /home/omen/GITHUB/Athos/AthOS/REPO-AthOS/yaml-cpp/work/yaml-cpp-0.8.0/test/gtest-1.11.0/googletest -Os -DNDEBUG -Wall -Wshadow -Werror -Wno-error=dangling-else -DGTEST_HAS_PTHREAD=1 -fexceptions -Wextra -Wno-unused-parameter -Wno-missing-field-initializers -MD -MT test/prefix/googletest/CMakeFiles/gtest_main.dir/src/gtest_main.cc.o -MF test/prefix/googletest/CMakeFiles/gtest_main.dir/src/gtest_main.cc.o.d -o test/prefix/googletest/CMakeFiles/gtest_main.dir/src/gtest_main.cc.o -c /home/omen/GITHUB/Athos/AthOS/REPO-AthOS/yaml-cpp/work/yaml-cpp-0.8.0/test/gtest-1.11.0/googletest/src/gtest_main.cc
[45/63] /usr/bin/c++  -I/home/omen/GITHUB/Athos/AthOS/REPO-AthOS/yaml-cpp/work/yaml-cpp-0.8.0/test/integration -I/home/omen/GITHUB/Athos/AthOS/REPO-AthOS/yaml-cpp/work/yaml-cpp-0.8.0/test -I/home/omen/GITHUB/Athos/AthOS/REPO-AthOS/yaml-cpp/work/yaml-cpp-0.8.0/src -I/home/omen/GITHUB/Athos/AthOS/REPO-AthOS/yaml-cpp/work/yaml-cpp-0.8.0/include -isystem /home/omen/GITHUB/Athos/AthOS/REPO-AthOS/yaml-cpp/work/yaml-cpp-0.8.0/test/gtest-1.11.0/googletest/include -isystem /home/omen/GITHUB/Athos/AthOS/REPO-AthOS/yaml-cpp/work/yaml-cpp-0.8.0/test/gtest-1.11.0/googlemock/include -isystem /home/omen/GITHUB/Athos/AthOS/REPO-AthOS/yaml-cpp/work/yaml-cpp-0.8.0/test/gtest-1.11.0/googlemock -isystem /home/omen/GITHUB/Athos/AthOS/REPO-AthOS/yaml-cpp/work/yaml-cpp-0.8.0/test/gtest-1.11.0/googletest -Os -DNDEBUG -std=gnu++11 -Wno-variadic-macros -Wno-sign-compare -MD -MT test/CMakeFiles/yaml-cpp-tests.dir/integration/error_messages_test.cpp.o -MF test/CMakeFiles/yaml-cpp-tests.dir/integration/error_messages_test.cpp.o.d -o test/CMakeFiles/yaml-cpp-tests.dir/integration/error_messages_test.cpp.o -c /home/omen/GITHUB/Athos/AthOS/REPO-AthOS/yaml-cpp/work/yaml-cpp-0.8.0/test/integration/error_messages_test.cpp
[46/63] /usr/bin/c++  -I/home/omen/GITHUB/Athos/AthOS/REPO-AthOS/yaml-cpp/work/yaml-cpp-0.8.0/test/integration -I/home/omen/GITHUB/Athos/AthOS/REPO-AthOS/yaml-cpp/work/yaml-cpp-0.8.0/test -I/home/omen/GITHUB/Athos/AthOS/REPO-AthOS/yaml-cpp/work/yaml-cpp-0.8.0/src -I/home/omen/GITHUB/Athos/AthOS/REPO-AthOS/yaml-cpp/work/yaml-cpp-0.8.0/include -isystem /home/omen/GITHUB/Athos/AthOS/REPO-AthOS/yaml-cpp/work/yaml-cpp-0.8.0/test/gtest-1.11.0/googletest/include -isystem /home/omen/GITHUB/Athos/AthOS/REPO-AthOS/yaml-cpp/work/yaml-cpp-0.8.0/test/gtest-1.11.0/googlemock/include -isystem /home/omen/GITHUB/Athos/AthOS/REPO-AthOS/yaml-cpp/work/yaml-cpp-0.8.0/test/gtest-1.11.0/googlemock -isystem /home/omen/GITHUB/Athos/AthOS/REPO-AthOS/yaml-cpp/work/yaml-cpp-0.8.0/test/gtest-1.11.0/googletest -Os -DNDEBUG -std=gnu++11 -Wno-variadic-macros -Wno-sign-compare -MD -MT test/CMakeFiles/yaml-cpp-tests.dir/regex_test.cpp.o -MF test/CMakeFiles/yaml-cpp-tests.dir/regex_test.cpp.o.d -o test/CMakeFiles/yaml-cpp-tests.dir/regex_test.cpp.o -c /home/omen/GITHUB/Athos/AthOS/REPO-AthOS/yaml-cpp/work/yaml-cpp-0.8.0/test/regex_test.cpp
[47/63] /usr/bin/c++  -I/home/omen/GITHUB/Athos/AthOS/REPO-AthOS/yaml-cpp/work/yaml-cpp-0.8.0/test/gtest-1.11.0/googlemock/include -I/home/omen/GITHUB/Athos/AthOS/REPO-AthOS/yaml-cpp/work/yaml-cpp-0.8.0/test/gtest-1.11.0/googlemock -isystem /home/omen/GITHUB/Athos/AthOS/REPO-AthOS/yaml-cpp/work/yaml-cpp-0.8.0/test/gtest-1.11.0/googletest/include -isystem /home/omen/GITHUB/Athos/AthOS/REPO-AthOS/yaml-cpp/work/yaml-cpp-0.8.0/test/gtest-1.11.0/googletest -Os -DNDEBUG -Wall -Wshadow -Werror -Wno-error=dangling-else -DGTEST_HAS_PTHREAD=1 -fexceptions -Wextra -Wno-unused-parameter -Wno-missing-field-initializers -MD -MT test/prefix/googlemock/CMakeFiles/gmock.dir/src/gmock-all.cc.o -MF test/prefix/googlemock/CMakeFiles/gmock.dir/src/gmock-all.cc.o.d -o test/prefix/googlemock/CMakeFiles/gmock.dir/src/gmock-all.cc.o -c /home/omen/GITHUB/Athos/AthOS/REPO-AthOS/yaml-cpp/work/yaml-cpp-0.8.0/test/gtest-1.11.0/googlemock/src/gmock-all.cc
[48/63] /usr/bin/c++  -I/home/omen/GITHUB/Athos/AthOS/REPO-AthOS/yaml-cpp/work/yaml-cpp-0.8.0/test/integration -I/home/omen/GITHUB/Athos/AthOS/REPO-AthOS/yaml-cpp/work/yaml-cpp-0.8.0/test -I/home/omen/GITHUB/Athos/AthOS/REPO-AthOS/yaml-cpp/work/yaml-cpp-0.8.0/src -I/home/omen/GITHUB/Athos/AthOS/REPO-AthOS/yaml-cpp/work/yaml-cpp-0.8.0/include -isystem /home/omen/GITHUB/Athos/AthOS/REPO-AthOS/yaml-cpp/work/yaml-cpp-0.8.0/test/gtest-1.11.0/googletest/include -isystem /home/omen/GITHUB/Athos/AthOS/REPO-AthOS/yaml-cpp/work/yaml-cpp-0.8.0/test/gtest-1.11.0/googlemock/include -isystem /home/omen/GITHUB/Athos/AthOS/REPO-AthOS/yaml-cpp/work/yaml-cpp-0.8.0/test/gtest-1.11.0/googlemock -isystem /home/omen/GITHUB/Athos/AthOS/REPO-AthOS/yaml-cpp/work/yaml-cpp-0.8.0/test/gtest-1.11.0/googletest -Os -DNDEBUG -std=gnu++11 -Wno-variadic-macros -Wno-sign-compare -MD -MT test/CMakeFiles/yaml-cpp-tests.dir/integration/encoding_test.cpp.o -MF test/CMakeFiles/yaml-cpp-tests.dir/integration/encoding_test.cpp.o.d -o test/CMakeFiles/yaml-cpp-tests.dir/integration/encoding_test.cpp.o -c /home/omen/GITHUB/Athos/AthOS/REPO-AthOS/yaml-cpp/work/yaml-cpp-0.8.0/test/integration/encoding_test.cpp
[49/63] /usr/bin/c++  -I/home/omen/GITHUB/Athos/AthOS/REPO-AthOS/yaml-cpp/work/yaml-cpp-0.8.0/test/integration -I/home/omen/GITHUB/Athos/AthOS/REPO-AthOS/yaml-cpp/work/yaml-cpp-0.8.0/test -I/home/omen/GITHUB/Athos/AthOS/REPO-AthOS/yaml-cpp/work/yaml-cpp-0.8.0/src -I/home/omen/GITHUB/Athos/AthOS/REPO-AthOS/yaml-cpp/work/yaml-cpp-0.8.0/include -isystem /home/omen/GITHUB/Athos/AthOS/REPO-AthOS/yaml-cpp/work/yaml-cpp-0.8.0/test/gtest-1.11.0/googletest/include -isystem /home/omen/GITHUB/Athos/AthOS/REPO-AthOS/yaml-cpp/work/yaml-cpp-0.8.0/test/gtest-1.11.0/googlemock/include -isystem /home/omen/GITHUB/Athos/AthOS/REPO-AthOS/yaml-cpp/work/yaml-cpp-0.8.0/test/gtest-1.11.0/googlemock -isystem /home/omen/GITHUB/Athos/AthOS/REPO-AthOS/yaml-cpp/work/yaml-cpp-0.8.0/test/gtest-1.11.0/googletest -Os -DNDEBUG -std=gnu++11 -Wno-variadic-macros -Wno-sign-compare -MD -MT test/CMakeFiles/yaml-cpp-tests.dir/integration/load_node_test.cpp.o -MF test/CMakeFiles/yaml-cpp-tests.dir/integration/load_node_test.cpp.o.d -o test/CMakeFiles/yaml-cpp-tests.dir/integration/load_node_test.cpp.o -c /home/omen/GITHUB/Athos/AthOS/REPO-AthOS/yaml-cpp/work/yaml-cpp-0.8.0/test/integration/load_node_test.cpp
[50/63] /usr/bin/c++  -I/home/omen/GITHUB/Athos/AthOS/REPO-AthOS/yaml-cpp/work/yaml-cpp-0.8.0/test/integration -I/home/omen/GITHUB/Athos/AthOS/REPO-AthOS/yaml-cpp/work/yaml-cpp-0.8.0/test -I/home/omen/GITHUB/Athos/AthOS/REPO-AthOS/yaml-cpp/work/yaml-cpp-0.8.0/src -I/home/omen/GITHUB/Athos/AthOS/REPO-AthOS/yaml-cpp/work/yaml-cpp-0.8.0/include -isystem /home/omen/GITHUB/Athos/AthOS/REPO-AthOS/yaml-cpp/work/yaml-cpp-0.8.0/test/gtest-1.11.0/googletest/include -isystem /home/omen/GITHUB/Athos/AthOS/REPO-AthOS/yaml-cpp/work/yaml-cpp-0.8.0/test/gtest-1.11.0/googlemock/include -isystem /home/omen/GITHUB/Athos/AthOS/REPO-AthOS/yaml-cpp/work/yaml-cpp-0.8.0/test/gtest-1.11.0/googlemock -isystem /home/omen/GITHUB/Athos/AthOS/REPO-AthOS/yaml-cpp/work/yaml-cpp-0.8.0/test/gtest-1.11.0/googletest -Os -DNDEBUG -std=gnu++11 -Wno-variadic-macros -Wno-sign-compare -MD -MT test/CMakeFiles/yaml-cpp-tests.dir/parser_test.cpp.o -MF test/CMakeFiles/yaml-cpp-tests.dir/parser_test.cpp.o.d -o test/CMakeFiles/yaml-cpp-tests.dir/parser_test.cpp.o -c /home/omen/GITHUB/Athos/AthOS/REPO-AthOS/yaml-cpp/work/yaml-cpp-0.8.0/test/parser_test.cpp
[51/63] /usr/bin/c++  -I/home/omen/GITHUB/Athos/AthOS/REPO-AthOS/yaml-cpp/work/yaml-cpp-0.8.0/test/integration -I/home/omen/GITHUB/Athos/AthOS/REPO-AthOS/yaml-cpp/work/yaml-cpp-0.8.0/test -I/home/omen/GITHUB/Athos/AthOS/REPO-AthOS/yaml-cpp/work/yaml-cpp-0.8.0/src -I/home/omen/GITHUB/Athos/AthOS/REPO-AthOS/yaml-cpp/work/yaml-cpp-0.8.0/include -isystem /home/omen/GITHUB/Athos/AthOS/REPO-AthOS/yaml-cpp/work/yaml-cpp-0.8.0/test/gtest-1.11.0/googletest/include -isystem /home/omen/GITHUB/Athos/AthOS/REPO-AthOS/yaml-cpp/work/yaml-cpp-0.8.0/test/gtest-1.11.0/googlemock/include -isystem /home/omen/GITHUB/Athos/AthOS/REPO-AthOS/yaml-cpp/work/yaml-cpp-0.8.0/test/gtest-1.11.0/googlemock -isystem /home/omen/GITHUB/Athos/AthOS/REPO-AthOS/yaml-cpp/work/yaml-cpp-0.8.0/test/gtest-1.11.0/googletest -Os -DNDEBUG -std=gnu++11 -Wno-variadic-macros -Wno-sign-compare -MD -MT test/CMakeFiles/yaml-cpp-tests.dir/integration/emitter_test.cpp.o -MF test/CMakeFiles/yaml-cpp-tests.dir/integration/emitter_test.cpp.o.d -o test/CMakeFiles/yaml-cpp-tests.dir/integration/emitter_test.cpp.o -c /home/omen/GITHUB/Athos/AthOS/REPO-AthOS/yaml-cpp/work/yaml-cpp-0.8.0/test/integration/emitter_test.cpp
[52/63] /usr/bin/c++  -I/home/omen/GITHUB/Athos/AthOS/REPO-AthOS/yaml-cpp/work/yaml-cpp-0.8.0/test/integration -I/home/omen/GITHUB/Athos/AthOS/REPO-AthOS/yaml-cpp/work/yaml-cpp-0.8.0/test -I/home/omen/GITHUB/Athos/AthOS/REPO-AthOS/yaml-cpp/work/yaml-cpp-0.8.0/src -I/home/omen/GITHUB/Athos/AthOS/REPO-AthOS/yaml-cpp/work/yaml-cpp-0.8.0/include -isystem /home/omen/GITHUB/Athos/AthOS/REPO-AthOS/yaml-cpp/work/yaml-cpp-0.8.0/test/gtest-1.11.0/googletest/include -isystem /home/omen/GITHUB/Athos/AthOS/REPO-AthOS/yaml-cpp/work/yaml-cpp-0.8.0/test/gtest-1.11.0/googlemock/include -isystem /home/omen/GITHUB/Athos/AthOS/REPO-AthOS/yaml-cpp/work/yaml-cpp-0.8.0/test/gtest-1.11.0/googlemock -isystem /home/omen/GITHUB/Athos/AthOS/REPO-AthOS/yaml-cpp/work/yaml-cpp-0.8.0/test/gtest-1.11.0/googletest -Os -DNDEBUG -std=gnu++11 -Wno-variadic-macros -Wno-sign-compare -MD -MT test/CMakeFiles/yaml-cpp-tests.dir/integration/handler_test.cpp.o -MF test/CMakeFiles/yaml-cpp-tests.dir/integration/handler_test.cpp.o.d -o test/CMakeFiles/yaml-cpp-tests.dir/integration/handler_test.cpp.o -c /home/omen/GITHUB/Athos/AthOS/REPO-AthOS/yaml-cpp/work/yaml-cpp-0.8.0/test/integration/handler_test.cpp
[53/63] /usr/bin/c++  -I/home/omen/GITHUB/Athos/AthOS/REPO-AthOS/yaml-cpp/work/yaml-cpp-0.8.0/test/gtest-1.11.0/googletest/include -I/home/omen/GITHUB/Athos/AthOS/REPO-AthOS/yaml-cpp/work/yaml-cpp-0.8.0/test/gtest-1.11.0/googletest -Os -DNDEBUG -Wall -Wshadow -Werror -Wno-error=dangling-else -DGTEST_HAS_PTHREAD=1 -fexceptions -Wextra -Wno-unused-parameter -Wno-missing-field-initializers -MD -MT test/prefix/googletest/CMakeFiles/gtest.dir/src/gtest-all.cc.o -MF test/prefix/googletest/CMakeFiles/gtest.dir/src/gtest-all.cc.o.d -o test/prefix/googletest/CMakeFiles/gtest.dir/src/gtest-all.cc.o -c /home/omen/GITHUB/Athos/AthOS/REPO-AthOS/yaml-cpp/work/yaml-cpp-0.8.0/test/gtest-1.11.0/googletest/src/gtest-all.cc
[54/63] : && /usr/bin/cmake -E rm -f lib/libgtest.a && /usr/bin/ar qc lib/libgtest.a  test/prefix/googletest/CMakeFiles/gtest.dir/src/gtest-all.cc.o && /usr/bin/ranlib lib/libgtest.a && :
[55/63] : && /usr/bin/cmake -E rm -f lib/libgtest_main.a && /usr/bin/ar qc lib/libgtest_main.a  test/prefix/googletest/CMakeFiles/gtest_main.dir/src/gtest_main.cc.o && /usr/bin/ranlib lib/libgtest_main.a && :
[56/63] : && /usr/bin/cmake -E rm -f lib/libgmock.a && /usr/bin/ar qc lib/libgmock.a  test/prefix/googlemock/CMakeFiles/gmock.dir/src/gmock-all.cc.o && /usr/bin/ranlib lib/libgmock.a && :
[57/63] : && /usr/bin/cmake -E rm -f lib/libgmock_main.a && /usr/bin/ar qc lib/libgmock_main.a  test/prefix/googlemock/CMakeFiles/gmock_main.dir/src/gmock_main.cc.o && /usr/bin/ranlib lib/libgmock_main.a && :
[58/63] /usr/bin/c++  -I/home/omen/GITHUB/Athos/AthOS/REPO-AthOS/yaml-cpp/work/yaml-cpp-0.8.0/test/integration -I/home/omen/GITHUB/Athos/AthOS/REPO-AthOS/yaml-cpp/work/yaml-cpp-0.8.0/test -I/home/omen/GITHUB/Athos/AthOS/REPO-AthOS/yaml-cpp/work/yaml-cpp-0.8.0/src -I/home/omen/GITHUB/Athos/AthOS/REPO-AthOS/yaml-cpp/work/yaml-cpp-0.8.0/include -isystem /home/omen/GITHUB/Athos/AthOS/REPO-AthOS/yaml-cpp/work/yaml-cpp-0.8.0/test/gtest-1.11.0/googletest/include -isystem /home/omen/GITHUB/Athos/AthOS/REPO-AthOS/yaml-cpp/work/yaml-cpp-0.8.0/test/gtest-1.11.0/googlemock/include -isystem /home/omen/GITHUB/Athos/AthOS/REPO-AthOS/yaml-cpp/work/yaml-cpp-0.8.0/test/gtest-1.11.0/googlemock -isystem /home/omen/GITHUB/Athos/AthOS/REPO-AthOS/yaml-cpp/work/yaml-cpp-0.8.0/test/gtest-1.11.0/googletest -Os -DNDEBUG -std=gnu++11 -Wno-variadic-macros -Wno-sign-compare -MD -MT test/CMakeFiles/yaml-cpp-tests.dir/integration/node_spec_test.cpp.o -MF test/CMakeFiles/yaml-cpp-tests.dir/integration/node_spec_test.cpp.o.d -o test/CMakeFiles/yaml-cpp-tests.dir/integration/node_spec_test.cpp.o -c /home/omen/GITHUB/Athos/AthOS/REPO-AthOS/yaml-cpp/work/yaml-cpp-0.8.0/test/integration/node_spec_test.cpp
[59/63] /usr/bin/c++  -I/home/omen/GITHUB/Athos/AthOS/REPO-AthOS/yaml-cpp/work/yaml-cpp-0.8.0/test/integration -I/home/omen/GITHUB/Athos/AthOS/REPO-AthOS/yaml-cpp/work/yaml-cpp-0.8.0/test -I/home/omen/GITHUB/Athos/AthOS/REPO-AthOS/yaml-cpp/work/yaml-cpp-0.8.0/src -I/home/omen/GITHUB/Athos/AthOS/REPO-AthOS/yaml-cpp/work/yaml-cpp-0.8.0/include -isystem /home/omen/GITHUB/Athos/AthOS/REPO-AthOS/yaml-cpp/work/yaml-cpp-0.8.0/test/gtest-1.11.0/googletest/include -isystem /home/omen/GITHUB/Athos/AthOS/REPO-AthOS/yaml-cpp/work/yaml-cpp-0.8.0/test/gtest-1.11.0/googlemock/include -isystem /home/omen/GITHUB/Athos/AthOS/REPO-AthOS/yaml-cpp/work/yaml-cpp-0.8.0/test/gtest-1.11.0/googlemock -isystem /home/omen/GITHUB/Athos/AthOS/REPO-AthOS/yaml-cpp/work/yaml-cpp-0.8.0/test/gtest-1.11.0/googletest -Os -DNDEBUG -std=gnu++11 -Wno-variadic-macros -Wno-sign-compare -MD -MT test/CMakeFiles/yaml-cpp-tests.dir/node/node_test.cpp.o -MF test/CMakeFiles/yaml-cpp-tests.dir/node/node_test.cpp.o.d -o test/CMakeFiles/yaml-cpp-tests.dir/node/node_test.cpp.o -c /home/omen/GITHUB/Athos/AthOS/REPO-AthOS/yaml-cpp/work/yaml-cpp-0.8.0/test/node/node_test.cpp
[60/63] /usr/bin/c++  -I/home/omen/GITHUB/Athos/AthOS/REPO-AthOS/yaml-cpp/work/yaml-cpp-0.8.0/test/integration -I/home/omen/GITHUB/Athos/AthOS/REPO-AthOS/yaml-cpp/work/yaml-cpp-0.8.0/test -I/home/omen/GITHUB/Athos/AthOS/REPO-AthOS/yaml-cpp/work/yaml-cpp-0.8.0/src -I/home/omen/GITHUB/Athos/AthOS/REPO-AthOS/yaml-cpp/work/yaml-cpp-0.8.0/include -isystem /home/omen/GITHUB/Athos/AthOS/REPO-AthOS/yaml-cpp/work/yaml-cpp-0.8.0/test/gtest-1.11.0/googletest/include -isystem /home/omen/GITHUB/Athos/AthOS/REPO-AthOS/yaml-cpp/work/yaml-cpp-0.8.0/test/gtest-1.11.0/googlemock/include -isystem /home/omen/GITHUB/Athos/AthOS/REPO-AthOS/yaml-cpp/work/yaml-cpp-0.8.0/test/gtest-1.11.0/googlemock -isystem /home/omen/GITHUB/Athos/AthOS/REPO-AthOS/yaml-cpp/work/yaml-cpp-0.8.0/test/gtest-1.11.0/googletest -Os -DNDEBUG -std=gnu++11 -Wno-variadic-macros -Wno-sign-compare -MD -MT test/CMakeFiles/yaml-cpp-tests.dir/integration/handler_spec_test.cpp.o -MF test/CMakeFiles/yaml-cpp-tests.dir/integration/handler_spec_test.cpp.o.d -o test/CMakeFiles/yaml-cpp-tests.dir/integration/handler_spec_test.cpp.o -c /home/omen/GITHUB/Athos/AthOS/REPO-AthOS/yaml-cpp/work/yaml-cpp-0.8.0/test/integration/handler_spec_test.cpp
[61/63] /usr/bin/c++  -I/home/omen/GITHUB/Athos/AthOS/REPO-AthOS/yaml-cpp/work/yaml-cpp-0.8.0/test/integration -I/home/omen/GITHUB/Athos/AthOS/REPO-AthOS/yaml-cpp/work/yaml-cpp-0.8.0/test -I/home/omen/GITHUB/Athos/AthOS/REPO-AthOS/yaml-cpp/work/yaml-cpp-0.8.0/src -I/home/omen/GITHUB/Athos/AthOS/REPO-AthOS/yaml-cpp/work/yaml-cpp-0.8.0/include -isystem /home/omen/GITHUB/Athos/AthOS/REPO-AthOS/yaml-cpp/work/yaml-cpp-0.8.0/test/gtest-1.11.0/googletest/include -isystem /home/omen/GITHUB/Athos/AthOS/REPO-AthOS/yaml-cpp/work/yaml-cpp-0.8.0/test/gtest-1.11.0/googlemock/include -isystem /home/omen/GITHUB/Athos/AthOS/REPO-AthOS/yaml-cpp/work/yaml-cpp-0.8.0/test/gtest-1.11.0/googlemock -isystem /home/omen/GITHUB/Athos/AthOS/REPO-AthOS/yaml-cpp/work/yaml-cpp-0.8.0/test/gtest-1.11.0/googletest -Os -DNDEBUG -std=gnu++11 -Wno-variadic-macros -Wno-sign-compare -MD -MT test/CMakeFiles/yaml-cpp-tests.dir/integration/gen_emitter_test.cpp.o -MF test/CMakeFiles/yaml-cpp-tests.dir/integration/gen_emitter_test.cpp.o.d -o test/CMakeFiles/yaml-cpp-tests.dir/integration/gen_emitter_test.cpp.o -c /home/omen/GITHUB/Athos/AthOS/REPO-AthOS/yaml-cpp/work/yaml-cpp-0.8.0/test/integration/gen_emitter_test.cpp
[62/63] : && /usr/bin/c++ -Os -DNDEBUG -Wl,--dependency-file=test/CMakeFiles/yaml-cpp-tests.dir/link.d test/CMakeFiles/yaml-cpp-tests.dir/binary_test.cpp.o test/CMakeFiles/yaml-cpp-tests.dir/integration/emitter_test.cpp.o test/CMakeFiles/yaml-cpp-tests.dir/integration/encoding_test.cpp.o test/CMakeFiles/yaml-cpp-tests.dir/integration/error_messages_test.cpp.o test/CMakeFiles/yaml-cpp-tests.dir/integration/gen_emitter_test.cpp.o test/CMakeFiles/yaml-cpp-tests.dir/integration/handler_spec_test.cpp.o test/CMakeFiles/yaml-cpp-tests.dir/integration/handler_test.cpp.o test/CMakeFiles/yaml-cpp-tests.dir/integration/load_node_test.cpp.o test/CMakeFiles/yaml-cpp-tests.dir/integration/node_spec_test.cpp.o test/CMakeFiles/yaml-cpp-tests.dir/main.cpp.o test/CMakeFiles/yaml-cpp-tests.dir/node/node_test.cpp.o test/CMakeFiles/yaml-cpp-tests.dir/ostream_wrapper_test.cpp.o test/CMakeFiles/yaml-cpp-tests.dir/parser_test.cpp.o test/CMakeFiles/yaml-cpp-tests.dir/regex_test.cpp.o -o test/yaml-cpp-tests  -Wl,-rpath,/home/omen/GITHUB/Athos/AthOS/REPO-AthOS/yaml-cpp/work/yaml-cpp-0.8.0/build  libyaml-cpp.so.0.8.0  lib/libgmock.a  lib/libgtest.a && cd /home/omen/GITHUB/Athos/AthOS/REPO-AthOS/yaml-cpp/work/yaml-cpp-0.8.0/build/test && /usr/bin/cmake -E copy_if_different /home/omen/GITHUB/Athos/AthOS/REPO-AthOS/yaml-cpp/work/yaml-cpp-0.8.0/build/libyaml-cpp.so.0.8.0 /home/omen/GITHUB/Athos/AthOS/REPO-AthOS/yaml-cpp/work/yaml-cpp-0.8.0/build/test

/home/omen/GITHUB/Athos/AthOS/REPO-AthOS/yaml-cpp/work/yaml-cpp-0.8.0/build /home/omen/GITHUB/Athos/AthOS/REPO-AthOS/yaml-cpp/work/yaml-cpp-0.8.0
Test project /home/omen/GITHUB/Athos/AthOS/REPO-AthOS/yaml-cpp/work/yaml-cpp-0.8.0/build
    Start 1: yaml-cpp::test
1/1 Test #1: yaml-cpp::test ...................   Passed    0.15 sec

100% tests passed, 0 tests failed out of 1

Total Test time (real) =   0.16 sec
/home/omen/GITHUB/Athos/AthOS/REPO-AthOS/yaml-cpp/work/yaml-cpp-0.8.0
-- Install configuration: "MinSizeRel"
-- Installing: /home/omen/GITHUB/Athos/AthOS/REPO-AthOS/yaml-cpp/package-yaml-cpp/usr/lib64/libyaml-cpp.so.0.8.0
-- Installing: /home/omen/GITHUB/Athos/AthOS/REPO-AthOS/yaml-cpp/package-yaml-cpp/usr/lib64/libyaml-cpp.so.0.8
-- Installing: /home/omen/GITHUB/Athos/AthOS/REPO-AthOS/yaml-cpp/package-yaml-cpp/usr/lib64/libyaml-cpp.so
-- Installing: /home/omen/GITHUB/Athos/AthOS/REPO-AthOS/yaml-cpp/package-yaml-cpp/usr/include
-- Installing: /home/omen/GITHUB/Athos/AthOS/REPO-AthOS/yaml-cpp/package-yaml-cpp/usr/include/yaml-cpp
-- Installing: /home/omen/GITHUB/Athos/AthOS/REPO-AthOS/yaml-cpp/package-yaml-cpp/usr/include/yaml-cpp/emittermanip.h
-- Installing: /home/omen/GITHUB/Athos/AthOS/REPO-AthOS/yaml-cpp/package-yaml-cpp/usr/include/yaml-cpp/eventhandler.h
-- Installing: /home/omen/GITHUB/Athos/AthOS/REPO-AthOS/yaml-cpp/package-yaml-cpp/usr/include/yaml-cpp/dll.h
-- Installing: /home/omen/GITHUB/Athos/AthOS/REPO-AthOS/yaml-cpp/package-yaml-cpp/usr/include/yaml-cpp/mark.h
-- Installing: /home/omen/GITHUB/Athos/AthOS/REPO-AthOS/yaml-cpp/package-yaml-cpp/usr/include/yaml-cpp/traits.h
-- Installing: /home/omen/GITHUB/Athos/AthOS/REPO-AthOS/yaml-cpp/package-yaml-cpp/usr/include/yaml-cpp/contrib
-- Installing: /home/omen/GITHUB/Athos/AthOS/REPO-AthOS/yaml-cpp/package-yaml-cpp/usr/include/yaml-cpp/contrib/anchordict.h
-- Installing: /home/omen/GITHUB/Athos/AthOS/REPO-AthOS/yaml-cpp/package-yaml-cpp/usr/include/yaml-cpp/contrib/graphbuilder.h
-- Installing: /home/omen/GITHUB/Athos/AthOS/REPO-AthOS/yaml-cpp/package-yaml-cpp/usr/include/yaml-cpp/emitfromevents.h
-- Installing: /home/omen/GITHUB/Athos/AthOS/REPO-AthOS/yaml-cpp/package-yaml-cpp/usr/include/yaml-cpp/exceptions.h
-- Installing: /home/omen/GITHUB/Athos/AthOS/REPO-AthOS/yaml-cpp/package-yaml-cpp/usr/include/yaml-cpp/stlemitter.h
-- Installing: /home/omen/GITHUB/Athos/AthOS/REPO-AthOS/yaml-cpp/package-yaml-cpp/usr/include/yaml-cpp/emitterdef.h
-- Installing: /home/omen/GITHUB/Athos/AthOS/REPO-AthOS/yaml-cpp/package-yaml-cpp/usr/include/yaml-cpp/depthguard.h
-- Installing: /home/omen/GITHUB/Athos/AthOS/REPO-AthOS/yaml-cpp/package-yaml-cpp/usr/include/yaml-cpp/node
-- Installing: /home/omen/GITHUB/Athos/AthOS/REPO-AthOS/yaml-cpp/package-yaml-cpp/usr/include/yaml-cpp/node/parse.h
-- Installing: /home/omen/GITHUB/Athos/AthOS/REPO-AthOS/yaml-cpp/package-yaml-cpp/usr/include/yaml-cpp/node/node.h
-- Installing: /home/omen/GITHUB/Athos/AthOS/REPO-AthOS/yaml-cpp/package-yaml-cpp/usr/include/yaml-cpp/node/emit.h
-- Installing: /home/omen/GITHUB/Athos/AthOS/REPO-AthOS/yaml-cpp/package-yaml-cpp/usr/include/yaml-cpp/node/impl.h
-- Installing: /home/omen/GITHUB/Athos/AthOS/REPO-AthOS/yaml-cpp/package-yaml-cpp/usr/include/yaml-cpp/node/iterator.h
-- Installing: /home/omen/GITHUB/Athos/AthOS/REPO-AthOS/yaml-cpp/package-yaml-cpp/usr/include/yaml-cpp/node/ptr.h
-- Installing: /home/omen/GITHUB/Athos/AthOS/REPO-AthOS/yaml-cpp/package-yaml-cpp/usr/include/yaml-cpp/node/type.h
-- Installing: /home/omen/GITHUB/Athos/AthOS/REPO-AthOS/yaml-cpp/package-yaml-cpp/usr/include/yaml-cpp/node/convert.h
-- Installing: /home/omen/GITHUB/Athos/AthOS/REPO-AthOS/yaml-cpp/package-yaml-cpp/usr/include/yaml-cpp/node/detail
-- Installing: /home/omen/GITHUB/Athos/AthOS/REPO-AthOS/yaml-cpp/package-yaml-cpp/usr/include/yaml-cpp/node/detail/node_ref.h
-- Installing: /home/omen/GITHUB/Athos/AthOS/REPO-AthOS/yaml-cpp/package-yaml-cpp/usr/include/yaml-cpp/node/detail/node.h
-- Installing: /home/omen/GITHUB/Athos/AthOS/REPO-AthOS/yaml-cpp/package-yaml-cpp/usr/include/yaml-cpp/node/detail/impl.h
-- Installing: /home/omen/GITHUB/Athos/AthOS/REPO-AthOS/yaml-cpp/package-yaml-cpp/usr/include/yaml-cpp/node/detail/iterator.h
-- Installing: /home/omen/GITHUB/Athos/AthOS/REPO-AthOS/yaml-cpp/package-yaml-cpp/usr/include/yaml-cpp/node/detail/node_iterator.h
-- Installing: /home/omen/GITHUB/Athos/AthOS/REPO-AthOS/yaml-cpp/package-yaml-cpp/usr/include/yaml-cpp/node/detail/node_data.h
-- Installing: /home/omen/GITHUB/Athos/AthOS/REPO-AthOS/yaml-cpp/package-yaml-cpp/usr/include/yaml-cpp/node/detail/memory.h
-- Installing: /home/omen/GITHUB/Athos/AthOS/REPO-AthOS/yaml-cpp/package-yaml-cpp/usr/include/yaml-cpp/node/detail/iterator_fwd.h
-- Installing: /home/omen/GITHUB/Athos/AthOS/REPO-AthOS/yaml-cpp/package-yaml-cpp/usr/include/yaml-cpp/yaml.h
-- Installing: /home/omen/GITHUB/Athos/AthOS/REPO-AthOS/yaml-cpp/package-yaml-cpp/usr/include/yaml-cpp/emitterstyle.h
-- Installing: /home/omen/GITHUB/Athos/AthOS/REPO-AthOS/yaml-cpp/package-yaml-cpp/usr/include/yaml-cpp/anchor.h
-- Installing: /home/omen/GITHUB/Athos/AthOS/REPO-AthOS/yaml-cpp/package-yaml-cpp/usr/include/yaml-cpp/binary.h
-- Installing: /home/omen/GITHUB/Athos/AthOS/REPO-AthOS/yaml-cpp/package-yaml-cpp/usr/include/yaml-cpp/emitter.h
-- Installing: /home/omen/GITHUB/Athos/AthOS/REPO-AthOS/yaml-cpp/package-yaml-cpp/usr/include/yaml-cpp/parser.h
-- Installing: /home/omen/GITHUB/Athos/AthOS/REPO-AthOS/yaml-cpp/package-yaml-cpp/usr/include/yaml-cpp/noexcept.h
-- Installing: /home/omen/GITHUB/Athos/AthOS/REPO-AthOS/yaml-cpp/package-yaml-cpp/usr/include/yaml-cpp/ostream_wrapper.h
-- Installing: /home/omen/GITHUB/Athos/AthOS/REPO-AthOS/yaml-cpp/package-yaml-cpp/usr/include/yaml-cpp/null.h
-- Installing: /home/omen/GITHUB/Athos/AthOS/REPO-AthOS/yaml-cpp/package-yaml-cpp/usr/lib64/cmake/yaml-cpp/yaml-cpp-targets.cmake
-- Installing: /home/omen/GITHUB/Athos/AthOS/REPO-AthOS/yaml-cpp/package-yaml-cpp/usr/lib64/cmake/yaml-cpp/yaml-cpp-targets-minsizerel.cmake
-- Installing: /home/omen/GITHUB/Athos/AthOS/REPO-AthOS/yaml-cpp/package-yaml-cpp/usr/lib64/cmake/yaml-cpp/yaml-cpp-config.cmake
-- Installing: /home/omen/GITHUB/Athos/AthOS/REPO-AthOS/yaml-cpp/package-yaml-cpp/usr/lib64/cmake/yaml-cpp/yaml-cpp-config-version.cmake
-- Installing: /home/omen/GITHUB/Athos/AthOS/REPO-AthOS/yaml-cpp/package-yaml-cpp/usr/lib64/pkgconfig/yaml-cpp.pc
-- Up-to-date: /home/omen/GITHUB/Athos/AthOS/REPO-AthOS/yaml-cpp/package-yaml-cpp/usr/include
-- Installing: /home/omen/GITHUB/Athos/AthOS/REPO-AthOS/yaml-cpp/package-yaml-cpp/usr/include/gmock
-- Installing: /home/omen/GITHUB/Athos/AthOS/REPO-AthOS/yaml-cpp/package-yaml-cpp/usr/include/gmock/gmock-spec-builders.h
-- Installing: /home/omen/GITHUB/Athos/AthOS/REPO-AthOS/yaml-cpp/package-yaml-cpp/usr/include/gmock/gmock-matchers.h
-- Installing: /home/omen/GITHUB/Athos/AthOS/REPO-AthOS/yaml-cpp/package-yaml-cpp/usr/include/gmock/gmock-more-actions.h
-- Installing: /home/omen/GITHUB/Athos/AthOS/REPO-AthOS/yaml-cpp/package-yaml-cpp/usr/include/gmock/gmock-more-matchers.h
-- Installing: /home/omen/GITHUB/Athos/AthOS/REPO-AthOS/yaml-cpp/package-yaml-cpp/usr/include/gmock/gmock.h
-- Installing: /home/omen/GITHUB/Athos/AthOS/REPO-AthOS/yaml-cpp/package-yaml-cpp/usr/include/gmock/gmock-cardinalities.h
-- Installing: /home/omen/GITHUB/Athos/AthOS/REPO-AthOS/yaml-cpp/package-yaml-cpp/usr/include/gmock/gmock-actions.h
-- Installing: /home/omen/GITHUB/Athos/AthOS/REPO-AthOS/yaml-cpp/package-yaml-cpp/usr/include/gmock/gmock-function-mocker.h
-- Installing: /home/omen/GITHUB/Athos/AthOS/REPO-AthOS/yaml-cpp/package-yaml-cpp/usr/include/gmock/internal
-- Installing: /home/omen/GITHUB/Athos/AthOS/REPO-AthOS/yaml-cpp/package-yaml-cpp/usr/include/gmock/internal/gmock-port.h
-- Installing: /home/omen/GITHUB/Athos/AthOS/REPO-AthOS/yaml-cpp/package-yaml-cpp/usr/include/gmock/internal/custom
-- Installing: /home/omen/GITHUB/Athos/AthOS/REPO-AthOS/yaml-cpp/package-yaml-cpp/usr/include/gmock/internal/custom/gmock-port.h
-- Installing: /home/omen/GITHUB/Athos/AthOS/REPO-AthOS/yaml-cpp/package-yaml-cpp/usr/include/gmock/internal/custom/gmock-matchers.h
-- Installing: /home/omen/GITHUB/Athos/AthOS/REPO-AthOS/yaml-cpp/package-yaml-cpp/usr/include/gmock/internal/custom/gmock-generated-actions.h
-- Installing: /home/omen/GITHUB/Athos/AthOS/REPO-AthOS/yaml-cpp/package-yaml-cpp/usr/include/gmock/internal/custom/README.md
-- Installing: /home/omen/GITHUB/Athos/AthOS/REPO-AthOS/yaml-cpp/package-yaml-cpp/usr/include/gmock/internal/gmock-internal-utils.h
-- Installing: /home/omen/GITHUB/Athos/AthOS/REPO-AthOS/yaml-cpp/package-yaml-cpp/usr/include/gmock/internal/gmock-pp.h
-- Installing: /home/omen/GITHUB/Athos/AthOS/REPO-AthOS/yaml-cpp/package-yaml-cpp/usr/include/gmock/gmock-nice-strict.h
-- Installing: /home/omen/GITHUB/Athos/AthOS/REPO-AthOS/yaml-cpp/package-yaml-cpp/usr/lib64/libgmock.a
-- Installing: /home/omen/GITHUB/Athos/AthOS/REPO-AthOS/yaml-cpp/package-yaml-cpp/usr/lib64/libgmock_main.a
-- Installing: /home/omen/GITHUB/Athos/AthOS/REPO-AthOS/yaml-cpp/package-yaml-cpp/usr/lib64/pkgconfig/gmock.pc
-- Installing: /home/omen/GITHUB/Athos/AthOS/REPO-AthOS/yaml-cpp/package-yaml-cpp/usr/lib64/pkgconfig/gmock_main.pc
-- Installing: /home/omen/GITHUB/Athos/AthOS/REPO-AthOS/yaml-cpp/package-yaml-cpp/usr/lib64/cmake/GTest/GTestTargets.cmake
-- Installing: /home/omen/GITHUB/Athos/AthOS/REPO-AthOS/yaml-cpp/package-yaml-cpp/usr/lib64/cmake/GTest/GTestTargets-minsizerel.cmake
-- Installing: /home/omen/GITHUB/Athos/AthOS/REPO-AthOS/yaml-cpp/package-yaml-cpp/usr/lib64/cmake/GTest/GTestConfigVersion.cmake
-- Installing: /home/omen/GITHUB/Athos/AthOS/REPO-AthOS/yaml-cpp/package-yaml-cpp/usr/lib64/cmake/GTest/GTestConfig.cmake
-- Up-to-date: /home/omen/GITHUB/Athos/AthOS/REPO-AthOS/yaml-cpp/package-yaml-cpp/usr/include
-- Installing: /home/omen/GITHUB/Athos/AthOS/REPO-AthOS/yaml-cpp/package-yaml-cpp/usr/include/gtest
-- Installing: /home/omen/GITHUB/Athos/AthOS/REPO-AthOS/yaml-cpp/package-yaml-cpp/usr/include/gtest/gtest-printers.h
-- Installing: /home/omen/GITHUB/Athos/AthOS/REPO-AthOS/yaml-cpp/package-yaml-cpp/usr/include/gtest/gtest-typed-test.h
-- Installing: /home/omen/GITHUB/Athos/AthOS/REPO-AthOS/yaml-cpp/package-yaml-cpp/usr/include/gtest/gtest-spi.h
-- Installing: /home/omen/GITHUB/Athos/AthOS/REPO-AthOS/yaml-cpp/package-yaml-cpp/usr/include/gtest/gtest-test-part.h
-- Installing: /home/omen/GITHUB/Athos/AthOS/REPO-AthOS/yaml-cpp/package-yaml-cpp/usr/include/gtest/gtest-death-test.h
-- Installing: /home/omen/GITHUB/Athos/AthOS/REPO-AthOS/yaml-cpp/package-yaml-cpp/usr/include/gtest/gtest_prod.h
-- Installing: /home/omen/GITHUB/Athos/AthOS/REPO-AthOS/yaml-cpp/package-yaml-cpp/usr/include/gtest/gtest-param-test.h
-- Installing: /home/omen/GITHUB/Athos/AthOS/REPO-AthOS/yaml-cpp/package-yaml-cpp/usr/include/gtest/gtest_pred_impl.h
-- Installing: /home/omen/GITHUB/Athos/AthOS/REPO-AthOS/yaml-cpp/package-yaml-cpp/usr/include/gtest/internal
-- Installing: /home/omen/GITHUB/Athos/AthOS/REPO-AthOS/yaml-cpp/package-yaml-cpp/usr/include/gtest/internal/gtest-port.h
-- Installing: /home/omen/GITHUB/Athos/AthOS/REPO-AthOS/yaml-cpp/package-yaml-cpp/usr/include/gtest/internal/gtest-string.h
-- Installing: /home/omen/GITHUB/Athos/AthOS/REPO-AthOS/yaml-cpp/package-yaml-cpp/usr/include/gtest/internal/gtest-death-test-internal.h
-- Installing: /home/omen/GITHUB/Athos/AthOS/REPO-AthOS/yaml-cpp/package-yaml-cpp/usr/include/gtest/internal/gtest-filepath.h
-- Installing: /home/omen/GITHUB/Athos/AthOS/REPO-AthOS/yaml-cpp/package-yaml-cpp/usr/include/gtest/internal/gtest-port-arch.h
-- Installing: /home/omen/GITHUB/Athos/AthOS/REPO-AthOS/yaml-cpp/package-yaml-cpp/usr/include/gtest/internal/custom
-- Installing: /home/omen/GITHUB/Athos/AthOS/REPO-AthOS/yaml-cpp/package-yaml-cpp/usr/include/gtest/internal/custom/gtest-port.h
-- Installing: /home/omen/GITHUB/Athos/AthOS/REPO-AthOS/yaml-cpp/package-yaml-cpp/usr/include/gtest/internal/custom/gtest-printers.h
-- Installing: /home/omen/GITHUB/Athos/AthOS/REPO-AthOS/yaml-cpp/package-yaml-cpp/usr/include/gtest/internal/custom/README.md
-- Installing: /home/omen/GITHUB/Athos/AthOS/REPO-AthOS/yaml-cpp/package-yaml-cpp/usr/include/gtest/internal/custom/gtest.h
-- Installing: /home/omen/GITHUB/Athos/AthOS/REPO-AthOS/yaml-cpp/package-yaml-cpp/usr/include/gtest/internal/gtest-param-util.h
-- Installing: /home/omen/GITHUB/Athos/AthOS/REPO-AthOS/yaml-cpp/package-yaml-cpp/usr/include/gtest/internal/gtest-internal.h
-- Installing: /home/omen/GITHUB/Athos/AthOS/REPO-AthOS/yaml-cpp/package-yaml-cpp/usr/include/gtest/internal/gtest-type-util.h
-- Installing: /home/omen/GITHUB/Athos/AthOS/REPO-AthOS/yaml-cpp/package-yaml-cpp/usr/include/gtest/gtest.h
-- Installing: /home/omen/GITHUB/Athos/AthOS/REPO-AthOS/yaml-cpp/package-yaml-cpp/usr/include/gtest/gtest-matchers.h
-- Installing: /home/omen/GITHUB/Athos/AthOS/REPO-AthOS/yaml-cpp/package-yaml-cpp/usr/include/gtest/gtest-message.h
-- Installing: /home/omen/GITHUB/Athos/AthOS/REPO-AthOS/yaml-cpp/package-yaml-cpp/usr/lib64/libgtest.a
-- Installing: /home/omen/GITHUB/Athos/AthOS/REPO-AthOS/yaml-cpp/package-yaml-cpp/usr/lib64/libgtest_main.a
-- Installing: /home/omen/GITHUB/Athos/AthOS/REPO-AthOS/yaml-cpp/package-yaml-cpp/usr/lib64/pkgconfig/gtest.pc
-- Installing: /home/omen/GITHUB/Athos/AthOS/REPO-AthOS/yaml-cpp/package-yaml-cpp/usr/lib64/pkgconfig/gtest_main.pc
[32mThe main part of source code is ready. We are moving on to preparing post install scripts, docs, license, man pages etc..[0m
cp: cannot stat 'AUTHORS': No such file or directory
cp: cannot stat 'ChangeLog*': No such file or directory
cp: cannot stat 'COPYING': No such file or directory
cp: cannot stat 'CREDITS': No such file or directory
cp: cannot stat 'MAINTAINERS': No such file or directory
cp: cannot stat 'NEWS': No such file or directory
cp: cannot stat 'DOCS': No such file or directory
grep: /home/omen/GITHUB/Athos/AthOS/REPO-AthOS/yaml-cpp/yaml-cpp.info: No such file or directory
[32mPackaging compiled for slackware installation...[0m
[32mMAKEPKG_FLAGS is empty or unset, using default[0m

Slackware package maker, version 3.14159265.

Searching for symbolic links:
usr/lib64/libyaml-cpp.so	libyaml-cpp.so.0.8
usr/lib64/libyaml-cpp.so.0.8	libyaml-cpp.so.0.8.0

Making symbolic link creation script:
( cd usr/lib64 ; rm -rf libyaml-cpp.so )
( cd usr/lib64 ; ln -sf libyaml-cpp.so.0.8 libyaml-cpp.so )
( cd usr/lib64 ; rm -rf libyaml-cpp.so.0.8 )
( cd usr/lib64 ; ln -sf libyaml-cpp.so.0.8.0 libyaml-cpp.so.0.8 )

Unless your existing installation script already contains the code
to create these links, you should append these lines to your existing
install script. Now's your chance. :^)

Would you like to add this stuff to the existing install script and
remove the symbolic links ([y]es, [n]o)? y


Removing symbolic links:
removed './usr/lib64/libyaml-cpp.so'
removed './usr/lib64/libyaml-cpp.so.0.8'

Updating your ./install/doinst.sh...

This next step is optional - you can set the directories in your package
to some sane permissions. If any of the directories in your package have
special permissions, then DO NOT reset them here!

Would you like to reset all directory permissions to 755 (drwxr-xr-x) and
directory ownerships to root:root ([y]es, [n]o)? n


Creating Slackware package:  /tmp/yaml-cpp/yaml-cpp-0.8.0-x86_64-1_rtz.tlz

./
install/
install/doinst.sh
install/slack-desc
usr/
usr/doc/
usr/doc/yaml-cpp-0.8.0/
usr/doc/yaml-cpp-0.8.0/LICENSE
usr/doc/yaml-cpp-0.8.0/README.md
usr/doc/yaml-cpp-0.8.0/docs/
usr/doc/yaml-cpp-0.8.0/docs/Breaking-Changes.md
usr/doc/yaml-cpp-0.8.0/docs/How-To-Emit-YAML.md
usr/doc/yaml-cpp-0.8.0/docs/How-To-Parse-A-Document-(Old-API).md
usr/doc/yaml-cpp-0.8.0/docs/Strings.md
usr/doc/yaml-cpp-0.8.0/docs/Tutorial.md
usr/doc/yaml-cpp-0.8.0/docs/_config.yml
usr/doc/yaml-cpp-0.8.0/docs/index.md
usr/doc/yaml-cpp-0.8.0/yaml-cpp.ini
usr/include/
usr/include/gmock/
usr/include/gmock/gmock-actions.h
usr/include/gmock/gmock-cardinalities.h
usr/include/gmock/gmock-function-mocker.h
usr/include/gmock/gmock-matchers.h
usr/include/gmock/gmock-more-actions.h
usr/include/gmock/gmock-more-matchers.h
usr/include/gmock/gmock-nice-strict.h
usr/include/gmock/gmock-spec-builders.h
usr/include/gmock/gmock.h
usr/include/gmock/internal/
usr/include/gmock/internal/custom/
usr/include/gmock/internal/custom/README.md
usr/include/gmock/internal/custom/gmock-generated-actions.h
usr/include/gmock/internal/custom/gmock-matchers.h
usr/include/gmock/internal/custom/gmock-port.h
usr/include/gmock/internal/gmock-internal-utils.h
usr/include/gmock/internal/gmock-port.h
usr/include/gmock/internal/gmock-pp.h
usr/include/gtest/
usr/include/gtest/gtest-death-test.h
usr/include/gtest/gtest-matchers.h
usr/include/gtest/gtest-message.h
usr/include/gtest/gtest-param-test.h
usr/include/gtest/gtest-printers.h
usr/include/gtest/gtest-spi.h
usr/include/gtest/gtest-test-part.h
usr/include/gtest/gtest-typed-test.h
usr/include/gtest/gtest.h
usr/include/gtest/gtest_pred_impl.h
usr/include/gtest/gtest_prod.h
usr/include/gtest/internal/
usr/include/gtest/internal/custom/
usr/include/gtest/internal/custom/README.md
usr/include/gtest/internal/custom/gtest-port.h
usr/include/gtest/internal/custom/gtest-printers.h
usr/include/gtest/internal/custom/gtest.h
usr/include/gtest/internal/gtest-death-test-internal.h
usr/include/gtest/internal/gtest-filepath.h
usr/include/gtest/internal/gtest-internal.h
usr/include/gtest/internal/gtest-param-util.h
usr/include/gtest/internal/gtest-port-arch.h
usr/include/gtest/internal/gtest-port.h
usr/include/gtest/internal/gtest-string.h
usr/include/gtest/internal/gtest-type-util.h
usr/include/yaml-cpp/
usr/include/yaml-cpp/anchor.h
usr/include/yaml-cpp/binary.h
usr/include/yaml-cpp/contrib/
usr/include/yaml-cpp/contrib/anchordict.h
usr/include/yaml-cpp/contrib/graphbuilder.h
usr/include/yaml-cpp/depthguard.h
usr/include/yaml-cpp/dll.h
usr/include/yaml-cpp/emitfromevents.h
usr/include/yaml-cpp/emitter.h
usr/include/yaml-cpp/emitterdef.h
usr/include/yaml-cpp/emittermanip.h
usr/include/yaml-cpp/emitterstyle.h
usr/include/yaml-cpp/eventhandler.h
usr/include/yaml-cpp/exceptions.h
usr/include/yaml-cpp/mark.h
usr/include/yaml-cpp/node/
usr/include/yaml-cpp/node/convert.h
usr/include/yaml-cpp/node/detail/
usr/include/yaml-cpp/node/detail/impl.h
usr/include/yaml-cpp/node/detail/iterator.h
usr/include/yaml-cpp/node/detail/iterator_fwd.h
usr/include/yaml-cpp/node/detail/memory.h
usr/include/yaml-cpp/node/detail/node.h
usr/include/yaml-cpp/node/detail/node_data.h
usr/include/yaml-cpp/node/detail/node_iterator.h
usr/include/yaml-cpp/node/detail/node_ref.h
usr/include/yaml-cpp/node/emit.h
usr/include/yaml-cpp/node/impl.h
usr/include/yaml-cpp/node/iterator.h
usr/include/yaml-cpp/node/node.h
usr/include/yaml-cpp/node/parse.h
usr/include/yaml-cpp/node/ptr.h
usr/include/yaml-cpp/node/type.h
usr/include/yaml-cpp/noexcept.h
usr/include/yaml-cpp/null.h
usr/include/yaml-cpp/ostream_wrapper.h
usr/include/yaml-cpp/parser.h
usr/include/yaml-cpp/stlemitter.h
usr/include/yaml-cpp/traits.h
usr/include/yaml-cpp/yaml.h
usr/lib64/
usr/lib64/cmake/
usr/lib64/cmake/GTest/
usr/lib64/cmake/GTest/GTestConfig.cmake
usr/lib64/cmake/GTest/GTestConfigVersion.cmake
usr/lib64/cmake/GTest/GTestTargets-minsizerel.cmake
usr/lib64/cmake/GTest/GTestTargets.cmake
usr/lib64/cmake/yaml-cpp/
usr/lib64/cmake/yaml-cpp/yaml-cpp-config-version.cmake
usr/lib64/cmake/yaml-cpp/yaml-cpp-config.cmake
usr/lib64/cmake/yaml-cpp/yaml-cpp-targets-minsizerel.cmake
usr/lib64/cmake/yaml-cpp/yaml-cpp-targets.cmake
usr/lib64/libgmock.a
usr/lib64/libgmock_main.a
usr/lib64/libgtest.a
usr/lib64/libgtest_main.a
usr/lib64/libyaml-cpp.so.0.8.0
usr/lib64/pkgconfig/
usr/lib64/pkgconfig/gmock.pc
usr/lib64/pkgconfig/gmock_main.pc
usr/lib64/pkgconfig/gtest.pc
usr/lib64/pkgconfig/gtest_main.pc
usr/lib64/pkgconfig/yaml-cpp.pc

Slackware package /tmp/yaml-cpp/yaml-cpp-0.8.0-x86_64-1_rtz.tlz created.

Create shared object file for yaml-cpp-0.8.0-x86_64-1_rtz.tlz
Creating /tmp/yaml-cpp/yaml-cpp-0.8.0-x86_64-1_rtz.tlz.so.file using /tmp/yaml-cpp/yaml-cpp-0.8.0-x86_64-1_rtz.tlz
Successfully created /tmp/yaml-cpp/yaml-cpp-0.8.0-x86_64-1_rtz.tlz.so.file
Packaging of executable and meta-data in yaml-cpp.tar.lz4 format.
/tmp/yaml-cpp /tmp/yaml-cpp
/tmp/yaml-cpp
BIN_NAME
README
makepkg-yaml-cpp.log
yaml-cpp-0.8.0-x86_64-1_rtz.tlz
yaml-cpp-0.8.0-x86_64-1_rtz.tlz.md5
yaml-cpp-0.8.0-x86_64-1_rtz.tlz.so.file
yaml-cpp-0.8.0-x86_64-1_rtz.tlz.txt
[32myaml-cpp build finished. Procced to installation...[0m

+===================================================================================================+
| Upgrading yaml-cpp-0.8.0-x86_64-1_rtz package using /tmp/yaml-cpp/yaml-cpp-0.8.0-x86_64-1_rtz.tlz |
+===================================================================================================+

Pre-installing package yaml-cpp-0.8.0-x86_64-1_rtz...
Removing package: yaml-cpp-0.8.0-x86_64-1_rtz-upgraded-2025-05-21,19:05:13
Installing package yaml-cpp-0.8.0-x86_64-1_rtz.tlz:
PACKAGE DESCRIPTION:
# yaml-cpp (YAML parser)
#
# YAML parser and emitter in C++ matching YAML 1.2 spec
#
# https://github.com/jbeder/yaml-cpp
Executing install script for yaml-cpp-0.8.0-x86_64-1_rtz.tlz.
Font directories:
	/usr/share/fonts
/usr/share/fonts: caching, new cache contents: 0 fonts, 11 dirs
/usr/share/fonts/100dpi: caching, new cache contents: 238 fonts, 0 dirs
/usr/share/fonts/75dpi: caching, new cache contents: 238 fonts, 0 dirs
/usr/share/fonts/OTF: caching, new cache contents: 124 fonts, 0 dirs
/usr/share/fonts/Speedo: caching, new cache contents: 0 fonts, 0 dirs
/usr/share/fonts/TTF: caching, new cache contents: 1132 fonts, 0 dirs
/usr/share/fonts/Type1: caching, new cache contents: 64 fonts, 0 dirs
/usr/share/fonts/cyrillic: caching, new cache contents: 0 fonts, 0 dirs
/usr/share/fonts/encodings: caching, new cache contents: 0 fonts, 1 dirs
/usr/share/fonts/encodings/large: caching, new cache contents: 0 fonts, 0 dirs
/usr/share/fonts/kanjistrokeorders: caching, new cache contents: 1 fonts, 0 dirs
/usr/share/fonts/misc: caching, new cache contents: 143 fonts, 0 dirs
/usr/share/fonts/util: caching, new cache contents: 0 fonts, 0 dirs
/var/cache/fontconfig: cleaning cache directory
/root/.cache/fontconfig: not cleaning non-existent cache directory
/root/.fontconfig: not cleaning non-existent cache directory
/usr/bin/fc-cache: succeeded
Package yaml-cpp-0.8.0-x86_64-1_rtz.tlz installed.
Package yaml-cpp-0.8.0-x86_64-1_rtz upgraded with new package /tmp/yaml-cpp/yaml-cpp-0.8.0-x86_64-1_rtz.tlz.
[32mCleaning environmet: Removing source code, and work-space...[0m
rm: cannot remove 'yaml-cpp-0.8.0.tar.gz': No such file or directory
