Starting build process...
Detected architecture: x86_64
Required dependencies: extra-cmake-modules kirigami kirigami-addons	kconfig	kcoreaddons	kdeclarative	kfilemetadata	kguiaddons	ki18n	kio	knotifications	kquickimageeditor
extra-cmake-modules is already installed!
kirigami is already installed!
kirigami-addons is already installed!
kconfig is already installed!
kcoreaddons is already installed!
kdeclarative is already installed!
kfilemetadata is already installed!
kguiaddons is already installed!
ki18n is already installed!
kio is already installed!
knotifications is already installed!
kquickimageeditor is already installed!
No optional dependencies found.
Downloading source code tar.xz file
--2025-05-11 00:39:21--  https://download.kde.org/stable/release-service/25.04.1/src/koko-25.04.1.tar.xz
Resolving download.kde.org (download.kde.org)... 49.12.122.15, 2a01:4f8:242:53eb::4
Connecting to download.kde.org (download.kde.org)|49.12.122.15|:443... connected.
HTTP request sent, awaiting response... 302 Found
Location: https://ftp.cc.uoc.gr/mirrors/kde/stable/release-service/25.04.1/src/koko-25.04.1.tar.xz [following]
--2025-05-11 00:39:21--  https://ftp.cc.uoc.gr/mirrors/kde/stable/release-service/25.04.1/src/koko-25.04.1.tar.xz
Resolving ftp.cc.uoc.gr (ftp.cc.uoc.gr)... 147.52.159.50, 2001:648:2c00:6c08::2
Connecting to ftp.cc.uoc.gr (ftp.cc.uoc.gr)|147.52.159.50|:443... connected.
HTTP request sent, awaiting response... 200 OK
Length: 8542716 (8.1M) [application/octet-stream]
Saving to: ‘koko-25.04.1.tar.xz’

     0K .......... .......... .......... .......... ..........  0% 1.34M 6s
    50K .......... .......... .......... .......... ..........  1% 1.43M 6s
   100K .......... .......... .......... .......... ..........  1% 5.29M 4s
   150K .......... .......... .......... .......... ..........  2% 2.15M 4s
   200K .......... .......... .......... .......... ..........  2% 5.25M 4s
   250K .......... .......... .......... .......... ..........  3% 5.08M 3s
   300K .......... .......... .......... .......... ..........  4% 6.89M 3s
   350K .......... .......... .......... .......... ..........  4%  551K 4s
   400K .......... .......... .......... .......... ..........  5%  179M 4s
   450K .......... .......... .......... .......... ..........  5%  422M 3s
   500K .......... .......... .......... .......... ..........  6%  591M 3s
   550K .......... .......... .......... .......... ..........  7%  608M 3s
   600K .......... .......... .......... .......... ..........  7%  641M 3s
   650K .......... .......... .......... .......... ..........  8%  634M 2s
   700K .......... .......... .......... .......... ..........  8%  645M 2s
   750K .......... .......... .......... .......... ..........  9%  496M 2s
   800K .......... .......... .......... .......... .......... 10%  643M 2s
   850K .......... .......... .......... .......... .......... 10% 5.71M 2s
   900K .......... .......... .......... .......... .......... 11% 5.45M 2s
   950K .......... .......... .......... .......... .......... 11% 6.52M 2s
  1000K .......... .......... .......... .......... .......... 12% 5.14M 2s
  1050K .......... .......... .......... .......... .......... 13% 5.91M 2s
  1100K .......... .......... .......... .......... .......... 13% 6.48M 2s
  1150K .......... .......... .......... .......... .......... 14% 4.02M 2s
  1200K .......... .......... .......... .......... .......... 14% 6.42M 2s
  1250K .......... .......... .......... .......... .......... 15% 4.88M 2s
  1300K .......... .......... .......... .......... .......... 16% 6.74M 2s
  1350K .......... .......... .......... .......... .......... 16% 6.59M 2s
  1400K .......... .......... .......... .......... .......... 17% 5.31M 2s
  1450K .......... .......... .......... .......... .......... 17% 4.99M 2s
  1500K .......... .......... .......... .......... .......... 18% 6.51M 1s
  1550K .......... .......... .......... .......... .......... 19% 4.25M 1s
  1600K .......... .......... .......... .......... .......... 19% 6.54M 1s
  1650K .......... .......... .......... .......... .......... 20% 4.78M 1s
  1700K .......... .......... .......... .......... .......... 20% 6.28M 1s
  1750K .......... .......... .......... .......... .......... 21%  908K 2s
  1800K .......... .......... .......... .......... .......... 22%  325M 2s
  1850K .......... .......... .......... .......... .......... 22%  349M 1s
  1900K .......... .......... .......... .......... .......... 23%  343M 1s
  1950K .......... .......... .......... .......... .......... 23%  238M 1s
  2000K .......... .......... .......... .......... .......... 24%  603M 1s
  2050K .......... .......... .......... .......... .......... 25% 5.28M 1s
  2100K .......... .......... .......... .......... .......... 25%  830K 1s
  2150K .......... .......... .......... .......... .......... 26% 8.51M 1s
  2200K .......... .......... .......... .......... .......... 26% 6.73M 1s
  2250K .......... .......... .......... .......... .......... 27% 5.01M 1s
  2300K .......... .......... .......... .......... .......... 28% 6.25M 1s
  2350K .......... .......... .......... .......... .......... 28% 6.79M 1s
  2400K .......... .......... .......... .......... .......... 29% 2.88M 1s
  2450K .......... .......... .......... .......... .......... 29% 3.46M 1s
  2500K .......... .......... .......... .......... .......... 30% 2.97M 1s
  2550K .......... .......... .......... .......... .......... 31% 3.19M 1s
  2600K .......... .......... .......... .......... .......... 31% 4.63M 1s
  2650K .......... .......... .......... .......... .......... 32% 2.25M 1s
  2700K .......... .......... .......... .......... .......... 32% 4.79M 1s
  2750K .......... .......... .......... .......... .......... 33% 1.97M 1s
  2800K .......... .......... .......... .......... .......... 34% 6.99M 1s
  2850K .......... .......... .......... .......... .......... 34% 2.87M 1s
  2900K .......... .......... .......... .......... .......... 35% 3.27M 1s
  2950K .......... .......... .......... .......... .......... 35% 3.97M 1s
  3000K .......... .......... .......... .......... .......... 36% 2.37M 1s
  3050K .......... .......... .......... .......... .......... 37% 6.61M 1s
  3100K .......... .......... .......... .......... .......... 37% 2.57M 1s
  3150K .......... .......... .......... .......... .......... 38% 3.33M 1s
  3200K .......... .......... .......... .......... .......... 38% 3.04M 1s
  3250K .......... .......... .......... .......... .......... 39% 3.42M 1s
  3300K .......... .......... .......... .......... .......... 40% 5.27M 1s
  3350K .......... .......... .......... .......... .......... 40% 2.17M 1s
  3400K .......... .......... .......... .......... .......... 41% 6.92M 1s
  3450K .......... .......... .......... .......... .......... 41% 2.60M 1s
  3500K .......... .......... .......... .......... .......... 42% 4.39M 1s
  3550K .......... .......... .......... .......... .......... 43% 2.84M 1s
  3600K .......... .......... .......... .......... .......... 43% 3.09M 1s
  3650K .......... .......... .......... .......... .......... 44% 5.14M 1s
  3700K .......... .......... .......... .......... .......... 44% 2.21M 1s
  3750K .......... .......... .......... .......... .......... 45% 6.60M 1s
  3800K .......... .......... .......... .......... .......... 46% 5.47M 1s
  3850K .......... .......... .......... .......... .......... 46% 2.45M 1s
  3900K .......... .......... .......... .......... .......... 47% 5.27M 1s
  3950K .......... .......... .......... .......... .......... 47% 2.05M 1s
  4000K .......... .......... .......... .......... .......... 48% 5.23M 1s
  4050K .......... .......... .......... .......... .......... 49% 4.47M 1s
  4100K .......... .......... .......... .......... .......... 49% 2.58M 1s
  4150K .......... .......... .......... .......... .......... 50% 7.46M 1s
  4200K .......... .......... .......... .......... .......... 50% 2.07M 1s
  4250K .......... .......... .......... .......... .......... 51% 7.66M 1s
  4300K .......... .......... .......... .......... .......... 52% 5.11M 1s
  4350K .......... .......... .......... .......... .......... 52% 2.10M 1s
  4400K .......... .......... .......... .......... .......... 53% 5.35M 1s
  4450K .......... .......... .......... .......... .......... 53% 2.40M 1s
  4500K .......... .......... .......... .......... .......... 54% 7.07M 1s
  4550K .......... .......... .......... .......... .......... 55% 5.41M 1s
  4600K .......... .......... .......... .......... .......... 55% 2.31M 1s
  4650K .......... .......... .......... .......... .......... 56% 6.81M 1s
  4700K .......... .......... .......... .......... .......... 56% 3.13M 1s
  4750K .......... .......... .......... .......... .......... 57% 2.87M 1s
  4800K .......... .......... .......... .......... .......... 58% 5.34M 1s
  4850K .......... .......... .......... .......... .......... 58% 2.43M 1s
  4900K .......... .......... .......... .......... .......... 59% 7.09M 1s
  4950K .......... .......... .......... .......... .......... 59% 3.01M 1s
  5000K .......... .......... .......... .......... .......... 60% 4.38M 1s
  5050K .......... .......... .......... .......... .......... 61% 5.13M 1s
  5100K .......... .......... .......... .......... .......... 61% 3.11M 1s
  5150K .......... .......... .......... .......... .......... 62% 2.88M 1s
  5200K .......... .......... .......... .......... .......... 62% 6.77M 1s
  5250K .......... .......... .......... .......... .......... 63% 2.40M 1s
  5300K .......... .......... .......... .......... .......... 64% 5.29M 1s
  5350K .......... .......... .......... .......... .......... 64% 3.80M 1s
  5400K .......... .......... .......... .......... .......... 65% 3.42M 1s
  5450K .......... .......... .......... .......... .......... 65% 6.60M 1s
  5500K .......... .......... .......... .......... .......... 66% 3.29M 1s
  5550K .......... .......... .......... .......... .......... 67% 2.74M 1s
  5600K .......... .......... .......... .......... .......... 67% 7.04M 1s
  5650K .......... .......... .......... .......... .......... 68% 2.40M 1s
  5700K .......... .......... .......... .......... .......... 68% 5.08M 1s
  5750K .......... .......... .......... .......... .......... 69% 4.21M 1s
  5800K .......... .......... .......... .......... .......... 70% 3.65M 1s
  5850K .......... .......... .......... .......... .......... 70% 5.29M 1s
  5900K .......... .......... .......... .......... .......... 71% 4.22M 1s
  5950K .......... .......... .......... .......... .......... 71% 2.68M 1s
  6000K .......... .......... .......... .......... .......... 72% 4.73M 1s
  6050K .......... .......... .......... .......... .......... 73% 2.88M 1s
  6100K .......... .......... .......... .......... .......... 73% 5.22M 1s
  6150K .......... .......... .......... .......... .......... 74% 5.29M 1s
  6200K .......... .......... .......... .......... .......... 74% 2.70M 1s
  6250K .......... .......... .......... .......... .......... 75% 6.60M 1s
  6300K .......... .......... .......... .......... .......... 76% 5.14M 1s
  6350K .......... .......... .......... .......... .......... 76% 2.38M 0s
  6400K .......... .......... .......... .......... .......... 77% 5.42M 0s
  6450K .......... .......... .......... .......... .......... 77% 4.43M 0s
  6500K .......... .......... .......... .......... .......... 78% 3.00M 0s
  6550K .......... .......... .......... .......... .......... 79% 4.87M 0s
  6600K .......... .......... .......... .......... .......... 79% 6.08M 0s
  6650K .......... .......... .......... .......... .......... 80% 3.01M 0s
  6700K .......... .......... .......... .......... .......... 80% 4.97M 0s
  6750K .......... .......... .......... .......... .......... 81% 2.33M 0s
  6800K .......... .......... .......... .......... .......... 82% 6.52M 0s
  6850K .......... .......... .......... .......... .......... 82% 4.61M 0s
  6900K .......... .......... .......... .......... .......... 83% 3.03M 0s
  6950K .......... .......... .......... .......... .......... 83% 5.28M 0s
  7000K .......... .......... .......... .......... .......... 84% 5.39M 0s
  7050K .......... .......... .......... .......... .......... 85% 3.01M 0s
  7100K .......... .......... .......... .......... .......... 85% 5.11M 0s
  7150K .......... .......... .......... .......... .......... 86% 4.43M 0s
  7200K .......... .......... .......... .......... .......... 86% 2.87M 0s
  7250K .......... .......... .......... .......... .......... 87% 4.61M 0s
  7300K .......... .......... .......... .......... .......... 88% 6.28M 0s
  7350K .......... .......... .......... .......... .......... 88% 3.18M 0s
  7400K .......... .......... .......... .......... .......... 89% 4.99M 0s
  7450K .......... .......... .......... .......... .......... 89% 5.21M 0s
  7500K .......... .......... .......... .......... .......... 90% 2.78M 0s
  7550K .......... .......... .......... .......... .......... 91% 4.86M 0s
  7600K .......... .......... .......... .......... .......... 91% 2.80M 0s
  7650K .......... .......... .......... .......... .......... 92% 5.14M 0s
  7700K .......... .......... .......... .......... .......... 92% 6.80M 0s
  7750K .......... .......... .......... .......... .......... 93% 2.77M 0s
  7800K .......... .......... .......... .......... .......... 94% 6.41M 0s
  7850K .......... .......... .......... .......... .......... 94% 4.89M 0s
  7900K .......... .......... .......... .......... .......... 95% 6.42M 0s
  7950K .......... .......... .......... .......... .......... 95% 2.30M 0s
  8000K .......... .......... .......... .......... .......... 96% 6.76M 0s
  8050K .......... .......... .......... .......... .......... 97% 3.09M 0s
  8100K .......... .......... .......... .......... .......... 97% 5.16M 0s
  8150K .......... .......... .......... .......... .......... 98% 5.12M 0s
  8200K .......... .......... .......... .......... .......... 98% 3.22M 0s
  8250K .......... .......... .......... .......... .......... 99% 4.94M 0s
  8300K .......... .......... .......... .......... ..        100% 5.76M=2.1s

2025-05-11 00:39:23 (3.87 MB/s) - ‘koko-25.04.1.tar.xz’ saved [8542716/8542716]

Found file: koko-25.04.1.tar.xz
No checksum provided. Skipping checksum verification and proceeding...
Creating working directories and exporting source code in...
koko-25.04.1/
koko-25.04.1/icons/
koko-25.04.1/icons/org.kde.koko.svg
koko-25.04.1/icons/org.kde.koko.svg.license
koko-25.04.1/icons/CMakeLists.txt
koko-25.04.1/README.md
koko-25.04.1/LICENSES/
koko-25.04.1/LICENSES/CC-BY-4.0.txt
koko-25.04.1/LICENSES/BSD-3-Clause.txt
koko-25.04.1/LICENSES/LGPL-3.0-only.txt
koko-25.04.1/LICENSES/LGPL-2.1-only.txt
koko-25.04.1/LICENSES/CC0-1.0.txt
koko-25.04.1/LICENSES/LGPL-2.1-or-later.txt
koko-25.04.1/LICENSES/LGPL-2.0-or-later.txt
koko-25.04.1/LICENSES/LicenseRef-KDE-Accepted-LGPL.txt
koko-25.04.1/.gitlab-ci.yml
koko-25.04.1/logo.png
koko-25.04.1/snapcraft.yaml
koko-25.04.1/AndroidManifest.xml
koko-25.04.1/.kde-ci.yml
koko-25.04.1/org.kde.koko.appdata.xml
koko-25.04.1/.flatpak-manifest.json.license
koko-25.04.1/flatpak/
koko-25.04.1/flatpak/admin2Codes.txt.license
koko-25.04.1/flatpak/admin2Codes.txt
koko-25.04.1/flatpak/admin1CodesASCII.txt
koko-25.04.1/flatpak/admin1CodesASCII.txt.license
koko-25.04.1/flatpak/cities1000.zip.license
koko-25.04.1/flatpak/cities1000.zip
koko-25.04.1/po/
koko-25.04.1/po/bg/
koko-25.04.1/po/bg/koko.po
koko-25.04.1/po/pt/
koko-25.04.1/po/pt/koko.po
koko-25.04.1/po/nn/
koko-25.04.1/po/nn/koko.po
koko-25.04.1/po/pl/
koko-25.04.1/po/pl/koko.po
koko-25.04.1/po/ja/
koko-25.04.1/po/ja/koko.po
koko-25.04.1/po/pa/
koko-25.04.1/po/pa/koko.po
koko-25.04.1/po/zh_CN/
koko-25.04.1/po/zh_CN/koko.po
koko-25.04.1/po/cs/
koko-25.04.1/po/cs/koko.po
koko-25.04.1/po/es/
koko-25.04.1/po/es/koko.po
koko-25.04.1/po/ka/
koko-25.04.1/po/ka/koko.po
koko-25.04.1/po/tr/
koko-25.04.1/po/tr/koko.po
koko-25.04.1/po/ca/
koko-25.04.1/po/ca/koko.po
koko-25.04.1/po/ca@valencia/
koko-25.04.1/po/ca@valencia/koko.po
koko-25.04.1/po/gl/
koko-25.04.1/po/gl/koko.po
koko-25.04.1/po/eo/
koko-25.04.1/po/eo/koko.po
koko-25.04.1/po/nl/
koko-25.04.1/po/nl/koko.po
koko-25.04.1/po/hu/
koko-25.04.1/po/hu/koko.po
koko-25.04.1/po/eu/
koko-25.04.1/po/eu/koko.po
koko-25.04.1/po/lv/
koko-25.04.1/po/lv/koko.po
koko-25.04.1/po/fr/
koko-25.04.1/po/fr/koko.po
koko-25.04.1/po/hi/
koko-25.04.1/po/hi/koko.po
koko-25.04.1/po/sl/
koko-25.04.1/po/sl/koko.po
koko-25.04.1/po/he/
koko-25.04.1/po/he/koko.po
koko-25.04.1/po/de/
koko-25.04.1/po/de/koko.po
koko-25.04.1/po/ar/
koko-25.04.1/po/ar/koko.po
koko-25.04.1/po/sk/
koko-25.04.1/po/sk/koko.po
koko-25.04.1/po/zh_TW/
koko-25.04.1/po/zh_TW/koko.po
koko-25.04.1/po/it/
koko-25.04.1/po/it/koko.po
koko-25.04.1/po/el/
koko-25.04.1/po/el/koko.po
koko-25.04.1/po/da/
koko-25.04.1/po/da/koko.po
koko-25.04.1/po/pt_BR/
koko-25.04.1/po/pt_BR/koko.po
koko-25.04.1/po/ru/
koko-25.04.1/po/ru/koko.po
koko-25.04.1/po/ia/
koko-25.04.1/po/ia/koko.po
koko-25.04.1/po/sv/
koko-25.04.1/po/sv/koko.po
koko-25.04.1/po/fi/
koko-25.04.1/po/fi/koko.po
koko-25.04.1/po/ast/
koko-25.04.1/po/ast/koko.po
koko-25.04.1/po/lt/
koko-25.04.1/po/lt/koko.po
koko-25.04.1/po/sa/
koko-25.04.1/po/sa/koko.po
koko-25.04.1/po/ko/
koko-25.04.1/po/ko/koko.po
koko-25.04.1/po/en_GB/
koko-25.04.1/po/en_GB/koko.po
koko-25.04.1/po/uk/
koko-25.04.1/po/uk/koko.po
koko-25.04.1/logo.png.license
koko-25.04.1/.flatpak-manifest.json
koko-25.04.1/autotests/
koko-25.04.1/autotests/fileinfotest.cpp
koko-25.04.1/autotests/reversegeocodertest.cpp
koko-25.04.1/autotests/kdtreetest.cpp
koko-25.04.1/autotests/CMakeLists.txt
koko-25.04.1/CMakeLists.txt
koko-25.04.1/src/
koko-25.04.1/src/processor.h
koko-25.04.1/src/imagelocationmodel.h
koko-25.04.1/src/filesystemtracker.h
koko-25.04.1/src/controller.h
koko-25.04.1/src/reversegeocoder.cpp
koko-25.04.1/src/fileinfo.cpp
koko-25.04.1/src/imagestorage.cpp
koko-25.04.1/src/kokoconfig.kcfg
koko-25.04.1/src/imagetagsmodel.cpp
koko-25.04.1/src/koko.notifyrc
koko-25.04.1/src/imagefoldermodel.h
koko-25.04.1/src/displaycolorspace.h
koko-25.04.1/src/roles.h
koko-25.04.1/src/filesystemimagefetcher.cpp
koko-25.04.1/src/imagestorage.h
koko-25.04.1/src/imagelocationmodel.cpp
koko-25.04.1/src/filemenu.h
koko-25.04.1/src/controller.cpp
koko-25.04.1/src/Messages.sh
koko-25.04.1/src/imageprocessorrunnable.h
koko-25.04.1/src/fileinfo.h
koko-25.04.1/src/filesystemtracker.cpp
koko-25.04.1/src/dirmodelutils.cpp
koko-25.04.1/src/exiv2extractor.h
koko-25.04.1/src/types.cpp
koko-25.04.1/src/types.h
koko-25.04.1/src/kdtree.cpp
koko-25.04.1/src/openfilemodel.cpp
koko-25.04.1/src/imagelistmodel.cpp
koko-25.04.1/src/imagefoldermodel.cpp
koko-25.04.1/src/qml/
koko-25.04.1/src/qml/PlacesPage.qml
koko-25.04.1/src/qml/AlbumView.qml
koko-25.04.1/src/qml/imagedelegate/
koko-25.04.1/src/qml/imagedelegate/VideoDelegate.qml
koko-25.04.1/src/qml/imagedelegate/RasterImageDelegate.qml
koko-25.04.1/src/qml/imagedelegate/VideoPlayer.qml
koko-25.04.1/src/qml/imagedelegate/AnimatedImageDelegate.qml
koko-25.04.1/src/qml/imagedelegate/VectorImageDelegate.qml
koko-25.04.1/src/qml/imagedelegate/BaseImageDelegate.qml
koko-25.04.1/src/qml/BottomNavBar.qml
koko-25.04.1/src/qml/SelectionButton.qml
koko-25.04.1/src/qml/Dialog/
koko-25.04.1/src/qml/Dialog/ConfirmDiscardingChange.qml
koko-25.04.1/src/qml/SettingsPage.qml
koko-25.04.1/src/qml/Sidebar.qml
koko-25.04.1/src/qml/ShareAction.qml
koko-25.04.1/src/qml/TagInput.qml
koko-25.04.1/src/qml/SlideshowManager.qml
koko-25.04.1/src/qml/ZoomArea.qml
koko-25.04.1/src/qml/EditorView.qml
koko-25.04.1/src/qml/ImageViewPage.qml
koko-25.04.1/src/qml/ShareDrawer.qml
koko-25.04.1/src/qml/ShareDialog.qml
koko-25.04.1/src/qml/InfoDrawerSidebarBase.qml
koko-25.04.1/src/qml/OverviewControl.qml
koko-25.04.1/src/qml/ThumbnailStrip.qml
koko-25.04.1/src/qml/InfoDrawer.qml
koko-25.04.1/src/qml/AlbumDelegate.qml
koko-25.04.1/src/qml/Main.qml
koko-25.04.1/src/qml/InfoSidebar.qml
koko-25.04.1/src/countries.csv.license
koko-25.04.1/src/sortmodel.cpp
koko-25.04.1/src/committimer.h
koko-25.04.1/src/vectorimage.h
koko-25.04.1/src/openfilemodel.h
koko-25.04.1/src/imagetimemodel.cpp
koko-25.04.1/src/imageprocessorrunnable.cpp
koko-25.04.1/src/notificationmanager.h
koko-25.04.1/src/kdtree.h
koko-25.04.1/src/countries.csv
koko-25.04.1/src/filesystemimagefetcher.h
koko-25.04.1/src/sortmodel.h
koko-25.04.1/src/displaycolorspace.cpp
koko-25.04.1/src/main.cpp
koko-25.04.1/src/imagefavoritesmodel.cpp
koko-25.04.1/src/reversegeocoder.h
koko-25.04.1/src/exiv2extractor.cpp
koko-25.04.1/src/filemenu.cpp
koko-25.04.1/src/imageinfomodel.h
koko-25.04.1/src/imagelistmodel.h
koko-25.04.1/src/org.kde.koko.desktop
koko-25.04.1/src/committimer.cpp
koko-25.04.1/src/kokoconfig.kcfgc
koko-25.04.1/src/resources.qrc
koko-25.04.1/src/CMakeLists.txt
koko-25.04.1/src/vectorimage.cpp
koko-25.04.1/src/imagetagsmodel.h
koko-25.04.1/src/roles.cpp
koko-25.04.1/src/notificationmanager.cpp
koko-25.04.1/src/processor.cpp
koko-25.04.1/src/imagefavoritesmodel.h
koko-25.04.1/src/imagetimemodel.h
koko-25.04.1/src/dirmodelutils.h
koko-25.04.1/.gitignore
/home/omen/GITHUB/PLASMA_WORLD/AthOS/REPO-AthOS/koko/work
README or README.md already exists, skipping creation.
hm...lets continue and see what happens
--2025-05-11 00:39:23--  http://download.geonames.org/export/dump/cities1000.zip
Resolving download.geonames.org (download.geonames.org)... 5.9.152.54
Connecting to download.geonames.org (download.geonames.org)|5.9.152.54|:80... connected.
HTTP request sent, awaiting response... 200 OK
Length: 9544173 (9.1M) [application/zip]
Saving to: ‘cities1000.zip’

     0K .......... .......... .......... .......... ..........  0%  396K 23s
    50K .......... .......... .......... .......... ..........  1%  799K 17s
   100K .......... .......... .......... .......... ..........  1% 7.09M 12s
   150K .......... .......... .......... .......... ..........  2% 5.30M 9s
   200K .......... .......... .......... .......... ..........  2%  950K 9s
   250K .......... .......... .......... .......... ..........  3% 5.13M 8s
   300K .......... .......... .......... .......... ..........  3% 6.24M 7s
   350K .......... .......... .......... .......... ..........  4%  585K 8s
   400K .......... .......... .......... .......... ..........  4% 2.62M 7s
   450K .......... .......... .......... .......... ..........  5%  386M 7s
   500K .......... .......... .......... .......... ..........  5%  527M 6s
   550K .......... .......... .......... .......... ..........  6% 1.81M 6s
   600K .......... .......... .......... .......... ..........  6% 9.56M 5s
   650K .......... .......... .......... .......... ..........  7% 6.47M 5s
   700K .......... .......... .......... .......... ..........  8% 10.8M 5s
   750K .......... .......... .......... .......... ..........  8% 93.1T 5s
   800K .......... .......... .......... .......... ..........  9%  257M 4s
   850K .......... .......... .......... .......... ..........  9% 6.40M 4s
   900K .......... .......... .......... .......... .......... 10% 3.07M 4s
   950K .......... .......... .......... .......... .......... 10% 3.84M 4s
  1000K .......... .......... .......... .......... .......... 11% 4.95M 4s
  1050K .......... .......... .......... .......... .......... 11% 4.07M 4s
  1100K .......... .......... .......... .......... .......... 12% 5.16M 3s
  1150K .......... .......... .......... .......... .......... 12% 3.19M 3s
  1200K .......... .......... .......... .......... .......... 13% 3.64M 3s
  1250K .......... .......... .......... .......... .......... 13% 4.85M 3s
  1300K .......... .......... .......... .......... .......... 14% 4.35M 3s
  1350K .......... .......... .......... .......... .......... 15% 4.62M 3s
  1400K .......... .......... .......... .......... .......... 15% 5.31M 3s
  1450K .......... .......... .......... .......... .......... 16% 3.11M 3s
  1500K .......... .......... .......... .......... .......... 16% 3.65M 3s
  1550K .......... .......... .......... .......... .......... 17% 4.87M 3s
  1600K .......... .......... .......... .......... .......... 17% 5.49M 3s
  1650K .......... .......... .......... .......... .......... 18% 4.88M 3s
  1700K .......... .......... .......... .......... .......... 18% 3.99M 3s
  1750K .......... .......... .......... .......... .......... 19% 3.00M 3s
  1800K .......... .......... .......... .......... .......... 19% 4.52M 3s
  1850K .......... .......... .......... .......... .......... 20% 5.47M 3s
  1900K .......... .......... .......... .......... .......... 20% 4.89M 3s
  1950K .......... .......... .......... .......... .......... 21% 5.09M 3s
  2000K .......... .......... .......... .......... .......... 21% 3.33M 2s
  2050K .......... .......... .......... .......... .......... 22% 3.59M 2s
  2100K .......... .......... .......... .......... .......... 23% 5.30M 2s
  2150K .......... .......... .......... .......... .......... 23% 4.85M 2s
  2200K .......... .......... .......... .......... .......... 24% 4.85M 2s
  2250K .......... .......... .......... .......... .......... 24% 4.24M 2s
  2300K .......... .......... .......... .......... .......... 25% 2.98M 2s
  2350K .......... .......... .......... .......... .......... 25% 4.88M 2s
  2400K .......... .......... .......... .......... .......... 26% 5.45M 2s
  2450K .......... .......... .......... .......... .......... 26% 4.14M 2s
  2500K .......... .......... .......... .......... .......... 27% 6.53M 2s
  2550K .......... .......... .......... .......... .......... 27% 3.49M 2s
  2600K .......... .......... .......... .......... .......... 28% 3.61M 2s
  2650K .......... .......... .......... .......... .......... 28% 4.56M 2s
  2700K .......... .......... .......... .......... .......... 29% 6.14M 2s
  2750K .......... .......... .......... .......... .......... 30% 4.15M 2s
  2800K .......... .......... .......... .......... .......... 30% 5.07M 2s
  2850K .......... .......... .......... .......... .......... 31% 3.59M 2s
  2900K .......... .......... .......... .......... .......... 31% 3.88M 2s
  2950K .......... .......... .......... .......... .......... 32% 4.76M 2s
  3000K .......... .......... .......... .......... .......... 32% 5.11M 2s
  3050K .......... .......... .......... .......... .......... 33% 4.72M 2s
  3100K .......... .......... .......... .......... .......... 33% 4.74M 2s
  3150K .......... .......... .......... .......... .......... 34% 3.57M 2s
  3200K .......... .......... .......... .......... .......... 34% 3.96M 2s
  3250K .......... .......... .......... .......... .......... 35% 3.99M 2s
  3300K .......... .......... .......... .......... .......... 35% 4.74M 2s
  3350K .......... .......... .......... .......... .......... 36% 4.99M 2s
  3400K .......... .......... .......... .......... .......... 37% 4.19M 2s
  3450K .......... .......... .......... .......... .......... 37% 4.25M 2s
  3500K .......... .......... .......... .......... .......... 38% 4.62M 2s
  3550K .......... .......... .......... .......... .......... 38% 4.01M 2s
  3600K .......... .......... .......... .......... .......... 39% 4.96M 2s
  3650K .......... .......... .......... .......... .......... 39% 3.92M 2s
  3700K .......... .......... .......... .......... .......... 40% 5.17M 2s
  3750K .......... .......... .......... .......... .......... 40% 5.02M 2s
  3800K .......... .......... .......... .......... .......... 41% 3.75M 2s
  3850K .......... .......... .......... .......... .......... 41% 4.81M 2s
  3900K .......... .......... .......... .......... .......... 42% 4.20M 2s
  3950K .......... .......... .......... .......... .......... 42% 5.17M 2s
  4000K .......... .......... .......... .......... .......... 43% 3.83M 1s
  4050K .......... .......... .......... .......... .......... 43% 5.03M 1s
  4100K .......... .......... .......... .......... .......... 44% 4.13M 1s
  4150K .......... .......... .......... .......... .......... 45% 4.99M 1s
  4200K .......... .......... .......... .......... .......... 45% 4.97M 1s
  4250K .......... .......... .......... .......... .......... 46% 3.65M 1s
  4300K .......... .......... .......... .......... .......... 46% 5.14M 1s
  4350K .......... .......... .......... .......... .......... 47% 4.76M 1s
  4400K .......... .......... .......... .......... .......... 47% 4.71M 1s
  4450K .......... .......... .......... .......... .......... 48% 4.29M 1s
  4500K .......... .......... .......... .......... .......... 48% 4.16M 1s
  4550K .......... .......... .......... .......... .......... 49% 4.45M 1s
  4600K .......... .......... .......... .......... .......... 49% 5.37M 1s
  4650K .......... .......... .......... .......... .......... 50% 5.05M 1s
  4700K .......... .......... .......... .......... .......... 50% 4.24M 1s
  4750K .......... .......... .......... .......... .......... 51% 5.14M 1s
  4800K .......... .......... .......... .......... .......... 52% 4.07M 1s
  4850K .......... .......... .......... .......... .......... 52% 4.78M 1s
  4900K .......... .......... .......... .......... .......... 53% 5.27M 1s
  4950K .......... .......... .......... .......... .......... 53% 3.99M 1s
  5000K .......... .......... .......... .......... .......... 54% 4.53M 1s
  5050K .......... .......... .......... .......... .......... 54% 4.94M 1s
  5100K .......... .......... .......... .......... .......... 55% 5.04M 1s
  5150K .......... .......... .......... .......... .......... 55% 4.86M 1s
  5200K .......... .......... .......... .......... .......... 56% 5.01M 1s
  5250K .......... .......... .......... .......... .......... 56% 5.21M 1s
  5300K .......... .......... .......... .......... .......... 57% 3.85M 1s
  5350K .......... .......... .......... .......... .......... 57% 3.74M 1s
  5400K .......... .......... .......... .......... .......... 58% 7.21M 1s
  5450K .......... .......... .......... .......... .......... 59% 3.84M 1s
  5500K .......... .......... .......... .......... .......... 59% 6.39M 1s
  5550K .......... .......... .......... .......... .......... 60% 4.19M 1s
  5600K .......... .......... .......... .......... .......... 60% 5.06M 1s
  5650K .......... .......... .......... .......... .......... 61% 3.69M 1s
  5700K .......... .......... .......... .......... .......... 61% 5.16M 1s
  5750K .......... .......... .......... .......... .......... 62% 4.70M 1s
  5800K .......... .......... .......... .......... .......... 62% 5.04M 1s
  5850K .......... .......... .......... .......... .......... 63% 5.07M 1s
  5900K .......... .......... .......... .......... .......... 63% 6.81M 1s
  5950K .......... .......... .......... .......... .......... 64% 4.07M 1s
  6000K .......... .......... .......... .......... .......... 64% 4.52M 1s
  6050K .......... .......... .......... .......... .......... 65% 4.75M 1s
  6100K .......... .......... .......... .......... .......... 65% 4.16M 1s
  6150K .......... .......... .......... .......... .......... 66% 5.01M 1s
  6200K .......... .......... .......... .......... .......... 67% 7.21M 1s
  6250K .......... .......... .......... .......... .......... 67% 4.86M 1s
  6300K .......... .......... .......... .......... .......... 68% 3.82M 1s
  6350K .......... .......... .......... .......... .......... 68% 4.61M 1s
  6400K .......... .......... .......... .......... .......... 69% 4.69M 1s
  6450K .......... .......... .......... .......... .......... 69% 5.04M 1s
  6500K .......... .......... .......... .......... .......... 70% 5.11M 1s
  6550K .......... .......... .......... .......... .......... 70% 5.16M 1s
  6600K .......... .......... .......... .......... .......... 71% 5.16M 1s
  6650K .......... .......... .......... .......... .......... 71% 4.24M 1s
  6700K .......... .......... .......... .......... .......... 72% 4.97M 1s
  6750K .......... .......... .......... .......... .......... 72% 5.01M 1s
  6800K .......... .......... .......... .......... .......... 73% 4.92M 1s
  6850K .......... .......... .......... .......... .......... 74% 5.20M 1s
  6900K .......... .......... .......... .......... .......... 74% 5.03M 1s
  6950K .......... .......... .......... .......... .......... 75% 4.58M 1s
  7000K .......... .......... .......... .......... .......... 75% 4.74M 1s
  7050K .......... .......... .......... .......... .......... 76% 5.17M 1s
  7100K .......... .......... .......... .......... .......... 76% 5.40M 1s
  7150K .......... .......... .......... .......... .......... 77% 4.50M 1s
  7200K .......... .......... .......... .......... .......... 77% 5.41M 1s
  7250K .......... .......... .......... .......... .......... 78% 5.44M 1s
  7300K .......... .......... .......... .......... .......... 78% 4.22M 0s
  7350K .......... .......... .......... .......... .......... 79% 4.55M 0s
  7400K .......... .......... .......... .......... .......... 79% 5.36M 0s
  7450K .......... .......... .......... .......... .......... 80% 4.74M 0s
  7500K .......... .......... .......... .......... .......... 81% 6.77M 0s
  7550K .......... .......... .......... .......... .......... 81% 4.86M 0s
  7600K .......... .......... .......... .......... .......... 82% 5.06M 0s
  7650K .......... .......... .......... .......... .......... 82% 4.04M 0s
  7700K .......... .......... .......... .......... .......... 83% 4.48M 0s
  7750K .......... .......... .......... .......... .......... 83% 5.03M 0s
  7800K .......... .......... .......... .......... .......... 84% 5.26M 0s
  7850K .......... .......... .......... .......... .......... 84% 7.01M 0s
  7900K .......... .......... .......... .......... .......... 85% 4.53M 0s
  7950K .......... .......... .......... .......... .......... 85% 4.14M 0s
  8000K .......... .......... .......... .......... .......... 86% 5.17M 0s
  8050K .......... .......... .......... .......... .......... 86% 4.64M 0s
  8100K .......... .......... .......... .......... .......... 87% 6.13M 0s
  8150K .......... .......... .......... .......... .......... 87% 4.01M 0s
  8200K .......... .......... .......... .......... .......... 88% 3.17M 0s
  8250K .......... .......... .......... .......... .......... 89% 3.22M 0s
  8300K .......... .......... .......... .......... .......... 89%  625K 0s
  8350K .......... .......... .......... .......... .......... 90% 8.78M 0s
  8400K .......... .......... .......... .......... .......... 90% 4.57M 0s
  8450K .......... .......... .......... .......... .......... 91% 4.96M 0s
  8500K .......... .......... .......... .......... .......... 91%  160M 0s
  8550K .......... .......... .......... .......... .......... 92% 93.1T 0s
  8600K .......... .......... .......... .......... .......... 92%  299M 0s
  8650K .......... .......... .......... .......... .......... 93% 7.24M 0s
  8700K .......... .......... .......... .......... .......... 93% 4.78M 0s
  8750K .......... .......... .......... .......... .......... 94% 3.87M 0s
  8800K .......... .......... .......... .......... .......... 94% 4.44M 0s
  8850K .......... .......... .......... .......... .......... 95% 1.93M 0s
  8900K .......... .......... .......... .......... .......... 96% 4.68M 0s
  8950K .......... .......... .......... .......... .......... 96% 4.55M 0s
  9000K .......... .......... .......... .......... .......... 97% 4.86M 0s
  9050K .......... .......... .......... .......... .......... 97% 2.75M 0s
  9100K .......... .......... .......... .......... .......... 98% 3.19M 0s
  9150K .......... .......... .......... .......... .......... 98% 3.65M 0s
  9200K .......... .......... .......... .......... .......... 99% 3.90M 0s
  9250K .......... .......... .......... .......... .......... 99% 4.95M 0s
  9300K .......... ..........                                 100% 3.40M=2.3s

2025-05-11 00:39:26 (3.95 MB/s) - ‘cities1000.zip’ saved [9544173/9544173]

--2025-05-11 00:39:26--  http://download.geonames.org/export/dump/admin1CodesASCII.txt
Resolving download.geonames.org (download.geonames.org)... 5.9.152.54
Connecting to download.geonames.org (download.geonames.org)|5.9.152.54|:80... connected.
HTTP request sent, awaiting response... 200 OK
Length: 147609 (144K) [text/plain]
Saving to: ‘admin1CodesASCII.txt’

     0K .......... .......... .......... .......... .......... 34%  373K 0s
    50K .......... .......... .......... .......... .......... 69%  779K 0s
   100K .......... .......... .......... .......... ....      100% 2.40M=0.2s

2025-05-11 00:39:26 (667 KB/s) - ‘admin1CodesASCII.txt’ saved [147609/147609]

--2025-05-11 00:39:26--  http://download.geonames.org/export/dump/admin2Codes.txt
Resolving download.geonames.org (download.geonames.org)... 5.9.152.54
Connecting to download.geonames.org (download.geonames.org)|5.9.152.54|:80... connected.
HTTP request sent, awaiting response... 200 OK
Length: 2360440 (2.3M) [text/plain]
Saving to: ‘admin2Codes.txt’

     0K .......... .......... .......... .......... ..........  2%  378K 6s
    50K .......... .......... .......... .......... ..........  4%  800K 4s
   100K .......... .......... .......... .......... ..........  6% 3.43M 3s
   150K .......... .......... .......... .......... ..........  8% 3.41M 2s
   200K .......... .......... .......... .......... .......... 10% 1.06M 2s
   250K .......... .......... .......... .......... .......... 13% 3.04M 2s
   300K .......... .......... .......... .......... .......... 15% 3.64M 2s
   350K .......... .......... .......... .......... .......... 17% 3.09M 1s
   400K .......... .......... .......... .......... .......... 19% 4.36M 1s
   450K .......... .......... .......... .......... .......... 21% 3.59M 1s
   500K .......... .......... .......... .......... .......... 23% 3.42M 1s
   550K .......... .......... .......... .......... .......... 26% 3.28M 1s
   600K .......... .......... .......... .......... .......... 28% 3.88M 1s
   650K .......... .......... .......... .......... .......... 30% 4.46M 1s
   700K .......... .......... .......... .......... .......... 32% 3.92M 1s
   750K .......... .......... .......... .......... .......... 34% 3.66M 1s
   800K .......... .......... .......... .......... .......... 36% 3.43M 1s
   850K .......... .......... .......... .......... .......... 39% 3.86M 1s
   900K .......... .......... .......... .......... .......... 41% 3.49M 1s
   950K .......... .......... .......... .......... .......... 43% 6.25M 1s
  1000K .......... .......... .......... .......... .......... 45% 3.84M 1s
  1050K .......... .......... .......... .......... .......... 47% 4.07M 1s
  1100K .......... .......... .......... .......... .......... 49% 3.20M 1s
  1150K .......... .......... .......... .......... .......... 52% 4.17M 0s
  1200K .......... .......... .......... .......... .......... 54% 5.03M 0s
  1250K .......... .......... .......... .......... .......... 56% 5.03M 0s
  1300K .......... .......... .......... .......... .......... 58% 3.69M 0s
  1350K .......... .......... .......... .......... .......... 60% 3.83M 0s
  1400K .......... .......... .......... .......... .......... 62% 4.40M 0s
  1450K .......... .......... .......... .......... .......... 65% 4.08M 0s
  1500K .......... .......... .......... .......... .......... 67% 4.13M 0s
  1550K .......... .......... .......... .......... .......... 69% 5.04M 0s
  1600K .......... .......... .......... .......... .......... 71% 4.88M 0s
  1650K .......... .......... .......... .......... .......... 73% 4.06M 0s
  1700K .......... .......... .......... .......... .......... 75% 4.07M 0s
  1750K .......... .......... .......... .......... .......... 78% 5.17M 0s
  1800K .......... .......... .......... .......... .......... 80% 3.98M 0s
  1850K .......... .......... .......... .......... .......... 82% 5.26M 0s
  1900K .......... .......... .......... .......... .......... 84% 4.74M 0s
  1950K .......... .......... .......... .......... .......... 86% 4.03M 0s
  2000K .......... .......... .......... .......... .......... 88% 4.87M 0s
  2050K .......... .......... .......... .......... .......... 91% 4.73M 0s
  2100K .......... .......... .......... .......... .......... 93% 5.27M 0s
  2150K .......... .......... .......... .......... .......... 95% 5.00M 0s
  2200K .......... .......... .......... .......... .......... 97% 3.83M 0s
  2250K .......... .......... .......... .......... .......... 99% 5.31M 0s
  2300K .....                                                 100% 9.53T=0.8s

2025-05-11 00:39:27 (2.97 MB/s) - ‘admin2Codes.txt’ saved [2360440/2360440]

mv: cannot stat 'cities1000-.zip': No such file or directory
mv: cannot stat 'admin1CodesASCII-.txt': No such file or directory
mv: cannot stat 'admin2Codes-.txt': No such file or directory
-- The C compiler identification is GNU 14.2.0
-- The CXX compiler identification is GNU 14.2.0
-- Detecting C compiler ABI info
-- Detecting C compiler ABI info - done
-- Check for working C compiler: /usr/bin/cc - skipped
-- Detecting C compile features
-- Detecting C compile features - done
-- Detecting CXX compiler ABI info
-- Detecting CXX compiler ABI info - done
-- Check for working CXX compiler: /usr/bin/c++ - skipped
-- Detecting CXX compile features
-- Detecting CXX compile features - done
-- Installing in the same prefix as Qt, adopting their path scheme.
-- Looking for __GLIBC__
-- Looking for __GLIBC__ - found
-- Performing Test _OFFT_IS_64BIT
-- Performing Test _OFFT_IS_64BIT - Success
-- Performing Test HAVE_DATE_TIME
-- Performing Test HAVE_DATE_TIME - Success
-- Performing Test HAVE_STDATOMIC
-- Performing Test HAVE_STDATOMIC - Success
-- Found WrapAtomic: TRUE
-- Found OpenGL: /usr/lib64/libOpenGL.so
-- Found WrapOpenGL: TRUE
-- Found XKB: /usr/lib64/libxkbcommon.so (found suitable version "1.9.2", minimum required is "0.5.0")
-- Found WrapVulkanHeaders: /usr/include
-- Found Gettext: /usr/bin/msgmerge (found version "0.25")
-- Found KF6I18n: /usr/lib64/cmake/KF6I18n/KF6I18nConfig.cmake (found version "6.14.0")
-- Found KF6Declarative: /usr/lib64/cmake/KF6Declarative/KF6DeclarativeConfig.cmake (found version "6.14.0")
-- Found KF6Config: /usr/lib64/cmake/KF6Config/KF6ConfigConfig.cmake (found version "6.14.0")
-- Found KF6ConfigWidgets: /usr/lib64/cmake/KF6ConfigWidgets/KF6ConfigWidgetsConfig.cmake (found version "6.14.0")
-- Found X11: /usr/include
-- Looking for XOpenDisplay in /usr/lib64/libX11.so;/usr/lib64/libXext.so
-- Looking for XOpenDisplay in /usr/lib64/libX11.so;/usr/lib64/libXext.so - found
-- Looking for gethostbyname
-- Looking for gethostbyname - found
-- Looking for connect
-- Looking for connect - found
-- Looking for remove
-- Looking for remove - found
-- Looking for shmat
-- Looking for shmat - found
-- Looking for IceConnectionNumber in ICE
-- Looking for IceConnectionNumber in ICE - found
-- Found KF6KIO: /usr/lib64/cmake/KF6KIO/KF6KIOConfig.cmake (found version "6.14.0")
-- Found KF6GuiAddons: /usr/lib64/cmake/KF6GuiAddons/KF6GuiAddonsConfig.cmake (found version "6.14.0")
-- Found KF6CoreAddons: /usr/lib64/cmake/KF6CoreAddons/KF6CoreAddonsConfig.cmake (found version "6.14.0")
-- Found KF6Notifications: /usr/lib/cmake/KF6Notifications/KF6NotificationsConfig.cmake (found version "6.14.0")
-- Found KF6FileMetaData: /usr/lib64/cmake/KF6FileMetaData/KF6FileMetaDataConfig.cmake (found version "6.14.0")
-- Found KF6DBusAddons: /usr/lib64/cmake/KF6DBusAddons/KF6DBusAddonsConfig.cmake (found version "6.14.0")
-- Found KF6: success (found suitable version "6.14.0", minimum required is "5.240") found components: I18n Declarative Config ConfigWidgets KIO GuiAddons CoreAddons Notifications FileMetaData DBusAddons
-- Found LibExiv2: /usr/lib64/libexiv2.so (found suitable version "0.28.5", minimum required is "0.21")
-- Found org.kde.kquickimageeditor-QMLModule: TRUE
-- Found XCB_XCB: /usr/lib64/libxcb.so (found version "1.17.0")
-- Found XCB: /usr/lib64/libxcb.so (found version "1.17.0") found components: XCB
-- Found OpenMP_C: -fopenmp (found version "4.5")
-- Found OpenMP_CXX: -fopenmp (found version "4.5")
-- Found OpenMP: TRUE (found version "4.5")
-- Found org.kde.kirigamiaddons.formcard-QMLModule: TRUE
-- Found org.kde.kirigamiaddons.delegates-QMLModule: TRUE
CMake Warning (dev) at /usr/lib64/cmake/Qt6Core/Qt6CoreMacros.cmake:3409 (message):
  Qt policy QTP0004 is not set: You need qmldir files for each extra
  directory that contains .qml files for your module.  Check
  https://doc.qt.io/qt-6/qt-cmake-policy-qtp0004.html for policy details.
  Use the qt_policy command to set the policy and suppress this warning.

Call Stack (most recent call first):
  /usr/lib64/cmake/Qt6Qml/Qt6QmlMacros.cmake:3520 (__qt_internal_setup_policy)
  /usr/share/ECM/modules/ECMQmlModule6.cmake:149 (qt6_target_qml_sources)
  src/CMakeLists.txt:109 (ecm_target_qml_sources)
This warning is for project developers.  Use -Wno-dev to suppress it.

CMake Warning (dev) at /usr/lib64/cmake/Qt6Core/Qt6CoreMacros.cmake:3409 (message):
  Qt policy QTP0004 is not set: You need qmldir files for each extra
  directory that contains .qml files for your module.  Check
  https://doc.qt.io/qt-6/qt-cmake-policy-qtp0004.html for policy details.
  Use the qt_policy command to set the policy and suppress this warning.

Call Stack (most recent call first):
  /usr/lib64/cmake/Qt6Qml/Qt6QmlMacros.cmake:3520 (__qt_internal_setup_policy)
  /usr/share/ECM/modules/ECMQmlModule6.cmake:149 (qt6_target_qml_sources)
  src/CMakeLists.txt:120 (ecm_target_qml_sources)
This warning is for project developers.  Use -Wno-dev to suppress it.

-- [download 0% complete]
-- [download 1% complete]
-- [download 2% complete]
-- [download 3% complete]
-- [download 4% complete]
-- [download 5% complete]
-- [download 6% complete]
-- [download 7% complete]
-- [download 8% complete]
-- [download 9% complete]
-- [download 10% complete]
-- [download 11% complete]
-- [download 12% complete]
-- [download 13% complete]
-- [download 14% complete]
-- [download 15% complete]
-- [download 16% complete]
-- [download 17% complete]
-- [download 18% complete]
-- [download 19% complete]
-- [download 20% complete]
-- [download 21% complete]
-- [download 22% complete]
-- [download 23% complete]
-- [download 24% complete]
-- [download 25% complete]
-- [download 26% complete]
-- [download 27% complete]
-- [download 28% complete]
-- [download 29% complete]
-- [download 30% complete]
-- [download 31% complete]
-- [download 32% complete]
-- [download 33% complete]
-- [download 34% complete]
-- [download 35% complete]
-- [download 36% complete]
-- [download 37% complete]
-- [download 38% complete]
-- [download 39% complete]
-- [download 40% complete]
-- [download 41% complete]
-- [download 42% complete]
-- [download 43% complete]
-- [download 44% complete]
-- [download 45% complete]
-- [download 46% complete]
-- [download 47% complete]
-- [download 48% complete]
-- [download 49% complete]
-- [download 50% complete]
-- [download 51% complete]
-- [download 52% complete]
-- [download 53% complete]
-- [download 54% complete]
-- [download 55% complete]
-- [download 56% complete]
-- [download 57% complete]
-- [download 58% complete]
-- [download 59% complete]
-- [download 60% complete]
-- [download 61% complete]
-- [download 62% complete]
-- [download 63% complete]
-- [download 64% complete]
-- [download 65% complete]
-- [download 67% complete]
-- [download 68% complete]
-- [download 69% complete]
-- [download 70% complete]
-- [download 71% complete]
-- [download 72% complete]
-- [download 73% complete]
-- [download 74% complete]
-- [download 75% complete]
-- [download 76% complete]
-- [download 77% complete]
-- [download 78% complete]
-- [download 79% complete]
-- [download 80% complete]
-- [download 81% complete]
-- [download 82% complete]
-- [download 83% complete]
-- [download 84% complete]
-- [download 85% complete]
-- [download 86% complete]
-- [download 87% complete]
-- [download 88% complete]
-- [download 89% complete]
-- [download 90% complete]
-- [download 91% complete]
-- [download 92% complete]
-- [download 93% complete]
-- [download 94% complete]
-- [download 95% complete]
-- [download 96% complete]
-- [download 97% complete]
-- [download 98% complete]
-- [download 99% complete]
-- [download 100% complete]
-- [download 7% complete]
-- [download 10% complete]
-- [download 18% complete]
-- [download 28% complete]
-- [download 29% complete]
-- [download 39% complete]
-- [download 48% complete]
-- [download 57% complete]
-- [download 68% complete]
-- [download 77% complete]
-- [download 87% complete]
-- [download 96% complete]
-- [download 100% complete]
-- [download 0% complete]
-- [download 1% complete]
-- [download 2% complete]
-- [download 3% complete]
-- [download 4% complete]
-- [download 5% complete]
-- [download 6% complete]
-- [download 7% complete]
-- [download 8% complete]
-- [download 9% complete]
-- [download 10% complete]
-- [download 11% complete]
-- [download 12% complete]
-- [download 13% complete]
-- [download 14% complete]
-- [download 15% complete]
-- [download 16% complete]
-- [download 17% complete]
-- [download 18% complete]
-- [download 19% complete]
-- [download 20% complete]
-- [download 21% complete]
-- [download 22% complete]
-- [download 23% complete]
-- [download 24% complete]
-- [download 25% complete]
-- [download 26% complete]
-- [download 27% complete]
-- [download 28% complete]
-- [download 29% complete]
-- [download 30% complete]
-- [download 31% complete]
-- [download 32% complete]
-- [download 33% complete]
-- [download 34% complete]
-- [download 35% complete]
-- [download 36% complete]
-- [download 37% complete]
-- [download 38% complete]
-- [download 39% complete]
-- [download 40% complete]
-- [download 41% complete]
-- [download 42% complete]
-- [download 43% complete]
-- [download 44% complete]
-- [download 45% complete]
-- [download 46% complete]
-- [download 47% complete]
-- [download 48% complete]
-- [download 49% complete]
-- [download 50% complete]
-- [download 51% complete]
-- [download 52% complete]
-- [download 53% complete]
-- [download 54% complete]
-- [download 55% complete]
-- [download 56% complete]
-- [download 57% complete]
-- [download 58% complete]
-- [download 59% complete]
-- [download 60% complete]
-- [download 61% complete]
-- [download 62% complete]
-- [download 63% complete]
-- [download 64% complete]
-- [download 65% complete]
-- [download 66% complete]
-- [download 67% complete]
-- [download 68% complete]
-- [download 69% complete]
-- [download 70% complete]
-- [download 71% complete]
-- [download 72% complete]
-- [download 73% complete]
-- [download 74% complete]
-- [download 75% complete]
-- [download 76% complete]
-- [download 77% complete]
-- [download 78% complete]
-- [download 79% complete]
-- [download 80% complete]
-- [download 81% complete]
-- [download 82% complete]
-- [download 83% complete]
-- [download 84% complete]
-- [download 85% complete]
-- [download 86% complete]
-- [download 87% complete]
-- [download 88% complete]
-- [download 89% complete]
-- [download 90% complete]
-- [download 91% complete]
-- [download 92% complete]
-- [download 93% complete]
-- [download 94% complete]
-- [download 95% complete]
-- [download 96% complete]
-- [download 97% complete]
-- [download 98% complete]
-- [download 99% complete]
-- [download 100% complete]
-- The following RUNTIME packages have been found:

 * org.kde.kquickimageeditor-QMLModule, QML module 'org.kde.kquickimageeditor' is a runtime dependency.
 * KF6Kirigami, A QtQuick based components set
   Required at runtime to run Koko
 * KF6Purpose, Offers available actions for a specific purpose
   Required at runtime to run Koko and allow sharing of files

-- The following OPTIONAL packages have been found:

 * OpenGL
 * Qt6Test (required version >= 6.5)
 * Qt6Sql (required version >= 6.5)
 * Qt6Positioning (required version >= 6.5)
 * Qt6Svg (required version >= 6.5)
 * Qt6QuickTools (required version >= 6.8.3)
 * Qt6Quick (required version >= 6.7.0)
 * Qt6DBusTools (required version >= 6.8.3)
 * Qt6QmlTools (required version >= 6.8.3)
 * Qt6Qml (required version >= 6.7.0)
 * Qt6WidgetsTools (required version >= 6.8.3)
 * Qt6Widgets (required version >= 6.7.0)
 * XKB (required version >= 0.5.0), XKB API common to servers and clients., <http://xkbcommon.org>
 * WrapVulkanHeaders
 * Qt6GuiTools (required version >= 6.8.3)
 * XCB, X protocol C-language Binding, <https://xcb.freedesktop.org/>
   Required for getting display color profile on X11
 * Qt6CoreTools (required version >= 6.8.3)

-- The following REQUIRED packages have been found:

 * ECM (required version >= 5.240)
 * Gettext
 * KF6I18n (required version >= 5.240)
 * KF6Declarative (required version >= 5.240)
 * KF6Config (required version >= 5.240)
 * KF6ConfigWidgets (required version >= 5.240)
 * KF6KIO (required version >= 5.240)
 * KF6GuiAddons (required version >= 5.240)
 * KF6CoreAddons (required version >= 5.240)
 * KF6Notifications (required version >= 5.240)
 * KF6FileMetaData (required version >= 5.240)
 * KF6DBusAddons (required version >= 5.240)
 * KF6 (required version >= 5.240)
 * LibExiv2 (required version >= 0.21), Image metadata support, <https://www.exiv2.org>
 * KQuickImageEditor, Simple image editor for QtQuick applications, <https://invent.kde.org/libraries/kquickimageeditor/>
   Add image editing capability to image attachments
 * Qt6QuickControls2, User interface controls based on Qt Quick
   Required at runtime to run Koko
 * org.kde.kirigamiaddons.formcard-QMLModule, QML module 'org.kde.kirigamiaddons.formcard' is a runtime dependency.
 * Qt6
 * org.kde.kirigamiaddons.delegates-QMLModule, QML module 'org.kde.kirigamiaddons.delegates' is a runtime dependency.
 * KF6KirigamiAddons
   Required runtime dependency

-- Configuring done (7.0s)
-- Generating done (0.0s)
-- Build files have been written to: /home/omen/GITHUB/PLASMA_WORLD/AthOS/REPO-AthOS/koko/work/koko-25.04.1/build
[1/125] Copying koko qml resources into build dir
[2/125] Copying koko qml sources into build dir
[3/125] Generating ts...
[4/125] Generating mo...
[5/125] Automatic MOC for target kdtreetest
[6/125] Building CXX object autotests/CMakeFiles/kdtreetest.dir/kdtreetest_autogen/mocs_compilation.cpp.o
[7/125] Automatic MOC for target reversegeocodertest
[8/125] Building CXX object autotests/CMakeFiles/reversegeocodertest.dir/reversegeocodertest_autogen/mocs_compilation.cpp.o
[9/125] Automatic MOC for target fileinfotest
[10/125] Automatic MOC for target koko_static
[11/125] Building CXX object autotests/CMakeFiles/reversegeocodertest.dir/__/src/kdtree.cpp.o
[12/125] Building CXX object autotests/CMakeFiles/fileinfotest.dir/fileinfotest_autogen/mocs_compilation.cpp.o
[13/125] Building CXX object src/CMakeFiles/koko_static.dir/filesystemimagefetcher.cpp.o
[14/125] Building CXX object autotests/CMakeFiles/kdtreetest.dir/__/src/kdtree.cpp.o
[15/125] Building CXX object src/CMakeFiles/koko_static.dir/koko_static_autogen/mocs_compilation.cpp.o
[16/125] Building CXX object autotests/CMakeFiles/fileinfotest.dir/__/src/fileinfo.cpp.o
[17/125] Building CXX object autotests/CMakeFiles/reversegeocodertest.dir/__/src/reversegeocoder.cpp.o
[18/125] Building CXX object src/CMakeFiles/koko_static.dir/exiv2extractor.cpp.o
/home/omen/GITHUB/PLASMA_WORLD/AthOS/REPO-AthOS/koko/work/koko-25.04.1/src/exiv2extractor.cpp: In function ‘QDateTime dateTimeFromString(const QString&)’:
/home/omen/GITHUB/PLASMA_WORLD/AthOS/REPO-AthOS/koko/work/koko-25.04.1/src/exiv2extractor.cpp:58:29: warning: ‘void QDateTime::setTimeSpec(Qt::TimeSpec)’ is deprecated: Use setTimeZone() instead [-Wdeprecated-declarations]
   58 |         dateTime.setTimeSpec(Qt::UTC);
      |         ~~~~~~~~~~~~~~~~~~~~^~~~~~~~~
In file included from /usr/include/qt6/QtCore/QDateTime:1,
                 from /home/omen/GITHUB/PLASMA_WORLD/AthOS/REPO-AthOS/koko/work/koko-25.04.1/src/exiv2extractor.h:13,
                 from /home/omen/GITHUB/PLASMA_WORLD/AthOS/REPO-AthOS/koko/work/koko-25.04.1/src/exiv2extractor.cpp:7:
/usr/include/qt6/QtCore/qdatetime.h:404:10: note: declared here
  404 |     void setTimeSpec(Qt::TimeSpec spec);
      |          ^~~~~~~~~~~
/home/omen/GITHUB/PLASMA_WORLD/AthOS/REPO-AthOS/koko/work/koko-25.04.1/src/exiv2extractor.cpp:62:29: warning: ‘void QDateTime::setTimeSpec(Qt::TimeSpec)’ is deprecated: Use setTimeZone() instead [-Wdeprecated-declarations]
   62 |         dateTime.setTimeSpec(Qt::UTC);
      |         ~~~~~~~~~~~~~~~~~~~~^~~~~~~~~
/usr/include/qt6/QtCore/qdatetime.h:404:10: note: declared here
  404 |     void setTimeSpec(Qt::TimeSpec spec);
      |          ^~~~~~~~~~~
/home/omen/GITHUB/PLASMA_WORLD/AthOS/REPO-AthOS/koko/work/koko-25.04.1/src/exiv2extractor.cpp:66:29: warning: ‘void QDateTime::setTimeSpec(Qt::TimeSpec)’ is deprecated: Use setTimeZone() instead [-Wdeprecated-declarations]
   66 |         dateTime.setTimeSpec(Qt::UTC);
      |         ~~~~~~~~~~~~~~~~~~~~^~~~~~~~~
/usr/include/qt6/QtCore/qdatetime.h:404:10: note: declared here
  404 |     void setTimeSpec(Qt::TimeSpec spec);
      |          ^~~~~~~~~~~
/home/omen/GITHUB/PLASMA_WORLD/AthOS/REPO-AthOS/koko/work/koko-25.04.1/src/exiv2extractor.cpp:70:29: warning: ‘void QDateTime::setTimeSpec(Qt::TimeSpec)’ is deprecated: Use setTimeZone() instead [-Wdeprecated-declarations]
   70 |         dateTime.setTimeSpec(Qt::UTC);
      |         ~~~~~~~~~~~~~~~~~~~~^~~~~~~~~
/usr/include/qt6/QtCore/qdatetime.h:404:10: note: declared here
  404 |     void setTimeSpec(Qt::TimeSpec spec);
      |          ^~~~~~~~~~~
/home/omen/GITHUB/PLASMA_WORLD/AthOS/REPO-AthOS/koko/work/koko-25.04.1/src/exiv2extractor.cpp:74:29: warning: ‘void QDateTime::setTimeSpec(Qt::TimeSpec)’ is deprecated: Use setTimeZone() instead [-Wdeprecated-declarations]
   74 |         dateTime.setTimeSpec(Qt::UTC);
      |         ~~~~~~~~~~~~~~~~~~~~^~~~~~~~~
/usr/include/qt6/QtCore/qdatetime.h:404:10: note: declared here
  404 |     void setTimeSpec(Qt::TimeSpec spec);
      |          ^~~~~~~~~~~
/home/omen/GITHUB/PLASMA_WORLD/AthOS/REPO-AthOS/koko/work/koko-25.04.1/src/exiv2extractor.cpp:78:29: warning: ‘void QDateTime::setTimeSpec(Qt::TimeSpec)’ is deprecated: Use setTimeZone() instead [-Wdeprecated-declarations]
   78 |         dateTime.setTimeSpec(Qt::UTC);
      |         ~~~~~~~~~~~~~~~~~~~~^~~~~~~~~
/usr/include/qt6/QtCore/qdatetime.h:404:10: note: declared here
  404 |     void setTimeSpec(Qt::TimeSpec spec);
      |          ^~~~~~~~~~~
/home/omen/GITHUB/PLASMA_WORLD/AthOS/REPO-AthOS/koko/work/koko-25.04.1/src/exiv2extractor.cpp:82:29: warning: ‘void QDateTime::setTimeSpec(Qt::TimeSpec)’ is deprecated: Use setTimeZone() instead [-Wdeprecated-declarations]
   82 |         dateTime.setTimeSpec(Qt::UTC);
      |         ~~~~~~~~~~~~~~~~~~~~^~~~~~~~~
/usr/include/qt6/QtCore/qdatetime.h:404:10: note: declared here
  404 |     void setTimeSpec(Qt::TimeSpec spec);
      |          ^~~~~~~~~~~
/home/omen/GITHUB/PLASMA_WORLD/AthOS/REPO-AthOS/koko/work/koko-25.04.1/src/exiv2extractor.cpp:86:29: warning: ‘void QDateTime::setTimeSpec(Qt::TimeSpec)’ is deprecated: Use setTimeZone() instead [-Wdeprecated-declarations]
   86 |         dateTime.setTimeSpec(Qt::UTC);
      |         ~~~~~~~~~~~~~~~~~~~~^~~~~~~~~
/usr/include/qt6/QtCore/qdatetime.h:404:10: note: declared here
  404 |     void setTimeSpec(Qt::TimeSpec spec);
      |          ^~~~~~~~~~~
/home/omen/GITHUB/PLASMA_WORLD/AthOS/REPO-AthOS/koko/work/koko-25.04.1/src/exiv2extractor.cpp:90:29: warning: ‘void QDateTime::setTimeSpec(Qt::TimeSpec)’ is deprecated: Use setTimeZone() instead [-Wdeprecated-declarations]
   90 |         dateTime.setTimeSpec(Qt::UTC);
      |         ~~~~~~~~~~~~~~~~~~~~^~~~~~~~~
/usr/include/qt6/QtCore/qdatetime.h:404:10: note: declared here
  404 |     void setTimeSpec(Qt::TimeSpec spec);
      |          ^~~~~~~~~~~
/home/omen/GITHUB/PLASMA_WORLD/AthOS/REPO-AthOS/koko/work/koko-25.04.1/src/exiv2extractor.cpp:94:29: warning: ‘void QDateTime::setTimeSpec(Qt::TimeSpec)’ is deprecated: Use setTimeZone() instead [-Wdeprecated-declarations]
   94 |         dateTime.setTimeSpec(Qt::UTC);
      |         ~~~~~~~~~~~~~~~~~~~~^~~~~~~~~
/usr/include/qt6/QtCore/qdatetime.h:404:10: note: declared here
  404 |     void setTimeSpec(Qt::TimeSpec spec);
      |          ^~~~~~~~~~~
/home/omen/GITHUB/PLASMA_WORLD/AthOS/REPO-AthOS/koko/work/koko-25.04.1/src/exiv2extractor.cpp:98:29: warning: ‘void QDateTime::setTimeSpec(Qt::TimeSpec)’ is deprecated: Use setTimeZone() instead [-Wdeprecated-declarations]
   98 |         dateTime.setTimeSpec(Qt::UTC);
      |         ~~~~~~~~~~~~~~~~~~~~^~~~~~~~~
/usr/include/qt6/QtCore/qdatetime.h:404:10: note: declared here
  404 |     void setTimeSpec(Qt::TimeSpec spec);
      |          ^~~~~~~~~~~
/home/omen/GITHUB/PLASMA_WORLD/AthOS/REPO-AthOS/koko/work/koko-25.04.1/src/exiv2extractor.cpp:105:29: warning: ‘void QDateTime::setTimeSpec(Qt::TimeSpec)’ is deprecated: Use setTimeZone() instead [-Wdeprecated-declarations]
  105 |         dateTime.setTimeSpec(Qt::LocalTime);
      |         ~~~~~~~~~~~~~~~~~~~~^~~~~~~~~~~~~~~
/usr/include/qt6/QtCore/qdatetime.h:404:10: note: declared here
  404 |     void setTimeSpec(Qt::TimeSpec spec);
      |          ^~~~~~~~~~~
/home/omen/GITHUB/PLASMA_WORLD/AthOS/REPO-AthOS/koko/work/koko-25.04.1/src/exiv2extractor.cpp:109:29: warning: ‘void QDateTime::setTimeSpec(Qt::TimeSpec)’ is deprecated: Use setTimeZone() instead [-Wdeprecated-declarations]
  109 |         dateTime.setTimeSpec(Qt::LocalTime);
      |         ~~~~~~~~~~~~~~~~~~~~^~~~~~~~~~~~~~~
/usr/include/qt6/QtCore/qdatetime.h:404:10: note: declared here
  404 |     void setTimeSpec(Qt::TimeSpec spec);
      |          ^~~~~~~~~~~
/home/omen/GITHUB/PLASMA_WORLD/AthOS/REPO-AthOS/koko/work/koko-25.04.1/src/exiv2extractor.cpp:113:29: warning: ‘void QDateTime::setTimeSpec(Qt::TimeSpec)’ is deprecated: Use setTimeZone() instead [-Wdeprecated-declarations]
  113 |         dateTime.setTimeSpec(Qt::UTC);
      |         ~~~~~~~~~~~~~~~~~~~~^~~~~~~~~
/usr/include/qt6/QtCore/qdatetime.h:404:10: note: declared here
  404 |     void setTimeSpec(Qt::TimeSpec spec);
      |          ^~~~~~~~~~~
/home/omen/GITHUB/PLASMA_WORLD/AthOS/REPO-AthOS/koko/work/koko-25.04.1/src/exiv2extractor.cpp:117:29: warning: ‘void QDateTime::setTimeSpec(Qt::TimeSpec)’ is deprecated: Use setTimeZone() instead [-Wdeprecated-declarations]
  117 |         dateTime.setTimeSpec(Qt::UTC);
      |         ~~~~~~~~~~~~~~~~~~~~^~~~~~~~~
/usr/include/qt6/QtCore/qdatetime.h:404:10: note: declared here
  404 |     void setTimeSpec(Qt::TimeSpec spec);
      |          ^~~~~~~~~~~
/home/omen/GITHUB/PLASMA_WORLD/AthOS/REPO-AthOS/koko/work/koko-25.04.1/src/exiv2extractor.cpp: In function ‘QDateTime toDateTime(const Exiv2::Value&)’:
/home/omen/GITHUB/PLASMA_WORLD/AthOS/REPO-AthOS/koko/work/koko-25.04.1/src/exiv2extractor.cpp:132:33: warning: ‘void QDateTime::setOffsetFromUtc(int)’ is deprecated: Use setTimeZone() instead [-Wdeprecated-declarations]
  132 |             val.setOffsetFromUtc(0);
      |             ~~~~~~~~~~~~~~~~~~~~^~~
/usr/include/qt6/QtCore/qdatetime.h:406:10: note: declared here
  406 |     void setOffsetFromUtc(int offsetSeconds);
      |          ^~~~~~~~~~~~~~~~
[19/125] Building CXX object autotests/CMakeFiles/reversegeocodertest.dir/reversegeocodertest.cpp.o
[20/125] Building CXX object autotests/CMakeFiles/fileinfotest.dir/fileinfotest.cpp.o
[21/125] Linking CXX executable bin/reversegeocodertest
[22/125] Linking CXX executable bin/fileinfotest
[23/125] Building CXX object autotests/CMakeFiles/kdtreetest.dir/kdtreetest.cpp.o
[24/125] Linking CXX executable bin/kdtreetest
[25/125] Building CXX object src/CMakeFiles/koko_static.dir/imagestorage.cpp.o
[26/125] Linking CXX static library lib/libkoko_static.a
[27/125] Generating kokoconfig.h, kokoconfig.cpp
[28/125] Automatic MOC for target koko
[29/125] Running rcc for resource koko_raw_qml_2
[30/125] Running rcc for resource qmake_org_kde_koko
[31/125] Running AUTOMOC file extraction for target koko
[32/125] Running rcc for resource koko_raw_qml_1
[33/125] Generating .rcc/qmlcache/koko_qmlcache_loader.cpp
[34/125] Running moc --collect-json for target koko
[35/125] Running rcc for resource koko_raw_qml_0
[36/125] Automatic QML type registration for target koko
Warning: types.h:36: Exiv2Extractor is declared as foreign type, but cannot be found.
Warning: imagefoldermodel.h:24: KDirModel is used as base type but cannot be found.
Warning: types.h:36: Refusing to generate non-lowercase name Exiv2Extractor for unknown foreign type
[37/125] Generating .rcc/qmlcache/koko_qml/SlideshowManager_qml.cpp
[38/125] Generating .rcc/qmlcache/koko_qml/OverviewControl_qml.cpp
[39/125] Generating .rcc/qmlcache/koko_qml/AlbumDelegate_qml.cpp
[40/125] Generating .rcc/qmlcache/koko_qml/SelectionButton_qml.cpp
[41/125] Generating .rcc/qmlcache/koko_qml/ThumbnailStrip_qml.cpp
[42/125] Generating .rcc/qmlcache/koko_qml/ShareAction_qml.cpp
[43/125] Generating .rcc/qmlcache/koko_qml/BottomNavBar_qml.cpp
[44/125] Generating .rcc/qmlcache/koko_qml/ZoomArea_qml.cpp
[45/125] Generating .rcc/qmlcache/koko_qml/TagInput_qml.cpp
[46/125] Generating .rcc/qmlcache/koko_qml/PlacesPage_qml.cpp
[47/125] Generating .rcc/qmlcache/koko_qml/imagedelegate/AnimatedImageDelegate_qml.cpp
[48/125] Generating .rcc/qmlcache/koko_qml/ShareDialog_qml.cpp
[49/125] Generating .rcc/qmlcache/koko_qml/ShareDrawer_qml.cpp
[50/125] Generating .rcc/qmlcache/koko_qml/imagedelegate/RasterImageDelegate_qml.cpp
[51/125] Generating .rcc/qmlcache/koko_qml/Sidebar_qml.cpp
[52/125] Generating .rcc/qmlcache/koko_qml/imagedelegate/BaseImageDelegate_qml.cpp
[53/125] Generating .rcc/qmlcache/koko_qml/Dialog/ConfirmDiscardingChange_qml.cpp
[54/125] Generating .rcc/qmlcache/koko_qml/imagedelegate/VectorImageDelegate_qml.cpp
[55/125] Generating .rcc/qmlcache/koko_qml/SettingsPage_qml.cpp
[56/125] Generating .rcc/qmlcache/koko_qml/imagedelegate/VideoDelegate_qml.cpp
[57/125] Generating .rcc/qmlcache/koko_qml/InfoDrawerSidebarBase_qml.cpp
[58/125] Generating .rcc/qmlcache/koko_qml/imagedelegate/VideoPlayer_qml.cpp
[59/125] Generating .rcc/qmlcache/koko_qml/InfoDrawer_qml.cpp
[60/125] Generating .rcc/qmlcache/koko_qml/InfoSidebar_qml.cpp
[61/125] Generating .rcc/qmlcache/koko_qml/AlbumView_qml.cpp
[62/125] Generating .rcc/qmlcache/koko_qml/EditorView_qml.cpp
[63/125] Generating .rcc/qmlcache/koko_qml/Main_qml.cpp
[64/125] Generating .rcc/qmlcache/koko_qml/ImageViewPage_qml.cpp
[65/125] Building CXX object src/CMakeFiles/koko.dir/committimer.cpp.o
[66/125] Building CXX object src/CMakeFiles/koko.dir/kdtree.cpp.o
[67/125] Building CXX object src/CMakeFiles/koko.dir/notificationmanager.cpp.o
[68/125] Building CXX object src/CMakeFiles/koko.dir/types.cpp.o
[69/125] Building CXX object src/CMakeFiles/koko.dir/dirmodelutils.cpp.o
[70/125] Building CXX object src/CMakeFiles/koko.dir/controller.cpp.o
[71/125] Building CXX object src/CMakeFiles/koko.dir/roles.cpp.o
[72/125] Building CXX object src/CMakeFiles/koko.dir/.qt/rcc/qrc_qmake_org_kde_koko.cpp.o
[73/125] Building CXX object src/CMakeFiles/koko.dir/imagefavoritesmodel.cpp.o
[74/125] Building CXX object src/CMakeFiles/koko.dir/imageprocessorrunnable.cpp.o
[75/125] Building CXX object src/CMakeFiles/koko.dir/vectorimage.cpp.o
[76/125] Building CXX object src/CMakeFiles/koko.dir/openfilemodel.cpp.o
[77/125] Building CXX object src/CMakeFiles/koko.dir/imagelistmodel.cpp.o
[78/125] Building CXX object src/CMakeFiles/koko.dir/reversegeocoder.cpp.o
[79/125] Building CXX object src/CMakeFiles/koko.dir/processor.cpp.o
[80/125] Building CXX object src/CMakeFiles/koko.dir/imagetagsmodel.cpp.o
[81/125] Building CXX object src/CMakeFiles/koko.dir/filesystemtracker.cpp.o
[82/125] Building CXX object src/CMakeFiles/koko.dir/imagetimemodel.cpp.o
[83/125] Building CXX object src/CMakeFiles/koko.dir/displaycolorspace.cpp.o
[84/125] Building CXX object src/CMakeFiles/koko.dir/imagefoldermodel.cpp.o
[85/125] Building CXX object src/CMakeFiles/koko.dir/imagelocationmodel.cpp.o
[86/125] Building CXX object src/CMakeFiles/koko.dir/fileinfo.cpp.o
[87/125] Building CXX object src/CMakeFiles/koko.dir/.rcc/qmlcache/koko_qml/BottomNavBar_qml.cpp.o
[88/125] Building CXX object src/CMakeFiles/koko.dir/.rcc/qmlcache/koko_qml/AlbumDelegate_qml.cpp.o
[89/125] Building CXX object src/CMakeFiles/koko.dir/filemenu.cpp.o
[90/125] Building CXX object src/CMakeFiles/koko.dir/kokoconfig.cpp.o
[91/125] Building CXX object src/CMakeFiles/koko.dir/.rcc/qmlcache/koko_qml/AlbumView_qml.cpp.o
[92/125] Building CXX object src/CMakeFiles/koko.dir/.rcc/qmlcache/koko_qml/InfoDrawer_qml.cpp.o
[93/125] Building CXX object src/CMakeFiles/koko.dir/main.cpp.o
[94/125] Building CXX object src/CMakeFiles/koko.dir/.qt/rcc/qrc_koko_raw_qml_0.cpp.o
[95/125] Building CXX object src/CMakeFiles/koko.dir/sortmodel.cpp.o
[96/125] Building CXX object src/CMakeFiles/koko.dir/.rcc/qmlcache/koko_qml/SelectionButton_qml.cpp.o
[97/125] Building CXX object src/CMakeFiles/koko.dir/.rcc/qmlcache/koko_qml/PlacesPage_qml.cpp.o
[98/125] Building CXX object src/CMakeFiles/koko.dir/.rcc/qmlcache/koko_qml/ShareAction_qml.cpp.o
[99/125] Building CXX object src/CMakeFiles/koko.dir/.rcc/qmlcache/koko_qmlcache_loader.cpp.o
[100/125] Building CXX object src/CMakeFiles/koko.dir/.rcc/qmlcache/koko_qml/InfoSidebar_qml.cpp.o
[101/125] Building CXX object src/CMakeFiles/koko.dir/.rcc/qmlcache/koko_qml/Main_qml.cpp.o
[102/125] Building CXX object src/CMakeFiles/koko.dir/.qt/rcc/qrc_koko_raw_qml_1.cpp.o
[103/125] Building CXX object src/CMakeFiles/koko.dir/.qt/rcc/qrc_koko_raw_qml_2.cpp.o
[104/125] Building CXX object src/CMakeFiles/koko.dir/.rcc/qmlcache/koko_qml/InfoDrawerSidebarBase_qml.cpp.o
[105/125] Building CXX object src/CMakeFiles/koko.dir/.rcc/qmlcache/koko_qml/OverviewControl_qml.cpp.o
[106/125] Building CXX object src/CMakeFiles/koko.dir/.rcc/qmlcache/koko_qml/ShareDialog_qml.cpp.o
[107/125] Building CXX object src/CMakeFiles/koko.dir/.rcc/qmlcache/koko_qml/SettingsPage_qml.cpp.o
[108/125] Building CXX object src/CMakeFiles/koko.dir/koko_autogen/mocs_compilation.cpp.o
[109/125] Building CXX object src/CMakeFiles/koko.dir/.rcc/qmlcache/koko_qml/EditorView_qml.cpp.o
[110/125] Building CXX object src/CMakeFiles/koko.dir/.rcc/qmlcache/koko_qml/ShareDrawer_qml.cpp.o
[111/125] Building CXX object src/CMakeFiles/koko.dir/.rcc/qmlcache/koko_qml/SlideshowManager_qml.cpp.o
[112/125] Building CXX object src/CMakeFiles/koko.dir/.rcc/qmlcache/koko_qml/TagInput_qml.cpp.o
[113/125] Building CXX object src/CMakeFiles/koko.dir/.rcc/qmlcache/koko_qml/Sidebar_qml.cpp.o
[114/125] Building CXX object src/CMakeFiles/koko.dir/.rcc/qmlcache/koko_qml/imagedelegate/BaseImageDelegate_qml.cpp.o
[115/125] Building CXX object src/CMakeFiles/koko.dir/.rcc/qmlcache/koko_qml/imagedelegate/AnimatedImageDelegate_qml.cpp.o
[116/125] Building CXX object src/CMakeFiles/koko.dir/koko_qmltyperegistrations.cpp.o
[117/125] Building CXX object src/CMakeFiles/koko.dir/.rcc/qmlcache/koko_qml/Dialog/ConfirmDiscardingChange_qml.cpp.o
[118/125] Building CXX object src/CMakeFiles/koko.dir/.rcc/qmlcache/koko_qml/ImageViewPage_qml.cpp.o
[119/125] Building CXX object src/CMakeFiles/koko.dir/.rcc/qmlcache/koko_qml/imagedelegate/RasterImageDelegate_qml.cpp.o
[120/125] Building CXX object src/CMakeFiles/koko.dir/.rcc/qmlcache/koko_qml/imagedelegate/VideoDelegate_qml.cpp.o
[121/125] Building CXX object src/CMakeFiles/koko.dir/.rcc/qmlcache/koko_qml/ThumbnailStrip_qml.cpp.o
[122/125] Building CXX object src/CMakeFiles/koko.dir/.rcc/qmlcache/koko_qml/imagedelegate/VectorImageDelegate_qml.cpp.o
[123/125] Building CXX object src/CMakeFiles/koko.dir/.rcc/qmlcache/koko_qml/ZoomArea_qml.cpp.o
[124/125] Building CXX object src/CMakeFiles/koko.dir/.rcc/qmlcache/koko_qml/imagedelegate/VideoPlayer_qml.cpp.o
[125/125] Linking CXX executable bin/koko
-- Install configuration: "RelWithDebInfo"
-- Installing: /home/omen/GITHUB/PLASMA_WORLD/AthOS/REPO-AthOS/koko/package-koko/usr/share/locale
-- Installing: /home/omen/GITHUB/PLASMA_WORLD/AthOS/REPO-AthOS/koko/package-koko/usr/share/locale/da
-- Installing: /home/omen/GITHUB/PLASMA_WORLD/AthOS/REPO-AthOS/koko/package-koko/usr/share/locale/da/LC_MESSAGES
-- Installing: /home/omen/GITHUB/PLASMA_WORLD/AthOS/REPO-AthOS/koko/package-koko/usr/share/locale/da/LC_MESSAGES/koko.mo
-- Installing: /home/omen/GITHUB/PLASMA_WORLD/AthOS/REPO-AthOS/koko/package-koko/usr/share/locale/cs
-- Installing: /home/omen/GITHUB/PLASMA_WORLD/AthOS/REPO-AthOS/koko/package-koko/usr/share/locale/cs/LC_MESSAGES
-- Installing: /home/omen/GITHUB/PLASMA_WORLD/AthOS/REPO-AthOS/koko/package-koko/usr/share/locale/cs/LC_MESSAGES/koko.mo
-- Installing: /home/omen/GITHUB/PLASMA_WORLD/AthOS/REPO-AthOS/koko/package-koko/usr/share/locale/ja
-- Installing: /home/omen/GITHUB/PLASMA_WORLD/AthOS/REPO-AthOS/koko/package-koko/usr/share/locale/ja/LC_MESSAGES
-- Installing: /home/omen/GITHUB/PLASMA_WORLD/AthOS/REPO-AthOS/koko/package-koko/usr/share/locale/ja/LC_MESSAGES/koko.mo
-- Installing: /home/omen/GITHUB/PLASMA_WORLD/AthOS/REPO-AthOS/koko/package-koko/usr/share/locale/de
-- Installing: /home/omen/GITHUB/PLASMA_WORLD/AthOS/REPO-AthOS/koko/package-koko/usr/share/locale/de/LC_MESSAGES
-- Installing: /home/omen/GITHUB/PLASMA_WORLD/AthOS/REPO-AthOS/koko/package-koko/usr/share/locale/de/LC_MESSAGES/koko.mo
-- Installing: /home/omen/GITHUB/PLASMA_WORLD/AthOS/REPO-AthOS/koko/package-koko/usr/share/locale/el
-- Installing: /home/omen/GITHUB/PLASMA_WORLD/AthOS/REPO-AthOS/koko/package-koko/usr/share/locale/el/LC_MESSAGES
-- Installing: /home/omen/GITHUB/PLASMA_WORLD/AthOS/REPO-AthOS/koko/package-koko/usr/share/locale/el/LC_MESSAGES/koko.mo
-- Installing: /home/omen/GITHUB/PLASMA_WORLD/AthOS/REPO-AthOS/koko/package-koko/usr/share/locale/nn
-- Installing: /home/omen/GITHUB/PLASMA_WORLD/AthOS/REPO-AthOS/koko/package-koko/usr/share/locale/nn/LC_MESSAGES
-- Installing: /home/omen/GITHUB/PLASMA_WORLD/AthOS/REPO-AthOS/koko/package-koko/usr/share/locale/nn/LC_MESSAGES/koko.mo
-- Installing: /home/omen/GITHUB/PLASMA_WORLD/AthOS/REPO-AthOS/koko/package-koko/usr/share/locale/hi
-- Installing: /home/omen/GITHUB/PLASMA_WORLD/AthOS/REPO-AthOS/koko/package-koko/usr/share/locale/hi/LC_MESSAGES
-- Installing: /home/omen/GITHUB/PLASMA_WORLD/AthOS/REPO-AthOS/koko/package-koko/usr/share/locale/hi/LC_MESSAGES/koko.mo
-- Installing: /home/omen/GITHUB/PLASMA_WORLD/AthOS/REPO-AthOS/koko/package-koko/usr/share/locale/pt_BR
-- Installing: /home/omen/GITHUB/PLASMA_WORLD/AthOS/REPO-AthOS/koko/package-koko/usr/share/locale/pt_BR/LC_MESSAGES
-- Installing: /home/omen/GITHUB/PLASMA_WORLD/AthOS/REPO-AthOS/koko/package-koko/usr/share/locale/pt_BR/LC_MESSAGES/koko.mo
-- Installing: /home/omen/GITHUB/PLASMA_WORLD/AthOS/REPO-AthOS/koko/package-koko/usr/share/locale/lt
-- Installing: /home/omen/GITHUB/PLASMA_WORLD/AthOS/REPO-AthOS/koko/package-koko/usr/share/locale/lt/LC_MESSAGES
-- Installing: /home/omen/GITHUB/PLASMA_WORLD/AthOS/REPO-AthOS/koko/package-koko/usr/share/locale/lt/LC_MESSAGES/koko.mo
-- Installing: /home/omen/GITHUB/PLASMA_WORLD/AthOS/REPO-AthOS/koko/package-koko/usr/share/locale/pa
-- Installing: /home/omen/GITHUB/PLASMA_WORLD/AthOS/REPO-AthOS/koko/package-koko/usr/share/locale/pa/LC_MESSAGES
-- Installing: /home/omen/GITHUB/PLASMA_WORLD/AthOS/REPO-AthOS/koko/package-koko/usr/share/locale/pa/LC_MESSAGES/koko.mo
-- Installing: /home/omen/GITHUB/PLASMA_WORLD/AthOS/REPO-AthOS/koko/package-koko/usr/share/locale/sl
-- Installing: /home/omen/GITHUB/PLASMA_WORLD/AthOS/REPO-AthOS/koko/package-koko/usr/share/locale/sl/LC_MESSAGES
-- Installing: /home/omen/GITHUB/PLASMA_WORLD/AthOS/REPO-AthOS/koko/package-koko/usr/share/locale/sl/LC_MESSAGES/koko.mo
-- Installing: /home/omen/GITHUB/PLASMA_WORLD/AthOS/REPO-AthOS/koko/package-koko/usr/share/locale/he
-- Installing: /home/omen/GITHUB/PLASMA_WORLD/AthOS/REPO-AthOS/koko/package-koko/usr/share/locale/he/LC_MESSAGES
-- Installing: /home/omen/GITHUB/PLASMA_WORLD/AthOS/REPO-AthOS/koko/package-koko/usr/share/locale/he/LC_MESSAGES/koko.mo
-- Installing: /home/omen/GITHUB/PLASMA_WORLD/AthOS/REPO-AthOS/koko/package-koko/usr/share/locale/zh_TW
-- Installing: /home/omen/GITHUB/PLASMA_WORLD/AthOS/REPO-AthOS/koko/package-koko/usr/share/locale/zh_TW/LC_MESSAGES
-- Installing: /home/omen/GITHUB/PLASMA_WORLD/AthOS/REPO-AthOS/koko/package-koko/usr/share/locale/zh_TW/LC_MESSAGES/koko.mo
-- Installing: /home/omen/GITHUB/PLASMA_WORLD/AthOS/REPO-AthOS/koko/package-koko/usr/share/locale/pl
-- Installing: /home/omen/GITHUB/PLASMA_WORLD/AthOS/REPO-AthOS/koko/package-koko/usr/share/locale/pl/LC_MESSAGES
-- Installing: /home/omen/GITHUB/PLASMA_WORLD/AthOS/REPO-AthOS/koko/package-koko/usr/share/locale/pl/LC_MESSAGES/koko.mo
-- Installing: /home/omen/GITHUB/PLASMA_WORLD/AthOS/REPO-AthOS/koko/package-koko/usr/share/locale/pt
-- Installing: /home/omen/GITHUB/PLASMA_WORLD/AthOS/REPO-AthOS/koko/package-koko/usr/share/locale/pt/LC_MESSAGES
-- Installing: /home/omen/GITHUB/PLASMA_WORLD/AthOS/REPO-AthOS/koko/package-koko/usr/share/locale/pt/LC_MESSAGES/koko.mo
-- Installing: /home/omen/GITHUB/PLASMA_WORLD/AthOS/REPO-AthOS/koko/package-koko/usr/share/locale/tr
-- Installing: /home/omen/GITHUB/PLASMA_WORLD/AthOS/REPO-AthOS/koko/package-koko/usr/share/locale/tr/LC_MESSAGES
-- Installing: /home/omen/GITHUB/PLASMA_WORLD/AthOS/REPO-AthOS/koko/package-koko/usr/share/locale/tr/LC_MESSAGES/koko.mo
-- Installing: /home/omen/GITHUB/PLASMA_WORLD/AthOS/REPO-AthOS/koko/package-koko/usr/share/locale/fr
-- Installing: /home/omen/GITHUB/PLASMA_WORLD/AthOS/REPO-AthOS/koko/package-koko/usr/share/locale/fr/LC_MESSAGES
-- Installing: /home/omen/GITHUB/PLASMA_WORLD/AthOS/REPO-AthOS/koko/package-koko/usr/share/locale/fr/LC_MESSAGES/koko.mo
-- Installing: /home/omen/GITHUB/PLASMA_WORLD/AthOS/REPO-AthOS/koko/package-koko/usr/share/locale/ast
-- Installing: /home/omen/GITHUB/PLASMA_WORLD/AthOS/REPO-AthOS/koko/package-koko/usr/share/locale/ast/LC_MESSAGES
-- Installing: /home/omen/GITHUB/PLASMA_WORLD/AthOS/REPO-AthOS/koko/package-koko/usr/share/locale/ast/LC_MESSAGES/koko.mo
-- Installing: /home/omen/GITHUB/PLASMA_WORLD/AthOS/REPO-AthOS/koko/package-koko/usr/share/locale/ka
-- Installing: /home/omen/GITHUB/PLASMA_WORLD/AthOS/REPO-AthOS/koko/package-koko/usr/share/locale/ka/LC_MESSAGES
-- Installing: /home/omen/GITHUB/PLASMA_WORLD/AthOS/REPO-AthOS/koko/package-koko/usr/share/locale/ka/LC_MESSAGES/koko.mo
-- Installing: /home/omen/GITHUB/PLASMA_WORLD/AthOS/REPO-AthOS/koko/package-koko/usr/share/locale/gl
-- Installing: /home/omen/GITHUB/PLASMA_WORLD/AthOS/REPO-AthOS/koko/package-koko/usr/share/locale/gl/LC_MESSAGES
-- Installing: /home/omen/GITHUB/PLASMA_WORLD/AthOS/REPO-AthOS/koko/package-koko/usr/share/locale/gl/LC_MESSAGES/koko.mo
-- Installing: /home/omen/GITHUB/PLASMA_WORLD/AthOS/REPO-AthOS/koko/package-koko/usr/share/locale/ia
-- Installing: /home/omen/GITHUB/PLASMA_WORLD/AthOS/REPO-AthOS/koko/package-koko/usr/share/locale/ia/LC_MESSAGES
-- Installing: /home/omen/GITHUB/PLASMA_WORLD/AthOS/REPO-AthOS/koko/package-koko/usr/share/locale/ia/LC_MESSAGES/koko.mo
-- Installing: /home/omen/GITHUB/PLASMA_WORLD/AthOS/REPO-AthOS/koko/package-koko/usr/share/locale/hu
-- Installing: /home/omen/GITHUB/PLASMA_WORLD/AthOS/REPO-AthOS/koko/package-koko/usr/share/locale/hu/LC_MESSAGES
-- Installing: /home/omen/GITHUB/PLASMA_WORLD/AthOS/REPO-AthOS/koko/package-koko/usr/share/locale/hu/LC_MESSAGES/koko.mo
-- Installing: /home/omen/GITHUB/PLASMA_WORLD/AthOS/REPO-AthOS/koko/package-koko/usr/share/locale/eo
-- Installing: /home/omen/GITHUB/PLASMA_WORLD/AthOS/REPO-AthOS/koko/package-koko/usr/share/locale/eo/LC_MESSAGES
-- Installing: /home/omen/GITHUB/PLASMA_WORLD/AthOS/REPO-AthOS/koko/package-koko/usr/share/locale/eo/LC_MESSAGES/koko.mo
-- Installing: /home/omen/GITHUB/PLASMA_WORLD/AthOS/REPO-AthOS/koko/package-koko/usr/share/locale/bg
-- Installing: /home/omen/GITHUB/PLASMA_WORLD/AthOS/REPO-AthOS/koko/package-koko/usr/share/locale/bg/LC_MESSAGES
-- Installing: /home/omen/GITHUB/PLASMA_WORLD/AthOS/REPO-AthOS/koko/package-koko/usr/share/locale/bg/LC_MESSAGES/koko.mo
-- Installing: /home/omen/GITHUB/PLASMA_WORLD/AthOS/REPO-AthOS/koko/package-koko/usr/share/locale/ca
-- Installing: /home/omen/GITHUB/PLASMA_WORLD/AthOS/REPO-AthOS/koko/package-koko/usr/share/locale/ca/LC_MESSAGES
-- Installing: /home/omen/GITHUB/PLASMA_WORLD/AthOS/REPO-AthOS/koko/package-koko/usr/share/locale/ca/LC_MESSAGES/koko.mo
-- Installing: /home/omen/GITHUB/PLASMA_WORLD/AthOS/REPO-AthOS/koko/package-koko/usr/share/locale/uk
-- Installing: /home/omen/GITHUB/PLASMA_WORLD/AthOS/REPO-AthOS/koko/package-koko/usr/share/locale/uk/LC_MESSAGES
-- Installing: /home/omen/GITHUB/PLASMA_WORLD/AthOS/REPO-AthOS/koko/package-koko/usr/share/locale/uk/LC_MESSAGES/koko.mo
-- Installing: /home/omen/GITHUB/PLASMA_WORLD/AthOS/REPO-AthOS/koko/package-koko/usr/share/locale/en_GB
-- Installing: /home/omen/GITHUB/PLASMA_WORLD/AthOS/REPO-AthOS/koko/package-koko/usr/share/locale/en_GB/LC_MESSAGES
-- Installing: /home/omen/GITHUB/PLASMA_WORLD/AthOS/REPO-AthOS/koko/package-koko/usr/share/locale/en_GB/LC_MESSAGES/koko.mo
-- Installing: /home/omen/GITHUB/PLASMA_WORLD/AthOS/REPO-AthOS/koko/package-koko/usr/share/locale/zh_CN
-- Installing: /home/omen/GITHUB/PLASMA_WORLD/AthOS/REPO-AthOS/koko/package-koko/usr/share/locale/zh_CN/LC_MESSAGES
-- Installing: /home/omen/GITHUB/PLASMA_WORLD/AthOS/REPO-AthOS/koko/package-koko/usr/share/locale/zh_CN/LC_MESSAGES/koko.mo
-- Installing: /home/omen/GITHUB/PLASMA_WORLD/AthOS/REPO-AthOS/koko/package-koko/usr/share/locale/nl
-- Installing: /home/omen/GITHUB/PLASMA_WORLD/AthOS/REPO-AthOS/koko/package-koko/usr/share/locale/nl/LC_MESSAGES
-- Installing: /home/omen/GITHUB/PLASMA_WORLD/AthOS/REPO-AthOS/koko/package-koko/usr/share/locale/nl/LC_MESSAGES/koko.mo
-- Installing: /home/omen/GITHUB/PLASMA_WORLD/AthOS/REPO-AthOS/koko/package-koko/usr/share/locale/sa
-- Installing: /home/omen/GITHUB/PLASMA_WORLD/AthOS/REPO-AthOS/koko/package-koko/usr/share/locale/sa/LC_MESSAGES
-- Installing: /home/omen/GITHUB/PLASMA_WORLD/AthOS/REPO-AthOS/koko/package-koko/usr/share/locale/sa/LC_MESSAGES/koko.mo
-- Installing: /home/omen/GITHUB/PLASMA_WORLD/AthOS/REPO-AthOS/koko/package-koko/usr/share/locale/fi
-- Installing: /home/omen/GITHUB/PLASMA_WORLD/AthOS/REPO-AthOS/koko/package-koko/usr/share/locale/fi/LC_MESSAGES
-- Installing: /home/omen/GITHUB/PLASMA_WORLD/AthOS/REPO-AthOS/koko/package-koko/usr/share/locale/fi/LC_MESSAGES/koko.mo
-- Installing: /home/omen/GITHUB/PLASMA_WORLD/AthOS/REPO-AthOS/koko/package-koko/usr/share/locale/ko
-- Installing: /home/omen/GITHUB/PLASMA_WORLD/AthOS/REPO-AthOS/koko/package-koko/usr/share/locale/ko/LC_MESSAGES
-- Installing: /home/omen/GITHUB/PLASMA_WORLD/AthOS/REPO-AthOS/koko/package-koko/usr/share/locale/ko/LC_MESSAGES/koko.mo
-- Installing: /home/omen/GITHUB/PLASMA_WORLD/AthOS/REPO-AthOS/koko/package-koko/usr/share/locale/ru
-- Installing: /home/omen/GITHUB/PLASMA_WORLD/AthOS/REPO-AthOS/koko/package-koko/usr/share/locale/ru/LC_MESSAGES
-- Installing: /home/omen/GITHUB/PLASMA_WORLD/AthOS/REPO-AthOS/koko/package-koko/usr/share/locale/ru/LC_MESSAGES/koko.mo
-- Installing: /home/omen/GITHUB/PLASMA_WORLD/AthOS/REPO-AthOS/koko/package-koko/usr/share/locale/lv
-- Installing: /home/omen/GITHUB/PLASMA_WORLD/AthOS/REPO-AthOS/koko/package-koko/usr/share/locale/lv/LC_MESSAGES
-- Installing: /home/omen/GITHUB/PLASMA_WORLD/AthOS/REPO-AthOS/koko/package-koko/usr/share/locale/lv/LC_MESSAGES/koko.mo
-- Installing: /home/omen/GITHUB/PLASMA_WORLD/AthOS/REPO-AthOS/koko/package-koko/usr/share/locale/ca@valencia
-- Installing: /home/omen/GITHUB/PLASMA_WORLD/AthOS/REPO-AthOS/koko/package-koko/usr/share/locale/ca@valencia/LC_MESSAGES
-- Installing: /home/omen/GITHUB/PLASMA_WORLD/AthOS/REPO-AthOS/koko/package-koko/usr/share/locale/ca@valencia/LC_MESSAGES/koko.mo
-- Installing: /home/omen/GITHUB/PLASMA_WORLD/AthOS/REPO-AthOS/koko/package-koko/usr/share/locale/es
-- Installing: /home/omen/GITHUB/PLASMA_WORLD/AthOS/REPO-AthOS/koko/package-koko/usr/share/locale/es/LC_MESSAGES
-- Installing: /home/omen/GITHUB/PLASMA_WORLD/AthOS/REPO-AthOS/koko/package-koko/usr/share/locale/es/LC_MESSAGES/koko.mo
-- Installing: /home/omen/GITHUB/PLASMA_WORLD/AthOS/REPO-AthOS/koko/package-koko/usr/share/locale/eu
-- Installing: /home/omen/GITHUB/PLASMA_WORLD/AthOS/REPO-AthOS/koko/package-koko/usr/share/locale/eu/LC_MESSAGES
-- Installing: /home/omen/GITHUB/PLASMA_WORLD/AthOS/REPO-AthOS/koko/package-koko/usr/share/locale/eu/LC_MESSAGES/koko.mo
-- Installing: /home/omen/GITHUB/PLASMA_WORLD/AthOS/REPO-AthOS/koko/package-koko/usr/share/locale/it
-- Installing: /home/omen/GITHUB/PLASMA_WORLD/AthOS/REPO-AthOS/koko/package-koko/usr/share/locale/it/LC_MESSAGES
-- Installing: /home/omen/GITHUB/PLASMA_WORLD/AthOS/REPO-AthOS/koko/package-koko/usr/share/locale/it/LC_MESSAGES/koko.mo
-- Installing: /home/omen/GITHUB/PLASMA_WORLD/AthOS/REPO-AthOS/koko/package-koko/usr/share/locale/ar
-- Installing: /home/omen/GITHUB/PLASMA_WORLD/AthOS/REPO-AthOS/koko/package-koko/usr/share/locale/ar/LC_MESSAGES
-- Installing: /home/omen/GITHUB/PLASMA_WORLD/AthOS/REPO-AthOS/koko/package-koko/usr/share/locale/ar/LC_MESSAGES/koko.mo
-- Installing: /home/omen/GITHUB/PLASMA_WORLD/AthOS/REPO-AthOS/koko/package-koko/usr/share/locale/sk
-- Installing: /home/omen/GITHUB/PLASMA_WORLD/AthOS/REPO-AthOS/koko/package-koko/usr/share/locale/sk/LC_MESSAGES
-- Installing: /home/omen/GITHUB/PLASMA_WORLD/AthOS/REPO-AthOS/koko/package-koko/usr/share/locale/sk/LC_MESSAGES/koko.mo
-- Installing: /home/omen/GITHUB/PLASMA_WORLD/AthOS/REPO-AthOS/koko/package-koko/usr/share/locale/sv
-- Installing: /home/omen/GITHUB/PLASMA_WORLD/AthOS/REPO-AthOS/koko/package-koko/usr/share/locale/sv/LC_MESSAGES
-- Installing: /home/omen/GITHUB/PLASMA_WORLD/AthOS/REPO-AthOS/koko/package-koko/usr/share/locale/sv/LC_MESSAGES/koko.mo
-- Installing: /home/omen/GITHUB/PLASMA_WORLD/AthOS/REPO-AthOS/koko/package-koko/usr/share/koko/cities1000.txt
-- Installing: /home/omen/GITHUB/PLASMA_WORLD/AthOS/REPO-AthOS/koko/package-koko/usr/share/koko/admin1Codes.txt
-- Installing: /home/omen/GITHUB/PLASMA_WORLD/AthOS/REPO-AthOS/koko/package-koko/usr/share/koko/admin2Codes.txt
-- Installing: /home/omen/GITHUB/PLASMA_WORLD/AthOS/REPO-AthOS/koko/package-koko/usr/share/koko/countries.csv
-- Installing: /home/omen/GITHUB/PLASMA_WORLD/AthOS/REPO-AthOS/koko/package-koko/usr/share/knotifications6/koko.notifyrc
-- Installing: /home/omen/GITHUB/PLASMA_WORLD/AthOS/REPO-AthOS/koko/package-koko/usr/share/applications/org.kde.koko.desktop
-- Installing: /home/omen/GITHUB/PLASMA_WORLD/AthOS/REPO-AthOS/koko/package-koko/usr/bin/koko
-- Installing: /home/omen/GITHUB/PLASMA_WORLD/AthOS/REPO-AthOS/koko/package-koko/usr/share/icons/hicolor/scalable/apps/org.kde.koko.svg
-- Installing: /home/omen/GITHUB/PLASMA_WORLD/AthOS/REPO-AthOS/koko/package-koko/usr/share/metainfo/org.kde.koko.appdata.xml
The main part of source code is ready. We are moving on to preparing post install scripts, docs, license, man pages etc..
cp: cannot stat 'AUTHORS': No such file or directory
cp: cannot stat 'ChangeLog*': No such file or directory
cp: cannot stat 'COPYING': No such file or directory
cp: cannot stat 'CREDITS': No such file or directory
cp: cannot stat 'LICENSE': No such file or directory
cp: cannot stat 'MAINTAINERS': No such file or directory
cp: cannot stat 'NEWS': No such file or directory
cp: cannot stat 'docs': No such file or directory
cp: cannot stat 'DOCS': No such file or directory
grep: /home/omen/GITHUB/PLASMA_WORLD/AthOS/REPO-AthOS/koko/koko.info: No such file or directory
extra-cmake-modules
kirigami
kirigami-addons
kconfig
kcoreaddons
kdeclarative
kfilemetadata
kguiaddons
ki18n
kio
knotifications
kquickimageeditor
Packaging compiled for slackware installation...
MAKEPKG_FLAGS is empty or unset, using default

Slackware package maker, version 3.14159265.

Searching for symbolic links:

No symbolic links were found, so we won't make an installation script.
You can make your own later in ./install/doinst.sh and rebuild the
package if you like.

This next step is optional - you can set the directories in your package
to some sane permissions. If any of the directories in your package have
special permissions, then DO NOT reset them here!

Would you like to reset all directory permissions to 755 (drwxr-xr-x) and
directory ownerships to root:root ([y]es, [n]o)? n


Creating Slackware package:  /tmp/koko/koko-25.04.1-x86_64-1_rtz.tlz

./
install/
install/doinst.sh
install/slack-desc
usr/
usr/bin/
usr/bin/koko
usr/doc/
usr/doc/koko-25.04.1/
usr/doc/koko-25.04.1/README.md
usr/doc/koko-25.04.1/koko.ini
usr/doc/koko-25.04.1/slack-required
usr/share/
usr/share/applications/
usr/share/applications/org.kde.koko.desktop
usr/share/icons/
usr/share/icons/hicolor/
usr/share/icons/hicolor/scalable/
usr/share/icons/hicolor/scalable/apps/
usr/share/icons/hicolor/scalable/apps/org.kde.koko.svg
usr/share/knotifications6/
usr/share/knotifications6/koko.notifyrc
usr/share/koko/
usr/share/koko/admin1Codes.txt
usr/share/koko/admin2Codes.txt
usr/share/koko/cities1000.txt
usr/share/koko/countries.csv
usr/share/locale/
usr/share/locale/ar/
usr/share/locale/ar/LC_MESSAGES/
usr/share/locale/ar/LC_MESSAGES/koko.mo
usr/share/locale/ast/
usr/share/locale/ast/LC_MESSAGES/
usr/share/locale/ast/LC_MESSAGES/koko.mo
usr/share/locale/bg/
usr/share/locale/bg/LC_MESSAGES/
usr/share/locale/bg/LC_MESSAGES/koko.mo
usr/share/locale/ca/
usr/share/locale/ca/LC_MESSAGES/
usr/share/locale/ca/LC_MESSAGES/koko.mo
usr/share/locale/ca@valencia/
usr/share/locale/ca@valencia/LC_MESSAGES/
usr/share/locale/ca@valencia/LC_MESSAGES/koko.mo
usr/share/locale/cs/
usr/share/locale/cs/LC_MESSAGES/
usr/share/locale/cs/LC_MESSAGES/koko.mo
usr/share/locale/da/
usr/share/locale/da/LC_MESSAGES/
usr/share/locale/da/LC_MESSAGES/koko.mo
usr/share/locale/de/
usr/share/locale/de/LC_MESSAGES/
usr/share/locale/de/LC_MESSAGES/koko.mo
usr/share/locale/el/
usr/share/locale/el/LC_MESSAGES/
usr/share/locale/el/LC_MESSAGES/koko.mo
usr/share/locale/en_GB/
usr/share/locale/en_GB/LC_MESSAGES/
usr/share/locale/en_GB/LC_MESSAGES/koko.mo
usr/share/locale/eo/
usr/share/locale/eo/LC_MESSAGES/
usr/share/locale/eo/LC_MESSAGES/koko.mo
usr/share/locale/es/
usr/share/locale/es/LC_MESSAGES/
usr/share/locale/es/LC_MESSAGES/koko.mo
usr/share/locale/eu/
usr/share/locale/eu/LC_MESSAGES/
usr/share/locale/eu/LC_MESSAGES/koko.mo
usr/share/locale/fi/
usr/share/locale/fi/LC_MESSAGES/
usr/share/locale/fi/LC_MESSAGES/koko.mo
usr/share/locale/fr/
usr/share/locale/fr/LC_MESSAGES/
usr/share/locale/fr/LC_MESSAGES/koko.mo
usr/share/locale/gl/
usr/share/locale/gl/LC_MESSAGES/
usr/share/locale/gl/LC_MESSAGES/koko.mo
usr/share/locale/he/
usr/share/locale/he/LC_MESSAGES/
usr/share/locale/he/LC_MESSAGES/koko.mo
usr/share/locale/hi/
usr/share/locale/hi/LC_MESSAGES/
usr/share/locale/hi/LC_MESSAGES/koko.mo
usr/share/locale/hu/
usr/share/locale/hu/LC_MESSAGES/
usr/share/locale/hu/LC_MESSAGES/koko.mo
usr/share/locale/ia/
usr/share/locale/ia/LC_MESSAGES/
usr/share/locale/ia/LC_MESSAGES/koko.mo
usr/share/locale/it/
usr/share/locale/it/LC_MESSAGES/
usr/share/locale/it/LC_MESSAGES/koko.mo
usr/share/locale/ja/
usr/share/locale/ja/LC_MESSAGES/
usr/share/locale/ja/LC_MESSAGES/koko.mo
usr/share/locale/ka/
usr/share/locale/ka/LC_MESSAGES/
usr/share/locale/ka/LC_MESSAGES/koko.mo
usr/share/locale/ko/
usr/share/locale/ko/LC_MESSAGES/
usr/share/locale/ko/LC_MESSAGES/koko.mo
usr/share/locale/lt/
usr/share/locale/lt/LC_MESSAGES/
usr/share/locale/lt/LC_MESSAGES/koko.mo
usr/share/locale/lv/
usr/share/locale/lv/LC_MESSAGES/
usr/share/locale/lv/LC_MESSAGES/koko.mo
usr/share/locale/nl/
usr/share/locale/nl/LC_MESSAGES/
usr/share/locale/nl/LC_MESSAGES/koko.mo
usr/share/locale/nn/
usr/share/locale/nn/LC_MESSAGES/
usr/share/locale/nn/LC_MESSAGES/koko.mo
usr/share/locale/pa/
usr/share/locale/pa/LC_MESSAGES/
usr/share/locale/pa/LC_MESSAGES/koko.mo
usr/share/locale/pl/
usr/share/locale/pl/LC_MESSAGES/
usr/share/locale/pl/LC_MESSAGES/koko.mo
usr/share/locale/pt/
usr/share/locale/pt/LC_MESSAGES/
usr/share/locale/pt/LC_MESSAGES/koko.mo
usr/share/locale/pt_BR/
usr/share/locale/pt_BR/LC_MESSAGES/
usr/share/locale/pt_BR/LC_MESSAGES/koko.mo
usr/share/locale/ru/
usr/share/locale/ru/LC_MESSAGES/
usr/share/locale/ru/LC_MESSAGES/koko.mo
usr/share/locale/sa/
usr/share/locale/sa/LC_MESSAGES/
usr/share/locale/sa/LC_MESSAGES/koko.mo
usr/share/locale/sk/
usr/share/locale/sk/LC_MESSAGES/
usr/share/locale/sk/LC_MESSAGES/koko.mo
usr/share/locale/sl/
usr/share/locale/sl/LC_MESSAGES/
usr/share/locale/sl/LC_MESSAGES/koko.mo
usr/share/locale/sv/
usr/share/locale/sv/LC_MESSAGES/
usr/share/locale/sv/LC_MESSAGES/koko.mo
usr/share/locale/tr/
usr/share/locale/tr/LC_MESSAGES/
usr/share/locale/tr/LC_MESSAGES/koko.mo
usr/share/locale/uk/
usr/share/locale/uk/LC_MESSAGES/
usr/share/locale/uk/LC_MESSAGES/koko.mo
usr/share/locale/zh_CN/
usr/share/locale/zh_CN/LC_MESSAGES/
usr/share/locale/zh_CN/LC_MESSAGES/koko.mo
usr/share/locale/zh_TW/
usr/share/locale/zh_TW/LC_MESSAGES/
usr/share/locale/zh_TW/LC_MESSAGES/koko.mo
usr/share/metainfo/
usr/share/metainfo/org.kde.koko.appdata.xml

Slackware package /tmp/koko/koko-25.04.1-x86_64-1_rtz.tlz created.

Create shared object file for koko-25.04.1-x86_64-1_rtz.tlz
Creating /tmp/koko/koko-25.04.1-x86_64-1_rtz.tlz.so.file using /tmp/koko/koko-25.04.1-x86_64-1_rtz.tlz
Successfully created /tmp/koko/koko-25.04.1-x86_64-1_rtz.tlz.so.file
Packaging of executable and meta-data in koko.tar.lz4 format.
/tmp/koko /tmp/koko
/tmp/koko
BIN_NAME
README
koko-25.04.1-x86_64-1_rtz.tlz
koko-25.04.1-x86_64-1_rtz.tlz.md5
koko-25.04.1-x86_64-1_rtz.tlz.so.file
koko-25.04.1-x86_64-1_rtz.tlz.txt
koko.dep
makepkg-koko.log
koko build finished. Procced to installation...

+===========================================================================================+
| Upgrading koko-25.04.1-x86_64-1_rtz package using /tmp/koko/koko-25.04.1-x86_64-1_rtz.tlz |
+===========================================================================================+

Pre-installing package koko-25.04.1-x86_64-1_rtz...
Removing package: koko-25.04.1-x86_64-1_rtz-upgraded-2025-05-11,00:40:15
Installing package koko-25.04.1-x86_64-1_rtz.tlz:
PACKAGE DESCRIPTION:
# koko ()
#
# Image gallery application for Plasma Mobile
#
# https://invent.kde.org/graphics/koko
Executing install script for koko-25.04.1-x86_64-1_rtz.tlz.
Font directories:
	/usr/share/fonts
/usr/share/fonts: caching, new cache contents: 0 fonts, 11 dirs
/usr/share/fonts/100dpi: caching, new cache contents: 238 fonts, 0 dirs
/usr/share/fonts/75dpi: caching, new cache contents: 238 fonts, 0 dirs
/usr/share/fonts/OTF: caching, new cache contents: 124 fonts, 0 dirs
/usr/share/fonts/Speedo: caching, new cache contents: 0 fonts, 0 dirs
/usr/share/fonts/TTF: caching, new cache contents: 1132 fonts, 0 dirs
/usr/share/fonts/Type1: caching, new cache contents: 64 fonts, 0 dirs
/usr/share/fonts/cyrillic: caching, new cache contents: 0 fonts, 0 dirs
/usr/share/fonts/encodings: caching, new cache contents: 0 fonts, 1 dirs
/usr/share/fonts/encodings/large: caching, new cache contents: 0 fonts, 0 dirs
/usr/share/fonts/kanjistrokeorders: caching, new cache contents: 1 fonts, 0 dirs
/usr/share/fonts/misc: caching, new cache contents: 143 fonts, 0 dirs
/usr/share/fonts/util: caching, new cache contents: 0 fonts, 0 dirs
/var/cache/fontconfig: cleaning cache directory
/root/.cache/fontconfig: not cleaning non-existent cache directory
/root/.fontconfig: not cleaning non-existent cache directory
/usr/bin/fc-cache: succeeded
Package koko-25.04.1-x86_64-1_rtz.tlz installed.
Package koko-25.04.1-x86_64-1_rtz upgraded with new package /tmp/koko/koko-25.04.1-x86_64-1_rtz.tlz.
Cleaning environmet: Removing source code, and work-space...
rm: cannot remove 'koko-25.04.1.tar.xz': No such file or directory
Build process completed in 1 minutes and 2 seconds.
