Starting build process...
Detected architecture: x86_64
Required dependencies: extra-cmake-modules accounts-qml-module	signon-ui	kcmutils	kcoreaddons	kdbusaddons	kdeclarative	ki18n	libaccounts-qt		signond
extra-cmake-modules is already installed!
accounts-qml-module is already installed!
signon-ui is already installed!
kcmutils is already installed!
kcoreaddons is already installed!
kdbusaddons is already installed!
kdeclarative is already installed!
ki18n is already installed!
libaccounts-qt is already installed!
signond is already installed!
No optional dependencies found.
Downloading source code tar.xz file
--2025-05-10 23:58:51--  https://download.kde.org/stable/release-service/25.04.1/src/kaccounts-integration-25.04.1.tar.xz
Resolving download.kde.org (download.kde.org)... 49.12.122.15, 2a01:4f8:242:53eb::4
Connecting to download.kde.org (download.kde.org)|49.12.122.15|:443... connected.
HTTP request sent, awaiting response... 302 Found
Location: https://ftp.cc.uoc.gr/mirrors/kde/stable/release-service/25.04.1/src/kaccounts-integration-25.04.1.tar.xz [following]
--2025-05-10 23:58:51--  https://ftp.cc.uoc.gr/mirrors/kde/stable/release-service/25.04.1/src/kaccounts-integration-25.04.1.tar.xz
Resolving ftp.cc.uoc.gr (ftp.cc.uoc.gr)... 147.52.159.50, 2001:648:2c00:6c08::2
Connecting to ftp.cc.uoc.gr (ftp.cc.uoc.gr)|147.52.159.50|:443... connected.
HTTP request sent, awaiting response... 200 OK
Length: 95008 (93K) [application/octet-stream]
Saving to: ‘kaccounts-integration-25.04.1.tar.xz’

     0K .......... .......... .......... .......... .......... 53% 1.31M 0s
    50K .......... .......... .......... .......... ..        100% 8.47M=0.04s

2025-05-10 23:58:52 (2.15 MB/s) - ‘kaccounts-integration-25.04.1.tar.xz’ saved [95008/95008]

Found file: kaccounts-integration-25.04.1.tar.xz
No checksum provided. Skipping checksum verification and proceeding...
Creating working directories and exporting source code in...
kaccounts-integration-25.04.1/
kaccounts-integration-25.04.1/README.md
kaccounts-integration-25.04.1/Messages.sh
kaccounts-integration-25.04.1/LICENSES/
kaccounts-integration-25.04.1/LICENSES/GPL-2.0-only.txt
kaccounts-integration-25.04.1/LICENSES/LicenseRef-KDE-Accepted-GPL.txt
kaccounts-integration-25.04.1/LICENSES/GPL-3.0-only.txt
kaccounts-integration-25.04.1/LICENSES/LGPL-2.0-or-later.txt
kaccounts-integration-25.04.1/LICENSES/GPL-2.0-or-later.txt
kaccounts-integration-25.04.1/.gitlab-ci.yml
kaccounts-integration-25.04.1/README
kaccounts-integration-25.04.1/.git-blame-ignore-revs
kaccounts-integration-25.04.1/.kde-ci.yml
kaccounts-integration-25.04.1/po/
kaccounts-integration-25.04.1/po/bg/
kaccounts-integration-25.04.1/po/bg/kaccounts-integration.po
kaccounts-integration-25.04.1/po/pt/
kaccounts-integration-25.04.1/po/pt/kaccounts-integration.po
kaccounts-integration-25.04.1/po/nn/
kaccounts-integration-25.04.1/po/nn/kaccounts-integration.po
kaccounts-integration-25.04.1/po/pl/
kaccounts-integration-25.04.1/po/pl/kaccounts-integration.po
kaccounts-integration-25.04.1/po/ja/
kaccounts-integration-25.04.1/po/ja/kaccounts-integration.po
kaccounts-integration-25.04.1/po/pa/
kaccounts-integration-25.04.1/po/pa/kaccounts-integration.po
kaccounts-integration-25.04.1/po/bs/
kaccounts-integration-25.04.1/po/bs/kaccounts-integration.po
kaccounts-integration-25.04.1/po/zh_CN/
kaccounts-integration-25.04.1/po/zh_CN/kaccounts-integration.po
kaccounts-integration-25.04.1/po/cs/
kaccounts-integration-25.04.1/po/cs/kaccounts-integration.po
kaccounts-integration-25.04.1/po/es/
kaccounts-integration-25.04.1/po/es/kaccounts-integration.po
kaccounts-integration-25.04.1/po/ka/
kaccounts-integration-25.04.1/po/ka/kaccounts-integration.po
kaccounts-integration-25.04.1/po/is/
kaccounts-integration-25.04.1/po/is/kaccounts-integration.po
kaccounts-integration-25.04.1/po/tr/
kaccounts-integration-25.04.1/po/tr/kaccounts-integration.po
kaccounts-integration-25.04.1/po/ca/
kaccounts-integration-25.04.1/po/ca/kaccounts-integration.po
kaccounts-integration-25.04.1/po/ca@valencia/
kaccounts-integration-25.04.1/po/ca@valencia/kaccounts-integration.po
kaccounts-integration-25.04.1/po/gl/
kaccounts-integration-25.04.1/po/gl/kaccounts-integration.po
kaccounts-integration-25.04.1/po/ro/
kaccounts-integration-25.04.1/po/ro/kaccounts-integration.po
kaccounts-integration-25.04.1/po/eo/
kaccounts-integration-25.04.1/po/eo/kaccounts-integration.po
kaccounts-integration-25.04.1/po/sr@ijekavian/
kaccounts-integration-25.04.1/po/sr@ijekavian/kaccounts-integration.po
kaccounts-integration-25.04.1/po/nl/
kaccounts-integration-25.04.1/po/nl/kaccounts-integration.po
kaccounts-integration-25.04.1/po/hu/
kaccounts-integration-25.04.1/po/hu/kaccounts-integration.po
kaccounts-integration-25.04.1/po/eu/
kaccounts-integration-25.04.1/po/eu/kaccounts-integration.po
kaccounts-integration-25.04.1/po/lv/
kaccounts-integration-25.04.1/po/lv/kaccounts-integration.po
kaccounts-integration-25.04.1/po/fr/
kaccounts-integration-25.04.1/po/fr/kaccounts-integration.po
kaccounts-integration-25.04.1/po/hi/
kaccounts-integration-25.04.1/po/hi/kaccounts-integration.po
kaccounts-integration-25.04.1/po/sl/
kaccounts-integration-25.04.1/po/sl/kaccounts-integration.po
kaccounts-integration-25.04.1/po/sr@latin/
kaccounts-integration-25.04.1/po/sr@latin/kaccounts-integration.po
kaccounts-integration-25.04.1/po/ta/
kaccounts-integration-25.04.1/po/ta/kaccounts-integration.po
kaccounts-integration-25.04.1/po/sr/
kaccounts-integration-25.04.1/po/sr/kaccounts-integration.po
kaccounts-integration-25.04.1/po/he/
kaccounts-integration-25.04.1/po/he/kaccounts-integration.po
kaccounts-integration-25.04.1/po/de/
kaccounts-integration-25.04.1/po/de/kaccounts-integration.po
kaccounts-integration-25.04.1/po/ar/
kaccounts-integration-25.04.1/po/ar/kaccounts-integration.po
kaccounts-integration-25.04.1/po/sk/
kaccounts-integration-25.04.1/po/sk/kaccounts-integration.po
kaccounts-integration-25.04.1/po/zh_TW/
kaccounts-integration-25.04.1/po/zh_TW/kaccounts-integration.po
kaccounts-integration-25.04.1/po/et/
kaccounts-integration-25.04.1/po/et/kaccounts-integration.po
kaccounts-integration-25.04.1/po/it/
kaccounts-integration-25.04.1/po/it/kaccounts-integration.po
kaccounts-integration-25.04.1/po/el/
kaccounts-integration-25.04.1/po/el/kaccounts-integration.po
kaccounts-integration-25.04.1/po/da/
kaccounts-integration-25.04.1/po/da/kaccounts-integration.po
kaccounts-integration-25.04.1/po/pt_BR/
kaccounts-integration-25.04.1/po/pt_BR/kaccounts-integration.po
kaccounts-integration-25.04.1/po/ru/
kaccounts-integration-25.04.1/po/ru/kaccounts-integration.po
kaccounts-integration-25.04.1/po/id/
kaccounts-integration-25.04.1/po/id/kaccounts-integration.po
kaccounts-integration-25.04.1/po/ia/
kaccounts-integration-25.04.1/po/ia/kaccounts-integration.po
kaccounts-integration-25.04.1/po/sv/
kaccounts-integration-25.04.1/po/sv/kaccounts-integration.po
kaccounts-integration-25.04.1/po/fi/
kaccounts-integration-25.04.1/po/fi/kaccounts-integration.po
kaccounts-integration-25.04.1/po/ast/
kaccounts-integration-25.04.1/po/ast/kaccounts-integration.po
kaccounts-integration-25.04.1/po/lt/
kaccounts-integration-25.04.1/po/lt/kaccounts-integration.po
kaccounts-integration-25.04.1/po/sa/
kaccounts-integration-25.04.1/po/sa/kaccounts-integration.po
kaccounts-integration-25.04.1/po/ko/
kaccounts-integration-25.04.1/po/ko/kaccounts-integration.po
kaccounts-integration-25.04.1/po/en_GB/
kaccounts-integration-25.04.1/po/en_GB/kaccounts-integration.po
kaccounts-integration-25.04.1/po/uk/
kaccounts-integration-25.04.1/po/uk/kaccounts-integration.po
kaccounts-integration-25.04.1/po/sr@ijekavianlatin/
kaccounts-integration-25.04.1/po/sr@ijekavianlatin/kaccounts-integration.po
kaccounts-integration-25.04.1/po/az/
kaccounts-integration-25.04.1/po/az/kaccounts-integration.po
kaccounts-integration-25.04.1/CMakeLists.txt
kaccounts-integration-25.04.1/example/
kaccounts-integration-25.04.1/example/accounts.qml
kaccounts-integration-25.04.1/src/
kaccounts-integration-25.04.1/src/lib/
kaccounts-integration-25.04.1/src/lib/getcredentialsjob.cpp
kaccounts-integration-25.04.1/src/lib/core.cpp
kaccounts-integration-25.04.1/src/lib/accountsmodel.cpp
kaccounts-integration-25.04.1/src/lib/createaccountjob.h
kaccounts-integration-25.04.1/src/lib/servicesmodel.cpp
kaccounts-integration-25.04.1/src/lib/removeaccountjob.cpp
kaccounts-integration-25.04.1/src/lib/providersmodel.h
kaccounts-integration-25.04.1/src/lib/KAccountsConfig.cmake.in
kaccounts-integration-25.04.1/src/lib/accountservicetogglejob.h
kaccounts-integration-25.04.1/src/lib/kaccountsuiplugin.cpp
kaccounts-integration-25.04.1/src/lib/accountsmodel.h
kaccounts-integration-25.04.1/src/lib/uipluginsmanager.cpp
kaccounts-integration-25.04.1/src/lib/changeaccountdisplaynamejob.h
kaccounts-integration-25.04.1/src/lib/getcredentialsjob.h
kaccounts-integration-25.04.1/src/lib/kaccountsdplugin.cpp
kaccounts-integration-25.04.1/src/lib/removeaccountjob.h
kaccounts-integration-25.04.1/src/lib/createaccountjob.cpp
kaccounts-integration-25.04.1/src/lib/KAccountsMacros.cmake
kaccounts-integration-25.04.1/src/lib/accountservicetogglejob.cpp
kaccounts-integration-25.04.1/src/lib/providersmodel.cpp
kaccounts-integration-25.04.1/src/lib/kaccountsuiplugin.h
kaccounts-integration-25.04.1/src/lib/core.h
kaccounts-integration-25.04.1/src/lib/kaccountsdplugin.h
kaccounts-integration-25.04.1/src/lib/servicesmodel.h
kaccounts-integration-25.04.1/src/lib/CMakeLists.txt
kaccounts-integration-25.04.1/src/lib/uipluginsmanager.h
kaccounts-integration-25.04.1/src/lib/changeaccountdisplaynamejob.cpp
kaccounts-integration-25.04.1/src/kcm/
kaccounts-integration-25.04.1/src/kcm/accounts.cpp
kaccounts-integration-25.04.1/src/kcm/kcm_kaccounts.json
kaccounts-integration-25.04.1/src/kcm/CMakeLists.txt
kaccounts-integration-25.04.1/src/kcm/accounts.h
kaccounts-integration-25.04.1/src/kcm/ui/
kaccounts-integration-25.04.1/src/kcm/ui/AvailableAccounts.qml
kaccounts-integration-25.04.1/src/kcm/ui/AccountDetails.qml
kaccounts-integration-25.04.1/src/kcm/ui/main.qml
kaccounts-integration-25.04.1/src/kcm/ui/RenameAccountDialog.qml
kaccounts-integration-25.04.1/src/kcm/ui/RemoveAccountDialog.qml
kaccounts-integration-25.04.1/src/declarative/
kaccounts-integration-25.04.1/src/declarative/kaccountsdeclarativeplugin.h
kaccounts-integration-25.04.1/src/declarative/kaccountsdeclarativeplugin.cpp
kaccounts-integration-25.04.1/src/declarative/CMakeLists.txt
kaccounts-integration-25.04.1/src/CMakeLists.txt
kaccounts-integration-25.04.1/src/plugins/
kaccounts-integration-25.04.1/src/plugins/kio-webdav/
kaccounts-integration-25.04.1/src/plugins/kio-webdav/kio-webdav.json
kaccounts-integration-25.04.1/src/plugins/kio-webdav/tests/
kaccounts-integration-25.04.1/src/plugins/kio-webdav/tests/CMakeLists.txt
kaccounts-integration-25.04.1/src/plugins/kio-webdav/tests/testnetattachjobs.cpp
kaccounts-integration-25.04.1/src/plugins/kio-webdav/kioservices.cpp
kaccounts-integration-25.04.1/src/plugins/kio-webdav/kioservices.h
kaccounts-integration-25.04.1/src/plugins/kio-webdav/CMakeLists.txt
kaccounts-integration-25.04.1/src/plugins/CMakeLists.txt
kaccounts-integration-25.04.1/src/kded/
kaccounts-integration-25.04.1/src/kded/kded_accounts.cpp
kaccounts-integration-25.04.1/src/kded/kded_accounts.json
kaccounts-integration-25.04.1/src/kded/kded_accounts.h
kaccounts-integration-25.04.1/src/kded/CMakeLists.txt
kaccounts-integration-25.04.1/.gitignore
/home/omen/GITHUB/PLASMA_WORLD/AthOS/REPO-AthOS/kaccounts-integration/work
README or README.md already exists, skipping creation.
hm...lets continue and see what happens
-- The CXX compiler identification is GNU 14.2.0
-- Detecting CXX compiler ABI info
-- Detecting CXX compiler ABI info - done
-- Check for working CXX compiler: /usr/bin/c++ - skipped
-- Detecting CXX compile features
-- Detecting CXX compile features - done
-- Installing in the same prefix as Qt, adopting their path scheme.
-- Looking for __GLIBC__
-- Looking for __GLIBC__ - found
-- Performing Test _OFFT_IS_64BIT
-- Performing Test _OFFT_IS_64BIT - Success
-- Performing Test HAVE_DATE_TIME
-- Performing Test HAVE_DATE_TIME - Success
-- Performing Test HAVE_STDATOMIC
-- Performing Test HAVE_STDATOMIC - Success
-- Found WrapAtomic: TRUE
-- Found OpenGL: /usr/lib64/libOpenGL.so
-- Found WrapOpenGL: TRUE
-- Found XKB: /usr/lib64/libxkbcommon.so (found suitable version "1.9.2", minimum required is "0.5.0")
-- Found WrapVulkanHeaders: /usr/include
-- Found KF6KCMUtils: /usr/lib64/cmake/KF6KCMUtils/KF6KCMUtilsConfig.cmake (found version "6.14.0")
-- Found Gettext: /usr/bin/msgmerge (found version "0.25")
-- Found KF6I18n: /usr/lib64/cmake/KF6I18n/KF6I18nConfig.cmake (found version "6.14.0")
-- Found KF6CoreAddons: /usr/lib64/cmake/KF6CoreAddons/KF6CoreAddonsConfig.cmake (found version "6.14.0")
-- Found KF6DBusAddons: /usr/lib64/cmake/KF6DBusAddons/KF6DBusAddonsConfig.cmake (found version "6.14.0")
-- Found KF6Wallet: /usr/lib64/cmake/KF6Wallet/KF6WalletConfig.cmake (found version "6.14.0")
-- Found X11: /usr/include
-- Looking for XOpenDisplay in /usr/lib64/libX11.so;/usr/lib64/libXext.so
-- Looking for XOpenDisplay in /usr/lib64/libX11.so;/usr/lib64/libXext.so - found
-- Looking for gethostbyname
-- Looking for gethostbyname - found
-- Looking for connect
-- Looking for connect - found
-- Looking for remove
-- Looking for remove - found
-- Looking for shmat
-- Looking for shmat - found
-- Looking for IceConnectionNumber in ICE
-- Looking for IceConnectionNumber in ICE - found
-- Found KF6KIO: /usr/lib64/cmake/KF6KIO/KF6KIOConfig.cmake (found version "6.14.0")
-- Found KF6: success (found suitable version "6.14.0", minimum required is "6.1.0") found components: KCMUtils I18n CoreAddons DBusAddons Wallet KIO
-- Performing Test COMPILER_HAS_HIDDEN_VISIBILITY
-- Performing Test COMPILER_HAS_HIDDEN_VISIBILITY - Success
-- Performing Test COMPILER_HAS_HIDDEN_INLINE_VISIBILITY
-- Performing Test COMPILER_HAS_HIDDEN_INLINE_VISIBILITY - Success
-- Performing Test COMPILER_HAS_DEPRECATED_ATTR
-- Performing Test COMPILER_HAS_DEPRECATED_ATTR - Success
-- The following OPTIONAL packages have been found:

 * OpenGL
 * Qt6DBusTools (required version >= 6.8.3)
 * Qt6QmlTools (required version >= 6.8.3)
 * Qt6Qml (required version >= 6.7.0)
 * Qt6WidgetsTools (required version >= 6.8.3)
 * Qt6Widgets (required version >= 6.7.0)
 * XKB (required version >= 0.5.0), XKB API common to servers and clients., <http://xkbcommon.org>
 * WrapVulkanHeaders
 * Qt6GuiTools (required version >= 6.8.3)
 * Qt6CoreTools (required version >= 6.8.3)

-- The following REQUIRED packages have been found:

 * ECM (required version >= 6.1.0)
 * Qt6 (required version >= 6.5.0)
 * KF6KCMUtils (required version >= 6.1.0)
 * Gettext
 * KF6I18n (required version >= 6.1.0)
 * KF6CoreAddons (required version >= 6.1.0)
 * KF6DBusAddons (required version >= 6.1.0)
 * KF6Wallet (required version >= 6.1.0)
 * KF6KIO (required version >= 6.1.0)
 * KF6 (required version >= 6.1.0)
 * AccountsQt6 (required version >= 1.16), Accounts management library for Qt applications, <https://gitlab.com/accounts-sso/libaccounts-qt>
   Required for building this module
 * SignOnQt6 (required version >= 8.55), D-Bus service which performs user authentication on behalf of its clients, <https://gitlab.com/accounts-sso/signond>
   Required for building this module
 * Qt6Core
 * QCoro6Core
 * QCoro6

-- Configuring done (1.9s)
-- Generating done (0.0s)
-- Build files have been written to: /home/omen/GITHUB/PLASMA_WORLD/AthOS/REPO-AthOS/kaccounts-integration/work/kaccounts-integration-25.04.1/build
[0/2] Re-checking globbed directories...
[1/47] cd /home/omen/GITHUB/PLASMA_WORLD/AthOS/REPO-AthOS/kaccounts-integration/work/kaccounts-integration-25.04.1/build/src/kcm && /usr/lib64/libexec/kf6/kcmdesktopfilegenerator /home/omen/GITHUB/PLASMA_WORLD/AthOS/REPO-AthOS/kaccounts-integration/work/kaccounts-integration-25.04.1/src/kcm/kcm_kaccounts.json /home/omen/GITHUB/PLASMA_WORLD/AthOS/REPO-AthOS/kaccounts-integration/work/kaccounts-integration-25.04.1/build/src/kcm/kcm_kaccounts.desktop
[2/47] Generating ts...
[3/47] Generating mo...
[4/47] Automatic MOC for target kcm_kaccounts
[5/47] Generating qrc_kcm_kaccounts.cpp
[6/47] Automatic MOC for target kaccounts
[7/47] Building CXX object src/kcm/CMakeFiles/kcm_kaccounts.dir/qrc_kcm_kaccounts.cpp.o
[8/47] Building CXX object src/lib/CMakeFiles/kaccounts.dir/changeaccountdisplaynamejob.cpp.o
[9/47] Building CXX object src/lib/CMakeFiles/kaccounts.dir/removeaccountjob.cpp.o
[10/47] Building CXX object src/lib/CMakeFiles/kaccounts.dir/kaccountsdplugin.cpp.o
[11/47] Building CXX object src/lib/CMakeFiles/kaccounts.dir/accountservicetogglejob.cpp.o
[12/47] Building CXX object src/lib/CMakeFiles/kaccounts.dir/uipluginsmanager.cpp.o
[13/47] Building CXX object src/kcm/CMakeFiles/kcm_kaccounts.dir/kcm_kaccounts_autogen/mocs_compilation.cpp.o
[14/47] Building CXX object src/lib/CMakeFiles/kaccounts.dir/getcredentialsjob.cpp.o
[15/47] Building CXX object src/lib/CMakeFiles/kaccounts.dir/kaccountsuiplugin.cpp.o
[16/47] Building CXX object src/lib/CMakeFiles/kaccounts.dir/debug.cpp.o
[17/47] Building CXX object src/lib/CMakeFiles/kaccounts.dir/core.cpp.o
[18/47] Building CXX object src/kcm/CMakeFiles/kcm_kaccounts.dir/accounts.cpp.o
/home/omen/GITHUB/PLASMA_WORLD/AthOS/REPO-AthOS/kaccounts-integration/work/kaccounts-integration-25.04.1/src/kcm/accounts.cpp: In constructor ‘AccountsSettings::AccountsSettings(QObject*, const KPluginMetaData&, const QVariantList&)’:
/home/omen/GITHUB/PLASMA_WORLD/AthOS/REPO-AthOS/kaccounts-integration/work/kaccounts-integration-25.04.1/src/kcm/accounts.cpp:14:102: warning: unused parameter ‘args’ [-Wunused-parameter]
   14 | AccountsSettings::AccountsSettings(QObject *parent, const KPluginMetaData &data, const QVariantList &args)
      |                                                                                  ~~~~~~~~~~~~~~~~~~~~^~~~
[19/47] Building CXX object src/lib/CMakeFiles/kaccounts.dir/providersmodel.cpp.o
[20/47] Linking CXX shared module bin/plasma/kcms/systemsettings/kcm_kaccounts.so
[21/47] Building CXX object src/lib/CMakeFiles/kaccounts.dir/createaccountjob.cpp.o
[22/47] Building CXX object src/lib/CMakeFiles/kaccounts.dir/kaccounts_autogen/mocs_compilation.cpp.o
[23/47] Building CXX object src/lib/CMakeFiles/kaccounts.dir/servicesmodel.cpp.o
[24/47] Building CXX object src/lib/CMakeFiles/kaccounts.dir/accountsmodel.cpp.o
[25/47] Linking CXX shared library bin/libkaccounts6.so.25.04.1
[26/47] Creating library symlink bin/libkaccounts6.so.2 bin/libkaccounts6.so
[27/47] Automatic MOC for target kaccountsdeclarativeplugin
[28/47] Running AUTOMOC file extraction for target kaccountsdeclarativeplugin
[29/47] Running rcc for resource qmake_org_kde_kaccounts
[30/47] Running moc --collect-json for target kaccountsdeclarativeplugin
[31/47] Automatic MOC for target kded_accounts
[32/47] Automatic QML type registration for target kaccountsdeclarativeplugin
[33/47] Building CXX object src/declarative/CMakeFiles/kaccountsdeclarativeplugin.dir/.qt/rcc/qrc_qmake_org_kde_kaccounts.cpp.o
[34/47] Automatic MOC for target kaccounts_kio_webdav_plugin
[35/47] Building CXX object src/plugins/kio-webdav/CMakeFiles/kaccounts_kio_webdav_plugin.dir/debug.cpp.o
[36/47] Building CXX object src/kded/CMakeFiles/kded_accounts.dir/kded_accounts_autogen/mocs_compilation.cpp.o
[37/47] Building CXX object src/kded/CMakeFiles/kded_accounts.dir/debug.cpp.o
[38/47] Building CXX object src/plugins/kio-webdav/CMakeFiles/kaccounts_kio_webdav_plugin.dir/kaccounts_kio_webdav_plugin_autogen/mocs_compilation.cpp.o
[39/47] Building CXX object src/declarative/CMakeFiles/kaccountsdeclarativeplugin.dir/kaccountsdeclarativeplugin.cpp.o
[40/47] Building CXX object src/kded/CMakeFiles/kded_accounts.dir/kded_accounts.cpp.o
[41/47] Linking CXX shared module bin/kf6/kded/kded_accounts.so
[42/47] Building CXX object src/declarative/CMakeFiles/kaccountsdeclarativeplugin.dir/kaccountsdeclarativeplugin_qmltyperegistrations.cpp.o
[43/47] Building CXX object src/declarative/CMakeFiles/kaccountsdeclarativeplugin.dir/kaccountsdeclarativeplugin_autogen/mocs_compilation.cpp.o
[44/47] Linking CXX shared module bin/org/kde/kaccounts/libkaccountsdeclarativeplugin.so
[45/47] Building CXX object src/plugins/kio-webdav/CMakeFiles/kaccounts_kio_webdav_plugin.dir/kioservices.cpp.o
[46/47] Linking CXX shared module bin/kaccounts/daemonplugins/kaccounts_kio_webdav_plugin.so
-- Install configuration: "RelWithDebInfo"
-- Installing: /home/omen/GITHUB/PLASMA_WORLD/AthOS/REPO-AthOS/kaccounts-integration/package-kaccounts-integration/usr/lib64/cmake/KAccounts6/KAccountsMacros.cmake
-- Installing: /home/omen/GITHUB/PLASMA_WORLD/AthOS/REPO-AthOS/kaccounts-integration/package-kaccounts-integration/usr/lib64/cmake/KAccounts6/KAccounts6Config.cmake
-- Installing: /home/omen/GITHUB/PLASMA_WORLD/AthOS/REPO-AthOS/kaccounts-integration/package-kaccounts-integration/usr/lib64/cmake/KAccounts6/KAccounts6ConfigVersion.cmake
-- Installing: /home/omen/GITHUB/PLASMA_WORLD/AthOS/REPO-AthOS/kaccounts-integration/package-kaccounts-integration/usr/lib64/libkaccounts6.so.25.04.1
-- Installing: /home/omen/GITHUB/PLASMA_WORLD/AthOS/REPO-AthOS/kaccounts-integration/package-kaccounts-integration/usr/lib64/libkaccounts6.so.2
-- Installing: /home/omen/GITHUB/PLASMA_WORLD/AthOS/REPO-AthOS/kaccounts-integration/package-kaccounts-integration/usr/lib64/libkaccounts6.so
-- Installing: /home/omen/GITHUB/PLASMA_WORLD/AthOS/REPO-AthOS/kaccounts-integration/package-kaccounts-integration/usr/lib64/cmake/KAccounts6/KAccounts6Targets.cmake
-- Installing: /home/omen/GITHUB/PLASMA_WORLD/AthOS/REPO-AthOS/kaccounts-integration/package-kaccounts-integration/usr/lib64/cmake/KAccounts6/KAccounts6Targets-relwithdebinfo.cmake
-- Installing: /home/omen/GITHUB/PLASMA_WORLD/AthOS/REPO-AthOS/kaccounts-integration/package-kaccounts-integration/usr/include/KAccounts6/kaccounts_export.h
-- Installing: /home/omen/GITHUB/PLASMA_WORLD/AthOS/REPO-AthOS/kaccounts-integration/package-kaccounts-integration/usr/include/KAccounts6/kaccounts_version.h
-- Installing: /home/omen/GITHUB/PLASMA_WORLD/AthOS/REPO-AthOS/kaccounts-integration/package-kaccounts-integration/usr/include/KAccounts6/kaccounts/accountsmodel.h
-- Installing: /home/omen/GITHUB/PLASMA_WORLD/AthOS/REPO-AthOS/kaccounts-integration/package-kaccounts-integration/usr/include/KAccounts6/kaccounts/core.h
-- Installing: /home/omen/GITHUB/PLASMA_WORLD/AthOS/REPO-AthOS/kaccounts-integration/package-kaccounts-integration/usr/include/KAccounts6/kaccounts/kaccountsuiplugin.h
-- Installing: /home/omen/GITHUB/PLASMA_WORLD/AthOS/REPO-AthOS/kaccounts-integration/package-kaccounts-integration/usr/include/KAccounts6/kaccounts/kaccountsdplugin.h
-- Installing: /home/omen/GITHUB/PLASMA_WORLD/AthOS/REPO-AthOS/kaccounts-integration/package-kaccounts-integration/usr/include/KAccounts6/kaccounts/providersmodel.h
-- Installing: /home/omen/GITHUB/PLASMA_WORLD/AthOS/REPO-AthOS/kaccounts-integration/package-kaccounts-integration/usr/include/KAccounts6/kaccounts/servicesmodel.h
-- Installing: /home/omen/GITHUB/PLASMA_WORLD/AthOS/REPO-AthOS/kaccounts-integration/package-kaccounts-integration/usr/include/KAccounts6/kaccounts/accountservicetogglejob.h
-- Installing: /home/omen/GITHUB/PLASMA_WORLD/AthOS/REPO-AthOS/kaccounts-integration/package-kaccounts-integration/usr/include/KAccounts6/kaccounts/changeaccountdisplaynamejob.h
-- Installing: /home/omen/GITHUB/PLASMA_WORLD/AthOS/REPO-AthOS/kaccounts-integration/package-kaccounts-integration/usr/include/KAccounts6/kaccounts/createaccountjob.h
-- Installing: /home/omen/GITHUB/PLASMA_WORLD/AthOS/REPO-AthOS/kaccounts-integration/package-kaccounts-integration/usr/include/KAccounts6/kaccounts/getcredentialsjob.h
-- Installing: /home/omen/GITHUB/PLASMA_WORLD/AthOS/REPO-AthOS/kaccounts-integration/package-kaccounts-integration/usr/include/KAccounts6/kaccounts/removeaccountjob.h
-- Installing: /home/omen/GITHUB/PLASMA_WORLD/AthOS/REPO-AthOS/kaccounts-integration/package-kaccounts-integration/usr/include/KAccounts6/KAccounts/AccountsModel
-- Installing: /home/omen/GITHUB/PLASMA_WORLD/AthOS/REPO-AthOS/kaccounts-integration/package-kaccounts-integration/usr/include/KAccounts6/KAccounts/Core
-- Installing: /home/omen/GITHUB/PLASMA_WORLD/AthOS/REPO-AthOS/kaccounts-integration/package-kaccounts-integration/usr/include/KAccounts6/KAccounts/KAccountsUiPlugin
-- Installing: /home/omen/GITHUB/PLASMA_WORLD/AthOS/REPO-AthOS/kaccounts-integration/package-kaccounts-integration/usr/include/KAccounts6/KAccounts/KAccountsDPlugin
-- Installing: /home/omen/GITHUB/PLASMA_WORLD/AthOS/REPO-AthOS/kaccounts-integration/package-kaccounts-integration/usr/include/KAccounts6/KAccounts/ProvidersModel
-- Installing: /home/omen/GITHUB/PLASMA_WORLD/AthOS/REPO-AthOS/kaccounts-integration/package-kaccounts-integration/usr/include/KAccounts6/KAccounts/ServicesModel
-- Installing: /home/omen/GITHUB/PLASMA_WORLD/AthOS/REPO-AthOS/kaccounts-integration/package-kaccounts-integration/usr/include/KAccounts6/KAccounts/AccountServiceToggleJob
-- Installing: /home/omen/GITHUB/PLASMA_WORLD/AthOS/REPO-AthOS/kaccounts-integration/package-kaccounts-integration/usr/include/KAccounts6/KAccounts/ChangeAccountDisplayNameJob
-- Installing: /home/omen/GITHUB/PLASMA_WORLD/AthOS/REPO-AthOS/kaccounts-integration/package-kaccounts-integration/usr/include/KAccounts6/KAccounts/CreateAccountJob
-- Installing: /home/omen/GITHUB/PLASMA_WORLD/AthOS/REPO-AthOS/kaccounts-integration/package-kaccounts-integration/usr/include/KAccounts6/KAccounts/GetCredentialsJob
-- Installing: /home/omen/GITHUB/PLASMA_WORLD/AthOS/REPO-AthOS/kaccounts-integration/package-kaccounts-integration/usr/include/KAccounts6/KAccounts/RemoveAccountJob
-- Installing: /home/omen/GITHUB/PLASMA_WORLD/AthOS/REPO-AthOS/kaccounts-integration/package-kaccounts-integration/usr/lib64/qt6/qml/org/kde/kaccounts/libkaccountsdeclarativeplugin.so
-- Set non-toolchain portion of runtime path of "/home/omen/GITHUB/PLASMA_WORLD/AthOS/REPO-AthOS/kaccounts-integration/package-kaccounts-integration/usr/lib64/qt6/qml/org/kde/kaccounts/libkaccountsdeclarativeplugin.so" to "$ORIGIN/../../../../lib64"
-- Installing: /home/omen/GITHUB/PLASMA_WORLD/AthOS/REPO-AthOS/kaccounts-integration/package-kaccounts-integration/usr/lib64/qt6/qml/org/kde/kaccounts/qmldir
-- Installing: /home/omen/GITHUB/PLASMA_WORLD/AthOS/REPO-AthOS/kaccounts-integration/package-kaccounts-integration/usr/lib64/qt6/qml/org/kde/kaccounts/kaccountsdeclarativeplugin.qmltypes
-- Installing: /home/omen/GITHUB/PLASMA_WORLD/AthOS/REPO-AthOS/kaccounts-integration/package-kaccounts-integration/usr/lib64/qt6/qml/org/kde/kaccounts/kde-qmlmodule.version
-- Installing: /home/omen/GITHUB/PLASMA_WORLD/AthOS/REPO-AthOS/kaccounts-integration/package-kaccounts-integration/usr/lib64/qt6/plugins/kaccounts/daemonplugins/kaccounts_kio_webdav_plugin.so
-- Set non-toolchain portion of runtime path of "/home/omen/GITHUB/PLASMA_WORLD/AthOS/REPO-AthOS/kaccounts-integration/package-kaccounts-integration/usr/lib64/qt6/plugins/kaccounts/daemonplugins/kaccounts_kio_webdav_plugin.so" to ""
-- Installing: /home/omen/GITHUB/PLASMA_WORLD/AthOS/REPO-AthOS/kaccounts-integration/package-kaccounts-integration/usr/lib64/qt6/plugins/plasma/kcms/systemsettings/kcm_kaccounts.so
-- Installing: /home/omen/GITHUB/PLASMA_WORLD/AthOS/REPO-AthOS/kaccounts-integration/package-kaccounts-integration/usr/share/applications/kcm_kaccounts.desktop
-- Installing: /home/omen/GITHUB/PLASMA_WORLD/AthOS/REPO-AthOS/kaccounts-integration/package-kaccounts-integration/usr/lib64/qt6/plugins/kf6/kded/kded_accounts.so
-- Set non-toolchain portion of runtime path of "/home/omen/GITHUB/PLASMA_WORLD/AthOS/REPO-AthOS/kaccounts-integration/package-kaccounts-integration/usr/lib64/qt6/plugins/kf6/kded/kded_accounts.so" to ""
-- Installing: /home/omen/GITHUB/PLASMA_WORLD/AthOS/REPO-AthOS/kaccounts-integration/package-kaccounts-integration/usr/share/locale
-- Installing: /home/omen/GITHUB/PLASMA_WORLD/AthOS/REPO-AthOS/kaccounts-integration/package-kaccounts-integration/usr/share/locale/da
-- Installing: /home/omen/GITHUB/PLASMA_WORLD/AthOS/REPO-AthOS/kaccounts-integration/package-kaccounts-integration/usr/share/locale/da/LC_MESSAGES
-- Installing: /home/omen/GITHUB/PLASMA_WORLD/AthOS/REPO-AthOS/kaccounts-integration/package-kaccounts-integration/usr/share/locale/da/LC_MESSAGES/kaccounts-integration.mo
-- Installing: /home/omen/GITHUB/PLASMA_WORLD/AthOS/REPO-AthOS/kaccounts-integration/package-kaccounts-integration/usr/share/locale/cs
-- Installing: /home/omen/GITHUB/PLASMA_WORLD/AthOS/REPO-AthOS/kaccounts-integration/package-kaccounts-integration/usr/share/locale/cs/LC_MESSAGES
-- Installing: /home/omen/GITHUB/PLASMA_WORLD/AthOS/REPO-AthOS/kaccounts-integration/package-kaccounts-integration/usr/share/locale/cs/LC_MESSAGES/kaccounts-integration.mo
-- Installing: /home/omen/GITHUB/PLASMA_WORLD/AthOS/REPO-AthOS/kaccounts-integration/package-kaccounts-integration/usr/share/locale/ja
-- Installing: /home/omen/GITHUB/PLASMA_WORLD/AthOS/REPO-AthOS/kaccounts-integration/package-kaccounts-integration/usr/share/locale/ja/LC_MESSAGES
-- Installing: /home/omen/GITHUB/PLASMA_WORLD/AthOS/REPO-AthOS/kaccounts-integration/package-kaccounts-integration/usr/share/locale/ja/LC_MESSAGES/kaccounts-integration.mo
-- Installing: /home/omen/GITHUB/PLASMA_WORLD/AthOS/REPO-AthOS/kaccounts-integration/package-kaccounts-integration/usr/share/locale/sr@ijekavian
-- Installing: /home/omen/GITHUB/PLASMA_WORLD/AthOS/REPO-AthOS/kaccounts-integration/package-kaccounts-integration/usr/share/locale/sr@ijekavian/LC_MESSAGES
-- Installing: /home/omen/GITHUB/PLASMA_WORLD/AthOS/REPO-AthOS/kaccounts-integration/package-kaccounts-integration/usr/share/locale/sr@ijekavian/LC_MESSAGES/kaccounts-integration.mo
-- Installing: /home/omen/GITHUB/PLASMA_WORLD/AthOS/REPO-AthOS/kaccounts-integration/package-kaccounts-integration/usr/share/locale/de
-- Installing: /home/omen/GITHUB/PLASMA_WORLD/AthOS/REPO-AthOS/kaccounts-integration/package-kaccounts-integration/usr/share/locale/de/LC_MESSAGES
-- Installing: /home/omen/GITHUB/PLASMA_WORLD/AthOS/REPO-AthOS/kaccounts-integration/package-kaccounts-integration/usr/share/locale/de/LC_MESSAGES/kaccounts-integration.mo
-- Installing: /home/omen/GITHUB/PLASMA_WORLD/AthOS/REPO-AthOS/kaccounts-integration/package-kaccounts-integration/usr/share/locale/el
-- Installing: /home/omen/GITHUB/PLASMA_WORLD/AthOS/REPO-AthOS/kaccounts-integration/package-kaccounts-integration/usr/share/locale/el/LC_MESSAGES
-- Installing: /home/omen/GITHUB/PLASMA_WORLD/AthOS/REPO-AthOS/kaccounts-integration/package-kaccounts-integration/usr/share/locale/el/LC_MESSAGES/kaccounts-integration.mo
-- Installing: /home/omen/GITHUB/PLASMA_WORLD/AthOS/REPO-AthOS/kaccounts-integration/package-kaccounts-integration/usr/share/locale/nn
-- Installing: /home/omen/GITHUB/PLASMA_WORLD/AthOS/REPO-AthOS/kaccounts-integration/package-kaccounts-integration/usr/share/locale/nn/LC_MESSAGES
-- Installing: /home/omen/GITHUB/PLASMA_WORLD/AthOS/REPO-AthOS/kaccounts-integration/package-kaccounts-integration/usr/share/locale/nn/LC_MESSAGES/kaccounts-integration.mo
-- Installing: /home/omen/GITHUB/PLASMA_WORLD/AthOS/REPO-AthOS/kaccounts-integration/package-kaccounts-integration/usr/share/locale/sr
-- Installing: /home/omen/GITHUB/PLASMA_WORLD/AthOS/REPO-AthOS/kaccounts-integration/package-kaccounts-integration/usr/share/locale/sr/LC_MESSAGES
-- Installing: /home/omen/GITHUB/PLASMA_WORLD/AthOS/REPO-AthOS/kaccounts-integration/package-kaccounts-integration/usr/share/locale/sr/LC_MESSAGES/kaccounts-integration.mo
-- Installing: /home/omen/GITHUB/PLASMA_WORLD/AthOS/REPO-AthOS/kaccounts-integration/package-kaccounts-integration/usr/share/locale/hi
-- Installing: /home/omen/GITHUB/PLASMA_WORLD/AthOS/REPO-AthOS/kaccounts-integration/package-kaccounts-integration/usr/share/locale/hi/LC_MESSAGES
-- Installing: /home/omen/GITHUB/PLASMA_WORLD/AthOS/REPO-AthOS/kaccounts-integration/package-kaccounts-integration/usr/share/locale/hi/LC_MESSAGES/kaccounts-integration.mo
-- Installing: /home/omen/GITHUB/PLASMA_WORLD/AthOS/REPO-AthOS/kaccounts-integration/package-kaccounts-integration/usr/share/locale/pt_BR
-- Installing: /home/omen/GITHUB/PLASMA_WORLD/AthOS/REPO-AthOS/kaccounts-integration/package-kaccounts-integration/usr/share/locale/pt_BR/LC_MESSAGES
-- Installing: /home/omen/GITHUB/PLASMA_WORLD/AthOS/REPO-AthOS/kaccounts-integration/package-kaccounts-integration/usr/share/locale/pt_BR/LC_MESSAGES/kaccounts-integration.mo
-- Installing: /home/omen/GITHUB/PLASMA_WORLD/AthOS/REPO-AthOS/kaccounts-integration/package-kaccounts-integration/usr/share/locale/lt
-- Installing: /home/omen/GITHUB/PLASMA_WORLD/AthOS/REPO-AthOS/kaccounts-integration/package-kaccounts-integration/usr/share/locale/lt/LC_MESSAGES
-- Installing: /home/omen/GITHUB/PLASMA_WORLD/AthOS/REPO-AthOS/kaccounts-integration/package-kaccounts-integration/usr/share/locale/lt/LC_MESSAGES/kaccounts-integration.mo
-- Installing: /home/omen/GITHUB/PLASMA_WORLD/AthOS/REPO-AthOS/kaccounts-integration/package-kaccounts-integration/usr/share/locale/sr@ijekavianlatin
-- Installing: /home/omen/GITHUB/PLASMA_WORLD/AthOS/REPO-AthOS/kaccounts-integration/package-kaccounts-integration/usr/share/locale/sr@ijekavianlatin/LC_MESSAGES
-- Installing: /home/omen/GITHUB/PLASMA_WORLD/AthOS/REPO-AthOS/kaccounts-integration/package-kaccounts-integration/usr/share/locale/sr@ijekavianlatin/LC_MESSAGES/kaccounts-integration.mo
-- Installing: /home/omen/GITHUB/PLASMA_WORLD/AthOS/REPO-AthOS/kaccounts-integration/package-kaccounts-integration/usr/share/locale/pa
-- Installing: /home/omen/GITHUB/PLASMA_WORLD/AthOS/REPO-AthOS/kaccounts-integration/package-kaccounts-integration/usr/share/locale/pa/LC_MESSAGES
-- Installing: /home/omen/GITHUB/PLASMA_WORLD/AthOS/REPO-AthOS/kaccounts-integration/package-kaccounts-integration/usr/share/locale/pa/LC_MESSAGES/kaccounts-integration.mo
-- Installing: /home/omen/GITHUB/PLASMA_WORLD/AthOS/REPO-AthOS/kaccounts-integration/package-kaccounts-integration/usr/share/locale/sl
-- Installing: /home/omen/GITHUB/PLASMA_WORLD/AthOS/REPO-AthOS/kaccounts-integration/package-kaccounts-integration/usr/share/locale/sl/LC_MESSAGES
-- Installing: /home/omen/GITHUB/PLASMA_WORLD/AthOS/REPO-AthOS/kaccounts-integration/package-kaccounts-integration/usr/share/locale/sl/LC_MESSAGES/kaccounts-integration.mo
-- Installing: /home/omen/GITHUB/PLASMA_WORLD/AthOS/REPO-AthOS/kaccounts-integration/package-kaccounts-integration/usr/share/locale/ta
-- Installing: /home/omen/GITHUB/PLASMA_WORLD/AthOS/REPO-AthOS/kaccounts-integration/package-kaccounts-integration/usr/share/locale/ta/LC_MESSAGES
-- Installing: /home/omen/GITHUB/PLASMA_WORLD/AthOS/REPO-AthOS/kaccounts-integration/package-kaccounts-integration/usr/share/locale/ta/LC_MESSAGES/kaccounts-integration.mo
-- Installing: /home/omen/GITHUB/PLASMA_WORLD/AthOS/REPO-AthOS/kaccounts-integration/package-kaccounts-integration/usr/share/locale/ro
-- Installing: /home/omen/GITHUB/PLASMA_WORLD/AthOS/REPO-AthOS/kaccounts-integration/package-kaccounts-integration/usr/share/locale/ro/LC_MESSAGES
-- Installing: /home/omen/GITHUB/PLASMA_WORLD/AthOS/REPO-AthOS/kaccounts-integration/package-kaccounts-integration/usr/share/locale/ro/LC_MESSAGES/kaccounts-integration.mo
-- Installing: /home/omen/GITHUB/PLASMA_WORLD/AthOS/REPO-AthOS/kaccounts-integration/package-kaccounts-integration/usr/share/locale/bs
-- Installing: /home/omen/GITHUB/PLASMA_WORLD/AthOS/REPO-AthOS/kaccounts-integration/package-kaccounts-integration/usr/share/locale/bs/LC_MESSAGES
-- Installing: /home/omen/GITHUB/PLASMA_WORLD/AthOS/REPO-AthOS/kaccounts-integration/package-kaccounts-integration/usr/share/locale/bs/LC_MESSAGES/kaccounts-integration.mo
-- Installing: /home/omen/GITHUB/PLASMA_WORLD/AthOS/REPO-AthOS/kaccounts-integration/package-kaccounts-integration/usr/share/locale/is
-- Installing: /home/omen/GITHUB/PLASMA_WORLD/AthOS/REPO-AthOS/kaccounts-integration/package-kaccounts-integration/usr/share/locale/is/LC_MESSAGES
-- Installing: /home/omen/GITHUB/PLASMA_WORLD/AthOS/REPO-AthOS/kaccounts-integration/package-kaccounts-integration/usr/share/locale/is/LC_MESSAGES/kaccounts-integration.mo
-- Installing: /home/omen/GITHUB/PLASMA_WORLD/AthOS/REPO-AthOS/kaccounts-integration/package-kaccounts-integration/usr/share/locale/sr@latin
-- Installing: /home/omen/GITHUB/PLASMA_WORLD/AthOS/REPO-AthOS/kaccounts-integration/package-kaccounts-integration/usr/share/locale/sr@latin/LC_MESSAGES
-- Installing: /home/omen/GITHUB/PLASMA_WORLD/AthOS/REPO-AthOS/kaccounts-integration/package-kaccounts-integration/usr/share/locale/sr@latin/LC_MESSAGES/kaccounts-integration.mo
-- Installing: /home/omen/GITHUB/PLASMA_WORLD/AthOS/REPO-AthOS/kaccounts-integration/package-kaccounts-integration/usr/share/locale/he
-- Installing: /home/omen/GITHUB/PLASMA_WORLD/AthOS/REPO-AthOS/kaccounts-integration/package-kaccounts-integration/usr/share/locale/he/LC_MESSAGES
-- Installing: /home/omen/GITHUB/PLASMA_WORLD/AthOS/REPO-AthOS/kaccounts-integration/package-kaccounts-integration/usr/share/locale/he/LC_MESSAGES/kaccounts-integration.mo
-- Installing: /home/omen/GITHUB/PLASMA_WORLD/AthOS/REPO-AthOS/kaccounts-integration/package-kaccounts-integration/usr/share/locale/zh_TW
-- Installing: /home/omen/GITHUB/PLASMA_WORLD/AthOS/REPO-AthOS/kaccounts-integration/package-kaccounts-integration/usr/share/locale/zh_TW/LC_MESSAGES
-- Installing: /home/omen/GITHUB/PLASMA_WORLD/AthOS/REPO-AthOS/kaccounts-integration/package-kaccounts-integration/usr/share/locale/zh_TW/LC_MESSAGES/kaccounts-integration.mo
-- Installing: /home/omen/GITHUB/PLASMA_WORLD/AthOS/REPO-AthOS/kaccounts-integration/package-kaccounts-integration/usr/share/locale/pl
-- Installing: /home/omen/GITHUB/PLASMA_WORLD/AthOS/REPO-AthOS/kaccounts-integration/package-kaccounts-integration/usr/share/locale/pl/LC_MESSAGES
-- Installing: /home/omen/GITHUB/PLASMA_WORLD/AthOS/REPO-AthOS/kaccounts-integration/package-kaccounts-integration/usr/share/locale/pl/LC_MESSAGES/kaccounts-integration.mo
-- Installing: /home/omen/GITHUB/PLASMA_WORLD/AthOS/REPO-AthOS/kaccounts-integration/package-kaccounts-integration/usr/share/locale/pt
-- Installing: /home/omen/GITHUB/PLASMA_WORLD/AthOS/REPO-AthOS/kaccounts-integration/package-kaccounts-integration/usr/share/locale/pt/LC_MESSAGES
-- Installing: /home/omen/GITHUB/PLASMA_WORLD/AthOS/REPO-AthOS/kaccounts-integration/package-kaccounts-integration/usr/share/locale/pt/LC_MESSAGES/kaccounts-integration.mo
-- Installing: /home/omen/GITHUB/PLASMA_WORLD/AthOS/REPO-AthOS/kaccounts-integration/package-kaccounts-integration/usr/share/locale/az
-- Installing: /home/omen/GITHUB/PLASMA_WORLD/AthOS/REPO-AthOS/kaccounts-integration/package-kaccounts-integration/usr/share/locale/az/LC_MESSAGES
-- Installing: /home/omen/GITHUB/PLASMA_WORLD/AthOS/REPO-AthOS/kaccounts-integration/package-kaccounts-integration/usr/share/locale/az/LC_MESSAGES/kaccounts-integration.mo
-- Installing: /home/omen/GITHUB/PLASMA_WORLD/AthOS/REPO-AthOS/kaccounts-integration/package-kaccounts-integration/usr/share/locale/tr
-- Installing: /home/omen/GITHUB/PLASMA_WORLD/AthOS/REPO-AthOS/kaccounts-integration/package-kaccounts-integration/usr/share/locale/tr/LC_MESSAGES
-- Installing: /home/omen/GITHUB/PLASMA_WORLD/AthOS/REPO-AthOS/kaccounts-integration/package-kaccounts-integration/usr/share/locale/tr/LC_MESSAGES/kaccounts-integration.mo
-- Installing: /home/omen/GITHUB/PLASMA_WORLD/AthOS/REPO-AthOS/kaccounts-integration/package-kaccounts-integration/usr/share/locale/fr
-- Installing: /home/omen/GITHUB/PLASMA_WORLD/AthOS/REPO-AthOS/kaccounts-integration/package-kaccounts-integration/usr/share/locale/fr/LC_MESSAGES
-- Installing: /home/omen/GITHUB/PLASMA_WORLD/AthOS/REPO-AthOS/kaccounts-integration/package-kaccounts-integration/usr/share/locale/fr/LC_MESSAGES/kaccounts-integration.mo
-- Installing: /home/omen/GITHUB/PLASMA_WORLD/AthOS/REPO-AthOS/kaccounts-integration/package-kaccounts-integration/usr/share/locale/ast
-- Installing: /home/omen/GITHUB/PLASMA_WORLD/AthOS/REPO-AthOS/kaccounts-integration/package-kaccounts-integration/usr/share/locale/ast/LC_MESSAGES
-- Installing: /home/omen/GITHUB/PLASMA_WORLD/AthOS/REPO-AthOS/kaccounts-integration/package-kaccounts-integration/usr/share/locale/ast/LC_MESSAGES/kaccounts-integration.mo
-- Installing: /home/omen/GITHUB/PLASMA_WORLD/AthOS/REPO-AthOS/kaccounts-integration/package-kaccounts-integration/usr/share/locale/ka
-- Installing: /home/omen/GITHUB/PLASMA_WORLD/AthOS/REPO-AthOS/kaccounts-integration/package-kaccounts-integration/usr/share/locale/ka/LC_MESSAGES
-- Installing: /home/omen/GITHUB/PLASMA_WORLD/AthOS/REPO-AthOS/kaccounts-integration/package-kaccounts-integration/usr/share/locale/ka/LC_MESSAGES/kaccounts-integration.mo
-- Installing: /home/omen/GITHUB/PLASMA_WORLD/AthOS/REPO-AthOS/kaccounts-integration/package-kaccounts-integration/usr/share/locale/gl
-- Installing: /home/omen/GITHUB/PLASMA_WORLD/AthOS/REPO-AthOS/kaccounts-integration/package-kaccounts-integration/usr/share/locale/gl/LC_MESSAGES
-- Installing: /home/omen/GITHUB/PLASMA_WORLD/AthOS/REPO-AthOS/kaccounts-integration/package-kaccounts-integration/usr/share/locale/gl/LC_MESSAGES/kaccounts-integration.mo
-- Installing: /home/omen/GITHUB/PLASMA_WORLD/AthOS/REPO-AthOS/kaccounts-integration/package-kaccounts-integration/usr/share/locale/ia
-- Installing: /home/omen/GITHUB/PLASMA_WORLD/AthOS/REPO-AthOS/kaccounts-integration/package-kaccounts-integration/usr/share/locale/ia/LC_MESSAGES
-- Installing: /home/omen/GITHUB/PLASMA_WORLD/AthOS/REPO-AthOS/kaccounts-integration/package-kaccounts-integration/usr/share/locale/ia/LC_MESSAGES/kaccounts-integration.mo
-- Installing: /home/omen/GITHUB/PLASMA_WORLD/AthOS/REPO-AthOS/kaccounts-integration/package-kaccounts-integration/usr/share/locale/hu
-- Installing: /home/omen/GITHUB/PLASMA_WORLD/AthOS/REPO-AthOS/kaccounts-integration/package-kaccounts-integration/usr/share/locale/hu/LC_MESSAGES
-- Installing: /home/omen/GITHUB/PLASMA_WORLD/AthOS/REPO-AthOS/kaccounts-integration/package-kaccounts-integration/usr/share/locale/hu/LC_MESSAGES/kaccounts-integration.mo
-- Installing: /home/omen/GITHUB/PLASMA_WORLD/AthOS/REPO-AthOS/kaccounts-integration/package-kaccounts-integration/usr/share/locale/eo
-- Installing: /home/omen/GITHUB/PLASMA_WORLD/AthOS/REPO-AthOS/kaccounts-integration/package-kaccounts-integration/usr/share/locale/eo/LC_MESSAGES
-- Installing: /home/omen/GITHUB/PLASMA_WORLD/AthOS/REPO-AthOS/kaccounts-integration/package-kaccounts-integration/usr/share/locale/eo/LC_MESSAGES/kaccounts-integration.mo
-- Installing: /home/omen/GITHUB/PLASMA_WORLD/AthOS/REPO-AthOS/kaccounts-integration/package-kaccounts-integration/usr/share/locale/bg
-- Installing: /home/omen/GITHUB/PLASMA_WORLD/AthOS/REPO-AthOS/kaccounts-integration/package-kaccounts-integration/usr/share/locale/bg/LC_MESSAGES
-- Installing: /home/omen/GITHUB/PLASMA_WORLD/AthOS/REPO-AthOS/kaccounts-integration/package-kaccounts-integration/usr/share/locale/bg/LC_MESSAGES/kaccounts-integration.mo
-- Installing: /home/omen/GITHUB/PLASMA_WORLD/AthOS/REPO-AthOS/kaccounts-integration/package-kaccounts-integration/usr/share/locale/ca
-- Installing: /home/omen/GITHUB/PLASMA_WORLD/AthOS/REPO-AthOS/kaccounts-integration/package-kaccounts-integration/usr/share/locale/ca/LC_MESSAGES
-- Installing: /home/omen/GITHUB/PLASMA_WORLD/AthOS/REPO-AthOS/kaccounts-integration/package-kaccounts-integration/usr/share/locale/ca/LC_MESSAGES/kaccounts-integration.mo
-- Installing: /home/omen/GITHUB/PLASMA_WORLD/AthOS/REPO-AthOS/kaccounts-integration/package-kaccounts-integration/usr/share/locale/uk
-- Installing: /home/omen/GITHUB/PLASMA_WORLD/AthOS/REPO-AthOS/kaccounts-integration/package-kaccounts-integration/usr/share/locale/uk/LC_MESSAGES
-- Installing: /home/omen/GITHUB/PLASMA_WORLD/AthOS/REPO-AthOS/kaccounts-integration/package-kaccounts-integration/usr/share/locale/uk/LC_MESSAGES/kaccounts-integration.mo
-- Installing: /home/omen/GITHUB/PLASMA_WORLD/AthOS/REPO-AthOS/kaccounts-integration/package-kaccounts-integration/usr/share/locale/id
-- Installing: /home/omen/GITHUB/PLASMA_WORLD/AthOS/REPO-AthOS/kaccounts-integration/package-kaccounts-integration/usr/share/locale/id/LC_MESSAGES
-- Installing: /home/omen/GITHUB/PLASMA_WORLD/AthOS/REPO-AthOS/kaccounts-integration/package-kaccounts-integration/usr/share/locale/id/LC_MESSAGES/kaccounts-integration.mo
-- Installing: /home/omen/GITHUB/PLASMA_WORLD/AthOS/REPO-AthOS/kaccounts-integration/package-kaccounts-integration/usr/share/locale/en_GB
-- Installing: /home/omen/GITHUB/PLASMA_WORLD/AthOS/REPO-AthOS/kaccounts-integration/package-kaccounts-integration/usr/share/locale/en_GB/LC_MESSAGES
-- Installing: /home/omen/GITHUB/PLASMA_WORLD/AthOS/REPO-AthOS/kaccounts-integration/package-kaccounts-integration/usr/share/locale/en_GB/LC_MESSAGES/kaccounts-integration.mo
-- Installing: /home/omen/GITHUB/PLASMA_WORLD/AthOS/REPO-AthOS/kaccounts-integration/package-kaccounts-integration/usr/share/locale/zh_CN
-- Installing: /home/omen/GITHUB/PLASMA_WORLD/AthOS/REPO-AthOS/kaccounts-integration/package-kaccounts-integration/usr/share/locale/zh_CN/LC_MESSAGES
-- Installing: /home/omen/GITHUB/PLASMA_WORLD/AthOS/REPO-AthOS/kaccounts-integration/package-kaccounts-integration/usr/share/locale/zh_CN/LC_MESSAGES/kaccounts-integration.mo
-- Installing: /home/omen/GITHUB/PLASMA_WORLD/AthOS/REPO-AthOS/kaccounts-integration/package-kaccounts-integration/usr/share/locale/nl
-- Installing: /home/omen/GITHUB/PLASMA_WORLD/AthOS/REPO-AthOS/kaccounts-integration/package-kaccounts-integration/usr/share/locale/nl/LC_MESSAGES
-- Installing: /home/omen/GITHUB/PLASMA_WORLD/AthOS/REPO-AthOS/kaccounts-integration/package-kaccounts-integration/usr/share/locale/nl/LC_MESSAGES/kaccounts-integration.mo
-- Installing: /home/omen/GITHUB/PLASMA_WORLD/AthOS/REPO-AthOS/kaccounts-integration/package-kaccounts-integration/usr/share/locale/sa
-- Installing: /home/omen/GITHUB/PLASMA_WORLD/AthOS/REPO-AthOS/kaccounts-integration/package-kaccounts-integration/usr/share/locale/sa/LC_MESSAGES
-- Installing: /home/omen/GITHUB/PLASMA_WORLD/AthOS/REPO-AthOS/kaccounts-integration/package-kaccounts-integration/usr/share/locale/sa/LC_MESSAGES/kaccounts-integration.mo
-- Installing: /home/omen/GITHUB/PLASMA_WORLD/AthOS/REPO-AthOS/kaccounts-integration/package-kaccounts-integration/usr/share/locale/fi
-- Installing: /home/omen/GITHUB/PLASMA_WORLD/AthOS/REPO-AthOS/kaccounts-integration/package-kaccounts-integration/usr/share/locale/fi/LC_MESSAGES
-- Installing: /home/omen/GITHUB/PLASMA_WORLD/AthOS/REPO-AthOS/kaccounts-integration/package-kaccounts-integration/usr/share/locale/fi/LC_MESSAGES/kaccounts-integration.mo
-- Installing: /home/omen/GITHUB/PLASMA_WORLD/AthOS/REPO-AthOS/kaccounts-integration/package-kaccounts-integration/usr/share/locale/ko
-- Installing: /home/omen/GITHUB/PLASMA_WORLD/AthOS/REPO-AthOS/kaccounts-integration/package-kaccounts-integration/usr/share/locale/ko/LC_MESSAGES
-- Installing: /home/omen/GITHUB/PLASMA_WORLD/AthOS/REPO-AthOS/kaccounts-integration/package-kaccounts-integration/usr/share/locale/ko/LC_MESSAGES/kaccounts-integration.mo
-- Installing: /home/omen/GITHUB/PLASMA_WORLD/AthOS/REPO-AthOS/kaccounts-integration/package-kaccounts-integration/usr/share/locale/ru
-- Installing: /home/omen/GITHUB/PLASMA_WORLD/AthOS/REPO-AthOS/kaccounts-integration/package-kaccounts-integration/usr/share/locale/ru/LC_MESSAGES
-- Installing: /home/omen/GITHUB/PLASMA_WORLD/AthOS/REPO-AthOS/kaccounts-integration/package-kaccounts-integration/usr/share/locale/ru/LC_MESSAGES/kaccounts-integration.mo
-- Installing: /home/omen/GITHUB/PLASMA_WORLD/AthOS/REPO-AthOS/kaccounts-integration/package-kaccounts-integration/usr/share/locale/lv
-- Installing: /home/omen/GITHUB/PLASMA_WORLD/AthOS/REPO-AthOS/kaccounts-integration/package-kaccounts-integration/usr/share/locale/lv/LC_MESSAGES
-- Installing: /home/omen/GITHUB/PLASMA_WORLD/AthOS/REPO-AthOS/kaccounts-integration/package-kaccounts-integration/usr/share/locale/lv/LC_MESSAGES/kaccounts-integration.mo
-- Installing: /home/omen/GITHUB/PLASMA_WORLD/AthOS/REPO-AthOS/kaccounts-integration/package-kaccounts-integration/usr/share/locale/ca@valencia
-- Installing: /home/omen/GITHUB/PLASMA_WORLD/AthOS/REPO-AthOS/kaccounts-integration/package-kaccounts-integration/usr/share/locale/ca@valencia/LC_MESSAGES
-- Installing: /home/omen/GITHUB/PLASMA_WORLD/AthOS/REPO-AthOS/kaccounts-integration/package-kaccounts-integration/usr/share/locale/ca@valencia/LC_MESSAGES/kaccounts-integration.mo
-- Installing: /home/omen/GITHUB/PLASMA_WORLD/AthOS/REPO-AthOS/kaccounts-integration/package-kaccounts-integration/usr/share/locale/es
-- Installing: /home/omen/GITHUB/PLASMA_WORLD/AthOS/REPO-AthOS/kaccounts-integration/package-kaccounts-integration/usr/share/locale/es/LC_MESSAGES
-- Installing: /home/omen/GITHUB/PLASMA_WORLD/AthOS/REPO-AthOS/kaccounts-integration/package-kaccounts-integration/usr/share/locale/es/LC_MESSAGES/kaccounts-integration.mo
-- Installing: /home/omen/GITHUB/PLASMA_WORLD/AthOS/REPO-AthOS/kaccounts-integration/package-kaccounts-integration/usr/share/locale/eu
-- Installing: /home/omen/GITHUB/PLASMA_WORLD/AthOS/REPO-AthOS/kaccounts-integration/package-kaccounts-integration/usr/share/locale/eu/LC_MESSAGES
-- Installing: /home/omen/GITHUB/PLASMA_WORLD/AthOS/REPO-AthOS/kaccounts-integration/package-kaccounts-integration/usr/share/locale/eu/LC_MESSAGES/kaccounts-integration.mo
-- Installing: /home/omen/GITHUB/PLASMA_WORLD/AthOS/REPO-AthOS/kaccounts-integration/package-kaccounts-integration/usr/share/locale/et
-- Installing: /home/omen/GITHUB/PLASMA_WORLD/AthOS/REPO-AthOS/kaccounts-integration/package-kaccounts-integration/usr/share/locale/et/LC_MESSAGES
-- Installing: /home/omen/GITHUB/PLASMA_WORLD/AthOS/REPO-AthOS/kaccounts-integration/package-kaccounts-integration/usr/share/locale/et/LC_MESSAGES/kaccounts-integration.mo
-- Installing: /home/omen/GITHUB/PLASMA_WORLD/AthOS/REPO-AthOS/kaccounts-integration/package-kaccounts-integration/usr/share/locale/it
-- Installing: /home/omen/GITHUB/PLASMA_WORLD/AthOS/REPO-AthOS/kaccounts-integration/package-kaccounts-integration/usr/share/locale/it/LC_MESSAGES
-- Installing: /home/omen/GITHUB/PLASMA_WORLD/AthOS/REPO-AthOS/kaccounts-integration/package-kaccounts-integration/usr/share/locale/it/LC_MESSAGES/kaccounts-integration.mo
-- Installing: /home/omen/GITHUB/PLASMA_WORLD/AthOS/REPO-AthOS/kaccounts-integration/package-kaccounts-integration/usr/share/locale/ar
-- Installing: /home/omen/GITHUB/PLASMA_WORLD/AthOS/REPO-AthOS/kaccounts-integration/package-kaccounts-integration/usr/share/locale/ar/LC_MESSAGES
-- Installing: /home/omen/GITHUB/PLASMA_WORLD/AthOS/REPO-AthOS/kaccounts-integration/package-kaccounts-integration/usr/share/locale/ar/LC_MESSAGES/kaccounts-integration.mo
-- Installing: /home/omen/GITHUB/PLASMA_WORLD/AthOS/REPO-AthOS/kaccounts-integration/package-kaccounts-integration/usr/share/locale/sk
-- Installing: /home/omen/GITHUB/PLASMA_WORLD/AthOS/REPO-AthOS/kaccounts-integration/package-kaccounts-integration/usr/share/locale/sk/LC_MESSAGES
-- Installing: /home/omen/GITHUB/PLASMA_WORLD/AthOS/REPO-AthOS/kaccounts-integration/package-kaccounts-integration/usr/share/locale/sk/LC_MESSAGES/kaccounts-integration.mo
-- Installing: /home/omen/GITHUB/PLASMA_WORLD/AthOS/REPO-AthOS/kaccounts-integration/package-kaccounts-integration/usr/share/locale/sv
-- Installing: /home/omen/GITHUB/PLASMA_WORLD/AthOS/REPO-AthOS/kaccounts-integration/package-kaccounts-integration/usr/share/locale/sv/LC_MESSAGES
-- Installing: /home/omen/GITHUB/PLASMA_WORLD/AthOS/REPO-AthOS/kaccounts-integration/package-kaccounts-integration/usr/share/locale/sv/LC_MESSAGES/kaccounts-integration.mo
-- Installing: /home/omen/GITHUB/PLASMA_WORLD/AthOS/REPO-AthOS/kaccounts-integration/package-kaccounts-integration/usr/share/qlogging-categories6/kaccounts.categories
The main part of source code is ready. We are moving on to preparing post install scripts, docs, license, man pages etc..
cp: cannot stat 'AUTHORS': No such file or directory
cp: cannot stat 'ChangeLog*': No such file or directory
cp: cannot stat 'COPYING': No such file or directory
cp: cannot stat 'CREDITS': No such file or directory
cp: cannot stat 'LICENSE': No such file or directory
cp: cannot stat 'MAINTAINERS': No such file or directory
cp: cannot stat 'NEWS': No such file or directory
cp: cannot stat 'docs': No such file or directory
cp: cannot stat 'DOCS': No such file or directory
grep: /home/omen/GITHUB/PLASMA_WORLD/AthOS/REPO-AthOS/kaccounts-integration/kaccounts-integration.info: No such file or directory
extra-cmake-modules
accounts-qml-module
signon-ui
kcmutils
kcoreaddons
kdbusaddons
kdeclarative
ki18n
libaccounts-qt
signond
Packaging compiled for slackware installation...
MAKEPKG_FLAGS is empty or unset, using default

Slackware package maker, version 3.14159265.

Searching for symbolic links:
usr/lib64/libkaccounts6.so	libkaccounts6.so.2
usr/lib64/libkaccounts6.so.2	libkaccounts6.so.25.04.1

Making symbolic link creation script:
( cd usr/lib64 ; rm -rf libkaccounts6.so )
( cd usr/lib64 ; ln -sf libkaccounts6.so.2 libkaccounts6.so )
( cd usr/lib64 ; rm -rf libkaccounts6.so.2 )
( cd usr/lib64 ; ln -sf libkaccounts6.so.25.04.1 libkaccounts6.so.2 )

Unless your existing installation script already contains the code
to create these links, you should append these lines to your existing
install script. Now's your chance. :^)

Would you like to add this stuff to the existing install script and
remove the symbolic links ([y]es, [n]o)? y


Removing symbolic links:
removed './usr/lib64/libkaccounts6.so.2'
removed './usr/lib64/libkaccounts6.so'

Updating your ./install/doinst.sh...

This next step is optional - you can set the directories in your package
to some sane permissions. If any of the directories in your package have
special permissions, then DO NOT reset them here!

Would you like to reset all directory permissions to 755 (drwxr-xr-x) and
directory ownerships to root:root ([y]es, [n]o)? n


Creating Slackware package:  /tmp/kaccounts-integration/kaccounts-integration-25.04.1-x86_64-1_rtz.tlz

./
install/
install/doinst.sh
install/slack-desc
usr/
usr/doc/
usr/doc/kaccounts-integration-25.04.1/
usr/doc/kaccounts-integration-25.04.1/README
usr/doc/kaccounts-integration-25.04.1/README.md
usr/doc/kaccounts-integration-25.04.1/kaccounts-integration.ini
usr/doc/kaccounts-integration-25.04.1/slack-required
usr/include/
usr/include/KAccounts6/
usr/include/KAccounts6/KAccounts/
usr/include/KAccounts6/KAccounts/AccountServiceToggleJob
usr/include/KAccounts6/KAccounts/AccountsModel
usr/include/KAccounts6/KAccounts/ChangeAccountDisplayNameJob
usr/include/KAccounts6/KAccounts/Core
usr/include/KAccounts6/KAccounts/CreateAccountJob
usr/include/KAccounts6/KAccounts/GetCredentialsJob
usr/include/KAccounts6/KAccounts/KAccountsDPlugin
usr/include/KAccounts6/KAccounts/KAccountsUiPlugin
usr/include/KAccounts6/KAccounts/ProvidersModel
usr/include/KAccounts6/KAccounts/RemoveAccountJob
usr/include/KAccounts6/KAccounts/ServicesModel
usr/include/KAccounts6/kaccounts/
usr/include/KAccounts6/kaccounts/accountservicetogglejob.h
usr/include/KAccounts6/kaccounts/accountsmodel.h
usr/include/KAccounts6/kaccounts/changeaccountdisplaynamejob.h
usr/include/KAccounts6/kaccounts/core.h
usr/include/KAccounts6/kaccounts/createaccountjob.h
usr/include/KAccounts6/kaccounts/getcredentialsjob.h
usr/include/KAccounts6/kaccounts/kaccountsdplugin.h
usr/include/KAccounts6/kaccounts/kaccountsuiplugin.h
usr/include/KAccounts6/kaccounts/providersmodel.h
usr/include/KAccounts6/kaccounts/removeaccountjob.h
usr/include/KAccounts6/kaccounts/servicesmodel.h
usr/include/KAccounts6/kaccounts_export.h
usr/include/KAccounts6/kaccounts_version.h
usr/lib64/
usr/lib64/cmake/
usr/lib64/cmake/KAccounts6/
usr/lib64/cmake/KAccounts6/KAccounts6Config.cmake
usr/lib64/cmake/KAccounts6/KAccounts6ConfigVersion.cmake
usr/lib64/cmake/KAccounts6/KAccounts6Targets-relwithdebinfo.cmake
usr/lib64/cmake/KAccounts6/KAccounts6Targets.cmake
usr/lib64/cmake/KAccounts6/KAccountsMacros.cmake
usr/lib64/libkaccounts6.so.25.04.1
usr/lib64/qt6/
usr/lib64/qt6/plugins/
usr/lib64/qt6/plugins/kaccounts/
usr/lib64/qt6/plugins/kaccounts/daemonplugins/
usr/lib64/qt6/plugins/kaccounts/daemonplugins/kaccounts_kio_webdav_plugin.so
usr/lib64/qt6/plugins/kf6/
usr/lib64/qt6/plugins/kf6/kded/
usr/lib64/qt6/plugins/kf6/kded/kded_accounts.so
usr/lib64/qt6/plugins/plasma/
usr/lib64/qt6/plugins/plasma/kcms/
usr/lib64/qt6/plugins/plasma/kcms/systemsettings/
usr/lib64/qt6/plugins/plasma/kcms/systemsettings/kcm_kaccounts.so
usr/lib64/qt6/qml/
usr/lib64/qt6/qml/org/
usr/lib64/qt6/qml/org/kde/
usr/lib64/qt6/qml/org/kde/kaccounts/
usr/lib64/qt6/qml/org/kde/kaccounts/kaccountsdeclarativeplugin.qmltypes
usr/lib64/qt6/qml/org/kde/kaccounts/kde-qmlmodule.version
usr/lib64/qt6/qml/org/kde/kaccounts/libkaccountsdeclarativeplugin.so
usr/lib64/qt6/qml/org/kde/kaccounts/qmldir
usr/share/
usr/share/applications/
usr/share/applications/kcm_kaccounts.desktop
usr/share/locale/
usr/share/locale/ar/
usr/share/locale/ar/LC_MESSAGES/
usr/share/locale/ar/LC_MESSAGES/kaccounts-integration.mo
usr/share/locale/ast/
usr/share/locale/ast/LC_MESSAGES/
usr/share/locale/ast/LC_MESSAGES/kaccounts-integration.mo
usr/share/locale/az/
usr/share/locale/az/LC_MESSAGES/
usr/share/locale/az/LC_MESSAGES/kaccounts-integration.mo
usr/share/locale/bg/
usr/share/locale/bg/LC_MESSAGES/
usr/share/locale/bg/LC_MESSAGES/kaccounts-integration.mo
usr/share/locale/bs/
usr/share/locale/bs/LC_MESSAGES/
usr/share/locale/bs/LC_MESSAGES/kaccounts-integration.mo
usr/share/locale/ca/
usr/share/locale/ca/LC_MESSAGES/
usr/share/locale/ca/LC_MESSAGES/kaccounts-integration.mo
usr/share/locale/ca@valencia/
usr/share/locale/ca@valencia/LC_MESSAGES/
usr/share/locale/ca@valencia/LC_MESSAGES/kaccounts-integration.mo
usr/share/locale/cs/
usr/share/locale/cs/LC_MESSAGES/
usr/share/locale/cs/LC_MESSAGES/kaccounts-integration.mo
usr/share/locale/da/
usr/share/locale/da/LC_MESSAGES/
usr/share/locale/da/LC_MESSAGES/kaccounts-integration.mo
usr/share/locale/de/
usr/share/locale/de/LC_MESSAGES/
usr/share/locale/de/LC_MESSAGES/kaccounts-integration.mo
usr/share/locale/el/
usr/share/locale/el/LC_MESSAGES/
usr/share/locale/el/LC_MESSAGES/kaccounts-integration.mo
usr/share/locale/en_GB/
usr/share/locale/en_GB/LC_MESSAGES/
usr/share/locale/en_GB/LC_MESSAGES/kaccounts-integration.mo
usr/share/locale/eo/
usr/share/locale/eo/LC_MESSAGES/
usr/share/locale/eo/LC_MESSAGES/kaccounts-integration.mo
usr/share/locale/es/
usr/share/locale/es/LC_MESSAGES/
usr/share/locale/es/LC_MESSAGES/kaccounts-integration.mo
usr/share/locale/et/
usr/share/locale/et/LC_MESSAGES/
usr/share/locale/et/LC_MESSAGES/kaccounts-integration.mo
usr/share/locale/eu/
usr/share/locale/eu/LC_MESSAGES/
usr/share/locale/eu/LC_MESSAGES/kaccounts-integration.mo
usr/share/locale/fi/
usr/share/locale/fi/LC_MESSAGES/
usr/share/locale/fi/LC_MESSAGES/kaccounts-integration.mo
usr/share/locale/fr/
usr/share/locale/fr/LC_MESSAGES/
usr/share/locale/fr/LC_MESSAGES/kaccounts-integration.mo
usr/share/locale/gl/
usr/share/locale/gl/LC_MESSAGES/
usr/share/locale/gl/LC_MESSAGES/kaccounts-integration.mo
usr/share/locale/he/
usr/share/locale/he/LC_MESSAGES/
usr/share/locale/he/LC_MESSAGES/kaccounts-integration.mo
usr/share/locale/hi/
usr/share/locale/hi/LC_MESSAGES/
usr/share/locale/hi/LC_MESSAGES/kaccounts-integration.mo
usr/share/locale/hu/
usr/share/locale/hu/LC_MESSAGES/
usr/share/locale/hu/LC_MESSAGES/kaccounts-integration.mo
usr/share/locale/ia/
usr/share/locale/ia/LC_MESSAGES/
usr/share/locale/ia/LC_MESSAGES/kaccounts-integration.mo
usr/share/locale/id/
usr/share/locale/id/LC_MESSAGES/
usr/share/locale/id/LC_MESSAGES/kaccounts-integration.mo
usr/share/locale/is/
usr/share/locale/is/LC_MESSAGES/
usr/share/locale/is/LC_MESSAGES/kaccounts-integration.mo
usr/share/locale/it/
usr/share/locale/it/LC_MESSAGES/
usr/share/locale/it/LC_MESSAGES/kaccounts-integration.mo
usr/share/locale/ja/
usr/share/locale/ja/LC_MESSAGES/
usr/share/locale/ja/LC_MESSAGES/kaccounts-integration.mo
usr/share/locale/ka/
usr/share/locale/ka/LC_MESSAGES/
usr/share/locale/ka/LC_MESSAGES/kaccounts-integration.mo
usr/share/locale/ko/
usr/share/locale/ko/LC_MESSAGES/
usr/share/locale/ko/LC_MESSAGES/kaccounts-integration.mo
usr/share/locale/lt/
usr/share/locale/lt/LC_MESSAGES/
usr/share/locale/lt/LC_MESSAGES/kaccounts-integration.mo
usr/share/locale/lv/
usr/share/locale/lv/LC_MESSAGES/
usr/share/locale/lv/LC_MESSAGES/kaccounts-integration.mo
usr/share/locale/nl/
usr/share/locale/nl/LC_MESSAGES/
usr/share/locale/nl/LC_MESSAGES/kaccounts-integration.mo
usr/share/locale/nn/
usr/share/locale/nn/LC_MESSAGES/
usr/share/locale/nn/LC_MESSAGES/kaccounts-integration.mo
usr/share/locale/pa/
usr/share/locale/pa/LC_MESSAGES/
usr/share/locale/pa/LC_MESSAGES/kaccounts-integration.mo
usr/share/locale/pl/
usr/share/locale/pl/LC_MESSAGES/
usr/share/locale/pl/LC_MESSAGES/kaccounts-integration.mo
usr/share/locale/pt/
usr/share/locale/pt/LC_MESSAGES/
usr/share/locale/pt/LC_MESSAGES/kaccounts-integration.mo
usr/share/locale/pt_BR/
usr/share/locale/pt_BR/LC_MESSAGES/
usr/share/locale/pt_BR/LC_MESSAGES/kaccounts-integration.mo
usr/share/locale/ro/
usr/share/locale/ro/LC_MESSAGES/
usr/share/locale/ro/LC_MESSAGES/kaccounts-integration.mo
usr/share/locale/ru/
usr/share/locale/ru/LC_MESSAGES/
usr/share/locale/ru/LC_MESSAGES/kaccounts-integration.mo
usr/share/locale/sa/
usr/share/locale/sa/LC_MESSAGES/
usr/share/locale/sa/LC_MESSAGES/kaccounts-integration.mo
usr/share/locale/sk/
usr/share/locale/sk/LC_MESSAGES/
usr/share/locale/sk/LC_MESSAGES/kaccounts-integration.mo
usr/share/locale/sl/
usr/share/locale/sl/LC_MESSAGES/
usr/share/locale/sl/LC_MESSAGES/kaccounts-integration.mo
usr/share/locale/sr/
usr/share/locale/sr/LC_MESSAGES/
usr/share/locale/sr/LC_MESSAGES/kaccounts-integration.mo
usr/share/locale/sr@ijekavian/
usr/share/locale/sr@ijekavian/LC_MESSAGES/
usr/share/locale/sr@ijekavian/LC_MESSAGES/kaccounts-integration.mo
usr/share/locale/sr@ijekavianlatin/
usr/share/locale/sr@ijekavianlatin/LC_MESSAGES/
usr/share/locale/sr@ijekavianlatin/LC_MESSAGES/kaccounts-integration.mo
usr/share/locale/sr@latin/
usr/share/locale/sr@latin/LC_MESSAGES/
usr/share/locale/sr@latin/LC_MESSAGES/kaccounts-integration.mo
usr/share/locale/sv/
usr/share/locale/sv/LC_MESSAGES/
usr/share/locale/sv/LC_MESSAGES/kaccounts-integration.mo
usr/share/locale/ta/
usr/share/locale/ta/LC_MESSAGES/
usr/share/locale/ta/LC_MESSAGES/kaccounts-integration.mo
usr/share/locale/tr/
usr/share/locale/tr/LC_MESSAGES/
usr/share/locale/tr/LC_MESSAGES/kaccounts-integration.mo
usr/share/locale/uk/
usr/share/locale/uk/LC_MESSAGES/
usr/share/locale/uk/LC_MESSAGES/kaccounts-integration.mo
usr/share/locale/zh_CN/
usr/share/locale/zh_CN/LC_MESSAGES/
usr/share/locale/zh_CN/LC_MESSAGES/kaccounts-integration.mo
usr/share/locale/zh_TW/
usr/share/locale/zh_TW/LC_MESSAGES/
usr/share/locale/zh_TW/LC_MESSAGES/kaccounts-integration.mo
usr/share/qlogging-categories6/
usr/share/qlogging-categories6/kaccounts.categories

Slackware package /tmp/kaccounts-integration/kaccounts-integration-25.04.1-x86_64-1_rtz.tlz created.

Create shared object file for kaccounts-integration-25.04.1-x86_64-1_rtz.tlz
Creating /tmp/kaccounts-integration/kaccounts-integration-25.04.1-x86_64-1_rtz.tlz.so.file using /tmp/kaccounts-integration/kaccounts-integration-25.04.1-x86_64-1_rtz.tlz
Successfully created /tmp/kaccounts-integration/kaccounts-integration-25.04.1-x86_64-1_rtz.tlz.so.file
Packaging of executable and meta-data in kaccounts-integration.tar.lz4 format.
/tmp/kaccounts-integration /tmp/kaccounts-integration
/tmp/kaccounts-integration
BIN_NAME
README
kaccounts-integration-25.04.1-x86_64-1_rtz.tlz
kaccounts-integration-25.04.1-x86_64-1_rtz.tlz.md5
kaccounts-integration-25.04.1-x86_64-1_rtz.tlz.so.file
kaccounts-integration-25.04.1-x86_64-1_rtz.tlz.txt
kaccounts-integration.dep
makepkg-kaccounts-integration.log
kaccounts-integration build finished. Procced to installation...

+==============================================================================================================================================+
| Upgrading kaccounts-integration-25.04.1-x86_64-1_rtz package using /tmp/kaccounts-integration/kaccounts-integration-25.04.1-x86_64-1_rtz.tlz |
+==============================================================================================================================================+

Pre-installing package kaccounts-integration-25.04.1-x86_64-1_rtz...
Removing package: kaccounts-integration-25.04.1-x86_64-1_rtz-upgraded-2025-05-10,23:59:10
Installing package kaccounts-integration-25.04.1-x86_64-1_rtz.tlz:
PACKAGE DESCRIPTION:
# kaccounts-integration (administer web accounts and services)
#
# Small system to administer web accounts for the sites and services
# across the KDE desktop
#
# https://kde.org/applications/internet/
Executing install script for kaccounts-integration-25.04.1-x86_64-1_rtz.tlz.
Font directories:
	/usr/share/fonts
/usr/share/fonts: caching, new cache contents: 0 fonts, 11 dirs
/usr/share/fonts/100dpi: caching, new cache contents: 238 fonts, 0 dirs
/usr/share/fonts/75dpi: caching, new cache contents: 238 fonts, 0 dirs
/usr/share/fonts/OTF: caching, new cache contents: 124 fonts, 0 dirs
/usr/share/fonts/Speedo: caching, new cache contents: 0 fonts, 0 dirs
/usr/share/fonts/TTF: caching, new cache contents: 1132 fonts, 0 dirs
/usr/share/fonts/Type1: caching, new cache contents: 64 fonts, 0 dirs
/usr/share/fonts/cyrillic: caching, new cache contents: 0 fonts, 0 dirs
/usr/share/fonts/encodings: caching, new cache contents: 0 fonts, 1 dirs
/usr/share/fonts/encodings/large: caching, new cache contents: 0 fonts, 0 dirs
/usr/share/fonts/kanjistrokeorders: caching, new cache contents: 1 fonts, 0 dirs
/usr/share/fonts/misc: caching, new cache contents: 143 fonts, 0 dirs
/usr/share/fonts/util: caching, new cache contents: 0 fonts, 0 dirs
/var/cache/fontconfig: cleaning cache directory
/root/.cache/fontconfig: not cleaning non-existent cache directory
/root/.fontconfig: not cleaning non-existent cache directory
/usr/bin/fc-cache: succeeded
Package kaccounts-integration-25.04.1-x86_64-1_rtz.tlz installed.
Package kaccounts-integration-25.04.1-x86_64-1_rtz upgraded with new package /tmp/kaccounts-integration/kaccounts-integration-25.04.1-x86_64-1_rtz.tlz.
Cleaning environmet: Removing source code, and work-space...
rm: cannot remove 'kaccounts-integration-25.04.1.tar.xz': No such file or directory
Build process completed in 0 minutes and 23 seconds.
