Starting build process...
Detected architecture: x86_64
Required dependencies: doxygen	extra-cmake-modules		kcodecs	ki18n
doxygen is already installed!
extra-cmake-modules is already installed!
kcodecs is already installed!
ki18n is already installed!
No optional dependencies found.
Downloading source code tar.xz file
--2025-05-11 00:36:01--  https://download.kde.org/stable/release-service/25.04.1/src/kmime-25.04.1.tar.xz
Resolving download.kde.org (download.kde.org)... 49.12.122.15, 2a01:4f8:242:53eb::4
Connecting to download.kde.org (download.kde.org)|49.12.122.15|:443... connected.
HTTP request sent, awaiting response... 302 Found
Location: https://ftp.cc.uoc.gr/mirrors/kde/stable/release-service/25.04.1/src/kmime-25.04.1.tar.xz [following]
--2025-05-11 00:36:01--  https://ftp.cc.uoc.gr/mirrors/kde/stable/release-service/25.04.1/src/kmime-25.04.1.tar.xz
Resolving ftp.cc.uoc.gr (ftp.cc.uoc.gr)... 147.52.159.50, 2001:648:2c00:6c08::2
Connecting to ftp.cc.uoc.gr (ftp.cc.uoc.gr)|147.52.159.50|:443... connected.
HTTP request sent, awaiting response... 200 OK
Length: 164780 (161K) [application/octet-stream]
Saving to: ‘kmime-25.04.1.tar.xz’

     0K .......... .......... .......... .......... .......... 31% 1.34M 0s
    50K .......... .......... .......... .......... .......... 62% 1.53M 0s
   100K .......... .......... .......... .......... .......... 93% 5.18M 0s
   150K ..........                                            100%  228M=0.08s

2025-05-11 00:36:02 (2.02 MB/s) - ‘kmime-25.04.1.tar.xz’ saved [164780/164780]

Found file: kmime-25.04.1.tar.xz
No checksum provided. Skipping checksum verification and proceeding...
Creating working directories and exporting source code in...
kmime-25.04.1/
kmime-25.04.1/cmake/
kmime-25.04.1/cmake/ConfigureChecks.cmake
kmime-25.04.1/.krazy
kmime-25.04.1/metainfo.yaml.license
kmime-25.04.1/README.md
kmime-25.04.1/AUTHORS
kmime-25.04.1/CMakePresets.json.license
kmime-25.04.1/readme-build-ftime.txt
kmime-25.04.1/poqm/
kmime-25.04.1/poqm/fa/
kmime-25.04.1/poqm/fa/libkmime6_qt.po
kmime-25.04.1/poqm/bg/
kmime-25.04.1/poqm/bg/libkmime6_qt.po
kmime-25.04.1/poqm/pt/
kmime-25.04.1/poqm/pt/libkmime6_qt.po
kmime-25.04.1/poqm/km/
kmime-25.04.1/poqm/km/libkmime6_qt.po
kmime-25.04.1/poqm/nn/
kmime-25.04.1/poqm/nn/libkmime6_qt.po
kmime-25.04.1/poqm/pl/
kmime-25.04.1/poqm/pl/libkmime6_qt.po
kmime-25.04.1/poqm/ja/
kmime-25.04.1/poqm/ja/libkmime6_qt.po
kmime-25.04.1/poqm/pa/
kmime-25.04.1/poqm/pa/libkmime6_qt.po
kmime-25.04.1/poqm/bs/
kmime-25.04.1/poqm/bs/libkmime6_qt.po
kmime-25.04.1/poqm/zh_CN/
kmime-25.04.1/poqm/zh_CN/libkmime6_qt.po
kmime-25.04.1/poqm/cs/
kmime-25.04.1/poqm/cs/libkmime6_qt.po
kmime-25.04.1/poqm/es/
kmime-25.04.1/poqm/es/libkmime6_qt.po
kmime-25.04.1/poqm/ka/
kmime-25.04.1/poqm/ka/libkmime6_qt.po
kmime-25.04.1/poqm/tr/
kmime-25.04.1/poqm/tr/libkmime6_qt.po
kmime-25.04.1/poqm/ug/
kmime-25.04.1/poqm/ug/libkmime6_qt.po
kmime-25.04.1/poqm/ca/
kmime-25.04.1/poqm/ca/libkmime6_qt.po
kmime-25.04.1/poqm/se/
kmime-25.04.1/poqm/se/libkmime6_qt.po
kmime-25.04.1/poqm/ca@valencia/
kmime-25.04.1/poqm/ca@valencia/libkmime6_qt.po
kmime-25.04.1/poqm/fy/
kmime-25.04.1/poqm/fy/libkmime6_qt.po
kmime-25.04.1/poqm/uz/
kmime-25.04.1/poqm/uz/libkmime6_qt.po
kmime-25.04.1/poqm/gl/
kmime-25.04.1/poqm/gl/libkmime6_qt.po
kmime-25.04.1/poqm/ro/
kmime-25.04.1/poqm/ro/libkmime6_qt.po
kmime-25.04.1/poqm/br/
kmime-25.04.1/poqm/br/libkmime6_qt.po
kmime-25.04.1/poqm/eo/
kmime-25.04.1/poqm/eo/libkmime6_qt.po
kmime-25.04.1/poqm/sr@ijekavian/
kmime-25.04.1/poqm/sr@ijekavian/libkmime6_qt.po
kmime-25.04.1/poqm/nl/
kmime-25.04.1/poqm/nl/libkmime6_qt.po
kmime-25.04.1/poqm/mr/
kmime-25.04.1/poqm/mr/libkmime6_qt.po
kmime-25.04.1/poqm/hu/
kmime-25.04.1/poqm/hu/libkmime6_qt.po
kmime-25.04.1/poqm/eu/
kmime-25.04.1/poqm/eu/libkmime6_qt.po
kmime-25.04.1/poqm/lv/
kmime-25.04.1/poqm/lv/libkmime6_qt.po
kmime-25.04.1/poqm/uz@cyrillic/
kmime-25.04.1/poqm/uz@cyrillic/libkmime6_qt.po
kmime-25.04.1/poqm/mk/
kmime-25.04.1/poqm/mk/libkmime6_qt.po
kmime-25.04.1/poqm/nb/
kmime-25.04.1/poqm/nb/libkmime6_qt.po
kmime-25.04.1/poqm/fr/
kmime-25.04.1/poqm/fr/libkmime6_qt.po
kmime-25.04.1/poqm/hi/
kmime-25.04.1/poqm/hi/libkmime6_qt.po
kmime-25.04.1/poqm/sl/
kmime-25.04.1/poqm/sl/libkmime6_qt.po
kmime-25.04.1/poqm/sr@latin/
kmime-25.04.1/poqm/sr@latin/libkmime6_qt.po
kmime-25.04.1/poqm/th/
kmime-25.04.1/poqm/th/libkmime6_qt.po
kmime-25.04.1/poqm/wa/
kmime-25.04.1/poqm/wa/libkmime6_qt.po
kmime-25.04.1/poqm/ta/
kmime-25.04.1/poqm/ta/libkmime6_qt.po
kmime-25.04.1/poqm/sr/
kmime-25.04.1/poqm/sr/libkmime6_qt.po
kmime-25.04.1/poqm/he/
kmime-25.04.1/poqm/he/libkmime6_qt.po
kmime-25.04.1/poqm/de/
kmime-25.04.1/poqm/de/libkmime6_qt.po
kmime-25.04.1/poqm/ar/
kmime-25.04.1/poqm/ar/libkmime6_qt.po
kmime-25.04.1/poqm/sk/
kmime-25.04.1/poqm/sk/libkmime6_qt.po
kmime-25.04.1/poqm/zh_TW/
kmime-25.04.1/poqm/zh_TW/libkmime6_qt.po
kmime-25.04.1/poqm/et/
kmime-25.04.1/poqm/et/libkmime6_qt.po
kmime-25.04.1/poqm/it/
kmime-25.04.1/poqm/it/libkmime6_qt.po
kmime-25.04.1/poqm/el/
kmime-25.04.1/poqm/el/libkmime6_qt.po
kmime-25.04.1/poqm/da/
kmime-25.04.1/poqm/da/libkmime6_qt.po
kmime-25.04.1/poqm/pt_BR/
kmime-25.04.1/poqm/pt_BR/libkmime6_qt.po
kmime-25.04.1/poqm/ru/
kmime-25.04.1/poqm/ru/libkmime6_qt.po
kmime-25.04.1/poqm/sq/
kmime-25.04.1/poqm/sq/libkmime6_qt.po
kmime-25.04.1/poqm/ia/
kmime-25.04.1/poqm/ia/libkmime6_qt.po
kmime-25.04.1/poqm/cy/
kmime-25.04.1/poqm/cy/libkmime6_qt.po
kmime-25.04.1/poqm/sv/
kmime-25.04.1/poqm/sv/libkmime6_qt.po
kmime-25.04.1/poqm/ne/
kmime-25.04.1/poqm/ne/libkmime6_qt.po
kmime-25.04.1/poqm/ms/
kmime-25.04.1/poqm/ms/libkmime6_qt.po
kmime-25.04.1/poqm/fi/
kmime-25.04.1/poqm/fi/libkmime6_qt.po
kmime-25.04.1/poqm/kk/
kmime-25.04.1/poqm/kk/libkmime6_qt.po
kmime-25.04.1/poqm/ast/
kmime-25.04.1/poqm/ast/libkmime6_qt.po
kmime-25.04.1/poqm/lt/
kmime-25.04.1/poqm/lt/libkmime6_qt.po
kmime-25.04.1/poqm/be/
kmime-25.04.1/poqm/be/libkmime6_qt.po
kmime-25.04.1/poqm/sa/
kmime-25.04.1/poqm/sa/libkmime6_qt.po
kmime-25.04.1/poqm/ko/
kmime-25.04.1/poqm/ko/libkmime6_qt.po
kmime-25.04.1/poqm/hne/
kmime-25.04.1/poqm/hne/libkmime6_qt.po
kmime-25.04.1/poqm/ga/
kmime-25.04.1/poqm/ga/libkmime6_qt.po
kmime-25.04.1/poqm/en_GB/
kmime-25.04.1/poqm/en_GB/libkmime6_qt.po
kmime-25.04.1/poqm/uk/
kmime-25.04.1/poqm/uk/libkmime6_qt.po
kmime-25.04.1/poqm/sr@ijekavianlatin/
kmime-25.04.1/poqm/sr@ijekavianlatin/libkmime6_qt.po
kmime-25.04.1/poqm/nds/
kmime-25.04.1/poqm/nds/libkmime6_qt.po
kmime-25.04.1/CMakePresets.json
kmime-25.04.1/LICENSES/
kmime-25.04.1/LICENSES/LGPL-2.0-only.txt
kmime-25.04.1/LICENSES/BSD-3-Clause.txt
kmime-25.04.1/LICENSES/CC0-1.0.txt
kmime-25.04.1/LICENSES/LGPL-2.0-or-later.txt
kmime-25.04.1/.gitlab-ci.yml
kmime-25.04.1/sanitizers.supp
kmime-25.04.1/tests/
kmime-25.04.1/tests/gen_decode_map.pl
kmime-25.04.1/tests/test_charfreq.cpp
kmime-25.04.1/tests/test_mdn.cpp
kmime-25.04.1/tests/CMakeLists.txt
kmime-25.04.1/.git-blame-ignore-revs
kmime-25.04.1/TODO
kmime-25.04.1/KPimMimeConfig.cmake.in
kmime-25.04.1/.kde-ci.yml
kmime-25.04.1/cppcheck-suppressions.xml
kmime-25.04.1/.codespellrc
kmime-25.04.1/autotests/
kmime-25.04.1/autotests/contenttest.cpp
kmime-25.04.1/autotests/contenttest.h
kmime-25.04.1/autotests/messagetest.h
kmime-25.04.1/autotests/rfc2047test.h
kmime-25.04.1/autotests/typestest.cpp
kmime-25.04.1/autotests/charfreqtest.cpp
kmime-25.04.1/autotests/attachmenttest.h
kmime-25.04.1/autotests/sizetest.cpp
kmime-25.04.1/autotests/contentindextest.h
kmime-25.04.1/autotests/data/
kmime-25.04.1/autotests/data/codec_base64/
kmime-25.04.1/autotests/data/codec_base64/very_small-encode.expected
kmime-25.04.1/autotests/data/codec_base64/corrupt.base64.expected
kmime-25.04.1/autotests/data/codec_base64/basic-decode.base64
kmime-25.04.1/autotests/data/codec_base64/corrupt.base64
kmime-25.04.1/autotests/data/codec_base64/basic-decode.base64.expected
kmime-25.04.1/autotests/data/codec_base64/very_small-encode
kmime-25.04.1/autotests/data/codec_base64/basic-encode.expected
kmime-25.04.1/autotests/data/codec_base64/basic-encode
kmime-25.04.1/autotests/data/codec_quoted-printable/
kmime-25.04.1/autotests/data/codec_quoted-printable/corrupt3.quoted-printable.expected
kmime-25.04.1/autotests/data/codec_quoted-printable/corrupt.quoted-printable
kmime-25.04.1/autotests/data/codec_quoted-printable/corrupt4.quoted-printable.expected
kmime-25.04.1/autotests/data/codec_quoted-printable/corrupt2.quoted-printable
kmime-25.04.1/autotests/data/codec_quoted-printable/wrap-encode.expected
kmime-25.04.1/autotests/data/codec_quoted-printable/corrupt4.quoted-printable
kmime-25.04.1/autotests/data/codec_quoted-printable/corrupt2.quoted-printable.expected
kmime-25.04.1/autotests/data/codec_quoted-printable/wrap-encode
kmime-25.04.1/autotests/data/codec_quoted-printable/basic-decode.quoted-printable
kmime-25.04.1/autotests/data/codec_quoted-printable/basic-encode.expected
kmime-25.04.1/autotests/data/codec_quoted-printable/basic-decode.quoted-printable.expected
kmime-25.04.1/autotests/data/codec_quoted-printable/corrupt.quoted-printable.expected
kmime-25.04.1/autotests/data/codec_quoted-printable/basic-encode
kmime-25.04.1/autotests/data/codec_quoted-printable/corrupt3.quoted-printable
kmime-25.04.1/autotests/data/codec_b/
kmime-25.04.1/autotests/data/codec_b/null-decode.b
kmime-25.04.1/autotests/data/codec_b/padding0-encode
kmime-25.04.1/autotests/data/codec_b/padding2-encode.expected
kmime-25.04.1/autotests/data/codec_b/null-encode.expected
kmime-25.04.1/autotests/data/codec_b/basic-decode.b.expected
kmime-25.04.1/autotests/data/codec_b/padding2-encode
kmime-25.04.1/autotests/data/codec_b/basic-encode.expected
kmime-25.04.1/autotests/data/codec_b/basic-decode.b
kmime-25.04.1/autotests/data/codec_b/padding1-encode
kmime-25.04.1/autotests/data/codec_b/null-decode.b.expected
kmime-25.04.1/autotests/data/codec_b/basic-encode
kmime-25.04.1/autotests/data/codec_b/padding1-encode.expected
kmime-25.04.1/autotests/data/codec_b/padding0-encode.expected
kmime-25.04.1/autotests/data/codec_b/null-encode
kmime-25.04.1/autotests/data/codec_x-kmime-rfc2231/
kmime-25.04.1/autotests/data/codec_x-kmime-rfc2231/null-decode.x-kmime-rfc2231.expected
kmime-25.04.1/autotests/data/codec_x-kmime-rfc2231/null-encode.expected
kmime-25.04.1/autotests/data/codec_x-kmime-rfc2231/null-decode.x-kmime-rfc2231
kmime-25.04.1/autotests/data/codec_x-kmime-rfc2231/all-encoded.x-kmime-rfc2231-decode
kmime-25.04.1/autotests/data/codec_x-kmime-rfc2231/basic-encode.expected
kmime-25.04.1/autotests/data/codec_x-kmime-rfc2231/basic-encode
kmime-25.04.1/autotests/data/codec_x-kmime-rfc2231/all-encoded.x-kmime-rfc2231-decode.expected
kmime-25.04.1/autotests/data/codec_x-kmime-rfc2231/null-encode
kmime-25.04.1/autotests/data/codec_q/
kmime-25.04.1/autotests/data/codec_q/null-encode.expected
kmime-25.04.1/autotests/data/codec_q/null-decode.q.expected
kmime-25.04.1/autotests/data/codec_q/all-encoded-decode.q.expected
kmime-25.04.1/autotests/data/codec_q/all-encoded-decode.q
kmime-25.04.1/autotests/data/codec_q/basic-encode.expected
kmime-25.04.1/autotests/data/codec_q/null-decode.q
kmime-25.04.1/autotests/data/codec_q/basic-encode
kmime-25.04.1/autotests/data/codec_q/null-encode
kmime-25.04.1/autotests/data/codec_x-uuencode/
kmime-25.04.1/autotests/data/codec_x-uuencode/basic-decode.x-uuencode
kmime-25.04.1/autotests/data/codec_x-uuencode/basic-decode.x-uuencode.expected
kmime-25.04.1/autotests/data/mails/
kmime-25.04.1/autotests/data/mails/outlook-attachment.mbox
kmime-25.04.1/autotests/data/mails/issue3908.mbox
kmime-25.04.1/autotests/data/mails/plain-text-body.mbox
kmime-25.04.1/autotests/data/mails/empty-subject.mbox
kmime-25.04.1/autotests/data/mails/broken-content-disposition.mbox
kmime-25.04.1/autotests/data/mails/dontchangemail.mbox
kmime-25.04.1/autotests/data/mails/encoding-crash.mbox
kmime-25.04.1/autotests/data/mails/simple-encapsulated.mbox
kmime-25.04.1/autotests/data/mails/dfaure-crash.mbox
kmime-25.04.1/autotests/data/mails/crash-invalid-email-reply.mbox
kmime-25.04.1/autotests/data/mails/bug392239.mbox
kmime-25.04.1/autotests/data/mails/x-pkcs7.mbox
kmime-25.04.1/autotests/data/mails/reply-header.mbox
kmime-25.04.1/autotests/data/mails/kmail-attachmentstatus.mbox
kmime-25.04.1/autotests/rfc2047test.cpp
kmime-25.04.1/autotests/utiltest.cpp
kmime-25.04.1/autotests/headertest.h
kmime-25.04.1/autotests/parsedatetimetest.cpp
kmime-25.04.1/autotests/attachmenttest.cpp
kmime-25.04.1/autotests/messagetest.cpp
kmime-25.04.1/autotests/messageparserbenchmark.cpp
kmime-25.04.1/autotests/headertest.cpp
kmime-25.04.1/autotests/headerfactorytest.h
kmime-25.04.1/autotests/utiltest.h
kmime-25.04.1/autotests/rfc2231test.cpp
kmime-25.04.1/autotests/headerfactorytest.cpp
kmime-25.04.1/autotests/parsedatetimetest.h
kmime-25.04.1/autotests/contentindextest.cpp
kmime-25.04.1/autotests/rfc2231test.h
kmime-25.04.1/autotests/charfreqtest.h
kmime-25.04.1/autotests/CMakeLists.txt
kmime-25.04.1/CMakeLists.txt
kmime-25.04.1/README.md.license
kmime-25.04.1/src/
kmime-25.04.1/src/contentindex.cpp
kmime-25.04.1/src/headerparsing_p.h
kmime-25.04.1/src/util_p.h
kmime-25.04.1/src/mdn.h
kmime-25.04.1/src/util.cpp
kmime-25.04.1/src/headers_p.h
kmime-25.04.1/src/codecs_p.h
kmime-25.04.1/src/Messages.sh
kmime-25.04.1/src/util_p.cpp
kmime-25.04.1/src/headerfactory_p.h
kmime-25.04.1/src/util.h
kmime-25.04.1/src/newsarticle.cpp
kmime-25.04.1/src/config-kmime.h.in
kmime-25.04.1/src/content.cpp
kmime-25.04.1/src/warning_p.h
kmime-25.04.1/src/types.cpp
kmime-25.04.1/src/types.h
kmime-25.04.1/src/charfreq.cpp
kmime-25.04.1/src/message.h
kmime-25.04.1/src/parsers_p.h
kmime-25.04.1/src/mdn.cpp
kmime-25.04.1/src/message.cpp
kmime-25.04.1/src/codecs.cpp
kmime-25.04.1/src/parsers.cpp
kmime-25.04.1/src/headerfactory.cpp
kmime-25.04.1/src/newsarticle.h
kmime-25.04.1/src/headerparsing.h
kmime-25.04.1/src/headerparsing.cpp
kmime-25.04.1/src/CMakeLists.txt
kmime-25.04.1/src/content_p.h
kmime-25.04.1/src/headers.cpp
kmime-25.04.1/src/headers.h
kmime-25.04.1/src/content.h
kmime-25.04.1/src/charfreq_p.h
kmime-25.04.1/src/contentindex.h
kmime-25.04.1/.gitignore
kmime-25.04.1/metainfo.yaml
/home/omen/GITHUB/PLASMA_WORLD/AthOS/REPO-AthOS/kmime/work
README or README.md already exists, skipping creation.
hm...lets continue and see what happens
-- The C compiler identification is GNU 14.2.0
-- The CXX compiler identification is GNU 14.2.0
-- Detecting C compiler ABI info
-- Detecting C compiler ABI info - done
-- Check for working C compiler: /usr/bin/cc - skipped
-- Detecting C compile features
-- Detecting C compile features - done
-- Detecting CXX compiler ABI info
-- Detecting CXX compiler ABI info - done
-- Check for working CXX compiler: /usr/bin/c++ - skipped
-- Detecting CXX compile features
-- Detecting CXX compile features - done
-- Installing in the same prefix as Qt, adopting their path scheme.
-- Looking for __GLIBC__
-- Looking for __GLIBC__ - found
-- Performing Test _OFFT_IS_64BIT
-- Performing Test _OFFT_IS_64BIT - Success
-- Performing Test HAVE_DATE_TIME
-- Performing Test HAVE_DATE_TIME - Success
-- Found Python3: /usr/bin/python3.12 (found version "3.12.10") found components: Interpreter
-- Could NOT find ReuseTool (missing: REUSETOOL_EXECUTABLE) 
CMake Warning at /usr/share/ECM/modules/ECMCheckOutboundLicense.cmake:86 (message):
  Reuse tool not found, skipping test generation
Call Stack (most recent call first):
  CMakeLists.txt:27 (include)


-- Skipping execution of outbound license tests.
-- Performing Test HAVE_STDATOMIC
-- Performing Test HAVE_STDATOMIC - Success
-- Found WrapAtomic: TRUE
-- Performing Test HAVE_STRCASESTR
-- Performing Test HAVE_STRCASESTR - Success
-- Performing Test COMPILER_HAS_HIDDEN_VISIBILITY
-- Performing Test COMPILER_HAS_HIDDEN_VISIBILITY - Success
-- Performing Test COMPILER_HAS_HIDDEN_INLINE_VISIBILITY
-- Performing Test COMPILER_HAS_HIDDEN_INLINE_VISIBILITY - Success
-- Performing Test COMPILER_HAS_DEPRECATED_ATTR
-- Performing Test COMPILER_HAS_DEPRECATED_ATTR - Success
-- Found Doxygen: /usr/bin/doxygen (found suitable version "1.13.2", minimum required is "1.8.13") found components: doxygen dot
-- No such target Qt6Core_QCH defined when calling ecm_add_qch(), ignored.


Configuration file '/home/omen/GITHUB/PLASMA_WORLD/AthOS/REPO-AthOS/kmime/work/kmime-25.04.1/build/src/KPim6Mime_ECMQchDoxygen.config' updated.

-- Looking for getopt.h
-- Looking for getopt.h - found
-- The following features have been enabled:

 * QCH, API documentation in QCH format (for e.g. Qt Assistant, Qt Creator & KDevelop)

-- The following OPTIONAL packages have been found:

 * Python3
   Required to run tests of module ECMCheckOutboundLicense
 * Qt6LinguistTools

-- The following REQUIRED packages have been found:

 * ECM (required version >= 6.9.0)
 * KF6Codecs (required version >= 6.9.0)
 * Doxygen (required version >= 1.8.13)
   Needed for API dox QCH file generation
 * Qt6ToolsTools, qhelpgenerator from Qt6 tools
   Needed for API dox QCH file generation
 * Qt6Core
 * Qt6Test (required version >= 6.7.0)
 * Qt6

-- The following features have been disabled:

 * SPDX_LICENSE_TESTING, Automatic license testing based on SPDX definitions (requires reuse tool)

-- The following OPTIONAL packages have not been found:

 * ReuseTool
   Required to run tests of module ECMCheckOutboundLicense

-- Configuring done (2.0s)
-- Generating done (0.0s)
-- Build files have been written to: /home/omen/GITHUB/PLASMA_WORLD/AthOS/REPO-AthOS/kmime/work/kmime-25.04.1/build
[1/170] Generating ECMPoQm/ar/libkmime6_qt.qm
[2/170] Generating ECMPoQm/ast/libkmime6_qt.qm
[3/170] Generating ECMPoQm/be/libkmime6_qt.qm
[4/170] Generating ECMPoQm/bg/libkmime6_qt.qm
[5/170] Generating ECMPoQm/br/libkmime6_qt.qm
[6/170] Generating ECMPoQm/ca/libkmime6_qt.qm
[7/170] Generating ECMPoQm/ca@valencia/libkmime6_qt.qm
[8/170] Generating ECMPoQm/da/libkmime6_qt.qm
[9/170] Generating ECMPoQm/de/libkmime6_qt.qm
[10/170] Generating ECMPoQm/cs/libkmime6_qt.qm
[11/170] Generating ECMPoQm/cy/libkmime6_qt.qm
[12/170] Generating ECMPoQm/el/libkmime6_qt.qm
[13/170] Generating ECMPoQm/en_GB/libkmime6_qt.qm
[14/170] Generating ECMPoQm/bs/libkmime6_qt.qm
[15/170] Generating ECMPoQm/eo/libkmime6_qt.qm
[16/170] Generating ECMPoQm/es/libkmime6_qt.qm
[17/170] Generating ECMPoQm/eu/libkmime6_qt.qm
[18/170] Generating ECMPoQm/et/libkmime6_qt.qm
[19/170] Generating ECMPoQm/fa/libkmime6_qt.qm
[20/170] Generating ECMPoQm/fi/libkmime6_qt.qm
[21/170] Generating ECMPoQm/fr/libkmime6_qt.qm
[22/170] Generating ECMPoQm/fy/libkmime6_qt.qm
[23/170] Generating ECMPoQm/ga/libkmime6_qt.qm
[24/170] Generating ECMPoQm/he/libkmime6_qt.qm
[25/170] Generating ECMPoQm/hi/libkmime6_qt.qm
[26/170] Generating ECMPoQm/hne/libkmime6_qt.qm
[27/170] Generating ECMPoQm/hu/libkmime6_qt.qm
[28/170] Generating ECMPoQm/it/libkmime6_qt.qm
[29/170] Generating ECMPoQm/kk/libkmime6_qt.qm
[30/170] Generating ECMPoQm/gl/libkmime6_qt.qm
[31/170] Generating ECMPoQm/ia/libkmime6_qt.qm
[32/170] Generating ECMPoQm/ja/libkmime6_qt.qm
[33/170] Generating ECMPoQm/km/libkmime6_qt.qm
[34/170] Generating ECMPoQm/ka/libkmime6_qt.qm
[35/170] Generating ECMPoQm/ko/libkmime6_qt.qm
[36/170] Generating ECMPoQm/lt/libkmime6_qt.qm
[37/170] Generating ECMPoQm/lv/libkmime6_qt.qm
[38/170] Generating ECMPoQm/mk/libkmime6_qt.qm
[39/170] Generating ECMPoQm/mr/libkmime6_qt.qm
[40/170] Generating ECMPoQm/ms/libkmime6_qt.qm
[41/170] Generating ECMPoQm/ne/libkmime6_qt.qm
[42/170] Generating ECMPoQm/nds/libkmime6_qt.qm
[43/170] Generating ECMPoQm/nl/libkmime6_qt.qm
[44/170] Generating ECMPoQm/nb/libkmime6_qt.qm
[45/170] Generating ECMPoQm/pa/libkmime6_qt.qm
[46/170] Generating ECMPoQm/pl/libkmime6_qt.qm
[47/170] Generating ECMPoQm/pt/libkmime6_qt.qm
[48/170] Generating ECMPoQm/sk/libkmime6_qt.qm
[49/170] Generating ECMPoQm/nn/libkmime6_qt.qm
[50/170] Generating ECMPoQm/pt_BR/libkmime6_qt.qm
[51/170] Generating ECMPoQm/ro/libkmime6_qt.qm
[52/170] Generating ECMPoQm/ru/libkmime6_qt.qm
[53/170] Generating ECMPoQm/se/libkmime6_qt.qm
[54/170] Generating ECMPoQm/sl/libkmime6_qt.qm
[55/170] Generating ECMPoQm/sq/libkmime6_qt.qm
[56/170] Generating ECMPoQm/sr@ijekavian/libkmime6_qt.qm
[57/170] Generating ECMPoQm/sr@ijekavianlatin/libkmime6_qt.qm
[58/170] Generating ECMPoQm/sr/libkmime6_qt.qm
[59/170] Generating ECMPoQm/sa/libkmime6_qt.qm
[60/170] Generating ECMPoQm/sr@latin/libkmime6_qt.qm
[61/170] Generating ECMPoQm/sv/libkmime6_qt.qm
[62/170] Generating ECMPoQm/th/libkmime6_qt.qm
[63/170] Automatic MOC for target KPim6Mime
[64/170] Generating ECMPoQm/ta/libkmime6_qt.qm
[65/170] Generating ECMPoQm/tr/libkmime6_qt.qm
[66/170] Generating ECMPoQm/ug/libkmime6_qt.qm
[67/170] Generating ECMPoQm/wa/libkmime6_qt.qm
[68/170] Generating ECMPoQm/uk/libkmime6_qt.qm
[69/170] Generating ECMPoQm/uz/libkmime6_qt.qm
[70/170] Generating ECMPoQm/zh_CN/libkmime6_qt.qm
[71/170] Generating ECMPoQm/zh_TW/libkmime6_qt.qm
[72/170] Generating ECMPoQm/uz@cyrillic/libkmime6_qt.qm
[73/170] Building CXX object src/CMakeFiles/KPim6Mime.dir/KPim6Mime_autogen/mocs_compilation.cpp.o
[74/170] Generating src/KPim6Mime.qch, src/KPim6Mime.tags
Building up file structure...
Insert custom filters...
Insert help data for filter section (1 of 1)...
Insert files...
Insert contents...
Insert indices...
Documentation successfully generated.
[75/170] Building CXX object src/CMakeFiles/KPim6Mime.dir/charfreq.cpp.o
[76/170] Building CXX object src/CMakeFiles/KPim6Mime.dir/ECMQmLoader-libkmime6_qt.cpp.o
[77/170] Building CXX object src/CMakeFiles/KPim6Mime.dir/util_p.cpp.o
[78/170] Building CXX object src/CMakeFiles/KPim6Mime.dir/types.cpp.o
[79/170] Building CXX object src/CMakeFiles/KPim6Mime.dir/util.cpp.o
[80/170] Building CXX object src/CMakeFiles/KPim6Mime.dir/headerfactory.cpp.o
[81/170] Building CXX object src/CMakeFiles/KPim6Mime.dir/contentindex.cpp.o
[82/170] Building CXX object src/CMakeFiles/KPim6Mime.dir/newsarticle.cpp.o
[83/170] Building CXX object src/CMakeFiles/KPim6Mime.dir/kmime_debug.cpp.o
[84/170] Building CXX object src/CMakeFiles/KPim6Mime.dir/message.cpp.o
[85/170] Building CXX object src/CMakeFiles/KPim6Mime.dir/codecs.cpp.o
[86/170] Building CXX object src/CMakeFiles/KPim6Mime.dir/mdn.cpp.o
[87/170] Building CXX object src/CMakeFiles/KPim6Mime.dir/parsers.cpp.o
[88/170] Building CXX object src/CMakeFiles/KPim6Mime.dir/content.cpp.o
[89/170] Building CXX object src/CMakeFiles/KPim6Mime.dir/headerparsing.cpp.o
[90/170] Building CXX object src/CMakeFiles/KPim6Mime.dir/headers.cpp.o
[91/170] Linking CXX shared library bin/libKPim6Mime.so.6.4.1
[92/170] Creating library symlink bin/libKPim6Mime.so.6 bin/libKPim6Mime.so
[93/170] Automatic MOC for target test_mdn
[94/170] Automatic MOC for target test_charfreq
[95/170] Building CXX object tests/CMakeFiles/test_mdn.dir/test_mdn_autogen/mocs_compilation.cpp.o
[96/170] Building CXX object tests/CMakeFiles/test_charfreq.dir/test_charfreq_autogen/mocs_compilation.cpp.o
[97/170] Automatic MOC for target headertest
[98/170] Building CXX object autotests/CMakeFiles/headertest.dir/headertest_autogen/mocs_compilation.cpp.o
[99/170] Automatic MOC for target contenttest
[100/170] Building CXX object autotests/CMakeFiles/contenttest.dir/contenttest_autogen/mocs_compilation.cpp.o
[101/170] Automatic MOC for target messagetest
[102/170] Automatic MOC for target rfc2047test
[103/170] Building CXX object autotests/CMakeFiles/messagetest.dir/messagetest_autogen/mocs_compilation.cpp.o
[104/170] Building CXX object autotests/CMakeFiles/rfc2047test.dir/rfc2047test_autogen/mocs_compilation.cpp.o
[105/170] Automatic MOC for target utiltest
[106/170] Automatic MOC for target headerfactorytest
[107/170] Automatic MOC for target rfc2231test
[108/170] Automatic MOC for target attachmenttest
[109/170] Automatic MOC for target charfreqtest
[110/170] Building CXX object autotests/CMakeFiles/utiltest.dir/utiltest_autogen/mocs_compilation.cpp.o
[111/170] Automatic MOC for target contentindextest
[112/170] Building CXX object autotests/CMakeFiles/headerfactorytest.dir/headerfactorytest_autogen/mocs_compilation.cpp.o
[113/170] Automatic MOC for target parsedatetimetest
[114/170] Building CXX object autotests/CMakeFiles/charfreqtest.dir/charfreqtest_autogen/mocs_compilation.cpp.o
[115/170] Building CXX object autotests/CMakeFiles/contentindextest.dir/contentindextest_autogen/mocs_compilation.cpp.o
[116/170] Automatic MOC for target typestest
[117/170] Building CXX object autotests/CMakeFiles/rfc2231test.dir/rfc2231test_autogen/mocs_compilation.cpp.o
[118/170] Automatic MOC for target messageparserbenchmark
[119/170] Automatic MOC for target sizetest
[120/170] Building CXX object autotests/CMakeFiles/parsedatetimetest.dir/parsedatetimetest_autogen/mocs_compilation.cpp.o
[121/170] Building CXX object tests/CMakeFiles/test_mdn.dir/test_mdn.cpp.o
[122/170] Building CXX object autotests/CMakeFiles/sizetest.dir/sizetest_autogen/mocs_compilation.cpp.o
[123/170] Building CXX object autotests/CMakeFiles/contentindextest.dir/kmime_debug.cpp.o
[124/170] Building CXX object autotests/CMakeFiles/messagetest.dir/kmime_debug.cpp.o
[125/170] Building CXX object autotests/CMakeFiles/attachmenttest.dir/attachmenttest_autogen/mocs_compilation.cpp.o
[126/170] Building CXX object autotests/CMakeFiles/contenttest.dir/kmime_debug.cpp.o
[127/170] Building CXX object tests/CMakeFiles/test_charfreq.dir/test_charfreq.cpp.o
[128/170] Building CXX object autotests/CMakeFiles/typestest.dir/typestest_autogen/mocs_compilation.cpp.o
[129/170] Building CXX object autotests/CMakeFiles/utiltest.dir/kmime_debug.cpp.o
[130/170] Building CXX object autotests/CMakeFiles/rfc2231test.dir/kmime_debug.cpp.o
[131/170] Building CXX object autotests/CMakeFiles/parsedatetimetest.dir/kmime_debug.cpp.o
[132/170] Building CXX object autotests/CMakeFiles/messageparserbenchmark.dir/messageparserbenchmark_autogen/mocs_compilation.cpp.o
[133/170] Building CXX object autotests/CMakeFiles/rfc2047test.dir/kmime_debug.cpp.o
[134/170] Building CXX object autotests/CMakeFiles/headerfactorytest.dir/kmime_debug.cpp.o
[135/170] Building CXX object autotests/CMakeFiles/charfreqtest.dir/kmime_debug.cpp.o
[136/170] Linking CXX executable bin/test_mdn
[137/170] Linking CXX executable bin/test_charfreq
[138/170] Building CXX object autotests/CMakeFiles/headertest.dir/kmime_debug.cpp.o
[139/170] Building CXX object autotests/CMakeFiles/contentindextest.dir/contentindextest.cpp.o
[140/170] Building CXX object autotests/CMakeFiles/charfreqtest.dir/charfreqtest.cpp.o
[141/170] Linking CXX executable bin/contentindextest
[142/170] Linking CXX executable bin/charfreqtest
[143/170] Building CXX object autotests/CMakeFiles/headerfactorytest.dir/headerfactorytest.cpp.o
[144/170] Building CXX object autotests/CMakeFiles/rfc2231test.dir/rfc2231test.cpp.o
[145/170] Building CXX object autotests/CMakeFiles/parsedatetimetest.dir/parsedatetimetest.cpp.o
[146/170] Linking CXX executable bin/headerfactorytest
[147/170] Linking CXX executable bin/rfc2231test
[148/170] Linking CXX executable bin/parsedatetimetest
[149/170] Building CXX object autotests/CMakeFiles/sizetest.dir/kmime_debug.cpp.o
[150/170] Building CXX object autotests/CMakeFiles/rfc2047test.dir/rfc2047test.cpp.o
[151/170] Building CXX object autotests/CMakeFiles/typestest.dir/kmime_debug.cpp.o
[152/170] Linking CXX executable bin/rfc2047test
[153/170] Building CXX object autotests/CMakeFiles/attachmenttest.dir/kmime_debug.cpp.o
[154/170] Building CXX object autotests/CMakeFiles/sizetest.dir/sizetest.cpp.o
[155/170] Building CXX object autotests/CMakeFiles/messagetest.dir/messagetest.cpp.o
[156/170] Building CXX object autotests/CMakeFiles/contenttest.dir/contenttest.cpp.o
[157/170] Linking CXX executable bin/sizetest
[158/170] Linking CXX executable bin/messagetest
[159/170] Linking CXX executable bin/contenttest
[160/170] Building CXX object autotests/CMakeFiles/messageparserbenchmark.dir/messageparserbenchmark.cpp.o
[161/170] Building CXX object autotests/CMakeFiles/messageparserbenchmark.dir/kmime_debug.cpp.o
[162/170] Linking CXX executable bin/messageparserbenchmark
[163/170] Building CXX object autotests/CMakeFiles/typestest.dir/typestest.cpp.o
[164/170] Linking CXX executable bin/typestest
[165/170] Building CXX object autotests/CMakeFiles/utiltest.dir/utiltest.cpp.o
[166/170] Linking CXX executable bin/utiltest
[167/170] Building CXX object autotests/CMakeFiles/attachmenttest.dir/attachmenttest.cpp.o
[168/170] Building CXX object autotests/CMakeFiles/headertest.dir/headertest.cpp.o
[169/170] Linking CXX executable bin/attachmenttest
[170/170] Linking CXX executable bin/headertest
-- Install configuration: "RelWithDebInfo"
-- Installing: /home/omen/GITHUB/PLASMA_WORLD/AthOS/REPO-AthOS/kmime/package-kmime/usr/lib64/libKPim6Mime.so.6.4.1
-- Installing: /home/omen/GITHUB/PLASMA_WORLD/AthOS/REPO-AthOS/kmime/package-kmime/usr/lib64/libKPim6Mime.so.6
-- Installing: /home/omen/GITHUB/PLASMA_WORLD/AthOS/REPO-AthOS/kmime/package-kmime/usr/lib64/libKPim6Mime.so
-- Installing: /home/omen/GITHUB/PLASMA_WORLD/AthOS/REPO-AthOS/kmime/package-kmime/usr/include/KPim6/KMime/KMime/Content
-- Installing: /home/omen/GITHUB/PLASMA_WORLD/AthOS/REPO-AthOS/kmime/package-kmime/usr/include/KPim6/KMime/KMime/ContentIndex
-- Installing: /home/omen/GITHUB/PLASMA_WORLD/AthOS/REPO-AthOS/kmime/package-kmime/usr/include/KPim6/KMime/KMime/Headers
-- Installing: /home/omen/GITHUB/PLASMA_WORLD/AthOS/REPO-AthOS/kmime/package-kmime/usr/include/KPim6/KMime/KMime/Message
-- Installing: /home/omen/GITHUB/PLASMA_WORLD/AthOS/REPO-AthOS/kmime/package-kmime/usr/include/KPim6/KMime/KMime/Util
-- Installing: /home/omen/GITHUB/PLASMA_WORLD/AthOS/REPO-AthOS/kmime/package-kmime/usr/include/KPim6/KMime/KMime/HeaderParsing
-- Installing: /home/omen/GITHUB/PLASMA_WORLD/AthOS/REPO-AthOS/kmime/package-kmime/usr/include/KPim6/KMime/KMime/Types
-- Installing: /home/omen/GITHUB/PLASMA_WORLD/AthOS/REPO-AthOS/kmime/package-kmime/usr/include/KPim6/KMime/KMime/MDN
-- Installing: /home/omen/GITHUB/PLASMA_WORLD/AthOS/REPO-AthOS/kmime/package-kmime/usr/include/KPim6/KMime/kmime/kmime_export.h
-- Installing: /home/omen/GITHUB/PLASMA_WORLD/AthOS/REPO-AthOS/kmime/package-kmime/usr/include/KPim6/KMime/kmime/content.h
-- Installing: /home/omen/GITHUB/PLASMA_WORLD/AthOS/REPO-AthOS/kmime/package-kmime/usr/include/KPim6/KMime/kmime/contentindex.h
-- Installing: /home/omen/GITHUB/PLASMA_WORLD/AthOS/REPO-AthOS/kmime/package-kmime/usr/include/KPim6/KMime/kmime/headers.h
-- Installing: /home/omen/GITHUB/PLASMA_WORLD/AthOS/REPO-AthOS/kmime/package-kmime/usr/include/KPim6/KMime/kmime/message.h
-- Installing: /home/omen/GITHUB/PLASMA_WORLD/AthOS/REPO-AthOS/kmime/package-kmime/usr/include/KPim6/KMime/kmime/util.h
-- Installing: /home/omen/GITHUB/PLASMA_WORLD/AthOS/REPO-AthOS/kmime/package-kmime/usr/include/KPim6/KMime/kmime/headerparsing.h
-- Installing: /home/omen/GITHUB/PLASMA_WORLD/AthOS/REPO-AthOS/kmime/package-kmime/usr/include/KPim6/KMime/kmime/types.h
-- Installing: /home/omen/GITHUB/PLASMA_WORLD/AthOS/REPO-AthOS/kmime/package-kmime/usr/include/KPim6/KMime/kmime/mdn.h
-- Installing: /home/omen/GITHUB/PLASMA_WORLD/AthOS/REPO-AthOS/kmime/package-kmime/usr/doc/qt6-6.8.3_20250319_bab1fecd/KPim6Mime.qch
-- Installing: /home/omen/GITHUB/PLASMA_WORLD/AthOS/REPO-AthOS/kmime/package-kmime/usr/doc/qt6-6.8.3_20250319_bab1fecd/KPim6Mime.tags
-- Installing: /home/omen/GITHUB/PLASMA_WORLD/AthOS/REPO-AthOS/kmime/package-kmime/usr/share/qlogging-categories6/kmime.categories
-- Installing: /home/omen/GITHUB/PLASMA_WORLD/AthOS/REPO-AthOS/kmime/package-kmime/usr/lib64/cmake/KPim6Mime/KPim6MimeQchTargets.cmake
-- Installing: /home/omen/GITHUB/PLASMA_WORLD/AthOS/REPO-AthOS/kmime/package-kmime/usr/lib64/cmake/KPim6Mime/KPim6MimeConfig.cmake
-- Installing: /home/omen/GITHUB/PLASMA_WORLD/AthOS/REPO-AthOS/kmime/package-kmime/usr/lib64/cmake/KPim6Mime/KPim6MimeConfigVersion.cmake
-- Installing: /home/omen/GITHUB/PLASMA_WORLD/AthOS/REPO-AthOS/kmime/package-kmime/usr/lib64/cmake/KPim6Mime/KPim6MimeTargets.cmake
-- Installing: /home/omen/GITHUB/PLASMA_WORLD/AthOS/REPO-AthOS/kmime/package-kmime/usr/lib64/cmake/KPim6Mime/KPim6MimeTargets-relwithdebinfo.cmake
-- Installing: /home/omen/GITHUB/PLASMA_WORLD/AthOS/REPO-AthOS/kmime/package-kmime/usr/include/KPim6/KMime/kmime_version.h
-- Installing: /home/omen/GITHUB/PLASMA_WORLD/AthOS/REPO-AthOS/kmime/package-kmime/usr/share/locale/ar/LC_MESSAGES/libkmime6_qt.qm
-- Installing: /home/omen/GITHUB/PLASMA_WORLD/AthOS/REPO-AthOS/kmime/package-kmime/usr/share/locale/ast/LC_MESSAGES/libkmime6_qt.qm
-- Installing: /home/omen/GITHUB/PLASMA_WORLD/AthOS/REPO-AthOS/kmime/package-kmime/usr/share/locale/be/LC_MESSAGES/libkmime6_qt.qm
-- Installing: /home/omen/GITHUB/PLASMA_WORLD/AthOS/REPO-AthOS/kmime/package-kmime/usr/share/locale/bg/LC_MESSAGES/libkmime6_qt.qm
-- Installing: /home/omen/GITHUB/PLASMA_WORLD/AthOS/REPO-AthOS/kmime/package-kmime/usr/share/locale/br/LC_MESSAGES/libkmime6_qt.qm
-- Installing: /home/omen/GITHUB/PLASMA_WORLD/AthOS/REPO-AthOS/kmime/package-kmime/usr/share/locale/bs/LC_MESSAGES/libkmime6_qt.qm
-- Installing: /home/omen/GITHUB/PLASMA_WORLD/AthOS/REPO-AthOS/kmime/package-kmime/usr/share/locale/ca/LC_MESSAGES/libkmime6_qt.qm
-- Installing: /home/omen/GITHUB/PLASMA_WORLD/AthOS/REPO-AthOS/kmime/package-kmime/usr/share/locale/ca@valencia/LC_MESSAGES/libkmime6_qt.qm
-- Installing: /home/omen/GITHUB/PLASMA_WORLD/AthOS/REPO-AthOS/kmime/package-kmime/usr/share/locale/cs/LC_MESSAGES/libkmime6_qt.qm
-- Installing: /home/omen/GITHUB/PLASMA_WORLD/AthOS/REPO-AthOS/kmime/package-kmime/usr/share/locale/cy/LC_MESSAGES/libkmime6_qt.qm
-- Installing: /home/omen/GITHUB/PLASMA_WORLD/AthOS/REPO-AthOS/kmime/package-kmime/usr/share/locale/da/LC_MESSAGES/libkmime6_qt.qm
-- Installing: /home/omen/GITHUB/PLASMA_WORLD/AthOS/REPO-AthOS/kmime/package-kmime/usr/share/locale/de/LC_MESSAGES/libkmime6_qt.qm
-- Installing: /home/omen/GITHUB/PLASMA_WORLD/AthOS/REPO-AthOS/kmime/package-kmime/usr/share/locale/el/LC_MESSAGES/libkmime6_qt.qm
-- Installing: /home/omen/GITHUB/PLASMA_WORLD/AthOS/REPO-AthOS/kmime/package-kmime/usr/share/locale/en_GB/LC_MESSAGES/libkmime6_qt.qm
-- Installing: /home/omen/GITHUB/PLASMA_WORLD/AthOS/REPO-AthOS/kmime/package-kmime/usr/share/locale/eo/LC_MESSAGES/libkmime6_qt.qm
-- Installing: /home/omen/GITHUB/PLASMA_WORLD/AthOS/REPO-AthOS/kmime/package-kmime/usr/share/locale/es/LC_MESSAGES/libkmime6_qt.qm
-- Installing: /home/omen/GITHUB/PLASMA_WORLD/AthOS/REPO-AthOS/kmime/package-kmime/usr/share/locale/et/LC_MESSAGES/libkmime6_qt.qm
-- Installing: /home/omen/GITHUB/PLASMA_WORLD/AthOS/REPO-AthOS/kmime/package-kmime/usr/share/locale/eu/LC_MESSAGES/libkmime6_qt.qm
-- Installing: /home/omen/GITHUB/PLASMA_WORLD/AthOS/REPO-AthOS/kmime/package-kmime/usr/share/locale/fa/LC_MESSAGES/libkmime6_qt.qm
-- Installing: /home/omen/GITHUB/PLASMA_WORLD/AthOS/REPO-AthOS/kmime/package-kmime/usr/share/locale/fi/LC_MESSAGES/libkmime6_qt.qm
-- Installing: /home/omen/GITHUB/PLASMA_WORLD/AthOS/REPO-AthOS/kmime/package-kmime/usr/share/locale/fr/LC_MESSAGES/libkmime6_qt.qm
-- Installing: /home/omen/GITHUB/PLASMA_WORLD/AthOS/REPO-AthOS/kmime/package-kmime/usr/share/locale/fy/LC_MESSAGES/libkmime6_qt.qm
-- Installing: /home/omen/GITHUB/PLASMA_WORLD/AthOS/REPO-AthOS/kmime/package-kmime/usr/share/locale/ga/LC_MESSAGES/libkmime6_qt.qm
-- Installing: /home/omen/GITHUB/PLASMA_WORLD/AthOS/REPO-AthOS/kmime/package-kmime/usr/share/locale/gl/LC_MESSAGES/libkmime6_qt.qm
-- Installing: /home/omen/GITHUB/PLASMA_WORLD/AthOS/REPO-AthOS/kmime/package-kmime/usr/share/locale/he/LC_MESSAGES/libkmime6_qt.qm
-- Installing: /home/omen/GITHUB/PLASMA_WORLD/AthOS/REPO-AthOS/kmime/package-kmime/usr/share/locale/hi/LC_MESSAGES/libkmime6_qt.qm
-- Installing: /home/omen/GITHUB/PLASMA_WORLD/AthOS/REPO-AthOS/kmime/package-kmime/usr/share/locale/hne/LC_MESSAGES/libkmime6_qt.qm
-- Installing: /home/omen/GITHUB/PLASMA_WORLD/AthOS/REPO-AthOS/kmime/package-kmime/usr/share/locale/hu/LC_MESSAGES/libkmime6_qt.qm
-- Installing: /home/omen/GITHUB/PLASMA_WORLD/AthOS/REPO-AthOS/kmime/package-kmime/usr/share/locale/ia/LC_MESSAGES/libkmime6_qt.qm
-- Installing: /home/omen/GITHUB/PLASMA_WORLD/AthOS/REPO-AthOS/kmime/package-kmime/usr/share/locale/it/LC_MESSAGES/libkmime6_qt.qm
-- Installing: /home/omen/GITHUB/PLASMA_WORLD/AthOS/REPO-AthOS/kmime/package-kmime/usr/share/locale/ja/LC_MESSAGES/libkmime6_qt.qm
-- Installing: /home/omen/GITHUB/PLASMA_WORLD/AthOS/REPO-AthOS/kmime/package-kmime/usr/share/locale/ka/LC_MESSAGES/libkmime6_qt.qm
-- Installing: /home/omen/GITHUB/PLASMA_WORLD/AthOS/REPO-AthOS/kmime/package-kmime/usr/share/locale/kk/LC_MESSAGES/libkmime6_qt.qm
-- Installing: /home/omen/GITHUB/PLASMA_WORLD/AthOS/REPO-AthOS/kmime/package-kmime/usr/share/locale/km/LC_MESSAGES/libkmime6_qt.qm
-- Installing: /home/omen/GITHUB/PLASMA_WORLD/AthOS/REPO-AthOS/kmime/package-kmime/usr/share/locale/ko/LC_MESSAGES/libkmime6_qt.qm
-- Installing: /home/omen/GITHUB/PLASMA_WORLD/AthOS/REPO-AthOS/kmime/package-kmime/usr/share/locale/lt/LC_MESSAGES/libkmime6_qt.qm
-- Installing: /home/omen/GITHUB/PLASMA_WORLD/AthOS/REPO-AthOS/kmime/package-kmime/usr/share/locale/lv/LC_MESSAGES/libkmime6_qt.qm
-- Installing: /home/omen/GITHUB/PLASMA_WORLD/AthOS/REPO-AthOS/kmime/package-kmime/usr/share/locale/mk/LC_MESSAGES/libkmime6_qt.qm
-- Installing: /home/omen/GITHUB/PLASMA_WORLD/AthOS/REPO-AthOS/kmime/package-kmime/usr/share/locale/mr/LC_MESSAGES/libkmime6_qt.qm
-- Installing: /home/omen/GITHUB/PLASMA_WORLD/AthOS/REPO-AthOS/kmime/package-kmime/usr/share/locale/ms/LC_MESSAGES/libkmime6_qt.qm
-- Installing: /home/omen/GITHUB/PLASMA_WORLD/AthOS/REPO-AthOS/kmime/package-kmime/usr/share/locale/nb/LC_MESSAGES/libkmime6_qt.qm
-- Installing: /home/omen/GITHUB/PLASMA_WORLD/AthOS/REPO-AthOS/kmime/package-kmime/usr/share/locale/nds/LC_MESSAGES/libkmime6_qt.qm
-- Installing: /home/omen/GITHUB/PLASMA_WORLD/AthOS/REPO-AthOS/kmime/package-kmime/usr/share/locale/ne/LC_MESSAGES/libkmime6_qt.qm
-- Installing: /home/omen/GITHUB/PLASMA_WORLD/AthOS/REPO-AthOS/kmime/package-kmime/usr/share/locale/nl/LC_MESSAGES/libkmime6_qt.qm
-- Installing: /home/omen/GITHUB/PLASMA_WORLD/AthOS/REPO-AthOS/kmime/package-kmime/usr/share/locale/nn/LC_MESSAGES/libkmime6_qt.qm
-- Installing: /home/omen/GITHUB/PLASMA_WORLD/AthOS/REPO-AthOS/kmime/package-kmime/usr/share/locale/pa/LC_MESSAGES/libkmime6_qt.qm
-- Installing: /home/omen/GITHUB/PLASMA_WORLD/AthOS/REPO-AthOS/kmime/package-kmime/usr/share/locale/pl/LC_MESSAGES/libkmime6_qt.qm
-- Installing: /home/omen/GITHUB/PLASMA_WORLD/AthOS/REPO-AthOS/kmime/package-kmime/usr/share/locale/pt/LC_MESSAGES/libkmime6_qt.qm
-- Installing: /home/omen/GITHUB/PLASMA_WORLD/AthOS/REPO-AthOS/kmime/package-kmime/usr/share/locale/pt_BR/LC_MESSAGES/libkmime6_qt.qm
-- Installing: /home/omen/GITHUB/PLASMA_WORLD/AthOS/REPO-AthOS/kmime/package-kmime/usr/share/locale/ro/LC_MESSAGES/libkmime6_qt.qm
-- Installing: /home/omen/GITHUB/PLASMA_WORLD/AthOS/REPO-AthOS/kmime/package-kmime/usr/share/locale/ru/LC_MESSAGES/libkmime6_qt.qm
-- Installing: /home/omen/GITHUB/PLASMA_WORLD/AthOS/REPO-AthOS/kmime/package-kmime/usr/share/locale/sa/LC_MESSAGES/libkmime6_qt.qm
-- Installing: /home/omen/GITHUB/PLASMA_WORLD/AthOS/REPO-AthOS/kmime/package-kmime/usr/share/locale/se/LC_MESSAGES/libkmime6_qt.qm
-- Installing: /home/omen/GITHUB/PLASMA_WORLD/AthOS/REPO-AthOS/kmime/package-kmime/usr/share/locale/sk/LC_MESSAGES/libkmime6_qt.qm
-- Installing: /home/omen/GITHUB/PLASMA_WORLD/AthOS/REPO-AthOS/kmime/package-kmime/usr/share/locale/sl/LC_MESSAGES/libkmime6_qt.qm
-- Installing: /home/omen/GITHUB/PLASMA_WORLD/AthOS/REPO-AthOS/kmime/package-kmime/usr/share/locale/sq/LC_MESSAGES/libkmime6_qt.qm
-- Installing: /home/omen/GITHUB/PLASMA_WORLD/AthOS/REPO-AthOS/kmime/package-kmime/usr/share/locale/sr/LC_MESSAGES/libkmime6_qt.qm
-- Installing: /home/omen/GITHUB/PLASMA_WORLD/AthOS/REPO-AthOS/kmime/package-kmime/usr/share/locale/sr@ijekavian/LC_MESSAGES/libkmime6_qt.qm
-- Installing: /home/omen/GITHUB/PLASMA_WORLD/AthOS/REPO-AthOS/kmime/package-kmime/usr/share/locale/sr@ijekavianlatin/LC_MESSAGES/libkmime6_qt.qm
-- Installing: /home/omen/GITHUB/PLASMA_WORLD/AthOS/REPO-AthOS/kmime/package-kmime/usr/share/locale/sr@latin/LC_MESSAGES/libkmime6_qt.qm
-- Installing: /home/omen/GITHUB/PLASMA_WORLD/AthOS/REPO-AthOS/kmime/package-kmime/usr/share/locale/sv/LC_MESSAGES/libkmime6_qt.qm
-- Installing: /home/omen/GITHUB/PLASMA_WORLD/AthOS/REPO-AthOS/kmime/package-kmime/usr/share/locale/ta/LC_MESSAGES/libkmime6_qt.qm
-- Installing: /home/omen/GITHUB/PLASMA_WORLD/AthOS/REPO-AthOS/kmime/package-kmime/usr/share/locale/th/LC_MESSAGES/libkmime6_qt.qm
-- Installing: /home/omen/GITHUB/PLASMA_WORLD/AthOS/REPO-AthOS/kmime/package-kmime/usr/share/locale/tr/LC_MESSAGES/libkmime6_qt.qm
-- Installing: /home/omen/GITHUB/PLASMA_WORLD/AthOS/REPO-AthOS/kmime/package-kmime/usr/share/locale/ug/LC_MESSAGES/libkmime6_qt.qm
-- Installing: /home/omen/GITHUB/PLASMA_WORLD/AthOS/REPO-AthOS/kmime/package-kmime/usr/share/locale/uk/LC_MESSAGES/libkmime6_qt.qm
-- Installing: /home/omen/GITHUB/PLASMA_WORLD/AthOS/REPO-AthOS/kmime/package-kmime/usr/share/locale/uz/LC_MESSAGES/libkmime6_qt.qm
-- Installing: /home/omen/GITHUB/PLASMA_WORLD/AthOS/REPO-AthOS/kmime/package-kmime/usr/share/locale/uz@cyrillic/LC_MESSAGES/libkmime6_qt.qm
-- Installing: /home/omen/GITHUB/PLASMA_WORLD/AthOS/REPO-AthOS/kmime/package-kmime/usr/share/locale/wa/LC_MESSAGES/libkmime6_qt.qm
-- Installing: /home/omen/GITHUB/PLASMA_WORLD/AthOS/REPO-AthOS/kmime/package-kmime/usr/share/locale/zh_CN/LC_MESSAGES/libkmime6_qt.qm
-- Installing: /home/omen/GITHUB/PLASMA_WORLD/AthOS/REPO-AthOS/kmime/package-kmime/usr/share/locale/zh_TW/LC_MESSAGES/libkmime6_qt.qm
The main part of source code is ready. We are moving on to preparing post install scripts, docs, license, man pages etc..
cp: cannot stat 'ChangeLog*': No such file or directory
cp: cannot stat 'COPYING': No such file or directory
cp: cannot stat 'CREDITS': No such file or directory
cp: cannot stat 'LICENSE': No such file or directory
cp: cannot stat 'MAINTAINERS': No such file or directory
cp: cannot stat 'NEWS': No such file or directory
cp: cannot stat 'docs': No such file or directory
cp: cannot stat 'DOCS': No such file or directory
grep: /home/omen/GITHUB/PLASMA_WORLD/AthOS/REPO-AthOS/kmime/kmime.info: No such file or directory
doxygen
extra-cmake-modules
kcodecs
ki18n
Packaging compiled for slackware installation...
MAKEPKG_FLAGS is empty or unset, using default

Slackware package maker, version 3.14159265.

Searching for symbolic links:
usr/lib64/libKPim6Mime.so	libKPim6Mime.so.6
usr/lib64/libKPim6Mime.so.6	libKPim6Mime.so.6.4.1

Making symbolic link creation script:
( cd usr/lib64 ; rm -rf libKPim6Mime.so )
( cd usr/lib64 ; ln -sf libKPim6Mime.so.6 libKPim6Mime.so )
( cd usr/lib64 ; rm -rf libKPim6Mime.so.6 )
( cd usr/lib64 ; ln -sf libKPim6Mime.so.6.4.1 libKPim6Mime.so.6 )

Unless your existing installation script already contains the code
to create these links, you should append these lines to your existing
install script. Now's your chance. :^)

Would you like to add this stuff to the existing install script and
remove the symbolic links ([y]es, [n]o)? y


Removing symbolic links:
removed './usr/lib64/libKPim6Mime.so'
removed './usr/lib64/libKPim6Mime.so.6'

Updating your ./install/doinst.sh...

This next step is optional - you can set the directories in your package
to some sane permissions. If any of the directories in your package have
special permissions, then DO NOT reset them here!

Would you like to reset all directory permissions to 755 (drwxr-xr-x) and
directory ownerships to root:root ([y]es, [n]o)? n


Creating Slackware package:  /tmp/kmime/kmime-25.04.1-x86_64-1_rtz.tlz

./
install/
install/doinst.sh
install/slack-desc
usr/
usr/doc/
usr/doc/kmime-25.04.1/
usr/doc/kmime-25.04.1/AUTHORS
usr/doc/kmime-25.04.1/README.md
usr/doc/kmime-25.04.1/README.md.license
usr/doc/kmime-25.04.1/kmime.ini
usr/doc/kmime-25.04.1/slack-required
usr/doc/qt6-6.8.3_20250319_bab1fecd/
usr/doc/qt6-6.8.3_20250319_bab1fecd/KPim6Mime.qch
usr/doc/qt6-6.8.3_20250319_bab1fecd/KPim6Mime.tags
usr/include/
usr/include/KPim6/
usr/include/KPim6/KMime/
usr/include/KPim6/KMime/KMime/
usr/include/KPim6/KMime/KMime/Content
usr/include/KPim6/KMime/KMime/ContentIndex
usr/include/KPim6/KMime/KMime/HeaderParsing
usr/include/KPim6/KMime/KMime/Headers
usr/include/KPim6/KMime/KMime/MDN
usr/include/KPim6/KMime/KMime/Message
usr/include/KPim6/KMime/KMime/Types
usr/include/KPim6/KMime/KMime/Util
usr/include/KPim6/KMime/kmime/
usr/include/KPim6/KMime/kmime/content.h
usr/include/KPim6/KMime/kmime/contentindex.h
usr/include/KPim6/KMime/kmime/headerparsing.h
usr/include/KPim6/KMime/kmime/headers.h
usr/include/KPim6/KMime/kmime/kmime_export.h
usr/include/KPim6/KMime/kmime/mdn.h
usr/include/KPim6/KMime/kmime/message.h
usr/include/KPim6/KMime/kmime/types.h
usr/include/KPim6/KMime/kmime/util.h
usr/include/KPim6/KMime/kmime_version.h
usr/lib64/
usr/lib64/cmake/
usr/lib64/cmake/KPim6Mime/
usr/lib64/cmake/KPim6Mime/KPim6MimeConfig.cmake
usr/lib64/cmake/KPim6Mime/KPim6MimeConfigVersion.cmake
usr/lib64/cmake/KPim6Mime/KPim6MimeQchTargets.cmake
usr/lib64/cmake/KPim6Mime/KPim6MimeTargets-relwithdebinfo.cmake
usr/lib64/cmake/KPim6Mime/KPim6MimeTargets.cmake
usr/lib64/libKPim6Mime.so.6.4.1
usr/share/
usr/share/locale/
usr/share/locale/ar/
usr/share/locale/ar/LC_MESSAGES/
usr/share/locale/ar/LC_MESSAGES/libkmime6_qt.qm
usr/share/locale/ast/
usr/share/locale/ast/LC_MESSAGES/
usr/share/locale/ast/LC_MESSAGES/libkmime6_qt.qm
usr/share/locale/be/
usr/share/locale/be/LC_MESSAGES/
usr/share/locale/be/LC_MESSAGES/libkmime6_qt.qm
usr/share/locale/bg/
usr/share/locale/bg/LC_MESSAGES/
usr/share/locale/bg/LC_MESSAGES/libkmime6_qt.qm
usr/share/locale/br/
usr/share/locale/br/LC_MESSAGES/
usr/share/locale/br/LC_MESSAGES/libkmime6_qt.qm
usr/share/locale/bs/
usr/share/locale/bs/LC_MESSAGES/
usr/share/locale/bs/LC_MESSAGES/libkmime6_qt.qm
usr/share/locale/ca/
usr/share/locale/ca/LC_MESSAGES/
usr/share/locale/ca/LC_MESSAGES/libkmime6_qt.qm
usr/share/locale/ca@valencia/
usr/share/locale/ca@valencia/LC_MESSAGES/
usr/share/locale/ca@valencia/LC_MESSAGES/libkmime6_qt.qm
usr/share/locale/cs/
usr/share/locale/cs/LC_MESSAGES/
usr/share/locale/cs/LC_MESSAGES/libkmime6_qt.qm
usr/share/locale/cy/
usr/share/locale/cy/LC_MESSAGES/
usr/share/locale/cy/LC_MESSAGES/libkmime6_qt.qm
usr/share/locale/da/
usr/share/locale/da/LC_MESSAGES/
usr/share/locale/da/LC_MESSAGES/libkmime6_qt.qm
usr/share/locale/de/
usr/share/locale/de/LC_MESSAGES/
usr/share/locale/de/LC_MESSAGES/libkmime6_qt.qm
usr/share/locale/el/
usr/share/locale/el/LC_MESSAGES/
usr/share/locale/el/LC_MESSAGES/libkmime6_qt.qm
usr/share/locale/en_GB/
usr/share/locale/en_GB/LC_MESSAGES/
usr/share/locale/en_GB/LC_MESSAGES/libkmime6_qt.qm
usr/share/locale/eo/
usr/share/locale/eo/LC_MESSAGES/
usr/share/locale/eo/LC_MESSAGES/libkmime6_qt.qm
usr/share/locale/es/
usr/share/locale/es/LC_MESSAGES/
usr/share/locale/es/LC_MESSAGES/libkmime6_qt.qm
usr/share/locale/et/
usr/share/locale/et/LC_MESSAGES/
usr/share/locale/et/LC_MESSAGES/libkmime6_qt.qm
usr/share/locale/eu/
usr/share/locale/eu/LC_MESSAGES/
usr/share/locale/eu/LC_MESSAGES/libkmime6_qt.qm
usr/share/locale/fa/
usr/share/locale/fa/LC_MESSAGES/
usr/share/locale/fa/LC_MESSAGES/libkmime6_qt.qm
usr/share/locale/fi/
usr/share/locale/fi/LC_MESSAGES/
usr/share/locale/fi/LC_MESSAGES/libkmime6_qt.qm
usr/share/locale/fr/
usr/share/locale/fr/LC_MESSAGES/
usr/share/locale/fr/LC_MESSAGES/libkmime6_qt.qm
usr/share/locale/fy/
usr/share/locale/fy/LC_MESSAGES/
usr/share/locale/fy/LC_MESSAGES/libkmime6_qt.qm
usr/share/locale/ga/
usr/share/locale/ga/LC_MESSAGES/
usr/share/locale/ga/LC_MESSAGES/libkmime6_qt.qm
usr/share/locale/gl/
usr/share/locale/gl/LC_MESSAGES/
usr/share/locale/gl/LC_MESSAGES/libkmime6_qt.qm
usr/share/locale/he/
usr/share/locale/he/LC_MESSAGES/
usr/share/locale/he/LC_MESSAGES/libkmime6_qt.qm
usr/share/locale/hi/
usr/share/locale/hi/LC_MESSAGES/
usr/share/locale/hi/LC_MESSAGES/libkmime6_qt.qm
usr/share/locale/hne/
usr/share/locale/hne/LC_MESSAGES/
usr/share/locale/hne/LC_MESSAGES/libkmime6_qt.qm
usr/share/locale/hu/
usr/share/locale/hu/LC_MESSAGES/
usr/share/locale/hu/LC_MESSAGES/libkmime6_qt.qm
usr/share/locale/ia/
usr/share/locale/ia/LC_MESSAGES/
usr/share/locale/ia/LC_MESSAGES/libkmime6_qt.qm
usr/share/locale/it/
usr/share/locale/it/LC_MESSAGES/
usr/share/locale/it/LC_MESSAGES/libkmime6_qt.qm
usr/share/locale/ja/
usr/share/locale/ja/LC_MESSAGES/
usr/share/locale/ja/LC_MESSAGES/libkmime6_qt.qm
usr/share/locale/ka/
usr/share/locale/ka/LC_MESSAGES/
usr/share/locale/ka/LC_MESSAGES/libkmime6_qt.qm
usr/share/locale/kk/
usr/share/locale/kk/LC_MESSAGES/
usr/share/locale/kk/LC_MESSAGES/libkmime6_qt.qm
usr/share/locale/km/
usr/share/locale/km/LC_MESSAGES/
usr/share/locale/km/LC_MESSAGES/libkmime6_qt.qm
usr/share/locale/ko/
usr/share/locale/ko/LC_MESSAGES/
usr/share/locale/ko/LC_MESSAGES/libkmime6_qt.qm
usr/share/locale/lt/
usr/share/locale/lt/LC_MESSAGES/
usr/share/locale/lt/LC_MESSAGES/libkmime6_qt.qm
usr/share/locale/lv/
usr/share/locale/lv/LC_MESSAGES/
usr/share/locale/lv/LC_MESSAGES/libkmime6_qt.qm
usr/share/locale/mk/
usr/share/locale/mk/LC_MESSAGES/
usr/share/locale/mk/LC_MESSAGES/libkmime6_qt.qm
usr/share/locale/mr/
usr/share/locale/mr/LC_MESSAGES/
usr/share/locale/mr/LC_MESSAGES/libkmime6_qt.qm
usr/share/locale/ms/
usr/share/locale/ms/LC_MESSAGES/
usr/share/locale/ms/LC_MESSAGES/libkmime6_qt.qm
usr/share/locale/nb/
usr/share/locale/nb/LC_MESSAGES/
usr/share/locale/nb/LC_MESSAGES/libkmime6_qt.qm
usr/share/locale/nds/
usr/share/locale/nds/LC_MESSAGES/
usr/share/locale/nds/LC_MESSAGES/libkmime6_qt.qm
usr/share/locale/ne/
usr/share/locale/ne/LC_MESSAGES/
usr/share/locale/ne/LC_MESSAGES/libkmime6_qt.qm
usr/share/locale/nl/
usr/share/locale/nl/LC_MESSAGES/
usr/share/locale/nl/LC_MESSAGES/libkmime6_qt.qm
usr/share/locale/nn/
usr/share/locale/nn/LC_MESSAGES/
usr/share/locale/nn/LC_MESSAGES/libkmime6_qt.qm
usr/share/locale/pa/
usr/share/locale/pa/LC_MESSAGES/
usr/share/locale/pa/LC_MESSAGES/libkmime6_qt.qm
usr/share/locale/pl/
usr/share/locale/pl/LC_MESSAGES/
usr/share/locale/pl/LC_MESSAGES/libkmime6_qt.qm
usr/share/locale/pt/
usr/share/locale/pt/LC_MESSAGES/
usr/share/locale/pt/LC_MESSAGES/libkmime6_qt.qm
usr/share/locale/pt_BR/
usr/share/locale/pt_BR/LC_MESSAGES/
usr/share/locale/pt_BR/LC_MESSAGES/libkmime6_qt.qm
usr/share/locale/ro/
usr/share/locale/ro/LC_MESSAGES/
usr/share/locale/ro/LC_MESSAGES/libkmime6_qt.qm
usr/share/locale/ru/
usr/share/locale/ru/LC_MESSAGES/
usr/share/locale/ru/LC_MESSAGES/libkmime6_qt.qm
usr/share/locale/sa/
usr/share/locale/sa/LC_MESSAGES/
usr/share/locale/sa/LC_MESSAGES/libkmime6_qt.qm
usr/share/locale/se/
usr/share/locale/se/LC_MESSAGES/
usr/share/locale/se/LC_MESSAGES/libkmime6_qt.qm
usr/share/locale/sk/
usr/share/locale/sk/LC_MESSAGES/
usr/share/locale/sk/LC_MESSAGES/libkmime6_qt.qm
usr/share/locale/sl/
usr/share/locale/sl/LC_MESSAGES/
usr/share/locale/sl/LC_MESSAGES/libkmime6_qt.qm
usr/share/locale/sq/
usr/share/locale/sq/LC_MESSAGES/
usr/share/locale/sq/LC_MESSAGES/libkmime6_qt.qm
usr/share/locale/sr/
usr/share/locale/sr/LC_MESSAGES/
usr/share/locale/sr/LC_MESSAGES/libkmime6_qt.qm
usr/share/locale/sr@ijekavian/
usr/share/locale/sr@ijekavian/LC_MESSAGES/
usr/share/locale/sr@ijekavian/LC_MESSAGES/libkmime6_qt.qm
usr/share/locale/sr@ijekavianlatin/
usr/share/locale/sr@ijekavianlatin/LC_MESSAGES/
usr/share/locale/sr@ijekavianlatin/LC_MESSAGES/libkmime6_qt.qm
usr/share/locale/sr@latin/
usr/share/locale/sr@latin/LC_MESSAGES/
usr/share/locale/sr@latin/LC_MESSAGES/libkmime6_qt.qm
usr/share/locale/sv/
usr/share/locale/sv/LC_MESSAGES/
usr/share/locale/sv/LC_MESSAGES/libkmime6_qt.qm
usr/share/locale/ta/
usr/share/locale/ta/LC_MESSAGES/
usr/share/locale/ta/LC_MESSAGES/libkmime6_qt.qm
usr/share/locale/th/
usr/share/locale/th/LC_MESSAGES/
usr/share/locale/th/LC_MESSAGES/libkmime6_qt.qm
usr/share/locale/tr/
usr/share/locale/tr/LC_MESSAGES/
usr/share/locale/tr/LC_MESSAGES/libkmime6_qt.qm
usr/share/locale/ug/
usr/share/locale/ug/LC_MESSAGES/
usr/share/locale/ug/LC_MESSAGES/libkmime6_qt.qm
usr/share/locale/uk/
usr/share/locale/uk/LC_MESSAGES/
usr/share/locale/uk/LC_MESSAGES/libkmime6_qt.qm
usr/share/locale/uz/
usr/share/locale/uz/LC_MESSAGES/
usr/share/locale/uz/LC_MESSAGES/libkmime6_qt.qm
usr/share/locale/uz@cyrillic/
usr/share/locale/uz@cyrillic/LC_MESSAGES/
usr/share/locale/uz@cyrillic/LC_MESSAGES/libkmime6_qt.qm
usr/share/locale/wa/
usr/share/locale/wa/LC_MESSAGES/
usr/share/locale/wa/LC_MESSAGES/libkmime6_qt.qm
usr/share/locale/zh_CN/
usr/share/locale/zh_CN/LC_MESSAGES/
usr/share/locale/zh_CN/LC_MESSAGES/libkmime6_qt.qm
usr/share/locale/zh_TW/
usr/share/locale/zh_TW/LC_MESSAGES/
usr/share/locale/zh_TW/LC_MESSAGES/libkmime6_qt.qm
usr/share/qlogging-categories6/
usr/share/qlogging-categories6/kmime.categories

Slackware package /tmp/kmime/kmime-25.04.1-x86_64-1_rtz.tlz created.

Create shared object file for kmime-25.04.1-x86_64-1_rtz.tlz
Creating /tmp/kmime/kmime-25.04.1-x86_64-1_rtz.tlz.so.file using /tmp/kmime/kmime-25.04.1-x86_64-1_rtz.tlz
Successfully created /tmp/kmime/kmime-25.04.1-x86_64-1_rtz.tlz.so.file
Packaging of executable and meta-data in kmime.tar.lz4 format.
/tmp/kmime /tmp/kmime
/tmp/kmime
BIN_NAME
README
kmime-25.04.1-x86_64-1_rtz.tlz
kmime-25.04.1-x86_64-1_rtz.tlz.md5
kmime-25.04.1-x86_64-1_rtz.tlz.so.file
kmime-25.04.1-x86_64-1_rtz.tlz.txt
kmime.dep
makepkg-kmime.log
kmime build finished. Procced to installation...

+==============================================================================================+
| Upgrading kmime-25.04.1-x86_64-1_rtz package using /tmp/kmime/kmime-25.04.1-x86_64-1_rtz.tlz |
+==============================================================================================+

Pre-installing package kmime-25.04.1-x86_64-1_rtz...
Removing package: kmime-25.04.1-x86_64-1_rtz-upgraded-2025-05-11,00:36:25
Installing package kmime-25.04.1-x86_64-1_rtz.tlz:
PACKAGE DESCRIPTION:
# kmime (Library )
#
# Library for handling mail messages and newsgroup articles
#
# https://community.kde.org/KDE_PIM
Executing install script for kmime-25.04.1-x86_64-1_rtz.tlz.
Font directories:
	/usr/share/fonts
/usr/share/fonts: caching, new cache contents: 0 fonts, 11 dirs
/usr/share/fonts/100dpi: caching, new cache contents: 238 fonts, 0 dirs
/usr/share/fonts/75dpi: caching, new cache contents: 238 fonts, 0 dirs
/usr/share/fonts/OTF: caching, new cache contents: 124 fonts, 0 dirs
/usr/share/fonts/Speedo: caching, new cache contents: 0 fonts, 0 dirs
/usr/share/fonts/TTF: caching, new cache contents: 1132 fonts, 0 dirs
/usr/share/fonts/Type1: caching, new cache contents: 64 fonts, 0 dirs
/usr/share/fonts/cyrillic: caching, new cache contents: 0 fonts, 0 dirs
/usr/share/fonts/encodings: caching, new cache contents: 0 fonts, 1 dirs
/usr/share/fonts/encodings/large: caching, new cache contents: 0 fonts, 0 dirs
/usr/share/fonts/kanjistrokeorders: caching, new cache contents: 1 fonts, 0 dirs
/usr/share/fonts/misc: caching, new cache contents: 143 fonts, 0 dirs
/usr/share/fonts/util: caching, new cache contents: 0 fonts, 0 dirs
/var/cache/fontconfig: cleaning cache directory
/root/.cache/fontconfig: not cleaning non-existent cache directory
/root/.fontconfig: not cleaning non-existent cache directory
/usr/bin/fc-cache: succeeded
Package kmime-25.04.1-x86_64-1_rtz.tlz installed.
Package kmime-25.04.1-x86_64-1_rtz upgraded with new package /tmp/kmime/kmime-25.04.1-x86_64-1_rtz.tlz.
Cleaning environmet: Removing source code, and work-space...
rm: cannot remove 'kmime-25.04.1.tar.xz': No such file or directory
Build process completed in 0 minutes and 29 seconds.
