[32mStarting build process...[0m
Detected architecture: x86_64
Required dependencies: extra-cmake-modules kconfig5	kcoreaddons5	kwindowsystem5
extra-cmake-modules is already installed!
kconfig5 is already installed!
kcoreaddons5 is already installed!
kwindowsystem5 is already installed!
No optional dependencies found.
Downloading source code tar.xz file
--2025-05-28 17:24:23--  https://download.kde.org/stable/frameworks/5.116/kirigami2-5.116.0.tar.xz
Resolving download.kde.org (download.kde.org)... 49.12.122.15, 2a01:4f8:242:53eb::4
Connecting to download.kde.org (download.kde.org)|49.12.122.15|:443... connected.
HTTP request sent, awaiting response... 302 Found
Location: https://ftp.cc.uoc.gr/mirrors/kde/stable/frameworks/5.116/kirigami2-5.116.0.tar.xz [following]
--2025-05-28 17:24:24--  https://ftp.cc.uoc.gr/mirrors/kde/stable/frameworks/5.116/kirigami2-5.116.0.tar.xz
Resolving ftp.cc.uoc.gr (ftp.cc.uoc.gr)... 147.52.159.50, 2001:648:2c00:6c08::2
Connecting to ftp.cc.uoc.gr (ftp.cc.uoc.gr)|147.52.159.50|:443... connected.
HTTP request sent, awaiting response... 200 OK
Length: 383660 (375K) [application/octet-stream]
Saving to: ‘kirigami2-5.116.0.tar.xz’

     0K .......... .......... .......... .......... .......... 13% 1.36M 0s
    50K .......... .......... .......... .......... .......... 26% 1.48M 0s
   100K .......... .......... .......... .......... .......... 40% 6.30M 0s
   150K .......... .......... .......... .......... .......... 53% 2.05M 0s
   200K .......... .......... .......... .......... .......... 66% 6.71M 0s
   250K .......... .......... .......... .......... .......... 80% 4.87M 0s
   300K .......... .......... .......... .......... .......... 93% 6.23M 0s
   350K .......... .......... ....                            100%  354K=0.2s

2025-05-28 17:24:24 (1.88 MB/s) - ‘kirigami2-5.116.0.tar.xz’ saved [383660/383660]

Found file: kirigami2-5.116.0.tar.xz
No checksum provided. Skipping checksum verification and proceeding...
Creating working directories and exporting source code in...
kirigami2-5.116.0/
kirigami2-5.116.0/Mainpage.dox
kirigami2-5.116.0/scripts/
kirigami2-5.116.0/scripts/gen_qmltypes.sh
kirigami2-5.116.0/scripts/gen_icons_qrc.sh
kirigami2-5.116.0/README.md
kirigami2-5.116.0/templates/
kirigami2-5.116.0/templates/.clang-format
kirigami2-5.116.0/templates/CMakeLists.txt
kirigami2-5.116.0/templates/kirigami/
kirigami2-5.116.0/templates/kirigami/kirigami-app.png
kirigami2-5.116.0/templates/kirigami/LICENSES/
kirigami2-5.116.0/templates/kirigami/LICENSES/FSFAP.txt
kirigami2-5.116.0/templates/kirigami/LICENSES/BSD-3-Clause.txt
kirigami2-5.116.0/templates/kirigami/LICENSES/CC0-1.0.txt
kirigami2-5.116.0/templates/kirigami/LICENSES/GPL-2.0-or-later.txt
kirigami2-5.116.0/templates/kirigami/org.kde.%{APPNAMELC}.json
kirigami2-5.116.0/templates/kirigami/android/
kirigami2-5.116.0/templates/kirigami/android/build.gradle
kirigami2-5.116.0/templates/kirigami/android/AndroidManifest.xml
kirigami2-5.116.0/templates/kirigami/android/version.gradle.in
kirigami2-5.116.0/templates/kirigami/android/res/
kirigami2-5.116.0/templates/kirigami/android/res/drawable/
kirigami2-5.116.0/templates/kirigami/android/res/drawable/logo.png
kirigami2-5.116.0/templates/kirigami/android/res/drawable/splash.xml
kirigami2-5.116.0/templates/kirigami/org.kde.%{APPNAMELC}.desktop
kirigami2-5.116.0/templates/kirigami/kirigami.kdevtemplate
kirigami2-5.116.0/templates/kirigami/CMakeLists.txt
kirigami2-5.116.0/templates/kirigami/org.kde.%{APPNAMELC}.metainfo.xml
kirigami2-5.116.0/templates/kirigami/src/
kirigami2-5.116.0/templates/kirigami/src/contents/
kirigami2-5.116.0/templates/kirigami/src/contents/ui/
kirigami2-5.116.0/templates/kirigami/src/contents/ui/About.qml
kirigami2-5.116.0/templates/kirigami/src/contents/ui/main.qml
kirigami2-5.116.0/templates/kirigami/src/%{APPNAMELC}config.kcfg
kirigami2-5.116.0/templates/kirigami/src/%{APPNAMELC}config.kcfgc
kirigami2-5.116.0/templates/kirigami/src/app.cpp
kirigami2-5.116.0/templates/kirigami/src/main.cpp
kirigami2-5.116.0/templates/kirigami/src/app.h
kirigami2-5.116.0/templates/kirigami/src/resources.qrc
kirigami2-5.116.0/templates/kirigami/src/CMakeLists.txt
kirigami2-5.116.0/KF5Kirigami2Config.cmake.in
kirigami2-5.116.0/poqm/
kirigami2-5.116.0/poqm/bg/
kirigami2-5.116.0/poqm/bg/libkirigami2plugin_qt.po
kirigami2-5.116.0/poqm/pt/
kirigami2-5.116.0/poqm/pt/libkirigami2plugin_qt.po
kirigami2-5.116.0/poqm/nn/
kirigami2-5.116.0/poqm/nn/libkirigami2plugin_qt.po
kirigami2-5.116.0/poqm/pl/
kirigami2-5.116.0/poqm/pl/libkirigami2plugin_qt.po
kirigami2-5.116.0/poqm/ja/
kirigami2-5.116.0/poqm/ja/libkirigami2plugin_qt.po
kirigami2-5.116.0/poqm/pa/
kirigami2-5.116.0/poqm/pa/libkirigami2plugin_qt.po
kirigami2-5.116.0/poqm/zh_CN/
kirigami2-5.116.0/poqm/zh_CN/libkirigami2plugin_qt.po
kirigami2-5.116.0/poqm/cs/
kirigami2-5.116.0/poqm/cs/libkirigami2plugin_qt.po
kirigami2-5.116.0/poqm/es/
kirigami2-5.116.0/poqm/es/libkirigami2plugin_qt.po
kirigami2-5.116.0/poqm/ka/
kirigami2-5.116.0/poqm/ka/libkirigami2plugin_qt.po
kirigami2-5.116.0/poqm/tr/
kirigami2-5.116.0/poqm/tr/libkirigami2plugin_qt.po
kirigami2-5.116.0/poqm/ca/
kirigami2-5.116.0/poqm/ca/libkirigami2plugin_qt.po
kirigami2-5.116.0/poqm/ca@valencia/
kirigami2-5.116.0/poqm/ca@valencia/libkirigami2plugin_qt.po
kirigami2-5.116.0/poqm/gl/
kirigami2-5.116.0/poqm/gl/libkirigami2plugin_qt.po
kirigami2-5.116.0/poqm/ro/
kirigami2-5.116.0/poqm/ro/libkirigami2plugin_qt.po
kirigami2-5.116.0/poqm/eo/
kirigami2-5.116.0/poqm/eo/libkirigami2plugin_qt.po
kirigami2-5.116.0/poqm/sr@ijekavian/
kirigami2-5.116.0/poqm/sr@ijekavian/libkirigami2plugin_qt.po
kirigami2-5.116.0/poqm/nl/
kirigami2-5.116.0/poqm/nl/libkirigami2plugin_qt.po
kirigami2-5.116.0/poqm/ml/
kirigami2-5.116.0/poqm/ml/libkirigami2plugin_qt.po
kirigami2-5.116.0/poqm/hu/
kirigami2-5.116.0/poqm/hu/libkirigami2plugin_qt.po
kirigami2-5.116.0/poqm/eu/
kirigami2-5.116.0/poqm/eu/libkirigami2plugin_qt.po
kirigami2-5.116.0/poqm/fr/
kirigami2-5.116.0/poqm/fr/libkirigami2plugin_qt.po
kirigami2-5.116.0/poqm/hi/
kirigami2-5.116.0/poqm/hi/libkirigami2plugin_qt.po
kirigami2-5.116.0/poqm/sl/
kirigami2-5.116.0/poqm/sl/libkirigami2plugin_qt.po
kirigami2-5.116.0/poqm/sr@latin/
kirigami2-5.116.0/poqm/sr@latin/libkirigami2plugin_qt.po
kirigami2-5.116.0/poqm/ta/
kirigami2-5.116.0/poqm/ta/libkirigami2plugin_qt.po
kirigami2-5.116.0/poqm/sr/
kirigami2-5.116.0/poqm/sr/libkirigami2plugin_qt.po
kirigami2-5.116.0/poqm/de/
kirigami2-5.116.0/poqm/de/libkirigami2plugin_qt.po
kirigami2-5.116.0/poqm/ar/
kirigami2-5.116.0/poqm/ar/libkirigami2plugin_qt.po
kirigami2-5.116.0/poqm/sk/
kirigami2-5.116.0/poqm/sk/libkirigami2plugin_qt.po
kirigami2-5.116.0/poqm/zh_TW/
kirigami2-5.116.0/poqm/zh_TW/libkirigami2plugin_qt.po
kirigami2-5.116.0/poqm/et/
kirigami2-5.116.0/poqm/et/libkirigami2plugin_qt.po
kirigami2-5.116.0/poqm/it/
kirigami2-5.116.0/poqm/it/libkirigami2plugin_qt.po
kirigami2-5.116.0/poqm/el/
kirigami2-5.116.0/poqm/el/libkirigami2plugin_qt.po
kirigami2-5.116.0/poqm/da/
kirigami2-5.116.0/poqm/da/libkirigami2plugin_qt.po
kirigami2-5.116.0/poqm/pt_BR/
kirigami2-5.116.0/poqm/pt_BR/libkirigami2plugin_qt.po
kirigami2-5.116.0/poqm/ru/
kirigami2-5.116.0/poqm/ru/libkirigami2plugin_qt.po
kirigami2-5.116.0/poqm/id/
kirigami2-5.116.0/poqm/id/libkirigami2plugin_qt.po
kirigami2-5.116.0/poqm/ia/
kirigami2-5.116.0/poqm/ia/libkirigami2plugin_qt.po
kirigami2-5.116.0/poqm/sv/
kirigami2-5.116.0/poqm/sv/libkirigami2plugin_qt.po
kirigami2-5.116.0/poqm/fi/
kirigami2-5.116.0/poqm/fi/libkirigami2plugin_qt.po
kirigami2-5.116.0/poqm/lt/
kirigami2-5.116.0/poqm/lt/libkirigami2plugin_qt.po
kirigami2-5.116.0/poqm/tg/
kirigami2-5.116.0/poqm/tg/libkirigami2plugin_qt.po
kirigami2-5.116.0/poqm/ko/
kirigami2-5.116.0/poqm/ko/libkirigami2plugin_qt.po
kirigami2-5.116.0/poqm/en_GB/
kirigami2-5.116.0/poqm/en_GB/libkirigami2plugin_qt.po
kirigami2-5.116.0/poqm/uk/
kirigami2-5.116.0/poqm/uk/libkirigami2plugin_qt.po
kirigami2-5.116.0/poqm/sr@ijekavianlatin/
kirigami2-5.116.0/poqm/sr@ijekavianlatin/libkirigami2plugin_qt.po
kirigami2-5.116.0/poqm/az/
kirigami2-5.116.0/poqm/az/libkirigami2plugin_qt.po
kirigami2-5.116.0/LICENSES/
kirigami2-5.116.0/LICENSES/LGPL-3.0-only.txt
kirigami2-5.116.0/LICENSES/LGPL-2.1-only.txt
kirigami2-5.116.0/LICENSES/CC0-1.0.txt
kirigami2-5.116.0/LICENSES/LGPL-2.0-or-later.txt
kirigami2-5.116.0/.gitlab-ci.yml
kirigami2-5.116.0/config-OpenMP.h.cmake
kirigami2-5.116.0/logo.png
kirigami2-5.116.0/tests/
kirigami2-5.116.0/tests/NavigationTabBarTest.qml
kirigami2-5.116.0/tests/swipeListItemTest.qml
kirigami2-5.116.0/tests/CardTest.qml
kirigami2-5.116.0/tests/BasicListItemTest.qml
kirigami2-5.116.0/tests/ShadowedRectangleTest.qml
kirigami2-5.116.0/tests/OverlayTest.qml
kirigami2-5.116.0/tests/KeyboardTest.qml
kirigami2-5.116.0/tests/KeyboardListTest.qml
kirigami2-5.116.0/tests/wheelhandler/
kirigami2-5.116.0/tests/wheelhandler/WheelHandlerScrollViewTest.qml
kirigami2-5.116.0/tests/wheelhandler/WheelHandlerFlickableTest.qml
kirigami2-5.116.0/tests/wheelhandler/ScrollView.qml
kirigami2-5.116.0/tests/wheelhandler/scrollableqtextedit.ui
kirigami2-5.116.0/tests/wheelhandler/WheelHandlerScrollViewTextAreaTest.qml
kirigami2-5.116.0/tests/cardsList.qml
kirigami2-5.116.0/tests/OverlayFocusTest.qml
kirigami2-5.116.0/tests/actionsMenu.qml
kirigami2-5.116.0/tests/ShadowedImageTest.qml
kirigami2-5.116.0/.git-blame-ignore-revs
kirigami2-5.116.0/ExtraDesktop.sh
kirigami2-5.116.0/.kde-ci.yml
kirigami2-5.116.0/KF5Kirigami2Macros.cmake
kirigami2-5.116.0/docs/
kirigami2-5.116.0/docs/pics/
kirigami2-5.116.0/docs/pics/PageRouterNavigate.svg
kirigami2-5.116.0/docs/pics/PageRouterPush.svg
kirigami2-5.116.0/docs/pics/PageRouterPop.svg
kirigami2-5.116.0/docs/pics/MinimalExample.webp
kirigami2-5.116.0/docs/pics/PageRouterModel.svg
kirigami2-5.116.0/docs/pics/icon/
kirigami2-5.116.0/docs/pics/icon/active.png
kirigami2-5.116.0/docs/pics/icon/selected.png
kirigami2-5.116.0/docs/pics/BasicListItemReserve.svg
kirigami2-5.116.0/docs/pics/BasicListItemTypes.svg
kirigami2-5.116.0/autotests/
kirigami2-5.116.0/autotests/qmltest.cpp
kirigami2-5.116.0/autotests/tst_pagerouter.qml
kirigami2-5.116.0/autotests/tst_icon.qml
kirigami2-5.116.0/autotests/tst_basiclistitem_tooltip.qml
kirigami2-5.116.0/autotests/tst_globaldrawer.qml
kirigami2-5.116.0/autotests/BasicListItem_ToolTip_Test.qml
kirigami2-5.116.0/autotests/tst_mnemonicdata.qml
kirigami2-5.116.0/autotests/tst_pagerow.qml
kirigami2-5.116.0/autotests/tst_actiontoolbar.qml
kirigami2-5.116.0/autotests/pagepool/
kirigami2-5.116.0/autotests/pagepool/tst_layers.qml
kirigami2-5.116.0/autotests/pagepool/TestPage.qml
kirigami2-5.116.0/autotests/pagepool/tst_pagepool.qml
kirigami2-5.116.0/autotests/tst_routerwindow.qml
kirigami2-5.116.0/autotests/tst_avatar.qml
kirigami2-5.116.0/autotests/wheelhandler/
kirigami2-5.116.0/autotests/wheelhandler/ScrollableFlickable.qml
kirigami2-5.116.0/autotests/wheelhandler/tst_filterMouseEvents.qml
kirigami2-5.116.0/autotests/wheelhandler/tst_invokables.qml
kirigami2-5.116.0/autotests/wheelhandler/tst_scrolling.qml
kirigami2-5.116.0/autotests/wheelhandler/tst_onWheel.qml
kirigami2-5.116.0/autotests/wheelhandler/ContentFlickable.qml
kirigami2-5.116.0/autotests/tst_theme.qml
kirigami2-5.116.0/autotests/tst_keynavigation.qml
kirigami2-5.116.0/autotests/tst_formlayout.qml
kirigami2-5.116.0/autotests/CMakeLists.txt
kirigami2-5.116.0/autotests/tst_listskeynavigation.qml
kirigami2-5.116.0/CMakeLists.txt
kirigami2-5.116.0/examples/
kirigami2-5.116.0/examples/settingscomponents/
kirigami2-5.116.0/examples/settingscomponents/SettingsPage.qml
kirigami2-5.116.0/examples/settingscomponents/main.qml
kirigami2-5.116.0/examples/settingscomponents/GeneralSettingsPage.qml
kirigami2-5.116.0/examples/settingscomponents/resources.qrc
kirigami2-5.116.0/examples/pagerow.qml
kirigami2-5.116.0/examples/overlaydrawer.qml
kirigami2-5.116.0/examples/staticcmake/
kirigami2-5.116.0/examples/staticcmake/3rdparty/
kirigami2-5.116.0/examples/staticcmake/3rdparty/README
kirigami2-5.116.0/examples/staticcmake/3rdparty/CMakeLists.txt
kirigami2-5.116.0/examples/staticcmake/CMakeLists.txt
kirigami2-5.116.0/examples/staticcmake/src/
kirigami2-5.116.0/examples/staticcmake/src/Page1Form.ui.qml
kirigami2-5.116.0/examples/staticcmake/src/Page1.qml
kirigami2-5.116.0/examples/staticcmake/src/main.qml
kirigami2-5.116.0/examples/staticcmake/src/kirigami-icons.qrc
kirigami2-5.116.0/examples/staticcmake/src/main.cpp
kirigami2-5.116.0/examples/staticcmake/src/resources.qrc
kirigami2-5.116.0/examples/staticcmake/src/CMakeLists.txt
kirigami2-5.116.0/examples/staticcmake/src/qtquickcontrols2.conf
kirigami2-5.116.0/examples/sizegroup.qml
kirigami2-5.116.0/examples/flexcolumn/
kirigami2-5.116.0/examples/flexcolumn/main.qml
kirigami2-5.116.0/examples/hero.qml
kirigami2-5.116.0/examples/scenepotitionattached.qml
kirigami2-5.116.0/examples/simpleexamples/
kirigami2-5.116.0/examples/simpleexamples/SimplePage.qml
kirigami2-5.116.0/examples/simpleexamples/TabBarHeader.qml
kirigami2-5.116.0/examples/simpleexamples/pushpopclear.qml
kirigami2-5.116.0/examples/simpleexamples/simpleChatApp.qml
kirigami2-5.116.0/examples/simpleexamples/AbstractApplicationWindow.qml
kirigami2-5.116.0/examples/simpleexamples/minimal.qml
kirigami2-5.116.0/examples/simpleexamples/pagePoolDrawer.qml
kirigami2-5.116.0/examples/simpleexamples/MultipleColumnsGallery.qml
kirigami2-5.116.0/examples/simpleexamples/customdrawer.qml
kirigami2-5.116.0/examples/simpleexamples/Sidebar.qml
kirigami2-5.116.0/examples/simpleexamples/dragPageWidth.qml
kirigami2-5.116.0/examples/simpleexamples/footer.qml
kirigami2-5.116.0/examples/simpleexamples/pagePoolFirstColumn.qml
kirigami2-5.116.0/examples/simpleexamples/FixedSidebar.qml
kirigami2-5.116.0/examples/imagecolorstest.qml
kirigami2-5.116.0/examples/listitemdraghandle.qml
kirigami2-5.116.0/examples/formlayout.qml
kirigami2-5.116.0/examples/icon/
kirigami2-5.116.0/examples/icon/ResourceSource.qml
kirigami2-5.116.0/examples/icon/Fallback.qml
kirigami2-5.116.0/examples/icon/InternetSource.qml
kirigami2-5.116.0/examples/icon/FilesystemSource.qml
kirigami2-5.116.0/examples/icon/CustomSource.qml
kirigami2-5.116.0/examples/icon/IconThemeSource.qml
kirigami2-5.116.0/examples/wheelhandler/
kirigami2-5.116.0/examples/wheelhandler/ScrollViewUsage.qml
kirigami2-5.116.0/examples/wheelhandler/FlickableUsage.qml
kirigami2-5.116.0/examples/shadowrectangle.qml
kirigami2-5.116.0/examples/applicationitemapp/
kirigami2-5.116.0/examples/applicationitemapp/main.qml
kirigami2-5.116.0/examples/applicationitemapp/main.cpp
kirigami2-5.116.0/examples/applicationitemapp/resources.qrc
kirigami2-5.116.0/examples/applicationitemapp/CMakeLists.txt
kirigami2-5.116.0/examples/multiplatformnotesapp/
kirigami2-5.116.0/examples/multiplatformnotesapp/notesMobile.qml
kirigami2-5.116.0/examples/multiplatformnotesapp/notesDesktop.qml
kirigami2-5.116.0/examples/multiplatformnotesapp/NotesGeneral.qml
kirigami2-5.116.0/examples/CMakeLists.txt
kirigami2-5.116.0/src/
kirigami2-5.116.0/src/enums.cpp
kirigami2-5.116.0/src/toolbarlayout.cpp
kirigami2-5.116.0/src/shadowedrectangle.h
kirigami2-5.116.0/src/scenepositionattached.cpp
kirigami2-5.116.0/src/shadowedrectangle.cpp
kirigami2-5.116.0/src/wheelhandler.cpp
kirigami2-5.116.0/src/settings.h
kirigami2-5.116.0/src/columnview.h
kirigami2-5.116.0/src/wheelhandler.h
kirigami2-5.116.0/src/colorutils.cpp
kirigami2-5.116.0/src/shadowedtexture.cpp
kirigami2-5.116.0/src/toolbarlayoutdelegate.cpp
kirigami2-5.116.0/src/plugins.qmltypes
kirigami2-5.116.0/src/columnview.cpp
kirigami2-5.116.0/src/kirigamiplugin.cpp
kirigami2-5.116.0/src/avatar.cpp
kirigami2-5.116.0/src/styles/
kirigami2-5.116.0/src/styles/Material/
kirigami2-5.116.0/src/styles/Material/Label.qml
kirigami2-5.116.0/src/styles/Material/Theme.qml
kirigami2-5.116.0/src/styles/Material/AbstractListItem.qml
kirigami2-5.116.0/src/styles/Material/InlineMessage.qml
kirigami2-5.116.0/src/styles/Material/SwipeListItem.qml
kirigami2-5.116.0/src/styles/org.kde.desktop/
kirigami2-5.116.0/src/styles/org.kde.desktop/Theme.qml
kirigami2-5.116.0/src/styles/org.kde.desktop/AbstractApplicationHeader.qml
kirigami2-5.116.0/src/styles/org.kde.desktop/AbstractListItem.qml
kirigami2-5.116.0/src/styles/org.kde.desktop/SwipeListItem.qml
kirigami2-5.116.0/src/pagerouter.h
kirigami2-5.116.0/src/libkirigami/
kirigami2-5.116.0/src/libkirigami/styleselector.cpp
kirigami2-5.116.0/src/libkirigami/org.kde.KWin.VirtualKeyboard.xml
kirigami2-5.116.0/src/libkirigami/compatheader.h.in
kirigami2-5.116.0/src/libkirigami/platformtheme.h
kirigami2-5.116.0/src/libkirigami/units.cpp
kirigami2-5.116.0/src/libkirigami/basictheme_p.h
kirigami2-5.116.0/src/libkirigami/tabletmodewatcher.cpp
kirigami2-5.116.0/src/libkirigami/tabletmodewatcher.h
kirigami2-5.116.0/src/libkirigami/platformtheme.cpp
kirigami2-5.116.0/src/libkirigami/kirigamipluginfactory.cpp
kirigami2-5.116.0/src/libkirigami/virtualkeyboardwatcher.h
kirigami2-5.116.0/src/libkirigami/virtualkeyboardwatcher.cpp
kirigami2-5.116.0/src/libkirigami/styleselector_p.h
kirigami2-5.116.0/src/libkirigami/kirigamipluginfactory.h
kirigami2-5.116.0/src/libkirigami/CMakeLists.txt
kirigami2-5.116.0/src/libkirigami/basictheme.cpp
kirigami2-5.116.0/src/libkirigami/org.kde.KWin.TabletModeManager.xml
kirigami2-5.116.0/src/libkirigami/units.h
kirigami2-5.116.0/src/scenepositionattached.h
kirigami2-5.116.0/src/toolbarlayout.h
kirigami2-5.116.0/src/shadowedtexture.h
kirigami2-5.116.0/src/inputmethod.h
kirigami2-5.116.0/src/Messages.sh
kirigami2-5.116.0/src/mnemonicattached.h
kirigami2-5.116.0/src/pagepool.cpp
kirigami2-5.116.0/src/KF5Kirigami2-android-dependencies.xml
kirigami2-5.116.0/src/icon.cpp
kirigami2-5.116.0/src/controls/
kirigami2-5.116.0/src/controls/Heading.qml
kirigami2-5.116.0/src/controls/Dialog.qml
kirigami2-5.116.0/src/controls/Label.qml
kirigami2-5.116.0/src/controls/AboutItem.qml
kirigami2-5.116.0/src/controls/Separator.qml
kirigami2-5.116.0/src/controls/AbstractApplicationItem.qml
kirigami2-5.116.0/src/controls/ActionTextField.qml
kirigami2-5.116.0/src/controls/settingscomponents/
kirigami2-5.116.0/src/controls/settingscomponents/SettingAction.qml
kirigami2-5.116.0/src/controls/settingscomponents/CategorizedSettings.qml
kirigami2-5.116.0/src/controls/CardsLayout.qml
kirigami2-5.116.0/src/controls/ApplicationItem.qml
kirigami2-5.116.0/src/controls/templates/
kirigami2-5.116.0/src/controls/templates/SingletonHeaderSizeGroup.qml
kirigami2-5.116.0/src/controls/templates/OverlayDrawer.qml
kirigami2-5.116.0/src/controls/templates/qmldir
kirigami2-5.116.0/src/controls/templates/AbstractCard.qml
kirigami2-5.116.0/src/controls/templates/AbstractApplicationHeader.qml
kirigami2-5.116.0/src/controls/templates/OverlaySheet.qml
kirigami2-5.116.0/src/controls/templates/ApplicationHeader.qml
kirigami2-5.116.0/src/controls/templates/AbstractListItem.qml
kirigami2-5.116.0/src/controls/templates/AbstractChip.qml
kirigami2-5.116.0/src/controls/templates/InlineMessage.qml
kirigami2-5.116.0/src/controls/templates/private/
kirigami2-5.116.0/src/controls/templates/private/MenuIcon.qml
kirigami2-5.116.0/src/controls/templates/private/ContextIcon.qml
kirigami2-5.116.0/src/controls/templates/private/BackButton.qml
kirigami2-5.116.0/src/controls/templates/private/PassiveNotificationsManager.qml
kirigami2-5.116.0/src/controls/templates/private/GenericDrawerIcon.qml
kirigami2-5.116.0/src/controls/templates/private/BorderPropertiesGroup.qml
kirigami2-5.116.0/src/controls/templates/private/IconPropertiesGroup.qml
kirigami2-5.116.0/src/controls/templates/private/ForwardButton.qml
kirigami2-5.116.0/src/controls/templates/SwipeListItem.qml
kirigami2-5.116.0/src/controls/CardsListView.qml
kirigami2-5.116.0/src/controls/ScrollablePage.qml
kirigami2-5.116.0/src/controls/GlobalDrawer.qml
kirigami2-5.116.0/src/controls/BasicListItem.qml
kirigami2-5.116.0/src/controls/CardsGridView.qml
kirigami2-5.116.0/src/controls/Chip.qml
kirigami2-5.116.0/src/controls/ListItemDragHandle.qml
kirigami2-5.116.0/src/controls/ApplicationWindow.qml
kirigami2-5.116.0/src/controls/SelectableLabel.qml
kirigami2-5.116.0/src/controls/PageRow.qml
kirigami2-5.116.0/src/controls/AbstractApplicationWindow.qml
kirigami2-5.116.0/src/controls/FlexColumn.qml
kirigami2-5.116.0/src/controls/LinkButton.qml
kirigami2-5.116.0/src/controls/ToolBarApplicationHeader.qml
kirigami2-5.116.0/src/controls/NavigationTabButton.qml
kirigami2-5.116.0/src/controls/ContextDrawer.qml
kirigami2-5.116.0/src/controls/RouterWindow.qml
kirigami2-5.116.0/src/controls/UrlButton.qml
kirigami2-5.116.0/src/controls/AboutPage.qml
kirigami2-5.116.0/src/controls/OverlayDrawer.qml
kirigami2-5.116.0/src/controls/PasswordField.qml
kirigami2-5.116.0/src/controls/qmldir
kirigami2-5.116.0/src/controls/AbstractCard.qml
kirigami2-5.116.0/src/controls/AbstractApplicationHeader.qml
kirigami2-5.116.0/src/controls/swipenavigator/
kirigami2-5.116.0/src/controls/swipenavigator/SwipeNavigator.qml
kirigami2-5.116.0/src/controls/swipenavigator/PrivateSwipeTabBar.qml
kirigami2-5.116.0/src/controls/swipenavigator/templates/
kirigami2-5.116.0/src/controls/swipenavigator/templates/PageTab.qml
kirigami2-5.116.0/src/controls/swipenavigator/PrivateSwipeStack.qml
kirigami2-5.116.0/src/controls/swipenavigator/PrivateSwipeHighlight.qml
kirigami2-5.116.0/src/controls/swipenavigator/TabViewLayout.qml
kirigami2-5.116.0/src/controls/swipenavigator/PrivateSwipeProgress.qml
kirigami2-5.116.0/src/controls/swipenavigator/PageTab.qml
kirigami2-5.116.0/src/controls/swipenavigator/PrivateSwipeTab.qml
kirigami2-5.116.0/src/controls/OverlaySheet.qml
kirigami2-5.116.0/src/controls/ApplicationHeader.qml
kirigami2-5.116.0/src/controls/PlaceholderMessage.qml
kirigami2-5.116.0/src/controls/Card.qml
kirigami2-5.116.0/src/controls/PagePoolAction.qml
kirigami2-5.116.0/src/controls/ShadowedImage.qml
kirigami2-5.116.0/src/controls/AbstractItemViewHeader.qml
kirigami2-5.116.0/src/controls/NavigationTabBar.qml
kirigami2-5.116.0/src/controls/ActionToolBar.qml
kirigami2-5.116.0/src/controls/Action.qml
kirigami2-5.116.0/src/controls/ItemViewHeader.qml
kirigami2-5.116.0/src/controls/AbstractListItem.qml
kirigami2-5.116.0/src/controls/PromptDialog.qml
kirigami2-5.116.0/src/controls/FormLayout.qml
kirigami2-5.116.0/src/controls/AbstractChip.qml
kirigami2-5.116.0/src/controls/Page.qml
kirigami2-5.116.0/src/controls/InlineMessage.qml
kirigami2-5.116.0/src/controls/private/
kirigami2-5.116.0/src/controls/private/ActionIconGroup.qml
kirigami2-5.116.0/src/controls/private/DefaultChipBackground.qml
kirigami2-5.116.0/src/controls/private/PrivateActionToolButton.qml
kirigami2-5.116.0/src/controls/private/SwipeItemEventFilter.qml
kirigami2-5.116.0/src/controls/private/ActionButton.qml
kirigami2-5.116.0/src/controls/private/DefaultPageTitleDelegate.qml
kirigami2-5.116.0/src/controls/private/GlobalDrawerActionItem.qml
kirigami2-5.116.0/src/controls/private/CardsGridViewPrivate.qml
kirigami2-5.116.0/src/controls/private/EdgeShadow.qml
kirigami2-5.116.0/src/controls/private/ContextDrawerActionItem.qml
kirigami2-5.116.0/src/controls/private/ActionMenuItem.qml
kirigami2-5.116.0/src/controls/private/DefaultCardBackground.qml
kirigami2-5.116.0/src/controls/private/globaltoolbar/
kirigami2-5.116.0/src/controls/private/globaltoolbar/TabBarControl.qml
kirigami2-5.116.0/src/controls/private/globaltoolbar/AbstractPageHeader.qml
kirigami2-5.116.0/src/controls/private/globaltoolbar/TitlesPageHeader.qml
kirigami2-5.116.0/src/controls/private/globaltoolbar/PageRowGlobalToolBarStyleGroup.qml
kirigami2-5.116.0/src/controls/private/globaltoolbar/PageRowGlobalToolBarUI.qml
kirigami2-5.116.0/src/controls/private/globaltoolbar/ToolBarPageHeader.qml
kirigami2-5.116.0/src/controls/private/globaltoolbar/BreadcrumbControl.qml
kirigami2-5.116.0/src/controls/private/ActionsMenu.qml
kirigami2-5.116.0/src/controls/private/CornerShadow.qml
kirigami2-5.116.0/src/controls/private/PageActionPropertyGroup.qml
kirigami2-5.116.0/src/controls/private/BannerImage.qml
kirigami2-5.116.0/src/controls/private/DefaultListItemBackground.qml
kirigami2-5.116.0/src/controls/CheckableListItem.qml
kirigami2-5.116.0/src/controls/SwipeListItem.qml
kirigami2-5.116.0/src/controls/MenuDialog.qml
kirigami2-5.116.0/src/controls/Hero.qml
kirigami2-5.116.0/src/controls/SearchField.qml
kirigami2-5.116.0/src/controls/Avatar.qml
kirigami2-5.116.0/src/controls/ListSectionHeader.qml
kirigami2-5.116.0/src/controls/LoadingPlaceholder.qml
kirigami2-5.116.0/src/sizegroup.h
kirigami2-5.116.0/src/pagepool.h
kirigami2-5.116.0/src/icon.h
kirigami2-5.116.0/src/toolbarlayoutdelegate.h
kirigami2-5.116.0/src/mnemonicattached.cpp
kirigami2-5.116.0/src/avatar.h
kirigami2-5.116.0/src/formlayoutattached.cpp
kirigami2-5.116.0/src/delegaterecycler.cpp
kirigami2-5.116.0/src/imagecolors.cpp
kirigami2-5.116.0/src/columnview_p.h
kirigami2-5.116.0/src/inputmethod.cpp
kirigami2-5.116.0/src/kirigamiplugin.h
kirigami2-5.116.0/src/settings.cpp
kirigami2-5.116.0/src/spellcheckinghint.cpp
kirigami2-5.116.0/src/pagerouter.cpp
kirigami2-5.116.0/src/sizegroup.cpp
kirigami2-5.116.0/src/colorutils.h
kirigami2-5.116.0/src/imagecolors.h
kirigami2-5.116.0/src/CMakeLists.txt
kirigami2-5.116.0/src/scenegraph/
kirigami2-5.116.0/src/scenegraph/shadowedtexturematerial.h
kirigami2-5.116.0/src/scenegraph/shadowedrectanglematerial.h
kirigami2-5.116.0/src/scenegraph/paintedrectangleitem.h
kirigami2-5.116.0/src/scenegraph/paintedrectangleitem.cpp
kirigami2-5.116.0/src/scenegraph/shadowedrectanglenode.h
kirigami2-5.116.0/src/scenegraph/shadowedrectanglematerial.cpp
kirigami2-5.116.0/src/scenegraph/shadowedborderrectanglematerial.cpp
kirigami2-5.116.0/src/scenegraph/shaders6/
kirigami2-5.116.0/src/scenegraph/shaders6/shadowedrectangle.vert
kirigami2-5.116.0/src/scenegraph/shaders6/shadowedbordertexture.frag
kirigami2-5.116.0/src/scenegraph/shaders6/shadowedtexture.frag
kirigami2-5.116.0/src/scenegraph/shaders6/shadowedrectangle_lowpower.frag
kirigami2-5.116.0/src/scenegraph/shaders6/shadowedrectangle.frag
kirigami2-5.116.0/src/scenegraph/shaders6/sdf_lowpower.glsl
kirigami2-5.116.0/src/scenegraph/shaders6/sdf.glsl
kirigami2-5.116.0/src/scenegraph/shaders6/shadowedborderrectangle.frag
kirigami2-5.116.0/src/scenegraph/shaders6/shadowedborderrectangle_lowpower.frag
kirigami2-5.116.0/src/scenegraph/shaders6/CMakeLists.txt
kirigami2-5.116.0/src/scenegraph/shaders6/uniforms.glsl
kirigami2-5.116.0/src/scenegraph/shaders6/shadowedbordertexture_lowpower.frag
kirigami2-5.116.0/src/scenegraph/shaders6/shadowedtexture_lowpower.frag
kirigami2-5.116.0/src/scenegraph/shadowedbordertexturematerial.cpp
kirigami2-5.116.0/src/scenegraph/shadowedtexturenode.h
kirigami2-5.116.0/src/scenegraph/shadowedtexturenode.cpp
kirigami2-5.116.0/src/scenegraph/shadowedrectanglenode.cpp
kirigami2-5.116.0/src/scenegraph/shadowedtexturematerial.cpp
kirigami2-5.116.0/src/scenegraph/managedtexturenode.h
kirigami2-5.116.0/src/scenegraph/managedtexturenode.cpp
kirigami2-5.116.0/src/scenegraph/shadowedborderrectanglematerial.h
kirigami2-5.116.0/src/scenegraph/shadowedbordertexturematerial.h
kirigami2-5.116.0/src/scenegraph/shaders/
kirigami2-5.116.0/src/scenegraph/shaders/shadowedrectangle.vert
kirigami2-5.116.0/src/scenegraph/shaders/shadowedbordertexture.frag
kirigami2-5.116.0/src/scenegraph/shaders/shadowedtexture.frag
kirigami2-5.116.0/src/scenegraph/shaders/header_desktop.glsl
kirigami2-5.116.0/src/scenegraph/shaders/shadowedrectangle_lowpower.frag
kirigami2-5.116.0/src/scenegraph/shaders/shadowedrectangle.frag
kirigami2-5.116.0/src/scenegraph/shaders/shaders.qrc
kirigami2-5.116.0/src/scenegraph/shaders/header_es.glsl
kirigami2-5.116.0/src/scenegraph/shaders/sdf_lowpower.glsl
kirigami2-5.116.0/src/scenegraph/shaders/sdf.glsl
kirigami2-5.116.0/src/scenegraph/shaders/shadowedborderrectangle.frag
kirigami2-5.116.0/src/scenegraph/shaders/header_desktop_core.glsl
kirigami2-5.116.0/src/scenegraph/shaders/shadowedborderrectangle_lowpower.frag
kirigami2-5.116.0/src/scenegraph/shaders/shadowedbordertexture_lowpower.frag
kirigami2-5.116.0/src/scenegraph/shaders/shadowedtexture_lowpower.frag
kirigami2-5.116.0/src/formlayoutattached.h
kirigami2-5.116.0/src/delegaterecycler.h
kirigami2-5.116.0/src/spellcheckinghint.h
kirigami2-5.116.0/src/enums.h
kirigami2-5.116.0/.gitignore
kirigami2-5.116.0/metainfo.yaml
/home/omen/GITHUB/Athos/AthOS/REPO-AthOS/kirigami2/work
README or README.md already exists, skipping creation.
hm...lets continue and see what happens
-- The C compiler identification is GNU 14.3.0
-- The CXX compiler identification is GNU 14.3.0
-- Detecting C compiler ABI info
-- Detecting C compiler ABI info - done
-- Check for working C compiler: /usr/bin/cc - skipped
-- Detecting C compile features
-- Detecting C compile features - done
-- Detecting CXX compiler ABI info
-- Detecting CXX compiler ABI info - done
-- Check for working CXX compiler: /usr/bin/c++ - skipped
-- Detecting CXX compile features
-- Detecting CXX compile features - done
-- Installing in the same prefix as Qt, adopting their path scheme.
-- Looking for __GLIBC__
-- Looking for __GLIBC__ - found
-- Performing Test _OFFT_IS_64BIT
-- Performing Test _OFFT_IS_64BIT - Success
-- Performing Test HAVE_DATE_TIME
-- Performing Test HAVE_DATE_TIME - Success
-- Performing Test BSYMBOLICFUNCTIONS_AVAILABLE
-- Performing Test BSYMBOLICFUNCTIONS_AVAILABLE - Success
-- Found OpenMP_C: -fopenmp (found version "4.5")
-- Found OpenMP_CXX: -fopenmp (found version "4.5")
-- Found OpenMP: TRUE (found version "4.5")
-- Found QtGraphicalEffects-QMLModule: TRUE
-- Performing Test COMPILER_HAS_HIDDEN_VISIBILITY
-- Performing Test COMPILER_HAS_HIDDEN_VISIBILITY - Success
-- Performing Test COMPILER_HAS_HIDDEN_INLINE_VISIBILITY
-- Performing Test COMPILER_HAS_HIDDEN_INLINE_VISIBILITY - Success
-- Performing Test COMPILER_HAS_DEPRECATED_ATTR
-- Performing Test COMPILER_HAS_DEPRECATED_ATTR - Success
-- The following features have been enabled:

 * QtGuiOpenGL, QtGui built with support for OpenGL

-- The following RUNTIME packages have been found:

 * QtGraphicalEffects-QMLModule, QML module 'QtGraphicalEffects' is a runtime dependency.

-- The following OPTIONAL packages have been found:

 * Qt5Test (required version >= 5.15.17)
 * Qt5QuickTest (required version >= 5.15.2)
 * Qt5DBus
 * OpenMP, Multi-platform shared-memory parallel programming in C/C++ and Fortran
   Accelerates palette generation in Kirigami.ImageColors

-- The following REQUIRED packages have been found:

 * ECM (required version >= 5.116.0), Extra CMake Modules., <https://commits.kde.org/extra-cmake-modules>
 * Qt5Network (required version >= 5.15.17)
 * Qt5Qml (required version >= 5.15.17)
 * Qt5QmlModels (required version >= 5.15.17)
 * Qt5Quick
 * Qt5Gui
 * Qt5Widgets (required version >= 5.15.17)
 * Qt5Svg
 * Qt5QuickControls2
 * Qt5Concurrent
 * Qt5 (required version >= 5.15.2)
 * Qt5Core
 * Qt5LinguistTools

-- The following features have been disabled:

 * QCH, API documentation in QCH format (for e.g. Qt Assistant, Qt Creator & KDevelop)

-- Configuring done (1.2s)
-- Generating done (0.0s)
CMake Warning:
  Manually-specified variables were not used by the project:

    CMAKE_INSTALL_DOCDIR


-- Build files have been written to: /home/omen/GITHUB/Athos/AthOS/REPO-AthOS/kirigami2/work/kirigami2-5.116.0/build
[0/2] Re-checking globbed directories...
[1/109] Generating ECMPoQm/bg/libkirigami2plugin_qt.qm
[2/109] Generating ECMPoQm/ca/libkirigami2plugin_qt.qm
[3/109] Generating ECMPoQm/cs/libkirigami2plugin_qt.qm
[4/109] Generating ECMPoQm/eo/libkirigami2plugin_qt.qm
[5/109] Generating ECMPoQm/es/libkirigami2plugin_qt.qm
[6/109] Generating ECMPoQm/et/libkirigami2plugin_qt.qm
[7/109] Generating ECMPoQm/ca@valencia/libkirigami2plugin_qt.qm
[8/109] Generating ECMPoQm/da/libkirigami2plugin_qt.qm
[9/109] Generating ECMPoQm/eu/libkirigami2plugin_qt.qm
[10/109] Generating ECMPoQm/fi/libkirigami2plugin_qt.qm
[11/109] Generating ECMPoQm/ar/libkirigami2plugin_qt.qm
[12/109] Generating ECMPoQm/az/libkirigami2plugin_qt.qm
[13/109] Generating ECMPoQm/de/libkirigami2plugin_qt.qm
[14/109] Generating ECMPoQm/el/libkirigami2plugin_qt.qm
[15/109] Generating ECMPoQm/en_GB/libkirigami2plugin_qt.qm
[16/109] Generating ECMPoQm/fr/libkirigami2plugin_qt.qm
[17/109] Generating ECMPoQm/gl/libkirigami2plugin_qt.qm
[18/109] Generating ECMPoQm/hi/libkirigami2plugin_qt.qm
[19/109] Generating ECMPoQm/hu/libkirigami2plugin_qt.qm
[20/109] Generating ECMPoQm/ia/libkirigami2plugin_qt.qm
[21/109] Generating ECMPoQm/id/libkirigami2plugin_qt.qm
[22/109] Generating ECMPoQm/it/libkirigami2plugin_qt.qm
[23/109] Generating ECMPoQm/ko/libkirigami2plugin_qt.qm
[24/109] Generating ECMPoQm/nl/libkirigami2plugin_qt.qm
[25/109] Generating ECMPoQm/ja/libkirigami2plugin_qt.qm
[26/109] Generating ECMPoQm/lt/libkirigami2plugin_qt.qm
[27/109] Generating ECMPoQm/ml/libkirigami2plugin_qt.qm
[28/109] Generating ECMPoQm/ka/libkirigami2plugin_qt.qm
[29/109] Generating ECMPoQm/nn/libkirigami2plugin_qt.qm
[30/109] Generating ECMPoQm/pa/libkirigami2plugin_qt.qm
[31/109] Generating ECMPoQm/pt_BR/libkirigami2plugin_qt.qm
[32/109] Generating ECMPoQm/pl/libkirigami2plugin_qt.qm
[33/109] Generating ECMPoQm/ru/libkirigami2plugin_qt.qm
[34/109] Generating ECMPoQm/sl/libkirigami2plugin_qt.qm
[35/109] Generating ECMPoQm/sr/libkirigami2plugin_qt.qm
[36/109] Generating ECMPoQm/ro/libkirigami2plugin_qt.qm
[37/109] Generating ECMPoQm/sr@ijekavianlatin/libkirigami2plugin_qt.qm
[38/109] Generating ECMPoQm/sr@ijekavian/libkirigami2plugin_qt.qm
[39/109] Generating ECMPoQm/sr@latin/libkirigami2plugin_qt.qm
[40/109] Generating ECMPoQm/sv/libkirigami2plugin_qt.qm
[41/109] Generating ECMPoQm/ta/libkirigami2plugin_qt.qm
[42/109] Generating ECMPoQm/zh_CN/libkirigami2plugin_qt.qm
[43/109] Generating ECMPoQm/tg/libkirigami2plugin_qt.qm
[44/109] Generating ECMPoQm/tr/libkirigami2plugin_qt.qm
[45/109] Generating ECMPoQm/pt/libkirigami2plugin_qt.qm
[46/109] Generating ECMPoQm/uk/libkirigami2plugin_qt.qm
[47/109] Generating ECMPoQm/zh_TW/libkirigami2plugin_qt.qm
[48/109] Generating ECMPoQm/sk/libkirigami2plugin_qt.qm
[49/109] Generating kirigami.tar.bz2
[50/109] Automatic MOC for target KF5Kirigami2
[51/109] Generating tabletmodemanager_interface.cpp, tabletmodemanager_interface.h
[52/109] Generating virtualkeyboard_interface.cpp, virtualkeyboard_interface.h
[53/109] Generating tabletmodemanager_interface.moc
[54/109] Generating virtualkeyboard_interface.moc
[55/109] Building CXX object src/libkirigami/CMakeFiles/KF5Kirigami2.dir/KF5Kirigami2_autogen/mocs_compilation.cpp.o
[56/109] Automatic MOC for target qmltest
[57/109] Building CXX object autotests/CMakeFiles/qmltest.dir/qmltest_autogen/mocs_compilation.cpp.o
[58/109] Building CXX object src/libkirigami/CMakeFiles/KF5Kirigami2.dir/units.cpp.o
[59/109] Building CXX object src/libkirigami/CMakeFiles/KF5Kirigami2.dir/loggingcategory.cpp.o
[60/109] Building CXX object src/libkirigami/CMakeFiles/KF5Kirigami2.dir/styleselector.cpp.o
[61/109] Building CXX object src/libkirigami/CMakeFiles/KF5Kirigami2.dir/virtualkeyboard_interface.cpp.o
[62/109] Building CXX object src/libkirigami/CMakeFiles/KF5Kirigami2.dir/tabletmodemanager_interface.cpp.o
[63/109] Building CXX object src/libkirigami/CMakeFiles/KF5Kirigami2.dir/kirigamipluginfactory.cpp.o
[64/109] Building CXX object src/libkirigami/CMakeFiles/KF5Kirigami2.dir/tabletmodewatcher.cpp.o
[65/109] Building CXX object src/libkirigami/CMakeFiles/KF5Kirigami2.dir/basictheme.cpp.o
[66/109] Building CXX object src/libkirigami/CMakeFiles/KF5Kirigami2.dir/virtualkeyboardwatcher.cpp.o
[67/109] Building CXX object src/libkirigami/CMakeFiles/KF5Kirigami2.dir/platformtheme.cpp.o
[68/109] Linking CXX shared library bin/libKF5Kirigami2.so.5.116.0
[69/109] Creating library symlink bin/libKF5Kirigami2.so.5 bin/libKF5Kirigami2.so
[70/109] Automatic MOC for target KirigamiPlugin
AutoMoc: /home/omen/GITHUB/Athos/AthOS/REPO-AthOS/kirigami2/work/kirigami2-5.116.0/src/shadowedrectangle.h:276: Warning: Property declaration renderType is both WRITEable and CONSTANT. CONSTANT will be ignored.
[71/109] Automatic RCC for scenegraph/shaders/shaders.qrc
[72/109] Building CXX object src/CMakeFiles/KirigamiPlugin.dir/KirigamiPlugin_autogen/mocs_compilation.cpp.o
[73/109] Building CXX object autotests/CMakeFiles/qmltest.dir/qmltest.cpp.o
[74/109] Building CXX object src/CMakeFiles/KirigamiPlugin.dir/enums.cpp.o
[75/109] Building CXX object src/CMakeFiles/KirigamiPlugin.dir/ECMQmLoader-libkirigami2plugin_qt.cpp.o
[76/109] Building CXX object src/CMakeFiles/KirigamiPlugin.dir/toolbarlayoutdelegate.cpp.o
[77/109] Building CXX object src/CMakeFiles/KirigamiPlugin.dir/scenepositionattached.cpp.o
[78/109] Building CXX object src/CMakeFiles/KirigamiPlugin.dir/shadowedtexture.cpp.o
[79/109] Building CXX object src/CMakeFiles/KirigamiPlugin.dir/sizegroup.cpp.o
[80/109] Building CXX object src/CMakeFiles/KirigamiPlugin.dir/spellcheckinghint.cpp.o
[81/109] Building CXX object src/CMakeFiles/KirigamiPlugin.dir/formlayoutattached.cpp.o
[82/109] Building CXX object src/CMakeFiles/KirigamiPlugin.dir/avatar.cpp.o
[83/109] Building CXX object src/CMakeFiles/KirigamiPlugin.dir/settings.cpp.o
[84/109] Building CXX object src/CMakeFiles/KirigamiPlugin.dir/delegaterecycler.cpp.o
[85/109] Building CXX object src/CMakeFiles/KirigamiPlugin.dir/colorutils.cpp.o
[86/109] Building CXX object src/CMakeFiles/KirigamiPlugin.dir/KirigamiPlugin_autogen/ZJW3U7FZZD/qrc_shaders.cpp.o
[87/109] Building CXX object src/CMakeFiles/KirigamiPlugin.dir/inputmethod.cpp.o
[88/109] Building CXX object src/CMakeFiles/KirigamiPlugin.dir/libkirigami/loggingcategory.cpp.o
[89/109] Building CXX object src/CMakeFiles/KirigamiPlugin.dir/pagepool.cpp.o
[90/109] Building CXX object src/CMakeFiles/KirigamiPlugin.dir/mnemonicattached.cpp.o
[91/109] Building CXX object src/CMakeFiles/KirigamiPlugin.dir/shadowedrectangle.cpp.o
[92/109] Linking CXX executable bin/qmltest
[93/109] Building CXX object src/CMakeFiles/KirigamiPlugin.dir/icon.cpp.o
[94/109] Building CXX object src/CMakeFiles/KirigamiPlugin.dir/scenegraph/shadowedborderrectanglematerial.cpp.o
[95/109] Building CXX object src/CMakeFiles/KirigamiPlugin.dir/scenegraph/shadowedbordertexturematerial.cpp.o
[96/109] Building CXX object src/CMakeFiles/KirigamiPlugin.dir/scenegraph/paintedrectangleitem.cpp.o
[97/109] Building CXX object src/CMakeFiles/KirigamiPlugin.dir/wheelhandler.cpp.o
[98/109] Building CXX object src/CMakeFiles/KirigamiPlugin.dir/toolbarlayout.cpp.o
[99/109] Building CXX object src/CMakeFiles/KirigamiPlugin.dir/scenegraph/shadowedrectanglenode.cpp.o
[100/109] Building CXX object src/CMakeFiles/KirigamiPlugin.dir/scenegraph/shadowedrectanglematerial.cpp.o
[101/109] Building CXX object src/CMakeFiles/KirigamiPlugin.dir/scenegraph/shadowedtexturematerial.cpp.o
[102/109] Building CXX object src/CMakeFiles/KirigamiPlugin.dir/scenegraph/shadowedtexturenode.cpp.o
[103/109] Building CXX object src/CMakeFiles/KirigamiPlugin.dir/scenegraph/managedtexturenode.cpp.o
[104/109] Building CXX object src/CMakeFiles/KirigamiPlugin.dir/imagecolors.cpp.o
[105/109] Building CXX object src/CMakeFiles/KirigamiPlugin.dir/columnview.cpp.o
[106/109] Building CXX object src/CMakeFiles/KirigamiPlugin.dir/pagerouter.cpp.o
[107/109] Building CXX object src/CMakeFiles/KirigamiPlugin.dir/kirigamiplugin.cpp.o
[108/109] Linking CXX shared library bin/libKirigamiPlugin.so
-- Install configuration: "RelWithDebInfo"
-- Installing: /home/omen/GITHUB/Athos/AthOS/REPO-AthOS/kirigami2/package-kirigami2/usr/lib64/cmake/KF5Kirigami2/KF5Kirigami2Config.cmake
-- Installing: /home/omen/GITHUB/Athos/AthOS/REPO-AthOS/kirigami2/package-kirigami2/usr/lib64/cmake/KF5Kirigami2/KF5Kirigami2ConfigVersion.cmake
-- Installing: /home/omen/GITHUB/Athos/AthOS/REPO-AthOS/kirigami2/package-kirigami2/usr/lib64/cmake/KF5Kirigami2/KF5Kirigami2Macros.cmake
-- Installing: /home/omen/GITHUB/Athos/AthOS/REPO-AthOS/kirigami2/package-kirigami2/usr/lib64/cmake/KF5Kirigami2/KF5Kirigami2Targets.cmake
-- Installing: /home/omen/GITHUB/Athos/AthOS/REPO-AthOS/kirigami2/package-kirigami2/usr/lib64/cmake/KF5Kirigami2/KF5Kirigami2Targets-relwithdebinfo.cmake
-- Installing: /home/omen/GITHUB/Athos/AthOS/REPO-AthOS/kirigami2/package-kirigami2/usr/lib64/libKF5Kirigami2.so.5.116.0
-- Installing: /home/omen/GITHUB/Athos/AthOS/REPO-AthOS/kirigami2/package-kirigami2/usr/lib64/libKF5Kirigami2.so.5
-- Installing: /home/omen/GITHUB/Athos/AthOS/REPO-AthOS/kirigami2/package-kirigami2/usr/lib64/libKF5Kirigami2.so
-- Installing: /home/omen/GITHUB/Athos/AthOS/REPO-AthOS/kirigami2/package-kirigami2/usr/include/KF5/Kirigami2/kirigami/platformtheme.h
-- Installing: /home/omen/GITHUB/Athos/AthOS/REPO-AthOS/kirigami2/package-kirigami2/usr/include/KF5/Kirigami2/kirigami/kirigamipluginfactory.h
-- Installing: /home/omen/GITHUB/Athos/AthOS/REPO-AthOS/kirigami2/package-kirigami2/usr/include/KF5/Kirigami2/kirigami/tabletmodewatcher.h
-- Installing: /home/omen/GITHUB/Athos/AthOS/REPO-AthOS/kirigami2/package-kirigami2/usr/include/KF5/Kirigami2/kirigami/units.h
-- Installing: /home/omen/GITHUB/Athos/AthOS/REPO-AthOS/kirigami2/package-kirigami2/usr/include/KF5/Kirigami2/kirigami/virtualkeyboardwatcher.h
-- Installing: /home/omen/GITHUB/Athos/AthOS/REPO-AthOS/kirigami2/package-kirigami2/usr/include/KF5/Kirigami2/kirigami/kirigami2_export.h
-- Installing: /home/omen/GITHUB/Athos/AthOS/REPO-AthOS/kirigami2/package-kirigami2/usr/include/KF5/Kirigami2/Kirigami/PlatformTheme
-- Installing: /home/omen/GITHUB/Athos/AthOS/REPO-AthOS/kirigami2/package-kirigami2/usr/include/KF5/Kirigami2/Kirigami/KirigamiPluginFactory
-- Installing: /home/omen/GITHUB/Athos/AthOS/REPO-AthOS/kirigami2/package-kirigami2/usr/include/KF5/Kirigami2/Kirigami/TabletModeWatcher
-- Installing: /home/omen/GITHUB/Athos/AthOS/REPO-AthOS/kirigami2/package-kirigami2/usr/include/KF5/Kirigami2/Kirigami/Units
-- Installing: /home/omen/GITHUB/Athos/AthOS/REPO-AthOS/kirigami2/package-kirigami2/usr/include/KF5/Kirigami2/Kirigami/VirtualKeyboardWatcher
-- Installing: /home/omen/GITHUB/Athos/AthOS/REPO-AthOS/kirigami2/package-kirigami2/usr/include/KF5/Kirigami2/platformtheme.h
-- Installing: /home/omen/GITHUB/Athos/AthOS/REPO-AthOS/kirigami2/package-kirigami2/usr/include/KF5/Kirigami2/PlatformTheme
-- Installing: /home/omen/GITHUB/Athos/AthOS/REPO-AthOS/kirigami2/package-kirigami2/usr/include/KF5/Kirigami2/kirigamipluginfactory.h
-- Installing: /home/omen/GITHUB/Athos/AthOS/REPO-AthOS/kirigami2/package-kirigami2/usr/include/KF5/Kirigami2/KirigamiPluginFactory
-- Installing: /home/omen/GITHUB/Athos/AthOS/REPO-AthOS/kirigami2/package-kirigami2/usr/include/KF5/Kirigami2/tabletmodewatcher.h
-- Installing: /home/omen/GITHUB/Athos/AthOS/REPO-AthOS/kirigami2/package-kirigami2/usr/include/KF5/Kirigami2/TabletModeWatcher
-- Installing: /home/omen/GITHUB/Athos/AthOS/REPO-AthOS/kirigami2/package-kirigami2/usr/include/KF5/Kirigami2/units.h
-- Installing: /home/omen/GITHUB/Athos/AthOS/REPO-AthOS/kirigami2/package-kirigami2/usr/include/KF5/Kirigami2/Units
-- Installing: /home/omen/GITHUB/Athos/AthOS/REPO-AthOS/kirigami2/package-kirigami2/usr/lib64/qt5/mkspecs/modules/qt_Kirigami2.pri
-- Installing: /home/omen/GITHUB/Athos/AthOS/REPO-AthOS/kirigami2/package-kirigami2/usr/lib64/qt5/qml/org/kde/kirigami.2/qmldir
-- Installing: /home/omen/GITHUB/Athos/AthOS/REPO-AthOS/kirigami2/package-kirigami2/usr/lib64/qt5/qml/org/kde/kirigami.2/libKirigamiPlugin.so
-- Set non-toolchain portion of runtime path of "/home/omen/GITHUB/Athos/AthOS/REPO-AthOS/kirigami2/package-kirigami2/usr/lib64/qt5/qml/org/kde/kirigami.2/libKirigamiPlugin.so" to ""
-- Installing: /home/omen/GITHUB/Athos/AthOS/REPO-AthOS/kirigami2/package-kirigami2/usr/lib64/qt5/qml/org/kde/kirigami.2/Action.qml
-- Installing: /home/omen/GITHUB/Athos/AthOS/REPO-AthOS/kirigami2/package-kirigami2/usr/lib64/qt5/qml/org/kde/kirigami.2/AbstractApplicationHeader.qml
-- Installing: /home/omen/GITHUB/Athos/AthOS/REPO-AthOS/kirigami2/package-kirigami2/usr/lib64/qt5/qml/org/kde/kirigami.2/AbstractApplicationWindow.qml
-- Installing: /home/omen/GITHUB/Athos/AthOS/REPO-AthOS/kirigami2/package-kirigami2/usr/lib64/qt5/qml/org/kde/kirigami.2/AbstractListItem.qml
-- Installing: /home/omen/GITHUB/Athos/AthOS/REPO-AthOS/kirigami2/package-kirigami2/usr/lib64/qt5/qml/org/kde/kirigami.2/ApplicationHeader.qml
-- Installing: /home/omen/GITHUB/Athos/AthOS/REPO-AthOS/kirigami2/package-kirigami2/usr/lib64/qt5/qml/org/kde/kirigami.2/ToolBarApplicationHeader.qml
-- Installing: /home/omen/GITHUB/Athos/AthOS/REPO-AthOS/kirigami2/package-kirigami2/usr/lib64/qt5/qml/org/kde/kirigami.2/ApplicationWindow.qml
-- Installing: /home/omen/GITHUB/Athos/AthOS/REPO-AthOS/kirigami2/package-kirigami2/usr/lib64/qt5/qml/org/kde/kirigami.2/BasicListItem.qml
-- Installing: /home/omen/GITHUB/Athos/AthOS/REPO-AthOS/kirigami2/package-kirigami2/usr/lib64/qt5/qml/org/kde/kirigami.2/OverlayDrawer.qml
-- Installing: /home/omen/GITHUB/Athos/AthOS/REPO-AthOS/kirigami2/package-kirigami2/usr/lib64/qt5/qml/org/kde/kirigami.2/ContextDrawer.qml
-- Installing: /home/omen/GITHUB/Athos/AthOS/REPO-AthOS/kirigami2/package-kirigami2/usr/lib64/qt5/qml/org/kde/kirigami.2/GlobalDrawer.qml
-- Installing: /home/omen/GITHUB/Athos/AthOS/REPO-AthOS/kirigami2/package-kirigami2/usr/lib64/qt5/qml/org/kde/kirigami.2/Heading.qml
-- Installing: /home/omen/GITHUB/Athos/AthOS/REPO-AthOS/kirigami2/package-kirigami2/usr/lib64/qt5/qml/org/kde/kirigami.2/Separator.qml
-- Installing: /home/omen/GITHUB/Athos/AthOS/REPO-AthOS/kirigami2/package-kirigami2/usr/lib64/qt5/qml/org/kde/kirigami.2/PageRow.qml
-- Installing: /home/omen/GITHUB/Athos/AthOS/REPO-AthOS/kirigami2/package-kirigami2/usr/lib64/qt5/qml/org/kde/kirigami.2/Label.qml
-- Installing: /home/omen/GITHUB/Athos/AthOS/REPO-AthOS/kirigami2/package-kirigami2/usr/lib64/qt5/qml/org/kde/kirigami.2/OverlaySheet.qml
-- Installing: /home/omen/GITHUB/Athos/AthOS/REPO-AthOS/kirigami2/package-kirigami2/usr/lib64/qt5/qml/org/kde/kirigami.2/Page.qml
-- Installing: /home/omen/GITHUB/Athos/AthOS/REPO-AthOS/kirigami2/package-kirigami2/usr/lib64/qt5/qml/org/kde/kirigami.2/ScrollablePage.qml
-- Installing: /home/omen/GITHUB/Athos/AthOS/REPO-AthOS/kirigami2/package-kirigami2/usr/lib64/qt5/qml/org/kde/kirigami.2/SwipeListItem.qml
-- Installing: /home/omen/GITHUB/Athos/AthOS/REPO-AthOS/kirigami2/package-kirigami2/usr/lib64/qt5/qml/org/kde/kirigami.2/AbstractItemViewHeader.qml
-- Installing: /home/omen/GITHUB/Athos/AthOS/REPO-AthOS/kirigami2/package-kirigami2/usr/lib64/qt5/qml/org/kde/kirigami.2/ItemViewHeader.qml
-- Installing: /home/omen/GITHUB/Athos/AthOS/REPO-AthOS/kirigami2/package-kirigami2/usr/lib64/qt5/qml/org/kde/kirigami.2/AbstractApplicationItem.qml
-- Installing: /home/omen/GITHUB/Athos/AthOS/REPO-AthOS/kirigami2/package-kirigami2/usr/lib64/qt5/qml/org/kde/kirigami.2/ApplicationItem.qml
-- Installing: /home/omen/GITHUB/Athos/AthOS/REPO-AthOS/kirigami2/package-kirigami2/usr/lib64/qt5/qml/org/kde/kirigami.2/FormLayout.qml
-- Installing: /home/omen/GITHUB/Athos/AthOS/REPO-AthOS/kirigami2/package-kirigami2/usr/lib64/qt5/qml/org/kde/kirigami.2/AbstractCard.qml
-- Installing: /home/omen/GITHUB/Athos/AthOS/REPO-AthOS/kirigami2/package-kirigami2/usr/lib64/qt5/qml/org/kde/kirigami.2/Card.qml
-- Installing: /home/omen/GITHUB/Athos/AthOS/REPO-AthOS/kirigami2/package-kirigami2/usr/lib64/qt5/qml/org/kde/kirigami.2/CardsListView.qml
-- Installing: /home/omen/GITHUB/Athos/AthOS/REPO-AthOS/kirigami2/package-kirigami2/usr/lib64/qt5/qml/org/kde/kirigami.2/CardsGridView.qml
-- Installing: /home/omen/GITHUB/Athos/AthOS/REPO-AthOS/kirigami2/package-kirigami2/usr/lib64/qt5/qml/org/kde/kirigami.2/CardsLayout.qml
-- Installing: /home/omen/GITHUB/Athos/AthOS/REPO-AthOS/kirigami2/package-kirigami2/usr/lib64/qt5/qml/org/kde/kirigami.2/InlineMessage.qml
-- Installing: /home/omen/GITHUB/Athos/AthOS/REPO-AthOS/kirigami2/package-kirigami2/usr/lib64/qt5/qml/org/kde/kirigami.2/ListItemDragHandle.qml
-- Installing: /home/omen/GITHUB/Athos/AthOS/REPO-AthOS/kirigami2/package-kirigami2/usr/lib64/qt5/qml/org/kde/kirigami.2/ActionToolBar.qml
-- Installing: /home/omen/GITHUB/Athos/AthOS/REPO-AthOS/kirigami2/package-kirigami2/usr/lib64/qt5/qml/org/kde/kirigami.2/AboutPage.qml
-- Installing: /home/omen/GITHUB/Athos/AthOS/REPO-AthOS/kirigami2/package-kirigami2/usr/lib64/qt5/qml/org/kde/kirigami.2/LinkButton.qml
-- Installing: /home/omen/GITHUB/Athos/AthOS/REPO-AthOS/kirigami2/package-kirigami2/usr/lib64/qt5/qml/org/kde/kirigami.2/UrlButton.qml
-- Installing: /home/omen/GITHUB/Athos/AthOS/REPO-AthOS/kirigami2/package-kirigami2/usr/lib64/qt5/qml/org/kde/kirigami.2/ActionTextField.qml
-- Installing: /home/omen/GITHUB/Athos/AthOS/REPO-AthOS/kirigami2/package-kirigami2/usr/lib64/qt5/qml/org/kde/kirigami.2/SearchField.qml
-- Installing: /home/omen/GITHUB/Athos/AthOS/REPO-AthOS/kirigami2/package-kirigami2/usr/lib64/qt5/qml/org/kde/kirigami.2/PasswordField.qml
-- Installing: /home/omen/GITHUB/Athos/AthOS/REPO-AthOS/kirigami2/package-kirigami2/usr/lib64/qt5/qml/org/kde/kirigami.2/ListSectionHeader.qml
-- Installing: /home/omen/GITHUB/Athos/AthOS/REPO-AthOS/kirigami2/package-kirigami2/usr/lib64/qt5/qml/org/kde/kirigami.2/PagePoolAction.qml
-- Installing: /home/omen/GITHUB/Athos/AthOS/REPO-AthOS/kirigami2/package-kirigami2/usr/lib64/qt5/qml/org/kde/kirigami.2/ShadowedImage.qml
-- Installing: /home/omen/GITHUB/Athos/AthOS/REPO-AthOS/kirigami2/package-kirigami2/usr/lib64/qt5/qml/org/kde/kirigami.2/PlaceholderMessage.qml
-- Installing: /home/omen/GITHUB/Athos/AthOS/REPO-AthOS/kirigami2/package-kirigami2/usr/lib64/qt5/qml/org/kde/kirigami.2/RouterWindow.qml
-- Installing: /home/omen/GITHUB/Athos/AthOS/REPO-AthOS/kirigami2/package-kirigami2/usr/lib64/qt5/qml/org/kde/kirigami.2/Avatar.qml
-- Installing: /home/omen/GITHUB/Athos/AthOS/REPO-AthOS/kirigami2/package-kirigami2/usr/lib64/qt5/qml/org/kde/kirigami.2/swipenavigator/SwipeNavigator.qml
-- Installing: /home/omen/GITHUB/Athos/AthOS/REPO-AthOS/kirigami2/package-kirigami2/usr/lib64/qt5/qml/org/kde/kirigami.2/FlexColumn.qml
-- Installing: /home/omen/GITHUB/Athos/AthOS/REPO-AthOS/kirigami2/package-kirigami2/usr/lib64/qt5/qml/org/kde/kirigami.2/CheckableListItem.qml
-- Installing: /home/omen/GITHUB/Athos/AthOS/REPO-AthOS/kirigami2/package-kirigami2/usr/lib64/qt5/qml/org/kde/kirigami.2/Hero.qml
-- Installing: /home/omen/GITHUB/Athos/AthOS/REPO-AthOS/kirigami2/package-kirigami2/usr/lib64/qt5/qml/org/kde/kirigami.2/swipenavigator/TabViewLayout.qml
-- Installing: /home/omen/GITHUB/Athos/AthOS/REPO-AthOS/kirigami2/package-kirigami2/usr/lib64/qt5/qml/org/kde/kirigami.2/swipenavigator/PageTab.qml
-- Installing: /home/omen/GITHUB/Athos/AthOS/REPO-AthOS/kirigami2/package-kirigami2/usr/lib64/qt5/qml/org/kde/kirigami.2/settingscomponents/CategorizedSettings.qml
-- Installing: /home/omen/GITHUB/Athos/AthOS/REPO-AthOS/kirigami2/package-kirigami2/usr/lib64/qt5/qml/org/kde/kirigami.2/settingscomponents/SettingAction.qml
-- Installing: /home/omen/GITHUB/Athos/AthOS/REPO-AthOS/kirigami2/package-kirigami2/usr/lib64/qt5/qml/org/kde/kirigami.2/AboutItem.qml
-- Installing: /home/omen/GITHUB/Athos/AthOS/REPO-AthOS/kirigami2/package-kirigami2/usr/lib64/qt5/qml/org/kde/kirigami.2/NavigationTabBar.qml
-- Installing: /home/omen/GITHUB/Athos/AthOS/REPO-AthOS/kirigami2/package-kirigami2/usr/lib64/qt5/qml/org/kde/kirigami.2/NavigationTabButton.qml
-- Installing: /home/omen/GITHUB/Athos/AthOS/REPO-AthOS/kirigami2/package-kirigami2/usr/lib64/qt5/qml/org/kde/kirigami.2/Dialog.qml
-- Installing: /home/omen/GITHUB/Athos/AthOS/REPO-AthOS/kirigami2/package-kirigami2/usr/lib64/qt5/qml/org/kde/kirigami.2/MenuDialog.qml
-- Installing: /home/omen/GITHUB/Athos/AthOS/REPO-AthOS/kirigami2/package-kirigami2/usr/lib64/qt5/qml/org/kde/kirigami.2/PromptDialog.qml
-- Installing: /home/omen/GITHUB/Athos/AthOS/REPO-AthOS/kirigami2/package-kirigami2/usr/lib64/qt5/qml/org/kde/kirigami.2/AbstractChip.qml
-- Installing: /home/omen/GITHUB/Athos/AthOS/REPO-AthOS/kirigami2/package-kirigami2/usr/lib64/qt5/qml/org/kde/kirigami.2/Chip.qml
-- Installing: /home/omen/GITHUB/Athos/AthOS/REPO-AthOS/kirigami2/package-kirigami2/usr/lib64/qt5/qml/org/kde/kirigami.2/LoadingPlaceholder.qml
-- Installing: /home/omen/GITHUB/Athos/AthOS/REPO-AthOS/kirigami2/package-kirigami2/usr/lib64/qt5/qml/org/kde/kirigami.2/SelectableLabel.qml
-- Installing: /home/omen/GITHUB/Athos/AthOS/REPO-AthOS/kirigami2/package-kirigami2/usr/lib64/qt5/qml/org/kde/kirigami.2/private/ActionButton.qml
-- Installing: /home/omen/GITHUB/Athos/AthOS/REPO-AthOS/kirigami2/package-kirigami2/usr/lib64/qt5/qml/org/kde/kirigami.2/private/ActionIconGroup.qml
-- Installing: /home/omen/GITHUB/Athos/AthOS/REPO-AthOS/kirigami2/package-kirigami2/usr/lib64/qt5/qml/org/kde/kirigami.2/private/ActionMenuItem.qml
-- Installing: /home/omen/GITHUB/Athos/AthOS/REPO-AthOS/kirigami2/package-kirigami2/usr/lib64/qt5/qml/org/kde/kirigami.2/private/ActionsMenu.qml
-- Installing: /home/omen/GITHUB/Athos/AthOS/REPO-AthOS/kirigami2/package-kirigami2/usr/lib64/qt5/qml/org/kde/kirigami.2/private/BannerImage.qml
-- Installing: /home/omen/GITHUB/Athos/AthOS/REPO-AthOS/kirigami2/package-kirigami2/usr/lib64/qt5/qml/org/kde/kirigami.2/private/CardsGridViewPrivate.qml
-- Installing: /home/omen/GITHUB/Athos/AthOS/REPO-AthOS/kirigami2/package-kirigami2/usr/lib64/qt5/qml/org/kde/kirigami.2/private/ContextDrawerActionItem.qml
-- Installing: /home/omen/GITHUB/Athos/AthOS/REPO-AthOS/kirigami2/package-kirigami2/usr/lib64/qt5/qml/org/kde/kirigami.2/private/CornerShadow.qml
-- Installing: /home/omen/GITHUB/Athos/AthOS/REPO-AthOS/kirigami2/package-kirigami2/usr/lib64/qt5/qml/org/kde/kirigami.2/private/DefaultCardBackground.qml
-- Installing: /home/omen/GITHUB/Athos/AthOS/REPO-AthOS/kirigami2/package-kirigami2/usr/lib64/qt5/qml/org/kde/kirigami.2/private/DefaultChipBackground.qml
-- Installing: /home/omen/GITHUB/Athos/AthOS/REPO-AthOS/kirigami2/package-kirigami2/usr/lib64/qt5/qml/org/kde/kirigami.2/private/DefaultListItemBackground.qml
-- Installing: /home/omen/GITHUB/Athos/AthOS/REPO-AthOS/kirigami2/package-kirigami2/usr/lib64/qt5/qml/org/kde/kirigami.2/private/DefaultPageTitleDelegate.qml
-- Installing: /home/omen/GITHUB/Athos/AthOS/REPO-AthOS/kirigami2/package-kirigami2/usr/lib64/qt5/qml/org/kde/kirigami.2/private/EdgeShadow.qml
-- Installing: /home/omen/GITHUB/Athos/AthOS/REPO-AthOS/kirigami2/package-kirigami2/usr/lib64/qt5/qml/org/kde/kirigami.2/private/GlobalDrawerActionItem.qml
-- Installing: /home/omen/GITHUB/Athos/AthOS/REPO-AthOS/kirigami2/package-kirigami2/usr/lib64/qt5/qml/org/kde/kirigami.2/private/PageActionPropertyGroup.qml
-- Installing: /home/omen/GITHUB/Athos/AthOS/REPO-AthOS/kirigami2/package-kirigami2/usr/lib64/qt5/qml/org/kde/kirigami.2/private/PrivateActionToolButton.qml
-- Installing: /home/omen/GITHUB/Athos/AthOS/REPO-AthOS/kirigami2/package-kirigami2/usr/lib64/qt5/qml/org/kde/kirigami.2/private/SwipeItemEventFilter.qml
-- Installing: /home/omen/GITHUB/Athos/AthOS/REPO-AthOS/kirigami2/package-kirigami2/usr/lib64/qt5/qml/org/kde/kirigami.2/private/globaltoolbar/AbstractPageHeader.qml
-- Installing: /home/omen/GITHUB/Athos/AthOS/REPO-AthOS/kirigami2/package-kirigami2/usr/lib64/qt5/qml/org/kde/kirigami.2/private/globaltoolbar/BreadcrumbControl.qml
-- Installing: /home/omen/GITHUB/Athos/AthOS/REPO-AthOS/kirigami2/package-kirigami2/usr/lib64/qt5/qml/org/kde/kirigami.2/private/globaltoolbar/PageRowGlobalToolBarStyleGroup.qml
-- Installing: /home/omen/GITHUB/Athos/AthOS/REPO-AthOS/kirigami2/package-kirigami2/usr/lib64/qt5/qml/org/kde/kirigami.2/private/globaltoolbar/PageRowGlobalToolBarUI.qml
-- Installing: /home/omen/GITHUB/Athos/AthOS/REPO-AthOS/kirigami2/package-kirigami2/usr/lib64/qt5/qml/org/kde/kirigami.2/private/globaltoolbar/TabBarControl.qml
-- Installing: /home/omen/GITHUB/Athos/AthOS/REPO-AthOS/kirigami2/package-kirigami2/usr/lib64/qt5/qml/org/kde/kirigami.2/private/globaltoolbar/TitlesPageHeader.qml
-- Installing: /home/omen/GITHUB/Athos/AthOS/REPO-AthOS/kirigami2/package-kirigami2/usr/lib64/qt5/qml/org/kde/kirigami.2/private/globaltoolbar/ToolBarPageHeader.qml
-- Installing: /home/omen/GITHUB/Athos/AthOS/REPO-AthOS/kirigami2/package-kirigami2/usr/lib64/qt5/qml/org/kde/kirigami.2/swipenavigator/PrivateSwipeHighlight.qml
-- Installing: /home/omen/GITHUB/Athos/AthOS/REPO-AthOS/kirigami2/package-kirigami2/usr/lib64/qt5/qml/org/kde/kirigami.2/swipenavigator/PrivateSwipeProgress.qml
-- Installing: /home/omen/GITHUB/Athos/AthOS/REPO-AthOS/kirigami2/package-kirigami2/usr/lib64/qt5/qml/org/kde/kirigami.2/swipenavigator/PrivateSwipeStack.qml
-- Installing: /home/omen/GITHUB/Athos/AthOS/REPO-AthOS/kirigami2/package-kirigami2/usr/lib64/qt5/qml/org/kde/kirigami.2/swipenavigator/PrivateSwipeTab.qml
-- Installing: /home/omen/GITHUB/Athos/AthOS/REPO-AthOS/kirigami2/package-kirigami2/usr/lib64/qt5/qml/org/kde/kirigami.2/swipenavigator/PrivateSwipeTabBar.qml
-- Installing: /home/omen/GITHUB/Athos/AthOS/REPO-AthOS/kirigami2/package-kirigami2/usr/lib64/qt5/qml/org/kde/kirigami.2/swipenavigator/templates/PageTab.qml
-- Installing: /home/omen/GITHUB/Athos/AthOS/REPO-AthOS/kirigami2/package-kirigami2/usr/lib64/qt5/qml/org/kde/kirigami.2/templates/AbstractApplicationHeader.qml
-- Installing: /home/omen/GITHUB/Athos/AthOS/REPO-AthOS/kirigami2/package-kirigami2/usr/lib64/qt5/qml/org/kde/kirigami.2/templates/AbstractCard.qml
-- Installing: /home/omen/GITHUB/Athos/AthOS/REPO-AthOS/kirigami2/package-kirigami2/usr/lib64/qt5/qml/org/kde/kirigami.2/templates/AbstractChip.qml
-- Installing: /home/omen/GITHUB/Athos/AthOS/REPO-AthOS/kirigami2/package-kirigami2/usr/lib64/qt5/qml/org/kde/kirigami.2/templates/AbstractListItem.qml
-- Installing: /home/omen/GITHUB/Athos/AthOS/REPO-AthOS/kirigami2/package-kirigami2/usr/lib64/qt5/qml/org/kde/kirigami.2/templates/ApplicationHeader.qml
-- Installing: /home/omen/GITHUB/Athos/AthOS/REPO-AthOS/kirigami2/package-kirigami2/usr/lib64/qt5/qml/org/kde/kirigami.2/templates/InlineMessage.qml
-- Installing: /home/omen/GITHUB/Athos/AthOS/REPO-AthOS/kirigami2/package-kirigami2/usr/lib64/qt5/qml/org/kde/kirigami.2/templates/OverlayDrawer.qml
-- Installing: /home/omen/GITHUB/Athos/AthOS/REPO-AthOS/kirigami2/package-kirigami2/usr/lib64/qt5/qml/org/kde/kirigami.2/templates/OverlaySheet.qml
-- Installing: /home/omen/GITHUB/Athos/AthOS/REPO-AthOS/kirigami2/package-kirigami2/usr/lib64/qt5/qml/org/kde/kirigami.2/templates/SingletonHeaderSizeGroup.qml
-- Installing: /home/omen/GITHUB/Athos/AthOS/REPO-AthOS/kirigami2/package-kirigami2/usr/lib64/qt5/qml/org/kde/kirigami.2/templates/SwipeListItem.qml
-- Installing: /home/omen/GITHUB/Athos/AthOS/REPO-AthOS/kirigami2/package-kirigami2/usr/lib64/qt5/qml/org/kde/kirigami.2/templates/qmldir
-- Installing: /home/omen/GITHUB/Athos/AthOS/REPO-AthOS/kirigami2/package-kirigami2/usr/lib64/qt5/qml/org/kde/kirigami.2/templates/private/BackButton.qml
-- Installing: /home/omen/GITHUB/Athos/AthOS/REPO-AthOS/kirigami2/package-kirigami2/usr/lib64/qt5/qml/org/kde/kirigami.2/templates/private/BorderPropertiesGroup.qml
-- Installing: /home/omen/GITHUB/Athos/AthOS/REPO-AthOS/kirigami2/package-kirigami2/usr/lib64/qt5/qml/org/kde/kirigami.2/templates/private/ContextIcon.qml
-- Installing: /home/omen/GITHUB/Athos/AthOS/REPO-AthOS/kirigami2/package-kirigami2/usr/lib64/qt5/qml/org/kde/kirigami.2/templates/private/ForwardButton.qml
-- Installing: /home/omen/GITHUB/Athos/AthOS/REPO-AthOS/kirigami2/package-kirigami2/usr/lib64/qt5/qml/org/kde/kirigami.2/templates/private/GenericDrawerIcon.qml
-- Installing: /home/omen/GITHUB/Athos/AthOS/REPO-AthOS/kirigami2/package-kirigami2/usr/lib64/qt5/qml/org/kde/kirigami.2/templates/private/IconPropertiesGroup.qml
-- Installing: /home/omen/GITHUB/Athos/AthOS/REPO-AthOS/kirigami2/package-kirigami2/usr/lib64/qt5/qml/org/kde/kirigami.2/templates/private/MenuIcon.qml
-- Installing: /home/omen/GITHUB/Athos/AthOS/REPO-AthOS/kirigami2/package-kirigami2/usr/lib64/qt5/qml/org/kde/kirigami.2/templates/private/PassiveNotificationsManager.qml
-- Installing: /home/omen/GITHUB/Athos/AthOS/REPO-AthOS/kirigami2/package-kirigami2/usr/lib64/qt5/qml/org/kde/kirigami.2/styles/Material/AbstractListItem.qml
-- Installing: /home/omen/GITHUB/Athos/AthOS/REPO-AthOS/kirigami2/package-kirigami2/usr/lib64/qt5/qml/org/kde/kirigami.2/styles/Material/InlineMessage.qml
-- Installing: /home/omen/GITHUB/Athos/AthOS/REPO-AthOS/kirigami2/package-kirigami2/usr/lib64/qt5/qml/org/kde/kirigami.2/styles/Material/Label.qml
-- Installing: /home/omen/GITHUB/Athos/AthOS/REPO-AthOS/kirigami2/package-kirigami2/usr/lib64/qt5/qml/org/kde/kirigami.2/styles/Material/SwipeListItem.qml
-- Installing: /home/omen/GITHUB/Athos/AthOS/REPO-AthOS/kirigami2/package-kirigami2/usr/lib64/qt5/qml/org/kde/kirigami.2/styles/Material/Theme.qml
-- Installing: /home/omen/GITHUB/Athos/AthOS/REPO-AthOS/kirigami2/package-kirigami2/usr/lib64/qt5/qml/org/kde/kirigami.2/styles/org.kde.desktop/AbstractApplicationHeader.qml
-- Installing: /home/omen/GITHUB/Athos/AthOS/REPO-AthOS/kirigami2/package-kirigami2/usr/lib64/qt5/qml/org/kde/kirigami.2/styles/org.kde.desktop/AbstractListItem.qml
-- Installing: /home/omen/GITHUB/Athos/AthOS/REPO-AthOS/kirigami2/package-kirigami2/usr/lib64/qt5/qml/org/kde/kirigami.2/styles/org.kde.desktop/SwipeListItem.qml
-- Installing: /home/omen/GITHUB/Athos/AthOS/REPO-AthOS/kirigami2/package-kirigami2/usr/lib64/qt5/qml/org/kde/kirigami.2/styles/org.kde.desktop/Theme.qml
-- Installing: /home/omen/GITHUB/Athos/AthOS/REPO-AthOS/kirigami2/package-kirigami2/usr/lib64/qt5/qml/org/kde/kirigami.2/plugins.qmltypes
-- Installing: /home/omen/GITHUB/Athos/AthOS/REPO-AthOS/kirigami2/package-kirigami2/usr/share/kdevappwizard/templates/kirigami.tar.bz2
-- Installing: /home/omen/GITHUB/Athos/AthOS/REPO-AthOS/kirigami2/package-kirigami2/usr/share/locale/ar/LC_MESSAGES/libkirigami2plugin_qt.qm
-- Installing: /home/omen/GITHUB/Athos/AthOS/REPO-AthOS/kirigami2/package-kirigami2/usr/share/locale/az/LC_MESSAGES/libkirigami2plugin_qt.qm
-- Installing: /home/omen/GITHUB/Athos/AthOS/REPO-AthOS/kirigami2/package-kirigami2/usr/share/locale/bg/LC_MESSAGES/libkirigami2plugin_qt.qm
-- Installing: /home/omen/GITHUB/Athos/AthOS/REPO-AthOS/kirigami2/package-kirigami2/usr/share/locale/ca/LC_MESSAGES/libkirigami2plugin_qt.qm
-- Installing: /home/omen/GITHUB/Athos/AthOS/REPO-AthOS/kirigami2/package-kirigami2/usr/share/locale/ca@valencia/LC_MESSAGES/libkirigami2plugin_qt.qm
-- Installing: /home/omen/GITHUB/Athos/AthOS/REPO-AthOS/kirigami2/package-kirigami2/usr/share/locale/cs/LC_MESSAGES/libkirigami2plugin_qt.qm
-- Installing: /home/omen/GITHUB/Athos/AthOS/REPO-AthOS/kirigami2/package-kirigami2/usr/share/locale/da/LC_MESSAGES/libkirigami2plugin_qt.qm
-- Installing: /home/omen/GITHUB/Athos/AthOS/REPO-AthOS/kirigami2/package-kirigami2/usr/share/locale/de/LC_MESSAGES/libkirigami2plugin_qt.qm
-- Installing: /home/omen/GITHUB/Athos/AthOS/REPO-AthOS/kirigami2/package-kirigami2/usr/share/locale/el/LC_MESSAGES/libkirigami2plugin_qt.qm
-- Installing: /home/omen/GITHUB/Athos/AthOS/REPO-AthOS/kirigami2/package-kirigami2/usr/share/locale/en_GB/LC_MESSAGES/libkirigami2plugin_qt.qm
-- Installing: /home/omen/GITHUB/Athos/AthOS/REPO-AthOS/kirigami2/package-kirigami2/usr/share/locale/eo/LC_MESSAGES/libkirigami2plugin_qt.qm
-- Installing: /home/omen/GITHUB/Athos/AthOS/REPO-AthOS/kirigami2/package-kirigami2/usr/share/locale/es/LC_MESSAGES/libkirigami2plugin_qt.qm
-- Installing: /home/omen/GITHUB/Athos/AthOS/REPO-AthOS/kirigami2/package-kirigami2/usr/share/locale/et/LC_MESSAGES/libkirigami2plugin_qt.qm
-- Installing: /home/omen/GITHUB/Athos/AthOS/REPO-AthOS/kirigami2/package-kirigami2/usr/share/locale/eu/LC_MESSAGES/libkirigami2plugin_qt.qm
-- Installing: /home/omen/GITHUB/Athos/AthOS/REPO-AthOS/kirigami2/package-kirigami2/usr/share/locale/fi/LC_MESSAGES/libkirigami2plugin_qt.qm
-- Installing: /home/omen/GITHUB/Athos/AthOS/REPO-AthOS/kirigami2/package-kirigami2/usr/share/locale/fr/LC_MESSAGES/libkirigami2plugin_qt.qm
-- Installing: /home/omen/GITHUB/Athos/AthOS/REPO-AthOS/kirigami2/package-kirigami2/usr/share/locale/gl/LC_MESSAGES/libkirigami2plugin_qt.qm
-- Installing: /home/omen/GITHUB/Athos/AthOS/REPO-AthOS/kirigami2/package-kirigami2/usr/share/locale/hi/LC_MESSAGES/libkirigami2plugin_qt.qm
-- Installing: /home/omen/GITHUB/Athos/AthOS/REPO-AthOS/kirigami2/package-kirigami2/usr/share/locale/hu/LC_MESSAGES/libkirigami2plugin_qt.qm
-- Installing: /home/omen/GITHUB/Athos/AthOS/REPO-AthOS/kirigami2/package-kirigami2/usr/share/locale/ia/LC_MESSAGES/libkirigami2plugin_qt.qm
-- Installing: /home/omen/GITHUB/Athos/AthOS/REPO-AthOS/kirigami2/package-kirigami2/usr/share/locale/id/LC_MESSAGES/libkirigami2plugin_qt.qm
-- Installing: /home/omen/GITHUB/Athos/AthOS/REPO-AthOS/kirigami2/package-kirigami2/usr/share/locale/it/LC_MESSAGES/libkirigami2plugin_qt.qm
-- Installing: /home/omen/GITHUB/Athos/AthOS/REPO-AthOS/kirigami2/package-kirigami2/usr/share/locale/ja/LC_MESSAGES/libkirigami2plugin_qt.qm
-- Installing: /home/omen/GITHUB/Athos/AthOS/REPO-AthOS/kirigami2/package-kirigami2/usr/share/locale/ka/LC_MESSAGES/libkirigami2plugin_qt.qm
-- Installing: /home/omen/GITHUB/Athos/AthOS/REPO-AthOS/kirigami2/package-kirigami2/usr/share/locale/ko/LC_MESSAGES/libkirigami2plugin_qt.qm
-- Installing: /home/omen/GITHUB/Athos/AthOS/REPO-AthOS/kirigami2/package-kirigami2/usr/share/locale/lt/LC_MESSAGES/libkirigami2plugin_qt.qm
-- Installing: /home/omen/GITHUB/Athos/AthOS/REPO-AthOS/kirigami2/package-kirigami2/usr/share/locale/ml/LC_MESSAGES/libkirigami2plugin_qt.qm
-- Installing: /home/omen/GITHUB/Athos/AthOS/REPO-AthOS/kirigami2/package-kirigami2/usr/share/locale/nl/LC_MESSAGES/libkirigami2plugin_qt.qm
-- Installing: /home/omen/GITHUB/Athos/AthOS/REPO-AthOS/kirigami2/package-kirigami2/usr/share/locale/nn/LC_MESSAGES/libkirigami2plugin_qt.qm
-- Installing: /home/omen/GITHUB/Athos/AthOS/REPO-AthOS/kirigami2/package-kirigami2/usr/share/locale/pa/LC_MESSAGES/libkirigami2plugin_qt.qm
-- Installing: /home/omen/GITHUB/Athos/AthOS/REPO-AthOS/kirigami2/package-kirigami2/usr/share/locale/pl/LC_MESSAGES/libkirigami2plugin_qt.qm
-- Installing: /home/omen/GITHUB/Athos/AthOS/REPO-AthOS/kirigami2/package-kirigami2/usr/share/locale/pt/LC_MESSAGES/libkirigami2plugin_qt.qm
-- Installing: /home/omen/GITHUB/Athos/AthOS/REPO-AthOS/kirigami2/package-kirigami2/usr/share/locale/pt_BR/LC_MESSAGES/libkirigami2plugin_qt.qm
-- Installing: /home/omen/GITHUB/Athos/AthOS/REPO-AthOS/kirigami2/package-kirigami2/usr/share/locale/ro/LC_MESSAGES/libkirigami2plugin_qt.qm
-- Installing: /home/omen/GITHUB/Athos/AthOS/REPO-AthOS/kirigami2/package-kirigami2/usr/share/locale/ru/LC_MESSAGES/libkirigami2plugin_qt.qm
-- Installing: /home/omen/GITHUB/Athos/AthOS/REPO-AthOS/kirigami2/package-kirigami2/usr/share/locale/sk/LC_MESSAGES/libkirigami2plugin_qt.qm
-- Installing: /home/omen/GITHUB/Athos/AthOS/REPO-AthOS/kirigami2/package-kirigami2/usr/share/locale/sl/LC_MESSAGES/libkirigami2plugin_qt.qm
-- Installing: /home/omen/GITHUB/Athos/AthOS/REPO-AthOS/kirigami2/package-kirigami2/usr/share/locale/sr/LC_MESSAGES/libkirigami2plugin_qt.qm
-- Installing: /home/omen/GITHUB/Athos/AthOS/REPO-AthOS/kirigami2/package-kirigami2/usr/share/locale/sr@ijekavian/LC_MESSAGES/libkirigami2plugin_qt.qm
-- Installing: /home/omen/GITHUB/Athos/AthOS/REPO-AthOS/kirigami2/package-kirigami2/usr/share/locale/sr@ijekavianlatin/LC_MESSAGES/libkirigami2plugin_qt.qm
-- Installing: /home/omen/GITHUB/Athos/AthOS/REPO-AthOS/kirigami2/package-kirigami2/usr/share/locale/sr@latin/LC_MESSAGES/libkirigami2plugin_qt.qm
-- Installing: /home/omen/GITHUB/Athos/AthOS/REPO-AthOS/kirigami2/package-kirigami2/usr/share/locale/sv/LC_MESSAGES/libkirigami2plugin_qt.qm
-- Installing: /home/omen/GITHUB/Athos/AthOS/REPO-AthOS/kirigami2/package-kirigami2/usr/share/locale/ta/LC_MESSAGES/libkirigami2plugin_qt.qm
-- Installing: /home/omen/GITHUB/Athos/AthOS/REPO-AthOS/kirigami2/package-kirigami2/usr/share/locale/tg/LC_MESSAGES/libkirigami2plugin_qt.qm
-- Installing: /home/omen/GITHUB/Athos/AthOS/REPO-AthOS/kirigami2/package-kirigami2/usr/share/locale/tr/LC_MESSAGES/libkirigami2plugin_qt.qm
-- Installing: /home/omen/GITHUB/Athos/AthOS/REPO-AthOS/kirigami2/package-kirigami2/usr/share/locale/uk/LC_MESSAGES/libkirigami2plugin_qt.qm
-- Installing: /home/omen/GITHUB/Athos/AthOS/REPO-AthOS/kirigami2/package-kirigami2/usr/share/locale/zh_CN/LC_MESSAGES/libkirigami2plugin_qt.qm
-- Installing: /home/omen/GITHUB/Athos/AthOS/REPO-AthOS/kirigami2/package-kirigami2/usr/share/locale/zh_TW/LC_MESSAGES/libkirigami2plugin_qt.qm
[32mThe main part of source code is ready. We are moving on to preparing post install scripts, docs, license, man pages etc..[0m
cp: cannot stat 'AUTHORS': No such file or directory
cp: cannot stat 'ChangeLog*': No such file or directory
cp: cannot stat 'COPYING': No such file or directory
cp: cannot stat 'CREDITS': No such file or directory
cp: cannot stat 'LICENSE': No such file or directory
cp: cannot stat 'MAINTAINERS': No such file or directory
cp: cannot stat 'NEWS': No such file or directory
cp: cannot stat 'DOCS': No such file or directory
grep: /home/omen/GITHUB/Athos/AthOS/REPO-AthOS/kirigami2/kirigami2.info: No such file or directory
extra-cmake-modules
kconfig5
kcoreaddons5
kwindowsystem5
[32mPackaging compiled for slackware installation...[0m
[32mMAKEPKG_FLAGS is empty or unset, using default[0m

Slackware package maker, version 3.14159265.

Searching for symbolic links:
usr/lib64/libKF5Kirigami2.so	libKF5Kirigami2.so.5
usr/lib64/libKF5Kirigami2.so.5	libKF5Kirigami2.so.5.116.0

Making symbolic link creation script:
( cd usr/lib64 ; rm -rf libKF5Kirigami2.so )
( cd usr/lib64 ; ln -sf libKF5Kirigami2.so.5 libKF5Kirigami2.so )
( cd usr/lib64 ; rm -rf libKF5Kirigami2.so.5 )
( cd usr/lib64 ; ln -sf libKF5Kirigami2.so.5.116.0 libKF5Kirigami2.so.5 )

Unless your existing installation script already contains the code
to create these links, you should append these lines to your existing
install script. Now's your chance. :^)

Would you like to add this stuff to the existing install script and
remove the symbolic links ([y]es, [n]o)? y


Removing symbolic links:
removed './usr/lib64/libKF5Kirigami2.so.5'
removed './usr/lib64/libKF5Kirigami2.so'

Updating your ./install/doinst.sh...

This next step is optional - you can set the directories in your package
to some sane permissions. If any of the directories in your package have
special permissions, then DO NOT reset them here!

Would you like to reset all directory permissions to 755 (drwxr-xr-x) and
directory ownerships to root:root ([y]es, [n]o)? n


Creating Slackware package:  /tmp/kirigami2/kirigami2-5.116.0-x86_64-1_rtz.tlz

./
install/
install/doinst.sh
install/slack-desc
usr/
usr/doc/
usr/doc/kirigami2-5.116.0/
usr/doc/kirigami2-5.116.0/README.md
usr/doc/kirigami2-5.116.0/docs/
usr/doc/kirigami2-5.116.0/docs/pics/
usr/doc/kirigami2-5.116.0/docs/pics/BasicListItemReserve.svg
usr/doc/kirigami2-5.116.0/docs/pics/BasicListItemTypes.svg
usr/doc/kirigami2-5.116.0/docs/pics/MinimalExample.webp
usr/doc/kirigami2-5.116.0/docs/pics/PageRouterModel.svg
usr/doc/kirigami2-5.116.0/docs/pics/PageRouterNavigate.svg
usr/doc/kirigami2-5.116.0/docs/pics/PageRouterPop.svg
usr/doc/kirigami2-5.116.0/docs/pics/PageRouterPush.svg
usr/doc/kirigami2-5.116.0/docs/pics/icon/
usr/doc/kirigami2-5.116.0/docs/pics/icon/active.png
usr/doc/kirigami2-5.116.0/docs/pics/icon/selected.png
usr/doc/kirigami2-5.116.0/kirigami2.ini
usr/doc/kirigami2-5.116.0/slack-required
usr/include/
usr/include/KF5/
usr/include/KF5/Kirigami2/
usr/include/KF5/Kirigami2/Kirigami/
usr/include/KF5/Kirigami2/Kirigami/KirigamiPluginFactory
usr/include/KF5/Kirigami2/Kirigami/PlatformTheme
usr/include/KF5/Kirigami2/Kirigami/TabletModeWatcher
usr/include/KF5/Kirigami2/Kirigami/Units
usr/include/KF5/Kirigami2/Kirigami/VirtualKeyboardWatcher
usr/include/KF5/Kirigami2/KirigamiPluginFactory
usr/include/KF5/Kirigami2/PlatformTheme
usr/include/KF5/Kirigami2/TabletModeWatcher
usr/include/KF5/Kirigami2/Units
usr/include/KF5/Kirigami2/kirigami/
usr/include/KF5/Kirigami2/kirigami/kirigami2_export.h
usr/include/KF5/Kirigami2/kirigami/kirigamipluginfactory.h
usr/include/KF5/Kirigami2/kirigami/platformtheme.h
usr/include/KF5/Kirigami2/kirigami/tabletmodewatcher.h
usr/include/KF5/Kirigami2/kirigami/units.h
usr/include/KF5/Kirigami2/kirigami/virtualkeyboardwatcher.h
usr/include/KF5/Kirigami2/kirigamipluginfactory.h
usr/include/KF5/Kirigami2/platformtheme.h
usr/include/KF5/Kirigami2/tabletmodewatcher.h
usr/include/KF5/Kirigami2/units.h
usr/lib64/
usr/lib64/cmake/
usr/lib64/cmake/KF5Kirigami2/
usr/lib64/cmake/KF5Kirigami2/KF5Kirigami2Config.cmake
usr/lib64/cmake/KF5Kirigami2/KF5Kirigami2ConfigVersion.cmake
usr/lib64/cmake/KF5Kirigami2/KF5Kirigami2Macros.cmake
usr/lib64/cmake/KF5Kirigami2/KF5Kirigami2Targets-relwithdebinfo.cmake
usr/lib64/cmake/KF5Kirigami2/KF5Kirigami2Targets.cmake
usr/lib64/libKF5Kirigami2.so.5.116.0
usr/lib64/qt5/
usr/lib64/qt5/mkspecs/
usr/lib64/qt5/mkspecs/modules/
usr/lib64/qt5/mkspecs/modules/qt_Kirigami2.pri
usr/lib64/qt5/qml/
usr/lib64/qt5/qml/org/
usr/lib64/qt5/qml/org/kde/
usr/lib64/qt5/qml/org/kde/kirigami.2/
usr/lib64/qt5/qml/org/kde/kirigami.2/AboutItem.qml
usr/lib64/qt5/qml/org/kde/kirigami.2/AboutPage.qml
usr/lib64/qt5/qml/org/kde/kirigami.2/AbstractApplicationHeader.qml
usr/lib64/qt5/qml/org/kde/kirigami.2/AbstractApplicationItem.qml
usr/lib64/qt5/qml/org/kde/kirigami.2/AbstractApplicationWindow.qml
usr/lib64/qt5/qml/org/kde/kirigami.2/AbstractCard.qml
usr/lib64/qt5/qml/org/kde/kirigami.2/AbstractChip.qml
usr/lib64/qt5/qml/org/kde/kirigami.2/AbstractItemViewHeader.qml
usr/lib64/qt5/qml/org/kde/kirigami.2/AbstractListItem.qml
usr/lib64/qt5/qml/org/kde/kirigami.2/Action.qml
usr/lib64/qt5/qml/org/kde/kirigami.2/ActionTextField.qml
usr/lib64/qt5/qml/org/kde/kirigami.2/ActionToolBar.qml
usr/lib64/qt5/qml/org/kde/kirigami.2/ApplicationHeader.qml
usr/lib64/qt5/qml/org/kde/kirigami.2/ApplicationItem.qml
usr/lib64/qt5/qml/org/kde/kirigami.2/ApplicationWindow.qml
usr/lib64/qt5/qml/org/kde/kirigami.2/Avatar.qml
usr/lib64/qt5/qml/org/kde/kirigami.2/BasicListItem.qml
usr/lib64/qt5/qml/org/kde/kirigami.2/Card.qml
usr/lib64/qt5/qml/org/kde/kirigami.2/CardsGridView.qml
usr/lib64/qt5/qml/org/kde/kirigami.2/CardsLayout.qml
usr/lib64/qt5/qml/org/kde/kirigami.2/CardsListView.qml
usr/lib64/qt5/qml/org/kde/kirigami.2/CheckableListItem.qml
usr/lib64/qt5/qml/org/kde/kirigami.2/Chip.qml
usr/lib64/qt5/qml/org/kde/kirigami.2/ContextDrawer.qml
usr/lib64/qt5/qml/org/kde/kirigami.2/Dialog.qml
usr/lib64/qt5/qml/org/kde/kirigami.2/FlexColumn.qml
usr/lib64/qt5/qml/org/kde/kirigami.2/FormLayout.qml
usr/lib64/qt5/qml/org/kde/kirigami.2/GlobalDrawer.qml
usr/lib64/qt5/qml/org/kde/kirigami.2/Heading.qml
usr/lib64/qt5/qml/org/kde/kirigami.2/Hero.qml
usr/lib64/qt5/qml/org/kde/kirigami.2/InlineMessage.qml
usr/lib64/qt5/qml/org/kde/kirigami.2/ItemViewHeader.qml
usr/lib64/qt5/qml/org/kde/kirigami.2/Label.qml
usr/lib64/qt5/qml/org/kde/kirigami.2/LinkButton.qml
usr/lib64/qt5/qml/org/kde/kirigami.2/ListItemDragHandle.qml
usr/lib64/qt5/qml/org/kde/kirigami.2/ListSectionHeader.qml
usr/lib64/qt5/qml/org/kde/kirigami.2/LoadingPlaceholder.qml
usr/lib64/qt5/qml/org/kde/kirigami.2/MenuDialog.qml
usr/lib64/qt5/qml/org/kde/kirigami.2/NavigationTabBar.qml
usr/lib64/qt5/qml/org/kde/kirigami.2/NavigationTabButton.qml
usr/lib64/qt5/qml/org/kde/kirigami.2/OverlayDrawer.qml
usr/lib64/qt5/qml/org/kde/kirigami.2/OverlaySheet.qml
usr/lib64/qt5/qml/org/kde/kirigami.2/Page.qml
usr/lib64/qt5/qml/org/kde/kirigami.2/PagePoolAction.qml
usr/lib64/qt5/qml/org/kde/kirigami.2/PageRow.qml
usr/lib64/qt5/qml/org/kde/kirigami.2/PasswordField.qml
usr/lib64/qt5/qml/org/kde/kirigami.2/PlaceholderMessage.qml
usr/lib64/qt5/qml/org/kde/kirigami.2/PromptDialog.qml
usr/lib64/qt5/qml/org/kde/kirigami.2/RouterWindow.qml
usr/lib64/qt5/qml/org/kde/kirigami.2/ScrollablePage.qml
usr/lib64/qt5/qml/org/kde/kirigami.2/SearchField.qml
usr/lib64/qt5/qml/org/kde/kirigami.2/SelectableLabel.qml
usr/lib64/qt5/qml/org/kde/kirigami.2/Separator.qml
usr/lib64/qt5/qml/org/kde/kirigami.2/ShadowedImage.qml
usr/lib64/qt5/qml/org/kde/kirigami.2/SwipeListItem.qml
usr/lib64/qt5/qml/org/kde/kirigami.2/ToolBarApplicationHeader.qml
usr/lib64/qt5/qml/org/kde/kirigami.2/UrlButton.qml
usr/lib64/qt5/qml/org/kde/kirigami.2/libKirigamiPlugin.so
usr/lib64/qt5/qml/org/kde/kirigami.2/plugins.qmltypes
usr/lib64/qt5/qml/org/kde/kirigami.2/private/
usr/lib64/qt5/qml/org/kde/kirigami.2/private/ActionButton.qml
usr/lib64/qt5/qml/org/kde/kirigami.2/private/ActionIconGroup.qml
usr/lib64/qt5/qml/org/kde/kirigami.2/private/ActionMenuItem.qml
usr/lib64/qt5/qml/org/kde/kirigami.2/private/ActionsMenu.qml
usr/lib64/qt5/qml/org/kde/kirigami.2/private/BannerImage.qml
usr/lib64/qt5/qml/org/kde/kirigami.2/private/CardsGridViewPrivate.qml
usr/lib64/qt5/qml/org/kde/kirigami.2/private/ContextDrawerActionItem.qml
usr/lib64/qt5/qml/org/kde/kirigami.2/private/CornerShadow.qml
usr/lib64/qt5/qml/org/kde/kirigami.2/private/DefaultCardBackground.qml
usr/lib64/qt5/qml/org/kde/kirigami.2/private/DefaultChipBackground.qml
usr/lib64/qt5/qml/org/kde/kirigami.2/private/DefaultListItemBackground.qml
usr/lib64/qt5/qml/org/kde/kirigami.2/private/DefaultPageTitleDelegate.qml
usr/lib64/qt5/qml/org/kde/kirigami.2/private/EdgeShadow.qml
usr/lib64/qt5/qml/org/kde/kirigami.2/private/GlobalDrawerActionItem.qml
usr/lib64/qt5/qml/org/kde/kirigami.2/private/PageActionPropertyGroup.qml
usr/lib64/qt5/qml/org/kde/kirigami.2/private/PrivateActionToolButton.qml
usr/lib64/qt5/qml/org/kde/kirigami.2/private/SwipeItemEventFilter.qml
usr/lib64/qt5/qml/org/kde/kirigami.2/private/globaltoolbar/
usr/lib64/qt5/qml/org/kde/kirigami.2/private/globaltoolbar/AbstractPageHeader.qml
usr/lib64/qt5/qml/org/kde/kirigami.2/private/globaltoolbar/BreadcrumbControl.qml
usr/lib64/qt5/qml/org/kde/kirigami.2/private/globaltoolbar/PageRowGlobalToolBarStyleGroup.qml
usr/lib64/qt5/qml/org/kde/kirigami.2/private/globaltoolbar/PageRowGlobalToolBarUI.qml
usr/lib64/qt5/qml/org/kde/kirigami.2/private/globaltoolbar/TabBarControl.qml
usr/lib64/qt5/qml/org/kde/kirigami.2/private/globaltoolbar/TitlesPageHeader.qml
usr/lib64/qt5/qml/org/kde/kirigami.2/private/globaltoolbar/ToolBarPageHeader.qml
usr/lib64/qt5/qml/org/kde/kirigami.2/qmldir
usr/lib64/qt5/qml/org/kde/kirigami.2/settingscomponents/
usr/lib64/qt5/qml/org/kde/kirigami.2/settingscomponents/CategorizedSettings.qml
usr/lib64/qt5/qml/org/kde/kirigami.2/settingscomponents/SettingAction.qml
usr/lib64/qt5/qml/org/kde/kirigami.2/styles/
usr/lib64/qt5/qml/org/kde/kirigami.2/styles/Material/
usr/lib64/qt5/qml/org/kde/kirigami.2/styles/Material/AbstractListItem.qml
usr/lib64/qt5/qml/org/kde/kirigami.2/styles/Material/InlineMessage.qml
usr/lib64/qt5/qml/org/kde/kirigami.2/styles/Material/Label.qml
usr/lib64/qt5/qml/org/kde/kirigami.2/styles/Material/SwipeListItem.qml
usr/lib64/qt5/qml/org/kde/kirigami.2/styles/Material/Theme.qml
usr/lib64/qt5/qml/org/kde/kirigami.2/styles/org.kde.desktop/
usr/lib64/qt5/qml/org/kde/kirigami.2/styles/org.kde.desktop/AbstractApplicationHeader.qml
usr/lib64/qt5/qml/org/kde/kirigami.2/styles/org.kde.desktop/AbstractListItem.qml
usr/lib64/qt5/qml/org/kde/kirigami.2/styles/org.kde.desktop/SwipeListItem.qml
usr/lib64/qt5/qml/org/kde/kirigami.2/styles/org.kde.desktop/Theme.qml
usr/lib64/qt5/qml/org/kde/kirigami.2/swipenavigator/
usr/lib64/qt5/qml/org/kde/kirigami.2/swipenavigator/PageTab.qml
usr/lib64/qt5/qml/org/kde/kirigami.2/swipenavigator/PrivateSwipeHighlight.qml
usr/lib64/qt5/qml/org/kde/kirigami.2/swipenavigator/PrivateSwipeProgress.qml
usr/lib64/qt5/qml/org/kde/kirigami.2/swipenavigator/PrivateSwipeStack.qml
usr/lib64/qt5/qml/org/kde/kirigami.2/swipenavigator/PrivateSwipeTab.qml
usr/lib64/qt5/qml/org/kde/kirigami.2/swipenavigator/PrivateSwipeTabBar.qml
usr/lib64/qt5/qml/org/kde/kirigami.2/swipenavigator/SwipeNavigator.qml
usr/lib64/qt5/qml/org/kde/kirigami.2/swipenavigator/TabViewLayout.qml
usr/lib64/qt5/qml/org/kde/kirigami.2/swipenavigator/templates/
usr/lib64/qt5/qml/org/kde/kirigami.2/swipenavigator/templates/PageTab.qml
usr/lib64/qt5/qml/org/kde/kirigami.2/templates/
usr/lib64/qt5/qml/org/kde/kirigami.2/templates/AbstractApplicationHeader.qml
usr/lib64/qt5/qml/org/kde/kirigami.2/templates/AbstractCard.qml
usr/lib64/qt5/qml/org/kde/kirigami.2/templates/AbstractChip.qml
usr/lib64/qt5/qml/org/kde/kirigami.2/templates/AbstractListItem.qml
usr/lib64/qt5/qml/org/kde/kirigami.2/templates/ApplicationHeader.qml
usr/lib64/qt5/qml/org/kde/kirigami.2/templates/InlineMessage.qml
usr/lib64/qt5/qml/org/kde/kirigami.2/templates/OverlayDrawer.qml
usr/lib64/qt5/qml/org/kde/kirigami.2/templates/OverlaySheet.qml
usr/lib64/qt5/qml/org/kde/kirigami.2/templates/SingletonHeaderSizeGroup.qml
usr/lib64/qt5/qml/org/kde/kirigami.2/templates/SwipeListItem.qml
usr/lib64/qt5/qml/org/kde/kirigami.2/templates/private/
usr/lib64/qt5/qml/org/kde/kirigami.2/templates/private/BackButton.qml
usr/lib64/qt5/qml/org/kde/kirigami.2/templates/private/BorderPropertiesGroup.qml
usr/lib64/qt5/qml/org/kde/kirigami.2/templates/private/ContextIcon.qml
usr/lib64/qt5/qml/org/kde/kirigami.2/templates/private/ForwardButton.qml
usr/lib64/qt5/qml/org/kde/kirigami.2/templates/private/GenericDrawerIcon.qml
usr/lib64/qt5/qml/org/kde/kirigami.2/templates/private/IconPropertiesGroup.qml
usr/lib64/qt5/qml/org/kde/kirigami.2/templates/private/MenuIcon.qml
usr/lib64/qt5/qml/org/kde/kirigami.2/templates/private/PassiveNotificationsManager.qml
usr/lib64/qt5/qml/org/kde/kirigami.2/templates/qmldir
usr/share/
usr/share/kdevappwizard/
usr/share/kdevappwizard/templates/
usr/share/kdevappwizard/templates/kirigami.tar.bz2
usr/share/locale/
usr/share/locale/ar/
usr/share/locale/ar/LC_MESSAGES/
usr/share/locale/ar/LC_MESSAGES/libkirigami2plugin_qt.qm
usr/share/locale/az/
usr/share/locale/az/LC_MESSAGES/
usr/share/locale/az/LC_MESSAGES/libkirigami2plugin_qt.qm
usr/share/locale/bg/
usr/share/locale/bg/LC_MESSAGES/
usr/share/locale/bg/LC_MESSAGES/libkirigami2plugin_qt.qm
usr/share/locale/ca/
usr/share/locale/ca/LC_MESSAGES/
usr/share/locale/ca/LC_MESSAGES/libkirigami2plugin_qt.qm
usr/share/locale/ca@valencia/
usr/share/locale/ca@valencia/LC_MESSAGES/
usr/share/locale/ca@valencia/LC_MESSAGES/libkirigami2plugin_qt.qm
usr/share/locale/cs/
usr/share/locale/cs/LC_MESSAGES/
usr/share/locale/cs/LC_MESSAGES/libkirigami2plugin_qt.qm
usr/share/locale/da/
usr/share/locale/da/LC_MESSAGES/
usr/share/locale/da/LC_MESSAGES/libkirigami2plugin_qt.qm
usr/share/locale/de/
usr/share/locale/de/LC_MESSAGES/
usr/share/locale/de/LC_MESSAGES/libkirigami2plugin_qt.qm
usr/share/locale/el/
usr/share/locale/el/LC_MESSAGES/
usr/share/locale/el/LC_MESSAGES/libkirigami2plugin_qt.qm
usr/share/locale/en_GB/
usr/share/locale/en_GB/LC_MESSAGES/
usr/share/locale/en_GB/LC_MESSAGES/libkirigami2plugin_qt.qm
usr/share/locale/eo/
usr/share/locale/eo/LC_MESSAGES/
usr/share/locale/eo/LC_MESSAGES/libkirigami2plugin_qt.qm
usr/share/locale/es/
usr/share/locale/es/LC_MESSAGES/
usr/share/locale/es/LC_MESSAGES/libkirigami2plugin_qt.qm
usr/share/locale/et/
usr/share/locale/et/LC_MESSAGES/
usr/share/locale/et/LC_MESSAGES/libkirigami2plugin_qt.qm
usr/share/locale/eu/
usr/share/locale/eu/LC_MESSAGES/
usr/share/locale/eu/LC_MESSAGES/libkirigami2plugin_qt.qm
usr/share/locale/fi/
usr/share/locale/fi/LC_MESSAGES/
usr/share/locale/fi/LC_MESSAGES/libkirigami2plugin_qt.qm
usr/share/locale/fr/
usr/share/locale/fr/LC_MESSAGES/
usr/share/locale/fr/LC_MESSAGES/libkirigami2plugin_qt.qm
usr/share/locale/gl/
usr/share/locale/gl/LC_MESSAGES/
usr/share/locale/gl/LC_MESSAGES/libkirigami2plugin_qt.qm
usr/share/locale/hi/
usr/share/locale/hi/LC_MESSAGES/
usr/share/locale/hi/LC_MESSAGES/libkirigami2plugin_qt.qm
usr/share/locale/hu/
usr/share/locale/hu/LC_MESSAGES/
usr/share/locale/hu/LC_MESSAGES/libkirigami2plugin_qt.qm
usr/share/locale/ia/
usr/share/locale/ia/LC_MESSAGES/
usr/share/locale/ia/LC_MESSAGES/libkirigami2plugin_qt.qm
usr/share/locale/id/
usr/share/locale/id/LC_MESSAGES/
usr/share/locale/id/LC_MESSAGES/libkirigami2plugin_qt.qm
usr/share/locale/it/
usr/share/locale/it/LC_MESSAGES/
usr/share/locale/it/LC_MESSAGES/libkirigami2plugin_qt.qm
usr/share/locale/ja/
usr/share/locale/ja/LC_MESSAGES/
usr/share/locale/ja/LC_MESSAGES/libkirigami2plugin_qt.qm
usr/share/locale/ka/
usr/share/locale/ka/LC_MESSAGES/
usr/share/locale/ka/LC_MESSAGES/libkirigami2plugin_qt.qm
usr/share/locale/ko/
usr/share/locale/ko/LC_MESSAGES/
usr/share/locale/ko/LC_MESSAGES/libkirigami2plugin_qt.qm
usr/share/locale/lt/
usr/share/locale/lt/LC_MESSAGES/
usr/share/locale/lt/LC_MESSAGES/libkirigami2plugin_qt.qm
usr/share/locale/ml/
usr/share/locale/ml/LC_MESSAGES/
usr/share/locale/ml/LC_MESSAGES/libkirigami2plugin_qt.qm
usr/share/locale/nl/
usr/share/locale/nl/LC_MESSAGES/
usr/share/locale/nl/LC_MESSAGES/libkirigami2plugin_qt.qm
usr/share/locale/nn/
usr/share/locale/nn/LC_MESSAGES/
usr/share/locale/nn/LC_MESSAGES/libkirigami2plugin_qt.qm
usr/share/locale/pa/
usr/share/locale/pa/LC_MESSAGES/
usr/share/locale/pa/LC_MESSAGES/libkirigami2plugin_qt.qm
usr/share/locale/pl/
usr/share/locale/pl/LC_MESSAGES/
usr/share/locale/pl/LC_MESSAGES/libkirigami2plugin_qt.qm
usr/share/locale/pt/
usr/share/locale/pt/LC_MESSAGES/
usr/share/locale/pt/LC_MESSAGES/libkirigami2plugin_qt.qm
usr/share/locale/pt_BR/
usr/share/locale/pt_BR/LC_MESSAGES/
usr/share/locale/pt_BR/LC_MESSAGES/libkirigami2plugin_qt.qm
usr/share/locale/ro/
usr/share/locale/ro/LC_MESSAGES/
usr/share/locale/ro/LC_MESSAGES/libkirigami2plugin_qt.qm
usr/share/locale/ru/
usr/share/locale/ru/LC_MESSAGES/
usr/share/locale/ru/LC_MESSAGES/libkirigami2plugin_qt.qm
usr/share/locale/sk/
usr/share/locale/sk/LC_MESSAGES/
usr/share/locale/sk/LC_MESSAGES/libkirigami2plugin_qt.qm
usr/share/locale/sl/
usr/share/locale/sl/LC_MESSAGES/
usr/share/locale/sl/LC_MESSAGES/libkirigami2plugin_qt.qm
usr/share/locale/sr/
usr/share/locale/sr/LC_MESSAGES/
usr/share/locale/sr/LC_MESSAGES/libkirigami2plugin_qt.qm
usr/share/locale/sr@ijekavian/
usr/share/locale/sr@ijekavian/LC_MESSAGES/
usr/share/locale/sr@ijekavian/LC_MESSAGES/libkirigami2plugin_qt.qm
usr/share/locale/sr@ijekavianlatin/
usr/share/locale/sr@ijekavianlatin/LC_MESSAGES/
usr/share/locale/sr@ijekavianlatin/LC_MESSAGES/libkirigami2plugin_qt.qm
usr/share/locale/sr@latin/
usr/share/locale/sr@latin/LC_MESSAGES/
usr/share/locale/sr@latin/LC_MESSAGES/libkirigami2plugin_qt.qm
usr/share/locale/sv/
usr/share/locale/sv/LC_MESSAGES/
usr/share/locale/sv/LC_MESSAGES/libkirigami2plugin_qt.qm
usr/share/locale/ta/
usr/share/locale/ta/LC_MESSAGES/
usr/share/locale/ta/LC_MESSAGES/libkirigami2plugin_qt.qm
usr/share/locale/tg/
usr/share/locale/tg/LC_MESSAGES/
usr/share/locale/tg/LC_MESSAGES/libkirigami2plugin_qt.qm
usr/share/locale/tr/
usr/share/locale/tr/LC_MESSAGES/
usr/share/locale/tr/LC_MESSAGES/libkirigami2plugin_qt.qm
usr/share/locale/uk/
usr/share/locale/uk/LC_MESSAGES/
usr/share/locale/uk/LC_MESSAGES/libkirigami2plugin_qt.qm
usr/share/locale/zh_CN/
usr/share/locale/zh_CN/LC_MESSAGES/
usr/share/locale/zh_CN/LC_MESSAGES/libkirigami2plugin_qt.qm
usr/share/locale/zh_TW/
usr/share/locale/zh_TW/LC_MESSAGES/
usr/share/locale/zh_TW/LC_MESSAGES/libkirigami2plugin_qt.qm

Slackware package /tmp/kirigami2/kirigami2-5.116.0-x86_64-1_rtz.tlz created.

Create shared object file for kirigami2-5.116.0-x86_64-1_rtz.tlz
Creating /tmp/kirigami2/kirigami2-5.116.0-x86_64-1_rtz.tlz.so.file using /tmp/kirigami2/kirigami2-5.116.0-x86_64-1_rtz.tlz
Successfully created /tmp/kirigami2/kirigami2-5.116.0-x86_64-1_rtz.tlz.so.file
Packaging of executable and meta-data in kirigami2.tar.lz4 format.
/tmp/kirigami2 /tmp/kirigami2
/tmp/kirigami2
BIN_NAME
README
kirigami2-5.116.0-x86_64-1_rtz.tlz
kirigami2-5.116.0-x86_64-1_rtz.tlz.md5
kirigami2-5.116.0-x86_64-1_rtz.tlz.so.file
kirigami2-5.116.0-x86_64-1_rtz.tlz.txt
kirigami2.dep
makepkg-kirigami2.log
[32mkirigami2 build finished. Procced to installation...[0m

+==========================================================================================================+
| Upgrading kirigami2-5.116.0-x86_64-1_rtz package using /tmp/kirigami2/kirigami2-5.116.0-x86_64-1_rtz.tlz |
+==========================================================================================================+

Pre-installing package kirigami2-5.116.0-x86_64-1_rtz...
Removing package: kirigami2-5.116.0-x86_64-1_rtz-upgraded-2025-05-28,17:24:42
Installing package kirigami2-5.116.0-x86_64-1_rtz.tlz:
PACKAGE DESCRIPTION:
# kirigami2 ()
#
# A QtQuick based components set
#
# https://community.kde.org/Frameworks
Executing install script for kirigami2-5.116.0-x86_64-1_rtz.tlz.
Font directories:
	/usr/share/fonts
/usr/share/fonts: caching, new cache contents: 0 fonts, 11 dirs
/usr/share/fonts/100dpi: caching, new cache contents: 238 fonts, 0 dirs
/usr/share/fonts/75dpi: caching, new cache contents: 238 fonts, 0 dirs
/usr/share/fonts/OTF: caching, new cache contents: 124 fonts, 0 dirs
/usr/share/fonts/Speedo: caching, new cache contents: 0 fonts, 0 dirs
/usr/share/fonts/TTF: caching, new cache contents: 1132 fonts, 0 dirs
/usr/share/fonts/Type1: caching, new cache contents: 64 fonts, 0 dirs
/usr/share/fonts/cyrillic: caching, new cache contents: 0 fonts, 0 dirs
/usr/share/fonts/encodings: caching, new cache contents: 0 fonts, 1 dirs
/usr/share/fonts/encodings/large: caching, new cache contents: 0 fonts, 0 dirs
/usr/share/fonts/kanjistrokeorders: caching, new cache contents: 1 fonts, 0 dirs
/usr/share/fonts/misc: caching, new cache contents: 143 fonts, 0 dirs
/usr/share/fonts/util: caching, new cache contents: 0 fonts, 0 dirs
/var/cache/fontconfig: cleaning cache directory
/root/.cache/fontconfig: not cleaning non-existent cache directory
/root/.fontconfig: not cleaning non-existent cache directory
/usr/bin/fc-cache: succeeded
Package kirigami2-5.116.0-x86_64-1_rtz.tlz installed.
Package kirigami2-5.116.0-x86_64-1_rtz upgraded with new package /tmp/kirigami2/kirigami2-5.116.0-x86_64-1_rtz.tlz.
[32mCleaning environmet: Removing source code, and work-space...[0m
rm: cannot remove 'kirigami2-5.116.0.tar.xz': No such file or directory
