Starting build process...
Detected architecture: x86_64
Required dependencies: doxygen	extra-cmake-modules kconfig5	kcoreaddons5	ki18n5	kio5	kservice5	plasma-framework5	threadweaver5
doxygen is already installed!
extra-cmake-modules is already installed!
kconfig5 is already installed!
kcoreaddons5 is already installed!
ki18n5 is already installed!
kio5 is already installed!
kservice5 is already installed!
plasma-framework5 is already installed!
threadweaver5 is already installed!
No optional dependencies found.
Downloading source code tar.xz file
--2025-05-14 23:20:13--  https://download.kde.org/stable/frameworks/5.116/krunner-5.116.0.tar.xz
Resolving download.kde.org (download.kde.org)... 49.12.122.15, 2a01:4f8:242:53eb::4
Connecting to download.kde.org (download.kde.org)|49.12.122.15|:443... connected.
HTTP request sent, awaiting response... 302 Found
Location: https://ftp.cc.uoc.gr/mirrors/kde/stable/frameworks/5.116/krunner-5.116.0.tar.xz [following]
--2025-05-14 23:20:14--  https://ftp.cc.uoc.gr/mirrors/kde/stable/frameworks/5.116/krunner-5.116.0.tar.xz
Resolving ftp.cc.uoc.gr (ftp.cc.uoc.gr)... 147.52.159.50, 2001:648:2c00:6c08::2
Connecting to ftp.cc.uoc.gr (ftp.cc.uoc.gr)|147.52.159.50|:443... connected.
HTTP request sent, awaiting response... 200 OK
Length: 89076 (87K) [application/octet-stream]
Saving to: ‘krunner-5.116.0.tar.xz’

     0K .......... .......... .......... .......... .......... 57% 1.34M 0s
    50K .......... .......... .......... ......               100% 8.20M=0.04s

2025-05-14 23:20:14 (2.08 MB/s) - ‘krunner-5.116.0.tar.xz’ saved [89076/89076]

Found file: krunner-5.116.0.tar.xz
No checksum provided. Skipping checksum verification and proceeding...
Creating working directories and exporting source code in...
krunner-5.116.0/
krunner-5.116.0/README.md
krunner-5.116.0/templates/
krunner-5.116.0/templates/runnerpython/
krunner-5.116.0/templates/runnerpython/runnerpy.kdevtemplate
krunner-5.116.0/templates/runnerpython/README.md
krunner-5.116.0/templates/runnerpython/plasma-runner-%{APPNAMELC}.desktop
krunner-5.116.0/templates/runnerpython/%{APPNAMELC}.py
krunner-5.116.0/templates/runnerpython/org.kde.%{APPNAMELC}.service
krunner-5.116.0/templates/runnerpython/install.sh
krunner-5.116.0/templates/runnerpython/uninstall.sh
krunner-5.116.0/templates/runner/
krunner-5.116.0/templates/runner/README.md
krunner-5.116.0/templates/runner/runner.kdevtemplate
krunner-5.116.0/templates/runner/Messages.sh
krunner-5.116.0/templates/runner/LICENSES/
krunner-5.116.0/templates/runner/LICENSES/LGPL-2.1-or-later.txt
krunner-5.116.0/templates/runner/runner.png
krunner-5.116.0/templates/runner/install.sh
krunner-5.116.0/templates/runner/uninstall.sh
krunner-5.116.0/templates/runner/CMakeLists.txt
krunner-5.116.0/templates/runner/src/
krunner-5.116.0/templates/runner/src/plasma-runner-%{APPNAMELC}.desktop
krunner-5.116.0/templates/runner/src/%{APPNAMELC}.cpp
krunner-5.116.0/templates/runner/src/%{APPNAMELC}.h
krunner-5.116.0/templates/runner/src/CMakeLists.txt
krunner-5.116.0/templates/.clang-format
krunner-5.116.0/templates/CMakeLists.txt
krunner-5.116.0/KF5KRunnerMacros.cmake
krunner-5.116.0/.reuse/
krunner-5.116.0/.reuse/dep5
krunner-5.116.0/LICENSES/
krunner-5.116.0/LICENSES/BSD-2-Clause.txt
krunner-5.116.0/LICENSES/LicenseRef-KDE-Accepted-GPL.txt
krunner-5.116.0/LICENSES/CC0-1.0.txt
krunner-5.116.0/LICENSES/LGPL-2.1-or-later.txt
krunner-5.116.0/LICENSES/LGPL-2.0-or-later.txt
krunner-5.116.0/LICENSES/GPL-2.0-or-later.txt
krunner-5.116.0/.gitlab-ci.yml
krunner-5.116.0/.git-blame-ignore-revs
krunner-5.116.0/ExtraDesktop.sh
krunner-5.116.0/.kde-ci.yml
krunner-5.116.0/KF5RunnerConfig.cmake.in
krunner-5.116.0/docs/
krunner-5.116.0/docs/Doxyfile.local
krunner-5.116.0/autotests/
krunner-5.116.0/autotests/metadatafile1.desktop
krunner-5.116.0/autotests/dbusrunnertestmulti.desktop
krunner-5.116.0/autotests/metadatafile1.json
krunner-5.116.0/autotests/fakerunnerplugin.cpp
krunner-5.116.0/autotests/runnermatchmethodstest.cpp
krunner-5.116.0/autotests/dbusrunnertest.cpp
krunner-5.116.0/autotests/testremoterunner.h
krunner-5.116.0/autotests/testmetadataconversion.cpp
krunner-5.116.0/autotests/runnercontexttest.h
krunner-5.116.0/autotests/plasma-runner-testconversionfile.desktop
krunner-5.116.0/autotests/runnermanagertest.cpp
krunner-5.116.0/autotests/testremoterunner.cpp
krunner-5.116.0/autotests/fakerunner.h
krunner-5.116.0/autotests/runnermanagerhistorytest.cpp
krunner-5.116.0/autotests/runnercontexttest.cpp
krunner-5.116.0/autotests/metadatafile1.json.license
krunner-5.116.0/autotests/plasma-runner-dbusrunnertest.desktop
krunner-5.116.0/autotests/metadatafile2.desktop
krunner-5.116.0/autotests/runnermanagersinglerunnermodetest.cpp
krunner-5.116.0/autotests/CMakeLists.txt
krunner-5.116.0/autotests/dbusrunnertestruntimeconfig.desktop
krunner-5.116.0/autotests/dbusrunnertest.desktop
krunner-5.116.0/CMakeLists.txt
krunner-5.116.0/README.md.license
krunner-5.116.0/src/
krunner-5.116.0/src/runnermanager.h
krunner-5.116.0/src/abstractrunner.cpp
krunner-5.116.0/src/abstractrunnertest.h
krunner-5.116.0/src/abstractrunner_p.h
krunner-5.116.0/src/dbusutils_p.h
krunner-5.116.0/src/krunner.qrc
krunner-5.116.0/src/runnersyntax.h
krunner-5.116.0/src/runnerjobs_p.h
krunner-5.116.0/src/kpluginmetadata_utils_p.h
krunner-5.116.0/src/querymatch.cpp
krunner-5.116.0/src/runnerjobs.cpp
krunner-5.116.0/src/runnermanager.cpp
krunner-5.116.0/src/data/
krunner-5.116.0/src/data/servicetypes/
krunner-5.116.0/src/data/servicetypes/plasma-runner.desktop
krunner-5.116.0/src/data/org.kde.krunner1.xml
krunner-5.116.0/src/declarative/
krunner-5.116.0/src/declarative/qmldir.license
krunner-5.116.0/src/declarative/runnermodelplugin.h
krunner-5.116.0/src/declarative/runnermodelplugin.cpp
krunner-5.116.0/src/declarative/qmldir
krunner-5.116.0/src/declarative/runnermodel.cpp
krunner-5.116.0/src/declarative/runnermodel.h
krunner-5.116.0/src/declarative/CMakeLists.txt
krunner-5.116.0/src/abstractrunner.h
krunner-5.116.0/src/runnercontext.cpp
krunner-5.116.0/src/querymatch.h
krunner-5.116.0/src/dbusrunner.cpp
krunner-5.116.0/src/runnersyntax.cpp
krunner-5.116.0/src/dbusrunner_p.h
krunner-5.116.0/src/CMakeLists.txt
krunner-5.116.0/src/runnercontext.h
krunner-5.116.0/src/config.h.cmake
krunner-5.116.0/.gitignore
krunner-5.116.0/metainfo.yaml
/home/omen/GITHUB/PLASMA_WORLD/AthOS/REPO-AthOS/krunner5/work
README or README.md already exists, skipping creation.
hm...lets continue and see what happens
-- The C compiler identification is GNU 14.2.0
-- The CXX compiler identification is GNU 14.2.0
-- Detecting C compiler ABI info
-- Detecting C compiler ABI info - done
-- Check for working C compiler: /usr/bin/cc - skipped
-- Detecting C compile features
-- Detecting C compile features - done
-- Detecting CXX compiler ABI info
-- Detecting CXX compiler ABI info - done
-- Check for working CXX compiler: /usr/bin/c++ - skipped
-- Detecting CXX compile features
-- Detecting CXX compile features - done
-- 

-- Installing in the same prefix as Qt, adopting their path scheme.
-- Looking for __GLIBC__
-- Looking for __GLIBC__ - found
-- Performing Test _OFFT_IS_64BIT
-- Performing Test _OFFT_IS_64BIT - Success
-- Performing Test HAVE_DATE_TIME
-- Performing Test HAVE_DATE_TIME - Success
-- Performing Test BSYMBOLICFUNCTIONS_AVAILABLE
-- Performing Test BSYMBOLICFUNCTIONS_AVAILABLE - Success
-- Found Gettext: /usr/bin/msgmerge (found version "0.25")
-- Found X11: /usr/include
-- Looking for XOpenDisplay in /usr/lib64/libX11.so;/usr/lib64/libXext.so
-- Looking for XOpenDisplay in /usr/lib64/libX11.so;/usr/lib64/libXext.so - found
-- Looking for gethostbyname
-- Looking for gethostbyname - found
-- Looking for connect
-- Looking for connect - found
-- Looking for remove
-- Looking for remove - found
-- Looking for shmat
-- Looking for shmat - found
-- Looking for IceConnectionNumber in ICE
-- Looking for IceConnectionNumber in ICE - found
-- Performing Test COMPILER_HAS_HIDDEN_VISIBILITY
-- Performing Test COMPILER_HAS_HIDDEN_VISIBILITY - Success
-- Performing Test COMPILER_HAS_HIDDEN_INLINE_VISIBILITY
-- Performing Test COMPILER_HAS_HIDDEN_INLINE_VISIBILITY - Success
-- Performing Test COMPILER_HAS_DEPRECATED_ATTR
-- Performing Test COMPILER_HAS_DEPRECATED_ATTR - Success
-- Found Doxygen: /usr/bin/doxygen (found suitable version "1.13.2", minimum required is "1.8.13") found components: doxygen dot
-- Found QHelpGenerator executable: /usr/lib64/qt5/bin/qhelpgenerator
-- No such target Qt5Core_QCH defined when calling ecm_add_qch(), ignored.


Configuration file '/home/omen/GITHUB/PLASMA_WORLD/AthOS/REPO-AthOS/krunner5/work/krunner-5.116.0/build/src/KF5Runner_ECMQchDoxygen.config' updated.

CMake Warning at /usr/lib64/cmake/KF5CoreAddons/KF5CoreAddonsMacros.cmake:37 (message):
  kcoreaddons_desktop_to_json is deprecated and will be removed in KF6.
  Convert the desktop files to JSON in source using the desktoptojson
  executable
Call Stack (most recent call first):
  autotests/CMakeLists.txt:30 (kcoreaddons_desktop_to_json)


-- The following features have been enabled:

 * QCH, API documentation in QCH format (for e.g. Qt Assistant, Qt Creator & KDevelop)

-- The following OPTIONAL packages have been found:

 * KF5Activities (required version >= 5.116.0), Library for Activities
   Required for activities support (optional)

-- The following REQUIRED packages have been found:

 * ECM (required version >= 5.116.0), Extra CMake Modules., <https://commits.kde.org/extra-cmake-modules>
 * Qt5Qml (required version >= 5.15.16)
 * Qt5QmlModels (required version >= 5.15.16)
 * Qt5Quick
 * Gettext
 * KF5I18n (required version >= 5.116.0)
 * KF5ThreadWeaver (required version >= 5.116.0)
 * KF5CoreAddons (required version >= 5.116.0)
 * KF5Config (required version >= 5.116.0)
 * Qt5Widgets (required version >= 5.15.2)
 * Qt5Gui (required version >= 5.15.2)
 * Qt5Network (required version >= 5.15.2)
 * KF5KIO (required version >= 5.116.0)
 * KF5Service (required version >= 5.116.0)
 * KF5Plasma (required version >= 5.116.0)
 * Doxygen (required version >= 1.8.13)
   Needed for API dox QCH file generation
 * QHelpGenerator, Part of Qt5 tools
   Needed for API dox QCH file generation
 * Qt5Core
 * Qt5Test
 * Qt5 (required version >= 5.15.2)

-- Configuring done (1.3s)
-- Generating done (0.0s)
CMake Warning:
  Manually-specified variables were not used by the project:

    CMAKE_INSTALL_DOCDIR


-- Build files have been written to: /home/omen/GITHUB/PLASMA_WORLD/AthOS/REPO-AthOS/krunner5/work/krunner-5.116.0/build
[0/2] Re-checking globbed directories...
[1/66] Generating runnerpython.tar.bz2
[2/66] Generating runner.tar.bz2
[3/66] Generating src/KF5Runner.qch, src/KF5Runner.tags
QStandardPaths: XDG_RUNTIME_DIR not set, defaulting to '/tmp/runtime-root'
Building up file structure...
Insert custom filters...
Insert help data for filter section (1 of 1)...
Insert files...
Insert contents...
Insert indices...
Documentation successfully generated.
[4/66] Automatic MOC for target KF5Runner
[5/66] Automatic RCC for krunner.qrc
[6/66] Building CXX object src/CMakeFiles/KF5Runner.dir/KF5Runner_autogen/mocs_compilation.cpp.o
[7/66] Building CXX object src/CMakeFiles/KF5Runner.dir/KF5Runner_autogen/EWIEGA46WW/qrc_krunner.cpp.o
[8/66] Building CXX object src/CMakeFiles/KF5Runner.dir/krunner_debug.cpp.o
[9/66] Building CXX object src/CMakeFiles/KF5Runner.dir/querymatch.cpp.o
[10/66] Building CXX object src/CMakeFiles/KF5Runner.dir/runnerjobs.cpp.o
[11/66] Building CXX object src/CMakeFiles/KF5Runner.dir/runnersyntax.cpp.o
[12/66] Building CXX object src/CMakeFiles/KF5Runner.dir/runnercontext.cpp.o
[13/66] Building CXX object src/CMakeFiles/KF5Runner.dir/abstractrunner.cpp.o
[14/66] Building CXX object src/CMakeFiles/KF5Runner.dir/runnermanager.cpp.o
[15/66] Building CXX object src/CMakeFiles/KF5Runner.dir/dbusrunner.cpp.o
[16/66] Linking CXX shared library bin/libKF5Runner.so.5.116.0
[17/66] Creating library symlink bin/libKF5Runner.so.5 bin/libKF5Runner.so
[18/66] Generating metadatafile1.json
About to parse service type file "/usr/share/kservicetypes5/plasma-runner.desktop"
Found property definition "X-Plasma-AdvertiseSingleRunnerQueryMode" with type "bool"
Found property definition "TryExec" with type "QString"
Found property definition "X-Plasma-Api" with type "QString"
Found property definition "X-Plasma-DBusRunner-Service" with type "QString"
Found property definition "X-Plasma-DBusRunner-Path" with type "QString"
Found property definition "X-Plasma-Request-Actions-Once" with type "bool"
Found property definition "X-Plasma-Runner-Syntaxes" with type "QStringList"
Found property definition "X-Plasma-Runner-Syntax-Descriptions" with type "QStringList"
Found property definition "X-Plasma-Runner-Min-Letter-Count" with type "int"
Found property definition "X-Plasma-Runner-Match-Regex" with type "QString"
Found property definition "X-Plasma-Runner-Unique-Results" with type "bool"
Found property definition "X-Plasma-Runner-Weak-Results" with type "bool"
Generated  "/home/omen/GITHUB/PLASMA_WORLD/AthOS/REPO-AthOS/krunner5/work/krunner-5.116.0/build/autotests/metadatafile1.json"
[19/66] Automatic MOC for target testremoterunner
[20/66] Generating krunner1adaptor.cpp, krunner1adaptor.h
[21/66] Generating krunner1adaptor.moc
[22/66] Automatic MOC for target runnercontexttest
[23/66] Automatic MOC for target runnermodelplugin
[24/66] Automatic MOC for target fakerunnerplugin
[25/66] Building CXX object autotests/CMakeFiles/runnercontexttest.dir/runnercontexttest_autogen/mocs_compilation.cpp.o
[26/66] Automatic MOC for target testmetadataconversion
[27/66] Building CXX object autotests/CMakeFiles/testremoterunner.dir/testremoterunner_autogen/mocs_compilation.cpp.o
[28/66] Building CXX object src/declarative/CMakeFiles/runnermodelplugin.dir/runnermodelplugin_autogen/mocs_compilation.cpp.o
[29/66] Building CXX object autotests/CMakeFiles/fakerunnerplugin.dir/fakerunnerplugin_autogen/mocs_compilation.cpp.o
[30/66] Building CXX object autotests/CMakeFiles/testmetadataconversion.dir/testmetadataconversion_autogen/mocs_compilation.cpp.o
[31/66] Automatic MOC for target runnermatchmethodstest
[32/66] Building CXX object autotests/CMakeFiles/runnermatchmethodstest.dir/runnermatchmethodstest_autogen/mocs_compilation.cpp.o
[33/66] Building CXX object src/declarative/CMakeFiles/runnermodelplugin.dir/krunner_debug.cpp.o
[34/66] Building CXX object autotests/CMakeFiles/fakerunnerplugin.dir/fakerunnerplugin.cpp.o
[35/66] Building CXX object autotests/CMakeFiles/runnercontexttest.dir/runnercontexttest.cpp.o
[36/66] Linking CXX static library lib/libfakerunnerplugin.a
[37/66] Building CXX object autotests/CMakeFiles/testmetadataconversion.dir/testmetadataconversion.cpp.o
[38/66] Building CXX object src/declarative/CMakeFiles/runnermodelplugin.dir/runnermodelplugin.cpp.o
[39/66] Automatic MOC for target runnermanagerhistorytest
[40/66] Building CXX object autotests/CMakeFiles/runnermanagerhistorytest.dir/runnermanagerhistorytest_autogen/mocs_compilation.cpp.o
[41/66] Linking CXX executable bin/testmetadataconversion
[42/66] Linking CXX executable bin/runnercontexttest
[43/66] Building CXX object autotests/CMakeFiles/runnermatchmethodstest.dir/runnermatchmethodstest.cpp.o
[44/66] Linking CXX executable bin/runnermatchmethodstest
[45/66] Building CXX object autotests/CMakeFiles/runnermanagerhistorytest.dir/kcoreaddons_static_krunnertest_plugins.cpp.o
[46/66] Building CXX object src/declarative/CMakeFiles/runnermodelplugin.dir/runnermodel.cpp.o
[47/66] Linking CXX shared library bin/librunnermodelplugin.so
[48/66] Building CXX object autotests/CMakeFiles/testremoterunner.dir/krunner1adaptor.cpp.o
[49/66] Building CXX object autotests/CMakeFiles/testremoterunner.dir/testremoterunner.cpp.o
[50/66] Linking CXX executable bin/testremoterunner
[51/66] Automatic MOC for target runnermanagertest
[52/66] Automatic MOC for target runnermanagersinglerunnermodetest
[53/66] Automatic MOC for target dbusrunnertest
[54/66] Building CXX object autotests/CMakeFiles/dbusrunnertest.dir/dbusrunnertest_autogen/mocs_compilation.cpp.o
[55/66] Building CXX object autotests/CMakeFiles/runnermanagertest.dir/runnermanagertest_autogen/mocs_compilation.cpp.o
[56/66] Building CXX object autotests/CMakeFiles/runnermanagersinglerunnermodetest.dir/runnermanagersinglerunnermodetest_autogen/mocs_compilation.cpp.o
[57/66] Building CXX object autotests/CMakeFiles/runnermanagertest.dir/kcoreaddons_static_krunnertest_plugins.cpp.o
[58/66] Building CXX object autotests/CMakeFiles/runnermanagerhistorytest.dir/runnermanagerhistorytest.cpp.o
[59/66] Linking CXX executable bin/runnermanagerhistorytest
[60/66] Building CXX object autotests/CMakeFiles/runnermanagertest.dir/runnermanagertest.cpp.o
[61/66] Building CXX object autotests/CMakeFiles/runnermanagersinglerunnermodetest.dir/runnermanagersinglerunnermodetest.cpp.o
[62/66] Linking CXX executable bin/runnermanagertest
[63/66] Linking CXX executable bin/runnermanagersinglerunnermodetest
[64/66] Building CXX object autotests/CMakeFiles/dbusrunnertest.dir/dbusrunnertest.cpp.o
[65/66] Linking CXX executable bin/dbusrunnertest
-- Install configuration: "RelWithDebInfo"
-- Installing: /home/omen/GITHUB/PLASMA_WORLD/AthOS/REPO-AthOS/krunner5/package-krunner5/usr/lib64/qt5/qml/org/kde/runnermodel/librunnermodelplugin.so
-- Set non-toolchain portion of runtime path of "/home/omen/GITHUB/PLASMA_WORLD/AthOS/REPO-AthOS/krunner5/package-krunner5/usr/lib64/qt5/qml/org/kde/runnermodel/librunnermodelplugin.so" to ""
-- Installing: /home/omen/GITHUB/PLASMA_WORLD/AthOS/REPO-AthOS/krunner5/package-krunner5/usr/lib64/qt5/qml/org/kde/runnermodel/qmldir
-- Installing: /home/omen/GITHUB/PLASMA_WORLD/AthOS/REPO-AthOS/krunner5/package-krunner5/usr/lib64/libKF5Runner.so.5.116.0
-- Installing: /home/omen/GITHUB/PLASMA_WORLD/AthOS/REPO-AthOS/krunner5/package-krunner5/usr/lib64/libKF5Runner.so.5
-- Installing: /home/omen/GITHUB/PLASMA_WORLD/AthOS/REPO-AthOS/krunner5/package-krunner5/usr/lib64/libKF5Runner.so
-- Installing: /home/omen/GITHUB/PLASMA_WORLD/AthOS/REPO-AthOS/krunner5/package-krunner5/usr/include/KF5/KRunner/KRunner/AbstractRunner
-- Installing: /home/omen/GITHUB/PLASMA_WORLD/AthOS/REPO-AthOS/krunner5/package-krunner5/usr/include/KF5/KRunner/KRunner/RunnerContext
-- Installing: /home/omen/GITHUB/PLASMA_WORLD/AthOS/REPO-AthOS/krunner5/package-krunner5/usr/include/KF5/KRunner/KRunner/RunnerManager
-- Installing: /home/omen/GITHUB/PLASMA_WORLD/AthOS/REPO-AthOS/krunner5/package-krunner5/usr/include/KF5/KRunner/KRunner/RunnerSyntax
-- Installing: /home/omen/GITHUB/PLASMA_WORLD/AthOS/REPO-AthOS/krunner5/package-krunner5/usr/include/KF5/KRunner/KRunner/QueryMatch
-- Installing: /home/omen/GITHUB/PLASMA_WORLD/AthOS/REPO-AthOS/krunner5/package-krunner5/usr/include/KF5/KRunner/KRunner/AbstractRunnerTest
-- Installing: /home/omen/GITHUB/PLASMA_WORLD/AthOS/REPO-AthOS/krunner5/package-krunner5/usr/include/KF5/KRunner/krunner/krunner_export.h
-- Installing: /home/omen/GITHUB/PLASMA_WORLD/AthOS/REPO-AthOS/krunner5/package-krunner5/usr/include/KF5/KRunner/krunner/abstractrunner.h
-- Installing: /home/omen/GITHUB/PLASMA_WORLD/AthOS/REPO-AthOS/krunner5/package-krunner5/usr/include/KF5/KRunner/krunner/runnercontext.h
-- Installing: /home/omen/GITHUB/PLASMA_WORLD/AthOS/REPO-AthOS/krunner5/package-krunner5/usr/include/KF5/KRunner/krunner/runnermanager.h
-- Installing: /home/omen/GITHUB/PLASMA_WORLD/AthOS/REPO-AthOS/krunner5/package-krunner5/usr/include/KF5/KRunner/krunner/runnersyntax.h
-- Installing: /home/omen/GITHUB/PLASMA_WORLD/AthOS/REPO-AthOS/krunner5/package-krunner5/usr/include/KF5/KRunner/krunner/querymatch.h
-- Installing: /home/omen/GITHUB/PLASMA_WORLD/AthOS/REPO-AthOS/krunner5/package-krunner5/usr/include/KF5/KRunner/krunner/abstractrunnertest.h
-- Installing: /home/omen/GITHUB/PLASMA_WORLD/AthOS/REPO-AthOS/krunner5/package-krunner5/usr/share/kservicetypes5/plasma-runner.desktop
-- Installing: /home/omen/GITHUB/PLASMA_WORLD/AthOS/REPO-AthOS/krunner5/package-krunner5/usr/share/qlogging-categories5/krunner.categories
-- Installing: /home/omen/GITHUB/PLASMA_WORLD/AthOS/REPO-AthOS/krunner5/package-krunner5/usr/share/qlogging-categories5/krunner.renamecategories
-- Installing: /home/omen/GITHUB/PLASMA_WORLD/AthOS/REPO-AthOS/krunner5/package-krunner5/usr/doc/qt5-5.15.16_20250408_6cb26397/KF5Runner.qch
-- Installing: /home/omen/GITHUB/PLASMA_WORLD/AthOS/REPO-AthOS/krunner5/package-krunner5/usr/doc/qt5-5.15.16_20250408_6cb26397/KF5Runner.tags
-- Installing: /home/omen/GITHUB/PLASMA_WORLD/AthOS/REPO-AthOS/krunner5/package-krunner5/usr/lib64/qt5/mkspecs/modules/qt_KRunner.pri
-- Installing: /home/omen/GITHUB/PLASMA_WORLD/AthOS/REPO-AthOS/krunner5/package-krunner5/usr/share/dbus-1/interfaces/kf5_org.kde.krunner1.xml
-- Installing: /home/omen/GITHUB/PLASMA_WORLD/AthOS/REPO-AthOS/krunner5/package-krunner5/usr/share/kdevappwizard/templates/runner.tar.bz2
-- Installing: /home/omen/GITHUB/PLASMA_WORLD/AthOS/REPO-AthOS/krunner5/package-krunner5/usr/share/kdevappwizard/templates/runnerpython.tar.bz2
-- Installing: /home/omen/GITHUB/PLASMA_WORLD/AthOS/REPO-AthOS/krunner5/package-krunner5/usr/lib64/cmake/KF5Runner/KF5RunnerQchTargets.cmake
-- Installing: /home/omen/GITHUB/PLASMA_WORLD/AthOS/REPO-AthOS/krunner5/package-krunner5/usr/lib64/cmake/KF5Runner/KF5RunnerConfig.cmake
-- Installing: /home/omen/GITHUB/PLASMA_WORLD/AthOS/REPO-AthOS/krunner5/package-krunner5/usr/lib64/cmake/KF5Runner/KF5RunnerConfigVersion.cmake
-- Installing: /home/omen/GITHUB/PLASMA_WORLD/AthOS/REPO-AthOS/krunner5/package-krunner5/usr/lib64/cmake/KF5Runner/KF5KRunnerMacros.cmake
-- Installing: /home/omen/GITHUB/PLASMA_WORLD/AthOS/REPO-AthOS/krunner5/package-krunner5/usr/lib64/cmake/KF5Runner/KF5RunnerTargets.cmake
-- Installing: /home/omen/GITHUB/PLASMA_WORLD/AthOS/REPO-AthOS/krunner5/package-krunner5/usr/lib64/cmake/KF5Runner/KF5RunnerTargets-relwithdebinfo.cmake
-- Installing: /home/omen/GITHUB/PLASMA_WORLD/AthOS/REPO-AthOS/krunner5/package-krunner5/usr/include/KF5/KRunner/krunner_version.h
The main part of source code is ready. We are moving on to preparing post install scripts, docs, license, man pages etc..
cp: cannot stat 'AUTHORS': No such file or directory
cp: cannot stat 'ChangeLog*': No such file or directory
cp: cannot stat 'COPYING': No such file or directory
cp: cannot stat 'CREDITS': No such file or directory
cp: cannot stat 'LICENSE': No such file or directory
cp: cannot stat 'MAINTAINERS': No such file or directory
cp: cannot stat 'NEWS': No such file or directory
cp: cannot stat 'DOCS': No such file or directory
grep: /home/omen/GITHUB/PLASMA_WORLD/AthOS/REPO-AthOS/krunner5/krunner5.info: No such file or directory
doxygen
extra-cmake-modules
kconfig5
kcoreaddons5
ki18n5
kio5
kservice5
plasma-framework5
threadweaver5
Packaging compiled for slackware installation...
MAKEPKG_FLAGS is empty or unset, using default

Slackware package maker, version 3.14159265.

Searching for symbolic links:
usr/lib64/libKF5Runner.so	libKF5Runner.so.5
usr/lib64/libKF5Runner.so.5	libKF5Runner.so.5.116.0

Making symbolic link creation script:
( cd usr/lib64 ; rm -rf libKF5Runner.so )
( cd usr/lib64 ; ln -sf libKF5Runner.so.5 libKF5Runner.so )
( cd usr/lib64 ; rm -rf libKF5Runner.so.5 )
( cd usr/lib64 ; ln -sf libKF5Runner.so.5.116.0 libKF5Runner.so.5 )

Unless your existing installation script already contains the code
to create these links, you should append these lines to your existing
install script. Now's your chance. :^)

Would you like to add this stuff to the existing install script and
remove the symbolic links ([y]es, [n]o)? y


Removing symbolic links:
removed './usr/lib64/libKF5Runner.so.5'
removed './usr/lib64/libKF5Runner.so'

Updating your ./install/doinst.sh...

This next step is optional - you can set the directories in your package
to some sane permissions. If any of the directories in your package have
special permissions, then DO NOT reset them here!

Would you like to reset all directory permissions to 755 (drwxr-xr-x) and
directory ownerships to root:root ([y]es, [n]o)? n


Creating Slackware package:  /tmp/krunner5/krunner5-5.116.0-x86_64-1_rtz.tlz

./
install/
install/doinst.sh
install/slack-desc
usr/
usr/doc/
usr/doc/krunner5-5.116.0/
usr/doc/krunner5-5.116.0/README.md
usr/doc/krunner5-5.116.0/README.md.license
usr/doc/krunner5-5.116.0/docs/
usr/doc/krunner5-5.116.0/docs/Doxyfile.local
usr/doc/krunner5-5.116.0/krunner5.ini
usr/doc/krunner5-5.116.0/slack-required
usr/doc/qt5-5.15.16_20250408_6cb26397/
usr/doc/qt5-5.15.16_20250408_6cb26397/KF5Runner.qch
usr/doc/qt5-5.15.16_20250408_6cb26397/KF5Runner.tags
usr/include/
usr/include/KF5/
usr/include/KF5/KRunner/
usr/include/KF5/KRunner/KRunner/
usr/include/KF5/KRunner/KRunner/AbstractRunner
usr/include/KF5/KRunner/KRunner/AbstractRunnerTest
usr/include/KF5/KRunner/KRunner/QueryMatch
usr/include/KF5/KRunner/KRunner/RunnerContext
usr/include/KF5/KRunner/KRunner/RunnerManager
usr/include/KF5/KRunner/KRunner/RunnerSyntax
usr/include/KF5/KRunner/krunner/
usr/include/KF5/KRunner/krunner/abstractrunner.h
usr/include/KF5/KRunner/krunner/abstractrunnertest.h
usr/include/KF5/KRunner/krunner/krunner_export.h
usr/include/KF5/KRunner/krunner/querymatch.h
usr/include/KF5/KRunner/krunner/runnercontext.h
usr/include/KF5/KRunner/krunner/runnermanager.h
usr/include/KF5/KRunner/krunner/runnersyntax.h
usr/include/KF5/KRunner/krunner_version.h
usr/lib64/
usr/lib64/cmake/
usr/lib64/cmake/KF5Runner/
usr/lib64/cmake/KF5Runner/KF5KRunnerMacros.cmake
usr/lib64/cmake/KF5Runner/KF5RunnerConfig.cmake
usr/lib64/cmake/KF5Runner/KF5RunnerConfigVersion.cmake
usr/lib64/cmake/KF5Runner/KF5RunnerQchTargets.cmake
usr/lib64/cmake/KF5Runner/KF5RunnerTargets-relwithdebinfo.cmake
usr/lib64/cmake/KF5Runner/KF5RunnerTargets.cmake
usr/lib64/libKF5Runner.so.5.116.0
usr/lib64/qt5/
usr/lib64/qt5/mkspecs/
usr/lib64/qt5/mkspecs/modules/
usr/lib64/qt5/mkspecs/modules/qt_KRunner.pri
usr/lib64/qt5/qml/
usr/lib64/qt5/qml/org/
usr/lib64/qt5/qml/org/kde/
usr/lib64/qt5/qml/org/kde/runnermodel/
usr/lib64/qt5/qml/org/kde/runnermodel/librunnermodelplugin.so
usr/lib64/qt5/qml/org/kde/runnermodel/qmldir
usr/share/
usr/share/dbus-1/
usr/share/dbus-1/interfaces/
usr/share/dbus-1/interfaces/kf5_org.kde.krunner1.xml
usr/share/kdevappwizard/
usr/share/kdevappwizard/templates/
usr/share/kdevappwizard/templates/runner.tar.bz2
usr/share/kdevappwizard/templates/runnerpython.tar.bz2
usr/share/kservicetypes5/
usr/share/kservicetypes5/plasma-runner.desktop
usr/share/qlogging-categories5/
usr/share/qlogging-categories5/krunner.categories
usr/share/qlogging-categories5/krunner.renamecategories

Slackware package /tmp/krunner5/krunner5-5.116.0-x86_64-1_rtz.tlz created.

Create shared object file for krunner5-5.116.0-x86_64-1_rtz.tlz
Creating /tmp/krunner5/krunner5-5.116.0-x86_64-1_rtz.tlz.so.file using /tmp/krunner5/krunner5-5.116.0-x86_64-1_rtz.tlz
Successfully created /tmp/krunner5/krunner5-5.116.0-x86_64-1_rtz.tlz.so.file
Packaging of executable and meta-data in krunner5.tar.lz4 format.
/tmp/krunner5 /tmp/krunner5
/tmp/krunner5
BIN_NAME
README
krunner5-5.116.0-x86_64-1_rtz.tlz
krunner5-5.116.0-x86_64-1_rtz.tlz.md5
krunner5-5.116.0-x86_64-1_rtz.tlz.so.file
krunner5-5.116.0-x86_64-1_rtz.tlz.txt
krunner5.dep
makepkg-krunner5.log
krunner5 build finished. Procced to installation...

+=======================================================================================================+
| Upgrading krunner5-5.116.0-x86_64-1_rtz package using /tmp/krunner5/krunner5-5.116.0-x86_64-1_rtz.tlz |
+=======================================================================================================+

Pre-installing package krunner5-5.116.0-x86_64-1_rtz...
Removing package: krunner5-5.116.0-x86_64-1_rtz-upgraded-2025-05-14,23:20:26
Installing package krunner5-5.116.0-x86_64-1_rtz.tlz:
PACKAGE DESCRIPTION:
# krunner5 (Framework)
#
# Framework for providing different actions given a string query
#
# https://community.kde.org/Frameworks
Executing install script for krunner5-5.116.0-x86_64-1_rtz.tlz.
Font directories:
	/usr/share/fonts
/usr/share/fonts: caching, new cache contents: 0 fonts, 11 dirs
/usr/share/fonts/100dpi: caching, new cache contents: 238 fonts, 0 dirs
/usr/share/fonts/75dpi: caching, new cache contents: 238 fonts, 0 dirs
/usr/share/fonts/OTF: caching, new cache contents: 124 fonts, 0 dirs
/usr/share/fonts/Speedo: caching, new cache contents: 0 fonts, 0 dirs
/usr/share/fonts/TTF: caching, new cache contents: 1132 fonts, 0 dirs
/usr/share/fonts/Type1: caching, new cache contents: 64 fonts, 0 dirs
/usr/share/fonts/cyrillic: caching, new cache contents: 0 fonts, 0 dirs
/usr/share/fonts/encodings: caching, new cache contents: 0 fonts, 1 dirs
/usr/share/fonts/encodings/large: caching, new cache contents: 0 fonts, 0 dirs
/usr/share/fonts/kanjistrokeorders: caching, new cache contents: 1 fonts, 0 dirs
/usr/share/fonts/misc: caching, new cache contents: 143 fonts, 0 dirs
/usr/share/fonts/util: caching, new cache contents: 0 fonts, 0 dirs
/var/cache/fontconfig: cleaning cache directory
/root/.cache/fontconfig: not cleaning non-existent cache directory
/root/.fontconfig: not cleaning non-existent cache directory
/usr/bin/fc-cache: succeeded
Package krunner5-5.116.0-x86_64-1_rtz.tlz installed.
Package krunner5-5.116.0-x86_64-1_rtz upgraded with new package /tmp/krunner5/krunner5-5.116.0-x86_64-1_rtz.tlz.
Cleaning environmet: Removing source code, and work-space...
rm: cannot remove 'krunner-5.116.0.tar.xz': No such file or directory
