[32mStarting build process...[0m
Detected architecture: x86_64
Required dependencies: extra-cmake-modules	kcompletion	kconfig	kcoreaddons	kcrash	kdbusaddons	kdnssd	kdoctools	ki18n	knotifications	kpipewire	kstatusnotifieritem	kwallet	kwayland	kwidgetsaddons	kxmlgui	plasma-wayland-protocols
extra-cmake-modules is already installed!
kcompletion is already installed!
kconfig is already installed!
kcoreaddons is already installed!
kcrash is already installed!
kdbusaddons is already installed!
kdnssd is already installed!
kdoctools is already installed!
ki18n is already installed!
knotifications is already installed!
kpipewire is already installed!
kstatusnotifieritem is already installed!
kwallet is already installed!
kwayland is already installed!
kwidgetsaddons is already installed!
kxmlgui is already installed!
plasma-wayland-protocols is already installed!
No optional dependencies found.
Downloading source code tar.xz file
--2025-05-21 16:30:57--  https://download.kde.org/stable/release-service/25.04.1/src/krfb-25.04.1.tar.xz
Resolving download.kde.org (download.kde.org)... 49.12.122.15, 2a01:4f8:242:53eb::4
Connecting to download.kde.org (download.kde.org)|49.12.122.15|:443... connected.
HTTP request sent, awaiting response... 302 Found
Location: https://ftp.cc.uoc.gr/mirrors/kde/stable/release-service/25.04.1/src/krfb-25.04.1.tar.xz [following]
--2025-05-21 16:30:57--  https://ftp.cc.uoc.gr/mirrors/kde/stable/release-service/25.04.1/src/krfb-25.04.1.tar.xz
Resolving ftp.cc.uoc.gr (ftp.cc.uoc.gr)... 147.52.159.50, 2001:648:2c00:6c08::2
Connecting to ftp.cc.uoc.gr (ftp.cc.uoc.gr)|147.52.159.50|:443... connected.
HTTP request sent, awaiting response... 200 OK
Length: 1222088 (1.2M) [application/octet-stream]
Saving to: ‘krfb-25.04.1.tar.xz’

     0K .......... .......... .......... .......... ..........  4% 1.36M 1s
    50K .......... .......... .......... .......... ..........  8% 1.40M 1s
   100K .......... .......... .......... .......... .......... 12% 6.84M 1s
   150K .......... .......... .......... .......... .......... 16% 1.98M 1s
   200K .......... .......... .......... .......... .......... 20% 5.05M 0s
   250K .......... .......... .......... .......... .......... 25% 6.47M 0s
   300K .......... .......... .......... .......... .......... 29% 6.28M 0s
   350K .......... .......... .......... .......... .......... 33%  544K 0s
   400K .......... .......... .......... .......... .......... 37%  294M 0s
   450K .......... .......... .......... .......... .......... 41%  317M 0s
   500K .......... .......... .......... .......... .......... 46%  296M 0s
   550K .......... .......... .......... .......... .......... 50%  325M 0s
   600K .......... .......... .......... .......... .......... 54%  524M 0s
   650K .......... .......... .......... .......... .......... 58%  577M 0s
   700K .......... .......... .......... .......... .......... 62%  652M 0s
   750K .......... .......... .......... .......... .......... 67% 37.1M 0s
   800K .......... .......... .......... .......... .......... 71%  297M 0s
   850K .......... .......... .......... .......... .......... 75% 10.5M 0s
   900K .......... .......... .......... .......... .......... 79% 5.42M 0s
   950K .......... .......... .......... .......... .......... 83% 5.31M 0s
  1000K .......... .......... .......... .......... .......... 87% 6.47M 0s
  1050K .......... .......... .......... .......... .......... 92% 5.29M 0s
  1100K .......... .......... .......... .......... .......... 96% 7.17M 0s
  1150K .......... .......... .......... .......... ...       100% 1.16M=0.3s

2025-05-21 16:30:58 (3.82 MB/s) - ‘krfb-25.04.1.tar.xz’ saved [1222088/1222088]

Found file: krfb-25.04.1.tar.xz
No checksum provided. Skipping checksum verification and proceeding...
Creating working directories and exporting source code in...
krfb-25.04.1/
krfb-25.04.1/cmake/
krfb-25.04.1/cmake/modules/
krfb-25.04.1/cmake/modules/Findgbm.cmake
krfb-25.04.1/cmake/modules/FindLibVNCServer.cmake
krfb-25.04.1/cmake/modules/COPYING-CMAKE-SCRIPTS
krfb-25.04.1/.krazy
krfb-25.04.1/icons/
krfb-25.04.1/icons/48-apps-krfb.png
krfb-25.04.1/icons/sc-apps-krfb.svgz
krfb-25.04.1/icons/CMakeLists.txt
krfb-25.04.1/Mainpage.dox
krfb-25.04.1/NOTES
krfb-25.04.1/COPYING.LIB
krfb-25.04.1/krfb/
krfb-25.04.1/krfb/sockethelpers.cpp
krfb-25.04.1/krfb/events.cpp
krfb-25.04.1/krfb/invitationsrfbclient.h
krfb-25.04.1/krfb/org.kde.krfb.virtualmonitor.desktop.cmake
krfb-25.04.1/krfb/invitationsrfbserver.cpp
krfb-25.04.1/krfb/rfb.h
krfb-25.04.1/krfb/trayicon.cpp
krfb-25.04.1/krfb/framebufferplugin.h
krfb-25.04.1/krfb/connectiondialog.h
krfb-25.04.1/krfb/eventsplugin.cpp
krfb-25.04.1/krfb/framebufferplugin.cpp
krfb-25.04.1/krfb/krfb.notifyrc
krfb-25.04.1/krfb/Messages.sh
krfb-25.04.1/krfb/sockethelpers.h
krfb-25.04.1/krfb/rfbclient.h
krfb-25.04.1/krfb/rfbservermanager.h
krfb-25.04.1/krfb/events.h
krfb-25.04.1/krfb/mainwindow.h
krfb-25.04.1/krfb/org.kde.krfb.desktop
krfb-25.04.1/krfb/rfbservermanager.cpp
krfb-25.04.1/krfb/rfbserver.h
krfb-25.04.1/krfb/krfbui.rc
krfb-25.04.1/krfb/org.kde.krfb.appdata.xml
krfb-25.04.1/krfb/krfb.kcfg
krfb-25.04.1/krfb/config-krfb.h.cmake
krfb-25.04.1/krfb/framebuffer.h
krfb-25.04.1/krfb/krfb.qrc
krfb-25.04.1/krfb/rfbserver.cpp
krfb-25.04.1/krfb/mainwindow.cpp
krfb-25.04.1/krfb/eventsmanager.h
krfb-25.04.1/krfb/invitationsrfbserver.h
krfb-25.04.1/krfb/main.cpp
krfb-25.04.1/krfb/trayicon.h
krfb-25.04.1/krfb/framebuffermanager.cpp
krfb-25.04.1/krfb/invitationsrfbclient.cpp
krfb-25.04.1/krfb/rfbclient.cpp
krfb-25.04.1/krfb/CMakeLists.txt
krfb-25.04.1/krfb/eventsplugin.h
krfb-25.04.1/krfb/connectiondialog.cpp
krfb-25.04.1/krfb/krfbconfig.kcfgc
krfb-25.04.1/krfb/main-virtualmonitor.cpp
krfb-25.04.1/krfb/framebuffer.cpp
krfb-25.04.1/krfb/ui/
krfb-25.04.1/krfb/ui/connectionwidget.ui
krfb-25.04.1/krfb/ui/configsecurity.ui
krfb-25.04.1/krfb/ui/configframebuffer.ui
krfb-25.04.1/krfb/ui/mainwidget.ui
krfb-25.04.1/krfb/ui/configtcp.ui
krfb-25.04.1/krfb/framebuffermanager.h
krfb-25.04.1/krfb/eventsmanager.cpp
krfb-25.04.1/AUTHORS
krfb-25.04.1/CMakePresets.json.license
krfb-25.04.1/CMakePresets.json
krfb-25.04.1/LICENSES/
krfb-25.04.1/LICENSES/GPL-3.0-or-later.txt
krfb-25.04.1/LICENSES/BSD-3-Clause.txt
krfb-25.04.1/LICENSES/LGPL-3.0-only.txt
krfb-25.04.1/LICENSES/LGPL-2.1-only.txt
krfb-25.04.1/LICENSES/CC0-1.0.txt
krfb-25.04.1/LICENSES/LicenseRef-KDE-Accepted-LGPL.txt
krfb-25.04.1/LICENSES/GPL-2.0-or-later.txt
krfb-25.04.1/.gitlab-ci.yml
krfb-25.04.1/doc/
krfb-25.04.1/doc/configuration_network.png
krfb-25.04.1/doc/index.docbook
krfb-25.04.1/doc/screenshot.png
krfb-25.04.1/doc/connection.png
krfb-25.04.1/doc/configuration_security.png
krfb-25.04.1/doc/CMakeLists.txt
krfb-25.04.1/README
krfb-25.04.1/logo.png
krfb-25.04.1/snapcraft.yaml
krfb-25.04.1/framebuffers/
krfb-25.04.1/framebuffers/pipewire/
krfb-25.04.1/framebuffers/pipewire/pw_framebufferplugin.h
krfb-25.04.1/framebuffers/pipewire/pipewire.json
krfb-25.04.1/framebuffers/pipewire/pw_framebuffer.cpp
krfb-25.04.1/framebuffers/pipewire/screencasting.h
krfb-25.04.1/framebuffers/pipewire/pw_framebufferplugin.cpp
krfb-25.04.1/framebuffers/pipewire/pw_framebuffer.h
krfb-25.04.1/framebuffers/pipewire/CMakeLists.txt
krfb-25.04.1/framebuffers/pipewire/screencasting.cpp
krfb-25.04.1/framebuffers/xcb/
krfb-25.04.1/framebuffers/xcb/xcb_framebufferplugin.cpp
krfb-25.04.1/framebuffers/xcb/xcb_framebufferplugin.h
krfb-25.04.1/framebuffers/xcb/xcb_framebuffer.cpp
krfb-25.04.1/framebuffers/xcb/xcb.json
krfb-25.04.1/framebuffers/xcb/xcb_framebuffer.h
krfb-25.04.1/framebuffers/xcb/CMakeLists.txt
krfb-25.04.1/framebuffers/CMakeLists.txt
krfb-25.04.1/TODO
krfb-25.04.1/.kde-ci.yml
krfb-25.04.1/COPYING.DOC
krfb-25.04.1/.flatpak-manifest.json.license
krfb-25.04.1/dbus/
krfb-25.04.1/dbus/xdp_dbus_remotedesktop_interface.xml
krfb-25.04.1/dbus/xdp_dbus_screencast_interface.xml
krfb-25.04.1/events/
krfb-25.04.1/events/xdp/
krfb-25.04.1/events/xdp/xdpevents.cpp
krfb-25.04.1/events/xdp/xdpevents.h
krfb-25.04.1/events/xdp/xdpeventsplugin.cpp
krfb-25.04.1/events/xdp/xdpeventsplugin.h
krfb-25.04.1/events/xdp/CMakeLists.txt
krfb-25.04.1/events/x11/
krfb-25.04.1/events/x11/x11eventsplugin.h
krfb-25.04.1/events/x11/x11events.h
krfb-25.04.1/events/x11/x11events.cpp
krfb-25.04.1/events/x11/x11eventsplugin.cpp
krfb-25.04.1/events/x11/CMakeLists.txt
krfb-25.04.1/events/CMakeLists.txt
krfb-25.04.1/po/
krfb-25.04.1/po/fa/
krfb-25.04.1/po/fa/krfb.po
krfb-25.04.1/po/bg/
krfb-25.04.1/po/bg/krfb.po
krfb-25.04.1/po/pt/
krfb-25.04.1/po/pt/krfb.po
krfb-25.04.1/po/pt/docs/
krfb-25.04.1/po/pt/docs/krfb/
krfb-25.04.1/po/pt/docs/krfb/index.docbook
krfb-25.04.1/po/km/
krfb-25.04.1/po/km/krfb.po
krfb-25.04.1/po/nn/
krfb-25.04.1/po/nn/krfb.po
krfb-25.04.1/po/pl/
krfb-25.04.1/po/pl/krfb.po
krfb-25.04.1/po/pl/docs/
krfb-25.04.1/po/pl/docs/krfb/
krfb-25.04.1/po/pl/docs/krfb/index.docbook
krfb-25.04.1/po/vi/
krfb-25.04.1/po/vi/krfb.po
krfb-25.04.1/po/ja/
krfb-25.04.1/po/ja/krfb.po
krfb-25.04.1/po/pa/
krfb-25.04.1/po/pa/krfb.po
krfb-25.04.1/po/bs/
krfb-25.04.1/po/bs/krfb.po
krfb-25.04.1/po/zh_CN/
krfb-25.04.1/po/zh_CN/krfb.po
krfb-25.04.1/po/cs/
krfb-25.04.1/po/cs/krfb.po
krfb-25.04.1/po/es/
krfb-25.04.1/po/es/krfb.po
krfb-25.04.1/po/es/docs/
krfb-25.04.1/po/es/docs/krfb/
krfb-25.04.1/po/es/docs/krfb/index.docbook
krfb-25.04.1/po/ka/
krfb-25.04.1/po/ka/krfb.po
krfb-25.04.1/po/is/
krfb-25.04.1/po/is/krfb.po
krfb-25.04.1/po/hsb/
krfb-25.04.1/po/hsb/krfb.po
krfb-25.04.1/po/tr/
krfb-25.04.1/po/tr/krfb.po
krfb-25.04.1/po/ug/
krfb-25.04.1/po/ug/krfb.po
krfb-25.04.1/po/ca/
krfb-25.04.1/po/ca/krfb.po
krfb-25.04.1/po/ca/docs/
krfb-25.04.1/po/ca/docs/krfb/
krfb-25.04.1/po/ca/docs/krfb/index.docbook
krfb-25.04.1/po/se/
krfb-25.04.1/po/se/krfb.po
krfb-25.04.1/po/ca@valencia/
krfb-25.04.1/po/ca@valencia/krfb.po
krfb-25.04.1/po/hr/
krfb-25.04.1/po/hr/krfb.po
krfb-25.04.1/po/gl/
krfb-25.04.1/po/gl/krfb.po
krfb-25.04.1/po/ro/
krfb-25.04.1/po/ro/krfb.po
krfb-25.04.1/po/oc/
krfb-25.04.1/po/oc/krfb.po
krfb-25.04.1/po/br/
krfb-25.04.1/po/br/krfb.po
krfb-25.04.1/po/eo/
krfb-25.04.1/po/eo/krfb.po
krfb-25.04.1/po/sr@ijekavian/
krfb-25.04.1/po/sr@ijekavian/krfb.po
krfb-25.04.1/po/nl/
krfb-25.04.1/po/nl/krfb.po
krfb-25.04.1/po/nl/docs/
krfb-25.04.1/po/nl/docs/krfb/
krfb-25.04.1/po/nl/docs/krfb/index.docbook
krfb-25.04.1/po/mr/
krfb-25.04.1/po/mr/krfb.po
krfb-25.04.1/po/af/
krfb-25.04.1/po/af/krfb.po
krfb-25.04.1/po/ml/
krfb-25.04.1/po/ml/krfb.po
krfb-25.04.1/po/hu/
krfb-25.04.1/po/hu/krfb.po
krfb-25.04.1/po/eu/
krfb-25.04.1/po/eu/krfb.po
krfb-25.04.1/po/lv/
krfb-25.04.1/po/lv/krfb.po
krfb-25.04.1/po/mk/
krfb-25.04.1/po/mk/krfb.po
krfb-25.04.1/po/nb/
krfb-25.04.1/po/nb/krfb.po
krfb-25.04.1/po/fr/
krfb-25.04.1/po/fr/krfb.po
krfb-25.04.1/po/fr/docs/
krfb-25.04.1/po/fr/docs/krfb/
krfb-25.04.1/po/fr/docs/krfb/configuration_network.png
krfb-25.04.1/po/fr/docs/krfb/index.docbook
krfb-25.04.1/po/fr/docs/krfb/screenshot.png
krfb-25.04.1/po/fr/docs/krfb/personal_invitation.png
krfb-25.04.1/po/fr/docs/krfb/connection.png
krfb-25.04.1/po/fr/docs/krfb/configuration_security.png
krfb-25.04.1/po/fr/docs/krfb/email_invitation.png
krfb-25.04.1/po/hi/
krfb-25.04.1/po/hi/krfb.po
krfb-25.04.1/po/sl/
krfb-25.04.1/po/sl/krfb.po
krfb-25.04.1/po/sl/docs/
krfb-25.04.1/po/sl/docs/krfb/
krfb-25.04.1/po/sl/docs/krfb/index.docbook
krfb-25.04.1/po/sr@latin/
krfb-25.04.1/po/sr@latin/krfb.po
krfb-25.04.1/po/sr@latin/docs/
krfb-25.04.1/po/sr@latin/docs/krfb/
krfb-25.04.1/po/sr@latin/docs/krfb/index.docbook
krfb-25.04.1/po/th/
krfb-25.04.1/po/th/krfb.po
krfb-25.04.1/po/ta/
krfb-25.04.1/po/ta/krfb.po
krfb-25.04.1/po/sr/
krfb-25.04.1/po/sr/krfb.po
krfb-25.04.1/po/sr/docs/
krfb-25.04.1/po/sr/docs/krfb/
krfb-25.04.1/po/sr/docs/krfb/index.docbook
krfb-25.04.1/po/sr/docs/krfb/l10n-track
krfb-25.04.1/po/he/
krfb-25.04.1/po/he/krfb.po
krfb-25.04.1/po/de/
krfb-25.04.1/po/de/krfb.po
krfb-25.04.1/po/de/docs/
krfb-25.04.1/po/de/docs/krfb/
krfb-25.04.1/po/de/docs/krfb/configuration_network.png
krfb-25.04.1/po/de/docs/krfb/index.docbook
krfb-25.04.1/po/de/docs/krfb/screenshot.png
krfb-25.04.1/po/de/docs/krfb/personal_invitation.png
krfb-25.04.1/po/de/docs/krfb/connection.png
krfb-25.04.1/po/de/docs/krfb/configuration_security.png
krfb-25.04.1/po/de/docs/krfb/email_invitation.png
krfb-25.04.1/po/ar/
krfb-25.04.1/po/ar/krfb.po
krfb-25.04.1/po/sk/
krfb-25.04.1/po/sk/krfb.po
krfb-25.04.1/po/zh_TW/
krfb-25.04.1/po/zh_TW/krfb.po
krfb-25.04.1/po/et/
krfb-25.04.1/po/et/krfb.po
krfb-25.04.1/po/et/docs/
krfb-25.04.1/po/et/docs/krfb/
krfb-25.04.1/po/et/docs/krfb/index.docbook
krfb-25.04.1/po/it/
krfb-25.04.1/po/it/krfb.po
krfb-25.04.1/po/it/docs/
krfb-25.04.1/po/it/docs/krfb/
krfb-25.04.1/po/it/docs/krfb/index.docbook
krfb-25.04.1/po/mai/
krfb-25.04.1/po/mai/krfb.po
krfb-25.04.1/po/el/
krfb-25.04.1/po/el/krfb.po
krfb-25.04.1/po/da/
krfb-25.04.1/po/da/krfb.po
krfb-25.04.1/po/xh/
krfb-25.04.1/po/xh/krfb.po
krfb-25.04.1/po/pt_BR/
krfb-25.04.1/po/pt_BR/krfb.po
krfb-25.04.1/po/pt_BR/docs/
krfb-25.04.1/po/pt_BR/docs/krfb/
krfb-25.04.1/po/pt_BR/docs/krfb/index.docbook
krfb-25.04.1/po/ru/
krfb-25.04.1/po/ru/krfb.po
krfb-25.04.1/po/ru/docs/
krfb-25.04.1/po/ru/docs/krfb/
krfb-25.04.1/po/ru/docs/krfb/index.docbook
krfb-25.04.1/po/sq/
krfb-25.04.1/po/sq/krfb.po
krfb-25.04.1/po/id/
krfb-25.04.1/po/id/krfb.po
krfb-25.04.1/po/ia/
krfb-25.04.1/po/ia/krfb.po
krfb-25.04.1/po/cy/
krfb-25.04.1/po/cy/krfb.po
krfb-25.04.1/po/sv/
krfb-25.04.1/po/sv/krfb.po
krfb-25.04.1/po/sv/docs/
krfb-25.04.1/po/sv/docs/krfb/
krfb-25.04.1/po/sv/docs/krfb/configuration_network.png
krfb-25.04.1/po/sv/docs/krfb/configuration_session.png
krfb-25.04.1/po/sv/docs/krfb/index.docbook
krfb-25.04.1/po/sv/docs/krfb/screenshot.png
krfb-25.04.1/po/sv/docs/krfb/personal_invitation.png
krfb-25.04.1/po/sv/docs/krfb/connection.png
krfb-25.04.1/po/sv/docs/krfb/email_invitation.png
krfb-25.04.1/po/sv/docs/krfb/configuration_access.png
krfb-25.04.1/po/sv/docs/krfb/invitation_management.png
krfb-25.04.1/po/ne/
krfb-25.04.1/po/ne/krfb.po
krfb-25.04.1/po/ms/
krfb-25.04.1/po/ms/krfb.po
krfb-25.04.1/po/fi/
krfb-25.04.1/po/fi/krfb.po
krfb-25.04.1/po/kk/
krfb-25.04.1/po/kk/krfb.po
krfb-25.04.1/po/ast/
krfb-25.04.1/po/ast/krfb.po
krfb-25.04.1/po/lt/
krfb-25.04.1/po/lt/krfb.po
krfb-25.04.1/po/be/
krfb-25.04.1/po/be/krfb.po
krfb-25.04.1/po/tg/
krfb-25.04.1/po/tg/krfb.po
krfb-25.04.1/po/sa/
krfb-25.04.1/po/sa/krfb.po
krfb-25.04.1/po/ko/
krfb-25.04.1/po/ko/krfb.po
krfb-25.04.1/po/hne/
krfb-25.04.1/po/hne/krfb.po
krfb-25.04.1/po/ga/
krfb-25.04.1/po/ga/krfb.po
krfb-25.04.1/po/en_GB/
krfb-25.04.1/po/en_GB/krfb.po
krfb-25.04.1/po/uk/
krfb-25.04.1/po/uk/krfb.po
krfb-25.04.1/po/uk/docs/
krfb-25.04.1/po/uk/docs/krfb/
krfb-25.04.1/po/uk/docs/krfb/index.docbook
krfb-25.04.1/po/sr@ijekavianlatin/
krfb-25.04.1/po/sr@ijekavianlatin/krfb.po
krfb-25.04.1/po/nds/
krfb-25.04.1/po/nds/krfb.po
krfb-25.04.1/.flatpak-manifest.json
krfb-25.04.1/CMakeLists.txt
krfb-25.04.1/COPYING
krfb-25.04.1/.gitignore
/home/omen/GITHUB/Athos/AthOS/REPO-AthOS/krfb/work
README or README.md already exists, skipping creation.
hm...lets continue and see what happens
-- The C compiler identification is GNU 14.2.0
-- The CXX compiler identification is GNU 14.2.0
-- Detecting C compiler ABI info
-- Detecting C compiler ABI info - done
-- Check for working C compiler: /usr/bin/cc - skipped
-- Detecting C compile features
-- Detecting C compile features - done
-- Detecting CXX compiler ABI info
-- Detecting CXX compiler ABI info - done
-- Check for working CXX compiler: /usr/bin/c++ - skipped
-- Detecting CXX compile features
-- Detecting CXX compile features - done
-- Installing in the same prefix as Qt, adopting their path scheme.
-- Looking for __GLIBC__
-- Looking for __GLIBC__ - found
-- Performing Test _OFFT_IS_64BIT
-- Performing Test _OFFT_IS_64BIT - Success
-- Performing Test HAVE_DATE_TIME
-- Performing Test HAVE_DATE_TIME - Success
-- Looking for linux/input.h
-- Looking for linux/input.h - found
-- Performing Test HAVE_STDATOMIC
-- Performing Test HAVE_STDATOMIC - Success
-- Found WrapAtomic: TRUE
-- Found OpenGL: /usr/lib64/libOpenGL.so
-- Found WrapOpenGL: TRUE
-- Found XKB: /usr/lib64/libxkbcommon.so (found suitable version "1.9.2", minimum required is "0.5.0")
-- Found WrapVulkanHeaders: /usr/include
-- Found Gettext: /usr/bin/msgmerge (found version "0.25")
-- Found KF6I18n: /usr/lib64/cmake/KF6I18n/KF6I18nConfig.cmake (found version "6.14.0")
-- Found KF6Config: /usr/lib64/cmake/KF6Config/KF6ConfigConfig.cmake (found version "6.14.0")
-- Found KF6CoreAddons: /usr/lib64/cmake/KF6CoreAddons/KF6CoreAddonsConfig.cmake (found version "6.14.0")
-- Found KF6DBusAddons: /usr/lib64/cmake/KF6DBusAddons/KF6DBusAddonsConfig.cmake (found version "6.14.0")
-- Found KF6DNSSD: /usr/lib64/cmake/KF6DNSSD/KF6DNSSDConfig.cmake (found version "6.14.0")
-- Found KF6DocTools: /usr/lib64/cmake/KF6DocTools/KF6DocToolsConfig.cmake (found version "6.14.0")
-- Found KF6Notifications: /usr/lib/cmake/KF6Notifications/KF6NotificationsConfig.cmake (found version "6.14.0")
-- Found KF6Wallet: /usr/lib64/cmake/KF6Wallet/KF6WalletConfig.cmake (found version "6.14.1")
-- Found KF6WidgetsAddons: /usr/lib64/cmake/KF6WidgetsAddons/KF6WidgetsAddonsConfig.cmake (found version "6.14.0")
-- Found X11: /usr/include
-- Looking for XOpenDisplay in /usr/lib64/libX11.so;/usr/lib64/libXext.so
-- Looking for XOpenDisplay in /usr/lib64/libX11.so;/usr/lib64/libXext.so - found
-- Looking for gethostbyname
-- Looking for gethostbyname - found
-- Looking for connect
-- Looking for connect - found
-- Looking for remove
-- Looking for remove - found
-- Looking for shmat
-- Looking for shmat - found
-- Looking for IceConnectionNumber in ICE
-- Looking for IceConnectionNumber in ICE - found
-- Found KF6WindowSystem: /usr/lib64/cmake/KF6WindowSystem/KF6WindowSystemConfig.cmake (found version "6.14.0")
-- Found KF6XmlGui: /usr/lib64/cmake/KF6XmlGui/KF6XmlGuiConfig.cmake (found version "6.14.0")
-- Found KF6StatusNotifierItem: /usr/lib64/cmake/KF6StatusNotifierItem/KF6StatusNotifierItemConfig.cmake (found version "6.14.0")
-- Found KF6Crash: /usr/lib64/cmake/KF6Crash/KF6CrashConfig.cmake (found version "6.14.0")
-- Found KF6: success (found suitable version "6.14.0", minimum required is "6.2.0") found components: I18n Config CoreAddons DBusAddons DNSSD DocTools Notifications Wallet WidgetsAddons WindowSystem XmlGui StatusNotifierItem Crash
-- Found XCB_XCB: /usr/lib64/libxcb.so (found version "1.17.0")
-- Found XCB_RENDER: /usr/lib64/libxcb-render.so (found version "1.17.0")
-- Found XCB_SHAPE: /usr/lib64/libxcb-shape.so (found version "1.17.0")
-- Found XCB_XFIXES: /usr/lib64/libxcb-xfixes.so (found version "1.17.0")
-- Found XCB_SHM: /usr/lib64/libxcb-shm.so (found version "1.17.0")
-- Found XCB_DAMAGE: /usr/lib64/libxcb-damage.so (found version "1.17.0")
-- Found XCB_IMAGE: /usr/lib64/libxcb-image.so (found version "0.4.1")
-- Found XCB: /usr/lib64/libxcb.so;/usr/lib64/libxcb-render.so;/usr/lib64/libxcb-shape.so;/usr/lib64/libxcb-xfixes.so;/usr/lib64/libxcb-shm.so;/usr/lib64/libxcb-damage.so;/usr/lib64/libxcb-image.so (found version "1.17.0") found components: XCB RENDER SHAPE XFIXES DAMAGE SHM IMAGE
-- Performing Test LIBVNCSERVER_FOUND
-- Performing Test LIBVNCSERVER_FOUND - Success
-- Found LibVNCServer: /usr/lib64/libvncserver.so
-- Checking for module 'libpipewire-0.3'
--   Found libpipewire-0.3, version 1.4.2
-- Found QtWaylandScanner: /usr/lib64/qt6/bin/qtwaylandscanner
-- Found Wayland_Client: /usr/lib64/libwayland-client.so (found version "1.23.1")
-- Found Wayland_Server: /usr/lib64/libwayland-server.so (found version "1.23.1")
-- Found Wayland_Cursor: /usr/lib64/libwayland-cursor.so (found version "1.23.1")
-- Found Wayland_Egl: /usr/lib64/libwayland-egl.so (found version "18.1.0")
-- Found Wayland: /usr/lib64/libwayland-client.so;/usr/lib64/libwayland-server.so;/usr/lib64/libwayland-cursor.so;/usr/lib64/libwayland-egl.so (found suitable version "1.23.1", minimum required is "1.15")
-- Found WaylandScanner: /usr/bin/wayland-scanner
-- Found Wayland: /usr/lib64/libwayland-client.so;/usr/lib64/libwayland-server.so;/usr/lib64/libwayland-cursor.so;/usr/lib64/libwayland-egl.so (found version "1.23.1") found components: Client
-- Performing Test COMPILER_HAS_HIDDEN_VISIBILITY
-- Performing Test COMPILER_HAS_HIDDEN_VISIBILITY - Success
-- Performing Test COMPILER_HAS_HIDDEN_INLINE_VISIBILITY
-- Performing Test COMPILER_HAS_HIDDEN_INLINE_VISIBILITY - Success
-- Performing Test COMPILER_HAS_DEPRECATED_ATTR
-- Performing Test COMPILER_HAS_DEPRECATED_ATTR - Success
-- The following features have been enabled:

 * PipeWire, Required for pipewire screencast plugin

-- The following OPTIONAL packages have been found:

 * OpenGL
 * Vulkan
 * Qt6DBusTools (required version >= 6.8.3)
 * Qt6DBus (required version >= 6.7.0)
 * Qt6QmlTools (required version >= 6.8.3)
 * Qt6WidgetsTools (required version >= 6.8.3)
 * Qt6Widgets (required version >= 6.7.0)
 * Freetype
 * Fontconfig
 * PlasmaWaylandProtocols (required version >= 1.5.0)
 * XKB (required version >= 0.5.0), XKB API common to servers and clients., <http://xkbcommon.org>
 * WrapVulkanHeaders
 * Qt6CoreTools (required version >= 6.8.3)
 * Qt6GuiTools (required version >= 6.8.3)
 * Qt6WaylandScannerTools (required version >= 6.8.3)
 * Qt6WaylandClient
 * PkgConfig

-- The following REQUIRED packages have been found:

 * ECM (required version >= 6.2.0)
 * Gettext
 * KF6I18n (required version >= 6.2.0)
 * KF6CoreAddons (required version >= 6.2.0)
 * KF6DBusAddons (required version >= 6.2.0)
 * KF6DNSSD (required version >= 6.2.0)
 * KF6DocTools (required version >= 6.2.0)
 * KF6Notifications (required version >= 6.2.0)
 * KF6Wallet (required version >= 6.2.0)
 * KF6WindowSystem (required version >= 6.2.0)
 * KF6Config (required version >= 6.14.0)
 * KF6WidgetsAddons (required version >= 6.14.0)
 * KF6XmlGui (required version >= 6.2.0)
 * KF6StatusNotifierItem (required version >= 6.2.0)
 * KF6Crash (required version >= 6.2.0)
 * KF6 (required version >= 6.2.0)
 * X11
 * XCB, X protocol C-language Binding, <https://xcb.freedesktop.org/>
 * LibVNCServer
 * Qt6Core
 * KPipeWire
 * KWayland
 * Qt6
 * QtWaylandScanner, Executable that converts XML protocol files to C++ code, <https://qt.io/>
 * Wayland, C library implementation of the Wayland protocol: a protocol for a compositor to talk to its clients, <https://wayland.freedesktop.org/>

-- The following OPTIONAL packages have not been found:

 * Qt6QmlCompilerPlusPrivateTools (required version >= 6.8.3)

-- Configuring done (2.3s)
-- Generating done (0.1s)
-- Build files have been written to: /home/omen/GITHUB/Athos/AthOS/REPO-AthOS/krfb/work/krfb-25.04.1/build
[1/103] Generating ts...
[2/103] Generating mo...
[3/103] Generating po/ca/docs/krfb/index.cache.bz2
[4/103] Generating po/sv/docs/krfb/index.cache.bz2
[5/103] Generating po/uk/docs/krfb/index.cache.bz2
[6/103] Generating po/pt/docs/krfb/index.cache.bz2
[7/103] Generating po/ru/docs/krfb/index.cache.bz2
[8/103] Generating index.cache.bz2
[9/103] Generating po/pl/docs/krfb/index.cache.bz2
[10/103] Generating po/sr@latin/docs/krfb/index.cache.bz2
[11/103] Generating po/fr/docs/krfb/index.cache.bz2
[12/103] Generating po/pt_BR/docs/krfb/index.cache.bz2
I/O warning : failed to load "/usr/share/kf6/kdoctools/customization/xsl/pt-BR.xml": No such file or directory
No "pt_br" localization of "footer-doc-comment" exists; using "en".
No "pt_br" localization of "footer-doc-feedback" exists; using "en".
No "pt_br" localization of "footer-doc-teamname" exists; using "en".
No "pt_br" localization of "footer-doc-comment" exists; using "en".
No "pt_br" localization of "footer-doc-feedback" exists; using "en".
No "pt_br" localization of "footer-doc-teamname" exists; using "en".
No "pt_br" localization of "footer-doc-comment" exists; using "en".
No "pt_br" localization of "footer-doc-feedback" exists; using "en".
No "pt_br" localization of "footer-doc-teamname" exists; using "en".
No "pt_br" localization of "footer-doc-comment" exists; using "en".
No "pt_br" localization of "footer-doc-feedback" exists; using "en".
No "pt_br" localization of "footer-doc-teamname" exists; using "en".
No "pt_br" localization of "footer-doc-comment" exists; using "en".
No "pt_br" localization of "footer-doc-feedback" exists; using "en".
No "pt_br" localization of "footer-doc-teamname" exists; using "en".
No "pt_br" localization of "footer-doc-comment" exists; using "en".
No "pt_br" localization of "footer-doc-feedback" exists; using "en".
No "pt_br" localization of "footer-doc-teamname" exists; using "en".
No "pt_br" localization of "footer-doc-comment" exists; using "en".
No "pt_br" localization of "footer-doc-feedback" exists; using "en".
No "pt_br" localization of "footer-doc-teamname" exists; using "en".
No "pt_br" localization of "footer-doc-comment" exists; using "en".
No "pt_br" localization of "footer-doc-feedback" exists; using "en".
No "pt_br" localization of "footer-doc-teamname" exists; using "en".
No "pt_br" localization of "footer-doc-comment" exists; using "en".
No "pt_br" localization of "footer-doc-feedback" exists; using "en".
No "pt_br" localization of "footer-doc-teamname" exists; using "en".
No "pt_br" localization of "footer-doc-comment" exists; using "en".
No "pt_br" localization of "footer-doc-feedback" exists; using "en".
No "pt_br" localization of "footer-doc-teamname" exists; using "en".
[13/103] Generating po/sr/docs/krfb/index.cache.bz2
[14/103] Generating po/it/docs/krfb/index.cache.bz2
[15/103] Generating po/sl/docs/krfb/index.cache.bz2
[16/103] Generating po/de/docs/krfb/index.cache.bz2
[17/103] Generating po/nl/docs/krfb/index.cache.bz2
[18/103] Generating po/et/docs/krfb/index.cache.bz2
[19/103] Generating po/es/docs/krfb/index.cache.bz2
[20/103] Automatic MOC for target krfbprivate
[21/103] Building CXX object krfb/CMakeFiles/krfbprivate.dir/framebufferplugin.cpp.o
[22/103] Building CXX object krfb/CMakeFiles/krfbprivate.dir/eventsplugin.cpp.o
[23/103] Building CXX object krfb/CMakeFiles/krfbprivate.dir/events.cpp.o
[24/103] Building CXX object krfb/CMakeFiles/krfbprivate.dir/framebuffer.cpp.o
[25/103] Building CXX object krfb/CMakeFiles/krfbprivate.dir/krfbprivate_autogen/mocs_compilation.cpp.o
[26/103] Linking CXX shared library bin/libkrfbprivate.so.5
[27/103] Creating library symlink bin/libkrfbprivate.so.5.0 bin/libkrfbprivate.so
[28/103] Generating krfbconfig.h, krfbconfig.cpp
[29/103] Generating ui_configsecurity.h
[30/103] Generating ui_configframebuffer.h
[31/103] Generating ui_connectionwidget.h
[32/103] Generating ui_mainwidget.h
[33/103] Generating qwayland-screencast.cpp
[34/103] Generating wayland-screencast-protocol.c
[35/103] Generating wayland-screencast-client-protocol.h
[36/103] Generating qwayland-screencast.h
[37/103] Generating ui_configtcp.h
[38/103] Automatic MOC for target krfb_events_x11
[39/103] Automatic MOC for target krfb_events_xdp
[40/103] Automatic MOC for target krfb-virtualmonitor
[41/103] Generating xdp_dbus_remotedesktop_interface.cpp, xdp_dbus_remotedesktop_interface.h
[42/103] Automatic MOC for target krfb
[43/103] Generating moc_xdp_dbus_remotedesktop_interface.cpp
[44/103] Generating qrc_krfb.cpp
[45/103] Automatic MOC for target krfb_framebuffer_xcb
[46/103] Automatic MOC for target krfb_framebuffer_pw
[47/103] Generating xdp_dbus_screencast_interface.cpp, xdp_dbus_screencast_interface.h
[48/103] Generating xdp_dbus_remotedesktop_interface.cpp, xdp_dbus_remotedesktop_interface.h
[49/103] Generating moc_xdp_dbus_screencast_interface.cpp
[50/103] Generating moc_xdp_dbus_remotedesktop_interface.cpp
[51/103] Building CXX object krfb/CMakeFiles/krfb-virtualmonitor.dir/sockethelpers.cpp.o
[52/103] Building CXX object krfb/CMakeFiles/krfb-virtualmonitor.dir/krfbdebug.cpp.o
[53/103] Building CXX object events/xdp/CMakeFiles/krfb_events_xdp.dir/krfb_events_xdp_autogen/mocs_compilation.cpp.o
[54/103] Building CXX object events/x11/CMakeFiles/krfb_events_x11.dir/krfb_events_x11_autogen/mocs_compilation.cpp.o
[55/103] Building CXX object events/x11/CMakeFiles/krfb_events_x11.dir/x11eventsplugin.cpp.o
[56/103] Building CXX object events/x11/CMakeFiles/krfb_events_x11.dir/x11events.cpp.o
[57/103] Building CXX object krfb/CMakeFiles/krfb.dir/events.cpp.o
[58/103] Building CXX object krfb/CMakeFiles/krfb-virtualmonitor.dir/krfb-virtualmonitor_autogen/mocs_compilation.cpp.o
[59/103] Building CXX object events/xdp/CMakeFiles/krfb_events_xdp.dir/xdpeventsplugin.cpp.o
[60/103] Building CXX object krfb/CMakeFiles/krfb-virtualmonitor.dir/krfbconfig.cpp.o
[61/103] Building CXX object krfb/CMakeFiles/krfb-virtualmonitor.dir/rfbserver.cpp.o
[62/103] Building CXX object krfb/CMakeFiles/krfb-virtualmonitor.dir/rfbclient.cpp.o
[63/103] Building CXX object krfb/CMakeFiles/krfb.dir/qrc_krfb.cpp.o
[64/103] Building CXX object krfb/CMakeFiles/krfb.dir/connectiondialog.cpp.o
[65/103] Building CXX object krfb/CMakeFiles/krfb-virtualmonitor.dir/eventsmanager.cpp.o
[66/103] Building CXX object krfb/CMakeFiles/krfb.dir/krfb_autogen/mocs_compilation.cpp.o
[67/103] Building CXX object krfb/CMakeFiles/krfb.dir/sockethelpers.cpp.o
[68/103] Building CXX object krfb/CMakeFiles/krfb-virtualmonitor.dir/rfbservermanager.cpp.o
[69/103] Building CXX object krfb/CMakeFiles/krfb-virtualmonitor.dir/main-virtualmonitor.cpp.o
[70/103] Building CXX object krfb/CMakeFiles/krfb.dir/eventsmanager.cpp.o
[71/103] Building CXX object krfb/CMakeFiles/krfb.dir/framebuffermanager.cpp.o
[72/103] Building CXX object krfb/CMakeFiles/krfb-virtualmonitor.dir/framebuffermanager.cpp.o
[73/103] Building CXX object events/xdp/CMakeFiles/krfb_events_xdp.dir/xdp_dbus_remotedesktop_interface.cpp.o
[74/103] Building CXX object krfb/CMakeFiles/krfb.dir/krfbdebug.cpp.o
[75/103] Building C object framebuffers/pipewire/CMakeFiles/krfb_framebuffer_pw.dir/wayland-screencast-protocol.c.o
cc1: warning: command-line option ‘-Wno-zero-as-null-pointer-constant’ is valid for C++/ObjC++ but not for C
cc1: note: unrecognized command-line option ‘-Wno-c99-extensions’ may have been intended to silence earlier diagnostics
cc1: note: unrecognized command-line option ‘-Wno-gnu-statement-expression-from-macro-expansion’ may have been intended to silence earlier diagnostics
[76/103] Building CXX object krfb/CMakeFiles/krfb.dir/rfbclient.cpp.o
[77/103] Building CXX object krfb/CMakeFiles/krfb.dir/rfbserver.cpp.o
[78/103] Building CXX object krfb/CMakeFiles/krfb.dir/main.cpp.o
[79/103] Building CXX object krfb/CMakeFiles/krfb.dir/trayicon.cpp.o
[80/103] Linking CXX shared module bin/x11.so
[81/103] Building CXX object framebuffers/xcb/CMakeFiles/krfb_framebuffer_xcb.dir/xcb_framebufferplugin.cpp.o
[82/103] Building CXX object framebuffers/xcb/CMakeFiles/krfb_framebuffer_xcb.dir/krfb_fb_xcb_debug.cpp.o
[83/103] Linking CXX executable bin/krfb-virtualmonitor
[84/103] Building CXX object framebuffers/xcb/CMakeFiles/krfb_framebuffer_xcb.dir/xcb_framebuffer.cpp.o
[85/103] Building CXX object krfb/CMakeFiles/krfb.dir/rfbservermanager.cpp.o
[86/103] Building CXX object framebuffers/xcb/CMakeFiles/krfb_framebuffer_xcb.dir/krfb_framebuffer_xcb_autogen/mocs_compilation.cpp.o
[87/103] Building CXX object events/xdp/CMakeFiles/krfb_events_xdp.dir/xdpevents.cpp.o
[88/103] Building CXX object krfb/CMakeFiles/krfb.dir/invitationsrfbserver.cpp.o
[89/103] Building CXX object krfb/CMakeFiles/krfb.dir/invitationsrfbclient.cpp.o
[90/103] Linking CXX shared module bin/xcb.so
[91/103] Building CXX object krfb/CMakeFiles/krfb.dir/krfbconfig.cpp.o
[92/103] Building CXX object framebuffers/pipewire/CMakeFiles/krfb_framebuffer_pw.dir/krfb_framebuffer_pw_autogen/mocs_compilation.cpp.o
[93/103] Linking CXX shared module bin/xdp.so
[94/103] Building CXX object framebuffers/pipewire/CMakeFiles/krfb_framebuffer_pw.dir/screencasting.cpp.o
[95/103] Building CXX object framebuffers/pipewire/CMakeFiles/krfb_framebuffer_pw.dir/pw_framebufferplugin.cpp.o
[96/103] Building CXX object framebuffers/pipewire/CMakeFiles/krfb_framebuffer_pw.dir/qwayland-screencast.cpp.o
[97/103] Building CXX object framebuffers/pipewire/CMakeFiles/krfb_framebuffer_pw.dir/krfb_fb_pipewire_debug.cpp.o
[98/103] Building CXX object krfb/CMakeFiles/krfb.dir/mainwindow.cpp.o
[99/103] Linking CXX executable bin/krfb
[100/103] Building CXX object framebuffers/pipewire/CMakeFiles/krfb_framebuffer_pw.dir/xdp_dbus_screencast_interface.cpp.o
[101/103] Building CXX object framebuffers/pipewire/CMakeFiles/krfb_framebuffer_pw.dir/xdp_dbus_remotedesktop_interface.cpp.o
[102/103] Building CXX object framebuffers/pipewire/CMakeFiles/krfb_framebuffer_pw.dir/pw_framebuffer.cpp.o
[103/103] Linking CXX shared module bin/pw.so
-- Install configuration: "RelWithDebInfo"
-- Installing: /home/omen/GITHUB/Athos/AthOS/REPO-AthOS/krfb/package-krfb/usr/lib64/qt6/plugins/krfb/events/x11.so
-- Set non-toolchain portion of runtime path of "/home/omen/GITHUB/Athos/AthOS/REPO-AthOS/krfb/package-krfb/usr/lib64/qt6/plugins/krfb/events/x11.so" to ""
-- Installing: /home/omen/GITHUB/Athos/AthOS/REPO-AthOS/krfb/package-krfb/usr/lib64/qt6/plugins/krfb/events/xdp.so
-- Set non-toolchain portion of runtime path of "/home/omen/GITHUB/Athos/AthOS/REPO-AthOS/krfb/package-krfb/usr/lib64/qt6/plugins/krfb/events/xdp.so" to ""
-- Installing: /home/omen/GITHUB/Athos/AthOS/REPO-AthOS/krfb/package-krfb/usr/lib64/libkrfbprivate.so.5
-- Installing: /home/omen/GITHUB/Athos/AthOS/REPO-AthOS/krfb/package-krfb/usr/lib64/libkrfbprivate.so.5.0
-- Installing: /home/omen/GITHUB/Athos/AthOS/REPO-AthOS/krfb/package-krfb/usr/bin/krfb
-- Set non-toolchain portion of runtime path of "/home/omen/GITHUB/Athos/AthOS/REPO-AthOS/krfb/package-krfb/usr/bin/krfb" to ""
-- Installing: /home/omen/GITHUB/Athos/AthOS/REPO-AthOS/krfb/package-krfb/usr/bin/krfb-virtualmonitor
-- Set non-toolchain portion of runtime path of "/home/omen/GITHUB/Athos/AthOS/REPO-AthOS/krfb/package-krfb/usr/bin/krfb-virtualmonitor" to ""
-- Installing: /home/omen/GITHUB/Athos/AthOS/REPO-AthOS/krfb/package-krfb/usr/share/applications/org.kde.krfb.virtualmonitor.desktop
-- Installing: /home/omen/GITHUB/Athos/AthOS/REPO-AthOS/krfb/package-krfb/usr/share/applications/org.kde.krfb.desktop
-- Installing: /home/omen/GITHUB/Athos/AthOS/REPO-AthOS/krfb/package-krfb/usr/share/metainfo/org.kde.krfb.appdata.xml
-- Installing: /home/omen/GITHUB/Athos/AthOS/REPO-AthOS/krfb/package-krfb/usr/share/krfb/krfb.notifyrc
-- Installing: /home/omen/GITHUB/Athos/AthOS/REPO-AthOS/krfb/package-krfb/usr/lib64/qt6/plugins/krfb/framebuffer/xcb.so
-- Set non-toolchain portion of runtime path of "/home/omen/GITHUB/Athos/AthOS/REPO-AthOS/krfb/package-krfb/usr/lib64/qt6/plugins/krfb/framebuffer/xcb.so" to ""
-- Installing: /home/omen/GITHUB/Athos/AthOS/REPO-AthOS/krfb/package-krfb/usr/lib64/qt6/plugins/krfb/framebuffer/pw.so
-- Set non-toolchain portion of runtime path of "/home/omen/GITHUB/Athos/AthOS/REPO-AthOS/krfb/package-krfb/usr/lib64/qt6/plugins/krfb/framebuffer/pw.so" to ""
-- Installing: /home/omen/GITHUB/Athos/AthOS/REPO-AthOS/krfb/package-krfb/usr/share/doc/HTML/en/krfb/index.cache.bz2
-- Installing: /home/omen/GITHUB/Athos/AthOS/REPO-AthOS/krfb/package-krfb/usr/share/doc/HTML/en/krfb/index.docbook
-- Installing: /home/omen/GITHUB/Athos/AthOS/REPO-AthOS/krfb/package-krfb/usr/share/doc/HTML/en/krfb/configuration_network.png
-- Installing: /home/omen/GITHUB/Athos/AthOS/REPO-AthOS/krfb/package-krfb/usr/share/doc/HTML/en/krfb/configuration_security.png
-- Installing: /home/omen/GITHUB/Athos/AthOS/REPO-AthOS/krfb/package-krfb/usr/share/doc/HTML/en/krfb/connection.png
-- Installing: /home/omen/GITHUB/Athos/AthOS/REPO-AthOS/krfb/package-krfb/usr/share/doc/HTML/en/krfb/screenshot.png
-- Installing: /home/omen/GITHUB/Athos/AthOS/REPO-AthOS/krfb/package-krfb/usr/share/icons/hicolor/scalable/apps/krfb.svgz
-- Installing: /home/omen/GITHUB/Athos/AthOS/REPO-AthOS/krfb/package-krfb/usr/share/icons/hicolor/48x48/apps/krfb.png
-- Installing: /home/omen/GITHUB/Athos/AthOS/REPO-AthOS/krfb/package-krfb/usr/share/locale
-- Installing: /home/omen/GITHUB/Athos/AthOS/REPO-AthOS/krfb/package-krfb/usr/share/locale/da
-- Installing: /home/omen/GITHUB/Athos/AthOS/REPO-AthOS/krfb/package-krfb/usr/share/locale/da/LC_MESSAGES
-- Installing: /home/omen/GITHUB/Athos/AthOS/REPO-AthOS/krfb/package-krfb/usr/share/locale/da/LC_MESSAGES/krfb.mo
-- Installing: /home/omen/GITHUB/Athos/AthOS/REPO-AthOS/krfb/package-krfb/usr/share/locale/ms
-- Installing: /home/omen/GITHUB/Athos/AthOS/REPO-AthOS/krfb/package-krfb/usr/share/locale/ms/LC_MESSAGES
-- Installing: /home/omen/GITHUB/Athos/AthOS/REPO-AthOS/krfb/package-krfb/usr/share/locale/ms/LC_MESSAGES/krfb.mo
-- Installing: /home/omen/GITHUB/Athos/AthOS/REPO-AthOS/krfb/package-krfb/usr/share/locale/cs
-- Installing: /home/omen/GITHUB/Athos/AthOS/REPO-AthOS/krfb/package-krfb/usr/share/locale/cs/LC_MESSAGES
-- Installing: /home/omen/GITHUB/Athos/AthOS/REPO-AthOS/krfb/package-krfb/usr/share/locale/cs/LC_MESSAGES/krfb.mo
-- Installing: /home/omen/GITHUB/Athos/AthOS/REPO-AthOS/krfb/package-krfb/usr/share/locale/ja
-- Installing: /home/omen/GITHUB/Athos/AthOS/REPO-AthOS/krfb/package-krfb/usr/share/locale/ja/LC_MESSAGES
-- Installing: /home/omen/GITHUB/Athos/AthOS/REPO-AthOS/krfb/package-krfb/usr/share/locale/ja/LC_MESSAGES/krfb.mo
-- Installing: /home/omen/GITHUB/Athos/AthOS/REPO-AthOS/krfb/package-krfb/usr/share/locale/sr@ijekavian
-- Installing: /home/omen/GITHUB/Athos/AthOS/REPO-AthOS/krfb/package-krfb/usr/share/locale/sr@ijekavian/LC_MESSAGES
-- Installing: /home/omen/GITHUB/Athos/AthOS/REPO-AthOS/krfb/package-krfb/usr/share/locale/sr@ijekavian/LC_MESSAGES/krfb.mo
-- Installing: /home/omen/GITHUB/Athos/AthOS/REPO-AthOS/krfb/package-krfb/usr/share/locale/de
-- Installing: /home/omen/GITHUB/Athos/AthOS/REPO-AthOS/krfb/package-krfb/usr/share/locale/de/LC_MESSAGES
-- Installing: /home/omen/GITHUB/Athos/AthOS/REPO-AthOS/krfb/package-krfb/usr/share/locale/de/LC_MESSAGES/krfb.mo
-- Installing: /home/omen/GITHUB/Athos/AthOS/REPO-AthOS/krfb/package-krfb/usr/share/locale/el
-- Installing: /home/omen/GITHUB/Athos/AthOS/REPO-AthOS/krfb/package-krfb/usr/share/locale/el/LC_MESSAGES
-- Installing: /home/omen/GITHUB/Athos/AthOS/REPO-AthOS/krfb/package-krfb/usr/share/locale/el/LC_MESSAGES/krfb.mo
-- Installing: /home/omen/GITHUB/Athos/AthOS/REPO-AthOS/krfb/package-krfb/usr/share/locale/nn
-- Installing: /home/omen/GITHUB/Athos/AthOS/REPO-AthOS/krfb/package-krfb/usr/share/locale/nn/LC_MESSAGES
-- Installing: /home/omen/GITHUB/Athos/AthOS/REPO-AthOS/krfb/package-krfb/usr/share/locale/nn/LC_MESSAGES/krfb.mo
-- Installing: /home/omen/GITHUB/Athos/AthOS/REPO-AthOS/krfb/package-krfb/usr/share/locale/sr
-- Installing: /home/omen/GITHUB/Athos/AthOS/REPO-AthOS/krfb/package-krfb/usr/share/locale/sr/LC_MESSAGES
-- Installing: /home/omen/GITHUB/Athos/AthOS/REPO-AthOS/krfb/package-krfb/usr/share/locale/sr/LC_MESSAGES/krfb.mo
-- Installing: /home/omen/GITHUB/Athos/AthOS/REPO-AthOS/krfb/package-krfb/usr/share/locale/hi
-- Installing: /home/omen/GITHUB/Athos/AthOS/REPO-AthOS/krfb/package-krfb/usr/share/locale/hi/LC_MESSAGES
-- Installing: /home/omen/GITHUB/Athos/AthOS/REPO-AthOS/krfb/package-krfb/usr/share/locale/hi/LC_MESSAGES/krfb.mo
-- Installing: /home/omen/GITHUB/Athos/AthOS/REPO-AthOS/krfb/package-krfb/usr/share/locale/pt_BR
-- Installing: /home/omen/GITHUB/Athos/AthOS/REPO-AthOS/krfb/package-krfb/usr/share/locale/pt_BR/LC_MESSAGES
-- Installing: /home/omen/GITHUB/Athos/AthOS/REPO-AthOS/krfb/package-krfb/usr/share/locale/pt_BR/LC_MESSAGES/krfb.mo
-- Installing: /home/omen/GITHUB/Athos/AthOS/REPO-AthOS/krfb/package-krfb/usr/share/locale/lt
-- Installing: /home/omen/GITHUB/Athos/AthOS/REPO-AthOS/krfb/package-krfb/usr/share/locale/lt/LC_MESSAGES
-- Installing: /home/omen/GITHUB/Athos/AthOS/REPO-AthOS/krfb/package-krfb/usr/share/locale/lt/LC_MESSAGES/krfb.mo
-- Installing: /home/omen/GITHUB/Athos/AthOS/REPO-AthOS/krfb/package-krfb/usr/share/locale/sr@ijekavianlatin
-- Installing: /home/omen/GITHUB/Athos/AthOS/REPO-AthOS/krfb/package-krfb/usr/share/locale/sr@ijekavianlatin/LC_MESSAGES
-- Installing: /home/omen/GITHUB/Athos/AthOS/REPO-AthOS/krfb/package-krfb/usr/share/locale/sr@ijekavianlatin/LC_MESSAGES/krfb.mo
-- Installing: /home/omen/GITHUB/Athos/AthOS/REPO-AthOS/krfb/package-krfb/usr/share/locale/be
-- Installing: /home/omen/GITHUB/Athos/AthOS/REPO-AthOS/krfb/package-krfb/usr/share/locale/be/LC_MESSAGES
-- Installing: /home/omen/GITHUB/Athos/AthOS/REPO-AthOS/krfb/package-krfb/usr/share/locale/be/LC_MESSAGES/krfb.mo
-- Installing: /home/omen/GITHUB/Athos/AthOS/REPO-AthOS/krfb/package-krfb/usr/share/locale/pa
-- Installing: /home/omen/GITHUB/Athos/AthOS/REPO-AthOS/krfb/package-krfb/usr/share/locale/pa/LC_MESSAGES
-- Installing: /home/omen/GITHUB/Athos/AthOS/REPO-AthOS/krfb/package-krfb/usr/share/locale/pa/LC_MESSAGES/krfb.mo
-- Installing: /home/omen/GITHUB/Athos/AthOS/REPO-AthOS/krfb/package-krfb/usr/share/locale/sl
-- Installing: /home/omen/GITHUB/Athos/AthOS/REPO-AthOS/krfb/package-krfb/usr/share/locale/sl/LC_MESSAGES
-- Installing: /home/omen/GITHUB/Athos/AthOS/REPO-AthOS/krfb/package-krfb/usr/share/locale/sl/LC_MESSAGES/krfb.mo
-- Installing: /home/omen/GITHUB/Athos/AthOS/REPO-AthOS/krfb/package-krfb/usr/share/locale/ta
-- Installing: /home/omen/GITHUB/Athos/AthOS/REPO-AthOS/krfb/package-krfb/usr/share/locale/ta/LC_MESSAGES
-- Installing: /home/omen/GITHUB/Athos/AthOS/REPO-AthOS/krfb/package-krfb/usr/share/locale/ta/LC_MESSAGES/krfb.mo
-- Installing: /home/omen/GITHUB/Athos/AthOS/REPO-AthOS/krfb/package-krfb/usr/share/locale/xh
-- Installing: /home/omen/GITHUB/Athos/AthOS/REPO-AthOS/krfb/package-krfb/usr/share/locale/xh/LC_MESSAGES
-- Installing: /home/omen/GITHUB/Athos/AthOS/REPO-AthOS/krfb/package-krfb/usr/share/locale/xh/LC_MESSAGES/krfb.mo
-- Installing: /home/omen/GITHUB/Athos/AthOS/REPO-AthOS/krfb/package-krfb/usr/share/locale/ro
-- Installing: /home/omen/GITHUB/Athos/AthOS/REPO-AthOS/krfb/package-krfb/usr/share/locale/ro/LC_MESSAGES
-- Installing: /home/omen/GITHUB/Athos/AthOS/REPO-AthOS/krfb/package-krfb/usr/share/locale/ro/LC_MESSAGES/krfb.mo
-- Installing: /home/omen/GITHUB/Athos/AthOS/REPO-AthOS/krfb/package-krfb/usr/share/locale/bs
-- Installing: /home/omen/GITHUB/Athos/AthOS/REPO-AthOS/krfb/package-krfb/usr/share/locale/bs/LC_MESSAGES
-- Installing: /home/omen/GITHUB/Athos/AthOS/REPO-AthOS/krfb/package-krfb/usr/share/locale/bs/LC_MESSAGES/krfb.mo
-- Installing: /home/omen/GITHUB/Athos/AthOS/REPO-AthOS/krfb/package-krfb/usr/share/locale/is
-- Installing: /home/omen/GITHUB/Athos/AthOS/REPO-AthOS/krfb/package-krfb/usr/share/locale/is/LC_MESSAGES
-- Installing: /home/omen/GITHUB/Athos/AthOS/REPO-AthOS/krfb/package-krfb/usr/share/locale/is/LC_MESSAGES/krfb.mo
-- Installing: /home/omen/GITHUB/Athos/AthOS/REPO-AthOS/krfb/package-krfb/usr/share/locale/kk
-- Installing: /home/omen/GITHUB/Athos/AthOS/REPO-AthOS/krfb/package-krfb/usr/share/locale/kk/LC_MESSAGES
-- Installing: /home/omen/GITHUB/Athos/AthOS/REPO-AthOS/krfb/package-krfb/usr/share/locale/kk/LC_MESSAGES/krfb.mo
-- Installing: /home/omen/GITHUB/Athos/AthOS/REPO-AthOS/krfb/package-krfb/usr/share/locale/sr@latin
-- Installing: /home/omen/GITHUB/Athos/AthOS/REPO-AthOS/krfb/package-krfb/usr/share/locale/sr@latin/LC_MESSAGES
-- Installing: /home/omen/GITHUB/Athos/AthOS/REPO-AthOS/krfb/package-krfb/usr/share/locale/sr@latin/LC_MESSAGES/krfb.mo
-- Installing: /home/omen/GITHUB/Athos/AthOS/REPO-AthOS/krfb/package-krfb/usr/share/locale/he
-- Installing: /home/omen/GITHUB/Athos/AthOS/REPO-AthOS/krfb/package-krfb/usr/share/locale/he/LC_MESSAGES
-- Installing: /home/omen/GITHUB/Athos/AthOS/REPO-AthOS/krfb/package-krfb/usr/share/locale/he/LC_MESSAGES/krfb.mo
-- Installing: /home/omen/GITHUB/Athos/AthOS/REPO-AthOS/krfb/package-krfb/usr/share/locale/zh_TW
-- Installing: /home/omen/GITHUB/Athos/AthOS/REPO-AthOS/krfb/package-krfb/usr/share/locale/zh_TW/LC_MESSAGES
-- Installing: /home/omen/GITHUB/Athos/AthOS/REPO-AthOS/krfb/package-krfb/usr/share/locale/zh_TW/LC_MESSAGES/krfb.mo
-- Installing: /home/omen/GITHUB/Athos/AthOS/REPO-AthOS/krfb/package-krfb/usr/share/locale/tg
-- Installing: /home/omen/GITHUB/Athos/AthOS/REPO-AthOS/krfb/package-krfb/usr/share/locale/tg/LC_MESSAGES
-- Installing: /home/omen/GITHUB/Athos/AthOS/REPO-AthOS/krfb/package-krfb/usr/share/locale/tg/LC_MESSAGES/krfb.mo
-- Installing: /home/omen/GITHUB/Athos/AthOS/REPO-AthOS/krfb/package-krfb/usr/share/locale/fa
-- Installing: /home/omen/GITHUB/Athos/AthOS/REPO-AthOS/krfb/package-krfb/usr/share/locale/fa/LC_MESSAGES
-- Installing: /home/omen/GITHUB/Athos/AthOS/REPO-AthOS/krfb/package-krfb/usr/share/locale/fa/LC_MESSAGES/krfb.mo
-- Installing: /home/omen/GITHUB/Athos/AthOS/REPO-AthOS/krfb/package-krfb/usr/share/locale/pl
-- Installing: /home/omen/GITHUB/Athos/AthOS/REPO-AthOS/krfb/package-krfb/usr/share/locale/pl/LC_MESSAGES
-- Installing: /home/omen/GITHUB/Athos/AthOS/REPO-AthOS/krfb/package-krfb/usr/share/locale/pl/LC_MESSAGES/krfb.mo
-- Installing: /home/omen/GITHUB/Athos/AthOS/REPO-AthOS/krfb/package-krfb/usr/share/locale/km
-- Installing: /home/omen/GITHUB/Athos/AthOS/REPO-AthOS/krfb/package-krfb/usr/share/locale/km/LC_MESSAGES
-- Installing: /home/omen/GITHUB/Athos/AthOS/REPO-AthOS/krfb/package-krfb/usr/share/locale/km/LC_MESSAGES/krfb.mo
-- Installing: /home/omen/GITHUB/Athos/AthOS/REPO-AthOS/krfb/package-krfb/usr/share/locale/pt
-- Installing: /home/omen/GITHUB/Athos/AthOS/REPO-AthOS/krfb/package-krfb/usr/share/locale/pt/LC_MESSAGES
-- Installing: /home/omen/GITHUB/Athos/AthOS/REPO-AthOS/krfb/package-krfb/usr/share/locale/pt/LC_MESSAGES/krfb.mo
-- Installing: /home/omen/GITHUB/Athos/AthOS/REPO-AthOS/krfb/package-krfb/usr/share/locale/hr
-- Installing: /home/omen/GITHUB/Athos/AthOS/REPO-AthOS/krfb/package-krfb/usr/share/locale/hr/LC_MESSAGES
-- Installing: /home/omen/GITHUB/Athos/AthOS/REPO-AthOS/krfb/package-krfb/usr/share/locale/hr/LC_MESSAGES/krfb.mo
-- Installing: /home/omen/GITHUB/Athos/AthOS/REPO-AthOS/krfb/package-krfb/usr/share/locale/tr
-- Installing: /home/omen/GITHUB/Athos/AthOS/REPO-AthOS/krfb/package-krfb/usr/share/locale/tr/LC_MESSAGES
-- Installing: /home/omen/GITHUB/Athos/AthOS/REPO-AthOS/krfb/package-krfb/usr/share/locale/tr/LC_MESSAGES/krfb.mo
-- Installing: /home/omen/GITHUB/Athos/AthOS/REPO-AthOS/krfb/package-krfb/usr/share/locale/fr
-- Installing: /home/omen/GITHUB/Athos/AthOS/REPO-AthOS/krfb/package-krfb/usr/share/locale/fr/LC_MESSAGES
-- Installing: /home/omen/GITHUB/Athos/AthOS/REPO-AthOS/krfb/package-krfb/usr/share/locale/fr/LC_MESSAGES/krfb.mo
-- Installing: /home/omen/GITHUB/Athos/AthOS/REPO-AthOS/krfb/package-krfb/usr/share/locale/ast
-- Installing: /home/omen/GITHUB/Athos/AthOS/REPO-AthOS/krfb/package-krfb/usr/share/locale/ast/LC_MESSAGES
-- Installing: /home/omen/GITHUB/Athos/AthOS/REPO-AthOS/krfb/package-krfb/usr/share/locale/ast/LC_MESSAGES/krfb.mo
-- Installing: /home/omen/GITHUB/Athos/AthOS/REPO-AthOS/krfb/package-krfb/usr/share/locale/mai
-- Installing: /home/omen/GITHUB/Athos/AthOS/REPO-AthOS/krfb/package-krfb/usr/share/locale/mai/LC_MESSAGES
-- Installing: /home/omen/GITHUB/Athos/AthOS/REPO-AthOS/krfb/package-krfb/usr/share/locale/mai/LC_MESSAGES/krfb.mo
-- Installing: /home/omen/GITHUB/Athos/AthOS/REPO-AthOS/krfb/package-krfb/usr/share/locale/ne
-- Installing: /home/omen/GITHUB/Athos/AthOS/REPO-AthOS/krfb/package-krfb/usr/share/locale/ne/LC_MESSAGES
-- Installing: /home/omen/GITHUB/Athos/AthOS/REPO-AthOS/krfb/package-krfb/usr/share/locale/ne/LC_MESSAGES/krfb.mo
-- Installing: /home/omen/GITHUB/Athos/AthOS/REPO-AthOS/krfb/package-krfb/usr/share/locale/vi
-- Installing: /home/omen/GITHUB/Athos/AthOS/REPO-AthOS/krfb/package-krfb/usr/share/locale/vi/LC_MESSAGES
-- Installing: /home/omen/GITHUB/Athos/AthOS/REPO-AthOS/krfb/package-krfb/usr/share/locale/vi/LC_MESSAGES/krfb.mo
-- Installing: /home/omen/GITHUB/Athos/AthOS/REPO-AthOS/krfb/package-krfb/usr/share/locale/ka
-- Installing: /home/omen/GITHUB/Athos/AthOS/REPO-AthOS/krfb/package-krfb/usr/share/locale/ka/LC_MESSAGES
-- Installing: /home/omen/GITHUB/Athos/AthOS/REPO-AthOS/krfb/package-krfb/usr/share/locale/ka/LC_MESSAGES/krfb.mo
-- Installing: /home/omen/GITHUB/Athos/AthOS/REPO-AthOS/krfb/package-krfb/usr/share/locale/hsb
-- Installing: /home/omen/GITHUB/Athos/AthOS/REPO-AthOS/krfb/package-krfb/usr/share/locale/hsb/LC_MESSAGES
-- Installing: /home/omen/GITHUB/Athos/AthOS/REPO-AthOS/krfb/package-krfb/usr/share/locale/hsb/LC_MESSAGES/krfb.mo
-- Installing: /home/omen/GITHUB/Athos/AthOS/REPO-AthOS/krfb/package-krfb/usr/share/locale/cy
-- Installing: /home/omen/GITHUB/Athos/AthOS/REPO-AthOS/krfb/package-krfb/usr/share/locale/cy/LC_MESSAGES
-- Installing: /home/omen/GITHUB/Athos/AthOS/REPO-AthOS/krfb/package-krfb/usr/share/locale/cy/LC_MESSAGES/krfb.mo
-- Installing: /home/omen/GITHUB/Athos/AthOS/REPO-AthOS/krfb/package-krfb/usr/share/locale/th
-- Installing: /home/omen/GITHUB/Athos/AthOS/REPO-AthOS/krfb/package-krfb/usr/share/locale/th/LC_MESSAGES
-- Installing: /home/omen/GITHUB/Athos/AthOS/REPO-AthOS/krfb/package-krfb/usr/share/locale/th/LC_MESSAGES/krfb.mo
-- Installing: /home/omen/GITHUB/Athos/AthOS/REPO-AthOS/krfb/package-krfb/usr/share/locale/gl
-- Installing: /home/omen/GITHUB/Athos/AthOS/REPO-AthOS/krfb/package-krfb/usr/share/locale/gl/LC_MESSAGES
-- Installing: /home/omen/GITHUB/Athos/AthOS/REPO-AthOS/krfb/package-krfb/usr/share/locale/gl/LC_MESSAGES/krfb.mo
-- Installing: /home/omen/GITHUB/Athos/AthOS/REPO-AthOS/krfb/package-krfb/usr/share/locale/ia
-- Installing: /home/omen/GITHUB/Athos/AthOS/REPO-AthOS/krfb/package-krfb/usr/share/locale/ia/LC_MESSAGES
-- Installing: /home/omen/GITHUB/Athos/AthOS/REPO-AthOS/krfb/package-krfb/usr/share/locale/ia/LC_MESSAGES/krfb.mo
-- Installing: /home/omen/GITHUB/Athos/AthOS/REPO-AthOS/krfb/package-krfb/usr/share/locale/hu
-- Installing: /home/omen/GITHUB/Athos/AthOS/REPO-AthOS/krfb/package-krfb/usr/share/locale/hu/LC_MESSAGES
-- Installing: /home/omen/GITHUB/Athos/AthOS/REPO-AthOS/krfb/package-krfb/usr/share/locale/hu/LC_MESSAGES/krfb.mo
-- Installing: /home/omen/GITHUB/Athos/AthOS/REPO-AthOS/krfb/package-krfb/usr/share/locale/eo
-- Installing: /home/omen/GITHUB/Athos/AthOS/REPO-AthOS/krfb/package-krfb/usr/share/locale/eo/LC_MESSAGES
-- Installing: /home/omen/GITHUB/Athos/AthOS/REPO-AthOS/krfb/package-krfb/usr/share/locale/eo/LC_MESSAGES/krfb.mo
-- Installing: /home/omen/GITHUB/Athos/AthOS/REPO-AthOS/krfb/package-krfb/usr/share/locale/bg
-- Installing: /home/omen/GITHUB/Athos/AthOS/REPO-AthOS/krfb/package-krfb/usr/share/locale/bg/LC_MESSAGES
-- Installing: /home/omen/GITHUB/Athos/AthOS/REPO-AthOS/krfb/package-krfb/usr/share/locale/bg/LC_MESSAGES/krfb.mo
-- Installing: /home/omen/GITHUB/Athos/AthOS/REPO-AthOS/krfb/package-krfb/usr/share/locale/ga
-- Installing: /home/omen/GITHUB/Athos/AthOS/REPO-AthOS/krfb/package-krfb/usr/share/locale/ga/LC_MESSAGES
-- Installing: /home/omen/GITHUB/Athos/AthOS/REPO-AthOS/krfb/package-krfb/usr/share/locale/ga/LC_MESSAGES/krfb.mo
-- Installing: /home/omen/GITHUB/Athos/AthOS/REPO-AthOS/krfb/package-krfb/usr/share/locale/br
-- Installing: /home/omen/GITHUB/Athos/AthOS/REPO-AthOS/krfb/package-krfb/usr/share/locale/br/LC_MESSAGES
-- Installing: /home/omen/GITHUB/Athos/AthOS/REPO-AthOS/krfb/package-krfb/usr/share/locale/br/LC_MESSAGES/krfb.mo
-- Installing: /home/omen/GITHUB/Athos/AthOS/REPO-AthOS/krfb/package-krfb/usr/share/locale/ca
-- Installing: /home/omen/GITHUB/Athos/AthOS/REPO-AthOS/krfb/package-krfb/usr/share/locale/ca/LC_MESSAGES
-- Installing: /home/omen/GITHUB/Athos/AthOS/REPO-AthOS/krfb/package-krfb/usr/share/locale/ca/LC_MESSAGES/krfb.mo
-- Installing: /home/omen/GITHUB/Athos/AthOS/REPO-AthOS/krfb/package-krfb/usr/share/locale/uk
-- Installing: /home/omen/GITHUB/Athos/AthOS/REPO-AthOS/krfb/package-krfb/usr/share/locale/uk/LC_MESSAGES
-- Installing: /home/omen/GITHUB/Athos/AthOS/REPO-AthOS/krfb/package-krfb/usr/share/locale/uk/LC_MESSAGES/krfb.mo
-- Installing: /home/omen/GITHUB/Athos/AthOS/REPO-AthOS/krfb/package-krfb/usr/share/locale/id
-- Installing: /home/omen/GITHUB/Athos/AthOS/REPO-AthOS/krfb/package-krfb/usr/share/locale/id/LC_MESSAGES
-- Installing: /home/omen/GITHUB/Athos/AthOS/REPO-AthOS/krfb/package-krfb/usr/share/locale/id/LC_MESSAGES/krfb.mo
-- Installing: /home/omen/GITHUB/Athos/AthOS/REPO-AthOS/krfb/package-krfb/usr/share/locale/en_GB
-- Installing: /home/omen/GITHUB/Athos/AthOS/REPO-AthOS/krfb/package-krfb/usr/share/locale/en_GB/LC_MESSAGES
-- Installing: /home/omen/GITHUB/Athos/AthOS/REPO-AthOS/krfb/package-krfb/usr/share/locale/en_GB/LC_MESSAGES/krfb.mo
-- Installing: /home/omen/GITHUB/Athos/AthOS/REPO-AthOS/krfb/package-krfb/usr/share/locale/zh_CN
-- Installing: /home/omen/GITHUB/Athos/AthOS/REPO-AthOS/krfb/package-krfb/usr/share/locale/zh_CN/LC_MESSAGES
-- Installing: /home/omen/GITHUB/Athos/AthOS/REPO-AthOS/krfb/package-krfb/usr/share/locale/zh_CN/LC_MESSAGES/krfb.mo
-- Installing: /home/omen/GITHUB/Athos/AthOS/REPO-AthOS/krfb/package-krfb/usr/share/locale/nl
-- Installing: /home/omen/GITHUB/Athos/AthOS/REPO-AthOS/krfb/package-krfb/usr/share/locale/nl/LC_MESSAGES
-- Installing: /home/omen/GITHUB/Athos/AthOS/REPO-AthOS/krfb/package-krfb/usr/share/locale/nl/LC_MESSAGES/krfb.mo
-- Installing: /home/omen/GITHUB/Athos/AthOS/REPO-AthOS/krfb/package-krfb/usr/share/locale/oc
-- Installing: /home/omen/GITHUB/Athos/AthOS/REPO-AthOS/krfb/package-krfb/usr/share/locale/oc/LC_MESSAGES
-- Installing: /home/omen/GITHUB/Athos/AthOS/REPO-AthOS/krfb/package-krfb/usr/share/locale/oc/LC_MESSAGES/krfb.mo
-- Installing: /home/omen/GITHUB/Athos/AthOS/REPO-AthOS/krfb/package-krfb/usr/share/locale/sa
-- Installing: /home/omen/GITHUB/Athos/AthOS/REPO-AthOS/krfb/package-krfb/usr/share/locale/sa/LC_MESSAGES
-- Installing: /home/omen/GITHUB/Athos/AthOS/REPO-AthOS/krfb/package-krfb/usr/share/locale/sa/LC_MESSAGES/krfb.mo
-- Installing: /home/omen/GITHUB/Athos/AthOS/REPO-AthOS/krfb/package-krfb/usr/share/locale/fi
-- Installing: /home/omen/GITHUB/Athos/AthOS/REPO-AthOS/krfb/package-krfb/usr/share/locale/fi/LC_MESSAGES
-- Installing: /home/omen/GITHUB/Athos/AthOS/REPO-AthOS/krfb/package-krfb/usr/share/locale/fi/LC_MESSAGES/krfb.mo
-- Installing: /home/omen/GITHUB/Athos/AthOS/REPO-AthOS/krfb/package-krfb/usr/share/locale/ko
-- Installing: /home/omen/GITHUB/Athos/AthOS/REPO-AthOS/krfb/package-krfb/usr/share/locale/ko/LC_MESSAGES
-- Installing: /home/omen/GITHUB/Athos/AthOS/REPO-AthOS/krfb/package-krfb/usr/share/locale/ko/LC_MESSAGES/krfb.mo
-- Installing: /home/omen/GITHUB/Athos/AthOS/REPO-AthOS/krfb/package-krfb/usr/share/locale/mk
-- Installing: /home/omen/GITHUB/Athos/AthOS/REPO-AthOS/krfb/package-krfb/usr/share/locale/mk/LC_MESSAGES
-- Installing: /home/omen/GITHUB/Athos/AthOS/REPO-AthOS/krfb/package-krfb/usr/share/locale/mk/LC_MESSAGES/krfb.mo
-- Installing: /home/omen/GITHUB/Athos/AthOS/REPO-AthOS/krfb/package-krfb/usr/share/locale/ru
-- Installing: /home/omen/GITHUB/Athos/AthOS/REPO-AthOS/krfb/package-krfb/usr/share/locale/ru/LC_MESSAGES
-- Installing: /home/omen/GITHUB/Athos/AthOS/REPO-AthOS/krfb/package-krfb/usr/share/locale/ru/LC_MESSAGES/krfb.mo
-- Installing: /home/omen/GITHUB/Athos/AthOS/REPO-AthOS/krfb/package-krfb/usr/share/locale/af
-- Installing: /home/omen/GITHUB/Athos/AthOS/REPO-AthOS/krfb/package-krfb/usr/share/locale/af/LC_MESSAGES
-- Installing: /home/omen/GITHUB/Athos/AthOS/REPO-AthOS/krfb/package-krfb/usr/share/locale/af/LC_MESSAGES/krfb.mo
-- Installing: /home/omen/GITHUB/Athos/AthOS/REPO-AthOS/krfb/package-krfb/usr/share/locale/lv
-- Installing: /home/omen/GITHUB/Athos/AthOS/REPO-AthOS/krfb/package-krfb/usr/share/locale/lv/LC_MESSAGES
-- Installing: /home/omen/GITHUB/Athos/AthOS/REPO-AthOS/krfb/package-krfb/usr/share/locale/lv/LC_MESSAGES/krfb.mo
-- Installing: /home/omen/GITHUB/Athos/AthOS/REPO-AthOS/krfb/package-krfb/usr/share/locale/ml
-- Installing: /home/omen/GITHUB/Athos/AthOS/REPO-AthOS/krfb/package-krfb/usr/share/locale/ml/LC_MESSAGES
-- Installing: /home/omen/GITHUB/Athos/AthOS/REPO-AthOS/krfb/package-krfb/usr/share/locale/ml/LC_MESSAGES/krfb.mo
-- Installing: /home/omen/GITHUB/Athos/AthOS/REPO-AthOS/krfb/package-krfb/usr/share/locale/hne
-- Installing: /home/omen/GITHUB/Athos/AthOS/REPO-AthOS/krfb/package-krfb/usr/share/locale/hne/LC_MESSAGES
-- Installing: /home/omen/GITHUB/Athos/AthOS/REPO-AthOS/krfb/package-krfb/usr/share/locale/hne/LC_MESSAGES/krfb.mo
-- Installing: /home/omen/GITHUB/Athos/AthOS/REPO-AthOS/krfb/package-krfb/usr/share/locale/ca@valencia
-- Installing: /home/omen/GITHUB/Athos/AthOS/REPO-AthOS/krfb/package-krfb/usr/share/locale/ca@valencia/LC_MESSAGES
-- Installing: /home/omen/GITHUB/Athos/AthOS/REPO-AthOS/krfb/package-krfb/usr/share/locale/ca@valencia/LC_MESSAGES/krfb.mo
-- Installing: /home/omen/GITHUB/Athos/AthOS/REPO-AthOS/krfb/package-krfb/usr/share/locale/nb
-- Installing: /home/omen/GITHUB/Athos/AthOS/REPO-AthOS/krfb/package-krfb/usr/share/locale/nb/LC_MESSAGES
-- Installing: /home/omen/GITHUB/Athos/AthOS/REPO-AthOS/krfb/package-krfb/usr/share/locale/nb/LC_MESSAGES/krfb.mo
-- Installing: /home/omen/GITHUB/Athos/AthOS/REPO-AthOS/krfb/package-krfb/usr/share/locale/es
-- Installing: /home/omen/GITHUB/Athos/AthOS/REPO-AthOS/krfb/package-krfb/usr/share/locale/es/LC_MESSAGES
-- Installing: /home/omen/GITHUB/Athos/AthOS/REPO-AthOS/krfb/package-krfb/usr/share/locale/es/LC_MESSAGES/krfb.mo
-- Installing: /home/omen/GITHUB/Athos/AthOS/REPO-AthOS/krfb/package-krfb/usr/share/locale/eu
-- Installing: /home/omen/GITHUB/Athos/AthOS/REPO-AthOS/krfb/package-krfb/usr/share/locale/eu/LC_MESSAGES
-- Installing: /home/omen/GITHUB/Athos/AthOS/REPO-AthOS/krfb/package-krfb/usr/share/locale/eu/LC_MESSAGES/krfb.mo
-- Installing: /home/omen/GITHUB/Athos/AthOS/REPO-AthOS/krfb/package-krfb/usr/share/locale/et
-- Installing: /home/omen/GITHUB/Athos/AthOS/REPO-AthOS/krfb/package-krfb/usr/share/locale/et/LC_MESSAGES
-- Installing: /home/omen/GITHUB/Athos/AthOS/REPO-AthOS/krfb/package-krfb/usr/share/locale/et/LC_MESSAGES/krfb.mo
-- Installing: /home/omen/GITHUB/Athos/AthOS/REPO-AthOS/krfb/package-krfb/usr/share/locale/it
-- Installing: /home/omen/GITHUB/Athos/AthOS/REPO-AthOS/krfb/package-krfb/usr/share/locale/it/LC_MESSAGES
-- Installing: /home/omen/GITHUB/Athos/AthOS/REPO-AthOS/krfb/package-krfb/usr/share/locale/it/LC_MESSAGES/krfb.mo
-- Installing: /home/omen/GITHUB/Athos/AthOS/REPO-AthOS/krfb/package-krfb/usr/share/locale/se
-- Installing: /home/omen/GITHUB/Athos/AthOS/REPO-AthOS/krfb/package-krfb/usr/share/locale/se/LC_MESSAGES
-- Installing: /home/omen/GITHUB/Athos/AthOS/REPO-AthOS/krfb/package-krfb/usr/share/locale/se/LC_MESSAGES/krfb.mo
-- Installing: /home/omen/GITHUB/Athos/AthOS/REPO-AthOS/krfb/package-krfb/usr/share/locale/ar
-- Installing: /home/omen/GITHUB/Athos/AthOS/REPO-AthOS/krfb/package-krfb/usr/share/locale/ar/LC_MESSAGES
-- Installing: /home/omen/GITHUB/Athos/AthOS/REPO-AthOS/krfb/package-krfb/usr/share/locale/ar/LC_MESSAGES/krfb.mo
-- Installing: /home/omen/GITHUB/Athos/AthOS/REPO-AthOS/krfb/package-krfb/usr/share/locale/sq
-- Installing: /home/omen/GITHUB/Athos/AthOS/REPO-AthOS/krfb/package-krfb/usr/share/locale/sq/LC_MESSAGES
-- Installing: /home/omen/GITHUB/Athos/AthOS/REPO-AthOS/krfb/package-krfb/usr/share/locale/sq/LC_MESSAGES/krfb.mo
-- Installing: /home/omen/GITHUB/Athos/AthOS/REPO-AthOS/krfb/package-krfb/usr/share/locale/nds
-- Installing: /home/omen/GITHUB/Athos/AthOS/REPO-AthOS/krfb/package-krfb/usr/share/locale/nds/LC_MESSAGES
-- Installing: /home/omen/GITHUB/Athos/AthOS/REPO-AthOS/krfb/package-krfb/usr/share/locale/nds/LC_MESSAGES/krfb.mo
-- Installing: /home/omen/GITHUB/Athos/AthOS/REPO-AthOS/krfb/package-krfb/usr/share/locale/mr
-- Installing: /home/omen/GITHUB/Athos/AthOS/REPO-AthOS/krfb/package-krfb/usr/share/locale/mr/LC_MESSAGES
-- Installing: /home/omen/GITHUB/Athos/AthOS/REPO-AthOS/krfb/package-krfb/usr/share/locale/mr/LC_MESSAGES/krfb.mo
-- Installing: /home/omen/GITHUB/Athos/AthOS/REPO-AthOS/krfb/package-krfb/usr/share/locale/ug
-- Installing: /home/omen/GITHUB/Athos/AthOS/REPO-AthOS/krfb/package-krfb/usr/share/locale/ug/LC_MESSAGES
-- Installing: /home/omen/GITHUB/Athos/AthOS/REPO-AthOS/krfb/package-krfb/usr/share/locale/ug/LC_MESSAGES/krfb.mo
-- Installing: /home/omen/GITHUB/Athos/AthOS/REPO-AthOS/krfb/package-krfb/usr/share/locale/sk
-- Installing: /home/omen/GITHUB/Athos/AthOS/REPO-AthOS/krfb/package-krfb/usr/share/locale/sk/LC_MESSAGES
-- Installing: /home/omen/GITHUB/Athos/AthOS/REPO-AthOS/krfb/package-krfb/usr/share/locale/sk/LC_MESSAGES/krfb.mo
-- Installing: /home/omen/GITHUB/Athos/AthOS/REPO-AthOS/krfb/package-krfb/usr/share/locale/sv
-- Installing: /home/omen/GITHUB/Athos/AthOS/REPO-AthOS/krfb/package-krfb/usr/share/locale/sv/LC_MESSAGES
-- Installing: /home/omen/GITHUB/Athos/AthOS/REPO-AthOS/krfb/package-krfb/usr/share/locale/sv/LC_MESSAGES/krfb.mo
-- Installing: /home/omen/GITHUB/Athos/AthOS/REPO-AthOS/krfb/package-krfb/usr/share/doc/HTML/ca/krfb/index.cache.bz2
-- Installing: /home/omen/GITHUB/Athos/AthOS/REPO-AthOS/krfb/package-krfb/usr/share/doc/HTML/ca/krfb/index.docbook
-- Installing: /home/omen/GITHUB/Athos/AthOS/REPO-AthOS/krfb/package-krfb/usr/share/doc/HTML/de/krfb/index.cache.bz2
-- Installing: /home/omen/GITHUB/Athos/AthOS/REPO-AthOS/krfb/package-krfb/usr/share/doc/HTML/de/krfb/index.docbook
-- Installing: /home/omen/GITHUB/Athos/AthOS/REPO-AthOS/krfb/package-krfb/usr/share/doc/HTML/de/krfb/configuration_network.png
-- Installing: /home/omen/GITHUB/Athos/AthOS/REPO-AthOS/krfb/package-krfb/usr/share/doc/HTML/de/krfb/configuration_security.png
-- Installing: /home/omen/GITHUB/Athos/AthOS/REPO-AthOS/krfb/package-krfb/usr/share/doc/HTML/de/krfb/connection.png
-- Installing: /home/omen/GITHUB/Athos/AthOS/REPO-AthOS/krfb/package-krfb/usr/share/doc/HTML/de/krfb/email_invitation.png
-- Installing: /home/omen/GITHUB/Athos/AthOS/REPO-AthOS/krfb/package-krfb/usr/share/doc/HTML/de/krfb/personal_invitation.png
-- Installing: /home/omen/GITHUB/Athos/AthOS/REPO-AthOS/krfb/package-krfb/usr/share/doc/HTML/de/krfb/screenshot.png
-- Installing: /home/omen/GITHUB/Athos/AthOS/REPO-AthOS/krfb/package-krfb/usr/share/doc/HTML/es/krfb/index.cache.bz2
-- Installing: /home/omen/GITHUB/Athos/AthOS/REPO-AthOS/krfb/package-krfb/usr/share/doc/HTML/es/krfb/index.docbook
-- Installing: /home/omen/GITHUB/Athos/AthOS/REPO-AthOS/krfb/package-krfb/usr/share/doc/HTML/et/krfb/index.cache.bz2
-- Installing: /home/omen/GITHUB/Athos/AthOS/REPO-AthOS/krfb/package-krfb/usr/share/doc/HTML/et/krfb/index.docbook
-- Installing: /home/omen/GITHUB/Athos/AthOS/REPO-AthOS/krfb/package-krfb/usr/share/doc/HTML/fr/krfb/index.cache.bz2
-- Installing: /home/omen/GITHUB/Athos/AthOS/REPO-AthOS/krfb/package-krfb/usr/share/doc/HTML/fr/krfb/index.docbook
-- Installing: /home/omen/GITHUB/Athos/AthOS/REPO-AthOS/krfb/package-krfb/usr/share/doc/HTML/fr/krfb/configuration_network.png
-- Installing: /home/omen/GITHUB/Athos/AthOS/REPO-AthOS/krfb/package-krfb/usr/share/doc/HTML/fr/krfb/configuration_security.png
-- Installing: /home/omen/GITHUB/Athos/AthOS/REPO-AthOS/krfb/package-krfb/usr/share/doc/HTML/fr/krfb/connection.png
-- Installing: /home/omen/GITHUB/Athos/AthOS/REPO-AthOS/krfb/package-krfb/usr/share/doc/HTML/fr/krfb/email_invitation.png
-- Installing: /home/omen/GITHUB/Athos/AthOS/REPO-AthOS/krfb/package-krfb/usr/share/doc/HTML/fr/krfb/personal_invitation.png
-- Installing: /home/omen/GITHUB/Athos/AthOS/REPO-AthOS/krfb/package-krfb/usr/share/doc/HTML/fr/krfb/screenshot.png
-- Installing: /home/omen/GITHUB/Athos/AthOS/REPO-AthOS/krfb/package-krfb/usr/share/doc/HTML/it/krfb/index.cache.bz2
-- Installing: /home/omen/GITHUB/Athos/AthOS/REPO-AthOS/krfb/package-krfb/usr/share/doc/HTML/it/krfb/index.docbook
-- Installing: /home/omen/GITHUB/Athos/AthOS/REPO-AthOS/krfb/package-krfb/usr/share/doc/HTML/nl/krfb/index.cache.bz2
-- Installing: /home/omen/GITHUB/Athos/AthOS/REPO-AthOS/krfb/package-krfb/usr/share/doc/HTML/nl/krfb/index.docbook
-- Installing: /home/omen/GITHUB/Athos/AthOS/REPO-AthOS/krfb/package-krfb/usr/share/doc/HTML/pl/krfb/index.cache.bz2
-- Installing: /home/omen/GITHUB/Athos/AthOS/REPO-AthOS/krfb/package-krfb/usr/share/doc/HTML/pl/krfb/index.docbook
-- Installing: /home/omen/GITHUB/Athos/AthOS/REPO-AthOS/krfb/package-krfb/usr/share/doc/HTML/pt/krfb/index.cache.bz2
-- Installing: /home/omen/GITHUB/Athos/AthOS/REPO-AthOS/krfb/package-krfb/usr/share/doc/HTML/pt/krfb/index.docbook
-- Installing: /home/omen/GITHUB/Athos/AthOS/REPO-AthOS/krfb/package-krfb/usr/share/doc/HTML/pt_BR/krfb/index.cache.bz2
-- Installing: /home/omen/GITHUB/Athos/AthOS/REPO-AthOS/krfb/package-krfb/usr/share/doc/HTML/pt_BR/krfb/index.docbook
-- Installing: /home/omen/GITHUB/Athos/AthOS/REPO-AthOS/krfb/package-krfb/usr/share/doc/HTML/ru/krfb/index.cache.bz2
-- Installing: /home/omen/GITHUB/Athos/AthOS/REPO-AthOS/krfb/package-krfb/usr/share/doc/HTML/ru/krfb/index.docbook
-- Installing: /home/omen/GITHUB/Athos/AthOS/REPO-AthOS/krfb/package-krfb/usr/share/doc/HTML/sl/krfb/index.cache.bz2
-- Installing: /home/omen/GITHUB/Athos/AthOS/REPO-AthOS/krfb/package-krfb/usr/share/doc/HTML/sl/krfb/index.docbook
-- Installing: /home/omen/GITHUB/Athos/AthOS/REPO-AthOS/krfb/package-krfb/usr/share/doc/HTML/sr/krfb/index.cache.bz2
-- Installing: /home/omen/GITHUB/Athos/AthOS/REPO-AthOS/krfb/package-krfb/usr/share/doc/HTML/sr/krfb/index.docbook
-- Installing: /home/omen/GITHUB/Athos/AthOS/REPO-AthOS/krfb/package-krfb/usr/share/doc/HTML/sr@latin/krfb/index.cache.bz2
-- Installing: /home/omen/GITHUB/Athos/AthOS/REPO-AthOS/krfb/package-krfb/usr/share/doc/HTML/sr@latin/krfb/index.docbook
-- Installing: /home/omen/GITHUB/Athos/AthOS/REPO-AthOS/krfb/package-krfb/usr/share/doc/HTML/sv/krfb/index.cache.bz2
-- Installing: /home/omen/GITHUB/Athos/AthOS/REPO-AthOS/krfb/package-krfb/usr/share/doc/HTML/sv/krfb/index.docbook
-- Installing: /home/omen/GITHUB/Athos/AthOS/REPO-AthOS/krfb/package-krfb/usr/share/doc/HTML/sv/krfb/configuration_access.png
-- Installing: /home/omen/GITHUB/Athos/AthOS/REPO-AthOS/krfb/package-krfb/usr/share/doc/HTML/sv/krfb/configuration_network.png
-- Installing: /home/omen/GITHUB/Athos/AthOS/REPO-AthOS/krfb/package-krfb/usr/share/doc/HTML/sv/krfb/configuration_session.png
-- Installing: /home/omen/GITHUB/Athos/AthOS/REPO-AthOS/krfb/package-krfb/usr/share/doc/HTML/sv/krfb/connection.png
-- Installing: /home/omen/GITHUB/Athos/AthOS/REPO-AthOS/krfb/package-krfb/usr/share/doc/HTML/sv/krfb/email_invitation.png
-- Installing: /home/omen/GITHUB/Athos/AthOS/REPO-AthOS/krfb/package-krfb/usr/share/doc/HTML/sv/krfb/invitation_management.png
-- Installing: /home/omen/GITHUB/Athos/AthOS/REPO-AthOS/krfb/package-krfb/usr/share/doc/HTML/sv/krfb/personal_invitation.png
-- Installing: /home/omen/GITHUB/Athos/AthOS/REPO-AthOS/krfb/package-krfb/usr/share/doc/HTML/sv/krfb/screenshot.png
-- Installing: /home/omen/GITHUB/Athos/AthOS/REPO-AthOS/krfb/package-krfb/usr/share/doc/HTML/uk/krfb/index.cache.bz2
-- Installing: /home/omen/GITHUB/Athos/AthOS/REPO-AthOS/krfb/package-krfb/usr/share/doc/HTML/uk/krfb/index.docbook
-- Installing: /home/omen/GITHUB/Athos/AthOS/REPO-AthOS/krfb/package-krfb/usr/share/qlogging-categories6/krfb.categories
[32mThe main part of source code is ready. We are moving on to preparing post install scripts, docs, license, man pages etc..[0m
cp: cannot stat 'ChangeLog*': No such file or directory
cp: cannot stat 'CREDITS': No such file or directory
cp: cannot stat 'LICENSE': No such file or directory
cp: cannot stat 'MAINTAINERS': No such file or directory
cp: cannot stat 'NEWS': No such file or directory
cp: cannot stat 'docs': No such file or directory
cp: cannot stat 'DOCS': No such file or directory
grep: /home/omen/GITHUB/Athos/AthOS/REPO-AthOS/krfb/krfb.info: No such file or directory
extra-cmake-modules
kcompletion
kconfig
kcoreaddons
kcrash
kdbusaddons
kdnssd
kdoctools
ki18n
knotifications
kpipewire
kstatusnotifieritem
kwallet
kwayland
kwidgetsaddons
kxmlgui
plasma-wayland-protocols
[32mPackaging compiled for slackware installation...[0m
[32mMAKEPKG_FLAGS is empty or unset, using default[0m

Slackware package maker, version 3.14159265.

Searching for symbolic links:
usr/lib64/libkrfbprivate.so.5.0	libkrfbprivate.so.5

Making symbolic link creation script:
( cd usr/lib64 ; rm -rf libkrfbprivate.so.5.0 )
( cd usr/lib64 ; ln -sf libkrfbprivate.so.5 libkrfbprivate.so.5.0 )

Unless your existing installation script already contains the code
to create these links, you should append these lines to your existing
install script. Now's your chance. :^)

Would you like to add this stuff to the existing install script and
remove the symbolic links ([y]es, [n]o)? y


Removing symbolic links:
removed './usr/lib64/libkrfbprivate.so.5.0'

Updating your ./install/doinst.sh...

This next step is optional - you can set the directories in your package
to some sane permissions. If any of the directories in your package have
special permissions, then DO NOT reset them here!

Would you like to reset all directory permissions to 755 (drwxr-xr-x) and
directory ownerships to root:root ([y]es, [n]o)? n


Creating Slackware package:  /tmp/krfb/krfb-25.04.1-x86_64-1_rtz.tlz

./
install/
install/doinst.sh
install/slack-desc
usr/
usr/bin/
usr/bin/krfb
usr/bin/krfb-virtualmonitor
usr/doc/
usr/doc/krfb-25.04.1/
usr/doc/krfb-25.04.1/AUTHORS
usr/doc/krfb-25.04.1/COPYING
usr/doc/krfb-25.04.1/README
usr/doc/krfb-25.04.1/krfb.ini
usr/doc/krfb-25.04.1/slack-required
usr/lib64/
usr/lib64/libkrfbprivate.so.5
usr/lib64/qt6/
usr/lib64/qt6/plugins/
usr/lib64/qt6/plugins/krfb/
usr/lib64/qt6/plugins/krfb/events/
usr/lib64/qt6/plugins/krfb/events/x11.so
usr/lib64/qt6/plugins/krfb/events/xdp.so
usr/lib64/qt6/plugins/krfb/framebuffer/
usr/lib64/qt6/plugins/krfb/framebuffer/pw.so
usr/lib64/qt6/plugins/krfb/framebuffer/xcb.so
usr/share/
usr/share/applications/
usr/share/applications/org.kde.krfb.desktop
usr/share/applications/org.kde.krfb.virtualmonitor.desktop
usr/share/doc/
usr/share/doc/HTML/
usr/share/doc/HTML/ca/
usr/share/doc/HTML/ca/krfb/
usr/share/doc/HTML/ca/krfb/index.cache.bz2
usr/share/doc/HTML/ca/krfb/index.docbook
usr/share/doc/HTML/de/
usr/share/doc/HTML/de/krfb/
usr/share/doc/HTML/de/krfb/configuration_network.png
usr/share/doc/HTML/de/krfb/configuration_security.png
usr/share/doc/HTML/de/krfb/connection.png
usr/share/doc/HTML/de/krfb/email_invitation.png
usr/share/doc/HTML/de/krfb/index.cache.bz2
usr/share/doc/HTML/de/krfb/index.docbook
usr/share/doc/HTML/de/krfb/personal_invitation.png
usr/share/doc/HTML/de/krfb/screenshot.png
usr/share/doc/HTML/en/
usr/share/doc/HTML/en/krfb/
usr/share/doc/HTML/en/krfb/configuration_network.png
usr/share/doc/HTML/en/krfb/configuration_security.png
usr/share/doc/HTML/en/krfb/connection.png
usr/share/doc/HTML/en/krfb/index.cache.bz2
usr/share/doc/HTML/en/krfb/index.docbook
usr/share/doc/HTML/en/krfb/screenshot.png
usr/share/doc/HTML/es/
usr/share/doc/HTML/es/krfb/
usr/share/doc/HTML/es/krfb/index.cache.bz2
usr/share/doc/HTML/es/krfb/index.docbook
usr/share/doc/HTML/et/
usr/share/doc/HTML/et/krfb/
usr/share/doc/HTML/et/krfb/index.cache.bz2
usr/share/doc/HTML/et/krfb/index.docbook
usr/share/doc/HTML/fr/
usr/share/doc/HTML/fr/krfb/
usr/share/doc/HTML/fr/krfb/configuration_network.png
usr/share/doc/HTML/fr/krfb/configuration_security.png
usr/share/doc/HTML/fr/krfb/connection.png
usr/share/doc/HTML/fr/krfb/email_invitation.png
usr/share/doc/HTML/fr/krfb/index.cache.bz2
usr/share/doc/HTML/fr/krfb/index.docbook
usr/share/doc/HTML/fr/krfb/personal_invitation.png
usr/share/doc/HTML/fr/krfb/screenshot.png
usr/share/doc/HTML/it/
usr/share/doc/HTML/it/krfb/
usr/share/doc/HTML/it/krfb/index.cache.bz2
usr/share/doc/HTML/it/krfb/index.docbook
usr/share/doc/HTML/nl/
usr/share/doc/HTML/nl/krfb/
usr/share/doc/HTML/nl/krfb/index.cache.bz2
usr/share/doc/HTML/nl/krfb/index.docbook
usr/share/doc/HTML/pl/
usr/share/doc/HTML/pl/krfb/
usr/share/doc/HTML/pl/krfb/index.cache.bz2
usr/share/doc/HTML/pl/krfb/index.docbook
usr/share/doc/HTML/pt/
usr/share/doc/HTML/pt/krfb/
usr/share/doc/HTML/pt/krfb/index.cache.bz2
usr/share/doc/HTML/pt/krfb/index.docbook
usr/share/doc/HTML/pt_BR/
usr/share/doc/HTML/pt_BR/krfb/
usr/share/doc/HTML/pt_BR/krfb/index.cache.bz2
usr/share/doc/HTML/pt_BR/krfb/index.docbook
usr/share/doc/HTML/ru/
usr/share/doc/HTML/ru/krfb/
usr/share/doc/HTML/ru/krfb/index.cache.bz2
usr/share/doc/HTML/ru/krfb/index.docbook
usr/share/doc/HTML/sl/
usr/share/doc/HTML/sl/krfb/
usr/share/doc/HTML/sl/krfb/index.cache.bz2
usr/share/doc/HTML/sl/krfb/index.docbook
usr/share/doc/HTML/sr/
usr/share/doc/HTML/sr/krfb/
usr/share/doc/HTML/sr/krfb/index.cache.bz2
usr/share/doc/HTML/sr/krfb/index.docbook
usr/share/doc/HTML/sr@latin/
usr/share/doc/HTML/sr@latin/krfb/
usr/share/doc/HTML/sr@latin/krfb/index.cache.bz2
usr/share/doc/HTML/sr@latin/krfb/index.docbook
usr/share/doc/HTML/sv/
usr/share/doc/HTML/sv/krfb/
usr/share/doc/HTML/sv/krfb/configuration_access.png
usr/share/doc/HTML/sv/krfb/configuration_network.png
usr/share/doc/HTML/sv/krfb/configuration_session.png
usr/share/doc/HTML/sv/krfb/connection.png
usr/share/doc/HTML/sv/krfb/email_invitation.png
usr/share/doc/HTML/sv/krfb/index.cache.bz2
usr/share/doc/HTML/sv/krfb/index.docbook
usr/share/doc/HTML/sv/krfb/invitation_management.png
usr/share/doc/HTML/sv/krfb/personal_invitation.png
usr/share/doc/HTML/sv/krfb/screenshot.png
usr/share/doc/HTML/uk/
usr/share/doc/HTML/uk/krfb/
usr/share/doc/HTML/uk/krfb/index.cache.bz2
usr/share/doc/HTML/uk/krfb/index.docbook
usr/share/icons/
usr/share/icons/hicolor/
usr/share/icons/hicolor/48x48/
usr/share/icons/hicolor/48x48/apps/
usr/share/icons/hicolor/48x48/apps/krfb.png
usr/share/icons/hicolor/scalable/
usr/share/icons/hicolor/scalable/apps/
usr/share/icons/hicolor/scalable/apps/krfb.svgz
usr/share/krfb/
usr/share/krfb/krfb.notifyrc
usr/share/locale/
usr/share/locale/af/
usr/share/locale/af/LC_MESSAGES/
usr/share/locale/af/LC_MESSAGES/krfb.mo
usr/share/locale/ar/
usr/share/locale/ar/LC_MESSAGES/
usr/share/locale/ar/LC_MESSAGES/krfb.mo
usr/share/locale/ast/
usr/share/locale/ast/LC_MESSAGES/
usr/share/locale/ast/LC_MESSAGES/krfb.mo
usr/share/locale/be/
usr/share/locale/be/LC_MESSAGES/
usr/share/locale/be/LC_MESSAGES/krfb.mo
usr/share/locale/bg/
usr/share/locale/bg/LC_MESSAGES/
usr/share/locale/bg/LC_MESSAGES/krfb.mo
usr/share/locale/br/
usr/share/locale/br/LC_MESSAGES/
usr/share/locale/br/LC_MESSAGES/krfb.mo
usr/share/locale/bs/
usr/share/locale/bs/LC_MESSAGES/
usr/share/locale/bs/LC_MESSAGES/krfb.mo
usr/share/locale/ca/
usr/share/locale/ca/LC_MESSAGES/
usr/share/locale/ca/LC_MESSAGES/krfb.mo
usr/share/locale/ca@valencia/
usr/share/locale/ca@valencia/LC_MESSAGES/
usr/share/locale/ca@valencia/LC_MESSAGES/krfb.mo
usr/share/locale/cs/
usr/share/locale/cs/LC_MESSAGES/
usr/share/locale/cs/LC_MESSAGES/krfb.mo
usr/share/locale/cy/
usr/share/locale/cy/LC_MESSAGES/
usr/share/locale/cy/LC_MESSAGES/krfb.mo
usr/share/locale/da/
usr/share/locale/da/LC_MESSAGES/
usr/share/locale/da/LC_MESSAGES/krfb.mo
usr/share/locale/de/
usr/share/locale/de/LC_MESSAGES/
usr/share/locale/de/LC_MESSAGES/krfb.mo
usr/share/locale/el/
usr/share/locale/el/LC_MESSAGES/
usr/share/locale/el/LC_MESSAGES/krfb.mo
usr/share/locale/en_GB/
usr/share/locale/en_GB/LC_MESSAGES/
usr/share/locale/en_GB/LC_MESSAGES/krfb.mo
usr/share/locale/eo/
usr/share/locale/eo/LC_MESSAGES/
usr/share/locale/eo/LC_MESSAGES/krfb.mo
usr/share/locale/es/
usr/share/locale/es/LC_MESSAGES/
usr/share/locale/es/LC_MESSAGES/krfb.mo
usr/share/locale/et/
usr/share/locale/et/LC_MESSAGES/
usr/share/locale/et/LC_MESSAGES/krfb.mo
usr/share/locale/eu/
usr/share/locale/eu/LC_MESSAGES/
usr/share/locale/eu/LC_MESSAGES/krfb.mo
usr/share/locale/fa/
usr/share/locale/fa/LC_MESSAGES/
usr/share/locale/fa/LC_MESSAGES/krfb.mo
usr/share/locale/fi/
usr/share/locale/fi/LC_MESSAGES/
usr/share/locale/fi/LC_MESSAGES/krfb.mo
usr/share/locale/fr/
usr/share/locale/fr/LC_MESSAGES/
usr/share/locale/fr/LC_MESSAGES/krfb.mo
usr/share/locale/ga/
usr/share/locale/ga/LC_MESSAGES/
usr/share/locale/ga/LC_MESSAGES/krfb.mo
usr/share/locale/gl/
usr/share/locale/gl/LC_MESSAGES/
usr/share/locale/gl/LC_MESSAGES/krfb.mo
usr/share/locale/he/
usr/share/locale/he/LC_MESSAGES/
usr/share/locale/he/LC_MESSAGES/krfb.mo
usr/share/locale/hi/
usr/share/locale/hi/LC_MESSAGES/
usr/share/locale/hi/LC_MESSAGES/krfb.mo
usr/share/locale/hne/
usr/share/locale/hne/LC_MESSAGES/
usr/share/locale/hne/LC_MESSAGES/krfb.mo
usr/share/locale/hr/
usr/share/locale/hr/LC_MESSAGES/
usr/share/locale/hr/LC_MESSAGES/krfb.mo
usr/share/locale/hsb/
usr/share/locale/hsb/LC_MESSAGES/
usr/share/locale/hsb/LC_MESSAGES/krfb.mo
usr/share/locale/hu/
usr/share/locale/hu/LC_MESSAGES/
usr/share/locale/hu/LC_MESSAGES/krfb.mo
usr/share/locale/ia/
usr/share/locale/ia/LC_MESSAGES/
usr/share/locale/ia/LC_MESSAGES/krfb.mo
usr/share/locale/id/
usr/share/locale/id/LC_MESSAGES/
usr/share/locale/id/LC_MESSAGES/krfb.mo
usr/share/locale/is/
usr/share/locale/is/LC_MESSAGES/
usr/share/locale/is/LC_MESSAGES/krfb.mo
usr/share/locale/it/
usr/share/locale/it/LC_MESSAGES/
usr/share/locale/it/LC_MESSAGES/krfb.mo
usr/share/locale/ja/
usr/share/locale/ja/LC_MESSAGES/
usr/share/locale/ja/LC_MESSAGES/krfb.mo
usr/share/locale/ka/
usr/share/locale/ka/LC_MESSAGES/
usr/share/locale/ka/LC_MESSAGES/krfb.mo
usr/share/locale/kk/
usr/share/locale/kk/LC_MESSAGES/
usr/share/locale/kk/LC_MESSAGES/krfb.mo
usr/share/locale/km/
usr/share/locale/km/LC_MESSAGES/
usr/share/locale/km/LC_MESSAGES/krfb.mo
usr/share/locale/ko/
usr/share/locale/ko/LC_MESSAGES/
usr/share/locale/ko/LC_MESSAGES/krfb.mo
usr/share/locale/lt/
usr/share/locale/lt/LC_MESSAGES/
usr/share/locale/lt/LC_MESSAGES/krfb.mo
usr/share/locale/lv/
usr/share/locale/lv/LC_MESSAGES/
usr/share/locale/lv/LC_MESSAGES/krfb.mo
usr/share/locale/mai/
usr/share/locale/mai/LC_MESSAGES/
usr/share/locale/mai/LC_MESSAGES/krfb.mo
usr/share/locale/mk/
usr/share/locale/mk/LC_MESSAGES/
usr/share/locale/mk/LC_MESSAGES/krfb.mo
usr/share/locale/ml/
usr/share/locale/ml/LC_MESSAGES/
usr/share/locale/ml/LC_MESSAGES/krfb.mo
usr/share/locale/mr/
usr/share/locale/mr/LC_MESSAGES/
usr/share/locale/mr/LC_MESSAGES/krfb.mo
usr/share/locale/ms/
usr/share/locale/ms/LC_MESSAGES/
usr/share/locale/ms/LC_MESSAGES/krfb.mo
usr/share/locale/nb/
usr/share/locale/nb/LC_MESSAGES/
usr/share/locale/nb/LC_MESSAGES/krfb.mo
usr/share/locale/nds/
usr/share/locale/nds/LC_MESSAGES/
usr/share/locale/nds/LC_MESSAGES/krfb.mo
usr/share/locale/ne/
usr/share/locale/ne/LC_MESSAGES/
usr/share/locale/ne/LC_MESSAGES/krfb.mo
usr/share/locale/nl/
usr/share/locale/nl/LC_MESSAGES/
usr/share/locale/nl/LC_MESSAGES/krfb.mo
usr/share/locale/nn/
usr/share/locale/nn/LC_MESSAGES/
usr/share/locale/nn/LC_MESSAGES/krfb.mo
usr/share/locale/oc/
usr/share/locale/oc/LC_MESSAGES/
usr/share/locale/oc/LC_MESSAGES/krfb.mo
usr/share/locale/pa/
usr/share/locale/pa/LC_MESSAGES/
usr/share/locale/pa/LC_MESSAGES/krfb.mo
usr/share/locale/pl/
usr/share/locale/pl/LC_MESSAGES/
usr/share/locale/pl/LC_MESSAGES/krfb.mo
usr/share/locale/pt/
usr/share/locale/pt/LC_MESSAGES/
usr/share/locale/pt/LC_MESSAGES/krfb.mo
usr/share/locale/pt_BR/
usr/share/locale/pt_BR/LC_MESSAGES/
usr/share/locale/pt_BR/LC_MESSAGES/krfb.mo
usr/share/locale/ro/
usr/share/locale/ro/LC_MESSAGES/
usr/share/locale/ro/LC_MESSAGES/krfb.mo
usr/share/locale/ru/
usr/share/locale/ru/LC_MESSAGES/
usr/share/locale/ru/LC_MESSAGES/krfb.mo
usr/share/locale/sa/
usr/share/locale/sa/LC_MESSAGES/
usr/share/locale/sa/LC_MESSAGES/krfb.mo
usr/share/locale/se/
usr/share/locale/se/LC_MESSAGES/
usr/share/locale/se/LC_MESSAGES/krfb.mo
usr/share/locale/sk/
usr/share/locale/sk/LC_MESSAGES/
usr/share/locale/sk/LC_MESSAGES/krfb.mo
usr/share/locale/sl/
usr/share/locale/sl/LC_MESSAGES/
usr/share/locale/sl/LC_MESSAGES/krfb.mo
usr/share/locale/sq/
usr/share/locale/sq/LC_MESSAGES/
usr/share/locale/sq/LC_MESSAGES/krfb.mo
usr/share/locale/sr/
usr/share/locale/sr/LC_MESSAGES/
usr/share/locale/sr/LC_MESSAGES/krfb.mo
usr/share/locale/sr@ijekavian/
usr/share/locale/sr@ijekavian/LC_MESSAGES/
usr/share/locale/sr@ijekavian/LC_MESSAGES/krfb.mo
usr/share/locale/sr@ijekavianlatin/
usr/share/locale/sr@ijekavianlatin/LC_MESSAGES/
usr/share/locale/sr@ijekavianlatin/LC_MESSAGES/krfb.mo
usr/share/locale/sr@latin/
usr/share/locale/sr@latin/LC_MESSAGES/
usr/share/locale/sr@latin/LC_MESSAGES/krfb.mo
usr/share/locale/sv/
usr/share/locale/sv/LC_MESSAGES/
usr/share/locale/sv/LC_MESSAGES/krfb.mo
usr/share/locale/ta/
usr/share/locale/ta/LC_MESSAGES/
usr/share/locale/ta/LC_MESSAGES/krfb.mo
usr/share/locale/tg/
usr/share/locale/tg/LC_MESSAGES/
usr/share/locale/tg/LC_MESSAGES/krfb.mo
usr/share/locale/th/
usr/share/locale/th/LC_MESSAGES/
usr/share/locale/th/LC_MESSAGES/krfb.mo
usr/share/locale/tr/
usr/share/locale/tr/LC_MESSAGES/
usr/share/locale/tr/LC_MESSAGES/krfb.mo
usr/share/locale/ug/
usr/share/locale/ug/LC_MESSAGES/
usr/share/locale/ug/LC_MESSAGES/krfb.mo
usr/share/locale/uk/
usr/share/locale/uk/LC_MESSAGES/
usr/share/locale/uk/LC_MESSAGES/krfb.mo
usr/share/locale/vi/
usr/share/locale/vi/LC_MESSAGES/
usr/share/locale/vi/LC_MESSAGES/krfb.mo
usr/share/locale/xh/
usr/share/locale/xh/LC_MESSAGES/
usr/share/locale/xh/LC_MESSAGES/krfb.mo
usr/share/locale/zh_CN/
usr/share/locale/zh_CN/LC_MESSAGES/
usr/share/locale/zh_CN/LC_MESSAGES/krfb.mo
usr/share/locale/zh_TW/
usr/share/locale/zh_TW/LC_MESSAGES/
usr/share/locale/zh_TW/LC_MESSAGES/krfb.mo
usr/share/metainfo/
usr/share/metainfo/org.kde.krfb.appdata.xml
usr/share/qlogging-categories6/
usr/share/qlogging-categories6/krfb.categories

Slackware package /tmp/krfb/krfb-25.04.1-x86_64-1_rtz.tlz created.

Create shared object file for krfb-25.04.1-x86_64-1_rtz.tlz
Creating /tmp/krfb/krfb-25.04.1-x86_64-1_rtz.tlz.so.file using /tmp/krfb/krfb-25.04.1-x86_64-1_rtz.tlz
Successfully created /tmp/krfb/krfb-25.04.1-x86_64-1_rtz.tlz.so.file
Packaging of executable and meta-data in krfb.tar.lz4 format.
/tmp/krfb /tmp/krfb
/tmp/krfb
BIN_NAME
README
krfb-25.04.1-x86_64-1_rtz.tlz
krfb-25.04.1-x86_64-1_rtz.tlz.md5
krfb-25.04.1-x86_64-1_rtz.tlz.so.file
krfb-25.04.1-x86_64-1_rtz.tlz.txt
krfb.dep
makepkg-krfb.log
[32mkrfb build finished. Procced to installation...[0m

+===========================================================================================+
| Upgrading krfb-25.04.1-x86_64-1_rtz package using /tmp/krfb/krfb-25.04.1-x86_64-1_rtz.tlz |
+===========================================================================================+

Pre-installing package krfb-25.04.1-x86_64-1_rtz...
Removing package: krfb-25.04.1-x86_64-1_rtz-upgraded-2025-05-21,16:31:23
Installing package krfb-25.04.1-x86_64-1_rtz.tlz:
PACKAGE DESCRIPTION:
# krfb (Desktop sharing)
#
# Desktop sharing
#
# https://kde.org/applications/internet/
Executing install script for krfb-25.04.1-x86_64-1_rtz.tlz.
Font directories:
	/usr/share/fonts
/usr/share/fonts: caching, new cache contents: 0 fonts, 11 dirs
/usr/share/fonts/100dpi: caching, new cache contents: 238 fonts, 0 dirs
/usr/share/fonts/75dpi: caching, new cache contents: 238 fonts, 0 dirs
/usr/share/fonts/OTF: caching, new cache contents: 124 fonts, 0 dirs
/usr/share/fonts/Speedo: caching, new cache contents: 0 fonts, 0 dirs
/usr/share/fonts/TTF: caching, new cache contents: 1132 fonts, 0 dirs
/usr/share/fonts/Type1: caching, new cache contents: 64 fonts, 0 dirs
/usr/share/fonts/cyrillic: caching, new cache contents: 0 fonts, 0 dirs
/usr/share/fonts/encodings: caching, new cache contents: 0 fonts, 1 dirs
/usr/share/fonts/encodings/large: caching, new cache contents: 0 fonts, 0 dirs
/usr/share/fonts/kanjistrokeorders: caching, new cache contents: 1 fonts, 0 dirs
/usr/share/fonts/misc: caching, new cache contents: 143 fonts, 0 dirs
/usr/share/fonts/util: caching, new cache contents: 0 fonts, 0 dirs
/var/cache/fontconfig: cleaning cache directory
/root/.cache/fontconfig: not cleaning non-existent cache directory
/root/.fontconfig: not cleaning non-existent cache directory
/usr/bin/fc-cache: succeeded
Package krfb-25.04.1-x86_64-1_rtz.tlz installed.
Package krfb-25.04.1-x86_64-1_rtz upgraded with new package /tmp/krfb/krfb-25.04.1-x86_64-1_rtz.tlz.
[32mCleaning environmet: Removing source code, and work-space...[0m
rm: cannot remove 'krfb-25.04.1.tar.xz': No such file or directory
