[32mStarting build process...[0m
Detected architecture: x86_64
Required dependencies: extra-cmake-modules	kcoreaddons	kdeclarative	ki18n	kitemmodels	krunner	kservice	libplasma
extra-cmake-modules is already installed!
kcoreaddons is already installed!
kdeclarative is already installed!
ki18n is already installed!
kitemmodels is already installed!
krunner is already installed!
kservice is already installed!
libplasma is already installed!
No optional dependencies found.
Downloading source code tar.xz file
--2025-05-28 18:53:37--  https://download.kde.org/stable/plasma/6.3.5/milou-6.3.5.tar.xz
Resolving download.kde.org (download.kde.org)... 49.12.122.15, 2a01:4f8:242:53eb::4
Connecting to download.kde.org (download.kde.org)|49.12.122.15|:443... connected.
HTTP request sent, awaiting response... 302 Found
Location: https://ftp.cc.uoc.gr/mirrors/kde/stable/plasma/6.3.5/milou-6.3.5.tar.xz [following]
--2025-05-28 18:53:37--  https://ftp.cc.uoc.gr/mirrors/kde/stable/plasma/6.3.5/milou-6.3.5.tar.xz
Resolving ftp.cc.uoc.gr (ftp.cc.uoc.gr)... 147.52.159.50, 2001:648:2c00:6c08::2
Connecting to ftp.cc.uoc.gr (ftp.cc.uoc.gr)|147.52.159.50|:443... connected.
HTTP request sent, awaiting response... 200 OK
Length: 50664 (49K) [application/octet-stream]
Saving to: ‘milou-6.3.5.tar.xz’

     0K .......... .......... .......... .......... ......... 100% 1.45M=0.03s

2025-05-28 18:53:37 (1.45 MB/s) - ‘milou-6.3.5.tar.xz’ saved [50664/50664]

Found file: milou-6.3.5.tar.xz
No checksum provided. Skipping checksum verification and proceeding...
Creating working directories and exporting source code in...
milou-6.3.5/
milou-6.3.5/lib/
milou-6.3.5/lib/Messages.sh
milou-6.3.5/lib/mousehelper.cpp
milou-6.3.5/lib/test/
milou-6.3.5/lib/test/resultViewRandom.qml
milou-6.3.5/lib/resultsmodel.h
milou-6.3.5/lib/resultsmodel.cpp
milou-6.3.5/lib/mousehelper.h
milou-6.3.5/lib/qml/
milou-6.3.5/lib/qml/test/
milou-6.3.5/lib/qml/test/main.qml
milou-6.3.5/lib/qml/ResultsListView.qml
milou-6.3.5/lib/qml/ResultDelegate.qml
milou-6.3.5/lib/qml/ResultsListViewDelegate.qml
milou-6.3.5/lib/qml/plugin.cpp
milou-6.3.5/lib/qml/ResultsView.qml
milou-6.3.5/lib/qml/CMakeLists.txt
milou-6.3.5/lib/CMakeLists.txt
milou-6.3.5/.git-blame-ignore-revs
milou-6.3.5/LICENSES/
milou-6.3.5/LICENSES/GPL-2.0-only.txt
milou-6.3.5/LICENSES/LGPL-2.1-only.txt
milou-6.3.5/LICENSES/LGPL-3.0-only.txt
milou-6.3.5/LICENSES/LicenseRef-KDE-Accepted-LGPL.txt
milou-6.3.5/LICENSES/GPL-2.0-or-later.txt
milou-6.3.5/LICENSES/CC0-1.0.txt
milou-6.3.5/LICENSES/LicenseRef-KDE-Accepted-GPL.txt
milou-6.3.5/LICENSES/GPL-3.0-only.txt
milou-6.3.5/.gitlab-ci.yml
milou-6.3.5/plasmoid/
milou-6.3.5/plasmoid/package/
milou-6.3.5/plasmoid/package/contents/
milou-6.3.5/plasmoid/package/contents/ui/
milou-6.3.5/plasmoid/package/contents/ui/globals.js
milou-6.3.5/plasmoid/package/contents/ui/main.qml
milou-6.3.5/plasmoid/package/contents/ui/SearchField.qml
milou-6.3.5/plasmoid/package/metadata.json
milou-6.3.5/plasmoid/Messages.sh
milou-6.3.5/plasmoid/CMakeLists.txt
milou-6.3.5/.gitignore
milou-6.3.5/.kde-ci.yml
milou-6.3.5/CMakeLists.txt
milou-6.3.5/po/
milou-6.3.5/po/gl/
milou-6.3.5/po/gl/milou.po
milou-6.3.5/po/gl/plasma_applet_org.kde.milou.po
milou-6.3.5/po/eo/
milou-6.3.5/po/eo/milou.po
milou-6.3.5/po/eo/plasma_applet_org.kde.milou.po
milou-6.3.5/po/bs/
milou-6.3.5/po/bs/milou.po
milou-6.3.5/po/bs/plasma_applet_org.kde.milou.po
milou-6.3.5/po/he/
milou-6.3.5/po/he/milou.po
milou-6.3.5/po/he/plasma_applet_org.kde.milou.po
milou-6.3.5/po/zh_CN/
milou-6.3.5/po/zh_CN/milou.po
milou-6.3.5/po/zh_CN/plasma_applet_org.kde.milou.po
milou-6.3.5/po/sr/
milou-6.3.5/po/sr/milou.po
milou-6.3.5/po/sr/plasma_applet_org.kde.milou.po
milou-6.3.5/po/sr@latin/
milou-6.3.5/po/sr@latin/milou.po
milou-6.3.5/po/sr@latin/plasma_applet_org.kde.milou.po
milou-6.3.5/po/hi/
milou-6.3.5/po/hi/milou.po
milou-6.3.5/po/hi/plasma_applet_org.kde.milou.po
milou-6.3.5/po/bg/
milou-6.3.5/po/bg/milou.po
milou-6.3.5/po/bg/plasma_applet_org.kde.milou.po
milou-6.3.5/po/lv/
milou-6.3.5/po/lv/milou.po
milou-6.3.5/po/lv/plasma_applet_org.kde.milou.po
milou-6.3.5/po/ca@valencia/
milou-6.3.5/po/ca@valencia/milou.po
milou-6.3.5/po/ca@valencia/plasma_applet_org.kde.milou.po
milou-6.3.5/po/el/
milou-6.3.5/po/el/milou.po
milou-6.3.5/po/el/plasma_applet_org.kde.milou.po
milou-6.3.5/po/pt/
milou-6.3.5/po/pt/milou.po
milou-6.3.5/po/pt/plasma_applet_org.kde.milou.po
milou-6.3.5/po/nn/
milou-6.3.5/po/nn/milou.po
milou-6.3.5/po/nn/plasma_applet_org.kde.milou.po
milou-6.3.5/po/sr@ijekavian/
milou-6.3.5/po/sr@ijekavian/milou.po
milou-6.3.5/po/sr@ijekavian/plasma_applet_org.kde.milou.po
milou-6.3.5/po/fi/
milou-6.3.5/po/fi/milou.po
milou-6.3.5/po/fi/plasma_applet_org.kde.milou.po
milou-6.3.5/po/ka/
milou-6.3.5/po/ka/milou.po
milou-6.3.5/po/ka/plasma_applet_org.kde.milou.po
milou-6.3.5/po/ar/
milou-6.3.5/po/ar/milou.po
milou-6.3.5/po/ar/plasma_applet_org.kde.milou.po
milou-6.3.5/po/sk/
milou-6.3.5/po/sk/milou.po
milou-6.3.5/po/sk/plasma_applet_org.kde.milou.po
milou-6.3.5/po/pa/
milou-6.3.5/po/pa/milou.po
milou-6.3.5/po/pa/plasma_applet_org.kde.milou.po
milou-6.3.5/po/ro/
milou-6.3.5/po/ro/milou.po
milou-6.3.5/po/ro/plasma_applet_org.kde.milou.po
milou-6.3.5/po/de/
milou-6.3.5/po/de/milou.po
milou-6.3.5/po/de/plasma_applet_org.kde.milou.po
milou-6.3.5/po/id/
milou-6.3.5/po/id/milou.po
milou-6.3.5/po/id/plasma_applet_org.kde.milou.po
milou-6.3.5/po/tg/
milou-6.3.5/po/tg/plasma_applet_org.kde.milou.po
milou-6.3.5/po/nds/
milou-6.3.5/po/nds/milou.po
milou-6.3.5/po/nds/plasma_applet_org.kde.milou.po
milou-6.3.5/po/ja/
milou-6.3.5/po/ja/milou.po
milou-6.3.5/po/ja/plasma_applet_org.kde.milou.po
milou-6.3.5/po/ko/
milou-6.3.5/po/ko/milou.po
milou-6.3.5/po/ko/plasma_applet_org.kde.milou.po
milou-6.3.5/po/hu/
milou-6.3.5/po/hu/milou.po
milou-6.3.5/po/hu/plasma_applet_org.kde.milou.po
milou-6.3.5/po/sa/
milou-6.3.5/po/sa/milou.po
milou-6.3.5/po/sa/plasma_applet_org.kde.milou.po
milou-6.3.5/po/ru/
milou-6.3.5/po/ru/milou.po
milou-6.3.5/po/ru/plasma_applet_org.kde.milou.po
milou-6.3.5/po/sl/
milou-6.3.5/po/sl/milou.po
milou-6.3.5/po/sl/plasma_applet_org.kde.milou.po
milou-6.3.5/po/ta/
milou-6.3.5/po/ta/milou.po
milou-6.3.5/po/ta/plasma_applet_org.kde.milou.po
milou-6.3.5/po/it/
milou-6.3.5/po/it/milou.po
milou-6.3.5/po/it/plasma_applet_org.kde.milou.po
milou-6.3.5/po/pt_BR/
milou-6.3.5/po/pt_BR/milou.po
milou-6.3.5/po/pt_BR/plasma_applet_org.kde.milou.po
milou-6.3.5/po/tr/
milou-6.3.5/po/tr/milou.po
milou-6.3.5/po/tr/plasma_applet_org.kde.milou.po
milou-6.3.5/po/et/
milou-6.3.5/po/et/milou.po
milou-6.3.5/po/et/plasma_applet_org.kde.milou.po
milou-6.3.5/po/ca/
milou-6.3.5/po/ca/milou.po
milou-6.3.5/po/ca/plasma_applet_org.kde.milou.po
milou-6.3.5/po/nl/
milou-6.3.5/po/nl/milou.po
milou-6.3.5/po/nl/plasma_applet_org.kde.milou.po
milou-6.3.5/po/pl/
milou-6.3.5/po/pl/milou.po
milou-6.3.5/po/pl/plasma_applet_org.kde.milou.po
milou-6.3.5/po/sr@ijekavianlatin/
milou-6.3.5/po/sr@ijekavianlatin/milou.po
milou-6.3.5/po/sr@ijekavianlatin/plasma_applet_org.kde.milou.po
milou-6.3.5/po/nb/
milou-6.3.5/po/nb/milou.po
milou-6.3.5/po/nb/plasma_applet_org.kde.milou.po
milou-6.3.5/po/ml/
milou-6.3.5/po/ml/milou.po
milou-6.3.5/po/ml/plasma_applet_org.kde.milou.po
milou-6.3.5/po/eu/
milou-6.3.5/po/eu/milou.po
milou-6.3.5/po/eu/plasma_applet_org.kde.milou.po
milou-6.3.5/po/cs/
milou-6.3.5/po/cs/milou.po
milou-6.3.5/po/cs/plasma_applet_org.kde.milou.po
milou-6.3.5/po/fr/
milou-6.3.5/po/fr/milou.po
milou-6.3.5/po/fr/plasma_applet_org.kde.milou.po
milou-6.3.5/po/zh_TW/
milou-6.3.5/po/zh_TW/milou.po
milou-6.3.5/po/zh_TW/plasma_applet_org.kde.milou.po
milou-6.3.5/po/uk/
milou-6.3.5/po/uk/milou.po
milou-6.3.5/po/uk/plasma_applet_org.kde.milou.po
milou-6.3.5/po/sv/
milou-6.3.5/po/sv/milou.po
milou-6.3.5/po/sv/plasma_applet_org.kde.milou.po
milou-6.3.5/po/en_GB/
milou-6.3.5/po/en_GB/milou.po
milou-6.3.5/po/en_GB/plasma_applet_org.kde.milou.po
milou-6.3.5/po/da/
milou-6.3.5/po/da/milou.po
milou-6.3.5/po/da/plasma_applet_org.kde.milou.po
milou-6.3.5/po/es/
milou-6.3.5/po/es/milou.po
milou-6.3.5/po/es/plasma_applet_org.kde.milou.po
milou-6.3.5/po/ast/
milou-6.3.5/po/ast/milou.po
milou-6.3.5/po/ast/plasma_applet_org.kde.milou.po
milou-6.3.5/po/ia/
milou-6.3.5/po/ia/milou.po
milou-6.3.5/po/ia/plasma_applet_org.kde.milou.po
milou-6.3.5/po/lt/
milou-6.3.5/po/lt/milou.po
milou-6.3.5/po/lt/plasma_applet_org.kde.milou.po
/home/omen/GITHUB/Athos/AthOS/REPO-AthOS/milou/work
README or README.md already exists, skipping creation.
hm...lets continue and see what happens
-- The C compiler identification is GNU 14.3.0
-- The CXX compiler identification is GNU 14.3.0
-- Detecting C compiler ABI info
-- Detecting C compiler ABI info - done
-- Check for working C compiler: /usr/bin/cc - skipped
-- Detecting C compile features
-- Detecting C compile features - done
-- Detecting CXX compiler ABI info
-- Detecting CXX compiler ABI info - done
-- Check for working CXX compiler: /usr/bin/c++ - skipped
-- Detecting CXX compile features
-- Detecting CXX compile features - done
-- Installing in the same prefix as Qt, adopting their path scheme.
-- Looking for __GLIBC__
-- Looking for __GLIBC__ - found
-- Performing Test _OFFT_IS_64BIT
-- Performing Test _OFFT_IS_64BIT - Success
-- Performing Test HAVE_DATE_TIME
-- Performing Test HAVE_DATE_TIME - Success
-- Performing Test HAVE_STDATOMIC
-- Performing Test HAVE_STDATOMIC - Success
-- Found WrapAtomic: TRUE
-- Found OpenGL: /usr/lib64/libOpenGL.so
-- Found WrapOpenGL: TRUE
-- Found XKB: /usr/lib64/libxkbcommon.so (found suitable version "1.10.0", minimum required is "0.5.0")
-- Found WrapVulkanHeaders: /usr/include
-- Found Gettext: /usr/bin/msgmerge (found version "0.25")
-- Found KF6I18n: /usr/lib64/cmake/KF6I18n/KF6I18nConfig.cmake (found version "6.14.0")
-- Found KF6Runner: /usr/lib64/cmake/KF6Runner/KF6RunnerConfig.cmake (found version "6.14.0")
-- Found KF6Svg: /usr/lib64/cmake/KF6Svg/KF6SvgConfig.cmake (found version "6.14.0")
-- Found KF6Config: /usr/lib64/cmake/KF6Config/KF6ConfigConfig.cmake (found version "6.14.0")
-- Found KF6: success (found suitable version "6.14.0", minimum required is "6.10.0") found components: I18n Runner Svg Config
-- Found X11: /usr/include
-- Looking for XOpenDisplay in /usr/lib64/libX11.so;/usr/lib64/libXext.so
-- Looking for XOpenDisplay in /usr/lib64/libX11.so;/usr/lib64/libXext.so - found
-- Looking for gethostbyname
-- Looking for gethostbyname - found
-- Looking for connect
-- Looking for connect - found
-- Looking for remove
-- Looking for remove - found
-- Looking for shmat
-- Looking for shmat - found
-- Looking for IceConnectionNumber in ICE
-- Looking for IceConnectionNumber in ICE - found
CMake Warning (dev) at /usr/share/ECM/modules/ECMQmlModule6.cmake:49 (message):
  The CLASSNAME argument to ecm_add_qml_module is deprecated for Qt 6; Use
  CLASS_NAME instead.
Call Stack (most recent call first):
  lib/qml/CMakeLists.txt:4 (ecm_add_qml_module)
This warning is for project developers.  Use -Wno-dev to suppress it.

-- The following OPTIONAL packages have been found:

 * Qt6QuickTools (required version >= 6.8.3)
 * OpenGL
 * Qt6Quick (required version >= 6.7.0)
 * Qt6WidgetsTools (required version >= 6.8.3)
 * Qt6Widgets (required version >= 6.7.0)
 * Qt6DBusTools (required version >= 6.8.3)
 * Qt6QmlTools (required version >= 6.8.3)
 * XKB (required version >= 0.5.0), XKB API common to servers and clients., <http://xkbcommon.org>
 * WrapVulkanHeaders
 * Qt6CoreTools (required version >= 6.8.3)
 * Qt6GuiTools (required version >= 6.8.3)

-- The following REQUIRED packages have been found:

 * ECM (required version >= 6.10.0)
 * Gettext
 * KF6I18n (required version >= 6.10.0)
 * Qt6 (required version >= 6.7.0)
 * KF6Runner (required version >= 6.10.0)
 * KF6Svg (required version >= 6.10.0)
 * KF6Config (required version >= 6.10.0)
 * KF6 (required version >= 6.10.0)
 * Qt6Qml
 * Qt6Core (required version >= 6.7.0)
 * Plasma (required version >= 6.3.5)

-- Configuring done (1.5s)
-- Generating done (0.0s)
-- Build files have been written to: /home/omen/GITHUB/Athos/AthOS/REPO-AthOS/milou/work/milou-6.3.5/build
[1/31] Copying milouqmlplugin qml sources into build dir
[2/31] Copying milouqmlplugin qml resources into build dir
[3/31] Generating ts...
[4/31] Generating mo...
[5/31] Automatic MOC for target milou
[6/31] Building CXX object lib/CMakeFiles/milou.dir/milou_autogen/mocs_compilation.cpp.o
[7/31] Building CXX object lib/CMakeFiles/milou.dir/mousehelper.cpp.o
[8/31] Building CXX object lib/CMakeFiles/milou.dir/resultsmodel.cpp.o
[9/31] Linking CXX static library lib/libmilou.a
[10/31] Automatic MOC for target milouqmlplugin
[11/31] Running AUTOMOC file extraction for target milouqmlplugin
[12/31] Running rcc for resource qmake_org_kde_milou
[13/31] Generating .rcc/qmlcache/milouqmlplugin_qmlcache_loader.cpp
[14/31] Running moc --collect-json for target milouqmlplugin
[15/31] Running rcc for resource milouqmlplugin_raw_qml_0
[16/31] Automatic QML type registration for target milouqmlplugin
[17/31] Generating .rcc/qmlcache/milouqmlplugin_ResultsListViewDelegate_qml.cpp
[18/31] Generating .rcc/qmlcache/milouqmlplugin_ResultsListView_qml.cpp
[19/31] Generating .rcc/qmlcache/milouqmlplugin_ResultsView_qml.cpp
[20/31] Generating .rcc/qmlcache/milouqmlplugin_ResultDelegate_qml.cpp
[21/31] Building CXX object lib/qml/CMakeFiles/milouqmlplugin.dir/milouqmlplugin_autogen/mocs_compilation.cpp.o
[22/31] Building CXX object lib/qml/CMakeFiles/milouqmlplugin.dir/.qt/rcc/qrc_qmake_org_kde_milou.cpp.o
[23/31] Building CXX object lib/qml/CMakeFiles/milouqmlplugin.dir/.qt/rcc/qrc_milouqmlplugin_raw_qml_0.cpp.o
[24/31] Building CXX object lib/qml/CMakeFiles/milouqmlplugin.dir/.rcc/qmlcache/milouqmlplugin_ResultsListView_qml.cpp.o
[25/31] Building CXX object lib/qml/CMakeFiles/milouqmlplugin.dir/milouqmlplugin_qmltyperegistrations.cpp.o
[26/31] Building CXX object lib/qml/CMakeFiles/milouqmlplugin.dir/.rcc/qmlcache/milouqmlplugin_ResultsListViewDelegate_qml.cpp.o
[27/31] Building CXX object lib/qml/CMakeFiles/milouqmlplugin.dir/.rcc/qmlcache/milouqmlplugin_ResultsView_qml.cpp.o
[28/31] Building CXX object lib/qml/CMakeFiles/milouqmlplugin.dir/plugin.cpp.o
[29/31] Building CXX object lib/qml/CMakeFiles/milouqmlplugin.dir/.rcc/qmlcache/milouqmlplugin_ResultDelegate_qml.cpp.o
[30/31] Building CXX object lib/qml/CMakeFiles/milouqmlplugin.dir/.rcc/qmlcache/milouqmlplugin_qmlcache_loader.cpp.o
[31/31] Linking CXX shared module bin/org/kde/milou/libmilouqmlplugin.so
-- Install configuration: "RelWithDebInfo"
-- Installing: /home/omen/GITHUB/Athos/AthOS/REPO-AthOS/milou/package-milou/usr/lib64/qt6/qml/org/kde/milou/libmilouqmlplugin.so
-- Set non-toolchain portion of runtime path of "/home/omen/GITHUB/Athos/AthOS/REPO-AthOS/milou/package-milou/usr/lib64/qt6/qml/org/kde/milou/libmilouqmlplugin.so" to "$ORIGIN/../../../../lib64"
-- Installing: /home/omen/GITHUB/Athos/AthOS/REPO-AthOS/milou/package-milou/usr/lib64/qt6/qml/org/kde/milou/qmldir
-- Installing: /home/omen/GITHUB/Athos/AthOS/REPO-AthOS/milou/package-milou/usr/lib64/qt6/qml/org/kde/milou/milouqmlplugin.qmltypes
-- Installing: /home/omen/GITHUB/Athos/AthOS/REPO-AthOS/milou/package-milou/usr/lib64/qt6/qml/org/kde/milou/ResultDelegate.qml
-- Installing: /home/omen/GITHUB/Athos/AthOS/REPO-AthOS/milou/package-milou/usr/lib64/qt6/qml/org/kde/milou/ResultsView.qml
-- Installing: /home/omen/GITHUB/Athos/AthOS/REPO-AthOS/milou/package-milou/usr/lib64/qt6/qml/org/kde/milou/ResultsListViewDelegate.qml
-- Installing: /home/omen/GITHUB/Athos/AthOS/REPO-AthOS/milou/package-milou/usr/lib64/qt6/qml/org/kde/milou/ResultsListView.qml
-- Installing: /home/omen/GITHUB/Athos/AthOS/REPO-AthOS/milou/package-milou/usr/lib64/qt6/qml/org/kde/milou/kde-qmlmodule.version
-- Installing: /home/omen/GITHUB/Athos/AthOS/REPO-AthOS/milou/package-milou/usr/share/plasma/plasmoids/org.kde.milou
-- Installing: /home/omen/GITHUB/Athos/AthOS/REPO-AthOS/milou/package-milou/usr/share/plasma/plasmoids/org.kde.milou/metadata.json
-- Installing: /home/omen/GITHUB/Athos/AthOS/REPO-AthOS/milou/package-milou/usr/share/plasma/plasmoids/org.kde.milou/contents
-- Installing: /home/omen/GITHUB/Athos/AthOS/REPO-AthOS/milou/package-milou/usr/share/plasma/plasmoids/org.kde.milou/contents/ui
-- Installing: /home/omen/GITHUB/Athos/AthOS/REPO-AthOS/milou/package-milou/usr/share/plasma/plasmoids/org.kde.milou/contents/ui/SearchField.qml
-- Installing: /home/omen/GITHUB/Athos/AthOS/REPO-AthOS/milou/package-milou/usr/share/plasma/plasmoids/org.kde.milou/contents/ui/main.qml
-- Installing: /home/omen/GITHUB/Athos/AthOS/REPO-AthOS/milou/package-milou/usr/share/plasma/plasmoids/org.kde.milou/contents/ui/globals.js
-- Installing: /home/omen/GITHUB/Athos/AthOS/REPO-AthOS/milou/package-milou/usr/share/metainfo/org.kde.milou.appdata.xml
-- Installing: /home/omen/GITHUB/Athos/AthOS/REPO-AthOS/milou/package-milou/usr/share/locale
-- Installing: /home/omen/GITHUB/Athos/AthOS/REPO-AthOS/milou/package-milou/usr/share/locale/da
-- Installing: /home/omen/GITHUB/Athos/AthOS/REPO-AthOS/milou/package-milou/usr/share/locale/da/LC_MESSAGES
-- Installing: /home/omen/GITHUB/Athos/AthOS/REPO-AthOS/milou/package-milou/usr/share/locale/da/LC_MESSAGES/milou.mo
-- Installing: /home/omen/GITHUB/Athos/AthOS/REPO-AthOS/milou/package-milou/usr/share/locale/da/LC_MESSAGES/plasma_applet_org.kde.milou.mo
-- Installing: /home/omen/GITHUB/Athos/AthOS/REPO-AthOS/milou/package-milou/usr/share/locale/cs
-- Installing: /home/omen/GITHUB/Athos/AthOS/REPO-AthOS/milou/package-milou/usr/share/locale/cs/LC_MESSAGES
-- Installing: /home/omen/GITHUB/Athos/AthOS/REPO-AthOS/milou/package-milou/usr/share/locale/cs/LC_MESSAGES/milou.mo
-- Installing: /home/omen/GITHUB/Athos/AthOS/REPO-AthOS/milou/package-milou/usr/share/locale/cs/LC_MESSAGES/plasma_applet_org.kde.milou.mo
-- Installing: /home/omen/GITHUB/Athos/AthOS/REPO-AthOS/milou/package-milou/usr/share/locale/ja
-- Installing: /home/omen/GITHUB/Athos/AthOS/REPO-AthOS/milou/package-milou/usr/share/locale/ja/LC_MESSAGES
-- Installing: /home/omen/GITHUB/Athos/AthOS/REPO-AthOS/milou/package-milou/usr/share/locale/ja/LC_MESSAGES/milou.mo
-- Installing: /home/omen/GITHUB/Athos/AthOS/REPO-AthOS/milou/package-milou/usr/share/locale/ja/LC_MESSAGES/plasma_applet_org.kde.milou.mo
-- Installing: /home/omen/GITHUB/Athos/AthOS/REPO-AthOS/milou/package-milou/usr/share/locale/sr@ijekavian
-- Installing: /home/omen/GITHUB/Athos/AthOS/REPO-AthOS/milou/package-milou/usr/share/locale/sr@ijekavian/LC_MESSAGES
-- Installing: /home/omen/GITHUB/Athos/AthOS/REPO-AthOS/milou/package-milou/usr/share/locale/sr@ijekavian/LC_MESSAGES/milou.mo
-- Installing: /home/omen/GITHUB/Athos/AthOS/REPO-AthOS/milou/package-milou/usr/share/locale/sr@ijekavian/LC_MESSAGES/plasma_applet_org.kde.milou.mo
-- Installing: /home/omen/GITHUB/Athos/AthOS/REPO-AthOS/milou/package-milou/usr/share/locale/de
-- Installing: /home/omen/GITHUB/Athos/AthOS/REPO-AthOS/milou/package-milou/usr/share/locale/de/LC_MESSAGES
-- Installing: /home/omen/GITHUB/Athos/AthOS/REPO-AthOS/milou/package-milou/usr/share/locale/de/LC_MESSAGES/milou.mo
-- Installing: /home/omen/GITHUB/Athos/AthOS/REPO-AthOS/milou/package-milou/usr/share/locale/de/LC_MESSAGES/plasma_applet_org.kde.milou.mo
-- Installing: /home/omen/GITHUB/Athos/AthOS/REPO-AthOS/milou/package-milou/usr/share/locale/el
-- Installing: /home/omen/GITHUB/Athos/AthOS/REPO-AthOS/milou/package-milou/usr/share/locale/el/LC_MESSAGES
-- Installing: /home/omen/GITHUB/Athos/AthOS/REPO-AthOS/milou/package-milou/usr/share/locale/el/LC_MESSAGES/milou.mo
-- Installing: /home/omen/GITHUB/Athos/AthOS/REPO-AthOS/milou/package-milou/usr/share/locale/el/LC_MESSAGES/plasma_applet_org.kde.milou.mo
-- Installing: /home/omen/GITHUB/Athos/AthOS/REPO-AthOS/milou/package-milou/usr/share/locale/nn
-- Installing: /home/omen/GITHUB/Athos/AthOS/REPO-AthOS/milou/package-milou/usr/share/locale/nn/LC_MESSAGES
-- Installing: /home/omen/GITHUB/Athos/AthOS/REPO-AthOS/milou/package-milou/usr/share/locale/nn/LC_MESSAGES/milou.mo
-- Installing: /home/omen/GITHUB/Athos/AthOS/REPO-AthOS/milou/package-milou/usr/share/locale/nn/LC_MESSAGES/plasma_applet_org.kde.milou.mo
-- Installing: /home/omen/GITHUB/Athos/AthOS/REPO-AthOS/milou/package-milou/usr/share/locale/sr
-- Installing: /home/omen/GITHUB/Athos/AthOS/REPO-AthOS/milou/package-milou/usr/share/locale/sr/LC_MESSAGES
-- Installing: /home/omen/GITHUB/Athos/AthOS/REPO-AthOS/milou/package-milou/usr/share/locale/sr/LC_MESSAGES/milou.mo
-- Installing: /home/omen/GITHUB/Athos/AthOS/REPO-AthOS/milou/package-milou/usr/share/locale/sr/LC_MESSAGES/plasma_applet_org.kde.milou.mo
-- Installing: /home/omen/GITHUB/Athos/AthOS/REPO-AthOS/milou/package-milou/usr/share/locale/hi
-- Installing: /home/omen/GITHUB/Athos/AthOS/REPO-AthOS/milou/package-milou/usr/share/locale/hi/LC_MESSAGES
-- Installing: /home/omen/GITHUB/Athos/AthOS/REPO-AthOS/milou/package-milou/usr/share/locale/hi/LC_MESSAGES/milou.mo
-- Installing: /home/omen/GITHUB/Athos/AthOS/REPO-AthOS/milou/package-milou/usr/share/locale/hi/LC_MESSAGES/plasma_applet_org.kde.milou.mo
-- Installing: /home/omen/GITHUB/Athos/AthOS/REPO-AthOS/milou/package-milou/usr/share/locale/pt_BR
-- Installing: /home/omen/GITHUB/Athos/AthOS/REPO-AthOS/milou/package-milou/usr/share/locale/pt_BR/LC_MESSAGES
-- Installing: /home/omen/GITHUB/Athos/AthOS/REPO-AthOS/milou/package-milou/usr/share/locale/pt_BR/LC_MESSAGES/milou.mo
-- Installing: /home/omen/GITHUB/Athos/AthOS/REPO-AthOS/milou/package-milou/usr/share/locale/pt_BR/LC_MESSAGES/plasma_applet_org.kde.milou.mo
-- Installing: /home/omen/GITHUB/Athos/AthOS/REPO-AthOS/milou/package-milou/usr/share/locale/lt
-- Installing: /home/omen/GITHUB/Athos/AthOS/REPO-AthOS/milou/package-milou/usr/share/locale/lt/LC_MESSAGES
-- Installing: /home/omen/GITHUB/Athos/AthOS/REPO-AthOS/milou/package-milou/usr/share/locale/lt/LC_MESSAGES/milou.mo
-- Installing: /home/omen/GITHUB/Athos/AthOS/REPO-AthOS/milou/package-milou/usr/share/locale/lt/LC_MESSAGES/plasma_applet_org.kde.milou.mo
-- Installing: /home/omen/GITHUB/Athos/AthOS/REPO-AthOS/milou/package-milou/usr/share/locale/sr@ijekavianlatin
-- Installing: /home/omen/GITHUB/Athos/AthOS/REPO-AthOS/milou/package-milou/usr/share/locale/sr@ijekavianlatin/LC_MESSAGES
-- Installing: /home/omen/GITHUB/Athos/AthOS/REPO-AthOS/milou/package-milou/usr/share/locale/sr@ijekavianlatin/LC_MESSAGES/milou.mo
-- Installing: /home/omen/GITHUB/Athos/AthOS/REPO-AthOS/milou/package-milou/usr/share/locale/sr@ijekavianlatin/LC_MESSAGES/plasma_applet_org.kde.milou.mo
-- Installing: /home/omen/GITHUB/Athos/AthOS/REPO-AthOS/milou/package-milou/usr/share/locale/pa
-- Installing: /home/omen/GITHUB/Athos/AthOS/REPO-AthOS/milou/package-milou/usr/share/locale/pa/LC_MESSAGES
-- Installing: /home/omen/GITHUB/Athos/AthOS/REPO-AthOS/milou/package-milou/usr/share/locale/pa/LC_MESSAGES/milou.mo
-- Installing: /home/omen/GITHUB/Athos/AthOS/REPO-AthOS/milou/package-milou/usr/share/locale/pa/LC_MESSAGES/plasma_applet_org.kde.milou.mo
-- Installing: /home/omen/GITHUB/Athos/AthOS/REPO-AthOS/milou/package-milou/usr/share/locale/sl
-- Installing: /home/omen/GITHUB/Athos/AthOS/REPO-AthOS/milou/package-milou/usr/share/locale/sl/LC_MESSAGES
-- Installing: /home/omen/GITHUB/Athos/AthOS/REPO-AthOS/milou/package-milou/usr/share/locale/sl/LC_MESSAGES/milou.mo
-- Installing: /home/omen/GITHUB/Athos/AthOS/REPO-AthOS/milou/package-milou/usr/share/locale/sl/LC_MESSAGES/plasma_applet_org.kde.milou.mo
-- Installing: /home/omen/GITHUB/Athos/AthOS/REPO-AthOS/milou/package-milou/usr/share/locale/ta
-- Installing: /home/omen/GITHUB/Athos/AthOS/REPO-AthOS/milou/package-milou/usr/share/locale/ta/LC_MESSAGES
-- Installing: /home/omen/GITHUB/Athos/AthOS/REPO-AthOS/milou/package-milou/usr/share/locale/ta/LC_MESSAGES/milou.mo
-- Installing: /home/omen/GITHUB/Athos/AthOS/REPO-AthOS/milou/package-milou/usr/share/locale/ta/LC_MESSAGES/plasma_applet_org.kde.milou.mo
-- Installing: /home/omen/GITHUB/Athos/AthOS/REPO-AthOS/milou/package-milou/usr/share/locale/ro
-- Installing: /home/omen/GITHUB/Athos/AthOS/REPO-AthOS/milou/package-milou/usr/share/locale/ro/LC_MESSAGES
-- Installing: /home/omen/GITHUB/Athos/AthOS/REPO-AthOS/milou/package-milou/usr/share/locale/ro/LC_MESSAGES/milou.mo
-- Installing: /home/omen/GITHUB/Athos/AthOS/REPO-AthOS/milou/package-milou/usr/share/locale/ro/LC_MESSAGES/plasma_applet_org.kde.milou.mo
-- Installing: /home/omen/GITHUB/Athos/AthOS/REPO-AthOS/milou/package-milou/usr/share/locale/bs
-- Installing: /home/omen/GITHUB/Athos/AthOS/REPO-AthOS/milou/package-milou/usr/share/locale/bs/LC_MESSAGES
-- Installing: /home/omen/GITHUB/Athos/AthOS/REPO-AthOS/milou/package-milou/usr/share/locale/bs/LC_MESSAGES/milou.mo
-- Installing: /home/omen/GITHUB/Athos/AthOS/REPO-AthOS/milou/package-milou/usr/share/locale/bs/LC_MESSAGES/plasma_applet_org.kde.milou.mo
-- Installing: /home/omen/GITHUB/Athos/AthOS/REPO-AthOS/milou/package-milou/usr/share/locale/sr@latin
-- Installing: /home/omen/GITHUB/Athos/AthOS/REPO-AthOS/milou/package-milou/usr/share/locale/sr@latin/LC_MESSAGES
-- Installing: /home/omen/GITHUB/Athos/AthOS/REPO-AthOS/milou/package-milou/usr/share/locale/sr@latin/LC_MESSAGES/milou.mo
-- Installing: /home/omen/GITHUB/Athos/AthOS/REPO-AthOS/milou/package-milou/usr/share/locale/sr@latin/LC_MESSAGES/plasma_applet_org.kde.milou.mo
-- Installing: /home/omen/GITHUB/Athos/AthOS/REPO-AthOS/milou/package-milou/usr/share/locale/he
-- Installing: /home/omen/GITHUB/Athos/AthOS/REPO-AthOS/milou/package-milou/usr/share/locale/he/LC_MESSAGES
-- Installing: /home/omen/GITHUB/Athos/AthOS/REPO-AthOS/milou/package-milou/usr/share/locale/he/LC_MESSAGES/milou.mo
-- Installing: /home/omen/GITHUB/Athos/AthOS/REPO-AthOS/milou/package-milou/usr/share/locale/he/LC_MESSAGES/plasma_applet_org.kde.milou.mo
-- Installing: /home/omen/GITHUB/Athos/AthOS/REPO-AthOS/milou/package-milou/usr/share/locale/zh_TW
-- Installing: /home/omen/GITHUB/Athos/AthOS/REPO-AthOS/milou/package-milou/usr/share/locale/zh_TW/LC_MESSAGES
-- Installing: /home/omen/GITHUB/Athos/AthOS/REPO-AthOS/milou/package-milou/usr/share/locale/zh_TW/LC_MESSAGES/milou.mo
-- Installing: /home/omen/GITHUB/Athos/AthOS/REPO-AthOS/milou/package-milou/usr/share/locale/zh_TW/LC_MESSAGES/plasma_applet_org.kde.milou.mo
-- Installing: /home/omen/GITHUB/Athos/AthOS/REPO-AthOS/milou/package-milou/usr/share/locale/tg
-- Installing: /home/omen/GITHUB/Athos/AthOS/REPO-AthOS/milou/package-milou/usr/share/locale/tg/LC_MESSAGES
-- Installing: /home/omen/GITHUB/Athos/AthOS/REPO-AthOS/milou/package-milou/usr/share/locale/tg/LC_MESSAGES/plasma_applet_org.kde.milou.mo
-- Installing: /home/omen/GITHUB/Athos/AthOS/REPO-AthOS/milou/package-milou/usr/share/locale/pl
-- Installing: /home/omen/GITHUB/Athos/AthOS/REPO-AthOS/milou/package-milou/usr/share/locale/pl/LC_MESSAGES
-- Installing: /home/omen/GITHUB/Athos/AthOS/REPO-AthOS/milou/package-milou/usr/share/locale/pl/LC_MESSAGES/milou.mo
-- Installing: /home/omen/GITHUB/Athos/AthOS/REPO-AthOS/milou/package-milou/usr/share/locale/pl/LC_MESSAGES/plasma_applet_org.kde.milou.mo
-- Installing: /home/omen/GITHUB/Athos/AthOS/REPO-AthOS/milou/package-milou/usr/share/locale/pt
-- Installing: /home/omen/GITHUB/Athos/AthOS/REPO-AthOS/milou/package-milou/usr/share/locale/pt/LC_MESSAGES
-- Installing: /home/omen/GITHUB/Athos/AthOS/REPO-AthOS/milou/package-milou/usr/share/locale/pt/LC_MESSAGES/milou.mo
-- Installing: /home/omen/GITHUB/Athos/AthOS/REPO-AthOS/milou/package-milou/usr/share/locale/pt/LC_MESSAGES/plasma_applet_org.kde.milou.mo
-- Installing: /home/omen/GITHUB/Athos/AthOS/REPO-AthOS/milou/package-milou/usr/share/locale/tr
-- Installing: /home/omen/GITHUB/Athos/AthOS/REPO-AthOS/milou/package-milou/usr/share/locale/tr/LC_MESSAGES
-- Installing: /home/omen/GITHUB/Athos/AthOS/REPO-AthOS/milou/package-milou/usr/share/locale/tr/LC_MESSAGES/milou.mo
-- Installing: /home/omen/GITHUB/Athos/AthOS/REPO-AthOS/milou/package-milou/usr/share/locale/tr/LC_MESSAGES/plasma_applet_org.kde.milou.mo
-- Installing: /home/omen/GITHUB/Athos/AthOS/REPO-AthOS/milou/package-milou/usr/share/locale/fr
-- Installing: /home/omen/GITHUB/Athos/AthOS/REPO-AthOS/milou/package-milou/usr/share/locale/fr/LC_MESSAGES
-- Installing: /home/omen/GITHUB/Athos/AthOS/REPO-AthOS/milou/package-milou/usr/share/locale/fr/LC_MESSAGES/milou.mo
-- Installing: /home/omen/GITHUB/Athos/AthOS/REPO-AthOS/milou/package-milou/usr/share/locale/fr/LC_MESSAGES/plasma_applet_org.kde.milou.mo
-- Installing: /home/omen/GITHUB/Athos/AthOS/REPO-AthOS/milou/package-milou/usr/share/locale/ast
-- Installing: /home/omen/GITHUB/Athos/AthOS/REPO-AthOS/milou/package-milou/usr/share/locale/ast/LC_MESSAGES
-- Installing: /home/omen/GITHUB/Athos/AthOS/REPO-AthOS/milou/package-milou/usr/share/locale/ast/LC_MESSAGES/milou.mo
-- Installing: /home/omen/GITHUB/Athos/AthOS/REPO-AthOS/milou/package-milou/usr/share/locale/ast/LC_MESSAGES/plasma_applet_org.kde.milou.mo
-- Installing: /home/omen/GITHUB/Athos/AthOS/REPO-AthOS/milou/package-milou/usr/share/locale/ka
-- Installing: /home/omen/GITHUB/Athos/AthOS/REPO-AthOS/milou/package-milou/usr/share/locale/ka/LC_MESSAGES
-- Installing: /home/omen/GITHUB/Athos/AthOS/REPO-AthOS/milou/package-milou/usr/share/locale/ka/LC_MESSAGES/milou.mo
-- Installing: /home/omen/GITHUB/Athos/AthOS/REPO-AthOS/milou/package-milou/usr/share/locale/ka/LC_MESSAGES/plasma_applet_org.kde.milou.mo
-- Installing: /home/omen/GITHUB/Athos/AthOS/REPO-AthOS/milou/package-milou/usr/share/locale/gl
-- Installing: /home/omen/GITHUB/Athos/AthOS/REPO-AthOS/milou/package-milou/usr/share/locale/gl/LC_MESSAGES
-- Installing: /home/omen/GITHUB/Athos/AthOS/REPO-AthOS/milou/package-milou/usr/share/locale/gl/LC_MESSAGES/milou.mo
-- Installing: /home/omen/GITHUB/Athos/AthOS/REPO-AthOS/milou/package-milou/usr/share/locale/gl/LC_MESSAGES/plasma_applet_org.kde.milou.mo
-- Installing: /home/omen/GITHUB/Athos/AthOS/REPO-AthOS/milou/package-milou/usr/share/locale/ia
-- Installing: /home/omen/GITHUB/Athos/AthOS/REPO-AthOS/milou/package-milou/usr/share/locale/ia/LC_MESSAGES
-- Installing: /home/omen/GITHUB/Athos/AthOS/REPO-AthOS/milou/package-milou/usr/share/locale/ia/LC_MESSAGES/milou.mo
-- Installing: /home/omen/GITHUB/Athos/AthOS/REPO-AthOS/milou/package-milou/usr/share/locale/ia/LC_MESSAGES/plasma_applet_org.kde.milou.mo
-- Installing: /home/omen/GITHUB/Athos/AthOS/REPO-AthOS/milou/package-milou/usr/share/locale/hu
-- Installing: /home/omen/GITHUB/Athos/AthOS/REPO-AthOS/milou/package-milou/usr/share/locale/hu/LC_MESSAGES
-- Installing: /home/omen/GITHUB/Athos/AthOS/REPO-AthOS/milou/package-milou/usr/share/locale/hu/LC_MESSAGES/milou.mo
-- Installing: /home/omen/GITHUB/Athos/AthOS/REPO-AthOS/milou/package-milou/usr/share/locale/hu/LC_MESSAGES/plasma_applet_org.kde.milou.mo
-- Installing: /home/omen/GITHUB/Athos/AthOS/REPO-AthOS/milou/package-milou/usr/share/locale/eo
-- Installing: /home/omen/GITHUB/Athos/AthOS/REPO-AthOS/milou/package-milou/usr/share/locale/eo/LC_MESSAGES
-- Installing: /home/omen/GITHUB/Athos/AthOS/REPO-AthOS/milou/package-milou/usr/share/locale/eo/LC_MESSAGES/milou.mo
-- Installing: /home/omen/GITHUB/Athos/AthOS/REPO-AthOS/milou/package-milou/usr/share/locale/eo/LC_MESSAGES/plasma_applet_org.kde.milou.mo
-- Installing: /home/omen/GITHUB/Athos/AthOS/REPO-AthOS/milou/package-milou/usr/share/locale/bg
-- Installing: /home/omen/GITHUB/Athos/AthOS/REPO-AthOS/milou/package-milou/usr/share/locale/bg/LC_MESSAGES
-- Installing: /home/omen/GITHUB/Athos/AthOS/REPO-AthOS/milou/package-milou/usr/share/locale/bg/LC_MESSAGES/milou.mo
-- Installing: /home/omen/GITHUB/Athos/AthOS/REPO-AthOS/milou/package-milou/usr/share/locale/bg/LC_MESSAGES/plasma_applet_org.kde.milou.mo
-- Installing: /home/omen/GITHUB/Athos/AthOS/REPO-AthOS/milou/package-milou/usr/share/locale/ca
-- Installing: /home/omen/GITHUB/Athos/AthOS/REPO-AthOS/milou/package-milou/usr/share/locale/ca/LC_MESSAGES
-- Installing: /home/omen/GITHUB/Athos/AthOS/REPO-AthOS/milou/package-milou/usr/share/locale/ca/LC_MESSAGES/milou.mo
-- Installing: /home/omen/GITHUB/Athos/AthOS/REPO-AthOS/milou/package-milou/usr/share/locale/ca/LC_MESSAGES/plasma_applet_org.kde.milou.mo
-- Installing: /home/omen/GITHUB/Athos/AthOS/REPO-AthOS/milou/package-milou/usr/share/locale/uk
-- Installing: /home/omen/GITHUB/Athos/AthOS/REPO-AthOS/milou/package-milou/usr/share/locale/uk/LC_MESSAGES
-- Installing: /home/omen/GITHUB/Athos/AthOS/REPO-AthOS/milou/package-milou/usr/share/locale/uk/LC_MESSAGES/milou.mo
-- Installing: /home/omen/GITHUB/Athos/AthOS/REPO-AthOS/milou/package-milou/usr/share/locale/uk/LC_MESSAGES/plasma_applet_org.kde.milou.mo
-- Installing: /home/omen/GITHUB/Athos/AthOS/REPO-AthOS/milou/package-milou/usr/share/locale/id
-- Installing: /home/omen/GITHUB/Athos/AthOS/REPO-AthOS/milou/package-milou/usr/share/locale/id/LC_MESSAGES
-- Installing: /home/omen/GITHUB/Athos/AthOS/REPO-AthOS/milou/package-milou/usr/share/locale/id/LC_MESSAGES/milou.mo
-- Installing: /home/omen/GITHUB/Athos/AthOS/REPO-AthOS/milou/package-milou/usr/share/locale/id/LC_MESSAGES/plasma_applet_org.kde.milou.mo
-- Installing: /home/omen/GITHUB/Athos/AthOS/REPO-AthOS/milou/package-milou/usr/share/locale/en_GB
-- Installing: /home/omen/GITHUB/Athos/AthOS/REPO-AthOS/milou/package-milou/usr/share/locale/en_GB/LC_MESSAGES
-- Installing: /home/omen/GITHUB/Athos/AthOS/REPO-AthOS/milou/package-milou/usr/share/locale/en_GB/LC_MESSAGES/milou.mo
-- Installing: /home/omen/GITHUB/Athos/AthOS/REPO-AthOS/milou/package-milou/usr/share/locale/en_GB/LC_MESSAGES/plasma_applet_org.kde.milou.mo
-- Installing: /home/omen/GITHUB/Athos/AthOS/REPO-AthOS/milou/package-milou/usr/share/locale/zh_CN
-- Installing: /home/omen/GITHUB/Athos/AthOS/REPO-AthOS/milou/package-milou/usr/share/locale/zh_CN/LC_MESSAGES
-- Installing: /home/omen/GITHUB/Athos/AthOS/REPO-AthOS/milou/package-milou/usr/share/locale/zh_CN/LC_MESSAGES/milou.mo
-- Installing: /home/omen/GITHUB/Athos/AthOS/REPO-AthOS/milou/package-milou/usr/share/locale/zh_CN/LC_MESSAGES/plasma_applet_org.kde.milou.mo
-- Installing: /home/omen/GITHUB/Athos/AthOS/REPO-AthOS/milou/package-milou/usr/share/locale/nl
-- Installing: /home/omen/GITHUB/Athos/AthOS/REPO-AthOS/milou/package-milou/usr/share/locale/nl/LC_MESSAGES
-- Installing: /home/omen/GITHUB/Athos/AthOS/REPO-AthOS/milou/package-milou/usr/share/locale/nl/LC_MESSAGES/milou.mo
-- Installing: /home/omen/GITHUB/Athos/AthOS/REPO-AthOS/milou/package-milou/usr/share/locale/nl/LC_MESSAGES/plasma_applet_org.kde.milou.mo
-- Installing: /home/omen/GITHUB/Athos/AthOS/REPO-AthOS/milou/package-milou/usr/share/locale/sa
-- Installing: /home/omen/GITHUB/Athos/AthOS/REPO-AthOS/milou/package-milou/usr/share/locale/sa/LC_MESSAGES
-- Installing: /home/omen/GITHUB/Athos/AthOS/REPO-AthOS/milou/package-milou/usr/share/locale/sa/LC_MESSAGES/milou.mo
-- Installing: /home/omen/GITHUB/Athos/AthOS/REPO-AthOS/milou/package-milou/usr/share/locale/sa/LC_MESSAGES/plasma_applet_org.kde.milou.mo
-- Installing: /home/omen/GITHUB/Athos/AthOS/REPO-AthOS/milou/package-milou/usr/share/locale/fi
-- Installing: /home/omen/GITHUB/Athos/AthOS/REPO-AthOS/milou/package-milou/usr/share/locale/fi/LC_MESSAGES
-- Installing: /home/omen/GITHUB/Athos/AthOS/REPO-AthOS/milou/package-milou/usr/share/locale/fi/LC_MESSAGES/milou.mo
-- Installing: /home/omen/GITHUB/Athos/AthOS/REPO-AthOS/milou/package-milou/usr/share/locale/fi/LC_MESSAGES/plasma_applet_org.kde.milou.mo
-- Installing: /home/omen/GITHUB/Athos/AthOS/REPO-AthOS/milou/package-milou/usr/share/locale/ko
-- Installing: /home/omen/GITHUB/Athos/AthOS/REPO-AthOS/milou/package-milou/usr/share/locale/ko/LC_MESSAGES
-- Installing: /home/omen/GITHUB/Athos/AthOS/REPO-AthOS/milou/package-milou/usr/share/locale/ko/LC_MESSAGES/milou.mo
-- Installing: /home/omen/GITHUB/Athos/AthOS/REPO-AthOS/milou/package-milou/usr/share/locale/ko/LC_MESSAGES/plasma_applet_org.kde.milou.mo
-- Installing: /home/omen/GITHUB/Athos/AthOS/REPO-AthOS/milou/package-milou/usr/share/locale/ru
-- Installing: /home/omen/GITHUB/Athos/AthOS/REPO-AthOS/milou/package-milou/usr/share/locale/ru/LC_MESSAGES
-- Installing: /home/omen/GITHUB/Athos/AthOS/REPO-AthOS/milou/package-milou/usr/share/locale/ru/LC_MESSAGES/milou.mo
-- Installing: /home/omen/GITHUB/Athos/AthOS/REPO-AthOS/milou/package-milou/usr/share/locale/ru/LC_MESSAGES/plasma_applet_org.kde.milou.mo
-- Installing: /home/omen/GITHUB/Athos/AthOS/REPO-AthOS/milou/package-milou/usr/share/locale/lv
-- Installing: /home/omen/GITHUB/Athos/AthOS/REPO-AthOS/milou/package-milou/usr/share/locale/lv/LC_MESSAGES
-- Installing: /home/omen/GITHUB/Athos/AthOS/REPO-AthOS/milou/package-milou/usr/share/locale/lv/LC_MESSAGES/milou.mo
-- Installing: /home/omen/GITHUB/Athos/AthOS/REPO-AthOS/milou/package-milou/usr/share/locale/lv/LC_MESSAGES/plasma_applet_org.kde.milou.mo
-- Installing: /home/omen/GITHUB/Athos/AthOS/REPO-AthOS/milou/package-milou/usr/share/locale/ml
-- Installing: /home/omen/GITHUB/Athos/AthOS/REPO-AthOS/milou/package-milou/usr/share/locale/ml/LC_MESSAGES
-- Installing: /home/omen/GITHUB/Athos/AthOS/REPO-AthOS/milou/package-milou/usr/share/locale/ml/LC_MESSAGES/milou.mo
-- Installing: /home/omen/GITHUB/Athos/AthOS/REPO-AthOS/milou/package-milou/usr/share/locale/ml/LC_MESSAGES/plasma_applet_org.kde.milou.mo
-- Installing: /home/omen/GITHUB/Athos/AthOS/REPO-AthOS/milou/package-milou/usr/share/locale/ca@valencia
-- Installing: /home/omen/GITHUB/Athos/AthOS/REPO-AthOS/milou/package-milou/usr/share/locale/ca@valencia/LC_MESSAGES
-- Installing: /home/omen/GITHUB/Athos/AthOS/REPO-AthOS/milou/package-milou/usr/share/locale/ca@valencia/LC_MESSAGES/milou.mo
-- Installing: /home/omen/GITHUB/Athos/AthOS/REPO-AthOS/milou/package-milou/usr/share/locale/ca@valencia/LC_MESSAGES/plasma_applet_org.kde.milou.mo
-- Installing: /home/omen/GITHUB/Athos/AthOS/REPO-AthOS/milou/package-milou/usr/share/locale/nb
-- Installing: /home/omen/GITHUB/Athos/AthOS/REPO-AthOS/milou/package-milou/usr/share/locale/nb/LC_MESSAGES
-- Installing: /home/omen/GITHUB/Athos/AthOS/REPO-AthOS/milou/package-milou/usr/share/locale/nb/LC_MESSAGES/milou.mo
-- Installing: /home/omen/GITHUB/Athos/AthOS/REPO-AthOS/milou/package-milou/usr/share/locale/nb/LC_MESSAGES/plasma_applet_org.kde.milou.mo
-- Installing: /home/omen/GITHUB/Athos/AthOS/REPO-AthOS/milou/package-milou/usr/share/locale/es
-- Installing: /home/omen/GITHUB/Athos/AthOS/REPO-AthOS/milou/package-milou/usr/share/locale/es/LC_MESSAGES
-- Installing: /home/omen/GITHUB/Athos/AthOS/REPO-AthOS/milou/package-milou/usr/share/locale/es/LC_MESSAGES/milou.mo
-- Installing: /home/omen/GITHUB/Athos/AthOS/REPO-AthOS/milou/package-milou/usr/share/locale/es/LC_MESSAGES/plasma_applet_org.kde.milou.mo
-- Installing: /home/omen/GITHUB/Athos/AthOS/REPO-AthOS/milou/package-milou/usr/share/locale/eu
-- Installing: /home/omen/GITHUB/Athos/AthOS/REPO-AthOS/milou/package-milou/usr/share/locale/eu/LC_MESSAGES
-- Installing: /home/omen/GITHUB/Athos/AthOS/REPO-AthOS/milou/package-milou/usr/share/locale/eu/LC_MESSAGES/milou.mo
-- Installing: /home/omen/GITHUB/Athos/AthOS/REPO-AthOS/milou/package-milou/usr/share/locale/eu/LC_MESSAGES/plasma_applet_org.kde.milou.mo
-- Installing: /home/omen/GITHUB/Athos/AthOS/REPO-AthOS/milou/package-milou/usr/share/locale/et
-- Installing: /home/omen/GITHUB/Athos/AthOS/REPO-AthOS/milou/package-milou/usr/share/locale/et/LC_MESSAGES
-- Installing: /home/omen/GITHUB/Athos/AthOS/REPO-AthOS/milou/package-milou/usr/share/locale/et/LC_MESSAGES/milou.mo
-- Installing: /home/omen/GITHUB/Athos/AthOS/REPO-AthOS/milou/package-milou/usr/share/locale/et/LC_MESSAGES/plasma_applet_org.kde.milou.mo
-- Installing: /home/omen/GITHUB/Athos/AthOS/REPO-AthOS/milou/package-milou/usr/share/locale/it
-- Installing: /home/omen/GITHUB/Athos/AthOS/REPO-AthOS/milou/package-milou/usr/share/locale/it/LC_MESSAGES
-- Installing: /home/omen/GITHUB/Athos/AthOS/REPO-AthOS/milou/package-milou/usr/share/locale/it/LC_MESSAGES/milou.mo
-- Installing: /home/omen/GITHUB/Athos/AthOS/REPO-AthOS/milou/package-milou/usr/share/locale/it/LC_MESSAGES/plasma_applet_org.kde.milou.mo
-- Installing: /home/omen/GITHUB/Athos/AthOS/REPO-AthOS/milou/package-milou/usr/share/locale/ar
-- Installing: /home/omen/GITHUB/Athos/AthOS/REPO-AthOS/milou/package-milou/usr/share/locale/ar/LC_MESSAGES
-- Installing: /home/omen/GITHUB/Athos/AthOS/REPO-AthOS/milou/package-milou/usr/share/locale/ar/LC_MESSAGES/milou.mo
-- Installing: /home/omen/GITHUB/Athos/AthOS/REPO-AthOS/milou/package-milou/usr/share/locale/ar/LC_MESSAGES/plasma_applet_org.kde.milou.mo
-- Installing: /home/omen/GITHUB/Athos/AthOS/REPO-AthOS/milou/package-milou/usr/share/locale/nds
-- Installing: /home/omen/GITHUB/Athos/AthOS/REPO-AthOS/milou/package-milou/usr/share/locale/nds/LC_MESSAGES
-- Installing: /home/omen/GITHUB/Athos/AthOS/REPO-AthOS/milou/package-milou/usr/share/locale/nds/LC_MESSAGES/milou.mo
-- Installing: /home/omen/GITHUB/Athos/AthOS/REPO-AthOS/milou/package-milou/usr/share/locale/nds/LC_MESSAGES/plasma_applet_org.kde.milou.mo
-- Installing: /home/omen/GITHUB/Athos/AthOS/REPO-AthOS/milou/package-milou/usr/share/locale/sk
-- Installing: /home/omen/GITHUB/Athos/AthOS/REPO-AthOS/milou/package-milou/usr/share/locale/sk/LC_MESSAGES
-- Installing: /home/omen/GITHUB/Athos/AthOS/REPO-AthOS/milou/package-milou/usr/share/locale/sk/LC_MESSAGES/milou.mo
-- Installing: /home/omen/GITHUB/Athos/AthOS/REPO-AthOS/milou/package-milou/usr/share/locale/sk/LC_MESSAGES/plasma_applet_org.kde.milou.mo
-- Installing: /home/omen/GITHUB/Athos/AthOS/REPO-AthOS/milou/package-milou/usr/share/locale/sv
-- Installing: /home/omen/GITHUB/Athos/AthOS/REPO-AthOS/milou/package-milou/usr/share/locale/sv/LC_MESSAGES
-- Installing: /home/omen/GITHUB/Athos/AthOS/REPO-AthOS/milou/package-milou/usr/share/locale/sv/LC_MESSAGES/milou.mo
-- Installing: /home/omen/GITHUB/Athos/AthOS/REPO-AthOS/milou/package-milou/usr/share/locale/sv/LC_MESSAGES/plasma_applet_org.kde.milou.mo
[32mThe main part of source code is ready. We are moving on to preparing post install scripts, docs, license, man pages etc..[0m
cp: cannot stat 'AUTHORS': No such file or directory
cp: cannot stat 'ChangeLog*': No such file or directory
cp: cannot stat 'COPYING': No such file or directory
cp: cannot stat 'CREDITS': No such file or directory
cp: cannot stat 'LICENSE': No such file or directory
cp: cannot stat 'MAINTAINERS': No such file or directory
cp: cannot stat 'NEWS': No such file or directory
cp: cannot stat 'README*': No such file or directory
cp: cannot stat 'docs': No such file or directory
cp: cannot stat 'DOCS': No such file or directory
grep: /home/omen/GITHUB/Athos/AthOS/REPO-AthOS/milou/milou.info: No such file or directory
extra-cmake-modules
kcoreaddons
kdeclarative
ki18n
kitemmodels
krunner
kservice
libplasma
[32mPackaging compiled for slackware installation...[0m
[32mMAKEPKG_FLAGS is empty or unset, using default[0m

Slackware package maker, version 3.14159265.

Searching for symbolic links:

No symbolic links were found, so we won't make an installation script.
You can make your own later in ./install/doinst.sh and rebuild the
package if you like.

This next step is optional - you can set the directories in your package
to some sane permissions. If any of the directories in your package have
special permissions, then DO NOT reset them here!

Would you like to reset all directory permissions to 755 (drwxr-xr-x) and
directory ownerships to root:root ([y]es, [n]o)? n


Creating Slackware package:  /tmp/milou/milou-6.3.5-x86_64-1_rtz.tlz

./
install/
install/doinst.sh
install/slack-desc
usr/
usr/doc/
usr/doc/milou-6.3.5/
usr/doc/milou-6.3.5/milou.ini
usr/doc/milou-6.3.5/slack-required
usr/lib64/
usr/lib64/qt6/
usr/lib64/qt6/qml/
usr/lib64/qt6/qml/org/
usr/lib64/qt6/qml/org/kde/
usr/lib64/qt6/qml/org/kde/milou/
usr/lib64/qt6/qml/org/kde/milou/ResultDelegate.qml
usr/lib64/qt6/qml/org/kde/milou/ResultsListView.qml
usr/lib64/qt6/qml/org/kde/milou/ResultsListViewDelegate.qml
usr/lib64/qt6/qml/org/kde/milou/ResultsView.qml
usr/lib64/qt6/qml/org/kde/milou/kde-qmlmodule.version
usr/lib64/qt6/qml/org/kde/milou/libmilouqmlplugin.so
usr/lib64/qt6/qml/org/kde/milou/milouqmlplugin.qmltypes
usr/lib64/qt6/qml/org/kde/milou/qmldir
usr/share/
usr/share/locale/
usr/share/locale/ar/
usr/share/locale/ar/LC_MESSAGES/
usr/share/locale/ar/LC_MESSAGES/milou.mo
usr/share/locale/ar/LC_MESSAGES/plasma_applet_org.kde.milou.mo
usr/share/locale/ast/
usr/share/locale/ast/LC_MESSAGES/
usr/share/locale/ast/LC_MESSAGES/milou.mo
usr/share/locale/ast/LC_MESSAGES/plasma_applet_org.kde.milou.mo
usr/share/locale/bg/
usr/share/locale/bg/LC_MESSAGES/
usr/share/locale/bg/LC_MESSAGES/milou.mo
usr/share/locale/bg/LC_MESSAGES/plasma_applet_org.kde.milou.mo
usr/share/locale/bs/
usr/share/locale/bs/LC_MESSAGES/
usr/share/locale/bs/LC_MESSAGES/milou.mo
usr/share/locale/bs/LC_MESSAGES/plasma_applet_org.kde.milou.mo
usr/share/locale/ca/
usr/share/locale/ca/LC_MESSAGES/
usr/share/locale/ca/LC_MESSAGES/milou.mo
usr/share/locale/ca/LC_MESSAGES/plasma_applet_org.kde.milou.mo
usr/share/locale/ca@valencia/
usr/share/locale/ca@valencia/LC_MESSAGES/
usr/share/locale/ca@valencia/LC_MESSAGES/milou.mo
usr/share/locale/ca@valencia/LC_MESSAGES/plasma_applet_org.kde.milou.mo
usr/share/locale/cs/
usr/share/locale/cs/LC_MESSAGES/
usr/share/locale/cs/LC_MESSAGES/milou.mo
usr/share/locale/cs/LC_MESSAGES/plasma_applet_org.kde.milou.mo
usr/share/locale/da/
usr/share/locale/da/LC_MESSAGES/
usr/share/locale/da/LC_MESSAGES/milou.mo
usr/share/locale/da/LC_MESSAGES/plasma_applet_org.kde.milou.mo
usr/share/locale/de/
usr/share/locale/de/LC_MESSAGES/
usr/share/locale/de/LC_MESSAGES/milou.mo
usr/share/locale/de/LC_MESSAGES/plasma_applet_org.kde.milou.mo
usr/share/locale/el/
usr/share/locale/el/LC_MESSAGES/
usr/share/locale/el/LC_MESSAGES/milou.mo
usr/share/locale/el/LC_MESSAGES/plasma_applet_org.kde.milou.mo
usr/share/locale/en_GB/
usr/share/locale/en_GB/LC_MESSAGES/
usr/share/locale/en_GB/LC_MESSAGES/milou.mo
usr/share/locale/en_GB/LC_MESSAGES/plasma_applet_org.kde.milou.mo
usr/share/locale/eo/
usr/share/locale/eo/LC_MESSAGES/
usr/share/locale/eo/LC_MESSAGES/milou.mo
usr/share/locale/eo/LC_MESSAGES/plasma_applet_org.kde.milou.mo
usr/share/locale/es/
usr/share/locale/es/LC_MESSAGES/
usr/share/locale/es/LC_MESSAGES/milou.mo
usr/share/locale/es/LC_MESSAGES/plasma_applet_org.kde.milou.mo
usr/share/locale/et/
usr/share/locale/et/LC_MESSAGES/
usr/share/locale/et/LC_MESSAGES/milou.mo
usr/share/locale/et/LC_MESSAGES/plasma_applet_org.kde.milou.mo
usr/share/locale/eu/
usr/share/locale/eu/LC_MESSAGES/
usr/share/locale/eu/LC_MESSAGES/milou.mo
usr/share/locale/eu/LC_MESSAGES/plasma_applet_org.kde.milou.mo
usr/share/locale/fi/
usr/share/locale/fi/LC_MESSAGES/
usr/share/locale/fi/LC_MESSAGES/milou.mo
usr/share/locale/fi/LC_MESSAGES/plasma_applet_org.kde.milou.mo
usr/share/locale/fr/
usr/share/locale/fr/LC_MESSAGES/
usr/share/locale/fr/LC_MESSAGES/milou.mo
usr/share/locale/fr/LC_MESSAGES/plasma_applet_org.kde.milou.mo
usr/share/locale/gl/
usr/share/locale/gl/LC_MESSAGES/
usr/share/locale/gl/LC_MESSAGES/milou.mo
usr/share/locale/gl/LC_MESSAGES/plasma_applet_org.kde.milou.mo
usr/share/locale/he/
usr/share/locale/he/LC_MESSAGES/
usr/share/locale/he/LC_MESSAGES/milou.mo
usr/share/locale/he/LC_MESSAGES/plasma_applet_org.kde.milou.mo
usr/share/locale/hi/
usr/share/locale/hi/LC_MESSAGES/
usr/share/locale/hi/LC_MESSAGES/milou.mo
usr/share/locale/hi/LC_MESSAGES/plasma_applet_org.kde.milou.mo
usr/share/locale/hu/
usr/share/locale/hu/LC_MESSAGES/
usr/share/locale/hu/LC_MESSAGES/milou.mo
usr/share/locale/hu/LC_MESSAGES/plasma_applet_org.kde.milou.mo
usr/share/locale/ia/
usr/share/locale/ia/LC_MESSAGES/
usr/share/locale/ia/LC_MESSAGES/milou.mo
usr/share/locale/ia/LC_MESSAGES/plasma_applet_org.kde.milou.mo
usr/share/locale/id/
usr/share/locale/id/LC_MESSAGES/
usr/share/locale/id/LC_MESSAGES/milou.mo
usr/share/locale/id/LC_MESSAGES/plasma_applet_org.kde.milou.mo
usr/share/locale/it/
usr/share/locale/it/LC_MESSAGES/
usr/share/locale/it/LC_MESSAGES/milou.mo
usr/share/locale/it/LC_MESSAGES/plasma_applet_org.kde.milou.mo
usr/share/locale/ja/
usr/share/locale/ja/LC_MESSAGES/
usr/share/locale/ja/LC_MESSAGES/milou.mo
usr/share/locale/ja/LC_MESSAGES/plasma_applet_org.kde.milou.mo
usr/share/locale/ka/
usr/share/locale/ka/LC_MESSAGES/
usr/share/locale/ka/LC_MESSAGES/milou.mo
usr/share/locale/ka/LC_MESSAGES/plasma_applet_org.kde.milou.mo
usr/share/locale/ko/
usr/share/locale/ko/LC_MESSAGES/
usr/share/locale/ko/LC_MESSAGES/milou.mo
usr/share/locale/ko/LC_MESSAGES/plasma_applet_org.kde.milou.mo
usr/share/locale/lt/
usr/share/locale/lt/LC_MESSAGES/
usr/share/locale/lt/LC_MESSAGES/milou.mo
usr/share/locale/lt/LC_MESSAGES/plasma_applet_org.kde.milou.mo
usr/share/locale/lv/
usr/share/locale/lv/LC_MESSAGES/
usr/share/locale/lv/LC_MESSAGES/milou.mo
usr/share/locale/lv/LC_MESSAGES/plasma_applet_org.kde.milou.mo
usr/share/locale/ml/
usr/share/locale/ml/LC_MESSAGES/
usr/share/locale/ml/LC_MESSAGES/milou.mo
usr/share/locale/ml/LC_MESSAGES/plasma_applet_org.kde.milou.mo
usr/share/locale/nb/
usr/share/locale/nb/LC_MESSAGES/
usr/share/locale/nb/LC_MESSAGES/milou.mo
usr/share/locale/nb/LC_MESSAGES/plasma_applet_org.kde.milou.mo
usr/share/locale/nds/
usr/share/locale/nds/LC_MESSAGES/
usr/share/locale/nds/LC_MESSAGES/milou.mo
usr/share/locale/nds/LC_MESSAGES/plasma_applet_org.kde.milou.mo
usr/share/locale/nl/
usr/share/locale/nl/LC_MESSAGES/
usr/share/locale/nl/LC_MESSAGES/milou.mo
usr/share/locale/nl/LC_MESSAGES/plasma_applet_org.kde.milou.mo
usr/share/locale/nn/
usr/share/locale/nn/LC_MESSAGES/
usr/share/locale/nn/LC_MESSAGES/milou.mo
usr/share/locale/nn/LC_MESSAGES/plasma_applet_org.kde.milou.mo
usr/share/locale/pa/
usr/share/locale/pa/LC_MESSAGES/
usr/share/locale/pa/LC_MESSAGES/milou.mo
usr/share/locale/pa/LC_MESSAGES/plasma_applet_org.kde.milou.mo
usr/share/locale/pl/
usr/share/locale/pl/LC_MESSAGES/
usr/share/locale/pl/LC_MESSAGES/milou.mo
usr/share/locale/pl/LC_MESSAGES/plasma_applet_org.kde.milou.mo
usr/share/locale/pt/
usr/share/locale/pt/LC_MESSAGES/
usr/share/locale/pt/LC_MESSAGES/milou.mo
usr/share/locale/pt/LC_MESSAGES/plasma_applet_org.kde.milou.mo
usr/share/locale/pt_BR/
usr/share/locale/pt_BR/LC_MESSAGES/
usr/share/locale/pt_BR/LC_MESSAGES/milou.mo
usr/share/locale/pt_BR/LC_MESSAGES/plasma_applet_org.kde.milou.mo
usr/share/locale/ro/
usr/share/locale/ro/LC_MESSAGES/
usr/share/locale/ro/LC_MESSAGES/milou.mo
usr/share/locale/ro/LC_MESSAGES/plasma_applet_org.kde.milou.mo
usr/share/locale/ru/
usr/share/locale/ru/LC_MESSAGES/
usr/share/locale/ru/LC_MESSAGES/milou.mo
usr/share/locale/ru/LC_MESSAGES/plasma_applet_org.kde.milou.mo
usr/share/locale/sa/
usr/share/locale/sa/LC_MESSAGES/
usr/share/locale/sa/LC_MESSAGES/milou.mo
usr/share/locale/sa/LC_MESSAGES/plasma_applet_org.kde.milou.mo
usr/share/locale/sk/
usr/share/locale/sk/LC_MESSAGES/
usr/share/locale/sk/LC_MESSAGES/milou.mo
usr/share/locale/sk/LC_MESSAGES/plasma_applet_org.kde.milou.mo
usr/share/locale/sl/
usr/share/locale/sl/LC_MESSAGES/
usr/share/locale/sl/LC_MESSAGES/milou.mo
usr/share/locale/sl/LC_MESSAGES/plasma_applet_org.kde.milou.mo
usr/share/locale/sr/
usr/share/locale/sr/LC_MESSAGES/
usr/share/locale/sr/LC_MESSAGES/milou.mo
usr/share/locale/sr/LC_MESSAGES/plasma_applet_org.kde.milou.mo
usr/share/locale/sr@ijekavian/
usr/share/locale/sr@ijekavian/LC_MESSAGES/
usr/share/locale/sr@ijekavian/LC_MESSAGES/milou.mo
usr/share/locale/sr@ijekavian/LC_MESSAGES/plasma_applet_org.kde.milou.mo
usr/share/locale/sr@ijekavianlatin/
usr/share/locale/sr@ijekavianlatin/LC_MESSAGES/
usr/share/locale/sr@ijekavianlatin/LC_MESSAGES/milou.mo
usr/share/locale/sr@ijekavianlatin/LC_MESSAGES/plasma_applet_org.kde.milou.mo
usr/share/locale/sr@latin/
usr/share/locale/sr@latin/LC_MESSAGES/
usr/share/locale/sr@latin/LC_MESSAGES/milou.mo
usr/share/locale/sr@latin/LC_MESSAGES/plasma_applet_org.kde.milou.mo
usr/share/locale/sv/
usr/share/locale/sv/LC_MESSAGES/
usr/share/locale/sv/LC_MESSAGES/milou.mo
usr/share/locale/sv/LC_MESSAGES/plasma_applet_org.kde.milou.mo
usr/share/locale/ta/
usr/share/locale/ta/LC_MESSAGES/
usr/share/locale/ta/LC_MESSAGES/milou.mo
usr/share/locale/ta/LC_MESSAGES/plasma_applet_org.kde.milou.mo
usr/share/locale/tg/
usr/share/locale/tg/LC_MESSAGES/
usr/share/locale/tg/LC_MESSAGES/plasma_applet_org.kde.milou.mo
usr/share/locale/tr/
usr/share/locale/tr/LC_MESSAGES/
usr/share/locale/tr/LC_MESSAGES/milou.mo
usr/share/locale/tr/LC_MESSAGES/plasma_applet_org.kde.milou.mo
usr/share/locale/uk/
usr/share/locale/uk/LC_MESSAGES/
usr/share/locale/uk/LC_MESSAGES/milou.mo
usr/share/locale/uk/LC_MESSAGES/plasma_applet_org.kde.milou.mo
usr/share/locale/zh_CN/
usr/share/locale/zh_CN/LC_MESSAGES/
usr/share/locale/zh_CN/LC_MESSAGES/milou.mo
usr/share/locale/zh_CN/LC_MESSAGES/plasma_applet_org.kde.milou.mo
usr/share/locale/zh_TW/
usr/share/locale/zh_TW/LC_MESSAGES/
usr/share/locale/zh_TW/LC_MESSAGES/milou.mo
usr/share/locale/zh_TW/LC_MESSAGES/plasma_applet_org.kde.milou.mo
usr/share/metainfo/
usr/share/metainfo/org.kde.milou.appdata.xml
usr/share/plasma/
usr/share/plasma/plasmoids/
usr/share/plasma/plasmoids/org.kde.milou/
usr/share/plasma/plasmoids/org.kde.milou/contents/
usr/share/plasma/plasmoids/org.kde.milou/contents/ui/
usr/share/plasma/plasmoids/org.kde.milou/contents/ui/SearchField.qml
usr/share/plasma/plasmoids/org.kde.milou/contents/ui/globals.js
usr/share/plasma/plasmoids/org.kde.milou/contents/ui/main.qml
usr/share/plasma/plasmoids/org.kde.milou/metadata.json

Slackware package /tmp/milou/milou-6.3.5-x86_64-1_rtz.tlz created.

Create shared object file for milou-6.3.5-x86_64-1_rtz.tlz
Creating /tmp/milou/milou-6.3.5-x86_64-1_rtz.tlz.so.file using /tmp/milou/milou-6.3.5-x86_64-1_rtz.tlz
Successfully created /tmp/milou/milou-6.3.5-x86_64-1_rtz.tlz.so.file
Packaging of executable and meta-data in milou.tar.lz4 format.
/tmp/milou /tmp/milou
/tmp/milou
BIN_NAME
README
makepkg-milou.log
milou-6.3.5-x86_64-1_rtz.tlz
milou-6.3.5-x86_64-1_rtz.tlz.md5
milou-6.3.5-x86_64-1_rtz.tlz.so.file
milou-6.3.5-x86_64-1_rtz.tlz.txt
milou.dep
[32mmilou build finished. Procced to installation...[0m

+==========================================================================================+
| Upgrading milou-6.3.5-x86_64-1_rtz package using /tmp/milou/milou-6.3.5-x86_64-1_rtz.tlz |
+==========================================================================================+

Pre-installing package milou-6.3.5-x86_64-1_rtz...
Removing package: milou-6.3.5-x86_64-1_rtz-upgraded-2025-05-28,18:53:47
Installing package milou-6.3.5-x86_64-1_rtz.tlz:
PACKAGE DESCRIPTION:
# milou (search application)
#
# A dedicated search application built on top of Baloo
#
# https://kde.org/plasma-desktop/
Executing install script for milou-6.3.5-x86_64-1_rtz.tlz.
Font directories:
	/usr/share/fonts
/usr/share/fonts: caching, new cache contents: 0 fonts, 11 dirs
/usr/share/fonts/100dpi: caching, new cache contents: 238 fonts, 0 dirs
/usr/share/fonts/75dpi: caching, new cache contents: 238 fonts, 0 dirs
/usr/share/fonts/OTF: caching, new cache contents: 124 fonts, 0 dirs
/usr/share/fonts/Speedo: caching, new cache contents: 0 fonts, 0 dirs
/usr/share/fonts/TTF: caching, new cache contents: 1132 fonts, 0 dirs
/usr/share/fonts/Type1: caching, new cache contents: 64 fonts, 0 dirs
/usr/share/fonts/cyrillic: caching, new cache contents: 0 fonts, 0 dirs
/usr/share/fonts/encodings: caching, new cache contents: 0 fonts, 1 dirs
/usr/share/fonts/encodings/large: caching, new cache contents: 0 fonts, 0 dirs
/usr/share/fonts/kanjistrokeorders: caching, new cache contents: 1 fonts, 0 dirs
/usr/share/fonts/misc: caching, new cache contents: 143 fonts, 0 dirs
/usr/share/fonts/util: caching, new cache contents: 0 fonts, 0 dirs
/var/cache/fontconfig: cleaning cache directory
/root/.cache/fontconfig: not cleaning non-existent cache directory
/root/.fontconfig: not cleaning non-existent cache directory
/usr/bin/fc-cache: succeeded
Package milou-6.3.5-x86_64-1_rtz.tlz installed.
Package milou-6.3.5-x86_64-1_rtz upgraded with new package /tmp/milou/milou-6.3.5-x86_64-1_rtz.tlz.
[32mCleaning environmet: Removing source code, and work-space...[0m
rm: cannot remove 'milou-6.3.5.tar.xz': No such file or directory
