[32mStarting build process...[0m
Detected architecture: x86_64
Required dependencies: extra-cmake-modules	kcodecs	kconfig	kcoreaddons	kdoctools	kiconthemes	kjobwidgets	kparts	ktexteditor	kwidgetsaddons	libkomparediff2
extra-cmake-modules is already installed!
kcodecs is already installed!
kconfig is already installed!
kcoreaddons is already installed!
kdoctools is already installed!
kiconthemes is already installed!
kjobwidgets is already installed!
kparts is already installed!
ktexteditor is already installed!
kwidgetsaddons is already installed!
libkomparediff2 is already installed!
No optional dependencies found.
Downloading source code tar.xz file
--2025-05-28 20:36:32--  https://download.kde.org/stable/release-service/25.04.1/src/kompare-25.04.1.tar.xz
Resolving download.kde.org (download.kde.org)... 49.12.122.15, 2a01:4f8:242:53eb::4
Connecting to download.kde.org (download.kde.org)|49.12.122.15|:443... connected.
HTTP request sent, awaiting response... 302 Found
Location: https://ftp.cc.uoc.gr/mirrors/kde/stable/release-service/25.04.1/src/kompare-25.04.1.tar.xz [following]
--2025-05-28 20:36:32--  https://ftp.cc.uoc.gr/mirrors/kde/stable/release-service/25.04.1/src/kompare-25.04.1.tar.xz
Resolving ftp.cc.uoc.gr (ftp.cc.uoc.gr)... 147.52.159.50, 2001:648:2c00:6c08::2
Connecting to ftp.cc.uoc.gr (ftp.cc.uoc.gr)|147.52.159.50|:443... connected.
HTTP request sent, awaiting response... 200 OK
Length: 964640 (942K) [application/octet-stream]
Saving to: ‘kompare-25.04.1.tar.xz’

     0K .......... .......... .......... .......... ..........  5% 1.34M 1s
    50K .......... .......... .......... .......... .......... 10% 1.45M 1s
   100K .......... .......... .......... .......... .......... 15% 6.48M 0s
   150K .......... .......... .......... .......... .......... 21% 2.02M 0s
   200K .......... .......... .......... .......... .......... 26% 6.37M 0s
   250K .......... .......... .......... .......... .......... 31% 5.10M 0s
   300K .......... .......... .......... .......... .......... 37% 6.69M 0s
   350K .......... .......... .......... .......... .......... 42%  557K 0s
   400K .......... .......... .......... .......... .......... 47%  310M 0s
   450K .......... .......... .......... .......... .......... 53%  314M 0s
   500K .......... .......... .......... .......... .......... 58%  314M 0s
   550K .......... .......... .......... .......... .......... 63%  333M 0s
   600K .......... .......... .......... .......... .......... 68%  329M 0s
   650K .......... .......... .......... .......... .......... 74%  326M 0s
   700K .......... .......... .......... .......... .......... 79% 13.4M 0s
   750K .......... .......... .......... .......... .......... 84% 19.3M 0s
   800K .......... .......... .......... .......... .......... 90% 9.62M 0s
   850K .......... .......... .......... .......... .......... 95% 4.69M 0s
   900K .......... .......... .......... .......... ..        100% 8.21M=0.2s

2025-05-28 20:36:32 (3.78 MB/s) - ‘kompare-25.04.1.tar.xz’ saved [964640/964640]

Found file: kompare-25.04.1.tar.xz
No checksum provided. Skipping checksum verification and proceeding...
Creating working directories and exporting source code in...
kompare-25.04.1/
kompare-25.04.1/DESIGN
kompare-25.04.1/Mainpage.dox
kompare-25.04.1/AUTHORS
kompare-25.04.1/CMakePresets.json
kompare-25.04.1/LICENSES/
kompare-25.04.1/LICENSES/GPL-2.0-only.txt
kompare-25.04.1/LICENSES/GFDL-1.2-or-later.txt
kompare-25.04.1/LICENSES/LicenseRef-KDE-Accepted-GPL.txt
kompare-25.04.1/LICENSES/GPL-3.0-only.txt
kompare-25.04.1/LICENSES/GPL-2.0-or-later.txt
kompare-25.04.1/.gitlab-ci.yml
kompare-25.04.1/doc/
kompare-25.04.1/doc/dock.png
kompare-25.04.1/doc/index.docbook
kompare-25.04.1/doc/settings-view1.png
kompare-25.04.1/doc/undock.png
kompare-25.04.1/doc/settings-diff4.png
kompare-25.04.1/doc/settings-diff3.png
kompare-25.04.1/doc/settings-diff1.png
kompare-25.04.1/doc/settings-diff2.png
kompare-25.04.1/doc/settings-view2.png
kompare-25.04.1/doc/CMakeLists.txt
kompare-25.04.1/README
kompare-25.04.1/logo.png
kompare-25.04.1/snapcraft.yaml
kompare-25.04.1/tests/
kompare-25.04.1/tests/diff/
kompare-25.04.1/tests/diff/rcsm.diff
kompare-25.04.1/tests/diff/unified.diff
kompare-25.04.1/tests/diff/contextm.diff
kompare-25.04.1/tests/diff/normalm.diff
kompare-25.04.1/tests/diff/rcs.diff
kompare-25.04.1/tests/diff/ed.diff
kompare-25.04.1/tests/diff/context.diff
kompare-25.04.1/tests/diff/edm.diff
kompare-25.04.1/tests/diff/unifiedp.diff
kompare-25.04.1/tests/diff/unifiedm.diff
kompare-25.04.1/tests/diff/normal.diff
kompare-25.04.1/tests/diff/contextp.diff
kompare-25.04.1/tests/perforce/
kompare-25.04.1/tests/perforce/rcsm.diff
kompare-25.04.1/tests/perforce/unified.diff
kompare-25.04.1/tests/perforce/contextm.diff
kompare-25.04.1/tests/perforce/rcs.diff
kompare-25.04.1/tests/perforce/context.diff
kompare-25.04.1/tests/perforce/unifiedm.diff
kompare-25.04.1/tests/cvsdiff/
kompare-25.04.1/tests/cvsdiff/rcsm.diff
kompare-25.04.1/tests/cvsdiff/unified.diff
kompare-25.04.1/tests/cvsdiff/contextm.diff
kompare-25.04.1/tests/cvsdiff/normalm.diff
kompare-25.04.1/tests/cvsdiff/rcs.diff
kompare-25.04.1/tests/cvsdiff/ed.diff
kompare-25.04.1/tests/cvsdiff/context.diff
kompare-25.04.1/tests/cvsdiff/edm.diff
kompare-25.04.1/tests/cvsdiff/unifiedm.diff
kompare-25.04.1/tests/cvsdiff/normal.diff
kompare-25.04.1/tests/subversion/
kompare-25.04.1/tests/subversion/rcsm.diff
kompare-25.04.1/tests/subversion/unified.diff
kompare-25.04.1/tests/subversion/contextm.diff
kompare-25.04.1/tests/subversion/normalm.diff
kompare-25.04.1/tests/subversion/rcs.diff
kompare-25.04.1/tests/subversion/ed.diff
kompare-25.04.1/tests/subversion/context.diff
kompare-25.04.1/tests/subversion/edm.diff
kompare-25.04.1/tests/subversion/unifiedm.diff
kompare-25.04.1/tests/subversion/normal.diff
kompare-25.04.1/TODO
kompare-25.04.1/.kde-ci.yml
kompare-25.04.1/.flatpak-manifest.json.license
kompare-25.04.1/po/
kompare-25.04.1/po/fa/
kompare-25.04.1/po/fa/kompare.po
kompare-25.04.1/po/bg/
kompare-25.04.1/po/bg/kompare.po
kompare-25.04.1/po/pt/
kompare-25.04.1/po/pt/kompare.po
kompare-25.04.1/po/pt/docs/
kompare-25.04.1/po/pt/docs/kompare/
kompare-25.04.1/po/pt/docs/kompare/index.docbook
kompare-25.04.1/po/km/
kompare-25.04.1/po/km/kompare.po
kompare-25.04.1/po/nn/
kompare-25.04.1/po/nn/kompare.po
kompare-25.04.1/po/pl/
kompare-25.04.1/po/pl/kompare.po
kompare-25.04.1/po/ja/
kompare-25.04.1/po/ja/kompare.po
kompare-25.04.1/po/pa/
kompare-25.04.1/po/pa/kompare.po
kompare-25.04.1/po/bs/
kompare-25.04.1/po/bs/kompare.po
kompare-25.04.1/po/zh_CN/
kompare-25.04.1/po/zh_CN/kompare.po
kompare-25.04.1/po/cs/
kompare-25.04.1/po/cs/kompare.po
kompare-25.04.1/po/es/
kompare-25.04.1/po/es/kompare.po
kompare-25.04.1/po/es/docs/
kompare-25.04.1/po/es/docs/kompare/
kompare-25.04.1/po/es/docs/kompare/index.docbook
kompare-25.04.1/po/ka/
kompare-25.04.1/po/ka/kompare.po
kompare-25.04.1/po/is/
kompare-25.04.1/po/is/kompare.po
kompare-25.04.1/po/tr/
kompare-25.04.1/po/tr/kompare.po
kompare-25.04.1/po/ug/
kompare-25.04.1/po/ug/kompare.po
kompare-25.04.1/po/ca/
kompare-25.04.1/po/ca/kompare.po
kompare-25.04.1/po/ca/docs/
kompare-25.04.1/po/ca/docs/kompare/
kompare-25.04.1/po/ca/docs/kompare/index.docbook
kompare-25.04.1/po/se/
kompare-25.04.1/po/se/kompare.po
kompare-25.04.1/po/ca@valencia/
kompare-25.04.1/po/ca@valencia/kompare.po
kompare-25.04.1/po/hr/
kompare-25.04.1/po/hr/kompare.po
kompare-25.04.1/po/gl/
kompare-25.04.1/po/gl/kompare.po
kompare-25.04.1/po/ro/
kompare-25.04.1/po/ro/kompare.po
kompare-25.04.1/po/oc/
kompare-25.04.1/po/oc/kompare.po
kompare-25.04.1/po/br/
kompare-25.04.1/po/br/kompare.po
kompare-25.04.1/po/eo/
kompare-25.04.1/po/eo/kompare.po
kompare-25.04.1/po/sr@ijekavian/
kompare-25.04.1/po/sr@ijekavian/kompare.po
kompare-25.04.1/po/nl/
kompare-25.04.1/po/nl/kompare.po
kompare-25.04.1/po/nl/docs/
kompare-25.04.1/po/nl/docs/kompare/
kompare-25.04.1/po/nl/docs/kompare/index.docbook
kompare-25.04.1/po/mr/
kompare-25.04.1/po/mr/kompare.po
kompare-25.04.1/po/af/
kompare-25.04.1/po/af/kompare.po
kompare-25.04.1/po/hu/
kompare-25.04.1/po/hu/kompare.po
kompare-25.04.1/po/eu/
kompare-25.04.1/po/eu/kompare.po
kompare-25.04.1/po/lv/
kompare-25.04.1/po/lv/kompare.po
kompare-25.04.1/po/mk/
kompare-25.04.1/po/mk/kompare.po
kompare-25.04.1/po/nb/
kompare-25.04.1/po/nb/kompare.po
kompare-25.04.1/po/fr/
kompare-25.04.1/po/fr/kompare.po
kompare-25.04.1/po/fr/docs/
kompare-25.04.1/po/fr/docs/kompare/
kompare-25.04.1/po/fr/docs/kompare/settings-view1.png
kompare-25.04.1/po/fr/docs/kompare/settings-diff4.png
kompare-25.04.1/po/fr/docs/kompare/settings-diff3.png
kompare-25.04.1/po/fr/docs/kompare/settings-diff1.png
kompare-25.04.1/po/fr/docs/kompare/settings-diff2.png
kompare-25.04.1/po/fr/docs/kompare/settings-view2.png
kompare-25.04.1/po/hi/
kompare-25.04.1/po/hi/kompare.po
kompare-25.04.1/po/sl/
kompare-25.04.1/po/sl/kompare.po
kompare-25.04.1/po/sl/docs/
kompare-25.04.1/po/sl/docs/kompare/
kompare-25.04.1/po/sl/docs/kompare/index.docbook
kompare-25.04.1/po/sr@latin/
kompare-25.04.1/po/sr@latin/kompare.po
kompare-25.04.1/po/ta/
kompare-25.04.1/po/ta/kompare.po
kompare-25.04.1/po/sr/
kompare-25.04.1/po/sr/kompare.po
kompare-25.04.1/po/he/
kompare-25.04.1/po/he/kompare.po
kompare-25.04.1/po/de/
kompare-25.04.1/po/de/kompare.po
kompare-25.04.1/po/de/docs/
kompare-25.04.1/po/de/docs/kompare/
kompare-25.04.1/po/de/docs/kompare/index.docbook
kompare-25.04.1/po/ar/
kompare-25.04.1/po/ar/kompare.po
kompare-25.04.1/po/sk/
kompare-25.04.1/po/sk/kompare.po
kompare-25.04.1/po/zh_TW/
kompare-25.04.1/po/zh_TW/kompare.po
kompare-25.04.1/po/et/
kompare-25.04.1/po/et/kompare.po
kompare-25.04.1/po/et/docs/
kompare-25.04.1/po/et/docs/kompare/
kompare-25.04.1/po/et/docs/kompare/index.docbook
kompare-25.04.1/po/it/
kompare-25.04.1/po/it/kompare.po
kompare-25.04.1/po/it/docs/
kompare-25.04.1/po/it/docs/kompare/
kompare-25.04.1/po/it/docs/kompare/index.docbook
kompare-25.04.1/po/it/docs/kompare/settings-view1.png
kompare-25.04.1/po/it/docs/kompare/settings-diff4.png
kompare-25.04.1/po/it/docs/kompare/settings-diff3.png
kompare-25.04.1/po/it/docs/kompare/settings-diff1.png
kompare-25.04.1/po/it/docs/kompare/settings-diff2.png
kompare-25.04.1/po/it/docs/kompare/settings-view2.png
kompare-25.04.1/po/mai/
kompare-25.04.1/po/mai/kompare.po
kompare-25.04.1/po/el/
kompare-25.04.1/po/el/kompare.po
kompare-25.04.1/po/da/
kompare-25.04.1/po/da/kompare.po
kompare-25.04.1/po/xh/
kompare-25.04.1/po/xh/kompare.po
kompare-25.04.1/po/pt_BR/
kompare-25.04.1/po/pt_BR/kompare.po
kompare-25.04.1/po/pt_BR/docs/
kompare-25.04.1/po/pt_BR/docs/kompare/
kompare-25.04.1/po/pt_BR/docs/kompare/index.docbook
kompare-25.04.1/po/ru/
kompare-25.04.1/po/ru/kompare.po
kompare-25.04.1/po/ru/docs/
kompare-25.04.1/po/ru/docs/kompare/
kompare-25.04.1/po/ru/docs/kompare/index.docbook
kompare-25.04.1/po/sq/
kompare-25.04.1/po/sq/kompare.po
kompare-25.04.1/po/ia/
kompare-25.04.1/po/ia/kompare.po
kompare-25.04.1/po/cy/
kompare-25.04.1/po/cy/kompare.po
kompare-25.04.1/po/sv/
kompare-25.04.1/po/sv/kompare.po
kompare-25.04.1/po/sv/docs/
kompare-25.04.1/po/sv/docs/kompare/
kompare-25.04.1/po/sv/docs/kompare/index.docbook
kompare-25.04.1/po/sv/docs/kompare/settings-view1.png
kompare-25.04.1/po/sv/docs/kompare/settings-diff4.png
kompare-25.04.1/po/sv/docs/kompare/settings-diff3.png
kompare-25.04.1/po/sv/docs/kompare/settings-diff1.png
kompare-25.04.1/po/sv/docs/kompare/settings-diff2.png
kompare-25.04.1/po/sv/docs/kompare/settings-view2.png
kompare-25.04.1/po/ne/
kompare-25.04.1/po/ne/kompare.po
kompare-25.04.1/po/ms/
kompare-25.04.1/po/ms/kompare.po
kompare-25.04.1/po/fi/
kompare-25.04.1/po/fi/kompare.po
kompare-25.04.1/po/kk/
kompare-25.04.1/po/kk/kompare.po
kompare-25.04.1/po/lt/
kompare-25.04.1/po/lt/kompare.po
kompare-25.04.1/po/be/
kompare-25.04.1/po/be/kompare.po
kompare-25.04.1/po/tg/
kompare-25.04.1/po/tg/kompare.po
kompare-25.04.1/po/sa/
kompare-25.04.1/po/sa/kompare.po
kompare-25.04.1/po/ko/
kompare-25.04.1/po/ko/kompare.po
kompare-25.04.1/po/hne/
kompare-25.04.1/po/hne/kompare.po
kompare-25.04.1/po/ga/
kompare-25.04.1/po/ga/kompare.po
kompare-25.04.1/po/en_GB/
kompare-25.04.1/po/en_GB/kompare.po
kompare-25.04.1/po/uk/
kompare-25.04.1/po/uk/kompare.po
kompare-25.04.1/po/uk/docs/
kompare-25.04.1/po/uk/docs/kompare/
kompare-25.04.1/po/uk/docs/kompare/index.docbook
kompare-25.04.1/po/uk/docs/kompare/settings-view1.png
kompare-25.04.1/po/uk/docs/kompare/settings-diff4.png
kompare-25.04.1/po/uk/docs/kompare/settings-diff3.png
kompare-25.04.1/po/uk/docs/kompare/settings-diff1.png
kompare-25.04.1/po/uk/docs/kompare/settings-diff2.png
kompare-25.04.1/po/uk/docs/kompare/settings-view2.png
kompare-25.04.1/po/sr@ijekavianlatin/
kompare-25.04.1/po/sr@ijekavianlatin/kompare.po
kompare-25.04.1/po/nds/
kompare-25.04.1/po/nds/kompare.po
kompare-25.04.1/ChangeLog
kompare-25.04.1/.flatpak-manifest.json
kompare-25.04.1/CMakeLists.txt
kompare-25.04.1/src/
kompare-25.04.1/src/icons/
kompare-25.04.1/src/icons/32-apps-kompare.png
kompare-25.04.1/src/icons/16-apps-kompare.png
kompare-25.04.1/src/icons/sc-apps-kompare.svgz
kompare-25.04.1/src/icons/CMakeLists.txt
kompare-25.04.1/src/icons/22-apps-kompare.png
kompare-25.04.1/src/icons/128-apps-kompare.png
kompare-25.04.1/src/icons/48-apps-kompare.png
kompare-25.04.1/src/app/
kompare-25.04.1/src/app/kompare_shell.h
kompare-25.04.1/src/app/kompareurldialog.h
kompare-25.04.1/src/app/kompareui.rc
kompare-25.04.1/src/app/kompare_shell.cpp
kompare-25.04.1/src/app/kompare_shell.qrc
kompare-25.04.1/src/app/org.kde.kompare.desktop
kompare-25.04.1/src/app/org.kde.kompare.appdata.xml
kompare-25.04.1/src/app/kompareurldialog.cpp
kompare-25.04.1/src/app/main.cpp
kompare-25.04.1/src/app/CMakeLists.txt
kompare-25.04.1/src/Messages.sh
kompare-25.04.1/src/servicemenus/
kompare-25.04.1/src/servicemenus/kompare.desktop
kompare-25.04.1/src/servicemenus/CMakeLists.txt
kompare-25.04.1/src/dialogpages/
kompare-25.04.1/src/dialogpages/diffpage.cpp
kompare-25.04.1/src/dialogpages/viewpage.h
kompare-25.04.1/src/dialogpages/filespage.cpp
kompare-25.04.1/src/dialogpages/viewsettings.cpp
kompare-25.04.1/src/dialogpages/viewsettings.h
kompare-25.04.1/src/dialogpages/settingsbase.cpp
kompare-25.04.1/src/dialogpages/settingsbase.h
kompare-25.04.1/src/dialogpages/filessettings.cpp
kompare-25.04.1/src/dialogpages/filespage.h
kompare-25.04.1/src/dialogpages/diffpage.h
kompare-25.04.1/src/dialogpages/filessettings.h
kompare-25.04.1/src/dialogpages/viewpage.cpp
kompare-25.04.1/src/dialogpages/CMakeLists.txt
kompare-25.04.1/src/komparenavtreepart/
kompare-25.04.1/src/komparenavtreepart/komparenavtreepart.json.in
kompare-25.04.1/src/komparenavtreepart/komparenavtreepart.h
kompare-25.04.1/src/komparenavtreepart/CMakeLists.txt
kompare-25.04.1/src/komparenavtreepart/komparenavtreepart.cpp
kompare-25.04.1/src/komparepart/
kompare-25.04.1/src/komparepart/kompare_part.qrc
kompare-25.04.1/src/komparepart/kompareconnectwidget.h
kompare-25.04.1/src/komparepart/komparesplitter.h
kompare-25.04.1/src/komparepart/kompare_partfactory.h
kompare-25.04.1/src/komparepart/komparepart.json.in
kompare-25.04.1/src/komparepart/komparesplitter.cpp
kompare-25.04.1/src/komparepart/komparelistview.h
kompare-25.04.1/src/komparepart/komparesaveoptionswidget.cpp
kompare-25.04.1/src/komparepart/komparesaveoptionsbase.h
kompare-25.04.1/src/komparepart/kompareconnectwidget.cpp
kompare-25.04.1/src/komparepart/komparelistview.cpp
kompare-25.04.1/src/komparepart/kompareview.h
kompare-25.04.1/src/komparepart/kompare_partfactory.cpp
kompare-25.04.1/src/komparepart/kompare_part.cpp
kompare-25.04.1/src/komparepart/kompareprefdlg.h
kompare-25.04.1/src/komparepart/komparesaveoptionsbase.ui
kompare-25.04.1/src/komparepart/kompareprefdlg.cpp
kompare-25.04.1/src/komparepart/kompareview.cpp
kompare-25.04.1/src/komparepart/komparesaveoptionsbase.cpp
kompare-25.04.1/src/komparepart/CMakeLists.txt
kompare-25.04.1/src/komparepart/komparesaveoptionswidget.h
kompare-25.04.1/src/komparepart/komparepartui.rc
kompare-25.04.1/src/komparepart/kompare_part.h
kompare-25.04.1/src/CMakeLists.txt
kompare-25.04.1/src/interfaces/
kompare-25.04.1/src/interfaces/kompareinterface.cpp
kompare-25.04.1/src/interfaces/kompareinterface.h
kompare-25.04.1/src/interfaces/CMakeLists.txt
kompare-25.04.1/.gitignore
/home/omen/GITHUB/Athos/AthOS/REPO-AthOS/kompare/work
README or README.md already exists, skipping creation.
hm...lets continue and see what happens
-- The C compiler identification is GNU 14.3.0
-- The CXX compiler identification is GNU 14.3.0
-- Detecting C compiler ABI info
-- Detecting C compiler ABI info - done
-- Check for working C compiler: /usr/bin/cc - skipped
-- Detecting C compile features
-- Detecting C compile features - done
-- Detecting CXX compiler ABI info
-- Detecting CXX compiler ABI info - done
-- Check for working CXX compiler: /usr/bin/c++ - skipped
-- Detecting CXX compile features
-- Detecting CXX compile features - done
-- Installing in the same prefix as Qt, adopting their path scheme.
-- Looking for __GLIBC__
-- Looking for __GLIBC__ - found
-- Performing Test _OFFT_IS_64BIT
-- Performing Test _OFFT_IS_64BIT - Success
-- Performing Test HAVE_DATE_TIME
-- Performing Test HAVE_DATE_TIME - Success
-- Performing Test HAVE_STDATOMIC
-- Performing Test HAVE_STDATOMIC - Success
-- Found WrapAtomic: TRUE
-- Found Cups: /usr/lib64/libcups.so (found version "2.4.12")
-- Found OpenGL: /usr/lib64/libOpenGL.so
-- Found WrapOpenGL: TRUE
-- Found XKB: /usr/lib64/libxkbcommon.so (found suitable version "1.10.0", minimum required is "0.5.0")
-- Found WrapVulkanHeaders: /usr/include
-- Found KF6CoreAddons: /usr/lib64/cmake/KF6CoreAddons/KF6CoreAddonsConfig.cmake (found version "6.14.0")
-- Found KF6Codecs: /usr/lib64/cmake/KF6Codecs/KF6CodecsConfig.cmake (found version "6.14.0")
-- Found KF6DocTools: /usr/lib64/cmake/KF6DocTools/KF6DocToolsConfig.cmake (found version "6.14.0")
-- Found KF6IconThemes: /usr/lib64/cmake/KF6IconThemes/KF6IconThemesConfig.cmake (found version "6.14.0")
-- Found KF6JobWidgets: /usr/lib64/cmake/KF6JobWidgets/KF6JobWidgetsConfig.cmake (found version "6.14.0")
-- Found KF6Config: /usr/lib64/cmake/KF6Config/KF6ConfigConfig.cmake (found version "6.14.0")
-- Found X11: /usr/include
-- Looking for XOpenDisplay in /usr/lib64/libX11.so;/usr/lib64/libXext.so
-- Looking for XOpenDisplay in /usr/lib64/libX11.so;/usr/lib64/libXext.so - found
-- Looking for gethostbyname
-- Looking for gethostbyname - found
-- Looking for connect
-- Looking for connect - found
-- Looking for remove
-- Looking for remove - found
-- Looking for shmat
-- Looking for shmat - found
-- Looking for IceConnectionNumber in ICE
-- Looking for IceConnectionNumber in ICE - found
-- Found KF6Parts: /usr/lib64/cmake/KF6Parts/KF6PartsConfig.cmake (found version "6.14.0")
-- Found KF6TextEditor: /usr/lib64/cmake/KF6TextEditor/KF6TextEditorConfig.cmake (found version "6.14.0")
-- Found KF6WidgetsAddons: /usr/lib64/cmake/KF6WidgetsAddons/KF6WidgetsAddonsConfig.cmake (found version "6.14.0")
-- Found Gettext: /usr/bin/msgmerge (found version "0.25")
-- Found KF6I18n: /usr/lib64/cmake/KF6I18n/KF6I18nConfig.cmake (found version "6.14.0")
-- Found KF6: success (found suitable version "6.14.0", minimum required is "6.0.0") found components: CoreAddons Codecs DocTools IconThemes JobWidgets Config Parts TextEditor WidgetsAddons I18n
-- Performing Test COMPILER_HAS_HIDDEN_VISIBILITY
-- Performing Test COMPILER_HAS_HIDDEN_VISIBILITY - Success
-- Performing Test COMPILER_HAS_HIDDEN_INLINE_VISIBILITY
-- Performing Test COMPILER_HAS_HIDDEN_INLINE_VISIBILITY - Success
-- Performing Test COMPILER_HAS_DEPRECATED_ATTR
-- Performing Test COMPILER_HAS_DEPRECATED_ATTR - Success
-- The following OPTIONAL packages have been found:

 * Cups
 * OpenGL
 * Vulkan
 * Qt6PrintSupport (required version >= 6.5.0)
 * Qt6DBusTools (required version >= 6.8.3)
 * Qt6QmlTools (required version >= 6.8.3)
 * XKB (required version >= 0.5.0), XKB API common to servers and clients., <http://xkbcommon.org>
 * WrapVulkanHeaders
 * Freetype
 * PkgConfig
 * Fontconfig
 * Qt6Core (required version >= 6.5.0)
 * Qt6CoreTools (required version >= 6.8.3)
 * Qt6GuiTools (required version >= 6.8.3)
 * Qt6WidgetsTools (required version >= 6.8.3)

-- The following REQUIRED packages have been found:

 * ECM (required version >= 6.0.0)
 * Qt6 (required version >= 6.5.0)
 * KF6DocTools (required version >= 6.0.0)
 * KF6IconThemes (required version >= 6.0.0)
 * KF6CoreAddons (required version >= 6.14.0)
 * KF6JobWidgets (required version >= 6.14.0)
 * KF6Codecs (required version >= 6.14.0)
 * KF6Parts (required version >= 6.14.0)
 * KF6TextEditor (required version >= 6.0.0)
 * KF6WidgetsAddons (required version >= 6.0.0)
 * Gettext
 * KF6I18n (required version >= 6.0.0)
 * KF6 (required version >= 6.0.0)
 * KF6Config (required version >= 6.0.0)
 * KompareDiff2 (required version >= 6.0)

-- The following OPTIONAL packages have not been found:

 * Qt6QmlCompilerPlusPrivateTools (required version >= 6.8.3)

-- Configuring done (1.7s)
-- Generating done (0.0s)
-- Build files have been written to: /home/omen/GITHUB/Athos/AthOS/REPO-AthOS/kompare/work/kompare-25.04.1/build
[1/60] Generating ts...
[2/60] Automatic MOC for target kompareinterface
[3/60] Building CXX object src/interfaces/CMakeFiles/kompareinterface.dir/kompareinterface_autogen/mocs_compilation.cpp.o
[4/60] Generating mo...
[5/60] Generating po/pt/docs/kompare/index.cache.bz2
[6/60] Generating po/uk/docs/kompare/index.cache.bz2
[7/60] Generating po/de/docs/kompare/index.cache.bz2
[8/60] Generating index.cache.bz2
[9/60] Generating po/it/docs/kompare/index.cache.bz2
[10/60] Generating po/sv/docs/kompare/index.cache.bz2
[11/60] Generating po/nl/docs/kompare/index.cache.bz2
[12/60] Generating po/ru/docs/kompare/index.cache.bz2
[13/60] Generating po/ca/docs/kompare/index.cache.bz2
[14/60] Generating po/es/docs/kompare/index.cache.bz2
[15/60] Generating po/et/docs/kompare/index.cache.bz2
[16/60] Generating po/pt_BR/docs/kompare/index.cache.bz2
I/O warning : failed to load "/usr/share/kf6/kdoctools/customization/xsl/pt-BR.xml": No such file or directory
No "pt_br" localization of "footer-doc-comment" exists; using "en".
No "pt_br" localization of "footer-doc-feedback" exists; using "en".
No "pt_br" localization of "footer-doc-teamname" exists; using "en".
No "pt_br" localization of "footer-doc-comment" exists; using "en".
No "pt_br" localization of "footer-doc-feedback" exists; using "en".
No "pt_br" localization of "footer-doc-teamname" exists; using "en".
No "pt_br" localization of "footer-doc-comment" exists; using "en".
No "pt_br" localization of "footer-doc-feedback" exists; using "en".
No "pt_br" localization of "footer-doc-teamname" exists; using "en".
No "pt_br" localization of "footer-doc-comment" exists; using "en".
No "pt_br" localization of "footer-doc-feedback" exists; using "en".
No "pt_br" localization of "footer-doc-teamname" exists; using "en".
No "pt_br" localization of "footer-doc-comment" exists; using "en".
No "pt_br" localization of "footer-doc-feedback" exists; using "en".
No "pt_br" localization of "footer-doc-teamname" exists; using "en".
No "pt_br" localization of "footer-doc-comment" exists; using "en".
No "pt_br" localization of "footer-doc-feedback" exists; using "en".
No "pt_br" localization of "footer-doc-teamname" exists; using "en".
No "pt_br" localization of "footer-doc-comment" exists; using "en".
No "pt_br" localization of "footer-doc-feedback" exists; using "en".
No "pt_br" localization of "footer-doc-teamname" exists; using "en".
No "pt_br" localization of "footer-doc-comment" exists; using "en".
No "pt_br" localization of "footer-doc-feedback" exists; using "en".
No "pt_br" localization of "footer-doc-teamname" exists; using "en".
No "pt_br" localization of "footer-doc-comment" exists; using "en".
No "pt_br" localization of "footer-doc-feedback" exists; using "en".
No "pt_br" localization of "footer-doc-teamname" exists; using "en".
No "pt_br" localization of "footer-doc-comment" exists; using "en".
No "pt_br" localization of "footer-doc-feedback" exists; using "en".
No "pt_br" localization of "footer-doc-teamname" exists; using "en".
No "pt_br" localization of "footer-doc-comment" exists; using "en".
No "pt_br" localization of "footer-doc-feedback" exists; using "en".
No "pt_br" localization of "footer-doc-teamname" exists; using "en".
[17/60] Generating po/sl/docs/kompare/index.cache.bz2
[18/60] Automatic MOC for target komparedialogpages
[19/60] Building CXX object src/dialogpages/CMakeFiles/komparedialogpages.dir/komparedialogpages_autogen/mocs_compilation.cpp.o
[20/60] Automatic MOC for target komparenavtreepart
[21/60] Building CXX object src/komparenavtreepart/CMakeFiles/komparenavtreepart.dir/komparenavtreepart_autogen/mocs_compilation.cpp.o
[22/60] Building CXX object src/interfaces/CMakeFiles/kompareinterface.dir/kompareinterface.cpp.o
[23/60] Linking CXX shared library bin/libkompareinterface.so.6
[24/60] Creating library symlink bin/libkompareinterface.so
[25/60] Building CXX object src/dialogpages/CMakeFiles/komparedialogpages.dir/settingsbase.cpp.o
[26/60] Building CXX object src/dialogpages/CMakeFiles/komparedialogpages.dir/filessettings.cpp.o
[27/60] Building CXX object src/dialogpages/CMakeFiles/komparedialogpages.dir/viewsettings.cpp.o
[28/60] Building CXX object src/dialogpages/CMakeFiles/komparedialogpages.dir/viewpage.cpp.o
[29/60] Building CXX object src/komparenavtreepart/CMakeFiles/komparenavtreepart.dir/komparenavviewdebug.cpp.o
[30/60] Building CXX object src/dialogpages/CMakeFiles/komparedialogpages.dir/diffpage.cpp.o
[31/60] Building CXX object src/dialogpages/CMakeFiles/komparedialogpages.dir/filespage.cpp.o
[32/60] Linking CXX shared library bin/libkomparedialogpages.so.6
[33/60] Creating library symlink bin/libkomparedialogpages.so
[34/60] Automatic MOC for target kompare
[35/60] Automatic RCC for kompare_shell.qrc
[36/60] Automatic MOC for target komparepart
[37/60] Building CXX object src/app/CMakeFiles/kompare.dir/kompare_autogen/mocs_compilation.cpp.o
[38/60] Generating ui_komparesaveoptionsbase.h
[39/60] Automatic RCC for kompare_part.qrc
[40/60] Building CXX object src/app/CMakeFiles/kompare.dir/kompare_autogen/EWIEGA46WW/qrc_kompare_shell.cpp.o
[41/60] Building CXX object src/komparepart/CMakeFiles/komparepart.dir/komparepart_autogen/mocs_compilation.cpp.o
[42/60] Building CXX object src/komparepart/CMakeFiles/komparepart.dir/komparepart_autogen/EWIEGA46WW/qrc_kompare_part.cpp.o
[43/60] Building CXX object src/komparenavtreepart/CMakeFiles/komparenavtreepart.dir/komparenavtreepart.cpp.o
[44/60] Linking CXX shared module bin/komparenavtreepart.so
[45/60] Building CXX object src/komparepart/CMakeFiles/komparepart.dir/komparepartdebug.cpp.o
[46/60] Building CXX object src/komparepart/CMakeFiles/komparepart.dir/kompareview.cpp.o
[47/60] Building CXX object src/komparepart/CMakeFiles/komparepart.dir/kompareprefdlg.cpp.o
[48/60] Building CXX object src/app/CMakeFiles/kompare.dir/kompareshelldebug.cpp.o
[49/60] Building CXX object src/komparepart/CMakeFiles/komparepart.dir/komparesaveoptionsbase.cpp.o
[50/60] Building CXX object src/komparepart/CMakeFiles/komparepart.dir/kompare_partfactory.cpp.o
[51/60] Building CXX object src/app/CMakeFiles/kompare.dir/kompareurldialog.cpp.o
[52/60] Building CXX object src/komparepart/CMakeFiles/komparepart.dir/komparesaveoptionswidget.cpp.o
[53/60] Building CXX object src/komparepart/CMakeFiles/komparepart.dir/kompareconnectwidget.cpp.o
[54/60] Building CXX object src/komparepart/CMakeFiles/komparepart.dir/komparesplitter.cpp.o
[55/60] Building CXX object src/komparepart/CMakeFiles/komparepart.dir/komparelistview.cpp.o
[56/60] Building CXX object src/app/CMakeFiles/kompare.dir/main.cpp.o
[57/60] Building CXX object src/app/CMakeFiles/kompare.dir/kompare_shell.cpp.o
[58/60] Linking CXX executable bin/kompare
[59/60] Building CXX object src/komparepart/CMakeFiles/komparepart.dir/kompare_part.cpp.o
[60/60] Linking CXX shared module bin/komparepart.so
-- Install configuration: "RelWithDebInfo"
-- Installing: /home/omen/GITHUB/Athos/AthOS/REPO-AthOS/kompare/package-kompare/usr/share/doc/HTML/en/kompare/index.cache.bz2
-- Installing: /home/omen/GITHUB/Athos/AthOS/REPO-AthOS/kompare/package-kompare/usr/share/doc/HTML/en/kompare/index.docbook
-- Installing: /home/omen/GITHUB/Athos/AthOS/REPO-AthOS/kompare/package-kompare/usr/share/doc/HTML/en/kompare/dock.png
-- Installing: /home/omen/GITHUB/Athos/AthOS/REPO-AthOS/kompare/package-kompare/usr/share/doc/HTML/en/kompare/settings-diff1.png
-- Installing: /home/omen/GITHUB/Athos/AthOS/REPO-AthOS/kompare/package-kompare/usr/share/doc/HTML/en/kompare/settings-diff2.png
-- Installing: /home/omen/GITHUB/Athos/AthOS/REPO-AthOS/kompare/package-kompare/usr/share/doc/HTML/en/kompare/settings-diff3.png
-- Installing: /home/omen/GITHUB/Athos/AthOS/REPO-AthOS/kompare/package-kompare/usr/share/doc/HTML/en/kompare/settings-diff4.png
-- Installing: /home/omen/GITHUB/Athos/AthOS/REPO-AthOS/kompare/package-kompare/usr/share/doc/HTML/en/kompare/settings-view1.png
-- Installing: /home/omen/GITHUB/Athos/AthOS/REPO-AthOS/kompare/package-kompare/usr/share/doc/HTML/en/kompare/settings-view2.png
-- Installing: /home/omen/GITHUB/Athos/AthOS/REPO-AthOS/kompare/package-kompare/usr/share/doc/HTML/en/kompare/undock.png
-- Installing: /home/omen/GITHUB/Athos/AthOS/REPO-AthOS/kompare/package-kompare/usr/share/icons/hicolor/16x16/apps/kompare.png
-- Installing: /home/omen/GITHUB/Athos/AthOS/REPO-AthOS/kompare/package-kompare/usr/share/icons/hicolor/22x22/apps/kompare.png
-- Installing: /home/omen/GITHUB/Athos/AthOS/REPO-AthOS/kompare/package-kompare/usr/share/icons/hicolor/32x32/apps/kompare.png
-- Installing: /home/omen/GITHUB/Athos/AthOS/REPO-AthOS/kompare/package-kompare/usr/share/icons/hicolor/48x48/apps/kompare.png
-- Installing: /home/omen/GITHUB/Athos/AthOS/REPO-AthOS/kompare/package-kompare/usr/share/icons/hicolor/128x128/apps/kompare.png
-- Installing: /home/omen/GITHUB/Athos/AthOS/REPO-AthOS/kompare/package-kompare/usr/share/icons/hicolor/scalable/apps/kompare.svgz
-- Installing: /home/omen/GITHUB/Athos/AthOS/REPO-AthOS/kompare/package-kompare/usr/share/kio/servicemenus/kompare.desktop
-- Installing: /home/omen/GITHUB/Athos/AthOS/REPO-AthOS/kompare/package-kompare/usr/lib64/libkompareinterface.so.6
-- Installing: /home/omen/GITHUB/Athos/AthOS/REPO-AthOS/kompare/package-kompare/usr/lib64/libkompareinterface.so
-- Installing: /home/omen/GITHUB/Athos/AthOS/REPO-AthOS/kompare/package-kompare/usr/include/kompare/kompareinterface.h
-- Installing: /home/omen/GITHUB/Athos/AthOS/REPO-AthOS/kompare/package-kompare/usr/lib64/libkomparedialogpages.so.6
-- Installing: /home/omen/GITHUB/Athos/AthOS/REPO-AthOS/kompare/package-kompare/usr/lib64/qt6/plugins/kf6/parts/komparenavtreepart.so
-- Installing: /home/omen/GITHUB/Athos/AthOS/REPO-AthOS/kompare/package-kompare/usr/lib64/qt6/plugins/kf6/parts/komparepart.so
-- Set non-toolchain portion of runtime path of "/home/omen/GITHUB/Athos/AthOS/REPO-AthOS/kompare/package-kompare/usr/lib64/qt6/plugins/kf6/parts/komparepart.so" to ""
-- Installing: /home/omen/GITHUB/Athos/AthOS/REPO-AthOS/kompare/package-kompare/usr/bin/kompare
-- Set non-toolchain portion of runtime path of "/home/omen/GITHUB/Athos/AthOS/REPO-AthOS/kompare/package-kompare/usr/bin/kompare" to ""
-- Installing: /home/omen/GITHUB/Athos/AthOS/REPO-AthOS/kompare/package-kompare/usr/share/applications/org.kde.kompare.desktop
-- Installing: /home/omen/GITHUB/Athos/AthOS/REPO-AthOS/kompare/package-kompare/usr/share/metainfo/org.kde.kompare.appdata.xml
-- Installing: /home/omen/GITHUB/Athos/AthOS/REPO-AthOS/kompare/package-kompare/usr/share/qlogging-categories6/kompare.categories
-- Installing: /home/omen/GITHUB/Athos/AthOS/REPO-AthOS/kompare/package-kompare/usr/share/locale
-- Installing: /home/omen/GITHUB/Athos/AthOS/REPO-AthOS/kompare/package-kompare/usr/share/locale/da
-- Installing: /home/omen/GITHUB/Athos/AthOS/REPO-AthOS/kompare/package-kompare/usr/share/locale/da/LC_MESSAGES
-- Installing: /home/omen/GITHUB/Athos/AthOS/REPO-AthOS/kompare/package-kompare/usr/share/locale/da/LC_MESSAGES/kompare.mo
-- Installing: /home/omen/GITHUB/Athos/AthOS/REPO-AthOS/kompare/package-kompare/usr/share/locale/ms
-- Installing: /home/omen/GITHUB/Athos/AthOS/REPO-AthOS/kompare/package-kompare/usr/share/locale/ms/LC_MESSAGES
-- Installing: /home/omen/GITHUB/Athos/AthOS/REPO-AthOS/kompare/package-kompare/usr/share/locale/ms/LC_MESSAGES/kompare.mo
-- Installing: /home/omen/GITHUB/Athos/AthOS/REPO-AthOS/kompare/package-kompare/usr/share/locale/cs
-- Installing: /home/omen/GITHUB/Athos/AthOS/REPO-AthOS/kompare/package-kompare/usr/share/locale/cs/LC_MESSAGES
-- Installing: /home/omen/GITHUB/Athos/AthOS/REPO-AthOS/kompare/package-kompare/usr/share/locale/cs/LC_MESSAGES/kompare.mo
-- Installing: /home/omen/GITHUB/Athos/AthOS/REPO-AthOS/kompare/package-kompare/usr/share/locale/ja
-- Installing: /home/omen/GITHUB/Athos/AthOS/REPO-AthOS/kompare/package-kompare/usr/share/locale/ja/LC_MESSAGES
-- Installing: /home/omen/GITHUB/Athos/AthOS/REPO-AthOS/kompare/package-kompare/usr/share/locale/ja/LC_MESSAGES/kompare.mo
-- Installing: /home/omen/GITHUB/Athos/AthOS/REPO-AthOS/kompare/package-kompare/usr/share/locale/sr@ijekavian
-- Installing: /home/omen/GITHUB/Athos/AthOS/REPO-AthOS/kompare/package-kompare/usr/share/locale/sr@ijekavian/LC_MESSAGES
-- Installing: /home/omen/GITHUB/Athos/AthOS/REPO-AthOS/kompare/package-kompare/usr/share/locale/sr@ijekavian/LC_MESSAGES/kompare.mo
-- Installing: /home/omen/GITHUB/Athos/AthOS/REPO-AthOS/kompare/package-kompare/usr/share/locale/de
-- Installing: /home/omen/GITHUB/Athos/AthOS/REPO-AthOS/kompare/package-kompare/usr/share/locale/de/LC_MESSAGES
-- Installing: /home/omen/GITHUB/Athos/AthOS/REPO-AthOS/kompare/package-kompare/usr/share/locale/de/LC_MESSAGES/kompare.mo
-- Installing: /home/omen/GITHUB/Athos/AthOS/REPO-AthOS/kompare/package-kompare/usr/share/locale/el
-- Installing: /home/omen/GITHUB/Athos/AthOS/REPO-AthOS/kompare/package-kompare/usr/share/locale/el/LC_MESSAGES
-- Installing: /home/omen/GITHUB/Athos/AthOS/REPO-AthOS/kompare/package-kompare/usr/share/locale/el/LC_MESSAGES/kompare.mo
-- Installing: /home/omen/GITHUB/Athos/AthOS/REPO-AthOS/kompare/package-kompare/usr/share/locale/nn
-- Installing: /home/omen/GITHUB/Athos/AthOS/REPO-AthOS/kompare/package-kompare/usr/share/locale/nn/LC_MESSAGES
-- Installing: /home/omen/GITHUB/Athos/AthOS/REPO-AthOS/kompare/package-kompare/usr/share/locale/nn/LC_MESSAGES/kompare.mo
-- Installing: /home/omen/GITHUB/Athos/AthOS/REPO-AthOS/kompare/package-kompare/usr/share/locale/sr
-- Installing: /home/omen/GITHUB/Athos/AthOS/REPO-AthOS/kompare/package-kompare/usr/share/locale/sr/LC_MESSAGES
-- Installing: /home/omen/GITHUB/Athos/AthOS/REPO-AthOS/kompare/package-kompare/usr/share/locale/sr/LC_MESSAGES/kompare.mo
-- Installing: /home/omen/GITHUB/Athos/AthOS/REPO-AthOS/kompare/package-kompare/usr/share/locale/hi
-- Installing: /home/omen/GITHUB/Athos/AthOS/REPO-AthOS/kompare/package-kompare/usr/share/locale/hi/LC_MESSAGES
-- Installing: /home/omen/GITHUB/Athos/AthOS/REPO-AthOS/kompare/package-kompare/usr/share/locale/hi/LC_MESSAGES/kompare.mo
-- Installing: /home/omen/GITHUB/Athos/AthOS/REPO-AthOS/kompare/package-kompare/usr/share/locale/pt_BR
-- Installing: /home/omen/GITHUB/Athos/AthOS/REPO-AthOS/kompare/package-kompare/usr/share/locale/pt_BR/LC_MESSAGES
-- Installing: /home/omen/GITHUB/Athos/AthOS/REPO-AthOS/kompare/package-kompare/usr/share/locale/pt_BR/LC_MESSAGES/kompare.mo
-- Installing: /home/omen/GITHUB/Athos/AthOS/REPO-AthOS/kompare/package-kompare/usr/share/locale/lt
-- Installing: /home/omen/GITHUB/Athos/AthOS/REPO-AthOS/kompare/package-kompare/usr/share/locale/lt/LC_MESSAGES
-- Installing: /home/omen/GITHUB/Athos/AthOS/REPO-AthOS/kompare/package-kompare/usr/share/locale/lt/LC_MESSAGES/kompare.mo
-- Installing: /home/omen/GITHUB/Athos/AthOS/REPO-AthOS/kompare/package-kompare/usr/share/locale/sr@ijekavianlatin
-- Installing: /home/omen/GITHUB/Athos/AthOS/REPO-AthOS/kompare/package-kompare/usr/share/locale/sr@ijekavianlatin/LC_MESSAGES
-- Installing: /home/omen/GITHUB/Athos/AthOS/REPO-AthOS/kompare/package-kompare/usr/share/locale/sr@ijekavianlatin/LC_MESSAGES/kompare.mo
-- Installing: /home/omen/GITHUB/Athos/AthOS/REPO-AthOS/kompare/package-kompare/usr/share/locale/be
-- Installing: /home/omen/GITHUB/Athos/AthOS/REPO-AthOS/kompare/package-kompare/usr/share/locale/be/LC_MESSAGES
-- Installing: /home/omen/GITHUB/Athos/AthOS/REPO-AthOS/kompare/package-kompare/usr/share/locale/be/LC_MESSAGES/kompare.mo
-- Installing: /home/omen/GITHUB/Athos/AthOS/REPO-AthOS/kompare/package-kompare/usr/share/locale/pa
-- Installing: /home/omen/GITHUB/Athos/AthOS/REPO-AthOS/kompare/package-kompare/usr/share/locale/pa/LC_MESSAGES
-- Installing: /home/omen/GITHUB/Athos/AthOS/REPO-AthOS/kompare/package-kompare/usr/share/locale/pa/LC_MESSAGES/kompare.mo
-- Installing: /home/omen/GITHUB/Athos/AthOS/REPO-AthOS/kompare/package-kompare/usr/share/locale/sl
-- Installing: /home/omen/GITHUB/Athos/AthOS/REPO-AthOS/kompare/package-kompare/usr/share/locale/sl/LC_MESSAGES
-- Installing: /home/omen/GITHUB/Athos/AthOS/REPO-AthOS/kompare/package-kompare/usr/share/locale/sl/LC_MESSAGES/kompare.mo
-- Installing: /home/omen/GITHUB/Athos/AthOS/REPO-AthOS/kompare/package-kompare/usr/share/locale/ta
-- Installing: /home/omen/GITHUB/Athos/AthOS/REPO-AthOS/kompare/package-kompare/usr/share/locale/ta/LC_MESSAGES
-- Installing: /home/omen/GITHUB/Athos/AthOS/REPO-AthOS/kompare/package-kompare/usr/share/locale/ta/LC_MESSAGES/kompare.mo
-- Installing: /home/omen/GITHUB/Athos/AthOS/REPO-AthOS/kompare/package-kompare/usr/share/locale/xh
-- Installing: /home/omen/GITHUB/Athos/AthOS/REPO-AthOS/kompare/package-kompare/usr/share/locale/xh/LC_MESSAGES
-- Installing: /home/omen/GITHUB/Athos/AthOS/REPO-AthOS/kompare/package-kompare/usr/share/locale/xh/LC_MESSAGES/kompare.mo
-- Installing: /home/omen/GITHUB/Athos/AthOS/REPO-AthOS/kompare/package-kompare/usr/share/locale/ro
-- Installing: /home/omen/GITHUB/Athos/AthOS/REPO-AthOS/kompare/package-kompare/usr/share/locale/ro/LC_MESSAGES
-- Installing: /home/omen/GITHUB/Athos/AthOS/REPO-AthOS/kompare/package-kompare/usr/share/locale/ro/LC_MESSAGES/kompare.mo
-- Installing: /home/omen/GITHUB/Athos/AthOS/REPO-AthOS/kompare/package-kompare/usr/share/locale/bs
-- Installing: /home/omen/GITHUB/Athos/AthOS/REPO-AthOS/kompare/package-kompare/usr/share/locale/bs/LC_MESSAGES
-- Installing: /home/omen/GITHUB/Athos/AthOS/REPO-AthOS/kompare/package-kompare/usr/share/locale/bs/LC_MESSAGES/kompare.mo
-- Installing: /home/omen/GITHUB/Athos/AthOS/REPO-AthOS/kompare/package-kompare/usr/share/locale/is
-- Installing: /home/omen/GITHUB/Athos/AthOS/REPO-AthOS/kompare/package-kompare/usr/share/locale/is/LC_MESSAGES
-- Installing: /home/omen/GITHUB/Athos/AthOS/REPO-AthOS/kompare/package-kompare/usr/share/locale/is/LC_MESSAGES/kompare.mo
-- Installing: /home/omen/GITHUB/Athos/AthOS/REPO-AthOS/kompare/package-kompare/usr/share/locale/kk
-- Installing: /home/omen/GITHUB/Athos/AthOS/REPO-AthOS/kompare/package-kompare/usr/share/locale/kk/LC_MESSAGES
-- Installing: /home/omen/GITHUB/Athos/AthOS/REPO-AthOS/kompare/package-kompare/usr/share/locale/kk/LC_MESSAGES/kompare.mo
-- Installing: /home/omen/GITHUB/Athos/AthOS/REPO-AthOS/kompare/package-kompare/usr/share/locale/sr@latin
-- Installing: /home/omen/GITHUB/Athos/AthOS/REPO-AthOS/kompare/package-kompare/usr/share/locale/sr@latin/LC_MESSAGES
-- Installing: /home/omen/GITHUB/Athos/AthOS/REPO-AthOS/kompare/package-kompare/usr/share/locale/sr@latin/LC_MESSAGES/kompare.mo
-- Installing: /home/omen/GITHUB/Athos/AthOS/REPO-AthOS/kompare/package-kompare/usr/share/locale/he
-- Installing: /home/omen/GITHUB/Athos/AthOS/REPO-AthOS/kompare/package-kompare/usr/share/locale/he/LC_MESSAGES
-- Installing: /home/omen/GITHUB/Athos/AthOS/REPO-AthOS/kompare/package-kompare/usr/share/locale/he/LC_MESSAGES/kompare.mo
-- Installing: /home/omen/GITHUB/Athos/AthOS/REPO-AthOS/kompare/package-kompare/usr/share/locale/zh_TW
-- Installing: /home/omen/GITHUB/Athos/AthOS/REPO-AthOS/kompare/package-kompare/usr/share/locale/zh_TW/LC_MESSAGES
-- Installing: /home/omen/GITHUB/Athos/AthOS/REPO-AthOS/kompare/package-kompare/usr/share/locale/zh_TW/LC_MESSAGES/kompare.mo
-- Installing: /home/omen/GITHUB/Athos/AthOS/REPO-AthOS/kompare/package-kompare/usr/share/locale/tg
-- Installing: /home/omen/GITHUB/Athos/AthOS/REPO-AthOS/kompare/package-kompare/usr/share/locale/tg/LC_MESSAGES
-- Installing: /home/omen/GITHUB/Athos/AthOS/REPO-AthOS/kompare/package-kompare/usr/share/locale/tg/LC_MESSAGES/kompare.mo
-- Installing: /home/omen/GITHUB/Athos/AthOS/REPO-AthOS/kompare/package-kompare/usr/share/locale/fa
-- Installing: /home/omen/GITHUB/Athos/AthOS/REPO-AthOS/kompare/package-kompare/usr/share/locale/fa/LC_MESSAGES
-- Installing: /home/omen/GITHUB/Athos/AthOS/REPO-AthOS/kompare/package-kompare/usr/share/locale/fa/LC_MESSAGES/kompare.mo
-- Installing: /home/omen/GITHUB/Athos/AthOS/REPO-AthOS/kompare/package-kompare/usr/share/locale/pl
-- Installing: /home/omen/GITHUB/Athos/AthOS/REPO-AthOS/kompare/package-kompare/usr/share/locale/pl/LC_MESSAGES
-- Installing: /home/omen/GITHUB/Athos/AthOS/REPO-AthOS/kompare/package-kompare/usr/share/locale/pl/LC_MESSAGES/kompare.mo
-- Installing: /home/omen/GITHUB/Athos/AthOS/REPO-AthOS/kompare/package-kompare/usr/share/locale/km
-- Installing: /home/omen/GITHUB/Athos/AthOS/REPO-AthOS/kompare/package-kompare/usr/share/locale/km/LC_MESSAGES
-- Installing: /home/omen/GITHUB/Athos/AthOS/REPO-AthOS/kompare/package-kompare/usr/share/locale/km/LC_MESSAGES/kompare.mo
-- Installing: /home/omen/GITHUB/Athos/AthOS/REPO-AthOS/kompare/package-kompare/usr/share/locale/pt
-- Installing: /home/omen/GITHUB/Athos/AthOS/REPO-AthOS/kompare/package-kompare/usr/share/locale/pt/LC_MESSAGES
-- Installing: /home/omen/GITHUB/Athos/AthOS/REPO-AthOS/kompare/package-kompare/usr/share/locale/pt/LC_MESSAGES/kompare.mo
-- Installing: /home/omen/GITHUB/Athos/AthOS/REPO-AthOS/kompare/package-kompare/usr/share/locale/hr
-- Installing: /home/omen/GITHUB/Athos/AthOS/REPO-AthOS/kompare/package-kompare/usr/share/locale/hr/LC_MESSAGES
-- Installing: /home/omen/GITHUB/Athos/AthOS/REPO-AthOS/kompare/package-kompare/usr/share/locale/hr/LC_MESSAGES/kompare.mo
-- Installing: /home/omen/GITHUB/Athos/AthOS/REPO-AthOS/kompare/package-kompare/usr/share/locale/tr
-- Installing: /home/omen/GITHUB/Athos/AthOS/REPO-AthOS/kompare/package-kompare/usr/share/locale/tr/LC_MESSAGES
-- Installing: /home/omen/GITHUB/Athos/AthOS/REPO-AthOS/kompare/package-kompare/usr/share/locale/tr/LC_MESSAGES/kompare.mo
-- Installing: /home/omen/GITHUB/Athos/AthOS/REPO-AthOS/kompare/package-kompare/usr/share/locale/fr
-- Installing: /home/omen/GITHUB/Athos/AthOS/REPO-AthOS/kompare/package-kompare/usr/share/locale/fr/LC_MESSAGES
-- Installing: /home/omen/GITHUB/Athos/AthOS/REPO-AthOS/kompare/package-kompare/usr/share/locale/fr/LC_MESSAGES/kompare.mo
-- Installing: /home/omen/GITHUB/Athos/AthOS/REPO-AthOS/kompare/package-kompare/usr/share/locale/mai
-- Installing: /home/omen/GITHUB/Athos/AthOS/REPO-AthOS/kompare/package-kompare/usr/share/locale/mai/LC_MESSAGES
-- Installing: /home/omen/GITHUB/Athos/AthOS/REPO-AthOS/kompare/package-kompare/usr/share/locale/mai/LC_MESSAGES/kompare.mo
-- Installing: /home/omen/GITHUB/Athos/AthOS/REPO-AthOS/kompare/package-kompare/usr/share/locale/ne
-- Installing: /home/omen/GITHUB/Athos/AthOS/REPO-AthOS/kompare/package-kompare/usr/share/locale/ne/LC_MESSAGES
-- Installing: /home/omen/GITHUB/Athos/AthOS/REPO-AthOS/kompare/package-kompare/usr/share/locale/ne/LC_MESSAGES/kompare.mo
-- Installing: /home/omen/GITHUB/Athos/AthOS/REPO-AthOS/kompare/package-kompare/usr/share/locale/ka
-- Installing: /home/omen/GITHUB/Athos/AthOS/REPO-AthOS/kompare/package-kompare/usr/share/locale/ka/LC_MESSAGES
-- Installing: /home/omen/GITHUB/Athos/AthOS/REPO-AthOS/kompare/package-kompare/usr/share/locale/ka/LC_MESSAGES/kompare.mo
-- Installing: /home/omen/GITHUB/Athos/AthOS/REPO-AthOS/kompare/package-kompare/usr/share/locale/cy
-- Installing: /home/omen/GITHUB/Athos/AthOS/REPO-AthOS/kompare/package-kompare/usr/share/locale/cy/LC_MESSAGES
-- Installing: /home/omen/GITHUB/Athos/AthOS/REPO-AthOS/kompare/package-kompare/usr/share/locale/cy/LC_MESSAGES/kompare.mo
-- Installing: /home/omen/GITHUB/Athos/AthOS/REPO-AthOS/kompare/package-kompare/usr/share/locale/gl
-- Installing: /home/omen/GITHUB/Athos/AthOS/REPO-AthOS/kompare/package-kompare/usr/share/locale/gl/LC_MESSAGES
-- Installing: /home/omen/GITHUB/Athos/AthOS/REPO-AthOS/kompare/package-kompare/usr/share/locale/gl/LC_MESSAGES/kompare.mo
-- Installing: /home/omen/GITHUB/Athos/AthOS/REPO-AthOS/kompare/package-kompare/usr/share/locale/ia
-- Installing: /home/omen/GITHUB/Athos/AthOS/REPO-AthOS/kompare/package-kompare/usr/share/locale/ia/LC_MESSAGES
-- Installing: /home/omen/GITHUB/Athos/AthOS/REPO-AthOS/kompare/package-kompare/usr/share/locale/ia/LC_MESSAGES/kompare.mo
-- Installing: /home/omen/GITHUB/Athos/AthOS/REPO-AthOS/kompare/package-kompare/usr/share/locale/hu
-- Installing: /home/omen/GITHUB/Athos/AthOS/REPO-AthOS/kompare/package-kompare/usr/share/locale/hu/LC_MESSAGES
-- Installing: /home/omen/GITHUB/Athos/AthOS/REPO-AthOS/kompare/package-kompare/usr/share/locale/hu/LC_MESSAGES/kompare.mo
-- Installing: /home/omen/GITHUB/Athos/AthOS/REPO-AthOS/kompare/package-kompare/usr/share/locale/eo
-- Installing: /home/omen/GITHUB/Athos/AthOS/REPO-AthOS/kompare/package-kompare/usr/share/locale/eo/LC_MESSAGES
-- Installing: /home/omen/GITHUB/Athos/AthOS/REPO-AthOS/kompare/package-kompare/usr/share/locale/eo/LC_MESSAGES/kompare.mo
-- Installing: /home/omen/GITHUB/Athos/AthOS/REPO-AthOS/kompare/package-kompare/usr/share/locale/bg
-- Installing: /home/omen/GITHUB/Athos/AthOS/REPO-AthOS/kompare/package-kompare/usr/share/locale/bg/LC_MESSAGES
-- Installing: /home/omen/GITHUB/Athos/AthOS/REPO-AthOS/kompare/package-kompare/usr/share/locale/bg/LC_MESSAGES/kompare.mo
-- Installing: /home/omen/GITHUB/Athos/AthOS/REPO-AthOS/kompare/package-kompare/usr/share/locale/ga
-- Installing: /home/omen/GITHUB/Athos/AthOS/REPO-AthOS/kompare/package-kompare/usr/share/locale/ga/LC_MESSAGES
-- Installing: /home/omen/GITHUB/Athos/AthOS/REPO-AthOS/kompare/package-kompare/usr/share/locale/ga/LC_MESSAGES/kompare.mo
-- Installing: /home/omen/GITHUB/Athos/AthOS/REPO-AthOS/kompare/package-kompare/usr/share/locale/br
-- Installing: /home/omen/GITHUB/Athos/AthOS/REPO-AthOS/kompare/package-kompare/usr/share/locale/br/LC_MESSAGES
-- Installing: /home/omen/GITHUB/Athos/AthOS/REPO-AthOS/kompare/package-kompare/usr/share/locale/br/LC_MESSAGES/kompare.mo
-- Installing: /home/omen/GITHUB/Athos/AthOS/REPO-AthOS/kompare/package-kompare/usr/share/locale/ca
-- Installing: /home/omen/GITHUB/Athos/AthOS/REPO-AthOS/kompare/package-kompare/usr/share/locale/ca/LC_MESSAGES
-- Installing: /home/omen/GITHUB/Athos/AthOS/REPO-AthOS/kompare/package-kompare/usr/share/locale/ca/LC_MESSAGES/kompare.mo
-- Installing: /home/omen/GITHUB/Athos/AthOS/REPO-AthOS/kompare/package-kompare/usr/share/locale/uk
-- Installing: /home/omen/GITHUB/Athos/AthOS/REPO-AthOS/kompare/package-kompare/usr/share/locale/uk/LC_MESSAGES
-- Installing: /home/omen/GITHUB/Athos/AthOS/REPO-AthOS/kompare/package-kompare/usr/share/locale/uk/LC_MESSAGES/kompare.mo
-- Installing: /home/omen/GITHUB/Athos/AthOS/REPO-AthOS/kompare/package-kompare/usr/share/locale/en_GB
-- Installing: /home/omen/GITHUB/Athos/AthOS/REPO-AthOS/kompare/package-kompare/usr/share/locale/en_GB/LC_MESSAGES
-- Installing: /home/omen/GITHUB/Athos/AthOS/REPO-AthOS/kompare/package-kompare/usr/share/locale/en_GB/LC_MESSAGES/kompare.mo
-- Installing: /home/omen/GITHUB/Athos/AthOS/REPO-AthOS/kompare/package-kompare/usr/share/locale/zh_CN
-- Installing: /home/omen/GITHUB/Athos/AthOS/REPO-AthOS/kompare/package-kompare/usr/share/locale/zh_CN/LC_MESSAGES
-- Installing: /home/omen/GITHUB/Athos/AthOS/REPO-AthOS/kompare/package-kompare/usr/share/locale/zh_CN/LC_MESSAGES/kompare.mo
-- Installing: /home/omen/GITHUB/Athos/AthOS/REPO-AthOS/kompare/package-kompare/usr/share/locale/nl
-- Installing: /home/omen/GITHUB/Athos/AthOS/REPO-AthOS/kompare/package-kompare/usr/share/locale/nl/LC_MESSAGES
-- Installing: /home/omen/GITHUB/Athos/AthOS/REPO-AthOS/kompare/package-kompare/usr/share/locale/nl/LC_MESSAGES/kompare.mo
-- Installing: /home/omen/GITHUB/Athos/AthOS/REPO-AthOS/kompare/package-kompare/usr/share/locale/oc
-- Installing: /home/omen/GITHUB/Athos/AthOS/REPO-AthOS/kompare/package-kompare/usr/share/locale/oc/LC_MESSAGES
-- Installing: /home/omen/GITHUB/Athos/AthOS/REPO-AthOS/kompare/package-kompare/usr/share/locale/oc/LC_MESSAGES/kompare.mo
-- Installing: /home/omen/GITHUB/Athos/AthOS/REPO-AthOS/kompare/package-kompare/usr/share/locale/sa
-- Installing: /home/omen/GITHUB/Athos/AthOS/REPO-AthOS/kompare/package-kompare/usr/share/locale/sa/LC_MESSAGES
-- Installing: /home/omen/GITHUB/Athos/AthOS/REPO-AthOS/kompare/package-kompare/usr/share/locale/sa/LC_MESSAGES/kompare.mo
-- Installing: /home/omen/GITHUB/Athos/AthOS/REPO-AthOS/kompare/package-kompare/usr/share/locale/fi
-- Installing: /home/omen/GITHUB/Athos/AthOS/REPO-AthOS/kompare/package-kompare/usr/share/locale/fi/LC_MESSAGES
-- Installing: /home/omen/GITHUB/Athos/AthOS/REPO-AthOS/kompare/package-kompare/usr/share/locale/fi/LC_MESSAGES/kompare.mo
-- Installing: /home/omen/GITHUB/Athos/AthOS/REPO-AthOS/kompare/package-kompare/usr/share/locale/ko
-- Installing: /home/omen/GITHUB/Athos/AthOS/REPO-AthOS/kompare/package-kompare/usr/share/locale/ko/LC_MESSAGES
-- Installing: /home/omen/GITHUB/Athos/AthOS/REPO-AthOS/kompare/package-kompare/usr/share/locale/ko/LC_MESSAGES/kompare.mo
-- Installing: /home/omen/GITHUB/Athos/AthOS/REPO-AthOS/kompare/package-kompare/usr/share/locale/mk
-- Installing: /home/omen/GITHUB/Athos/AthOS/REPO-AthOS/kompare/package-kompare/usr/share/locale/mk/LC_MESSAGES
-- Installing: /home/omen/GITHUB/Athos/AthOS/REPO-AthOS/kompare/package-kompare/usr/share/locale/mk/LC_MESSAGES/kompare.mo
-- Installing: /home/omen/GITHUB/Athos/AthOS/REPO-AthOS/kompare/package-kompare/usr/share/locale/ru
-- Installing: /home/omen/GITHUB/Athos/AthOS/REPO-AthOS/kompare/package-kompare/usr/share/locale/ru/LC_MESSAGES
-- Installing: /home/omen/GITHUB/Athos/AthOS/REPO-AthOS/kompare/package-kompare/usr/share/locale/ru/LC_MESSAGES/kompare.mo
-- Installing: /home/omen/GITHUB/Athos/AthOS/REPO-AthOS/kompare/package-kompare/usr/share/locale/af
-- Installing: /home/omen/GITHUB/Athos/AthOS/REPO-AthOS/kompare/package-kompare/usr/share/locale/af/LC_MESSAGES
-- Installing: /home/omen/GITHUB/Athos/AthOS/REPO-AthOS/kompare/package-kompare/usr/share/locale/af/LC_MESSAGES/kompare.mo
-- Installing: /home/omen/GITHUB/Athos/AthOS/REPO-AthOS/kompare/package-kompare/usr/share/locale/lv
-- Installing: /home/omen/GITHUB/Athos/AthOS/REPO-AthOS/kompare/package-kompare/usr/share/locale/lv/LC_MESSAGES
-- Installing: /home/omen/GITHUB/Athos/AthOS/REPO-AthOS/kompare/package-kompare/usr/share/locale/lv/LC_MESSAGES/kompare.mo
-- Installing: /home/omen/GITHUB/Athos/AthOS/REPO-AthOS/kompare/package-kompare/usr/share/locale/hne
-- Installing: /home/omen/GITHUB/Athos/AthOS/REPO-AthOS/kompare/package-kompare/usr/share/locale/hne/LC_MESSAGES
-- Installing: /home/omen/GITHUB/Athos/AthOS/REPO-AthOS/kompare/package-kompare/usr/share/locale/hne/LC_MESSAGES/kompare.mo
-- Installing: /home/omen/GITHUB/Athos/AthOS/REPO-AthOS/kompare/package-kompare/usr/share/locale/ca@valencia
-- Installing: /home/omen/GITHUB/Athos/AthOS/REPO-AthOS/kompare/package-kompare/usr/share/locale/ca@valencia/LC_MESSAGES
-- Installing: /home/omen/GITHUB/Athos/AthOS/REPO-AthOS/kompare/package-kompare/usr/share/locale/ca@valencia/LC_MESSAGES/kompare.mo
-- Installing: /home/omen/GITHUB/Athos/AthOS/REPO-AthOS/kompare/package-kompare/usr/share/locale/nb
-- Installing: /home/omen/GITHUB/Athos/AthOS/REPO-AthOS/kompare/package-kompare/usr/share/locale/nb/LC_MESSAGES
-- Installing: /home/omen/GITHUB/Athos/AthOS/REPO-AthOS/kompare/package-kompare/usr/share/locale/nb/LC_MESSAGES/kompare.mo
-- Installing: /home/omen/GITHUB/Athos/AthOS/REPO-AthOS/kompare/package-kompare/usr/share/locale/es
-- Installing: /home/omen/GITHUB/Athos/AthOS/REPO-AthOS/kompare/package-kompare/usr/share/locale/es/LC_MESSAGES
-- Installing: /home/omen/GITHUB/Athos/AthOS/REPO-AthOS/kompare/package-kompare/usr/share/locale/es/LC_MESSAGES/kompare.mo
-- Installing: /home/omen/GITHUB/Athos/AthOS/REPO-AthOS/kompare/package-kompare/usr/share/locale/eu
-- Installing: /home/omen/GITHUB/Athos/AthOS/REPO-AthOS/kompare/package-kompare/usr/share/locale/eu/LC_MESSAGES
-- Installing: /home/omen/GITHUB/Athos/AthOS/REPO-AthOS/kompare/package-kompare/usr/share/locale/eu/LC_MESSAGES/kompare.mo
-- Installing: /home/omen/GITHUB/Athos/AthOS/REPO-AthOS/kompare/package-kompare/usr/share/locale/et
-- Installing: /home/omen/GITHUB/Athos/AthOS/REPO-AthOS/kompare/package-kompare/usr/share/locale/et/LC_MESSAGES
-- Installing: /home/omen/GITHUB/Athos/AthOS/REPO-AthOS/kompare/package-kompare/usr/share/locale/et/LC_MESSAGES/kompare.mo
-- Installing: /home/omen/GITHUB/Athos/AthOS/REPO-AthOS/kompare/package-kompare/usr/share/locale/it
-- Installing: /home/omen/GITHUB/Athos/AthOS/REPO-AthOS/kompare/package-kompare/usr/share/locale/it/LC_MESSAGES
-- Installing: /home/omen/GITHUB/Athos/AthOS/REPO-AthOS/kompare/package-kompare/usr/share/locale/it/LC_MESSAGES/kompare.mo
-- Installing: /home/omen/GITHUB/Athos/AthOS/REPO-AthOS/kompare/package-kompare/usr/share/locale/se
-- Installing: /home/omen/GITHUB/Athos/AthOS/REPO-AthOS/kompare/package-kompare/usr/share/locale/se/LC_MESSAGES
-- Installing: /home/omen/GITHUB/Athos/AthOS/REPO-AthOS/kompare/package-kompare/usr/share/locale/se/LC_MESSAGES/kompare.mo
-- Installing: /home/omen/GITHUB/Athos/AthOS/REPO-AthOS/kompare/package-kompare/usr/share/locale/ar
-- Installing: /home/omen/GITHUB/Athos/AthOS/REPO-AthOS/kompare/package-kompare/usr/share/locale/ar/LC_MESSAGES
-- Installing: /home/omen/GITHUB/Athos/AthOS/REPO-AthOS/kompare/package-kompare/usr/share/locale/ar/LC_MESSAGES/kompare.mo
-- Installing: /home/omen/GITHUB/Athos/AthOS/REPO-AthOS/kompare/package-kompare/usr/share/locale/sq
-- Installing: /home/omen/GITHUB/Athos/AthOS/REPO-AthOS/kompare/package-kompare/usr/share/locale/sq/LC_MESSAGES
-- Installing: /home/omen/GITHUB/Athos/AthOS/REPO-AthOS/kompare/package-kompare/usr/share/locale/sq/LC_MESSAGES/kompare.mo
-- Installing: /home/omen/GITHUB/Athos/AthOS/REPO-AthOS/kompare/package-kompare/usr/share/locale/nds
-- Installing: /home/omen/GITHUB/Athos/AthOS/REPO-AthOS/kompare/package-kompare/usr/share/locale/nds/LC_MESSAGES
-- Installing: /home/omen/GITHUB/Athos/AthOS/REPO-AthOS/kompare/package-kompare/usr/share/locale/nds/LC_MESSAGES/kompare.mo
-- Installing: /home/omen/GITHUB/Athos/AthOS/REPO-AthOS/kompare/package-kompare/usr/share/locale/mr
-- Installing: /home/omen/GITHUB/Athos/AthOS/REPO-AthOS/kompare/package-kompare/usr/share/locale/mr/LC_MESSAGES
-- Installing: /home/omen/GITHUB/Athos/AthOS/REPO-AthOS/kompare/package-kompare/usr/share/locale/mr/LC_MESSAGES/kompare.mo
-- Installing: /home/omen/GITHUB/Athos/AthOS/REPO-AthOS/kompare/package-kompare/usr/share/locale/ug
-- Installing: /home/omen/GITHUB/Athos/AthOS/REPO-AthOS/kompare/package-kompare/usr/share/locale/ug/LC_MESSAGES
-- Installing: /home/omen/GITHUB/Athos/AthOS/REPO-AthOS/kompare/package-kompare/usr/share/locale/ug/LC_MESSAGES/kompare.mo
-- Installing: /home/omen/GITHUB/Athos/AthOS/REPO-AthOS/kompare/package-kompare/usr/share/locale/sk
-- Installing: /home/omen/GITHUB/Athos/AthOS/REPO-AthOS/kompare/package-kompare/usr/share/locale/sk/LC_MESSAGES
-- Installing: /home/omen/GITHUB/Athos/AthOS/REPO-AthOS/kompare/package-kompare/usr/share/locale/sk/LC_MESSAGES/kompare.mo
-- Installing: /home/omen/GITHUB/Athos/AthOS/REPO-AthOS/kompare/package-kompare/usr/share/locale/sv
-- Installing: /home/omen/GITHUB/Athos/AthOS/REPO-AthOS/kompare/package-kompare/usr/share/locale/sv/LC_MESSAGES
-- Installing: /home/omen/GITHUB/Athos/AthOS/REPO-AthOS/kompare/package-kompare/usr/share/locale/sv/LC_MESSAGES/kompare.mo
-- Installing: /home/omen/GITHUB/Athos/AthOS/REPO-AthOS/kompare/package-kompare/usr/share/doc/HTML/ca/kompare/index.cache.bz2
-- Installing: /home/omen/GITHUB/Athos/AthOS/REPO-AthOS/kompare/package-kompare/usr/share/doc/HTML/ca/kompare/index.docbook
-- Installing: /home/omen/GITHUB/Athos/AthOS/REPO-AthOS/kompare/package-kompare/usr/share/doc/HTML/de/kompare/index.cache.bz2
-- Installing: /home/omen/GITHUB/Athos/AthOS/REPO-AthOS/kompare/package-kompare/usr/share/doc/HTML/de/kompare/index.docbook
-- Installing: /home/omen/GITHUB/Athos/AthOS/REPO-AthOS/kompare/package-kompare/usr/share/doc/HTML/es/kompare/index.cache.bz2
-- Installing: /home/omen/GITHUB/Athos/AthOS/REPO-AthOS/kompare/package-kompare/usr/share/doc/HTML/es/kompare/index.docbook
-- Installing: /home/omen/GITHUB/Athos/AthOS/REPO-AthOS/kompare/package-kompare/usr/share/doc/HTML/et/kompare/index.cache.bz2
-- Installing: /home/omen/GITHUB/Athos/AthOS/REPO-AthOS/kompare/package-kompare/usr/share/doc/HTML/et/kompare/index.docbook
-- Installing: /home/omen/GITHUB/Athos/AthOS/REPO-AthOS/kompare/package-kompare/usr/share/doc/HTML/it/kompare/index.cache.bz2
-- Installing: /home/omen/GITHUB/Athos/AthOS/REPO-AthOS/kompare/package-kompare/usr/share/doc/HTML/it/kompare/index.docbook
-- Installing: /home/omen/GITHUB/Athos/AthOS/REPO-AthOS/kompare/package-kompare/usr/share/doc/HTML/it/kompare/settings-diff1.png
-- Installing: /home/omen/GITHUB/Athos/AthOS/REPO-AthOS/kompare/package-kompare/usr/share/doc/HTML/it/kompare/settings-diff2.png
-- Installing: /home/omen/GITHUB/Athos/AthOS/REPO-AthOS/kompare/package-kompare/usr/share/doc/HTML/it/kompare/settings-diff3.png
-- Installing: /home/omen/GITHUB/Athos/AthOS/REPO-AthOS/kompare/package-kompare/usr/share/doc/HTML/it/kompare/settings-diff4.png
-- Installing: /home/omen/GITHUB/Athos/AthOS/REPO-AthOS/kompare/package-kompare/usr/share/doc/HTML/it/kompare/settings-view1.png
-- Installing: /home/omen/GITHUB/Athos/AthOS/REPO-AthOS/kompare/package-kompare/usr/share/doc/HTML/it/kompare/settings-view2.png
-- Installing: /home/omen/GITHUB/Athos/AthOS/REPO-AthOS/kompare/package-kompare/usr/share/doc/HTML/nl/kompare/index.cache.bz2
-- Installing: /home/omen/GITHUB/Athos/AthOS/REPO-AthOS/kompare/package-kompare/usr/share/doc/HTML/nl/kompare/index.docbook
-- Installing: /home/omen/GITHUB/Athos/AthOS/REPO-AthOS/kompare/package-kompare/usr/share/doc/HTML/pt/kompare/index.cache.bz2
-- Installing: /home/omen/GITHUB/Athos/AthOS/REPO-AthOS/kompare/package-kompare/usr/share/doc/HTML/pt/kompare/index.docbook
-- Installing: /home/omen/GITHUB/Athos/AthOS/REPO-AthOS/kompare/package-kompare/usr/share/doc/HTML/pt_BR/kompare/index.cache.bz2
-- Installing: /home/omen/GITHUB/Athos/AthOS/REPO-AthOS/kompare/package-kompare/usr/share/doc/HTML/pt_BR/kompare/index.docbook
-- Installing: /home/omen/GITHUB/Athos/AthOS/REPO-AthOS/kompare/package-kompare/usr/share/doc/HTML/ru/kompare/index.cache.bz2
-- Installing: /home/omen/GITHUB/Athos/AthOS/REPO-AthOS/kompare/package-kompare/usr/share/doc/HTML/ru/kompare/index.docbook
-- Installing: /home/omen/GITHUB/Athos/AthOS/REPO-AthOS/kompare/package-kompare/usr/share/doc/HTML/sl/kompare/index.cache.bz2
-- Installing: /home/omen/GITHUB/Athos/AthOS/REPO-AthOS/kompare/package-kompare/usr/share/doc/HTML/sl/kompare/index.docbook
-- Installing: /home/omen/GITHUB/Athos/AthOS/REPO-AthOS/kompare/package-kompare/usr/share/doc/HTML/sv/kompare/index.cache.bz2
-- Installing: /home/omen/GITHUB/Athos/AthOS/REPO-AthOS/kompare/package-kompare/usr/share/doc/HTML/sv/kompare/index.docbook
-- Installing: /home/omen/GITHUB/Athos/AthOS/REPO-AthOS/kompare/package-kompare/usr/share/doc/HTML/sv/kompare/settings-diff1.png
-- Installing: /home/omen/GITHUB/Athos/AthOS/REPO-AthOS/kompare/package-kompare/usr/share/doc/HTML/sv/kompare/settings-diff2.png
-- Installing: /home/omen/GITHUB/Athos/AthOS/REPO-AthOS/kompare/package-kompare/usr/share/doc/HTML/sv/kompare/settings-diff3.png
-- Installing: /home/omen/GITHUB/Athos/AthOS/REPO-AthOS/kompare/package-kompare/usr/share/doc/HTML/sv/kompare/settings-diff4.png
-- Installing: /home/omen/GITHUB/Athos/AthOS/REPO-AthOS/kompare/package-kompare/usr/share/doc/HTML/sv/kompare/settings-view1.png
-- Installing: /home/omen/GITHUB/Athos/AthOS/REPO-AthOS/kompare/package-kompare/usr/share/doc/HTML/sv/kompare/settings-view2.png
-- Installing: /home/omen/GITHUB/Athos/AthOS/REPO-AthOS/kompare/package-kompare/usr/share/doc/HTML/uk/kompare/index.cache.bz2
-- Installing: /home/omen/GITHUB/Athos/AthOS/REPO-AthOS/kompare/package-kompare/usr/share/doc/HTML/uk/kompare/index.docbook
-- Installing: /home/omen/GITHUB/Athos/AthOS/REPO-AthOS/kompare/package-kompare/usr/share/doc/HTML/uk/kompare/settings-diff1.png
-- Installing: /home/omen/GITHUB/Athos/AthOS/REPO-AthOS/kompare/package-kompare/usr/share/doc/HTML/uk/kompare/settings-diff2.png
-- Installing: /home/omen/GITHUB/Athos/AthOS/REPO-AthOS/kompare/package-kompare/usr/share/doc/HTML/uk/kompare/settings-diff3.png
-- Installing: /home/omen/GITHUB/Athos/AthOS/REPO-AthOS/kompare/package-kompare/usr/share/doc/HTML/uk/kompare/settings-diff4.png
-- Installing: /home/omen/GITHUB/Athos/AthOS/REPO-AthOS/kompare/package-kompare/usr/share/doc/HTML/uk/kompare/settings-view1.png
-- Installing: /home/omen/GITHUB/Athos/AthOS/REPO-AthOS/kompare/package-kompare/usr/share/doc/HTML/uk/kompare/settings-view2.png
[32mThe main part of source code is ready. We are moving on to preparing post install scripts, docs, license, man pages etc..[0m
cp: cannot stat 'COPYING': No such file or directory
cp: cannot stat 'CREDITS': No such file or directory
cp: cannot stat 'LICENSE': No such file or directory
cp: cannot stat 'MAINTAINERS': No such file or directory
cp: cannot stat 'NEWS': No such file or directory
cp: cannot stat 'docs': No such file or directory
cp: cannot stat 'DOCS': No such file or directory
grep: /home/omen/GITHUB/Athos/AthOS/REPO-AthOS/kompare/kompare.info: No such file or directory
extra-cmake-modules
kcodecs
kconfig
kcoreaddons
kdoctools
kiconthemes
kjobwidgets
kparts
ktexteditor
kwidgetsaddons
libkomparediff2
[32mPackaging compiled for slackware installation...[0m
[32mMAKEPKG_FLAGS is empty or unset, using default[0m

Slackware package maker, version 3.14159265.

Searching for symbolic links:
usr/lib64/libkompareinterface.so	libkompareinterface.so.6

Making symbolic link creation script:
( cd usr/lib64 ; rm -rf libkompareinterface.so )
( cd usr/lib64 ; ln -sf libkompareinterface.so.6 libkompareinterface.so )

Unless your existing installation script already contains the code
to create these links, you should append these lines to your existing
install script. Now's your chance. :^)

Would you like to add this stuff to the existing install script and
remove the symbolic links ([y]es, [n]o)? y


Removing symbolic links:
removed './usr/lib64/libkompareinterface.so'

Updating your ./install/doinst.sh...

This next step is optional - you can set the directories in your package
to some sane permissions. If any of the directories in your package have
special permissions, then DO NOT reset them here!

Would you like to reset all directory permissions to 755 (drwxr-xr-x) and
directory ownerships to root:root ([y]es, [n]o)? n


Creating Slackware package:  /tmp/kompare/kompare-25.04.1-x86_64-1_rtz.tlz

./
install/
install/doinst.sh
install/slack-desc
usr/
usr/bin/
usr/bin/kompare
usr/doc/
usr/doc/kompare-25.04.1/
usr/doc/kompare-25.04.1/AUTHORS
usr/doc/kompare-25.04.1/ChangeLog
usr/doc/kompare-25.04.1/README
usr/doc/kompare-25.04.1/kompare.ini
usr/doc/kompare-25.04.1/slack-required
usr/include/
usr/include/kompare/
usr/include/kompare/kompareinterface.h
usr/lib64/
usr/lib64/libkomparedialogpages.so.6
usr/lib64/libkompareinterface.so.6
usr/lib64/qt6/
usr/lib64/qt6/plugins/
usr/lib64/qt6/plugins/kf6/
usr/lib64/qt6/plugins/kf6/parts/
usr/lib64/qt6/plugins/kf6/parts/komparenavtreepart.so
usr/lib64/qt6/plugins/kf6/parts/komparepart.so
usr/share/
usr/share/applications/
usr/share/applications/org.kde.kompare.desktop
usr/share/doc/
usr/share/doc/HTML/
usr/share/doc/HTML/ca/
usr/share/doc/HTML/ca/kompare/
usr/share/doc/HTML/ca/kompare/index.cache.bz2
usr/share/doc/HTML/ca/kompare/index.docbook
usr/share/doc/HTML/de/
usr/share/doc/HTML/de/kompare/
usr/share/doc/HTML/de/kompare/index.cache.bz2
usr/share/doc/HTML/de/kompare/index.docbook
usr/share/doc/HTML/en/
usr/share/doc/HTML/en/kompare/
usr/share/doc/HTML/en/kompare/dock.png
usr/share/doc/HTML/en/kompare/index.cache.bz2
usr/share/doc/HTML/en/kompare/index.docbook
usr/share/doc/HTML/en/kompare/settings-diff1.png
usr/share/doc/HTML/en/kompare/settings-diff2.png
usr/share/doc/HTML/en/kompare/settings-diff3.png
usr/share/doc/HTML/en/kompare/settings-diff4.png
usr/share/doc/HTML/en/kompare/settings-view1.png
usr/share/doc/HTML/en/kompare/settings-view2.png
usr/share/doc/HTML/en/kompare/undock.png
usr/share/doc/HTML/es/
usr/share/doc/HTML/es/kompare/
usr/share/doc/HTML/es/kompare/index.cache.bz2
usr/share/doc/HTML/es/kompare/index.docbook
usr/share/doc/HTML/et/
usr/share/doc/HTML/et/kompare/
usr/share/doc/HTML/et/kompare/index.cache.bz2
usr/share/doc/HTML/et/kompare/index.docbook
usr/share/doc/HTML/it/
usr/share/doc/HTML/it/kompare/
usr/share/doc/HTML/it/kompare/index.cache.bz2
usr/share/doc/HTML/it/kompare/index.docbook
usr/share/doc/HTML/it/kompare/settings-diff1.png
usr/share/doc/HTML/it/kompare/settings-diff2.png
usr/share/doc/HTML/it/kompare/settings-diff3.png
usr/share/doc/HTML/it/kompare/settings-diff4.png
usr/share/doc/HTML/it/kompare/settings-view1.png
usr/share/doc/HTML/it/kompare/settings-view2.png
usr/share/doc/HTML/nl/
usr/share/doc/HTML/nl/kompare/
usr/share/doc/HTML/nl/kompare/index.cache.bz2
usr/share/doc/HTML/nl/kompare/index.docbook
usr/share/doc/HTML/pt/
usr/share/doc/HTML/pt/kompare/
usr/share/doc/HTML/pt/kompare/index.cache.bz2
usr/share/doc/HTML/pt/kompare/index.docbook
usr/share/doc/HTML/pt_BR/
usr/share/doc/HTML/pt_BR/kompare/
usr/share/doc/HTML/pt_BR/kompare/index.cache.bz2
usr/share/doc/HTML/pt_BR/kompare/index.docbook
usr/share/doc/HTML/ru/
usr/share/doc/HTML/ru/kompare/
usr/share/doc/HTML/ru/kompare/index.cache.bz2
usr/share/doc/HTML/ru/kompare/index.docbook
usr/share/doc/HTML/sl/
usr/share/doc/HTML/sl/kompare/
usr/share/doc/HTML/sl/kompare/index.cache.bz2
usr/share/doc/HTML/sl/kompare/index.docbook
usr/share/doc/HTML/sv/
usr/share/doc/HTML/sv/kompare/
usr/share/doc/HTML/sv/kompare/index.cache.bz2
usr/share/doc/HTML/sv/kompare/index.docbook
usr/share/doc/HTML/sv/kompare/settings-diff1.png
usr/share/doc/HTML/sv/kompare/settings-diff2.png
usr/share/doc/HTML/sv/kompare/settings-diff3.png
usr/share/doc/HTML/sv/kompare/settings-diff4.png
usr/share/doc/HTML/sv/kompare/settings-view1.png
usr/share/doc/HTML/sv/kompare/settings-view2.png
usr/share/doc/HTML/uk/
usr/share/doc/HTML/uk/kompare/
usr/share/doc/HTML/uk/kompare/index.cache.bz2
usr/share/doc/HTML/uk/kompare/index.docbook
usr/share/doc/HTML/uk/kompare/settings-diff1.png
usr/share/doc/HTML/uk/kompare/settings-diff2.png
usr/share/doc/HTML/uk/kompare/settings-diff3.png
usr/share/doc/HTML/uk/kompare/settings-diff4.png
usr/share/doc/HTML/uk/kompare/settings-view1.png
usr/share/doc/HTML/uk/kompare/settings-view2.png
usr/share/icons/
usr/share/icons/hicolor/
usr/share/icons/hicolor/128x128/
usr/share/icons/hicolor/128x128/apps/
usr/share/icons/hicolor/128x128/apps/kompare.png
usr/share/icons/hicolor/16x16/
usr/share/icons/hicolor/16x16/apps/
usr/share/icons/hicolor/16x16/apps/kompare.png
usr/share/icons/hicolor/22x22/
usr/share/icons/hicolor/22x22/apps/
usr/share/icons/hicolor/22x22/apps/kompare.png
usr/share/icons/hicolor/32x32/
usr/share/icons/hicolor/32x32/apps/
usr/share/icons/hicolor/32x32/apps/kompare.png
usr/share/icons/hicolor/48x48/
usr/share/icons/hicolor/48x48/apps/
usr/share/icons/hicolor/48x48/apps/kompare.png
usr/share/icons/hicolor/scalable/
usr/share/icons/hicolor/scalable/apps/
usr/share/icons/hicolor/scalable/apps/kompare.svgz
usr/share/kio/
usr/share/kio/servicemenus/
usr/share/kio/servicemenus/kompare.desktop
usr/share/locale/
usr/share/locale/af/
usr/share/locale/af/LC_MESSAGES/
usr/share/locale/af/LC_MESSAGES/kompare.mo
usr/share/locale/ar/
usr/share/locale/ar/LC_MESSAGES/
usr/share/locale/ar/LC_MESSAGES/kompare.mo
usr/share/locale/be/
usr/share/locale/be/LC_MESSAGES/
usr/share/locale/be/LC_MESSAGES/kompare.mo
usr/share/locale/bg/
usr/share/locale/bg/LC_MESSAGES/
usr/share/locale/bg/LC_MESSAGES/kompare.mo
usr/share/locale/br/
usr/share/locale/br/LC_MESSAGES/
usr/share/locale/br/LC_MESSAGES/kompare.mo
usr/share/locale/bs/
usr/share/locale/bs/LC_MESSAGES/
usr/share/locale/bs/LC_MESSAGES/kompare.mo
usr/share/locale/ca/
usr/share/locale/ca/LC_MESSAGES/
usr/share/locale/ca/LC_MESSAGES/kompare.mo
usr/share/locale/ca@valencia/
usr/share/locale/ca@valencia/LC_MESSAGES/
usr/share/locale/ca@valencia/LC_MESSAGES/kompare.mo
usr/share/locale/cs/
usr/share/locale/cs/LC_MESSAGES/
usr/share/locale/cs/LC_MESSAGES/kompare.mo
usr/share/locale/cy/
usr/share/locale/cy/LC_MESSAGES/
usr/share/locale/cy/LC_MESSAGES/kompare.mo
usr/share/locale/da/
usr/share/locale/da/LC_MESSAGES/
usr/share/locale/da/LC_MESSAGES/kompare.mo
usr/share/locale/de/
usr/share/locale/de/LC_MESSAGES/
usr/share/locale/de/LC_MESSAGES/kompare.mo
usr/share/locale/el/
usr/share/locale/el/LC_MESSAGES/
usr/share/locale/el/LC_MESSAGES/kompare.mo
usr/share/locale/en_GB/
usr/share/locale/en_GB/LC_MESSAGES/
usr/share/locale/en_GB/LC_MESSAGES/kompare.mo
usr/share/locale/eo/
usr/share/locale/eo/LC_MESSAGES/
usr/share/locale/eo/LC_MESSAGES/kompare.mo
usr/share/locale/es/
usr/share/locale/es/LC_MESSAGES/
usr/share/locale/es/LC_MESSAGES/kompare.mo
usr/share/locale/et/
usr/share/locale/et/LC_MESSAGES/
usr/share/locale/et/LC_MESSAGES/kompare.mo
usr/share/locale/eu/
usr/share/locale/eu/LC_MESSAGES/
usr/share/locale/eu/LC_MESSAGES/kompare.mo
usr/share/locale/fa/
usr/share/locale/fa/LC_MESSAGES/
usr/share/locale/fa/LC_MESSAGES/kompare.mo
usr/share/locale/fi/
usr/share/locale/fi/LC_MESSAGES/
usr/share/locale/fi/LC_MESSAGES/kompare.mo
usr/share/locale/fr/
usr/share/locale/fr/LC_MESSAGES/
usr/share/locale/fr/LC_MESSAGES/kompare.mo
usr/share/locale/ga/
usr/share/locale/ga/LC_MESSAGES/
usr/share/locale/ga/LC_MESSAGES/kompare.mo
usr/share/locale/gl/
usr/share/locale/gl/LC_MESSAGES/
usr/share/locale/gl/LC_MESSAGES/kompare.mo
usr/share/locale/he/
usr/share/locale/he/LC_MESSAGES/
usr/share/locale/he/LC_MESSAGES/kompare.mo
usr/share/locale/hi/
usr/share/locale/hi/LC_MESSAGES/
usr/share/locale/hi/LC_MESSAGES/kompare.mo
usr/share/locale/hne/
usr/share/locale/hne/LC_MESSAGES/
usr/share/locale/hne/LC_MESSAGES/kompare.mo
usr/share/locale/hr/
usr/share/locale/hr/LC_MESSAGES/
usr/share/locale/hr/LC_MESSAGES/kompare.mo
usr/share/locale/hu/
usr/share/locale/hu/LC_MESSAGES/
usr/share/locale/hu/LC_MESSAGES/kompare.mo
usr/share/locale/ia/
usr/share/locale/ia/LC_MESSAGES/
usr/share/locale/ia/LC_MESSAGES/kompare.mo
usr/share/locale/is/
usr/share/locale/is/LC_MESSAGES/
usr/share/locale/is/LC_MESSAGES/kompare.mo
usr/share/locale/it/
usr/share/locale/it/LC_MESSAGES/
usr/share/locale/it/LC_MESSAGES/kompare.mo
usr/share/locale/ja/
usr/share/locale/ja/LC_MESSAGES/
usr/share/locale/ja/LC_MESSAGES/kompare.mo
usr/share/locale/ka/
usr/share/locale/ka/LC_MESSAGES/
usr/share/locale/ka/LC_MESSAGES/kompare.mo
usr/share/locale/kk/
usr/share/locale/kk/LC_MESSAGES/
usr/share/locale/kk/LC_MESSAGES/kompare.mo
usr/share/locale/km/
usr/share/locale/km/LC_MESSAGES/
usr/share/locale/km/LC_MESSAGES/kompare.mo
usr/share/locale/ko/
usr/share/locale/ko/LC_MESSAGES/
usr/share/locale/ko/LC_MESSAGES/kompare.mo
usr/share/locale/lt/
usr/share/locale/lt/LC_MESSAGES/
usr/share/locale/lt/LC_MESSAGES/kompare.mo
usr/share/locale/lv/
usr/share/locale/lv/LC_MESSAGES/
usr/share/locale/lv/LC_MESSAGES/kompare.mo
usr/share/locale/mai/
usr/share/locale/mai/LC_MESSAGES/
usr/share/locale/mai/LC_MESSAGES/kompare.mo
usr/share/locale/mk/
usr/share/locale/mk/LC_MESSAGES/
usr/share/locale/mk/LC_MESSAGES/kompare.mo
usr/share/locale/mr/
usr/share/locale/mr/LC_MESSAGES/
usr/share/locale/mr/LC_MESSAGES/kompare.mo
usr/share/locale/ms/
usr/share/locale/ms/LC_MESSAGES/
usr/share/locale/ms/LC_MESSAGES/kompare.mo
usr/share/locale/nb/
usr/share/locale/nb/LC_MESSAGES/
usr/share/locale/nb/LC_MESSAGES/kompare.mo
usr/share/locale/nds/
usr/share/locale/nds/LC_MESSAGES/
usr/share/locale/nds/LC_MESSAGES/kompare.mo
usr/share/locale/ne/
usr/share/locale/ne/LC_MESSAGES/
usr/share/locale/ne/LC_MESSAGES/kompare.mo
usr/share/locale/nl/
usr/share/locale/nl/LC_MESSAGES/
usr/share/locale/nl/LC_MESSAGES/kompare.mo
usr/share/locale/nn/
usr/share/locale/nn/LC_MESSAGES/
usr/share/locale/nn/LC_MESSAGES/kompare.mo
usr/share/locale/oc/
usr/share/locale/oc/LC_MESSAGES/
usr/share/locale/oc/LC_MESSAGES/kompare.mo
usr/share/locale/pa/
usr/share/locale/pa/LC_MESSAGES/
usr/share/locale/pa/LC_MESSAGES/kompare.mo
usr/share/locale/pl/
usr/share/locale/pl/LC_MESSAGES/
usr/share/locale/pl/LC_MESSAGES/kompare.mo
usr/share/locale/pt/
usr/share/locale/pt/LC_MESSAGES/
usr/share/locale/pt/LC_MESSAGES/kompare.mo
usr/share/locale/pt_BR/
usr/share/locale/pt_BR/LC_MESSAGES/
usr/share/locale/pt_BR/LC_MESSAGES/kompare.mo
usr/share/locale/ro/
usr/share/locale/ro/LC_MESSAGES/
usr/share/locale/ro/LC_MESSAGES/kompare.mo
usr/share/locale/ru/
usr/share/locale/ru/LC_MESSAGES/
usr/share/locale/ru/LC_MESSAGES/kompare.mo
usr/share/locale/sa/
usr/share/locale/sa/LC_MESSAGES/
usr/share/locale/sa/LC_MESSAGES/kompare.mo
usr/share/locale/se/
usr/share/locale/se/LC_MESSAGES/
usr/share/locale/se/LC_MESSAGES/kompare.mo
usr/share/locale/sk/
usr/share/locale/sk/LC_MESSAGES/
usr/share/locale/sk/LC_MESSAGES/kompare.mo
usr/share/locale/sl/
usr/share/locale/sl/LC_MESSAGES/
usr/share/locale/sl/LC_MESSAGES/kompare.mo
usr/share/locale/sq/
usr/share/locale/sq/LC_MESSAGES/
usr/share/locale/sq/LC_MESSAGES/kompare.mo
usr/share/locale/sr/
usr/share/locale/sr/LC_MESSAGES/
usr/share/locale/sr/LC_MESSAGES/kompare.mo
usr/share/locale/sr@ijekavian/
usr/share/locale/sr@ijekavian/LC_MESSAGES/
usr/share/locale/sr@ijekavian/LC_MESSAGES/kompare.mo
usr/share/locale/sr@ijekavianlatin/
usr/share/locale/sr@ijekavianlatin/LC_MESSAGES/
usr/share/locale/sr@ijekavianlatin/LC_MESSAGES/kompare.mo
usr/share/locale/sr@latin/
usr/share/locale/sr@latin/LC_MESSAGES/
usr/share/locale/sr@latin/LC_MESSAGES/kompare.mo
usr/share/locale/sv/
usr/share/locale/sv/LC_MESSAGES/
usr/share/locale/sv/LC_MESSAGES/kompare.mo
usr/share/locale/ta/
usr/share/locale/ta/LC_MESSAGES/
usr/share/locale/ta/LC_MESSAGES/kompare.mo
usr/share/locale/tg/
usr/share/locale/tg/LC_MESSAGES/
usr/share/locale/tg/LC_MESSAGES/kompare.mo
usr/share/locale/tr/
usr/share/locale/tr/LC_MESSAGES/
usr/share/locale/tr/LC_MESSAGES/kompare.mo
usr/share/locale/ug/
usr/share/locale/ug/LC_MESSAGES/
usr/share/locale/ug/LC_MESSAGES/kompare.mo
usr/share/locale/uk/
usr/share/locale/uk/LC_MESSAGES/
usr/share/locale/uk/LC_MESSAGES/kompare.mo
usr/share/locale/xh/
usr/share/locale/xh/LC_MESSAGES/
usr/share/locale/xh/LC_MESSAGES/kompare.mo
usr/share/locale/zh_CN/
usr/share/locale/zh_CN/LC_MESSAGES/
usr/share/locale/zh_CN/LC_MESSAGES/kompare.mo
usr/share/locale/zh_TW/
usr/share/locale/zh_TW/LC_MESSAGES/
usr/share/locale/zh_TW/LC_MESSAGES/kompare.mo
usr/share/metainfo/
usr/share/metainfo/org.kde.kompare.appdata.xml
usr/share/qlogging-categories6/
usr/share/qlogging-categories6/kompare.categories

Slackware package /tmp/kompare/kompare-25.04.1-x86_64-1_rtz.tlz created.

Create shared object file for kompare-25.04.1-x86_64-1_rtz.tlz
Creating /tmp/kompare/kompare-25.04.1-x86_64-1_rtz.tlz.so.file using /tmp/kompare/kompare-25.04.1-x86_64-1_rtz.tlz
Successfully created /tmp/kompare/kompare-25.04.1-x86_64-1_rtz.tlz.so.file
Packaging of executable and meta-data in kompare.tar.lz4 format.
/tmp/kompare /tmp/kompare
/tmp/kompare
BIN_NAME
README
kompare-25.04.1-x86_64-1_rtz.tlz
kompare-25.04.1-x86_64-1_rtz.tlz.md5
kompare-25.04.1-x86_64-1_rtz.tlz.so.file
kompare-25.04.1-x86_64-1_rtz.tlz.txt
kompare.dep
makepkg-kompare.log
[32mkompare build finished. Procced to installation...[0m

+====================================================================================================+
| Upgrading kompare-25.04.1-x86_64-1_rtz package using /tmp/kompare/kompare-25.04.1-x86_64-1_rtz.tlz |
+====================================================================================================+

Pre-installing package kompare-25.04.1-x86_64-1_rtz...
Removing package: kompare-25.04.1-x86_64-1_rtz-upgraded-2025-05-28,20:36:45
Installing package kompare-25.04.1-x86_64-1_rtz.tlz:
PACKAGE DESCRIPTION:
# kompare (Graphical File Differences Tool)
#
# Graphical File Differences Tool
#
# https://kde.org/applications/development
Executing install script for kompare-25.04.1-x86_64-1_rtz.tlz.
Font directories:
	/usr/share/fonts
/usr/share/fonts: caching, new cache contents: 0 fonts, 11 dirs
/usr/share/fonts/100dpi: caching, new cache contents: 238 fonts, 0 dirs
/usr/share/fonts/75dpi: caching, new cache contents: 238 fonts, 0 dirs
/usr/share/fonts/OTF: caching, new cache contents: 124 fonts, 0 dirs
/usr/share/fonts/Speedo: caching, new cache contents: 0 fonts, 0 dirs
/usr/share/fonts/TTF: caching, new cache contents: 1132 fonts, 0 dirs
/usr/share/fonts/Type1: caching, new cache contents: 64 fonts, 0 dirs
/usr/share/fonts/cyrillic: caching, new cache contents: 0 fonts, 0 dirs
/usr/share/fonts/encodings: caching, new cache contents: 0 fonts, 1 dirs
/usr/share/fonts/encodings/large: caching, new cache contents: 0 fonts, 0 dirs
/usr/share/fonts/kanjistrokeorders: caching, new cache contents: 1 fonts, 0 dirs
/usr/share/fonts/misc: caching, new cache contents: 143 fonts, 0 dirs
/usr/share/fonts/util: caching, new cache contents: 0 fonts, 0 dirs
/var/cache/fontconfig: cleaning cache directory
/root/.cache/fontconfig: not cleaning non-existent cache directory
/root/.fontconfig: not cleaning non-existent cache directory
/usr/bin/fc-cache: succeeded
Package kompare-25.04.1-x86_64-1_rtz.tlz installed.
Package kompare-25.04.1-x86_64-1_rtz upgraded with new package /tmp/kompare/kompare-25.04.1-x86_64-1_rtz.tlz.
[32mCleaning environmet: Removing source code, and work-space...[0m
rm: cannot remove 'kompare-25.04.1.tar.xz': No such file or directory
