[32mStarting build process...[0m
Detected architecture: x86_64
Required dependencies: extra-cmake-modules	kconfig	kconfigwidgets	kcoreaddons	kcrash	kdbusaddons	kdoctools	ki18n	ktextwidgets	kwidgetsaddons	kxmlgui	libkdegames
extra-cmake-modules is already installed!
kconfig is already installed!
kconfigwidgets is already installed!
kcoreaddons is already installed!
kcrash is already installed!
kdbusaddons is already installed!
kdoctools is already installed!
ki18n is already installed!
ktextwidgets is already installed!
kwidgetsaddons is already installed!
kxmlgui is already installed!
libkdegames is already installed!
No optional dependencies found.
Downloading source code tar.xz file
--2025-05-28 20:33:17--  https://download.kde.org/stable/release-service/25.04.1/src/knetwalk-25.04.1.tar.xz
Resolving download.kde.org (download.kde.org)... 49.12.122.15, 2a01:4f8:242:53eb::4
Connecting to download.kde.org (download.kde.org)|49.12.122.15|:443... connected.
HTTP request sent, awaiting response... 302 Found
Location: https://ftp.cc.uoc.gr/mirrors/kde/stable/release-service/25.04.1/src/knetwalk-25.04.1.tar.xz [following]
--2025-05-28 20:33:17--  https://ftp.cc.uoc.gr/mirrors/kde/stable/release-service/25.04.1/src/knetwalk-25.04.1.tar.xz
Resolving ftp.cc.uoc.gr (ftp.cc.uoc.gr)... 147.52.159.50, 2001:648:2c00:6c08::2
Connecting to ftp.cc.uoc.gr (ftp.cc.uoc.gr)|147.52.159.50|:443... connected.
HTTP request sent, awaiting response... 200 OK
Length: 1012040 (988K) [application/octet-stream]
Saving to: ‘knetwalk-25.04.1.tar.xz’

     0K .......... .......... .......... .......... ..........  5% 1.38M 1s
    50K .......... .......... .......... .......... .......... 10% 1.48M 1s
   100K .......... .......... .......... .......... .......... 15% 6.99M 0s
   150K .......... .......... .......... .......... .......... 20% 5.33M 0s
   200K .......... .......... .......... .......... .......... 25% 2.25M 0s
   250K .......... .......... .......... .......... .......... 30% 6.46M 0s
   300K .......... .......... .......... .......... .......... 35% 4.92M 0s
   350K .......... .......... .......... .......... .......... 40%  553K 0s
   400K .......... .......... .......... .......... .......... 45%  326M 0s
   450K .......... .......... .......... .......... .......... 50%  328M 0s
   500K .......... .......... .......... .......... .......... 55%  330M 0s
   550K .......... .......... .......... .......... .......... 60%  310M 0s
   600K .......... .......... .......... .......... .......... 65%  338M 0s
   650K .......... .......... .......... .......... .......... 70%  342M 0s
   700K .......... .......... .......... .......... .......... 75%  341M 0s
   750K .......... .......... .......... .......... .......... 80% 44.6M 0s
   800K .......... .......... .......... .......... .......... 86%  329M 0s
   850K .......... .......... .......... .......... .......... 91% 10.7M 0s
   900K .......... .......... .......... .......... .......... 96% 5.19M 0s
   950K .......... .......... .......... ........             100% 7.93M=0.2s

2025-05-28 20:33:18 (4.11 MB/s) - ‘knetwalk-25.04.1.tar.xz’ saved [1012040/1012040]

Found file: knetwalk-25.04.1.tar.xz
No checksum provided. Skipping checksum verification and proceeding...
Creating working directories and exporting source code in...
knetwalk-25.04.1/
knetwalk-25.04.1/cmake/
knetwalk-25.04.1/cmake/InternalMacros.cmake
knetwalk-25.04.1/AUTHORS
knetwalk-25.04.1/CMakePresets.json.license
knetwalk-25.04.1/CMakePresets.json
knetwalk-25.04.1/.craft.ini
knetwalk-25.04.1/LICENSES/
knetwalk-25.04.1/LICENSES/GFDL-1.2-or-later.txt
knetwalk-25.04.1/LICENSES/GPL-2.0-or-later.txt
knetwalk-25.04.1/.gitlab-ci.yml
knetwalk-25.04.1/doc/
knetwalk-25.04.1/doc/index.docbook
knetwalk-25.04.1/doc/gameboard.png
knetwalk-25.04.1/doc/CMakeLists.txt
knetwalk-25.04.1/logo.png
knetwalk-25.04.1/snapcraft.yaml
knetwalk-25.04.1/TODO
knetwalk-25.04.1/.kde-ci.yml
knetwalk-25.04.1/.gitattributes
knetwalk-25.04.1/.flatpak-manifest.json.license
knetwalk-25.04.1/themes/
knetwalk-25.04.1/themes/default.desktop
knetwalk-25.04.1/themes/electronic_preview.png
knetwalk-25.04.1/themes/electronic.desktop
knetwalk-25.04.1/themes/electronic.svg
knetwalk-25.04.1/themes/default.svg
knetwalk-25.04.1/themes/default_preview.png
knetwalk-25.04.1/themes/CMakeLists.txt
knetwalk-25.04.1/po/
knetwalk-25.04.1/po/fa/
knetwalk-25.04.1/po/fa/knetwalk.po
knetwalk-25.04.1/po/bg/
knetwalk-25.04.1/po/bg/knetwalk.po
knetwalk-25.04.1/po/pt/
knetwalk-25.04.1/po/pt/docs/
knetwalk-25.04.1/po/pt/docs/knetwalk/
knetwalk-25.04.1/po/pt/docs/knetwalk/index.docbook
knetwalk-25.04.1/po/pt/knetwalk.po
knetwalk-25.04.1/po/km/
knetwalk-25.04.1/po/km/knetwalk.po
knetwalk-25.04.1/po/nn/
knetwalk-25.04.1/po/nn/knetwalk.po
knetwalk-25.04.1/po/pl/
knetwalk-25.04.1/po/pl/docs/
knetwalk-25.04.1/po/pl/docs/knetwalk/
knetwalk-25.04.1/po/pl/docs/knetwalk/index.docbook
knetwalk-25.04.1/po/pl/knetwalk.po
knetwalk-25.04.1/po/csb/
knetwalk-25.04.1/po/csb/knetwalk.po
knetwalk-25.04.1/po/ja/
knetwalk-25.04.1/po/ja/docs/
knetwalk-25.04.1/po/ja/docs/knetwalk/
knetwalk-25.04.1/po/ja/docs/knetwalk/index.docbook
knetwalk-25.04.1/po/ja/knetwalk.po
knetwalk-25.04.1/po/pa/
knetwalk-25.04.1/po/pa/knetwalk.po
knetwalk-25.04.1/po/bs/
knetwalk-25.04.1/po/bs/knetwalk.po
knetwalk-25.04.1/po/zh_CN/
knetwalk-25.04.1/po/zh_CN/knetwalk.po
knetwalk-25.04.1/po/cs/
knetwalk-25.04.1/po/cs/docs/
knetwalk-25.04.1/po/cs/docs/knetwalk/
knetwalk-25.04.1/po/cs/docs/knetwalk/index.docbook
knetwalk-25.04.1/po/cs/knetwalk.po
knetwalk-25.04.1/po/es/
knetwalk-25.04.1/po/es/docs/
knetwalk-25.04.1/po/es/docs/knetwalk/
knetwalk-25.04.1/po/es/docs/knetwalk/index.docbook
knetwalk-25.04.1/po/es/knetwalk.po
knetwalk-25.04.1/po/ka/
knetwalk-25.04.1/po/ka/knetwalk.po
knetwalk-25.04.1/po/is/
knetwalk-25.04.1/po/is/knetwalk.po
knetwalk-25.04.1/po/tr/
knetwalk-25.04.1/po/tr/knetwalk.po
knetwalk-25.04.1/po/ug/
knetwalk-25.04.1/po/ug/knetwalk.po
knetwalk-25.04.1/po/ca/
knetwalk-25.04.1/po/ca/docs/
knetwalk-25.04.1/po/ca/docs/knetwalk/
knetwalk-25.04.1/po/ca/docs/knetwalk/index.docbook
knetwalk-25.04.1/po/ca/knetwalk.po
knetwalk-25.04.1/po/se/
knetwalk-25.04.1/po/se/knetwalk.po
knetwalk-25.04.1/po/ca@valencia/
knetwalk-25.04.1/po/ca@valencia/knetwalk.po
knetwalk-25.04.1/po/hr/
knetwalk-25.04.1/po/hr/knetwalk.po
knetwalk-25.04.1/po/gl/
knetwalk-25.04.1/po/gl/knetwalk.po
knetwalk-25.04.1/po/ro/
knetwalk-25.04.1/po/ro/knetwalk.po
knetwalk-25.04.1/po/oc/
knetwalk-25.04.1/po/oc/knetwalk.po
knetwalk-25.04.1/po/br/
knetwalk-25.04.1/po/br/knetwalk.po
knetwalk-25.04.1/po/eo/
knetwalk-25.04.1/po/eo/knetwalk.po
knetwalk-25.04.1/po/sr@ijekavian/
knetwalk-25.04.1/po/sr@ijekavian/knetwalk.po
knetwalk-25.04.1/po/nl/
knetwalk-25.04.1/po/nl/docs/
knetwalk-25.04.1/po/nl/docs/knetwalk/
knetwalk-25.04.1/po/nl/docs/knetwalk/index.docbook
knetwalk-25.04.1/po/nl/knetwalk.po
knetwalk-25.04.1/po/mr/
knetwalk-25.04.1/po/mr/knetwalk.po
knetwalk-25.04.1/po/ml/
knetwalk-25.04.1/po/ml/knetwalk.po
knetwalk-25.04.1/po/hu/
knetwalk-25.04.1/po/hu/knetwalk.po
knetwalk-25.04.1/po/eu/
knetwalk-25.04.1/po/eu/knetwalk.po
knetwalk-25.04.1/po/lv/
knetwalk-25.04.1/po/lv/knetwalk.po
knetwalk-25.04.1/po/mk/
knetwalk-25.04.1/po/mk/knetwalk.po
knetwalk-25.04.1/po/nb/
knetwalk-25.04.1/po/nb/knetwalk.po
knetwalk-25.04.1/po/fr/
knetwalk-25.04.1/po/fr/docs/
knetwalk-25.04.1/po/fr/docs/knetwalk/
knetwalk-25.04.1/po/fr/docs/knetwalk/index.docbook
knetwalk-25.04.1/po/fr/knetwalk.po
knetwalk-25.04.1/po/hi/
knetwalk-25.04.1/po/hi/knetwalk.po
knetwalk-25.04.1/po/sl/
knetwalk-25.04.1/po/sl/docs/
knetwalk-25.04.1/po/sl/docs/knetwalk/
knetwalk-25.04.1/po/sl/docs/knetwalk/index.docbook
knetwalk-25.04.1/po/sl/knetwalk.po
knetwalk-25.04.1/po/sr@latin/
knetwalk-25.04.1/po/sr@latin/knetwalk.po
knetwalk-25.04.1/po/th/
knetwalk-25.04.1/po/th/knetwalk.po
knetwalk-25.04.1/po/sr/
knetwalk-25.04.1/po/sr/knetwalk.po
knetwalk-25.04.1/po/he/
knetwalk-25.04.1/po/he/knetwalk.po
knetwalk-25.04.1/po/de/
knetwalk-25.04.1/po/de/docs/
knetwalk-25.04.1/po/de/docs/knetwalk/
knetwalk-25.04.1/po/de/docs/knetwalk/index.docbook
knetwalk-25.04.1/po/de/knetwalk.po
knetwalk-25.04.1/po/ar/
knetwalk-25.04.1/po/ar/knetwalk.po
knetwalk-25.04.1/po/sk/
knetwalk-25.04.1/po/sk/knetwalk.po
knetwalk-25.04.1/po/zh_TW/
knetwalk-25.04.1/po/zh_TW/knetwalk.po
knetwalk-25.04.1/po/et/
knetwalk-25.04.1/po/et/docs/
knetwalk-25.04.1/po/et/docs/knetwalk/
knetwalk-25.04.1/po/et/docs/knetwalk/index.docbook
knetwalk-25.04.1/po/et/knetwalk.po
knetwalk-25.04.1/po/it/
knetwalk-25.04.1/po/it/docs/
knetwalk-25.04.1/po/it/docs/knetwalk/
knetwalk-25.04.1/po/it/docs/knetwalk/index.docbook
knetwalk-25.04.1/po/it/knetwalk.po
knetwalk-25.04.1/po/mai/
knetwalk-25.04.1/po/mai/knetwalk.po
knetwalk-25.04.1/po/el/
knetwalk-25.04.1/po/el/knetwalk.po
knetwalk-25.04.1/po/da/
knetwalk-25.04.1/po/da/knetwalk.po
knetwalk-25.04.1/po/pt_BR/
knetwalk-25.04.1/po/pt_BR/docs/
knetwalk-25.04.1/po/pt_BR/docs/knetwalk/
knetwalk-25.04.1/po/pt_BR/docs/knetwalk/index.docbook
knetwalk-25.04.1/po/pt_BR/knetwalk.po
knetwalk-25.04.1/po/ru/
knetwalk-25.04.1/po/ru/docs/
knetwalk-25.04.1/po/ru/docs/knetwalk/
knetwalk-25.04.1/po/ru/docs/knetwalk/index.docbook
knetwalk-25.04.1/po/ru/knetwalk.po
knetwalk-25.04.1/po/sq/
knetwalk-25.04.1/po/sq/knetwalk.po
knetwalk-25.04.1/po/id/
knetwalk-25.04.1/po/id/docs/
knetwalk-25.04.1/po/id/docs/knetwalk/
knetwalk-25.04.1/po/id/docs/knetwalk/index.docbook
knetwalk-25.04.1/po/id/docs/knetwalk/gameboard.png
knetwalk-25.04.1/po/id/knetwalk.po
knetwalk-25.04.1/po/ia/
knetwalk-25.04.1/po/ia/knetwalk.po
knetwalk-25.04.1/po/cy/
knetwalk-25.04.1/po/cy/knetwalk.po
knetwalk-25.04.1/po/sv/
knetwalk-25.04.1/po/sv/docs/
knetwalk-25.04.1/po/sv/docs/knetwalk/
knetwalk-25.04.1/po/sv/docs/knetwalk/index.docbook
knetwalk-25.04.1/po/sv/knetwalk.po
knetwalk-25.04.1/po/ne/
knetwalk-25.04.1/po/ne/knetwalk.po
knetwalk-25.04.1/po/fi/
knetwalk-25.04.1/po/fi/knetwalk.po
knetwalk-25.04.1/po/kk/
knetwalk-25.04.1/po/kk/knetwalk.po
knetwalk-25.04.1/po/ast/
knetwalk-25.04.1/po/ast/knetwalk.po
knetwalk-25.04.1/po/lt/
knetwalk-25.04.1/po/lt/knetwalk.po
knetwalk-25.04.1/po/be/
knetwalk-25.04.1/po/be/knetwalk.po
knetwalk-25.04.1/po/sa/
knetwalk-25.04.1/po/sa/knetwalk.po
knetwalk-25.04.1/po/te/
knetwalk-25.04.1/po/te/knetwalk.po
knetwalk-25.04.1/po/ko/
knetwalk-25.04.1/po/ko/knetwalk.po
knetwalk-25.04.1/po/hne/
knetwalk-25.04.1/po/hne/knetwalk.po
knetwalk-25.04.1/po/ga/
knetwalk-25.04.1/po/ga/knetwalk.po
knetwalk-25.04.1/po/en_GB/
knetwalk-25.04.1/po/en_GB/knetwalk.po
knetwalk-25.04.1/po/uk/
knetwalk-25.04.1/po/uk/docs/
knetwalk-25.04.1/po/uk/docs/knetwalk/
knetwalk-25.04.1/po/uk/docs/knetwalk/index.docbook
knetwalk-25.04.1/po/uk/docs/knetwalk/gameboard.png
knetwalk-25.04.1/po/uk/knetwalk.po
knetwalk-25.04.1/po/sr@ijekavianlatin/
knetwalk-25.04.1/po/sr@ijekavianlatin/knetwalk.po
knetwalk-25.04.1/po/nds/
knetwalk-25.04.1/po/nds/knetwalk.po
knetwalk-25.04.1/.flatpak-manifest.json
knetwalk-25.04.1/autotests/
knetwalk-25.04.1/autotests/abstractgridtest.cpp
knetwalk-25.04.1/autotests/CMakeLists.txt
knetwalk-25.04.1/CMakeLists.txt
knetwalk-25.04.1/src/
knetwalk-25.04.1/src/org.kde.knetwalk.desktop
knetwalk-25.04.1/src/abstractgrid.cpp
knetwalk-25.04.1/src/config-knetwalk.h.cmake
knetwalk-25.04.1/src/gameview.cpp
knetwalk-25.04.1/src/general.ui
knetwalk-25.04.1/src/org.kde.knetwalk.appdata.xml
knetwalk-25.04.1/src/pics/
knetwalk-25.04.1/src/pics/22-apps-knetwalk.png
knetwalk-25.04.1/src/pics/sc-apps-knetwalk.svgz
knetwalk-25.04.1/src/pics/16-apps-knetwalk.png
knetwalk-25.04.1/src/pics/64-apps-knetwalk.png
knetwalk-25.04.1/src/pics/48-apps-knetwalk.png
knetwalk-25.04.1/src/pics/32-apps-knetwalk.png
knetwalk-25.04.1/src/pics/128-apps-knetwalk.png
knetwalk-25.04.1/src/pics/CMakeLists.txt
knetwalk-25.04.1/src/Messages.sh
knetwalk-25.04.1/src/knetwalkui.rc
knetwalk-25.04.1/src/abstractgrid.h
knetwalk-25.04.1/src/mainwindow.h
knetwalk-25.04.1/src/knetwalk.qrc
knetwalk-25.04.1/src/customgame.ui
knetwalk-25.04.1/src/qml/
knetwalk-25.04.1/src/qml/Cell.qml
knetwalk-25.04.1/src/qml/Cable.qml
knetwalk-25.04.1/src/qml/logic.js
knetwalk-25.04.1/src/qml/CanvasItem.qml
knetwalk-25.04.1/src/qml/main.qml
knetwalk-25.04.1/src/settings.kcfgc
knetwalk-25.04.1/src/mainwindow.cpp
knetwalk-25.04.1/src/main.cpp
knetwalk-25.04.1/src/gameview.h
knetwalk-25.04.1/src/knetwalk.kcfg
knetwalk-25.04.1/src/CMakeLists.txt
knetwalk-25.04.1/src/sounds/
knetwalk-25.04.1/src/sounds/connect.wav
knetwalk-25.04.1/src/sounds/start.wav
knetwalk-25.04.1/src/sounds/win.wav
knetwalk-25.04.1/src/sounds/turn.wav
knetwalk-25.04.1/src/sounds/click.wav
knetwalk-25.04.1/src/sounds/CMakeLists.txt
knetwalk-25.04.1/src/globals.h
knetwalk-25.04.1/.gitignore
/home/omen/GITHUB/Athos/AthOS/REPO-AthOS/knetwalk/work
README or README.md already exists, skipping creation.
hm...lets continue and see what happens
-- The C compiler identification is GNU 14.3.0
-- The CXX compiler identification is GNU 14.3.0
-- Detecting C compiler ABI info
-- Detecting C compiler ABI info - done
-- Check for working C compiler: /usr/bin/cc - skipped
-- Detecting C compile features
-- Detecting C compile features - done
-- Detecting CXX compiler ABI info
-- Detecting CXX compiler ABI info - done
-- Check for working CXX compiler: /usr/bin/c++ - skipped
-- Detecting CXX compile features
-- Detecting CXX compile features - done
-- Installing in the same prefix as Qt, adopting their path scheme.
-- Looking for __GLIBC__
-- Looking for __GLIBC__ - found
-- Performing Test _OFFT_IS_64BIT
-- Performing Test _OFFT_IS_64BIT - Success
-- Performing Test HAVE_DATE_TIME
-- Performing Test HAVE_DATE_TIME - Success
-- Could NOT find 7Zip (missing: 7Zip_EXECUTABLE) 
-- Found gzip: /usr/bin/gzip
-- Performing Test HAVE_STDATOMIC
-- Performing Test HAVE_STDATOMIC - Success
-- Found WrapAtomic: TRUE
-- Found OpenGL: /usr/lib64/libOpenGL.so
-- Found WrapOpenGL: TRUE
-- Found XKB: /usr/lib64/libxkbcommon.so (found suitable version "1.10.0", minimum required is "0.5.0")
-- Found WrapVulkanHeaders: /usr/include
-- Found KF6Config: /usr/lib64/cmake/KF6Config/KF6ConfigConfig.cmake (found version "6.14.0")
-- Found KF6ConfigWidgets: /usr/lib64/cmake/KF6ConfigWidgets/KF6ConfigWidgetsConfig.cmake (found version "6.14.0")
-- Found KF6CoreAddons: /usr/lib64/cmake/KF6CoreAddons/KF6CoreAddonsConfig.cmake (found version "6.14.0")
-- Found KF6Crash: /usr/lib64/cmake/KF6Crash/KF6CrashConfig.cmake (found version "6.14.0")
-- Found KF6DocTools: /usr/lib64/cmake/KF6DocTools/KF6DocToolsConfig.cmake (found version "6.14.0")
-- Found Gettext: /usr/bin/msgmerge (found version "0.25")
-- Found KF6I18n: /usr/lib64/cmake/KF6I18n/KF6I18nConfig.cmake (found version "6.14.0")
-- Found KF6TextWidgets: /usr/lib64/cmake/KF6TextWidgets/KF6TextWidgetsConfig.cmake (found version "6.14.0")
-- Found KF6WidgetsAddons: /usr/lib64/cmake/KF6WidgetsAddons/KF6WidgetsAddonsConfig.cmake (found version "6.14.0")
-- Found KF6XmlGui: /usr/lib64/cmake/KF6XmlGui/KF6XmlGuiConfig.cmake (found version "6.14.0")
-- Found KF6IconThemes: /usr/lib64/cmake/KF6IconThemes/KF6IconThemesConfig.cmake (found version "6.14.0")
-- Found KF6: success (found suitable version "6.14.0", minimum required is "6.0.0") found components: Config ConfigWidgets CoreAddons Crash DocTools I18n TextWidgets WidgetsAddons XmlGui IconThemes
-- Found KF6DBusAddons: /usr/lib64/cmake/KF6DBusAddons/KF6DBusAddonsConfig.cmake (found version "6.14.0")
-- Found KF6: success (found suitable version "6.14.0", minimum required is "6.0.0") found components: DBusAddons
-- The following OPTIONAL packages have been found:

 * OpenGL
 * Qt6QuickTools (required version >= 6.8.3)
 * Qt6Quick (required version >= 6.5.0)
 * Qt6QuickWidgets (required version >= 6.5.0)
 * Qt6Test (required version >= 6.5.0)
 * XKB (required version >= 0.5.0), XKB API common to servers and clients., <http://xkbcommon.org>
 * WrapVulkanHeaders
 * Qt6DBusTools (required version >= 6.8.3)
 * Qt6QmlTools (required version >= 6.8.3)
 * Qt6CoreTools (required version >= 6.8.3)
 * Qt6GuiTools (required version >= 6.8.3)
 * Qt6WidgetsTools (required version >= 6.8.3)

-- The following REQUIRED packages have been found:

 * ECM (required version >= 6.0.0)
 * gzip, Data compression program for the gzip format, <https://www.gnu.org/software/gzip>
   For installing SVG files as SVGZ (less efficient fallback for 7Zip)
 * Qt6 (required version >= 6.5.0)
 * KF6CoreAddons (required version >= 6.0.0)
 * KF6Crash (required version >= 6.0.0)
 * KF6DocTools (required version >= 6.0.0)
 * Gettext
 * KF6I18n (required version >= 6.14.0)
 * KF6TextWidgets (required version >= 6.0.0)
 * KF6XmlGui (required version >= 6.0.0)
 * KF6IconThemes (required version >= 6.0.0)
 * KF6DBusAddons (required version >= 6.0.0)
 * KF6 (required version >= 6.0.0)
 * Qt6Qml (required version >= 6.7.0)
 * Qt6Widgets (required version >= 6.7.0)
 * KDEGames6 (required version >= 6.0.0)

-- The following OPTIONAL packages have not been found:

 * 7Zip, Data (de)compression program, <https://www.7-zip.org/>
   For installing SVG files as SVGZ

-- Configuring done (1.0s)
-- Generating done (0.0s)
-- Build files have been written to: /home/omen/GITHUB/Athos/AthOS/REPO-AthOS/knetwalk/work/knetwalk-25.04.1/build
[1/40] Generating ts...
[2/40] Gzipping electronic.svg
[3/40] Gzipping default.svg
[4/40] Generating mo...
[5/40] Generating po/cs/docs/knetwalk/index.cache.bz2
[6/40] Generating po/pt/docs/knetwalk/index.cache.bz2
[7/40] Generating po/fr/docs/knetwalk/index.cache.bz2
[8/40] Generating po/id/docs/knetwalk/index.cache.bz2
[9/40] Generating po/et/docs/knetwalk/index.cache.bz2
[10/40] Generating po/ru/docs/knetwalk/index.cache.bz2
[11/40] Generating po/ca/docs/knetwalk/index.cache.bz2
[12/40] Generating po/sl/docs/knetwalk/index.cache.bz2
[13/40] Generating po/es/docs/knetwalk/index.cache.bz2
[14/40] Generating po/de/docs/knetwalk/index.cache.bz2
[15/40] Generating po/uk/docs/knetwalk/index.cache.bz2
[16/40] Generating po/ja/docs/knetwalk/index.cache.bz2
I/O warning : failed to load "/usr/share/kf6/kdoctools/customization/xsl/ja.xml": No such file or directory
No "ja" localization of "footer-doc-comment" exists; using "en".
No "ja" localization of "footer-doc-feedback" exists; using "en".
No "ja" localization of "footer-doc-teamname" exists; using "en".
No "ja" localization of "footer-doc-comment" exists; using "en".
No "ja" localization of "footer-doc-feedback" exists; using "en".
No "ja" localization of "footer-doc-teamname" exists; using "en".
No "ja" localization of "footer-doc-comment" exists; using "en".
No "ja" localization of "footer-doc-feedback" exists; using "en".
No "ja" localization of "footer-doc-teamname" exists; using "en".
No "ja" localization of "footer-doc-comment" exists; using "en".
No "ja" localization of "footer-doc-feedback" exists; using "en".
No "ja" localization of "footer-doc-teamname" exists; using "en".
No "ja" localization of "footer-doc-comment" exists; using "en".
No "ja" localization of "footer-doc-feedback" exists; using "en".
No "ja" localization of "footer-doc-teamname" exists; using "en".
No "ja" localization of "footer-doc-comment" exists; using "en".
No "ja" localization of "footer-doc-feedback" exists; using "en".
No "ja" localization of "footer-doc-teamname" exists; using "en".
No "ja" localization of "footer-doc-comment" exists; using "en".
No "ja" localization of "footer-doc-feedback" exists; using "en".
No "ja" localization of "footer-doc-teamname" exists; using "en".
No "ja" localization of "footer-doc-comment" exists; using "en".
No "ja" localization of "footer-doc-feedback" exists; using "en".
No "ja" localization of "footer-doc-teamname" exists; using "en".
No "ja" localization of "footer-doc-comment" exists; using "en".
No "ja" localization of "footer-doc-feedback" exists; using "en".
No "ja" localization of "footer-doc-teamname" exists; using "en".
No "ja" localization of "footer-doc-comment" exists; using "en".
No "ja" localization of "footer-doc-feedback" exists; using "en".
No "ja" localization of "footer-doc-teamname" exists; using "en".
No "ja" localization of "footer-doc-comment" exists; using "en".
No "ja" localization of "footer-doc-feedback" exists; using "en".
No "ja" localization of "footer-doc-teamname" exists; using "en".
No "ja" localization of "footer-doc-comment" exists; using "en".
No "ja" localization of "footer-doc-feedback" exists; using "en".
No "ja" localization of "footer-doc-teamname" exists; using "en".
[17/40] Generating po/it/docs/knetwalk/index.cache.bz2
[18/40] Generating po/pl/docs/knetwalk/index.cache.bz2
[19/40] Generating po/sv/docs/knetwalk/index.cache.bz2
[20/40] Generating index.cache.bz2
[21/40] Generating po/nl/docs/knetwalk/index.cache.bz2
[22/40] Generating po/pt_BR/docs/knetwalk/index.cache.bz2
I/O warning : failed to load "/usr/share/kf6/kdoctools/customization/xsl/pt-BR.xml": No such file or directory
No "pt_br" localization of "footer-doc-comment" exists; using "en".
No "pt_br" localization of "footer-doc-feedback" exists; using "en".
No "pt_br" localization of "footer-doc-teamname" exists; using "en".
No "pt_br" localization of "footer-doc-comment" exists; using "en".
No "pt_br" localization of "footer-doc-feedback" exists; using "en".
No "pt_br" localization of "footer-doc-teamname" exists; using "en".
No "pt_br" localization of "footer-doc-comment" exists; using "en".
No "pt_br" localization of "footer-doc-feedback" exists; using "en".
No "pt_br" localization of "footer-doc-teamname" exists; using "en".
No "pt_br" localization of "footer-doc-comment" exists; using "en".
No "pt_br" localization of "footer-doc-feedback" exists; using "en".
No "pt_br" localization of "footer-doc-teamname" exists; using "en".
No "pt_br" localization of "footer-doc-comment" exists; using "en".
No "pt_br" localization of "footer-doc-feedback" exists; using "en".
No "pt_br" localization of "footer-doc-teamname" exists; using "en".
No "pt_br" localization of "footer-doc-comment" exists; using "en".
No "pt_br" localization of "footer-doc-feedback" exists; using "en".
No "pt_br" localization of "footer-doc-teamname" exists; using "en".
No "pt_br" localization of "footer-doc-comment" exists; using "en".
No "pt_br" localization of "footer-doc-feedback" exists; using "en".
No "pt_br" localization of "footer-doc-teamname" exists; using "en".
No "pt_br" localization of "footer-doc-comment" exists; using "en".
No "pt_br" localization of "footer-doc-feedback" exists; using "en".
No "pt_br" localization of "footer-doc-teamname" exists; using "en".
No "pt_br" localization of "footer-doc-comment" exists; using "en".
No "pt_br" localization of "footer-doc-feedback" exists; using "en".
No "pt_br" localization of "footer-doc-teamname" exists; using "en".
[23/40] Automatic MOC for target knetwalk
[24/40] Generating settings.h, settings.cpp
[25/40] Automatic RCC for knetwalk.qrc
[26/40] Generating ui_customgame.h
[27/40] Generating ui_general.h
[28/40] Automatic MOC for target abstractgridtest
[29/40] Building CXX object src/CMakeFiles/knetwalk.dir/knetwalk_autogen/mocs_compilation.cpp.o
[30/40] Building CXX object autotests/CMakeFiles/abstractgridtest.dir/abstractgridtest_autogen/mocs_compilation.cpp.o
[31/40] Building CXX object src/CMakeFiles/knetwalk.dir/knetwalk_autogen/EWIEGA46WW/qrc_knetwalk.cpp.o
[32/40] Building CXX object src/CMakeFiles/knetwalk.dir/main.cpp.o
[33/40] Building CXX object src/CMakeFiles/knetwalk.dir/settings.cpp.o
[34/40] Building CXX object autotests/CMakeFiles/abstractgridtest.dir/abstractgridtest.cpp.o
[35/40] Building CXX object autotests/CMakeFiles/abstractgridtest.dir/__/src/abstractgrid.cpp.o
[36/40] Building CXX object src/CMakeFiles/knetwalk.dir/abstractgrid.cpp.o
[37/40] Linking CXX executable bin/abstractgridtest
[38/40] Building CXX object src/CMakeFiles/knetwalk.dir/mainwindow.cpp.o
[39/40] Building CXX object src/CMakeFiles/knetwalk.dir/gameview.cpp.o
[40/40] Linking CXX executable bin/knetwalk
-- Install configuration: "RelWithDebInfo"
-- Installing: /home/omen/GITHUB/Athos/AthOS/REPO-AthOS/knetwalk/package-knetwalk/usr/share/icons/hicolor/16x16/apps/knetwalk.png
-- Installing: /home/omen/GITHUB/Athos/AthOS/REPO-AthOS/knetwalk/package-knetwalk/usr/share/icons/hicolor/22x22/apps/knetwalk.png
-- Installing: /home/omen/GITHUB/Athos/AthOS/REPO-AthOS/knetwalk/package-knetwalk/usr/share/icons/hicolor/32x32/apps/knetwalk.png
-- Installing: /home/omen/GITHUB/Athos/AthOS/REPO-AthOS/knetwalk/package-knetwalk/usr/share/icons/hicolor/48x48/apps/knetwalk.png
-- Installing: /home/omen/GITHUB/Athos/AthOS/REPO-AthOS/knetwalk/package-knetwalk/usr/share/icons/hicolor/64x64/apps/knetwalk.png
-- Installing: /home/omen/GITHUB/Athos/AthOS/REPO-AthOS/knetwalk/package-knetwalk/usr/share/icons/hicolor/128x128/apps/knetwalk.png
-- Installing: /home/omen/GITHUB/Athos/AthOS/REPO-AthOS/knetwalk/package-knetwalk/usr/share/icons/hicolor/scalable/apps/knetwalk.svgz
-- Installing: /home/omen/GITHUB/Athos/AthOS/REPO-AthOS/knetwalk/package-knetwalk/usr/share/knetwalk/sounds/click.wav
-- Installing: /home/omen/GITHUB/Athos/AthOS/REPO-AthOS/knetwalk/package-knetwalk/usr/share/knetwalk/sounds/connect.wav
-- Installing: /home/omen/GITHUB/Athos/AthOS/REPO-AthOS/knetwalk/package-knetwalk/usr/share/knetwalk/sounds/start.wav
-- Installing: /home/omen/GITHUB/Athos/AthOS/REPO-AthOS/knetwalk/package-knetwalk/usr/share/knetwalk/sounds/turn.wav
-- Installing: /home/omen/GITHUB/Athos/AthOS/REPO-AthOS/knetwalk/package-knetwalk/usr/share/knetwalk/sounds/win.wav
-- Installing: /home/omen/GITHUB/Athos/AthOS/REPO-AthOS/knetwalk/package-knetwalk/usr/bin/knetwalk
-- Installing: /home/omen/GITHUB/Athos/AthOS/REPO-AthOS/knetwalk/package-knetwalk/usr/share/knetwalk/qml
-- Installing: /home/omen/GITHUB/Athos/AthOS/REPO-AthOS/knetwalk/package-knetwalk/usr/share/knetwalk/qml/CanvasItem.qml
-- Installing: /home/omen/GITHUB/Athos/AthOS/REPO-AthOS/knetwalk/package-knetwalk/usr/share/knetwalk/qml/logic.js
-- Installing: /home/omen/GITHUB/Athos/AthOS/REPO-AthOS/knetwalk/package-knetwalk/usr/share/knetwalk/qml/main.qml
-- Installing: /home/omen/GITHUB/Athos/AthOS/REPO-AthOS/knetwalk/package-knetwalk/usr/share/knetwalk/qml/Cable.qml
-- Installing: /home/omen/GITHUB/Athos/AthOS/REPO-AthOS/knetwalk/package-knetwalk/usr/share/knetwalk/qml/Cell.qml
-- Installing: /home/omen/GITHUB/Athos/AthOS/REPO-AthOS/knetwalk/package-knetwalk/usr/share/applications/org.kde.knetwalk.desktop
-- Installing: /home/omen/GITHUB/Athos/AthOS/REPO-AthOS/knetwalk/package-knetwalk/usr/share/metainfo/org.kde.knetwalk.appdata.xml
-- Installing: /home/omen/GITHUB/Athos/AthOS/REPO-AthOS/knetwalk/package-knetwalk/usr/share/knetwalk/themes/default.desktop
-- Installing: /home/omen/GITHUB/Athos/AthOS/REPO-AthOS/knetwalk/package-knetwalk/usr/share/knetwalk/themes/default_preview.png
-- Installing: /home/omen/GITHUB/Athos/AthOS/REPO-AthOS/knetwalk/package-knetwalk/usr/share/knetwalk/themes/default.svgz
-- Installing: /home/omen/GITHUB/Athos/AthOS/REPO-AthOS/knetwalk/package-knetwalk/usr/share/knetwalk/themes/electronic.desktop
-- Installing: /home/omen/GITHUB/Athos/AthOS/REPO-AthOS/knetwalk/package-knetwalk/usr/share/knetwalk/themes/electronic_preview.png
-- Installing: /home/omen/GITHUB/Athos/AthOS/REPO-AthOS/knetwalk/package-knetwalk/usr/share/knetwalk/themes/electronic.svgz
-- Installing: /home/omen/GITHUB/Athos/AthOS/REPO-AthOS/knetwalk/package-knetwalk/usr/share/doc/HTML/en/knetwalk/index.cache.bz2
-- Installing: /home/omen/GITHUB/Athos/AthOS/REPO-AthOS/knetwalk/package-knetwalk/usr/share/doc/HTML/en/knetwalk/index.docbook
-- Installing: /home/omen/GITHUB/Athos/AthOS/REPO-AthOS/knetwalk/package-knetwalk/usr/share/doc/HTML/en/knetwalk/gameboard.png
-- Installing: /home/omen/GITHUB/Athos/AthOS/REPO-AthOS/knetwalk/package-knetwalk/usr/share/locale
-- Installing: /home/omen/GITHUB/Athos/AthOS/REPO-AthOS/knetwalk/package-knetwalk/usr/share/locale/da
-- Installing: /home/omen/GITHUB/Athos/AthOS/REPO-AthOS/knetwalk/package-knetwalk/usr/share/locale/da/LC_MESSAGES
-- Installing: /home/omen/GITHUB/Athos/AthOS/REPO-AthOS/knetwalk/package-knetwalk/usr/share/locale/da/LC_MESSAGES/knetwalk.mo
-- Installing: /home/omen/GITHUB/Athos/AthOS/REPO-AthOS/knetwalk/package-knetwalk/usr/share/locale/cs
-- Installing: /home/omen/GITHUB/Athos/AthOS/REPO-AthOS/knetwalk/package-knetwalk/usr/share/locale/cs/LC_MESSAGES
-- Installing: /home/omen/GITHUB/Athos/AthOS/REPO-AthOS/knetwalk/package-knetwalk/usr/share/locale/cs/LC_MESSAGES/knetwalk.mo
-- Installing: /home/omen/GITHUB/Athos/AthOS/REPO-AthOS/knetwalk/package-knetwalk/usr/share/locale/ja
-- Installing: /home/omen/GITHUB/Athos/AthOS/REPO-AthOS/knetwalk/package-knetwalk/usr/share/locale/ja/LC_MESSAGES
-- Installing: /home/omen/GITHUB/Athos/AthOS/REPO-AthOS/knetwalk/package-knetwalk/usr/share/locale/ja/LC_MESSAGES/knetwalk.mo
-- Installing: /home/omen/GITHUB/Athos/AthOS/REPO-AthOS/knetwalk/package-knetwalk/usr/share/locale/sr@ijekavian
-- Installing: /home/omen/GITHUB/Athos/AthOS/REPO-AthOS/knetwalk/package-knetwalk/usr/share/locale/sr@ijekavian/LC_MESSAGES
-- Installing: /home/omen/GITHUB/Athos/AthOS/REPO-AthOS/knetwalk/package-knetwalk/usr/share/locale/sr@ijekavian/LC_MESSAGES/knetwalk.mo
-- Installing: /home/omen/GITHUB/Athos/AthOS/REPO-AthOS/knetwalk/package-knetwalk/usr/share/locale/de
-- Installing: /home/omen/GITHUB/Athos/AthOS/REPO-AthOS/knetwalk/package-knetwalk/usr/share/locale/de/LC_MESSAGES
-- Installing: /home/omen/GITHUB/Athos/AthOS/REPO-AthOS/knetwalk/package-knetwalk/usr/share/locale/de/LC_MESSAGES/knetwalk.mo
-- Installing: /home/omen/GITHUB/Athos/AthOS/REPO-AthOS/knetwalk/package-knetwalk/usr/share/locale/el
-- Installing: /home/omen/GITHUB/Athos/AthOS/REPO-AthOS/knetwalk/package-knetwalk/usr/share/locale/el/LC_MESSAGES
-- Installing: /home/omen/GITHUB/Athos/AthOS/REPO-AthOS/knetwalk/package-knetwalk/usr/share/locale/el/LC_MESSAGES/knetwalk.mo
-- Installing: /home/omen/GITHUB/Athos/AthOS/REPO-AthOS/knetwalk/package-knetwalk/usr/share/locale/nn
-- Installing: /home/omen/GITHUB/Athos/AthOS/REPO-AthOS/knetwalk/package-knetwalk/usr/share/locale/nn/LC_MESSAGES
-- Installing: /home/omen/GITHUB/Athos/AthOS/REPO-AthOS/knetwalk/package-knetwalk/usr/share/locale/nn/LC_MESSAGES/knetwalk.mo
-- Installing: /home/omen/GITHUB/Athos/AthOS/REPO-AthOS/knetwalk/package-knetwalk/usr/share/locale/sr
-- Installing: /home/omen/GITHUB/Athos/AthOS/REPO-AthOS/knetwalk/package-knetwalk/usr/share/locale/sr/LC_MESSAGES
-- Installing: /home/omen/GITHUB/Athos/AthOS/REPO-AthOS/knetwalk/package-knetwalk/usr/share/locale/sr/LC_MESSAGES/knetwalk.mo
-- Installing: /home/omen/GITHUB/Athos/AthOS/REPO-AthOS/knetwalk/package-knetwalk/usr/share/locale/hi
-- Installing: /home/omen/GITHUB/Athos/AthOS/REPO-AthOS/knetwalk/package-knetwalk/usr/share/locale/hi/LC_MESSAGES
-- Installing: /home/omen/GITHUB/Athos/AthOS/REPO-AthOS/knetwalk/package-knetwalk/usr/share/locale/hi/LC_MESSAGES/knetwalk.mo
-- Installing: /home/omen/GITHUB/Athos/AthOS/REPO-AthOS/knetwalk/package-knetwalk/usr/share/locale/pt_BR
-- Installing: /home/omen/GITHUB/Athos/AthOS/REPO-AthOS/knetwalk/package-knetwalk/usr/share/locale/pt_BR/LC_MESSAGES
-- Installing: /home/omen/GITHUB/Athos/AthOS/REPO-AthOS/knetwalk/package-knetwalk/usr/share/locale/pt_BR/LC_MESSAGES/knetwalk.mo
-- Installing: /home/omen/GITHUB/Athos/AthOS/REPO-AthOS/knetwalk/package-knetwalk/usr/share/locale/lt
-- Installing: /home/omen/GITHUB/Athos/AthOS/REPO-AthOS/knetwalk/package-knetwalk/usr/share/locale/lt/LC_MESSAGES
-- Installing: /home/omen/GITHUB/Athos/AthOS/REPO-AthOS/knetwalk/package-knetwalk/usr/share/locale/lt/LC_MESSAGES/knetwalk.mo
-- Installing: /home/omen/GITHUB/Athos/AthOS/REPO-AthOS/knetwalk/package-knetwalk/usr/share/locale/sr@ijekavianlatin
-- Installing: /home/omen/GITHUB/Athos/AthOS/REPO-AthOS/knetwalk/package-knetwalk/usr/share/locale/sr@ijekavianlatin/LC_MESSAGES
-- Installing: /home/omen/GITHUB/Athos/AthOS/REPO-AthOS/knetwalk/package-knetwalk/usr/share/locale/sr@ijekavianlatin/LC_MESSAGES/knetwalk.mo
-- Installing: /home/omen/GITHUB/Athos/AthOS/REPO-AthOS/knetwalk/package-knetwalk/usr/share/locale/be
-- Installing: /home/omen/GITHUB/Athos/AthOS/REPO-AthOS/knetwalk/package-knetwalk/usr/share/locale/be/LC_MESSAGES
-- Installing: /home/omen/GITHUB/Athos/AthOS/REPO-AthOS/knetwalk/package-knetwalk/usr/share/locale/be/LC_MESSAGES/knetwalk.mo
-- Installing: /home/omen/GITHUB/Athos/AthOS/REPO-AthOS/knetwalk/package-knetwalk/usr/share/locale/pa
-- Installing: /home/omen/GITHUB/Athos/AthOS/REPO-AthOS/knetwalk/package-knetwalk/usr/share/locale/pa/LC_MESSAGES
-- Installing: /home/omen/GITHUB/Athos/AthOS/REPO-AthOS/knetwalk/package-knetwalk/usr/share/locale/pa/LC_MESSAGES/knetwalk.mo
-- Installing: /home/omen/GITHUB/Athos/AthOS/REPO-AthOS/knetwalk/package-knetwalk/usr/share/locale/sl
-- Installing: /home/omen/GITHUB/Athos/AthOS/REPO-AthOS/knetwalk/package-knetwalk/usr/share/locale/sl/LC_MESSAGES
-- Installing: /home/omen/GITHUB/Athos/AthOS/REPO-AthOS/knetwalk/package-knetwalk/usr/share/locale/sl/LC_MESSAGES/knetwalk.mo
-- Installing: /home/omen/GITHUB/Athos/AthOS/REPO-AthOS/knetwalk/package-knetwalk/usr/share/locale/ro
-- Installing: /home/omen/GITHUB/Athos/AthOS/REPO-AthOS/knetwalk/package-knetwalk/usr/share/locale/ro/LC_MESSAGES
-- Installing: /home/omen/GITHUB/Athos/AthOS/REPO-AthOS/knetwalk/package-knetwalk/usr/share/locale/ro/LC_MESSAGES/knetwalk.mo
-- Installing: /home/omen/GITHUB/Athos/AthOS/REPO-AthOS/knetwalk/package-knetwalk/usr/share/locale/bs
-- Installing: /home/omen/GITHUB/Athos/AthOS/REPO-AthOS/knetwalk/package-knetwalk/usr/share/locale/bs/LC_MESSAGES
-- Installing: /home/omen/GITHUB/Athos/AthOS/REPO-AthOS/knetwalk/package-knetwalk/usr/share/locale/bs/LC_MESSAGES/knetwalk.mo
-- Installing: /home/omen/GITHUB/Athos/AthOS/REPO-AthOS/knetwalk/package-knetwalk/usr/share/locale/is
-- Installing: /home/omen/GITHUB/Athos/AthOS/REPO-AthOS/knetwalk/package-knetwalk/usr/share/locale/is/LC_MESSAGES
-- Installing: /home/omen/GITHUB/Athos/AthOS/REPO-AthOS/knetwalk/package-knetwalk/usr/share/locale/is/LC_MESSAGES/knetwalk.mo
-- Installing: /home/omen/GITHUB/Athos/AthOS/REPO-AthOS/knetwalk/package-knetwalk/usr/share/locale/kk
-- Installing: /home/omen/GITHUB/Athos/AthOS/REPO-AthOS/knetwalk/package-knetwalk/usr/share/locale/kk/LC_MESSAGES
-- Installing: /home/omen/GITHUB/Athos/AthOS/REPO-AthOS/knetwalk/package-knetwalk/usr/share/locale/kk/LC_MESSAGES/knetwalk.mo
-- Installing: /home/omen/GITHUB/Athos/AthOS/REPO-AthOS/knetwalk/package-knetwalk/usr/share/locale/sr@latin
-- Installing: /home/omen/GITHUB/Athos/AthOS/REPO-AthOS/knetwalk/package-knetwalk/usr/share/locale/sr@latin/LC_MESSAGES
-- Installing: /home/omen/GITHUB/Athos/AthOS/REPO-AthOS/knetwalk/package-knetwalk/usr/share/locale/sr@latin/LC_MESSAGES/knetwalk.mo
-- Installing: /home/omen/GITHUB/Athos/AthOS/REPO-AthOS/knetwalk/package-knetwalk/usr/share/locale/he
-- Installing: /home/omen/GITHUB/Athos/AthOS/REPO-AthOS/knetwalk/package-knetwalk/usr/share/locale/he/LC_MESSAGES
-- Installing: /home/omen/GITHUB/Athos/AthOS/REPO-AthOS/knetwalk/package-knetwalk/usr/share/locale/he/LC_MESSAGES/knetwalk.mo
-- Installing: /home/omen/GITHUB/Athos/AthOS/REPO-AthOS/knetwalk/package-knetwalk/usr/share/locale/zh_TW
-- Installing: /home/omen/GITHUB/Athos/AthOS/REPO-AthOS/knetwalk/package-knetwalk/usr/share/locale/zh_TW/LC_MESSAGES
-- Installing: /home/omen/GITHUB/Athos/AthOS/REPO-AthOS/knetwalk/package-knetwalk/usr/share/locale/zh_TW/LC_MESSAGES/knetwalk.mo
-- Installing: /home/omen/GITHUB/Athos/AthOS/REPO-AthOS/knetwalk/package-knetwalk/usr/share/locale/fa
-- Installing: /home/omen/GITHUB/Athos/AthOS/REPO-AthOS/knetwalk/package-knetwalk/usr/share/locale/fa/LC_MESSAGES
-- Installing: /home/omen/GITHUB/Athos/AthOS/REPO-AthOS/knetwalk/package-knetwalk/usr/share/locale/fa/LC_MESSAGES/knetwalk.mo
-- Installing: /home/omen/GITHUB/Athos/AthOS/REPO-AthOS/knetwalk/package-knetwalk/usr/share/locale/csb
-- Installing: /home/omen/GITHUB/Athos/AthOS/REPO-AthOS/knetwalk/package-knetwalk/usr/share/locale/csb/LC_MESSAGES
-- Installing: /home/omen/GITHUB/Athos/AthOS/REPO-AthOS/knetwalk/package-knetwalk/usr/share/locale/csb/LC_MESSAGES/knetwalk.mo
-- Installing: /home/omen/GITHUB/Athos/AthOS/REPO-AthOS/knetwalk/package-knetwalk/usr/share/locale/pl
-- Installing: /home/omen/GITHUB/Athos/AthOS/REPO-AthOS/knetwalk/package-knetwalk/usr/share/locale/pl/LC_MESSAGES
-- Installing: /home/omen/GITHUB/Athos/AthOS/REPO-AthOS/knetwalk/package-knetwalk/usr/share/locale/pl/LC_MESSAGES/knetwalk.mo
-- Installing: /home/omen/GITHUB/Athos/AthOS/REPO-AthOS/knetwalk/package-knetwalk/usr/share/locale/km
-- Installing: /home/omen/GITHUB/Athos/AthOS/REPO-AthOS/knetwalk/package-knetwalk/usr/share/locale/km/LC_MESSAGES
-- Installing: /home/omen/GITHUB/Athos/AthOS/REPO-AthOS/knetwalk/package-knetwalk/usr/share/locale/km/LC_MESSAGES/knetwalk.mo
-- Installing: /home/omen/GITHUB/Athos/AthOS/REPO-AthOS/knetwalk/package-knetwalk/usr/share/locale/pt
-- Installing: /home/omen/GITHUB/Athos/AthOS/REPO-AthOS/knetwalk/package-knetwalk/usr/share/locale/pt/LC_MESSAGES
-- Installing: /home/omen/GITHUB/Athos/AthOS/REPO-AthOS/knetwalk/package-knetwalk/usr/share/locale/pt/LC_MESSAGES/knetwalk.mo
-- Installing: /home/omen/GITHUB/Athos/AthOS/REPO-AthOS/knetwalk/package-knetwalk/usr/share/locale/hr
-- Installing: /home/omen/GITHUB/Athos/AthOS/REPO-AthOS/knetwalk/package-knetwalk/usr/share/locale/hr/LC_MESSAGES
-- Installing: /home/omen/GITHUB/Athos/AthOS/REPO-AthOS/knetwalk/package-knetwalk/usr/share/locale/hr/LC_MESSAGES/knetwalk.mo
-- Installing: /home/omen/GITHUB/Athos/AthOS/REPO-AthOS/knetwalk/package-knetwalk/usr/share/locale/tr
-- Installing: /home/omen/GITHUB/Athos/AthOS/REPO-AthOS/knetwalk/package-knetwalk/usr/share/locale/tr/LC_MESSAGES
-- Installing: /home/omen/GITHUB/Athos/AthOS/REPO-AthOS/knetwalk/package-knetwalk/usr/share/locale/tr/LC_MESSAGES/knetwalk.mo
-- Installing: /home/omen/GITHUB/Athos/AthOS/REPO-AthOS/knetwalk/package-knetwalk/usr/share/locale/fr
-- Installing: /home/omen/GITHUB/Athos/AthOS/REPO-AthOS/knetwalk/package-knetwalk/usr/share/locale/fr/LC_MESSAGES
-- Installing: /home/omen/GITHUB/Athos/AthOS/REPO-AthOS/knetwalk/package-knetwalk/usr/share/locale/fr/LC_MESSAGES/knetwalk.mo
-- Installing: /home/omen/GITHUB/Athos/AthOS/REPO-AthOS/knetwalk/package-knetwalk/usr/share/locale/ast
-- Installing: /home/omen/GITHUB/Athos/AthOS/REPO-AthOS/knetwalk/package-knetwalk/usr/share/locale/ast/LC_MESSAGES
-- Installing: /home/omen/GITHUB/Athos/AthOS/REPO-AthOS/knetwalk/package-knetwalk/usr/share/locale/ast/LC_MESSAGES/knetwalk.mo
-- Installing: /home/omen/GITHUB/Athos/AthOS/REPO-AthOS/knetwalk/package-knetwalk/usr/share/locale/mai
-- Installing: /home/omen/GITHUB/Athos/AthOS/REPO-AthOS/knetwalk/package-knetwalk/usr/share/locale/mai/LC_MESSAGES
-- Installing: /home/omen/GITHUB/Athos/AthOS/REPO-AthOS/knetwalk/package-knetwalk/usr/share/locale/mai/LC_MESSAGES/knetwalk.mo
-- Installing: /home/omen/GITHUB/Athos/AthOS/REPO-AthOS/knetwalk/package-knetwalk/usr/share/locale/ne
-- Installing: /home/omen/GITHUB/Athos/AthOS/REPO-AthOS/knetwalk/package-knetwalk/usr/share/locale/ne/LC_MESSAGES
-- Installing: /home/omen/GITHUB/Athos/AthOS/REPO-AthOS/knetwalk/package-knetwalk/usr/share/locale/ne/LC_MESSAGES/knetwalk.mo
-- Installing: /home/omen/GITHUB/Athos/AthOS/REPO-AthOS/knetwalk/package-knetwalk/usr/share/locale/te
-- Installing: /home/omen/GITHUB/Athos/AthOS/REPO-AthOS/knetwalk/package-knetwalk/usr/share/locale/te/LC_MESSAGES
-- Installing: /home/omen/GITHUB/Athos/AthOS/REPO-AthOS/knetwalk/package-knetwalk/usr/share/locale/te/LC_MESSAGES/knetwalk.mo
-- Installing: /home/omen/GITHUB/Athos/AthOS/REPO-AthOS/knetwalk/package-knetwalk/usr/share/locale/ka
-- Installing: /home/omen/GITHUB/Athos/AthOS/REPO-AthOS/knetwalk/package-knetwalk/usr/share/locale/ka/LC_MESSAGES
-- Installing: /home/omen/GITHUB/Athos/AthOS/REPO-AthOS/knetwalk/package-knetwalk/usr/share/locale/ka/LC_MESSAGES/knetwalk.mo
-- Installing: /home/omen/GITHUB/Athos/AthOS/REPO-AthOS/knetwalk/package-knetwalk/usr/share/locale/cy
-- Installing: /home/omen/GITHUB/Athos/AthOS/REPO-AthOS/knetwalk/package-knetwalk/usr/share/locale/cy/LC_MESSAGES
-- Installing: /home/omen/GITHUB/Athos/AthOS/REPO-AthOS/knetwalk/package-knetwalk/usr/share/locale/cy/LC_MESSAGES/knetwalk.mo
-- Installing: /home/omen/GITHUB/Athos/AthOS/REPO-AthOS/knetwalk/package-knetwalk/usr/share/locale/th
-- Installing: /home/omen/GITHUB/Athos/AthOS/REPO-AthOS/knetwalk/package-knetwalk/usr/share/locale/th/LC_MESSAGES
-- Installing: /home/omen/GITHUB/Athos/AthOS/REPO-AthOS/knetwalk/package-knetwalk/usr/share/locale/th/LC_MESSAGES/knetwalk.mo
-- Installing: /home/omen/GITHUB/Athos/AthOS/REPO-AthOS/knetwalk/package-knetwalk/usr/share/locale/gl
-- Installing: /home/omen/GITHUB/Athos/AthOS/REPO-AthOS/knetwalk/package-knetwalk/usr/share/locale/gl/LC_MESSAGES
-- Installing: /home/omen/GITHUB/Athos/AthOS/REPO-AthOS/knetwalk/package-knetwalk/usr/share/locale/gl/LC_MESSAGES/knetwalk.mo
-- Installing: /home/omen/GITHUB/Athos/AthOS/REPO-AthOS/knetwalk/package-knetwalk/usr/share/locale/ia
-- Installing: /home/omen/GITHUB/Athos/AthOS/REPO-AthOS/knetwalk/package-knetwalk/usr/share/locale/ia/LC_MESSAGES
-- Installing: /home/omen/GITHUB/Athos/AthOS/REPO-AthOS/knetwalk/package-knetwalk/usr/share/locale/ia/LC_MESSAGES/knetwalk.mo
-- Installing: /home/omen/GITHUB/Athos/AthOS/REPO-AthOS/knetwalk/package-knetwalk/usr/share/locale/hu
-- Installing: /home/omen/GITHUB/Athos/AthOS/REPO-AthOS/knetwalk/package-knetwalk/usr/share/locale/hu/LC_MESSAGES
-- Installing: /home/omen/GITHUB/Athos/AthOS/REPO-AthOS/knetwalk/package-knetwalk/usr/share/locale/hu/LC_MESSAGES/knetwalk.mo
-- Installing: /home/omen/GITHUB/Athos/AthOS/REPO-AthOS/knetwalk/package-knetwalk/usr/share/locale/eo
-- Installing: /home/omen/GITHUB/Athos/AthOS/REPO-AthOS/knetwalk/package-knetwalk/usr/share/locale/eo/LC_MESSAGES
-- Installing: /home/omen/GITHUB/Athos/AthOS/REPO-AthOS/knetwalk/package-knetwalk/usr/share/locale/eo/LC_MESSAGES/knetwalk.mo
-- Installing: /home/omen/GITHUB/Athos/AthOS/REPO-AthOS/knetwalk/package-knetwalk/usr/share/locale/bg
-- Installing: /home/omen/GITHUB/Athos/AthOS/REPO-AthOS/knetwalk/package-knetwalk/usr/share/locale/bg/LC_MESSAGES
-- Installing: /home/omen/GITHUB/Athos/AthOS/REPO-AthOS/knetwalk/package-knetwalk/usr/share/locale/bg/LC_MESSAGES/knetwalk.mo
-- Installing: /home/omen/GITHUB/Athos/AthOS/REPO-AthOS/knetwalk/package-knetwalk/usr/share/locale/ga
-- Installing: /home/omen/GITHUB/Athos/AthOS/REPO-AthOS/knetwalk/package-knetwalk/usr/share/locale/ga/LC_MESSAGES
-- Installing: /home/omen/GITHUB/Athos/AthOS/REPO-AthOS/knetwalk/package-knetwalk/usr/share/locale/ga/LC_MESSAGES/knetwalk.mo
-- Installing: /home/omen/GITHUB/Athos/AthOS/REPO-AthOS/knetwalk/package-knetwalk/usr/share/locale/br
-- Installing: /home/omen/GITHUB/Athos/AthOS/REPO-AthOS/knetwalk/package-knetwalk/usr/share/locale/br/LC_MESSAGES
-- Installing: /home/omen/GITHUB/Athos/AthOS/REPO-AthOS/knetwalk/package-knetwalk/usr/share/locale/br/LC_MESSAGES/knetwalk.mo
-- Installing: /home/omen/GITHUB/Athos/AthOS/REPO-AthOS/knetwalk/package-knetwalk/usr/share/locale/ca
-- Installing: /home/omen/GITHUB/Athos/AthOS/REPO-AthOS/knetwalk/package-knetwalk/usr/share/locale/ca/LC_MESSAGES
-- Installing: /home/omen/GITHUB/Athos/AthOS/REPO-AthOS/knetwalk/package-knetwalk/usr/share/locale/ca/LC_MESSAGES/knetwalk.mo
-- Installing: /home/omen/GITHUB/Athos/AthOS/REPO-AthOS/knetwalk/package-knetwalk/usr/share/locale/uk
-- Installing: /home/omen/GITHUB/Athos/AthOS/REPO-AthOS/knetwalk/package-knetwalk/usr/share/locale/uk/LC_MESSAGES
-- Installing: /home/omen/GITHUB/Athos/AthOS/REPO-AthOS/knetwalk/package-knetwalk/usr/share/locale/uk/LC_MESSAGES/knetwalk.mo
-- Installing: /home/omen/GITHUB/Athos/AthOS/REPO-AthOS/knetwalk/package-knetwalk/usr/share/locale/id
-- Installing: /home/omen/GITHUB/Athos/AthOS/REPO-AthOS/knetwalk/package-knetwalk/usr/share/locale/id/LC_MESSAGES
-- Installing: /home/omen/GITHUB/Athos/AthOS/REPO-AthOS/knetwalk/package-knetwalk/usr/share/locale/id/LC_MESSAGES/knetwalk.mo
-- Installing: /home/omen/GITHUB/Athos/AthOS/REPO-AthOS/knetwalk/package-knetwalk/usr/share/locale/en_GB
-- Installing: /home/omen/GITHUB/Athos/AthOS/REPO-AthOS/knetwalk/package-knetwalk/usr/share/locale/en_GB/LC_MESSAGES
-- Installing: /home/omen/GITHUB/Athos/AthOS/REPO-AthOS/knetwalk/package-knetwalk/usr/share/locale/en_GB/LC_MESSAGES/knetwalk.mo
-- Installing: /home/omen/GITHUB/Athos/AthOS/REPO-AthOS/knetwalk/package-knetwalk/usr/share/locale/zh_CN
-- Installing: /home/omen/GITHUB/Athos/AthOS/REPO-AthOS/knetwalk/package-knetwalk/usr/share/locale/zh_CN/LC_MESSAGES
-- Installing: /home/omen/GITHUB/Athos/AthOS/REPO-AthOS/knetwalk/package-knetwalk/usr/share/locale/zh_CN/LC_MESSAGES/knetwalk.mo
-- Installing: /home/omen/GITHUB/Athos/AthOS/REPO-AthOS/knetwalk/package-knetwalk/usr/share/locale/nl
-- Installing: /home/omen/GITHUB/Athos/AthOS/REPO-AthOS/knetwalk/package-knetwalk/usr/share/locale/nl/LC_MESSAGES
-- Installing: /home/omen/GITHUB/Athos/AthOS/REPO-AthOS/knetwalk/package-knetwalk/usr/share/locale/nl/LC_MESSAGES/knetwalk.mo
-- Installing: /home/omen/GITHUB/Athos/AthOS/REPO-AthOS/knetwalk/package-knetwalk/usr/share/locale/oc
-- Installing: /home/omen/GITHUB/Athos/AthOS/REPO-AthOS/knetwalk/package-knetwalk/usr/share/locale/oc/LC_MESSAGES
-- Installing: /home/omen/GITHUB/Athos/AthOS/REPO-AthOS/knetwalk/package-knetwalk/usr/share/locale/oc/LC_MESSAGES/knetwalk.mo
-- Installing: /home/omen/GITHUB/Athos/AthOS/REPO-AthOS/knetwalk/package-knetwalk/usr/share/locale/sa
-- Installing: /home/omen/GITHUB/Athos/AthOS/REPO-AthOS/knetwalk/package-knetwalk/usr/share/locale/sa/LC_MESSAGES
-- Installing: /home/omen/GITHUB/Athos/AthOS/REPO-AthOS/knetwalk/package-knetwalk/usr/share/locale/sa/LC_MESSAGES/knetwalk.mo
-- Installing: /home/omen/GITHUB/Athos/AthOS/REPO-AthOS/knetwalk/package-knetwalk/usr/share/locale/fi
-- Installing: /home/omen/GITHUB/Athos/AthOS/REPO-AthOS/knetwalk/package-knetwalk/usr/share/locale/fi/LC_MESSAGES
-- Installing: /home/omen/GITHUB/Athos/AthOS/REPO-AthOS/knetwalk/package-knetwalk/usr/share/locale/fi/LC_MESSAGES/knetwalk.mo
-- Installing: /home/omen/GITHUB/Athos/AthOS/REPO-AthOS/knetwalk/package-knetwalk/usr/share/locale/ko
-- Installing: /home/omen/GITHUB/Athos/AthOS/REPO-AthOS/knetwalk/package-knetwalk/usr/share/locale/ko/LC_MESSAGES
-- Installing: /home/omen/GITHUB/Athos/AthOS/REPO-AthOS/knetwalk/package-knetwalk/usr/share/locale/ko/LC_MESSAGES/knetwalk.mo
-- Installing: /home/omen/GITHUB/Athos/AthOS/REPO-AthOS/knetwalk/package-knetwalk/usr/share/locale/mk
-- Installing: /home/omen/GITHUB/Athos/AthOS/REPO-AthOS/knetwalk/package-knetwalk/usr/share/locale/mk/LC_MESSAGES
-- Installing: /home/omen/GITHUB/Athos/AthOS/REPO-AthOS/knetwalk/package-knetwalk/usr/share/locale/mk/LC_MESSAGES/knetwalk.mo
-- Installing: /home/omen/GITHUB/Athos/AthOS/REPO-AthOS/knetwalk/package-knetwalk/usr/share/locale/ru
-- Installing: /home/omen/GITHUB/Athos/AthOS/REPO-AthOS/knetwalk/package-knetwalk/usr/share/locale/ru/LC_MESSAGES
-- Installing: /home/omen/GITHUB/Athos/AthOS/REPO-AthOS/knetwalk/package-knetwalk/usr/share/locale/ru/LC_MESSAGES/knetwalk.mo
-- Installing: /home/omen/GITHUB/Athos/AthOS/REPO-AthOS/knetwalk/package-knetwalk/usr/share/locale/lv
-- Installing: /home/omen/GITHUB/Athos/AthOS/REPO-AthOS/knetwalk/package-knetwalk/usr/share/locale/lv/LC_MESSAGES
-- Installing: /home/omen/GITHUB/Athos/AthOS/REPO-AthOS/knetwalk/package-knetwalk/usr/share/locale/lv/LC_MESSAGES/knetwalk.mo
-- Installing: /home/omen/GITHUB/Athos/AthOS/REPO-AthOS/knetwalk/package-knetwalk/usr/share/locale/ml
-- Installing: /home/omen/GITHUB/Athos/AthOS/REPO-AthOS/knetwalk/package-knetwalk/usr/share/locale/ml/LC_MESSAGES
-- Installing: /home/omen/GITHUB/Athos/AthOS/REPO-AthOS/knetwalk/package-knetwalk/usr/share/locale/ml/LC_MESSAGES/knetwalk.mo
-- Installing: /home/omen/GITHUB/Athos/AthOS/REPO-AthOS/knetwalk/package-knetwalk/usr/share/locale/hne
-- Installing: /home/omen/GITHUB/Athos/AthOS/REPO-AthOS/knetwalk/package-knetwalk/usr/share/locale/hne/LC_MESSAGES
-- Installing: /home/omen/GITHUB/Athos/AthOS/REPO-AthOS/knetwalk/package-knetwalk/usr/share/locale/hne/LC_MESSAGES/knetwalk.mo
-- Installing: /home/omen/GITHUB/Athos/AthOS/REPO-AthOS/knetwalk/package-knetwalk/usr/share/locale/ca@valencia
-- Installing: /home/omen/GITHUB/Athos/AthOS/REPO-AthOS/knetwalk/package-knetwalk/usr/share/locale/ca@valencia/LC_MESSAGES
-- Installing: /home/omen/GITHUB/Athos/AthOS/REPO-AthOS/knetwalk/package-knetwalk/usr/share/locale/ca@valencia/LC_MESSAGES/knetwalk.mo
-- Installing: /home/omen/GITHUB/Athos/AthOS/REPO-AthOS/knetwalk/package-knetwalk/usr/share/locale/nb
-- Installing: /home/omen/GITHUB/Athos/AthOS/REPO-AthOS/knetwalk/package-knetwalk/usr/share/locale/nb/LC_MESSAGES
-- Installing: /home/omen/GITHUB/Athos/AthOS/REPO-AthOS/knetwalk/package-knetwalk/usr/share/locale/nb/LC_MESSAGES/knetwalk.mo
-- Installing: /home/omen/GITHUB/Athos/AthOS/REPO-AthOS/knetwalk/package-knetwalk/usr/share/locale/es
-- Installing: /home/omen/GITHUB/Athos/AthOS/REPO-AthOS/knetwalk/package-knetwalk/usr/share/locale/es/LC_MESSAGES
-- Installing: /home/omen/GITHUB/Athos/AthOS/REPO-AthOS/knetwalk/package-knetwalk/usr/share/locale/es/LC_MESSAGES/knetwalk.mo
-- Installing: /home/omen/GITHUB/Athos/AthOS/REPO-AthOS/knetwalk/package-knetwalk/usr/share/locale/eu
-- Installing: /home/omen/GITHUB/Athos/AthOS/REPO-AthOS/knetwalk/package-knetwalk/usr/share/locale/eu/LC_MESSAGES
-- Installing: /home/omen/GITHUB/Athos/AthOS/REPO-AthOS/knetwalk/package-knetwalk/usr/share/locale/eu/LC_MESSAGES/knetwalk.mo
-- Installing: /home/omen/GITHUB/Athos/AthOS/REPO-AthOS/knetwalk/package-knetwalk/usr/share/locale/et
-- Installing: /home/omen/GITHUB/Athos/AthOS/REPO-AthOS/knetwalk/package-knetwalk/usr/share/locale/et/LC_MESSAGES
-- Installing: /home/omen/GITHUB/Athos/AthOS/REPO-AthOS/knetwalk/package-knetwalk/usr/share/locale/et/LC_MESSAGES/knetwalk.mo
-- Installing: /home/omen/GITHUB/Athos/AthOS/REPO-AthOS/knetwalk/package-knetwalk/usr/share/locale/it
-- Installing: /home/omen/GITHUB/Athos/AthOS/REPO-AthOS/knetwalk/package-knetwalk/usr/share/locale/it/LC_MESSAGES
-- Installing: /home/omen/GITHUB/Athos/AthOS/REPO-AthOS/knetwalk/package-knetwalk/usr/share/locale/it/LC_MESSAGES/knetwalk.mo
-- Installing: /home/omen/GITHUB/Athos/AthOS/REPO-AthOS/knetwalk/package-knetwalk/usr/share/locale/se
-- Installing: /home/omen/GITHUB/Athos/AthOS/REPO-AthOS/knetwalk/package-knetwalk/usr/share/locale/se/LC_MESSAGES
-- Installing: /home/omen/GITHUB/Athos/AthOS/REPO-AthOS/knetwalk/package-knetwalk/usr/share/locale/se/LC_MESSAGES/knetwalk.mo
-- Installing: /home/omen/GITHUB/Athos/AthOS/REPO-AthOS/knetwalk/package-knetwalk/usr/share/locale/ar
-- Installing: /home/omen/GITHUB/Athos/AthOS/REPO-AthOS/knetwalk/package-knetwalk/usr/share/locale/ar/LC_MESSAGES
-- Installing: /home/omen/GITHUB/Athos/AthOS/REPO-AthOS/knetwalk/package-knetwalk/usr/share/locale/ar/LC_MESSAGES/knetwalk.mo
-- Installing: /home/omen/GITHUB/Athos/AthOS/REPO-AthOS/knetwalk/package-knetwalk/usr/share/locale/sq
-- Installing: /home/omen/GITHUB/Athos/AthOS/REPO-AthOS/knetwalk/package-knetwalk/usr/share/locale/sq/LC_MESSAGES
-- Installing: /home/omen/GITHUB/Athos/AthOS/REPO-AthOS/knetwalk/package-knetwalk/usr/share/locale/sq/LC_MESSAGES/knetwalk.mo
-- Installing: /home/omen/GITHUB/Athos/AthOS/REPO-AthOS/knetwalk/package-knetwalk/usr/share/locale/nds
-- Installing: /home/omen/GITHUB/Athos/AthOS/REPO-AthOS/knetwalk/package-knetwalk/usr/share/locale/nds/LC_MESSAGES
-- Installing: /home/omen/GITHUB/Athos/AthOS/REPO-AthOS/knetwalk/package-knetwalk/usr/share/locale/nds/LC_MESSAGES/knetwalk.mo
-- Installing: /home/omen/GITHUB/Athos/AthOS/REPO-AthOS/knetwalk/package-knetwalk/usr/share/locale/mr
-- Installing: /home/omen/GITHUB/Athos/AthOS/REPO-AthOS/knetwalk/package-knetwalk/usr/share/locale/mr/LC_MESSAGES
-- Installing: /home/omen/GITHUB/Athos/AthOS/REPO-AthOS/knetwalk/package-knetwalk/usr/share/locale/mr/LC_MESSAGES/knetwalk.mo
-- Installing: /home/omen/GITHUB/Athos/AthOS/REPO-AthOS/knetwalk/package-knetwalk/usr/share/locale/ug
-- Installing: /home/omen/GITHUB/Athos/AthOS/REPO-AthOS/knetwalk/package-knetwalk/usr/share/locale/ug/LC_MESSAGES
-- Installing: /home/omen/GITHUB/Athos/AthOS/REPO-AthOS/knetwalk/package-knetwalk/usr/share/locale/ug/LC_MESSAGES/knetwalk.mo
-- Installing: /home/omen/GITHUB/Athos/AthOS/REPO-AthOS/knetwalk/package-knetwalk/usr/share/locale/sk
-- Installing: /home/omen/GITHUB/Athos/AthOS/REPO-AthOS/knetwalk/package-knetwalk/usr/share/locale/sk/LC_MESSAGES
-- Installing: /home/omen/GITHUB/Athos/AthOS/REPO-AthOS/knetwalk/package-knetwalk/usr/share/locale/sk/LC_MESSAGES/knetwalk.mo
-- Installing: /home/omen/GITHUB/Athos/AthOS/REPO-AthOS/knetwalk/package-knetwalk/usr/share/locale/sv
-- Installing: /home/omen/GITHUB/Athos/AthOS/REPO-AthOS/knetwalk/package-knetwalk/usr/share/locale/sv/LC_MESSAGES
-- Installing: /home/omen/GITHUB/Athos/AthOS/REPO-AthOS/knetwalk/package-knetwalk/usr/share/locale/sv/LC_MESSAGES/knetwalk.mo
-- Installing: /home/omen/GITHUB/Athos/AthOS/REPO-AthOS/knetwalk/package-knetwalk/usr/share/doc/HTML/ca/knetwalk/index.cache.bz2
-- Installing: /home/omen/GITHUB/Athos/AthOS/REPO-AthOS/knetwalk/package-knetwalk/usr/share/doc/HTML/ca/knetwalk/index.docbook
-- Installing: /home/omen/GITHUB/Athos/AthOS/REPO-AthOS/knetwalk/package-knetwalk/usr/share/doc/HTML/cs/knetwalk/index.cache.bz2
-- Installing: /home/omen/GITHUB/Athos/AthOS/REPO-AthOS/knetwalk/package-knetwalk/usr/share/doc/HTML/cs/knetwalk/index.docbook
-- Installing: /home/omen/GITHUB/Athos/AthOS/REPO-AthOS/knetwalk/package-knetwalk/usr/share/doc/HTML/de/knetwalk/index.cache.bz2
-- Installing: /home/omen/GITHUB/Athos/AthOS/REPO-AthOS/knetwalk/package-knetwalk/usr/share/doc/HTML/de/knetwalk/index.docbook
-- Installing: /home/omen/GITHUB/Athos/AthOS/REPO-AthOS/knetwalk/package-knetwalk/usr/share/doc/HTML/es/knetwalk/index.cache.bz2
-- Installing: /home/omen/GITHUB/Athos/AthOS/REPO-AthOS/knetwalk/package-knetwalk/usr/share/doc/HTML/es/knetwalk/index.docbook
-- Installing: /home/omen/GITHUB/Athos/AthOS/REPO-AthOS/knetwalk/package-knetwalk/usr/share/doc/HTML/et/knetwalk/index.cache.bz2
-- Installing: /home/omen/GITHUB/Athos/AthOS/REPO-AthOS/knetwalk/package-knetwalk/usr/share/doc/HTML/et/knetwalk/index.docbook
-- Installing: /home/omen/GITHUB/Athos/AthOS/REPO-AthOS/knetwalk/package-knetwalk/usr/share/doc/HTML/fr/knetwalk/index.cache.bz2
-- Installing: /home/omen/GITHUB/Athos/AthOS/REPO-AthOS/knetwalk/package-knetwalk/usr/share/doc/HTML/fr/knetwalk/index.docbook
-- Installing: /home/omen/GITHUB/Athos/AthOS/REPO-AthOS/knetwalk/package-knetwalk/usr/share/doc/HTML/id/knetwalk/index.cache.bz2
-- Installing: /home/omen/GITHUB/Athos/AthOS/REPO-AthOS/knetwalk/package-knetwalk/usr/share/doc/HTML/id/knetwalk/index.docbook
-- Installing: /home/omen/GITHUB/Athos/AthOS/REPO-AthOS/knetwalk/package-knetwalk/usr/share/doc/HTML/id/knetwalk/gameboard.png
-- Installing: /home/omen/GITHUB/Athos/AthOS/REPO-AthOS/knetwalk/package-knetwalk/usr/share/doc/HTML/it/knetwalk/index.cache.bz2
-- Installing: /home/omen/GITHUB/Athos/AthOS/REPO-AthOS/knetwalk/package-knetwalk/usr/share/doc/HTML/it/knetwalk/index.docbook
-- Installing: /home/omen/GITHUB/Athos/AthOS/REPO-AthOS/knetwalk/package-knetwalk/usr/share/doc/HTML/ja/knetwalk/index.cache.bz2
-- Installing: /home/omen/GITHUB/Athos/AthOS/REPO-AthOS/knetwalk/package-knetwalk/usr/share/doc/HTML/ja/knetwalk/index.docbook
-- Installing: /home/omen/GITHUB/Athos/AthOS/REPO-AthOS/knetwalk/package-knetwalk/usr/share/doc/HTML/nl/knetwalk/index.cache.bz2
-- Installing: /home/omen/GITHUB/Athos/AthOS/REPO-AthOS/knetwalk/package-knetwalk/usr/share/doc/HTML/nl/knetwalk/index.docbook
-- Installing: /home/omen/GITHUB/Athos/AthOS/REPO-AthOS/knetwalk/package-knetwalk/usr/share/doc/HTML/pl/knetwalk/index.cache.bz2
-- Installing: /home/omen/GITHUB/Athos/AthOS/REPO-AthOS/knetwalk/package-knetwalk/usr/share/doc/HTML/pl/knetwalk/index.docbook
-- Installing: /home/omen/GITHUB/Athos/AthOS/REPO-AthOS/knetwalk/package-knetwalk/usr/share/doc/HTML/pt/knetwalk/index.cache.bz2
-- Installing: /home/omen/GITHUB/Athos/AthOS/REPO-AthOS/knetwalk/package-knetwalk/usr/share/doc/HTML/pt/knetwalk/index.docbook
-- Installing: /home/omen/GITHUB/Athos/AthOS/REPO-AthOS/knetwalk/package-knetwalk/usr/share/doc/HTML/pt_BR/knetwalk/index.cache.bz2
-- Installing: /home/omen/GITHUB/Athos/AthOS/REPO-AthOS/knetwalk/package-knetwalk/usr/share/doc/HTML/pt_BR/knetwalk/index.docbook
-- Installing: /home/omen/GITHUB/Athos/AthOS/REPO-AthOS/knetwalk/package-knetwalk/usr/share/doc/HTML/ru/knetwalk/index.cache.bz2
-- Installing: /home/omen/GITHUB/Athos/AthOS/REPO-AthOS/knetwalk/package-knetwalk/usr/share/doc/HTML/ru/knetwalk/index.docbook
-- Installing: /home/omen/GITHUB/Athos/AthOS/REPO-AthOS/knetwalk/package-knetwalk/usr/share/doc/HTML/sl/knetwalk/index.cache.bz2
-- Installing: /home/omen/GITHUB/Athos/AthOS/REPO-AthOS/knetwalk/package-knetwalk/usr/share/doc/HTML/sl/knetwalk/index.docbook
-- Installing: /home/omen/GITHUB/Athos/AthOS/REPO-AthOS/knetwalk/package-knetwalk/usr/share/doc/HTML/sv/knetwalk/index.cache.bz2
-- Installing: /home/omen/GITHUB/Athos/AthOS/REPO-AthOS/knetwalk/package-knetwalk/usr/share/doc/HTML/sv/knetwalk/index.docbook
-- Installing: /home/omen/GITHUB/Athos/AthOS/REPO-AthOS/knetwalk/package-knetwalk/usr/share/doc/HTML/uk/knetwalk/index.cache.bz2
-- Installing: /home/omen/GITHUB/Athos/AthOS/REPO-AthOS/knetwalk/package-knetwalk/usr/share/doc/HTML/uk/knetwalk/index.docbook
-- Installing: /home/omen/GITHUB/Athos/AthOS/REPO-AthOS/knetwalk/package-knetwalk/usr/share/doc/HTML/uk/knetwalk/gameboard.png
[32mThe main part of source code is ready. We are moving on to preparing post install scripts, docs, license, man pages etc..[0m
cp: cannot stat 'ChangeLog*': No such file or directory
cp: cannot stat 'COPYING': No such file or directory
cp: cannot stat 'CREDITS': No such file or directory
cp: cannot stat 'LICENSE': No such file or directory
cp: cannot stat 'MAINTAINERS': No such file or directory
cp: cannot stat 'NEWS': No such file or directory
cp: cannot stat 'README*': No such file or directory
cp: cannot stat 'docs': No such file or directory
cp: cannot stat 'DOCS': No such file or directory
grep: /home/omen/GITHUB/Athos/AthOS/REPO-AthOS/knetwalk/knetwalk.info: No such file or directory
extra-cmake-modules
kconfig
kconfigwidgets
kcoreaddons
kcrash
kdbusaddons
kdoctools
ki18n
ktextwidgets
kwidgetsaddons
kxmlgui
libkdegames
[32mPackaging compiled for slackware installation...[0m
[32mMAKEPKG_FLAGS is empty or unset, using default[0m

Slackware package maker, version 3.14159265.

Searching for symbolic links:

No symbolic links were found, so we won't make an installation script.
You can make your own later in ./install/doinst.sh and rebuild the
package if you like.

This next step is optional - you can set the directories in your package
to some sane permissions. If any of the directories in your package have
special permissions, then DO NOT reset them here!

Would you like to reset all directory permissions to 755 (drwxr-xr-x) and
directory ownerships to root:root ([y]es, [n]o)? n


Creating Slackware package:  /tmp/knetwalk/knetwalk-25.04.1-x86_64-1_rtz.tlz

./
install/
install/doinst.sh
install/slack-desc
usr/
usr/bin/
usr/bin/knetwalk
usr/doc/
usr/doc/knetwalk-25.04.1/
usr/doc/knetwalk-25.04.1/AUTHORS
usr/doc/knetwalk-25.04.1/knetwalk.ini
usr/doc/knetwalk-25.04.1/slack-required
usr/share/
usr/share/applications/
usr/share/applications/org.kde.knetwalk.desktop
usr/share/doc/
usr/share/doc/HTML/
usr/share/doc/HTML/ca/
usr/share/doc/HTML/ca/knetwalk/
usr/share/doc/HTML/ca/knetwalk/index.cache.bz2
usr/share/doc/HTML/ca/knetwalk/index.docbook
usr/share/doc/HTML/cs/
usr/share/doc/HTML/cs/knetwalk/
usr/share/doc/HTML/cs/knetwalk/index.cache.bz2
usr/share/doc/HTML/cs/knetwalk/index.docbook
usr/share/doc/HTML/de/
usr/share/doc/HTML/de/knetwalk/
usr/share/doc/HTML/de/knetwalk/index.cache.bz2
usr/share/doc/HTML/de/knetwalk/index.docbook
usr/share/doc/HTML/en/
usr/share/doc/HTML/en/knetwalk/
usr/share/doc/HTML/en/knetwalk/gameboard.png
usr/share/doc/HTML/en/knetwalk/index.cache.bz2
usr/share/doc/HTML/en/knetwalk/index.docbook
usr/share/doc/HTML/es/
usr/share/doc/HTML/es/knetwalk/
usr/share/doc/HTML/es/knetwalk/index.cache.bz2
usr/share/doc/HTML/es/knetwalk/index.docbook
usr/share/doc/HTML/et/
usr/share/doc/HTML/et/knetwalk/
usr/share/doc/HTML/et/knetwalk/index.cache.bz2
usr/share/doc/HTML/et/knetwalk/index.docbook
usr/share/doc/HTML/fr/
usr/share/doc/HTML/fr/knetwalk/
usr/share/doc/HTML/fr/knetwalk/index.cache.bz2
usr/share/doc/HTML/fr/knetwalk/index.docbook
usr/share/doc/HTML/id/
usr/share/doc/HTML/id/knetwalk/
usr/share/doc/HTML/id/knetwalk/gameboard.png
usr/share/doc/HTML/id/knetwalk/index.cache.bz2
usr/share/doc/HTML/id/knetwalk/index.docbook
usr/share/doc/HTML/it/
usr/share/doc/HTML/it/knetwalk/
usr/share/doc/HTML/it/knetwalk/index.cache.bz2
usr/share/doc/HTML/it/knetwalk/index.docbook
usr/share/doc/HTML/ja/
usr/share/doc/HTML/ja/knetwalk/
usr/share/doc/HTML/ja/knetwalk/index.cache.bz2
usr/share/doc/HTML/ja/knetwalk/index.docbook
usr/share/doc/HTML/nl/
usr/share/doc/HTML/nl/knetwalk/
usr/share/doc/HTML/nl/knetwalk/index.cache.bz2
usr/share/doc/HTML/nl/knetwalk/index.docbook
usr/share/doc/HTML/pl/
usr/share/doc/HTML/pl/knetwalk/
usr/share/doc/HTML/pl/knetwalk/index.cache.bz2
usr/share/doc/HTML/pl/knetwalk/index.docbook
usr/share/doc/HTML/pt/
usr/share/doc/HTML/pt/knetwalk/
usr/share/doc/HTML/pt/knetwalk/index.cache.bz2
usr/share/doc/HTML/pt/knetwalk/index.docbook
usr/share/doc/HTML/pt_BR/
usr/share/doc/HTML/pt_BR/knetwalk/
usr/share/doc/HTML/pt_BR/knetwalk/index.cache.bz2
usr/share/doc/HTML/pt_BR/knetwalk/index.docbook
usr/share/doc/HTML/ru/
usr/share/doc/HTML/ru/knetwalk/
usr/share/doc/HTML/ru/knetwalk/index.cache.bz2
usr/share/doc/HTML/ru/knetwalk/index.docbook
usr/share/doc/HTML/sl/
usr/share/doc/HTML/sl/knetwalk/
usr/share/doc/HTML/sl/knetwalk/index.cache.bz2
usr/share/doc/HTML/sl/knetwalk/index.docbook
usr/share/doc/HTML/sv/
usr/share/doc/HTML/sv/knetwalk/
usr/share/doc/HTML/sv/knetwalk/index.cache.bz2
usr/share/doc/HTML/sv/knetwalk/index.docbook
usr/share/doc/HTML/uk/
usr/share/doc/HTML/uk/knetwalk/
usr/share/doc/HTML/uk/knetwalk/gameboard.png
usr/share/doc/HTML/uk/knetwalk/index.cache.bz2
usr/share/doc/HTML/uk/knetwalk/index.docbook
usr/share/icons/
usr/share/icons/hicolor/
usr/share/icons/hicolor/128x128/
usr/share/icons/hicolor/128x128/apps/
usr/share/icons/hicolor/128x128/apps/knetwalk.png
usr/share/icons/hicolor/16x16/
usr/share/icons/hicolor/16x16/apps/
usr/share/icons/hicolor/16x16/apps/knetwalk.png
usr/share/icons/hicolor/22x22/
usr/share/icons/hicolor/22x22/apps/
usr/share/icons/hicolor/22x22/apps/knetwalk.png
usr/share/icons/hicolor/32x32/
usr/share/icons/hicolor/32x32/apps/
usr/share/icons/hicolor/32x32/apps/knetwalk.png
usr/share/icons/hicolor/48x48/
usr/share/icons/hicolor/48x48/apps/
usr/share/icons/hicolor/48x48/apps/knetwalk.png
usr/share/icons/hicolor/64x64/
usr/share/icons/hicolor/64x64/apps/
usr/share/icons/hicolor/64x64/apps/knetwalk.png
usr/share/icons/hicolor/scalable/
usr/share/icons/hicolor/scalable/apps/
usr/share/icons/hicolor/scalable/apps/knetwalk.svgz
usr/share/knetwalk/
usr/share/knetwalk/qml/
usr/share/knetwalk/qml/Cable.qml
usr/share/knetwalk/qml/CanvasItem.qml
usr/share/knetwalk/qml/Cell.qml
usr/share/knetwalk/qml/logic.js
usr/share/knetwalk/qml/main.qml
usr/share/knetwalk/sounds/
usr/share/knetwalk/sounds/click.wav
usr/share/knetwalk/sounds/connect.wav
usr/share/knetwalk/sounds/start.wav
usr/share/knetwalk/sounds/turn.wav
usr/share/knetwalk/sounds/win.wav
usr/share/knetwalk/themes/
usr/share/knetwalk/themes/default.desktop
usr/share/knetwalk/themes/default.svgz
usr/share/knetwalk/themes/default_preview.png
usr/share/knetwalk/themes/electronic.desktop
usr/share/knetwalk/themes/electronic.svgz
usr/share/knetwalk/themes/electronic_preview.png
usr/share/locale/
usr/share/locale/ar/
usr/share/locale/ar/LC_MESSAGES/
usr/share/locale/ar/LC_MESSAGES/knetwalk.mo
usr/share/locale/ast/
usr/share/locale/ast/LC_MESSAGES/
usr/share/locale/ast/LC_MESSAGES/knetwalk.mo
usr/share/locale/be/
usr/share/locale/be/LC_MESSAGES/
usr/share/locale/be/LC_MESSAGES/knetwalk.mo
usr/share/locale/bg/
usr/share/locale/bg/LC_MESSAGES/
usr/share/locale/bg/LC_MESSAGES/knetwalk.mo
usr/share/locale/br/
usr/share/locale/br/LC_MESSAGES/
usr/share/locale/br/LC_MESSAGES/knetwalk.mo
usr/share/locale/bs/
usr/share/locale/bs/LC_MESSAGES/
usr/share/locale/bs/LC_MESSAGES/knetwalk.mo
usr/share/locale/ca/
usr/share/locale/ca/LC_MESSAGES/
usr/share/locale/ca/LC_MESSAGES/knetwalk.mo
usr/share/locale/ca@valencia/
usr/share/locale/ca@valencia/LC_MESSAGES/
usr/share/locale/ca@valencia/LC_MESSAGES/knetwalk.mo
usr/share/locale/cs/
usr/share/locale/cs/LC_MESSAGES/
usr/share/locale/cs/LC_MESSAGES/knetwalk.mo
usr/share/locale/csb/
usr/share/locale/csb/LC_MESSAGES/
usr/share/locale/csb/LC_MESSAGES/knetwalk.mo
usr/share/locale/cy/
usr/share/locale/cy/LC_MESSAGES/
usr/share/locale/cy/LC_MESSAGES/knetwalk.mo
usr/share/locale/da/
usr/share/locale/da/LC_MESSAGES/
usr/share/locale/da/LC_MESSAGES/knetwalk.mo
usr/share/locale/de/
usr/share/locale/de/LC_MESSAGES/
usr/share/locale/de/LC_MESSAGES/knetwalk.mo
usr/share/locale/el/
usr/share/locale/el/LC_MESSAGES/
usr/share/locale/el/LC_MESSAGES/knetwalk.mo
usr/share/locale/en_GB/
usr/share/locale/en_GB/LC_MESSAGES/
usr/share/locale/en_GB/LC_MESSAGES/knetwalk.mo
usr/share/locale/eo/
usr/share/locale/eo/LC_MESSAGES/
usr/share/locale/eo/LC_MESSAGES/knetwalk.mo
usr/share/locale/es/
usr/share/locale/es/LC_MESSAGES/
usr/share/locale/es/LC_MESSAGES/knetwalk.mo
usr/share/locale/et/
usr/share/locale/et/LC_MESSAGES/
usr/share/locale/et/LC_MESSAGES/knetwalk.mo
usr/share/locale/eu/
usr/share/locale/eu/LC_MESSAGES/
usr/share/locale/eu/LC_MESSAGES/knetwalk.mo
usr/share/locale/fa/
usr/share/locale/fa/LC_MESSAGES/
usr/share/locale/fa/LC_MESSAGES/knetwalk.mo
usr/share/locale/fi/
usr/share/locale/fi/LC_MESSAGES/
usr/share/locale/fi/LC_MESSAGES/knetwalk.mo
usr/share/locale/fr/
usr/share/locale/fr/LC_MESSAGES/
usr/share/locale/fr/LC_MESSAGES/knetwalk.mo
usr/share/locale/ga/
usr/share/locale/ga/LC_MESSAGES/
usr/share/locale/ga/LC_MESSAGES/knetwalk.mo
usr/share/locale/gl/
usr/share/locale/gl/LC_MESSAGES/
usr/share/locale/gl/LC_MESSAGES/knetwalk.mo
usr/share/locale/he/
usr/share/locale/he/LC_MESSAGES/
usr/share/locale/he/LC_MESSAGES/knetwalk.mo
usr/share/locale/hi/
usr/share/locale/hi/LC_MESSAGES/
usr/share/locale/hi/LC_MESSAGES/knetwalk.mo
usr/share/locale/hne/
usr/share/locale/hne/LC_MESSAGES/
usr/share/locale/hne/LC_MESSAGES/knetwalk.mo
usr/share/locale/hr/
usr/share/locale/hr/LC_MESSAGES/
usr/share/locale/hr/LC_MESSAGES/knetwalk.mo
usr/share/locale/hu/
usr/share/locale/hu/LC_MESSAGES/
usr/share/locale/hu/LC_MESSAGES/knetwalk.mo
usr/share/locale/ia/
usr/share/locale/ia/LC_MESSAGES/
usr/share/locale/ia/LC_MESSAGES/knetwalk.mo
usr/share/locale/id/
usr/share/locale/id/LC_MESSAGES/
usr/share/locale/id/LC_MESSAGES/knetwalk.mo
usr/share/locale/is/
usr/share/locale/is/LC_MESSAGES/
usr/share/locale/is/LC_MESSAGES/knetwalk.mo
usr/share/locale/it/
usr/share/locale/it/LC_MESSAGES/
usr/share/locale/it/LC_MESSAGES/knetwalk.mo
usr/share/locale/ja/
usr/share/locale/ja/LC_MESSAGES/
usr/share/locale/ja/LC_MESSAGES/knetwalk.mo
usr/share/locale/ka/
usr/share/locale/ka/LC_MESSAGES/
usr/share/locale/ka/LC_MESSAGES/knetwalk.mo
usr/share/locale/kk/
usr/share/locale/kk/LC_MESSAGES/
usr/share/locale/kk/LC_MESSAGES/knetwalk.mo
usr/share/locale/km/
usr/share/locale/km/LC_MESSAGES/
usr/share/locale/km/LC_MESSAGES/knetwalk.mo
usr/share/locale/ko/
usr/share/locale/ko/LC_MESSAGES/
usr/share/locale/ko/LC_MESSAGES/knetwalk.mo
usr/share/locale/lt/
usr/share/locale/lt/LC_MESSAGES/
usr/share/locale/lt/LC_MESSAGES/knetwalk.mo
usr/share/locale/lv/
usr/share/locale/lv/LC_MESSAGES/
usr/share/locale/lv/LC_MESSAGES/knetwalk.mo
usr/share/locale/mai/
usr/share/locale/mai/LC_MESSAGES/
usr/share/locale/mai/LC_MESSAGES/knetwalk.mo
usr/share/locale/mk/
usr/share/locale/mk/LC_MESSAGES/
usr/share/locale/mk/LC_MESSAGES/knetwalk.mo
usr/share/locale/ml/
usr/share/locale/ml/LC_MESSAGES/
usr/share/locale/ml/LC_MESSAGES/knetwalk.mo
usr/share/locale/mr/
usr/share/locale/mr/LC_MESSAGES/
usr/share/locale/mr/LC_MESSAGES/knetwalk.mo
usr/share/locale/nb/
usr/share/locale/nb/LC_MESSAGES/
usr/share/locale/nb/LC_MESSAGES/knetwalk.mo
usr/share/locale/nds/
usr/share/locale/nds/LC_MESSAGES/
usr/share/locale/nds/LC_MESSAGES/knetwalk.mo
usr/share/locale/ne/
usr/share/locale/ne/LC_MESSAGES/
usr/share/locale/ne/LC_MESSAGES/knetwalk.mo
usr/share/locale/nl/
usr/share/locale/nl/LC_MESSAGES/
usr/share/locale/nl/LC_MESSAGES/knetwalk.mo
usr/share/locale/nn/
usr/share/locale/nn/LC_MESSAGES/
usr/share/locale/nn/LC_MESSAGES/knetwalk.mo
usr/share/locale/oc/
usr/share/locale/oc/LC_MESSAGES/
usr/share/locale/oc/LC_MESSAGES/knetwalk.mo
usr/share/locale/pa/
usr/share/locale/pa/LC_MESSAGES/
usr/share/locale/pa/LC_MESSAGES/knetwalk.mo
usr/share/locale/pl/
usr/share/locale/pl/LC_MESSAGES/
usr/share/locale/pl/LC_MESSAGES/knetwalk.mo
usr/share/locale/pt/
usr/share/locale/pt/LC_MESSAGES/
usr/share/locale/pt/LC_MESSAGES/knetwalk.mo
usr/share/locale/pt_BR/
usr/share/locale/pt_BR/LC_MESSAGES/
usr/share/locale/pt_BR/LC_MESSAGES/knetwalk.mo
usr/share/locale/ro/
usr/share/locale/ro/LC_MESSAGES/
usr/share/locale/ro/LC_MESSAGES/knetwalk.mo
usr/share/locale/ru/
usr/share/locale/ru/LC_MESSAGES/
usr/share/locale/ru/LC_MESSAGES/knetwalk.mo
usr/share/locale/sa/
usr/share/locale/sa/LC_MESSAGES/
usr/share/locale/sa/LC_MESSAGES/knetwalk.mo
usr/share/locale/se/
usr/share/locale/se/LC_MESSAGES/
usr/share/locale/se/LC_MESSAGES/knetwalk.mo
usr/share/locale/sk/
usr/share/locale/sk/LC_MESSAGES/
usr/share/locale/sk/LC_MESSAGES/knetwalk.mo
usr/share/locale/sl/
usr/share/locale/sl/LC_MESSAGES/
usr/share/locale/sl/LC_MESSAGES/knetwalk.mo
usr/share/locale/sq/
usr/share/locale/sq/LC_MESSAGES/
usr/share/locale/sq/LC_MESSAGES/knetwalk.mo
usr/share/locale/sr/
usr/share/locale/sr/LC_MESSAGES/
usr/share/locale/sr/LC_MESSAGES/knetwalk.mo
usr/share/locale/sr@ijekavian/
usr/share/locale/sr@ijekavian/LC_MESSAGES/
usr/share/locale/sr@ijekavian/LC_MESSAGES/knetwalk.mo
usr/share/locale/sr@ijekavianlatin/
usr/share/locale/sr@ijekavianlatin/LC_MESSAGES/
usr/share/locale/sr@ijekavianlatin/LC_MESSAGES/knetwalk.mo
usr/share/locale/sr@latin/
usr/share/locale/sr@latin/LC_MESSAGES/
usr/share/locale/sr@latin/LC_MESSAGES/knetwalk.mo
usr/share/locale/sv/
usr/share/locale/sv/LC_MESSAGES/
usr/share/locale/sv/LC_MESSAGES/knetwalk.mo
usr/share/locale/te/
usr/share/locale/te/LC_MESSAGES/
usr/share/locale/te/LC_MESSAGES/knetwalk.mo
usr/share/locale/th/
usr/share/locale/th/LC_MESSAGES/
usr/share/locale/th/LC_MESSAGES/knetwalk.mo
usr/share/locale/tr/
usr/share/locale/tr/LC_MESSAGES/
usr/share/locale/tr/LC_MESSAGES/knetwalk.mo
usr/share/locale/ug/
usr/share/locale/ug/LC_MESSAGES/
usr/share/locale/ug/LC_MESSAGES/knetwalk.mo
usr/share/locale/uk/
usr/share/locale/uk/LC_MESSAGES/
usr/share/locale/uk/LC_MESSAGES/knetwalk.mo
usr/share/locale/zh_CN/
usr/share/locale/zh_CN/LC_MESSAGES/
usr/share/locale/zh_CN/LC_MESSAGES/knetwalk.mo
usr/share/locale/zh_TW/
usr/share/locale/zh_TW/LC_MESSAGES/
usr/share/locale/zh_TW/LC_MESSAGES/knetwalk.mo
usr/share/metainfo/
usr/share/metainfo/org.kde.knetwalk.appdata.xml

Slackware package /tmp/knetwalk/knetwalk-25.04.1-x86_64-1_rtz.tlz created.

Create shared object file for knetwalk-25.04.1-x86_64-1_rtz.tlz
Creating /tmp/knetwalk/knetwalk-25.04.1-x86_64-1_rtz.tlz.so.file using /tmp/knetwalk/knetwalk-25.04.1-x86_64-1_rtz.tlz
Successfully created /tmp/knetwalk/knetwalk-25.04.1-x86_64-1_rtz.tlz.so.file
Packaging of executable and meta-data in knetwalk.tar.lz4 format.
/tmp/knetwalk /tmp/knetwalk
/tmp/knetwalk
BIN_NAME
README
knetwalk-25.04.1-x86_64-1_rtz.tlz
knetwalk-25.04.1-x86_64-1_rtz.tlz.md5
knetwalk-25.04.1-x86_64-1_rtz.tlz.so.file
knetwalk-25.04.1-x86_64-1_rtz.tlz.txt
knetwalk.dep
makepkg-knetwalk.log
[32mknetwalk build finished. Procced to installation...[0m

+=======================================================================================================+
| Upgrading knetwalk-25.04.1-x86_64-1_rtz package using /tmp/knetwalk/knetwalk-25.04.1-x86_64-1_rtz.tlz |
+=======================================================================================================+

Pre-installing package knetwalk-25.04.1-x86_64-1_rtz...
Removing package: knetwalk-25.04.1-x86_64-1_rtz-upgraded-2025-05-28,20:33:25
Installing package knetwalk-25.04.1-x86_64-1_rtz.tlz:
PACKAGE DESCRIPTION:
# knetwalk (game)
#
# Connect all the terminals to the server, in as few turns as possible
#
# https://kde.org/applications/games/
Executing install script for knetwalk-25.04.1-x86_64-1_rtz.tlz.
Font directories:
	/usr/share/fonts
/usr/share/fonts: caching, new cache contents: 0 fonts, 11 dirs
/usr/share/fonts/100dpi: caching, new cache contents: 238 fonts, 0 dirs
/usr/share/fonts/75dpi: caching, new cache contents: 238 fonts, 0 dirs
/usr/share/fonts/OTF: caching, new cache contents: 124 fonts, 0 dirs
/usr/share/fonts/Speedo: caching, new cache contents: 0 fonts, 0 dirs
/usr/share/fonts/TTF: caching, new cache contents: 1132 fonts, 0 dirs
/usr/share/fonts/Type1: caching, new cache contents: 64 fonts, 0 dirs
/usr/share/fonts/cyrillic: caching, new cache contents: 0 fonts, 0 dirs
/usr/share/fonts/encodings: caching, new cache contents: 0 fonts, 1 dirs
/usr/share/fonts/encodings/large: caching, new cache contents: 0 fonts, 0 dirs
/usr/share/fonts/kanjistrokeorders: caching, new cache contents: 1 fonts, 0 dirs
/usr/share/fonts/misc: caching, new cache contents: 143 fonts, 0 dirs
/usr/share/fonts/util: caching, new cache contents: 0 fonts, 0 dirs
/var/cache/fontconfig: cleaning cache directory
/root/.cache/fontconfig: not cleaning non-existent cache directory
/root/.fontconfig: not cleaning non-existent cache directory
/usr/bin/fc-cache: succeeded
Package knetwalk-25.04.1-x86_64-1_rtz.tlz installed.
Package knetwalk-25.04.1-x86_64-1_rtz upgraded with new package /tmp/knetwalk/knetwalk-25.04.1-x86_64-1_rtz.tlz.
[32mCleaning environmet: Removing source code, and work-space...[0m
rm: cannot remove 'knetwalk-25.04.1.tar.xz': No such file or directory
