[32mStarting build process...[0m
Detected architecture: x86_64
Required dependencies: extra-cmake-modules	kcmutils	kconfigwidgets	kdoctools	ki18n	kiconthemes	kio
extra-cmake-modules is already installed!
kcmutils is already installed!
kconfigwidgets is already installed!
kdoctools is already installed!
ki18n is already installed!
kiconthemes is already installed!
kio is already installed!
No optional dependencies found.
Downloading source code tar.xz file
--2025-05-28 20:07:23--  https://download.kde.org/stable/release-service/25.04.1/src/kcron-25.04.1.tar.xz
Resolving download.kde.org (download.kde.org)... 49.12.122.15, 2a01:4f8:242:53eb::4
Connecting to download.kde.org (download.kde.org)|49.12.122.15|:443... connected.
HTTP request sent, awaiting response... 302 Found
Location: https://ftp.cc.uoc.gr/mirrors/kde/stable/release-service/25.04.1/src/kcron-25.04.1.tar.xz [following]
--2025-05-28 20:07:23--  https://ftp.cc.uoc.gr/mirrors/kde/stable/release-service/25.04.1/src/kcron-25.04.1.tar.xz
Resolving ftp.cc.uoc.gr (ftp.cc.uoc.gr)... 147.52.159.50, 2001:648:2c00:6c08::2
Connecting to ftp.cc.uoc.gr (ftp.cc.uoc.gr)|147.52.159.50|:443... connected.
HTTP request sent, awaiting response... 200 OK
Length: 900312 (879K) [application/octet-stream]
Saving to: ‘kcron-25.04.1.tar.xz’

     0K .......... .......... .......... .......... ..........  5%  187K 4s
    50K .......... .......... .......... .......... .......... 11%  365K 3s
   100K .......... .......... .......... .......... .......... 17%  349K 3s
   150K .......... .......... .......... .......... .......... 22%  496K 2s
   200K .......... .......... .......... .......... .......... 28%  495K 2s
   250K .......... .......... .......... .......... .......... 34%  720K 2s
   300K .......... .......... .......... .......... .......... 39%  499K 1s
   350K .......... .......... .......... .......... .......... 45%  725K 1s
   400K .......... .......... .......... .......... .......... 51%  740K 1s
   450K .......... .......... .......... .......... .......... 56%  747K 1s
   500K .......... .......... .......... .......... .......... 62%  733K 1s
   550K .......... .......... .......... .......... .......... 68%  767K 1s
   600K .......... .......... .......... .......... .......... 73%  739K 0s
   650K .......... .......... .......... .......... .......... 79% 1.37M 0s
   700K .......... .......... .......... .......... .......... 85%  765K 0s
   750K .......... .......... .......... .......... .......... 90%  745K 0s
   800K .......... .......... .......... .......... .......... 96% 1.34M 0s
   850K .......... .......... .........                       100% 12.9M=1.5s

2025-05-28 20:07:25 (575 KB/s) - ‘kcron-25.04.1.tar.xz’ saved [900312/900312]

Found file: kcron-25.04.1.tar.xz
No checksum provided. Skipping checksum verification and proceeding...
Creating working directories and exporting source code in...
kcron-25.04.1/
kcron-25.04.1/org.kde.kcron.metainfo.xml
kcron-25.04.1/AUTHORS
kcron-25.04.1/CMakePresets.json
kcron-25.04.1/Messages.sh
kcron-25.04.1/LICENSES/
kcron-25.04.1/LICENSES/CC0-1.0.txt
kcron-25.04.1/LICENSES/GPL-2.0-or-later.txt
kcron-25.04.1/.gitlab-ci.yml
kcron-25.04.1/doc/
kcron-25.04.1/doc/kcontrol/
kcron-25.04.1/doc/kcontrol/newtask.png
kcron-25.04.1/doc/kcontrol/kcronstart.png
kcron-25.04.1/doc/kcontrol/index.docbook
kcron-25.04.1/doc/kcontrol/newvariable.png
kcron-25.04.1/doc/kcontrol/CMakeLists.txt
kcron-25.04.1/doc/CMakeLists.txt
kcron-25.04.1/README
kcron-25.04.1/logo.png
kcron-25.04.1/.git-blame-ignore-revs
kcron-25.04.1/TODO
kcron-25.04.1/.kde-ci.yml
kcron-25.04.1/po/
kcron-25.04.1/po/fa/
kcron-25.04.1/po/fa/kcron.po
kcron-25.04.1/po/bg/
kcron-25.04.1/po/bg/kcron.po
kcron-25.04.1/po/pt/
kcron-25.04.1/po/pt/kcron.po
kcron-25.04.1/po/pt/docs/
kcron-25.04.1/po/pt/docs/kcontrol/
kcron-25.04.1/po/pt/docs/kcontrol/kcron/
kcron-25.04.1/po/pt/docs/kcontrol/kcron/newtask.png
kcron-25.04.1/po/pt/docs/kcontrol/kcron/kcronstart.png
kcron-25.04.1/po/pt/docs/kcontrol/kcron/index.docbook
kcron-25.04.1/po/pt/docs/kcontrol/kcron/kcron.png
kcron-25.04.1/po/pt/docs/kcontrol/kcron/newvariable.png
kcron-25.04.1/po/pt/docs/kcontrol/kcron/print.png
kcron-25.04.1/po/km/
kcron-25.04.1/po/km/kcron.po
kcron-25.04.1/po/nn/
kcron-25.04.1/po/nn/kcron.po
kcron-25.04.1/po/pl/
kcron-25.04.1/po/pl/kcron.po
kcron-25.04.1/po/vi/
kcron-25.04.1/po/vi/kcron.po
kcron-25.04.1/po/ja/
kcron-25.04.1/po/ja/kcron.po
kcron-25.04.1/po/pa/
kcron-25.04.1/po/pa/kcron.po
kcron-25.04.1/po/bs/
kcron-25.04.1/po/bs/kcron.po
kcron-25.04.1/po/zh_CN/
kcron-25.04.1/po/zh_CN/kcron.po
kcron-25.04.1/po/zh_CN/docs/
kcron-25.04.1/po/zh_CN/docs/kcontrol/
kcron-25.04.1/po/zh_CN/docs/kcontrol/kcron/
kcron-25.04.1/po/zh_CN/docs/kcontrol/kcron/index.docbook
kcron-25.04.1/po/cs/
kcron-25.04.1/po/cs/kcron.po
kcron-25.04.1/po/es/
kcron-25.04.1/po/es/kcron.po
kcron-25.04.1/po/es/docs/
kcron-25.04.1/po/es/docs/kcontrol/
kcron-25.04.1/po/es/docs/kcontrol/kcron/
kcron-25.04.1/po/es/docs/kcontrol/kcron/index.docbook
kcron-25.04.1/po/es/docs/kcontrol/kcron/print.png
kcron-25.04.1/po/ka/
kcron-25.04.1/po/ka/kcron.po
kcron-25.04.1/po/is/
kcron-25.04.1/po/is/kcron.po
kcron-25.04.1/po/tr/
kcron-25.04.1/po/tr/kcron.po
kcron-25.04.1/po/ug/
kcron-25.04.1/po/ug/kcron.po
kcron-25.04.1/po/ca/
kcron-25.04.1/po/ca/kcron.po
kcron-25.04.1/po/ca/docs/
kcron-25.04.1/po/ca/docs/kcontrol/
kcron-25.04.1/po/ca/docs/kcontrol/kcron/
kcron-25.04.1/po/ca/docs/kcontrol/kcron/index.docbook
kcron-25.04.1/po/se/
kcron-25.04.1/po/se/kcron.po
kcron-25.04.1/po/ca@valencia/
kcron-25.04.1/po/ca@valencia/kcron.po
kcron-25.04.1/po/hr/
kcron-25.04.1/po/hr/kcron.po
kcron-25.04.1/po/gl/
kcron-25.04.1/po/gl/kcron.po
kcron-25.04.1/po/ro/
kcron-25.04.1/po/ro/kcron.po
kcron-25.04.1/po/oc/
kcron-25.04.1/po/oc/kcron.po
kcron-25.04.1/po/br/
kcron-25.04.1/po/br/kcron.po
kcron-25.04.1/po/eo/
kcron-25.04.1/po/eo/kcron.po
kcron-25.04.1/po/sr@ijekavian/
kcron-25.04.1/po/sr@ijekavian/kcron.po
kcron-25.04.1/po/zh_HK/
kcron-25.04.1/po/zh_HK/kcron.po
kcron-25.04.1/po/ku/
kcron-25.04.1/po/ku/kcron.po
kcron-25.04.1/po/nl/
kcron-25.04.1/po/nl/kcron.po
kcron-25.04.1/po/nl/docs/
kcron-25.04.1/po/nl/docs/kcontrol/
kcron-25.04.1/po/nl/docs/kcontrol/kcron/
kcron-25.04.1/po/nl/docs/kcontrol/kcron/newtask.png
kcron-25.04.1/po/nl/docs/kcontrol/kcron/index.docbook
kcron-25.04.1/po/nl/docs/kcontrol/kcron/newvariable.png
kcron-25.04.1/po/nl/docs/kcontrol/kcron/print.png
kcron-25.04.1/po/mr/
kcron-25.04.1/po/mr/kcron.po
kcron-25.04.1/po/af/
kcron-25.04.1/po/af/kcron.po
kcron-25.04.1/po/hu/
kcron-25.04.1/po/hu/kcron.po
kcron-25.04.1/po/eu/
kcron-25.04.1/po/eu/kcron.po
kcron-25.04.1/po/lv/
kcron-25.04.1/po/lv/kcron.po
kcron-25.04.1/po/mk/
kcron-25.04.1/po/mk/kcron.po
kcron-25.04.1/po/nb/
kcron-25.04.1/po/nb/kcron.po
kcron-25.04.1/po/fr/
kcron-25.04.1/po/fr/kcron.po
kcron-25.04.1/po/fr/docs/
kcron-25.04.1/po/fr/docs/kcontrol/
kcron-25.04.1/po/fr/docs/kcontrol/kcron/
kcron-25.04.1/po/fr/docs/kcontrol/kcron/newtask.png
kcron-25.04.1/po/fr/docs/kcontrol/kcron/kcronstart.png
kcron-25.04.1/po/fr/docs/kcontrol/kcron/index.docbook
kcron-25.04.1/po/fr/docs/kcontrol/kcron/kcron.png
kcron-25.04.1/po/fr/docs/kcontrol/kcron/newvariable.png
kcron-25.04.1/po/fr/docs/kcontrol/kcron/print.png
kcron-25.04.1/po/hi/
kcron-25.04.1/po/hi/kcron.po
kcron-25.04.1/po/sl/
kcron-25.04.1/po/sl/kcron.po
kcron-25.04.1/po/sr@latin/
kcron-25.04.1/po/sr@latin/kcron.po
kcron-25.04.1/po/th/
kcron-25.04.1/po/th/kcron.po
kcron-25.04.1/po/wa/
kcron-25.04.1/po/wa/kcron.po
kcron-25.04.1/po/ta/
kcron-25.04.1/po/ta/kcron.po
kcron-25.04.1/po/sr/
kcron-25.04.1/po/sr/kcron.po
kcron-25.04.1/po/he/
kcron-25.04.1/po/he/kcron.po
kcron-25.04.1/po/de/
kcron-25.04.1/po/de/kcron.po
kcron-25.04.1/po/de/docs/
kcron-25.04.1/po/de/docs/kcontrol/
kcron-25.04.1/po/de/docs/kcontrol/kcron/
kcron-25.04.1/po/de/docs/kcontrol/kcron/newtask.png
kcron-25.04.1/po/de/docs/kcontrol/kcron/kcronstart.png
kcron-25.04.1/po/de/docs/kcontrol/kcron/index.docbook
kcron-25.04.1/po/de/docs/kcontrol/kcron/newvariable.png
kcron-25.04.1/po/ar/
kcron-25.04.1/po/ar/kcron.po
kcron-25.04.1/po/sk/
kcron-25.04.1/po/sk/kcron.po
kcron-25.04.1/po/zh_TW/
kcron-25.04.1/po/zh_TW/kcron.po
kcron-25.04.1/po/et/
kcron-25.04.1/po/et/kcron.po
kcron-25.04.1/po/et/docs/
kcron-25.04.1/po/et/docs/kcontrol/
kcron-25.04.1/po/et/docs/kcontrol/kcron/
kcron-25.04.1/po/et/docs/kcontrol/kcron/index.docbook
kcron-25.04.1/po/it/
kcron-25.04.1/po/it/kcron.po
kcron-25.04.1/po/it/docs/
kcron-25.04.1/po/it/docs/kcontrol/
kcron-25.04.1/po/it/docs/kcontrol/kcron/
kcron-25.04.1/po/it/docs/kcontrol/kcron/index.docbook
kcron-25.04.1/po/el/
kcron-25.04.1/po/el/kcron.po
kcron-25.04.1/po/da/
kcron-25.04.1/po/da/kcron.po
kcron-25.04.1/po/xh/
kcron-25.04.1/po/xh/kcron.po
kcron-25.04.1/po/pt_BR/
kcron-25.04.1/po/pt_BR/kcron.po
kcron-25.04.1/po/pt_BR/docs/
kcron-25.04.1/po/pt_BR/docs/kcontrol/
kcron-25.04.1/po/pt_BR/docs/kcontrol/kcron/
kcron-25.04.1/po/pt_BR/docs/kcontrol/kcron/newtask.png
kcron-25.04.1/po/pt_BR/docs/kcontrol/kcron/kcronstart.png
kcron-25.04.1/po/pt_BR/docs/kcontrol/kcron/index.docbook
kcron-25.04.1/po/pt_BR/docs/kcontrol/kcron/newvariable.png
kcron-25.04.1/po/ru/
kcron-25.04.1/po/ru/kcron.po
kcron-25.04.1/po/ru/docs/
kcron-25.04.1/po/ru/docs/kcontrol/
kcron-25.04.1/po/ru/docs/kcontrol/kcron/
kcron-25.04.1/po/ru/docs/kcontrol/kcron/index.docbook
kcron-25.04.1/po/sq/
kcron-25.04.1/po/sq/kcron.po
kcron-25.04.1/po/ia/
kcron-25.04.1/po/ia/kcron.po
kcron-25.04.1/po/cy/
kcron-25.04.1/po/cy/kcron.po
kcron-25.04.1/po/sv/
kcron-25.04.1/po/sv/kcron.po
kcron-25.04.1/po/sv/docs/
kcron-25.04.1/po/sv/docs/kcontrol/
kcron-25.04.1/po/sv/docs/kcontrol/kcron/
kcron-25.04.1/po/sv/docs/kcontrol/kcron/newtask.png
kcron-25.04.1/po/sv/docs/kcontrol/kcron/kcronstart.png
kcron-25.04.1/po/sv/docs/kcontrol/kcron/index.docbook
kcron-25.04.1/po/sv/docs/kcontrol/kcron/newvariable.png
kcron-25.04.1/po/ne/
kcron-25.04.1/po/ne/kcron.po
kcron-25.04.1/po/ms/
kcron-25.04.1/po/ms/kcron.po
kcron-25.04.1/po/fi/
kcron-25.04.1/po/fi/kcron.po
kcron-25.04.1/po/kk/
kcron-25.04.1/po/kk/kcron.po
kcron-25.04.1/po/ast/
kcron-25.04.1/po/ast/kcron.po
kcron-25.04.1/po/lt/
kcron-25.04.1/po/lt/kcron.po
kcron-25.04.1/po/be/
kcron-25.04.1/po/be/kcron.po
kcron-25.04.1/po/tg/
kcron-25.04.1/po/tg/kcron.po
kcron-25.04.1/po/sa/
kcron-25.04.1/po/sa/kcron.po
kcron-25.04.1/po/ko/
kcron-25.04.1/po/ko/kcron.po
kcron-25.04.1/po/ko/docs/
kcron-25.04.1/po/ko/docs/kcontrol/
kcron-25.04.1/po/ko/docs/kcontrol/kcron/
kcron-25.04.1/po/ko/docs/kcontrol/kcron/index.docbook
kcron-25.04.1/po/hne/
kcron-25.04.1/po/hne/kcron.po
kcron-25.04.1/po/ga/
kcron-25.04.1/po/ga/kcron.po
kcron-25.04.1/po/en_GB/
kcron-25.04.1/po/en_GB/kcron.po
kcron-25.04.1/po/uk/
kcron-25.04.1/po/uk/kcron.po
kcron-25.04.1/po/uk/docs/
kcron-25.04.1/po/uk/docs/kcontrol/
kcron-25.04.1/po/uk/docs/kcontrol/kcron/
kcron-25.04.1/po/uk/docs/kcontrol/kcron/newtask.png
kcron-25.04.1/po/uk/docs/kcontrol/kcron/kcronstart.png
kcron-25.04.1/po/uk/docs/kcontrol/kcron/index.docbook
kcron-25.04.1/po/uk/docs/kcontrol/kcron/newvariable.png
kcron-25.04.1/po/sr@ijekavianlatin/
kcron-25.04.1/po/sr@ijekavianlatin/kcron.po
kcron-25.04.1/po/nds/
kcron-25.04.1/po/nds/kcron.po
kcron-25.04.1/ChangeLog
kcron-25.04.1/CMakeLists.txt
kcron-25.04.1/src/
kcron-25.04.1/src/variable.h
kcron-25.04.1/src/variablesmodel.h
kcron-25.04.1/src/variable.cpp
kcron-25.04.1/src/task.cpp
kcron-25.04.1/src/kcmCron.h
kcron-25.04.1/src/tasksmodel.cpp
kcron-25.04.1/src/task.h
kcron-25.04.1/src/variablesmodel.cpp
kcron-25.04.1/src/cronPrinter.h
kcron-25.04.1/src/tasksmodel.h
kcron-25.04.1/src/genericmodel.h
kcron-25.04.1/src/taskvalidator.cpp
kcron-25.04.1/src/kcmCron.cpp
kcron-25.04.1/src/helper/
kcron-25.04.1/src/helper/kcronhelper.h
kcron-25.04.1/src/helper/kcronhelper.cpp
kcron-25.04.1/src/helper/local.kcron.crontab.actions
kcron-25.04.1/src/helper/README
kcron-25.04.1/src/helper/CMakeLists.txt
kcron-25.04.1/src/cronPrinter.cpp
kcron-25.04.1/src/genericmodel.cpp
kcron-25.04.1/src/kcm_cron.json
kcron-25.04.1/src/crontablib/
kcron-25.04.1/src/crontablib/ctcron.h
kcron-25.04.1/src/crontablib/ctunit.cpp
kcron-25.04.1/src/crontablib/ctdow.h
kcron-25.04.1/src/crontablib/cthost.cpp
kcron-25.04.1/src/crontablib/ctdow.cpp
kcron-25.04.1/src/crontablib/ctvariable.cpp
kcron-25.04.1/src/crontablib/ctmonth.cpp
kcron-25.04.1/src/crontablib/cttask.h
kcron-25.04.1/src/crontablib/ctInitializationError.cpp
kcron-25.04.1/src/crontablib/ctSaveStatus.h
kcron-25.04.1/src/crontablib/ctInitializationError.h
kcron-25.04.1/src/crontablib/ctSystemCron.h
kcron-25.04.1/src/crontablib/ctmonth.h
kcron-25.04.1/src/crontablib/cthost.h
kcron-25.04.1/src/crontablib/ctunit.h
kcron-25.04.1/src/crontablib/ctminute.cpp
kcron-25.04.1/src/crontablib/ctvariable.h
kcron-25.04.1/src/crontablib/cthour.h
kcron-25.04.1/src/crontablib/ctdom.h
kcron-25.04.1/src/crontablib/ctminute.h
kcron-25.04.1/src/crontablib/ctcron.cpp
kcron-25.04.1/src/crontablib/ctHelper.h
kcron-25.04.1/src/crontablib/ctdom.cpp
kcron-25.04.1/src/crontablib/cthour.cpp
kcron-25.04.1/src/crontablib/cttask.cpp
kcron-25.04.1/src/crontablib/ctSaveStatus.cpp
kcron-25.04.1/src/crontablib/ctHelper.cpp
kcron-25.04.1/src/crontablib/ctSystemCron.cpp
kcron-25.04.1/src/CMakeLists.txt
kcron-25.04.1/src/taskvalidator.h
kcron-25.04.1/src/ui/
kcron-25.04.1/src/ui/TaskPage.qml
kcron-25.04.1/src/ui/TasksComponent.qml
kcron-25.04.1/src/ui/VariablesComponent.qml
kcron-25.04.1/src/ui/Onboarding.qml
kcron-25.04.1/src/ui/TimeCard.qml
kcron-25.04.1/src/ui/main.qml
kcron-25.04.1/src/ui/CheckedModel.qml
kcron-25.04.1/src/ui/VariablePage.qml
kcron-25.04.1/src/ui/Table.qml
kcron-25.04.1/.gitignore
/home/omen/GITHUB/Athos/AthOS/REPO-AthOS/kcron/work
README or README.md already exists, skipping creation.
hm...lets continue and see what happens
-- The C compiler identification is GNU 14.3.0
-- The CXX compiler identification is GNU 14.3.0
-- Detecting C compiler ABI info
-- Detecting C compiler ABI info - done
-- Check for working C compiler: /usr/bin/cc - skipped
-- Detecting C compile features
-- Detecting C compile features - done
-- Detecting CXX compiler ABI info
-- Detecting CXX compiler ABI info - done
-- Check for working CXX compiler: /usr/bin/c++ - skipped
-- Detecting CXX compile features
-- Detecting CXX compile features - done
-- Installing in the same prefix as Qt, adopting their path scheme.
-- Looking for __GLIBC__
-- Looking for __GLIBC__ - found
-- Performing Test _OFFT_IS_64BIT
-- Performing Test _OFFT_IS_64BIT - Success
-- Performing Test HAVE_DATE_TIME
-- Performing Test HAVE_DATE_TIME - Success
-- Performing Test HAVE_STDATOMIC
-- Performing Test HAVE_STDATOMIC - Success
-- Found WrapAtomic: TRUE
-- Found Cups: /usr/lib64/libcups.so (found version "2.4.12")
-- Found OpenGL: /usr/lib64/libOpenGL.so
-- Found WrapOpenGL: TRUE
-- Found XKB: /usr/lib64/libxkbcommon.so (found suitable version "1.10.0", minimum required is "0.5.0")
-- Found WrapVulkanHeaders: /usr/include
-- Found KF6ConfigWidgets: /usr/lib64/cmake/KF6ConfigWidgets/KF6ConfigWidgetsConfig.cmake (found version "6.14.0")
-- Found KF6CoreAddons: /usr/lib64/cmake/KF6CoreAddons/KF6CoreAddonsConfig.cmake (found version "6.14.0")
-- Found KF6Auth: /usr/lib64/cmake/KF6Auth/KF6AuthConfig.cmake (found version "6.14.0")
-- Found Gettext: /usr/bin/msgmerge (found version "0.25")
-- Found KF6I18n: /usr/lib64/cmake/KF6I18n/KF6I18nConfig.cmake (found version "6.14.0")
-- Found KF6KCMUtils: /usr/lib64/cmake/KF6KCMUtils/KF6KCMUtilsConfig.cmake (found version "6.14.0")
-- Found KF6: success (found version "6.14.0") found components: ConfigWidgets CoreAddons Auth I18n KCMUtils
-- The following OPTIONAL packages have been found:

 * Cups
 * OpenGL
 * XKB (required version >= 0.5.0), XKB API common to servers and clients., <http://xkbcommon.org>
 * Qt6PrintSupport (required version >= 6.5.0)
 * Qt6QuickTools (required version >= 6.8.3)
 * WrapVulkanHeaders
 * Qt6Quick (required version >= 6.5.0)
 * Qt6DBusTools (required version >= 6.8.3)
 * Qt6QmlTools (required version >= 6.8.3)
 * Qt6GuiTools (required version >= 6.8.3)
 * Qt6WidgetsTools (required version >= 6.8.3)
 * Qt6CoreTools (required version >= 6.8.3)
 * KF6DocTools (required version >= 6.3.0), Tools to generate documentation

-- The following REQUIRED packages have been found:

 * ECM (required version >= 6.3.0)
 * Qt6 (required version >= 6.5.0)
 * KF6CoreAddons (required version >= 6.14.0)
 * KF6Auth
 * Gettext
 * KF6I18n
 * KF6ConfigWidgets (required version >= 6.14.0)
 * KF6KCMUtils
 * KF6
 * Qt6Core
 * KF6KirigamiAddons (required version >= 0.11.76)

-- Configuring done (1.0s)
-- Generating done (0.0s)
-- Build files have been written to: /home/omen/GITHUB/Athos/AthOS/REPO-AthOS/kcron/work/kcron-25.04.1/build
[0/2] Re-checking globbed directories...
[1/53] cd /home/omen/GITHUB/Athos/AthOS/REPO-AthOS/kcron/work/kcron-25.04.1/build/src && /usr/libexec/kf6/kcmdesktopfilegenerator /home/omen/GITHUB/Athos/AthOS/REPO-AthOS/kcron/work/kcron-25.04.1/src/kcm_cron.json /home/omen/GITHUB/Athos/AthOS/REPO-AthOS/kcron/work/kcron-25.04.1/build/src/kcm_cron.desktop
[2/53] Generating local.kcron.crontab.policy
[3/53] Generating ts...
[4/53] Generating po/et/docs/kcontrol/kcron/index.cache.bz2
[5/53] Generating mo...
[6/53] Generating po/de/docs/kcontrol/kcron/index.cache.bz2
[7/53] Generating po/nl/docs/kcontrol/kcron/index.cache.bz2
[8/53] Generating po/pt_BR/docs/kcontrol/kcron/index.cache.bz2
I/O warning : failed to load "/usr/share/kf6/kdoctools/customization/xsl/pt-BR.xml": No such file or directory
No "pt_br" localization of "footer-doc-comment" exists; using "en".
No "pt_br" localization of "footer-doc-feedback" exists; using "en".
No "pt_br" localization of "footer-doc-teamname" exists; using "en".
[9/53] Generating po/ko/docs/kcontrol/kcron/index.cache.bz2
[10/53] Generating po/ca/docs/kcontrol/kcron/index.cache.bz2
[11/53] Generating po/fr/docs/kcontrol/kcron/index.cache.bz2
[12/53] Generating po/zh_CN/docs/kcontrol/kcron/index.cache.bz2
I/O warning : failed to load "/usr/share/kf6/kdoctools/customization/xsl/zh-CN.xml": No such file or directory
No "zh_cn" localization of "footer-doc-comment" exists; using "en".
No "zh_cn" localization of "footer-doc-feedback" exists; using "en".
No "zh_cn" localization of "footer-doc-teamname" exists; using "en".
[13/53] Generating po/uk/docs/kcontrol/kcron/index.cache.bz2
[14/53] Generating po/it/docs/kcontrol/kcron/index.cache.bz2
[15/53] Generating po/ru/docs/kcontrol/kcron/index.cache.bz2
[16/53] Generating po/es/docs/kcontrol/kcron/index.cache.bz2
[17/53] Generating po/pt/docs/kcontrol/kcron/index.cache.bz2
[18/53] Generating po/sv/docs/kcontrol/kcron/index.cache.bz2
[19/53] Generating index.cache.bz2
[20/53] Automatic MOC for target kcron_helper
[21/53] Building CXX object src/helper/CMakeFiles/kcron_helper.dir/kcron_helper_autogen/mocs_compilation.cpp.o
[22/53] Automatic MOC for target kcm_cron
AutoMoc warning
---------------
"SRC:/src/cronPrinter.cpp"
includes the moc file "cronPrinter.moc", but does not contain a Q_OBJECT, Q_GADGET, Q_NAMESPACE, Q_NAMESPACE_EXPORT, Q_GADGET_EXPORT, Q_ENUM_NS, K_PLUGIN_FACTORY, K_PLUGIN_CLASS, K_PLUGIN_FACTORY_WITH_JSON or K_PLUGIN_CLASS_WITH_JSON macro.

AutoMoc warning
---------------
"SRC:/src/genericmodel.cpp"
includes the moc file "genericmodel.moc", but does not contain a Q_OBJECT, Q_GADGET, Q_NAMESPACE, Q_NAMESPACE_EXPORT, Q_GADGET_EXPORT, Q_ENUM_NS, K_PLUGIN_FACTORY, K_PLUGIN_CLASS, K_PLUGIN_FACTORY_WITH_JSON or K_PLUGIN_CLASS_WITH_JSON macro.

AutoMoc warning
---------------
"SRC:/src/task.cpp"
includes the moc file "task.moc", but does not contain a Q_OBJECT, Q_GADGET, Q_NAMESPACE, Q_NAMESPACE_EXPORT, Q_GADGET_EXPORT, Q_ENUM_NS, K_PLUGIN_FACTORY, K_PLUGIN_CLASS, K_PLUGIN_FACTORY_WITH_JSON or K_PLUGIN_CLASS_WITH_JSON macro.

AutoMoc warning
---------------
"SRC:/src/tasksmodel.cpp"
includes the moc file "tasksmodel.moc", but does not contain a Q_OBJECT, Q_GADGET, Q_NAMESPACE, Q_NAMESPACE_EXPORT, Q_GADGET_EXPORT, Q_ENUM_NS, K_PLUGIN_FACTORY, K_PLUGIN_CLASS, K_PLUGIN_FACTORY_WITH_JSON or K_PLUGIN_CLASS_WITH_JSON macro.

AutoMoc warning
---------------
"SRC:/src/taskvalidator.cpp"
includes the moc file "taskvalidator.moc", but does not contain a Q_OBJECT, Q_GADGET, Q_NAMESPACE, Q_NAMESPACE_EXPORT, Q_GADGET_EXPORT, Q_ENUM_NS, K_PLUGIN_FACTORY, K_PLUGIN_CLASS, K_PLUGIN_FACTORY_WITH_JSON or K_PLUGIN_CLASS_WITH_JSON macro.

AutoMoc warning
---------------
"SRC:/src/variable.cpp"
includes the moc file "variable.moc", but does not contain a Q_OBJECT, Q_GADGET, Q_NAMESPACE, Q_NAMESPACE_EXPORT, Q_GADGET_EXPORT, Q_ENUM_NS, K_PLUGIN_FACTORY, K_PLUGIN_CLASS, K_PLUGIN_FACTORY_WITH_JSON or K_PLUGIN_CLASS_WITH_JSON macro.

AutoMoc warning
---------------
"SRC:/src/variablesmodel.cpp"
includes the moc file "variablesmodel.moc", but does not contain a Q_OBJECT, Q_GADGET, Q_NAMESPACE, Q_NAMESPACE_EXPORT, Q_GADGET_EXPORT, Q_ENUM_NS, K_PLUGIN_FACTORY, K_PLUGIN_CLASS, K_PLUGIN_FACTORY_WITH_JSON or K_PLUGIN_CLASS_WITH_JSON macro.

AutoMoc: /home/omen/GITHUB/Athos/AthOS/REPO-AthOS/kcron/work/kcron-25.04.1/src/genericmodel.cpp: note: No relevant classes found. No output generated.
AutoMoc: /home/omen/GITHUB/Athos/AthOS/REPO-AthOS/kcron/work/kcron-25.04.1/src/task.cpp: note: No relevant classes found. No output generated.
AutoMoc: /home/omen/GITHUB/Athos/AthOS/REPO-AthOS/kcron/work/kcron-25.04.1/src/cronPrinter.cpp: note: No relevant classes found. No output generated.
AutoMoc: /home/omen/GITHUB/Athos/AthOS/REPO-AthOS/kcron/work/kcron-25.04.1/src/taskvalidator.cpp: note: No relevant classes found. No output generated.
AutoMoc: /home/omen/GITHUB/Athos/AthOS/REPO-AthOS/kcron/work/kcron-25.04.1/src/tasksmodel.cpp: note: No relevant classes found. No output generated.
AutoMoc: /home/omen/GITHUB/Athos/AthOS/REPO-AthOS/kcron/work/kcron-25.04.1/src/variable.cpp: note: No relevant classes found. No output generated.
AutoMoc: /home/omen/GITHUB/Athos/AthOS/REPO-AthOS/kcron/work/kcron-25.04.1/src/variablesmodel.cpp: note: No relevant classes found. No output generated.
[23/53] Generating qrc_kcm_cron.cpp
[24/53] Building CXX object src/CMakeFiles/kcm_cron.dir/kcm_cron_autogen/mocs_compilation.cpp.o
[25/53] Building CXX object src/CMakeFiles/kcm_cron.dir/qrc_kcm_cron.cpp.o
[26/53] Building CXX object src/CMakeFiles/kcm_cron.dir/crontablib/ctSaveStatus.cpp.o
[27/53] Building CXX object src/helper/CMakeFiles/kcron_helper.dir/kcm_cron_helper_debug.cpp.o
[28/53] Building CXX object src/CMakeFiles/kcm_cron.dir/crontablib/ctminute.cpp.o
[29/53] Building CXX object src/CMakeFiles/kcm_cron.dir/crontablib/ctInitializationError.cpp.o
[30/53] Building CXX object src/CMakeFiles/kcm_cron.dir/crontablib/ctHelper.cpp.o
[31/53] Building CXX object src/CMakeFiles/kcm_cron.dir/crontablib/cthour.cpp.o
[32/53] Building CXX object src/CMakeFiles/kcm_cron.dir/crontablib/ctdow.cpp.o
[33/53] Building CXX object src/CMakeFiles/kcm_cron.dir/crontablib/ctmonth.cpp.o
[34/53] Building CXX object src/CMakeFiles/kcm_cron.dir/kcm_cron_debug.cpp.o
[35/53] Building CXX object src/CMakeFiles/kcm_cron.dir/crontablib/ctdom.cpp.o
[36/53] Building CXX object src/CMakeFiles/kcm_cron.dir/crontablib/ctunit.cpp.o
[37/53] Building CXX object src/CMakeFiles/kcm_cron.dir/crontablib/ctvariable.cpp.o
[38/53] Building CXX object src/helper/CMakeFiles/kcron_helper.dir/kcronhelper.cpp.o
[39/53] Linking CXX executable bin/kcron_helper
[40/53] Building CXX object src/CMakeFiles/kcm_cron.dir/task.cpp.o
[41/53] Building CXX object src/CMakeFiles/kcm_cron.dir/genericmodel.cpp.o
[42/53] Building CXX object src/CMakeFiles/kcm_cron.dir/crontablib/cthost.cpp.o
[43/53] Building CXX object src/CMakeFiles/kcm_cron.dir/variable.cpp.o
[44/53] Building CXX object src/CMakeFiles/kcm_cron.dir/crontablib/ctSystemCron.cpp.o
[45/53] Building CXX object src/CMakeFiles/kcm_cron.dir/variablesmodel.cpp.o
[46/53] Building CXX object src/CMakeFiles/kcm_cron.dir/crontablib/cttask.cpp.o
[47/53] Building CXX object src/CMakeFiles/kcm_cron.dir/cronPrinter.cpp.o
[48/53] Building CXX object src/CMakeFiles/kcm_cron.dir/taskvalidator.cpp.o
[49/53] Building CXX object src/CMakeFiles/kcm_cron.dir/tasksmodel.cpp.o
[50/53] Building CXX object src/CMakeFiles/kcm_cron.dir/kcmCron.cpp.o
[51/53] Building CXX object src/CMakeFiles/kcm_cron.dir/crontablib/ctcron.cpp.o
[52/53] Linking CXX shared module bin/plasma/kcms/systemsettings/kcm_cron.so
-- Install configuration: "RelWithDebInfo"
-- Installing: /home/omen/GITHUB/Athos/AthOS/REPO-AthOS/kcron/package-kcron/usr/lib64/qt6/plugins/plasma/kcms/systemsettings/kcm_cron.so
-- Installing: /home/omen/GITHUB/Athos/AthOS/REPO-AthOS/kcron/package-kcron/usr/share/applications/kcm_cron.desktop
-- Installing: /home/omen/GITHUB/Athos/AthOS/REPO-AthOS/kcron/package-kcron/usr/libexec/kf6/kauth/kcron_helper
-- Installing: /home/omen/GITHUB/Athos/AthOS/REPO-AthOS/kcron/package-kcron/usr/share/dbus-1/system.d/local.kcron.crontab.conf
-- Installing: /home/omen/GITHUB/Athos/AthOS/REPO-AthOS/kcron/package-kcron/usr/share/dbus-1/system-services/local.kcron.crontab.service
-- Installing: /home/omen/GITHUB/Athos/AthOS/REPO-AthOS/kcron/package-kcron/usr/share/polkit-1/actions/local.kcron.crontab.policy
-- Installing: /home/omen/GITHUB/Athos/AthOS/REPO-AthOS/kcron/package-kcron/usr/share/metainfo/org.kde.kcron.metainfo.xml
-- Installing: /home/omen/GITHUB/Athos/AthOS/REPO-AthOS/kcron/package-kcron/usr/share/qlogging-categories6/kcron.categories
-- Installing: /home/omen/GITHUB/Athos/AthOS/REPO-AthOS/kcron/package-kcron/usr/share/locale
-- Installing: /home/omen/GITHUB/Athos/AthOS/REPO-AthOS/kcron/package-kcron/usr/share/locale/da
-- Installing: /home/omen/GITHUB/Athos/AthOS/REPO-AthOS/kcron/package-kcron/usr/share/locale/da/LC_MESSAGES
-- Installing: /home/omen/GITHUB/Athos/AthOS/REPO-AthOS/kcron/package-kcron/usr/share/locale/da/LC_MESSAGES/kcron.mo
-- Installing: /home/omen/GITHUB/Athos/AthOS/REPO-AthOS/kcron/package-kcron/usr/share/locale/ms
-- Installing: /home/omen/GITHUB/Athos/AthOS/REPO-AthOS/kcron/package-kcron/usr/share/locale/ms/LC_MESSAGES
-- Installing: /home/omen/GITHUB/Athos/AthOS/REPO-AthOS/kcron/package-kcron/usr/share/locale/ms/LC_MESSAGES/kcron.mo
-- Installing: /home/omen/GITHUB/Athos/AthOS/REPO-AthOS/kcron/package-kcron/usr/share/locale/cs
-- Installing: /home/omen/GITHUB/Athos/AthOS/REPO-AthOS/kcron/package-kcron/usr/share/locale/cs/LC_MESSAGES
-- Installing: /home/omen/GITHUB/Athos/AthOS/REPO-AthOS/kcron/package-kcron/usr/share/locale/cs/LC_MESSAGES/kcron.mo
-- Installing: /home/omen/GITHUB/Athos/AthOS/REPO-AthOS/kcron/package-kcron/usr/share/locale/ja
-- Installing: /home/omen/GITHUB/Athos/AthOS/REPO-AthOS/kcron/package-kcron/usr/share/locale/ja/LC_MESSAGES
-- Installing: /home/omen/GITHUB/Athos/AthOS/REPO-AthOS/kcron/package-kcron/usr/share/locale/ja/LC_MESSAGES/kcron.mo
-- Installing: /home/omen/GITHUB/Athos/AthOS/REPO-AthOS/kcron/package-kcron/usr/share/locale/sr@ijekavian
-- Installing: /home/omen/GITHUB/Athos/AthOS/REPO-AthOS/kcron/package-kcron/usr/share/locale/sr@ijekavian/LC_MESSAGES
-- Installing: /home/omen/GITHUB/Athos/AthOS/REPO-AthOS/kcron/package-kcron/usr/share/locale/sr@ijekavian/LC_MESSAGES/kcron.mo
-- Installing: /home/omen/GITHUB/Athos/AthOS/REPO-AthOS/kcron/package-kcron/usr/share/locale/de
-- Installing: /home/omen/GITHUB/Athos/AthOS/REPO-AthOS/kcron/package-kcron/usr/share/locale/de/LC_MESSAGES
-- Installing: /home/omen/GITHUB/Athos/AthOS/REPO-AthOS/kcron/package-kcron/usr/share/locale/de/LC_MESSAGES/kcron.mo
-- Installing: /home/omen/GITHUB/Athos/AthOS/REPO-AthOS/kcron/package-kcron/usr/share/locale/el
-- Installing: /home/omen/GITHUB/Athos/AthOS/REPO-AthOS/kcron/package-kcron/usr/share/locale/el/LC_MESSAGES
-- Installing: /home/omen/GITHUB/Athos/AthOS/REPO-AthOS/kcron/package-kcron/usr/share/locale/el/LC_MESSAGES/kcron.mo
-- Installing: /home/omen/GITHUB/Athos/AthOS/REPO-AthOS/kcron/package-kcron/usr/share/locale/nn
-- Installing: /home/omen/GITHUB/Athos/AthOS/REPO-AthOS/kcron/package-kcron/usr/share/locale/nn/LC_MESSAGES
-- Installing: /home/omen/GITHUB/Athos/AthOS/REPO-AthOS/kcron/package-kcron/usr/share/locale/nn/LC_MESSAGES/kcron.mo
-- Installing: /home/omen/GITHUB/Athos/AthOS/REPO-AthOS/kcron/package-kcron/usr/share/locale/sr
-- Installing: /home/omen/GITHUB/Athos/AthOS/REPO-AthOS/kcron/package-kcron/usr/share/locale/sr/LC_MESSAGES
-- Installing: /home/omen/GITHUB/Athos/AthOS/REPO-AthOS/kcron/package-kcron/usr/share/locale/sr/LC_MESSAGES/kcron.mo
-- Installing: /home/omen/GITHUB/Athos/AthOS/REPO-AthOS/kcron/package-kcron/usr/share/locale/zh_HK
-- Installing: /home/omen/GITHUB/Athos/AthOS/REPO-AthOS/kcron/package-kcron/usr/share/locale/zh_HK/LC_MESSAGES
-- Installing: /home/omen/GITHUB/Athos/AthOS/REPO-AthOS/kcron/package-kcron/usr/share/locale/zh_HK/LC_MESSAGES/kcron.mo
-- Installing: /home/omen/GITHUB/Athos/AthOS/REPO-AthOS/kcron/package-kcron/usr/share/locale/hi
-- Installing: /home/omen/GITHUB/Athos/AthOS/REPO-AthOS/kcron/package-kcron/usr/share/locale/hi/LC_MESSAGES
-- Installing: /home/omen/GITHUB/Athos/AthOS/REPO-AthOS/kcron/package-kcron/usr/share/locale/hi/LC_MESSAGES/kcron.mo
-- Installing: /home/omen/GITHUB/Athos/AthOS/REPO-AthOS/kcron/package-kcron/usr/share/locale/pt_BR
-- Installing: /home/omen/GITHUB/Athos/AthOS/REPO-AthOS/kcron/package-kcron/usr/share/locale/pt_BR/LC_MESSAGES
-- Installing: /home/omen/GITHUB/Athos/AthOS/REPO-AthOS/kcron/package-kcron/usr/share/locale/pt_BR/LC_MESSAGES/kcron.mo
-- Installing: /home/omen/GITHUB/Athos/AthOS/REPO-AthOS/kcron/package-kcron/usr/share/locale/lt
-- Installing: /home/omen/GITHUB/Athos/AthOS/REPO-AthOS/kcron/package-kcron/usr/share/locale/lt/LC_MESSAGES
-- Installing: /home/omen/GITHUB/Athos/AthOS/REPO-AthOS/kcron/package-kcron/usr/share/locale/lt/LC_MESSAGES/kcron.mo
-- Installing: /home/omen/GITHUB/Athos/AthOS/REPO-AthOS/kcron/package-kcron/usr/share/locale/sr@ijekavianlatin
-- Installing: /home/omen/GITHUB/Athos/AthOS/REPO-AthOS/kcron/package-kcron/usr/share/locale/sr@ijekavianlatin/LC_MESSAGES
-- Installing: /home/omen/GITHUB/Athos/AthOS/REPO-AthOS/kcron/package-kcron/usr/share/locale/sr@ijekavianlatin/LC_MESSAGES/kcron.mo
-- Installing: /home/omen/GITHUB/Athos/AthOS/REPO-AthOS/kcron/package-kcron/usr/share/locale/be
-- Installing: /home/omen/GITHUB/Athos/AthOS/REPO-AthOS/kcron/package-kcron/usr/share/locale/be/LC_MESSAGES
-- Installing: /home/omen/GITHUB/Athos/AthOS/REPO-AthOS/kcron/package-kcron/usr/share/locale/be/LC_MESSAGES/kcron.mo
-- Installing: /home/omen/GITHUB/Athos/AthOS/REPO-AthOS/kcron/package-kcron/usr/share/locale/pa
-- Installing: /home/omen/GITHUB/Athos/AthOS/REPO-AthOS/kcron/package-kcron/usr/share/locale/pa/LC_MESSAGES
-- Installing: /home/omen/GITHUB/Athos/AthOS/REPO-AthOS/kcron/package-kcron/usr/share/locale/pa/LC_MESSAGES/kcron.mo
-- Installing: /home/omen/GITHUB/Athos/AthOS/REPO-AthOS/kcron/package-kcron/usr/share/locale/sl
-- Installing: /home/omen/GITHUB/Athos/AthOS/REPO-AthOS/kcron/package-kcron/usr/share/locale/sl/LC_MESSAGES
-- Installing: /home/omen/GITHUB/Athos/AthOS/REPO-AthOS/kcron/package-kcron/usr/share/locale/sl/LC_MESSAGES/kcron.mo
-- Installing: /home/omen/GITHUB/Athos/AthOS/REPO-AthOS/kcron/package-kcron/usr/share/locale/ta
-- Installing: /home/omen/GITHUB/Athos/AthOS/REPO-AthOS/kcron/package-kcron/usr/share/locale/ta/LC_MESSAGES
-- Installing: /home/omen/GITHUB/Athos/AthOS/REPO-AthOS/kcron/package-kcron/usr/share/locale/ta/LC_MESSAGES/kcron.mo
-- Installing: /home/omen/GITHUB/Athos/AthOS/REPO-AthOS/kcron/package-kcron/usr/share/locale/xh
-- Installing: /home/omen/GITHUB/Athos/AthOS/REPO-AthOS/kcron/package-kcron/usr/share/locale/xh/LC_MESSAGES
-- Installing: /home/omen/GITHUB/Athos/AthOS/REPO-AthOS/kcron/package-kcron/usr/share/locale/xh/LC_MESSAGES/kcron.mo
-- Installing: /home/omen/GITHUB/Athos/AthOS/REPO-AthOS/kcron/package-kcron/usr/share/locale/ro
-- Installing: /home/omen/GITHUB/Athos/AthOS/REPO-AthOS/kcron/package-kcron/usr/share/locale/ro/LC_MESSAGES
-- Installing: /home/omen/GITHUB/Athos/AthOS/REPO-AthOS/kcron/package-kcron/usr/share/locale/ro/LC_MESSAGES/kcron.mo
-- Installing: /home/omen/GITHUB/Athos/AthOS/REPO-AthOS/kcron/package-kcron/usr/share/locale/bs
-- Installing: /home/omen/GITHUB/Athos/AthOS/REPO-AthOS/kcron/package-kcron/usr/share/locale/bs/LC_MESSAGES
-- Installing: /home/omen/GITHUB/Athos/AthOS/REPO-AthOS/kcron/package-kcron/usr/share/locale/bs/LC_MESSAGES/kcron.mo
-- Installing: /home/omen/GITHUB/Athos/AthOS/REPO-AthOS/kcron/package-kcron/usr/share/locale/is
-- Installing: /home/omen/GITHUB/Athos/AthOS/REPO-AthOS/kcron/package-kcron/usr/share/locale/is/LC_MESSAGES
-- Installing: /home/omen/GITHUB/Athos/AthOS/REPO-AthOS/kcron/package-kcron/usr/share/locale/is/LC_MESSAGES/kcron.mo
-- Installing: /home/omen/GITHUB/Athos/AthOS/REPO-AthOS/kcron/package-kcron/usr/share/locale/wa
-- Installing: /home/omen/GITHUB/Athos/AthOS/REPO-AthOS/kcron/package-kcron/usr/share/locale/wa/LC_MESSAGES
-- Installing: /home/omen/GITHUB/Athos/AthOS/REPO-AthOS/kcron/package-kcron/usr/share/locale/wa/LC_MESSAGES/kcron.mo
-- Installing: /home/omen/GITHUB/Athos/AthOS/REPO-AthOS/kcron/package-kcron/usr/share/locale/kk
-- Installing: /home/omen/GITHUB/Athos/AthOS/REPO-AthOS/kcron/package-kcron/usr/share/locale/kk/LC_MESSAGES
-- Installing: /home/omen/GITHUB/Athos/AthOS/REPO-AthOS/kcron/package-kcron/usr/share/locale/kk/LC_MESSAGES/kcron.mo
-- Installing: /home/omen/GITHUB/Athos/AthOS/REPO-AthOS/kcron/package-kcron/usr/share/locale/sr@latin
-- Installing: /home/omen/GITHUB/Athos/AthOS/REPO-AthOS/kcron/package-kcron/usr/share/locale/sr@latin/LC_MESSAGES
-- Installing: /home/omen/GITHUB/Athos/AthOS/REPO-AthOS/kcron/package-kcron/usr/share/locale/sr@latin/LC_MESSAGES/kcron.mo
-- Installing: /home/omen/GITHUB/Athos/AthOS/REPO-AthOS/kcron/package-kcron/usr/share/locale/he
-- Installing: /home/omen/GITHUB/Athos/AthOS/REPO-AthOS/kcron/package-kcron/usr/share/locale/he/LC_MESSAGES
-- Installing: /home/omen/GITHUB/Athos/AthOS/REPO-AthOS/kcron/package-kcron/usr/share/locale/he/LC_MESSAGES/kcron.mo
-- Installing: /home/omen/GITHUB/Athos/AthOS/REPO-AthOS/kcron/package-kcron/usr/share/locale/zh_TW
-- Installing: /home/omen/GITHUB/Athos/AthOS/REPO-AthOS/kcron/package-kcron/usr/share/locale/zh_TW/LC_MESSAGES
-- Installing: /home/omen/GITHUB/Athos/AthOS/REPO-AthOS/kcron/package-kcron/usr/share/locale/zh_TW/LC_MESSAGES/kcron.mo
-- Installing: /home/omen/GITHUB/Athos/AthOS/REPO-AthOS/kcron/package-kcron/usr/share/locale/tg
-- Installing: /home/omen/GITHUB/Athos/AthOS/REPO-AthOS/kcron/package-kcron/usr/share/locale/tg/LC_MESSAGES
-- Installing: /home/omen/GITHUB/Athos/AthOS/REPO-AthOS/kcron/package-kcron/usr/share/locale/tg/LC_MESSAGES/kcron.mo
-- Installing: /home/omen/GITHUB/Athos/AthOS/REPO-AthOS/kcron/package-kcron/usr/share/locale/fa
-- Installing: /home/omen/GITHUB/Athos/AthOS/REPO-AthOS/kcron/package-kcron/usr/share/locale/fa/LC_MESSAGES
-- Installing: /home/omen/GITHUB/Athos/AthOS/REPO-AthOS/kcron/package-kcron/usr/share/locale/fa/LC_MESSAGES/kcron.mo
-- Installing: /home/omen/GITHUB/Athos/AthOS/REPO-AthOS/kcron/package-kcron/usr/share/locale/pl
-- Installing: /home/omen/GITHUB/Athos/AthOS/REPO-AthOS/kcron/package-kcron/usr/share/locale/pl/LC_MESSAGES
-- Installing: /home/omen/GITHUB/Athos/AthOS/REPO-AthOS/kcron/package-kcron/usr/share/locale/pl/LC_MESSAGES/kcron.mo
-- Installing: /home/omen/GITHUB/Athos/AthOS/REPO-AthOS/kcron/package-kcron/usr/share/locale/km
-- Installing: /home/omen/GITHUB/Athos/AthOS/REPO-AthOS/kcron/package-kcron/usr/share/locale/km/LC_MESSAGES
-- Installing: /home/omen/GITHUB/Athos/AthOS/REPO-AthOS/kcron/package-kcron/usr/share/locale/km/LC_MESSAGES/kcron.mo
-- Installing: /home/omen/GITHUB/Athos/AthOS/REPO-AthOS/kcron/package-kcron/usr/share/locale/pt
-- Installing: /home/omen/GITHUB/Athos/AthOS/REPO-AthOS/kcron/package-kcron/usr/share/locale/pt/LC_MESSAGES
-- Installing: /home/omen/GITHUB/Athos/AthOS/REPO-AthOS/kcron/package-kcron/usr/share/locale/pt/LC_MESSAGES/kcron.mo
-- Installing: /home/omen/GITHUB/Athos/AthOS/REPO-AthOS/kcron/package-kcron/usr/share/locale/hr
-- Installing: /home/omen/GITHUB/Athos/AthOS/REPO-AthOS/kcron/package-kcron/usr/share/locale/hr/LC_MESSAGES
-- Installing: /home/omen/GITHUB/Athos/AthOS/REPO-AthOS/kcron/package-kcron/usr/share/locale/hr/LC_MESSAGES/kcron.mo
-- Installing: /home/omen/GITHUB/Athos/AthOS/REPO-AthOS/kcron/package-kcron/usr/share/locale/tr
-- Installing: /home/omen/GITHUB/Athos/AthOS/REPO-AthOS/kcron/package-kcron/usr/share/locale/tr/LC_MESSAGES
-- Installing: /home/omen/GITHUB/Athos/AthOS/REPO-AthOS/kcron/package-kcron/usr/share/locale/tr/LC_MESSAGES/kcron.mo
-- Installing: /home/omen/GITHUB/Athos/AthOS/REPO-AthOS/kcron/package-kcron/usr/share/locale/fr
-- Installing: /home/omen/GITHUB/Athos/AthOS/REPO-AthOS/kcron/package-kcron/usr/share/locale/fr/LC_MESSAGES
-- Installing: /home/omen/GITHUB/Athos/AthOS/REPO-AthOS/kcron/package-kcron/usr/share/locale/fr/LC_MESSAGES/kcron.mo
-- Installing: /home/omen/GITHUB/Athos/AthOS/REPO-AthOS/kcron/package-kcron/usr/share/locale/ast
-- Installing: /home/omen/GITHUB/Athos/AthOS/REPO-AthOS/kcron/package-kcron/usr/share/locale/ast/LC_MESSAGES
-- Installing: /home/omen/GITHUB/Athos/AthOS/REPO-AthOS/kcron/package-kcron/usr/share/locale/ast/LC_MESSAGES/kcron.mo
-- Installing: /home/omen/GITHUB/Athos/AthOS/REPO-AthOS/kcron/package-kcron/usr/share/locale/ne
-- Installing: /home/omen/GITHUB/Athos/AthOS/REPO-AthOS/kcron/package-kcron/usr/share/locale/ne/LC_MESSAGES
-- Installing: /home/omen/GITHUB/Athos/AthOS/REPO-AthOS/kcron/package-kcron/usr/share/locale/ne/LC_MESSAGES/kcron.mo
-- Installing: /home/omen/GITHUB/Athos/AthOS/REPO-AthOS/kcron/package-kcron/usr/share/locale/vi
-- Installing: /home/omen/GITHUB/Athos/AthOS/REPO-AthOS/kcron/package-kcron/usr/share/locale/vi/LC_MESSAGES
-- Installing: /home/omen/GITHUB/Athos/AthOS/REPO-AthOS/kcron/package-kcron/usr/share/locale/vi/LC_MESSAGES/kcron.mo
-- Installing: /home/omen/GITHUB/Athos/AthOS/REPO-AthOS/kcron/package-kcron/usr/share/locale/ka
-- Installing: /home/omen/GITHUB/Athos/AthOS/REPO-AthOS/kcron/package-kcron/usr/share/locale/ka/LC_MESSAGES
-- Installing: /home/omen/GITHUB/Athos/AthOS/REPO-AthOS/kcron/package-kcron/usr/share/locale/ka/LC_MESSAGES/kcron.mo
-- Installing: /home/omen/GITHUB/Athos/AthOS/REPO-AthOS/kcron/package-kcron/usr/share/locale/cy
-- Installing: /home/omen/GITHUB/Athos/AthOS/REPO-AthOS/kcron/package-kcron/usr/share/locale/cy/LC_MESSAGES
-- Installing: /home/omen/GITHUB/Athos/AthOS/REPO-AthOS/kcron/package-kcron/usr/share/locale/cy/LC_MESSAGES/kcron.mo
-- Installing: /home/omen/GITHUB/Athos/AthOS/REPO-AthOS/kcron/package-kcron/usr/share/locale/th
-- Installing: /home/omen/GITHUB/Athos/AthOS/REPO-AthOS/kcron/package-kcron/usr/share/locale/th/LC_MESSAGES
-- Installing: /home/omen/GITHUB/Athos/AthOS/REPO-AthOS/kcron/package-kcron/usr/share/locale/th/LC_MESSAGES/kcron.mo
-- Installing: /home/omen/GITHUB/Athos/AthOS/REPO-AthOS/kcron/package-kcron/usr/share/locale/gl
-- Installing: /home/omen/GITHUB/Athos/AthOS/REPO-AthOS/kcron/package-kcron/usr/share/locale/gl/LC_MESSAGES
-- Installing: /home/omen/GITHUB/Athos/AthOS/REPO-AthOS/kcron/package-kcron/usr/share/locale/gl/LC_MESSAGES/kcron.mo
-- Installing: /home/omen/GITHUB/Athos/AthOS/REPO-AthOS/kcron/package-kcron/usr/share/locale/ia
-- Installing: /home/omen/GITHUB/Athos/AthOS/REPO-AthOS/kcron/package-kcron/usr/share/locale/ia/LC_MESSAGES
-- Installing: /home/omen/GITHUB/Athos/AthOS/REPO-AthOS/kcron/package-kcron/usr/share/locale/ia/LC_MESSAGES/kcron.mo
-- Installing: /home/omen/GITHUB/Athos/AthOS/REPO-AthOS/kcron/package-kcron/usr/share/locale/hu
-- Installing: /home/omen/GITHUB/Athos/AthOS/REPO-AthOS/kcron/package-kcron/usr/share/locale/hu/LC_MESSAGES
-- Installing: /home/omen/GITHUB/Athos/AthOS/REPO-AthOS/kcron/package-kcron/usr/share/locale/hu/LC_MESSAGES/kcron.mo
-- Installing: /home/omen/GITHUB/Athos/AthOS/REPO-AthOS/kcron/package-kcron/usr/share/locale/eo
-- Installing: /home/omen/GITHUB/Athos/AthOS/REPO-AthOS/kcron/package-kcron/usr/share/locale/eo/LC_MESSAGES
-- Installing: /home/omen/GITHUB/Athos/AthOS/REPO-AthOS/kcron/package-kcron/usr/share/locale/eo/LC_MESSAGES/kcron.mo
-- Installing: /home/omen/GITHUB/Athos/AthOS/REPO-AthOS/kcron/package-kcron/usr/share/locale/bg
-- Installing: /home/omen/GITHUB/Athos/AthOS/REPO-AthOS/kcron/package-kcron/usr/share/locale/bg/LC_MESSAGES
-- Installing: /home/omen/GITHUB/Athos/AthOS/REPO-AthOS/kcron/package-kcron/usr/share/locale/bg/LC_MESSAGES/kcron.mo
-- Installing: /home/omen/GITHUB/Athos/AthOS/REPO-AthOS/kcron/package-kcron/usr/share/locale/ga
-- Installing: /home/omen/GITHUB/Athos/AthOS/REPO-AthOS/kcron/package-kcron/usr/share/locale/ga/LC_MESSAGES
-- Installing: /home/omen/GITHUB/Athos/AthOS/REPO-AthOS/kcron/package-kcron/usr/share/locale/ga/LC_MESSAGES/kcron.mo
-- Installing: /home/omen/GITHUB/Athos/AthOS/REPO-AthOS/kcron/package-kcron/usr/share/locale/br
-- Installing: /home/omen/GITHUB/Athos/AthOS/REPO-AthOS/kcron/package-kcron/usr/share/locale/br/LC_MESSAGES
-- Installing: /home/omen/GITHUB/Athos/AthOS/REPO-AthOS/kcron/package-kcron/usr/share/locale/br/LC_MESSAGES/kcron.mo
-- Installing: /home/omen/GITHUB/Athos/AthOS/REPO-AthOS/kcron/package-kcron/usr/share/locale/ca
-- Installing: /home/omen/GITHUB/Athos/AthOS/REPO-AthOS/kcron/package-kcron/usr/share/locale/ca/LC_MESSAGES
-- Installing: /home/omen/GITHUB/Athos/AthOS/REPO-AthOS/kcron/package-kcron/usr/share/locale/ca/LC_MESSAGES/kcron.mo
-- Installing: /home/omen/GITHUB/Athos/AthOS/REPO-AthOS/kcron/package-kcron/usr/share/locale/uk
-- Installing: /home/omen/GITHUB/Athos/AthOS/REPO-AthOS/kcron/package-kcron/usr/share/locale/uk/LC_MESSAGES
-- Installing: /home/omen/GITHUB/Athos/AthOS/REPO-AthOS/kcron/package-kcron/usr/share/locale/uk/LC_MESSAGES/kcron.mo
-- Installing: /home/omen/GITHUB/Athos/AthOS/REPO-AthOS/kcron/package-kcron/usr/share/locale/ku
-- Installing: /home/omen/GITHUB/Athos/AthOS/REPO-AthOS/kcron/package-kcron/usr/share/locale/ku/LC_MESSAGES
-- Installing: /home/omen/GITHUB/Athos/AthOS/REPO-AthOS/kcron/package-kcron/usr/share/locale/ku/LC_MESSAGES/kcron.mo
-- Installing: /home/omen/GITHUB/Athos/AthOS/REPO-AthOS/kcron/package-kcron/usr/share/locale/en_GB
-- Installing: /home/omen/GITHUB/Athos/AthOS/REPO-AthOS/kcron/package-kcron/usr/share/locale/en_GB/LC_MESSAGES
-- Installing: /home/omen/GITHUB/Athos/AthOS/REPO-AthOS/kcron/package-kcron/usr/share/locale/en_GB/LC_MESSAGES/kcron.mo
-- Installing: /home/omen/GITHUB/Athos/AthOS/REPO-AthOS/kcron/package-kcron/usr/share/locale/zh_CN
-- Installing: /home/omen/GITHUB/Athos/AthOS/REPO-AthOS/kcron/package-kcron/usr/share/locale/zh_CN/LC_MESSAGES
-- Installing: /home/omen/GITHUB/Athos/AthOS/REPO-AthOS/kcron/package-kcron/usr/share/locale/zh_CN/LC_MESSAGES/kcron.mo
-- Installing: /home/omen/GITHUB/Athos/AthOS/REPO-AthOS/kcron/package-kcron/usr/share/locale/nl
-- Installing: /home/omen/GITHUB/Athos/AthOS/REPO-AthOS/kcron/package-kcron/usr/share/locale/nl/LC_MESSAGES
-- Installing: /home/omen/GITHUB/Athos/AthOS/REPO-AthOS/kcron/package-kcron/usr/share/locale/nl/LC_MESSAGES/kcron.mo
-- Installing: /home/omen/GITHUB/Athos/AthOS/REPO-AthOS/kcron/package-kcron/usr/share/locale/oc
-- Installing: /home/omen/GITHUB/Athos/AthOS/REPO-AthOS/kcron/package-kcron/usr/share/locale/oc/LC_MESSAGES
-- Installing: /home/omen/GITHUB/Athos/AthOS/REPO-AthOS/kcron/package-kcron/usr/share/locale/oc/LC_MESSAGES/kcron.mo
-- Installing: /home/omen/GITHUB/Athos/AthOS/REPO-AthOS/kcron/package-kcron/usr/share/locale/sa
-- Installing: /home/omen/GITHUB/Athos/AthOS/REPO-AthOS/kcron/package-kcron/usr/share/locale/sa/LC_MESSAGES
-- Installing: /home/omen/GITHUB/Athos/AthOS/REPO-AthOS/kcron/package-kcron/usr/share/locale/sa/LC_MESSAGES/kcron.mo
-- Installing: /home/omen/GITHUB/Athos/AthOS/REPO-AthOS/kcron/package-kcron/usr/share/locale/fi
-- Installing: /home/omen/GITHUB/Athos/AthOS/REPO-AthOS/kcron/package-kcron/usr/share/locale/fi/LC_MESSAGES
-- Installing: /home/omen/GITHUB/Athos/AthOS/REPO-AthOS/kcron/package-kcron/usr/share/locale/fi/LC_MESSAGES/kcron.mo
-- Installing: /home/omen/GITHUB/Athos/AthOS/REPO-AthOS/kcron/package-kcron/usr/share/locale/ko
-- Installing: /home/omen/GITHUB/Athos/AthOS/REPO-AthOS/kcron/package-kcron/usr/share/locale/ko/LC_MESSAGES
-- Installing: /home/omen/GITHUB/Athos/AthOS/REPO-AthOS/kcron/package-kcron/usr/share/locale/ko/LC_MESSAGES/kcron.mo
-- Installing: /home/omen/GITHUB/Athos/AthOS/REPO-AthOS/kcron/package-kcron/usr/share/locale/mk
-- Installing: /home/omen/GITHUB/Athos/AthOS/REPO-AthOS/kcron/package-kcron/usr/share/locale/mk/LC_MESSAGES
-- Installing: /home/omen/GITHUB/Athos/AthOS/REPO-AthOS/kcron/package-kcron/usr/share/locale/mk/LC_MESSAGES/kcron.mo
-- Installing: /home/omen/GITHUB/Athos/AthOS/REPO-AthOS/kcron/package-kcron/usr/share/locale/ru
-- Installing: /home/omen/GITHUB/Athos/AthOS/REPO-AthOS/kcron/package-kcron/usr/share/locale/ru/LC_MESSAGES
-- Installing: /home/omen/GITHUB/Athos/AthOS/REPO-AthOS/kcron/package-kcron/usr/share/locale/ru/LC_MESSAGES/kcron.mo
-- Installing: /home/omen/GITHUB/Athos/AthOS/REPO-AthOS/kcron/package-kcron/usr/share/locale/af
-- Installing: /home/omen/GITHUB/Athos/AthOS/REPO-AthOS/kcron/package-kcron/usr/share/locale/af/LC_MESSAGES
-- Installing: /home/omen/GITHUB/Athos/AthOS/REPO-AthOS/kcron/package-kcron/usr/share/locale/af/LC_MESSAGES/kcron.mo
-- Installing: /home/omen/GITHUB/Athos/AthOS/REPO-AthOS/kcron/package-kcron/usr/share/locale/lv
-- Installing: /home/omen/GITHUB/Athos/AthOS/REPO-AthOS/kcron/package-kcron/usr/share/locale/lv/LC_MESSAGES
-- Installing: /home/omen/GITHUB/Athos/AthOS/REPO-AthOS/kcron/package-kcron/usr/share/locale/lv/LC_MESSAGES/kcron.mo
-- Installing: /home/omen/GITHUB/Athos/AthOS/REPO-AthOS/kcron/package-kcron/usr/share/locale/hne
-- Installing: /home/omen/GITHUB/Athos/AthOS/REPO-AthOS/kcron/package-kcron/usr/share/locale/hne/LC_MESSAGES
-- Installing: /home/omen/GITHUB/Athos/AthOS/REPO-AthOS/kcron/package-kcron/usr/share/locale/hne/LC_MESSAGES/kcron.mo
-- Installing: /home/omen/GITHUB/Athos/AthOS/REPO-AthOS/kcron/package-kcron/usr/share/locale/ca@valencia
-- Installing: /home/omen/GITHUB/Athos/AthOS/REPO-AthOS/kcron/package-kcron/usr/share/locale/ca@valencia/LC_MESSAGES
-- Installing: /home/omen/GITHUB/Athos/AthOS/REPO-AthOS/kcron/package-kcron/usr/share/locale/ca@valencia/LC_MESSAGES/kcron.mo
-- Installing: /home/omen/GITHUB/Athos/AthOS/REPO-AthOS/kcron/package-kcron/usr/share/locale/nb
-- Installing: /home/omen/GITHUB/Athos/AthOS/REPO-AthOS/kcron/package-kcron/usr/share/locale/nb/LC_MESSAGES
-- Installing: /home/omen/GITHUB/Athos/AthOS/REPO-AthOS/kcron/package-kcron/usr/share/locale/nb/LC_MESSAGES/kcron.mo
-- Installing: /home/omen/GITHUB/Athos/AthOS/REPO-AthOS/kcron/package-kcron/usr/share/locale/es
-- Installing: /home/omen/GITHUB/Athos/AthOS/REPO-AthOS/kcron/package-kcron/usr/share/locale/es/LC_MESSAGES
-- Installing: /home/omen/GITHUB/Athos/AthOS/REPO-AthOS/kcron/package-kcron/usr/share/locale/es/LC_MESSAGES/kcron.mo
-- Installing: /home/omen/GITHUB/Athos/AthOS/REPO-AthOS/kcron/package-kcron/usr/share/locale/eu
-- Installing: /home/omen/GITHUB/Athos/AthOS/REPO-AthOS/kcron/package-kcron/usr/share/locale/eu/LC_MESSAGES
-- Installing: /home/omen/GITHUB/Athos/AthOS/REPO-AthOS/kcron/package-kcron/usr/share/locale/eu/LC_MESSAGES/kcron.mo
-- Installing: /home/omen/GITHUB/Athos/AthOS/REPO-AthOS/kcron/package-kcron/usr/share/locale/et
-- Installing: /home/omen/GITHUB/Athos/AthOS/REPO-AthOS/kcron/package-kcron/usr/share/locale/et/LC_MESSAGES
-- Installing: /home/omen/GITHUB/Athos/AthOS/REPO-AthOS/kcron/package-kcron/usr/share/locale/et/LC_MESSAGES/kcron.mo
-- Installing: /home/omen/GITHUB/Athos/AthOS/REPO-AthOS/kcron/package-kcron/usr/share/locale/it
-- Installing: /home/omen/GITHUB/Athos/AthOS/REPO-AthOS/kcron/package-kcron/usr/share/locale/it/LC_MESSAGES
-- Installing: /home/omen/GITHUB/Athos/AthOS/REPO-AthOS/kcron/package-kcron/usr/share/locale/it/LC_MESSAGES/kcron.mo
-- Installing: /home/omen/GITHUB/Athos/AthOS/REPO-AthOS/kcron/package-kcron/usr/share/locale/se
-- Installing: /home/omen/GITHUB/Athos/AthOS/REPO-AthOS/kcron/package-kcron/usr/share/locale/se/LC_MESSAGES
-- Installing: /home/omen/GITHUB/Athos/AthOS/REPO-AthOS/kcron/package-kcron/usr/share/locale/se/LC_MESSAGES/kcron.mo
-- Installing: /home/omen/GITHUB/Athos/AthOS/REPO-AthOS/kcron/package-kcron/usr/share/locale/ar
-- Installing: /home/omen/GITHUB/Athos/AthOS/REPO-AthOS/kcron/package-kcron/usr/share/locale/ar/LC_MESSAGES
-- Installing: /home/omen/GITHUB/Athos/AthOS/REPO-AthOS/kcron/package-kcron/usr/share/locale/ar/LC_MESSAGES/kcron.mo
-- Installing: /home/omen/GITHUB/Athos/AthOS/REPO-AthOS/kcron/package-kcron/usr/share/locale/sq
-- Installing: /home/omen/GITHUB/Athos/AthOS/REPO-AthOS/kcron/package-kcron/usr/share/locale/sq/LC_MESSAGES
-- Installing: /home/omen/GITHUB/Athos/AthOS/REPO-AthOS/kcron/package-kcron/usr/share/locale/sq/LC_MESSAGES/kcron.mo
-- Installing: /home/omen/GITHUB/Athos/AthOS/REPO-AthOS/kcron/package-kcron/usr/share/locale/nds
-- Installing: /home/omen/GITHUB/Athos/AthOS/REPO-AthOS/kcron/package-kcron/usr/share/locale/nds/LC_MESSAGES
-- Installing: /home/omen/GITHUB/Athos/AthOS/REPO-AthOS/kcron/package-kcron/usr/share/locale/nds/LC_MESSAGES/kcron.mo
-- Installing: /home/omen/GITHUB/Athos/AthOS/REPO-AthOS/kcron/package-kcron/usr/share/locale/mr
-- Installing: /home/omen/GITHUB/Athos/AthOS/REPO-AthOS/kcron/package-kcron/usr/share/locale/mr/LC_MESSAGES
-- Installing: /home/omen/GITHUB/Athos/AthOS/REPO-AthOS/kcron/package-kcron/usr/share/locale/mr/LC_MESSAGES/kcron.mo
-- Installing: /home/omen/GITHUB/Athos/AthOS/REPO-AthOS/kcron/package-kcron/usr/share/locale/ug
-- Installing: /home/omen/GITHUB/Athos/AthOS/REPO-AthOS/kcron/package-kcron/usr/share/locale/ug/LC_MESSAGES
-- Installing: /home/omen/GITHUB/Athos/AthOS/REPO-AthOS/kcron/package-kcron/usr/share/locale/ug/LC_MESSAGES/kcron.mo
-- Installing: /home/omen/GITHUB/Athos/AthOS/REPO-AthOS/kcron/package-kcron/usr/share/locale/sk
-- Installing: /home/omen/GITHUB/Athos/AthOS/REPO-AthOS/kcron/package-kcron/usr/share/locale/sk/LC_MESSAGES
-- Installing: /home/omen/GITHUB/Athos/AthOS/REPO-AthOS/kcron/package-kcron/usr/share/locale/sk/LC_MESSAGES/kcron.mo
-- Installing: /home/omen/GITHUB/Athos/AthOS/REPO-AthOS/kcron/package-kcron/usr/share/locale/sv
-- Installing: /home/omen/GITHUB/Athos/AthOS/REPO-AthOS/kcron/package-kcron/usr/share/locale/sv/LC_MESSAGES
-- Installing: /home/omen/GITHUB/Athos/AthOS/REPO-AthOS/kcron/package-kcron/usr/share/locale/sv/LC_MESSAGES/kcron.mo
-- Installing: /home/omen/GITHUB/Athos/AthOS/REPO-AthOS/kcron/package-kcron/usr/share/doc/HTML/ca/kcontrol/kcron/index.cache.bz2
-- Installing: /home/omen/GITHUB/Athos/AthOS/REPO-AthOS/kcron/package-kcron/usr/share/doc/HTML/ca/kcontrol/kcron/index.docbook
-- Installing: /home/omen/GITHUB/Athos/AthOS/REPO-AthOS/kcron/package-kcron/usr/share/doc/HTML/de/kcontrol/kcron/index.cache.bz2
-- Installing: /home/omen/GITHUB/Athos/AthOS/REPO-AthOS/kcron/package-kcron/usr/share/doc/HTML/de/kcontrol/kcron/index.docbook
-- Installing: /home/omen/GITHUB/Athos/AthOS/REPO-AthOS/kcron/package-kcron/usr/share/doc/HTML/de/kcontrol/kcron/kcronstart.png
-- Installing: /home/omen/GITHUB/Athos/AthOS/REPO-AthOS/kcron/package-kcron/usr/share/doc/HTML/de/kcontrol/kcron/newtask.png
-- Installing: /home/omen/GITHUB/Athos/AthOS/REPO-AthOS/kcron/package-kcron/usr/share/doc/HTML/de/kcontrol/kcron/newvariable.png
-- Installing: /home/omen/GITHUB/Athos/AthOS/REPO-AthOS/kcron/package-kcron/usr/share/doc/HTML/es/kcontrol/kcron/index.cache.bz2
-- Installing: /home/omen/GITHUB/Athos/AthOS/REPO-AthOS/kcron/package-kcron/usr/share/doc/HTML/es/kcontrol/kcron/index.docbook
-- Installing: /home/omen/GITHUB/Athos/AthOS/REPO-AthOS/kcron/package-kcron/usr/share/doc/HTML/es/kcontrol/kcron/print.png
-- Installing: /home/omen/GITHUB/Athos/AthOS/REPO-AthOS/kcron/package-kcron/usr/share/doc/HTML/et/kcontrol/kcron/index.cache.bz2
-- Installing: /home/omen/GITHUB/Athos/AthOS/REPO-AthOS/kcron/package-kcron/usr/share/doc/HTML/et/kcontrol/kcron/index.docbook
-- Installing: /home/omen/GITHUB/Athos/AthOS/REPO-AthOS/kcron/package-kcron/usr/share/doc/HTML/fr/kcontrol/kcron/index.cache.bz2
-- Installing: /home/omen/GITHUB/Athos/AthOS/REPO-AthOS/kcron/package-kcron/usr/share/doc/HTML/fr/kcontrol/kcron/index.docbook
-- Installing: /home/omen/GITHUB/Athos/AthOS/REPO-AthOS/kcron/package-kcron/usr/share/doc/HTML/fr/kcontrol/kcron/kcron.png
-- Installing: /home/omen/GITHUB/Athos/AthOS/REPO-AthOS/kcron/package-kcron/usr/share/doc/HTML/fr/kcontrol/kcron/kcronstart.png
-- Installing: /home/omen/GITHUB/Athos/AthOS/REPO-AthOS/kcron/package-kcron/usr/share/doc/HTML/fr/kcontrol/kcron/newtask.png
-- Installing: /home/omen/GITHUB/Athos/AthOS/REPO-AthOS/kcron/package-kcron/usr/share/doc/HTML/fr/kcontrol/kcron/newvariable.png
-- Installing: /home/omen/GITHUB/Athos/AthOS/REPO-AthOS/kcron/package-kcron/usr/share/doc/HTML/fr/kcontrol/kcron/print.png
-- Installing: /home/omen/GITHUB/Athos/AthOS/REPO-AthOS/kcron/package-kcron/usr/share/doc/HTML/it/kcontrol/kcron/index.cache.bz2
-- Installing: /home/omen/GITHUB/Athos/AthOS/REPO-AthOS/kcron/package-kcron/usr/share/doc/HTML/it/kcontrol/kcron/index.docbook
-- Installing: /home/omen/GITHUB/Athos/AthOS/REPO-AthOS/kcron/package-kcron/usr/share/doc/HTML/ko/kcontrol/kcron/index.cache.bz2
-- Installing: /home/omen/GITHUB/Athos/AthOS/REPO-AthOS/kcron/package-kcron/usr/share/doc/HTML/ko/kcontrol/kcron/index.docbook
-- Installing: /home/omen/GITHUB/Athos/AthOS/REPO-AthOS/kcron/package-kcron/usr/share/doc/HTML/nl/kcontrol/kcron/index.cache.bz2
-- Installing: /home/omen/GITHUB/Athos/AthOS/REPO-AthOS/kcron/package-kcron/usr/share/doc/HTML/nl/kcontrol/kcron/index.docbook
-- Installing: /home/omen/GITHUB/Athos/AthOS/REPO-AthOS/kcron/package-kcron/usr/share/doc/HTML/nl/kcontrol/kcron/newtask.png
-- Installing: /home/omen/GITHUB/Athos/AthOS/REPO-AthOS/kcron/package-kcron/usr/share/doc/HTML/nl/kcontrol/kcron/newvariable.png
-- Installing: /home/omen/GITHUB/Athos/AthOS/REPO-AthOS/kcron/package-kcron/usr/share/doc/HTML/nl/kcontrol/kcron/print.png
-- Installing: /home/omen/GITHUB/Athos/AthOS/REPO-AthOS/kcron/package-kcron/usr/share/doc/HTML/pt/kcontrol/kcron/index.cache.bz2
-- Installing: /home/omen/GITHUB/Athos/AthOS/REPO-AthOS/kcron/package-kcron/usr/share/doc/HTML/pt/kcontrol/kcron/index.docbook
-- Installing: /home/omen/GITHUB/Athos/AthOS/REPO-AthOS/kcron/package-kcron/usr/share/doc/HTML/pt/kcontrol/kcron/kcron.png
-- Installing: /home/omen/GITHUB/Athos/AthOS/REPO-AthOS/kcron/package-kcron/usr/share/doc/HTML/pt/kcontrol/kcron/kcronstart.png
-- Installing: /home/omen/GITHUB/Athos/AthOS/REPO-AthOS/kcron/package-kcron/usr/share/doc/HTML/pt/kcontrol/kcron/newtask.png
-- Installing: /home/omen/GITHUB/Athos/AthOS/REPO-AthOS/kcron/package-kcron/usr/share/doc/HTML/pt/kcontrol/kcron/newvariable.png
-- Installing: /home/omen/GITHUB/Athos/AthOS/REPO-AthOS/kcron/package-kcron/usr/share/doc/HTML/pt/kcontrol/kcron/print.png
-- Installing: /home/omen/GITHUB/Athos/AthOS/REPO-AthOS/kcron/package-kcron/usr/share/doc/HTML/pt_BR/kcontrol/kcron/index.cache.bz2
-- Installing: /home/omen/GITHUB/Athos/AthOS/REPO-AthOS/kcron/package-kcron/usr/share/doc/HTML/pt_BR/kcontrol/kcron/index.docbook
-- Installing: /home/omen/GITHUB/Athos/AthOS/REPO-AthOS/kcron/package-kcron/usr/share/doc/HTML/pt_BR/kcontrol/kcron/kcronstart.png
-- Installing: /home/omen/GITHUB/Athos/AthOS/REPO-AthOS/kcron/package-kcron/usr/share/doc/HTML/pt_BR/kcontrol/kcron/newtask.png
-- Installing: /home/omen/GITHUB/Athos/AthOS/REPO-AthOS/kcron/package-kcron/usr/share/doc/HTML/pt_BR/kcontrol/kcron/newvariable.png
-- Installing: /home/omen/GITHUB/Athos/AthOS/REPO-AthOS/kcron/package-kcron/usr/share/doc/HTML/ru/kcontrol/kcron/index.cache.bz2
-- Installing: /home/omen/GITHUB/Athos/AthOS/REPO-AthOS/kcron/package-kcron/usr/share/doc/HTML/ru/kcontrol/kcron/index.docbook
-- Installing: /home/omen/GITHUB/Athos/AthOS/REPO-AthOS/kcron/package-kcron/usr/share/doc/HTML/sv/kcontrol/kcron/index.cache.bz2
-- Installing: /home/omen/GITHUB/Athos/AthOS/REPO-AthOS/kcron/package-kcron/usr/share/doc/HTML/sv/kcontrol/kcron/index.docbook
-- Installing: /home/omen/GITHUB/Athos/AthOS/REPO-AthOS/kcron/package-kcron/usr/share/doc/HTML/sv/kcontrol/kcron/kcronstart.png
-- Installing: /home/omen/GITHUB/Athos/AthOS/REPO-AthOS/kcron/package-kcron/usr/share/doc/HTML/sv/kcontrol/kcron/newtask.png
-- Installing: /home/omen/GITHUB/Athos/AthOS/REPO-AthOS/kcron/package-kcron/usr/share/doc/HTML/sv/kcontrol/kcron/newvariable.png
-- Installing: /home/omen/GITHUB/Athos/AthOS/REPO-AthOS/kcron/package-kcron/usr/share/doc/HTML/uk/kcontrol/kcron/index.cache.bz2
-- Installing: /home/omen/GITHUB/Athos/AthOS/REPO-AthOS/kcron/package-kcron/usr/share/doc/HTML/uk/kcontrol/kcron/index.docbook
-- Installing: /home/omen/GITHUB/Athos/AthOS/REPO-AthOS/kcron/package-kcron/usr/share/doc/HTML/uk/kcontrol/kcron/kcronstart.png
-- Installing: /home/omen/GITHUB/Athos/AthOS/REPO-AthOS/kcron/package-kcron/usr/share/doc/HTML/uk/kcontrol/kcron/newtask.png
-- Installing: /home/omen/GITHUB/Athos/AthOS/REPO-AthOS/kcron/package-kcron/usr/share/doc/HTML/uk/kcontrol/kcron/newvariable.png
-- Installing: /home/omen/GITHUB/Athos/AthOS/REPO-AthOS/kcron/package-kcron/usr/share/doc/HTML/zh_CN/kcontrol/kcron/index.cache.bz2
-- Installing: /home/omen/GITHUB/Athos/AthOS/REPO-AthOS/kcron/package-kcron/usr/share/doc/HTML/zh_CN/kcontrol/kcron/index.docbook
-- Installing: /home/omen/GITHUB/Athos/AthOS/REPO-AthOS/kcron/package-kcron/usr/share/doc/HTML/en/kcontrol/kcron/index.cache.bz2
-- Installing: /home/omen/GITHUB/Athos/AthOS/REPO-AthOS/kcron/package-kcron/usr/share/doc/HTML/en/kcontrol/kcron/index.docbook
-- Installing: /home/omen/GITHUB/Athos/AthOS/REPO-AthOS/kcron/package-kcron/usr/share/doc/HTML/en/kcontrol/kcron/kcronstart.png
-- Installing: /home/omen/GITHUB/Athos/AthOS/REPO-AthOS/kcron/package-kcron/usr/share/doc/HTML/en/kcontrol/kcron/newtask.png
-- Installing: /home/omen/GITHUB/Athos/AthOS/REPO-AthOS/kcron/package-kcron/usr/share/doc/HTML/en/kcontrol/kcron/newvariable.png
[32mThe main part of source code is ready. We are moving on to preparing post install scripts, docs, license, man pages etc..[0m
cp: cannot stat 'COPYING': No such file or directory
cp: cannot stat 'CREDITS': No such file or directory
cp: cannot stat 'LICENSE': No such file or directory
cp: cannot stat 'MAINTAINERS': No such file or directory
cp: cannot stat 'NEWS': No such file or directory
cp: cannot stat 'docs': No such file or directory
cp: cannot stat 'DOCS': No such file or directory
grep: /home/omen/GITHUB/Athos/AthOS/REPO-AthOS/kcron/kcron.info: No such file or directory
extra-cmake-modules
kcmutils
kconfigwidgets
kdoctools
ki18n
kiconthemes
kio
[32mPackaging compiled for slackware installation...[0m
[32mMAKEPKG_FLAGS is empty or unset, using default[0m

Slackware package maker, version 3.14159265.

Searching for symbolic links:

No symbolic links were found, so we won't make an installation script.
You can make your own later in ./install/doinst.sh and rebuild the
package if you like.

This next step is optional - you can set the directories in your package
to some sane permissions. If any of the directories in your package have
special permissions, then DO NOT reset them here!

Would you like to reset all directory permissions to 755 (drwxr-xr-x) and
directory ownerships to root:root ([y]es, [n]o)? n


Creating Slackware package:  /tmp/kcron/kcron-25.04.1-x86_64-1_rtz.tlz

./
install/
install/doinst.sh
install/slack-desc
usr/
usr/doc/
usr/doc/kcron-25.04.1/
usr/doc/kcron-25.04.1/AUTHORS
usr/doc/kcron-25.04.1/ChangeLog
usr/doc/kcron-25.04.1/README
usr/doc/kcron-25.04.1/kcron.ini
usr/doc/kcron-25.04.1/slack-required
usr/lib64/
usr/lib64/qt6/
usr/lib64/qt6/plugins/
usr/lib64/qt6/plugins/plasma/
usr/lib64/qt6/plugins/plasma/kcms/
usr/lib64/qt6/plugins/plasma/kcms/systemsettings/
usr/lib64/qt6/plugins/plasma/kcms/systemsettings/kcm_cron.so
usr/libexec/
usr/libexec/kf6/
usr/libexec/kf6/kauth/
usr/libexec/kf6/kauth/kcron_helper
usr/share/
usr/share/applications/
usr/share/applications/kcm_cron.desktop
usr/share/dbus-1/
usr/share/dbus-1/system-services/
usr/share/dbus-1/system-services/local.kcron.crontab.service
usr/share/dbus-1/system.d/
usr/share/dbus-1/system.d/local.kcron.crontab.conf
usr/share/doc/
usr/share/doc/HTML/
usr/share/doc/HTML/ca/
usr/share/doc/HTML/ca/kcontrol/
usr/share/doc/HTML/ca/kcontrol/kcron/
usr/share/doc/HTML/ca/kcontrol/kcron/index.cache.bz2
usr/share/doc/HTML/ca/kcontrol/kcron/index.docbook
usr/share/doc/HTML/de/
usr/share/doc/HTML/de/kcontrol/
usr/share/doc/HTML/de/kcontrol/kcron/
usr/share/doc/HTML/de/kcontrol/kcron/index.cache.bz2
usr/share/doc/HTML/de/kcontrol/kcron/index.docbook
usr/share/doc/HTML/de/kcontrol/kcron/kcronstart.png
usr/share/doc/HTML/de/kcontrol/kcron/newtask.png
usr/share/doc/HTML/de/kcontrol/kcron/newvariable.png
usr/share/doc/HTML/en/
usr/share/doc/HTML/en/kcontrol/
usr/share/doc/HTML/en/kcontrol/kcron/
usr/share/doc/HTML/en/kcontrol/kcron/index.cache.bz2
usr/share/doc/HTML/en/kcontrol/kcron/index.docbook
usr/share/doc/HTML/en/kcontrol/kcron/kcronstart.png
usr/share/doc/HTML/en/kcontrol/kcron/newtask.png
usr/share/doc/HTML/en/kcontrol/kcron/newvariable.png
usr/share/doc/HTML/es/
usr/share/doc/HTML/es/kcontrol/
usr/share/doc/HTML/es/kcontrol/kcron/
usr/share/doc/HTML/es/kcontrol/kcron/index.cache.bz2
usr/share/doc/HTML/es/kcontrol/kcron/index.docbook
usr/share/doc/HTML/es/kcontrol/kcron/print.png
usr/share/doc/HTML/et/
usr/share/doc/HTML/et/kcontrol/
usr/share/doc/HTML/et/kcontrol/kcron/
usr/share/doc/HTML/et/kcontrol/kcron/index.cache.bz2
usr/share/doc/HTML/et/kcontrol/kcron/index.docbook
usr/share/doc/HTML/fr/
usr/share/doc/HTML/fr/kcontrol/
usr/share/doc/HTML/fr/kcontrol/kcron/
usr/share/doc/HTML/fr/kcontrol/kcron/index.cache.bz2
usr/share/doc/HTML/fr/kcontrol/kcron/index.docbook
usr/share/doc/HTML/fr/kcontrol/kcron/kcron.png
usr/share/doc/HTML/fr/kcontrol/kcron/kcronstart.png
usr/share/doc/HTML/fr/kcontrol/kcron/newtask.png
usr/share/doc/HTML/fr/kcontrol/kcron/newvariable.png
usr/share/doc/HTML/fr/kcontrol/kcron/print.png
usr/share/doc/HTML/it/
usr/share/doc/HTML/it/kcontrol/
usr/share/doc/HTML/it/kcontrol/kcron/
usr/share/doc/HTML/it/kcontrol/kcron/index.cache.bz2
usr/share/doc/HTML/it/kcontrol/kcron/index.docbook
usr/share/doc/HTML/ko/
usr/share/doc/HTML/ko/kcontrol/
usr/share/doc/HTML/ko/kcontrol/kcron/
usr/share/doc/HTML/ko/kcontrol/kcron/index.cache.bz2
usr/share/doc/HTML/ko/kcontrol/kcron/index.docbook
usr/share/doc/HTML/nl/
usr/share/doc/HTML/nl/kcontrol/
usr/share/doc/HTML/nl/kcontrol/kcron/
usr/share/doc/HTML/nl/kcontrol/kcron/index.cache.bz2
usr/share/doc/HTML/nl/kcontrol/kcron/index.docbook
usr/share/doc/HTML/nl/kcontrol/kcron/newtask.png
usr/share/doc/HTML/nl/kcontrol/kcron/newvariable.png
usr/share/doc/HTML/nl/kcontrol/kcron/print.png
usr/share/doc/HTML/pt/
usr/share/doc/HTML/pt/kcontrol/
usr/share/doc/HTML/pt/kcontrol/kcron/
usr/share/doc/HTML/pt/kcontrol/kcron/index.cache.bz2
usr/share/doc/HTML/pt/kcontrol/kcron/index.docbook
usr/share/doc/HTML/pt/kcontrol/kcron/kcron.png
usr/share/doc/HTML/pt/kcontrol/kcron/kcronstart.png
usr/share/doc/HTML/pt/kcontrol/kcron/newtask.png
usr/share/doc/HTML/pt/kcontrol/kcron/newvariable.png
usr/share/doc/HTML/pt/kcontrol/kcron/print.png
usr/share/doc/HTML/pt_BR/
usr/share/doc/HTML/pt_BR/kcontrol/
usr/share/doc/HTML/pt_BR/kcontrol/kcron/
usr/share/doc/HTML/pt_BR/kcontrol/kcron/index.cache.bz2
usr/share/doc/HTML/pt_BR/kcontrol/kcron/index.docbook
usr/share/doc/HTML/pt_BR/kcontrol/kcron/kcronstart.png
usr/share/doc/HTML/pt_BR/kcontrol/kcron/newtask.png
usr/share/doc/HTML/pt_BR/kcontrol/kcron/newvariable.png
usr/share/doc/HTML/ru/
usr/share/doc/HTML/ru/kcontrol/
usr/share/doc/HTML/ru/kcontrol/kcron/
usr/share/doc/HTML/ru/kcontrol/kcron/index.cache.bz2
usr/share/doc/HTML/ru/kcontrol/kcron/index.docbook
usr/share/doc/HTML/sv/
usr/share/doc/HTML/sv/kcontrol/
usr/share/doc/HTML/sv/kcontrol/kcron/
usr/share/doc/HTML/sv/kcontrol/kcron/index.cache.bz2
usr/share/doc/HTML/sv/kcontrol/kcron/index.docbook
usr/share/doc/HTML/sv/kcontrol/kcron/kcronstart.png
usr/share/doc/HTML/sv/kcontrol/kcron/newtask.png
usr/share/doc/HTML/sv/kcontrol/kcron/newvariable.png
usr/share/doc/HTML/uk/
usr/share/doc/HTML/uk/kcontrol/
usr/share/doc/HTML/uk/kcontrol/kcron/
usr/share/doc/HTML/uk/kcontrol/kcron/index.cache.bz2
usr/share/doc/HTML/uk/kcontrol/kcron/index.docbook
usr/share/doc/HTML/uk/kcontrol/kcron/kcronstart.png
usr/share/doc/HTML/uk/kcontrol/kcron/newtask.png
usr/share/doc/HTML/uk/kcontrol/kcron/newvariable.png
usr/share/doc/HTML/zh_CN/
usr/share/doc/HTML/zh_CN/kcontrol/
usr/share/doc/HTML/zh_CN/kcontrol/kcron/
usr/share/doc/HTML/zh_CN/kcontrol/kcron/index.cache.bz2
usr/share/doc/HTML/zh_CN/kcontrol/kcron/index.docbook
usr/share/locale/
usr/share/locale/af/
usr/share/locale/af/LC_MESSAGES/
usr/share/locale/af/LC_MESSAGES/kcron.mo
usr/share/locale/ar/
usr/share/locale/ar/LC_MESSAGES/
usr/share/locale/ar/LC_MESSAGES/kcron.mo
usr/share/locale/ast/
usr/share/locale/ast/LC_MESSAGES/
usr/share/locale/ast/LC_MESSAGES/kcron.mo
usr/share/locale/be/
usr/share/locale/be/LC_MESSAGES/
usr/share/locale/be/LC_MESSAGES/kcron.mo
usr/share/locale/bg/
usr/share/locale/bg/LC_MESSAGES/
usr/share/locale/bg/LC_MESSAGES/kcron.mo
usr/share/locale/br/
usr/share/locale/br/LC_MESSAGES/
usr/share/locale/br/LC_MESSAGES/kcron.mo
usr/share/locale/bs/
usr/share/locale/bs/LC_MESSAGES/
usr/share/locale/bs/LC_MESSAGES/kcron.mo
usr/share/locale/ca/
usr/share/locale/ca/LC_MESSAGES/
usr/share/locale/ca/LC_MESSAGES/kcron.mo
usr/share/locale/ca@valencia/
usr/share/locale/ca@valencia/LC_MESSAGES/
usr/share/locale/ca@valencia/LC_MESSAGES/kcron.mo
usr/share/locale/cs/
usr/share/locale/cs/LC_MESSAGES/
usr/share/locale/cs/LC_MESSAGES/kcron.mo
usr/share/locale/cy/
usr/share/locale/cy/LC_MESSAGES/
usr/share/locale/cy/LC_MESSAGES/kcron.mo
usr/share/locale/da/
usr/share/locale/da/LC_MESSAGES/
usr/share/locale/da/LC_MESSAGES/kcron.mo
usr/share/locale/de/
usr/share/locale/de/LC_MESSAGES/
usr/share/locale/de/LC_MESSAGES/kcron.mo
usr/share/locale/el/
usr/share/locale/el/LC_MESSAGES/
usr/share/locale/el/LC_MESSAGES/kcron.mo
usr/share/locale/en_GB/
usr/share/locale/en_GB/LC_MESSAGES/
usr/share/locale/en_GB/LC_MESSAGES/kcron.mo
usr/share/locale/eo/
usr/share/locale/eo/LC_MESSAGES/
usr/share/locale/eo/LC_MESSAGES/kcron.mo
usr/share/locale/es/
usr/share/locale/es/LC_MESSAGES/
usr/share/locale/es/LC_MESSAGES/kcron.mo
usr/share/locale/et/
usr/share/locale/et/LC_MESSAGES/
usr/share/locale/et/LC_MESSAGES/kcron.mo
usr/share/locale/eu/
usr/share/locale/eu/LC_MESSAGES/
usr/share/locale/eu/LC_MESSAGES/kcron.mo
usr/share/locale/fa/
usr/share/locale/fa/LC_MESSAGES/
usr/share/locale/fa/LC_MESSAGES/kcron.mo
usr/share/locale/fi/
usr/share/locale/fi/LC_MESSAGES/
usr/share/locale/fi/LC_MESSAGES/kcron.mo
usr/share/locale/fr/
usr/share/locale/fr/LC_MESSAGES/
usr/share/locale/fr/LC_MESSAGES/kcron.mo
usr/share/locale/ga/
usr/share/locale/ga/LC_MESSAGES/
usr/share/locale/ga/LC_MESSAGES/kcron.mo
usr/share/locale/gl/
usr/share/locale/gl/LC_MESSAGES/
usr/share/locale/gl/LC_MESSAGES/kcron.mo
usr/share/locale/he/
usr/share/locale/he/LC_MESSAGES/
usr/share/locale/he/LC_MESSAGES/kcron.mo
usr/share/locale/hi/
usr/share/locale/hi/LC_MESSAGES/
usr/share/locale/hi/LC_MESSAGES/kcron.mo
usr/share/locale/hne/
usr/share/locale/hne/LC_MESSAGES/
usr/share/locale/hne/LC_MESSAGES/kcron.mo
usr/share/locale/hr/
usr/share/locale/hr/LC_MESSAGES/
usr/share/locale/hr/LC_MESSAGES/kcron.mo
usr/share/locale/hu/
usr/share/locale/hu/LC_MESSAGES/
usr/share/locale/hu/LC_MESSAGES/kcron.mo
usr/share/locale/ia/
usr/share/locale/ia/LC_MESSAGES/
usr/share/locale/ia/LC_MESSAGES/kcron.mo
usr/share/locale/is/
usr/share/locale/is/LC_MESSAGES/
usr/share/locale/is/LC_MESSAGES/kcron.mo
usr/share/locale/it/
usr/share/locale/it/LC_MESSAGES/
usr/share/locale/it/LC_MESSAGES/kcron.mo
usr/share/locale/ja/
usr/share/locale/ja/LC_MESSAGES/
usr/share/locale/ja/LC_MESSAGES/kcron.mo
usr/share/locale/ka/
usr/share/locale/ka/LC_MESSAGES/
usr/share/locale/ka/LC_MESSAGES/kcron.mo
usr/share/locale/kk/
usr/share/locale/kk/LC_MESSAGES/
usr/share/locale/kk/LC_MESSAGES/kcron.mo
usr/share/locale/km/
usr/share/locale/km/LC_MESSAGES/
usr/share/locale/km/LC_MESSAGES/kcron.mo
usr/share/locale/ko/
usr/share/locale/ko/LC_MESSAGES/
usr/share/locale/ko/LC_MESSAGES/kcron.mo
usr/share/locale/ku/
usr/share/locale/ku/LC_MESSAGES/
usr/share/locale/ku/LC_MESSAGES/kcron.mo
usr/share/locale/lt/
usr/share/locale/lt/LC_MESSAGES/
usr/share/locale/lt/LC_MESSAGES/kcron.mo
usr/share/locale/lv/
usr/share/locale/lv/LC_MESSAGES/
usr/share/locale/lv/LC_MESSAGES/kcron.mo
usr/share/locale/mk/
usr/share/locale/mk/LC_MESSAGES/
usr/share/locale/mk/LC_MESSAGES/kcron.mo
usr/share/locale/mr/
usr/share/locale/mr/LC_MESSAGES/
usr/share/locale/mr/LC_MESSAGES/kcron.mo
usr/share/locale/ms/
usr/share/locale/ms/LC_MESSAGES/
usr/share/locale/ms/LC_MESSAGES/kcron.mo
usr/share/locale/nb/
usr/share/locale/nb/LC_MESSAGES/
usr/share/locale/nb/LC_MESSAGES/kcron.mo
usr/share/locale/nds/
usr/share/locale/nds/LC_MESSAGES/
usr/share/locale/nds/LC_MESSAGES/kcron.mo
usr/share/locale/ne/
usr/share/locale/ne/LC_MESSAGES/
usr/share/locale/ne/LC_MESSAGES/kcron.mo
usr/share/locale/nl/
usr/share/locale/nl/LC_MESSAGES/
usr/share/locale/nl/LC_MESSAGES/kcron.mo
usr/share/locale/nn/
usr/share/locale/nn/LC_MESSAGES/
usr/share/locale/nn/LC_MESSAGES/kcron.mo
usr/share/locale/oc/
usr/share/locale/oc/LC_MESSAGES/
usr/share/locale/oc/LC_MESSAGES/kcron.mo
usr/share/locale/pa/
usr/share/locale/pa/LC_MESSAGES/
usr/share/locale/pa/LC_MESSAGES/kcron.mo
usr/share/locale/pl/
usr/share/locale/pl/LC_MESSAGES/
usr/share/locale/pl/LC_MESSAGES/kcron.mo
usr/share/locale/pt/
usr/share/locale/pt/LC_MESSAGES/
usr/share/locale/pt/LC_MESSAGES/kcron.mo
usr/share/locale/pt_BR/
usr/share/locale/pt_BR/LC_MESSAGES/
usr/share/locale/pt_BR/LC_MESSAGES/kcron.mo
usr/share/locale/ro/
usr/share/locale/ro/LC_MESSAGES/
usr/share/locale/ro/LC_MESSAGES/kcron.mo
usr/share/locale/ru/
usr/share/locale/ru/LC_MESSAGES/
usr/share/locale/ru/LC_MESSAGES/kcron.mo
usr/share/locale/sa/
usr/share/locale/sa/LC_MESSAGES/
usr/share/locale/sa/LC_MESSAGES/kcron.mo
usr/share/locale/se/
usr/share/locale/se/LC_MESSAGES/
usr/share/locale/se/LC_MESSAGES/kcron.mo
usr/share/locale/sk/
usr/share/locale/sk/LC_MESSAGES/
usr/share/locale/sk/LC_MESSAGES/kcron.mo
usr/share/locale/sl/
usr/share/locale/sl/LC_MESSAGES/
usr/share/locale/sl/LC_MESSAGES/kcron.mo
usr/share/locale/sq/
usr/share/locale/sq/LC_MESSAGES/
usr/share/locale/sq/LC_MESSAGES/kcron.mo
usr/share/locale/sr/
usr/share/locale/sr/LC_MESSAGES/
usr/share/locale/sr/LC_MESSAGES/kcron.mo
usr/share/locale/sr@ijekavian/
usr/share/locale/sr@ijekavian/LC_MESSAGES/
usr/share/locale/sr@ijekavian/LC_MESSAGES/kcron.mo
usr/share/locale/sr@ijekavianlatin/
usr/share/locale/sr@ijekavianlatin/LC_MESSAGES/
usr/share/locale/sr@ijekavianlatin/LC_MESSAGES/kcron.mo
usr/share/locale/sr@latin/
usr/share/locale/sr@latin/LC_MESSAGES/
usr/share/locale/sr@latin/LC_MESSAGES/kcron.mo
usr/share/locale/sv/
usr/share/locale/sv/LC_MESSAGES/
usr/share/locale/sv/LC_MESSAGES/kcron.mo
usr/share/locale/ta/
usr/share/locale/ta/LC_MESSAGES/
usr/share/locale/ta/LC_MESSAGES/kcron.mo
usr/share/locale/tg/
usr/share/locale/tg/LC_MESSAGES/
usr/share/locale/tg/LC_MESSAGES/kcron.mo
usr/share/locale/th/
usr/share/locale/th/LC_MESSAGES/
usr/share/locale/th/LC_MESSAGES/kcron.mo
usr/share/locale/tr/
usr/share/locale/tr/LC_MESSAGES/
usr/share/locale/tr/LC_MESSAGES/kcron.mo
usr/share/locale/ug/
usr/share/locale/ug/LC_MESSAGES/
usr/share/locale/ug/LC_MESSAGES/kcron.mo
usr/share/locale/uk/
usr/share/locale/uk/LC_MESSAGES/
usr/share/locale/uk/LC_MESSAGES/kcron.mo
usr/share/locale/vi/
usr/share/locale/vi/LC_MESSAGES/
usr/share/locale/vi/LC_MESSAGES/kcron.mo
usr/share/locale/wa/
usr/share/locale/wa/LC_MESSAGES/
usr/share/locale/wa/LC_MESSAGES/kcron.mo
usr/share/locale/xh/
usr/share/locale/xh/LC_MESSAGES/
usr/share/locale/xh/LC_MESSAGES/kcron.mo
usr/share/locale/zh_CN/
usr/share/locale/zh_CN/LC_MESSAGES/
usr/share/locale/zh_CN/LC_MESSAGES/kcron.mo
usr/share/locale/zh_HK/
usr/share/locale/zh_HK/LC_MESSAGES/
usr/share/locale/zh_HK/LC_MESSAGES/kcron.mo
usr/share/locale/zh_TW/
usr/share/locale/zh_TW/LC_MESSAGES/
usr/share/locale/zh_TW/LC_MESSAGES/kcron.mo
usr/share/metainfo/
usr/share/metainfo/org.kde.kcron.metainfo.xml
usr/share/polkit-1/
usr/share/polkit-1/actions/
usr/share/polkit-1/actions/local.kcron.crontab.policy
usr/share/qlogging-categories6/
usr/share/qlogging-categories6/kcron.categories

Slackware package /tmp/kcron/kcron-25.04.1-x86_64-1_rtz.tlz created.

Create shared object file for kcron-25.04.1-x86_64-1_rtz.tlz
Creating /tmp/kcron/kcron-25.04.1-x86_64-1_rtz.tlz.so.file using /tmp/kcron/kcron-25.04.1-x86_64-1_rtz.tlz
Successfully created /tmp/kcron/kcron-25.04.1-x86_64-1_rtz.tlz.so.file
Packaging of executable and meta-data in kcron.tar.lz4 format.
/tmp/kcron /tmp/kcron
/tmp/kcron
BIN_NAME
README
kcron-25.04.1-x86_64-1_rtz.tlz
kcron-25.04.1-x86_64-1_rtz.tlz.md5
kcron-25.04.1-x86_64-1_rtz.tlz.so.file
kcron-25.04.1-x86_64-1_rtz.tlz.txt
kcron.dep
makepkg-kcron.log
[32mkcron build finished. Procced to installation...[0m

+==============================================================================================+
| Upgrading kcron-25.04.1-x86_64-1_rtz package using /tmp/kcron/kcron-25.04.1-x86_64-1_rtz.tlz |
+==============================================================================================+

Pre-installing package kcron-25.04.1-x86_64-1_rtz...
Removing package: kcron-25.04.1-x86_64-1_rtz-upgraded-2025-05-28,20:07:34
Installing package kcron-25.04.1-x86_64-1_rtz.tlz:
PACKAGE DESCRIPTION:
# kcron (Configure and schedule tasks)
#
# Configure and schedule tasks
#
# https://kde.org/applications/system/
Executing install script for kcron-25.04.1-x86_64-1_rtz.tlz.
Font directories:
	/usr/share/fonts
/usr/share/fonts: caching, new cache contents: 0 fonts, 11 dirs
/usr/share/fonts/100dpi: caching, new cache contents: 238 fonts, 0 dirs
/usr/share/fonts/75dpi: caching, new cache contents: 238 fonts, 0 dirs
/usr/share/fonts/OTF: caching, new cache contents: 124 fonts, 0 dirs
/usr/share/fonts/Speedo: caching, new cache contents: 0 fonts, 0 dirs
/usr/share/fonts/TTF: caching, new cache contents: 1132 fonts, 0 dirs
/usr/share/fonts/Type1: caching, new cache contents: 64 fonts, 0 dirs
/usr/share/fonts/cyrillic: caching, new cache contents: 0 fonts, 0 dirs
/usr/share/fonts/encodings: caching, new cache contents: 0 fonts, 1 dirs
/usr/share/fonts/encodings/large: caching, new cache contents: 0 fonts, 0 dirs
/usr/share/fonts/kanjistrokeorders: caching, new cache contents: 1 fonts, 0 dirs
/usr/share/fonts/misc: caching, new cache contents: 143 fonts, 0 dirs
/usr/share/fonts/util: caching, new cache contents: 0 fonts, 0 dirs
/var/cache/fontconfig: cleaning cache directory
/root/.cache/fontconfig: not cleaning non-existent cache directory
/root/.fontconfig: not cleaning non-existent cache directory
/usr/bin/fc-cache: succeeded
Package kcron-25.04.1-x86_64-1_rtz.tlz installed.
Package kcron-25.04.1-x86_64-1_rtz upgraded with new package /tmp/kcron/kcron-25.04.1-x86_64-1_rtz.tlz.
[32mCleaning environmet: Removing source code, and work-space...[0m
rm: cannot remove 'kcron-25.04.1.tar.xz': No such file or directory
