Starting build process...
Detected architecture: x86_64
No required dependencies specified.
No optional dependencies found.
Downloading source code tar.xz file
--2025-05-15 01:36:55--  https://download.kde.org/stable/kdevelop-pg-qt/2.4.0/src/kdevelop-pg-qt-2.4.0.tar.xz
Resolving download.kde.org (download.kde.org)... 49.12.122.15, 2a01:4f8:242:53eb::4
Connecting to download.kde.org (download.kde.org)|49.12.122.15|:443... connected.
HTTP request sent, awaiting response... 302 Found
Location: https://ftp.cc.uoc.gr/mirrors/kde/stable/kdevelop-pg-qt/2.4.0/src/kdevelop-pg-qt-2.4.0.tar.xz [following]
--2025-05-15 01:36:55--  https://ftp.cc.uoc.gr/mirrors/kde/stable/kdevelop-pg-qt/2.4.0/src/kdevelop-pg-qt-2.4.0.tar.xz
Resolving ftp.cc.uoc.gr (ftp.cc.uoc.gr)... 147.52.159.50, 2001:648:2c00:6c08::2
Connecting to ftp.cc.uoc.gr (ftp.cc.uoc.gr)|147.52.159.50|:443... connected.
HTTP request sent, awaiting response... 200 OK
Length: 668916 (653K) [application/octet-stream]
Saving to: ‘kdevelop-pg-qt-2.4.0.tar.xz’

     0K .......... .......... .......... .......... ..........  7% 1.35M 0s
    50K .......... .......... .......... .......... .......... 15% 1.52M 0s
   100K .......... .......... .......... .......... .......... 22% 5.00M 0s
   150K .......... .......... .......... .......... .......... 30% 6.57M 0s
   200K .......... .......... .......... .......... .......... 38% 2.02M 0s
   250K .......... .......... .......... .......... .......... 45% 6.69M 0s
   300K .......... .......... .......... .......... .......... 53% 4.99M 0s
   350K .......... .......... .......... .......... .......... 61% 1.02M 0s
   400K .......... .......... .......... .......... .......... 68% 19.5M 0s
   450K .......... .......... .......... .......... .......... 76% 73.7M 0s
   500K .......... .......... .......... .......... .......... 84% 75.5M 0s
   550K .......... .......... .......... .......... .......... 91% 76.1M 0s
   600K .......... .......... .......... .......... .......... 99% 1.88M 0s
   650K ...                                                   100% 6.03T=0.2s

2025-05-15 01:36:56 (3.11 MB/s) - ‘kdevelop-pg-qt-2.4.0.tar.xz’ saved [668916/668916]

Found file: kdevelop-pg-qt-2.4.0.tar.xz
No checksum provided. Skipping checksum verification and proceeding...
Creating working directories and exporting source code in...
kdevelop-pg-qt-2.4.0/
kdevelop-pg-qt-2.4.0/CMakeLists.txt
kdevelop-pg-qt-2.4.0/README
kdevelop-pg-qt-2.4.0/LICENSES/
kdevelop-pg-qt-2.4.0/LICENSES/LGPL-2.0-or-later.txt
kdevelop-pg-qt-2.4.0/LICENSES/LGPL-2.0-only.txt
kdevelop-pg-qt-2.4.0/LICENSES/GPL-3.0-or-later.txt
kdevelop-pg-qt-2.4.0/LICENSES/BSD-3-Clause.txt
kdevelop-pg-qt-2.4.0/LICENSES/LicenseRef-MIT-KDevelop-PG-Qt.txt
kdevelop-pg-qt-2.4.0/LICENSES/GPL-2.0-or-later.txt
kdevelop-pg-qt-2.4.0/LICENSES/Bison-exception-2.2.txt
kdevelop-pg-qt-2.4.0/.gitlab-ci.yml
kdevelop-pg-qt-2.4.0/examples/
kdevelop-pg-qt-2.4.0/examples/php/
kdevelop-pg-qt-2.4.0/examples/php/CMakeLists.txt
kdevelop-pg-qt-2.4.0/examples/php/phptest.cpp
kdevelop-pg-qt-2.4.0/examples/php/php.g
kdevelop-pg-qt-2.4.0/examples/CMakeLists.txt
kdevelop-pg-qt-2.4.0/examples/cool/
kdevelop-pg-qt-2.4.0/examples/cool/CMakeLists.txt
kdevelop-pg-qt-2.4.0/examples/cool/decoder.h
kdevelop-pg-qt-2.4.0/examples/cool/cool_default_visitor.cpp
kdevelop-pg-qt-2.4.0/examples/cool/decoder.cpp
kdevelop-pg-qt-2.4.0/examples/cool/cool_visitor.cpp
kdevelop-pg-qt-2.4.0/examples/cool/cool_default_visitor.h
kdevelop-pg-qt-2.4.0/examples/cool/cool_lexer.h
kdevelop-pg-qt-2.4.0/examples/cool/cool_io.cpp
kdevelop-pg-qt-2.4.0/examples/cool/main.cpp
kdevelop-pg-qt-2.4.0/examples/cool/generated/
kdevelop-pg-qt-2.4.0/examples/cool/generated/cool_lexer.cpp
kdevelop-pg-qt-2.4.0/examples/cool/tests/
kdevelop-pg-qt-2.4.0/examples/cool/tests/t001.cl
kdevelop-pg-qt-2.4.0/examples/cool/cool_ast.h
kdevelop-pg-qt-2.4.0/examples/cool/cool.g
kdevelop-pg-qt-2.4.0/examples/cool/cool_visitor.h
kdevelop-pg-qt-2.4.0/examples/cool/cool_lexer.ll
kdevelop-pg-qt-2.4.0/examples/cool/3rdparty/
kdevelop-pg-qt-2.4.0/examples/cool/3rdparty/FlexLexer.h
kdevelop-pg-qt-2.4.0/examples/cool/cool_parser.cpp
kdevelop-pg-qt-2.4.0/examples/cool/cool_parser.h
kdevelop-pg-qt-2.4.0/examples/cc/
kdevelop-pg-qt-2.4.0/examples/cc/cc.g
kdevelop-pg-qt-2.4.0/examples/cc/CMakeLists.txt
kdevelop-pg-qt-2.4.0/examples/cc/cc.ll
kdevelop-pg-qt-2.4.0/examples/cc/main.cpp
kdevelop-pg-qt-2.4.0/examples/cc/generated/
kdevelop-pg-qt-2.4.0/examples/cc/generated/cclexer.cpp
kdevelop-pg-qt-2.4.0/examples/cc/lexer.h
kdevelop-pg-qt-2.4.0/examples/cc/dumptree.h
kdevelop-pg-qt-2.4.0/examples/cc/tests/
kdevelop-pg-qt-2.4.0/examples/cc/tests/stdlib.h
kdevelop-pg-qt-2.4.0/examples/cc/tests/foobar.c
kdevelop-pg-qt-2.4.0/examples/cc/dumptree.cpp
kdevelop-pg-qt-2.4.0/examples/cc/3rdparty/
kdevelop-pg-qt-2.4.0/examples/cc/3rdparty/FlexLexer.h
kdevelop-pg-qt-2.4.0/examples/foolisp/
kdevelop-pg-qt-2.4.0/examples/foolisp/CMakeLists.txt
kdevelop-pg-qt-2.4.0/examples/foolisp/foolisp.g
kdevelop-pg-qt-2.4.0/examples/foolisp/foolisptest.cpp
kdevelop-pg-qt-2.4.0/examples/fact/
kdevelop-pg-qt-2.4.0/examples/fact/CMakeLists.txt
kdevelop-pg-qt-2.4.0/examples/fact/factparser.h
kdevelop-pg-qt-2.4.0/examples/fact/factvisitor.h
kdevelop-pg-qt-2.4.0/examples/fact/factast.h
kdevelop-pg-qt-2.4.0/examples/fact/factdefaultvisitor.h
kdevelop-pg-qt-2.4.0/examples/fact/main.cpp
kdevelop-pg-qt-2.4.0/examples/fact/spec/
kdevelop-pg-qt-2.4.0/examples/fact/spec/fact_parser.g
kdevelop-pg-qt-2.4.0/examples/fact/factlexer.cpp
kdevelop-pg-qt-2.4.0/examples/fact/factparser.cpp
kdevelop-pg-qt-2.4.0/examples/fact/fact.g
kdevelop-pg-qt-2.4.0/examples/fact/factlexer.h
kdevelop-pg-qt-2.4.0/examples/fact/factdefaultvisitor.cpp
kdevelop-pg-qt-2.4.0/examples/fact/factvisitor.cpp
kdevelop-pg-qt-2.4.0/examples/fact/test/
kdevelop-pg-qt-2.4.0/examples/fact/test/fact.f
kdevelop-pg-qt-2.4.0/AUTHORS
kdevelop-pg-qt-2.4.0/.gitignore
kdevelop-pg-qt-2.4.0/tests/
kdevelop-pg-qt-2.4.0/tests/testlocationtable.cpp
kdevelop-pg-qt-2.4.0/tests/CMakeLists.txt
kdevelop-pg-qt-2.4.0/tests/testlocationtable.h
kdevelop-pg-qt-2.4.0/tests/testmemorypool.cpp
kdevelop-pg-qt-2.4.0/tests/benchmarks.h
kdevelop-pg-qt-2.4.0/tests/benchmarks.cpp
kdevelop-pg-qt-2.4.0/tests/testmemorypool.h
kdevelop-pg-qt-2.4.0/.kde-ci.yml
kdevelop-pg-qt-2.4.0/src/
kdevelop-pg-qt-2.4.0/src/unidata.qrc
kdevelop-pg-qt-2.4.0/src/kdev-pg-regexp.h
kdevelop-pg-qt-2.4.0/src/kdev-pg-ast-gen.cpp
kdevelop-pg-qt-2.4.0/src/kdev-pg-visitor-gen.h
kdevelop-pg-qt-2.4.0/src/generated-kdev-utf8-tuples.h
kdevelop-pg-qt-2.4.0/src/CMakeLists.txt
kdevelop-pg-qt-2.4.0/src/kdev-pg-generate.cpp
kdevelop-pg-qt-2.4.0/src/kdev-pg-generate.h
kdevelop-pg-qt-2.4.0/src/kdev-pg-environment.h
kdevelop-pg-qt-2.4.0/src/regexp2.cpp
kdevelop-pg-qt-2.4.0/src/kdev-pg-parser.yy
kdevelop-pg-qt-2.4.0/src/kdev-pg-bnf-visitor.cpp
kdevelop-pg-qt-2.4.0/src/kdev-pg-visitor.cpp
kdevelop-pg-qt-2.4.0/src/regexp1.cpp
kdevelop-pg-qt-2.4.0/src/unidata/
kdevelop-pg-qt-2.4.0/src/unidata/NamedSequences.txt
kdevelop-pg-qt-2.4.0/src/unidata/SpecialCasing.txt
kdevelop-pg-qt-2.4.0/src/unidata/CaseFolding.txt
kdevelop-pg-qt-2.4.0/src/unidata/PropertyAliases.txt
kdevelop-pg-qt-2.4.0/src/unidata/ArabicShaping.txt
kdevelop-pg-qt-2.4.0/src/unidata/ScriptExtensions.txt
kdevelop-pg-qt-2.4.0/src/unidata/DerivedAge.txt
kdevelop-pg-qt-2.4.0/src/unidata/IndicSyllabicCategory.txt
kdevelop-pg-qt-2.4.0/src/unidata/PropList.txt
kdevelop-pg-qt-2.4.0/src/unidata/DerivedCoreProperties.txt
kdevelop-pg-qt-2.4.0/src/unidata/DerivedNormalizationProps.txt
kdevelop-pg-qt-2.4.0/src/unidata/NamesList.txt
kdevelop-pg-qt-2.4.0/src/unidata/IndicMatraCategory.txt
kdevelop-pg-qt-2.4.0/src/unidata/DerivedNumericValues.txt
kdevelop-pg-qt-2.4.0/src/unidata/LineBreak.txt
kdevelop-pg-qt-2.4.0/src/unidata/summary.txt
kdevelop-pg-qt-2.4.0/src/unidata/Blocks.txt
kdevelop-pg-qt-2.4.0/src/unidata/DerivedNumericType.txt
kdevelop-pg-qt-2.4.0/src/unidata/Scripts.txt
kdevelop-pg-qt-2.4.0/src/kdev-pg-bit-array.h
kdevelop-pg-qt-2.4.0/src/kdev-pg-serialize-visitor-gen.cpp
kdevelop-pg-qt-2.4.0/src/kdev-pg-ast.h
kdevelop-pg-qt-2.4.0/src/KDevelopPGQtConfig.cmake.in
kdevelop-pg-qt-2.4.0/src/generate-get-utf8-tuples.rb
kdevelop-pg-qt-2.4.0/src/kdev-pg-ast-gen.h
kdevelop-pg-qt-2.4.0/src/include/
kdevelop-pg-qt-2.4.0/src/include/CMakeLists.txt
kdevelop-pg-qt-2.4.0/src/include/kdev-pg-token-stream.h
kdevelop-pg-qt-2.4.0/src/include/kdev-pg-memory-pool.h
kdevelop-pg-qt-2.4.0/src/include/kdev-pg-location-table.h
kdevelop-pg-qt-2.4.0/src/include/kdev-pg-list.h
kdevelop-pg-qt-2.4.0/src/include/kdev-pg-char-sets.h
kdevelop-pg-qt-2.4.0/src/include/kdev-pg-allocator.h
kdevelop-pg-qt-2.4.0/src/kdev-pg-code-gen.h
kdevelop-pg-qt-2.4.0/src/kdev-pg-clone-tree.h
kdevelop-pg-qt-2.4.0/src/kdev-pg-inline-checker.cpp
kdevelop-pg-qt-2.4.0/src/kdev-pg-regexp.cpp
kdevelop-pg-qt-2.4.0/src/kdev-pg-pretty-printer.cpp
kdevelop-pg-qt-2.4.0/src/kdev-pg-code-gen.cpp
kdevelop-pg-qt-2.4.0/src/kdev-pg-default-visitor.h
kdevelop-pg-qt-2.4.0/src/generated/
kdevelop-pg-qt-2.4.0/src/generated/kdev-pg-parser.hh
kdevelop-pg-qt-2.4.0/src/generated/kdev-pg-parser.cc
kdevelop-pg-qt-2.4.0/src/generated/kdev-pg-lexer.cc
kdevelop-pg-qt-2.4.0/src/kdev-pg-lexer.ll
kdevelop-pg-qt-2.4.0/src/kdev-pg-token-type-gen.cpp
kdevelop-pg-qt-2.4.0/src/kdev-pg-pretty-printer.h
kdevelop-pg-qt-2.4.0/src/kdev-pg-new-visitor-bits-gen.h
kdevelop-pg-qt-2.4.0/src/kdev-pg-new-visitor-gen.h
kdevelop-pg-qt-2.4.0/src/kdev-pg-bnf-visitor.h
kdevelop-pg-qt-2.4.0/src/KDevelop-PG-QtConfig.cmake.in
kdevelop-pg-qt-2.4.0/src/kdev-pg-unicode-loader.cpp
kdevelop-pg-qt-2.4.0/src/kdev-pg-serialize-visitor-gen.h
kdevelop-pg-qt-2.4.0/src/kdev-pg-regexp-helper.h
kdevelop-pg-qt-2.4.0/src/kdev-pg-new-visitor-gen.cpp
kdevelop-pg-qt-2.4.0/src/kdev-pg-default-visitor-bits-gen.h
kdevelop-pg-qt-2.4.0/src/kdev-pg-checker.cpp
kdevelop-pg-qt-2.4.0/src/kdev-pg-default-visitor-gen.h
kdevelop-pg-qt-2.4.0/src/regexp-test.cpp
kdevelop-pg-qt-2.4.0/src/kdev-pg-token-type-gen.h
kdevelop-pg-qt-2.4.0/src/regexp.cpp
kdevelop-pg-qt-2.4.0/src/KDevelopPGQtMacros.cmake
kdevelop-pg-qt-2.4.0/src/kdev-pg-checker.h
kdevelop-pg-qt-2.4.0/src/kdev-pg-beautifier.h
kdevelop-pg-qt-2.4.0/src/kdev-pg-visitor-gen.cpp
kdevelop-pg-qt-2.4.0/src/kdev-pg.h
kdevelop-pg-qt-2.4.0/src/kdev-pg-default-visitor.cpp
kdevelop-pg-qt-2.4.0/src/kdev-pg-debug-visitor-gen.h
kdevelop-pg-qt-2.4.0/src/kdev-pg-follow.cpp
kdevelop-pg-qt-2.4.0/src/kdev-pg-inline-checker.h
kdevelop-pg-qt-2.4.0/src/kdev-pg-main.cpp
kdevelop-pg-qt-2.4.0/src/kdev-pg-default-visitor-gen.cpp
kdevelop-pg-qt-2.4.0/src/kdev-pg-debug-visitor-gen.cpp
kdevelop-pg-qt-2.4.0/src/kdev-pg-beautifier.cpp
kdevelop-pg-qt-2.4.0/src/kdev-pg.cpp
kdevelop-pg-qt-2.4.0/src/kdev-pg-visitor.h
kdevelop-pg-qt-2.4.0/src/kdev-pg-visitor-bits-gen.cpp
kdevelop-pg-qt-2.4.0/src/kdev-pg-global.cpp
kdevelop-pg-qt-2.4.0/src/kdev-pg-clone-tree.cpp
kdevelop-pg-qt-2.4.0/src/3rdparty/
kdevelop-pg-qt-2.4.0/src/3rdparty/libastyle/
kdevelop-pg-qt-2.4.0/src/3rdparty/libastyle/ASFormatter.cpp
kdevelop-pg-qt-2.4.0/src/3rdparty/libastyle/astyle.h
kdevelop-pg-qt-2.4.0/src/3rdparty/libastyle/ASBeautifier.cpp
kdevelop-pg-qt-2.4.0/src/3rdparty/libastyle/ASLocalizer.cpp
kdevelop-pg-qt-2.4.0/src/3rdparty/libastyle/ASEnhancer.cpp
kdevelop-pg-qt-2.4.0/src/3rdparty/libastyle/ASLocalizer.h
kdevelop-pg-qt-2.4.0/src/3rdparty/libastyle/ASResource.cpp
kdevelop-pg-qt-2.4.0/src/kdev-pg-first.cpp
kdevelop-pg-qt-2.4.0/src/kdev-pg-default-visitor-bits-gen.cpp
kdevelop-pg-qt-2.4.0/src/kdev-pg-unicode-loader.h
kdevelop-pg-qt-2.4.0/src/kdev-pg-first.h
kdevelop-pg-qt-2.4.0/src/kdev-pg-follow.h
kdevelop-pg-qt-2.4.0/src/kdev-pg-visitor-bits-gen.h
kdevelop-pg-qt-2.4.0/src/test/
kdevelop-pg-qt-2.4.0/src/test/op2.g
kdevelop-pg-qt-2.4.0/src/test/Op2tokenstream.h
kdevelop-pg-qt-2.4.0/src/test/case8.g
kdevelop-pg-qt-2.4.0/src/test/expected4
kdevelop-pg-qt-2.4.0/src/test/op.g
kdevelop-pg-qt-2.4.0/src/test/expected2
kdevelop-pg-qt-2.4.0/src/test/case5.g
kdevelop-pg-qt-2.4.0/src/test/case2.g
kdevelop-pg-qt-2.4.0/src/test/utf-iterator-test.cpp
kdevelop-pg-qt-2.4.0/src/test/case7.g
kdevelop-pg-qt-2.4.0/src/test/test.sh
kdevelop-pg-qt-2.4.0/src/test/case3.g
kdevelop-pg-qt-2.4.0/src/test/Op2main.cpp
kdevelop-pg-qt-2.4.0/src/test/case4.g
kdevelop-pg-qt-2.4.0/src/test/expected7
kdevelop-pg-qt-2.4.0/src/test/actual9.g
kdevelop-pg-qt-2.4.0/src/test/expected9
kdevelop-pg-qt-2.4.0/src/test/Opmain.cpp
kdevelop-pg-qt-2.4.0/src/test/case1.g
kdevelop-pg-qt-2.4.0/src/test/expected6
kdevelop-pg-qt-2.4.0/src/test/Op2test
kdevelop-pg-qt-2.4.0/src/test/case6.g
kdevelop-pg-qt-2.4.0/src/test/expected5
kdevelop-pg-qt-2.4.0/src/test/expected8
kdevelop-pg-qt-2.4.0/src/test/expected1
kdevelop-pg-qt-2.4.0/src/test/expected3
kdevelop-pg-qt-2.4.0/src/kdev-pg-new-visitor-bits-gen.cpp
kdevelop-pg-qt-2.4.0/.kateconfig
kdevelop-pg-qt-2.4.0/TODO
/home/omen/GITHUB/PLASMA_WORLD/AthOS/REPO-AthOS/kdevelop-pg-qt/work
README or README.md already exists, skipping creation.
hm...lets continue and see what happens
-- The C compiler identification is GNU 14.2.0
-- The CXX compiler identification is GNU 14.2.0
-- Detecting C compiler ABI info
-- Detecting C compiler ABI info - done
-- Check for working C compiler: /usr/bin/cc - skipped
-- Detecting C compile features
-- Detecting C compile features - done
-- Detecting CXX compiler ABI info
-- Detecting CXX compiler ABI info - done
-- Check for working CXX compiler: /usr/bin/c++ - skipped
-- Detecting CXX compile features
-- Detecting CXX compile features - done
-- Installing in the same prefix as Qt, adopting their path scheme.
-- Looking for __GLIBC__
-- Looking for __GLIBC__ - found
-- Performing Test _OFFT_IS_64BIT
-- Performing Test _OFFT_IS_64BIT - Success
-- Performing Test HAVE_DATE_TIME
-- Performing Test HAVE_DATE_TIME - Success
-- Performing Test HAVE_STDATOMIC
-- Performing Test HAVE_STDATOMIC - Success
-- Found WrapAtomic: TRUE
-- Found FLEX: /usr/bin/flex (found version "2.6.4")
-- Found BISON: /usr/bin/bison (found version "3.8.2")
-- The following OPTIONAL packages have been found:

 * Qt6CoreTools (required version >= 6.8.3)
 * Qt6Core (required version >= 6.5.0)
 * Qt6Test (required version >= 6.5.0)

-- The following RECOMMENDED packages have been found:

 * FLEX
 * BISON

-- The following REQUIRED packages have been found:

 * ECM (required version >= 6.0.0)
 * Qt6 (required version >= 6.5.0)

-- Configuring done (0.8s)
-- Generating done (0.0s)
-- Build files have been written to: /home/omen/GITHUB/PLASMA_WORLD/AthOS/REPO-AthOS/kdevelop-pg-qt/work/kdevelop-pg-qt-2.4.0/build
[1/52] [FLEX][kdev_pg_lexer] Building scanner with flex 2.6.4
[2/52] [BISON][kdev_pg_parser] Building parser with bison 3.8.2
/home/omen/GITHUB/PLASMA_WORLD/AthOS/REPO-AthOS/kdevelop-pg-qt/work/kdevelop-pg-qt-2.4.0/src/kdev-pg-parser.yy: warning: 197 shift/reduce conflicts [-Wconflicts-sr]
/home/omen/GITHUB/PLASMA_WORLD/AthOS/REPO-AthOS/kdevelop-pg-qt/work/kdevelop-pg-qt-2.4.0/src/kdev-pg-parser.yy: warning: 24 reduce/reduce conflicts [-Wconflicts-rr]
/home/omen/GITHUB/PLASMA_WORLD/AthOS/REPO-AthOS/kdevelop-pg-qt/work/kdevelop-pg-qt-2.4.0/src/kdev-pg-parser.yy: note: rerun with option '-Wcounterexamples' to generate conflict counterexamples
[3/52] Automatic MOC for target kdev-pg-qt
[4/52] Automatic MOC for target benchmarks
[5/52] Automatic MOC for target testlocationtable
[6/52] Automatic MOC for target testmemorypool
[7/52] Building CXX object tests/CMakeFiles/benchmarks.dir/benchmarks_autogen/mocs_compilation.cpp.o
[8/52] Building CXX object tests/CMakeFiles/testlocationtable.dir/testlocationtable_autogen/mocs_compilation.cpp.o
[9/52] Building CXX object tests/CMakeFiles/testmemorypool.dir/testmemorypool_autogen/mocs_compilation.cpp.o
[10/52] Automatic RCC for unidata.qrc
[11/52] Building CXX object src/CMakeFiles/kdev-pg-qt.dir/kdev-pg-qt_autogen/mocs_compilation.cpp.o
[12/52] Building CXX object src/CMakeFiles/kdev-pg-qt.dir/3rdparty/libastyle/ASEnhancer.cpp.o
[13/52] Building CXX object src/CMakeFiles/kdev-pg-qt.dir/3rdparty/libastyle/ASResource.cpp.o
[14/52] Building CXX object src/CMakeFiles/kdev-pg-qt.dir/kdev-pg-visitor.cpp.o
[15/52] Building CXX object src/CMakeFiles/kdev-pg-qt.dir/kdev-pg-pretty-printer.cpp.o
[16/52] Building CXX object tests/CMakeFiles/testlocationtable.dir/testlocationtable.cpp.o
[17/52] Building CXX object src/CMakeFiles/kdev-pg-qt.dir/kdev-pg-visitor-gen.cpp.o
[18/52] Building CXX object src/CMakeFiles/kdev-pg-qt.dir/kdev-pg-new-visitor-bits-gen.cpp.o
[19/52] Building CXX object src/CMakeFiles/kdev-pg-qt.dir/kdev-pg-default-visitor.cpp.o
[20/52] Building CXX object src/CMakeFiles/kdev-pg-qt.dir/kdev-pg-new-visitor-gen.cpp.o
[21/52] Building CXX object tests/CMakeFiles/testmemorypool.dir/testmemorypool.cpp.o
[22/52] Building CXX object src/CMakeFiles/kdev-pg-qt.dir/kdev-pg-visitor-bits-gen.cpp.o
[23/52] Building CXX object src/CMakeFiles/kdev-pg-qt.dir/kdev-pg-default-visitor-gen.cpp.o
[24/52] Building CXX object src/CMakeFiles/kdev-pg-qt.dir/3rdparty/libastyle/ASBeautifier.cpp.o
[25/52] Building CXX object tests/CMakeFiles/benchmarks.dir/benchmarks.cpp.o
[26/52] Building CXX object src/CMakeFiles/kdev-pg-qt.dir/kdev-pg-global.cpp.o
[27/52] Building CXX object src/CMakeFiles/kdev-pg-qt.dir/kdev-pg-beautifier.cpp.o
[28/52] Building CXX object src/CMakeFiles/kdev-pg-qt.dir/kdev-pg-default-visitor-bits-gen.cpp.o
[29/52] Building CXX object src/CMakeFiles/kdev-pg-qt.dir/3rdparty/libastyle/ASFormatter.cpp.o
[30/52] Linking CXX executable bin/testlocationtable
[31/52] Building CXX object src/CMakeFiles/kdev-pg-qt.dir/kdev-pg-debug-visitor-gen.cpp.o
[32/52] Building CXX object src/CMakeFiles/kdev-pg-qt.dir/kdev-pg-token-type-gen.cpp.o
[33/52] Linking CXX executable bin/testmemorypool
[34/52] Building CXX object src/CMakeFiles/kdev-pg-qt.dir/kdev-pg-qt_autogen/EWIEGA46WW/qrc_unidata.cpp.o
[35/52] Linking CXX executable bin/benchmarks
[36/52] Building CXX object src/CMakeFiles/kdev-pg-qt.dir/kdev-pg.cpp.o
[37/52] Building CXX object src/CMakeFiles/kdev-pg-qt.dir/kdev-pg-serialize-visitor-gen.cpp.o
[38/52] Building CXX object src/CMakeFiles/kdev-pg-qt.dir/kdev-pg-ast-gen.cpp.o
[39/52] Building CXX object src/CMakeFiles/kdev-pg-qt.dir/kdev-pg-inline-checker.cpp.o
[40/52] Building CXX object src/CMakeFiles/kdev-pg-qt.dir/kdev-pg-clone-tree.cpp.o
[41/52] Building CXX object src/CMakeFiles/kdev-pg-qt.dir/kdev-pg-code-gen.cpp.o
[42/52] Building CXX object src/CMakeFiles/kdev-pg-qt.dir/kdev-pg-checker.cpp.o
[43/52] Building CXX object src/CMakeFiles/kdev-pg-qt.dir/kdev-pg-bnf-visitor.cpp.o
[44/52] Building CXX object src/CMakeFiles/kdev-pg-qt.dir/kdev-pg-follow.cpp.o
[45/52] Building CXX object src/CMakeFiles/kdev-pg-qt.dir/kdev-pg-main.cpp.o
[46/52] Building CXX object src/CMakeFiles/kdev-pg-qt.dir/kdev-pg-lexer.cc.o
/home/omen/GITHUB/PLASMA_WORLD/AthOS/REPO-AthOS/kdevelop-pg-qt/work/kdevelop-pg-qt-2.4.0/build/src/kdev-pg-lexer.cc:1138:36: warning: zero as null pointer constant [-Wzero-as-null-pointer-constant]
 1138 | 
      |                                    ^
/home/omen/GITHUB/PLASMA_WORLD/AthOS/REPO-AthOS/kdevelop-pg-qt/work/kdevelop-pg-qt-2.4.0/build/src/kdev-pg-lexer.cc:1138:53: warning: zero as null pointer constant [-Wzero-as-null-pointer-constant]
 1138 | 
      |                                                     ^
/home/omen/GITHUB/PLASMA_WORLD/AthOS/REPO-AthOS/kdevelop-pg-qt/work/kdevelop-pg-qt-2.4.0/build/src/kdev-pg-lexer.cc: In function ‘int yy_init_globals()’:
/home/omen/GITHUB/PLASMA_WORLD/AthOS/REPO-AthOS/kdevelop-pg-qt/work/kdevelop-pg-qt-2.4.0/build/src/kdev-pg-lexer.cc:3248:22: warning: zero as null pointer constant [-Wzero-as-null-pointer-constant]
 3248 | 
      |                      ^
/home/omen/GITHUB/PLASMA_WORLD/AthOS/REPO-AthOS/kdevelop-pg-qt/work/kdevelop-pg-qt-2.4.0/build/src/kdev-pg-lexer.cc:3249:22: warning: zero as null pointer constant [-Wzero-as-null-pointer-constant]
 3249 |     (yy_state_buf) = 0;
      |                      ^
/home/omen/GITHUB/PLASMA_WORLD/AthOS/REPO-AthOS/kdevelop-pg-qt/work/kdevelop-pg-qt-2.4.0/build/src/kdev-pg-lexer.cc:3250:23: warning: zero as null pointer constant [-Wzero-as-null-pointer-constant]
 3250 |     (yy_state_ptr) = 0;
      |                       ^
[47/52] Building CXX object src/CMakeFiles/kdev-pg-qt.dir/kdev-pg-first.cpp.o
[48/52] Building CXX object src/CMakeFiles/kdev-pg-qt.dir/kdev-pg-unicode-loader.cpp.o
[49/52] Building CXX object src/CMakeFiles/kdev-pg-qt.dir/kdev-pg-generate.cpp.o
[50/52] Building CXX object src/CMakeFiles/kdev-pg-qt.dir/kdev-pg-parser.cc.o
[51/52] Building CXX object src/CMakeFiles/kdev-pg-qt.dir/kdev-pg-regexp.cpp.o
[52/52] Linking CXX executable bin/kdev-pg-qt
-- Install configuration: "RelWithDebInfo"
-- Installing: /home/omen/GITHUB/PLASMA_WORLD/AthOS/REPO-AthOS/kdevelop-pg-qt/package-kdevelop-pg-qt/usr/include/KDevelopPGQt/kdev-pg-allocator.h
-- Installing: /home/omen/GITHUB/PLASMA_WORLD/AthOS/REPO-AthOS/kdevelop-pg-qt/package-kdevelop-pg-qt/usr/include/KDevelopPGQt/kdev-pg-location-table.h
-- Installing: /home/omen/GITHUB/PLASMA_WORLD/AthOS/REPO-AthOS/kdevelop-pg-qt/package-kdevelop-pg-qt/usr/include/KDevelopPGQt/kdev-pg-memory-pool.h
-- Installing: /home/omen/GITHUB/PLASMA_WORLD/AthOS/REPO-AthOS/kdevelop-pg-qt/package-kdevelop-pg-qt/usr/include/KDevelopPGQt/kdev-pg-token-stream.h
-- Installing: /home/omen/GITHUB/PLASMA_WORLD/AthOS/REPO-AthOS/kdevelop-pg-qt/package-kdevelop-pg-qt/usr/include/KDevelopPGQt/kdev-pg-list.h
-- Installing: /home/omen/GITHUB/PLASMA_WORLD/AthOS/REPO-AthOS/kdevelop-pg-qt/package-kdevelop-pg-qt/usr/include/KDevelopPGQt/kdev-pg-char-sets.h
-- Installing: /home/omen/GITHUB/PLASMA_WORLD/AthOS/REPO-AthOS/kdevelop-pg-qt/package-kdevelop-pg-qt/usr/bin/kdev-pg-qt
-- Installing: /home/omen/GITHUB/PLASMA_WORLD/AthOS/REPO-AthOS/kdevelop-pg-qt/package-kdevelop-pg-qt/usr/include/KDevelopPGQt/kdevelop-pg-qt_version.h
-- Installing: /home/omen/GITHUB/PLASMA_WORLD/AthOS/REPO-AthOS/kdevelop-pg-qt/package-kdevelop-pg-qt/usr/lib64/cmake/KDevelopPGQt/KDevelopPGQtConfig.cmake
-- Installing: /home/omen/GITHUB/PLASMA_WORLD/AthOS/REPO-AthOS/kdevelop-pg-qt/package-kdevelop-pg-qt/usr/lib64/cmake/KDevelopPGQt/KDevelopPGQtConfigVersion.cmake
-- Installing: /home/omen/GITHUB/PLASMA_WORLD/AthOS/REPO-AthOS/kdevelop-pg-qt/package-kdevelop-pg-qt/usr/lib64/cmake/KDevelopPGQt/KDevelopPGQtMacros.cmake
-- Installing: /home/omen/GITHUB/PLASMA_WORLD/AthOS/REPO-AthOS/kdevelop-pg-qt/package-kdevelop-pg-qt/usr/lib64/cmake/KDevelopPGQt/KDevelopPGQtTargets.cmake
-- Installing: /home/omen/GITHUB/PLASMA_WORLD/AthOS/REPO-AthOS/kdevelop-pg-qt/package-kdevelop-pg-qt/usr/lib64/cmake/KDevelopPGQt/KDevelopPGQtTargets-relwithdebinfo.cmake
-- Installing: /home/omen/GITHUB/PLASMA_WORLD/AthOS/REPO-AthOS/kdevelop-pg-qt/package-kdevelop-pg-qt/usr/lib64/cmake/KDevelop-PG-Qt/KDevelop-PG-QtConfig.cmake
-- Installing: /home/omen/GITHUB/PLASMA_WORLD/AthOS/REPO-AthOS/kdevelop-pg-qt/package-kdevelop-pg-qt/usr/lib64/cmake/KDevelop-PG-Qt/KDevelop-PG-QtConfigVersion.cmake
The main part of source code is ready. We are moving on to preparing post install scripts, docs, license, man pages etc..
cp: cannot stat 'ChangeLog*': No such file or directory
cp: cannot stat 'COPYING': No such file or directory
cp: cannot stat 'CREDITS': No such file or directory
cp: cannot stat 'LICENSE': No such file or directory
cp: cannot stat 'MAINTAINERS': No such file or directory
cp: cannot stat 'NEWS': No such file or directory
cp: cannot stat 'docs': No such file or directory
cp: cannot stat 'DOCS': No such file or directory
grep: /home/omen/GITHUB/PLASMA_WORLD/AthOS/REPO-AthOS/kdevelop-pg-qt/kdevelop-pg-qt.info: No such file or directory
Packaging compiled for slackware installation...
MAKEPKG_FLAGS is empty or unset, using default

Slackware package maker, version 3.14159265.

Searching for symbolic links:

No symbolic links were found, so we won't make an installation script.
You can make your own later in ./install/doinst.sh and rebuild the
package if you like.

This next step is optional - you can set the directories in your package
to some sane permissions. If any of the directories in your package have
special permissions, then DO NOT reset them here!

Would you like to reset all directory permissions to 755 (drwxr-xr-x) and
directory ownerships to root:root ([y]es, [n]o)? n


Creating Slackware package:  /tmp/kdevelop-pg-qt/kdevelop-pg-qt-2.4.0-x86_64-1_rtz.tlz

./
install/
install/doinst.sh
install/slack-desc
usr/
usr/bin/
usr/bin/kdev-pg-qt
usr/doc/
usr/doc/kdevelop-pg-qt-2.4.0/
usr/doc/kdevelop-pg-qt-2.4.0/AUTHORS
usr/doc/kdevelop-pg-qt-2.4.0/README
usr/doc/kdevelop-pg-qt-2.4.0/kdevelop-pg-qt.ini
usr/include/
usr/include/KDevelopPGQt/
usr/include/KDevelopPGQt/kdev-pg-allocator.h
usr/include/KDevelopPGQt/kdev-pg-char-sets.h
usr/include/KDevelopPGQt/kdev-pg-list.h
usr/include/KDevelopPGQt/kdev-pg-location-table.h
usr/include/KDevelopPGQt/kdev-pg-memory-pool.h
usr/include/KDevelopPGQt/kdev-pg-token-stream.h
usr/include/KDevelopPGQt/kdevelop-pg-qt_version.h
usr/lib64/
usr/lib64/cmake/
usr/lib64/cmake/KDevelop-PG-Qt/
usr/lib64/cmake/KDevelop-PG-Qt/KDevelop-PG-QtConfig.cmake
usr/lib64/cmake/KDevelop-PG-Qt/KDevelop-PG-QtConfigVersion.cmake
usr/lib64/cmake/KDevelopPGQt/
usr/lib64/cmake/KDevelopPGQt/KDevelopPGQtConfig.cmake
usr/lib64/cmake/KDevelopPGQt/KDevelopPGQtConfigVersion.cmake
usr/lib64/cmake/KDevelopPGQt/KDevelopPGQtMacros.cmake
usr/lib64/cmake/KDevelopPGQt/KDevelopPGQtTargets-relwithdebinfo.cmake
usr/lib64/cmake/KDevelopPGQt/KDevelopPGQtTargets.cmake

Slackware package /tmp/kdevelop-pg-qt/kdevelop-pg-qt-2.4.0-x86_64-1_rtz.tlz created.

Create shared object file for kdevelop-pg-qt-2.4.0-x86_64-1_rtz.tlz
Creating /tmp/kdevelop-pg-qt/kdevelop-pg-qt-2.4.0-x86_64-1_rtz.tlz.so.file using /tmp/kdevelop-pg-qt/kdevelop-pg-qt-2.4.0-x86_64-1_rtz.tlz
Successfully created /tmp/kdevelop-pg-qt/kdevelop-pg-qt-2.4.0-x86_64-1_rtz.tlz.so.file
Packaging of executable and meta-data in kdevelop-pg-qt.tar.lz4 format.
/tmp/kdevelop-pg-qt /tmp/kdevelop-pg-qt
/tmp/kdevelop-pg-qt
BIN_NAME
README
kdevelop-pg-qt-2.4.0-x86_64-1_rtz.tlz
kdevelop-pg-qt-2.4.0-x86_64-1_rtz.tlz.md5
kdevelop-pg-qt-2.4.0-x86_64-1_rtz.tlz.so.file
kdevelop-pg-qt-2.4.0-x86_64-1_rtz.tlz.txt
makepkg-kdevelop-pg-qt.log
kdevelop-pg-qt build finished. Procced to installation...

+=====================================================================================================================+
| Upgrading kdevelop-pg-qt-2.4.0-x86_64-1_rtz package using /tmp/kdevelop-pg-qt/kdevelop-pg-qt-2.4.0-x86_64-1_rtz.tlz |
+=====================================================================================================================+

Pre-installing package kdevelop-pg-qt-2.4.0-x86_64-1_rtz...
Removing package: kdevelop-pg-qt-2.4.0-x86_64-1_rtz-upgraded-2025-05-15,01:37:18
Installing package kdevelop-pg-qt-2.4.0-x86_64-1_rtz.tlz:
PACKAGE DESCRIPTION:
# kdevelop-pg-qt (KDevelop Parser Generator)
#
# A parser generator used by KDevelop language plugins
#
# https://www.kdevelop.org
Executing install script for kdevelop-pg-qt-2.4.0-x86_64-1_rtz.tlz.
Font directories:
	/usr/share/fonts
/usr/share/fonts: caching, new cache contents: 0 fonts, 11 dirs
/usr/share/fonts/100dpi: caching, new cache contents: 238 fonts, 0 dirs
/usr/share/fonts/75dpi: caching, new cache contents: 238 fonts, 0 dirs
/usr/share/fonts/OTF: caching, new cache contents: 124 fonts, 0 dirs
/usr/share/fonts/Speedo: caching, new cache contents: 0 fonts, 0 dirs
/usr/share/fonts/TTF: caching, new cache contents: 1132 fonts, 0 dirs
/usr/share/fonts/Type1: caching, new cache contents: 64 fonts, 0 dirs
/usr/share/fonts/cyrillic: caching, new cache contents: 0 fonts, 0 dirs
/usr/share/fonts/encodings: caching, new cache contents: 0 fonts, 1 dirs
/usr/share/fonts/encodings/large: caching, new cache contents: 0 fonts, 0 dirs
/usr/share/fonts/kanjistrokeorders: caching, new cache contents: 1 fonts, 0 dirs
/usr/share/fonts/misc: caching, new cache contents: 143 fonts, 0 dirs
/usr/share/fonts/util: caching, new cache contents: 0 fonts, 0 dirs
/var/cache/fontconfig: cleaning cache directory
/root/.cache/fontconfig: not cleaning non-existent cache directory
/root/.fontconfig: not cleaning non-existent cache directory
/usr/bin/fc-cache: succeeded
Package kdevelop-pg-qt-2.4.0-x86_64-1_rtz.tlz installed.
Package kdevelop-pg-qt-2.4.0-x86_64-1_rtz upgraded with new package /tmp/kdevelop-pg-qt/kdevelop-pg-qt-2.4.0-x86_64-1_rtz.tlz.
Cleaning environmet: Removing source code, and work-space...
rm: cannot remove 'kdevelop-pg-qt-2.4.0.tar.xz': No such file or directory
