[32mStarting build process...[0m
Detected architecture: x86_64
Required dependencies: corrosion	extra-cmake-modules	futuresql	kdeclarative	ki18n	kio	kirigami-addons	kirigami	libplasma	purpose	qqc2-desktop-style kirigami-addons	kirigami	purpose
Building dep corrosion...
corrosion 
Error: Build file '/home/omen/GITHUB/Athos/AthOS/REPO-AthOS/corrosion/corrosion.ini' not found.
extra-cmake-modules is already installed!
futuresql is already installed!
kdeclarative is already installed!
ki18n is already installed!
kio is already installed!
kirigami-addons is already installed!
kirigami is already installed!
libplasma is already installed!
purpose is already installed!
qqc2-desktop-style is already installed!
kirigami-addons is already installed!
kirigami is already installed!
purpose is already installed!
No optional dependencies found.
Downloading source code tar.xz file
--2025-05-21 15:17:35--  https://download.kde.org/stable/release-service/25.04.1/src/angelfish-25.04.1.tar.xz
Resolving download.kde.org (download.kde.org)... 49.12.122.15, 2a01:4f8:242:53eb::4
Connecting to download.kde.org (download.kde.org)|49.12.122.15|:443... connected.
HTTP request sent, awaiting response... 302 Found
Location: https://ftp.cc.uoc.gr/mirrors/kde/stable/release-service/25.04.1/src/angelfish-25.04.1.tar.xz [following]
--2025-05-21 15:17:35--  https://ftp.cc.uoc.gr/mirrors/kde/stable/release-service/25.04.1/src/angelfish-25.04.1.tar.xz
Resolving ftp.cc.uoc.gr (ftp.cc.uoc.gr)... 147.52.159.50, 2001:648:2c00:6c08::2
Connecting to ftp.cc.uoc.gr (ftp.cc.uoc.gr)|147.52.159.50|:443... connected.
HTTP request sent, awaiting response... 200 OK
Length: 296052 (289K) [application/octet-stream]
Saving to: ‘angelfish-25.04.1.tar.xz’

     0K .......... .......... .......... .......... .......... 17% 1.31M 0s
    50K .......... .......... .......... .......... .......... 34% 1.44M 0s
   100K .......... .......... .......... .......... .......... 51% 6.49M 0s
   150K .......... .......... .......... .......... .......... 69% 1.92M 0s
   200K .......... .......... .......... .......... .......... 86% 7.66M 0s
   250K .......... .......... .......... .........            100% 5.41M=0.1s

2025-05-21 15:17:36 (2.40 MB/s) - ‘angelfish-25.04.1.tar.xz’ saved [296052/296052]

Found file: angelfish-25.04.1.tar.xz
No checksum provided. Skipping checksum verification and proceeding...
Creating working directories and exporting source code in...
angelfish-25.04.1/
angelfish-25.04.1/org.kde.angelfish.svg
angelfish-25.04.1/README.md
angelfish-25.04.1/org.kde.angelfish.desktop
angelfish-25.04.1/Messages.sh
angelfish-25.04.1/LICENSES/
angelfish-25.04.1/LICENSES/GPL-2.0-only.txt
angelfish-25.04.1/LICENSES/MIT.txt
angelfish-25.04.1/LICENSES/LGPL-2.0-only.txt
angelfish-25.04.1/LICENSES/LicenseRef-KDE-Accepted-GPL.txt
angelfish-25.04.1/LICENSES/GPL-3.0-only.txt
angelfish-25.04.1/LICENSES/BSD-3-Clause.txt
angelfish-25.04.1/LICENSES/LGPL-3.0-only.txt
angelfish-25.04.1/LICENSES/LGPL-2.1-only.txt
angelfish-25.04.1/LICENSES/CC0-1.0.txt
angelfish-25.04.1/LICENSES/LGPL-2.0-or-later.txt
angelfish-25.04.1/LICENSES/LicenseRef-KDE-Accepted-LGPL.txt
angelfish-25.04.1/LICENSES/GPL-2.0-or-later.txt
angelfish-25.04.1/.gitlab/
angelfish-25.04.1/.gitlab/dependabot.yml
angelfish-25.04.1/.gitlab/issue_templates/
angelfish-25.04.1/.gitlab/issue_templates/default_issue.md
angelfish-25.04.1/.gitlab-ci.yml
angelfish-25.04.1/Cargo.toml
angelfish-25.04.1/angelfish-webapp/
angelfish-25.04.1/angelfish-webapp/contents/
angelfish-25.04.1/angelfish-webapp/contents/ui/
angelfish-25.04.1/angelfish-webapp/contents/ui/WebAppView.qml
angelfish-25.04.1/angelfish-webapp/contents/ui/webapp.qml
angelfish-25.04.1/angelfish-webapp/main.cpp
angelfish-25.04.1/angelfish-webapp/webapp-resources.qrc
angelfish-25.04.1/angelfish-webapp/CMakeLists.txt
angelfish-25.04.1/logo.png
angelfish-25.04.1/snapcraft.yaml
angelfish-25.04.1/lib/
angelfish-25.04.1/lib/useragent.h
angelfish-25.04.1/lib/contents/
angelfish-25.04.1/lib/contents/migrations/
angelfish-25.04.1/lib/contents/migrations/2022-08-14-223019_init/
angelfish-25.04.1/lib/contents/migrations/2022-08-14-223019_init/up.sql
angelfish-25.04.1/lib/contents/ui/
angelfish-25.04.1/lib/contents/ui/ErrorHandler.qml
angelfish-25.04.1/lib/contents/ui/PermissionQuestion.qml
angelfish-25.04.1/lib/contents/ui/JavaScriptDialogSheet.qml
angelfish-25.04.1/lib/contents/ui/DownloadQuestion.qml
angelfish-25.04.1/lib/contents/ui/ListWebView.qml
angelfish-25.04.1/lib/contents/ui/WebView.qml
angelfish-25.04.1/lib/contents/ui/PrintPreview.qml
angelfish-25.04.1/lib/contents/ui/WebDeveloperTools.qml
angelfish-25.04.1/lib/contents/ui/Questions.qml
angelfish-25.04.1/lib/contents/ui/AuthSheet.qml
angelfish-25.04.1/lib/angelfishwebprofile.cpp
angelfish-25.04.1/lib/bookmarkshistorymodel.cpp
angelfish-25.04.1/lib/urlobserver.cpp
angelfish-25.04.1/lib/settingshelper.cpp
angelfish-25.04.1/lib/angelfishsettings.kcfg
angelfish-25.04.1/lib/urlutils.h
angelfish-25.04.1/lib/dbmanager.h
angelfish-25.04.1/lib/dbmanager.cpp
angelfish-25.04.1/lib/angelfishsettings.kcfgc
angelfish-25.04.1/lib/bookmarkshistorymodel.h
angelfish-25.04.1/lib/settingshelper.h
angelfish-25.04.1/lib/browsermanager.cpp
angelfish-25.04.1/lib/downloadmanager.h
angelfish-25.04.1/lib/downloadmanager.cpp
angelfish-25.04.1/lib/browsermanager.h
angelfish-25.04.1/lib/iconimageprovider.cpp
angelfish-25.04.1/lib/urlutils.cpp
angelfish-25.04.1/lib/tabsmodel.cpp
angelfish-25.04.1/lib/urlobserver.h
angelfish-25.04.1/lib/tabsmodel.h
angelfish-25.04.1/lib/angelfishwebprofile.h
angelfish-25.04.1/lib/resources.qrc
angelfish-25.04.1/lib/CMakeLists.txt
angelfish-25.04.1/lib/angelfish.notifyrc
angelfish-25.04.1/lib/iconimageprovider.h
angelfish-25.04.1/lib/useragent.cpp
angelfish-25.04.1/Cargo.lock
angelfish-25.04.1/.kde-ci.yml
angelfish-25.04.1/flatpak/
angelfish-25.04.1/flatpak/kirigami-addons.json
angelfish-25.04.1/flatpak/corrosion.json
angelfish-25.04.1/flatpak/generated-sources.json
angelfish-25.04.1/flatpak/regenerate-sources.sh
angelfish-25.04.1/po/
angelfish-25.04.1/po/pt/
angelfish-25.04.1/po/pt/angelfish.po
angelfish-25.04.1/po/nn/
angelfish-25.04.1/po/nn/angelfish.po
angelfish-25.04.1/po/pl/
angelfish-25.04.1/po/pl/angelfish.po
angelfish-25.04.1/po/ja/
angelfish-25.04.1/po/ja/angelfish.po
angelfish-25.04.1/po/pa/
angelfish-25.04.1/po/pa/angelfish.po
angelfish-25.04.1/po/zh_CN/
angelfish-25.04.1/po/zh_CN/angelfish.po
angelfish-25.04.1/po/cs/
angelfish-25.04.1/po/cs/angelfish.po
angelfish-25.04.1/po/es/
angelfish-25.04.1/po/es/angelfish.po
angelfish-25.04.1/po/ka/
angelfish-25.04.1/po/ka/angelfish.po
angelfish-25.04.1/po/tr/
angelfish-25.04.1/po/tr/angelfish.po
angelfish-25.04.1/po/ca/
angelfish-25.04.1/po/ca/angelfish.po
angelfish-25.04.1/po/ca@valencia/
angelfish-25.04.1/po/ca@valencia/angelfish.po
angelfish-25.04.1/po/gl/
angelfish-25.04.1/po/gl/angelfish.po
angelfish-25.04.1/po/eo/
angelfish-25.04.1/po/eo/angelfish.po
angelfish-25.04.1/po/nl/
angelfish-25.04.1/po/nl/angelfish.po
angelfish-25.04.1/po/hu/
angelfish-25.04.1/po/hu/angelfish.po
angelfish-25.04.1/po/eu/
angelfish-25.04.1/po/eu/angelfish.po
angelfish-25.04.1/po/lv/
angelfish-25.04.1/po/lv/angelfish.po
angelfish-25.04.1/po/fr/
angelfish-25.04.1/po/fr/angelfish.po
angelfish-25.04.1/po/hi/
angelfish-25.04.1/po/hi/angelfish.po
angelfish-25.04.1/po/sl/
angelfish-25.04.1/po/sl/angelfish.po
angelfish-25.04.1/po/ta/
angelfish-25.04.1/po/ta/angelfish.po
angelfish-25.04.1/po/he/
angelfish-25.04.1/po/he/angelfish.po
angelfish-25.04.1/po/de/
angelfish-25.04.1/po/de/angelfish.po
angelfish-25.04.1/po/ar/
angelfish-25.04.1/po/ar/angelfish.po
angelfish-25.04.1/po/sk/
angelfish-25.04.1/po/sk/angelfish.po
angelfish-25.04.1/po/zh_TW/
angelfish-25.04.1/po/zh_TW/angelfish.po
angelfish-25.04.1/po/et/
angelfish-25.04.1/po/et/angelfish.po
angelfish-25.04.1/po/it/
angelfish-25.04.1/po/it/angelfish.po
angelfish-25.04.1/po/el/
angelfish-25.04.1/po/el/angelfish.po
angelfish-25.04.1/po/da/
angelfish-25.04.1/po/da/angelfish.po
angelfish-25.04.1/po/pt_BR/
angelfish-25.04.1/po/pt_BR/angelfish.po
angelfish-25.04.1/po/ru/
angelfish-25.04.1/po/ru/angelfish.po
angelfish-25.04.1/po/id/
angelfish-25.04.1/po/id/angelfish.po
angelfish-25.04.1/po/ia/
angelfish-25.04.1/po/ia/angelfish.po
angelfish-25.04.1/po/sv/
angelfish-25.04.1/po/sv/angelfish.po
angelfish-25.04.1/po/fi/
angelfish-25.04.1/po/fi/angelfish.po
angelfish-25.04.1/po/ast/
angelfish-25.04.1/po/ast/angelfish.po
angelfish-25.04.1/po/lt/
angelfish-25.04.1/po/lt/angelfish.po
angelfish-25.04.1/po/sa/
angelfish-25.04.1/po/sa/angelfish.po
angelfish-25.04.1/po/ko/
angelfish-25.04.1/po/ko/angelfish.po
angelfish-25.04.1/po/en_GB/
angelfish-25.04.1/po/en_GB/angelfish.po
angelfish-25.04.1/po/uk/
angelfish-25.04.1/po/uk/angelfish.po
angelfish-25.04.1/po/az/
angelfish-25.04.1/po/az/angelfish.po
angelfish-25.04.1/.flatpak-manifest.json
angelfish-25.04.1/autotests/
angelfish-25.04.1/autotests/tabsmodeltest.cpp
angelfish-25.04.1/autotests/dbmanagertest.cpp
angelfish-25.04.1/autotests/data/
angelfish-25.04.1/autotests/data/simplebookmarks.json
angelfish-25.04.1/autotests/browsermanagertest.cpp
angelfish-25.04.1/autotests/CMakeLists.txt
angelfish-25.04.1/autotests/configtest.cpp
angelfish-25.04.1/CMakeLists.txt
angelfish-25.04.1/org.kde.angelfish.json
angelfish-25.04.1/src/
angelfish-25.04.1/src/contents/
angelfish-25.04.1/src/contents/ui/
angelfish-25.04.1/src/contents/ui/AdblockFilterDownloadQuestion.qml
angelfish-25.04.1/src/contents/ui/InputSheet.qml
angelfish-25.04.1/src/contents/ui/HistorySheet.qml
angelfish-25.04.1/src/contents/ui/Tabs.qml
angelfish-25.04.1/src/contents/ui/mobile.qml
angelfish-25.04.1/src/contents/ui/Navigation.qml
angelfish-25.04.1/src/contents/ui/NewTabQuestion.qml
angelfish-25.04.1/src/contents/ui/FindInPageBar.qml
angelfish-25.04.1/src/contents/ui/components/
angelfish-25.04.1/src/contents/ui/components/BottomDrawer.qml
angelfish-25.04.1/src/contents/ui/ShareSheet.qml
angelfish-25.04.1/src/contents/ui/HapticsEffectWrapper.qml
angelfish-25.04.1/src/contents/ui/desktop/
angelfish-25.04.1/src/contents/ui/desktop/Tabs.qml
angelfish-25.04.1/src/contents/ui/desktop/desktop.qml
angelfish-25.04.1/src/contents/ui/desktop/BookmarksPage.qml
angelfish-25.04.1/src/contents/ui/desktop/HistoryPage.qml
angelfish-25.04.1/src/contents/ui/NavigationEntrySheet.qml
angelfish-25.04.1/src/contents/ui/History.qml
angelfish-25.04.1/src/contents/ui/Downloads.qml
angelfish-25.04.1/src/contents/ui/UrlDelegate.qml
angelfish-25.04.1/src/contents/ui/Bookmarks.qml
angelfish-25.04.1/src/contents/ui/HapticsEffectLoader.qml
angelfish-25.04.1/src/adblockfilterlistsmodel.cpp
angelfish-25.04.1/src/adblockurlinterceptor.cpp
angelfish-25.04.1/src/webappcreator.h
angelfish-25.04.1/src/regex-weburl/
angelfish-25.04.1/src/regex-weburl/regex-weburl.js
angelfish-25.04.1/src/downloadsmodel.h
angelfish-25.04.1/src/domdistiller.h
angelfish-25.04.1/src/domdistiller.cpp
angelfish-25.04.1/src/webappmanager.h
angelfish-25.04.1/src/webappmanager.cpp
angelfish-25.04.1/src/webappcreator.cpp
angelfish-25.04.1/src/settings/
angelfish-25.04.1/src/settings/DesktopHomeSettingsPage.qml
angelfish-25.04.1/src/settings/SettingsSearchEnginePage.qml
angelfish-25.04.1/src/settings/AngelfishConfigurationView.qml
angelfish-25.04.1/src/settings/SettingsGeneral.qml
angelfish-25.04.1/src/settings/SettingsNavigationBarPage.qml
angelfish-25.04.1/src/settings/SettingsAdblock.qml
angelfish-25.04.1/src/settings/SettingsWebApps.qml
angelfish-25.04.1/src/settings/CMakeLists.txt
angelfish-25.04.1/src/webappmanagermodel.h
angelfish-25.04.1/src/webappmanagermodel.cpp
angelfish-25.04.1/src/angelfish.qrc
angelfish-25.04.1/src/adblockfilterlistsmodel.h
angelfish-25.04.1/src/downloadsmodel.cpp
angelfish-25.04.1/src/main.cpp
angelfish-25.04.1/src/rs/
angelfish-25.04.1/src/rs/adblock/
angelfish-25.04.1/src/rs/adblock/build.rs
angelfish-25.04.1/src/rs/adblock/Cargo.toml
angelfish-25.04.1/src/rs/adblock/src/
angelfish-25.04.1/src/rs/adblock/src/lib.rs
angelfish-25.04.1/src/rs/adblock/src/logging.rs
angelfish-25.04.1/src/rs/adblock/src/adblock.rs
angelfish-25.04.1/src/adblockfilterlistsmanager.cpp
angelfish-25.04.1/src/adblockfilterlistsmanager.h
angelfish-25.04.1/src/adblockurlinterceptor.h
angelfish-25.04.1/src/CMakeLists.txt
angelfish-25.04.1/src/dom-distiller-dist/
angelfish-25.04.1/src/dom-distiller-dist/README.md
angelfish-25.04.1/src/dom-distiller-dist/domdistiller.js.license
angelfish-25.04.1/src/dom-distiller-dist/domdistiller.js
angelfish-25.04.1/.gitignore
angelfish-25.04.1/org.kde.angelfish.metainfo.xml
/home/omen/GITHUB/Athos/AthOS/REPO-AthOS/angelfish/work
README or README.md already exists, skipping creation.
hm...lets continue and see what happens
-- The C compiler identification is GNU 14.2.0
-- The CXX compiler identification is GNU 14.2.0
-- Detecting C compiler ABI info
-- Detecting C compiler ABI info - done
-- Check for working C compiler: /usr/bin/cc - skipped
-- Detecting C compile features
-- Detecting C compile features - done
-- Detecting CXX compiler ABI info
-- Detecting CXX compiler ABI info - done
-- Check for working CXX compiler: /usr/bin/c++ - skipped
-- Detecting CXX compile features
-- Detecting CXX compile features - done
-- Installing in the same prefix as Qt, adopting their path scheme.
-- Performing Test HAVE_STDATOMIC
-- Performing Test HAVE_STDATOMIC - Success
-- Found WrapAtomic: TRUE
-- Looking for __GLIBC__
-- Looking for __GLIBC__ - found
-- Performing Test _OFFT_IS_64BIT
-- Performing Test _OFFT_IS_64BIT - Success
-- Performing Test HAVE_DATE_TIME
-- Performing Test HAVE_DATE_TIME - Success
-- Found OpenGL: /usr/lib64/libOpenGL.so
-- Found WrapOpenGL: TRUE
-- Found XKB: /usr/lib64/libxkbcommon.so (found suitable version "1.9.2", minimum required is "0.5.0")
-- Found WrapVulkanHeaders: /usr/include
-- Could NOT find Qt6Feedback (missing: Qt6Feedback_DIR)
CMake Warning at /usr/lib64/cmake/Qt6/Qt6Config.cmake:263 (message):
  Failed to find optional Qt component "Feedback".

  Expected Config file at
  "/usr/lib64/cmake/Qt6Feedback/Qt6FeedbackConfig.cmake" does NOT exist

Call Stack (most recent call first):
  CMakeLists.txt:60 (find_package)


-- Found OpenMP_C: -fopenmp (found version "4.5")
-- Found OpenMP_CXX: -fopenmp (found version "4.5")
-- Found OpenMP: TRUE (found version "4.5")
-- Found KF6Kirigami: /usr/lib64/cmake/KF6Kirigami/KF6KirigamiConfig.cmake (found version "6.14.1")
-- Found KF6Purpose: /usr/lib64/cmake/KF6Purpose/KF6PurposeConfig.cmake (found version "6.14.0")
-- Found Gettext: /usr/bin/msgmerge (found version "0.25")
-- Found KF6I18n: /usr/lib64/cmake/KF6I18n/KF6I18nConfig.cmake (found version "6.14.0")
-- Found KF6Config: /usr/lib64/cmake/KF6Config/KF6ConfigConfig.cmake (found version "6.14.0")
-- Found KF6CoreAddons: /usr/lib64/cmake/KF6CoreAddons/KF6CoreAddonsConfig.cmake (found version "6.14.0")
-- Found KF6DBusAddons: /usr/lib64/cmake/KF6DBusAddons/KF6DBusAddonsConfig.cmake (found version "6.14.0")
-- Found X11: /usr/include
-- Looking for XOpenDisplay in /usr/lib64/libX11.so;/usr/lib64/libXext.so
-- Looking for XOpenDisplay in /usr/lib64/libX11.so;/usr/lib64/libXext.so - found
-- Looking for gethostbyname
-- Looking for gethostbyname - found
-- Looking for connect
-- Looking for connect - found
-- Looking for remove
-- Looking for remove - found
-- Looking for shmat
-- Looking for shmat - found
-- Looking for IceConnectionNumber in ICE
-- Looking for IceConnectionNumber in ICE - found
-- Found KF6WindowSystem: /usr/lib64/cmake/KF6WindowSystem/KF6WindowSystemConfig.cmake (found version "6.14.0")
-- Found KF6Notifications: /usr/lib/cmake/KF6Notifications/KF6NotificationsConfig.cmake (found version "6.14.0")
-- Found KF6QQC2DesktopStyle: /usr/lib64/cmake/KF6QQC2DesktopStyle/KF6QQC2DesktopStyleConfig.cmake (found version "6.14.0")
-- Found KF6: success (found suitable version "6.14.0", minimum required is "5.240") found components: Kirigami Purpose I18n Config CoreAddons DBusAddons WindowSystem Notifications QQC2DesktopStyle
CMake Warning at CMakeLists.txt:73 (find_package):
  By not providing "FindCorrosion.cmake" in CMAKE_MODULE_PATH this project
  has asked CMake to find a package configuration file provided by
  "Corrosion", but CMake did not find one.

  Could not find a package configuration file provided by "Corrosion" with
  any of the following names:

    CorrosionConfig.cmake
    corrosion-config.cmake

  Add the installation prefix of "Corrosion" to CMAKE_PREFIX_PATH or set
  "Corrosion_DIR" to a directory containing one of the above files.  If
  "Corrosion" provides a separate development package or SDK, be sure it has
  been installed.


CMake Warning at CMakeLists.txt:88 (message):
  Qt Feedback dependency is not found.

  While it is optional since unmaintained, haptics feedback functionality is
  not supported without it.


-- The following RUNTIME packages have been found:

 * KF6QQC2DesktopStyle (required version >= 5.240)

-- The following OPTIONAL packages have been found:

 * OpenGL
 * Vulkan
 * Qt6Test (required version >= 6.4)
 * Qt6Svg (required version >= 6.4)
 * Qt6QuickControls2 (required version >= 6.4)
 * Qt6WidgetsTools (required version >= 6.8.3)
 * Qt6Widgets (required version >= 6.4)
 * Qt6DBusTools (required version >= 6.8.3)
 * Freetype
 * Fontconfig
 * Qt6WebEngineCoreTools (required version >= 6.8.3)
 * PkgConfig
 * XKB (required version >= 0.5.0), XKB API common to servers and clients., <http://xkbcommon.org>
 * WrapVulkanHeaders
 * Qt6CoreTools (required version >= 6.8.3)
 * Qt6GuiTools (required version >= 6.8.3)
 * Qt6QuickTools (required version >= 6.8.3)
 * Qt6QmlTools (required version >= 6.8.3)

-- The following REQUIRED packages have been found:

 * ECM (required version >= 5.240)
 * KF6Kirigami (required version >= 5.240)
 * KF6Purpose (required version >= 5.240)
 * Gettext
 * KF6I18n (required version >= 5.240)
 * KF6Config (required version >= 5.240)
 * KF6CoreAddons (required version >= 5.240)
 * KF6DBusAddons (required version >= 5.240)
 * KF6WindowSystem (required version >= 5.240)
 * KF6Notifications (required version >= 5.240)
 * KF6 (required version >= 5.240)
 * KF6KirigamiAddons (required version >= 0.6)
 * Qt6WebEngineCore
 * Qt6WebEngineQuick
 * Qt6Core (required version >= 5.15.2)
 * Qt6Sql (required version >= 5.15.2)
 * FutureSQL6
 * Qt6Quick
 * QCoro6Core
 * QCoro6Quick
 * Qt6Qml
 * QCoro6Qml
 * QCoro6 (required version >= 0.7.0)
 * Qt6

-- The following OPTIONAL packages have not been found:

 * Qt6QmlCompilerPlusPrivateTools (required version >= 6.8.3)
 * Qt6Feedback (required version >= 6.4)

-- The following RECOMMENDED packages have not been found:

 * Corrosion, CMake scripts to seamlessly build and link to targets using cargo, <https://github.com/AndrewGaspar/corrosion>
   Required to build the builtin adblocker

-- Configuring done (1.8s)
-- Generating done (0.1s)
-- Build files have been written to: /home/omen/GITHUB/Athos/AthOS/REPO-AthOS/angelfish/work/angelfish-25.04.1/build
[1/96] Copying angelfish_settings qml resources into build dir
[2/96] Generating angelfishsettings.h, angelfishsettings.cpp
[3/96] Copying angelfish_settings qml sources into build dir
[4/96] Generating ts...
[5/96] Automatic MOC for target angelfish_settingsplugin_init
[6/96] Running AUTOMOC file extraction for target angelfish_settingsplugin_init
[7/96] Running moc --collect-json for target angelfish_settingsplugin_init
[8/96] Automatic MOC for target angelfish_settings
[9/96] Running AUTOMOC file extraction for target angelfish_settings
[10/96] Running rcc for resource qmake_org_kde_angelfish_settings
[11/96] Generating .rcc/qmlcache/angelfish_settings_qmlcache_loader.cpp
[12/96] Building CXX object src/settings/CMakeFiles/angelfish_settingsplugin_init.dir/angelfish_settingsplugin_init_autogen/mocs_compilation.cpp.o
cc1plus: warning: /home/omen/GITHUB/Athos/AthOS/REPO-AthOS/angelfish/work/angelfish-25.04.1/build/src/settings/angelfish_settingsplugin_autogen/include: No such file or directory [-Wmissing-include-dirs]
[13/96] Running moc --collect-json for target angelfish_settings
[14/96] Running rcc for resource angelfish_settings_raw_qml_0
[15/96] Building CXX object src/settings/CMakeFiles/angelfish_settings_resources_2.dir/.qt/rcc/qrc_angelfish_settings_raw_qml_0_init.cpp.o
cc1plus: warning: /home/omen/GITHUB/Athos/AthOS/REPO-AthOS/angelfish/work/angelfish-25.04.1/build/src/settings/angelfish_settings_autogen/include: No such file or directory [-Wmissing-include-dirs]
[16/96] Generating mo...
[17/96] Building CXX object src/settings/CMakeFiles/angelfish_settings_resources_1.dir/.qt/rcc/qrc_qmake_org_kde_angelfish_settings_init.cpp.o
cc1plus: warning: /home/omen/GITHUB/Athos/AthOS/REPO-AthOS/angelfish/work/angelfish-25.04.1/build/src/settings/angelfish_settings_autogen/include: No such file or directory [-Wmissing-include-dirs]
[18/96] Automatic QML type registration for target angelfish_settings
[19/96] Generating .rcc/qmlcache/angelfish_settings_SettingsNavigationBarPage_qml.cpp, .rcc/qmlcache/angelfish_settings_SettingsNavigationBarPage_qml.cpp.aotstats
[20/96] Generating .rcc/qmlcache/angelfish_settings_SettingsGeneral_qml.cpp, .rcc/qmlcache/angelfish_settings_SettingsGeneral_qml.cpp.aotstats
[21/96] Generating .rcc/qmlcache/angelfish_settings_AngelfishConfigurationView_qml.cpp, .rcc/qmlcache/angelfish_settings_AngelfishConfigurationView_qml.cpp.aotstats
[22/96] Generating .rcc/qmlcache/angelfish_settings_SettingsWebApps_qml.cpp, .rcc/qmlcache/angelfish_settings_SettingsWebApps_qml.cpp.aotstats
[23/96] Generating .rcc/qmlcache/angelfish_settings_DesktopHomeSettingsPage_qml.cpp, .rcc/qmlcache/angelfish_settings_DesktopHomeSettingsPage_qml.cpp.aotstats
[24/96] Generating .rcc/qmlcache/angelfish_settings_SettingsSearchEnginePage_qml.cpp, .rcc/qmlcache/angelfish_settings_SettingsSearchEnginePage_qml.cpp.aotstats
[25/96] Generating .rcc/qmlcache/angelfish_settings_SettingsAdblock_qml.cpp, .rcc/qmlcache/angelfish_settings_SettingsAdblock_qml.cpp.aotstats
[26/96] Building CXX object src/settings/CMakeFiles/angelfish_settings.dir/angelfish_settings_autogen/mocs_compilation.cpp.o
[27/96] Building CXX object src/settings/CMakeFiles/angelfish_settings.dir/.qt/rcc/qrc_qmake_org_kde_angelfish_settings.cpp.o
[28/96] Building CXX object src/settings/CMakeFiles/angelfish_settings.dir/.qt/rcc/qrc_angelfish_settings_raw_qml_0.cpp.o
[29/96] Automatic MOC for target AngelfishCore
[30/96] Automatic RCC for resources-angelfish.generated.qrc
[31/96] Building CXX object lib/CMakeFiles/AngelfishCore.dir/settingshelper.cpp.o
[32/96] Building CXX object src/settings/CMakeFiles/angelfish_settingsplugin_init.dir/angelfish_settingsplugin_init.cpp.o
cc1plus: warning: /home/omen/GITHUB/Athos/AthOS/REPO-AthOS/angelfish/work/angelfish-25.04.1/build/src/settings/angelfish_settingsplugin_autogen/include: No such file or directory [-Wmissing-include-dirs]
[33/96] Building CXX object lib/CMakeFiles/AngelfishCore.dir/AngelfishCore_autogen/EWIEGA46WW/qrc_resources-angelfish.generated.cpp.o
[34/96] Building CXX object src/settings/CMakeFiles/angelfish_settings.dir/angelfish_settings_qmltyperegistrations.cpp.o
[35/96] Building CXX object src/settings/CMakeFiles/angelfish_settings.dir/.rcc/qmlcache/angelfish_settings_SettingsNavigationBarPage_qml.cpp.o
[36/96] Building CXX object src/settings/CMakeFiles/angelfish_settings.dir/.rcc/qmlcache/angelfish_settings_SettingsSearchEnginePage_qml.cpp.o
[37/96] Building CXX object src/settings/CMakeFiles/angelfish_settings.dir/.rcc/qmlcache/angelfish_settings_DesktopHomeSettingsPage_qml.cpp.o
[38/96] Building CXX object lib/CMakeFiles/AngelfishCore.dir/downloadmanager.cpp.o
[39/96] Building CXX object lib/CMakeFiles/AngelfishCore.dir/useragent.cpp.o
[40/96] Building CXX object lib/CMakeFiles/AngelfishCore.dir/urlobserver.cpp.o
[41/96] Building CXX object src/settings/CMakeFiles/angelfish_settings.dir/.rcc/qmlcache/angelfish_settings_qmlcache_loader.cpp.o
[42/96] Building CXX object lib/CMakeFiles/AngelfishCore.dir/urlutils.cpp.o
[43/96] Building CXX object src/settings/CMakeFiles/angelfish_settings.dir/.rcc/qmlcache/angelfish_settings_SettingsWebApps_qml.cpp.o
[44/96] Building CXX object src/settings/CMakeFiles/angelfish_settings.dir/.rcc/qmlcache/angelfish_settings_SettingsGeneral_qml.cpp.o
[45/96] Building CXX object src/settings/CMakeFiles/angelfish_settings.dir/.rcc/qmlcache/angelfish_settings_SettingsAdblock_qml.cpp.o
[46/96] Building CXX object lib/CMakeFiles/AngelfishCore.dir/browsermanager.cpp.o
[47/96] Building CXX object src/settings/CMakeFiles/angelfish_settings.dir/.rcc/qmlcache/angelfish_settings_AngelfishConfigurationView_qml.cpp.o
[48/96] Linking CXX static library lib/libangelfish_settings.a
[49/96] Building CXX object lib/CMakeFiles/AngelfishCore.dir/angelfishwebprofile.cpp.o
[50/96] Building CXX object lib/CMakeFiles/AngelfishCore.dir/AngelfishCore_autogen/mocs_compilation.cpp.o
[51/96] Automatic MOC for target angelfish_settingsplugin
[52/96] Building CXX object src/settings/CMakeFiles/angelfish_settingsplugin.dir/angelfish_settingsplugin_autogen/mocs_compilation.cpp.o
[53/96] Building CXX object lib/CMakeFiles/AngelfishCore.dir/tabsmodel.cpp.o
[54/96] Building CXX object lib/CMakeFiles/AngelfishCore.dir/iconimageprovider.cpp.o
[55/96] Building CXX object lib/CMakeFiles/AngelfishCore.dir/angelfishsettings.cpp.o
[56/96] Building CXX object lib/CMakeFiles/AngelfishCore.dir/bookmarkshistorymodel.cpp.o
[57/96] Building CXX object src/settings/CMakeFiles/angelfish_settingsplugin.dir/angelfish_settingsplugin_org_kde_angelfish_settingsPlugin.cpp.o
[58/96] Linking CXX static library bin/org/kde/angelfish/settings/libangelfish_settingsplugin.a
[59/96] Building CXX object lib/CMakeFiles/AngelfishCore.dir/dbmanager.cpp.o
[60/96] Linking CXX static library lib/libAngelfishCore.a
[61/96] Automatic MOC for target angelfish-webapp
[62/96] Automatic RCC for webapp-resources.qrc
[63/96] Building CXX object angelfish-webapp/CMakeFiles/angelfish-webapp.dir/angelfish-webapp_autogen/mocs_compilation.cpp.o
[64/96] Building CXX object angelfish-webapp/CMakeFiles/angelfish-webapp.dir/angelfish-webapp_autogen/EWIEGA46WW/qrc_webapp-resources.cpp.o
[65/96] Automatic MOC for target angelfish
[66/96] Automatic MOC for target tabsmodeltest
[67/96] Building CXX object autotests/CMakeFiles/tabsmodeltest.dir/tabsmodeltest_autogen/mocs_compilation.cpp.o
[68/96] Automatic MOC for target dbmanagertest
[69/96] Automatic RCC for angelfish.qrc
[70/96] Automatic MOC for target configtest
[71/96] Building CXX object autotests/CMakeFiles/dbmanagertest.dir/dbmanagertest_autogen/mocs_compilation.cpp.o
[72/96] Building CXX object autotests/CMakeFiles/configtest.dir/configtest_autogen/mocs_compilation.cpp.o
[73/96] Automatic MOC for target browsermanagertest
[74/96] Building CXX object autotests/CMakeFiles/browsermanagertest.dir/browsermanagertest_autogen/mocs_compilation.cpp.o
[75/96] Building CXX object src/CMakeFiles/angelfish.dir/angelfish_autogen/EWIEGA46WW/qrc_angelfish.cpp.o
[76/96] Building CXX object src/CMakeFiles/angelfish.dir/adblockurlinterceptor.cpp.o
[77/96] Building CXX object src/CMakeFiles/angelfish.dir/webappmanagermodel.cpp.o
[78/96] Building CXX object src/CMakeFiles/angelfish.dir/downloadsmodel.cpp.o
[79/96] Building CXX object src/CMakeFiles/angelfish.dir/angelfish_autogen/mocs_compilation.cpp.o
[80/96] Building CXX object src/CMakeFiles/angelfish.dir/adblockfilterlistsmanager.cpp.o
[81/96] Building CXX object src/CMakeFiles/angelfish.dir/domdistiller.cpp.o
[82/96] Building CXX object src/CMakeFiles/angelfish.dir/webappmanager.cpp.o
[83/96] Building CXX object src/CMakeFiles/angelfish.dir/adblockfilterlistsmodel.cpp.o
[84/96] Building CXX object autotests/CMakeFiles/browsermanagertest.dir/browsermanagertest.cpp.o
[85/96] Linking CXX executable bin/browsermanagertest
[86/96] Building CXX object src/CMakeFiles/angelfish.dir/webappcreator.cpp.o
[87/96] Building CXX object autotests/CMakeFiles/tabsmodeltest.dir/tabsmodeltest.cpp.o
[88/96] Building CXX object autotests/CMakeFiles/configtest.dir/configtest.cpp.o
[89/96] Linking CXX executable bin/tabsmodeltest
[90/96] Linking CXX executable bin/configtest
[91/96] Building CXX object autotests/CMakeFiles/dbmanagertest.dir/dbmanagertest.cpp.o
[92/96] Linking CXX executable bin/dbmanagertest
[93/96] Building CXX object angelfish-webapp/CMakeFiles/angelfish-webapp.dir/main.cpp.o
[94/96] Building CXX object src/CMakeFiles/angelfish.dir/main.cpp.o
[95/96] Linking CXX executable bin/angelfish-webapp
[96/96] Linking CXX executable bin/angelfish
-- Install configuration: "RelWithDebInfo"
-- Installing: /home/omen/GITHUB/Athos/AthOS/REPO-AthOS/angelfish/package-angelfish/usr/share/config.kcfg/angelfishsettings.kcfg
-- Installing: /home/omen/GITHUB/Athos/AthOS/REPO-AthOS/angelfish/package-angelfish/usr/share/knotifications6/angelfish.notifyrc
-- Installing: /home/omen/GITHUB/Athos/AthOS/REPO-AthOS/angelfish/package-angelfish/usr/bin/angelfish
-- Installing: /home/omen/GITHUB/Athos/AthOS/REPO-AthOS/angelfish/package-angelfish/usr/bin/angelfish-webapp
-- Installing: /home/omen/GITHUB/Athos/AthOS/REPO-AthOS/angelfish/package-angelfish/usr/share/locale
-- Installing: /home/omen/GITHUB/Athos/AthOS/REPO-AthOS/angelfish/package-angelfish/usr/share/locale/da
-- Installing: /home/omen/GITHUB/Athos/AthOS/REPO-AthOS/angelfish/package-angelfish/usr/share/locale/da/LC_MESSAGES
-- Installing: /home/omen/GITHUB/Athos/AthOS/REPO-AthOS/angelfish/package-angelfish/usr/share/locale/da/LC_MESSAGES/angelfish.mo
-- Installing: /home/omen/GITHUB/Athos/AthOS/REPO-AthOS/angelfish/package-angelfish/usr/share/locale/cs
-- Installing: /home/omen/GITHUB/Athos/AthOS/REPO-AthOS/angelfish/package-angelfish/usr/share/locale/cs/LC_MESSAGES
-- Installing: /home/omen/GITHUB/Athos/AthOS/REPO-AthOS/angelfish/package-angelfish/usr/share/locale/cs/LC_MESSAGES/angelfish.mo
-- Installing: /home/omen/GITHUB/Athos/AthOS/REPO-AthOS/angelfish/package-angelfish/usr/share/locale/ja
-- Installing: /home/omen/GITHUB/Athos/AthOS/REPO-AthOS/angelfish/package-angelfish/usr/share/locale/ja/LC_MESSAGES
-- Installing: /home/omen/GITHUB/Athos/AthOS/REPO-AthOS/angelfish/package-angelfish/usr/share/locale/ja/LC_MESSAGES/angelfish.mo
-- Installing: /home/omen/GITHUB/Athos/AthOS/REPO-AthOS/angelfish/package-angelfish/usr/share/locale/de
-- Installing: /home/omen/GITHUB/Athos/AthOS/REPO-AthOS/angelfish/package-angelfish/usr/share/locale/de/LC_MESSAGES
-- Installing: /home/omen/GITHUB/Athos/AthOS/REPO-AthOS/angelfish/package-angelfish/usr/share/locale/de/LC_MESSAGES/angelfish.mo
-- Installing: /home/omen/GITHUB/Athos/AthOS/REPO-AthOS/angelfish/package-angelfish/usr/share/locale/el
-- Installing: /home/omen/GITHUB/Athos/AthOS/REPO-AthOS/angelfish/package-angelfish/usr/share/locale/el/LC_MESSAGES
-- Installing: /home/omen/GITHUB/Athos/AthOS/REPO-AthOS/angelfish/package-angelfish/usr/share/locale/el/LC_MESSAGES/angelfish.mo
-- Installing: /home/omen/GITHUB/Athos/AthOS/REPO-AthOS/angelfish/package-angelfish/usr/share/locale/nn
-- Installing: /home/omen/GITHUB/Athos/AthOS/REPO-AthOS/angelfish/package-angelfish/usr/share/locale/nn/LC_MESSAGES
-- Installing: /home/omen/GITHUB/Athos/AthOS/REPO-AthOS/angelfish/package-angelfish/usr/share/locale/nn/LC_MESSAGES/angelfish.mo
-- Installing: /home/omen/GITHUB/Athos/AthOS/REPO-AthOS/angelfish/package-angelfish/usr/share/locale/hi
-- Installing: /home/omen/GITHUB/Athos/AthOS/REPO-AthOS/angelfish/package-angelfish/usr/share/locale/hi/LC_MESSAGES
-- Installing: /home/omen/GITHUB/Athos/AthOS/REPO-AthOS/angelfish/package-angelfish/usr/share/locale/hi/LC_MESSAGES/angelfish.mo
-- Installing: /home/omen/GITHUB/Athos/AthOS/REPO-AthOS/angelfish/package-angelfish/usr/share/locale/pt_BR
-- Installing: /home/omen/GITHUB/Athos/AthOS/REPO-AthOS/angelfish/package-angelfish/usr/share/locale/pt_BR/LC_MESSAGES
-- Installing: /home/omen/GITHUB/Athos/AthOS/REPO-AthOS/angelfish/package-angelfish/usr/share/locale/pt_BR/LC_MESSAGES/angelfish.mo
-- Installing: /home/omen/GITHUB/Athos/AthOS/REPO-AthOS/angelfish/package-angelfish/usr/share/locale/lt
-- Installing: /home/omen/GITHUB/Athos/AthOS/REPO-AthOS/angelfish/package-angelfish/usr/share/locale/lt/LC_MESSAGES
-- Installing: /home/omen/GITHUB/Athos/AthOS/REPO-AthOS/angelfish/package-angelfish/usr/share/locale/lt/LC_MESSAGES/angelfish.mo
-- Installing: /home/omen/GITHUB/Athos/AthOS/REPO-AthOS/angelfish/package-angelfish/usr/share/locale/pa
-- Installing: /home/omen/GITHUB/Athos/AthOS/REPO-AthOS/angelfish/package-angelfish/usr/share/locale/pa/LC_MESSAGES
-- Installing: /home/omen/GITHUB/Athos/AthOS/REPO-AthOS/angelfish/package-angelfish/usr/share/locale/pa/LC_MESSAGES/angelfish.mo
-- Installing: /home/omen/GITHUB/Athos/AthOS/REPO-AthOS/angelfish/package-angelfish/usr/share/locale/sl
-- Installing: /home/omen/GITHUB/Athos/AthOS/REPO-AthOS/angelfish/package-angelfish/usr/share/locale/sl/LC_MESSAGES
-- Installing: /home/omen/GITHUB/Athos/AthOS/REPO-AthOS/angelfish/package-angelfish/usr/share/locale/sl/LC_MESSAGES/angelfish.mo
-- Installing: /home/omen/GITHUB/Athos/AthOS/REPO-AthOS/angelfish/package-angelfish/usr/share/locale/ta
-- Installing: /home/omen/GITHUB/Athos/AthOS/REPO-AthOS/angelfish/package-angelfish/usr/share/locale/ta/LC_MESSAGES
-- Installing: /home/omen/GITHUB/Athos/AthOS/REPO-AthOS/angelfish/package-angelfish/usr/share/locale/ta/LC_MESSAGES/angelfish.mo
-- Installing: /home/omen/GITHUB/Athos/AthOS/REPO-AthOS/angelfish/package-angelfish/usr/share/locale/he
-- Installing: /home/omen/GITHUB/Athos/AthOS/REPO-AthOS/angelfish/package-angelfish/usr/share/locale/he/LC_MESSAGES
-- Installing: /home/omen/GITHUB/Athos/AthOS/REPO-AthOS/angelfish/package-angelfish/usr/share/locale/he/LC_MESSAGES/angelfish.mo
-- Installing: /home/omen/GITHUB/Athos/AthOS/REPO-AthOS/angelfish/package-angelfish/usr/share/locale/zh_TW
-- Installing: /home/omen/GITHUB/Athos/AthOS/REPO-AthOS/angelfish/package-angelfish/usr/share/locale/zh_TW/LC_MESSAGES
-- Installing: /home/omen/GITHUB/Athos/AthOS/REPO-AthOS/angelfish/package-angelfish/usr/share/locale/zh_TW/LC_MESSAGES/angelfish.mo
-- Installing: /home/omen/GITHUB/Athos/AthOS/REPO-AthOS/angelfish/package-angelfish/usr/share/locale/pl
-- Installing: /home/omen/GITHUB/Athos/AthOS/REPO-AthOS/angelfish/package-angelfish/usr/share/locale/pl/LC_MESSAGES
-- Installing: /home/omen/GITHUB/Athos/AthOS/REPO-AthOS/angelfish/package-angelfish/usr/share/locale/pl/LC_MESSAGES/angelfish.mo
-- Installing: /home/omen/GITHUB/Athos/AthOS/REPO-AthOS/angelfish/package-angelfish/usr/share/locale/pt
-- Installing: /home/omen/GITHUB/Athos/AthOS/REPO-AthOS/angelfish/package-angelfish/usr/share/locale/pt/LC_MESSAGES
-- Installing: /home/omen/GITHUB/Athos/AthOS/REPO-AthOS/angelfish/package-angelfish/usr/share/locale/pt/LC_MESSAGES/angelfish.mo
-- Installing: /home/omen/GITHUB/Athos/AthOS/REPO-AthOS/angelfish/package-angelfish/usr/share/locale/az
-- Installing: /home/omen/GITHUB/Athos/AthOS/REPO-AthOS/angelfish/package-angelfish/usr/share/locale/az/LC_MESSAGES
-- Installing: /home/omen/GITHUB/Athos/AthOS/REPO-AthOS/angelfish/package-angelfish/usr/share/locale/az/LC_MESSAGES/angelfish.mo
-- Installing: /home/omen/GITHUB/Athos/AthOS/REPO-AthOS/angelfish/package-angelfish/usr/share/locale/tr
-- Installing: /home/omen/GITHUB/Athos/AthOS/REPO-AthOS/angelfish/package-angelfish/usr/share/locale/tr/LC_MESSAGES
-- Installing: /home/omen/GITHUB/Athos/AthOS/REPO-AthOS/angelfish/package-angelfish/usr/share/locale/tr/LC_MESSAGES/angelfish.mo
-- Installing: /home/omen/GITHUB/Athos/AthOS/REPO-AthOS/angelfish/package-angelfish/usr/share/locale/fr
-- Installing: /home/omen/GITHUB/Athos/AthOS/REPO-AthOS/angelfish/package-angelfish/usr/share/locale/fr/LC_MESSAGES
-- Installing: /home/omen/GITHUB/Athos/AthOS/REPO-AthOS/angelfish/package-angelfish/usr/share/locale/fr/LC_MESSAGES/angelfish.mo
-- Installing: /home/omen/GITHUB/Athos/AthOS/REPO-AthOS/angelfish/package-angelfish/usr/share/locale/ast
-- Installing: /home/omen/GITHUB/Athos/AthOS/REPO-AthOS/angelfish/package-angelfish/usr/share/locale/ast/LC_MESSAGES
-- Installing: /home/omen/GITHUB/Athos/AthOS/REPO-AthOS/angelfish/package-angelfish/usr/share/locale/ast/LC_MESSAGES/angelfish.mo
-- Installing: /home/omen/GITHUB/Athos/AthOS/REPO-AthOS/angelfish/package-angelfish/usr/share/locale/ka
-- Installing: /home/omen/GITHUB/Athos/AthOS/REPO-AthOS/angelfish/package-angelfish/usr/share/locale/ka/LC_MESSAGES
-- Installing: /home/omen/GITHUB/Athos/AthOS/REPO-AthOS/angelfish/package-angelfish/usr/share/locale/ka/LC_MESSAGES/angelfish.mo
-- Installing: /home/omen/GITHUB/Athos/AthOS/REPO-AthOS/angelfish/package-angelfish/usr/share/locale/gl
-- Installing: /home/omen/GITHUB/Athos/AthOS/REPO-AthOS/angelfish/package-angelfish/usr/share/locale/gl/LC_MESSAGES
-- Installing: /home/omen/GITHUB/Athos/AthOS/REPO-AthOS/angelfish/package-angelfish/usr/share/locale/gl/LC_MESSAGES/angelfish.mo
-- Installing: /home/omen/GITHUB/Athos/AthOS/REPO-AthOS/angelfish/package-angelfish/usr/share/locale/ia
-- Installing: /home/omen/GITHUB/Athos/AthOS/REPO-AthOS/angelfish/package-angelfish/usr/share/locale/ia/LC_MESSAGES
-- Installing: /home/omen/GITHUB/Athos/AthOS/REPO-AthOS/angelfish/package-angelfish/usr/share/locale/ia/LC_MESSAGES/angelfish.mo
-- Installing: /home/omen/GITHUB/Athos/AthOS/REPO-AthOS/angelfish/package-angelfish/usr/share/locale/hu
-- Installing: /home/omen/GITHUB/Athos/AthOS/REPO-AthOS/angelfish/package-angelfish/usr/share/locale/hu/LC_MESSAGES
-- Installing: /home/omen/GITHUB/Athos/AthOS/REPO-AthOS/angelfish/package-angelfish/usr/share/locale/hu/LC_MESSAGES/angelfish.mo
-- Installing: /home/omen/GITHUB/Athos/AthOS/REPO-AthOS/angelfish/package-angelfish/usr/share/locale/eo
-- Installing: /home/omen/GITHUB/Athos/AthOS/REPO-AthOS/angelfish/package-angelfish/usr/share/locale/eo/LC_MESSAGES
-- Installing: /home/omen/GITHUB/Athos/AthOS/REPO-AthOS/angelfish/package-angelfish/usr/share/locale/eo/LC_MESSAGES/angelfish.mo
-- Installing: /home/omen/GITHUB/Athos/AthOS/REPO-AthOS/angelfish/package-angelfish/usr/share/locale/ca
-- Installing: /home/omen/GITHUB/Athos/AthOS/REPO-AthOS/angelfish/package-angelfish/usr/share/locale/ca/LC_MESSAGES
-- Installing: /home/omen/GITHUB/Athos/AthOS/REPO-AthOS/angelfish/package-angelfish/usr/share/locale/ca/LC_MESSAGES/angelfish.mo
-- Installing: /home/omen/GITHUB/Athos/AthOS/REPO-AthOS/angelfish/package-angelfish/usr/share/locale/uk
-- Installing: /home/omen/GITHUB/Athos/AthOS/REPO-AthOS/angelfish/package-angelfish/usr/share/locale/uk/LC_MESSAGES
-- Installing: /home/omen/GITHUB/Athos/AthOS/REPO-AthOS/angelfish/package-angelfish/usr/share/locale/uk/LC_MESSAGES/angelfish.mo
-- Installing: /home/omen/GITHUB/Athos/AthOS/REPO-AthOS/angelfish/package-angelfish/usr/share/locale/id
-- Installing: /home/omen/GITHUB/Athos/AthOS/REPO-AthOS/angelfish/package-angelfish/usr/share/locale/id/LC_MESSAGES
-- Installing: /home/omen/GITHUB/Athos/AthOS/REPO-AthOS/angelfish/package-angelfish/usr/share/locale/id/LC_MESSAGES/angelfish.mo
-- Installing: /home/omen/GITHUB/Athos/AthOS/REPO-AthOS/angelfish/package-angelfish/usr/share/locale/en_GB
-- Installing: /home/omen/GITHUB/Athos/AthOS/REPO-AthOS/angelfish/package-angelfish/usr/share/locale/en_GB/LC_MESSAGES
-- Installing: /home/omen/GITHUB/Athos/AthOS/REPO-AthOS/angelfish/package-angelfish/usr/share/locale/en_GB/LC_MESSAGES/angelfish.mo
-- Installing: /home/omen/GITHUB/Athos/AthOS/REPO-AthOS/angelfish/package-angelfish/usr/share/locale/zh_CN
-- Installing: /home/omen/GITHUB/Athos/AthOS/REPO-AthOS/angelfish/package-angelfish/usr/share/locale/zh_CN/LC_MESSAGES
-- Installing: /home/omen/GITHUB/Athos/AthOS/REPO-AthOS/angelfish/package-angelfish/usr/share/locale/zh_CN/LC_MESSAGES/angelfish.mo
-- Installing: /home/omen/GITHUB/Athos/AthOS/REPO-AthOS/angelfish/package-angelfish/usr/share/locale/nl
-- Installing: /home/omen/GITHUB/Athos/AthOS/REPO-AthOS/angelfish/package-angelfish/usr/share/locale/nl/LC_MESSAGES
-- Installing: /home/omen/GITHUB/Athos/AthOS/REPO-AthOS/angelfish/package-angelfish/usr/share/locale/nl/LC_MESSAGES/angelfish.mo
-- Installing: /home/omen/GITHUB/Athos/AthOS/REPO-AthOS/angelfish/package-angelfish/usr/share/locale/sa
-- Installing: /home/omen/GITHUB/Athos/AthOS/REPO-AthOS/angelfish/package-angelfish/usr/share/locale/sa/LC_MESSAGES
-- Installing: /home/omen/GITHUB/Athos/AthOS/REPO-AthOS/angelfish/package-angelfish/usr/share/locale/sa/LC_MESSAGES/angelfish.mo
-- Installing: /home/omen/GITHUB/Athos/AthOS/REPO-AthOS/angelfish/package-angelfish/usr/share/locale/fi
-- Installing: /home/omen/GITHUB/Athos/AthOS/REPO-AthOS/angelfish/package-angelfish/usr/share/locale/fi/LC_MESSAGES
-- Installing: /home/omen/GITHUB/Athos/AthOS/REPO-AthOS/angelfish/package-angelfish/usr/share/locale/fi/LC_MESSAGES/angelfish.mo
-- Installing: /home/omen/GITHUB/Athos/AthOS/REPO-AthOS/angelfish/package-angelfish/usr/share/locale/ko
-- Installing: /home/omen/GITHUB/Athos/AthOS/REPO-AthOS/angelfish/package-angelfish/usr/share/locale/ko/LC_MESSAGES
-- Installing: /home/omen/GITHUB/Athos/AthOS/REPO-AthOS/angelfish/package-angelfish/usr/share/locale/ko/LC_MESSAGES/angelfish.mo
-- Installing: /home/omen/GITHUB/Athos/AthOS/REPO-AthOS/angelfish/package-angelfish/usr/share/locale/ru
-- Installing: /home/omen/GITHUB/Athos/AthOS/REPO-AthOS/angelfish/package-angelfish/usr/share/locale/ru/LC_MESSAGES
-- Installing: /home/omen/GITHUB/Athos/AthOS/REPO-AthOS/angelfish/package-angelfish/usr/share/locale/ru/LC_MESSAGES/angelfish.mo
-- Installing: /home/omen/GITHUB/Athos/AthOS/REPO-AthOS/angelfish/package-angelfish/usr/share/locale/lv
-- Installing: /home/omen/GITHUB/Athos/AthOS/REPO-AthOS/angelfish/package-angelfish/usr/share/locale/lv/LC_MESSAGES
-- Installing: /home/omen/GITHUB/Athos/AthOS/REPO-AthOS/angelfish/package-angelfish/usr/share/locale/lv/LC_MESSAGES/angelfish.mo
-- Installing: /home/omen/GITHUB/Athos/AthOS/REPO-AthOS/angelfish/package-angelfish/usr/share/locale/ca@valencia
-- Installing: /home/omen/GITHUB/Athos/AthOS/REPO-AthOS/angelfish/package-angelfish/usr/share/locale/ca@valencia/LC_MESSAGES
-- Installing: /home/omen/GITHUB/Athos/AthOS/REPO-AthOS/angelfish/package-angelfish/usr/share/locale/ca@valencia/LC_MESSAGES/angelfish.mo
-- Installing: /home/omen/GITHUB/Athos/AthOS/REPO-AthOS/angelfish/package-angelfish/usr/share/locale/es
-- Installing: /home/omen/GITHUB/Athos/AthOS/REPO-AthOS/angelfish/package-angelfish/usr/share/locale/es/LC_MESSAGES
-- Installing: /home/omen/GITHUB/Athos/AthOS/REPO-AthOS/angelfish/package-angelfish/usr/share/locale/es/LC_MESSAGES/angelfish.mo
-- Installing: /home/omen/GITHUB/Athos/AthOS/REPO-AthOS/angelfish/package-angelfish/usr/share/locale/eu
-- Installing: /home/omen/GITHUB/Athos/AthOS/REPO-AthOS/angelfish/package-angelfish/usr/share/locale/eu/LC_MESSAGES
-- Installing: /home/omen/GITHUB/Athos/AthOS/REPO-AthOS/angelfish/package-angelfish/usr/share/locale/eu/LC_MESSAGES/angelfish.mo
-- Installing: /home/omen/GITHUB/Athos/AthOS/REPO-AthOS/angelfish/package-angelfish/usr/share/locale/et
-- Installing: /home/omen/GITHUB/Athos/AthOS/REPO-AthOS/angelfish/package-angelfish/usr/share/locale/et/LC_MESSAGES
-- Installing: /home/omen/GITHUB/Athos/AthOS/REPO-AthOS/angelfish/package-angelfish/usr/share/locale/et/LC_MESSAGES/angelfish.mo
-- Installing: /home/omen/GITHUB/Athos/AthOS/REPO-AthOS/angelfish/package-angelfish/usr/share/locale/it
-- Installing: /home/omen/GITHUB/Athos/AthOS/REPO-AthOS/angelfish/package-angelfish/usr/share/locale/it/LC_MESSAGES
-- Installing: /home/omen/GITHUB/Athos/AthOS/REPO-AthOS/angelfish/package-angelfish/usr/share/locale/it/LC_MESSAGES/angelfish.mo
-- Installing: /home/omen/GITHUB/Athos/AthOS/REPO-AthOS/angelfish/package-angelfish/usr/share/locale/ar
-- Installing: /home/omen/GITHUB/Athos/AthOS/REPO-AthOS/angelfish/package-angelfish/usr/share/locale/ar/LC_MESSAGES
-- Installing: /home/omen/GITHUB/Athos/AthOS/REPO-AthOS/angelfish/package-angelfish/usr/share/locale/ar/LC_MESSAGES/angelfish.mo
-- Installing: /home/omen/GITHUB/Athos/AthOS/REPO-AthOS/angelfish/package-angelfish/usr/share/locale/sk
-- Installing: /home/omen/GITHUB/Athos/AthOS/REPO-AthOS/angelfish/package-angelfish/usr/share/locale/sk/LC_MESSAGES
-- Installing: /home/omen/GITHUB/Athos/AthOS/REPO-AthOS/angelfish/package-angelfish/usr/share/locale/sk/LC_MESSAGES/angelfish.mo
-- Installing: /home/omen/GITHUB/Athos/AthOS/REPO-AthOS/angelfish/package-angelfish/usr/share/locale/sv
-- Installing: /home/omen/GITHUB/Athos/AthOS/REPO-AthOS/angelfish/package-angelfish/usr/share/locale/sv/LC_MESSAGES
-- Installing: /home/omen/GITHUB/Athos/AthOS/REPO-AthOS/angelfish/package-angelfish/usr/share/locale/sv/LC_MESSAGES/angelfish.mo
-- Installing: /home/omen/GITHUB/Athos/AthOS/REPO-AthOS/angelfish/package-angelfish/usr/share/applications/org.kde.angelfish.desktop
-- Installing: /home/omen/GITHUB/Athos/AthOS/REPO-AthOS/angelfish/package-angelfish/usr/share/metainfo/org.kde.angelfish.metainfo.xml
-- Installing: /home/omen/GITHUB/Athos/AthOS/REPO-AthOS/angelfish/package-angelfish/usr/share/icons/hicolor/scalable/apps/org.kde.angelfish.svg
[32mThe main part of source code is ready. We are moving on to preparing post install scripts, docs, license, man pages etc..[0m
cp: cannot stat 'AUTHORS': No such file or directory
cp: cannot stat 'ChangeLog*': No such file or directory
cp: cannot stat 'COPYING': No such file or directory
cp: cannot stat 'CREDITS': No such file or directory
cp: cannot stat 'LICENSE': No such file or directory
cp: cannot stat 'MAINTAINERS': No such file or directory
cp: cannot stat 'NEWS': No such file or directory
cp: cannot stat 'docs': No such file or directory
cp: cannot stat 'DOCS': No such file or directory
grep: /home/omen/GITHUB/Athos/AthOS/REPO-AthOS/angelfish/angelfish.info: No such file or directory
corrosion
extra-cmake-modules
futuresql
kdeclarative
ki18n
kio
kirigami-addons
kirigami
libplasma
purpose
qqc2-desktop-style
kirigami-addons
kirigami
purpose
[32mPackaging compiled for slackware installation...[0m
[32mMAKEPKG_FLAGS is empty or unset, using default[0m

Slackware package maker, version 3.14159265.

Searching for symbolic links:

No symbolic links were found, so we won't make an installation script.
You can make your own later in ./install/doinst.sh and rebuild the
package if you like.

This next step is optional - you can set the directories in your package
to some sane permissions. If any of the directories in your package have
special permissions, then DO NOT reset them here!

Would you like to reset all directory permissions to 755 (drwxr-xr-x) and
directory ownerships to root:root ([y]es, [n]o)? n


Creating Slackware package:  /tmp/angelfish/angelfish-25.04.1-x86_64-1_rtz.tlz

./
install/
install/doinst.sh
install/slack-desc
usr/
usr/bin/
usr/bin/angelfish
usr/bin/angelfish-webapp
usr/doc/
usr/doc/angelfish-25.04.1/
usr/doc/angelfish-25.04.1/README.md
usr/doc/angelfish-25.04.1/angelfish.ini
usr/doc/angelfish-25.04.1/slack-required
usr/share/
usr/share/applications/
usr/share/applications/org.kde.angelfish.desktop
usr/share/config.kcfg/
usr/share/config.kcfg/angelfishsettings.kcfg
usr/share/icons/
usr/share/icons/hicolor/
usr/share/icons/hicolor/scalable/
usr/share/icons/hicolor/scalable/apps/
usr/share/icons/hicolor/scalable/apps/org.kde.angelfish.svg
usr/share/knotifications6/
usr/share/knotifications6/angelfish.notifyrc
usr/share/locale/
usr/share/locale/ar/
usr/share/locale/ar/LC_MESSAGES/
usr/share/locale/ar/LC_MESSAGES/angelfish.mo
usr/share/locale/ast/
usr/share/locale/ast/LC_MESSAGES/
usr/share/locale/ast/LC_MESSAGES/angelfish.mo
usr/share/locale/az/
usr/share/locale/az/LC_MESSAGES/
usr/share/locale/az/LC_MESSAGES/angelfish.mo
usr/share/locale/ca/
usr/share/locale/ca/LC_MESSAGES/
usr/share/locale/ca/LC_MESSAGES/angelfish.mo
usr/share/locale/ca@valencia/
usr/share/locale/ca@valencia/LC_MESSAGES/
usr/share/locale/ca@valencia/LC_MESSAGES/angelfish.mo
usr/share/locale/cs/
usr/share/locale/cs/LC_MESSAGES/
usr/share/locale/cs/LC_MESSAGES/angelfish.mo
usr/share/locale/da/
usr/share/locale/da/LC_MESSAGES/
usr/share/locale/da/LC_MESSAGES/angelfish.mo
usr/share/locale/de/
usr/share/locale/de/LC_MESSAGES/
usr/share/locale/de/LC_MESSAGES/angelfish.mo
usr/share/locale/el/
usr/share/locale/el/LC_MESSAGES/
usr/share/locale/el/LC_MESSAGES/angelfish.mo
usr/share/locale/en_GB/
usr/share/locale/en_GB/LC_MESSAGES/
usr/share/locale/en_GB/LC_MESSAGES/angelfish.mo
usr/share/locale/eo/
usr/share/locale/eo/LC_MESSAGES/
usr/share/locale/eo/LC_MESSAGES/angelfish.mo
usr/share/locale/es/
usr/share/locale/es/LC_MESSAGES/
usr/share/locale/es/LC_MESSAGES/angelfish.mo
usr/share/locale/et/
usr/share/locale/et/LC_MESSAGES/
usr/share/locale/et/LC_MESSAGES/angelfish.mo
usr/share/locale/eu/
usr/share/locale/eu/LC_MESSAGES/
usr/share/locale/eu/LC_MESSAGES/angelfish.mo
usr/share/locale/fi/
usr/share/locale/fi/LC_MESSAGES/
usr/share/locale/fi/LC_MESSAGES/angelfish.mo
usr/share/locale/fr/
usr/share/locale/fr/LC_MESSAGES/
usr/share/locale/fr/LC_MESSAGES/angelfish.mo
usr/share/locale/gl/
usr/share/locale/gl/LC_MESSAGES/
usr/share/locale/gl/LC_MESSAGES/angelfish.mo
usr/share/locale/he/
usr/share/locale/he/LC_MESSAGES/
usr/share/locale/he/LC_MESSAGES/angelfish.mo
usr/share/locale/hi/
usr/share/locale/hi/LC_MESSAGES/
usr/share/locale/hi/LC_MESSAGES/angelfish.mo
usr/share/locale/hu/
usr/share/locale/hu/LC_MESSAGES/
usr/share/locale/hu/LC_MESSAGES/angelfish.mo
usr/share/locale/ia/
usr/share/locale/ia/LC_MESSAGES/
usr/share/locale/ia/LC_MESSAGES/angelfish.mo
usr/share/locale/id/
usr/share/locale/id/LC_MESSAGES/
usr/share/locale/id/LC_MESSAGES/angelfish.mo
usr/share/locale/it/
usr/share/locale/it/LC_MESSAGES/
usr/share/locale/it/LC_MESSAGES/angelfish.mo
usr/share/locale/ja/
usr/share/locale/ja/LC_MESSAGES/
usr/share/locale/ja/LC_MESSAGES/angelfish.mo
usr/share/locale/ka/
usr/share/locale/ka/LC_MESSAGES/
usr/share/locale/ka/LC_MESSAGES/angelfish.mo
usr/share/locale/ko/
usr/share/locale/ko/LC_MESSAGES/
usr/share/locale/ko/LC_MESSAGES/angelfish.mo
usr/share/locale/lt/
usr/share/locale/lt/LC_MESSAGES/
usr/share/locale/lt/LC_MESSAGES/angelfish.mo
usr/share/locale/lv/
usr/share/locale/lv/LC_MESSAGES/
usr/share/locale/lv/LC_MESSAGES/angelfish.mo
usr/share/locale/nl/
usr/share/locale/nl/LC_MESSAGES/
usr/share/locale/nl/LC_MESSAGES/angelfish.mo
usr/share/locale/nn/
usr/share/locale/nn/LC_MESSAGES/
usr/share/locale/nn/LC_MESSAGES/angelfish.mo
usr/share/locale/pa/
usr/share/locale/pa/LC_MESSAGES/
usr/share/locale/pa/LC_MESSAGES/angelfish.mo
usr/share/locale/pl/
usr/share/locale/pl/LC_MESSAGES/
usr/share/locale/pl/LC_MESSAGES/angelfish.mo
usr/share/locale/pt/
usr/share/locale/pt/LC_MESSAGES/
usr/share/locale/pt/LC_MESSAGES/angelfish.mo
usr/share/locale/pt_BR/
usr/share/locale/pt_BR/LC_MESSAGES/
usr/share/locale/pt_BR/LC_MESSAGES/angelfish.mo
usr/share/locale/ru/
usr/share/locale/ru/LC_MESSAGES/
usr/share/locale/ru/LC_MESSAGES/angelfish.mo
usr/share/locale/sa/
usr/share/locale/sa/LC_MESSAGES/
usr/share/locale/sa/LC_MESSAGES/angelfish.mo
usr/share/locale/sk/
usr/share/locale/sk/LC_MESSAGES/
usr/share/locale/sk/LC_MESSAGES/angelfish.mo
usr/share/locale/sl/
usr/share/locale/sl/LC_MESSAGES/
usr/share/locale/sl/LC_MESSAGES/angelfish.mo
usr/share/locale/sv/
usr/share/locale/sv/LC_MESSAGES/
usr/share/locale/sv/LC_MESSAGES/angelfish.mo
usr/share/locale/ta/
usr/share/locale/ta/LC_MESSAGES/
usr/share/locale/ta/LC_MESSAGES/angelfish.mo
usr/share/locale/tr/
usr/share/locale/tr/LC_MESSAGES/
usr/share/locale/tr/LC_MESSAGES/angelfish.mo
usr/share/locale/uk/
usr/share/locale/uk/LC_MESSAGES/
usr/share/locale/uk/LC_MESSAGES/angelfish.mo
usr/share/locale/zh_CN/
usr/share/locale/zh_CN/LC_MESSAGES/
usr/share/locale/zh_CN/LC_MESSAGES/angelfish.mo
usr/share/locale/zh_TW/
usr/share/locale/zh_TW/LC_MESSAGES/
usr/share/locale/zh_TW/LC_MESSAGES/angelfish.mo
usr/share/metainfo/
usr/share/metainfo/org.kde.angelfish.metainfo.xml

Slackware package /tmp/angelfish/angelfish-25.04.1-x86_64-1_rtz.tlz created.

Create shared object file for angelfish-25.04.1-x86_64-1_rtz.tlz
Creating /tmp/angelfish/angelfish-25.04.1-x86_64-1_rtz.tlz.so.file using /tmp/angelfish/angelfish-25.04.1-x86_64-1_rtz.tlz
Successfully created /tmp/angelfish/angelfish-25.04.1-x86_64-1_rtz.tlz.so.file
Packaging of executable and meta-data in angelfish.tar.lz4 format.
/tmp/angelfish /tmp/angelfish
/tmp/angelfish
BIN_NAME
README
angelfish-25.04.1-x86_64-1_rtz.tlz
angelfish-25.04.1-x86_64-1_rtz.tlz.md5
angelfish-25.04.1-x86_64-1_rtz.tlz.so.file
angelfish-25.04.1-x86_64-1_rtz.tlz.txt
angelfish.dep
makepkg-angelfish.log
[32mangelfish build finished. Procced to installation...[0m

+==========================================================================================================+
| Upgrading angelfish-25.04.1-x86_64-1_rtz package using /tmp/angelfish/angelfish-25.04.1-x86_64-1_rtz.tlz |
+==========================================================================================================+

Pre-installing package angelfish-25.04.1-x86_64-1_rtz...
Removing package: angelfish-25.04.1-x86_64-1_rtz-upgraded-2025-05-21,15:18:00
Installing package angelfish-25.04.1-x86_64-1_rtz.tlz:
PACKAGE DESCRIPTION:
# angelfish (Small Webbrowser for Plasma Mobile)
#
# Small Webbrowser for Plasma Mobile
#
# phabricator.kde.org/source/plasma-angelfish
Executing install script for angelfish-25.04.1-x86_64-1_rtz.tlz.
Font directories:
	/usr/share/fonts
/usr/share/fonts: caching, new cache contents: 0 fonts, 11 dirs
/usr/share/fonts/100dpi: caching, new cache contents: 238 fonts, 0 dirs
/usr/share/fonts/75dpi: caching, new cache contents: 238 fonts, 0 dirs
/usr/share/fonts/OTF: caching, new cache contents: 124 fonts, 0 dirs
/usr/share/fonts/Speedo: caching, new cache contents: 0 fonts, 0 dirs
/usr/share/fonts/TTF: caching, new cache contents: 1132 fonts, 0 dirs
/usr/share/fonts/Type1: caching, new cache contents: 64 fonts, 0 dirs
/usr/share/fonts/cyrillic: caching, new cache contents: 0 fonts, 0 dirs
/usr/share/fonts/encodings: caching, new cache contents: 0 fonts, 1 dirs
/usr/share/fonts/encodings/large: caching, new cache contents: 0 fonts, 0 dirs
/usr/share/fonts/kanjistrokeorders: caching, new cache contents: 1 fonts, 0 dirs
/usr/share/fonts/misc: caching, new cache contents: 143 fonts, 0 dirs
/usr/share/fonts/util: caching, new cache contents: 0 fonts, 0 dirs
/var/cache/fontconfig: cleaning cache directory
/root/.cache/fontconfig: not cleaning non-existent cache directory
/root/.fontconfig: not cleaning non-existent cache directory
/usr/bin/fc-cache: succeeded
Package angelfish-25.04.1-x86_64-1_rtz.tlz installed.
Package angelfish-25.04.1-x86_64-1_rtz upgraded with new package /tmp/angelfish/angelfish-25.04.1-x86_64-1_rtz.tlz.
[32mCleaning environmet: Removing source code, and work-space...[0m
rm: cannot remove 'angelfish-25.04.1.tar.xz': No such file or directory
