[32mStarting build process...[0m
Detected architecture: x86_64
No required dependencies specified.
Found optional dependencies: kwallet
Should check and build optional deps if not installed? (yes/no): You answered no.
Downloading source code tar.xz file
--2025-05-26 13:19:03--  https://github.com/mhogomchungu/sirikali/releases/download/1.8.2/SiriKali-1.8.2.tar.xz
Resolving github.com (github.com)... 140.82.121.3
Connecting to github.com (github.com)|140.82.121.3|:443... connected.
HTTP request sent, awaiting response... 302 Found
Location: https://objects.githubusercontent.com/github-production-release-asset-2e65be/65425538/e3df1a61-0074-410e-9e0b-c7a690c61ad1?X-Amz-Algorithm=AWS4-HMAC-SHA256&X-Amz-Credential=releaseassetproduction%2F20250526%2Fus-east-1%2Fs3%2Faws4_request&X-Amz-Date=20250526T101759Z&X-Amz-Expires=300&X-Amz-Signature=3156a9b4fc97cc09b94e57f967c19dafa843dd9013382a2558b6f6650979f5e4&X-Amz-SignedHeaders=host&response-content-disposition=attachment%3B%20filename%3DSiriKali-1.8.2.tar.xz&response-content-type=application%2Foctet-stream [following]
--2025-05-26 13:19:04--  https://objects.githubusercontent.com/github-production-release-asset-2e65be/65425538/e3df1a61-0074-410e-9e0b-c7a690c61ad1?X-Amz-Algorithm=AWS4-HMAC-SHA256&X-Amz-Credential=releaseassetproduction%2F20250526%2Fus-east-1%2Fs3%2Faws4_request&X-Amz-Date=20250526T101759Z&X-Amz-Expires=300&X-Amz-Signature=3156a9b4fc97cc09b94e57f967c19dafa843dd9013382a2558b6f6650979f5e4&X-Amz-SignedHeaders=host&response-content-disposition=attachment%3B%20filename%3DSiriKali-1.8.2.tar.xz&response-content-type=application%2Foctet-stream
Resolving objects.githubusercontent.com (objects.githubusercontent.com)... 185.199.111.133, 185.199.109.133, 185.199.110.133, ...
Connecting to objects.githubusercontent.com (objects.githubusercontent.com)|185.199.111.133|:443... connected.
HTTP request sent, awaiting response... 200 OK
Length: 1613228 (1.5M) [application/octet-stream]
Saving to: ‘SiriKali-1.8.2.tar.xz’

     0K .......... .......... .......... .......... ..........  3%  754K 2s
    50K .......... .......... .......... .......... ..........  6% 3.07M 1s
   100K .......... .......... .......... .......... ..........  9% 1.14M 1s
   150K .......... .......... .......... .......... .......... 12% 3.97M 1s
   200K .......... .......... .......... .......... .......... 15% 5.50M 1s
   250K .......... .......... .......... .......... .......... 19% 1.75M 1s
   300K .......... .......... .......... .......... .......... 22% 4.23M 1s
   350K .......... .......... .......... .......... .......... 25% 5.36M 1s
   400K .......... .......... .......... .......... .......... 28% 7.14M 1s
   450K .......... .......... .......... .......... .......... 31% 5.02M 0s
   500K .......... .......... .......... .......... .......... 34% 5.21M 0s
   550K .......... .......... .......... .......... .......... 38%  345K 1s
   600K .......... .......... .......... .......... .......... 41%  443M 1s
   650K .......... .......... .......... .......... .......... 44%  403M 0s
   700K .......... .......... .......... .......... .......... 47%  368M 0s
   750K .......... .......... .......... .......... .......... 50%  480M 0s
   800K .......... .......... .......... .......... .......... 53%  472M 0s
   850K .......... .......... .......... .......... .......... 57%  453M 0s
   900K .......... .......... .......... .......... .......... 60%  411M 0s
   950K .......... .......... .......... .......... .......... 63%  394M 0s
  1000K .......... .......... .......... .......... .......... 66%  358M 0s
  1050K .......... .......... .......... .......... .......... 69%  450M 0s
  1100K .......... .......... .......... .......... .......... 72%  337M 0s
  1150K .......... .......... .......... .......... .......... 76%  390M 0s
  1200K .......... .......... .......... .......... .......... 79%  431M 0s
  1250K .......... .......... .......... .......... .......... 82%  435M 0s
  1300K .......... .......... .......... .......... .......... 85%  867K 0s
  1350K .......... .......... .......... .......... .......... 88% 6.65M 0s
  1400K .......... .......... .......... .......... .......... 92% 9.47M 0s
  1450K .......... .......... .......... .......... .......... 95%  421M 0s
  1500K .......... .......... .......... .......... .......... 98%  317M 0s
  1550K .......... .......... .....                           100%  625M=0.4s

2025-05-26 13:19:05 (3.51 MB/s) - ‘SiriKali-1.8.2.tar.xz’ saved [1613228/1613228]

Found file: SiriKali-1.8.2.tar.xz
No checksum provided. Skipping checksum verification and proceeding...
Creating working directories and exporting source code in...
SiriKali-1.8.2/
SiriKali-1.8.2/GPLv2
SiriKali-1.8.2/COPYRIGHT
SiriKali-1.8.2/cmake_uninstall.cmake.in
SiriKali-1.8.2/ABOUT ME
SiriKali-1.8.2/new release checklist
SiriKali-1.8.2/custom backends/
SiriKali-1.8.2/custom backends/README
SiriKali-1.8.2/custom backends/utahfs.json
SiriKali-1.8.2/custom backends/archivemount.json
SiriKali-1.8.2/custom backends/google-drive-ocamlfuse.json
SiriKali-1.8.2/custom backends/fuseiso.json
SiriKali-1.8.2/COPYING
SiriKali-1.8.2/README.md
SiriKali-1.8.2/MACOS_BUILD_INSTRUCTIONS
SiriKali-1.8.2/LINUX_BUILD_INSTRUCTIONS
SiriKali-1.8.2/rpm/
SiriKali-1.8.2/rpm/sirikali.spec
SiriKali-1.8.2/rpm/BUILD_INSTRUCTIONS
SiriKali-1.8.2/WINDOWS_BUILD_INSTRUCTIONS.txt
SiriKali-1.8.2/icons/
SiriKali-1.8.2/icons/48x48/
SiriKali-1.8.2/icons/48x48/sirikali.png
SiriKali-1.8.2/icons/48x48/io.github.mhogomchungu.sirikali.png
SiriKali-1.8.2/icons/256x256/
SiriKali-1.8.2/icons/256x256/sirikali.png
SiriKali-1.8.2/icons/256x256/sirikali.icns
SiriKali-1.8.2/icons/256x256/io.github.mhogomchungu.sirikali.png
SiriKali-1.8.2/icons/256x256/sirikali.ico
SiriKali-1.8.2/LICENSE
SiriKali-1.8.2/translations/
SiriKali-1.8.2/translations/fr_FR.qm
SiriKali-1.8.2/translations/fr_FR.ts
SiriKali-1.8.2/translations/en_US.qm
SiriKali-1.8.2/translations/de_DE.qm
SiriKali-1.8.2/translations/ar_SA.ts
SiriKali-1.8.2/translations/zh_CN.qm
SiriKali-1.8.2/translations/zh_CN.ts
SiriKali-1.8.2/translations/sv_SE.ts
SiriKali-1.8.2/translations/de_DE.ts
SiriKali-1.8.2/translations/es_MX.ts
SiriKali-1.8.2/translations/README
SiriKali-1.8.2/translations/ru_RU.qm
SiriKali-1.8.2/translations/ru_RU.ts
SiriKali-1.8.2/translations/en_US.ts
SiriKali-1.8.2/translations/es_ES.ts
SiriKali-1.8.2/translations/es_ES.qm
SiriKali-1.8.2/changelog
SiriKali-1.8.2/LICENSE.txt
SiriKali-1.8.2/src/
SiriKali-1.8.2/src/sirikali.cpp
SiriKali-1.8.2/src/3rdParty/
SiriKali-1.8.2/src/3rdParty/tasks/
SiriKali-1.8.2/src/3rdParty/tasks/task.hpp
SiriKali-1.8.2/src/3rdParty/tasks/cmake_uninstall.cmake.in
SiriKali-1.8.2/src/3rdParty/tasks/README.md
SiriKali-1.8.2/src/3rdParty/tasks/LICENSE
SiriKali-1.8.2/src/3rdParty/tasks/CMakeLists.txt
SiriKali-1.8.2/src/3rdParty/lxqt_wallet/
SiriKali-1.8.2/src/3rdParty/lxqt_wallet/cmake_uninstall.cmake.in
SiriKali-1.8.2/src/3rdParty/lxqt_wallet/backend/
SiriKali-1.8.2/src/3rdParty/lxqt_wallet/backend/lxqt_wallet-cli.c
SiriKali-1.8.2/src/3rdParty/lxqt_wallet/backend/fake_wallet_backend.c
SiriKali-1.8.2/src/3rdParty/lxqt_wallet/backend/README
SiriKali-1.8.2/src/3rdParty/lxqt_wallet/backend/lxqtwallet.c
SiriKali-1.8.2/src/3rdParty/lxqt_wallet/backend/lxqtwallet.h
SiriKali-1.8.2/src/3rdParty/lxqt_wallet/backend/CMakeLists.txt
SiriKali-1.8.2/src/3rdParty/lxqt_wallet/README.md
SiriKali-1.8.2/src/3rdParty/lxqt_wallet/.gitignore
SiriKali-1.8.2/src/3rdParty/lxqt_wallet/LICENSE
SiriKali-1.8.2/src/3rdParty/lxqt_wallet/lxqt_wallet.pro
SiriKali-1.8.2/src/3rdParty/lxqt_wallet/changelog
SiriKali-1.8.2/src/3rdParty/lxqt_wallet/frontend/
SiriKali-1.8.2/src/3rdParty/lxqt_wallet/frontend/lxqt_internal_wallet.h
SiriKali-1.8.2/src/3rdParty/lxqt_wallet/frontend/lxqt_osx_keychain.cpp
SiriKali-1.8.2/src/3rdParty/lxqt_wallet/frontend/lxqt_windows_dpapi.cpp
SiriKali-1.8.2/src/3rdParty/lxqt_wallet/frontend/libsecret.c
SiriKali-1.8.2/src/3rdParty/lxqt_wallet/frontend/lxqt_libsecret.cpp
SiriKali-1.8.2/src/3rdParty/lxqt_wallet/frontend/changepassworddialog.cpp
SiriKali-1.8.2/src/3rdParty/lxqt_wallet/frontend/changepassworddialog.ui
SiriKali-1.8.2/src/3rdParty/lxqt_wallet/frontend/lxqt_libsecret.h
SiriKali-1.8.2/src/3rdParty/lxqt_wallet/frontend/lxqt_kwallet-dbus.h
SiriKali-1.8.2/src/3rdParty/lxqt_wallet/frontend/lxqt_kwallet.cpp
SiriKali-1.8.2/src/3rdParty/lxqt_wallet/frontend/lxqt_wallet.cpp
SiriKali-1.8.2/src/3rdParty/lxqt_wallet/frontend/lxqt_wallet.h
SiriKali-1.8.2/src/3rdParty/lxqt_wallet/frontend/libsecret/
SiriKali-1.8.2/src/3rdParty/lxqt_wallet/frontend/libsecret/CMakeLists.txt
SiriKali-1.8.2/src/3rdParty/lxqt_wallet/frontend/password_dialog.cpp
SiriKali-1.8.2/src/3rdParty/lxqt_wallet/frontend/lxqt_kwallet.h
SiriKali-1.8.2/src/3rdParty/lxqt_wallet/frontend/password_dialog.ui
SiriKali-1.8.2/src/3rdParty/lxqt_wallet/frontend/changepassworddialog.h
SiriKali-1.8.2/src/3rdParty/lxqt_wallet/frontend/README
SiriKali-1.8.2/src/3rdParty/lxqt_wallet/frontend/task.h
SiriKali-1.8.2/src/3rdParty/lxqt_wallet/frontend/password_dialog.h
SiriKali-1.8.2/src/3rdParty/lxqt_wallet/frontend/lxqt_internal_wallet.cpp
SiriKali-1.8.2/src/3rdParty/lxqt_wallet/frontend/lxqt_windows_dpapi.h
SiriKali-1.8.2/src/3rdParty/lxqt_wallet/frontend/lxqt_kwallet-dbus.cpp
SiriKali-1.8.2/src/3rdParty/lxqt_wallet/frontend/CMakeLists.txt
SiriKali-1.8.2/src/3rdParty/lxqt_wallet/frontend/lxqt_osx_keychain.h
SiriKali-1.8.2/src/3rdParty/lxqt_wallet/frontend/lxqt_osx_keychain_private.h
SiriKali-1.8.2/src/3rdParty/lxqt_wallet/SOURCE
SiriKali-1.8.2/src/3rdParty/lxqt_wallet/BUILD_INSTRUCTIONS
SiriKali-1.8.2/src/3rdParty/lxqt_wallet/CMakeLists.txt
SiriKali-1.8.2/src/checkforupdateswindow.cpp
SiriKali-1.8.2/src/dialogmsg.cpp
SiriKali-1.8.2/src/systemsignalhandler.h
SiriKali-1.8.2/src/icon.qrc
SiriKali-1.8.2/src/help.ui
SiriKali-1.8.2/src/themes.cpp
SiriKali-1.8.2/src/sirikali.appdata.xml
SiriKali-1.8.2/src/favorites2.cpp
SiriKali-1.8.2/src/sirikali.pkexec.1.gz
SiriKali-1.8.2/src/configfileoption.h
SiriKali-1.8.2/src/sirikali.png
SiriKali-1.8.2/src/utils/
SiriKali-1.8.2/src/utils/qprocess.hpp
SiriKali-1.8.2/src/utils/network_access_manager.hpp
SiriKali-1.8.2/src/utils/single_instance.hpp
SiriKali-1.8.2/src/utils/threads.hpp
SiriKali-1.8.2/src/MacOSXBundleInfo.plist.in
SiriKali-1.8.2/src/plugin.h
SiriKali-1.8.2/src/engines/
SiriKali-1.8.2/src/engines/ecryptfscreateoptions.cpp
SiriKali-1.8.2/src/engines/gocryptfs.h
SiriKali-1.8.2/src/engines/cryfscreateoptions.cpp
SiriKali-1.8.2/src/engines/cryptomator.cpp
SiriKali-1.8.2/src/engines/customcreateoptions.h
SiriKali-1.8.2/src/engines/unknown.cpp
SiriKali-1.8.2/src/engines/sshfs.cpp
SiriKali-1.8.2/src/engines/encfscreateoptions.h
SiriKali-1.8.2/src/engines/cryfscreateoptions.ui
SiriKali-1.8.2/src/engines/cryfscreateoptions.h
SiriKali-1.8.2/src/engines/cryfs.cpp
SiriKali-1.8.2/src/engines/custom.h
SiriKali-1.8.2/src/engines/ecryptfs.cpp
SiriKali-1.8.2/src/engines/securefs.cpp
SiriKali-1.8.2/src/engines/fscrypt.h
SiriKali-1.8.2/src/engines/securefscreateoptions.ui
SiriKali-1.8.2/src/engines/encfs.h
SiriKali-1.8.2/src/engines/fscryptcreateoptions.ui
SiriKali-1.8.2/src/engines/options.cpp
SiriKali-1.8.2/src/engines/cryptomator.h
SiriKali-1.8.2/src/engines/encfs.cpp
SiriKali-1.8.2/src/engines/fscryptcreateoptions.h
SiriKali-1.8.2/src/engines/encfscreateoptions.ui
SiriKali-1.8.2/src/engines/securefscreateoptions.h
SiriKali-1.8.2/src/engines/gocryptfs.cpp
SiriKali-1.8.2/src/engines/ecryptfscreateoptions.ui
SiriKali-1.8.2/src/engines/options.ui
SiriKali-1.8.2/src/engines/unknown.h
SiriKali-1.8.2/src/engines/custom.cpp
SiriKali-1.8.2/src/engines/options.h
SiriKali-1.8.2/src/engines/securefs.h
SiriKali-1.8.2/src/engines/fscryptcreateoptions.cpp
SiriKali-1.8.2/src/engines/ecryptfscreateoptions.h
SiriKali-1.8.2/src/engines/fscrypt.cpp
SiriKali-1.8.2/src/engines/customcreateoptions.cpp
SiriKali-1.8.2/src/engines/encfscreateoptions.cpp
SiriKali-1.8.2/src/engines/sshfs.h
SiriKali-1.8.2/src/engines/ecryptfs.h
SiriKali-1.8.2/src/engines/securefscreateoptions.cpp
SiriKali-1.8.2/src/engines/gocryptfscreateoptions.h
SiriKali-1.8.2/src/engines/gocryptfscreateoptions.cpp
SiriKali-1.8.2/src/engines/cryfs.h
SiriKali-1.8.2/src/engines/gocryptfscreateoptions.ui
SiriKali-1.8.2/src/engines/customcreateoptions.ui
SiriKali-1.8.2/src/utility2.cpp
SiriKali-1.8.2/src/main.cpp
SiriKali-1.8.2/src/siripolkit/
SiriKali-1.8.2/src/siripolkit/main.cpp
SiriKali-1.8.2/src/siripolkit/zulupolkit.cpp
SiriKali-1.8.2/src/siripolkit/CMakeLists.txt
SiriKali-1.8.2/src/siripolkit/zulupolkit.h
SiriKali-1.8.2/src/crypto.h
SiriKali-1.8.2/src/checkforupdateswindow.ui
SiriKali-1.8.2/src/siritask.cpp
SiriKali-1.8.2/src/readonlywarning.cpp
SiriKali-1.8.2/src/utility2.h
SiriKali-1.8.2/src/crypto.cpp
SiriKali-1.8.2/src/sirikali.h
SiriKali-1.8.2/src/flatpak/
SiriKali-1.8.2/src/flatpak/io.github.mhogomchungu.sirikali.json
SiriKali-1.8.2/src/flatpak/HowTo.txt
SiriKali-1.8.2/src/flatpak/io.github.mhogomchungu.sirikali.desktop
SiriKali-1.8.2/src/flatpak/io.github.mhogomchungu.sirikali.metainfo.xml
SiriKali-1.8.2/src/flatpak/io.github.mhogomchungu.sirikali.png
SiriKali-1.8.2/src/flatpak/patches/
SiriKali-1.8.2/src/flatpak/patches/fuse-closefrom.patch
SiriKali-1.8.2/src/flatpak/patches/securefs.patch
SiriKali-1.8.2/src/flatpak/patches/cryfs.patch
SiriKali-1.8.2/src/flatpak/patches/gocryptfs.patch
SiriKali-1.8.2/src/flatpak/patches/fuse-disable-sys-mount-under-flatpak.patch
SiriKali-1.8.2/src/flatpak/patches/securefs-version.patch
SiriKali-1.8.2/src/flatpak/patches/fuse-2.9.2-namespace-conflict-fix.patch
SiriKali-1.8.2/src/flatpak/patches/gocryptfs_version.patch
SiriKali-1.8.2/src/help.cpp
SiriKali-1.8.2/src/dialogok.ui
SiriKali-1.8.2/src/favorites2.h
SiriKali-1.8.2/src/checkforupdates.h
SiriKali-1.8.2/src/update_translations
SiriKali-1.8.2/src/configfileoption.ui
SiriKali-1.8.2/src/dialogok.h
SiriKali-1.8.2/src/dialogok.cpp
SiriKali-1.8.2/src/keydialog.h
SiriKali-1.8.2/src/siritask.h
SiriKali-1.8.2/src/engines.cpp
SiriKali-1.8.2/src/createbackendwindow.ui
SiriKali-1.8.2/src/themes.h
SiriKali-1.8.2/src/createbackendwindow.cpp
SiriKali-1.8.2/src/tablewidget.cpp
SiriKali-1.8.2/src/dialogmsg.h
SiriKali-1.8.2/src/filemanager.ui
SiriKali-1.8.2/src/sirikali.1.gz
SiriKali-1.8.2/src/favorites.cpp
SiriKali-1.8.2/src/configoptions.h
SiriKali-1.8.2/src/win.cpp
SiriKali-1.8.2/src/utility.cpp
SiriKali-1.8.2/src/filemanager.h
SiriKali-1.8.2/src/help.h
SiriKali-1.8.2/src/icon.qrc.depends
SiriKali-1.8.2/src/configoptions.ui
SiriKali-1.8.2/src/favorites2.ui
SiriKali-1.8.2/src/createbackendwindow.h
SiriKali-1.8.2/src/checkforupdates.cpp
SiriKali-1.8.2/src/compatibility.hpp
SiriKali-1.8.2/src/json_parser.hpp
SiriKali-1.8.2/src/engines.h
SiriKali-1.8.2/src/icons/
SiriKali-1.8.2/src/icons/partition.png
SiriKali-1.8.2/src/icons/executable.png
SiriKali-1.8.2/src/icons/harddrive.png
SiriKali-1.8.2/src/icons/lock.png
SiriKali-1.8.2/src/icons/folder.png
SiriKali-1.8.2/src/icons/module.png
SiriKali-1.8.2/src/icons/keyfile.png
SiriKali-1.8.2/src/icons/file.png
SiriKali-1.8.2/src/icons/setting_reset.png
SiriKali-1.8.2/src/icons/password_hide.png
SiriKali-1.8.2/src/icons/password_show.png
SiriKali-1.8.2/src/volumeinfo.h
SiriKali-1.8.2/src/debugwindow.ui
SiriKali-1.8.2/src/debugwindow.cpp
SiriKali-1.8.2/src/filemanager.cpp
SiriKali-1.8.2/src/processManager.h
SiriKali-1.8.2/src/plugins.h
SiriKali-1.8.2/src/mountinfo.cpp
SiriKali-1.8.2/src/secrets.h
SiriKali-1.8.2/src/appicon.rc
SiriKali-1.8.2/src/settings.cpp
SiriKali-1.8.2/src/systemsignalhandler.cpp
SiriKali-1.8.2/src/utility.h
SiriKali-1.8.2/src/mountinfo.h
SiriKali-1.8.2/src/oneinstance.h
SiriKali-1.8.2/src/win_icon.rc
SiriKali-1.8.2/src/readonlywarning.ui
SiriKali-1.8.2/src/processManager.cpp
SiriKali-1.8.2/src/secrets.cpp
SiriKali-1.8.2/src/sirikali_cppcryptfs/
SiriKali-1.8.2/src/sirikali_cppcryptfs/main.cpp
SiriKali-1.8.2/src/sirikali_cppcryptfs/CMakeLists.txt
SiriKali-1.8.2/src/configoptions.cpp
SiriKali-1.8.2/src/plugin.cpp
SiriKali-1.8.2/src/debugwindow.h
SiriKali-1.8.2/src/sirikali.ico
SiriKali-1.8.2/src/sirikali.ui
SiriKali-1.8.2/src/oneinstance.cpp
SiriKali-1.8.2/src/volumeinfo.cpp
SiriKali-1.8.2/src/keydialog.ui
SiriKali-1.8.2/src/win.h
SiriKali-1.8.2/src/configfileoption.cpp
SiriKali-1.8.2/src/keydialog.cpp
SiriKali-1.8.2/src/readonlywarning.h
SiriKali-1.8.2/src/dialogmsg.ui
SiriKali-1.8.2/src/tablewidget.h
SiriKali-1.8.2/src/plugin.ui
SiriKali-1.8.2/src/favorites.h
SiriKali-1.8.2/src/checkforupdateswindow.h
SiriKali-1.8.2/src/settings.h
SiriKali-1.8.2/src/sirikali.pro
SiriKali-1.8.2/build_windows.ps1
SiriKali-1.8.2/images/
SiriKali-1.8.2/images/Screenshot_20160810_215641.png
SiriKali-1.8.2/images/Screenshot_20160810_220122.png
SiriKali-1.8.2/images/Screenshot_20190912_113930.png
SiriKali-1.8.2/images/Screenshot_20160810_215609.png
SiriKali-1.8.2/images/Screenshot_20190912_114512.png
SiriKali-1.8.2/images/Screenshot_20190912_113741.png
SiriKali-1.8.2/images/Screenshot_20190912_114700.png
SiriKali-1.8.2/GPLv3
SiriKali-1.8.2/CMakeLists.txt
/home/omen/GITHUB/Athos/AthOS/REPO-AthOS/sirikali/work
README or README.md already exists, skipping creation.
hm...lets continue and see what happens
-- The C compiler identification is GNU 14.3.0
-- The CXX compiler identification is GNU 14.3.0
-- Detecting C compiler ABI info
-- Detecting C compiler ABI info - done
-- Check for working C compiler: /usr/bin/cc - skipped
-- Detecting C compile features
-- Detecting C compile features - done
-- Detecting CXX compiler ABI info
-- Detecting CXX compiler ABI info - done
-- Check for working CXX compiler: /usr/bin/c++ - skipped
-- Detecting CXX compile features
-- Detecting CXX compile features - done
-- Performing Test CMAKE_HAVE_LIBC_PTHREAD
-- Performing Test CMAKE_HAVE_LIBC_PTHREAD - Success
-- Found Threads: TRUE
-- Performing Test HAVE_STDATOMIC
-- Performing Test HAVE_STDATOMIC - Success
-- Found WrapAtomic: TRUE
-- Found OpenGL: /usr/lib64/libOpenGL.so
-- Found WrapOpenGL: TRUE
-- Found XKB: /usr/lib64/libxkbcommon.so (found suitable version "1.10.0", minimum required is "0.5.0")
-- Found WrapVulkanHeaders: /usr/include
-- Setting C++ version to C++14
-- Found PkgConfig: /usr/bin/pkg-config (found version "0.29.2")
-- Checking for module 'pwquality'
--   Found pwquality, version 1.4.5
-- found gcrypt header file at: /usr/include/gcrypt.h
-- found gcrypt library at: /usr/lib64/libgcrypt.so
-- adding library search path of: /usr/lib64
-- Found Qt6Widgets, version  6.8.3
-- Found Qt6Core, version  6.8.3
-- Found Qt6Network, version  6.8.3
-- Found Qt6DBus, version  6.8.3
-- ---------------------------------------------------------------------------
-- mhogomchungu_task library will be provided by an internal library
-- ---------------------------------------------------------------------------
-- Checking for module 'lxqt-wallet'
--   No package 'lxqt-wallet' found
-- ERROR: could not find lxqt_wallet package
-- ---------------------------------------------------------------------------
-- lxqt wallet support will be provided by an internal library
-- ---------------------------------------------------------------------------
-- Found gcrypt header file: /usr/include/gcrypt.h
-- Found gcrypt library: /usr/lib64/libgcrypt.so
-- Checking for modules 'KF6Wallet'
--   Found KF6Wallet, version 6.14.1
-- 
--------------------------------------------------------------------------
-- kwallet support found, will build kwallet functionality
-- -----------------------------------------------------------------------
-- 
--------------------------------------------------------------------------
-- libsecret support found, will build libsecret functionality
-- -----------------------------------------------------------------------
-- ---------------------------------------------------------------------------
-- Building using Qt6
-- ---------------------------------------------------------------------------


-- Configuring done (0.9s)
-- Generating done (0.0s)
-- Build files have been written to: /home/omen/GITHUB/Athos/AthOS/REPO-AthOS/sirikali/work/SiriKali-1.8.2/build
[1/77] Building C object src/3rdParty/lxqt_wallet/frontend/libsecret/CMakeFiles/secretlib.dir/__/libsecret.c.o
[2/77] Linking C static library src/3rdParty/lxqt_wallet/frontend/libsecret/libsecretlib.a
[3/77] Automatic MOC and UIC for target mhogomchungu_task
[4/77] Building C object src/3rdParty/lxqt_wallet/backend/CMakeFiles/lxqtwallet-backend.dir/lxqtwallet.c.o
[5/77] Linking C static library src/3rdParty/lxqt_wallet/backend/liblxqtwallet-backend.a
[6/77] Automatic MOC and UIC for target lxqt-wallet
AutoMoc: /home/omen/GITHUB/Athos/AthOS/REPO-AthOS/sirikali/work/SiriKali-1.8.2/src/3rdParty/lxqt_wallet/frontend/lxqt_wallet.h: note: No relevant classes found. No output generated.
[7/77] Building CXX object src/3rdParty/tasks/CMakeFiles/mhogomchungu_task.dir/mhogomchungu_task_autogen/mocs_compilation.cpp.o
[8/77] Linking CXX static library src/3rdParty/tasks/libmhogomchungu_task.a
[9/77] Automatic MOC and UIC for target sirikali.pkexec
[10/77] Building CXX object src/siripolkit/CMakeFiles/sirikali.pkexec.dir/sirikali.pkexec_autogen/mocs_compilation.cpp.o
[11/77] Building CXX object src/3rdParty/lxqt_wallet/frontend/CMakeFiles/lxqt-wallet.dir/lxqt_kwallet.cpp.o
[12/77] Building CXX object src/3rdParty/lxqt_wallet/frontend/CMakeFiles/lxqt-wallet.dir/lxqt-wallet_autogen/mocs_compilation.cpp.o
[13/77] Building CXX object src/3rdParty/lxqt_wallet/frontend/CMakeFiles/lxqt-wallet.dir/lxqt_osx_keychain.cpp.o
[14/77] Building CXX object src/3rdParty/lxqt_wallet/frontend/CMakeFiles/lxqt-wallet.dir/password_dialog.cpp.o
[15/77] Building CXX object src/siripolkit/CMakeFiles/sirikali.pkexec.dir/main.cpp.o
[16/77] Building CXX object src/3rdParty/lxqt_wallet/frontend/CMakeFiles/lxqt-wallet.dir/lxqt_libsecret.cpp.o
[17/77] Building CXX object src/3rdParty/lxqt_wallet/frontend/CMakeFiles/lxqt-wallet.dir/changepassworddialog.cpp.o
[18/77] Building CXX object src/siripolkit/CMakeFiles/sirikali.pkexec.dir/zulupolkit.cpp.o
[19/77] Linking CXX executable src/siripolkit/sirikali.pkexec
[20/77] Building CXX object src/3rdParty/lxqt_wallet/frontend/CMakeFiles/lxqt-wallet.dir/lxqt_windows_dpapi.cpp.o
[21/77] Building CXX object src/3rdParty/lxqt_wallet/frontend/CMakeFiles/lxqt-wallet.dir/lxqt_internal_wallet.cpp.o
[22/77] Building CXX object src/3rdParty/lxqt_wallet/frontend/CMakeFiles/lxqt-wallet.dir/lxqt_wallet.cpp.o
[23/77] Linking CXX static library src/3rdParty/lxqt_wallet/frontend/liblxqt-wallet.a
[24/77] Automatic MOC and UIC for target sirikali
[25/77] Automatic RCC for src/icon.qrc
[26/77] Building CXX object CMakeFiles/sirikali.dir/src/crypto.cpp.o
[27/77] Building CXX object CMakeFiles/sirikali.dir/src/themes.cpp.o
[28/77] Building CXX object CMakeFiles/sirikali.dir/src/oneinstance.cpp.o
[29/77] Building CXX object CMakeFiles/sirikali.dir/src/help.cpp.o
[30/77] Building CXX object CMakeFiles/sirikali.dir/src/debugwindow.cpp.o
[31/77] Building CXX object CMakeFiles/sirikali.dir/src/configfileoption.cpp.o
[32/77] Building CXX object CMakeFiles/sirikali.dir/src/createbackendwindow.cpp.o
[33/77] Building CXX object CMakeFiles/sirikali.dir/src/utility2.cpp.o
[34/77] Building CXX object CMakeFiles/sirikali.dir/src/dialogok.cpp.o
[35/77] Building CXX object CMakeFiles/sirikali.dir/src/systemsignalhandler.cpp.o
[36/77] Building CXX object CMakeFiles/sirikali.dir/src/dialogmsg.cpp.o
[37/77] Building CXX object CMakeFiles/sirikali.dir/src/favorites.cpp.o
[38/77] Building CXX object CMakeFiles/sirikali.dir/src/checkforupdateswindow.cpp.o
[39/77] Building CXX object CMakeFiles/sirikali.dir/src/configoptions.cpp.o
[40/77] Building CXX object CMakeFiles/sirikali.dir/sirikali_autogen/mocs_compilation.cpp.o
[41/77] Building CXX object CMakeFiles/sirikali.dir/src/main.cpp.o
[42/77] Building CXX object CMakeFiles/sirikali.dir/src/tablewidget.cpp.o
[43/77] Building CXX object CMakeFiles/sirikali.dir/src/readonlywarning.cpp.o
[44/77] Building CXX object CMakeFiles/sirikali.dir/src/plugin.cpp.o
[45/77] Building CXX object CMakeFiles/sirikali.dir/src/utility.cpp.o
[46/77] Building CXX object CMakeFiles/sirikali.dir/src/secrets.cpp.o
[47/77] Building CXX object CMakeFiles/sirikali.dir/src/checkforupdates.cpp.o
[48/77] Building CXX object CMakeFiles/sirikali.dir/src/filemanager.cpp.o
[49/77] Building CXX object CMakeFiles/sirikali.dir/src/keydialog.cpp.o
[50/77] Building CXX object CMakeFiles/sirikali.dir/src/mountinfo.cpp.o
[51/77] Building CXX object CMakeFiles/sirikali.dir/src/favorites2.cpp.o
[52/77] Building CXX object CMakeFiles/sirikali.dir/src/engines/options.cpp.o
[53/77] Building CXX object CMakeFiles/sirikali.dir/src/siritask.cpp.o
[54/77] Building CXX object CMakeFiles/sirikali.dir/src/processManager.cpp.o
[55/77] Building CXX object CMakeFiles/sirikali.dir/src/engines.cpp.o
[56/77] Building CXX object CMakeFiles/sirikali.dir/src/engines/cryfs.cpp.o
[57/77] Building CXX object CMakeFiles/sirikali.dir/src/engines/ecryptfs.cpp.o
[58/77] Building CXX object CMakeFiles/sirikali.dir/sirikali_autogen/UVLADIE3JM/qrc_icon.cpp.o
[59/77] Building CXX object CMakeFiles/sirikali.dir/src/win.cpp.o
[60/77] Building CXX object CMakeFiles/sirikali.dir/src/engines/gocryptfs.cpp.o
[61/77] Building CXX object CMakeFiles/sirikali.dir/src/engines/sshfs.cpp.o
[62/77] Building CXX object CMakeFiles/sirikali.dir/src/settings.cpp.o
[63/77] Building CXX object CMakeFiles/sirikali.dir/src/engines/gocryptfscreateoptions.cpp.o
[64/77] Building CXX object CMakeFiles/sirikali.dir/src/engines/ecryptfscreateoptions.cpp.o
[65/77] Building CXX object CMakeFiles/sirikali.dir/src/engines/customcreateoptions.cpp.o
[66/77] Building CXX object CMakeFiles/sirikali.dir/src/engines/encfs.cpp.o
[67/77] Building CXX object CMakeFiles/sirikali.dir/src/engines/unknown.cpp.o
[68/77] Building CXX object CMakeFiles/sirikali.dir/src/engines/encfscreateoptions.cpp.o
[69/77] Building CXX object CMakeFiles/sirikali.dir/src/engines/securefscreateoptions.cpp.o
[70/77] Building CXX object CMakeFiles/sirikali.dir/src/engines/securefs.cpp.o
[71/77] Building CXX object CMakeFiles/sirikali.dir/src/engines/fscryptcreateoptions.cpp.o
[72/77] Building CXX object CMakeFiles/sirikali.dir/src/sirikali.cpp.o
[73/77] Building CXX object CMakeFiles/sirikali.dir/src/engines/custom.cpp.o
[74/77] Building CXX object CMakeFiles/sirikali.dir/src/engines/cryfscreateoptions.cpp.o
[75/77] Building CXX object CMakeFiles/sirikali.dir/src/engines/cryptomator.cpp.o
[76/77] Building CXX object CMakeFiles/sirikali.dir/src/engines/fscrypt.cpp.o
[77/77] Linking CXX executable sirikali
-- Install configuration: "RELEASE"
-- Installing: /home/omen/GITHUB/Athos/AthOS/REPO-AthOS/sirikali/package-sirikali/usr/bin/sirikali
-- Installing: /home/omen/GITHUB/Athos/AthOS/REPO-AthOS/sirikali/package-sirikali/usr/share/icons/hicolor/256x256/apps/sirikali.png
-- Installing: /home/omen/GITHUB/Athos/AthOS/REPO-AthOS/sirikali/package-sirikali/usr/share/icons/hicolor/48x48/apps/sirikali.png
-- Installing: /home/omen/GITHUB/Athos/AthOS/REPO-AthOS/sirikali/package-sirikali/usr/share/pixmaps/sirikali.png
-- Installing: /home/omen/GITHUB/Athos/AthOS/REPO-AthOS/sirikali/package-sirikali/usr/share/icons/sirikali.png
-- Installing: /home/omen/GITHUB/Athos/AthOS/REPO-AthOS/sirikali/package-sirikali/usr/share/sirikali/translations/fr_FR.qm
-- Installing: /home/omen/GITHUB/Athos/AthOS/REPO-AthOS/sirikali/package-sirikali/usr/share/sirikali/translations/ru_RU.qm
-- Installing: /home/omen/GITHUB/Athos/AthOS/REPO-AthOS/sirikali/package-sirikali/usr/share/sirikali/translations/es_ES.qm
-- Installing: /home/omen/GITHUB/Athos/AthOS/REPO-AthOS/sirikali/package-sirikali/usr/share/sirikali/translations/en_US.qm
-- Installing: /home/omen/GITHUB/Athos/AthOS/REPO-AthOS/sirikali/package-sirikali/usr/share/sirikali/translations/zh_CN.qm
-- Installing: /home/omen/GITHUB/Athos/AthOS/REPO-AthOS/sirikali/package-sirikali/usr/share/sirikali/translations/de_DE.qm
-- Installing: /home/omen/GITHUB/Athos/AthOS/REPO-AthOS/sirikali/package-sirikali/usr/share/man/man1/sirikali.1.gz
-- Installing: /home/omen/GITHUB/Athos/AthOS/REPO-AthOS/sirikali/package-sirikali/usr/share/man/man1/sirikali.pkexec.1.gz
-- Installing: /home/omen/GITHUB/Athos/AthOS/REPO-AthOS/sirikali/package-sirikali/usr/share/metainfo/sirikali.appdata.xml
-- Installing: /home/omen/GITHUB/Athos/AthOS/REPO-AthOS/sirikali/package-sirikali/usr/share/applications/io.github.mhogomchungu.sirikali.desktop
-- Installing: /home/omen/GITHUB/Athos/AthOS/REPO-AthOS/sirikali/package-sirikali/usr/bin/sirikali.pkexec
-- Installing: /home/omen/GITHUB/Athos/AthOS/REPO-AthOS/sirikali/package-sirikali/usr/share/polkit-1/actions/org.sirikali.pkexec.policy
[32mThe main part of source code is ready. We are moving on to preparing post install scripts, docs, license, man pages etc..[0m
cp: cannot stat 'AUTHORS': No such file or directory
cp: cannot stat 'ChangeLog*': No such file or directory
cp: cannot stat 'CREDITS': No such file or directory
cp: cannot stat 'MAINTAINERS': No such file or directory
cp: cannot stat 'NEWS': No such file or directory
cp: cannot stat 'docs': No such file or directory
cp: cannot stat 'DOCS': No such file or directory
grep: /home/omen/GITHUB/Athos/AthOS/REPO-AthOS/sirikali/sirikali.info: No such file or directory
[32mPackaging compiled for slackware installation...[0m
[32mMAKEPKG_FLAGS is empty or unset, using default[0m

Slackware package maker, version 3.14159265.

Searching for symbolic links:

No symbolic links were found, so we won't make an installation script.
You can make your own later in ./install/doinst.sh and rebuild the
package if you like.

This next step is optional - you can set the directories in your package
to some sane permissions. If any of the directories in your package have
special permissions, then DO NOT reset them here!

Would you like to reset all directory permissions to 755 (drwxr-xr-x) and
directory ownerships to root:root ([y]es, [n]o)? n


Creating Slackware package:  /tmp/sirikali/sirikali-1.8.2-x86_64-1_rtz.tlz

./
install/
install/doinst.sh
install/slack-desc
usr/
usr/bin/
usr/bin/sirikali
usr/bin/sirikali.pkexec
usr/doc/
usr/doc/sirikali-1.8.2/
usr/doc/sirikali-1.8.2/COPYING
usr/doc/sirikali-1.8.2/LICENSE
usr/doc/sirikali-1.8.2/README.md
usr/doc/sirikali-1.8.2/sirikali.ini
usr/share/
usr/share/applications/
usr/share/applications/io.github.mhogomchungu.sirikali.desktop
usr/share/icons/
usr/share/icons/hicolor/
usr/share/icons/hicolor/256x256/
usr/share/icons/hicolor/256x256/apps/
usr/share/icons/hicolor/256x256/apps/sirikali.png
usr/share/icons/hicolor/48x48/
usr/share/icons/hicolor/48x48/apps/
usr/share/icons/hicolor/48x48/apps/sirikali.png
usr/share/icons/sirikali.png
usr/share/man/
usr/share/man/man1/
usr/share/man/man1/sirikali.1.gz
usr/share/man/man1/sirikali.pkexec.1.gz
usr/share/metainfo/
usr/share/metainfo/sirikali.appdata.xml
usr/share/pixmaps/
usr/share/pixmaps/sirikali.png
usr/share/polkit-1/
usr/share/polkit-1/actions/
usr/share/polkit-1/actions/org.sirikali.pkexec.policy
usr/share/sirikali/
usr/share/sirikali/translations/
usr/share/sirikali/translations/de_DE.qm
usr/share/sirikali/translations/en_US.qm
usr/share/sirikali/translations/es_ES.qm
usr/share/sirikali/translations/fr_FR.qm
usr/share/sirikali/translations/ru_RU.qm
usr/share/sirikali/translations/zh_CN.qm
WARNING:  /usr/share/man (with possibly not gzipped man pages) detected

Slackware package /tmp/sirikali/sirikali-1.8.2-x86_64-1_rtz.tlz created.

Create shared object file for sirikali-1.8.2-x86_64-1_rtz.tlz
Creating /tmp/sirikali/sirikali-1.8.2-x86_64-1_rtz.tlz.so.file using /tmp/sirikali/sirikali-1.8.2-x86_64-1_rtz.tlz
Successfully created /tmp/sirikali/sirikali-1.8.2-x86_64-1_rtz.tlz.so.file
Packaging of executable and meta-data in sirikali.tar.lz4 format.
/tmp/sirikali /tmp/sirikali
/tmp/sirikali
BIN_NAME
README
makepkg-sirikali.log
sirikali-1.8.2-x86_64-1_rtz.tlz
sirikali-1.8.2-x86_64-1_rtz.tlz.md5
sirikali-1.8.2-x86_64-1_rtz.tlz.so.file
sirikali-1.8.2-x86_64-1_rtz.tlz.txt
[32msirikali build finished. Procced to installation...[0m

+===================================================================================================+
| Upgrading sirikali-1.8.1-x86_64-1_rtz package using /tmp/sirikali/sirikali-1.8.2-x86_64-1_rtz.tlz |
+===================================================================================================+

Pre-installing package sirikali-1.8.2-x86_64-1_rtz...
Removing package: sirikali-1.8.1-x86_64-1_rtz-upgraded-2025-05-26,13:19:33
Installing package sirikali-1.8.2-x86_64-1_rtz.tlz:
PACKAGE DESCRIPTION:
# sirikali (A Qt/C++ GUI front end to cryfs,encfs..)
#
# SiriKali is a Qt/C++ GUI application that manages ecryptfs, cryfs,
# encfs, gocryptfs, fscrypt, securefs and Cryptomator encrypted
# folders. These projects are compared here. SiriKali can also connect
# to ssh servers using sshfs.
#
# https://mhogomchungu.github.io/sirikali
Executing install script for sirikali-1.8.2-x86_64-1_rtz.tlz.
Font directories:
	/usr/share/fonts
/usr/share/fonts: caching, new cache contents: 0 fonts, 11 dirs
/usr/share/fonts/100dpi: caching, new cache contents: 238 fonts, 0 dirs
/usr/share/fonts/75dpi: caching, new cache contents: 238 fonts, 0 dirs
/usr/share/fonts/OTF: caching, new cache contents: 124 fonts, 0 dirs
/usr/share/fonts/Speedo: caching, new cache contents: 0 fonts, 0 dirs
/usr/share/fonts/TTF: caching, new cache contents: 1132 fonts, 0 dirs
/usr/share/fonts/Type1: caching, new cache contents: 64 fonts, 0 dirs
/usr/share/fonts/cyrillic: caching, new cache contents: 0 fonts, 0 dirs
/usr/share/fonts/encodings: caching, new cache contents: 0 fonts, 1 dirs
/usr/share/fonts/encodings/large: caching, new cache contents: 0 fonts, 0 dirs
/usr/share/fonts/kanjistrokeorders: caching, new cache contents: 1 fonts, 0 dirs
/usr/share/fonts/misc: caching, new cache contents: 143 fonts, 0 dirs
/usr/share/fonts/util: caching, new cache contents: 0 fonts, 0 dirs
/var/cache/fontconfig: cleaning cache directory
/root/.cache/fontconfig: not cleaning non-existent cache directory
/root/.fontconfig: not cleaning non-existent cache directory
/usr/bin/fc-cache: succeeded
Package sirikali-1.8.2-x86_64-1_rtz.tlz installed.
Package sirikali-1.8.1-x86_64-1_rtz upgraded with new package /tmp/sirikali/sirikali-1.8.2-x86_64-1_rtz.tlz.
[32mCleaning environmet: Removing source code, and work-space...[0m
rm: cannot remove 'SiriKali-1.8.2.tar.xz': No such file or directory
