Starting build process...
Detected architecture: x86_64
Required dependencies: extra-cmake-modules	kconfig	kcoreaddons	ki18n	kio	kxmlgui
extra-cmake-modules is already installed!
kconfig is already installed!
kcoreaddons is already installed!
ki18n is already installed!
kio is already installed!
kxmlgui is already installed!
No optional dependencies found.
Downloading source code tar.xz file
--2025-05-11 01:10:17--  https://download.kde.org/stable/release-service/25.04.1/src/libkomparediff2-25.04.1.tar.xz
Resolving download.kde.org (download.kde.org)... 49.12.122.15, 2a01:4f8:242:53eb::4
Connecting to download.kde.org (download.kde.org)|49.12.122.15|:443... connected.
HTTP request sent, awaiting response... 302 Found
Location: https://ftp.cc.uoc.gr/mirrors/kde/stable/release-service/25.04.1/src/libkomparediff2-25.04.1.tar.xz [following]
--2025-05-11 01:10:18--  https://ftp.cc.uoc.gr/mirrors/kde/stable/release-service/25.04.1/src/libkomparediff2-25.04.1.tar.xz
Resolving ftp.cc.uoc.gr (ftp.cc.uoc.gr)... 147.52.159.50, 2001:648:2c00:6c08::2
Connecting to ftp.cc.uoc.gr (ftp.cc.uoc.gr)|147.52.159.50|:443... connected.
HTTP request sent, awaiting response... 200 OK
Length: 189228 (185K) [application/octet-stream]
Saving to: ‘libkomparediff2-25.04.1.tar.xz’

     0K .......... .......... .......... .......... .......... 27% 1.38M 0s
    50K .......... .......... .......... .......... .......... 54% 1.41M 0s
   100K .......... .......... .......... .......... .......... 81% 7.16M 0s
   150K .......... .......... .......... ....                 100% 7.09M=0.08s

2025-05-11 01:10:18 (2.21 MB/s) - ‘libkomparediff2-25.04.1.tar.xz’ saved [189228/189228]

Found file: libkomparediff2-25.04.1.tar.xz
No checksum provided. Skipping checksum verification and proceeding...
Creating working directories and exporting source code in...
libkomparediff2-25.04.1/
libkomparediff2-25.04.1/LICENSES/
libkomparediff2-25.04.1/LICENSES/LGPL-2.0-or-later.txt
libkomparediff2-25.04.1/LICENSES/GPL-2.0-or-later.txt
libkomparediff2-25.04.1/.gitlab-ci.yml
libkomparediff2-25.04.1/tests/
libkomparediff2-25.04.1/tests/levenshteintest.cpp
libkomparediff2-25.04.1/tests/levenshteintest.h
libkomparediff2-25.04.1/tests/interactivedifftest.cpp
libkomparediff2-25.04.1/tests/interactivedifftest.h
libkomparediff2-25.04.1/tests/CMakeLists.txt
libkomparediff2-25.04.1/.kde-ci.yml
libkomparediff2-25.04.1/COPYING-CMAKE-SCRIPTS
libkomparediff2-25.04.1/po/
libkomparediff2-25.04.1/po/fa/
libkomparediff2-25.04.1/po/fa/libkomparediff2.po
libkomparediff2-25.04.1/po/bg/
libkomparediff2-25.04.1/po/bg/libkomparediff2.po
libkomparediff2-25.04.1/po/pt/
libkomparediff2-25.04.1/po/pt/libkomparediff2.po
libkomparediff2-25.04.1/po/km/
libkomparediff2-25.04.1/po/km/libkomparediff2.po
libkomparediff2-25.04.1/po/nn/
libkomparediff2-25.04.1/po/nn/libkomparediff2.po
libkomparediff2-25.04.1/po/pl/
libkomparediff2-25.04.1/po/pl/libkomparediff2.po
libkomparediff2-25.04.1/po/ja/
libkomparediff2-25.04.1/po/ja/libkomparediff2.po
libkomparediff2-25.04.1/po/pa/
libkomparediff2-25.04.1/po/pa/libkomparediff2.po
libkomparediff2-25.04.1/po/bs/
libkomparediff2-25.04.1/po/bs/libkomparediff2.po
libkomparediff2-25.04.1/po/zh_CN/
libkomparediff2-25.04.1/po/zh_CN/libkomparediff2.po
libkomparediff2-25.04.1/po/cs/
libkomparediff2-25.04.1/po/cs/libkomparediff2.po
libkomparediff2-25.04.1/po/es/
libkomparediff2-25.04.1/po/es/libkomparediff2.po
libkomparediff2-25.04.1/po/ka/
libkomparediff2-25.04.1/po/ka/libkomparediff2.po
libkomparediff2-25.04.1/po/is/
libkomparediff2-25.04.1/po/is/libkomparediff2.po
libkomparediff2-25.04.1/po/tr/
libkomparediff2-25.04.1/po/tr/libkomparediff2.po
libkomparediff2-25.04.1/po/ug/
libkomparediff2-25.04.1/po/ug/libkomparediff2.po
libkomparediff2-25.04.1/po/ca/
libkomparediff2-25.04.1/po/ca/libkomparediff2.po
libkomparediff2-25.04.1/po/se/
libkomparediff2-25.04.1/po/se/libkomparediff2.po
libkomparediff2-25.04.1/po/ca@valencia/
libkomparediff2-25.04.1/po/ca@valencia/libkomparediff2.po
libkomparediff2-25.04.1/po/hr/
libkomparediff2-25.04.1/po/hr/libkomparediff2.po
libkomparediff2-25.04.1/po/gl/
libkomparediff2-25.04.1/po/gl/libkomparediff2.po
libkomparediff2-25.04.1/po/ro/
libkomparediff2-25.04.1/po/ro/libkomparediff2.po
libkomparediff2-25.04.1/po/oc/
libkomparediff2-25.04.1/po/oc/libkomparediff2.po
libkomparediff2-25.04.1/po/br/
libkomparediff2-25.04.1/po/br/libkomparediff2.po
libkomparediff2-25.04.1/po/eo/
libkomparediff2-25.04.1/po/eo/libkomparediff2.po
libkomparediff2-25.04.1/po/sr@ijekavian/
libkomparediff2-25.04.1/po/sr@ijekavian/libkomparediff2.po
libkomparediff2-25.04.1/po/nl/
libkomparediff2-25.04.1/po/nl/libkomparediff2.po
libkomparediff2-25.04.1/po/mr/
libkomparediff2-25.04.1/po/mr/libkomparediff2.po
libkomparediff2-25.04.1/po/af/
libkomparediff2-25.04.1/po/af/libkomparediff2.po
libkomparediff2-25.04.1/po/hu/
libkomparediff2-25.04.1/po/hu/libkomparediff2.po
libkomparediff2-25.04.1/po/eu/
libkomparediff2-25.04.1/po/eu/libkomparediff2.po
libkomparediff2-25.04.1/po/lv/
libkomparediff2-25.04.1/po/lv/libkomparediff2.po
libkomparediff2-25.04.1/po/mk/
libkomparediff2-25.04.1/po/mk/libkomparediff2.po
libkomparediff2-25.04.1/po/nb/
libkomparediff2-25.04.1/po/nb/libkomparediff2.po
libkomparediff2-25.04.1/po/fr/
libkomparediff2-25.04.1/po/fr/libkomparediff2.po
libkomparediff2-25.04.1/po/hi/
libkomparediff2-25.04.1/po/hi/libkomparediff2.po
libkomparediff2-25.04.1/po/sl/
libkomparediff2-25.04.1/po/sl/libkomparediff2.po
libkomparediff2-25.04.1/po/sr@latin/
libkomparediff2-25.04.1/po/sr@latin/libkomparediff2.po
libkomparediff2-25.04.1/po/ta/
libkomparediff2-25.04.1/po/ta/libkomparediff2.po
libkomparediff2-25.04.1/po/sr/
libkomparediff2-25.04.1/po/sr/libkomparediff2.po
libkomparediff2-25.04.1/po/he/
libkomparediff2-25.04.1/po/he/libkomparediff2.po
libkomparediff2-25.04.1/po/de/
libkomparediff2-25.04.1/po/de/libkomparediff2.po
libkomparediff2-25.04.1/po/ar/
libkomparediff2-25.04.1/po/ar/libkomparediff2.po
libkomparediff2-25.04.1/po/sk/
libkomparediff2-25.04.1/po/sk/libkomparediff2.po
libkomparediff2-25.04.1/po/zh_TW/
libkomparediff2-25.04.1/po/zh_TW/libkomparediff2.po
libkomparediff2-25.04.1/po/et/
libkomparediff2-25.04.1/po/et/libkomparediff2.po
libkomparediff2-25.04.1/po/it/
libkomparediff2-25.04.1/po/it/libkomparediff2.po
libkomparediff2-25.04.1/po/mai/
libkomparediff2-25.04.1/po/mai/libkomparediff2.po
libkomparediff2-25.04.1/po/el/
libkomparediff2-25.04.1/po/el/libkomparediff2.po
libkomparediff2-25.04.1/po/da/
libkomparediff2-25.04.1/po/da/libkomparediff2.po
libkomparediff2-25.04.1/po/xh/
libkomparediff2-25.04.1/po/xh/libkomparediff2.po
libkomparediff2-25.04.1/po/pt_BR/
libkomparediff2-25.04.1/po/pt_BR/libkomparediff2.po
libkomparediff2-25.04.1/po/ru/
libkomparediff2-25.04.1/po/ru/libkomparediff2.po
libkomparediff2-25.04.1/po/sq/
libkomparediff2-25.04.1/po/sq/libkomparediff2.po
libkomparediff2-25.04.1/po/ia/
libkomparediff2-25.04.1/po/ia/libkomparediff2.po
libkomparediff2-25.04.1/po/cy/
libkomparediff2-25.04.1/po/cy/libkomparediff2.po
libkomparediff2-25.04.1/po/sv/
libkomparediff2-25.04.1/po/sv/libkomparediff2.po
libkomparediff2-25.04.1/po/ne/
libkomparediff2-25.04.1/po/ne/libkomparediff2.po
libkomparediff2-25.04.1/po/ms/
libkomparediff2-25.04.1/po/ms/libkomparediff2.po
libkomparediff2-25.04.1/po/fi/
libkomparediff2-25.04.1/po/fi/libkomparediff2.po
libkomparediff2-25.04.1/po/kk/
libkomparediff2-25.04.1/po/kk/libkomparediff2.po
libkomparediff2-25.04.1/po/lt/
libkomparediff2-25.04.1/po/lt/libkomparediff2.po
libkomparediff2-25.04.1/po/be/
libkomparediff2-25.04.1/po/be/libkomparediff2.po
libkomparediff2-25.04.1/po/tg/
libkomparediff2-25.04.1/po/tg/libkomparediff2.po
libkomparediff2-25.04.1/po/sa/
libkomparediff2-25.04.1/po/sa/libkomparediff2.po
libkomparediff2-25.04.1/po/ko/
libkomparediff2-25.04.1/po/ko/libkomparediff2.po
libkomparediff2-25.04.1/po/hne/
libkomparediff2-25.04.1/po/hne/libkomparediff2.po
libkomparediff2-25.04.1/po/ga/
libkomparediff2-25.04.1/po/ga/libkomparediff2.po
libkomparediff2-25.04.1/po/en_GB/
libkomparediff2-25.04.1/po/en_GB/libkomparediff2.po
libkomparediff2-25.04.1/po/uk/
libkomparediff2-25.04.1/po/uk/libkomparediff2.po
libkomparediff2-25.04.1/po/sr@ijekavianlatin/
libkomparediff2-25.04.1/po/sr@ijekavianlatin/libkomparediff2.po
libkomparediff2-25.04.1/po/nds/
libkomparediff2-25.04.1/po/nds/libkomparediff2.po
libkomparediff2-25.04.1/docs/
libkomparediff2-25.04.1/docs/Doxyfile.local
libkomparediff2-25.04.1/CMakeLists.txt
libkomparediff2-25.04.1/COPYING
libkomparediff2-25.04.1/src/
libkomparediff2-25.04.1/src/modellist.h
libkomparediff2-25.04.1/src/diffmodel.cpp
libkomparediff2-25.04.1/src/global.h
libkomparediff2-25.04.1/src/diffmodel_p.cpp
libkomparediff2-25.04.1/src/cvsdiffparser.cpp
libkomparediff2-25.04.1/src/perforceparser.cpp
libkomparediff2-25.04.1/src/parser.h
libkomparediff2-25.04.1/src/parser.cpp
libkomparediff2-25.04.1/src/parserbase.cpp
libkomparediff2-25.04.1/src/diffsettings.cpp
libkomparediff2-25.04.1/src/kompareprocess.h
libkomparediff2-25.04.1/src/levenshteintable.h
libkomparediff2-25.04.1/src/diffmodel.h
libkomparediff2-25.04.1/src/Messages.sh
libkomparediff2-25.04.1/src/differencestring.h
libkomparediff2-25.04.1/src/modellist_p.cpp
libkomparediff2-25.04.1/src/differencestring.cpp
libkomparediff2-25.04.1/src/diffsettings.h
libkomparediff2-25.04.1/src/cvsdiffparser.h
libkomparediff2-25.04.1/src/parserbase.h
libkomparediff2-25.04.1/src/diffhunk.cpp
libkomparediff2-25.04.1/src/diffparser.cpp
libkomparediff2-25.04.1/src/diffparser.h
libkomparediff2-25.04.1/src/perforceparser.h
libkomparediff2-25.04.1/src/difference.cpp
libkomparediff2-25.04.1/src/difference_p.h
libkomparediff2-25.04.1/src/modellist.cpp
libkomparediff2-25.04.1/src/stringlistpair.h
libkomparediff2-25.04.1/src/diffhunk.h
libkomparediff2-25.04.1/src/stringlistpair.cpp
libkomparediff2-25.04.1/src/marker.h
libkomparediff2-25.04.1/src/differencestringpair.h
libkomparediff2-25.04.1/src/KompareDiff2Config.cmake.in
libkomparediff2-25.04.1/src/diffmodel_p.h
libkomparediff2-25.04.1/src/diffhunk_p.h
libkomparediff2-25.04.1/src/kompareprocess.cpp
libkomparediff2-25.04.1/src/diffmodellist.h
libkomparediff2-25.04.1/src/modellist_p.h
libkomparediff2-25.04.1/src/difference.h
libkomparediff2-25.04.1/src/CMakeLists.txt
libkomparediff2-25.04.1/src/info.cpp
libkomparediff2-25.04.1/src/diffmodellist.cpp
libkomparediff2-25.04.1/src/info.h
libkomparediff2-25.04.1/src/differencestring_p.h
libkomparediff2-25.04.1/.gitignore
libkomparediff2-25.04.1/metainfo.yaml
/home/omen/GITHUB/PLASMA_WORLD/AthOS/REPO-AthOS/libkomparediff2/work
README or README.md already exists, skipping creation.
hm...lets continue and see what happens
-- The C compiler identification is GNU 14.2.0
-- The CXX compiler identification is GNU 14.2.0
-- Detecting C compiler ABI info
-- Detecting C compiler ABI info - done
-- Check for working C compiler: /usr/bin/cc - skipped
-- Detecting C compile features
-- Detecting C compile features - done
-- Detecting CXX compiler ABI info
-- Detecting CXX compiler ABI info - done
-- Check for working CXX compiler: /usr/bin/c++ - skipped
-- Detecting CXX compile features
-- Detecting CXX compile features - done
-- Installing in the same prefix as Qt, adopting their path scheme.
-- Looking for __GLIBC__
-- Looking for __GLIBC__ - found
-- Performing Test _OFFT_IS_64BIT
-- Performing Test _OFFT_IS_64BIT - Success
-- Performing Test HAVE_DATE_TIME
-- Performing Test HAVE_DATE_TIME - Success
-- Performing Test HAVE_STDATOMIC
-- Performing Test HAVE_STDATOMIC - Success
-- Found WrapAtomic: TRUE
-- Found OpenGL: /usr/lib64/libOpenGL.so
-- Found WrapOpenGL: TRUE
-- Found XKB: /usr/lib64/libxkbcommon.so (found suitable version "1.9.2", minimum required is "0.5.0")
-- Found WrapVulkanHeaders: /usr/include
-- Found KF6CoreAddons: /usr/lib64/cmake/KF6CoreAddons/KF6CoreAddonsConfig.cmake (found version "6.14.0")
-- Found KF6Config: /usr/lib64/cmake/KF6Config/KF6ConfigConfig.cmake (found version "6.14.0")
-- Found KF6XmlGui: /usr/lib64/cmake/KF6XmlGui/KF6XmlGuiConfig.cmake (found version "6.14.0")
-- Found Gettext: /usr/bin/msgmerge (found version "0.25")
-- Found KF6I18n: /usr/lib64/cmake/KF6I18n/KF6I18nConfig.cmake (found version "6.14.0")
-- Found X11: /usr/include
-- Looking for XOpenDisplay in /usr/lib64/libX11.so;/usr/lib64/libXext.so
-- Looking for XOpenDisplay in /usr/lib64/libX11.so;/usr/lib64/libXext.so - found
-- Looking for gethostbyname
-- Looking for gethostbyname - found
-- Looking for connect
-- Looking for connect - found
-- Looking for remove
-- Looking for remove - found
-- Looking for shmat
-- Looking for shmat - found
-- Looking for IceConnectionNumber in ICE
-- Looking for IceConnectionNumber in ICE - found
-- Found KF6KIO: /usr/lib64/cmake/KF6KIO/KF6KIOConfig.cmake (found version "6.14.0")
-- Found KF6: success (found suitable version "6.14.0", minimum required is "6.0.0") found components: CoreAddons Config XmlGui I18n KIO
-- Performing Test COMPILER_HAS_HIDDEN_VISIBILITY
-- Performing Test COMPILER_HAS_HIDDEN_VISIBILITY - Success
-- Performing Test COMPILER_HAS_HIDDEN_INLINE_VISIBILITY
-- Performing Test COMPILER_HAS_HIDDEN_INLINE_VISIBILITY - Success
-- Performing Test COMPILER_HAS_DEPRECATED_ATTR
-- Performing Test COMPILER_HAS_DEPRECATED_ATTR - Success
-- The following OPTIONAL packages have been found:

 * OpenGL
 * Qt6Test (required version >= 6.5.0)
 * Qt6Core (required version >= 6.7.0)
 * Qt6DBusTools (required version >= 6.8.3)
 * Qt6QmlTools (required version >= 6.8.3)
 * Qt6WidgetsTools (required version >= 6.8.3)
 * Qt6Widgets (required version >= 6.7.0)
 * XKB (required version >= 0.5.0), XKB API common to servers and clients., <http://xkbcommon.org>
 * WrapVulkanHeaders
 * Qt6CoreTools (required version >= 6.8.3)
 * Qt6GuiTools (required version >= 6.8.3)

-- The following REQUIRED packages have been found:

 * ECM (required version >= 6.0.0)
 * Qt6 (required version >= 6.5.0)
 * KF6Config (required version >= 6.14.0)
 * KF6XmlGui (required version >= 6.0.0)
 * Gettext
 * KF6I18n (required version >= 6.0.0)
 * KF6CoreAddons (required version >= 6.14.0)
 * KF6KIO (required version >= 6.0.0)
 * KF6 (required version >= 6.0.0)

-- Configuring done (1.6s)
-- Generating done (0.0s)
-- Build files have been written to: /home/omen/GITHUB/PLASMA_WORLD/AthOS/REPO-AthOS/libkomparediff2/work/libkomparediff2-25.04.1/build
[1/53] Generating ts...
[2/53] Generating mo...
[3/53] Automatic MOC for target levenshteintest
[4/53] Building CXX object tests/CMakeFiles/levenshteintest.dir/levenshteintest_autogen/mocs_compilation.cpp.o
[5/53] Automatic MOC for target komparediff2
[6/53] Automatic MOC for target interactiveDiffTest
[7/53] Building CXX object src/CMakeFiles/komparediff2.dir/komparediff2_autogen/mocs_compilation.cpp.o
[8/53] Building CXX object src/CMakeFiles/komparediff2.dir/differencestring.cpp.o
[9/53] Building CXX object src/CMakeFiles/komparediff2.dir/stringlistpair.cpp.o
[10/53] Building CXX object tests/CMakeFiles/levenshteintest.dir/__/src/stringlistpair.cpp.o
[11/53] Building CXX object tests/CMakeFiles/interactiveDiffTest.dir/interactiveDiffTest_autogen/mocs_compilation.cpp.o
[12/53] Building CXX object src/CMakeFiles/komparediff2.dir/info.cpp.o
[13/53] Building CXX object tests/CMakeFiles/levenshteintest.dir/__/src/differencestring.cpp.o
[14/53] Building CXX object src/CMakeFiles/komparediff2.dir/diffmodellist.cpp.o
[15/53] Building CXX object src/CMakeFiles/komparediff2.dir/diffmodel_p.cpp.o
[16/53] Building CXX object tests/CMakeFiles/levenshteintest.dir/komparediff2_logging.cpp.o
[17/53] Building CXX object src/CMakeFiles/komparediff2.dir/cvsdiffparser.cpp.o
[18/53] Building CXX object src/CMakeFiles/komparediff2.dir/diffhunk.cpp.o
[19/53] Building CXX object src/CMakeFiles/komparediff2.dir/diffparser.cpp.o
[20/53] Building CXX object src/CMakeFiles/komparediff2.dir/difference.cpp.o
[21/53] Building CXX object src/CMakeFiles/komparediff2.dir/diffsettings.cpp.o
[22/53] Building CXX object src/CMakeFiles/komparediff2.dir/perforceparser.cpp.o
[23/53] Building CXX object src/CMakeFiles/komparediff2.dir/parser.cpp.o
[24/53] Building CXX object tests/CMakeFiles/levenshteintest.dir/__/src/difference.cpp.o
[25/53] Building CXX object src/CMakeFiles/komparediff2.dir/komparediff2_logging.cpp.o
[26/53] Building CXX object src/CMakeFiles/komparediff2.dir/kompareprocess.cpp.o
[27/53] Building CXX object src/CMakeFiles/komparediff2.dir/parserbase.cpp.o
[28/53] Building CXX object src/CMakeFiles/komparediff2.dir/modellist_p.cpp.o
[29/53] Building CXX object tests/CMakeFiles/interactiveDiffTest.dir/__/src/differencestring.cpp.o
[30/53] Building CXX object tests/CMakeFiles/interactiveDiffTest.dir/__/src/info.cpp.o
[31/53] Building CXX object tests/CMakeFiles/interactiveDiffTest.dir/__/src/diffhunk.cpp.o
[32/53] Building CXX object tests/CMakeFiles/interactiveDiffTest.dir/__/src/cvsdiffparser.cpp.o
[33/53] Building CXX object tests/CMakeFiles/interactiveDiffTest.dir/__/src/diffmodellist.cpp.o
[34/53] Building CXX object src/CMakeFiles/komparediff2.dir/diffmodel.cpp.o
[35/53] Building CXX object tests/CMakeFiles/interactiveDiffTest.dir/__/src/stringlistpair.cpp.o
[36/53] Building CXX object tests/CMakeFiles/interactiveDiffTest.dir/__/src/diffparser.cpp.o
[37/53] Building CXX object tests/CMakeFiles/interactiveDiffTest.dir/__/src/difference.cpp.o
[38/53] Building CXX object tests/CMakeFiles/interactiveDiffTest.dir/__/src/diffmodel_p.cpp.o
[39/53] Building CXX object tests/CMakeFiles/interactiveDiffTest.dir/__/src/perforceparser.cpp.o
[40/53] Building CXX object tests/CMakeFiles/interactiveDiffTest.dir/komparediff2_logging.cpp.o
[41/53] Building CXX object src/CMakeFiles/komparediff2.dir/modellist.cpp.o
[42/53] Building CXX object tests/CMakeFiles/interactiveDiffTest.dir/__/src/parser.cpp.o
[43/53] Linking CXX shared library bin/libkomparediff2.so.6.0.0
[44/53] Creating library symlink bin/libkomparediff2.so.6 bin/libkomparediff2.so
[45/53] Building CXX object tests/CMakeFiles/levenshteintest.dir/levenshteintest.cpp.o
[46/53] Building CXX object tests/CMakeFiles/interactiveDiffTest.dir/__/src/diffmodel.cpp.o
[47/53] Building CXX object tests/CMakeFiles/interactiveDiffTest.dir/__/src/kompareprocess.cpp.o
[48/53] Linking CXX executable bin/levenshteintest
[49/53] Building CXX object tests/CMakeFiles/interactiveDiffTest.dir/__/src/parserbase.cpp.o
[50/53] Building CXX object tests/CMakeFiles/interactiveDiffTest.dir/__/src/modellist_p.cpp.o
[51/53] Building CXX object tests/CMakeFiles/interactiveDiffTest.dir/__/src/modellist.cpp.o
[52/53] Building CXX object tests/CMakeFiles/interactiveDiffTest.dir/interactivedifftest.cpp.o
[53/53] Linking CXX executable bin/interactiveDiffTest
-- Install configuration: "RelWithDebInfo"
-- Installing: /home/omen/GITHUB/PLASMA_WORLD/AthOS/REPO-AthOS/libkomparediff2/package-libkomparediff2/usr/lib64/libkomparediff2.so.6.0.0
-- Installing: /home/omen/GITHUB/PLASMA_WORLD/AthOS/REPO-AthOS/libkomparediff2/package-libkomparediff2/usr/lib64/libkomparediff2.so.6
-- Installing: /home/omen/GITHUB/PLASMA_WORLD/AthOS/REPO-AthOS/libkomparediff2/package-libkomparediff2/usr/lib64/libkomparediff2.so
-- Installing: /home/omen/GITHUB/PLASMA_WORLD/AthOS/REPO-AthOS/libkomparediff2/package-libkomparediff2/usr/include/KompareDiff2/komparediff2/komparediff2_export.h
-- Installing: /home/omen/GITHUB/PLASMA_WORLD/AthOS/REPO-AthOS/libkomparediff2/package-libkomparediff2/usr/include/KompareDiff2/komparediff2/difference.h
-- Installing: /home/omen/GITHUB/PLASMA_WORLD/AthOS/REPO-AthOS/libkomparediff2/package-libkomparediff2/usr/include/KompareDiff2/komparediff2/differencestring.h
-- Installing: /home/omen/GITHUB/PLASMA_WORLD/AthOS/REPO-AthOS/libkomparediff2/package-libkomparediff2/usr/include/KompareDiff2/komparediff2/diffhunk.h
-- Installing: /home/omen/GITHUB/PLASMA_WORLD/AthOS/REPO-AthOS/libkomparediff2/package-libkomparediff2/usr/include/KompareDiff2/komparediff2/diffmodel.h
-- Installing: /home/omen/GITHUB/PLASMA_WORLD/AthOS/REPO-AthOS/libkomparediff2/package-libkomparediff2/usr/include/KompareDiff2/komparediff2/diffmodellist.h
-- Installing: /home/omen/GITHUB/PLASMA_WORLD/AthOS/REPO-AthOS/libkomparediff2/package-libkomparediff2/usr/include/KompareDiff2/komparediff2/diffsettings.h
-- Installing: /home/omen/GITHUB/PLASMA_WORLD/AthOS/REPO-AthOS/libkomparediff2/package-libkomparediff2/usr/include/KompareDiff2/komparediff2/info.h
-- Installing: /home/omen/GITHUB/PLASMA_WORLD/AthOS/REPO-AthOS/libkomparediff2/package-libkomparediff2/usr/include/KompareDiff2/komparediff2/global.h
-- Installing: /home/omen/GITHUB/PLASMA_WORLD/AthOS/REPO-AthOS/libkomparediff2/package-libkomparediff2/usr/include/KompareDiff2/komparediff2/marker.h
-- Installing: /home/omen/GITHUB/PLASMA_WORLD/AthOS/REPO-AthOS/libkomparediff2/package-libkomparediff2/usr/include/KompareDiff2/komparediff2/modellist.h
-- Installing: /home/omen/GITHUB/PLASMA_WORLD/AthOS/REPO-AthOS/libkomparediff2/package-libkomparediff2/usr/include/KompareDiff2/KompareDiff2/Difference
-- Installing: /home/omen/GITHUB/PLASMA_WORLD/AthOS/REPO-AthOS/libkomparediff2/package-libkomparediff2/usr/include/KompareDiff2/KompareDiff2/DifferenceString
-- Installing: /home/omen/GITHUB/PLASMA_WORLD/AthOS/REPO-AthOS/libkomparediff2/package-libkomparediff2/usr/include/KompareDiff2/KompareDiff2/DiffHunk
-- Installing: /home/omen/GITHUB/PLASMA_WORLD/AthOS/REPO-AthOS/libkomparediff2/package-libkomparediff2/usr/include/KompareDiff2/KompareDiff2/DiffModel
-- Installing: /home/omen/GITHUB/PLASMA_WORLD/AthOS/REPO-AthOS/libkomparediff2/package-libkomparediff2/usr/include/KompareDiff2/KompareDiff2/DiffModelList
-- Installing: /home/omen/GITHUB/PLASMA_WORLD/AthOS/REPO-AthOS/libkomparediff2/package-libkomparediff2/usr/include/KompareDiff2/KompareDiff2/DiffSettings
-- Installing: /home/omen/GITHUB/PLASMA_WORLD/AthOS/REPO-AthOS/libkomparediff2/package-libkomparediff2/usr/include/KompareDiff2/KompareDiff2/Info
-- Installing: /home/omen/GITHUB/PLASMA_WORLD/AthOS/REPO-AthOS/libkomparediff2/package-libkomparediff2/usr/include/KompareDiff2/KompareDiff2/Global
-- Installing: /home/omen/GITHUB/PLASMA_WORLD/AthOS/REPO-AthOS/libkomparediff2/package-libkomparediff2/usr/include/KompareDiff2/KompareDiff2/Marker
-- Installing: /home/omen/GITHUB/PLASMA_WORLD/AthOS/REPO-AthOS/libkomparediff2/package-libkomparediff2/usr/include/KompareDiff2/KompareDiff2/ModelList
-- Installing: /home/omen/GITHUB/PLASMA_WORLD/AthOS/REPO-AthOS/libkomparediff2/package-libkomparediff2/usr/include/KompareDiff2/komparediff2_version.h
-- Installing: /home/omen/GITHUB/PLASMA_WORLD/AthOS/REPO-AthOS/libkomparediff2/package-libkomparediff2/usr/share/qlogging-categories6/libkomparediff2.categories
-- Installing: /home/omen/GITHUB/PLASMA_WORLD/AthOS/REPO-AthOS/libkomparediff2/package-libkomparediff2/usr/lib64/cmake/KompareDiff2/KompareDiff2ConfigVersion.cmake
-- Installing: /home/omen/GITHUB/PLASMA_WORLD/AthOS/REPO-AthOS/libkomparediff2/package-libkomparediff2/usr/lib64/cmake/KompareDiff2/KompareDiff2Config.cmake
-- Installing: /home/omen/GITHUB/PLASMA_WORLD/AthOS/REPO-AthOS/libkomparediff2/package-libkomparediff2/usr/lib64/cmake/KompareDiff2/KompareDiff2Targets.cmake
-- Installing: /home/omen/GITHUB/PLASMA_WORLD/AthOS/REPO-AthOS/libkomparediff2/package-libkomparediff2/usr/lib64/cmake/KompareDiff2/KompareDiff2Targets-relwithdebinfo.cmake
-- Installing: /home/omen/GITHUB/PLASMA_WORLD/AthOS/REPO-AthOS/libkomparediff2/package-libkomparediff2/usr/share/locale
-- Installing: /home/omen/GITHUB/PLASMA_WORLD/AthOS/REPO-AthOS/libkomparediff2/package-libkomparediff2/usr/share/locale/da
-- Installing: /home/omen/GITHUB/PLASMA_WORLD/AthOS/REPO-AthOS/libkomparediff2/package-libkomparediff2/usr/share/locale/da/LC_MESSAGES
-- Installing: /home/omen/GITHUB/PLASMA_WORLD/AthOS/REPO-AthOS/libkomparediff2/package-libkomparediff2/usr/share/locale/da/LC_MESSAGES/libkomparediff2.mo
-- Installing: /home/omen/GITHUB/PLASMA_WORLD/AthOS/REPO-AthOS/libkomparediff2/package-libkomparediff2/usr/share/locale/ms
-- Installing: /home/omen/GITHUB/PLASMA_WORLD/AthOS/REPO-AthOS/libkomparediff2/package-libkomparediff2/usr/share/locale/ms/LC_MESSAGES
-- Installing: /home/omen/GITHUB/PLASMA_WORLD/AthOS/REPO-AthOS/libkomparediff2/package-libkomparediff2/usr/share/locale/ms/LC_MESSAGES/libkomparediff2.mo
-- Installing: /home/omen/GITHUB/PLASMA_WORLD/AthOS/REPO-AthOS/libkomparediff2/package-libkomparediff2/usr/share/locale/cs
-- Installing: /home/omen/GITHUB/PLASMA_WORLD/AthOS/REPO-AthOS/libkomparediff2/package-libkomparediff2/usr/share/locale/cs/LC_MESSAGES
-- Installing: /home/omen/GITHUB/PLASMA_WORLD/AthOS/REPO-AthOS/libkomparediff2/package-libkomparediff2/usr/share/locale/cs/LC_MESSAGES/libkomparediff2.mo
-- Installing: /home/omen/GITHUB/PLASMA_WORLD/AthOS/REPO-AthOS/libkomparediff2/package-libkomparediff2/usr/share/locale/ja
-- Installing: /home/omen/GITHUB/PLASMA_WORLD/AthOS/REPO-AthOS/libkomparediff2/package-libkomparediff2/usr/share/locale/ja/LC_MESSAGES
-- Installing: /home/omen/GITHUB/PLASMA_WORLD/AthOS/REPO-AthOS/libkomparediff2/package-libkomparediff2/usr/share/locale/ja/LC_MESSAGES/libkomparediff2.mo
-- Installing: /home/omen/GITHUB/PLASMA_WORLD/AthOS/REPO-AthOS/libkomparediff2/package-libkomparediff2/usr/share/locale/sr@ijekavian
-- Installing: /home/omen/GITHUB/PLASMA_WORLD/AthOS/REPO-AthOS/libkomparediff2/package-libkomparediff2/usr/share/locale/sr@ijekavian/LC_MESSAGES
-- Installing: /home/omen/GITHUB/PLASMA_WORLD/AthOS/REPO-AthOS/libkomparediff2/package-libkomparediff2/usr/share/locale/sr@ijekavian/LC_MESSAGES/libkomparediff2.mo
-- Installing: /home/omen/GITHUB/PLASMA_WORLD/AthOS/REPO-AthOS/libkomparediff2/package-libkomparediff2/usr/share/locale/de
-- Installing: /home/omen/GITHUB/PLASMA_WORLD/AthOS/REPO-AthOS/libkomparediff2/package-libkomparediff2/usr/share/locale/de/LC_MESSAGES
-- Installing: /home/omen/GITHUB/PLASMA_WORLD/AthOS/REPO-AthOS/libkomparediff2/package-libkomparediff2/usr/share/locale/de/LC_MESSAGES/libkomparediff2.mo
-- Installing: /home/omen/GITHUB/PLASMA_WORLD/AthOS/REPO-AthOS/libkomparediff2/package-libkomparediff2/usr/share/locale/el
-- Installing: /home/omen/GITHUB/PLASMA_WORLD/AthOS/REPO-AthOS/libkomparediff2/package-libkomparediff2/usr/share/locale/el/LC_MESSAGES
-- Installing: /home/omen/GITHUB/PLASMA_WORLD/AthOS/REPO-AthOS/libkomparediff2/package-libkomparediff2/usr/share/locale/el/LC_MESSAGES/libkomparediff2.mo
-- Installing: /home/omen/GITHUB/PLASMA_WORLD/AthOS/REPO-AthOS/libkomparediff2/package-libkomparediff2/usr/share/locale/nn
-- Installing: /home/omen/GITHUB/PLASMA_WORLD/AthOS/REPO-AthOS/libkomparediff2/package-libkomparediff2/usr/share/locale/nn/LC_MESSAGES
-- Installing: /home/omen/GITHUB/PLASMA_WORLD/AthOS/REPO-AthOS/libkomparediff2/package-libkomparediff2/usr/share/locale/nn/LC_MESSAGES/libkomparediff2.mo
-- Installing: /home/omen/GITHUB/PLASMA_WORLD/AthOS/REPO-AthOS/libkomparediff2/package-libkomparediff2/usr/share/locale/sr
-- Installing: /home/omen/GITHUB/PLASMA_WORLD/AthOS/REPO-AthOS/libkomparediff2/package-libkomparediff2/usr/share/locale/sr/LC_MESSAGES
-- Installing: /home/omen/GITHUB/PLASMA_WORLD/AthOS/REPO-AthOS/libkomparediff2/package-libkomparediff2/usr/share/locale/sr/LC_MESSAGES/libkomparediff2.mo
-- Installing: /home/omen/GITHUB/PLASMA_WORLD/AthOS/REPO-AthOS/libkomparediff2/package-libkomparediff2/usr/share/locale/hi
-- Installing: /home/omen/GITHUB/PLASMA_WORLD/AthOS/REPO-AthOS/libkomparediff2/package-libkomparediff2/usr/share/locale/hi/LC_MESSAGES
-- Installing: /home/omen/GITHUB/PLASMA_WORLD/AthOS/REPO-AthOS/libkomparediff2/package-libkomparediff2/usr/share/locale/hi/LC_MESSAGES/libkomparediff2.mo
-- Installing: /home/omen/GITHUB/PLASMA_WORLD/AthOS/REPO-AthOS/libkomparediff2/package-libkomparediff2/usr/share/locale/pt_BR
-- Installing: /home/omen/GITHUB/PLASMA_WORLD/AthOS/REPO-AthOS/libkomparediff2/package-libkomparediff2/usr/share/locale/pt_BR/LC_MESSAGES
-- Installing: /home/omen/GITHUB/PLASMA_WORLD/AthOS/REPO-AthOS/libkomparediff2/package-libkomparediff2/usr/share/locale/pt_BR/LC_MESSAGES/libkomparediff2.mo
-- Installing: /home/omen/GITHUB/PLASMA_WORLD/AthOS/REPO-AthOS/libkomparediff2/package-libkomparediff2/usr/share/locale/lt
-- Installing: /home/omen/GITHUB/PLASMA_WORLD/AthOS/REPO-AthOS/libkomparediff2/package-libkomparediff2/usr/share/locale/lt/LC_MESSAGES
-- Installing: /home/omen/GITHUB/PLASMA_WORLD/AthOS/REPO-AthOS/libkomparediff2/package-libkomparediff2/usr/share/locale/lt/LC_MESSAGES/libkomparediff2.mo
-- Installing: /home/omen/GITHUB/PLASMA_WORLD/AthOS/REPO-AthOS/libkomparediff2/package-libkomparediff2/usr/share/locale/sr@ijekavianlatin
-- Installing: /home/omen/GITHUB/PLASMA_WORLD/AthOS/REPO-AthOS/libkomparediff2/package-libkomparediff2/usr/share/locale/sr@ijekavianlatin/LC_MESSAGES
-- Installing: /home/omen/GITHUB/PLASMA_WORLD/AthOS/REPO-AthOS/libkomparediff2/package-libkomparediff2/usr/share/locale/sr@ijekavianlatin/LC_MESSAGES/libkomparediff2.mo
-- Installing: /home/omen/GITHUB/PLASMA_WORLD/AthOS/REPO-AthOS/libkomparediff2/package-libkomparediff2/usr/share/locale/be
-- Installing: /home/omen/GITHUB/PLASMA_WORLD/AthOS/REPO-AthOS/libkomparediff2/package-libkomparediff2/usr/share/locale/be/LC_MESSAGES
-- Installing: /home/omen/GITHUB/PLASMA_WORLD/AthOS/REPO-AthOS/libkomparediff2/package-libkomparediff2/usr/share/locale/be/LC_MESSAGES/libkomparediff2.mo
-- Installing: /home/omen/GITHUB/PLASMA_WORLD/AthOS/REPO-AthOS/libkomparediff2/package-libkomparediff2/usr/share/locale/pa
-- Installing: /home/omen/GITHUB/PLASMA_WORLD/AthOS/REPO-AthOS/libkomparediff2/package-libkomparediff2/usr/share/locale/pa/LC_MESSAGES
-- Installing: /home/omen/GITHUB/PLASMA_WORLD/AthOS/REPO-AthOS/libkomparediff2/package-libkomparediff2/usr/share/locale/pa/LC_MESSAGES/libkomparediff2.mo
-- Installing: /home/omen/GITHUB/PLASMA_WORLD/AthOS/REPO-AthOS/libkomparediff2/package-libkomparediff2/usr/share/locale/sl
-- Installing: /home/omen/GITHUB/PLASMA_WORLD/AthOS/REPO-AthOS/libkomparediff2/package-libkomparediff2/usr/share/locale/sl/LC_MESSAGES
-- Installing: /home/omen/GITHUB/PLASMA_WORLD/AthOS/REPO-AthOS/libkomparediff2/package-libkomparediff2/usr/share/locale/sl/LC_MESSAGES/libkomparediff2.mo
-- Installing: /home/omen/GITHUB/PLASMA_WORLD/AthOS/REPO-AthOS/libkomparediff2/package-libkomparediff2/usr/share/locale/ta
-- Installing: /home/omen/GITHUB/PLASMA_WORLD/AthOS/REPO-AthOS/libkomparediff2/package-libkomparediff2/usr/share/locale/ta/LC_MESSAGES
-- Installing: /home/omen/GITHUB/PLASMA_WORLD/AthOS/REPO-AthOS/libkomparediff2/package-libkomparediff2/usr/share/locale/ta/LC_MESSAGES/libkomparediff2.mo
-- Installing: /home/omen/GITHUB/PLASMA_WORLD/AthOS/REPO-AthOS/libkomparediff2/package-libkomparediff2/usr/share/locale/xh
-- Installing: /home/omen/GITHUB/PLASMA_WORLD/AthOS/REPO-AthOS/libkomparediff2/package-libkomparediff2/usr/share/locale/xh/LC_MESSAGES
-- Installing: /home/omen/GITHUB/PLASMA_WORLD/AthOS/REPO-AthOS/libkomparediff2/package-libkomparediff2/usr/share/locale/xh/LC_MESSAGES/libkomparediff2.mo
-- Installing: /home/omen/GITHUB/PLASMA_WORLD/AthOS/REPO-AthOS/libkomparediff2/package-libkomparediff2/usr/share/locale/ro
-- Installing: /home/omen/GITHUB/PLASMA_WORLD/AthOS/REPO-AthOS/libkomparediff2/package-libkomparediff2/usr/share/locale/ro/LC_MESSAGES
-- Installing: /home/omen/GITHUB/PLASMA_WORLD/AthOS/REPO-AthOS/libkomparediff2/package-libkomparediff2/usr/share/locale/ro/LC_MESSAGES/libkomparediff2.mo
-- Installing: /home/omen/GITHUB/PLASMA_WORLD/AthOS/REPO-AthOS/libkomparediff2/package-libkomparediff2/usr/share/locale/bs
-- Installing: /home/omen/GITHUB/PLASMA_WORLD/AthOS/REPO-AthOS/libkomparediff2/package-libkomparediff2/usr/share/locale/bs/LC_MESSAGES
-- Installing: /home/omen/GITHUB/PLASMA_WORLD/AthOS/REPO-AthOS/libkomparediff2/package-libkomparediff2/usr/share/locale/bs/LC_MESSAGES/libkomparediff2.mo
-- Installing: /home/omen/GITHUB/PLASMA_WORLD/AthOS/REPO-AthOS/libkomparediff2/package-libkomparediff2/usr/share/locale/is
-- Installing: /home/omen/GITHUB/PLASMA_WORLD/AthOS/REPO-AthOS/libkomparediff2/package-libkomparediff2/usr/share/locale/is/LC_MESSAGES
-- Installing: /home/omen/GITHUB/PLASMA_WORLD/AthOS/REPO-AthOS/libkomparediff2/package-libkomparediff2/usr/share/locale/is/LC_MESSAGES/libkomparediff2.mo
-- Installing: /home/omen/GITHUB/PLASMA_WORLD/AthOS/REPO-AthOS/libkomparediff2/package-libkomparediff2/usr/share/locale/kk
-- Installing: /home/omen/GITHUB/PLASMA_WORLD/AthOS/REPO-AthOS/libkomparediff2/package-libkomparediff2/usr/share/locale/kk/LC_MESSAGES
-- Installing: /home/omen/GITHUB/PLASMA_WORLD/AthOS/REPO-AthOS/libkomparediff2/package-libkomparediff2/usr/share/locale/kk/LC_MESSAGES/libkomparediff2.mo
-- Installing: /home/omen/GITHUB/PLASMA_WORLD/AthOS/REPO-AthOS/libkomparediff2/package-libkomparediff2/usr/share/locale/sr@latin
-- Installing: /home/omen/GITHUB/PLASMA_WORLD/AthOS/REPO-AthOS/libkomparediff2/package-libkomparediff2/usr/share/locale/sr@latin/LC_MESSAGES
-- Installing: /home/omen/GITHUB/PLASMA_WORLD/AthOS/REPO-AthOS/libkomparediff2/package-libkomparediff2/usr/share/locale/sr@latin/LC_MESSAGES/libkomparediff2.mo
-- Installing: /home/omen/GITHUB/PLASMA_WORLD/AthOS/REPO-AthOS/libkomparediff2/package-libkomparediff2/usr/share/locale/he
-- Installing: /home/omen/GITHUB/PLASMA_WORLD/AthOS/REPO-AthOS/libkomparediff2/package-libkomparediff2/usr/share/locale/he/LC_MESSAGES
-- Installing: /home/omen/GITHUB/PLASMA_WORLD/AthOS/REPO-AthOS/libkomparediff2/package-libkomparediff2/usr/share/locale/he/LC_MESSAGES/libkomparediff2.mo
-- Installing: /home/omen/GITHUB/PLASMA_WORLD/AthOS/REPO-AthOS/libkomparediff2/package-libkomparediff2/usr/share/locale/zh_TW
-- Installing: /home/omen/GITHUB/PLASMA_WORLD/AthOS/REPO-AthOS/libkomparediff2/package-libkomparediff2/usr/share/locale/zh_TW/LC_MESSAGES
-- Installing: /home/omen/GITHUB/PLASMA_WORLD/AthOS/REPO-AthOS/libkomparediff2/package-libkomparediff2/usr/share/locale/zh_TW/LC_MESSAGES/libkomparediff2.mo
-- Installing: /home/omen/GITHUB/PLASMA_WORLD/AthOS/REPO-AthOS/libkomparediff2/package-libkomparediff2/usr/share/locale/tg
-- Installing: /home/omen/GITHUB/PLASMA_WORLD/AthOS/REPO-AthOS/libkomparediff2/package-libkomparediff2/usr/share/locale/tg/LC_MESSAGES
-- Installing: /home/omen/GITHUB/PLASMA_WORLD/AthOS/REPO-AthOS/libkomparediff2/package-libkomparediff2/usr/share/locale/tg/LC_MESSAGES/libkomparediff2.mo
-- Installing: /home/omen/GITHUB/PLASMA_WORLD/AthOS/REPO-AthOS/libkomparediff2/package-libkomparediff2/usr/share/locale/fa
-- Installing: /home/omen/GITHUB/PLASMA_WORLD/AthOS/REPO-AthOS/libkomparediff2/package-libkomparediff2/usr/share/locale/fa/LC_MESSAGES
-- Installing: /home/omen/GITHUB/PLASMA_WORLD/AthOS/REPO-AthOS/libkomparediff2/package-libkomparediff2/usr/share/locale/fa/LC_MESSAGES/libkomparediff2.mo
-- Installing: /home/omen/GITHUB/PLASMA_WORLD/AthOS/REPO-AthOS/libkomparediff2/package-libkomparediff2/usr/share/locale/pl
-- Installing: /home/omen/GITHUB/PLASMA_WORLD/AthOS/REPO-AthOS/libkomparediff2/package-libkomparediff2/usr/share/locale/pl/LC_MESSAGES
-- Installing: /home/omen/GITHUB/PLASMA_WORLD/AthOS/REPO-AthOS/libkomparediff2/package-libkomparediff2/usr/share/locale/pl/LC_MESSAGES/libkomparediff2.mo
-- Installing: /home/omen/GITHUB/PLASMA_WORLD/AthOS/REPO-AthOS/libkomparediff2/package-libkomparediff2/usr/share/locale/km
-- Installing: /home/omen/GITHUB/PLASMA_WORLD/AthOS/REPO-AthOS/libkomparediff2/package-libkomparediff2/usr/share/locale/km/LC_MESSAGES
-- Installing: /home/omen/GITHUB/PLASMA_WORLD/AthOS/REPO-AthOS/libkomparediff2/package-libkomparediff2/usr/share/locale/km/LC_MESSAGES/libkomparediff2.mo
-- Installing: /home/omen/GITHUB/PLASMA_WORLD/AthOS/REPO-AthOS/libkomparediff2/package-libkomparediff2/usr/share/locale/pt
-- Installing: /home/omen/GITHUB/PLASMA_WORLD/AthOS/REPO-AthOS/libkomparediff2/package-libkomparediff2/usr/share/locale/pt/LC_MESSAGES
-- Installing: /home/omen/GITHUB/PLASMA_WORLD/AthOS/REPO-AthOS/libkomparediff2/package-libkomparediff2/usr/share/locale/pt/LC_MESSAGES/libkomparediff2.mo
-- Installing: /home/omen/GITHUB/PLASMA_WORLD/AthOS/REPO-AthOS/libkomparediff2/package-libkomparediff2/usr/share/locale/hr
-- Installing: /home/omen/GITHUB/PLASMA_WORLD/AthOS/REPO-AthOS/libkomparediff2/package-libkomparediff2/usr/share/locale/hr/LC_MESSAGES
-- Installing: /home/omen/GITHUB/PLASMA_WORLD/AthOS/REPO-AthOS/libkomparediff2/package-libkomparediff2/usr/share/locale/hr/LC_MESSAGES/libkomparediff2.mo
-- Installing: /home/omen/GITHUB/PLASMA_WORLD/AthOS/REPO-AthOS/libkomparediff2/package-libkomparediff2/usr/share/locale/tr
-- Installing: /home/omen/GITHUB/PLASMA_WORLD/AthOS/REPO-AthOS/libkomparediff2/package-libkomparediff2/usr/share/locale/tr/LC_MESSAGES
-- Installing: /home/omen/GITHUB/PLASMA_WORLD/AthOS/REPO-AthOS/libkomparediff2/package-libkomparediff2/usr/share/locale/tr/LC_MESSAGES/libkomparediff2.mo
-- Installing: /home/omen/GITHUB/PLASMA_WORLD/AthOS/REPO-AthOS/libkomparediff2/package-libkomparediff2/usr/share/locale/fr
-- Installing: /home/omen/GITHUB/PLASMA_WORLD/AthOS/REPO-AthOS/libkomparediff2/package-libkomparediff2/usr/share/locale/fr/LC_MESSAGES
-- Installing: /home/omen/GITHUB/PLASMA_WORLD/AthOS/REPO-AthOS/libkomparediff2/package-libkomparediff2/usr/share/locale/fr/LC_MESSAGES/libkomparediff2.mo
-- Installing: /home/omen/GITHUB/PLASMA_WORLD/AthOS/REPO-AthOS/libkomparediff2/package-libkomparediff2/usr/share/locale/mai
-- Installing: /home/omen/GITHUB/PLASMA_WORLD/AthOS/REPO-AthOS/libkomparediff2/package-libkomparediff2/usr/share/locale/mai/LC_MESSAGES
-- Installing: /home/omen/GITHUB/PLASMA_WORLD/AthOS/REPO-AthOS/libkomparediff2/package-libkomparediff2/usr/share/locale/mai/LC_MESSAGES/libkomparediff2.mo
-- Installing: /home/omen/GITHUB/PLASMA_WORLD/AthOS/REPO-AthOS/libkomparediff2/package-libkomparediff2/usr/share/locale/ne
-- Installing: /home/omen/GITHUB/PLASMA_WORLD/AthOS/REPO-AthOS/libkomparediff2/package-libkomparediff2/usr/share/locale/ne/LC_MESSAGES
-- Installing: /home/omen/GITHUB/PLASMA_WORLD/AthOS/REPO-AthOS/libkomparediff2/package-libkomparediff2/usr/share/locale/ne/LC_MESSAGES/libkomparediff2.mo
-- Installing: /home/omen/GITHUB/PLASMA_WORLD/AthOS/REPO-AthOS/libkomparediff2/package-libkomparediff2/usr/share/locale/ka
-- Installing: /home/omen/GITHUB/PLASMA_WORLD/AthOS/REPO-AthOS/libkomparediff2/package-libkomparediff2/usr/share/locale/ka/LC_MESSAGES
-- Installing: /home/omen/GITHUB/PLASMA_WORLD/AthOS/REPO-AthOS/libkomparediff2/package-libkomparediff2/usr/share/locale/ka/LC_MESSAGES/libkomparediff2.mo
-- Installing: /home/omen/GITHUB/PLASMA_WORLD/AthOS/REPO-AthOS/libkomparediff2/package-libkomparediff2/usr/share/locale/cy
-- Installing: /home/omen/GITHUB/PLASMA_WORLD/AthOS/REPO-AthOS/libkomparediff2/package-libkomparediff2/usr/share/locale/cy/LC_MESSAGES
-- Installing: /home/omen/GITHUB/PLASMA_WORLD/AthOS/REPO-AthOS/libkomparediff2/package-libkomparediff2/usr/share/locale/cy/LC_MESSAGES/libkomparediff2.mo
-- Installing: /home/omen/GITHUB/PLASMA_WORLD/AthOS/REPO-AthOS/libkomparediff2/package-libkomparediff2/usr/share/locale/gl
-- Installing: /home/omen/GITHUB/PLASMA_WORLD/AthOS/REPO-AthOS/libkomparediff2/package-libkomparediff2/usr/share/locale/gl/LC_MESSAGES
-- Installing: /home/omen/GITHUB/PLASMA_WORLD/AthOS/REPO-AthOS/libkomparediff2/package-libkomparediff2/usr/share/locale/gl/LC_MESSAGES/libkomparediff2.mo
-- Installing: /home/omen/GITHUB/PLASMA_WORLD/AthOS/REPO-AthOS/libkomparediff2/package-libkomparediff2/usr/share/locale/ia
-- Installing: /home/omen/GITHUB/PLASMA_WORLD/AthOS/REPO-AthOS/libkomparediff2/package-libkomparediff2/usr/share/locale/ia/LC_MESSAGES
-- Installing: /home/omen/GITHUB/PLASMA_WORLD/AthOS/REPO-AthOS/libkomparediff2/package-libkomparediff2/usr/share/locale/ia/LC_MESSAGES/libkomparediff2.mo
-- Installing: /home/omen/GITHUB/PLASMA_WORLD/AthOS/REPO-AthOS/libkomparediff2/package-libkomparediff2/usr/share/locale/hu
-- Installing: /home/omen/GITHUB/PLASMA_WORLD/AthOS/REPO-AthOS/libkomparediff2/package-libkomparediff2/usr/share/locale/hu/LC_MESSAGES
-- Installing: /home/omen/GITHUB/PLASMA_WORLD/AthOS/REPO-AthOS/libkomparediff2/package-libkomparediff2/usr/share/locale/hu/LC_MESSAGES/libkomparediff2.mo
-- Installing: /home/omen/GITHUB/PLASMA_WORLD/AthOS/REPO-AthOS/libkomparediff2/package-libkomparediff2/usr/share/locale/eo
-- Installing: /home/omen/GITHUB/PLASMA_WORLD/AthOS/REPO-AthOS/libkomparediff2/package-libkomparediff2/usr/share/locale/eo/LC_MESSAGES
-- Installing: /home/omen/GITHUB/PLASMA_WORLD/AthOS/REPO-AthOS/libkomparediff2/package-libkomparediff2/usr/share/locale/eo/LC_MESSAGES/libkomparediff2.mo
-- Installing: /home/omen/GITHUB/PLASMA_WORLD/AthOS/REPO-AthOS/libkomparediff2/package-libkomparediff2/usr/share/locale/bg
-- Installing: /home/omen/GITHUB/PLASMA_WORLD/AthOS/REPO-AthOS/libkomparediff2/package-libkomparediff2/usr/share/locale/bg/LC_MESSAGES
-- Installing: /home/omen/GITHUB/PLASMA_WORLD/AthOS/REPO-AthOS/libkomparediff2/package-libkomparediff2/usr/share/locale/bg/LC_MESSAGES/libkomparediff2.mo
-- Installing: /home/omen/GITHUB/PLASMA_WORLD/AthOS/REPO-AthOS/libkomparediff2/package-libkomparediff2/usr/share/locale/ga
-- Installing: /home/omen/GITHUB/PLASMA_WORLD/AthOS/REPO-AthOS/libkomparediff2/package-libkomparediff2/usr/share/locale/ga/LC_MESSAGES
-- Installing: /home/omen/GITHUB/PLASMA_WORLD/AthOS/REPO-AthOS/libkomparediff2/package-libkomparediff2/usr/share/locale/ga/LC_MESSAGES/libkomparediff2.mo
-- Installing: /home/omen/GITHUB/PLASMA_WORLD/AthOS/REPO-AthOS/libkomparediff2/package-libkomparediff2/usr/share/locale/br
-- Installing: /home/omen/GITHUB/PLASMA_WORLD/AthOS/REPO-AthOS/libkomparediff2/package-libkomparediff2/usr/share/locale/br/LC_MESSAGES
-- Installing: /home/omen/GITHUB/PLASMA_WORLD/AthOS/REPO-AthOS/libkomparediff2/package-libkomparediff2/usr/share/locale/br/LC_MESSAGES/libkomparediff2.mo
-- Installing: /home/omen/GITHUB/PLASMA_WORLD/AthOS/REPO-AthOS/libkomparediff2/package-libkomparediff2/usr/share/locale/ca
-- Installing: /home/omen/GITHUB/PLASMA_WORLD/AthOS/REPO-AthOS/libkomparediff2/package-libkomparediff2/usr/share/locale/ca/LC_MESSAGES
-- Installing: /home/omen/GITHUB/PLASMA_WORLD/AthOS/REPO-AthOS/libkomparediff2/package-libkomparediff2/usr/share/locale/ca/LC_MESSAGES/libkomparediff2.mo
-- Installing: /home/omen/GITHUB/PLASMA_WORLD/AthOS/REPO-AthOS/libkomparediff2/package-libkomparediff2/usr/share/locale/uk
-- Installing: /home/omen/GITHUB/PLASMA_WORLD/AthOS/REPO-AthOS/libkomparediff2/package-libkomparediff2/usr/share/locale/uk/LC_MESSAGES
-- Installing: /home/omen/GITHUB/PLASMA_WORLD/AthOS/REPO-AthOS/libkomparediff2/package-libkomparediff2/usr/share/locale/uk/LC_MESSAGES/libkomparediff2.mo
-- Installing: /home/omen/GITHUB/PLASMA_WORLD/AthOS/REPO-AthOS/libkomparediff2/package-libkomparediff2/usr/share/locale/en_GB
-- Installing: /home/omen/GITHUB/PLASMA_WORLD/AthOS/REPO-AthOS/libkomparediff2/package-libkomparediff2/usr/share/locale/en_GB/LC_MESSAGES
-- Installing: /home/omen/GITHUB/PLASMA_WORLD/AthOS/REPO-AthOS/libkomparediff2/package-libkomparediff2/usr/share/locale/en_GB/LC_MESSAGES/libkomparediff2.mo
-- Installing: /home/omen/GITHUB/PLASMA_WORLD/AthOS/REPO-AthOS/libkomparediff2/package-libkomparediff2/usr/share/locale/zh_CN
-- Installing: /home/omen/GITHUB/PLASMA_WORLD/AthOS/REPO-AthOS/libkomparediff2/package-libkomparediff2/usr/share/locale/zh_CN/LC_MESSAGES
-- Installing: /home/omen/GITHUB/PLASMA_WORLD/AthOS/REPO-AthOS/libkomparediff2/package-libkomparediff2/usr/share/locale/zh_CN/LC_MESSAGES/libkomparediff2.mo
-- Installing: /home/omen/GITHUB/PLASMA_WORLD/AthOS/REPO-AthOS/libkomparediff2/package-libkomparediff2/usr/share/locale/nl
-- Installing: /home/omen/GITHUB/PLASMA_WORLD/AthOS/REPO-AthOS/libkomparediff2/package-libkomparediff2/usr/share/locale/nl/LC_MESSAGES
-- Installing: /home/omen/GITHUB/PLASMA_WORLD/AthOS/REPO-AthOS/libkomparediff2/package-libkomparediff2/usr/share/locale/nl/LC_MESSAGES/libkomparediff2.mo
-- Installing: /home/omen/GITHUB/PLASMA_WORLD/AthOS/REPO-AthOS/libkomparediff2/package-libkomparediff2/usr/share/locale/oc
-- Installing: /home/omen/GITHUB/PLASMA_WORLD/AthOS/REPO-AthOS/libkomparediff2/package-libkomparediff2/usr/share/locale/oc/LC_MESSAGES
-- Installing: /home/omen/GITHUB/PLASMA_WORLD/AthOS/REPO-AthOS/libkomparediff2/package-libkomparediff2/usr/share/locale/oc/LC_MESSAGES/libkomparediff2.mo
-- Installing: /home/omen/GITHUB/PLASMA_WORLD/AthOS/REPO-AthOS/libkomparediff2/package-libkomparediff2/usr/share/locale/sa
-- Installing: /home/omen/GITHUB/PLASMA_WORLD/AthOS/REPO-AthOS/libkomparediff2/package-libkomparediff2/usr/share/locale/sa/LC_MESSAGES
-- Installing: /home/omen/GITHUB/PLASMA_WORLD/AthOS/REPO-AthOS/libkomparediff2/package-libkomparediff2/usr/share/locale/sa/LC_MESSAGES/libkomparediff2.mo
-- Installing: /home/omen/GITHUB/PLASMA_WORLD/AthOS/REPO-AthOS/libkomparediff2/package-libkomparediff2/usr/share/locale/fi
-- Installing: /home/omen/GITHUB/PLASMA_WORLD/AthOS/REPO-AthOS/libkomparediff2/package-libkomparediff2/usr/share/locale/fi/LC_MESSAGES
-- Installing: /home/omen/GITHUB/PLASMA_WORLD/AthOS/REPO-AthOS/libkomparediff2/package-libkomparediff2/usr/share/locale/fi/LC_MESSAGES/libkomparediff2.mo
-- Installing: /home/omen/GITHUB/PLASMA_WORLD/AthOS/REPO-AthOS/libkomparediff2/package-libkomparediff2/usr/share/locale/ko
-- Installing: /home/omen/GITHUB/PLASMA_WORLD/AthOS/REPO-AthOS/libkomparediff2/package-libkomparediff2/usr/share/locale/ko/LC_MESSAGES
-- Installing: /home/omen/GITHUB/PLASMA_WORLD/AthOS/REPO-AthOS/libkomparediff2/package-libkomparediff2/usr/share/locale/ko/LC_MESSAGES/libkomparediff2.mo
-- Installing: /home/omen/GITHUB/PLASMA_WORLD/AthOS/REPO-AthOS/libkomparediff2/package-libkomparediff2/usr/share/locale/mk
-- Installing: /home/omen/GITHUB/PLASMA_WORLD/AthOS/REPO-AthOS/libkomparediff2/package-libkomparediff2/usr/share/locale/mk/LC_MESSAGES
-- Installing: /home/omen/GITHUB/PLASMA_WORLD/AthOS/REPO-AthOS/libkomparediff2/package-libkomparediff2/usr/share/locale/mk/LC_MESSAGES/libkomparediff2.mo
-- Installing: /home/omen/GITHUB/PLASMA_WORLD/AthOS/REPO-AthOS/libkomparediff2/package-libkomparediff2/usr/share/locale/ru
-- Installing: /home/omen/GITHUB/PLASMA_WORLD/AthOS/REPO-AthOS/libkomparediff2/package-libkomparediff2/usr/share/locale/ru/LC_MESSAGES
-- Installing: /home/omen/GITHUB/PLASMA_WORLD/AthOS/REPO-AthOS/libkomparediff2/package-libkomparediff2/usr/share/locale/ru/LC_MESSAGES/libkomparediff2.mo
-- Installing: /home/omen/GITHUB/PLASMA_WORLD/AthOS/REPO-AthOS/libkomparediff2/package-libkomparediff2/usr/share/locale/af
-- Installing: /home/omen/GITHUB/PLASMA_WORLD/AthOS/REPO-AthOS/libkomparediff2/package-libkomparediff2/usr/share/locale/af/LC_MESSAGES
-- Installing: /home/omen/GITHUB/PLASMA_WORLD/AthOS/REPO-AthOS/libkomparediff2/package-libkomparediff2/usr/share/locale/af/LC_MESSAGES/libkomparediff2.mo
-- Installing: /home/omen/GITHUB/PLASMA_WORLD/AthOS/REPO-AthOS/libkomparediff2/package-libkomparediff2/usr/share/locale/lv
-- Installing: /home/omen/GITHUB/PLASMA_WORLD/AthOS/REPO-AthOS/libkomparediff2/package-libkomparediff2/usr/share/locale/lv/LC_MESSAGES
-- Installing: /home/omen/GITHUB/PLASMA_WORLD/AthOS/REPO-AthOS/libkomparediff2/package-libkomparediff2/usr/share/locale/lv/LC_MESSAGES/libkomparediff2.mo
-- Installing: /home/omen/GITHUB/PLASMA_WORLD/AthOS/REPO-AthOS/libkomparediff2/package-libkomparediff2/usr/share/locale/hne
-- Installing: /home/omen/GITHUB/PLASMA_WORLD/AthOS/REPO-AthOS/libkomparediff2/package-libkomparediff2/usr/share/locale/hne/LC_MESSAGES
-- Installing: /home/omen/GITHUB/PLASMA_WORLD/AthOS/REPO-AthOS/libkomparediff2/package-libkomparediff2/usr/share/locale/hne/LC_MESSAGES/libkomparediff2.mo
-- Installing: /home/omen/GITHUB/PLASMA_WORLD/AthOS/REPO-AthOS/libkomparediff2/package-libkomparediff2/usr/share/locale/ca@valencia
-- Installing: /home/omen/GITHUB/PLASMA_WORLD/AthOS/REPO-AthOS/libkomparediff2/package-libkomparediff2/usr/share/locale/ca@valencia/LC_MESSAGES
-- Installing: /home/omen/GITHUB/PLASMA_WORLD/AthOS/REPO-AthOS/libkomparediff2/package-libkomparediff2/usr/share/locale/ca@valencia/LC_MESSAGES/libkomparediff2.mo
-- Installing: /home/omen/GITHUB/PLASMA_WORLD/AthOS/REPO-AthOS/libkomparediff2/package-libkomparediff2/usr/share/locale/nb
-- Installing: /home/omen/GITHUB/PLASMA_WORLD/AthOS/REPO-AthOS/libkomparediff2/package-libkomparediff2/usr/share/locale/nb/LC_MESSAGES
-- Installing: /home/omen/GITHUB/PLASMA_WORLD/AthOS/REPO-AthOS/libkomparediff2/package-libkomparediff2/usr/share/locale/nb/LC_MESSAGES/libkomparediff2.mo
-- Installing: /home/omen/GITHUB/PLASMA_WORLD/AthOS/REPO-AthOS/libkomparediff2/package-libkomparediff2/usr/share/locale/es
-- Installing: /home/omen/GITHUB/PLASMA_WORLD/AthOS/REPO-AthOS/libkomparediff2/package-libkomparediff2/usr/share/locale/es/LC_MESSAGES
-- Installing: /home/omen/GITHUB/PLASMA_WORLD/AthOS/REPO-AthOS/libkomparediff2/package-libkomparediff2/usr/share/locale/es/LC_MESSAGES/libkomparediff2.mo
-- Installing: /home/omen/GITHUB/PLASMA_WORLD/AthOS/REPO-AthOS/libkomparediff2/package-libkomparediff2/usr/share/locale/eu
-- Installing: /home/omen/GITHUB/PLASMA_WORLD/AthOS/REPO-AthOS/libkomparediff2/package-libkomparediff2/usr/share/locale/eu/LC_MESSAGES
-- Installing: /home/omen/GITHUB/PLASMA_WORLD/AthOS/REPO-AthOS/libkomparediff2/package-libkomparediff2/usr/share/locale/eu/LC_MESSAGES/libkomparediff2.mo
-- Installing: /home/omen/GITHUB/PLASMA_WORLD/AthOS/REPO-AthOS/libkomparediff2/package-libkomparediff2/usr/share/locale/et
-- Installing: /home/omen/GITHUB/PLASMA_WORLD/AthOS/REPO-AthOS/libkomparediff2/package-libkomparediff2/usr/share/locale/et/LC_MESSAGES
-- Installing: /home/omen/GITHUB/PLASMA_WORLD/AthOS/REPO-AthOS/libkomparediff2/package-libkomparediff2/usr/share/locale/et/LC_MESSAGES/libkomparediff2.mo
-- Installing: /home/omen/GITHUB/PLASMA_WORLD/AthOS/REPO-AthOS/libkomparediff2/package-libkomparediff2/usr/share/locale/it
-- Installing: /home/omen/GITHUB/PLASMA_WORLD/AthOS/REPO-AthOS/libkomparediff2/package-libkomparediff2/usr/share/locale/it/LC_MESSAGES
-- Installing: /home/omen/GITHUB/PLASMA_WORLD/AthOS/REPO-AthOS/libkomparediff2/package-libkomparediff2/usr/share/locale/it/LC_MESSAGES/libkomparediff2.mo
-- Installing: /home/omen/GITHUB/PLASMA_WORLD/AthOS/REPO-AthOS/libkomparediff2/package-libkomparediff2/usr/share/locale/se
-- Installing: /home/omen/GITHUB/PLASMA_WORLD/AthOS/REPO-AthOS/libkomparediff2/package-libkomparediff2/usr/share/locale/se/LC_MESSAGES
-- Installing: /home/omen/GITHUB/PLASMA_WORLD/AthOS/REPO-AthOS/libkomparediff2/package-libkomparediff2/usr/share/locale/se/LC_MESSAGES/libkomparediff2.mo
-- Installing: /home/omen/GITHUB/PLASMA_WORLD/AthOS/REPO-AthOS/libkomparediff2/package-libkomparediff2/usr/share/locale/ar
-- Installing: /home/omen/GITHUB/PLASMA_WORLD/AthOS/REPO-AthOS/libkomparediff2/package-libkomparediff2/usr/share/locale/ar/LC_MESSAGES
-- Installing: /home/omen/GITHUB/PLASMA_WORLD/AthOS/REPO-AthOS/libkomparediff2/package-libkomparediff2/usr/share/locale/ar/LC_MESSAGES/libkomparediff2.mo
-- Installing: /home/omen/GITHUB/PLASMA_WORLD/AthOS/REPO-AthOS/libkomparediff2/package-libkomparediff2/usr/share/locale/sq
-- Installing: /home/omen/GITHUB/PLASMA_WORLD/AthOS/REPO-AthOS/libkomparediff2/package-libkomparediff2/usr/share/locale/sq/LC_MESSAGES
-- Installing: /home/omen/GITHUB/PLASMA_WORLD/AthOS/REPO-AthOS/libkomparediff2/package-libkomparediff2/usr/share/locale/sq/LC_MESSAGES/libkomparediff2.mo
-- Installing: /home/omen/GITHUB/PLASMA_WORLD/AthOS/REPO-AthOS/libkomparediff2/package-libkomparediff2/usr/share/locale/nds
-- Installing: /home/omen/GITHUB/PLASMA_WORLD/AthOS/REPO-AthOS/libkomparediff2/package-libkomparediff2/usr/share/locale/nds/LC_MESSAGES
-- Installing: /home/omen/GITHUB/PLASMA_WORLD/AthOS/REPO-AthOS/libkomparediff2/package-libkomparediff2/usr/share/locale/nds/LC_MESSAGES/libkomparediff2.mo
-- Installing: /home/omen/GITHUB/PLASMA_WORLD/AthOS/REPO-AthOS/libkomparediff2/package-libkomparediff2/usr/share/locale/mr
-- Installing: /home/omen/GITHUB/PLASMA_WORLD/AthOS/REPO-AthOS/libkomparediff2/package-libkomparediff2/usr/share/locale/mr/LC_MESSAGES
-- Installing: /home/omen/GITHUB/PLASMA_WORLD/AthOS/REPO-AthOS/libkomparediff2/package-libkomparediff2/usr/share/locale/mr/LC_MESSAGES/libkomparediff2.mo
-- Installing: /home/omen/GITHUB/PLASMA_WORLD/AthOS/REPO-AthOS/libkomparediff2/package-libkomparediff2/usr/share/locale/ug
-- Installing: /home/omen/GITHUB/PLASMA_WORLD/AthOS/REPO-AthOS/libkomparediff2/package-libkomparediff2/usr/share/locale/ug/LC_MESSAGES
-- Installing: /home/omen/GITHUB/PLASMA_WORLD/AthOS/REPO-AthOS/libkomparediff2/package-libkomparediff2/usr/share/locale/ug/LC_MESSAGES/libkomparediff2.mo
-- Installing: /home/omen/GITHUB/PLASMA_WORLD/AthOS/REPO-AthOS/libkomparediff2/package-libkomparediff2/usr/share/locale/sk
-- Installing: /home/omen/GITHUB/PLASMA_WORLD/AthOS/REPO-AthOS/libkomparediff2/package-libkomparediff2/usr/share/locale/sk/LC_MESSAGES
-- Installing: /home/omen/GITHUB/PLASMA_WORLD/AthOS/REPO-AthOS/libkomparediff2/package-libkomparediff2/usr/share/locale/sk/LC_MESSAGES/libkomparediff2.mo
-- Installing: /home/omen/GITHUB/PLASMA_WORLD/AthOS/REPO-AthOS/libkomparediff2/package-libkomparediff2/usr/share/locale/sv
-- Installing: /home/omen/GITHUB/PLASMA_WORLD/AthOS/REPO-AthOS/libkomparediff2/package-libkomparediff2/usr/share/locale/sv/LC_MESSAGES
-- Installing: /home/omen/GITHUB/PLASMA_WORLD/AthOS/REPO-AthOS/libkomparediff2/package-libkomparediff2/usr/share/locale/sv/LC_MESSAGES/libkomparediff2.mo
The main part of source code is ready. We are moving on to preparing post install scripts, docs, license, man pages etc..
cp: cannot stat 'AUTHORS': No such file or directory
cp: cannot stat 'ChangeLog*': No such file or directory
cp: cannot stat 'CREDITS': No such file or directory
cp: cannot stat 'LICENSE': No such file or directory
cp: cannot stat 'MAINTAINERS': No such file or directory
cp: cannot stat 'NEWS': No such file or directory
cp: cannot stat 'README*': No such file or directory
cp: cannot stat 'DOCS': No such file or directory
grep: /home/omen/GITHUB/PLASMA_WORLD/AthOS/REPO-AthOS/libkomparediff2/libkomparediff2.info: No such file or directory
extra-cmake-modules
kconfig
kcoreaddons
ki18n
kio
kxmlgui
Packaging compiled for slackware installation...
MAKEPKG_FLAGS is empty or unset, using default

Slackware package maker, version 3.14159265.

Searching for symbolic links:
usr/lib64/libkomparediff2.so	libkomparediff2.so.6
usr/lib64/libkomparediff2.so.6	libkomparediff2.so.6.0.0

Making symbolic link creation script:
( cd usr/lib64 ; rm -rf libkomparediff2.so )
( cd usr/lib64 ; ln -sf libkomparediff2.so.6 libkomparediff2.so )
( cd usr/lib64 ; rm -rf libkomparediff2.so.6 )
( cd usr/lib64 ; ln -sf libkomparediff2.so.6.0.0 libkomparediff2.so.6 )

Unless your existing installation script already contains the code
to create these links, you should append these lines to your existing
install script. Now's your chance. :^)

Would you like to add this stuff to the existing install script and
remove the symbolic links ([y]es, [n]o)? y


Removing symbolic links:
removed './usr/lib64/libkomparediff2.so'
removed './usr/lib64/libkomparediff2.so.6'

Updating your ./install/doinst.sh...

This next step is optional - you can set the directories in your package
to some sane permissions. If any of the directories in your package have
special permissions, then DO NOT reset them here!

Would you like to reset all directory permissions to 755 (drwxr-xr-x) and
directory ownerships to root:root ([y]es, [n]o)? n


Creating Slackware package:  /tmp/libkomparediff2/libkomparediff2-25.04.1-x86_64-1_rtz.tlz

./
install/
install/doinst.sh
install/slack-desc
usr/
usr/doc/
usr/doc/libkomparediff2-25.04.1/
usr/doc/libkomparediff2-25.04.1/COPYING
usr/doc/libkomparediff2-25.04.1/docs/
usr/doc/libkomparediff2-25.04.1/docs/Doxyfile.local
usr/doc/libkomparediff2-25.04.1/libkomparediff2.ini
usr/doc/libkomparediff2-25.04.1/slack-required
usr/include/
usr/include/KompareDiff2/
usr/include/KompareDiff2/KompareDiff2/
usr/include/KompareDiff2/KompareDiff2/DiffHunk
usr/include/KompareDiff2/KompareDiff2/DiffModel
usr/include/KompareDiff2/KompareDiff2/DiffModelList
usr/include/KompareDiff2/KompareDiff2/DiffSettings
usr/include/KompareDiff2/KompareDiff2/Difference
usr/include/KompareDiff2/KompareDiff2/DifferenceString
usr/include/KompareDiff2/KompareDiff2/Global
usr/include/KompareDiff2/KompareDiff2/Info
usr/include/KompareDiff2/KompareDiff2/Marker
usr/include/KompareDiff2/KompareDiff2/ModelList
usr/include/KompareDiff2/komparediff2/
usr/include/KompareDiff2/komparediff2/difference.h
usr/include/KompareDiff2/komparediff2/differencestring.h
usr/include/KompareDiff2/komparediff2/diffhunk.h
usr/include/KompareDiff2/komparediff2/diffmodel.h
usr/include/KompareDiff2/komparediff2/diffmodellist.h
usr/include/KompareDiff2/komparediff2/diffsettings.h
usr/include/KompareDiff2/komparediff2/global.h
usr/include/KompareDiff2/komparediff2/info.h
usr/include/KompareDiff2/komparediff2/komparediff2_export.h
usr/include/KompareDiff2/komparediff2/marker.h
usr/include/KompareDiff2/komparediff2/modellist.h
usr/include/KompareDiff2/komparediff2_version.h
usr/lib64/
usr/lib64/cmake/
usr/lib64/cmake/KompareDiff2/
usr/lib64/cmake/KompareDiff2/KompareDiff2Config.cmake
usr/lib64/cmake/KompareDiff2/KompareDiff2ConfigVersion.cmake
usr/lib64/cmake/KompareDiff2/KompareDiff2Targets-relwithdebinfo.cmake
usr/lib64/cmake/KompareDiff2/KompareDiff2Targets.cmake
usr/lib64/libkomparediff2.so.6.0.0
usr/share/
usr/share/locale/
usr/share/locale/af/
usr/share/locale/af/LC_MESSAGES/
usr/share/locale/af/LC_MESSAGES/libkomparediff2.mo
usr/share/locale/ar/
usr/share/locale/ar/LC_MESSAGES/
usr/share/locale/ar/LC_MESSAGES/libkomparediff2.mo
usr/share/locale/be/
usr/share/locale/be/LC_MESSAGES/
usr/share/locale/be/LC_MESSAGES/libkomparediff2.mo
usr/share/locale/bg/
usr/share/locale/bg/LC_MESSAGES/
usr/share/locale/bg/LC_MESSAGES/libkomparediff2.mo
usr/share/locale/br/
usr/share/locale/br/LC_MESSAGES/
usr/share/locale/br/LC_MESSAGES/libkomparediff2.mo
usr/share/locale/bs/
usr/share/locale/bs/LC_MESSAGES/
usr/share/locale/bs/LC_MESSAGES/libkomparediff2.mo
usr/share/locale/ca/
usr/share/locale/ca/LC_MESSAGES/
usr/share/locale/ca/LC_MESSAGES/libkomparediff2.mo
usr/share/locale/ca@valencia/
usr/share/locale/ca@valencia/LC_MESSAGES/
usr/share/locale/ca@valencia/LC_MESSAGES/libkomparediff2.mo
usr/share/locale/cs/
usr/share/locale/cs/LC_MESSAGES/
usr/share/locale/cs/LC_MESSAGES/libkomparediff2.mo
usr/share/locale/cy/
usr/share/locale/cy/LC_MESSAGES/
usr/share/locale/cy/LC_MESSAGES/libkomparediff2.mo
usr/share/locale/da/
usr/share/locale/da/LC_MESSAGES/
usr/share/locale/da/LC_MESSAGES/libkomparediff2.mo
usr/share/locale/de/
usr/share/locale/de/LC_MESSAGES/
usr/share/locale/de/LC_MESSAGES/libkomparediff2.mo
usr/share/locale/el/
usr/share/locale/el/LC_MESSAGES/
usr/share/locale/el/LC_MESSAGES/libkomparediff2.mo
usr/share/locale/en_GB/
usr/share/locale/en_GB/LC_MESSAGES/
usr/share/locale/en_GB/LC_MESSAGES/libkomparediff2.mo
usr/share/locale/eo/
usr/share/locale/eo/LC_MESSAGES/
usr/share/locale/eo/LC_MESSAGES/libkomparediff2.mo
usr/share/locale/es/
usr/share/locale/es/LC_MESSAGES/
usr/share/locale/es/LC_MESSAGES/libkomparediff2.mo
usr/share/locale/et/
usr/share/locale/et/LC_MESSAGES/
usr/share/locale/et/LC_MESSAGES/libkomparediff2.mo
usr/share/locale/eu/
usr/share/locale/eu/LC_MESSAGES/
usr/share/locale/eu/LC_MESSAGES/libkomparediff2.mo
usr/share/locale/fa/
usr/share/locale/fa/LC_MESSAGES/
usr/share/locale/fa/LC_MESSAGES/libkomparediff2.mo
usr/share/locale/fi/
usr/share/locale/fi/LC_MESSAGES/
usr/share/locale/fi/LC_MESSAGES/libkomparediff2.mo
usr/share/locale/fr/
usr/share/locale/fr/LC_MESSAGES/
usr/share/locale/fr/LC_MESSAGES/libkomparediff2.mo
usr/share/locale/ga/
usr/share/locale/ga/LC_MESSAGES/
usr/share/locale/ga/LC_MESSAGES/libkomparediff2.mo
usr/share/locale/gl/
usr/share/locale/gl/LC_MESSAGES/
usr/share/locale/gl/LC_MESSAGES/libkomparediff2.mo
usr/share/locale/he/
usr/share/locale/he/LC_MESSAGES/
usr/share/locale/he/LC_MESSAGES/libkomparediff2.mo
usr/share/locale/hi/
usr/share/locale/hi/LC_MESSAGES/
usr/share/locale/hi/LC_MESSAGES/libkomparediff2.mo
usr/share/locale/hne/
usr/share/locale/hne/LC_MESSAGES/
usr/share/locale/hne/LC_MESSAGES/libkomparediff2.mo
usr/share/locale/hr/
usr/share/locale/hr/LC_MESSAGES/
usr/share/locale/hr/LC_MESSAGES/libkomparediff2.mo
usr/share/locale/hu/
usr/share/locale/hu/LC_MESSAGES/
usr/share/locale/hu/LC_MESSAGES/libkomparediff2.mo
usr/share/locale/ia/
usr/share/locale/ia/LC_MESSAGES/
usr/share/locale/ia/LC_MESSAGES/libkomparediff2.mo
usr/share/locale/is/
usr/share/locale/is/LC_MESSAGES/
usr/share/locale/is/LC_MESSAGES/libkomparediff2.mo
usr/share/locale/it/
usr/share/locale/it/LC_MESSAGES/
usr/share/locale/it/LC_MESSAGES/libkomparediff2.mo
usr/share/locale/ja/
usr/share/locale/ja/LC_MESSAGES/
usr/share/locale/ja/LC_MESSAGES/libkomparediff2.mo
usr/share/locale/ka/
usr/share/locale/ka/LC_MESSAGES/
usr/share/locale/ka/LC_MESSAGES/libkomparediff2.mo
usr/share/locale/kk/
usr/share/locale/kk/LC_MESSAGES/
usr/share/locale/kk/LC_MESSAGES/libkomparediff2.mo
usr/share/locale/km/
usr/share/locale/km/LC_MESSAGES/
usr/share/locale/km/LC_MESSAGES/libkomparediff2.mo
usr/share/locale/ko/
usr/share/locale/ko/LC_MESSAGES/
usr/share/locale/ko/LC_MESSAGES/libkomparediff2.mo
usr/share/locale/lt/
usr/share/locale/lt/LC_MESSAGES/
usr/share/locale/lt/LC_MESSAGES/libkomparediff2.mo
usr/share/locale/lv/
usr/share/locale/lv/LC_MESSAGES/
usr/share/locale/lv/LC_MESSAGES/libkomparediff2.mo
usr/share/locale/mai/
usr/share/locale/mai/LC_MESSAGES/
usr/share/locale/mai/LC_MESSAGES/libkomparediff2.mo
usr/share/locale/mk/
usr/share/locale/mk/LC_MESSAGES/
usr/share/locale/mk/LC_MESSAGES/libkomparediff2.mo
usr/share/locale/mr/
usr/share/locale/mr/LC_MESSAGES/
usr/share/locale/mr/LC_MESSAGES/libkomparediff2.mo
usr/share/locale/ms/
usr/share/locale/ms/LC_MESSAGES/
usr/share/locale/ms/LC_MESSAGES/libkomparediff2.mo
usr/share/locale/nb/
usr/share/locale/nb/LC_MESSAGES/
usr/share/locale/nb/LC_MESSAGES/libkomparediff2.mo
usr/share/locale/nds/
usr/share/locale/nds/LC_MESSAGES/
usr/share/locale/nds/LC_MESSAGES/libkomparediff2.mo
usr/share/locale/ne/
usr/share/locale/ne/LC_MESSAGES/
usr/share/locale/ne/LC_MESSAGES/libkomparediff2.mo
usr/share/locale/nl/
usr/share/locale/nl/LC_MESSAGES/
usr/share/locale/nl/LC_MESSAGES/libkomparediff2.mo
usr/share/locale/nn/
usr/share/locale/nn/LC_MESSAGES/
usr/share/locale/nn/LC_MESSAGES/libkomparediff2.mo
usr/share/locale/oc/
usr/share/locale/oc/LC_MESSAGES/
usr/share/locale/oc/LC_MESSAGES/libkomparediff2.mo
usr/share/locale/pa/
usr/share/locale/pa/LC_MESSAGES/
usr/share/locale/pa/LC_MESSAGES/libkomparediff2.mo
usr/share/locale/pl/
usr/share/locale/pl/LC_MESSAGES/
usr/share/locale/pl/LC_MESSAGES/libkomparediff2.mo
usr/share/locale/pt/
usr/share/locale/pt/LC_MESSAGES/
usr/share/locale/pt/LC_MESSAGES/libkomparediff2.mo
usr/share/locale/pt_BR/
usr/share/locale/pt_BR/LC_MESSAGES/
usr/share/locale/pt_BR/LC_MESSAGES/libkomparediff2.mo
usr/share/locale/ro/
usr/share/locale/ro/LC_MESSAGES/
usr/share/locale/ro/LC_MESSAGES/libkomparediff2.mo
usr/share/locale/ru/
usr/share/locale/ru/LC_MESSAGES/
usr/share/locale/ru/LC_MESSAGES/libkomparediff2.mo
usr/share/locale/sa/
usr/share/locale/sa/LC_MESSAGES/
usr/share/locale/sa/LC_MESSAGES/libkomparediff2.mo
usr/share/locale/se/
usr/share/locale/se/LC_MESSAGES/
usr/share/locale/se/LC_MESSAGES/libkomparediff2.mo
usr/share/locale/sk/
usr/share/locale/sk/LC_MESSAGES/
usr/share/locale/sk/LC_MESSAGES/libkomparediff2.mo
usr/share/locale/sl/
usr/share/locale/sl/LC_MESSAGES/
usr/share/locale/sl/LC_MESSAGES/libkomparediff2.mo
usr/share/locale/sq/
usr/share/locale/sq/LC_MESSAGES/
usr/share/locale/sq/LC_MESSAGES/libkomparediff2.mo
usr/share/locale/sr/
usr/share/locale/sr/LC_MESSAGES/
usr/share/locale/sr/LC_MESSAGES/libkomparediff2.mo
usr/share/locale/sr@ijekavian/
usr/share/locale/sr@ijekavian/LC_MESSAGES/
usr/share/locale/sr@ijekavian/LC_MESSAGES/libkomparediff2.mo
usr/share/locale/sr@ijekavianlatin/
usr/share/locale/sr@ijekavianlatin/LC_MESSAGES/
usr/share/locale/sr@ijekavianlatin/LC_MESSAGES/libkomparediff2.mo
usr/share/locale/sr@latin/
usr/share/locale/sr@latin/LC_MESSAGES/
usr/share/locale/sr@latin/LC_MESSAGES/libkomparediff2.mo
usr/share/locale/sv/
usr/share/locale/sv/LC_MESSAGES/
usr/share/locale/sv/LC_MESSAGES/libkomparediff2.mo
usr/share/locale/ta/
usr/share/locale/ta/LC_MESSAGES/
usr/share/locale/ta/LC_MESSAGES/libkomparediff2.mo
usr/share/locale/tg/
usr/share/locale/tg/LC_MESSAGES/
usr/share/locale/tg/LC_MESSAGES/libkomparediff2.mo
usr/share/locale/tr/
usr/share/locale/tr/LC_MESSAGES/
usr/share/locale/tr/LC_MESSAGES/libkomparediff2.mo
usr/share/locale/ug/
usr/share/locale/ug/LC_MESSAGES/
usr/share/locale/ug/LC_MESSAGES/libkomparediff2.mo
usr/share/locale/uk/
usr/share/locale/uk/LC_MESSAGES/
usr/share/locale/uk/LC_MESSAGES/libkomparediff2.mo
usr/share/locale/xh/
usr/share/locale/xh/LC_MESSAGES/
usr/share/locale/xh/LC_MESSAGES/libkomparediff2.mo
usr/share/locale/zh_CN/
usr/share/locale/zh_CN/LC_MESSAGES/
usr/share/locale/zh_CN/LC_MESSAGES/libkomparediff2.mo
usr/share/locale/zh_TW/
usr/share/locale/zh_TW/LC_MESSAGES/
usr/share/locale/zh_TW/LC_MESSAGES/libkomparediff2.mo
usr/share/qlogging-categories6/
usr/share/qlogging-categories6/libkomparediff2.categories

Slackware package /tmp/libkomparediff2/libkomparediff2-25.04.1-x86_64-1_rtz.tlz created.

Create shared object file for libkomparediff2-25.04.1-x86_64-1_rtz.tlz
Creating /tmp/libkomparediff2/libkomparediff2-25.04.1-x86_64-1_rtz.tlz.so.file using /tmp/libkomparediff2/libkomparediff2-25.04.1-x86_64-1_rtz.tlz
Successfully created /tmp/libkomparediff2/libkomparediff2-25.04.1-x86_64-1_rtz.tlz.so.file
Packaging of executable and meta-data in libkomparediff2.tar.lz4 format.
/tmp/libkomparediff2 /tmp/libkomparediff2
/tmp/libkomparediff2
BIN_NAME
README
libkomparediff2-25.04.1-x86_64-1_rtz.tlz
libkomparediff2-25.04.1-x86_64-1_rtz.tlz.md5
libkomparediff2-25.04.1-x86_64-1_rtz.tlz.so.file
libkomparediff2-25.04.1-x86_64-1_rtz.tlz.txt
libkomparediff2.dep
makepkg-libkomparediff2.log
libkomparediff2 build finished. Procced to installation...

+============================================================================================================================+
| Upgrading libkomparediff2-25.04.1-x86_64-1_rtz package using /tmp/libkomparediff2/libkomparediff2-25.04.1-x86_64-1_rtz.tlz |
+============================================================================================================================+

Pre-installing package libkomparediff2-25.04.1-x86_64-1_rtz...
Removing package: libkomparediff2-25.04.1-x86_64-1_rtz-upgraded-2025-05-11,01:10:32
Installing package libkomparediff2-25.04.1-x86_64-1_rtz.tlz:
PACKAGE DESCRIPTION:
# libkomparediff2 (Library to compare files and strings)
#
# Library to compare files and strings
#
# https://kde.org/applications/development
Executing install script for libkomparediff2-25.04.1-x86_64-1_rtz.tlz.
Font directories:
	/usr/share/fonts
/usr/share/fonts: caching, new cache contents: 0 fonts, 11 dirs
/usr/share/fonts/100dpi: caching, new cache contents: 238 fonts, 0 dirs
/usr/share/fonts/75dpi: caching, new cache contents: 238 fonts, 0 dirs
/usr/share/fonts/OTF: caching, new cache contents: 124 fonts, 0 dirs
/usr/share/fonts/Speedo: caching, new cache contents: 0 fonts, 0 dirs
/usr/share/fonts/TTF: caching, new cache contents: 1132 fonts, 0 dirs
/usr/share/fonts/Type1: caching, new cache contents: 64 fonts, 0 dirs
/usr/share/fonts/cyrillic: caching, new cache contents: 0 fonts, 0 dirs
/usr/share/fonts/encodings: caching, new cache contents: 0 fonts, 1 dirs
/usr/share/fonts/encodings/large: caching, new cache contents: 0 fonts, 0 dirs
/usr/share/fonts/kanjistrokeorders: caching, new cache contents: 1 fonts, 0 dirs
/usr/share/fonts/misc: caching, new cache contents: 143 fonts, 0 dirs
/usr/share/fonts/util: caching, new cache contents: 0 fonts, 0 dirs
/var/cache/fontconfig: cleaning cache directory
/root/.cache/fontconfig: not cleaning non-existent cache directory
/root/.fontconfig: not cleaning non-existent cache directory
/usr/bin/fc-cache: succeeded
Package libkomparediff2-25.04.1-x86_64-1_rtz.tlz installed.
Package libkomparediff2-25.04.1-x86_64-1_rtz upgraded with new package /tmp/libkomparediff2/libkomparediff2-25.04.1-x86_64-1_rtz.tlz.
Cleaning environmet: Removing source code, and work-space...
rm: cannot remove 'libkomparediff2-25.04.1.tar.xz': No such file or directory
Build process completed in 0 minutes and 19 seconds.
