Starting build process...
Detected architecture: x86_64
Required dependencies: akonadi-calendar	akonadi	calendarsupport	extra-cmake-modules	kcalendarcore	kcalutils	kdoctools	libkdepim
akonadi-calendar is already installed!
akonadi is already installed!
calendarsupport is already installed!
extra-cmake-modules is already installed!
kcalendarcore is already installed!
kcalutils is already installed!
kdoctools is already installed!
libkdepim is already installed!
No optional dependencies found.
Downloading source code tar.xz file
--2025-05-11 02:36:15--  https://download.kde.org/stable/release-service/25.04.1/src/akonadi-calendar-tools-25.04.1.tar.xz
Resolving download.kde.org (download.kde.org)... 49.12.122.15, 2a01:4f8:242:53eb::4
Connecting to download.kde.org (download.kde.org)|49.12.122.15|:443... connected.
HTTP request sent, awaiting response... 302 Found
Location: https://ftp.cc.uoc.gr/mirrors/kde/stable/release-service/25.04.1/src/akonadi-calendar-tools-25.04.1.tar.xz [following]
--2025-05-11 02:36:15--  https://ftp.cc.uoc.gr/mirrors/kde/stable/release-service/25.04.1/src/akonadi-calendar-tools-25.04.1.tar.xz
Resolving ftp.cc.uoc.gr (ftp.cc.uoc.gr)... 147.52.159.50, 2001:648:2c00:6c08::2
Connecting to ftp.cc.uoc.gr (ftp.cc.uoc.gr)|147.52.159.50|:443... connected.
HTTP request sent, awaiting response... 200 OK
Length: 273380 (267K) [application/octet-stream]
Saving to: ‘akonadi-calendar-tools-25.04.1.tar.xz’

     0K .......... .......... .......... .......... .......... 18% 1.35M 0s
    50K .......... .......... .......... .......... .......... 37% 1.55M 0s
   100K .......... .......... .......... .......... .......... 56% 4.94M 0s
   150K .......... .......... .......... .......... .......... 74% 1.96M 0s
   200K .......... .......... .......... .......... .......... 93% 5.84M 0s
   250K .......... ......                                     100% 7.55M=0.1s

2025-05-11 02:36:16 (2.31 MB/s) - ‘akonadi-calendar-tools-25.04.1.tar.xz’ saved [273380/273380]

Found file: akonadi-calendar-tools-25.04.1.tar.xz
No checksum provided. Skipping checksum verification and proceeding...
Creating working directories and exporting source code in...
akonadi-calendar-tools-25.04.1/
akonadi-calendar-tools-25.04.1/Mainpage.dox
akonadi-calendar-tools-25.04.1/konsolekalendar/
akonadi-calendar-tools-25.04.1/konsolekalendar/konsolekalendaradd.h
akonadi-calendar-tools-25.04.1/konsolekalendar/Mainpage.dox
akonadi-calendar-tools-25.04.1/konsolekalendar/konsolekalendardelete.h
akonadi-calendar-tools-25.04.1/konsolekalendar/konsolekalendar.cpp
akonadi-calendar-tools-25.04.1/konsolekalendar/HACKS
akonadi-calendar-tools-25.04.1/konsolekalendar/pics/
akonadi-calendar-tools-25.04.1/konsolekalendar/pics/22-apps-konsolekalendar.png
akonadi-calendar-tools-25.04.1/konsolekalendar/pics/32-apps-konsolekalendar.png
akonadi-calendar-tools-25.04.1/konsolekalendar/pics/48-apps-konsolekalendar.png
akonadi-calendar-tools-25.04.1/konsolekalendar/pics/CMakeLists.txt
akonadi-calendar-tools-25.04.1/konsolekalendar/pics/128-apps-konsolekalendar.png
akonadi-calendar-tools-25.04.1/konsolekalendar/pics/16-apps-konsolekalendar.png
akonadi-calendar-tools-25.04.1/konsolekalendar/Messages.sh
akonadi-calendar-tools-25.04.1/konsolekalendar/konsolekalendarchange.h
akonadi-calendar-tools-25.04.1/konsolekalendar/konsolekalendar.h
akonadi-calendar-tools-25.04.1/konsolekalendar/konsolekalendarchange.cpp
akonadi-calendar-tools-25.04.1/konsolekalendar/konsolekalendarexports.h
akonadi-calendar-tools-25.04.1/konsolekalendar/konsolekalendarexports.cpp
akonadi-calendar-tools-25.04.1/konsolekalendar/TODO
akonadi-calendar-tools-25.04.1/konsolekalendar/konsolekalendar.desktop
akonadi-calendar-tools-25.04.1/konsolekalendar/ROADMAP
akonadi-calendar-tools-25.04.1/konsolekalendar/konsolekalendarepoch.h
akonadi-calendar-tools-25.04.1/konsolekalendar/konsolekalendardelete.cpp
akonadi-calendar-tools-25.04.1/konsolekalendar/main.cpp
akonadi-calendar-tools-25.04.1/konsolekalendar/konsolekalendarepoch.cpp
akonadi-calendar-tools-25.04.1/konsolekalendar/konsolekalendarvariables.h
akonadi-calendar-tools-25.04.1/konsolekalendar/konsolekalendaradd.cpp
akonadi-calendar-tools-25.04.1/konsolekalendar/CMakeLists.txt
akonadi-calendar-tools-25.04.1/konsolekalendar/examples/
akonadi-calendar-tools-25.04.1/konsolekalendar/examples/tcm2kcal.pl
akonadi-calendar-tools-25.04.1/konsolekalendar/examples/README
akonadi-calendar-tools-25.04.1/konsolekalendar/examples/testkalendar.sh
akonadi-calendar-tools-25.04.1/konsolekalendar/konsolekalendarvariables.cpp
akonadi-calendar-tools-25.04.1/CMakePresets.json.license
akonadi-calendar-tools-25.04.1/readme-build-ftime.txt
akonadi-calendar-tools-25.04.1/CMakePresets.json
akonadi-calendar-tools-25.04.1/LICENSES/
akonadi-calendar-tools-25.04.1/LICENSES/Qt-Commercial-exception-1.0.txt
akonadi-calendar-tools-25.04.1/LICENSES/GFDL-1.2-or-later.txt
akonadi-calendar-tools-25.04.1/LICENSES/BSD-3-Clause.txt
akonadi-calendar-tools-25.04.1/LICENSES/CC0-1.0.txt
akonadi-calendar-tools-25.04.1/LICENSES/GPL-2.0-or-later.txt
akonadi-calendar-tools-25.04.1/MAINTAINERS
akonadi-calendar-tools-25.04.1/.gitlab-ci.yml
akonadi-calendar-tools-25.04.1/doc/
akonadi-calendar-tools-25.04.1/doc/konsolekalendar/
akonadi-calendar-tools-25.04.1/doc/konsolekalendar/index.docbook
akonadi-calendar-tools-25.04.1/doc/konsolekalendar/CMakeLists.txt
akonadi-calendar-tools-25.04.1/doc/CMakeLists.txt
akonadi-calendar-tools-25.04.1/sanitizers.supp
akonadi-calendar-tools-25.04.1/.git-blame-ignore-revs
akonadi-calendar-tools-25.04.1/.kde-ci.yml
akonadi-calendar-tools-25.04.1/.codespellrc
akonadi-calendar-tools-25.04.1/po/
akonadi-calendar-tools-25.04.1/po/fa/
akonadi-calendar-tools-25.04.1/po/fa/konsolekalendar.po
akonadi-calendar-tools-25.04.1/po/bg/
akonadi-calendar-tools-25.04.1/po/bg/calendarjanitor.po
akonadi-calendar-tools-25.04.1/po/bg/konsolekalendar.po
akonadi-calendar-tools-25.04.1/po/pt/
akonadi-calendar-tools-25.04.1/po/pt/calendarjanitor.po
akonadi-calendar-tools-25.04.1/po/pt/konsolekalendar.po
akonadi-calendar-tools-25.04.1/po/pt/docs/
akonadi-calendar-tools-25.04.1/po/pt/docs/konsolekalendar/
akonadi-calendar-tools-25.04.1/po/pt/docs/konsolekalendar/index.docbook
akonadi-calendar-tools-25.04.1/po/km/
akonadi-calendar-tools-25.04.1/po/km/konsolekalendar.po
akonadi-calendar-tools-25.04.1/po/nn/
akonadi-calendar-tools-25.04.1/po/nn/konsolekalendar.po
akonadi-calendar-tools-25.04.1/po/pl/
akonadi-calendar-tools-25.04.1/po/pl/calendarjanitor.po
akonadi-calendar-tools-25.04.1/po/pl/konsolekalendar.po
akonadi-calendar-tools-25.04.1/po/ja/
akonadi-calendar-tools-25.04.1/po/ja/calendarjanitor.po
akonadi-calendar-tools-25.04.1/po/ja/konsolekalendar.po
akonadi-calendar-tools-25.04.1/po/pa/
akonadi-calendar-tools-25.04.1/po/pa/konsolekalendar.po
akonadi-calendar-tools-25.04.1/po/bs/
akonadi-calendar-tools-25.04.1/po/bs/calendarjanitor.po
akonadi-calendar-tools-25.04.1/po/bs/konsolekalendar.po
akonadi-calendar-tools-25.04.1/po/zh_CN/
akonadi-calendar-tools-25.04.1/po/zh_CN/calendarjanitor.po
akonadi-calendar-tools-25.04.1/po/zh_CN/konsolekalendar.po
akonadi-calendar-tools-25.04.1/po/cs/
akonadi-calendar-tools-25.04.1/po/cs/calendarjanitor.po
akonadi-calendar-tools-25.04.1/po/cs/konsolekalendar.po
akonadi-calendar-tools-25.04.1/po/es/
akonadi-calendar-tools-25.04.1/po/es/calendarjanitor.po
akonadi-calendar-tools-25.04.1/po/es/konsolekalendar.po
akonadi-calendar-tools-25.04.1/po/es/docs/
akonadi-calendar-tools-25.04.1/po/es/docs/konsolekalendar/
akonadi-calendar-tools-25.04.1/po/es/docs/konsolekalendar/index.docbook
akonadi-calendar-tools-25.04.1/po/ka/
akonadi-calendar-tools-25.04.1/po/ka/calendarjanitor.po
akonadi-calendar-tools-25.04.1/po/ka/konsolekalendar.po
akonadi-calendar-tools-25.04.1/po/is/
akonadi-calendar-tools-25.04.1/po/is/konsolekalendar.po
akonadi-calendar-tools-25.04.1/po/tr/
akonadi-calendar-tools-25.04.1/po/tr/calendarjanitor.po
akonadi-calendar-tools-25.04.1/po/tr/konsolekalendar.po
akonadi-calendar-tools-25.04.1/po/ug/
akonadi-calendar-tools-25.04.1/po/ug/konsolekalendar.po
akonadi-calendar-tools-25.04.1/po/ca/
akonadi-calendar-tools-25.04.1/po/ca/calendarjanitor.po
akonadi-calendar-tools-25.04.1/po/ca/konsolekalendar.po
akonadi-calendar-tools-25.04.1/po/ca/docs/
akonadi-calendar-tools-25.04.1/po/ca/docs/konsolekalendar/
akonadi-calendar-tools-25.04.1/po/ca/docs/konsolekalendar/index.docbook
akonadi-calendar-tools-25.04.1/po/se/
akonadi-calendar-tools-25.04.1/po/se/konsolekalendar.po
akonadi-calendar-tools-25.04.1/po/ca@valencia/
akonadi-calendar-tools-25.04.1/po/ca@valencia/calendarjanitor.po
akonadi-calendar-tools-25.04.1/po/ca@valencia/konsolekalendar.po
akonadi-calendar-tools-25.04.1/po/fy/
akonadi-calendar-tools-25.04.1/po/fy/konsolekalendar.po
akonadi-calendar-tools-25.04.1/po/uz/
akonadi-calendar-tools-25.04.1/po/uz/konsolekalendar.po
akonadi-calendar-tools-25.04.1/po/hr/
akonadi-calendar-tools-25.04.1/po/hr/konsolekalendar.po
akonadi-calendar-tools-25.04.1/po/gl/
akonadi-calendar-tools-25.04.1/po/gl/calendarjanitor.po
akonadi-calendar-tools-25.04.1/po/gl/konsolekalendar.po
akonadi-calendar-tools-25.04.1/po/ro/
akonadi-calendar-tools-25.04.1/po/ro/konsolekalendar.po
akonadi-calendar-tools-25.04.1/po/br/
akonadi-calendar-tools-25.04.1/po/br/konsolekalendar.po
akonadi-calendar-tools-25.04.1/po/eo/
akonadi-calendar-tools-25.04.1/po/eo/calendarjanitor.po
akonadi-calendar-tools-25.04.1/po/eo/konsolekalendar.po
akonadi-calendar-tools-25.04.1/po/nl/
akonadi-calendar-tools-25.04.1/po/nl/calendarjanitor.po
akonadi-calendar-tools-25.04.1/po/nl/konsolekalendar.po
akonadi-calendar-tools-25.04.1/po/nl/docs/
akonadi-calendar-tools-25.04.1/po/nl/docs/konsolekalendar/
akonadi-calendar-tools-25.04.1/po/nl/docs/konsolekalendar/index.docbook
akonadi-calendar-tools-25.04.1/po/mr/
akonadi-calendar-tools-25.04.1/po/mr/konsolekalendar.po
akonadi-calendar-tools-25.04.1/po/hu/
akonadi-calendar-tools-25.04.1/po/hu/calendarjanitor.po
akonadi-calendar-tools-25.04.1/po/hu/konsolekalendar.po
akonadi-calendar-tools-25.04.1/po/eu/
akonadi-calendar-tools-25.04.1/po/eu/calendarjanitor.po
akonadi-calendar-tools-25.04.1/po/eu/konsolekalendar.po
akonadi-calendar-tools-25.04.1/po/lv/
akonadi-calendar-tools-25.04.1/po/lv/calendarjanitor.po
akonadi-calendar-tools-25.04.1/po/lv/konsolekalendar.po
akonadi-calendar-tools-25.04.1/po/uz@cyrillic/
akonadi-calendar-tools-25.04.1/po/uz@cyrillic/konsolekalendar.po
akonadi-calendar-tools-25.04.1/po/mk/
akonadi-calendar-tools-25.04.1/po/mk/konsolekalendar.po
akonadi-calendar-tools-25.04.1/po/nb/
akonadi-calendar-tools-25.04.1/po/nb/calendarjanitor.po
akonadi-calendar-tools-25.04.1/po/nb/konsolekalendar.po
akonadi-calendar-tools-25.04.1/po/fr/
akonadi-calendar-tools-25.04.1/po/fr/calendarjanitor.po
akonadi-calendar-tools-25.04.1/po/fr/konsolekalendar.po
akonadi-calendar-tools-25.04.1/po/hi/
akonadi-calendar-tools-25.04.1/po/hi/calendarjanitor.po
akonadi-calendar-tools-25.04.1/po/hi/konsolekalendar.po
akonadi-calendar-tools-25.04.1/po/sl/
akonadi-calendar-tools-25.04.1/po/sl/calendarjanitor.po
akonadi-calendar-tools-25.04.1/po/sl/konsolekalendar.po
akonadi-calendar-tools-25.04.1/po/sl/docs/
akonadi-calendar-tools-25.04.1/po/sl/docs/konsolekalendar/
akonadi-calendar-tools-25.04.1/po/sl/docs/konsolekalendar/index.docbook
akonadi-calendar-tools-25.04.1/po/ta/
akonadi-calendar-tools-25.04.1/po/ta/calendarjanitor.po
akonadi-calendar-tools-25.04.1/po/ta/konsolekalendar.po
akonadi-calendar-tools-25.04.1/po/he/
akonadi-calendar-tools-25.04.1/po/he/calendarjanitor.po
akonadi-calendar-tools-25.04.1/po/he/konsolekalendar.po
akonadi-calendar-tools-25.04.1/po/de/
akonadi-calendar-tools-25.04.1/po/de/calendarjanitor.po
akonadi-calendar-tools-25.04.1/po/de/konsolekalendar.po
akonadi-calendar-tools-25.04.1/po/de/docs/
akonadi-calendar-tools-25.04.1/po/de/docs/konsolekalendar/
akonadi-calendar-tools-25.04.1/po/de/docs/konsolekalendar/index.docbook
akonadi-calendar-tools-25.04.1/po/ar/
akonadi-calendar-tools-25.04.1/po/ar/calendarjanitor.po
akonadi-calendar-tools-25.04.1/po/ar/konsolekalendar.po
akonadi-calendar-tools-25.04.1/po/sk/
akonadi-calendar-tools-25.04.1/po/sk/calendarjanitor.po
akonadi-calendar-tools-25.04.1/po/sk/konsolekalendar.po
akonadi-calendar-tools-25.04.1/po/zh_TW/
akonadi-calendar-tools-25.04.1/po/zh_TW/calendarjanitor.po
akonadi-calendar-tools-25.04.1/po/zh_TW/konsolekalendar.po
akonadi-calendar-tools-25.04.1/po/et/
akonadi-calendar-tools-25.04.1/po/et/calendarjanitor.po
akonadi-calendar-tools-25.04.1/po/et/konsolekalendar.po
akonadi-calendar-tools-25.04.1/po/et/docs/
akonadi-calendar-tools-25.04.1/po/et/docs/konsolekalendar/
akonadi-calendar-tools-25.04.1/po/et/docs/konsolekalendar/index.docbook
akonadi-calendar-tools-25.04.1/po/it/
akonadi-calendar-tools-25.04.1/po/it/calendarjanitor.po
akonadi-calendar-tools-25.04.1/po/it/konsolekalendar.po
akonadi-calendar-tools-25.04.1/po/it/docs/
akonadi-calendar-tools-25.04.1/po/it/docs/konsolekalendar/
akonadi-calendar-tools-25.04.1/po/it/docs/konsolekalendar/index.docbook
akonadi-calendar-tools-25.04.1/po/el/
akonadi-calendar-tools-25.04.1/po/el/calendarjanitor.po
akonadi-calendar-tools-25.04.1/po/el/konsolekalendar.po
akonadi-calendar-tools-25.04.1/po/da/
akonadi-calendar-tools-25.04.1/po/da/calendarjanitor.po
akonadi-calendar-tools-25.04.1/po/da/konsolekalendar.po
akonadi-calendar-tools-25.04.1/po/xh/
akonadi-calendar-tools-25.04.1/po/xh/konsolekalendar.po
akonadi-calendar-tools-25.04.1/po/pt_BR/
akonadi-calendar-tools-25.04.1/po/pt_BR/calendarjanitor.po
akonadi-calendar-tools-25.04.1/po/pt_BR/konsolekalendar.po
akonadi-calendar-tools-25.04.1/po/pt_BR/docs/
akonadi-calendar-tools-25.04.1/po/pt_BR/docs/konsolekalendar/
akonadi-calendar-tools-25.04.1/po/pt_BR/docs/konsolekalendar/index.docbook
akonadi-calendar-tools-25.04.1/po/ru/
akonadi-calendar-tools-25.04.1/po/ru/calendarjanitor.po
akonadi-calendar-tools-25.04.1/po/ru/konsolekalendar.po
akonadi-calendar-tools-25.04.1/po/ru/docs/
akonadi-calendar-tools-25.04.1/po/ru/docs/konsolekalendar/
akonadi-calendar-tools-25.04.1/po/ru/docs/konsolekalendar/index.docbook
akonadi-calendar-tools-25.04.1/po/sq/
akonadi-calendar-tools-25.04.1/po/sq/konsolekalendar.po
akonadi-calendar-tools-25.04.1/po/id/
akonadi-calendar-tools-25.04.1/po/id/calendarjanitor.po
akonadi-calendar-tools-25.04.1/po/id/konsolekalendar.po
akonadi-calendar-tools-25.04.1/po/ia/
akonadi-calendar-tools-25.04.1/po/ia/calendarjanitor.po
akonadi-calendar-tools-25.04.1/po/ia/konsolekalendar.po
akonadi-calendar-tools-25.04.1/po/cy/
akonadi-calendar-tools-25.04.1/po/cy/konsolekalendar.po
akonadi-calendar-tools-25.04.1/po/sv/
akonadi-calendar-tools-25.04.1/po/sv/calendarjanitor.po
akonadi-calendar-tools-25.04.1/po/sv/konsolekalendar.po
akonadi-calendar-tools-25.04.1/po/sv/docs/
akonadi-calendar-tools-25.04.1/po/sv/docs/konsolekalendar/
akonadi-calendar-tools-25.04.1/po/sv/docs/konsolekalendar/index.docbook
akonadi-calendar-tools-25.04.1/po/ne/
akonadi-calendar-tools-25.04.1/po/ne/konsolekalendar.po
akonadi-calendar-tools-25.04.1/po/ms/
akonadi-calendar-tools-25.04.1/po/ms/konsolekalendar.po
akonadi-calendar-tools-25.04.1/po/fi/
akonadi-calendar-tools-25.04.1/po/fi/calendarjanitor.po
akonadi-calendar-tools-25.04.1/po/fi/konsolekalendar.po
akonadi-calendar-tools-25.04.1/po/kk/
akonadi-calendar-tools-25.04.1/po/kk/calendarjanitor.po
akonadi-calendar-tools-25.04.1/po/kk/konsolekalendar.po
akonadi-calendar-tools-25.04.1/po/ast/
akonadi-calendar-tools-25.04.1/po/ast/calendarjanitor.po
akonadi-calendar-tools-25.04.1/po/ast/konsolekalendar.po
akonadi-calendar-tools-25.04.1/po/lt/
akonadi-calendar-tools-25.04.1/po/lt/calendarjanitor.po
akonadi-calendar-tools-25.04.1/po/lt/konsolekalendar.po
akonadi-calendar-tools-25.04.1/po/be/
akonadi-calendar-tools-25.04.1/po/be/konsolekalendar.po
akonadi-calendar-tools-25.04.1/po/tg/
akonadi-calendar-tools-25.04.1/po/tg/konsolekalendar.po
akonadi-calendar-tools-25.04.1/po/sa/
akonadi-calendar-tools-25.04.1/po/sa/calendarjanitor.po
akonadi-calendar-tools-25.04.1/po/sa/konsolekalendar.po
akonadi-calendar-tools-25.04.1/po/ko/
akonadi-calendar-tools-25.04.1/po/ko/calendarjanitor.po
akonadi-calendar-tools-25.04.1/po/ko/konsolekalendar.po
akonadi-calendar-tools-25.04.1/po/hne/
akonadi-calendar-tools-25.04.1/po/hne/konsolekalendar.po
akonadi-calendar-tools-25.04.1/po/ga/
akonadi-calendar-tools-25.04.1/po/ga/konsolekalendar.po
akonadi-calendar-tools-25.04.1/po/en_GB/
akonadi-calendar-tools-25.04.1/po/en_GB/calendarjanitor.po
akonadi-calendar-tools-25.04.1/po/en_GB/konsolekalendar.po
akonadi-calendar-tools-25.04.1/po/uk/
akonadi-calendar-tools-25.04.1/po/uk/calendarjanitor.po
akonadi-calendar-tools-25.04.1/po/uk/konsolekalendar.po
akonadi-calendar-tools-25.04.1/po/uk/docs/
akonadi-calendar-tools-25.04.1/po/uk/docs/konsolekalendar/
akonadi-calendar-tools-25.04.1/po/uk/docs/konsolekalendar/index.docbook
akonadi-calendar-tools-25.04.1/po/nds/
akonadi-calendar-tools-25.04.1/po/nds/calendarjanitor.po
akonadi-calendar-tools-25.04.1/po/nds/konsolekalendar.po
akonadi-calendar-tools-25.04.1/po/az/
akonadi-calendar-tools-25.04.1/po/az/calendarjanitor.po
akonadi-calendar-tools-25.04.1/po/az/konsolekalendar.po
akonadi-calendar-tools-25.04.1/calendarjanitor/
akonadi-calendar-tools-25.04.1/calendarjanitor/options.cpp
akonadi-calendar-tools-25.04.1/calendarjanitor/backuper.cpp
akonadi-calendar-tools-25.04.1/calendarjanitor/Messages.sh
akonadi-calendar-tools-25.04.1/calendarjanitor/backuper.h
akonadi-calendar-tools-25.04.1/calendarjanitor/options.h
akonadi-calendar-tools-25.04.1/calendarjanitor/collectionloader.cpp
akonadi-calendar-tools-25.04.1/calendarjanitor/calendarjanitor.cpp
akonadi-calendar-tools-25.04.1/calendarjanitor/main.cpp
akonadi-calendar-tools-25.04.1/calendarjanitor/collectionloader.h
akonadi-calendar-tools-25.04.1/calendarjanitor/CMakeLists.txt
akonadi-calendar-tools-25.04.1/calendarjanitor/calendarjanitor.h
akonadi-calendar-tools-25.04.1/console-version.h.in
akonadi-calendar-tools-25.04.1/CMakeLists.txt
akonadi-calendar-tools-25.04.1/.gitignore
/home/omen/GITHUB/PLASMA_WORLD/AthOS/REPO-AthOS/akonadi-calendar-tools/work
README or README.md already exists, skipping creation.
hm...lets continue and see what happens
-- The C compiler identification is GNU 14.2.0
-- The CXX compiler identification is GNU 14.2.0
-- Detecting C compiler ABI info
-- Detecting C compiler ABI info - done
-- Check for working C compiler: /usr/bin/cc - skipped
-- Detecting C compile features
-- Detecting C compile features - done
-- Detecting CXX compiler ABI info
-- Detecting CXX compiler ABI info - done
-- Check for working CXX compiler: /usr/bin/c++ - skipped
-- Detecting CXX compile features
-- Detecting CXX compile features - done
-- Installing in the same prefix as Qt, adopting their path scheme.
-- Looking for __GLIBC__
-- Looking for __GLIBC__ - found
-- Performing Test _OFFT_IS_64BIT
-- Performing Test _OFFT_IS_64BIT - Success
-- Performing Test HAVE_DATE_TIME
-- Performing Test HAVE_DATE_TIME - Success
-- Performing Test HAVE_STDATOMIC
-- Performing Test HAVE_STDATOMIC - Success
-- Found WrapAtomic: TRUE
-- Found OpenGL: /usr/lib64/libOpenGL.so
-- Found WrapOpenGL: TRUE
-- Found XKB: /usr/lib64/libxkbcommon.so (found suitable version "1.9.2", minimum required is "0.5.0")
-- Found WrapVulkanHeaders: /usr/include
-- Found Gettext: /usr/bin/msgmerge (found version "0.25")
-- Found Cups: /usr/lib64/libcups.so (found version "2.4.12")
-- The following OPTIONAL packages have been found:

 * OpenGL
 * Qt6DBusTools (required version >= 6.8.3)
 * Qt6QmlTools (required version >= 6.8.3)
 * Qt6WidgetsTools (required version >= 6.8.3)
 * XKB (required version >= 0.5.0), XKB API common to servers and clients., <http://xkbcommon.org>
 * WrapVulkanHeaders
 * Qt6CoreTools (required version >= 6.8.3)
 * Qt6GuiTools (required version >= 6.8.3)
 * Cups

-- The following REQUIRED packages have been found:

 * Qt6 (required version >= 6.7.0)
 * KF6DocTools (required version >= 6.9.0)
 * ECM (required version >= 6.9.0)
 * Qt6Widgets (required version >= 6.7.0)
 * KPim6Akonadi (required version >= 6.4.1)
 * KF6CalendarCore (required version >= 6.9.0)
 * Gettext
 * KF6I18n (required version >= 6.9.0)
 * KPim6AkonadiCalendar (required version >= 6.4.1)
 * KPim6CalendarSupport (required version >= 6.4.1)

-- Configuring done (1.1s)
-- Generating done (0.0s)
-- Build files have been written to: /home/omen/GITHUB/PLASMA_WORLD/AthOS/REPO-AthOS/akonadi-calendar-tools/work/akonadi-calendar-tools-25.04.1/build
[1/35] Generating ts...
[2/35] Automatic MOC for target konsolekalendar
[3/35] Building CXX object konsolekalendar/CMakeFiles/konsolekalendar.dir/konsolekalendar_autogen/mocs_compilation.cpp.o
[4/35] Generating index.cache.bz2
[5/35] Generating po/es/docs/konsolekalendar/index.cache.bz2
[6/35] Generating mo...
[7/35] Generating po/pt/docs/konsolekalendar/index.cache.bz2
[8/35] Generating po/uk/docs/konsolekalendar/index.cache.bz2
[9/35] Generating po/et/docs/konsolekalendar/index.cache.bz2
[10/35] Generating po/sv/docs/konsolekalendar/index.cache.bz2
[11/35] Generating po/it/docs/konsolekalendar/index.cache.bz2
[12/35] Generating po/de/docs/konsolekalendar/index.cache.bz2
[13/35] Generating po/sl/docs/konsolekalendar/index.cache.bz2
[14/35] Generating po/ca/docs/konsolekalendar/index.cache.bz2
[15/35] Generating po/nl/docs/konsolekalendar/index.cache.bz2
[16/35] Generating po/ru/docs/konsolekalendar/index.cache.bz2
[17/35] Generating po/pt_BR/docs/konsolekalendar/index.cache.bz2
I/O warning : failed to load "/usr/share/kf6/kdoctools/customization/xsl/pt-BR.xml": No such file or directory
No "pt_br" localization of "footer-doc-comment" exists; using "en".
No "pt_br" localization of "footer-doc-feedback" exists; using "en".
No "pt_br" localization of "footer-doc-teamname" exists; using "en".
No "pt_br" localization of "footer-doc-comment" exists; using "en".
No "pt_br" localization of "footer-doc-feedback" exists; using "en".
No "pt_br" localization of "footer-doc-teamname" exists; using "en".
No "pt_br" localization of "footer-doc-comment" exists; using "en".
No "pt_br" localization of "footer-doc-feedback" exists; using "en".
No "pt_br" localization of "footer-doc-teamname" exists; using "en".
No "pt_br" localization of "footer-doc-comment" exists; using "en".
No "pt_br" localization of "footer-doc-feedback" exists; using "en".
No "pt_br" localization of "footer-doc-teamname" exists; using "en".
No "pt_br" localization of "footer-doc-comment" exists; using "en".
No "pt_br" localization of "footer-doc-feedback" exists; using "en".
No "pt_br" localization of "footer-doc-teamname" exists; using "en".
No "pt_br" localization of "footer-doc-comment" exists; using "en".
No "pt_br" localization of "footer-doc-feedback" exists; using "en".
No "pt_br" localization of "footer-doc-teamname" exists; using "en".
No "pt_br" localization of "footer-doc-comment" exists; using "en".
No "pt_br" localization of "footer-doc-feedback" exists; using "en".
No "pt_br" localization of "footer-doc-teamname" exists; using "en".
No "pt_br" localization of "footer-doc-comment" exists; using "en".
No "pt_br" localization of "footer-doc-feedback" exists; using "en".
No "pt_br" localization of "footer-doc-teamname" exists; using "en".
No "pt_br" localization of "footer-doc-comment" exists; using "en".
No "pt_br" localization of "footer-doc-feedback" exists; using "en".
No "pt_br" localization of "footer-doc-teamname" exists; using "en".
No "pt_br" localization of "footer-doc-comment" exists; using "en".
No "pt_br" localization of "footer-doc-feedback" exists; using "en".
No "pt_br" localization of "footer-doc-teamname" exists; using "en".
No "pt_br" localization of "footer-doc-comment" exists; using "en".
No "pt_br" localization of "footer-doc-feedback" exists; using "en".
No "pt_br" localization of "footer-doc-teamname" exists; using "en".
No "pt_br" localization of "footer-doc-comment" exists; using "en".
No "pt_br" localization of "footer-doc-feedback" exists; using "en".
No "pt_br" localization of "footer-doc-teamname" exists; using "en".
No "pt_br" localization of "footer-doc-comment" exists; using "en".
No "pt_br" localization of "footer-doc-feedback" exists; using "en".
No "pt_br" localization of "footer-doc-teamname" exists; using "en".
No "pt_br" localization of "footer-doc-comment" exists; using "en".
No "pt_br" localization of "footer-doc-feedback" exists; using "en".
No "pt_br" localization of "footer-doc-teamname" exists; using "en".
No "pt_br" localization of "footer-doc-comment" exists; using "en".
No "pt_br" localization of "footer-doc-feedback" exists; using "en".
No "pt_br" localization of "footer-doc-teamname" exists; using "en".
No "pt_br" localization of "footer-doc-comment" exists; using "en".
No "pt_br" localization of "footer-doc-feedback" exists; using "en".
No "pt_br" localization of "footer-doc-teamname" exists; using "en".
[18/35] Automatic MOC for target calendarjanitor
[19/35] Building CXX object calendarjanitor/CMakeFiles/calendarjanitor.dir/calendarjanitor_autogen/mocs_compilation.cpp.o
[20/35] Building CXX object calendarjanitor/CMakeFiles/calendarjanitor.dir/collectionloader.cpp.o
[21/35] Building CXX object konsolekalendar/CMakeFiles/konsolekalendar.dir/konsolekalendarepoch.cpp.o
[22/35] Building CXX object calendarjanitor/CMakeFiles/calendarjanitor.dir/options.cpp.o
[23/35] Building CXX object konsolekalendar/CMakeFiles/konsolekalendar.dir/konsolekalendarexports.cpp.o
[24/35] Building CXX object konsolekalendar/CMakeFiles/konsolekalendar.dir/konsolekalendardelete.cpp.o
[25/35] Building CXX object konsolekalendar/CMakeFiles/konsolekalendar.dir/konsolekalendaradd.cpp.o
[26/35] Building CXX object konsolekalendar/CMakeFiles/konsolekalendar.dir/konsolekalendar_debug.cpp.o
[27/35] Building CXX object calendarjanitor/CMakeFiles/calendarjanitor.dir/main.cpp.o
[28/35] Building CXX object konsolekalendar/CMakeFiles/konsolekalendar.dir/konsolekalendarvariables.cpp.o
[29/35] Building CXX object calendarjanitor/CMakeFiles/calendarjanitor.dir/backuper.cpp.o
[30/35] Building CXX object konsolekalendar/CMakeFiles/konsolekalendar.dir/main.cpp.o
[31/35] Building CXX object konsolekalendar/CMakeFiles/konsolekalendar.dir/konsolekalendarchange.cpp.o
[32/35] Building CXX object konsolekalendar/CMakeFiles/konsolekalendar.dir/konsolekalendar.cpp.o
[33/35] Linking CXX executable bin/konsolekalendar
[34/35] Building CXX object calendarjanitor/CMakeFiles/calendarjanitor.dir/calendarjanitor.cpp.o
/home/omen/GITHUB/PLASMA_WORLD/AthOS/REPO-AthOS/akonadi-calendar-tools/work/akonadi-calendar-tools-25.04.1/calendarjanitor/calendarjanitor.cpp: In member function ‘void CalendarJanitor::sanityCheck9()’:
/home/omen/GITHUB/PLASMA_WORLD/AthOS/REPO-AthOS/akonadi-calendar-tools/work/akonadi-calendar-tools-25.04.1/calendarjanitor/calendarjanitor.cpp:538:69: warning: ‘QDateTime QDateTime::toTimeSpec(Qt::TimeSpec) const’ is deprecated: Use toTimeZone instead [-Wdeprecated-declarations]
  538 |                     const int duration = start.daysTo(end.toTimeSpec(start.timeSpec()));
      |                                                       ~~~~~~~~~~~~~~^~~~~~~~~~~~~~~~~~
In file included from /usr/include/qt6/QtCore/QDateTime:1,
                 from /usr/include/KF6/KCalendarCore/kcalendarcore/alarm.h:27,
                 from /usr/include/KF6/KCalendarCore/kcalendarcore/incidence.h:21,
                 from /usr/include/KF6/KCalendarCore/KCalendarCore/Incidence:1,
                 from /home/omen/GITHUB/PLASMA_WORLD/AthOS/REPO-AthOS/akonadi-calendar-tools/work/akonadi-calendar-tools-25.04.1/calendarjanitor/calendarjanitor.h:11,
                 from /home/omen/GITHUB/PLASMA_WORLD/AthOS/REPO-AthOS/akonadi-calendar-tools/work/akonadi-calendar-tools-25.04.1/calendarjanitor/calendarjanitor.cpp:7:
/usr/include/qt6/QtCore/qdatetime.h:436:15: note: declared here
  436 |     QDateTime toTimeSpec(Qt::TimeSpec spec) const;
      |               ^~~~~~~~~~
/home/omen/GITHUB/PLASMA_WORLD/AthOS/REPO-AthOS/akonadi-calendar-tools/work/akonadi-calendar-tools-25.04.1/calendarjanitor/calendarjanitor.cpp:546:73: warning: ‘QDateTime QDateTime::toTimeSpec(Qt::TimeSpec) const’ is deprecated: Use toTimeZone instead [-Wdeprecated-declarations]
  546 |                         const int duration = start.daysTo(end.toTimeSpec(start.timeSpec()));
      |                                                           ~~~~~~~~~~~~~~^~~~~~~~~~~~~~~~~~
/usr/include/qt6/QtCore/qdatetime.h:436:15: note: declared here
  436 |     QDateTime toTimeSpec(Qt::TimeSpec spec) const;
      |               ^~~~~~~~~~
[35/35] Linking CXX executable bin/calendarjanitor
-- Install configuration: "MinSizeRel"
-- Installing: /home/omen/GITHUB/PLASMA_WORLD/AthOS/REPO-AthOS/akonadi-calendar-tools/package-akonadi-calendar-tools/usr/bin/calendarjanitor
-- Installing: /home/omen/GITHUB/PLASMA_WORLD/AthOS/REPO-AthOS/akonadi-calendar-tools/package-akonadi-calendar-tools/usr/share/icons/hicolor/128x128/apps/konsolekalendar.png
-- Installing: /home/omen/GITHUB/PLASMA_WORLD/AthOS/REPO-AthOS/akonadi-calendar-tools/package-akonadi-calendar-tools/usr/share/icons/hicolor/16x16/apps/konsolekalendar.png
-- Installing: /home/omen/GITHUB/PLASMA_WORLD/AthOS/REPO-AthOS/akonadi-calendar-tools/package-akonadi-calendar-tools/usr/share/icons/hicolor/22x22/apps/konsolekalendar.png
-- Installing: /home/omen/GITHUB/PLASMA_WORLD/AthOS/REPO-AthOS/akonadi-calendar-tools/package-akonadi-calendar-tools/usr/share/icons/hicolor/32x32/apps/konsolekalendar.png
-- Installing: /home/omen/GITHUB/PLASMA_WORLD/AthOS/REPO-AthOS/akonadi-calendar-tools/package-akonadi-calendar-tools/usr/share/icons/hicolor/48x48/apps/konsolekalendar.png
-- Installing: /home/omen/GITHUB/PLASMA_WORLD/AthOS/REPO-AthOS/akonadi-calendar-tools/package-akonadi-calendar-tools/usr/bin/konsolekalendar
-- Installing: /home/omen/GITHUB/PLASMA_WORLD/AthOS/REPO-AthOS/akonadi-calendar-tools/package-akonadi-calendar-tools/usr/share/applications/konsolekalendar.desktop
-- Installing: /home/omen/GITHUB/PLASMA_WORLD/AthOS/REPO-AthOS/akonadi-calendar-tools/package-akonadi-calendar-tools/usr/share/qlogging-categories6/console.categories
-- Installing: /home/omen/GITHUB/PLASMA_WORLD/AthOS/REPO-AthOS/akonadi-calendar-tools/package-akonadi-calendar-tools/usr/share/qlogging-categories6/console.renamecategories
-- Installing: /home/omen/GITHUB/PLASMA_WORLD/AthOS/REPO-AthOS/akonadi-calendar-tools/package-akonadi-calendar-tools/usr/share/doc/HTML/en/konsolekalendar/index.cache.bz2
-- Installing: /home/omen/GITHUB/PLASMA_WORLD/AthOS/REPO-AthOS/akonadi-calendar-tools/package-akonadi-calendar-tools/usr/share/doc/HTML/en/konsolekalendar/index.docbook
-- Installing: /home/omen/GITHUB/PLASMA_WORLD/AthOS/REPO-AthOS/akonadi-calendar-tools/package-akonadi-calendar-tools/usr/share/locale
-- Installing: /home/omen/GITHUB/PLASMA_WORLD/AthOS/REPO-AthOS/akonadi-calendar-tools/package-akonadi-calendar-tools/usr/share/locale/da
-- Installing: /home/omen/GITHUB/PLASMA_WORLD/AthOS/REPO-AthOS/akonadi-calendar-tools/package-akonadi-calendar-tools/usr/share/locale/da/LC_MESSAGES
-- Installing: /home/omen/GITHUB/PLASMA_WORLD/AthOS/REPO-AthOS/akonadi-calendar-tools/package-akonadi-calendar-tools/usr/share/locale/da/LC_MESSAGES/calendarjanitor.mo
-- Installing: /home/omen/GITHUB/PLASMA_WORLD/AthOS/REPO-AthOS/akonadi-calendar-tools/package-akonadi-calendar-tools/usr/share/locale/da/LC_MESSAGES/konsolekalendar.mo
-- Installing: /home/omen/GITHUB/PLASMA_WORLD/AthOS/REPO-AthOS/akonadi-calendar-tools/package-akonadi-calendar-tools/usr/share/locale/ms
-- Installing: /home/omen/GITHUB/PLASMA_WORLD/AthOS/REPO-AthOS/akonadi-calendar-tools/package-akonadi-calendar-tools/usr/share/locale/ms/LC_MESSAGES
-- Installing: /home/omen/GITHUB/PLASMA_WORLD/AthOS/REPO-AthOS/akonadi-calendar-tools/package-akonadi-calendar-tools/usr/share/locale/ms/LC_MESSAGES/konsolekalendar.mo
-- Installing: /home/omen/GITHUB/PLASMA_WORLD/AthOS/REPO-AthOS/akonadi-calendar-tools/package-akonadi-calendar-tools/usr/share/locale/cs
-- Installing: /home/omen/GITHUB/PLASMA_WORLD/AthOS/REPO-AthOS/akonadi-calendar-tools/package-akonadi-calendar-tools/usr/share/locale/cs/LC_MESSAGES
-- Installing: /home/omen/GITHUB/PLASMA_WORLD/AthOS/REPO-AthOS/akonadi-calendar-tools/package-akonadi-calendar-tools/usr/share/locale/cs/LC_MESSAGES/calendarjanitor.mo
-- Installing: /home/omen/GITHUB/PLASMA_WORLD/AthOS/REPO-AthOS/akonadi-calendar-tools/package-akonadi-calendar-tools/usr/share/locale/cs/LC_MESSAGES/konsolekalendar.mo
-- Installing: /home/omen/GITHUB/PLASMA_WORLD/AthOS/REPO-AthOS/akonadi-calendar-tools/package-akonadi-calendar-tools/usr/share/locale/ja
-- Installing: /home/omen/GITHUB/PLASMA_WORLD/AthOS/REPO-AthOS/akonadi-calendar-tools/package-akonadi-calendar-tools/usr/share/locale/ja/LC_MESSAGES
-- Installing: /home/omen/GITHUB/PLASMA_WORLD/AthOS/REPO-AthOS/akonadi-calendar-tools/package-akonadi-calendar-tools/usr/share/locale/ja/LC_MESSAGES/calendarjanitor.mo
-- Installing: /home/omen/GITHUB/PLASMA_WORLD/AthOS/REPO-AthOS/akonadi-calendar-tools/package-akonadi-calendar-tools/usr/share/locale/ja/LC_MESSAGES/konsolekalendar.mo
-- Installing: /home/omen/GITHUB/PLASMA_WORLD/AthOS/REPO-AthOS/akonadi-calendar-tools/package-akonadi-calendar-tools/usr/share/locale/de
-- Installing: /home/omen/GITHUB/PLASMA_WORLD/AthOS/REPO-AthOS/akonadi-calendar-tools/package-akonadi-calendar-tools/usr/share/locale/de/LC_MESSAGES
-- Installing: /home/omen/GITHUB/PLASMA_WORLD/AthOS/REPO-AthOS/akonadi-calendar-tools/package-akonadi-calendar-tools/usr/share/locale/de/LC_MESSAGES/calendarjanitor.mo
-- Installing: /home/omen/GITHUB/PLASMA_WORLD/AthOS/REPO-AthOS/akonadi-calendar-tools/package-akonadi-calendar-tools/usr/share/locale/de/LC_MESSAGES/konsolekalendar.mo
-- Installing: /home/omen/GITHUB/PLASMA_WORLD/AthOS/REPO-AthOS/akonadi-calendar-tools/package-akonadi-calendar-tools/usr/share/locale/el
-- Installing: /home/omen/GITHUB/PLASMA_WORLD/AthOS/REPO-AthOS/akonadi-calendar-tools/package-akonadi-calendar-tools/usr/share/locale/el/LC_MESSAGES
-- Installing: /home/omen/GITHUB/PLASMA_WORLD/AthOS/REPO-AthOS/akonadi-calendar-tools/package-akonadi-calendar-tools/usr/share/locale/el/LC_MESSAGES/calendarjanitor.mo
-- Installing: /home/omen/GITHUB/PLASMA_WORLD/AthOS/REPO-AthOS/akonadi-calendar-tools/package-akonadi-calendar-tools/usr/share/locale/el/LC_MESSAGES/konsolekalendar.mo
-- Installing: /home/omen/GITHUB/PLASMA_WORLD/AthOS/REPO-AthOS/akonadi-calendar-tools/package-akonadi-calendar-tools/usr/share/locale/nn
-- Installing: /home/omen/GITHUB/PLASMA_WORLD/AthOS/REPO-AthOS/akonadi-calendar-tools/package-akonadi-calendar-tools/usr/share/locale/nn/LC_MESSAGES
-- Installing: /home/omen/GITHUB/PLASMA_WORLD/AthOS/REPO-AthOS/akonadi-calendar-tools/package-akonadi-calendar-tools/usr/share/locale/nn/LC_MESSAGES/konsolekalendar.mo
-- Installing: /home/omen/GITHUB/PLASMA_WORLD/AthOS/REPO-AthOS/akonadi-calendar-tools/package-akonadi-calendar-tools/usr/share/locale/fy
-- Installing: /home/omen/GITHUB/PLASMA_WORLD/AthOS/REPO-AthOS/akonadi-calendar-tools/package-akonadi-calendar-tools/usr/share/locale/fy/LC_MESSAGES
-- Installing: /home/omen/GITHUB/PLASMA_WORLD/AthOS/REPO-AthOS/akonadi-calendar-tools/package-akonadi-calendar-tools/usr/share/locale/fy/LC_MESSAGES/konsolekalendar.mo
-- Installing: /home/omen/GITHUB/PLASMA_WORLD/AthOS/REPO-AthOS/akonadi-calendar-tools/package-akonadi-calendar-tools/usr/share/locale/hi
-- Installing: /home/omen/GITHUB/PLASMA_WORLD/AthOS/REPO-AthOS/akonadi-calendar-tools/package-akonadi-calendar-tools/usr/share/locale/hi/LC_MESSAGES
-- Installing: /home/omen/GITHUB/PLASMA_WORLD/AthOS/REPO-AthOS/akonadi-calendar-tools/package-akonadi-calendar-tools/usr/share/locale/hi/LC_MESSAGES/calendarjanitor.mo
-- Installing: /home/omen/GITHUB/PLASMA_WORLD/AthOS/REPO-AthOS/akonadi-calendar-tools/package-akonadi-calendar-tools/usr/share/locale/hi/LC_MESSAGES/konsolekalendar.mo
-- Installing: /home/omen/GITHUB/PLASMA_WORLD/AthOS/REPO-AthOS/akonadi-calendar-tools/package-akonadi-calendar-tools/usr/share/locale/pt_BR
-- Installing: /home/omen/GITHUB/PLASMA_WORLD/AthOS/REPO-AthOS/akonadi-calendar-tools/package-akonadi-calendar-tools/usr/share/locale/pt_BR/LC_MESSAGES
-- Installing: /home/omen/GITHUB/PLASMA_WORLD/AthOS/REPO-AthOS/akonadi-calendar-tools/package-akonadi-calendar-tools/usr/share/locale/pt_BR/LC_MESSAGES/calendarjanitor.mo
-- Installing: /home/omen/GITHUB/PLASMA_WORLD/AthOS/REPO-AthOS/akonadi-calendar-tools/package-akonadi-calendar-tools/usr/share/locale/pt_BR/LC_MESSAGES/konsolekalendar.mo
-- Installing: /home/omen/GITHUB/PLASMA_WORLD/AthOS/REPO-AthOS/akonadi-calendar-tools/package-akonadi-calendar-tools/usr/share/locale/lt
-- Installing: /home/omen/GITHUB/PLASMA_WORLD/AthOS/REPO-AthOS/akonadi-calendar-tools/package-akonadi-calendar-tools/usr/share/locale/lt/LC_MESSAGES
-- Installing: /home/omen/GITHUB/PLASMA_WORLD/AthOS/REPO-AthOS/akonadi-calendar-tools/package-akonadi-calendar-tools/usr/share/locale/lt/LC_MESSAGES/calendarjanitor.mo
-- Installing: /home/omen/GITHUB/PLASMA_WORLD/AthOS/REPO-AthOS/akonadi-calendar-tools/package-akonadi-calendar-tools/usr/share/locale/lt/LC_MESSAGES/konsolekalendar.mo
-- Installing: /home/omen/GITHUB/PLASMA_WORLD/AthOS/REPO-AthOS/akonadi-calendar-tools/package-akonadi-calendar-tools/usr/share/locale/be
-- Installing: /home/omen/GITHUB/PLASMA_WORLD/AthOS/REPO-AthOS/akonadi-calendar-tools/package-akonadi-calendar-tools/usr/share/locale/be/LC_MESSAGES
-- Installing: /home/omen/GITHUB/PLASMA_WORLD/AthOS/REPO-AthOS/akonadi-calendar-tools/package-akonadi-calendar-tools/usr/share/locale/be/LC_MESSAGES/konsolekalendar.mo
-- Installing: /home/omen/GITHUB/PLASMA_WORLD/AthOS/REPO-AthOS/akonadi-calendar-tools/package-akonadi-calendar-tools/usr/share/locale/pa
-- Installing: /home/omen/GITHUB/PLASMA_WORLD/AthOS/REPO-AthOS/akonadi-calendar-tools/package-akonadi-calendar-tools/usr/share/locale/pa/LC_MESSAGES
-- Installing: /home/omen/GITHUB/PLASMA_WORLD/AthOS/REPO-AthOS/akonadi-calendar-tools/package-akonadi-calendar-tools/usr/share/locale/pa/LC_MESSAGES/konsolekalendar.mo
-- Installing: /home/omen/GITHUB/PLASMA_WORLD/AthOS/REPO-AthOS/akonadi-calendar-tools/package-akonadi-calendar-tools/usr/share/locale/sl
-- Installing: /home/omen/GITHUB/PLASMA_WORLD/AthOS/REPO-AthOS/akonadi-calendar-tools/package-akonadi-calendar-tools/usr/share/locale/sl/LC_MESSAGES
-- Installing: /home/omen/GITHUB/PLASMA_WORLD/AthOS/REPO-AthOS/akonadi-calendar-tools/package-akonadi-calendar-tools/usr/share/locale/sl/LC_MESSAGES/calendarjanitor.mo
-- Installing: /home/omen/GITHUB/PLASMA_WORLD/AthOS/REPO-AthOS/akonadi-calendar-tools/package-akonadi-calendar-tools/usr/share/locale/sl/LC_MESSAGES/konsolekalendar.mo
-- Installing: /home/omen/GITHUB/PLASMA_WORLD/AthOS/REPO-AthOS/akonadi-calendar-tools/package-akonadi-calendar-tools/usr/share/locale/ta
-- Installing: /home/omen/GITHUB/PLASMA_WORLD/AthOS/REPO-AthOS/akonadi-calendar-tools/package-akonadi-calendar-tools/usr/share/locale/ta/LC_MESSAGES
-- Installing: /home/omen/GITHUB/PLASMA_WORLD/AthOS/REPO-AthOS/akonadi-calendar-tools/package-akonadi-calendar-tools/usr/share/locale/ta/LC_MESSAGES/calendarjanitor.mo
-- Installing: /home/omen/GITHUB/PLASMA_WORLD/AthOS/REPO-AthOS/akonadi-calendar-tools/package-akonadi-calendar-tools/usr/share/locale/ta/LC_MESSAGES/konsolekalendar.mo
-- Installing: /home/omen/GITHUB/PLASMA_WORLD/AthOS/REPO-AthOS/akonadi-calendar-tools/package-akonadi-calendar-tools/usr/share/locale/xh
-- Installing: /home/omen/GITHUB/PLASMA_WORLD/AthOS/REPO-AthOS/akonadi-calendar-tools/package-akonadi-calendar-tools/usr/share/locale/xh/LC_MESSAGES
-- Installing: /home/omen/GITHUB/PLASMA_WORLD/AthOS/REPO-AthOS/akonadi-calendar-tools/package-akonadi-calendar-tools/usr/share/locale/xh/LC_MESSAGES/konsolekalendar.mo
-- Installing: /home/omen/GITHUB/PLASMA_WORLD/AthOS/REPO-AthOS/akonadi-calendar-tools/package-akonadi-calendar-tools/usr/share/locale/ro
-- Installing: /home/omen/GITHUB/PLASMA_WORLD/AthOS/REPO-AthOS/akonadi-calendar-tools/package-akonadi-calendar-tools/usr/share/locale/ro/LC_MESSAGES
-- Installing: /home/omen/GITHUB/PLASMA_WORLD/AthOS/REPO-AthOS/akonadi-calendar-tools/package-akonadi-calendar-tools/usr/share/locale/ro/LC_MESSAGES/konsolekalendar.mo
-- Installing: /home/omen/GITHUB/PLASMA_WORLD/AthOS/REPO-AthOS/akonadi-calendar-tools/package-akonadi-calendar-tools/usr/share/locale/bs
-- Installing: /home/omen/GITHUB/PLASMA_WORLD/AthOS/REPO-AthOS/akonadi-calendar-tools/package-akonadi-calendar-tools/usr/share/locale/bs/LC_MESSAGES
-- Installing: /home/omen/GITHUB/PLASMA_WORLD/AthOS/REPO-AthOS/akonadi-calendar-tools/package-akonadi-calendar-tools/usr/share/locale/bs/LC_MESSAGES/calendarjanitor.mo
-- Installing: /home/omen/GITHUB/PLASMA_WORLD/AthOS/REPO-AthOS/akonadi-calendar-tools/package-akonadi-calendar-tools/usr/share/locale/bs/LC_MESSAGES/konsolekalendar.mo
-- Installing: /home/omen/GITHUB/PLASMA_WORLD/AthOS/REPO-AthOS/akonadi-calendar-tools/package-akonadi-calendar-tools/usr/share/locale/is
-- Installing: /home/omen/GITHUB/PLASMA_WORLD/AthOS/REPO-AthOS/akonadi-calendar-tools/package-akonadi-calendar-tools/usr/share/locale/is/LC_MESSAGES
-- Installing: /home/omen/GITHUB/PLASMA_WORLD/AthOS/REPO-AthOS/akonadi-calendar-tools/package-akonadi-calendar-tools/usr/share/locale/is/LC_MESSAGES/konsolekalendar.mo
-- Installing: /home/omen/GITHUB/PLASMA_WORLD/AthOS/REPO-AthOS/akonadi-calendar-tools/package-akonadi-calendar-tools/usr/share/locale/kk
-- Installing: /home/omen/GITHUB/PLASMA_WORLD/AthOS/REPO-AthOS/akonadi-calendar-tools/package-akonadi-calendar-tools/usr/share/locale/kk/LC_MESSAGES
-- Installing: /home/omen/GITHUB/PLASMA_WORLD/AthOS/REPO-AthOS/akonadi-calendar-tools/package-akonadi-calendar-tools/usr/share/locale/kk/LC_MESSAGES/calendarjanitor.mo
-- Installing: /home/omen/GITHUB/PLASMA_WORLD/AthOS/REPO-AthOS/akonadi-calendar-tools/package-akonadi-calendar-tools/usr/share/locale/kk/LC_MESSAGES/konsolekalendar.mo
-- Installing: /home/omen/GITHUB/PLASMA_WORLD/AthOS/REPO-AthOS/akonadi-calendar-tools/package-akonadi-calendar-tools/usr/share/locale/he
-- Installing: /home/omen/GITHUB/PLASMA_WORLD/AthOS/REPO-AthOS/akonadi-calendar-tools/package-akonadi-calendar-tools/usr/share/locale/he/LC_MESSAGES
-- Installing: /home/omen/GITHUB/PLASMA_WORLD/AthOS/REPO-AthOS/akonadi-calendar-tools/package-akonadi-calendar-tools/usr/share/locale/he/LC_MESSAGES/calendarjanitor.mo
-- Installing: /home/omen/GITHUB/PLASMA_WORLD/AthOS/REPO-AthOS/akonadi-calendar-tools/package-akonadi-calendar-tools/usr/share/locale/he/LC_MESSAGES/konsolekalendar.mo
-- Installing: /home/omen/GITHUB/PLASMA_WORLD/AthOS/REPO-AthOS/akonadi-calendar-tools/package-akonadi-calendar-tools/usr/share/locale/zh_TW
-- Installing: /home/omen/GITHUB/PLASMA_WORLD/AthOS/REPO-AthOS/akonadi-calendar-tools/package-akonadi-calendar-tools/usr/share/locale/zh_TW/LC_MESSAGES
-- Installing: /home/omen/GITHUB/PLASMA_WORLD/AthOS/REPO-AthOS/akonadi-calendar-tools/package-akonadi-calendar-tools/usr/share/locale/zh_TW/LC_MESSAGES/calendarjanitor.mo
-- Installing: /home/omen/GITHUB/PLASMA_WORLD/AthOS/REPO-AthOS/akonadi-calendar-tools/package-akonadi-calendar-tools/usr/share/locale/zh_TW/LC_MESSAGES/konsolekalendar.mo
-- Installing: /home/omen/GITHUB/PLASMA_WORLD/AthOS/REPO-AthOS/akonadi-calendar-tools/package-akonadi-calendar-tools/usr/share/locale/tg
-- Installing: /home/omen/GITHUB/PLASMA_WORLD/AthOS/REPO-AthOS/akonadi-calendar-tools/package-akonadi-calendar-tools/usr/share/locale/tg/LC_MESSAGES
-- Installing: /home/omen/GITHUB/PLASMA_WORLD/AthOS/REPO-AthOS/akonadi-calendar-tools/package-akonadi-calendar-tools/usr/share/locale/tg/LC_MESSAGES/konsolekalendar.mo
-- Installing: /home/omen/GITHUB/PLASMA_WORLD/AthOS/REPO-AthOS/akonadi-calendar-tools/package-akonadi-calendar-tools/usr/share/locale/fa
-- Installing: /home/omen/GITHUB/PLASMA_WORLD/AthOS/REPO-AthOS/akonadi-calendar-tools/package-akonadi-calendar-tools/usr/share/locale/fa/LC_MESSAGES
-- Installing: /home/omen/GITHUB/PLASMA_WORLD/AthOS/REPO-AthOS/akonadi-calendar-tools/package-akonadi-calendar-tools/usr/share/locale/fa/LC_MESSAGES/konsolekalendar.mo
-- Installing: /home/omen/GITHUB/PLASMA_WORLD/AthOS/REPO-AthOS/akonadi-calendar-tools/package-akonadi-calendar-tools/usr/share/locale/pl
-- Installing: /home/omen/GITHUB/PLASMA_WORLD/AthOS/REPO-AthOS/akonadi-calendar-tools/package-akonadi-calendar-tools/usr/share/locale/pl/LC_MESSAGES
-- Installing: /home/omen/GITHUB/PLASMA_WORLD/AthOS/REPO-AthOS/akonadi-calendar-tools/package-akonadi-calendar-tools/usr/share/locale/pl/LC_MESSAGES/calendarjanitor.mo
-- Installing: /home/omen/GITHUB/PLASMA_WORLD/AthOS/REPO-AthOS/akonadi-calendar-tools/package-akonadi-calendar-tools/usr/share/locale/pl/LC_MESSAGES/konsolekalendar.mo
-- Installing: /home/omen/GITHUB/PLASMA_WORLD/AthOS/REPO-AthOS/akonadi-calendar-tools/package-akonadi-calendar-tools/usr/share/locale/km
-- Installing: /home/omen/GITHUB/PLASMA_WORLD/AthOS/REPO-AthOS/akonadi-calendar-tools/package-akonadi-calendar-tools/usr/share/locale/km/LC_MESSAGES
-- Installing: /home/omen/GITHUB/PLASMA_WORLD/AthOS/REPO-AthOS/akonadi-calendar-tools/package-akonadi-calendar-tools/usr/share/locale/km/LC_MESSAGES/konsolekalendar.mo
-- Installing: /home/omen/GITHUB/PLASMA_WORLD/AthOS/REPO-AthOS/akonadi-calendar-tools/package-akonadi-calendar-tools/usr/share/locale/pt
-- Installing: /home/omen/GITHUB/PLASMA_WORLD/AthOS/REPO-AthOS/akonadi-calendar-tools/package-akonadi-calendar-tools/usr/share/locale/pt/LC_MESSAGES
-- Installing: /home/omen/GITHUB/PLASMA_WORLD/AthOS/REPO-AthOS/akonadi-calendar-tools/package-akonadi-calendar-tools/usr/share/locale/pt/LC_MESSAGES/calendarjanitor.mo
-- Installing: /home/omen/GITHUB/PLASMA_WORLD/AthOS/REPO-AthOS/akonadi-calendar-tools/package-akonadi-calendar-tools/usr/share/locale/pt/LC_MESSAGES/konsolekalendar.mo
-- Installing: /home/omen/GITHUB/PLASMA_WORLD/AthOS/REPO-AthOS/akonadi-calendar-tools/package-akonadi-calendar-tools/usr/share/locale/hr
-- Installing: /home/omen/GITHUB/PLASMA_WORLD/AthOS/REPO-AthOS/akonadi-calendar-tools/package-akonadi-calendar-tools/usr/share/locale/hr/LC_MESSAGES
-- Installing: /home/omen/GITHUB/PLASMA_WORLD/AthOS/REPO-AthOS/akonadi-calendar-tools/package-akonadi-calendar-tools/usr/share/locale/hr/LC_MESSAGES/konsolekalendar.mo
-- Installing: /home/omen/GITHUB/PLASMA_WORLD/AthOS/REPO-AthOS/akonadi-calendar-tools/package-akonadi-calendar-tools/usr/share/locale/az
-- Installing: /home/omen/GITHUB/PLASMA_WORLD/AthOS/REPO-AthOS/akonadi-calendar-tools/package-akonadi-calendar-tools/usr/share/locale/az/LC_MESSAGES
-- Installing: /home/omen/GITHUB/PLASMA_WORLD/AthOS/REPO-AthOS/akonadi-calendar-tools/package-akonadi-calendar-tools/usr/share/locale/az/LC_MESSAGES/calendarjanitor.mo
-- Installing: /home/omen/GITHUB/PLASMA_WORLD/AthOS/REPO-AthOS/akonadi-calendar-tools/package-akonadi-calendar-tools/usr/share/locale/az/LC_MESSAGES/konsolekalendar.mo
-- Installing: /home/omen/GITHUB/PLASMA_WORLD/AthOS/REPO-AthOS/akonadi-calendar-tools/package-akonadi-calendar-tools/usr/share/locale/tr
-- Installing: /home/omen/GITHUB/PLASMA_WORLD/AthOS/REPO-AthOS/akonadi-calendar-tools/package-akonadi-calendar-tools/usr/share/locale/tr/LC_MESSAGES
-- Installing: /home/omen/GITHUB/PLASMA_WORLD/AthOS/REPO-AthOS/akonadi-calendar-tools/package-akonadi-calendar-tools/usr/share/locale/tr/LC_MESSAGES/calendarjanitor.mo
-- Installing: /home/omen/GITHUB/PLASMA_WORLD/AthOS/REPO-AthOS/akonadi-calendar-tools/package-akonadi-calendar-tools/usr/share/locale/tr/LC_MESSAGES/konsolekalendar.mo
-- Installing: /home/omen/GITHUB/PLASMA_WORLD/AthOS/REPO-AthOS/akonadi-calendar-tools/package-akonadi-calendar-tools/usr/share/locale/fr
-- Installing: /home/omen/GITHUB/PLASMA_WORLD/AthOS/REPO-AthOS/akonadi-calendar-tools/package-akonadi-calendar-tools/usr/share/locale/fr/LC_MESSAGES
-- Installing: /home/omen/GITHUB/PLASMA_WORLD/AthOS/REPO-AthOS/akonadi-calendar-tools/package-akonadi-calendar-tools/usr/share/locale/fr/LC_MESSAGES/calendarjanitor.mo
-- Installing: /home/omen/GITHUB/PLASMA_WORLD/AthOS/REPO-AthOS/akonadi-calendar-tools/package-akonadi-calendar-tools/usr/share/locale/fr/LC_MESSAGES/konsolekalendar.mo
-- Installing: /home/omen/GITHUB/PLASMA_WORLD/AthOS/REPO-AthOS/akonadi-calendar-tools/package-akonadi-calendar-tools/usr/share/locale/uz
-- Installing: /home/omen/GITHUB/PLASMA_WORLD/AthOS/REPO-AthOS/akonadi-calendar-tools/package-akonadi-calendar-tools/usr/share/locale/uz/LC_MESSAGES
-- Installing: /home/omen/GITHUB/PLASMA_WORLD/AthOS/REPO-AthOS/akonadi-calendar-tools/package-akonadi-calendar-tools/usr/share/locale/uz/LC_MESSAGES/konsolekalendar.mo
-- Installing: /home/omen/GITHUB/PLASMA_WORLD/AthOS/REPO-AthOS/akonadi-calendar-tools/package-akonadi-calendar-tools/usr/share/locale/ast
-- Installing: /home/omen/GITHUB/PLASMA_WORLD/AthOS/REPO-AthOS/akonadi-calendar-tools/package-akonadi-calendar-tools/usr/share/locale/ast/LC_MESSAGES
-- Installing: /home/omen/GITHUB/PLASMA_WORLD/AthOS/REPO-AthOS/akonadi-calendar-tools/package-akonadi-calendar-tools/usr/share/locale/ast/LC_MESSAGES/calendarjanitor.mo
-- Installing: /home/omen/GITHUB/PLASMA_WORLD/AthOS/REPO-AthOS/akonadi-calendar-tools/package-akonadi-calendar-tools/usr/share/locale/ast/LC_MESSAGES/konsolekalendar.mo
-- Installing: /home/omen/GITHUB/PLASMA_WORLD/AthOS/REPO-AthOS/akonadi-calendar-tools/package-akonadi-calendar-tools/usr/share/locale/ne
-- Installing: /home/omen/GITHUB/PLASMA_WORLD/AthOS/REPO-AthOS/akonadi-calendar-tools/package-akonadi-calendar-tools/usr/share/locale/ne/LC_MESSAGES
-- Installing: /home/omen/GITHUB/PLASMA_WORLD/AthOS/REPO-AthOS/akonadi-calendar-tools/package-akonadi-calendar-tools/usr/share/locale/ne/LC_MESSAGES/konsolekalendar.mo
-- Installing: /home/omen/GITHUB/PLASMA_WORLD/AthOS/REPO-AthOS/akonadi-calendar-tools/package-akonadi-calendar-tools/usr/share/locale/ka
-- Installing: /home/omen/GITHUB/PLASMA_WORLD/AthOS/REPO-AthOS/akonadi-calendar-tools/package-akonadi-calendar-tools/usr/share/locale/ka/LC_MESSAGES
-- Installing: /home/omen/GITHUB/PLASMA_WORLD/AthOS/REPO-AthOS/akonadi-calendar-tools/package-akonadi-calendar-tools/usr/share/locale/ka/LC_MESSAGES/calendarjanitor.mo
-- Installing: /home/omen/GITHUB/PLASMA_WORLD/AthOS/REPO-AthOS/akonadi-calendar-tools/package-akonadi-calendar-tools/usr/share/locale/ka/LC_MESSAGES/konsolekalendar.mo
-- Installing: /home/omen/GITHUB/PLASMA_WORLD/AthOS/REPO-AthOS/akonadi-calendar-tools/package-akonadi-calendar-tools/usr/share/locale/cy
-- Installing: /home/omen/GITHUB/PLASMA_WORLD/AthOS/REPO-AthOS/akonadi-calendar-tools/package-akonadi-calendar-tools/usr/share/locale/cy/LC_MESSAGES
-- Installing: /home/omen/GITHUB/PLASMA_WORLD/AthOS/REPO-AthOS/akonadi-calendar-tools/package-akonadi-calendar-tools/usr/share/locale/cy/LC_MESSAGES/konsolekalendar.mo
-- Installing: /home/omen/GITHUB/PLASMA_WORLD/AthOS/REPO-AthOS/akonadi-calendar-tools/package-akonadi-calendar-tools/usr/share/locale/gl
-- Installing: /home/omen/GITHUB/PLASMA_WORLD/AthOS/REPO-AthOS/akonadi-calendar-tools/package-akonadi-calendar-tools/usr/share/locale/gl/LC_MESSAGES
-- Installing: /home/omen/GITHUB/PLASMA_WORLD/AthOS/REPO-AthOS/akonadi-calendar-tools/package-akonadi-calendar-tools/usr/share/locale/gl/LC_MESSAGES/calendarjanitor.mo
-- Installing: /home/omen/GITHUB/PLASMA_WORLD/AthOS/REPO-AthOS/akonadi-calendar-tools/package-akonadi-calendar-tools/usr/share/locale/gl/LC_MESSAGES/konsolekalendar.mo
-- Installing: /home/omen/GITHUB/PLASMA_WORLD/AthOS/REPO-AthOS/akonadi-calendar-tools/package-akonadi-calendar-tools/usr/share/locale/ia
-- Installing: /home/omen/GITHUB/PLASMA_WORLD/AthOS/REPO-AthOS/akonadi-calendar-tools/package-akonadi-calendar-tools/usr/share/locale/ia/LC_MESSAGES
-- Installing: /home/omen/GITHUB/PLASMA_WORLD/AthOS/REPO-AthOS/akonadi-calendar-tools/package-akonadi-calendar-tools/usr/share/locale/ia/LC_MESSAGES/calendarjanitor.mo
-- Installing: /home/omen/GITHUB/PLASMA_WORLD/AthOS/REPO-AthOS/akonadi-calendar-tools/package-akonadi-calendar-tools/usr/share/locale/ia/LC_MESSAGES/konsolekalendar.mo
-- Installing: /home/omen/GITHUB/PLASMA_WORLD/AthOS/REPO-AthOS/akonadi-calendar-tools/package-akonadi-calendar-tools/usr/share/locale/hu
-- Installing: /home/omen/GITHUB/PLASMA_WORLD/AthOS/REPO-AthOS/akonadi-calendar-tools/package-akonadi-calendar-tools/usr/share/locale/hu/LC_MESSAGES
-- Installing: /home/omen/GITHUB/PLASMA_WORLD/AthOS/REPO-AthOS/akonadi-calendar-tools/package-akonadi-calendar-tools/usr/share/locale/hu/LC_MESSAGES/calendarjanitor.mo
-- Installing: /home/omen/GITHUB/PLASMA_WORLD/AthOS/REPO-AthOS/akonadi-calendar-tools/package-akonadi-calendar-tools/usr/share/locale/hu/LC_MESSAGES/konsolekalendar.mo
-- Installing: /home/omen/GITHUB/PLASMA_WORLD/AthOS/REPO-AthOS/akonadi-calendar-tools/package-akonadi-calendar-tools/usr/share/locale/eo
-- Installing: /home/omen/GITHUB/PLASMA_WORLD/AthOS/REPO-AthOS/akonadi-calendar-tools/package-akonadi-calendar-tools/usr/share/locale/eo/LC_MESSAGES
-- Installing: /home/omen/GITHUB/PLASMA_WORLD/AthOS/REPO-AthOS/akonadi-calendar-tools/package-akonadi-calendar-tools/usr/share/locale/eo/LC_MESSAGES/calendarjanitor.mo
-- Installing: /home/omen/GITHUB/PLASMA_WORLD/AthOS/REPO-AthOS/akonadi-calendar-tools/package-akonadi-calendar-tools/usr/share/locale/eo/LC_MESSAGES/konsolekalendar.mo
-- Installing: /home/omen/GITHUB/PLASMA_WORLD/AthOS/REPO-AthOS/akonadi-calendar-tools/package-akonadi-calendar-tools/usr/share/locale/bg
-- Installing: /home/omen/GITHUB/PLASMA_WORLD/AthOS/REPO-AthOS/akonadi-calendar-tools/package-akonadi-calendar-tools/usr/share/locale/bg/LC_MESSAGES
-- Installing: /home/omen/GITHUB/PLASMA_WORLD/AthOS/REPO-AthOS/akonadi-calendar-tools/package-akonadi-calendar-tools/usr/share/locale/bg/LC_MESSAGES/calendarjanitor.mo
-- Installing: /home/omen/GITHUB/PLASMA_WORLD/AthOS/REPO-AthOS/akonadi-calendar-tools/package-akonadi-calendar-tools/usr/share/locale/bg/LC_MESSAGES/konsolekalendar.mo
-- Installing: /home/omen/GITHUB/PLASMA_WORLD/AthOS/REPO-AthOS/akonadi-calendar-tools/package-akonadi-calendar-tools/usr/share/locale/ga
-- Installing: /home/omen/GITHUB/PLASMA_WORLD/AthOS/REPO-AthOS/akonadi-calendar-tools/package-akonadi-calendar-tools/usr/share/locale/ga/LC_MESSAGES
-- Installing: /home/omen/GITHUB/PLASMA_WORLD/AthOS/REPO-AthOS/akonadi-calendar-tools/package-akonadi-calendar-tools/usr/share/locale/ga/LC_MESSAGES/konsolekalendar.mo
-- Installing: /home/omen/GITHUB/PLASMA_WORLD/AthOS/REPO-AthOS/akonadi-calendar-tools/package-akonadi-calendar-tools/usr/share/locale/br
-- Installing: /home/omen/GITHUB/PLASMA_WORLD/AthOS/REPO-AthOS/akonadi-calendar-tools/package-akonadi-calendar-tools/usr/share/locale/br/LC_MESSAGES
-- Installing: /home/omen/GITHUB/PLASMA_WORLD/AthOS/REPO-AthOS/akonadi-calendar-tools/package-akonadi-calendar-tools/usr/share/locale/br/LC_MESSAGES/konsolekalendar.mo
-- Installing: /home/omen/GITHUB/PLASMA_WORLD/AthOS/REPO-AthOS/akonadi-calendar-tools/package-akonadi-calendar-tools/usr/share/locale/ca
-- Installing: /home/omen/GITHUB/PLASMA_WORLD/AthOS/REPO-AthOS/akonadi-calendar-tools/package-akonadi-calendar-tools/usr/share/locale/ca/LC_MESSAGES
-- Installing: /home/omen/GITHUB/PLASMA_WORLD/AthOS/REPO-AthOS/akonadi-calendar-tools/package-akonadi-calendar-tools/usr/share/locale/ca/LC_MESSAGES/calendarjanitor.mo
-- Installing: /home/omen/GITHUB/PLASMA_WORLD/AthOS/REPO-AthOS/akonadi-calendar-tools/package-akonadi-calendar-tools/usr/share/locale/ca/LC_MESSAGES/konsolekalendar.mo
-- Installing: /home/omen/GITHUB/PLASMA_WORLD/AthOS/REPO-AthOS/akonadi-calendar-tools/package-akonadi-calendar-tools/usr/share/locale/uk
-- Installing: /home/omen/GITHUB/PLASMA_WORLD/AthOS/REPO-AthOS/akonadi-calendar-tools/package-akonadi-calendar-tools/usr/share/locale/uk/LC_MESSAGES
-- Installing: /home/omen/GITHUB/PLASMA_WORLD/AthOS/REPO-AthOS/akonadi-calendar-tools/package-akonadi-calendar-tools/usr/share/locale/uk/LC_MESSAGES/calendarjanitor.mo
-- Installing: /home/omen/GITHUB/PLASMA_WORLD/AthOS/REPO-AthOS/akonadi-calendar-tools/package-akonadi-calendar-tools/usr/share/locale/uk/LC_MESSAGES/konsolekalendar.mo
-- Installing: /home/omen/GITHUB/PLASMA_WORLD/AthOS/REPO-AthOS/akonadi-calendar-tools/package-akonadi-calendar-tools/usr/share/locale/id
-- Installing: /home/omen/GITHUB/PLASMA_WORLD/AthOS/REPO-AthOS/akonadi-calendar-tools/package-akonadi-calendar-tools/usr/share/locale/id/LC_MESSAGES
-- Installing: /home/omen/GITHUB/PLASMA_WORLD/AthOS/REPO-AthOS/akonadi-calendar-tools/package-akonadi-calendar-tools/usr/share/locale/id/LC_MESSAGES/calendarjanitor.mo
-- Installing: /home/omen/GITHUB/PLASMA_WORLD/AthOS/REPO-AthOS/akonadi-calendar-tools/package-akonadi-calendar-tools/usr/share/locale/id/LC_MESSAGES/konsolekalendar.mo
-- Installing: /home/omen/GITHUB/PLASMA_WORLD/AthOS/REPO-AthOS/akonadi-calendar-tools/package-akonadi-calendar-tools/usr/share/locale/en_GB
-- Installing: /home/omen/GITHUB/PLASMA_WORLD/AthOS/REPO-AthOS/akonadi-calendar-tools/package-akonadi-calendar-tools/usr/share/locale/en_GB/LC_MESSAGES
-- Installing: /home/omen/GITHUB/PLASMA_WORLD/AthOS/REPO-AthOS/akonadi-calendar-tools/package-akonadi-calendar-tools/usr/share/locale/en_GB/LC_MESSAGES/calendarjanitor.mo
-- Installing: /home/omen/GITHUB/PLASMA_WORLD/AthOS/REPO-AthOS/akonadi-calendar-tools/package-akonadi-calendar-tools/usr/share/locale/en_GB/LC_MESSAGES/konsolekalendar.mo
-- Installing: /home/omen/GITHUB/PLASMA_WORLD/AthOS/REPO-AthOS/akonadi-calendar-tools/package-akonadi-calendar-tools/usr/share/locale/zh_CN
-- Installing: /home/omen/GITHUB/PLASMA_WORLD/AthOS/REPO-AthOS/akonadi-calendar-tools/package-akonadi-calendar-tools/usr/share/locale/zh_CN/LC_MESSAGES
-- Installing: /home/omen/GITHUB/PLASMA_WORLD/AthOS/REPO-AthOS/akonadi-calendar-tools/package-akonadi-calendar-tools/usr/share/locale/zh_CN/LC_MESSAGES/calendarjanitor.mo
-- Installing: /home/omen/GITHUB/PLASMA_WORLD/AthOS/REPO-AthOS/akonadi-calendar-tools/package-akonadi-calendar-tools/usr/share/locale/zh_CN/LC_MESSAGES/konsolekalendar.mo
-- Installing: /home/omen/GITHUB/PLASMA_WORLD/AthOS/REPO-AthOS/akonadi-calendar-tools/package-akonadi-calendar-tools/usr/share/locale/nl
-- Installing: /home/omen/GITHUB/PLASMA_WORLD/AthOS/REPO-AthOS/akonadi-calendar-tools/package-akonadi-calendar-tools/usr/share/locale/nl/LC_MESSAGES
-- Installing: /home/omen/GITHUB/PLASMA_WORLD/AthOS/REPO-AthOS/akonadi-calendar-tools/package-akonadi-calendar-tools/usr/share/locale/nl/LC_MESSAGES/calendarjanitor.mo
-- Installing: /home/omen/GITHUB/PLASMA_WORLD/AthOS/REPO-AthOS/akonadi-calendar-tools/package-akonadi-calendar-tools/usr/share/locale/nl/LC_MESSAGES/konsolekalendar.mo
-- Installing: /home/omen/GITHUB/PLASMA_WORLD/AthOS/REPO-AthOS/akonadi-calendar-tools/package-akonadi-calendar-tools/usr/share/locale/sa
-- Installing: /home/omen/GITHUB/PLASMA_WORLD/AthOS/REPO-AthOS/akonadi-calendar-tools/package-akonadi-calendar-tools/usr/share/locale/sa/LC_MESSAGES
-- Installing: /home/omen/GITHUB/PLASMA_WORLD/AthOS/REPO-AthOS/akonadi-calendar-tools/package-akonadi-calendar-tools/usr/share/locale/sa/LC_MESSAGES/calendarjanitor.mo
-- Installing: /home/omen/GITHUB/PLASMA_WORLD/AthOS/REPO-AthOS/akonadi-calendar-tools/package-akonadi-calendar-tools/usr/share/locale/sa/LC_MESSAGES/konsolekalendar.mo
-- Installing: /home/omen/GITHUB/PLASMA_WORLD/AthOS/REPO-AthOS/akonadi-calendar-tools/package-akonadi-calendar-tools/usr/share/locale/fi
-- Installing: /home/omen/GITHUB/PLASMA_WORLD/AthOS/REPO-AthOS/akonadi-calendar-tools/package-akonadi-calendar-tools/usr/share/locale/fi/LC_MESSAGES
-- Installing: /home/omen/GITHUB/PLASMA_WORLD/AthOS/REPO-AthOS/akonadi-calendar-tools/package-akonadi-calendar-tools/usr/share/locale/fi/LC_MESSAGES/calendarjanitor.mo
-- Installing: /home/omen/GITHUB/PLASMA_WORLD/AthOS/REPO-AthOS/akonadi-calendar-tools/package-akonadi-calendar-tools/usr/share/locale/fi/LC_MESSAGES/konsolekalendar.mo
-- Installing: /home/omen/GITHUB/PLASMA_WORLD/AthOS/REPO-AthOS/akonadi-calendar-tools/package-akonadi-calendar-tools/usr/share/locale/uz@cyrillic
-- Installing: /home/omen/GITHUB/PLASMA_WORLD/AthOS/REPO-AthOS/akonadi-calendar-tools/package-akonadi-calendar-tools/usr/share/locale/uz@cyrillic/LC_MESSAGES
-- Installing: /home/omen/GITHUB/PLASMA_WORLD/AthOS/REPO-AthOS/akonadi-calendar-tools/package-akonadi-calendar-tools/usr/share/locale/uz@cyrillic/LC_MESSAGES/konsolekalendar.mo
-- Installing: /home/omen/GITHUB/PLASMA_WORLD/AthOS/REPO-AthOS/akonadi-calendar-tools/package-akonadi-calendar-tools/usr/share/locale/ko
-- Installing: /home/omen/GITHUB/PLASMA_WORLD/AthOS/REPO-AthOS/akonadi-calendar-tools/package-akonadi-calendar-tools/usr/share/locale/ko/LC_MESSAGES
-- Installing: /home/omen/GITHUB/PLASMA_WORLD/AthOS/REPO-AthOS/akonadi-calendar-tools/package-akonadi-calendar-tools/usr/share/locale/ko/LC_MESSAGES/calendarjanitor.mo
-- Installing: /home/omen/GITHUB/PLASMA_WORLD/AthOS/REPO-AthOS/akonadi-calendar-tools/package-akonadi-calendar-tools/usr/share/locale/ko/LC_MESSAGES/konsolekalendar.mo
-- Installing: /home/omen/GITHUB/PLASMA_WORLD/AthOS/REPO-AthOS/akonadi-calendar-tools/package-akonadi-calendar-tools/usr/share/locale/mk
-- Installing: /home/omen/GITHUB/PLASMA_WORLD/AthOS/REPO-AthOS/akonadi-calendar-tools/package-akonadi-calendar-tools/usr/share/locale/mk/LC_MESSAGES
-- Installing: /home/omen/GITHUB/PLASMA_WORLD/AthOS/REPO-AthOS/akonadi-calendar-tools/package-akonadi-calendar-tools/usr/share/locale/mk/LC_MESSAGES/konsolekalendar.mo
-- Installing: /home/omen/GITHUB/PLASMA_WORLD/AthOS/REPO-AthOS/akonadi-calendar-tools/package-akonadi-calendar-tools/usr/share/locale/ru
-- Installing: /home/omen/GITHUB/PLASMA_WORLD/AthOS/REPO-AthOS/akonadi-calendar-tools/package-akonadi-calendar-tools/usr/share/locale/ru/LC_MESSAGES
-- Installing: /home/omen/GITHUB/PLASMA_WORLD/AthOS/REPO-AthOS/akonadi-calendar-tools/package-akonadi-calendar-tools/usr/share/locale/ru/LC_MESSAGES/calendarjanitor.mo
-- Installing: /home/omen/GITHUB/PLASMA_WORLD/AthOS/REPO-AthOS/akonadi-calendar-tools/package-akonadi-calendar-tools/usr/share/locale/ru/LC_MESSAGES/konsolekalendar.mo
-- Installing: /home/omen/GITHUB/PLASMA_WORLD/AthOS/REPO-AthOS/akonadi-calendar-tools/package-akonadi-calendar-tools/usr/share/locale/lv
-- Installing: /home/omen/GITHUB/PLASMA_WORLD/AthOS/REPO-AthOS/akonadi-calendar-tools/package-akonadi-calendar-tools/usr/share/locale/lv/LC_MESSAGES
-- Installing: /home/omen/GITHUB/PLASMA_WORLD/AthOS/REPO-AthOS/akonadi-calendar-tools/package-akonadi-calendar-tools/usr/share/locale/lv/LC_MESSAGES/calendarjanitor.mo
-- Installing: /home/omen/GITHUB/PLASMA_WORLD/AthOS/REPO-AthOS/akonadi-calendar-tools/package-akonadi-calendar-tools/usr/share/locale/lv/LC_MESSAGES/konsolekalendar.mo
-- Installing: /home/omen/GITHUB/PLASMA_WORLD/AthOS/REPO-AthOS/akonadi-calendar-tools/package-akonadi-calendar-tools/usr/share/locale/hne
-- Installing: /home/omen/GITHUB/PLASMA_WORLD/AthOS/REPO-AthOS/akonadi-calendar-tools/package-akonadi-calendar-tools/usr/share/locale/hne/LC_MESSAGES
-- Installing: /home/omen/GITHUB/PLASMA_WORLD/AthOS/REPO-AthOS/akonadi-calendar-tools/package-akonadi-calendar-tools/usr/share/locale/hne/LC_MESSAGES/konsolekalendar.mo
-- Installing: /home/omen/GITHUB/PLASMA_WORLD/AthOS/REPO-AthOS/akonadi-calendar-tools/package-akonadi-calendar-tools/usr/share/locale/ca@valencia
-- Installing: /home/omen/GITHUB/PLASMA_WORLD/AthOS/REPO-AthOS/akonadi-calendar-tools/package-akonadi-calendar-tools/usr/share/locale/ca@valencia/LC_MESSAGES
-- Installing: /home/omen/GITHUB/PLASMA_WORLD/AthOS/REPO-AthOS/akonadi-calendar-tools/package-akonadi-calendar-tools/usr/share/locale/ca@valencia/LC_MESSAGES/calendarjanitor.mo
-- Installing: /home/omen/GITHUB/PLASMA_WORLD/AthOS/REPO-AthOS/akonadi-calendar-tools/package-akonadi-calendar-tools/usr/share/locale/ca@valencia/LC_MESSAGES/konsolekalendar.mo
-- Installing: /home/omen/GITHUB/PLASMA_WORLD/AthOS/REPO-AthOS/akonadi-calendar-tools/package-akonadi-calendar-tools/usr/share/locale/nb
-- Installing: /home/omen/GITHUB/PLASMA_WORLD/AthOS/REPO-AthOS/akonadi-calendar-tools/package-akonadi-calendar-tools/usr/share/locale/nb/LC_MESSAGES
-- Installing: /home/omen/GITHUB/PLASMA_WORLD/AthOS/REPO-AthOS/akonadi-calendar-tools/package-akonadi-calendar-tools/usr/share/locale/nb/LC_MESSAGES/calendarjanitor.mo
-- Installing: /home/omen/GITHUB/PLASMA_WORLD/AthOS/REPO-AthOS/akonadi-calendar-tools/package-akonadi-calendar-tools/usr/share/locale/nb/LC_MESSAGES/konsolekalendar.mo
-- Installing: /home/omen/GITHUB/PLASMA_WORLD/AthOS/REPO-AthOS/akonadi-calendar-tools/package-akonadi-calendar-tools/usr/share/locale/es
-- Installing: /home/omen/GITHUB/PLASMA_WORLD/AthOS/REPO-AthOS/akonadi-calendar-tools/package-akonadi-calendar-tools/usr/share/locale/es/LC_MESSAGES
-- Installing: /home/omen/GITHUB/PLASMA_WORLD/AthOS/REPO-AthOS/akonadi-calendar-tools/package-akonadi-calendar-tools/usr/share/locale/es/LC_MESSAGES/calendarjanitor.mo
-- Installing: /home/omen/GITHUB/PLASMA_WORLD/AthOS/REPO-AthOS/akonadi-calendar-tools/package-akonadi-calendar-tools/usr/share/locale/es/LC_MESSAGES/konsolekalendar.mo
-- Installing: /home/omen/GITHUB/PLASMA_WORLD/AthOS/REPO-AthOS/akonadi-calendar-tools/package-akonadi-calendar-tools/usr/share/locale/eu
-- Installing: /home/omen/GITHUB/PLASMA_WORLD/AthOS/REPO-AthOS/akonadi-calendar-tools/package-akonadi-calendar-tools/usr/share/locale/eu/LC_MESSAGES
-- Installing: /home/omen/GITHUB/PLASMA_WORLD/AthOS/REPO-AthOS/akonadi-calendar-tools/package-akonadi-calendar-tools/usr/share/locale/eu/LC_MESSAGES/calendarjanitor.mo
-- Installing: /home/omen/GITHUB/PLASMA_WORLD/AthOS/REPO-AthOS/akonadi-calendar-tools/package-akonadi-calendar-tools/usr/share/locale/eu/LC_MESSAGES/konsolekalendar.mo
-- Installing: /home/omen/GITHUB/PLASMA_WORLD/AthOS/REPO-AthOS/akonadi-calendar-tools/package-akonadi-calendar-tools/usr/share/locale/et
-- Installing: /home/omen/GITHUB/PLASMA_WORLD/AthOS/REPO-AthOS/akonadi-calendar-tools/package-akonadi-calendar-tools/usr/share/locale/et/LC_MESSAGES
-- Installing: /home/omen/GITHUB/PLASMA_WORLD/AthOS/REPO-AthOS/akonadi-calendar-tools/package-akonadi-calendar-tools/usr/share/locale/et/LC_MESSAGES/calendarjanitor.mo
-- Installing: /home/omen/GITHUB/PLASMA_WORLD/AthOS/REPO-AthOS/akonadi-calendar-tools/package-akonadi-calendar-tools/usr/share/locale/et/LC_MESSAGES/konsolekalendar.mo
-- Installing: /home/omen/GITHUB/PLASMA_WORLD/AthOS/REPO-AthOS/akonadi-calendar-tools/package-akonadi-calendar-tools/usr/share/locale/it
-- Installing: /home/omen/GITHUB/PLASMA_WORLD/AthOS/REPO-AthOS/akonadi-calendar-tools/package-akonadi-calendar-tools/usr/share/locale/it/LC_MESSAGES
-- Installing: /home/omen/GITHUB/PLASMA_WORLD/AthOS/REPO-AthOS/akonadi-calendar-tools/package-akonadi-calendar-tools/usr/share/locale/it/LC_MESSAGES/calendarjanitor.mo
-- Installing: /home/omen/GITHUB/PLASMA_WORLD/AthOS/REPO-AthOS/akonadi-calendar-tools/package-akonadi-calendar-tools/usr/share/locale/it/LC_MESSAGES/konsolekalendar.mo
-- Installing: /home/omen/GITHUB/PLASMA_WORLD/AthOS/REPO-AthOS/akonadi-calendar-tools/package-akonadi-calendar-tools/usr/share/locale/se
-- Installing: /home/omen/GITHUB/PLASMA_WORLD/AthOS/REPO-AthOS/akonadi-calendar-tools/package-akonadi-calendar-tools/usr/share/locale/se/LC_MESSAGES
-- Installing: /home/omen/GITHUB/PLASMA_WORLD/AthOS/REPO-AthOS/akonadi-calendar-tools/package-akonadi-calendar-tools/usr/share/locale/se/LC_MESSAGES/konsolekalendar.mo
-- Installing: /home/omen/GITHUB/PLASMA_WORLD/AthOS/REPO-AthOS/akonadi-calendar-tools/package-akonadi-calendar-tools/usr/share/locale/ar
-- Installing: /home/omen/GITHUB/PLASMA_WORLD/AthOS/REPO-AthOS/akonadi-calendar-tools/package-akonadi-calendar-tools/usr/share/locale/ar/LC_MESSAGES
-- Installing: /home/omen/GITHUB/PLASMA_WORLD/AthOS/REPO-AthOS/akonadi-calendar-tools/package-akonadi-calendar-tools/usr/share/locale/ar/LC_MESSAGES/calendarjanitor.mo
-- Installing: /home/omen/GITHUB/PLASMA_WORLD/AthOS/REPO-AthOS/akonadi-calendar-tools/package-akonadi-calendar-tools/usr/share/locale/ar/LC_MESSAGES/konsolekalendar.mo
-- Installing: /home/omen/GITHUB/PLASMA_WORLD/AthOS/REPO-AthOS/akonadi-calendar-tools/package-akonadi-calendar-tools/usr/share/locale/sq
-- Installing: /home/omen/GITHUB/PLASMA_WORLD/AthOS/REPO-AthOS/akonadi-calendar-tools/package-akonadi-calendar-tools/usr/share/locale/sq/LC_MESSAGES
-- Installing: /home/omen/GITHUB/PLASMA_WORLD/AthOS/REPO-AthOS/akonadi-calendar-tools/package-akonadi-calendar-tools/usr/share/locale/sq/LC_MESSAGES/konsolekalendar.mo
-- Installing: /home/omen/GITHUB/PLASMA_WORLD/AthOS/REPO-AthOS/akonadi-calendar-tools/package-akonadi-calendar-tools/usr/share/locale/nds
-- Installing: /home/omen/GITHUB/PLASMA_WORLD/AthOS/REPO-AthOS/akonadi-calendar-tools/package-akonadi-calendar-tools/usr/share/locale/nds/LC_MESSAGES
-- Installing: /home/omen/GITHUB/PLASMA_WORLD/AthOS/REPO-AthOS/akonadi-calendar-tools/package-akonadi-calendar-tools/usr/share/locale/nds/LC_MESSAGES/calendarjanitor.mo
-- Installing: /home/omen/GITHUB/PLASMA_WORLD/AthOS/REPO-AthOS/akonadi-calendar-tools/package-akonadi-calendar-tools/usr/share/locale/nds/LC_MESSAGES/konsolekalendar.mo
-- Installing: /home/omen/GITHUB/PLASMA_WORLD/AthOS/REPO-AthOS/akonadi-calendar-tools/package-akonadi-calendar-tools/usr/share/locale/mr
-- Installing: /home/omen/GITHUB/PLASMA_WORLD/AthOS/REPO-AthOS/akonadi-calendar-tools/package-akonadi-calendar-tools/usr/share/locale/mr/LC_MESSAGES
-- Installing: /home/omen/GITHUB/PLASMA_WORLD/AthOS/REPO-AthOS/akonadi-calendar-tools/package-akonadi-calendar-tools/usr/share/locale/mr/LC_MESSAGES/konsolekalendar.mo
-- Installing: /home/omen/GITHUB/PLASMA_WORLD/AthOS/REPO-AthOS/akonadi-calendar-tools/package-akonadi-calendar-tools/usr/share/locale/ug
-- Installing: /home/omen/GITHUB/PLASMA_WORLD/AthOS/REPO-AthOS/akonadi-calendar-tools/package-akonadi-calendar-tools/usr/share/locale/ug/LC_MESSAGES
-- Installing: /home/omen/GITHUB/PLASMA_WORLD/AthOS/REPO-AthOS/akonadi-calendar-tools/package-akonadi-calendar-tools/usr/share/locale/ug/LC_MESSAGES/konsolekalendar.mo
-- Installing: /home/omen/GITHUB/PLASMA_WORLD/AthOS/REPO-AthOS/akonadi-calendar-tools/package-akonadi-calendar-tools/usr/share/locale/sk
-- Installing: /home/omen/GITHUB/PLASMA_WORLD/AthOS/REPO-AthOS/akonadi-calendar-tools/package-akonadi-calendar-tools/usr/share/locale/sk/LC_MESSAGES
-- Installing: /home/omen/GITHUB/PLASMA_WORLD/AthOS/REPO-AthOS/akonadi-calendar-tools/package-akonadi-calendar-tools/usr/share/locale/sk/LC_MESSAGES/calendarjanitor.mo
-- Installing: /home/omen/GITHUB/PLASMA_WORLD/AthOS/REPO-AthOS/akonadi-calendar-tools/package-akonadi-calendar-tools/usr/share/locale/sk/LC_MESSAGES/konsolekalendar.mo
-- Installing: /home/omen/GITHUB/PLASMA_WORLD/AthOS/REPO-AthOS/akonadi-calendar-tools/package-akonadi-calendar-tools/usr/share/locale/sv
-- Installing: /home/omen/GITHUB/PLASMA_WORLD/AthOS/REPO-AthOS/akonadi-calendar-tools/package-akonadi-calendar-tools/usr/share/locale/sv/LC_MESSAGES
-- Installing: /home/omen/GITHUB/PLASMA_WORLD/AthOS/REPO-AthOS/akonadi-calendar-tools/package-akonadi-calendar-tools/usr/share/locale/sv/LC_MESSAGES/calendarjanitor.mo
-- Installing: /home/omen/GITHUB/PLASMA_WORLD/AthOS/REPO-AthOS/akonadi-calendar-tools/package-akonadi-calendar-tools/usr/share/locale/sv/LC_MESSAGES/konsolekalendar.mo
-- Installing: /home/omen/GITHUB/PLASMA_WORLD/AthOS/REPO-AthOS/akonadi-calendar-tools/package-akonadi-calendar-tools/usr/share/doc/HTML/ca/konsolekalendar/index.cache.bz2
-- Installing: /home/omen/GITHUB/PLASMA_WORLD/AthOS/REPO-AthOS/akonadi-calendar-tools/package-akonadi-calendar-tools/usr/share/doc/HTML/ca/konsolekalendar/index.docbook
-- Installing: /home/omen/GITHUB/PLASMA_WORLD/AthOS/REPO-AthOS/akonadi-calendar-tools/package-akonadi-calendar-tools/usr/share/doc/HTML/de/konsolekalendar/index.cache.bz2
-- Installing: /home/omen/GITHUB/PLASMA_WORLD/AthOS/REPO-AthOS/akonadi-calendar-tools/package-akonadi-calendar-tools/usr/share/doc/HTML/de/konsolekalendar/index.docbook
-- Installing: /home/omen/GITHUB/PLASMA_WORLD/AthOS/REPO-AthOS/akonadi-calendar-tools/package-akonadi-calendar-tools/usr/share/doc/HTML/es/konsolekalendar/index.cache.bz2
-- Installing: /home/omen/GITHUB/PLASMA_WORLD/AthOS/REPO-AthOS/akonadi-calendar-tools/package-akonadi-calendar-tools/usr/share/doc/HTML/es/konsolekalendar/index.docbook
-- Installing: /home/omen/GITHUB/PLASMA_WORLD/AthOS/REPO-AthOS/akonadi-calendar-tools/package-akonadi-calendar-tools/usr/share/doc/HTML/et/konsolekalendar/index.cache.bz2
-- Installing: /home/omen/GITHUB/PLASMA_WORLD/AthOS/REPO-AthOS/akonadi-calendar-tools/package-akonadi-calendar-tools/usr/share/doc/HTML/et/konsolekalendar/index.docbook
-- Installing: /home/omen/GITHUB/PLASMA_WORLD/AthOS/REPO-AthOS/akonadi-calendar-tools/package-akonadi-calendar-tools/usr/share/doc/HTML/it/konsolekalendar/index.cache.bz2
-- Installing: /home/omen/GITHUB/PLASMA_WORLD/AthOS/REPO-AthOS/akonadi-calendar-tools/package-akonadi-calendar-tools/usr/share/doc/HTML/it/konsolekalendar/index.docbook
-- Installing: /home/omen/GITHUB/PLASMA_WORLD/AthOS/REPO-AthOS/akonadi-calendar-tools/package-akonadi-calendar-tools/usr/share/doc/HTML/nl/konsolekalendar/index.cache.bz2
-- Installing: /home/omen/GITHUB/PLASMA_WORLD/AthOS/REPO-AthOS/akonadi-calendar-tools/package-akonadi-calendar-tools/usr/share/doc/HTML/nl/konsolekalendar/index.docbook
-- Installing: /home/omen/GITHUB/PLASMA_WORLD/AthOS/REPO-AthOS/akonadi-calendar-tools/package-akonadi-calendar-tools/usr/share/doc/HTML/pt/konsolekalendar/index.cache.bz2
-- Installing: /home/omen/GITHUB/PLASMA_WORLD/AthOS/REPO-AthOS/akonadi-calendar-tools/package-akonadi-calendar-tools/usr/share/doc/HTML/pt/konsolekalendar/index.docbook
-- Installing: /home/omen/GITHUB/PLASMA_WORLD/AthOS/REPO-AthOS/akonadi-calendar-tools/package-akonadi-calendar-tools/usr/share/doc/HTML/pt_BR/konsolekalendar/index.cache.bz2
-- Installing: /home/omen/GITHUB/PLASMA_WORLD/AthOS/REPO-AthOS/akonadi-calendar-tools/package-akonadi-calendar-tools/usr/share/doc/HTML/pt_BR/konsolekalendar/index.docbook
-- Installing: /home/omen/GITHUB/PLASMA_WORLD/AthOS/REPO-AthOS/akonadi-calendar-tools/package-akonadi-calendar-tools/usr/share/doc/HTML/ru/konsolekalendar/index.cache.bz2
-- Installing: /home/omen/GITHUB/PLASMA_WORLD/AthOS/REPO-AthOS/akonadi-calendar-tools/package-akonadi-calendar-tools/usr/share/doc/HTML/ru/konsolekalendar/index.docbook
-- Installing: /home/omen/GITHUB/PLASMA_WORLD/AthOS/REPO-AthOS/akonadi-calendar-tools/package-akonadi-calendar-tools/usr/share/doc/HTML/sl/konsolekalendar/index.cache.bz2
-- Installing: /home/omen/GITHUB/PLASMA_WORLD/AthOS/REPO-AthOS/akonadi-calendar-tools/package-akonadi-calendar-tools/usr/share/doc/HTML/sl/konsolekalendar/index.docbook
-- Installing: /home/omen/GITHUB/PLASMA_WORLD/AthOS/REPO-AthOS/akonadi-calendar-tools/package-akonadi-calendar-tools/usr/share/doc/HTML/sv/konsolekalendar/index.cache.bz2
-- Installing: /home/omen/GITHUB/PLASMA_WORLD/AthOS/REPO-AthOS/akonadi-calendar-tools/package-akonadi-calendar-tools/usr/share/doc/HTML/sv/konsolekalendar/index.docbook
-- Installing: /home/omen/GITHUB/PLASMA_WORLD/AthOS/REPO-AthOS/akonadi-calendar-tools/package-akonadi-calendar-tools/usr/share/doc/HTML/uk/konsolekalendar/index.cache.bz2
-- Installing: /home/omen/GITHUB/PLASMA_WORLD/AthOS/REPO-AthOS/akonadi-calendar-tools/package-akonadi-calendar-tools/usr/share/doc/HTML/uk/konsolekalendar/index.docbook
The main part of source code is ready. We are moving on to preparing post install scripts, docs, license, man pages etc..
cp: cannot stat 'AUTHORS': No such file or directory
cp: cannot stat 'ChangeLog*': No such file or directory
cp: cannot stat 'COPYING': No such file or directory
cp: cannot stat 'CREDITS': No such file or directory
cp: cannot stat 'LICENSE': No such file or directory
cp: cannot stat 'NEWS': No such file or directory
cp: cannot stat 'README*': No such file or directory
cp: cannot stat 'docs': No such file or directory
cp: cannot stat 'DOCS': No such file or directory
grep: /home/omen/GITHUB/PLASMA_WORLD/AthOS/REPO-AthOS/akonadi-calendar-tools/akonadi-calendar-tools.info: No such file or directory
akonadi-calendar
akonadi
calendarsupport
extra-cmake-modules
kcalendarcore
kcalutils
kdoctools
libkdepim
Packaging compiled for slackware installation...
MAKEPKG_FLAGS is empty or unset, using default

Slackware package maker, version 3.14159265.

Searching for symbolic links:

No symbolic links were found, so we won't make an installation script.
You can make your own later in ./install/doinst.sh and rebuild the
package if you like.

This next step is optional - you can set the directories in your package
to some sane permissions. If any of the directories in your package have
special permissions, then DO NOT reset them here!

Would you like to reset all directory permissions to 755 (drwxr-xr-x) and
directory ownerships to root:root ([y]es, [n]o)? n


Creating Slackware package:  /tmp/akonadi-calendar-tools/akonadi-calendar-tools-25.04.1-x86_64-1_rtz.tlz

./
install/
install/doinst.sh
install/slack-desc
usr/
usr/bin/
usr/bin/calendarjanitor
usr/bin/konsolekalendar
usr/doc/
usr/doc/akonadi-calendar-tools-25.04.1/
usr/doc/akonadi-calendar-tools-25.04.1/MAINTAINERS
usr/doc/akonadi-calendar-tools-25.04.1/akonadi-calendar-tools.ini
usr/doc/akonadi-calendar-tools-25.04.1/slack-required
usr/share/
usr/share/applications/
usr/share/applications/konsolekalendar.desktop
usr/share/doc/
usr/share/doc/HTML/
usr/share/doc/HTML/ca/
usr/share/doc/HTML/ca/konsolekalendar/
usr/share/doc/HTML/ca/konsolekalendar/index.cache.bz2
usr/share/doc/HTML/ca/konsolekalendar/index.docbook
usr/share/doc/HTML/de/
usr/share/doc/HTML/de/konsolekalendar/
usr/share/doc/HTML/de/konsolekalendar/index.cache.bz2
usr/share/doc/HTML/de/konsolekalendar/index.docbook
usr/share/doc/HTML/en/
usr/share/doc/HTML/en/konsolekalendar/
usr/share/doc/HTML/en/konsolekalendar/index.cache.bz2
usr/share/doc/HTML/en/konsolekalendar/index.docbook
usr/share/doc/HTML/es/
usr/share/doc/HTML/es/konsolekalendar/
usr/share/doc/HTML/es/konsolekalendar/index.cache.bz2
usr/share/doc/HTML/es/konsolekalendar/index.docbook
usr/share/doc/HTML/et/
usr/share/doc/HTML/et/konsolekalendar/
usr/share/doc/HTML/et/konsolekalendar/index.cache.bz2
usr/share/doc/HTML/et/konsolekalendar/index.docbook
usr/share/doc/HTML/it/
usr/share/doc/HTML/it/konsolekalendar/
usr/share/doc/HTML/it/konsolekalendar/index.cache.bz2
usr/share/doc/HTML/it/konsolekalendar/index.docbook
usr/share/doc/HTML/nl/
usr/share/doc/HTML/nl/konsolekalendar/
usr/share/doc/HTML/nl/konsolekalendar/index.cache.bz2
usr/share/doc/HTML/nl/konsolekalendar/index.docbook
usr/share/doc/HTML/pt/
usr/share/doc/HTML/pt/konsolekalendar/
usr/share/doc/HTML/pt/konsolekalendar/index.cache.bz2
usr/share/doc/HTML/pt/konsolekalendar/index.docbook
usr/share/doc/HTML/pt_BR/
usr/share/doc/HTML/pt_BR/konsolekalendar/
usr/share/doc/HTML/pt_BR/konsolekalendar/index.cache.bz2
usr/share/doc/HTML/pt_BR/konsolekalendar/index.docbook
usr/share/doc/HTML/ru/
usr/share/doc/HTML/ru/konsolekalendar/
usr/share/doc/HTML/ru/konsolekalendar/index.cache.bz2
usr/share/doc/HTML/ru/konsolekalendar/index.docbook
usr/share/doc/HTML/sl/
usr/share/doc/HTML/sl/konsolekalendar/
usr/share/doc/HTML/sl/konsolekalendar/index.cache.bz2
usr/share/doc/HTML/sl/konsolekalendar/index.docbook
usr/share/doc/HTML/sv/
usr/share/doc/HTML/sv/konsolekalendar/
usr/share/doc/HTML/sv/konsolekalendar/index.cache.bz2
usr/share/doc/HTML/sv/konsolekalendar/index.docbook
usr/share/doc/HTML/uk/
usr/share/doc/HTML/uk/konsolekalendar/
usr/share/doc/HTML/uk/konsolekalendar/index.cache.bz2
usr/share/doc/HTML/uk/konsolekalendar/index.docbook
usr/share/icons/
usr/share/icons/hicolor/
usr/share/icons/hicolor/128x128/
usr/share/icons/hicolor/128x128/apps/
usr/share/icons/hicolor/128x128/apps/konsolekalendar.png
usr/share/icons/hicolor/16x16/
usr/share/icons/hicolor/16x16/apps/
usr/share/icons/hicolor/16x16/apps/konsolekalendar.png
usr/share/icons/hicolor/22x22/
usr/share/icons/hicolor/22x22/apps/
usr/share/icons/hicolor/22x22/apps/konsolekalendar.png
usr/share/icons/hicolor/32x32/
usr/share/icons/hicolor/32x32/apps/
usr/share/icons/hicolor/32x32/apps/konsolekalendar.png
usr/share/icons/hicolor/48x48/
usr/share/icons/hicolor/48x48/apps/
usr/share/icons/hicolor/48x48/apps/konsolekalendar.png
usr/share/locale/
usr/share/locale/ar/
usr/share/locale/ar/LC_MESSAGES/
usr/share/locale/ar/LC_MESSAGES/calendarjanitor.mo
usr/share/locale/ar/LC_MESSAGES/konsolekalendar.mo
usr/share/locale/ast/
usr/share/locale/ast/LC_MESSAGES/
usr/share/locale/ast/LC_MESSAGES/calendarjanitor.mo
usr/share/locale/ast/LC_MESSAGES/konsolekalendar.mo
usr/share/locale/az/
usr/share/locale/az/LC_MESSAGES/
usr/share/locale/az/LC_MESSAGES/calendarjanitor.mo
usr/share/locale/az/LC_MESSAGES/konsolekalendar.mo
usr/share/locale/be/
usr/share/locale/be/LC_MESSAGES/
usr/share/locale/be/LC_MESSAGES/konsolekalendar.mo
usr/share/locale/bg/
usr/share/locale/bg/LC_MESSAGES/
usr/share/locale/bg/LC_MESSAGES/calendarjanitor.mo
usr/share/locale/bg/LC_MESSAGES/konsolekalendar.mo
usr/share/locale/br/
usr/share/locale/br/LC_MESSAGES/
usr/share/locale/br/LC_MESSAGES/konsolekalendar.mo
usr/share/locale/bs/
usr/share/locale/bs/LC_MESSAGES/
usr/share/locale/bs/LC_MESSAGES/calendarjanitor.mo
usr/share/locale/bs/LC_MESSAGES/konsolekalendar.mo
usr/share/locale/ca/
usr/share/locale/ca/LC_MESSAGES/
usr/share/locale/ca/LC_MESSAGES/calendarjanitor.mo
usr/share/locale/ca/LC_MESSAGES/konsolekalendar.mo
usr/share/locale/ca@valencia/
usr/share/locale/ca@valencia/LC_MESSAGES/
usr/share/locale/ca@valencia/LC_MESSAGES/calendarjanitor.mo
usr/share/locale/ca@valencia/LC_MESSAGES/konsolekalendar.mo
usr/share/locale/cs/
usr/share/locale/cs/LC_MESSAGES/
usr/share/locale/cs/LC_MESSAGES/calendarjanitor.mo
usr/share/locale/cs/LC_MESSAGES/konsolekalendar.mo
usr/share/locale/cy/
usr/share/locale/cy/LC_MESSAGES/
usr/share/locale/cy/LC_MESSAGES/konsolekalendar.mo
usr/share/locale/da/
usr/share/locale/da/LC_MESSAGES/
usr/share/locale/da/LC_MESSAGES/calendarjanitor.mo
usr/share/locale/da/LC_MESSAGES/konsolekalendar.mo
usr/share/locale/de/
usr/share/locale/de/LC_MESSAGES/
usr/share/locale/de/LC_MESSAGES/calendarjanitor.mo
usr/share/locale/de/LC_MESSAGES/konsolekalendar.mo
usr/share/locale/el/
usr/share/locale/el/LC_MESSAGES/
usr/share/locale/el/LC_MESSAGES/calendarjanitor.mo
usr/share/locale/el/LC_MESSAGES/konsolekalendar.mo
usr/share/locale/en_GB/
usr/share/locale/en_GB/LC_MESSAGES/
usr/share/locale/en_GB/LC_MESSAGES/calendarjanitor.mo
usr/share/locale/en_GB/LC_MESSAGES/konsolekalendar.mo
usr/share/locale/eo/
usr/share/locale/eo/LC_MESSAGES/
usr/share/locale/eo/LC_MESSAGES/calendarjanitor.mo
usr/share/locale/eo/LC_MESSAGES/konsolekalendar.mo
usr/share/locale/es/
usr/share/locale/es/LC_MESSAGES/
usr/share/locale/es/LC_MESSAGES/calendarjanitor.mo
usr/share/locale/es/LC_MESSAGES/konsolekalendar.mo
usr/share/locale/et/
usr/share/locale/et/LC_MESSAGES/
usr/share/locale/et/LC_MESSAGES/calendarjanitor.mo
usr/share/locale/et/LC_MESSAGES/konsolekalendar.mo
usr/share/locale/eu/
usr/share/locale/eu/LC_MESSAGES/
usr/share/locale/eu/LC_MESSAGES/calendarjanitor.mo
usr/share/locale/eu/LC_MESSAGES/konsolekalendar.mo
usr/share/locale/fa/
usr/share/locale/fa/LC_MESSAGES/
usr/share/locale/fa/LC_MESSAGES/konsolekalendar.mo
usr/share/locale/fi/
usr/share/locale/fi/LC_MESSAGES/
usr/share/locale/fi/LC_MESSAGES/calendarjanitor.mo
usr/share/locale/fi/LC_MESSAGES/konsolekalendar.mo
usr/share/locale/fr/
usr/share/locale/fr/LC_MESSAGES/
usr/share/locale/fr/LC_MESSAGES/calendarjanitor.mo
usr/share/locale/fr/LC_MESSAGES/konsolekalendar.mo
usr/share/locale/fy/
usr/share/locale/fy/LC_MESSAGES/
usr/share/locale/fy/LC_MESSAGES/konsolekalendar.mo
usr/share/locale/ga/
usr/share/locale/ga/LC_MESSAGES/
usr/share/locale/ga/LC_MESSAGES/konsolekalendar.mo
usr/share/locale/gl/
usr/share/locale/gl/LC_MESSAGES/
usr/share/locale/gl/LC_MESSAGES/calendarjanitor.mo
usr/share/locale/gl/LC_MESSAGES/konsolekalendar.mo
usr/share/locale/he/
usr/share/locale/he/LC_MESSAGES/
usr/share/locale/he/LC_MESSAGES/calendarjanitor.mo
usr/share/locale/he/LC_MESSAGES/konsolekalendar.mo
usr/share/locale/hi/
usr/share/locale/hi/LC_MESSAGES/
usr/share/locale/hi/LC_MESSAGES/calendarjanitor.mo
usr/share/locale/hi/LC_MESSAGES/konsolekalendar.mo
usr/share/locale/hne/
usr/share/locale/hne/LC_MESSAGES/
usr/share/locale/hne/LC_MESSAGES/konsolekalendar.mo
usr/share/locale/hr/
usr/share/locale/hr/LC_MESSAGES/
usr/share/locale/hr/LC_MESSAGES/konsolekalendar.mo
usr/share/locale/hu/
usr/share/locale/hu/LC_MESSAGES/
usr/share/locale/hu/LC_MESSAGES/calendarjanitor.mo
usr/share/locale/hu/LC_MESSAGES/konsolekalendar.mo
usr/share/locale/ia/
usr/share/locale/ia/LC_MESSAGES/
usr/share/locale/ia/LC_MESSAGES/calendarjanitor.mo
usr/share/locale/ia/LC_MESSAGES/konsolekalendar.mo
usr/share/locale/id/
usr/share/locale/id/LC_MESSAGES/
usr/share/locale/id/LC_MESSAGES/calendarjanitor.mo
usr/share/locale/id/LC_MESSAGES/konsolekalendar.mo
usr/share/locale/is/
usr/share/locale/is/LC_MESSAGES/
usr/share/locale/is/LC_MESSAGES/konsolekalendar.mo
usr/share/locale/it/
usr/share/locale/it/LC_MESSAGES/
usr/share/locale/it/LC_MESSAGES/calendarjanitor.mo
usr/share/locale/it/LC_MESSAGES/konsolekalendar.mo
usr/share/locale/ja/
usr/share/locale/ja/LC_MESSAGES/
usr/share/locale/ja/LC_MESSAGES/calendarjanitor.mo
usr/share/locale/ja/LC_MESSAGES/konsolekalendar.mo
usr/share/locale/ka/
usr/share/locale/ka/LC_MESSAGES/
usr/share/locale/ka/LC_MESSAGES/calendarjanitor.mo
usr/share/locale/ka/LC_MESSAGES/konsolekalendar.mo
usr/share/locale/kk/
usr/share/locale/kk/LC_MESSAGES/
usr/share/locale/kk/LC_MESSAGES/calendarjanitor.mo
usr/share/locale/kk/LC_MESSAGES/konsolekalendar.mo
usr/share/locale/km/
usr/share/locale/km/LC_MESSAGES/
usr/share/locale/km/LC_MESSAGES/konsolekalendar.mo
usr/share/locale/ko/
usr/share/locale/ko/LC_MESSAGES/
usr/share/locale/ko/LC_MESSAGES/calendarjanitor.mo
usr/share/locale/ko/LC_MESSAGES/konsolekalendar.mo
usr/share/locale/lt/
usr/share/locale/lt/LC_MESSAGES/
usr/share/locale/lt/LC_MESSAGES/calendarjanitor.mo
usr/share/locale/lt/LC_MESSAGES/konsolekalendar.mo
usr/share/locale/lv/
usr/share/locale/lv/LC_MESSAGES/
usr/share/locale/lv/LC_MESSAGES/calendarjanitor.mo
usr/share/locale/lv/LC_MESSAGES/konsolekalendar.mo
usr/share/locale/mk/
usr/share/locale/mk/LC_MESSAGES/
usr/share/locale/mk/LC_MESSAGES/konsolekalendar.mo
usr/share/locale/mr/
usr/share/locale/mr/LC_MESSAGES/
usr/share/locale/mr/LC_MESSAGES/konsolekalendar.mo
usr/share/locale/ms/
usr/share/locale/ms/LC_MESSAGES/
usr/share/locale/ms/LC_MESSAGES/konsolekalendar.mo
usr/share/locale/nb/
usr/share/locale/nb/LC_MESSAGES/
usr/share/locale/nb/LC_MESSAGES/calendarjanitor.mo
usr/share/locale/nb/LC_MESSAGES/konsolekalendar.mo
usr/share/locale/nds/
usr/share/locale/nds/LC_MESSAGES/
usr/share/locale/nds/LC_MESSAGES/calendarjanitor.mo
usr/share/locale/nds/LC_MESSAGES/konsolekalendar.mo
usr/share/locale/ne/
usr/share/locale/ne/LC_MESSAGES/
usr/share/locale/ne/LC_MESSAGES/konsolekalendar.mo
usr/share/locale/nl/
usr/share/locale/nl/LC_MESSAGES/
usr/share/locale/nl/LC_MESSAGES/calendarjanitor.mo
usr/share/locale/nl/LC_MESSAGES/konsolekalendar.mo
usr/share/locale/nn/
usr/share/locale/nn/LC_MESSAGES/
usr/share/locale/nn/LC_MESSAGES/konsolekalendar.mo
usr/share/locale/pa/
usr/share/locale/pa/LC_MESSAGES/
usr/share/locale/pa/LC_MESSAGES/konsolekalendar.mo
usr/share/locale/pl/
usr/share/locale/pl/LC_MESSAGES/
usr/share/locale/pl/LC_MESSAGES/calendarjanitor.mo
usr/share/locale/pl/LC_MESSAGES/konsolekalendar.mo
usr/share/locale/pt/
usr/share/locale/pt/LC_MESSAGES/
usr/share/locale/pt/LC_MESSAGES/calendarjanitor.mo
usr/share/locale/pt/LC_MESSAGES/konsolekalendar.mo
usr/share/locale/pt_BR/
usr/share/locale/pt_BR/LC_MESSAGES/
usr/share/locale/pt_BR/LC_MESSAGES/calendarjanitor.mo
usr/share/locale/pt_BR/LC_MESSAGES/konsolekalendar.mo
usr/share/locale/ro/
usr/share/locale/ro/LC_MESSAGES/
usr/share/locale/ro/LC_MESSAGES/konsolekalendar.mo
usr/share/locale/ru/
usr/share/locale/ru/LC_MESSAGES/
usr/share/locale/ru/LC_MESSAGES/calendarjanitor.mo
usr/share/locale/ru/LC_MESSAGES/konsolekalendar.mo
usr/share/locale/sa/
usr/share/locale/sa/LC_MESSAGES/
usr/share/locale/sa/LC_MESSAGES/calendarjanitor.mo
usr/share/locale/sa/LC_MESSAGES/konsolekalendar.mo
usr/share/locale/se/
usr/share/locale/se/LC_MESSAGES/
usr/share/locale/se/LC_MESSAGES/konsolekalendar.mo
usr/share/locale/sk/
usr/share/locale/sk/LC_MESSAGES/
usr/share/locale/sk/LC_MESSAGES/calendarjanitor.mo
usr/share/locale/sk/LC_MESSAGES/konsolekalendar.mo
usr/share/locale/sl/
usr/share/locale/sl/LC_MESSAGES/
usr/share/locale/sl/LC_MESSAGES/calendarjanitor.mo
usr/share/locale/sl/LC_MESSAGES/konsolekalendar.mo
usr/share/locale/sq/
usr/share/locale/sq/LC_MESSAGES/
usr/share/locale/sq/LC_MESSAGES/konsolekalendar.mo
usr/share/locale/sv/
usr/share/locale/sv/LC_MESSAGES/
usr/share/locale/sv/LC_MESSAGES/calendarjanitor.mo
usr/share/locale/sv/LC_MESSAGES/konsolekalendar.mo
usr/share/locale/ta/
usr/share/locale/ta/LC_MESSAGES/
usr/share/locale/ta/LC_MESSAGES/calendarjanitor.mo
usr/share/locale/ta/LC_MESSAGES/konsolekalendar.mo
usr/share/locale/tg/
usr/share/locale/tg/LC_MESSAGES/
usr/share/locale/tg/LC_MESSAGES/konsolekalendar.mo
usr/share/locale/tr/
usr/share/locale/tr/LC_MESSAGES/
usr/share/locale/tr/LC_MESSAGES/calendarjanitor.mo
usr/share/locale/tr/LC_MESSAGES/konsolekalendar.mo
usr/share/locale/ug/
usr/share/locale/ug/LC_MESSAGES/
usr/share/locale/ug/LC_MESSAGES/konsolekalendar.mo
usr/share/locale/uk/
usr/share/locale/uk/LC_MESSAGES/
usr/share/locale/uk/LC_MESSAGES/calendarjanitor.mo
usr/share/locale/uk/LC_MESSAGES/konsolekalendar.mo
usr/share/locale/uz/
usr/share/locale/uz/LC_MESSAGES/
usr/share/locale/uz/LC_MESSAGES/konsolekalendar.mo
usr/share/locale/uz@cyrillic/
usr/share/locale/uz@cyrillic/LC_MESSAGES/
usr/share/locale/uz@cyrillic/LC_MESSAGES/konsolekalendar.mo
usr/share/locale/xh/
usr/share/locale/xh/LC_MESSAGES/
usr/share/locale/xh/LC_MESSAGES/konsolekalendar.mo
usr/share/locale/zh_CN/
usr/share/locale/zh_CN/LC_MESSAGES/
usr/share/locale/zh_CN/LC_MESSAGES/calendarjanitor.mo
usr/share/locale/zh_CN/LC_MESSAGES/konsolekalendar.mo
usr/share/locale/zh_TW/
usr/share/locale/zh_TW/LC_MESSAGES/
usr/share/locale/zh_TW/LC_MESSAGES/calendarjanitor.mo
usr/share/locale/zh_TW/LC_MESSAGES/konsolekalendar.mo
usr/share/qlogging-categories6/
usr/share/qlogging-categories6/console.categories
usr/share/qlogging-categories6/console.renamecategories

Slackware package /tmp/akonadi-calendar-tools/akonadi-calendar-tools-25.04.1-x86_64-1_rtz.tlz created.

Create shared object file for akonadi-calendar-tools-25.04.1-x86_64-1_rtz.tlz
Creating /tmp/akonadi-calendar-tools/akonadi-calendar-tools-25.04.1-x86_64-1_rtz.tlz.so.file using /tmp/akonadi-calendar-tools/akonadi-calendar-tools-25.04.1-x86_64-1_rtz.tlz
Successfully created /tmp/akonadi-calendar-tools/akonadi-calendar-tools-25.04.1-x86_64-1_rtz.tlz.so.file
Packaging of executable and meta-data in akonadi-calendar-tools.tar.lz4 format.
/tmp/akonadi-calendar-tools /tmp/akonadi-calendar-tools
/tmp/akonadi-calendar-tools
BIN_NAME
README
akonadi-calendar-tools-25.04.1-x86_64-1_rtz.tlz
akonadi-calendar-tools-25.04.1-x86_64-1_rtz.tlz.md5
akonadi-calendar-tools-25.04.1-x86_64-1_rtz.tlz.so.file
akonadi-calendar-tools-25.04.1-x86_64-1_rtz.tlz.txt
akonadi-calendar-tools.dep
makepkg-akonadi-calendar-tools.log
akonadi-calendar-tools build finished. Procced to installation...

+=================================================================================================================================================+
| Upgrading akonadi-calendar-tools-25.04.1-x86_64-1_rtz package using /tmp/akonadi-calendar-tools/akonadi-calendar-tools-25.04.1-x86_64-1_rtz.tlz |
+=================================================================================================================================================+

Pre-installing package akonadi-calendar-tools-25.04.1-x86_64-1_rtz...
Removing package: akonadi-calendar-tools-25.04.1-x86_64-1_rtz-upgraded-2025-05-11,02:36:26
Installing package akonadi-calendar-tools-25.04.1-x86_64-1_rtz.tlz:
PACKAGE DESCRIPTION:
# akonadi-calendar-tools (CLI tools to manage akonadi calendars)
#
# CLI tools to manage akonadi calendars
#
# https://kontact.kde.org/
Executing install script for akonadi-calendar-tools-25.04.1-x86_64-1_rtz.tlz.
Font directories:
	/usr/share/fonts
/usr/share/fonts: caching, new cache contents: 0 fonts, 11 dirs
/usr/share/fonts/100dpi: caching, new cache contents: 238 fonts, 0 dirs
/usr/share/fonts/75dpi: caching, new cache contents: 238 fonts, 0 dirs
/usr/share/fonts/OTF: caching, new cache contents: 124 fonts, 0 dirs
/usr/share/fonts/Speedo: caching, new cache contents: 0 fonts, 0 dirs
/usr/share/fonts/TTF: caching, new cache contents: 1132 fonts, 0 dirs
/usr/share/fonts/Type1: caching, new cache contents: 64 fonts, 0 dirs
/usr/share/fonts/cyrillic: caching, new cache contents: 0 fonts, 0 dirs
/usr/share/fonts/encodings: caching, new cache contents: 0 fonts, 1 dirs
/usr/share/fonts/encodings/large: caching, new cache contents: 0 fonts, 0 dirs
/usr/share/fonts/kanjistrokeorders: caching, new cache contents: 1 fonts, 0 dirs
/usr/share/fonts/misc: caching, new cache contents: 143 fonts, 0 dirs
/usr/share/fonts/util: caching, new cache contents: 0 fonts, 0 dirs
/var/cache/fontconfig: cleaning cache directory
/root/.cache/fontconfig: not cleaning non-existent cache directory
/root/.fontconfig: not cleaning non-existent cache directory
/usr/bin/fc-cache: succeeded
Package akonadi-calendar-tools-25.04.1-x86_64-1_rtz.tlz installed.
Package akonadi-calendar-tools-25.04.1-x86_64-1_rtz upgraded with new package /tmp/akonadi-calendar-tools/akonadi-calendar-tools-25.04.1-x86_64-1_rtz.tlz.
Cleaning environmet: Removing source code, and work-space...
rm: cannot remove 'akonadi-calendar-tools-25.04.1.tar.xz': No such file or directory
Build process completed in 0 minutes and 15 seconds.
