[32mStarting build process...[0m
Detected architecture: x86_64
Required dependencies: kirigami	kirigami-addons	qqc2-desktop-style	vlc	baloo	extra-cmake-modules	kcmutils	kconfig	kconfigwidgets	kcoreaddons	kcrash	kdbusaddons	kdeclarative	kdoctools	kfilemetadata	ki18n	kio	kirigami-addons	kpackage	kxmlgui	qqc2-desktop-style
kirigami is already installed!
kirigami-addons is already installed!
qqc2-desktop-style is already installed!
vlc is already installed!
baloo is already installed!
extra-cmake-modules is already installed!
kcmutils is already installed!
kconfig is already installed!
kconfigwidgets is already installed!
kcoreaddons is already installed!
kcrash is already installed!
kdbusaddons is already installed!
kdeclarative is already installed!
kdoctools is already installed!
kfilemetadata is already installed!
ki18n is already installed!
kio is already installed!
kirigami-addons is already installed!
kpackage is already installed!
kxmlgui is already installed!
qqc2-desktop-style is already installed!
No optional dependencies found.
Downloading source code tar.xz file
--2025-05-28 19:45:42--  https://download.kde.org/stable/release-service/25.04.1/src/elisa-25.04.1.tar.xz
Resolving download.kde.org (download.kde.org)... 49.12.122.15, 2a01:4f8:242:53eb::4
Connecting to download.kde.org (download.kde.org)|49.12.122.15|:443... connected.
HTTP request sent, awaiting response... 302 Found
Location: https://ftp.cc.uoc.gr/mirrors/kde/stable/release-service/25.04.1/src/elisa-25.04.1.tar.xz [following]
--2025-05-28 19:45:42--  https://ftp.cc.uoc.gr/mirrors/kde/stable/release-service/25.04.1/src/elisa-25.04.1.tar.xz
Resolving ftp.cc.uoc.gr (ftp.cc.uoc.gr)... 147.52.159.50, 2001:648:2c00:6c08::2
Connecting to ftp.cc.uoc.gr (ftp.cc.uoc.gr)|147.52.159.50|:443... connected.
HTTP request sent, awaiting response... 200 OK
Length: 1488172 (1.4M) [application/octet-stream]
Saving to: ‘elisa-25.04.1.tar.xz’

     0K .......... .......... .......... .......... ..........  3% 1.33M 1s
    50K .......... .......... .......... .......... ..........  6% 1.47M 1s
   100K .......... .......... .......... .......... .......... 10% 6.72M 1s
   150K .......... .......... .......... .......... .......... 13% 2.02M 1s
   200K .......... .......... .......... .......... .......... 17% 4.97M 1s
   250K .......... .......... .......... .......... .......... 20% 6.68M 0s
   300K .......... .......... .......... .......... .......... 24% 6.30M 0s
   350K .......... .......... .......... .......... .......... 27%  572K 1s
   400K .......... .......... .......... .......... .......... 30%  313M 0s
   450K .......... .......... .......... .......... .......... 34%  303M 0s
   500K .......... .......... .......... .......... .......... 37%  303M 0s
   550K .......... .......... .......... .......... .......... 41%  271M 0s
   600K .......... .......... .......... .......... .......... 44%  575M 0s
   650K .......... .......... .......... .......... .......... 48%  601M 0s
   700K .......... .......... .......... .......... .......... 51% 36.1M 0s
   750K .......... .......... .......... .......... .......... 55%  163M 0s
   800K .......... .......... .......... .......... .......... 58% 21.5M 0s
   850K .......... .......... .......... .......... .......... 61% 6.65M 0s
   900K .......... .......... .......... .......... .......... 65% 5.01M 0s
   950K .......... .......... .......... .......... .......... 68% 6.97M 0s
  1000K .......... .......... .......... .......... .......... 72% 5.30M 0s
  1050K .......... .......... .......... .......... .......... 75% 6.71M 0s
  1100K .......... .......... .......... .......... .......... 79% 4.79M 0s
  1150K .......... .......... .......... .......... .......... 82% 3.45M 0s
  1200K .......... .......... .......... .......... .......... 86% 6.46M 0s
  1250K .......... .......... .......... .......... .......... 89% 5.01M 0s
  1300K .......... .......... .......... .......... .......... 92% 5.27M 0s
  1350K .......... .......... .......... .......... .......... 96% 4.72M 0s
  1400K .......... .......... .......... .......... .......... 99% 7.45M 0s
  1450K ...                                                   100% 6.13T=0.3s

2025-05-28 19:45:42 (4.35 MB/s) - ‘elisa-25.04.1.tar.xz’ saved [1488172/1488172]

Found file: elisa-25.04.1.tar.xz
No checksum provided. Skipping checksum verification and proceeding...
Creating working directories and exporting source code in...
elisa-25.04.1/
elisa-25.04.1/cmake/
elisa-25.04.1/cmake/FindLIBVLC.cmake
elisa-25.04.1/icons/
elisa-25.04.1/icons/310-apps-elisa.png
elisa-25.04.1/icons/elisa.svg.license
elisa-25.04.1/icons/sc-apps-elisa.svg
elisa-25.04.1/icons/128-apps-elisa.png.license
elisa-25.04.1/icons/16-apps-elisa.png.license
elisa-25.04.1/icons/48-apps-elisa.png.license
elisa-25.04.1/icons/32-apps-elisa.png
elisa-25.04.1/icons/48-apps-elisa.png
elisa-25.04.1/icons/44-apps-elisa.png
elisa-25.04.1/icons/22-apps-elisa.png
elisa-25.04.1/icons/44-apps-elisa.png.license
elisa-25.04.1/icons/32-apps-elisa.png.license
elisa-25.04.1/icons/150-apps-elisa.png.license
elisa-25.04.1/icons/128-apps-elisa.png
elisa-25.04.1/icons/150-apps-elisa.png
elisa-25.04.1/icons/elisa.svg
elisa-25.04.1/icons/22-apps-elisa.png.license
elisa-25.04.1/icons/64-apps-elisa.png.license
elisa-25.04.1/icons/sc-apps-elisa.svg.license
elisa-25.04.1/icons/64-apps-elisa.png
elisa-25.04.1/icons/CMakeLists.txt
elisa-25.04.1/icons/16-apps-elisa.png
elisa-25.04.1/icons/310-apps-elisa.png.license
elisa-25.04.1/README.md
elisa-25.04.1/elisa.categories
elisa-25.04.1/CMakePresets.json.license
elisa-25.04.1/CMakePresets.json
elisa-25.04.1/REUSE.toml
elisa-25.04.1/LICENSES/
elisa-25.04.1/LICENSES/BSD-2-Clause.txt
elisa-25.04.1/LICENSES/LGPL-3.0-or-later.txt
elisa-25.04.1/LICENSES/GPL-3.0-or-later.txt
elisa-25.04.1/LICENSES/BSD-3-Clause.txt
elisa-25.04.1/LICENSES/LGPL-3.0-only.txt
elisa-25.04.1/LICENSES/LGPL-2.1-only.txt
elisa-25.04.1/LICENSES/CC0-1.0.txt
elisa-25.04.1/LICENSES/LicenseRef-KDE-Accepted-LGPL.txt
elisa-25.04.1/README.packagers
elisa-25.04.1/.gitlab/
elisa-25.04.1/.gitlab/merge_request_templates/
elisa-25.04.1/.gitlab/merge_request_templates/Default.md
elisa-25.04.1/org.kde.elisa.desktop.cmake.license
elisa-25.04.1/.gitlab-ci.yml
elisa-25.04.1/logo.png
elisa-25.04.1/elisa.categories.license
elisa-25.04.1/android/
elisa-25.04.1/android/ic_launcher-playstore.png
elisa-25.04.1/android/gradle.properties
elisa-25.04.1/android/build.gradle
elisa-25.04.1/android/AndroidManifest.xml
elisa-25.04.1/android/version.gradle.in
elisa-25.04.1/android/res/
elisa-25.04.1/android/res/mipmap-xhdpi/
elisa-25.04.1/android/res/mipmap-xhdpi/ic_launcher_background.png
elisa-25.04.1/android/res/mipmap-xhdpi/ic_launcher_monochrome.png
elisa-25.04.1/android/res/mipmap-xhdpi/ic_launcher.png
elisa-25.04.1/android/res/mipmap-xhdpi/ic_launcher_foreground.png
elisa-25.04.1/android/res/mipmap-mdpi/
elisa-25.04.1/android/res/mipmap-mdpi/ic_launcher_background.png
elisa-25.04.1/android/res/mipmap-mdpi/ic_launcher_monochrome.png
elisa-25.04.1/android/res/mipmap-mdpi/ic_launcher.png
elisa-25.04.1/android/res/mipmap-mdpi/ic_launcher_foreground.png
elisa-25.04.1/android/res/drawable/
elisa-25.04.1/android/res/drawable/vendor_logo.png
elisa-25.04.1/android/res/drawable/splash.xml
elisa-25.04.1/android/res/mipmap-hdpi/
elisa-25.04.1/android/res/mipmap-hdpi/ic_launcher_background.png
elisa-25.04.1/android/res/mipmap-hdpi/ic_launcher_monochrome.png
elisa-25.04.1/android/res/mipmap-hdpi/ic_launcher.png
elisa-25.04.1/android/res/mipmap-hdpi/ic_launcher_foreground.png
elisa-25.04.1/android/res/mipmap-anydpi-v26/
elisa-25.04.1/android/res/mipmap-anydpi-v26/ic_launcher.xml
elisa-25.04.1/android/res/mipmap-xxxhdpi/
elisa-25.04.1/android/res/mipmap-xxxhdpi/ic_launcher_background.png
elisa-25.04.1/android/res/mipmap-xxxhdpi/ic_launcher_monochrome.png
elisa-25.04.1/android/res/mipmap-xxxhdpi/ic_launcher.png
elisa-25.04.1/android/res/mipmap-xxxhdpi/ic_launcher_foreground.png
elisa-25.04.1/android/res/mipmap-xxhdpi/
elisa-25.04.1/android/res/mipmap-xxhdpi/ic_launcher_background.png
elisa-25.04.1/android/res/mipmap-xxhdpi/ic_launcher_monochrome.png
elisa-25.04.1/android/res/mipmap-xxhdpi/ic_launcher.png
elisa-25.04.1/android/res/mipmap-xxhdpi/ic_launcher_foreground.png
elisa-25.04.1/android/src/
elisa-25.04.1/android/src/org/
elisa-25.04.1/android/src/org/kde/
elisa-25.04.1/android/src/org/kde/elisa/
elisa-25.04.1/android/src/org/kde/elisa/ElisaActivity.java
elisa-25.04.1/android/src/org/kde/elisa/ElisaService.java
elisa-25.04.1/android/src/org/kde/elisa/ElisaAndroidMusicScanner.java
elisa-25.04.1/.kde-ci.yml
elisa-25.04.1/org.kde.elisa.appdata.xml
elisa-25.04.1/org.kde.elisa.desktop.cmake
elisa-25.04.1/config-upnp-qt.h.cmake
elisa-25.04.1/po/
elisa-25.04.1/po/bg/
elisa-25.04.1/po/bg/elisa.po
elisa-25.04.1/po/pt/
elisa-25.04.1/po/pt/elisa.po
elisa-25.04.1/po/nn/
elisa-25.04.1/po/nn/elisa.po
elisa-25.04.1/po/pl/
elisa-25.04.1/po/pl/elisa.po
elisa-25.04.1/po/ja/
elisa-25.04.1/po/ja/elisa.po
elisa-25.04.1/po/pa/
elisa-25.04.1/po/pa/elisa.po
elisa-25.04.1/po/bs/
elisa-25.04.1/po/bs/elisa.po
elisa-25.04.1/po/zh_CN/
elisa-25.04.1/po/zh_CN/elisa.po
elisa-25.04.1/po/cs/
elisa-25.04.1/po/cs/elisa.po
elisa-25.04.1/po/es/
elisa-25.04.1/po/es/elisa.po
elisa-25.04.1/po/ka/
elisa-25.04.1/po/ka/elisa.po
elisa-25.04.1/po/is/
elisa-25.04.1/po/is/elisa.po
elisa-25.04.1/po/tr/
elisa-25.04.1/po/tr/elisa.po
elisa-25.04.1/po/ca/
elisa-25.04.1/po/ca/elisa.po
elisa-25.04.1/po/ca@valencia/
elisa-25.04.1/po/ca@valencia/elisa.po
elisa-25.04.1/po/gl/
elisa-25.04.1/po/gl/elisa.po
elisa-25.04.1/po/ro/
elisa-25.04.1/po/ro/elisa.po
elisa-25.04.1/po/eo/
elisa-25.04.1/po/eo/elisa.po
elisa-25.04.1/po/nl/
elisa-25.04.1/po/nl/elisa.po
elisa-25.04.1/po/hu/
elisa-25.04.1/po/hu/elisa.po
elisa-25.04.1/po/eu/
elisa-25.04.1/po/eu/elisa.po
elisa-25.04.1/po/lv/
elisa-25.04.1/po/lv/elisa.po
elisa-25.04.1/po/fr/
elisa-25.04.1/po/fr/elisa.po
elisa-25.04.1/po/hi/
elisa-25.04.1/po/hi/elisa.po
elisa-25.04.1/po/sl/
elisa-25.04.1/po/sl/elisa.po
elisa-25.04.1/po/th/
elisa-25.04.1/po/th/elisa.po
elisa-25.04.1/po/ta/
elisa-25.04.1/po/ta/elisa.po
elisa-25.04.1/po/he/
elisa-25.04.1/po/he/elisa.po
elisa-25.04.1/po/de/
elisa-25.04.1/po/de/elisa.po
elisa-25.04.1/po/ar/
elisa-25.04.1/po/ar/elisa.po
elisa-25.04.1/po/sk/
elisa-25.04.1/po/sk/elisa.po
elisa-25.04.1/po/zh_TW/
elisa-25.04.1/po/zh_TW/elisa.po
elisa-25.04.1/po/et/
elisa-25.04.1/po/et/elisa.po
elisa-25.04.1/po/it/
elisa-25.04.1/po/it/elisa.po
elisa-25.04.1/po/el/
elisa-25.04.1/po/el/elisa.po
elisa-25.04.1/po/da/
elisa-25.04.1/po/da/elisa.po
elisa-25.04.1/po/pt_BR/
elisa-25.04.1/po/pt_BR/elisa.po
elisa-25.04.1/po/ru/
elisa-25.04.1/po/ru/elisa.po
elisa-25.04.1/po/id/
elisa-25.04.1/po/id/elisa.po
elisa-25.04.1/po/ia/
elisa-25.04.1/po/ia/elisa.po
elisa-25.04.1/po/sv/
elisa-25.04.1/po/sv/elisa.po
elisa-25.04.1/po/fi/
elisa-25.04.1/po/fi/elisa.po
elisa-25.04.1/po/ast/
elisa-25.04.1/po/ast/elisa.po
elisa-25.04.1/po/lt/
elisa-25.04.1/po/lt/elisa.po
elisa-25.04.1/po/be/
elisa-25.04.1/po/be/elisa.po
elisa-25.04.1/po/sa/
elisa-25.04.1/po/sa/elisa.po
elisa-25.04.1/po/ko/
elisa-25.04.1/po/ko/elisa.po
elisa-25.04.1/po/en_GB/
elisa-25.04.1/po/en_GB/elisa.po
elisa-25.04.1/po/uk/
elisa-25.04.1/po/uk/elisa.po
elisa-25.04.1/po/az/
elisa-25.04.1/po/az/elisa.po
elisa-25.04.1/logo.png.license
elisa-25.04.1/.flatpak-manifest.json
elisa-25.04.1/autotests/
elisa-25.04.1/autotests/elisaapplicationtest.cpp
elisa-25.04.1/autotests/databaseinterfacetest.cpp
elisa-25.04.1/autotests/filescannertest.cpp
elisa-25.04.1/autotests/viewsmodeltest.cpp
elisa-25.04.1/autotests/mediaplaylisttest.h
elisa-25.04.1/autotests/manageheaderbartest.h
elisa-25.04.1/autotests/samplefiles/
elisa-25.04.1/autotests/samplefiles/test.ogg.license
elisa-25.04.1/autotests/samplefiles/test.ogg
elisa-25.04.1/autotests/samplefiles/test2.ogg
elisa-25.04.1/autotests/samplefiles/test2.ogg.license
elisa-25.04.1/autotests/mediaplaylisttest.cpp
elisa-25.04.1/autotests/data/
elisa-25.04.1/autotests/data/elisaDatabase.v0.3.db
elisa-25.04.1/autotests/data/cover_art/
elisa-25.04.1/autotests/data/cover_art/artist2/
elisa-25.04.1/autotests/data/cover_art/artist2/album2/
elisa-25.04.1/autotests/data/cover_art/artist2/album2/Cover.png
elisa-25.04.1/autotests/data/cover_art/artist2/album2/Cover.png.license
elisa-25.04.1/autotests/data/cover_art/artist2/album1/
elisa-25.04.1/autotests/data/cover_art/artist2/album1/image1.png.license
elisa-25.04.1/autotests/data/cover_art/artist2/album1/image2.png.license
elisa-25.04.1/autotests/data/cover_art/artist2/album1/image2.png
elisa-25.04.1/autotests/data/cover_art/artist2/album1/image1.png
elisa-25.04.1/autotests/data/cover_art/artist2/album3/
elisa-25.04.1/autotests/data/cover_art/artist2/album3/Album3.png
elisa-25.04.1/autotests/data/cover_art/artist2/album3/Album3.png.license
elisa-25.04.1/autotests/data/cover_art/artist3/
elisa-25.04.1/autotests/data/cover_art/artist3/album2/
elisa-25.04.1/autotests/data/cover_art/artist3/album2/Front.png
elisa-25.04.1/autotests/data/cover_art/artist3/album2/Front.png.license
elisa-25.04.1/autotests/data/cover_art/artist3/album1/
elisa-25.04.1/autotests/data/cover_art/artist3/album1/front.webp.license
elisa-25.04.1/autotests/data/cover_art/artist3/album1/front.webp
elisa-25.04.1/autotests/data/cover_art/artist3/album3/
elisa-25.04.1/autotests/data/cover_art/artist3/album3/album_cover.png.license
elisa-25.04.1/autotests/data/cover_art/artist3/album3/album_cover.png
elisa-25.04.1/autotests/data/cover_art/artist1/
elisa-25.04.1/autotests/data/cover_art/artist1/album2/
elisa-25.04.1/autotests/data/cover_art/artist1/album2/album2.jpg
elisa-25.04.1/autotests/data/cover_art/artist1/album2/album2.jpg.license
elisa-25.04.1/autotests/data/cover_art/artist1/album1/
elisa-25.04.1/autotests/data/cover_art/artist1/album1/image_file.jpg.license
elisa-25.04.1/autotests/data/cover_art/artist1/album1/image_file.jpg
elisa-25.04.1/autotests/data/cover_art/artist1/album3/
elisa-25.04.1/autotests/data/cover_art/artist1/album3/abc_folder.jpg.license
elisa-25.04.1/autotests/data/cover_art/artist1/album3/folder.jpg
elisa-25.04.1/autotests/data/cover_art/artist1/album3/abc_folder.jpg
elisa-25.04.1/autotests/data/cover_art/artist1/album3/folder.jpg.license
elisa-25.04.1/autotests/data/cover_art/artist4/
elisa-25.04.1/autotests/data/cover_art/artist4/test.ogg.license
elisa-25.04.1/autotests/data/cover_art/artist4/test.ogg
elisa-25.04.1/autotests/data/cover_art/artist4/test.flac
elisa-25.04.1/autotests/data/cover_art/artist4/test.mp3.license
elisa-25.04.1/autotests/data/cover_art/artist4/test.flac.license
elisa-25.04.1/autotests/data/cover_art/artist4/test.mp3
elisa-25.04.1/autotests/data/music/
elisa-25.04.1/autotests/data/music/test.ogg.license
elisa-25.04.1/autotests/data/music/test.ogg
elisa-25.04.1/autotests/data/music/test.m4a
elisa-25.04.1/autotests/data/music/cover.jpg
elisa-25.04.1/autotests/data/music/testMultiple.ogg
elisa-25.04.1/autotests/data/music/cover.jpg.license
elisa-25.04.1/autotests/data/music/test.m4a.license
elisa-25.04.1/autotests/data/music/testMany.ogg.license
elisa-25.04.1/autotests/data/music/testMultiple.ogg.license
elisa-25.04.1/autotests/data/music/test.mp3.license
elisa-25.04.1/autotests/data/music/test.mp3
elisa-25.04.1/autotests/data/music/testMany.ogg
elisa-25.04.1/autotests/data/elisaDatabase.v0.3.db.license
elisa-25.04.1/autotests/mediaplaylistproxymodeltest.cpp
elisa-25.04.1/autotests/manageheaderbartest.cpp
elisa-25.04.1/autotests/trackmetadatamodeltest.cpp
elisa-25.04.1/autotests/filewritertest.cpp
elisa-25.04.1/autotests/databasetestdata.h
elisa-25.04.1/autotests/datamodeltest.cpp
elisa-25.04.1/autotests/mediaplaylistproxymodeltest.h
elisa-25.04.1/autotests/lyricsmodeltest.cpp
elisa-25.04.1/autotests/filebrowserproxymodeltest.cpp
elisa-25.04.1/autotests/viewmanagertest.cpp
elisa-25.04.1/autotests/manageaudioplayertest.h
elisa-25.04.1/autotests/localfilelistingtest.cpp
elisa-25.04.1/autotests/CMakeLists.txt
elisa-25.04.1/autotests/managemediaplayercontroltest.cpp
elisa-25.04.1/autotests/trackslistenertest.cpp
elisa-25.04.1/autotests/managemediaplayercontroltest.h
elisa-25.04.1/autotests/manageaudioplayertest.cpp
elisa-25.04.1/autotests/mediaplaylisttestconfig.h.in
elisa-25.04.1/CMakeLists.txt
elisa-25.04.1/COPYING
elisa-25.04.1/src/
elisa-25.04.1/src/manageaudioplayer.cpp
elisa-25.04.1/src/elisaapplication.cpp
elisa-25.04.1/src/manageaudioplayer.h
elisa-25.04.1/src/elisautils.h
elisa-25.04.1/src/musiclistenersmanager.cpp
elisa-25.04.1/src/musiclistenersmanager.h
elisa-25.04.1/src/abstractfile/
elisa-25.04.1/src/abstractfile/abstractfilelisting.cpp
elisa-25.04.1/src/abstractfile/abstractfilelisting.h
elisa-25.04.1/src/abstractfile/abstractfilelistener.cpp
elisa-25.04.1/src/abstractfile/abstractfilelistener.h
elisa-25.04.1/src/trackslistener.cpp
elisa-25.04.1/src/mediaplaylistproxymodel.h
elisa-25.04.1/src/databaseinterface.cpp
elisa-25.04.1/src/elisaimportapplication.h
elisa-25.04.1/src/colorschemepreviewimageprovider.h
elisa-25.04.1/src/qmlforeigntypes.h
elisa-25.04.1/src/viewmanager.h
elisa-25.04.1/src/powermanagementinterface.h
elisa-25.04.1/src/filescanner.cpp
elisa-25.04.1/src/filewriter.h
elisa-25.04.1/src/elisa_settings.kcfgc.license
elisa-25.04.1/src/Messages.sh
elisa-25.04.1/src/viewconfigurationdata.cpp
elisa-25.04.1/src/filescanner.h
elisa-25.04.1/src/audiowrapper_libvlc.cpp
elisa-25.04.1/src/elisautils.cpp
elisa-25.04.1/src/progressindicator.cpp
elisa-25.04.1/src/windows/
elisa-25.04.1/src/windows/taskbarmanager.h
elisa-25.04.1/src/windows/taskbarmanager.cpp
elisa-25.04.1/src/windows/WindowsTheme.qml
elisa-25.04.1/src/windows/PlatformIntegration.qml
elisa-25.04.1/src/background.png.license
elisa-25.04.1/src/viewconfigurationdata.h
elisa-25.04.1/src/elisaapplication.h
elisa-25.04.1/src/databaseinterface.h
elisa-25.04.1/src/progressindicator.h
elisa-25.04.1/src/file/
elisa-25.04.1/src/file/filelistener.cpp
elisa-25.04.1/src/file/filelistener.h
elisa-25.04.1/src/file/localfilelisting.cpp
elisa-25.04.1/src/file/localfilelisting.h
elisa-25.04.1/src/embeddedcoverageimageprovider.h
elisa-25.04.1/src/mediaplaylist.cpp
elisa-25.04.1/src/manageheaderbar.h
elisa-25.04.1/src/localFileConfiguration/
elisa-25.04.1/src/localFileConfiguration/elisaconfigurationdialog.cpp
elisa-25.04.1/src/localFileConfiguration/elisaconfigurationdialog.h
elisa-25.04.1/src/qml/
elisa-25.04.1/src/qml/FooterBar.qml
elisa-25.04.1/src/qml/FlatButtonWithToolTip.qml
elisa-25.04.1/src/qml/NavigationActionBar.qml
elisa-25.04.1/src/qml/mobile/
elisa-25.04.1/src/qml/mobile/MobileSidebar.qml
elisa-25.04.1/src/qml/mobile/MobileSettingsPage.qml
elisa-25.04.1/src/qml/mobile/MobileMediaTrackMetadataView.qml
elisa-25.04.1/src/qml/mobile/MobilePlayListDelegate.qml
elisa-25.04.1/src/qml/mobile/MobileTrackPlayer.qml
elisa-25.04.1/src/qml/mobile/MobileVolumeButton.qml
elisa-25.04.1/src/qml/mobile/MobileFooterBar.qml
elisa-25.04.1/src/qml/mobile/MobileMinimizedPlayerControl.qml
elisa-25.04.1/src/qml/shared/
elisa-25.04.1/src/qml/shared/BasePlayerControl.qml
elisa-25.04.1/src/qml/shared/BasePlayListDelegate.qml
elisa-25.04.1/src/qml/AbstractDataView.qml
elisa-25.04.1/src/qml/SimplePlayListView.qml
elisa-25.04.1/src/qml/AbstractBrowserDelegate.qml
elisa-25.04.1/src/qml/MediaPlayerControl.qml
elisa-25.04.1/src/qml/SettingsForm.qml
elisa-25.04.1/src/qml/Theme.qml
elisa-25.04.1/src/qml/NativeMenuItemFromAction.qml
elisa-25.04.1/src/qml/MediaTrackMetadataDelegate.qml
elisa-25.04.1/src/qml/AccessibleSlider.qml
elisa-25.04.1/src/qml/NativeGlobalMenuPlaylistModeItem.qml
elisa-25.04.1/src/qml/ApplicationMenu.qml
elisa-25.04.1/src/qml/ButtonWithToolTip.qml
elisa-25.04.1/src/qml/SortMenu.qml
elisa-25.04.1/src/qml/ViewSelector.qml
elisa-25.04.1/src/qml/ContentView.qml
elisa-25.04.1/src/qml/ConfigurationDialog.qml
elisa-25.04.1/src/qml/TracksDiscHeader.qml
elisa-25.04.1/src/qml/DurationSlider.qml
elisa-25.04.1/src/qml/GridBrowserDelegate.qml
elisa-25.04.1/src/qml/TrackBrowserDelegate.qml
elisa-25.04.1/src/qml/BasicPlayListAlbumHeader.qml
elisa-25.04.1/src/qml/NativeGlobalMenu.qml
elisa-25.04.1/src/qml/BaseTheme.qml
elisa-25.04.1/src/qml/MediaPlayListView.qml
elisa-25.04.1/src/qml/PlayListEntry.qml
elisa-25.04.1/src/qml/ListBrowserDelegate.qml
elisa-25.04.1/src/qml/RatingStar.qml
elisa-25.04.1/src/qml/ImageWithFallback.qml
elisa-25.04.1/src/qml/NativeTrayMenu.qml
elisa-25.04.1/src/qml/VolumeSlider.qml
elisa-25.04.1/src/qml/HeaderBar.qml
elisa-25.04.1/src/qml/MediaTrackMetadataView.qml
elisa-25.04.1/src/qml/NativeGlobalMenuShuffleModeItem.qml
elisa-25.04.1/src/qml/ContextView.qml
elisa-25.04.1/src/qml/MediaTrackMetadataForm.qml
elisa-25.04.1/src/qml/ShuffleModeItem.qml
elisa-25.04.1/src/qml/DataGridView.qml
elisa-25.04.1/src/qml/ElisaMainWindow.qml
elisa-25.04.1/src/qml/TrackImportNotification.qml
elisa-25.04.1/src/qml/PlatformIntegration.qml
elisa-25.04.1/src/qml/LabelWithToolTip.qml
elisa-25.04.1/src/qml/DataTrackView.qml
elisa-25.04.1/src/qml/PlaylistModeItem.qml
elisa-25.04.1/src/colorschemepreviewimageprovider.cpp
elisa-25.04.1/src/viewmanager.cpp
elisa-25.04.1/src/audiowrapper.h
elisa-25.04.1/src/android/
elisa-25.04.1/src/android/androidmusiclistener.h
elisa-25.04.1/src/android/androidcoverimageprovider.cpp
elisa-25.04.1/src/android/androidcoverimageprovider.h
elisa-25.04.1/src/android/androidfilelisting.h
elisa-25.04.1/src/android/androidfilelisting.cpp
elisa-25.04.1/src/android/qtquickcontrols2.conf.license
elisa-25.04.1/src/android/androidmusiclistener.cpp
elisa-25.04.1/src/android/qtquickcontrols2.conf
elisa-25.04.1/src/android/PlatformIntegration.qml
elisa-25.04.1/src/viewslistdata.h
elisa-25.04.1/src/qtquickcontrols2.conf.license
elisa-25.04.1/src/manageheaderbar.cpp
elisa-25.04.1/src/upnp/
elisa-25.04.1/src/upnp/upnpdiscoverallmusic.h
elisa-25.04.1/src/upnp/upnpdiscoverallmusic.cpp
elisa-25.04.1/src/upnp/upnpcontentdirectorymodel.h
elisa-25.04.1/src/upnp/upnplistener.h
elisa-25.04.1/src/upnp/upnpcontrolcontentdirectory.h
elisa-25.04.1/src/upnp/upnpcontrolmediaserver.h
elisa-25.04.1/src/upnp/upnpcontrolcontentdirectory.cpp
elisa-25.04.1/src/upnp/upnpcontrolmediaserver.cpp
elisa-25.04.1/src/upnp/upnpcontentdirectorymodel.cpp
elisa-25.04.1/src/upnp/didlparser.h
elisa-25.04.1/src/upnp/upnplistener.cpp
elisa-25.04.1/src/upnp/didlparser.cpp
elisa-25.04.1/src/upnp/upnpcontrolconnectionmanager.cpp
elisa-25.04.1/src/upnp/upnpcontrolconnectionmanager.h
elisa-25.04.1/src/audiowrapper_qtmultimedia.cpp
elisa-25.04.1/src/modeldataloader.h
elisa-25.04.1/src/elisa_core.kcfg.license
elisa-25.04.1/src/powermanagementinterface.cpp
elisa-25.04.1/src/managemediaplayercontrol.cpp
elisa-25.04.1/src/elisaimport.cpp
elisa-25.04.1/src/background.png
elisa-25.04.1/src/main.cpp
elisa-25.04.1/src/viewslistdata.cpp
elisa-25.04.1/src/mpris2/
elisa-25.04.1/src/mpris2/mediaplayer2.h
elisa-25.04.1/src/mpris2/mpris2.cpp
elisa-25.04.1/src/mpris2/mediaplayer2.cpp
elisa-25.04.1/src/mpris2/mediaplayer2player.cpp
elisa-25.04.1/src/mpris2/mpris2.h
elisa-25.04.1/src/mpris2/mediaplayer2player.h
elisa-25.04.1/src/embeddedcoverageimageprovider.cpp
elisa-25.04.1/src/managemediaplayercontrol.h
elisa-25.04.1/src/datatypes.cpp
elisa-25.04.1/src/trackslistener.h
elisa-25.04.1/src/models/
elisa-25.04.1/src/models/trackmetadatamodel.h
elisa-25.04.1/src/models/filebrowserproxymodel.h
elisa-25.04.1/src/models/editabletrackmetadatamodel.h
elisa-25.04.1/src/models/filebrowsermodel.h
elisa-25.04.1/src/models/viewsproxymodel.cpp
elisa-25.04.1/src/models/filebrowsermodel.cpp
elisa-25.04.1/src/models/viewsmodel.cpp
elisa-25.04.1/src/models/trackcontextmetadatamodel.h
elisa-25.04.1/src/models/lyricsmodel.cpp
elisa-25.04.1/src/models/viewsmodel.h
elisa-25.04.1/src/models/trackmetadataproxymodel.h
elisa-25.04.1/src/models/trackmetadatamodel.cpp
elisa-25.04.1/src/models/editabletrackmetadatamodel.cpp
elisa-25.04.1/src/models/gridviewproxymodel.cpp
elisa-25.04.1/src/models/datamodel.cpp
elisa-25.04.1/src/models/abstractmediaproxymodel.h
elisa-25.04.1/src/models/lyricsmodel.h
elisa-25.04.1/src/models/trackcontextmetadatamodel.cpp
elisa-25.04.1/src/models/viewsproxymodel.h
elisa-25.04.1/src/models/abstractmediaproxymodel.cpp
elisa-25.04.1/src/models/gridviewproxymodel.h
elisa-25.04.1/src/models/trackmetadataproxymodel.cpp
elisa-25.04.1/src/models/datamodel.h
elisa-25.04.1/src/models/filebrowserproxymodel.cpp
elisa-25.04.1/src/mediaplaylistproxymodel.cpp
elisa-25.04.1/src/mediaplaylist.h
elisa-25.04.1/src/CMakeLists.txt
elisa-25.04.1/src/modeldataloader.cpp
elisa-25.04.1/src/elisa_core.kcfg
elisa-25.04.1/src/qtquickcontrols2.conf
elisa-25.04.1/src/elisa_settings.kcfgc
elisa-25.04.1/src/elisaimportapplication.cpp
elisa-25.04.1/src/datatypes.h
elisa-25.04.1/src/filewriter.cpp
elisa-25.04.1/.gitignore
/home/omen/GITHUB/Athos/AthOS/REPO-AthOS/elisa/work
README or README.md already exists, skipping creation.
hm...lets continue and see what happens
-- The CXX compiler identification is GNU 14.3.0
-- Detecting CXX compiler ABI info
-- Detecting CXX compiler ABI info - done
-- Check for working CXX compiler: /usr/bin/c++ - skipped
-- Detecting CXX compile features
-- Detecting CXX compile features - done
-- Installing in the same prefix as Qt, adopting their path scheme.
-- Looking for __GLIBC__
-- Looking for __GLIBC__ - found
-- Performing Test _OFFT_IS_64BIT
-- Performing Test _OFFT_IS_64BIT - Success
-- Performing Test HAVE_DATE_TIME
-- Performing Test HAVE_DATE_TIME - Success
-- Performing Test HAVE_STDATOMIC
-- Performing Test HAVE_STDATOMIC - Success
-- Found WrapAtomic: TRUE
-- Found Python3: /usr/bin/python3.12 (found version "3.12.10") found components: Interpreter
-- Found OpenGL: /usr/lib64/libOpenGL.so
-- Found WrapOpenGL: TRUE
-- Found XKB: /usr/lib64/libxkbcommon.so (found suitable version "1.10.0", minimum required is "0.5.0")
-- Found WrapVulkanHeaders: /usr/include
-- Found Gettext: /usr/bin/msgmerge (found version "0.25")
-- Found PkgConfig: /usr/bin/pkg-config (found version "0.29.2")
-- Checking for module 'libvlc'
--   Found libvlc, version 3.0.21
-- Found org.kde.kirigami-QMLModule: TRUE (found version "6.14.1")
-- Found org.kde.kirigamiaddons.formcard-QMLModule: TRUE (found version "1.8.1")
-- Performing Test COMPILER_HAS_HIDDEN_VISIBILITY
-- Performing Test COMPILER_HAS_HIDDEN_VISIBILITY - Success
-- Performing Test COMPILER_HAS_HIDDEN_INLINE_VISIBILITY
-- Performing Test COMPILER_HAS_HIDDEN_INLINE_VISIBILITY - Success
-- Performing Test COMPILER_HAS_DEPRECATED_ATTR
-- Performing Test COMPILER_HAS_DEPRECATED_ATTR - Success
CMake Warning at /usr/lib64/cmake/Qt6Qml/Qt6QmlMacros.cmake:1430 (message):
  The elisaLib target is a QML module with target path org/kde/elisa.  It
  uses an OUTPUT_DIRECTORY of
  /home/omen/GITHUB/Athos/AthOS/REPO-AthOS/elisa/work/elisa-25.04.1/build/src,
  which should end in the same target path, but doesn't.  Tooling such as
  qmllint may not work correctly.
Call Stack (most recent call first):
  /usr/lib64/cmake/Qt6Qml/Qt6QmlMacros.cmake:3232 (_qt_internal_target_enable_qmllint)
  /usr/lib64/cmake/Qt6Qml/Qt6QmlMacros.cmake:916 (qt6_target_qml_sources)
  /usr/lib64/cmake/Qt6Qml/Qt6QmlMacros.cmake:1254 (qt6_add_qml_module)
  src/CMakeLists.txt:330 (qt_add_qml_module)


CMake Warning (dev) at /usr/lib64/cmake/Qt6Core/Qt6CoreMacros.cmake:3409 (message):
  Qt policy QTP0004 is not set: You need qmldir files for each extra
  directory that contains .qml files for your module.  Check
  https://doc.qt.io/qt-6/qt-cmake-policy-qtp0004.html for policy details.
  Use the qt_policy command to set the policy and suppress this warning.

Call Stack (most recent call first):
  /usr/lib64/cmake/Qt6Qml/Qt6QmlMacros.cmake:3520 (__qt_internal_setup_policy)
  /usr/lib64/cmake/Qt6Qml/Qt6QmlMacros.cmake:916 (qt6_target_qml_sources)
  /usr/lib64/cmake/Qt6Qml/Qt6QmlMacros.cmake:1254 (qt6_add_qml_module)
  src/CMakeLists.txt:330 (qt_add_qml_module)
This warning is for project developers.  Use -Wno-dev to suppress it.

-- The following RUNTIME packages have been found:

 * org.kde.kirigami-QMLModule, QML module 'org.kde.kirigami' is a runtime dependency.
 * org.kde.kirigamiaddons.formcard-QMLModule, QML module 'org.kde.kirigamiaddons.formcard' is a runtime dependency.

-- The following OPTIONAL packages have been found:

 * Qt6Concurrent (required version >= 6.5.0)
 * OpenGL
 * Qt6Multimedia (required version >= 6.5.0)
 * Qt6QuickTools (required version >= 6.8.3)
 * Qt6Quick (required version >= 6.5.0)
 * Qt6QuickControls2 (required version >= 6.5.0)
 * Qt6QuickTest (required version >= 6.5.0)
 * Qt6Sql (required version >= 6.5.0)
 * Qt6Svg (required version >= 6.5.0)
 * PkgConfig

-- The following REQUIRED packages have been found:

 * ECM (required version >= 6.9)
 * Python3
 * Qt6Core (required version >= 6.7.0)
 * Gettext
 * KF6I18n (required version >= 6.9), KF text internationalization library.
 * KF6IconThemes (required version >= 6.9), Support for icon themes.
 * Qt6CoreTools (required version >= 6.8.3)
 * KF6Config (required version >= 6.9), Persistent platform-independent application settings.
 * KF6ColorScheme (required version >= 6.9), Allows changing the app's color scheme.
 * KF6Codecs (required version >= 6.9), Allows probing lyrics text codec.
 * KF6CoreAddons (required version >= 6.14.0), Qt addon library with a collection of non-GUI utilities.
 * KF6KIO (required version >= 6.9), File management libraries used for file browsing.
 * Qt6

-- Configuring done (2.0s)
-- Generating done (0.1s)
-- Build files have been written to: /home/omen/GITHUB/Athos/AthOS/REPO-AthOS/elisa/work/elisa-25.04.1/build
[1/273] Copying elisaLib qml resources into build dir
[2/273] Generating ts...
[3/273] Copying elisaLib qml sources into build dir
[4/273] Generating elisa_settings.h, elisa_settings.cpp
[5/273] Generating mo...
[6/273] Automatic MOC for target elisaLib
[7/273] Running AUTOMOC file extraction for target elisaLib
[8/273] Running rcc for resource qmake_org_kde_elisa
[9/273] Running moc --collect-json for target elisaLib
[10/273] Generating .rcc/qmlcache/elisaLib_qmlcache_loader.cpp
[11/273] Automatic QML type registration for target elisaLib
Warning: filebrowsermodel.h:21: KDirModel is used as base type but cannot be found.
Warning: filebrowserproxymodel.h:30: KDirSortFilterProxyModel is used as base type but cannot be found.
[12/273] Generating .rcc/qmlcache/elisaLib_android/PlatformIntegration_qml.cpp, .rcc/qmlcache/elisaLib_android/PlatformIntegration_qml.cpp.aotstats
[13/273] Generating .rcc/qmlcache/elisaLib_windows/WindowsTheme_qml.cpp, .rcc/qmlcache/elisaLib_windows/WindowsTheme_qml.cpp.aotstats
[14/273] Generating .rcc/qmlcache/elisaLib_windows/PlatformIntegration_qml.cpp, .rcc/qmlcache/elisaLib_windows/PlatformIntegration_qml.cpp.aotstats
[15/273] Generating .rcc/qmlcache/elisaLib_qml/FooterBar_qml.cpp, .rcc/qmlcache/elisaLib_qml/FooterBar_qml.cpp.aotstats
[16/273] Generating .rcc/qmlcache/elisaLib_qml/ButtonWithToolTip_qml.cpp, .rcc/qmlcache/elisaLib_qml/ButtonWithToolTip_qml.cpp.aotstats
[17/273] Generating .rcc/qmlcache/elisaLib_qml/AccessibleSlider_qml.cpp, .rcc/qmlcache/elisaLib_qml/AccessibleSlider_qml.cpp.aotstats
[18/273] Generating .rcc/qmlcache/elisaLib_qml/DurationSlider_qml.cpp, .rcc/qmlcache/elisaLib_qml/DurationSlider_qml.cpp.aotstats
[19/273] Generating .rcc/qmlcache/elisaLib_qml/FlatButtonWithToolTip_qml.cpp, .rcc/qmlcache/elisaLib_qml/FlatButtonWithToolTip_qml.cpp.aotstats
[20/273] Generating .rcc/qmlcache/elisaLib_qml/BaseTheme_qml.cpp, .rcc/qmlcache/elisaLib_qml/BaseTheme_qml.cpp.aotstats
[21/273] Generating .rcc/qmlcache/elisaLib_qml/BasicPlayListAlbumHeader_qml.cpp, .rcc/qmlcache/elisaLib_qml/BasicPlayListAlbumHeader_qml.cpp.aotstats
[22/273] Generating .rcc/qmlcache/elisaLib_qml/ApplicationMenu_qml.cpp, .rcc/qmlcache/elisaLib_qml/ApplicationMenu_qml.cpp.aotstats
[23/273] Generating .rcc/qmlcache/elisaLib_qml/AbstractBrowserDelegate_qml.cpp, .rcc/qmlcache/elisaLib_qml/AbstractBrowserDelegate_qml.cpp.aotstats
[24/273] Generating .rcc/qmlcache/elisaLib_qml/ImageWithFallback_qml.cpp, .rcc/qmlcache/elisaLib_qml/ImageWithFallback_qml.cpp.aotstats
[25/273] Running rcc for resource elisaLib_raw_qml_0
[26/273] Generating .rcc/qmlcache/elisaLib_qml/NativeGlobalMenuShuffleModeItem_qml.cpp, .rcc/qmlcache/elisaLib_qml/NativeGlobalMenuShuffleModeItem_qml.cpp.aotstats
[27/273] Generating .rcc/qmlcache/elisaLib_qml/AbstractDataView_qml.cpp, .rcc/qmlcache/elisaLib_qml/AbstractDataView_qml.cpp.aotstats
[28/273] Generating .rcc/qmlcache/elisaLib_qml/NativeGlobalMenuPlaylistModeItem_qml.cpp, .rcc/qmlcache/elisaLib_qml/NativeGlobalMenuPlaylistModeItem_qml.cpp.aotstats
[29/273] Generating .rcc/qmlcache/elisaLib_qml/GridBrowserDelegate_qml.cpp, .rcc/qmlcache/elisaLib_qml/GridBrowserDelegate_qml.cpp.aotstats
[30/273] Generating .rcc/qmlcache/elisaLib_qml/LabelWithToolTip_qml.cpp, .rcc/qmlcache/elisaLib_qml/LabelWithToolTip_qml.cpp.aotstats
[31/273] Generating .rcc/qmlcache/elisaLib_qml/NativeGlobalMenu_qml.cpp, .rcc/qmlcache/elisaLib_qml/NativeGlobalMenu_qml.cpp.aotstats
[32/273] Generating .rcc/qmlcache/elisaLib_qml/NativeMenuItemFromAction_qml.cpp, .rcc/qmlcache/elisaLib_qml/NativeMenuItemFromAction_qml.cpp.aotstats
[33/273] Generating .rcc/qmlcache/elisaLib_qml/ListBrowserDelegate_qml.cpp, .rcc/qmlcache/elisaLib_qml/ListBrowserDelegate_qml.cpp.aotstats
[34/273] Generating .rcc/qmlcache/elisaLib_qml/PlaylistModeItem_qml.cpp, .rcc/qmlcache/elisaLib_qml/PlaylistModeItem_qml.cpp.aotstats
[35/273] Generating .rcc/qmlcache/elisaLib_qml/MediaPlayerControl_qml.cpp, .rcc/qmlcache/elisaLib_qml/MediaPlayerControl_qml.cpp.aotstats
[36/273] Generating .rcc/qmlcache/elisaLib_qml/DataGridView_qml.cpp, .rcc/qmlcache/elisaLib_qml/DataGridView_qml.cpp.aotstats
[37/273] Generating .rcc/qmlcache/elisaLib_qml/NativeTrayMenu_qml.cpp, .rcc/qmlcache/elisaLib_qml/NativeTrayMenu_qml.cpp.aotstats
[38/273] Generating .rcc/qmlcache/elisaLib_qml/DataTrackView_qml.cpp, .rcc/qmlcache/elisaLib_qml/DataTrackView_qml.cpp.aotstats
[39/273] Generating .rcc/qmlcache/elisaLib_qml/MediaTrackMetadataDelegate_qml.cpp, .rcc/qmlcache/elisaLib_qml/MediaTrackMetadataDelegate_qml.cpp.aotstats
[40/273] Generating .rcc/qmlcache/elisaLib_qml/ContextView_qml.cpp, .rcc/qmlcache/elisaLib_qml/ContextView_qml.cpp.aotstats
[41/273] Generating .rcc/qmlcache/elisaLib_qml/RatingStar_qml.cpp, .rcc/qmlcache/elisaLib_qml/RatingStar_qml.cpp.aotstats
[42/273] Generating .rcc/qmlcache/elisaLib_qml/ShuffleModeItem_qml.cpp, .rcc/qmlcache/elisaLib_qml/ShuffleModeItem_qml.cpp.aotstats
[43/273] Generating .rcc/qmlcache/elisaLib_qml/ConfigurationDialog_qml.cpp, .rcc/qmlcache/elisaLib_qml/ConfigurationDialog_qml.cpp.aotstats
[44/273] Generating .rcc/qmlcache/elisaLib_qml/PlatformIntegration_qml.cpp, .rcc/qmlcache/elisaLib_qml/PlatformIntegration_qml.cpp.aotstats
[45/273] Generating .rcc/qmlcache/elisaLib_qml/NavigationActionBar_qml.cpp, .rcc/qmlcache/elisaLib_qml/NavigationActionBar_qml.cpp.aotstats
[46/273] Generating .rcc/qmlcache/elisaLib_qml/TrackImportNotification_qml.cpp, .rcc/qmlcache/elisaLib_qml/TrackImportNotification_qml.cpp.aotstats
[47/273] Generating .rcc/qmlcache/elisaLib_qml/Theme_qml.cpp, .rcc/qmlcache/elisaLib_qml/Theme_qml.cpp.aotstats
[48/273] Generating .rcc/qmlcache/elisaLib_qml/MediaTrackMetadataView_qml.cpp, .rcc/qmlcache/elisaLib_qml/MediaTrackMetadataView_qml.cpp.aotstats
[49/273] Generating .rcc/qmlcache/elisaLib_qml/TracksDiscHeader_qml.cpp, .rcc/qmlcache/elisaLib_qml/TracksDiscHeader_qml.cpp.aotstats
[50/273] Generating .rcc/qmlcache/elisaLib_qml/ViewSelector_qml.cpp, .rcc/qmlcache/elisaLib_qml/ViewSelector_qml.cpp.aotstats
[51/273] Generating .rcc/qmlcache/elisaLib_qml/SortMenu_qml.cpp, .rcc/qmlcache/elisaLib_qml/SortMenu_qml.cpp.aotstats
[52/273] Generating .rcc/qmlcache/elisaLib_qml/MediaTrackMetadataForm_qml.cpp, .rcc/qmlcache/elisaLib_qml/MediaTrackMetadataForm_qml.cpp.aotstats
[53/273] Generating .rcc/qmlcache/elisaLib_qml/VolumeSlider_qml.cpp, .rcc/qmlcache/elisaLib_qml/VolumeSlider_qml.cpp.aotstats
[54/273] Generating .rcc/qmlcache/elisaLib_qml/HeaderBar_qml.cpp, .rcc/qmlcache/elisaLib_qml/HeaderBar_qml.cpp.aotstats
[55/273] Generating .rcc/qmlcache/elisaLib_qml/shared/BasePlayerControl_qml.cpp, .rcc/qmlcache/elisaLib_qml/shared/BasePlayerControl_qml.cpp.aotstats
[56/273] Generating .rcc/qmlcache/elisaLib_qml/shared/BasePlayListDelegate_qml.cpp, .rcc/qmlcache/elisaLib_qml/shared/BasePlayListDelegate_qml.cpp.aotstats
[57/273] Generating .rcc/qmlcache/elisaLib_qml/TrackBrowserDelegate_qml.cpp, .rcc/qmlcache/elisaLib_qml/TrackBrowserDelegate_qml.cpp.aotstats
[58/273] Generating .rcc/qmlcache/elisaLib_qml/mobile/MobileVolumeButton_qml.cpp, .rcc/qmlcache/elisaLib_qml/mobile/MobileVolumeButton_qml.cpp.aotstats
[59/273] Generating .rcc/qmlcache/elisaLib_qml/mobile/MobileMinimizedPlayerControl_qml.cpp, .rcc/qmlcache/elisaLib_qml/mobile/MobileMinimizedPlayerControl_qml.cpp.aotstats
[60/273] Generating .rcc/qmlcache/elisaLib_qml/mobile/MobileSidebar_qml.cpp, .rcc/qmlcache/elisaLib_qml/mobile/MobileSidebar_qml.cpp.aotstats
[61/273] Generating .rcc/qmlcache/elisaLib_qml/mobile/MobileFooterBar_qml.cpp, .rcc/qmlcache/elisaLib_qml/mobile/MobileFooterBar_qml.cpp.aotstats
[62/273] Generating .rcc/qmlcache/elisaLib_qml/SimplePlayListView_qml.cpp, .rcc/qmlcache/elisaLib_qml/SimplePlayListView_qml.cpp.aotstats
[63/273] Generating .rcc/qmlcache/elisaLib_qml/mobile/MobileTrackPlayer_qml.cpp, .rcc/qmlcache/elisaLib_qml/mobile/MobileTrackPlayer_qml.cpp.aotstats
[64/273] Generating .rcc/qmlcache/elisaLib_qml/mobile/MobileMediaTrackMetadataView_qml.cpp, .rcc/qmlcache/elisaLib_qml/mobile/MobileMediaTrackMetadataView_qml.cpp.aotstats
[65/273] Generating .rcc/qmlcache/elisaLib_qml/SettingsForm_qml.cpp, .rcc/qmlcache/elisaLib_qml/SettingsForm_qml.cpp.aotstats
[66/273] Generating .rcc/qmlcache/elisaLib_qml/PlayListEntry_qml.cpp, .rcc/qmlcache/elisaLib_qml/PlayListEntry_qml.cpp.aotstats
[67/273] Generating .rcc/qmlcache/elisaLib_qml/ContentView_qml.cpp, .rcc/qmlcache/elisaLib_qml/ContentView_qml.cpp.aotstats
[68/273] Generating .rcc/qmlcache/elisaLib_qml/MediaPlayListView_qml.cpp, .rcc/qmlcache/elisaLib_qml/MediaPlayListView_qml.cpp.aotstats
[69/273] Generating .rcc/qmlcache/elisaLib_qml/mobile/MobileSettingsPage_qml.cpp, .rcc/qmlcache/elisaLib_qml/mobile/MobileSettingsPage_qml.cpp.aotstats
[70/273] Generating .rcc/qmlcache/elisaLib_qml/mobile/MobilePlayListDelegate_qml.cpp, .rcc/qmlcache/elisaLib_qml/mobile/MobilePlayListDelegate_qml.cpp.aotstats
[71/273] Generating .rcc/qmlcache/elisaLib_qml/ElisaMainWindow_qml.cpp, .rcc/qmlcache/elisaLib_qml/ElisaMainWindow_qml.cpp.aotstats
[72/273] Building CXX object src/CMakeFiles/elisaLib.dir/elisautils.cpp.o
[73/273] Building CXX object src/CMakeFiles/elisaLib.dir/progressindicator.cpp.o
[74/273] Building CXX object src/CMakeFiles/elisaLib.dir/powermanagementinterface.cpp.o
[75/273] Building CXX object src/CMakeFiles/elisaLib.dir/colorschemepreviewimageprovider.cpp.o
[76/273] Building CXX object src/CMakeFiles/elisaLib.dir/managemediaplayercontrol.cpp.o
[77/273] Building CXX object src/CMakeFiles/elisaLib.dir/manageheaderbar.cpp.o
[78/273] Building CXX object src/CMakeFiles/elisaLib.dir/elisaLib_autogen/mocs_compilation.cpp.o
[79/273] Building CXX object src/CMakeFiles/elisaLib.dir/datatypes.cpp.o
[80/273] Building CXX object src/CMakeFiles/elisaLib.dir/file/filelistener.cpp.o
[81/273] Building CXX object src/CMakeFiles/elisaLib.dir/abstractfile/abstractfilelistener.cpp.o
[82/273] Building CXX object src/CMakeFiles/elisaLib.dir/filewriter.cpp.o
[83/273] Building CXX object src/CMakeFiles/elisaLib.dir/file/localfilelisting.cpp.o
[84/273] Building CXX object src/CMakeFiles/elisaLib.dir/filescanner.cpp.o
[85/273] Building CXX object src/CMakeFiles/elisaLib.dir/trackslistener.cpp.o
[86/273] Building CXX object src/CMakeFiles/elisaLib.dir/manageaudioplayer.cpp.o
[87/273] Building CXX object src/CMakeFiles/elisaLib.dir/models/trackmetadataproxymodel.cpp.o
[88/273] Building CXX object src/CMakeFiles/elisaLib.dir/models/trackcontextmetadatamodel.cpp.o
[89/273] Building CXX object src/CMakeFiles/elisaLib.dir/models/gridviewproxymodel.cpp.o
[90/273] Building CXX object src/CMakeFiles/elisaLib.dir/musiclistenersmanager.cpp.o
[91/273] Building CXX object src/CMakeFiles/elisaLib.dir/models/viewsproxymodel.cpp.o
[92/273] Building CXX object src/CMakeFiles/elisaLib.dir/indexersManager.cpp.o
[93/273] Building CXX object src/CMakeFiles/elisaLib.dir/databaseLogging.cpp.o
[94/273] Building CXX object src/CMakeFiles/elisaLib.dir/elisaapplication.cpp.o
[95/273] Building CXX object src/CMakeFiles/elisaLib.dir/abstractfile/indexercommon.cpp.o
[96/273] Building CXX object src/CMakeFiles/elisaLib.dir/viewmanager.cpp.o
[97/273] Building CXX object src/CMakeFiles/elisaLib.dir/models/viewsmodel.cpp.o
[98/273] Building CXX object src/CMakeFiles/elisaLib.dir/models/modelLogging.cpp.o
[99/273] Building CXX object src/CMakeFiles/elisaLib.dir/mediaplaylist.cpp.o
[100/273] Building CXX object src/CMakeFiles/elisaLib.dir/models/lyricsmodel.cpp.o
[101/273] Building CXX object src/CMakeFiles/elisaLib.dir/models/abstractmediaproxymodel.cpp.o
[102/273] Building CXX object src/CMakeFiles/elisaLib.dir/abstractfile/abstractfilelisting.cpp.o
[103/273] Building CXX object src/CMakeFiles/elisaLib.dir/lyricsLogging.cpp.o
[104/273] Building CXX object src/CMakeFiles/elisaLib.dir/playListLogging.cpp.o
[105/273] Building CXX object src/CMakeFiles/elisaLib.dir/models/editabletrackmetadatamodel.cpp.o
[106/273] Building CXX object src/CMakeFiles/elisaLib.dir/.qt/rcc/qrc_qmake_org_kde_elisa.cpp.o
[107/273] Building CXX object src/CMakeFiles/elisaLib.dir/viewsLogging.cpp.o
[108/273] Building CXX object src/CMakeFiles/elisaLib.dir/models/trackmetadatamodel.cpp.o
[109/273] Building CXX object src/CMakeFiles/elisaLib.dir/playerLogging.cpp.o
[110/273] Building CXX object src/CMakeFiles/elisaLib.dir/powerManagementLogging.cpp.o
[111/273] Building CXX object src/CMakeFiles/elisaLib.dir/localFileConfiguration/elisaconfigurationdialog.cpp.o
[112/273] Building CXX object src/CMakeFiles/elisaLib.dir/vlcLogging.cpp.o
[113/273] Building CXX object src/CMakeFiles/elisaLib.dir/modeldataloader.cpp.o
[114/273] Building CXX object src/CMakeFiles/elisaLib.dir/mpris2/mediaplayer2.cpp.o
[115/273] Building CXX object src/CMakeFiles/elisaLib.dir/models/datamodel.cpp.o
[116/273] Building CXX object src/CMakeFiles/elisaLib.dir/viewconfigurationdata.cpp.o
[117/273] Building CXX object src/CMakeFiles/elisaLib.dir/.rcc/qmlcache/elisaLib_windows/PlatformIntegration_qml.cpp.o
[118/273] Building CXX object src/CMakeFiles/elisaLib.dir/audiowrapper_libvlc.cpp.o
[119/273] Building CXX object src/CMakeFiles/elisaLib.dir/.rcc/qmlcache/elisaLib_android/PlatformIntegration_qml.cpp.o
[120/273] Building CXX object src/CMakeFiles/elisaLib.dir/.rcc/qmlcache/elisaLib_qml/AccessibleSlider_qml.cpp.o
[121/273] Building CXX object src/CMakeFiles/elisaLib.dir/.rcc/qmlcache/elisaLib_qml/ApplicationMenu_qml.cpp.o
[122/273] Building CXX object src/CMakeFiles/elisaLib.dir/.rcc/qmlcache/elisaLib_windows/WindowsTheme_qml.cpp.o
[123/273] Building CXX object src/CMakeFiles/elisaLib.dir/embeddedcoverageimageprovider.cpp.o
[124/273] Building CXX object src/CMakeFiles/elisaLib.dir/.rcc/qmlcache/elisaLib_qml/AbstractBrowserDelegate_qml.cpp.o
[125/273] Building CXX object src/CMakeFiles/elisaLib.dir/mediaplaylistproxymodel.cpp.o
[126/273] Building CXX object src/CMakeFiles/elisaLib.dir/.rcc/qmlcache/elisaLib_qml/AbstractDataView_qml.cpp.o
[127/273] Building CXX object src/CMakeFiles/elisaLib.dir/.rcc/qmlcache/elisaLib_qmlcache_loader.cpp.o
[128/273] Building CXX object src/CMakeFiles/elisaLib.dir/elisa_settings.cpp.o
[129/273] Building CXX object src/CMakeFiles/elisaLib.dir/mpris2/mpris2.cpp.o
[130/273] Building CXX object src/CMakeFiles/elisaLib.dir/models/filebrowsermodel.cpp.o
[131/273] Building CXX object src/CMakeFiles/elisaLib.dir/.rcc/qmlcache/elisaLib_qml/ConfigurationDialog_qml.cpp.o
[132/273] Building CXX object src/CMakeFiles/elisaLib.dir/.rcc/qmlcache/elisaLib_qml/BaseTheme_qml.cpp.o
[133/273] Building CXX object src/CMakeFiles/elisaLib.dir/.rcc/qmlcache/elisaLib_qml/DataTrackView_qml.cpp.o
[134/273] Building CXX object src/CMakeFiles/elisaLib.dir/.rcc/qmlcache/elisaLib_qml/ButtonWithToolTip_qml.cpp.o
[135/273] Building CXX object src/CMakeFiles/elisaLib.dir/.rcc/qmlcache/elisaLib_qml/BasicPlayListAlbumHeader_qml.cpp.o
[136/273] Building CXX object src/CMakeFiles/elisaLib.dir/.rcc/qmlcache/elisaLib_qml/FlatButtonWithToolTip_qml.cpp.o
[137/273] Building CXX object src/CMakeFiles/elisaLib.dir/.rcc/qmlcache/elisaLib_qml/DataGridView_qml.cpp.o
[138/273] Building CXX object src/CMakeFiles/elisaLib.dir/.rcc/qmlcache/elisaLib_qml/FooterBar_qml.cpp.o
[139/273] Building CXX object src/CMakeFiles/elisaLib.dir/viewslistdata.cpp.o
[140/273] Building CXX object src/CMakeFiles/elisaLib.dir/mpris2/mediaplayer2player.cpp.o
[141/273] Building CXX object src/CMakeFiles/elisaLib.dir/.rcc/qmlcache/elisaLib_qml/ContextView_qml.cpp.o
[142/273] Building CXX object src/CMakeFiles/elisaLib.dir/.rcc/qmlcache/elisaLib_qml/ImageWithFallback_qml.cpp.o
[143/273] Building CXX object src/CMakeFiles/elisaLib.dir/.rcc/qmlcache/elisaLib_qml/LabelWithToolTip_qml.cpp.o
[144/273] Building CXX object src/CMakeFiles/elisaLib.dir/.rcc/qmlcache/elisaLib_qml/DurationSlider_qml.cpp.o
[145/273] Building CXX object src/CMakeFiles/elisaLib.dir/.rcc/qmlcache/elisaLib_qml/ContentView_qml.cpp.o
[146/273] Building CXX object src/CMakeFiles/elisaLib.dir/.rcc/qmlcache/elisaLib_qml/ListBrowserDelegate_qml.cpp.o
[147/273] Building CXX object src/CMakeFiles/elisaLib.dir/.rcc/qmlcache/elisaLib_qml/MediaPlayerControl_qml.cpp.o
[148/273] Building CXX object src/CMakeFiles/elisaLib.dir/.rcc/qmlcache/elisaLib_qml/MediaPlayListView_qml.cpp.o
[149/273] Building CXX object src/CMakeFiles/elisaLib.dir/.rcc/qmlcache/elisaLib_qml/ElisaMainWindow_qml.cpp.o
[150/273] Building CXX object src/CMakeFiles/elisaLib.dir/models/filebrowserproxymodel.cpp.o
[151/273] Building CXX object src/CMakeFiles/elisaLib.dir/.rcc/qmlcache/elisaLib_qml/NativeGlobalMenuPlaylistModeItem_qml.cpp.o
[152/273] Building CXX object src/CMakeFiles/elisaLib.dir/.rcc/qmlcache/elisaLib_qml/NativeGlobalMenuShuffleModeItem_qml.cpp.o
[153/273] Building CXX object src/CMakeFiles/elisaLib.dir/.rcc/qmlcache/elisaLib_qml/NativeMenuItemFromAction_qml.cpp.o
[154/273] Building CXX object src/CMakeFiles/elisaLib.dir/.rcc/qmlcache/elisaLib_qml/NativeTrayMenu_qml.cpp.o
[155/273] Building CXX object src/CMakeFiles/elisaLib.dir/.rcc/qmlcache/elisaLib_qml/GridBrowserDelegate_qml.cpp.o
[156/273] Building CXX object src/CMakeFiles/elisaLib.dir/.rcc/qmlcache/elisaLib_qml/HeaderBar_qml.cpp.o
[157/273] Building CXX object src/CMakeFiles/elisaLib.dir/.rcc/qmlcache/elisaLib_qml/MediaTrackMetadataForm_qml.cpp.o
[158/273] Building CXX object src/CMakeFiles/elisaLib.dir/.rcc/qmlcache/elisaLib_qml/MediaTrackMetadataView_qml.cpp.o
[159/273] Building CXX object src/CMakeFiles/elisaLib.dir/.rcc/qmlcache/elisaLib_qml/MediaTrackMetadataDelegate_qml.cpp.o
[160/273] Building CXX object src/CMakeFiles/elisaLib.dir/elisalib_qmltyperegistrations.cpp.o
[161/273] Building CXX object src/CMakeFiles/elisaLib.dir/.rcc/qmlcache/elisaLib_qml/PlayListEntry_qml.cpp.o
[162/273] Building CXX object src/CMakeFiles/elisaLib.dir/.rcc/qmlcache/elisaLib_qml/NativeGlobalMenu_qml.cpp.o
[163/273] Building CXX object src/CMakeFiles/elisaLib.dir/.rcc/qmlcache/elisaLib_qml/PlatformIntegration_qml.cpp.o
[164/273] Building CXX object src/CMakeFiles/elisaLib.dir/.rcc/qmlcache/elisaLib_qml/RatingStar_qml.cpp.o
[165/273] Building CXX object src/CMakeFiles/elisaLib.dir/.rcc/qmlcache/elisaLib_qml/PlaylistModeItem_qml.cpp.o
[166/273] Building CXX object src/CMakeFiles/elisaLib.dir/.rcc/qmlcache/elisaLib_qml/SortMenu_qml.cpp.o
[167/273] Building CXX object src/CMakeFiles/elisaLib.dir/.rcc/qmlcache/elisaLib_qml/SimplePlayListView_qml.cpp.o
[168/273] Building CXX object src/CMakeFiles/elisaLib.dir/.rcc/qmlcache/elisaLib_qml/Theme_qml.cpp.o
[169/273] Building CXX object src/CMakeFiles/elisaLib.dir/.rcc/qmlcache/elisaLib_qml/ShuffleModeItem_qml.cpp.o
[170/273] Building CXX object src/CMakeFiles/elisaLib.dir/.rcc/qmlcache/elisaLib_qml/TracksDiscHeader_qml.cpp.o
[171/273] Building CXX object src/CMakeFiles/elisaLib.dir/.rcc/qmlcache/elisaLib_qml/TrackImportNotification_qml.cpp.o
[172/273] Building CXX object src/CMakeFiles/elisaLib.dir/.rcc/qmlcache/elisaLib_qml/ViewSelector_qml.cpp.o
[173/273] Building CXX object src/CMakeFiles/elisaLib.dir/.rcc/qmlcache/elisaLib_qml/NavigationActionBar_qml.cpp.o
[174/273] Building CXX object src/CMakeFiles/elisaLib.dir/.rcc/qmlcache/elisaLib_qml/VolumeSlider_qml.cpp.o
[175/273] Building CXX object src/CMakeFiles/elisaLib.dir/.rcc/qmlcache/elisaLib_qml/TrackBrowserDelegate_qml.cpp.o
[176/273] Building CXX object src/CMakeFiles/elisaLib.dir/.rcc/qmlcache/elisaLib_qml/mobile/MobileSidebar_qml.cpp.o
[177/273] Building CXX object src/CMakeFiles/elisaLib.dir/.rcc/qmlcache/elisaLib_qml/mobile/MobileSettingsPage_qml.cpp.o
[178/273] Building CXX object src/CMakeFiles/elisaLib.dir/.rcc/qmlcache/elisaLib_qml/mobile/MobileMediaTrackMetadataView_qml.cpp.o
[179/273] Building CXX object src/CMakeFiles/elisaLib.dir/.qt/rcc/qrc_elisaLib_raw_qml_0.cpp.o
[180/273] Building CXX object src/CMakeFiles/elisaLib.dir/.rcc/qmlcache/elisaLib_qml/SettingsForm_qml.cpp.o
[181/273] Building CXX object src/CMakeFiles/elisaLib.dir/.rcc/qmlcache/elisaLib_qml/mobile/MobileVolumeButton_qml.cpp.o
[182/273] Building CXX object src/CMakeFiles/elisaLib.dir/.rcc/qmlcache/elisaLib_qml/mobile/MobilePlayListDelegate_qml.cpp.o
[183/273] Building CXX object src/CMakeFiles/elisaLib.dir/.rcc/qmlcache/elisaLib_qml/mobile/MobileFooterBar_qml.cpp.o
[184/273] Building CXX object src/CMakeFiles/elisaLib.dir/.rcc/qmlcache/elisaLib_qml/shared/BasePlayerControl_qml.cpp.o
[185/273] Building CXX object src/CMakeFiles/elisaLib.dir/.rcc/qmlcache/elisaLib_qml/shared/BasePlayListDelegate_qml.cpp.o
[186/273] Building CXX object src/CMakeFiles/elisaLib.dir/.rcc/qmlcache/elisaLib_qml/mobile/MobileMinimizedPlayerControl_qml.cpp.o
[187/273] Building CXX object src/CMakeFiles/elisaLib.dir/.rcc/qmlcache/elisaLib_qml/mobile/MobileTrackPlayer_qml.cpp.o
[188/273] Building CXX object src/CMakeFiles/elisaLib.dir/databaseinterface.cpp.o
[189/273] Linking CXX shared library bin/libelisaLib.so.0.1
[190/273] Creating library symlink bin/libelisaLib.so.0 bin/libelisaLib.so
[191/273] Automatic MOC for target elisa
[192/273] Building CXX object src/CMakeFiles/elisa.dir/elisa_autogen/mocs_compilation.cpp.o
[193/273] Automatic MOC for target elisaImport
[194/273] Building CXX object src/CMakeFiles/elisaImport.dir/elisaImport_autogen/mocs_compilation.cpp.o
[195/273] Automatic MOC for target elisaLibplugin
[196/273] Building CXX object src/CMakeFiles/elisaLibplugin.dir/elisaLibplugin_autogen/mocs_compilation.cpp.o
[197/273] Automatic MOC for target manageheaderbarTest
[198/273] Automatic MOC for target mediaplaylistproxymodelTest
[199/273] Building CXX object autotests/CMakeFiles/mediaplaylistproxymodelTest.dir/mediaplaylistproxymodelTest_autogen/mocs_compilation.cpp.o
[200/273] Building CXX object autotests/CMakeFiles/manageheaderbarTest.dir/manageheaderbarTest_autogen/mocs_compilation.cpp.o
[201/273] Automatic MOC for target manageaudioplayerTest
[202/273] Automatic MOC for target managemediaplayercontrolTest
[203/273] Building CXX object autotests/CMakeFiles/manageaudioplayerTest.dir/manageaudioplayerTest_autogen/mocs_compilation.cpp.o
[204/273] Building CXX object autotests/CMakeFiles/managemediaplayercontrolTest.dir/managemediaplayercontrolTest_autogen/mocs_compilation.cpp.o
[205/273] Automatic MOC for target mediaplaylistTest
[206/273] Automatic MOC for target filescannerTest
[207/273] Building CXX object autotests/CMakeFiles/mediaplaylistTest.dir/mediaplaylistTest_autogen/mocs_compilation.cpp.o
[208/273] Automatic MOC for target filewriterTest
[209/273] Automatic MOC for target lyricsModelTest
[210/273] Building CXX object autotests/CMakeFiles/filescannerTest.dir/filescannerTest_autogen/mocs_compilation.cpp.o
[211/273] Automatic MOC for target filebrowserproxymodelTest
[212/273] Automatic MOC for target viewManagerTest
[213/273] Building CXX object autotests/CMakeFiles/filewriterTest.dir/filewriterTest_autogen/mocs_compilation.cpp.o
[214/273] Building CXX object autotests/CMakeFiles/viewManagerTest.dir/viewManagerTest_autogen/mocs_compilation.cpp.o
[215/273] Automatic MOC for target trackmetadatamodeltest
[216/273] Automatic MOC for target trackslistenertest
[217/273] Building CXX object autotests/CMakeFiles/trackslistenertest.dir/trackslistenertest_autogen/mocs_compilation.cpp.o
[218/273] Automatic MOC for target localfilelistingtest
[219/273] Automatic MOC for target viewsmodeltest
[220/273] Automatic MOC for target datamodeltest
[221/273] Building CXX object autotests/CMakeFiles/viewsmodeltest.dir/viewsmodeltest_autogen/mocs_compilation.cpp.o
[222/273] Building CXX object autotests/CMakeFiles/datamodeltest.dir/datamodeltest_autogen/mocs_compilation.cpp.o
[223/273] Automatic MOC for target databaseInterfaceTest
[224/273] Building CXX object autotests/CMakeFiles/databaseInterfaceTest.dir/databaseInterfaceTest_autogen/mocs_compilation.cpp.o
[225/273] Building CXX object src/CMakeFiles/elisaImport.dir/elisaimportapplication.cpp.o
[226/273] Building CXX object autotests/CMakeFiles/trackmetadatamodeltest.dir/trackmetadatamodeltest_autogen/mocs_compilation.cpp.o
[227/273] Building CXX object src/CMakeFiles/elisaLibplugin.dir/elisaLibplugin_org_kde_elisaPlugin.cpp.o
[228/273] Building CXX object autotests/CMakeFiles/localfilelistingtest.dir/localfilelistingtest_autogen/mocs_compilation.cpp.o
[229/273] Building CXX object autotests/CMakeFiles/manageheaderbarTest.dir/__/src/elisautils.cpp.o
[230/273] Building CXX object autotests/CMakeFiles/filebrowserproxymodelTest.dir/filebrowserproxymodelTest_autogen/mocs_compilation.cpp.o
[231/273] Building CXX object autotests/CMakeFiles/mediaplaylistproxymodelTest.dir/__/src/elisautils.cpp.o
[232/273] Building CXX object autotests/CMakeFiles/lyricsModelTest.dir/lyricsModelTest_autogen/mocs_compilation.cpp.o
[233/273] Building CXX object autotests/CMakeFiles/mediaplaylistTest.dir/__/src/elisautils.cpp.o
[234/273] Building CXX object autotests/CMakeFiles/managemediaplayercontrolTest.dir/__/src/elisautils.cpp.o
[235/273] Building CXX object autotests/CMakeFiles/viewManagerTest.dir/__/src/elisautils.cpp.o
[236/273] Linking CXX shared module src/elisaLibplugin.so
[237/273] Building CXX object autotests/CMakeFiles/trackslistenertest.dir/__/src/elisautils.cpp.o
[238/273] Building CXX object src/CMakeFiles/elisa.dir/main.cpp.o
[239/273] Building CXX object autotests/CMakeFiles/filewriterTest.dir/filewritertest.cpp.o
[240/273] Linking CXX executable bin/elisa
[241/273] Linking CXX executable bin/filewriterTest
[242/273] Building CXX object autotests/CMakeFiles/filescannerTest.dir/filescannertest.cpp.o
[243/273] Linking CXX executable bin/filescannerTest
[244/273] Building CXX object autotests/CMakeFiles/filebrowserproxymodelTest.dir/filebrowserproxymodeltest.cpp.o
[245/273] Linking CXX executable bin/filebrowserproxymodelTest
[246/273] Building CXX object autotests/CMakeFiles/lyricsModelTest.dir/lyricsmodeltest.cpp.o
[247/273] Building CXX object autotests/CMakeFiles/manageheaderbarTest.dir/manageheaderbartest.cpp.o
[248/273] Linking CXX executable bin/lyricsModelTest
[249/273] Linking CXX executable bin/manageheaderbarTest
[250/273] Building CXX object autotests/CMakeFiles/viewManagerTest.dir/viewmanagertest.cpp.o
[251/273] Building CXX object autotests/CMakeFiles/trackmetadatamodeltest.dir/trackmetadatamodeltest.cpp.o
[252/273] Linking CXX executable bin/viewManagerTest
[253/273] Linking CXX executable bin/trackmetadatamodeltest
[254/273] Building CXX object src/CMakeFiles/elisaImport.dir/elisaimport.cpp.o
[255/273] Building CXX object autotests/CMakeFiles/managemediaplayercontrolTest.dir/managemediaplayercontroltest.cpp.o
[256/273] Linking CXX executable bin/elisaImport
[257/273] Linking CXX executable bin/managemediaplayercontrolTest
[258/273] Building CXX object autotests/CMakeFiles/viewsmodeltest.dir/viewsmodeltest.cpp.o
[259/273] Linking CXX executable bin/viewsmodeltest
[260/273] Building CXX object autotests/CMakeFiles/datamodeltest.dir/datamodeltest.cpp.o
[261/273] Building CXX object autotests/CMakeFiles/localfilelistingtest.dir/localfilelistingtest.cpp.o
[262/273] Linking CXX executable bin/datamodeltest
[263/273] Linking CXX executable bin/localfilelistingtest
[264/273] Building CXX object autotests/CMakeFiles/mediaplaylistTest.dir/mediaplaylisttest.cpp.o
[265/273] Linking CXX executable bin/mediaplaylistTest
[266/273] Building CXX object autotests/CMakeFiles/trackslistenertest.dir/trackslistenertest.cpp.o
[267/273] Linking CXX executable bin/trackslistenertest
[268/273] Building CXX object autotests/CMakeFiles/manageaudioplayerTest.dir/manageaudioplayertest.cpp.o
[269/273] Linking CXX executable bin/manageaudioplayerTest
[270/273] Building CXX object autotests/CMakeFiles/mediaplaylistproxymodelTest.dir/mediaplaylistproxymodeltest.cpp.o
[271/273] Linking CXX executable bin/mediaplaylistproxymodelTest
[272/273] Building CXX object autotests/CMakeFiles/databaseInterfaceTest.dir/databaseinterfacetest.cpp.o
[273/273] Linking CXX executable bin/databaseInterfaceTest
[32mThe main part of source code is ready. We are moving on to preparing post install scripts, docs, license, man pages etc..[0m
cp: cannot stat 'AUTHORS': No such file or directory
cp: cannot stat 'ChangeLog*': No such file or directory
cp: cannot stat 'CREDITS': No such file or directory
cp: cannot stat 'LICENSE': No such file or directory
cp: cannot stat 'MAINTAINERS': No such file or directory
cp: cannot stat 'NEWS': No such file or directory
cp: cannot stat 'docs': No such file or directory
cp: cannot stat 'DOCS': No such file or directory
grep: /home/omen/GITHUB/Athos/AthOS/REPO-AthOS/elisa/elisa.info: No such file or directory
kirigami
kirigami-addons
qqc2-desktop-style
vlc
baloo
extra-cmake-modules
kcmutils
kconfig
kconfigwidgets
kcoreaddons
kcrash
kdbusaddons
kdeclarative
kdoctools
kfilemetadata
ki18n
kio
kirigami-addons
kpackage
kxmlgui
qqc2-desktop-style
[32mPackaging compiled for slackware installation...[0m
[32mMAKEPKG_FLAGS is empty or unset, using default[0m

Slackware package maker, version 3.14159265.

Searching for symbolic links:

No symbolic links were found, so we won't make an installation script.
You can make your own later in ./install/doinst.sh and rebuild the
package if you like.

This next step is optional - you can set the directories in your package
to some sane permissions. If any of the directories in your package have
special permissions, then DO NOT reset them here!

Would you like to reset all directory permissions to 755 (drwxr-xr-x) and
directory ownerships to root:root ([y]es, [n]o)? n


Creating Slackware package:  /tmp/elisa/elisa-25.04.1-x86_64-1_rtz.tlz

./
install/
install/doinst.sh
install/slack-desc
usr/
usr/doc/
usr/doc/elisa-25.04.1/
usr/doc/elisa-25.04.1/COPYING
usr/doc/elisa-25.04.1/README.md
usr/doc/elisa-25.04.1/README.packagers
usr/doc/elisa-25.04.1/elisa.ini
usr/doc/elisa-25.04.1/slack-required

Slackware package /tmp/elisa/elisa-25.04.1-x86_64-1_rtz.tlz created.

Create shared object file for elisa-25.04.1-x86_64-1_rtz.tlz
Creating /tmp/elisa/elisa-25.04.1-x86_64-1_rtz.tlz.so.file using /tmp/elisa/elisa-25.04.1-x86_64-1_rtz.tlz
Successfully created /tmp/elisa/elisa-25.04.1-x86_64-1_rtz.tlz.so.file
Packaging of executable and meta-data in elisa.tar.lz4 format.
/tmp/elisa /tmp/elisa
/tmp/elisa
BIN_NAME
README
elisa-25.04.1-x86_64-1_rtz.tlz
elisa-25.04.1-x86_64-1_rtz.tlz.md5
elisa-25.04.1-x86_64-1_rtz.tlz.so.file
elisa-25.04.1-x86_64-1_rtz.tlz.txt
elisa.dep
makepkg-elisa.log
[32melisa build finished. Procced to installation...[0m

+==============================================================================================+
| Upgrading elisa-25.04.1-x86_64-1_rtz package using /tmp/elisa/elisa-25.04.1-x86_64-1_rtz.tlz |
+==============================================================================================+

Pre-installing package elisa-25.04.1-x86_64-1_rtz...
Removing package: elisa-25.04.1-x86_64-1_rtz-upgraded-2025-05-28,19:46:56
Installing package elisa-25.04.1-x86_64-1_rtz.tlz:
PACKAGE DESCRIPTION:
# elisa (music player)
#
# A simple music player aiming to provide a nice experience for its
# users
#
# kde.org/applications/multimedia/org.kde.elisa
Executing install script for elisa-25.04.1-x86_64-1_rtz.tlz.
Font directories:
	/usr/share/fonts
/usr/share/fonts: caching, new cache contents: 0 fonts, 11 dirs
/usr/share/fonts/100dpi: caching, new cache contents: 238 fonts, 0 dirs
/usr/share/fonts/75dpi: caching, new cache contents: 238 fonts, 0 dirs
/usr/share/fonts/OTF: caching, new cache contents: 124 fonts, 0 dirs
/usr/share/fonts/Speedo: caching, new cache contents: 0 fonts, 0 dirs
/usr/share/fonts/TTF: caching, new cache contents: 1132 fonts, 0 dirs
/usr/share/fonts/Type1: caching, new cache contents: 64 fonts, 0 dirs
/usr/share/fonts/cyrillic: caching, new cache contents: 0 fonts, 0 dirs
/usr/share/fonts/encodings: caching, new cache contents: 0 fonts, 1 dirs
/usr/share/fonts/encodings/large: caching, new cache contents: 0 fonts, 0 dirs
/usr/share/fonts/kanjistrokeorders: caching, new cache contents: 1 fonts, 0 dirs
/usr/share/fonts/misc: caching, new cache contents: 143 fonts, 0 dirs
/usr/share/fonts/util: caching, new cache contents: 0 fonts, 0 dirs
/var/cache/fontconfig: cleaning cache directory
/root/.cache/fontconfig: not cleaning non-existent cache directory
/root/.fontconfig: not cleaning non-existent cache directory
/usr/bin/fc-cache: succeeded
Package elisa-25.04.1-x86_64-1_rtz.tlz installed.
Package elisa-25.04.1-x86_64-1_rtz upgraded with new package /tmp/elisa/elisa-25.04.1-x86_64-1_rtz.tlz.
[32mCleaning environmet: Removing source code, and work-space...[0m
rm: cannot remove 'elisa-25.04.1.tar.xz': No such file or directory
