[32mStarting build process...[0m
Detected architecture: x86_64
Required dependencies: extra-cmake-modules	kcontacts5
extra-cmake-modules is already installed!
kcontacts5 is already installed!
No optional dependencies found.
Downloading source code tar.xz file
--2025-05-21 19:06:25--  https://download.kde.org/stable/kpeoplevcard/0.1/kpeoplevcard-0.1.tar.xz
Resolving download.kde.org (download.kde.org)... 49.12.122.15, 2a01:4f8:242:53eb::4
Connecting to download.kde.org (download.kde.org)|49.12.122.15|:443... connected.
HTTP request sent, awaiting response... 302 Found
Location: https://download.kde.org/Attic/kpeoplevcard/0.1/kpeoplevcard-0.1.tar.xz [following]
--2025-05-21 19:06:25--  https://download.kde.org/Attic/kpeoplevcard/0.1/kpeoplevcard-0.1.tar.xz
Reusing existing connection to download.kde.org:443.
HTTP request sent, awaiting response... 302 Found
Location: https://ftp.cc.uoc.gr/mirrors/kde/Attic/kpeoplevcard/0.1/kpeoplevcard-0.1.tar.xz [following]
--2025-05-21 19:06:25--  https://ftp.cc.uoc.gr/mirrors/kde/Attic/kpeoplevcard/0.1/kpeoplevcard-0.1.tar.xz
Resolving ftp.cc.uoc.gr (ftp.cc.uoc.gr)... 147.52.159.50, 2001:648:2c00:6c08::2
Connecting to ftp.cc.uoc.gr (ftp.cc.uoc.gr)|147.52.159.50|:443... connected.
HTTP request sent, awaiting response... 200 OK
Length: 13424 (13K) [application/octet-stream]
Saving to: ‘kpeoplevcard-0.1.tar.xz’

     0K .......... ...                                        100% 2.04G=0s

2025-05-21 19:06:26 (2.04 GB/s) - ‘kpeoplevcard-0.1.tar.xz’ saved [13424/13424]

Found file: kpeoplevcard-0.1.tar.xz
No checksum provided. Skipping checksum verification and proceeding...
Creating working directories and exporting source code in...
kpeoplevcard-0.1/
kpeoplevcard-0.1/autotests/
kpeoplevcard-0.1/autotests/CMakeLists.txt
kpeoplevcard-0.1/autotests/kpeoplevcardtest.cpp
kpeoplevcard-0.1/.arcconfig
kpeoplevcard-0.1/KF5PeopleVCardConfig.cmake.in
kpeoplevcard-0.1/CMakeLists.txt
kpeoplevcard-0.1/COPYING
kpeoplevcard-0.1/src/
kpeoplevcard-0.1/src/kpeoplevcard_source_plugin.desktop
kpeoplevcard-0.1/src/kpeoplevcard.json
kpeoplevcard-0.1/src/CMakeLists.txt
kpeoplevcard-0.1/src/kpeoplevcard.cpp
kpeoplevcard-0.1/src/kpeoplevcard.h
/home/omen/GITHUB/Athos/AthOS/REPO-AthOS/kpeoplevcard/work
README or README.md already exists, skipping creation.
hm...lets continue and see what happens
CMake Deprecation Warning at CMakeLists.txt:1 (cmake_minimum_required):
  Compatibility with CMake < 3.10 will be removed from a future version of
  CMake.

  Update the VERSION argument <min> value.  Or, use the <min>...<max> syntax
  to tell CMake that the project requires at least <min> but has been updated
  to work with policies introduced by <max> or earlier.


-- The C compiler identification is GNU 14.2.0
-- The CXX compiler identification is GNU 14.2.0
-- Detecting C compiler ABI info
-- Detecting C compiler ABI info - done
-- Check for working C compiler: /usr/bin/cc - skipped
-- Detecting C compile features
-- Detecting C compile features - done
-- Detecting CXX compiler ABI info
-- Detecting CXX compiler ABI info - done
-- Check for working CXX compiler: /usr/bin/c++ - skipped
-- Detecting CXX compile features
-- Detecting CXX compile features - done
-- Installing in the same prefix as Qt, adopting their path scheme.
-- Looking for __GLIBC__
-- Looking for __GLIBC__ - found
-- Performing Test _OFFT_IS_64BIT
-- Performing Test _OFFT_IS_64BIT - Success
-- Performing Test HAVE_DATE_TIME
-- Performing Test HAVE_DATE_TIME - Success
CMake Warning (dev) at /usr/share/ECM/modules/ECMFindModuleHelpers.cmake:111 (message):
  Your project should require at least CMake 3.16.0 to use FindKF5.cmake
Call Stack (most recent call first):
  /usr/share/ECM/find-modules/FindKF5.cmake:30 (ecm_find_package_version_check)
  CMakeLists.txt:21 (find_package)
This warning is for project developers.  Use -Wno-dev to suppress it.

-- Found KF5CoreAddons: /usr/lib64/cmake/KF5CoreAddons/KF5CoreAddonsConfig.cmake (found version "5.116.0")
-- Found Gettext: /usr/bin/msgmerge (found version "0.25")
-- Found KF5I18n: /usr/lib64/cmake/KF5I18n/KF5I18nConfig.cmake (found version "5.116.0")
-- Found KF5: success (found suitable version "5.116.0", minimum required is "5.8") found components: CoreAddons I18n
CMake Warning (dev) at /usr/share/ECM/modules/ECMFindModuleHelpers.cmake:111 (message):
  Your project should require at least CMake 3.16.0 to use FindKF5.cmake
Call Stack (most recent call first):
  /usr/share/ECM/find-modules/FindKF5.cmake:30 (ecm_find_package_version_check)
  CMakeLists.txt:22 (find_package)
This warning is for project developers.  Use -Wno-dev to suppress it.

-- Found KF5People: /usr/lib64/cmake/KF5People/KF5PeopleConfig.cmake (found version "5.116.0")
-- Found KF5: success (found suitable version "5.116.0", minimum required is "5.62") found components: People
-- Configuring done (0.5s)
-- Generating done (0.0s)
CMake Warning:
  Manually-specified variables were not used by the project:

    CMAKE_INSTALL_DOCDIR


-- Build files have been written to: /home/omen/GITHUB/Athos/AthOS/REPO-AthOS/kpeoplevcard/work/kpeoplevcard-0.1/build
[1/9] Automatic MOC for target KPeopleVCard
[2/9] Automatic MOC for target kpeoplevcardtest
[3/9] Building CXX object src/CMakeFiles/KPeopleVCard.dir/KPeopleVCard_autogen/mocs_compilation.cpp.o
[4/9] Building CXX object autotests/CMakeFiles/kpeoplevcardtest.dir/kpeoplevcardtest_autogen/mocs_compilation.cpp.o
[5/9] Building CXX object src/CMakeFiles/KPeopleVCard.dir/kpeoplevcard.cpp.o
[6/9] Building CXX object autotests/CMakeFiles/kpeoplevcardtest.dir/__/src/kpeoplevcard.cpp.o
[7/9] Linking CXX shared module src/KPeopleVCard.so
[8/9] Building CXX object autotests/CMakeFiles/kpeoplevcardtest.dir/kpeoplevcardtest.cpp.o
[9/9] Linking CXX executable autotests/kpeoplevcardtest
-- Install configuration: "None"
-- Installing: /home/omen/GITHUB/Athos/AthOS/REPO-AthOS/kpeoplevcard/package-kpeoplevcard/usr/lib64/cmake/KF5PeopleVCard/KF5PeopleVCardConfig.cmake
-- Installing: /home/omen/GITHUB/Athos/AthOS/REPO-AthOS/kpeoplevcard/package-kpeoplevcard/usr/lib64/qt5/plugins/kpeople/datasource/KPeopleVCard.so
[32mThe main part of source code is ready. We are moving on to preparing post install scripts, docs, license, man pages etc..[0m
cp: cannot stat 'AUTHORS': No such file or directory
cp: cannot stat 'ChangeLog*': No such file or directory
cp: cannot stat 'CREDITS': No such file or directory
cp: cannot stat 'LICENSE': No such file or directory
cp: cannot stat 'MAINTAINERS': No such file or directory
cp: cannot stat 'NEWS': No such file or directory
cp: cannot stat 'README*': No such file or directory
cp: cannot stat 'docs': No such file or directory
cp: cannot stat 'DOCS': No such file or directory
grep: /home/omen/GITHUB/Athos/AthOS/REPO-AthOS/kpeoplevcard/kpeoplevcard.info: No such file or directory
extra-cmake-modules
kcontacts5
[32mPackaging compiled for slackware installation...[0m
[32mMAKEPKG_FLAGS is empty or unset, using default[0m

Slackware package maker, version 3.14159265.

Searching for symbolic links:

No symbolic links were found, so we won't make an installation script.
You can make your own later in ./install/doinst.sh and rebuild the
package if you like.

This next step is optional - you can set the directories in your package
to some sane permissions. If any of the directories in your package have
special permissions, then DO NOT reset them here!

Would you like to reset all directory permissions to 755 (drwxr-xr-x) and
directory ownerships to root:root ([y]es, [n]o)? n


Creating Slackware package:  /tmp/kpeoplevcard/kpeoplevcard-0.1-x86_64-1_rtz.tlz

./
install/
install/doinst.sh
install/slack-desc
usr/
usr/doc/
usr/doc/kpeoplevcard-0.1/
usr/doc/kpeoplevcard-0.1/COPYING
usr/doc/kpeoplevcard-0.1/kpeoplevcard.ini
usr/doc/kpeoplevcard-0.1/slack-required
usr/lib64/
usr/lib64/cmake/
usr/lib64/cmake/KF5PeopleVCard/
usr/lib64/cmake/KF5PeopleVCard/KF5PeopleVCardConfig.cmake
usr/lib64/qt5/
usr/lib64/qt5/plugins/
usr/lib64/qt5/plugins/kpeople/
usr/lib64/qt5/plugins/kpeople/datasource/
usr/lib64/qt5/plugins/kpeople/datasource/KPeopleVCard.so

Slackware package /tmp/kpeoplevcard/kpeoplevcard-0.1-x86_64-1_rtz.tlz created.

Create shared object file for kpeoplevcard-0.1-x86_64-1_rtz.tlz
Creating /tmp/kpeoplevcard/kpeoplevcard-0.1-x86_64-1_rtz.tlz.so.file using /tmp/kpeoplevcard/kpeoplevcard-0.1-x86_64-1_rtz.tlz
Successfully created /tmp/kpeoplevcard/kpeoplevcard-0.1-x86_64-1_rtz.tlz.so.file
Packaging of executable and meta-data in kpeoplevcard.tar.lz4 format.
/tmp/kpeoplevcard /tmp/kpeoplevcard
/tmp/kpeoplevcard
BIN_NAME
README
kpeoplevcard-0.1-x86_64-1_rtz.tlz
kpeoplevcard-0.1-x86_64-1_rtz.tlz.md5
kpeoplevcard-0.1-x86_64-1_rtz.tlz.so.file
kpeoplevcard-0.1-x86_64-1_rtz.tlz.txt
kpeoplevcard.dep
makepkg-kpeoplevcard.log
[32mkpeoplevcard build finished. Procced to installation...[0m

+===========================================================================================================+
| Upgrading kpeoplevcard-0.1-x86_64-1_rtz package using /tmp/kpeoplevcard/kpeoplevcard-0.1-x86_64-1_rtz.tlz |
+===========================================================================================================+

Pre-installing package kpeoplevcard-0.1-x86_64-1_rtz...
Removing package: kpeoplevcard-0.1-x86_64-1_rtz-upgraded-2025-05-21,19:06:29
Installing package kpeoplevcard-0.1-x86_64-1_rtz.tlz:
PACKAGE DESCRIPTION:
# kpeoplevcard (KPeople backend using vcard storage)
#
# KPeople backend using vcard storage
#
# https://invent.kde.org/pim/kpeoplevcard
Executing install script for kpeoplevcard-0.1-x86_64-1_rtz.tlz.
Font directories:
	/usr/share/fonts
/usr/share/fonts: caching, new cache contents: 0 fonts, 11 dirs
/usr/share/fonts/100dpi: caching, new cache contents: 238 fonts, 0 dirs
/usr/share/fonts/75dpi: caching, new cache contents: 238 fonts, 0 dirs
/usr/share/fonts/OTF: caching, new cache contents: 124 fonts, 0 dirs
/usr/share/fonts/Speedo: caching, new cache contents: 0 fonts, 0 dirs
/usr/share/fonts/TTF: caching, new cache contents: 1132 fonts, 0 dirs
/usr/share/fonts/Type1: caching, new cache contents: 64 fonts, 0 dirs
/usr/share/fonts/cyrillic: caching, new cache contents: 0 fonts, 0 dirs
/usr/share/fonts/encodings: caching, new cache contents: 0 fonts, 1 dirs
/usr/share/fonts/encodings/large: caching, new cache contents: 0 fonts, 0 dirs
/usr/share/fonts/kanjistrokeorders: caching, new cache contents: 1 fonts, 0 dirs
/usr/share/fonts/misc: caching, new cache contents: 143 fonts, 0 dirs
/usr/share/fonts/util: caching, new cache contents: 0 fonts, 0 dirs
/var/cache/fontconfig: cleaning cache directory
/root/.cache/fontconfig: not cleaning non-existent cache directory
/root/.fontconfig: not cleaning non-existent cache directory
/usr/bin/fc-cache: succeeded
Package kpeoplevcard-0.1-x86_64-1_rtz.tlz installed.
Package kpeoplevcard-0.1-x86_64-1_rtz upgraded with new package /tmp/kpeoplevcard/kpeoplevcard-0.1-x86_64-1_rtz.tlz.
[32mCleaning environmet: Removing source code, and work-space...[0m
rm: cannot remove 'kpeoplevcard-0.1.tar.xz': No such file or directory
