[32mStarting build process...[0m
Detected architecture: x86_64
Required dependencies: extra-cmake-modules	kaccounts-integration	kdoctools	ki18n	kio	libkgapi	purpose kaccounts-providers	signon-plugin-oauth2	signon-ui
extra-cmake-modules is already installed!
kaccounts-integration is already installed!
kdoctools is already installed!
ki18n is already installed!
kio is already installed!
libkgapi is already installed!
purpose is already installed!
kaccounts-providers is already installed!
signon-plugin-oauth2 is already installed!
signon-ui is already installed!
No optional dependencies found.
Downloading source code tar.xz file
--2025-05-28 21:35:52--  https://download.kde.org/stable/release-service/25.04.1/src/kio-gdrive-25.04.1.tar.xz
Resolving download.kde.org (download.kde.org)... 49.12.122.15, 2a01:4f8:242:53eb::4
Connecting to download.kde.org (download.kde.org)|49.12.122.15|:443... connected.
HTTP request sent, awaiting response... 302 Found
Location: https://ftp.cc.uoc.gr/mirrors/kde/stable/release-service/25.04.1/src/kio-gdrive-25.04.1.tar.xz [following]
--2025-05-28 21:35:53--  https://ftp.cc.uoc.gr/mirrors/kde/stable/release-service/25.04.1/src/kio-gdrive-25.04.1.tar.xz
Resolving ftp.cc.uoc.gr (ftp.cc.uoc.gr)... 147.52.159.50, 2001:648:2c00:6c08::2
Connecting to ftp.cc.uoc.gr (ftp.cc.uoc.gr)|147.52.159.50|:443... connected.
HTTP request sent, awaiting response... 200 OK
Length: 82424 (80K) [application/octet-stream]
Saving to: ‘kio-gdrive-25.04.1.tar.xz’

     0K .......... .......... .......... .......... .......... 62% 1.38M 0s
    50K .......... .......... ..........                      100% 11.8M=0.04s

2025-05-28 21:35:53 (2.07 MB/s) - ‘kio-gdrive-25.04.1.tar.xz’ saved [82424/82424]

Found file: kio-gdrive-25.04.1.tar.xz
No checksum provided. Skipping checksum verification and proceeding...
Creating working directories and exporting source code in...
kio-gdrive-25.04.1/
kio-gdrive-25.04.1/cmake/
kio-gdrive-25.04.1/cmake/modules/
kio-gdrive-25.04.1/cmake/modules/FindIntltool.cmake
kio-gdrive-25.04.1/README.md
kio-gdrive-25.04.1/kaccounts/
kio-gdrive-25.04.1/kaccounts/google-drive.service.in
kio-gdrive-25.04.1/kaccounts/kaccountsplugin.h
kio-gdrive-25.04.1/kaccounts/kaccountsplugin.cpp
kio-gdrive-25.04.1/kaccounts/gdrive.notifyrc
kio-gdrive-25.04.1/kaccounts/CMakeLists.txt
kio-gdrive-25.04.1/kaccounts/kaccountsplugin.json
kio-gdrive-25.04.1/COPYING.GPL3
kio-gdrive-25.04.1/HACKING
kio-gdrive-25.04.1/Messages.sh
kio-gdrive-25.04.1/LICENSES/
kio-gdrive-25.04.1/LICENSES/GPL-2.0-only.txt
kio-gdrive-25.04.1/LICENSES/LicenseRef-KDE-Accepted-GPL.txt
kio-gdrive-25.04.1/LICENSES/GPL-3.0-or-later.txt
kio-gdrive-25.04.1/LICENSES/GPL-3.0-only.txt
kio-gdrive-25.04.1/LICENSES/GPL-2.0-or-later.txt
kio-gdrive-25.04.1/README.packagers
kio-gdrive-25.04.1/.gitlab-ci.yml
kio-gdrive-25.04.1/doc/
kio-gdrive-25.04.1/doc/index.docbook
kio-gdrive-25.04.1/doc/CMakeLists.txt
kio-gdrive-25.04.1/.kde-ci.yml
kio-gdrive-25.04.1/desktop/
kio-gdrive-25.04.1/desktop/gdrive-network.desktop
kio-gdrive-25.04.1/desktop/org.kde.kio_gdrive.metainfo.xml
kio-gdrive-25.04.1/desktop/CMakeLists.txt
kio-gdrive-25.04.1/po/
kio-gdrive-25.04.1/po/pt/
kio-gdrive-25.04.1/po/pt/kio6_gdrive.po
kio-gdrive-25.04.1/po/pt/docs/
kio-gdrive-25.04.1/po/pt/docs/kioworker6/
kio-gdrive-25.04.1/po/pt/docs/kioworker6/gdrive/
kio-gdrive-25.04.1/po/pt/docs/kioworker6/gdrive/index.docbook
kio-gdrive-25.04.1/po/nn/
kio-gdrive-25.04.1/po/nn/kio6_gdrive.po
kio-gdrive-25.04.1/po/pl/
kio-gdrive-25.04.1/po/pl/kio6_gdrive.po
kio-gdrive-25.04.1/po/ja/
kio-gdrive-25.04.1/po/ja/kio6_gdrive.po
kio-gdrive-25.04.1/po/zh_CN/
kio-gdrive-25.04.1/po/zh_CN/kio6_gdrive.po
kio-gdrive-25.04.1/po/cs/
kio-gdrive-25.04.1/po/cs/kio6_gdrive.po
kio-gdrive-25.04.1/po/es/
kio-gdrive-25.04.1/po/es/kio6_gdrive.po
kio-gdrive-25.04.1/po/es/docs/
kio-gdrive-25.04.1/po/es/docs/kioworker6/
kio-gdrive-25.04.1/po/es/docs/kioworker6/gdrive/
kio-gdrive-25.04.1/po/es/docs/kioworker6/gdrive/index.docbook
kio-gdrive-25.04.1/po/ka/
kio-gdrive-25.04.1/po/ka/kio6_gdrive.po
kio-gdrive-25.04.1/po/tr/
kio-gdrive-25.04.1/po/tr/kio6_gdrive.po
kio-gdrive-25.04.1/po/tr/docs/
kio-gdrive-25.04.1/po/tr/docs/kioworker6/
kio-gdrive-25.04.1/po/tr/docs/kioworker6/gdrive/
kio-gdrive-25.04.1/po/tr/docs/kioworker6/gdrive/index.docbook
kio-gdrive-25.04.1/po/tr/docs/kioworker6/gdrive/CMakeLists.txt
kio-gdrive-25.04.1/po/ca/
kio-gdrive-25.04.1/po/ca/kio6_gdrive.po
kio-gdrive-25.04.1/po/ca/docs/
kio-gdrive-25.04.1/po/ca/docs/kioworker6/
kio-gdrive-25.04.1/po/ca/docs/kioworker6/gdrive/
kio-gdrive-25.04.1/po/ca/docs/kioworker6/gdrive/index.docbook
kio-gdrive-25.04.1/po/ca@valencia/
kio-gdrive-25.04.1/po/ca@valencia/kio6_gdrive.po
kio-gdrive-25.04.1/po/gl/
kio-gdrive-25.04.1/po/gl/kio6_gdrive.po
kio-gdrive-25.04.1/po/ro/
kio-gdrive-25.04.1/po/ro/kio6_gdrive.po
kio-gdrive-25.04.1/po/eo/
kio-gdrive-25.04.1/po/eo/kio6_gdrive.po
kio-gdrive-25.04.1/po/nl/
kio-gdrive-25.04.1/po/nl/kio6_gdrive.po
kio-gdrive-25.04.1/po/nl/docs/
kio-gdrive-25.04.1/po/nl/docs/kioworker6/
kio-gdrive-25.04.1/po/nl/docs/kioworker6/gdrive/
kio-gdrive-25.04.1/po/nl/docs/kioworker6/gdrive/index.docbook
kio-gdrive-25.04.1/po/hu/
kio-gdrive-25.04.1/po/hu/kio6_gdrive.po
kio-gdrive-25.04.1/po/eu/
kio-gdrive-25.04.1/po/eu/kio6_gdrive.po
kio-gdrive-25.04.1/po/lv/
kio-gdrive-25.04.1/po/lv/kio6_gdrive.po
kio-gdrive-25.04.1/po/fr/
kio-gdrive-25.04.1/po/fr/kio6_gdrive.po
kio-gdrive-25.04.1/po/hi/
kio-gdrive-25.04.1/po/hi/kio6_gdrive.po
kio-gdrive-25.04.1/po/sl/
kio-gdrive-25.04.1/po/sl/kio6_gdrive.po
kio-gdrive-25.04.1/po/sl/docs/
kio-gdrive-25.04.1/po/sl/docs/kioworker6/
kio-gdrive-25.04.1/po/sl/docs/kioworker6/gdrive/
kio-gdrive-25.04.1/po/sl/docs/kioworker6/gdrive/index.docbook
kio-gdrive-25.04.1/po/sr@latin/
kio-gdrive-25.04.1/po/sr@latin/docs/
kio-gdrive-25.04.1/po/sr@latin/docs/kioworker6/
kio-gdrive-25.04.1/po/sr@latin/docs/kioworker6/gdrive/
kio-gdrive-25.04.1/po/sr@latin/docs/kioworker6/gdrive/index.docbook
kio-gdrive-25.04.1/po/ta/
kio-gdrive-25.04.1/po/ta/kio6_gdrive.po
kio-gdrive-25.04.1/po/sr/
kio-gdrive-25.04.1/po/sr/docs/
kio-gdrive-25.04.1/po/sr/docs/kioworker6/
kio-gdrive-25.04.1/po/sr/docs/kioworker6/gdrive/
kio-gdrive-25.04.1/po/sr/docs/kioworker6/gdrive/index.docbook
kio-gdrive-25.04.1/po/he/
kio-gdrive-25.04.1/po/he/kio6_gdrive.po
kio-gdrive-25.04.1/po/de/
kio-gdrive-25.04.1/po/de/kio6_gdrive.po
kio-gdrive-25.04.1/po/de/docs/
kio-gdrive-25.04.1/po/de/docs/kioworker6/
kio-gdrive-25.04.1/po/de/docs/kioworker6/gdrive/
kio-gdrive-25.04.1/po/de/docs/kioworker6/gdrive/index.docbook
kio-gdrive-25.04.1/po/ar/
kio-gdrive-25.04.1/po/ar/kio6_gdrive.po
kio-gdrive-25.04.1/po/sk/
kio-gdrive-25.04.1/po/sk/kio6_gdrive.po
kio-gdrive-25.04.1/po/zh_TW/
kio-gdrive-25.04.1/po/zh_TW/kio6_gdrive.po
kio-gdrive-25.04.1/po/et/
kio-gdrive-25.04.1/po/et/kio6_gdrive.po
kio-gdrive-25.04.1/po/ie/
kio-gdrive-25.04.1/po/ie/kio6_gdrive.po
kio-gdrive-25.04.1/po/it/
kio-gdrive-25.04.1/po/it/kio6_gdrive.po
kio-gdrive-25.04.1/po/it/docs/
kio-gdrive-25.04.1/po/it/docs/kioworker6/
kio-gdrive-25.04.1/po/it/docs/kioworker6/gdrive/
kio-gdrive-25.04.1/po/it/docs/kioworker6/gdrive/index.docbook
kio-gdrive-25.04.1/po/el/
kio-gdrive-25.04.1/po/el/kio6_gdrive.po
kio-gdrive-25.04.1/po/da/
kio-gdrive-25.04.1/po/da/kio6_gdrive.po
kio-gdrive-25.04.1/po/pt_BR/
kio-gdrive-25.04.1/po/pt_BR/kio6_gdrive.po
kio-gdrive-25.04.1/po/pt_BR/docs/
kio-gdrive-25.04.1/po/pt_BR/docs/kioworker6/
kio-gdrive-25.04.1/po/pt_BR/docs/kioworker6/gdrive/
kio-gdrive-25.04.1/po/pt_BR/docs/kioworker6/gdrive/index.docbook
kio-gdrive-25.04.1/po/ru/
kio-gdrive-25.04.1/po/ru/kio6_gdrive.po
kio-gdrive-25.04.1/po/ru/docs/
kio-gdrive-25.04.1/po/ru/docs/kioworker6/
kio-gdrive-25.04.1/po/ru/docs/kioworker6/gdrive/
kio-gdrive-25.04.1/po/ru/docs/kioworker6/gdrive/index.docbook
kio-gdrive-25.04.1/po/id/
kio-gdrive-25.04.1/po/id/kio6_gdrive.po
kio-gdrive-25.04.1/po/ia/
kio-gdrive-25.04.1/po/ia/kio6_gdrive.po
kio-gdrive-25.04.1/po/sv/
kio-gdrive-25.04.1/po/sv/kio6_gdrive.po
kio-gdrive-25.04.1/po/sv/docs/
kio-gdrive-25.04.1/po/sv/docs/kioworker6/
kio-gdrive-25.04.1/po/sv/docs/kioworker6/gdrive/
kio-gdrive-25.04.1/po/sv/docs/kioworker6/gdrive/index.docbook
kio-gdrive-25.04.1/po/fi/
kio-gdrive-25.04.1/po/fi/kio6_gdrive.po
kio-gdrive-25.04.1/po/lt/
kio-gdrive-25.04.1/po/lt/kio6_gdrive.po
kio-gdrive-25.04.1/po/be/
kio-gdrive-25.04.1/po/be/kio6_gdrive.po
kio-gdrive-25.04.1/po/sa/
kio-gdrive-25.04.1/po/sa/kio6_gdrive.po
kio-gdrive-25.04.1/po/ko/
kio-gdrive-25.04.1/po/ko/kio6_gdrive.po
kio-gdrive-25.04.1/po/en_GB/
kio-gdrive-25.04.1/po/en_GB/kio6_gdrive.po
kio-gdrive-25.04.1/po/uk/
kio-gdrive-25.04.1/po/uk/kio6_gdrive.po
kio-gdrive-25.04.1/po/uk/docs/
kio-gdrive-25.04.1/po/uk/docs/kioworker6/
kio-gdrive-25.04.1/po/uk/docs/kioworker6/gdrive/
kio-gdrive-25.04.1/po/uk/docs/kioworker6/gdrive/index.docbook
kio-gdrive-25.04.1/po/az/
kio-gdrive-25.04.1/po/az/kio6_gdrive.po
kio-gdrive-25.04.1/gdrive.json
kio-gdrive-25.04.1/autotests/
kio-gdrive-25.04.1/autotests/listtest.cpp
kio-gdrive-25.04.1/autotests/urltest.cpp
kio-gdrive-25.04.1/autotests/CMakeLists.txt
kio-gdrive-25.04.1/CMakeLists.txt
kio-gdrive-25.04.1/purpose/
kio-gdrive-25.04.1/purpose/purpose_gdrive.cpp
kio-gdrive-25.04.1/purpose/gdrivejob.cpp
kio-gdrive-25.04.1/purpose/purpose_gdrive_config.qml
kio-gdrive-25.04.1/purpose/purpose_gdrive.json
kio-gdrive-25.04.1/purpose/gdrivejob.h
kio-gdrive-25.04.1/purpose/CMakeLists.txt
kio-gdrive-25.04.1/COPYING
kio-gdrive-25.04.1/src/
kio-gdrive-25.04.1/src/kaccountsmanager.h
kio-gdrive-25.04.1/src/keychainaccountmanager.cpp
kio-gdrive-25.04.1/src/kio_gdrive.cpp
kio-gdrive-25.04.1/src/gdrivehelper.cpp
kio-gdrive-25.04.1/src/kaccountsmanager.cpp
kio-gdrive-25.04.1/src/pathcache.cpp
kio-gdrive-25.04.1/src/gdriveurl.cpp
kio-gdrive-25.04.1/src/gdrive_udsentry.h
kio-gdrive-25.04.1/src/gdrivebackend.h.in
kio-gdrive-25.04.1/src/abstractaccountmanager.h
kio-gdrive-25.04.1/src/gdrivehelper.h
kio-gdrive-25.04.1/src/gdriveurl.h
kio-gdrive-25.04.1/src/abstractaccountmanager.cpp
kio-gdrive-25.04.1/src/CMakeLists.txt
kio-gdrive-25.04.1/src/kio_gdrive.h
kio-gdrive-25.04.1/src/integration/
kio-gdrive-25.04.1/src/integration/contextmenuaction/
kio-gdrive-25.04.1/src/integration/contextmenuaction/contextmenuaction.h
kio-gdrive-25.04.1/src/integration/contextmenuaction/contextmenuaction.cpp
kio-gdrive-25.04.1/src/integration/contextmenuaction/contextmenuaction.json
kio-gdrive-25.04.1/src/integration/contextmenuaction/CMakeLists.txt
kio-gdrive-25.04.1/src/integration/CMakeLists.txt
kio-gdrive-25.04.1/src/integration/propertiesplugin/
kio-gdrive-25.04.1/src/integration/propertiesplugin/gdrivepropertiesplugin.h
kio-gdrive-25.04.1/src/integration/propertiesplugin/gdrivepropertiesplugin.json
kio-gdrive-25.04.1/src/integration/propertiesplugin/gdrivepropertiesplugin.ui
kio-gdrive-25.04.1/src/integration/propertiesplugin/gdrivepropertiesplugin.cpp
kio-gdrive-25.04.1/src/integration/propertiesplugin/CMakeLists.txt
kio-gdrive-25.04.1/src/keychainaccountmanager.h
kio-gdrive-25.04.1/src/pathcache.h
kio-gdrive-25.04.1/.gitignore
/home/omen/GITHUB/Athos/AthOS/REPO-AthOS/kio-gdrive/work
README or README.md already exists, skipping creation.
hm...lets continue and see what happens
-- The C compiler identification is GNU 14.3.0
-- The CXX compiler identification is GNU 14.3.0
-- Detecting C compiler ABI info
-- Detecting C compiler ABI info - done
-- Check for working C compiler: /usr/bin/cc - skipped
-- Detecting C compile features
-- Detecting C compile features - done
-- Detecting CXX compiler ABI info
-- Detecting CXX compiler ABI info - done
-- Check for working CXX compiler: /usr/bin/c++ - skipped
-- Detecting CXX compile features
-- Detecting CXX compile features - done
-- Installing in the same prefix as Qt, adopting their path scheme.
-- Looking for __GLIBC__
-- Looking for __GLIBC__ - found
-- Performing Test _OFFT_IS_64BIT
-- Performing Test _OFFT_IS_64BIT - Success
-- Performing Test HAVE_DATE_TIME
-- Performing Test HAVE_DATE_TIME - Success
-- Found OpenGL: /usr/lib64/libOpenGL.so
-- Found WrapOpenGL: TRUE
-- Found XKB: /usr/lib64/libxkbcommon.so (found suitable version "1.10.0", minimum required is "0.5.0")
-- Found WrapVulkanHeaders: /usr/include
-- Performing Test HAVE_STDATOMIC
-- Performing Test HAVE_STDATOMIC - Success
-- Found WrapAtomic: TRUE
-- Found Gettext: /usr/bin/msgmerge (found version "0.25")
-- Found KF6I18n: /usr/lib64/cmake/KF6I18n/KF6I18nConfig.cmake (found version "6.14.0")
-- Found KF6DocTools: /usr/lib64/cmake/KF6DocTools/KF6DocToolsConfig.cmake (found version "6.14.0")
-- Found X11: /usr/include
-- Looking for XOpenDisplay in /usr/lib64/libX11.so;/usr/lib64/libXext.so
-- Looking for XOpenDisplay in /usr/lib64/libX11.so;/usr/lib64/libXext.so - found
-- Looking for gethostbyname
-- Looking for gethostbyname - found
-- Looking for connect
-- Looking for connect - found
-- Looking for remove
-- Looking for remove - found
-- Looking for shmat
-- Looking for shmat - found
-- Looking for IceConnectionNumber in ICE
-- Looking for IceConnectionNumber in ICE - found
-- Found KF6KIO: /usr/lib64/cmake/KF6KIO/KF6KIOConfig.cmake (found version "6.14.0")
-- Found KF6: success (found suitable version "6.14.0", minimum required is "6.3.0") found components: I18n DocTools KIO
-- Building the KAccounts backend.
-- Found Intltool: /usr/bin/intltool-extract (found version "0.51.0")
Merging translations into /home/omen/GITHUB/Athos/AthOS/REPO-AthOS/kio-gdrive/work/kio-gdrive-25.04.1/build/kaccounts/google-drive.service.
CREATED /home/omen/GITHUB/Athos/AthOS/REPO-AthOS/kio-gdrive/work/kio-gdrive-25.04.1/build/kaccounts/google-drive.service
-- The following OPTIONAL packages have been found:

 * OpenGL
 * Vulkan
 * Freetype
 * Fontconfig
 * Qt6Network (required version >= 6.7.0)
 * PkgConfig
 * XKB (required version >= 0.5.0), XKB API common to servers and clients., <http://xkbcommon.org>
 * WrapVulkanHeaders
 * Qt6DBusTools (required version >= 6.8.3)
 * Qt6QmlTools (required version >= 6.8.3)
 * Qt6CoreTools (required version >= 6.8.3)
 * Qt6GuiTools (required version >= 6.8.3)
 * Qt6WidgetsTools (required version >= 6.8.3)
 * Qt6Widgets (required version >= 6.5.0)
 * Qt6Test
   Required for building tests.
 * Git

-- The following RECOMMENDED packages have been found:

 * KF6Purpose (required version >= 6.3.0)
   Enables the Share menu plugin.
 * KAccounts6 (required version >= 24.08.0), <https://commits.kde.org/kaccounts-integration>
   Enables integration with system-wide accounts.

-- The following REQUIRED packages have been found:

 * ECM (required version >= 6.3.0)
 * Qt6 (required version >= 6.5.0)
 * KF6DocTools (required version >= 6.3.0)
 * KF6KIO (required version >= 6.3.0)
 * KF6 (required version >= 6.3.0)
 * Qt6Gui (required version >= 6.7.0)
 * Gettext
 * KF6I18n (required version >= 6.14.0)
 * KPim6GAPI (required version >= 6.2.40)
 * KF6Notifications (required version >= 6.3.0)
 * Intltool

-- The following OPTIONAL packages have not been found:

 * Qt6QmlCompilerPlusPrivateTools (required version >= 6.8.3)

-- Configuring done (1.5s)
-- Generating done (0.0s)
-- Build files have been written to: /home/omen/GITHUB/Athos/AthOS/REPO-AthOS/kio-gdrive/work/kio-gdrive-25.04.1/build
[1/51] Generating ts...
[2/51] Generating mo...
[3/51] Generating po/uk/docs/kioworker6/gdrive/index.cache.bz2
[4/51] Generating po/nl/docs/kioworker6/gdrive/index.cache.bz2
[5/51] Generating po/ru/docs/kioworker6/gdrive/index.cache.bz2
[6/51] Generating po/pt_BR/docs/kioworker6/gdrive/index.cache.bz2
I/O warning : failed to load "/usr/share/kf6/kdoctools/customization/xsl/pt-BR.xml": No such file or directory
No "pt_br" localization of "footer-doc-comment" exists; using "en".
No "pt_br" localization of "footer-doc-feedback" exists; using "en".
No "pt_br" localization of "footer-doc-teamname" exists; using "en".
[7/51] Generating po/ca/docs/kioworker6/gdrive/index.cache.bz2
[8/51] Generating po/pt/docs/kioworker6/gdrive/index.cache.bz2
[9/51] Generating po/tr/docs/kioworker6/gdrive/index.cache.bz2
[10/51] Generating po/sr@latin/docs/kioworker6/gdrive/index.cache.bz2
[11/51] Generating po/es/docs/kioworker6/gdrive/index.cache.bz2
[12/51] Generating po/it/docs/kioworker6/gdrive/index.cache.bz2
[13/51] Generating index.cache.bz2
[14/51] Generating po/sv/docs/kioworker6/gdrive/index.cache.bz2
[15/51] Generating po/sr/docs/kioworker6/gdrive/index.cache.bz2
[16/51] Generating po/de/docs/kioworker6/gdrive/index.cache.bz2
[17/51] Generating po/sl/docs/kioworker6/gdrive/index.cache.bz2
[18/51] Automatic MOC for target kaccounts_gdrive
[19/51] Automatic MOC for target purpose_gdrive
[20/51] Automatic MOC for target kio_gdrive
[21/51] Building CXX object src/CMakeFiles/kio_gdrive.dir/kio_gdrive_autogen/mocs_compilation.cpp.o
[22/51] Automatic MOC for target urltest
[23/51] Automatic MOC for target gdrivecontextmenuaction
[24/51] Automatic MOC for target gdrivepropertiesplugin
[25/51] Building CXX object autotests/CMakeFiles/urltest.dir/urltest_autogen/mocs_compilation.cpp.o
[26/51] Generating ui_gdrivepropertiesplugin.h
[27/51] Building CXX object src/CMakeFiles/kio_gdrive.dir/gdrivedebug.cpp.o
[28/51] Building CXX object src/CMakeFiles/kio_gdrive.dir/gdriveurl.cpp.o
[29/51] Building CXX object autotests/CMakeFiles/urltest.dir/__/src/gdriveurl.cpp.o
[30/51] Building CXX object purpose/CMakeFiles/purpose_gdrive.dir/purpose_gdrive_autogen/mocs_compilation.cpp.o
[31/51] Building CXX object src/CMakeFiles/kio_gdrive.dir/abstractaccountmanager.cpp.o
[32/51] Building CXX object src/integration/propertiesplugin/CMakeFiles/gdrivepropertiesplugin.dir/__/__/gdrivedebug.cpp.o
[33/51] Building CXX object kaccounts/CMakeFiles/kaccounts_gdrive.dir/kaccounts_gdrive_autogen/mocs_compilation.cpp.o
[34/51] Building CXX object purpose/CMakeFiles/purpose_gdrive.dir/gdrivejob.cpp.o
[35/51] Building CXX object src/integration/contextmenuaction/CMakeFiles/gdrivecontextmenuaction.dir/gdrivecontextmenuaction_autogen/mocs_compilation.cpp.o
[36/51] Building CXX object purpose/CMakeFiles/purpose_gdrive.dir/purpose_gdrive.cpp.o
[37/51] Building CXX object src/integration/contextmenuaction/CMakeFiles/gdrivecontextmenuaction.dir/contextmenuaction.cpp.o
[38/51] Building CXX object src/CMakeFiles/kio_gdrive.dir/pathcache.cpp.o
[39/51] Linking CXX shared module bin/kf6/purpose/purpose_gdrive.so
[40/51] Linking CXX shared module bin/kf6/kfileitemaction/gdrivecontextmenuaction.so
[41/51] Building CXX object src/CMakeFiles/kio_gdrive.dir/gdrivehelper.cpp.o
[42/51] Building CXX object src/CMakeFiles/kio_gdrive.dir/kaccountsmanager.cpp.o
[43/51] Building CXX object kaccounts/CMakeFiles/kaccounts_gdrive.dir/kaccountsplugin.cpp.o
[44/51] Building CXX object src/integration/propertiesplugin/CMakeFiles/gdrivepropertiesplugin.dir/gdrivepropertiesplugin_autogen/mocs_compilation.cpp.o
[45/51] Linking CXX shared module bin/kaccounts/daemonplugins/gdrive.so
[46/51] Building CXX object src/integration/propertiesplugin/CMakeFiles/gdrivepropertiesplugin.dir/gdrivepropertiesplugin.cpp.o
[47/51] Building CXX object autotests/CMakeFiles/urltest.dir/urltest.cpp.o
[48/51] Linking CXX executable bin/urltest
[49/51] Linking CXX shared module bin/kf6/propertiesdialog/gdrivepropertiesplugin.so
[50/51] Building CXX object src/CMakeFiles/kio_gdrive.dir/kio_gdrive.cpp.o
[51/51] Linking CXX shared module bin/kf6/kio/gdrive.so
-- Install configuration: "RelWithDebInfo"
-- Installing: /home/omen/GITHUB/Athos/AthOS/REPO-AthOS/kio-gdrive/package-kio-gdrive/usr/share/remoteview/gdrive-network.desktop
-- Installing: /home/omen/GITHUB/Athos/AthOS/REPO-AthOS/kio-gdrive/package-kio-gdrive/usr/share/metainfo/org.kde.kio_gdrive.metainfo.xml
-- Installing: /home/omen/GITHUB/Athos/AthOS/REPO-AthOS/kio-gdrive/package-kio-gdrive/usr/share/doc/HTML/en/kioworker6/gdrive/index.cache.bz2
-- Installing: /home/omen/GITHUB/Athos/AthOS/REPO-AthOS/kio-gdrive/package-kio-gdrive/usr/share/doc/HTML/en/kioworker6/gdrive/index.docbook
-- Installing: /home/omen/GITHUB/Athos/AthOS/REPO-AthOS/kio-gdrive/package-kio-gdrive/usr/lib64/qt6/plugins/kf6/kfileitemaction/gdrivecontextmenuaction.so
-- Installing: /home/omen/GITHUB/Athos/AthOS/REPO-AthOS/kio-gdrive/package-kio-gdrive/usr/lib64/qt6/plugins/kf6/propertiesdialog/gdrivepropertiesplugin.so
-- Installing: /home/omen/GITHUB/Athos/AthOS/REPO-AthOS/kio-gdrive/package-kio-gdrive/usr/lib64/qt6/plugins/kf6/kio/gdrive.so
-- Installing: /home/omen/GITHUB/Athos/AthOS/REPO-AthOS/kio-gdrive/package-kio-gdrive/usr/lib64/qt6/plugins/kf6/purpose/purpose_gdrive.so
-- Installing: /home/omen/GITHUB/Athos/AthOS/REPO-AthOS/kio-gdrive/package-kio-gdrive/usr/share/purpose/purpose_gdrive_config.qml
-- Installing: /home/omen/GITHUB/Athos/AthOS/REPO-AthOS/kio-gdrive/package-kio-gdrive/usr/share/accounts/services/kde/google-drive.service
-- Installing: /home/omen/GITHUB/Athos/AthOS/REPO-AthOS/kio-gdrive/package-kio-gdrive/usr/lib64/qt6/plugins/kaccounts/daemonplugins/gdrive.so
-- Installing: /home/omen/GITHUB/Athos/AthOS/REPO-AthOS/kio-gdrive/package-kio-gdrive/usr/share/knotifications6/gdrive.notifyrc
-- Installing: /home/omen/GITHUB/Athos/AthOS/REPO-AthOS/kio-gdrive/package-kio-gdrive/usr/share/locale
-- Installing: /home/omen/GITHUB/Athos/AthOS/REPO-AthOS/kio-gdrive/package-kio-gdrive/usr/share/locale/da
-- Installing: /home/omen/GITHUB/Athos/AthOS/REPO-AthOS/kio-gdrive/package-kio-gdrive/usr/share/locale/da/LC_MESSAGES
-- Installing: /home/omen/GITHUB/Athos/AthOS/REPO-AthOS/kio-gdrive/package-kio-gdrive/usr/share/locale/da/LC_MESSAGES/kio6_gdrive.mo
-- Installing: /home/omen/GITHUB/Athos/AthOS/REPO-AthOS/kio-gdrive/package-kio-gdrive/usr/share/locale/cs
-- Installing: /home/omen/GITHUB/Athos/AthOS/REPO-AthOS/kio-gdrive/package-kio-gdrive/usr/share/locale/cs/LC_MESSAGES
-- Installing: /home/omen/GITHUB/Athos/AthOS/REPO-AthOS/kio-gdrive/package-kio-gdrive/usr/share/locale/cs/LC_MESSAGES/kio6_gdrive.mo
-- Installing: /home/omen/GITHUB/Athos/AthOS/REPO-AthOS/kio-gdrive/package-kio-gdrive/usr/share/locale/ja
-- Installing: /home/omen/GITHUB/Athos/AthOS/REPO-AthOS/kio-gdrive/package-kio-gdrive/usr/share/locale/ja/LC_MESSAGES
-- Installing: /home/omen/GITHUB/Athos/AthOS/REPO-AthOS/kio-gdrive/package-kio-gdrive/usr/share/locale/ja/LC_MESSAGES/kio6_gdrive.mo
-- Installing: /home/omen/GITHUB/Athos/AthOS/REPO-AthOS/kio-gdrive/package-kio-gdrive/usr/share/locale/de
-- Installing: /home/omen/GITHUB/Athos/AthOS/REPO-AthOS/kio-gdrive/package-kio-gdrive/usr/share/locale/de/LC_MESSAGES
-- Installing: /home/omen/GITHUB/Athos/AthOS/REPO-AthOS/kio-gdrive/package-kio-gdrive/usr/share/locale/de/LC_MESSAGES/kio6_gdrive.mo
-- Installing: /home/omen/GITHUB/Athos/AthOS/REPO-AthOS/kio-gdrive/package-kio-gdrive/usr/share/locale/el
-- Installing: /home/omen/GITHUB/Athos/AthOS/REPO-AthOS/kio-gdrive/package-kio-gdrive/usr/share/locale/el/LC_MESSAGES
-- Installing: /home/omen/GITHUB/Athos/AthOS/REPO-AthOS/kio-gdrive/package-kio-gdrive/usr/share/locale/el/LC_MESSAGES/kio6_gdrive.mo
-- Installing: /home/omen/GITHUB/Athos/AthOS/REPO-AthOS/kio-gdrive/package-kio-gdrive/usr/share/locale/nn
-- Installing: /home/omen/GITHUB/Athos/AthOS/REPO-AthOS/kio-gdrive/package-kio-gdrive/usr/share/locale/nn/LC_MESSAGES
-- Installing: /home/omen/GITHUB/Athos/AthOS/REPO-AthOS/kio-gdrive/package-kio-gdrive/usr/share/locale/nn/LC_MESSAGES/kio6_gdrive.mo
-- Installing: /home/omen/GITHUB/Athos/AthOS/REPO-AthOS/kio-gdrive/package-kio-gdrive/usr/share/locale/hi
-- Installing: /home/omen/GITHUB/Athos/AthOS/REPO-AthOS/kio-gdrive/package-kio-gdrive/usr/share/locale/hi/LC_MESSAGES
-- Installing: /home/omen/GITHUB/Athos/AthOS/REPO-AthOS/kio-gdrive/package-kio-gdrive/usr/share/locale/hi/LC_MESSAGES/kio6_gdrive.mo
-- Installing: /home/omen/GITHUB/Athos/AthOS/REPO-AthOS/kio-gdrive/package-kio-gdrive/usr/share/locale/pt_BR
-- Installing: /home/omen/GITHUB/Athos/AthOS/REPO-AthOS/kio-gdrive/package-kio-gdrive/usr/share/locale/pt_BR/LC_MESSAGES
-- Installing: /home/omen/GITHUB/Athos/AthOS/REPO-AthOS/kio-gdrive/package-kio-gdrive/usr/share/locale/pt_BR/LC_MESSAGES/kio6_gdrive.mo
-- Installing: /home/omen/GITHUB/Athos/AthOS/REPO-AthOS/kio-gdrive/package-kio-gdrive/usr/share/locale/lt
-- Installing: /home/omen/GITHUB/Athos/AthOS/REPO-AthOS/kio-gdrive/package-kio-gdrive/usr/share/locale/lt/LC_MESSAGES
-- Installing: /home/omen/GITHUB/Athos/AthOS/REPO-AthOS/kio-gdrive/package-kio-gdrive/usr/share/locale/lt/LC_MESSAGES/kio6_gdrive.mo
-- Installing: /home/omen/GITHUB/Athos/AthOS/REPO-AthOS/kio-gdrive/package-kio-gdrive/usr/share/locale/be
-- Installing: /home/omen/GITHUB/Athos/AthOS/REPO-AthOS/kio-gdrive/package-kio-gdrive/usr/share/locale/be/LC_MESSAGES
-- Installing: /home/omen/GITHUB/Athos/AthOS/REPO-AthOS/kio-gdrive/package-kio-gdrive/usr/share/locale/be/LC_MESSAGES/kio6_gdrive.mo
-- Installing: /home/omen/GITHUB/Athos/AthOS/REPO-AthOS/kio-gdrive/package-kio-gdrive/usr/share/locale/sl
-- Installing: /home/omen/GITHUB/Athos/AthOS/REPO-AthOS/kio-gdrive/package-kio-gdrive/usr/share/locale/sl/LC_MESSAGES
-- Installing: /home/omen/GITHUB/Athos/AthOS/REPO-AthOS/kio-gdrive/package-kio-gdrive/usr/share/locale/sl/LC_MESSAGES/kio6_gdrive.mo
-- Installing: /home/omen/GITHUB/Athos/AthOS/REPO-AthOS/kio-gdrive/package-kio-gdrive/usr/share/locale/ie
-- Installing: /home/omen/GITHUB/Athos/AthOS/REPO-AthOS/kio-gdrive/package-kio-gdrive/usr/share/locale/ie/LC_MESSAGES
-- Installing: /home/omen/GITHUB/Athos/AthOS/REPO-AthOS/kio-gdrive/package-kio-gdrive/usr/share/locale/ie/LC_MESSAGES/kio6_gdrive.mo
-- Installing: /home/omen/GITHUB/Athos/AthOS/REPO-AthOS/kio-gdrive/package-kio-gdrive/usr/share/locale/ta
-- Installing: /home/omen/GITHUB/Athos/AthOS/REPO-AthOS/kio-gdrive/package-kio-gdrive/usr/share/locale/ta/LC_MESSAGES
-- Installing: /home/omen/GITHUB/Athos/AthOS/REPO-AthOS/kio-gdrive/package-kio-gdrive/usr/share/locale/ta/LC_MESSAGES/kio6_gdrive.mo
-- Installing: /home/omen/GITHUB/Athos/AthOS/REPO-AthOS/kio-gdrive/package-kio-gdrive/usr/share/locale/ro
-- Installing: /home/omen/GITHUB/Athos/AthOS/REPO-AthOS/kio-gdrive/package-kio-gdrive/usr/share/locale/ro/LC_MESSAGES
-- Installing: /home/omen/GITHUB/Athos/AthOS/REPO-AthOS/kio-gdrive/package-kio-gdrive/usr/share/locale/ro/LC_MESSAGES/kio6_gdrive.mo
-- Installing: /home/omen/GITHUB/Athos/AthOS/REPO-AthOS/kio-gdrive/package-kio-gdrive/usr/share/locale/he
-- Installing: /home/omen/GITHUB/Athos/AthOS/REPO-AthOS/kio-gdrive/package-kio-gdrive/usr/share/locale/he/LC_MESSAGES
-- Installing: /home/omen/GITHUB/Athos/AthOS/REPO-AthOS/kio-gdrive/package-kio-gdrive/usr/share/locale/he/LC_MESSAGES/kio6_gdrive.mo
-- Installing: /home/omen/GITHUB/Athos/AthOS/REPO-AthOS/kio-gdrive/package-kio-gdrive/usr/share/locale/zh_TW
-- Installing: /home/omen/GITHUB/Athos/AthOS/REPO-AthOS/kio-gdrive/package-kio-gdrive/usr/share/locale/zh_TW/LC_MESSAGES
-- Installing: /home/omen/GITHUB/Athos/AthOS/REPO-AthOS/kio-gdrive/package-kio-gdrive/usr/share/locale/zh_TW/LC_MESSAGES/kio6_gdrive.mo
-- Installing: /home/omen/GITHUB/Athos/AthOS/REPO-AthOS/kio-gdrive/package-kio-gdrive/usr/share/locale/pl
-- Installing: /home/omen/GITHUB/Athos/AthOS/REPO-AthOS/kio-gdrive/package-kio-gdrive/usr/share/locale/pl/LC_MESSAGES
-- Installing: /home/omen/GITHUB/Athos/AthOS/REPO-AthOS/kio-gdrive/package-kio-gdrive/usr/share/locale/pl/LC_MESSAGES/kio6_gdrive.mo
-- Installing: /home/omen/GITHUB/Athos/AthOS/REPO-AthOS/kio-gdrive/package-kio-gdrive/usr/share/locale/pt
-- Installing: /home/omen/GITHUB/Athos/AthOS/REPO-AthOS/kio-gdrive/package-kio-gdrive/usr/share/locale/pt/LC_MESSAGES
-- Installing: /home/omen/GITHUB/Athos/AthOS/REPO-AthOS/kio-gdrive/package-kio-gdrive/usr/share/locale/pt/LC_MESSAGES/kio6_gdrive.mo
-- Installing: /home/omen/GITHUB/Athos/AthOS/REPO-AthOS/kio-gdrive/package-kio-gdrive/usr/share/locale/az
-- Installing: /home/omen/GITHUB/Athos/AthOS/REPO-AthOS/kio-gdrive/package-kio-gdrive/usr/share/locale/az/LC_MESSAGES
-- Installing: /home/omen/GITHUB/Athos/AthOS/REPO-AthOS/kio-gdrive/package-kio-gdrive/usr/share/locale/az/LC_MESSAGES/kio6_gdrive.mo
-- Installing: /home/omen/GITHUB/Athos/AthOS/REPO-AthOS/kio-gdrive/package-kio-gdrive/usr/share/locale/tr
-- Installing: /home/omen/GITHUB/Athos/AthOS/REPO-AthOS/kio-gdrive/package-kio-gdrive/usr/share/locale/tr/LC_MESSAGES
-- Installing: /home/omen/GITHUB/Athos/AthOS/REPO-AthOS/kio-gdrive/package-kio-gdrive/usr/share/locale/tr/LC_MESSAGES/kio6_gdrive.mo
-- Installing: /home/omen/GITHUB/Athos/AthOS/REPO-AthOS/kio-gdrive/package-kio-gdrive/usr/share/locale/fr
-- Installing: /home/omen/GITHUB/Athos/AthOS/REPO-AthOS/kio-gdrive/package-kio-gdrive/usr/share/locale/fr/LC_MESSAGES
-- Installing: /home/omen/GITHUB/Athos/AthOS/REPO-AthOS/kio-gdrive/package-kio-gdrive/usr/share/locale/fr/LC_MESSAGES/kio6_gdrive.mo
-- Installing: /home/omen/GITHUB/Athos/AthOS/REPO-AthOS/kio-gdrive/package-kio-gdrive/usr/share/locale/ka
-- Installing: /home/omen/GITHUB/Athos/AthOS/REPO-AthOS/kio-gdrive/package-kio-gdrive/usr/share/locale/ka/LC_MESSAGES
-- Installing: /home/omen/GITHUB/Athos/AthOS/REPO-AthOS/kio-gdrive/package-kio-gdrive/usr/share/locale/ka/LC_MESSAGES/kio6_gdrive.mo
-- Installing: /home/omen/GITHUB/Athos/AthOS/REPO-AthOS/kio-gdrive/package-kio-gdrive/usr/share/locale/gl
-- Installing: /home/omen/GITHUB/Athos/AthOS/REPO-AthOS/kio-gdrive/package-kio-gdrive/usr/share/locale/gl/LC_MESSAGES
-- Installing: /home/omen/GITHUB/Athos/AthOS/REPO-AthOS/kio-gdrive/package-kio-gdrive/usr/share/locale/gl/LC_MESSAGES/kio6_gdrive.mo
-- Installing: /home/omen/GITHUB/Athos/AthOS/REPO-AthOS/kio-gdrive/package-kio-gdrive/usr/share/locale/ia
-- Installing: /home/omen/GITHUB/Athos/AthOS/REPO-AthOS/kio-gdrive/package-kio-gdrive/usr/share/locale/ia/LC_MESSAGES
-- Installing: /home/omen/GITHUB/Athos/AthOS/REPO-AthOS/kio-gdrive/package-kio-gdrive/usr/share/locale/ia/LC_MESSAGES/kio6_gdrive.mo
-- Installing: /home/omen/GITHUB/Athos/AthOS/REPO-AthOS/kio-gdrive/package-kio-gdrive/usr/share/locale/hu
-- Installing: /home/omen/GITHUB/Athos/AthOS/REPO-AthOS/kio-gdrive/package-kio-gdrive/usr/share/locale/hu/LC_MESSAGES
-- Installing: /home/omen/GITHUB/Athos/AthOS/REPO-AthOS/kio-gdrive/package-kio-gdrive/usr/share/locale/hu/LC_MESSAGES/kio6_gdrive.mo
-- Installing: /home/omen/GITHUB/Athos/AthOS/REPO-AthOS/kio-gdrive/package-kio-gdrive/usr/share/locale/eo
-- Installing: /home/omen/GITHUB/Athos/AthOS/REPO-AthOS/kio-gdrive/package-kio-gdrive/usr/share/locale/eo/LC_MESSAGES
-- Installing: /home/omen/GITHUB/Athos/AthOS/REPO-AthOS/kio-gdrive/package-kio-gdrive/usr/share/locale/eo/LC_MESSAGES/kio6_gdrive.mo
-- Installing: /home/omen/GITHUB/Athos/AthOS/REPO-AthOS/kio-gdrive/package-kio-gdrive/usr/share/locale/ca
-- Installing: /home/omen/GITHUB/Athos/AthOS/REPO-AthOS/kio-gdrive/package-kio-gdrive/usr/share/locale/ca/LC_MESSAGES
-- Installing: /home/omen/GITHUB/Athos/AthOS/REPO-AthOS/kio-gdrive/package-kio-gdrive/usr/share/locale/ca/LC_MESSAGES/kio6_gdrive.mo
-- Installing: /home/omen/GITHUB/Athos/AthOS/REPO-AthOS/kio-gdrive/package-kio-gdrive/usr/share/locale/uk
-- Installing: /home/omen/GITHUB/Athos/AthOS/REPO-AthOS/kio-gdrive/package-kio-gdrive/usr/share/locale/uk/LC_MESSAGES
-- Installing: /home/omen/GITHUB/Athos/AthOS/REPO-AthOS/kio-gdrive/package-kio-gdrive/usr/share/locale/uk/LC_MESSAGES/kio6_gdrive.mo
-- Installing: /home/omen/GITHUB/Athos/AthOS/REPO-AthOS/kio-gdrive/package-kio-gdrive/usr/share/locale/id
-- Installing: /home/omen/GITHUB/Athos/AthOS/REPO-AthOS/kio-gdrive/package-kio-gdrive/usr/share/locale/id/LC_MESSAGES
-- Installing: /home/omen/GITHUB/Athos/AthOS/REPO-AthOS/kio-gdrive/package-kio-gdrive/usr/share/locale/id/LC_MESSAGES/kio6_gdrive.mo
-- Installing: /home/omen/GITHUB/Athos/AthOS/REPO-AthOS/kio-gdrive/package-kio-gdrive/usr/share/locale/en_GB
-- Installing: /home/omen/GITHUB/Athos/AthOS/REPO-AthOS/kio-gdrive/package-kio-gdrive/usr/share/locale/en_GB/LC_MESSAGES
-- Installing: /home/omen/GITHUB/Athos/AthOS/REPO-AthOS/kio-gdrive/package-kio-gdrive/usr/share/locale/en_GB/LC_MESSAGES/kio6_gdrive.mo
-- Installing: /home/omen/GITHUB/Athos/AthOS/REPO-AthOS/kio-gdrive/package-kio-gdrive/usr/share/locale/zh_CN
-- Installing: /home/omen/GITHUB/Athos/AthOS/REPO-AthOS/kio-gdrive/package-kio-gdrive/usr/share/locale/zh_CN/LC_MESSAGES
-- Installing: /home/omen/GITHUB/Athos/AthOS/REPO-AthOS/kio-gdrive/package-kio-gdrive/usr/share/locale/zh_CN/LC_MESSAGES/kio6_gdrive.mo
-- Installing: /home/omen/GITHUB/Athos/AthOS/REPO-AthOS/kio-gdrive/package-kio-gdrive/usr/share/locale/nl
-- Installing: /home/omen/GITHUB/Athos/AthOS/REPO-AthOS/kio-gdrive/package-kio-gdrive/usr/share/locale/nl/LC_MESSAGES
-- Installing: /home/omen/GITHUB/Athos/AthOS/REPO-AthOS/kio-gdrive/package-kio-gdrive/usr/share/locale/nl/LC_MESSAGES/kio6_gdrive.mo
-- Installing: /home/omen/GITHUB/Athos/AthOS/REPO-AthOS/kio-gdrive/package-kio-gdrive/usr/share/locale/sa
-- Installing: /home/omen/GITHUB/Athos/AthOS/REPO-AthOS/kio-gdrive/package-kio-gdrive/usr/share/locale/sa/LC_MESSAGES
-- Installing: /home/omen/GITHUB/Athos/AthOS/REPO-AthOS/kio-gdrive/package-kio-gdrive/usr/share/locale/sa/LC_MESSAGES/kio6_gdrive.mo
-- Installing: /home/omen/GITHUB/Athos/AthOS/REPO-AthOS/kio-gdrive/package-kio-gdrive/usr/share/locale/fi
-- Installing: /home/omen/GITHUB/Athos/AthOS/REPO-AthOS/kio-gdrive/package-kio-gdrive/usr/share/locale/fi/LC_MESSAGES
-- Installing: /home/omen/GITHUB/Athos/AthOS/REPO-AthOS/kio-gdrive/package-kio-gdrive/usr/share/locale/fi/LC_MESSAGES/kio6_gdrive.mo
-- Installing: /home/omen/GITHUB/Athos/AthOS/REPO-AthOS/kio-gdrive/package-kio-gdrive/usr/share/locale/ko
-- Installing: /home/omen/GITHUB/Athos/AthOS/REPO-AthOS/kio-gdrive/package-kio-gdrive/usr/share/locale/ko/LC_MESSAGES
-- Installing: /home/omen/GITHUB/Athos/AthOS/REPO-AthOS/kio-gdrive/package-kio-gdrive/usr/share/locale/ko/LC_MESSAGES/kio6_gdrive.mo
-- Installing: /home/omen/GITHUB/Athos/AthOS/REPO-AthOS/kio-gdrive/package-kio-gdrive/usr/share/locale/ru
-- Installing: /home/omen/GITHUB/Athos/AthOS/REPO-AthOS/kio-gdrive/package-kio-gdrive/usr/share/locale/ru/LC_MESSAGES
-- Installing: /home/omen/GITHUB/Athos/AthOS/REPO-AthOS/kio-gdrive/package-kio-gdrive/usr/share/locale/ru/LC_MESSAGES/kio6_gdrive.mo
-- Installing: /home/omen/GITHUB/Athos/AthOS/REPO-AthOS/kio-gdrive/package-kio-gdrive/usr/share/locale/lv
-- Installing: /home/omen/GITHUB/Athos/AthOS/REPO-AthOS/kio-gdrive/package-kio-gdrive/usr/share/locale/lv/LC_MESSAGES
-- Installing: /home/omen/GITHUB/Athos/AthOS/REPO-AthOS/kio-gdrive/package-kio-gdrive/usr/share/locale/lv/LC_MESSAGES/kio6_gdrive.mo
-- Installing: /home/omen/GITHUB/Athos/AthOS/REPO-AthOS/kio-gdrive/package-kio-gdrive/usr/share/locale/ca@valencia
-- Installing: /home/omen/GITHUB/Athos/AthOS/REPO-AthOS/kio-gdrive/package-kio-gdrive/usr/share/locale/ca@valencia/LC_MESSAGES
-- Installing: /home/omen/GITHUB/Athos/AthOS/REPO-AthOS/kio-gdrive/package-kio-gdrive/usr/share/locale/ca@valencia/LC_MESSAGES/kio6_gdrive.mo
-- Installing: /home/omen/GITHUB/Athos/AthOS/REPO-AthOS/kio-gdrive/package-kio-gdrive/usr/share/locale/es
-- Installing: /home/omen/GITHUB/Athos/AthOS/REPO-AthOS/kio-gdrive/package-kio-gdrive/usr/share/locale/es/LC_MESSAGES
-- Installing: /home/omen/GITHUB/Athos/AthOS/REPO-AthOS/kio-gdrive/package-kio-gdrive/usr/share/locale/es/LC_MESSAGES/kio6_gdrive.mo
-- Installing: /home/omen/GITHUB/Athos/AthOS/REPO-AthOS/kio-gdrive/package-kio-gdrive/usr/share/locale/eu
-- Installing: /home/omen/GITHUB/Athos/AthOS/REPO-AthOS/kio-gdrive/package-kio-gdrive/usr/share/locale/eu/LC_MESSAGES
-- Installing: /home/omen/GITHUB/Athos/AthOS/REPO-AthOS/kio-gdrive/package-kio-gdrive/usr/share/locale/eu/LC_MESSAGES/kio6_gdrive.mo
-- Installing: /home/omen/GITHUB/Athos/AthOS/REPO-AthOS/kio-gdrive/package-kio-gdrive/usr/share/locale/et
-- Installing: /home/omen/GITHUB/Athos/AthOS/REPO-AthOS/kio-gdrive/package-kio-gdrive/usr/share/locale/et/LC_MESSAGES
-- Installing: /home/omen/GITHUB/Athos/AthOS/REPO-AthOS/kio-gdrive/package-kio-gdrive/usr/share/locale/et/LC_MESSAGES/kio6_gdrive.mo
-- Installing: /home/omen/GITHUB/Athos/AthOS/REPO-AthOS/kio-gdrive/package-kio-gdrive/usr/share/locale/it
-- Installing: /home/omen/GITHUB/Athos/AthOS/REPO-AthOS/kio-gdrive/package-kio-gdrive/usr/share/locale/it/LC_MESSAGES
-- Installing: /home/omen/GITHUB/Athos/AthOS/REPO-AthOS/kio-gdrive/package-kio-gdrive/usr/share/locale/it/LC_MESSAGES/kio6_gdrive.mo
-- Installing: /home/omen/GITHUB/Athos/AthOS/REPO-AthOS/kio-gdrive/package-kio-gdrive/usr/share/locale/ar
-- Installing: /home/omen/GITHUB/Athos/AthOS/REPO-AthOS/kio-gdrive/package-kio-gdrive/usr/share/locale/ar/LC_MESSAGES
-- Installing: /home/omen/GITHUB/Athos/AthOS/REPO-AthOS/kio-gdrive/package-kio-gdrive/usr/share/locale/ar/LC_MESSAGES/kio6_gdrive.mo
-- Installing: /home/omen/GITHUB/Athos/AthOS/REPO-AthOS/kio-gdrive/package-kio-gdrive/usr/share/locale/sk
-- Installing: /home/omen/GITHUB/Athos/AthOS/REPO-AthOS/kio-gdrive/package-kio-gdrive/usr/share/locale/sk/LC_MESSAGES
-- Installing: /home/omen/GITHUB/Athos/AthOS/REPO-AthOS/kio-gdrive/package-kio-gdrive/usr/share/locale/sk/LC_MESSAGES/kio6_gdrive.mo
-- Installing: /home/omen/GITHUB/Athos/AthOS/REPO-AthOS/kio-gdrive/package-kio-gdrive/usr/share/locale/sv
-- Installing: /home/omen/GITHUB/Athos/AthOS/REPO-AthOS/kio-gdrive/package-kio-gdrive/usr/share/locale/sv/LC_MESSAGES
-- Installing: /home/omen/GITHUB/Athos/AthOS/REPO-AthOS/kio-gdrive/package-kio-gdrive/usr/share/locale/sv/LC_MESSAGES/kio6_gdrive.mo
-- Installing: /home/omen/GITHUB/Athos/AthOS/REPO-AthOS/kio-gdrive/package-kio-gdrive/usr/share/doc/HTML/ca/kioworker6/gdrive/index.cache.bz2
-- Installing: /home/omen/GITHUB/Athos/AthOS/REPO-AthOS/kio-gdrive/package-kio-gdrive/usr/share/doc/HTML/ca/kioworker6/gdrive/index.docbook
-- Installing: /home/omen/GITHUB/Athos/AthOS/REPO-AthOS/kio-gdrive/package-kio-gdrive/usr/share/doc/HTML/de/kioworker6/gdrive/index.cache.bz2
-- Installing: /home/omen/GITHUB/Athos/AthOS/REPO-AthOS/kio-gdrive/package-kio-gdrive/usr/share/doc/HTML/de/kioworker6/gdrive/index.docbook
-- Installing: /home/omen/GITHUB/Athos/AthOS/REPO-AthOS/kio-gdrive/package-kio-gdrive/usr/share/doc/HTML/es/kioworker6/gdrive/index.cache.bz2
-- Installing: /home/omen/GITHUB/Athos/AthOS/REPO-AthOS/kio-gdrive/package-kio-gdrive/usr/share/doc/HTML/es/kioworker6/gdrive/index.docbook
-- Installing: /home/omen/GITHUB/Athos/AthOS/REPO-AthOS/kio-gdrive/package-kio-gdrive/usr/share/doc/HTML/it/kioworker6/gdrive/index.cache.bz2
-- Installing: /home/omen/GITHUB/Athos/AthOS/REPO-AthOS/kio-gdrive/package-kio-gdrive/usr/share/doc/HTML/it/kioworker6/gdrive/index.docbook
-- Installing: /home/omen/GITHUB/Athos/AthOS/REPO-AthOS/kio-gdrive/package-kio-gdrive/usr/share/doc/HTML/nl/kioworker6/gdrive/index.cache.bz2
-- Installing: /home/omen/GITHUB/Athos/AthOS/REPO-AthOS/kio-gdrive/package-kio-gdrive/usr/share/doc/HTML/nl/kioworker6/gdrive/index.docbook
-- Installing: /home/omen/GITHUB/Athos/AthOS/REPO-AthOS/kio-gdrive/package-kio-gdrive/usr/share/doc/HTML/pt/kioworker6/gdrive/index.cache.bz2
-- Installing: /home/omen/GITHUB/Athos/AthOS/REPO-AthOS/kio-gdrive/package-kio-gdrive/usr/share/doc/HTML/pt/kioworker6/gdrive/index.docbook
-- Installing: /home/omen/GITHUB/Athos/AthOS/REPO-AthOS/kio-gdrive/package-kio-gdrive/usr/share/doc/HTML/pt_BR/kioworker6/gdrive/index.cache.bz2
-- Installing: /home/omen/GITHUB/Athos/AthOS/REPO-AthOS/kio-gdrive/package-kio-gdrive/usr/share/doc/HTML/pt_BR/kioworker6/gdrive/index.docbook
-- Installing: /home/omen/GITHUB/Athos/AthOS/REPO-AthOS/kio-gdrive/package-kio-gdrive/usr/share/doc/HTML/ru/kioworker6/gdrive/index.cache.bz2
-- Installing: /home/omen/GITHUB/Athos/AthOS/REPO-AthOS/kio-gdrive/package-kio-gdrive/usr/share/doc/HTML/ru/kioworker6/gdrive/index.docbook
-- Installing: /home/omen/GITHUB/Athos/AthOS/REPO-AthOS/kio-gdrive/package-kio-gdrive/usr/share/doc/HTML/sl/kioworker6/gdrive/index.cache.bz2
-- Installing: /home/omen/GITHUB/Athos/AthOS/REPO-AthOS/kio-gdrive/package-kio-gdrive/usr/share/doc/HTML/sl/kioworker6/gdrive/index.docbook
-- Installing: /home/omen/GITHUB/Athos/AthOS/REPO-AthOS/kio-gdrive/package-kio-gdrive/usr/share/doc/HTML/sr/kioworker6/gdrive/index.cache.bz2
-- Installing: /home/omen/GITHUB/Athos/AthOS/REPO-AthOS/kio-gdrive/package-kio-gdrive/usr/share/doc/HTML/sr/kioworker6/gdrive/index.docbook
-- Installing: /home/omen/GITHUB/Athos/AthOS/REPO-AthOS/kio-gdrive/package-kio-gdrive/usr/share/doc/HTML/sr@latin/kioworker6/gdrive/index.cache.bz2
-- Installing: /home/omen/GITHUB/Athos/AthOS/REPO-AthOS/kio-gdrive/package-kio-gdrive/usr/share/doc/HTML/sr@latin/kioworker6/gdrive/index.docbook
-- Installing: /home/omen/GITHUB/Athos/AthOS/REPO-AthOS/kio-gdrive/package-kio-gdrive/usr/share/doc/HTML/sv/kioworker6/gdrive/index.cache.bz2
-- Installing: /home/omen/GITHUB/Athos/AthOS/REPO-AthOS/kio-gdrive/package-kio-gdrive/usr/share/doc/HTML/sv/kioworker6/gdrive/index.docbook
-- Installing: /home/omen/GITHUB/Athos/AthOS/REPO-AthOS/kio-gdrive/package-kio-gdrive/usr/share/doc/HTML/tr/kioworker6/gdrive/index.cache.bz2
-- Installing: /home/omen/GITHUB/Athos/AthOS/REPO-AthOS/kio-gdrive/package-kio-gdrive/usr/share/doc/HTML/tr/kioworker6/gdrive/index.docbook
-- Installing: /home/omen/GITHUB/Athos/AthOS/REPO-AthOS/kio-gdrive/package-kio-gdrive/usr/share/doc/HTML/uk/kioworker6/gdrive/index.cache.bz2
-- Installing: /home/omen/GITHUB/Athos/AthOS/REPO-AthOS/kio-gdrive/package-kio-gdrive/usr/share/doc/HTML/uk/kioworker6/gdrive/index.docbook
[32mThe main part of source code is ready. We are moving on to preparing post install scripts, docs, license, man pages etc..[0m
cp: cannot stat 'AUTHORS': No such file or directory
cp: cannot stat 'ChangeLog*': No such file or directory
cp: cannot stat 'CREDITS': No such file or directory
cp: cannot stat 'LICENSE': No such file or directory
cp: cannot stat 'MAINTAINERS': No such file or directory
cp: cannot stat 'NEWS': No such file or directory
cp: cannot stat 'docs': No such file or directory
cp: cannot stat 'DOCS': No such file or directory
grep: /home/omen/GITHUB/Athos/AthOS/REPO-AthOS/kio-gdrive/kio-gdrive.info: No such file or directory
extra-cmake-modules
kaccounts-integration
kdoctools
ki18n
kio
libkgapi
purpose
kaccounts-providers
signon-plugin-oauth2
signon-ui
[32mPackaging compiled for slackware installation...[0m
[32mMAKEPKG_FLAGS is empty or unset, using default[0m

Slackware package maker, version 3.14159265.

Searching for symbolic links:

No symbolic links were found, so we won't make an installation script.
You can make your own later in ./install/doinst.sh and rebuild the
package if you like.

This next step is optional - you can set the directories in your package
to some sane permissions. If any of the directories in your package have
special permissions, then DO NOT reset them here!

Would you like to reset all directory permissions to 755 (drwxr-xr-x) and
directory ownerships to root:root ([y]es, [n]o)? n


Creating Slackware package:  /tmp/kio-gdrive/kio-gdrive-25.04.1-x86_64-1_rtz.tlz

./
install/
install/doinst.sh
install/slack-desc
usr/
usr/doc/
usr/doc/kio-gdrive-25.04.1/
usr/doc/kio-gdrive-25.04.1/COPYING
usr/doc/kio-gdrive-25.04.1/README.md
usr/doc/kio-gdrive-25.04.1/README.packagers
usr/doc/kio-gdrive-25.04.1/kio-gdrive.ini
usr/doc/kio-gdrive-25.04.1/slack-required
usr/lib64/
usr/lib64/qt6/
usr/lib64/qt6/plugins/
usr/lib64/qt6/plugins/kaccounts/
usr/lib64/qt6/plugins/kaccounts/daemonplugins/
usr/lib64/qt6/plugins/kaccounts/daemonplugins/gdrive.so
usr/lib64/qt6/plugins/kf6/
usr/lib64/qt6/plugins/kf6/kfileitemaction/
usr/lib64/qt6/plugins/kf6/kfileitemaction/gdrivecontextmenuaction.so
usr/lib64/qt6/plugins/kf6/kio/
usr/lib64/qt6/plugins/kf6/kio/gdrive.so
usr/lib64/qt6/plugins/kf6/propertiesdialog/
usr/lib64/qt6/plugins/kf6/propertiesdialog/gdrivepropertiesplugin.so
usr/lib64/qt6/plugins/kf6/purpose/
usr/lib64/qt6/plugins/kf6/purpose/purpose_gdrive.so
usr/share/
usr/share/accounts/
usr/share/accounts/services/
usr/share/accounts/services/kde/
usr/share/accounts/services/kde/google-drive.service
usr/share/doc/
usr/share/doc/HTML/
usr/share/doc/HTML/ca/
usr/share/doc/HTML/ca/kioworker6/
usr/share/doc/HTML/ca/kioworker6/gdrive/
usr/share/doc/HTML/ca/kioworker6/gdrive/index.cache.bz2
usr/share/doc/HTML/ca/kioworker6/gdrive/index.docbook
usr/share/doc/HTML/de/
usr/share/doc/HTML/de/kioworker6/
usr/share/doc/HTML/de/kioworker6/gdrive/
usr/share/doc/HTML/de/kioworker6/gdrive/index.cache.bz2
usr/share/doc/HTML/de/kioworker6/gdrive/index.docbook
usr/share/doc/HTML/en/
usr/share/doc/HTML/en/kioworker6/
usr/share/doc/HTML/en/kioworker6/gdrive/
usr/share/doc/HTML/en/kioworker6/gdrive/index.cache.bz2
usr/share/doc/HTML/en/kioworker6/gdrive/index.docbook
usr/share/doc/HTML/es/
usr/share/doc/HTML/es/kioworker6/
usr/share/doc/HTML/es/kioworker6/gdrive/
usr/share/doc/HTML/es/kioworker6/gdrive/index.cache.bz2
usr/share/doc/HTML/es/kioworker6/gdrive/index.docbook
usr/share/doc/HTML/it/
usr/share/doc/HTML/it/kioworker6/
usr/share/doc/HTML/it/kioworker6/gdrive/
usr/share/doc/HTML/it/kioworker6/gdrive/index.cache.bz2
usr/share/doc/HTML/it/kioworker6/gdrive/index.docbook
usr/share/doc/HTML/nl/
usr/share/doc/HTML/nl/kioworker6/
usr/share/doc/HTML/nl/kioworker6/gdrive/
usr/share/doc/HTML/nl/kioworker6/gdrive/index.cache.bz2
usr/share/doc/HTML/nl/kioworker6/gdrive/index.docbook
usr/share/doc/HTML/pt/
usr/share/doc/HTML/pt/kioworker6/
usr/share/doc/HTML/pt/kioworker6/gdrive/
usr/share/doc/HTML/pt/kioworker6/gdrive/index.cache.bz2
usr/share/doc/HTML/pt/kioworker6/gdrive/index.docbook
usr/share/doc/HTML/pt_BR/
usr/share/doc/HTML/pt_BR/kioworker6/
usr/share/doc/HTML/pt_BR/kioworker6/gdrive/
usr/share/doc/HTML/pt_BR/kioworker6/gdrive/index.cache.bz2
usr/share/doc/HTML/pt_BR/kioworker6/gdrive/index.docbook
usr/share/doc/HTML/ru/
usr/share/doc/HTML/ru/kioworker6/
usr/share/doc/HTML/ru/kioworker6/gdrive/
usr/share/doc/HTML/ru/kioworker6/gdrive/index.cache.bz2
usr/share/doc/HTML/ru/kioworker6/gdrive/index.docbook
usr/share/doc/HTML/sl/
usr/share/doc/HTML/sl/kioworker6/
usr/share/doc/HTML/sl/kioworker6/gdrive/
usr/share/doc/HTML/sl/kioworker6/gdrive/index.cache.bz2
usr/share/doc/HTML/sl/kioworker6/gdrive/index.docbook
usr/share/doc/HTML/sr/
usr/share/doc/HTML/sr/kioworker6/
usr/share/doc/HTML/sr/kioworker6/gdrive/
usr/share/doc/HTML/sr/kioworker6/gdrive/index.cache.bz2
usr/share/doc/HTML/sr/kioworker6/gdrive/index.docbook
usr/share/doc/HTML/sr@latin/
usr/share/doc/HTML/sr@latin/kioworker6/
usr/share/doc/HTML/sr@latin/kioworker6/gdrive/
usr/share/doc/HTML/sr@latin/kioworker6/gdrive/index.cache.bz2
usr/share/doc/HTML/sr@latin/kioworker6/gdrive/index.docbook
usr/share/doc/HTML/sv/
usr/share/doc/HTML/sv/kioworker6/
usr/share/doc/HTML/sv/kioworker6/gdrive/
usr/share/doc/HTML/sv/kioworker6/gdrive/index.cache.bz2
usr/share/doc/HTML/sv/kioworker6/gdrive/index.docbook
usr/share/doc/HTML/tr/
usr/share/doc/HTML/tr/kioworker6/
usr/share/doc/HTML/tr/kioworker6/gdrive/
usr/share/doc/HTML/tr/kioworker6/gdrive/index.cache.bz2
usr/share/doc/HTML/tr/kioworker6/gdrive/index.docbook
usr/share/doc/HTML/uk/
usr/share/doc/HTML/uk/kioworker6/
usr/share/doc/HTML/uk/kioworker6/gdrive/
usr/share/doc/HTML/uk/kioworker6/gdrive/index.cache.bz2
usr/share/doc/HTML/uk/kioworker6/gdrive/index.docbook
usr/share/knotifications6/
usr/share/knotifications6/gdrive.notifyrc
usr/share/locale/
usr/share/locale/ar/
usr/share/locale/ar/LC_MESSAGES/
usr/share/locale/ar/LC_MESSAGES/kio6_gdrive.mo
usr/share/locale/az/
usr/share/locale/az/LC_MESSAGES/
usr/share/locale/az/LC_MESSAGES/kio6_gdrive.mo
usr/share/locale/be/
usr/share/locale/be/LC_MESSAGES/
usr/share/locale/be/LC_MESSAGES/kio6_gdrive.mo
usr/share/locale/ca/
usr/share/locale/ca/LC_MESSAGES/
usr/share/locale/ca/LC_MESSAGES/kio6_gdrive.mo
usr/share/locale/ca@valencia/
usr/share/locale/ca@valencia/LC_MESSAGES/
usr/share/locale/ca@valencia/LC_MESSAGES/kio6_gdrive.mo
usr/share/locale/cs/
usr/share/locale/cs/LC_MESSAGES/
usr/share/locale/cs/LC_MESSAGES/kio6_gdrive.mo
usr/share/locale/da/
usr/share/locale/da/LC_MESSAGES/
usr/share/locale/da/LC_MESSAGES/kio6_gdrive.mo
usr/share/locale/de/
usr/share/locale/de/LC_MESSAGES/
usr/share/locale/de/LC_MESSAGES/kio6_gdrive.mo
usr/share/locale/el/
usr/share/locale/el/LC_MESSAGES/
usr/share/locale/el/LC_MESSAGES/kio6_gdrive.mo
usr/share/locale/en_GB/
usr/share/locale/en_GB/LC_MESSAGES/
usr/share/locale/en_GB/LC_MESSAGES/kio6_gdrive.mo
usr/share/locale/eo/
usr/share/locale/eo/LC_MESSAGES/
usr/share/locale/eo/LC_MESSAGES/kio6_gdrive.mo
usr/share/locale/es/
usr/share/locale/es/LC_MESSAGES/
usr/share/locale/es/LC_MESSAGES/kio6_gdrive.mo
usr/share/locale/et/
usr/share/locale/et/LC_MESSAGES/
usr/share/locale/et/LC_MESSAGES/kio6_gdrive.mo
usr/share/locale/eu/
usr/share/locale/eu/LC_MESSAGES/
usr/share/locale/eu/LC_MESSAGES/kio6_gdrive.mo
usr/share/locale/fi/
usr/share/locale/fi/LC_MESSAGES/
usr/share/locale/fi/LC_MESSAGES/kio6_gdrive.mo
usr/share/locale/fr/
usr/share/locale/fr/LC_MESSAGES/
usr/share/locale/fr/LC_MESSAGES/kio6_gdrive.mo
usr/share/locale/gl/
usr/share/locale/gl/LC_MESSAGES/
usr/share/locale/gl/LC_MESSAGES/kio6_gdrive.mo
usr/share/locale/he/
usr/share/locale/he/LC_MESSAGES/
usr/share/locale/he/LC_MESSAGES/kio6_gdrive.mo
usr/share/locale/hi/
usr/share/locale/hi/LC_MESSAGES/
usr/share/locale/hi/LC_MESSAGES/kio6_gdrive.mo
usr/share/locale/hu/
usr/share/locale/hu/LC_MESSAGES/
usr/share/locale/hu/LC_MESSAGES/kio6_gdrive.mo
usr/share/locale/ia/
usr/share/locale/ia/LC_MESSAGES/
usr/share/locale/ia/LC_MESSAGES/kio6_gdrive.mo
usr/share/locale/id/
usr/share/locale/id/LC_MESSAGES/
usr/share/locale/id/LC_MESSAGES/kio6_gdrive.mo
usr/share/locale/ie/
usr/share/locale/ie/LC_MESSAGES/
usr/share/locale/ie/LC_MESSAGES/kio6_gdrive.mo
usr/share/locale/it/
usr/share/locale/it/LC_MESSAGES/
usr/share/locale/it/LC_MESSAGES/kio6_gdrive.mo
usr/share/locale/ja/
usr/share/locale/ja/LC_MESSAGES/
usr/share/locale/ja/LC_MESSAGES/kio6_gdrive.mo
usr/share/locale/ka/
usr/share/locale/ka/LC_MESSAGES/
usr/share/locale/ka/LC_MESSAGES/kio6_gdrive.mo
usr/share/locale/ko/
usr/share/locale/ko/LC_MESSAGES/
usr/share/locale/ko/LC_MESSAGES/kio6_gdrive.mo
usr/share/locale/lt/
usr/share/locale/lt/LC_MESSAGES/
usr/share/locale/lt/LC_MESSAGES/kio6_gdrive.mo
usr/share/locale/lv/
usr/share/locale/lv/LC_MESSAGES/
usr/share/locale/lv/LC_MESSAGES/kio6_gdrive.mo
usr/share/locale/nl/
usr/share/locale/nl/LC_MESSAGES/
usr/share/locale/nl/LC_MESSAGES/kio6_gdrive.mo
usr/share/locale/nn/
usr/share/locale/nn/LC_MESSAGES/
usr/share/locale/nn/LC_MESSAGES/kio6_gdrive.mo
usr/share/locale/pl/
usr/share/locale/pl/LC_MESSAGES/
usr/share/locale/pl/LC_MESSAGES/kio6_gdrive.mo
usr/share/locale/pt/
usr/share/locale/pt/LC_MESSAGES/
usr/share/locale/pt/LC_MESSAGES/kio6_gdrive.mo
usr/share/locale/pt_BR/
usr/share/locale/pt_BR/LC_MESSAGES/
usr/share/locale/pt_BR/LC_MESSAGES/kio6_gdrive.mo
usr/share/locale/ro/
usr/share/locale/ro/LC_MESSAGES/
usr/share/locale/ro/LC_MESSAGES/kio6_gdrive.mo
usr/share/locale/ru/
usr/share/locale/ru/LC_MESSAGES/
usr/share/locale/ru/LC_MESSAGES/kio6_gdrive.mo
usr/share/locale/sa/
usr/share/locale/sa/LC_MESSAGES/
usr/share/locale/sa/LC_MESSAGES/kio6_gdrive.mo
usr/share/locale/sk/
usr/share/locale/sk/LC_MESSAGES/
usr/share/locale/sk/LC_MESSAGES/kio6_gdrive.mo
usr/share/locale/sl/
usr/share/locale/sl/LC_MESSAGES/
usr/share/locale/sl/LC_MESSAGES/kio6_gdrive.mo
usr/share/locale/sv/
usr/share/locale/sv/LC_MESSAGES/
usr/share/locale/sv/LC_MESSAGES/kio6_gdrive.mo
usr/share/locale/ta/
usr/share/locale/ta/LC_MESSAGES/
usr/share/locale/ta/LC_MESSAGES/kio6_gdrive.mo
usr/share/locale/tr/
usr/share/locale/tr/LC_MESSAGES/
usr/share/locale/tr/LC_MESSAGES/kio6_gdrive.mo
usr/share/locale/uk/
usr/share/locale/uk/LC_MESSAGES/
usr/share/locale/uk/LC_MESSAGES/kio6_gdrive.mo
usr/share/locale/zh_CN/
usr/share/locale/zh_CN/LC_MESSAGES/
usr/share/locale/zh_CN/LC_MESSAGES/kio6_gdrive.mo
usr/share/locale/zh_TW/
usr/share/locale/zh_TW/LC_MESSAGES/
usr/share/locale/zh_TW/LC_MESSAGES/kio6_gdrive.mo
usr/share/metainfo/
usr/share/metainfo/org.kde.kio_gdrive.metainfo.xml
usr/share/purpose/
usr/share/purpose/purpose_gdrive_config.qml
usr/share/remoteview/
usr/share/remoteview/gdrive-network.desktop

Slackware package /tmp/kio-gdrive/kio-gdrive-25.04.1-x86_64-1_rtz.tlz created.

Create shared object file for kio-gdrive-25.04.1-x86_64-1_rtz.tlz
Creating /tmp/kio-gdrive/kio-gdrive-25.04.1-x86_64-1_rtz.tlz.so.file using /tmp/kio-gdrive/kio-gdrive-25.04.1-x86_64-1_rtz.tlz
Successfully created /tmp/kio-gdrive/kio-gdrive-25.04.1-x86_64-1_rtz.tlz.so.file
Packaging of executable and meta-data in kio-gdrive.tar.lz4 format.
/tmp/kio-gdrive /tmp/kio-gdrive
/tmp/kio-gdrive
BIN_NAME
README
kio-gdrive-25.04.1-x86_64-1_rtz.tlz
kio-gdrive-25.04.1-x86_64-1_rtz.tlz.md5
kio-gdrive-25.04.1-x86_64-1_rtz.tlz.so.file
kio-gdrive-25.04.1-x86_64-1_rtz.tlz.txt
kio-gdrive.dep
makepkg-kio-gdrive.log
[32mkio-gdrive build finished. Procced to installation...[0m

+=============================================================================================================+
| Upgrading kio-gdrive-25.04.1-x86_64-1_rtz package using /tmp/kio-gdrive/kio-gdrive-25.04.1-x86_64-1_rtz.tlz |
+=============================================================================================================+

Pre-installing package kio-gdrive-25.04.1-x86_64-1_rtz...
Removing package: kio-gdrive-25.04.1-x86_64-1_rtz-upgraded-2025-05-28,21:36:03
Installing package kio-gdrive-25.04.1-x86_64-1_rtz.tlz:
PACKAGE DESCRIPTION:
# kio-gdrive (KIO Slave to access Google Drive)
#
# KIO Slave to access Google Drive
#
# https://community.kde.org/KIO_GDrive
Executing install script for kio-gdrive-25.04.1-x86_64-1_rtz.tlz.
Font directories:
	/usr/share/fonts
/usr/share/fonts: caching, new cache contents: 0 fonts, 11 dirs
/usr/share/fonts/100dpi: caching, new cache contents: 238 fonts, 0 dirs
/usr/share/fonts/75dpi: caching, new cache contents: 238 fonts, 0 dirs
/usr/share/fonts/OTF: caching, new cache contents: 124 fonts, 0 dirs
/usr/share/fonts/Speedo: caching, new cache contents: 0 fonts, 0 dirs
/usr/share/fonts/TTF: caching, new cache contents: 1132 fonts, 0 dirs
/usr/share/fonts/Type1: caching, new cache contents: 64 fonts, 0 dirs
/usr/share/fonts/cyrillic: caching, new cache contents: 0 fonts, 0 dirs
/usr/share/fonts/encodings: caching, new cache contents: 0 fonts, 1 dirs
/usr/share/fonts/encodings/large: caching, new cache contents: 0 fonts, 0 dirs
/usr/share/fonts/kanjistrokeorders: caching, new cache contents: 1 fonts, 0 dirs
/usr/share/fonts/misc: caching, new cache contents: 143 fonts, 0 dirs
/usr/share/fonts/util: caching, new cache contents: 0 fonts, 0 dirs
/var/cache/fontconfig: cleaning cache directory
/root/.cache/fontconfig: not cleaning non-existent cache directory
/root/.fontconfig: not cleaning non-existent cache directory
/usr/bin/fc-cache: succeeded
Package kio-gdrive-25.04.1-x86_64-1_rtz.tlz installed.
Package kio-gdrive-25.04.1-x86_64-1_rtz upgraded with new package /tmp/kio-gdrive/kio-gdrive-25.04.1-x86_64-1_rtz.tlz.
[32mCleaning environmet: Removing source code, and work-space...[0m
rm: cannot remove 'kio-gdrive-25.04.1.tar.xz': No such file or directory
