[32mStarting build process...[0m
Detected architecture: x86_64
Required dependencies: extra-cmake-modules	kbookmarks	kcrash	kdoctools	ki18n	kwidgetsaddons	kxmlgui
extra-cmake-modules is already installed!
kbookmarks is already installed!
kcrash is already installed!
kdoctools is already installed!
ki18n is already installed!
kwidgetsaddons is already installed!
kxmlgui is already installed!
No optional dependencies found.
Downloading source code tar.xz file
--2025-05-18 20:36:28--  https://download.kde.org/stable/release-service/25.04.1/src/kcharselect-25.04.1.tar.xz
Resolving download.kde.org (download.kde.org)... 49.12.122.15, 2a01:4f8:242:53eb::4
Connecting to download.kde.org (download.kde.org)|49.12.122.15|:443... connected.
HTTP request sent, awaiting response... 302 Found
Location: https://ftp.cc.uoc.gr/mirrors/kde/stable/release-service/25.04.1/src/kcharselect-25.04.1.tar.xz [following]
--2025-05-18 20:36:29--  https://ftp.cc.uoc.gr/mirrors/kde/stable/release-service/25.04.1/src/kcharselect-25.04.1.tar.xz
Resolving ftp.cc.uoc.gr (ftp.cc.uoc.gr)... 147.52.159.50, 2001:648:2c00:6c08::2
Connecting to ftp.cc.uoc.gr (ftp.cc.uoc.gr)|147.52.159.50|:443... connected.
HTTP request sent, awaiting response... 200 OK
Length: 478164 (467K) [application/octet-stream]
Saving to: ‘kcharselect-25.04.1.tar.xz’

     0K .......... .......... .......... .......... .......... 10% 1.36M 0s
    50K .......... .......... .......... .......... .......... 21% 1.43M 0s
   100K .......... .......... .......... .......... .......... 32% 6.78M 0s
   150K .......... .......... .......... .......... .......... 42% 5.18M 0s
   200K .......... .......... .......... .......... .......... 53% 2.16M 0s
   250K .......... .......... .......... .......... .......... 64% 6.76M 0s
   300K .......... .......... .......... .......... .......... 74% 5.26M 0s
   350K .......... .......... .......... .......... .......... 85% 1.10M 0s
   400K .......... .......... .......... .......... .......... 96% 18.6M 0s
   450K .......... ......                                     100%  153M=0.2s

2025-05-18 20:36:29 (2.64 MB/s) - ‘kcharselect-25.04.1.tar.xz’ saved [478164/478164]

Found file: kcharselect-25.04.1.tar.xz
No checksum provided. Skipping checksum verification and proceeding...
Creating working directories and exporting source code in...
kcharselect-25.04.1/
kcharselect-25.04.1/Mainpage.dox
kcharselect-25.04.1/main.cc
kcharselect-25.04.1/CMakePresets.json.license
kcharselect-25.04.1/pics/
kcharselect-25.04.1/pics/32-apps-kcharselect.png
kcharselect-25.04.1/pics/16-apps-kcharselect.png
kcharselect-25.04.1/pics/512-apps-kcharselect.png
kcharselect-25.04.1/pics/64-apps-kcharselect.png
kcharselect-25.04.1/pics/1024-apps-kcharselect.png
kcharselect-25.04.1/pics/256-apps-kcharselect.png
kcharselect-25.04.1/pics/README.txt
kcharselect-25.04.1/pics/128-apps-kcharselect.png
kcharselect-25.04.1/CMakePresets.json
kcharselect-25.04.1/Messages.sh
kcharselect-25.04.1/.craft.ini
kcharselect-25.04.1/LICENSES/
kcharselect-25.04.1/LICENSES/BSD-3-Clause.txt
kcharselect-25.04.1/LICENSES/CC0-1.0.txt
kcharselect-25.04.1/LICENSES/GPL-2.0-or-later.txt
kcharselect-25.04.1/org.kde.kcharselect.appdata.xml
kcharselect-25.04.1/.gitlab-ci.yml
kcharselect-25.04.1/doc/
kcharselect-25.04.1/doc/index.docbook
kcharselect-25.04.1/doc/kcharselect.png
kcharselect-25.04.1/doc/CMakeLists.txt
kcharselect-25.04.1/org.kde.kcharselect.desktop
kcharselect-25.04.1/kcharselectdia.cc
kcharselect-25.04.1/logo.png
kcharselect-25.04.1/snapcraft.yaml
kcharselect-25.04.1/.git-blame-ignore-revs
kcharselect-25.04.1/.kde-ci.yml
kcharselect-25.04.1/kcharselectdia.h
kcharselect-25.04.1/po/
kcharselect-25.04.1/po/fa/
kcharselect-25.04.1/po/fa/kcharselect.po
kcharselect-25.04.1/po/bg/
kcharselect-25.04.1/po/bg/kcharselect.po
kcharselect-25.04.1/po/pt/
kcharselect-25.04.1/po/pt/docs/
kcharselect-25.04.1/po/pt/docs/kcharselect/
kcharselect-25.04.1/po/pt/docs/kcharselect/index.docbook
kcharselect-25.04.1/po/pt/kcharselect.po
kcharselect-25.04.1/po/km/
kcharselect-25.04.1/po/km/kcharselect.po
kcharselect-25.04.1/po/nn/
kcharselect-25.04.1/po/nn/kcharselect.po
kcharselect-25.04.1/po/pl/
kcharselect-25.04.1/po/pl/kcharselect.po
kcharselect-25.04.1/po/ja/
kcharselect-25.04.1/po/ja/kcharselect.po
kcharselect-25.04.1/po/pa/
kcharselect-25.04.1/po/pa/kcharselect.po
kcharselect-25.04.1/po/bs/
kcharselect-25.04.1/po/bs/kcharselect.po
kcharselect-25.04.1/po/zh_CN/
kcharselect-25.04.1/po/zh_CN/kcharselect.po
kcharselect-25.04.1/po/cs/
kcharselect-25.04.1/po/cs/docs/
kcharselect-25.04.1/po/cs/docs/kcharselect/
kcharselect-25.04.1/po/cs/docs/kcharselect/index.docbook
kcharselect-25.04.1/po/cs/kcharselect.po
kcharselect-25.04.1/po/es/
kcharselect-25.04.1/po/es/docs/
kcharselect-25.04.1/po/es/docs/kcharselect/
kcharselect-25.04.1/po/es/docs/kcharselect/index.docbook
kcharselect-25.04.1/po/es/kcharselect.po
kcharselect-25.04.1/po/ka/
kcharselect-25.04.1/po/ka/kcharselect.po
kcharselect-25.04.1/po/is/
kcharselect-25.04.1/po/is/kcharselect.po
kcharselect-25.04.1/po/tr/
kcharselect-25.04.1/po/tr/docs/
kcharselect-25.04.1/po/tr/docs/kcharselect/
kcharselect-25.04.1/po/tr/docs/kcharselect/index.docbook
kcharselect-25.04.1/po/tr/docs/kcharselect/kcharselect.png
kcharselect-25.04.1/po/tr/kcharselect.po
kcharselect-25.04.1/po/ug/
kcharselect-25.04.1/po/ug/kcharselect.po
kcharselect-25.04.1/po/ca/
kcharselect-25.04.1/po/ca/docs/
kcharselect-25.04.1/po/ca/docs/kcharselect/
kcharselect-25.04.1/po/ca/docs/kcharselect/index.docbook
kcharselect-25.04.1/po/ca/kcharselect.po
kcharselect-25.04.1/po/se/
kcharselect-25.04.1/po/se/kcharselect.po
kcharselect-25.04.1/po/ca@valencia/
kcharselect-25.04.1/po/ca@valencia/kcharselect.po
kcharselect-25.04.1/po/uz/
kcharselect-25.04.1/po/uz/kcharselect.po
kcharselect-25.04.1/po/hr/
kcharselect-25.04.1/po/hr/kcharselect.po
kcharselect-25.04.1/po/gl/
kcharselect-25.04.1/po/gl/docs/
kcharselect-25.04.1/po/gl/docs/kcharselect/
kcharselect-25.04.1/po/gl/docs/kcharselect/index.docbook
kcharselect-25.04.1/po/gl/kcharselect.po
kcharselect-25.04.1/po/ro/
kcharselect-25.04.1/po/ro/kcharselect.po
kcharselect-25.04.1/po/oc/
kcharselect-25.04.1/po/oc/kcharselect.po
kcharselect-25.04.1/po/br/
kcharselect-25.04.1/po/br/kcharselect.po
kcharselect-25.04.1/po/eo/
kcharselect-25.04.1/po/eo/kcharselect.po
kcharselect-25.04.1/po/sr@ijekavian/
kcharselect-25.04.1/po/sr@ijekavian/kcharselect.po
kcharselect-25.04.1/po/nl/
kcharselect-25.04.1/po/nl/docs/
kcharselect-25.04.1/po/nl/docs/kcharselect/
kcharselect-25.04.1/po/nl/docs/kcharselect/index.docbook
kcharselect-25.04.1/po/nl/kcharselect.po
kcharselect-25.04.1/po/mr/
kcharselect-25.04.1/po/mr/kcharselect.po
kcharselect-25.04.1/po/af/
kcharselect-25.04.1/po/af/kcharselect.po
kcharselect-25.04.1/po/hu/
kcharselect-25.04.1/po/hu/kcharselect.po
kcharselect-25.04.1/po/eu/
kcharselect-25.04.1/po/eu/kcharselect.po
kcharselect-25.04.1/po/lv/
kcharselect-25.04.1/po/lv/kcharselect.po
kcharselect-25.04.1/po/uz@cyrillic/
kcharselect-25.04.1/po/uz@cyrillic/kcharselect.po
kcharselect-25.04.1/po/mk/
kcharselect-25.04.1/po/mk/kcharselect.po
kcharselect-25.04.1/po/nb/
kcharselect-25.04.1/po/nb/kcharselect.po
kcharselect-25.04.1/po/fr/
kcharselect-25.04.1/po/fr/docs/
kcharselect-25.04.1/po/fr/docs/kcharselect/
kcharselect-25.04.1/po/fr/docs/kcharselect/index.docbook
kcharselect-25.04.1/po/fr/kcharselect.po
kcharselect-25.04.1/po/hi/
kcharselect-25.04.1/po/hi/kcharselect.po
kcharselect-25.04.1/po/sl/
kcharselect-25.04.1/po/sl/docs/
kcharselect-25.04.1/po/sl/docs/kcharselect/
kcharselect-25.04.1/po/sl/docs/kcharselect/index.docbook
kcharselect-25.04.1/po/sl/kcharselect.po
kcharselect-25.04.1/po/sr@latin/
kcharselect-25.04.1/po/sr@latin/docs/
kcharselect-25.04.1/po/sr@latin/docs/kcharselect/
kcharselect-25.04.1/po/sr@latin/docs/kcharselect/index.docbook
kcharselect-25.04.1/po/sr@latin/kcharselect.po
kcharselect-25.04.1/po/th/
kcharselect-25.04.1/po/th/kcharselect.po
kcharselect-25.04.1/po/ta/
kcharselect-25.04.1/po/ta/kcharselect.po
kcharselect-25.04.1/po/sr/
kcharselect-25.04.1/po/sr/docs/
kcharselect-25.04.1/po/sr/docs/kcharselect/
kcharselect-25.04.1/po/sr/docs/kcharselect/index.docbook
kcharselect-25.04.1/po/sr/docs/kcharselect/l10n-track
kcharselect-25.04.1/po/sr/kcharselect.po
kcharselect-25.04.1/po/he/
kcharselect-25.04.1/po/he/kcharselect.po
kcharselect-25.04.1/po/de/
kcharselect-25.04.1/po/de/docs/
kcharselect-25.04.1/po/de/docs/kcharselect/
kcharselect-25.04.1/po/de/docs/kcharselect/index.docbook
kcharselect-25.04.1/po/de/docs/kcharselect/kcharselect.png
kcharselect-25.04.1/po/de/kcharselect.po
kcharselect-25.04.1/po/ar/
kcharselect-25.04.1/po/ar/kcharselect.po
kcharselect-25.04.1/po/sk/
kcharselect-25.04.1/po/sk/kcharselect.po
kcharselect-25.04.1/po/zh_TW/
kcharselect-25.04.1/po/zh_TW/kcharselect.po
kcharselect-25.04.1/po/et/
kcharselect-25.04.1/po/et/docs/
kcharselect-25.04.1/po/et/docs/kcharselect/
kcharselect-25.04.1/po/et/docs/kcharselect/index.docbook
kcharselect-25.04.1/po/et/kcharselect.po
kcharselect-25.04.1/po/ie/
kcharselect-25.04.1/po/ie/kcharselect.po
kcharselect-25.04.1/po/it/
kcharselect-25.04.1/po/it/docs/
kcharselect-25.04.1/po/it/docs/kcharselect/
kcharselect-25.04.1/po/it/docs/kcharselect/index.docbook
kcharselect-25.04.1/po/it/docs/kcharselect/kcharselect.png
kcharselect-25.04.1/po/it/kcharselect.po
kcharselect-25.04.1/po/el/
kcharselect-25.04.1/po/el/docs/
kcharselect-25.04.1/po/el/docs/kcharselect/
kcharselect-25.04.1/po/el/docs/kcharselect/index.docbook
kcharselect-25.04.1/po/el/docs/kcharselect/kcharselect.png
kcharselect-25.04.1/po/el/kcharselect.po
kcharselect-25.04.1/po/da/
kcharselect-25.04.1/po/da/kcharselect.po
kcharselect-25.04.1/po/xh/
kcharselect-25.04.1/po/xh/kcharselect.po
kcharselect-25.04.1/po/pt_BR/
kcharselect-25.04.1/po/pt_BR/docs/
kcharselect-25.04.1/po/pt_BR/docs/kcharselect/
kcharselect-25.04.1/po/pt_BR/docs/kcharselect/index.docbook
kcharselect-25.04.1/po/pt_BR/docs/kcharselect/kcharselect.png
kcharselect-25.04.1/po/pt_BR/kcharselect.po
kcharselect-25.04.1/po/ru/
kcharselect-25.04.1/po/ru/docs/
kcharselect-25.04.1/po/ru/docs/kcharselect/
kcharselect-25.04.1/po/ru/docs/kcharselect/index.docbook
kcharselect-25.04.1/po/ru/kcharselect.po
kcharselect-25.04.1/po/sq/
kcharselect-25.04.1/po/sq/kcharselect.po
kcharselect-25.04.1/po/id/
kcharselect-25.04.1/po/id/kcharselect.po
kcharselect-25.04.1/po/ia/
kcharselect-25.04.1/po/ia/kcharselect.po
kcharselect-25.04.1/po/cy/
kcharselect-25.04.1/po/cy/kcharselect.po
kcharselect-25.04.1/po/sv/
kcharselect-25.04.1/po/sv/docs/
kcharselect-25.04.1/po/sv/docs/kcharselect/
kcharselect-25.04.1/po/sv/docs/kcharselect/index.docbook
kcharselect-25.04.1/po/sv/kcharselect.po
kcharselect-25.04.1/po/ne/
kcharselect-25.04.1/po/ne/kcharselect.po
kcharselect-25.04.1/po/si/
kcharselect-25.04.1/po/si/kcharselect.po
kcharselect-25.04.1/po/ms/
kcharselect-25.04.1/po/ms/kcharselect.po
kcharselect-25.04.1/po/fi/
kcharselect-25.04.1/po/fi/kcharselect.po
kcharselect-25.04.1/po/kk/
kcharselect-25.04.1/po/kk/kcharselect.po
kcharselect-25.04.1/po/ast/
kcharselect-25.04.1/po/ast/kcharselect.po
kcharselect-25.04.1/po/lt/
kcharselect-25.04.1/po/lt/kcharselect.po
kcharselect-25.04.1/po/be/
kcharselect-25.04.1/po/be/kcharselect.po
kcharselect-25.04.1/po/tg/
kcharselect-25.04.1/po/tg/kcharselect.po
kcharselect-25.04.1/po/sa/
kcharselect-25.04.1/po/sa/kcharselect.po
kcharselect-25.04.1/po/ko/
kcharselect-25.04.1/po/ko/docs/
kcharselect-25.04.1/po/ko/docs/kcharselect/
kcharselect-25.04.1/po/ko/docs/kcharselect/index.docbook
kcharselect-25.04.1/po/ko/kcharselect.po
kcharselect-25.04.1/po/hne/
kcharselect-25.04.1/po/hne/kcharselect.po
kcharselect-25.04.1/po/ga/
kcharselect-25.04.1/po/ga/kcharselect.po
kcharselect-25.04.1/po/en_GB/
kcharselect-25.04.1/po/en_GB/kcharselect.po
kcharselect-25.04.1/po/uk/
kcharselect-25.04.1/po/uk/docs/
kcharselect-25.04.1/po/uk/docs/kcharselect/
kcharselect-25.04.1/po/uk/docs/kcharselect/index.docbook
kcharselect-25.04.1/po/uk/docs/kcharselect/kcharselect.png
kcharselect-25.04.1/po/uk/kcharselect.po
kcharselect-25.04.1/po/sr@ijekavianlatin/
kcharselect-25.04.1/po/sr@ijekavianlatin/kcharselect.po
kcharselect-25.04.1/po/nds/
kcharselect-25.04.1/po/nds/kcharselect.po
kcharselect-25.04.1/kcharselectui.rc
kcharselect-25.04.1/.flatpak-manifest.json
kcharselect-25.04.1/CMakeLists.txt
kcharselect-25.04.1/COPYING
kcharselect-25.04.1/.gitignore
kcharselect-25.04.1/kcharselect.qrc
/home/omen/GITHUB/Athos/AthOS/REPO-AthOS/kcharselect/work
README or README.md already exists, skipping creation.
hm...lets continue and see what happens
-- The C compiler identification is GNU 14.2.0
-- The CXX compiler identification is GNU 14.2.0
-- Detecting C compiler ABI info
-- Detecting C compiler ABI info - done
-- Check for working C compiler: /usr/bin/cc - skipped
-- Detecting C compile features
-- Detecting C compile features - done
-- Detecting CXX compiler ABI info
-- Detecting CXX compiler ABI info - done
-- Check for working CXX compiler: /usr/bin/c++ - skipped
-- Detecting CXX compile features
-- Detecting CXX compile features - done
-- Installing in the same prefix as Qt, adopting their path scheme.
-- Looking for __GLIBC__
-- Looking for __GLIBC__ - found
-- Performing Test _OFFT_IS_64BIT
-- Performing Test _OFFT_IS_64BIT - Success
-- Performing Test HAVE_DATE_TIME
-- Performing Test HAVE_DATE_TIME - Success
-- Performing Test HAVE_STDATOMIC
-- Performing Test HAVE_STDATOMIC - Success
-- Found WrapAtomic: TRUE
-- Found OpenGL: /usr/lib64/libOpenGL.so
-- Found WrapOpenGL: TRUE
-- Found XKB: /usr/lib64/libxkbcommon.so (found suitable version "1.9.2", minimum required is "0.5.0")
-- Found WrapVulkanHeaders: /usr/include
-- Found KF6Bookmarks: /usr/lib64/cmake/KF6Bookmarks/KF6BookmarksConfig.cmake (found version "6.14.0")
-- Found KF6CoreAddons: /usr/lib64/cmake/KF6CoreAddons/KF6CoreAddonsConfig.cmake (found version "6.14.0")
-- Found KF6Crash: /usr/lib64/cmake/KF6Crash/KF6CrashConfig.cmake (found version "6.14.0")
-- Found Gettext: /usr/bin/msgmerge (found version "0.25")
-- Found KF6I18n: /usr/lib64/cmake/KF6I18n/KF6I18nConfig.cmake (found version "6.14.0")
-- Found KF6WidgetsAddons: /usr/lib64/cmake/KF6WidgetsAddons/KF6WidgetsAddonsConfig.cmake (found version "6.14.0")
-- Found KF6XmlGui: /usr/lib64/cmake/KF6XmlGui/KF6XmlGuiConfig.cmake (found version "6.14.0")
-- Found KF6: success (found suitable version "6.14.0", minimum required is "6.6.0") found components: Bookmarks CoreAddons Crash I18n WidgetsAddons XmlGui
-- The following OPTIONAL packages have been found:

 * OpenGL
 * Qt6WidgetsTools (required version >= 6.8.3)
 * Qt6Widgets (required version >= 6.7.0)
 * Qt6Core (required version >= 6.7.0)
 * Qt6DBusTools (required version >= 6.8.3)
 * Qt6QmlTools (required version >= 6.8.3)
 * XKB (required version >= 0.5.0), XKB API common to servers and clients., <http://xkbcommon.org>
 * WrapVulkanHeaders
 * Qt6CoreTools (required version >= 6.8.3)
 * Qt6GuiTools (required version >= 6.8.3)
 * KF6DocTools (required version >= 6.6.0), Tools to generate documentation

-- The following REQUIRED packages have been found:

 * ECM (required version >= 6.6.0)
 * Qt6 (required version >= 6.7.0)
 * KF6Bookmarks (required version >= 6.6.0)
 * KF6CoreAddons (required version >= 6.6.0)
 * KF6Crash (required version >= 6.6.0)
 * Gettext
 * KF6I18n (required version >= 6.6.0)
 * KF6WidgetsAddons (required version >= 6.6.0)
 * KF6XmlGui (required version >= 6.6.0)
 * KF6 (required version >= 6.6.0)

-- Configuring done (1.4s)
-- Generating done (0.0s)
-- Build files have been written to: /home/omen/GITHUB/Athos/AthOS/REPO-AthOS/kcharselect/work/kcharselect-25.04.1/build
[1/30] Generating mo...
[2/30] Generating ts...
[3/30] Generating po/sr@latin/docs/kcharselect/index.cache.bz2
[4/30] Generating po/sr/docs/kcharselect/index.cache.bz2
[5/30] Generating po/el/docs/kcharselect/index.cache.bz2
[6/30] Generating po/et/docs/kcharselect/index.cache.bz2
[7/30] Generating po/fr/docs/kcharselect/index.cache.bz2
[8/30] Generating po/sl/docs/kcharselect/index.cache.bz2
[9/30] Generating po/it/docs/kcharselect/index.cache.bz2
[10/30] Generating po/ko/docs/kcharselect/index.cache.bz2
[11/30] Generating po/de/docs/kcharselect/index.cache.bz2
[12/30] Generating po/ca/docs/kcharselect/index.cache.bz2
[13/30] Generating po/sv/docs/kcharselect/index.cache.bz2
[14/30] Generating po/cs/docs/kcharselect/index.cache.bz2
[15/30] Generating po/tr/docs/kcharselect/index.cache.bz2
[16/30] Generating po/ru/docs/kcharselect/index.cache.bz2
[17/30] Generating po/pt/docs/kcharselect/index.cache.bz2
[18/30] Generating po/nl/docs/kcharselect/index.cache.bz2
[19/30] Generating po/es/docs/kcharselect/index.cache.bz2
[20/30] Generating po/uk/docs/kcharselect/index.cache.bz2
[21/30] Generating po/gl/docs/kcharselect/index.cache.bz2
[22/30] Generating po/pt_BR/docs/kcharselect/index.cache.bz2
I/O warning : failed to load "/usr/share/kf6/kdoctools/customization/xsl/pt-BR.xml": No such file or directory
No "pt_br" localization of "footer-doc-comment" exists; using "en".
No "pt_br" localization of "footer-doc-feedback" exists; using "en".
No "pt_br" localization of "footer-doc-teamname" exists; using "en".
[23/30] Generating index.cache.bz2
[24/30] Automatic MOC for target kcharselect
[25/30] Automatic RCC for kcharselect.qrc
[26/30] Building CXX object CMakeFiles/kcharselect.dir/kcharselect_autogen/mocs_compilation.cpp.o
[27/30] Building CXX object CMakeFiles/kcharselect.dir/kcharselect_autogen/EWIEGA46WW/qrc_kcharselect.cpp.o
[28/30] Building CXX object CMakeFiles/kcharselect.dir/main.cc.o
[29/30] Building CXX object CMakeFiles/kcharselect.dir/kcharselectdia.cc.o
[30/30] Linking CXX executable bin/kcharselect
-- Install configuration: "RelWithDebInfo"
-- Installing: /home/omen/GITHUB/Athos/AthOS/REPO-AthOS/kcharselect/package-kcharselect/usr/bin/kcharselect
-- Installing: /home/omen/GITHUB/Athos/AthOS/REPO-AthOS/kcharselect/package-kcharselect/usr/share/applications/org.kde.kcharselect.desktop
-- Installing: /home/omen/GITHUB/Athos/AthOS/REPO-AthOS/kcharselect/package-kcharselect/usr/share/metainfo/org.kde.kcharselect.appdata.xml
-- Installing: /home/omen/GITHUB/Athos/AthOS/REPO-AthOS/kcharselect/package-kcharselect/usr/share/doc/HTML/en/kcharselect/index.cache.bz2
-- Installing: /home/omen/GITHUB/Athos/AthOS/REPO-AthOS/kcharselect/package-kcharselect/usr/share/doc/HTML/en/kcharselect/index.docbook
-- Installing: /home/omen/GITHUB/Athos/AthOS/REPO-AthOS/kcharselect/package-kcharselect/usr/share/doc/HTML/en/kcharselect/kcharselect.png
-- Installing: /home/omen/GITHUB/Athos/AthOS/REPO-AthOS/kcharselect/package-kcharselect/usr/share/doc/HTML/ca/kcharselect/index.cache.bz2
-- Installing: /home/omen/GITHUB/Athos/AthOS/REPO-AthOS/kcharselect/package-kcharselect/usr/share/doc/HTML/ca/kcharselect/index.docbook
-- Installing: /home/omen/GITHUB/Athos/AthOS/REPO-AthOS/kcharselect/package-kcharselect/usr/share/doc/HTML/cs/kcharselect/index.cache.bz2
-- Installing: /home/omen/GITHUB/Athos/AthOS/REPO-AthOS/kcharselect/package-kcharselect/usr/share/doc/HTML/cs/kcharselect/index.docbook
-- Installing: /home/omen/GITHUB/Athos/AthOS/REPO-AthOS/kcharselect/package-kcharselect/usr/share/doc/HTML/de/kcharselect/index.cache.bz2
-- Installing: /home/omen/GITHUB/Athos/AthOS/REPO-AthOS/kcharselect/package-kcharselect/usr/share/doc/HTML/de/kcharselect/index.docbook
-- Installing: /home/omen/GITHUB/Athos/AthOS/REPO-AthOS/kcharselect/package-kcharselect/usr/share/doc/HTML/de/kcharselect/kcharselect.png
-- Installing: /home/omen/GITHUB/Athos/AthOS/REPO-AthOS/kcharselect/package-kcharselect/usr/share/doc/HTML/el/kcharselect/index.cache.bz2
-- Installing: /home/omen/GITHUB/Athos/AthOS/REPO-AthOS/kcharselect/package-kcharselect/usr/share/doc/HTML/el/kcharselect/index.docbook
-- Installing: /home/omen/GITHUB/Athos/AthOS/REPO-AthOS/kcharselect/package-kcharselect/usr/share/doc/HTML/el/kcharselect/kcharselect.png
-- Installing: /home/omen/GITHUB/Athos/AthOS/REPO-AthOS/kcharselect/package-kcharselect/usr/share/doc/HTML/es/kcharselect/index.cache.bz2
-- Installing: /home/omen/GITHUB/Athos/AthOS/REPO-AthOS/kcharselect/package-kcharselect/usr/share/doc/HTML/es/kcharselect/index.docbook
-- Installing: /home/omen/GITHUB/Athos/AthOS/REPO-AthOS/kcharselect/package-kcharselect/usr/share/doc/HTML/et/kcharselect/index.cache.bz2
-- Installing: /home/omen/GITHUB/Athos/AthOS/REPO-AthOS/kcharselect/package-kcharselect/usr/share/doc/HTML/et/kcharselect/index.docbook
-- Installing: /home/omen/GITHUB/Athos/AthOS/REPO-AthOS/kcharselect/package-kcharselect/usr/share/doc/HTML/fr/kcharselect/index.cache.bz2
-- Installing: /home/omen/GITHUB/Athos/AthOS/REPO-AthOS/kcharselect/package-kcharselect/usr/share/doc/HTML/fr/kcharselect/index.docbook
-- Installing: /home/omen/GITHUB/Athos/AthOS/REPO-AthOS/kcharselect/package-kcharselect/usr/share/doc/HTML/gl/kcharselect/index.cache.bz2
-- Installing: /home/omen/GITHUB/Athos/AthOS/REPO-AthOS/kcharselect/package-kcharselect/usr/share/doc/HTML/gl/kcharselect/index.docbook
-- Installing: /home/omen/GITHUB/Athos/AthOS/REPO-AthOS/kcharselect/package-kcharselect/usr/share/doc/HTML/it/kcharselect/index.cache.bz2
-- Installing: /home/omen/GITHUB/Athos/AthOS/REPO-AthOS/kcharselect/package-kcharselect/usr/share/doc/HTML/it/kcharselect/index.docbook
-- Installing: /home/omen/GITHUB/Athos/AthOS/REPO-AthOS/kcharselect/package-kcharselect/usr/share/doc/HTML/it/kcharselect/kcharselect.png
-- Installing: /home/omen/GITHUB/Athos/AthOS/REPO-AthOS/kcharselect/package-kcharselect/usr/share/doc/HTML/ko/kcharselect/index.cache.bz2
-- Installing: /home/omen/GITHUB/Athos/AthOS/REPO-AthOS/kcharselect/package-kcharselect/usr/share/doc/HTML/ko/kcharselect/index.docbook
-- Installing: /home/omen/GITHUB/Athos/AthOS/REPO-AthOS/kcharselect/package-kcharselect/usr/share/doc/HTML/nl/kcharselect/index.cache.bz2
-- Installing: /home/omen/GITHUB/Athos/AthOS/REPO-AthOS/kcharselect/package-kcharselect/usr/share/doc/HTML/nl/kcharselect/index.docbook
-- Installing: /home/omen/GITHUB/Athos/AthOS/REPO-AthOS/kcharselect/package-kcharselect/usr/share/doc/HTML/pt/kcharselect/index.cache.bz2
-- Installing: /home/omen/GITHUB/Athos/AthOS/REPO-AthOS/kcharselect/package-kcharselect/usr/share/doc/HTML/pt/kcharselect/index.docbook
-- Installing: /home/omen/GITHUB/Athos/AthOS/REPO-AthOS/kcharselect/package-kcharselect/usr/share/doc/HTML/pt_BR/kcharselect/index.cache.bz2
-- Installing: /home/omen/GITHUB/Athos/AthOS/REPO-AthOS/kcharselect/package-kcharselect/usr/share/doc/HTML/pt_BR/kcharselect/index.docbook
-- Installing: /home/omen/GITHUB/Athos/AthOS/REPO-AthOS/kcharselect/package-kcharselect/usr/share/doc/HTML/pt_BR/kcharselect/kcharselect.png
-- Installing: /home/omen/GITHUB/Athos/AthOS/REPO-AthOS/kcharselect/package-kcharselect/usr/share/doc/HTML/ru/kcharselect/index.cache.bz2
-- Installing: /home/omen/GITHUB/Athos/AthOS/REPO-AthOS/kcharselect/package-kcharselect/usr/share/doc/HTML/ru/kcharselect/index.docbook
-- Installing: /home/omen/GITHUB/Athos/AthOS/REPO-AthOS/kcharselect/package-kcharselect/usr/share/doc/HTML/sl/kcharselect/index.cache.bz2
-- Installing: /home/omen/GITHUB/Athos/AthOS/REPO-AthOS/kcharselect/package-kcharselect/usr/share/doc/HTML/sl/kcharselect/index.docbook
-- Installing: /home/omen/GITHUB/Athos/AthOS/REPO-AthOS/kcharselect/package-kcharselect/usr/share/doc/HTML/sr/kcharselect/index.cache.bz2
-- Installing: /home/omen/GITHUB/Athos/AthOS/REPO-AthOS/kcharselect/package-kcharselect/usr/share/doc/HTML/sr/kcharselect/index.docbook
-- Installing: /home/omen/GITHUB/Athos/AthOS/REPO-AthOS/kcharselect/package-kcharselect/usr/share/doc/HTML/sr@latin/kcharselect/index.cache.bz2
-- Installing: /home/omen/GITHUB/Athos/AthOS/REPO-AthOS/kcharselect/package-kcharselect/usr/share/doc/HTML/sr@latin/kcharselect/index.docbook
-- Installing: /home/omen/GITHUB/Athos/AthOS/REPO-AthOS/kcharselect/package-kcharselect/usr/share/doc/HTML/sv/kcharselect/index.cache.bz2
-- Installing: /home/omen/GITHUB/Athos/AthOS/REPO-AthOS/kcharselect/package-kcharselect/usr/share/doc/HTML/sv/kcharselect/index.docbook
-- Installing: /home/omen/GITHUB/Athos/AthOS/REPO-AthOS/kcharselect/package-kcharselect/usr/share/doc/HTML/tr/kcharselect/index.cache.bz2
-- Installing: /home/omen/GITHUB/Athos/AthOS/REPO-AthOS/kcharselect/package-kcharselect/usr/share/doc/HTML/tr/kcharselect/index.docbook
-- Installing: /home/omen/GITHUB/Athos/AthOS/REPO-AthOS/kcharselect/package-kcharselect/usr/share/doc/HTML/tr/kcharselect/kcharselect.png
-- Installing: /home/omen/GITHUB/Athos/AthOS/REPO-AthOS/kcharselect/package-kcharselect/usr/share/doc/HTML/uk/kcharselect/index.cache.bz2
-- Installing: /home/omen/GITHUB/Athos/AthOS/REPO-AthOS/kcharselect/package-kcharselect/usr/share/doc/HTML/uk/kcharselect/index.docbook
-- Installing: /home/omen/GITHUB/Athos/AthOS/REPO-AthOS/kcharselect/package-kcharselect/usr/share/doc/HTML/uk/kcharselect/kcharselect.png
-- Installing: /home/omen/GITHUB/Athos/AthOS/REPO-AthOS/kcharselect/package-kcharselect/usr/share/locale
-- Installing: /home/omen/GITHUB/Athos/AthOS/REPO-AthOS/kcharselect/package-kcharselect/usr/share/locale/da
-- Installing: /home/omen/GITHUB/Athos/AthOS/REPO-AthOS/kcharselect/package-kcharselect/usr/share/locale/da/LC_MESSAGES
-- Installing: /home/omen/GITHUB/Athos/AthOS/REPO-AthOS/kcharselect/package-kcharselect/usr/share/locale/da/LC_MESSAGES/kcharselect.mo
-- Installing: /home/omen/GITHUB/Athos/AthOS/REPO-AthOS/kcharselect/package-kcharselect/usr/share/locale/ms
-- Installing: /home/omen/GITHUB/Athos/AthOS/REPO-AthOS/kcharselect/package-kcharselect/usr/share/locale/ms/LC_MESSAGES
-- Installing: /home/omen/GITHUB/Athos/AthOS/REPO-AthOS/kcharselect/package-kcharselect/usr/share/locale/ms/LC_MESSAGES/kcharselect.mo
-- Installing: /home/omen/GITHUB/Athos/AthOS/REPO-AthOS/kcharselect/package-kcharselect/usr/share/locale/cs
-- Installing: /home/omen/GITHUB/Athos/AthOS/REPO-AthOS/kcharselect/package-kcharselect/usr/share/locale/cs/LC_MESSAGES
-- Installing: /home/omen/GITHUB/Athos/AthOS/REPO-AthOS/kcharselect/package-kcharselect/usr/share/locale/cs/LC_MESSAGES/kcharselect.mo
-- Installing: /home/omen/GITHUB/Athos/AthOS/REPO-AthOS/kcharselect/package-kcharselect/usr/share/locale/ja
-- Installing: /home/omen/GITHUB/Athos/AthOS/REPO-AthOS/kcharselect/package-kcharselect/usr/share/locale/ja/LC_MESSAGES
-- Installing: /home/omen/GITHUB/Athos/AthOS/REPO-AthOS/kcharselect/package-kcharselect/usr/share/locale/ja/LC_MESSAGES/kcharselect.mo
-- Installing: /home/omen/GITHUB/Athos/AthOS/REPO-AthOS/kcharselect/package-kcharselect/usr/share/locale/sr@ijekavian
-- Installing: /home/omen/GITHUB/Athos/AthOS/REPO-AthOS/kcharselect/package-kcharselect/usr/share/locale/sr@ijekavian/LC_MESSAGES
-- Installing: /home/omen/GITHUB/Athos/AthOS/REPO-AthOS/kcharselect/package-kcharselect/usr/share/locale/sr@ijekavian/LC_MESSAGES/kcharselect.mo
-- Installing: /home/omen/GITHUB/Athos/AthOS/REPO-AthOS/kcharselect/package-kcharselect/usr/share/locale/de
-- Installing: /home/omen/GITHUB/Athos/AthOS/REPO-AthOS/kcharselect/package-kcharselect/usr/share/locale/de/LC_MESSAGES
-- Installing: /home/omen/GITHUB/Athos/AthOS/REPO-AthOS/kcharselect/package-kcharselect/usr/share/locale/de/LC_MESSAGES/kcharselect.mo
-- Installing: /home/omen/GITHUB/Athos/AthOS/REPO-AthOS/kcharselect/package-kcharselect/usr/share/locale/el
-- Installing: /home/omen/GITHUB/Athos/AthOS/REPO-AthOS/kcharselect/package-kcharselect/usr/share/locale/el/LC_MESSAGES
-- Installing: /home/omen/GITHUB/Athos/AthOS/REPO-AthOS/kcharselect/package-kcharselect/usr/share/locale/el/LC_MESSAGES/kcharselect.mo
-- Installing: /home/omen/GITHUB/Athos/AthOS/REPO-AthOS/kcharselect/package-kcharselect/usr/share/locale/nn
-- Installing: /home/omen/GITHUB/Athos/AthOS/REPO-AthOS/kcharselect/package-kcharselect/usr/share/locale/nn/LC_MESSAGES
-- Installing: /home/omen/GITHUB/Athos/AthOS/REPO-AthOS/kcharselect/package-kcharselect/usr/share/locale/nn/LC_MESSAGES/kcharselect.mo
-- Installing: /home/omen/GITHUB/Athos/AthOS/REPO-AthOS/kcharselect/package-kcharselect/usr/share/locale/sr
-- Installing: /home/omen/GITHUB/Athos/AthOS/REPO-AthOS/kcharselect/package-kcharselect/usr/share/locale/sr/LC_MESSAGES
-- Installing: /home/omen/GITHUB/Athos/AthOS/REPO-AthOS/kcharselect/package-kcharselect/usr/share/locale/sr/LC_MESSAGES/kcharselect.mo
-- Installing: /home/omen/GITHUB/Athos/AthOS/REPO-AthOS/kcharselect/package-kcharselect/usr/share/locale/hi
-- Installing: /home/omen/GITHUB/Athos/AthOS/REPO-AthOS/kcharselect/package-kcharselect/usr/share/locale/hi/LC_MESSAGES
-- Installing: /home/omen/GITHUB/Athos/AthOS/REPO-AthOS/kcharselect/package-kcharselect/usr/share/locale/hi/LC_MESSAGES/kcharselect.mo
-- Installing: /home/omen/GITHUB/Athos/AthOS/REPO-AthOS/kcharselect/package-kcharselect/usr/share/locale/pt_BR
-- Installing: /home/omen/GITHUB/Athos/AthOS/REPO-AthOS/kcharselect/package-kcharselect/usr/share/locale/pt_BR/LC_MESSAGES
-- Installing: /home/omen/GITHUB/Athos/AthOS/REPO-AthOS/kcharselect/package-kcharselect/usr/share/locale/pt_BR/LC_MESSAGES/kcharselect.mo
-- Installing: /home/omen/GITHUB/Athos/AthOS/REPO-AthOS/kcharselect/package-kcharselect/usr/share/locale/lt
-- Installing: /home/omen/GITHUB/Athos/AthOS/REPO-AthOS/kcharselect/package-kcharselect/usr/share/locale/lt/LC_MESSAGES
-- Installing: /home/omen/GITHUB/Athos/AthOS/REPO-AthOS/kcharselect/package-kcharselect/usr/share/locale/lt/LC_MESSAGES/kcharselect.mo
-- Installing: /home/omen/GITHUB/Athos/AthOS/REPO-AthOS/kcharselect/package-kcharselect/usr/share/locale/sr@ijekavianlatin
-- Installing: /home/omen/GITHUB/Athos/AthOS/REPO-AthOS/kcharselect/package-kcharselect/usr/share/locale/sr@ijekavianlatin/LC_MESSAGES
-- Installing: /home/omen/GITHUB/Athos/AthOS/REPO-AthOS/kcharselect/package-kcharselect/usr/share/locale/sr@ijekavianlatin/LC_MESSAGES/kcharselect.mo
-- Installing: /home/omen/GITHUB/Athos/AthOS/REPO-AthOS/kcharselect/package-kcharselect/usr/share/locale/be
-- Installing: /home/omen/GITHUB/Athos/AthOS/REPO-AthOS/kcharselect/package-kcharselect/usr/share/locale/be/LC_MESSAGES
-- Installing: /home/omen/GITHUB/Athos/AthOS/REPO-AthOS/kcharselect/package-kcharselect/usr/share/locale/be/LC_MESSAGES/kcharselect.mo
-- Installing: /home/omen/GITHUB/Athos/AthOS/REPO-AthOS/kcharselect/package-kcharselect/usr/share/locale/pa
-- Installing: /home/omen/GITHUB/Athos/AthOS/REPO-AthOS/kcharselect/package-kcharselect/usr/share/locale/pa/LC_MESSAGES
-- Installing: /home/omen/GITHUB/Athos/AthOS/REPO-AthOS/kcharselect/package-kcharselect/usr/share/locale/pa/LC_MESSAGES/kcharselect.mo
-- Installing: /home/omen/GITHUB/Athos/AthOS/REPO-AthOS/kcharselect/package-kcharselect/usr/share/locale/sl
-- Installing: /home/omen/GITHUB/Athos/AthOS/REPO-AthOS/kcharselect/package-kcharselect/usr/share/locale/sl/LC_MESSAGES
-- Installing: /home/omen/GITHUB/Athos/AthOS/REPO-AthOS/kcharselect/package-kcharselect/usr/share/locale/sl/LC_MESSAGES/kcharselect.mo
-- Installing: /home/omen/GITHUB/Athos/AthOS/REPO-AthOS/kcharselect/package-kcharselect/usr/share/locale/ie
-- Installing: /home/omen/GITHUB/Athos/AthOS/REPO-AthOS/kcharselect/package-kcharselect/usr/share/locale/ie/LC_MESSAGES
-- Installing: /home/omen/GITHUB/Athos/AthOS/REPO-AthOS/kcharselect/package-kcharselect/usr/share/locale/ie/LC_MESSAGES/kcharselect.mo
-- Installing: /home/omen/GITHUB/Athos/AthOS/REPO-AthOS/kcharselect/package-kcharselect/usr/share/locale/ta
-- Installing: /home/omen/GITHUB/Athos/AthOS/REPO-AthOS/kcharselect/package-kcharselect/usr/share/locale/ta/LC_MESSAGES
-- Installing: /home/omen/GITHUB/Athos/AthOS/REPO-AthOS/kcharselect/package-kcharselect/usr/share/locale/ta/LC_MESSAGES/kcharselect.mo
-- Installing: /home/omen/GITHUB/Athos/AthOS/REPO-AthOS/kcharselect/package-kcharselect/usr/share/locale/xh
-- Installing: /home/omen/GITHUB/Athos/AthOS/REPO-AthOS/kcharselect/package-kcharselect/usr/share/locale/xh/LC_MESSAGES
-- Installing: /home/omen/GITHUB/Athos/AthOS/REPO-AthOS/kcharselect/package-kcharselect/usr/share/locale/xh/LC_MESSAGES/kcharselect.mo
-- Installing: /home/omen/GITHUB/Athos/AthOS/REPO-AthOS/kcharselect/package-kcharselect/usr/share/locale/ro
-- Installing: /home/omen/GITHUB/Athos/AthOS/REPO-AthOS/kcharselect/package-kcharselect/usr/share/locale/ro/LC_MESSAGES
-- Installing: /home/omen/GITHUB/Athos/AthOS/REPO-AthOS/kcharselect/package-kcharselect/usr/share/locale/ro/LC_MESSAGES/kcharselect.mo
-- Installing: /home/omen/GITHUB/Athos/AthOS/REPO-AthOS/kcharselect/package-kcharselect/usr/share/locale/bs
-- Installing: /home/omen/GITHUB/Athos/AthOS/REPO-AthOS/kcharselect/package-kcharselect/usr/share/locale/bs/LC_MESSAGES
-- Installing: /home/omen/GITHUB/Athos/AthOS/REPO-AthOS/kcharselect/package-kcharselect/usr/share/locale/bs/LC_MESSAGES/kcharselect.mo
-- Installing: /home/omen/GITHUB/Athos/AthOS/REPO-AthOS/kcharselect/package-kcharselect/usr/share/locale/is
-- Installing: /home/omen/GITHUB/Athos/AthOS/REPO-AthOS/kcharselect/package-kcharselect/usr/share/locale/is/LC_MESSAGES
-- Installing: /home/omen/GITHUB/Athos/AthOS/REPO-AthOS/kcharselect/package-kcharselect/usr/share/locale/is/LC_MESSAGES/kcharselect.mo
-- Installing: /home/omen/GITHUB/Athos/AthOS/REPO-AthOS/kcharselect/package-kcharselect/usr/share/locale/kk
-- Installing: /home/omen/GITHUB/Athos/AthOS/REPO-AthOS/kcharselect/package-kcharselect/usr/share/locale/kk/LC_MESSAGES
-- Installing: /home/omen/GITHUB/Athos/AthOS/REPO-AthOS/kcharselect/package-kcharselect/usr/share/locale/kk/LC_MESSAGES/kcharselect.mo
-- Installing: /home/omen/GITHUB/Athos/AthOS/REPO-AthOS/kcharselect/package-kcharselect/usr/share/locale/sr@latin
-- Installing: /home/omen/GITHUB/Athos/AthOS/REPO-AthOS/kcharselect/package-kcharselect/usr/share/locale/sr@latin/LC_MESSAGES
-- Installing: /home/omen/GITHUB/Athos/AthOS/REPO-AthOS/kcharselect/package-kcharselect/usr/share/locale/sr@latin/LC_MESSAGES/kcharselect.mo
-- Installing: /home/omen/GITHUB/Athos/AthOS/REPO-AthOS/kcharselect/package-kcharselect/usr/share/locale/he
-- Installing: /home/omen/GITHUB/Athos/AthOS/REPO-AthOS/kcharselect/package-kcharselect/usr/share/locale/he/LC_MESSAGES
-- Installing: /home/omen/GITHUB/Athos/AthOS/REPO-AthOS/kcharselect/package-kcharselect/usr/share/locale/he/LC_MESSAGES/kcharselect.mo
-- Installing: /home/omen/GITHUB/Athos/AthOS/REPO-AthOS/kcharselect/package-kcharselect/usr/share/locale/zh_TW
-- Installing: /home/omen/GITHUB/Athos/AthOS/REPO-AthOS/kcharselect/package-kcharselect/usr/share/locale/zh_TW/LC_MESSAGES
-- Installing: /home/omen/GITHUB/Athos/AthOS/REPO-AthOS/kcharselect/package-kcharselect/usr/share/locale/zh_TW/LC_MESSAGES/kcharselect.mo
-- Installing: /home/omen/GITHUB/Athos/AthOS/REPO-AthOS/kcharselect/package-kcharselect/usr/share/locale/tg
-- Installing: /home/omen/GITHUB/Athos/AthOS/REPO-AthOS/kcharselect/package-kcharselect/usr/share/locale/tg/LC_MESSAGES
-- Installing: /home/omen/GITHUB/Athos/AthOS/REPO-AthOS/kcharselect/package-kcharselect/usr/share/locale/tg/LC_MESSAGES/kcharselect.mo
-- Installing: /home/omen/GITHUB/Athos/AthOS/REPO-AthOS/kcharselect/package-kcharselect/usr/share/locale/fa
-- Installing: /home/omen/GITHUB/Athos/AthOS/REPO-AthOS/kcharselect/package-kcharselect/usr/share/locale/fa/LC_MESSAGES
-- Installing: /home/omen/GITHUB/Athos/AthOS/REPO-AthOS/kcharselect/package-kcharselect/usr/share/locale/fa/LC_MESSAGES/kcharselect.mo
-- Installing: /home/omen/GITHUB/Athos/AthOS/REPO-AthOS/kcharselect/package-kcharselect/usr/share/locale/pl
-- Installing: /home/omen/GITHUB/Athos/AthOS/REPO-AthOS/kcharselect/package-kcharselect/usr/share/locale/pl/LC_MESSAGES
-- Installing: /home/omen/GITHUB/Athos/AthOS/REPO-AthOS/kcharselect/package-kcharselect/usr/share/locale/pl/LC_MESSAGES/kcharselect.mo
-- Installing: /home/omen/GITHUB/Athos/AthOS/REPO-AthOS/kcharselect/package-kcharselect/usr/share/locale/km
-- Installing: /home/omen/GITHUB/Athos/AthOS/REPO-AthOS/kcharselect/package-kcharselect/usr/share/locale/km/LC_MESSAGES
-- Installing: /home/omen/GITHUB/Athos/AthOS/REPO-AthOS/kcharselect/package-kcharselect/usr/share/locale/km/LC_MESSAGES/kcharselect.mo
-- Installing: /home/omen/GITHUB/Athos/AthOS/REPO-AthOS/kcharselect/package-kcharselect/usr/share/locale/pt
-- Installing: /home/omen/GITHUB/Athos/AthOS/REPO-AthOS/kcharselect/package-kcharselect/usr/share/locale/pt/LC_MESSAGES
-- Installing: /home/omen/GITHUB/Athos/AthOS/REPO-AthOS/kcharselect/package-kcharselect/usr/share/locale/pt/LC_MESSAGES/kcharselect.mo
-- Installing: /home/omen/GITHUB/Athos/AthOS/REPO-AthOS/kcharselect/package-kcharselect/usr/share/locale/hr
-- Installing: /home/omen/GITHUB/Athos/AthOS/REPO-AthOS/kcharselect/package-kcharselect/usr/share/locale/hr/LC_MESSAGES
-- Installing: /home/omen/GITHUB/Athos/AthOS/REPO-AthOS/kcharselect/package-kcharselect/usr/share/locale/hr/LC_MESSAGES/kcharselect.mo
-- Installing: /home/omen/GITHUB/Athos/AthOS/REPO-AthOS/kcharselect/package-kcharselect/usr/share/locale/tr
-- Installing: /home/omen/GITHUB/Athos/AthOS/REPO-AthOS/kcharselect/package-kcharselect/usr/share/locale/tr/LC_MESSAGES
-- Installing: /home/omen/GITHUB/Athos/AthOS/REPO-AthOS/kcharselect/package-kcharselect/usr/share/locale/tr/LC_MESSAGES/kcharselect.mo
-- Installing: /home/omen/GITHUB/Athos/AthOS/REPO-AthOS/kcharselect/package-kcharselect/usr/share/locale/fr
-- Installing: /home/omen/GITHUB/Athos/AthOS/REPO-AthOS/kcharselect/package-kcharselect/usr/share/locale/fr/LC_MESSAGES
-- Installing: /home/omen/GITHUB/Athos/AthOS/REPO-AthOS/kcharselect/package-kcharselect/usr/share/locale/fr/LC_MESSAGES/kcharselect.mo
-- Installing: /home/omen/GITHUB/Athos/AthOS/REPO-AthOS/kcharselect/package-kcharselect/usr/share/locale/uz
-- Installing: /home/omen/GITHUB/Athos/AthOS/REPO-AthOS/kcharselect/package-kcharselect/usr/share/locale/uz/LC_MESSAGES
-- Installing: /home/omen/GITHUB/Athos/AthOS/REPO-AthOS/kcharselect/package-kcharselect/usr/share/locale/uz/LC_MESSAGES/kcharselect.mo
-- Installing: /home/omen/GITHUB/Athos/AthOS/REPO-AthOS/kcharselect/package-kcharselect/usr/share/locale/ast
-- Installing: /home/omen/GITHUB/Athos/AthOS/REPO-AthOS/kcharselect/package-kcharselect/usr/share/locale/ast/LC_MESSAGES
-- Installing: /home/omen/GITHUB/Athos/AthOS/REPO-AthOS/kcharselect/package-kcharselect/usr/share/locale/ast/LC_MESSAGES/kcharselect.mo
-- Installing: /home/omen/GITHUB/Athos/AthOS/REPO-AthOS/kcharselect/package-kcharselect/usr/share/locale/ne
-- Installing: /home/omen/GITHUB/Athos/AthOS/REPO-AthOS/kcharselect/package-kcharselect/usr/share/locale/ne/LC_MESSAGES
-- Installing: /home/omen/GITHUB/Athos/AthOS/REPO-AthOS/kcharselect/package-kcharselect/usr/share/locale/ne/LC_MESSAGES/kcharselect.mo
-- Installing: /home/omen/GITHUB/Athos/AthOS/REPO-AthOS/kcharselect/package-kcharselect/usr/share/locale/ka
-- Installing: /home/omen/GITHUB/Athos/AthOS/REPO-AthOS/kcharselect/package-kcharselect/usr/share/locale/ka/LC_MESSAGES
-- Installing: /home/omen/GITHUB/Athos/AthOS/REPO-AthOS/kcharselect/package-kcharselect/usr/share/locale/ka/LC_MESSAGES/kcharselect.mo
-- Installing: /home/omen/GITHUB/Athos/AthOS/REPO-AthOS/kcharselect/package-kcharselect/usr/share/locale/cy
-- Installing: /home/omen/GITHUB/Athos/AthOS/REPO-AthOS/kcharselect/package-kcharselect/usr/share/locale/cy/LC_MESSAGES
-- Installing: /home/omen/GITHUB/Athos/AthOS/REPO-AthOS/kcharselect/package-kcharselect/usr/share/locale/cy/LC_MESSAGES/kcharselect.mo
-- Installing: /home/omen/GITHUB/Athos/AthOS/REPO-AthOS/kcharselect/package-kcharselect/usr/share/locale/th
-- Installing: /home/omen/GITHUB/Athos/AthOS/REPO-AthOS/kcharselect/package-kcharselect/usr/share/locale/th/LC_MESSAGES
-- Installing: /home/omen/GITHUB/Athos/AthOS/REPO-AthOS/kcharselect/package-kcharselect/usr/share/locale/th/LC_MESSAGES/kcharselect.mo
-- Installing: /home/omen/GITHUB/Athos/AthOS/REPO-AthOS/kcharselect/package-kcharselect/usr/share/locale/gl
-- Installing: /home/omen/GITHUB/Athos/AthOS/REPO-AthOS/kcharselect/package-kcharselect/usr/share/locale/gl/LC_MESSAGES
-- Installing: /home/omen/GITHUB/Athos/AthOS/REPO-AthOS/kcharselect/package-kcharselect/usr/share/locale/gl/LC_MESSAGES/kcharselect.mo
-- Installing: /home/omen/GITHUB/Athos/AthOS/REPO-AthOS/kcharselect/package-kcharselect/usr/share/locale/ia
-- Installing: /home/omen/GITHUB/Athos/AthOS/REPO-AthOS/kcharselect/package-kcharselect/usr/share/locale/ia/LC_MESSAGES
-- Installing: /home/omen/GITHUB/Athos/AthOS/REPO-AthOS/kcharselect/package-kcharselect/usr/share/locale/ia/LC_MESSAGES/kcharselect.mo
-- Installing: /home/omen/GITHUB/Athos/AthOS/REPO-AthOS/kcharselect/package-kcharselect/usr/share/locale/hu
-- Installing: /home/omen/GITHUB/Athos/AthOS/REPO-AthOS/kcharselect/package-kcharselect/usr/share/locale/hu/LC_MESSAGES
-- Installing: /home/omen/GITHUB/Athos/AthOS/REPO-AthOS/kcharselect/package-kcharselect/usr/share/locale/hu/LC_MESSAGES/kcharselect.mo
-- Installing: /home/omen/GITHUB/Athos/AthOS/REPO-AthOS/kcharselect/package-kcharselect/usr/share/locale/eo
-- Installing: /home/omen/GITHUB/Athos/AthOS/REPO-AthOS/kcharselect/package-kcharselect/usr/share/locale/eo/LC_MESSAGES
-- Installing: /home/omen/GITHUB/Athos/AthOS/REPO-AthOS/kcharselect/package-kcharselect/usr/share/locale/eo/LC_MESSAGES/kcharselect.mo
-- Installing: /home/omen/GITHUB/Athos/AthOS/REPO-AthOS/kcharselect/package-kcharselect/usr/share/locale/bg
-- Installing: /home/omen/GITHUB/Athos/AthOS/REPO-AthOS/kcharselect/package-kcharselect/usr/share/locale/bg/LC_MESSAGES
-- Installing: /home/omen/GITHUB/Athos/AthOS/REPO-AthOS/kcharselect/package-kcharselect/usr/share/locale/bg/LC_MESSAGES/kcharselect.mo
-- Installing: /home/omen/GITHUB/Athos/AthOS/REPO-AthOS/kcharselect/package-kcharselect/usr/share/locale/ga
-- Installing: /home/omen/GITHUB/Athos/AthOS/REPO-AthOS/kcharselect/package-kcharselect/usr/share/locale/ga/LC_MESSAGES
-- Installing: /home/omen/GITHUB/Athos/AthOS/REPO-AthOS/kcharselect/package-kcharselect/usr/share/locale/ga/LC_MESSAGES/kcharselect.mo
-- Installing: /home/omen/GITHUB/Athos/AthOS/REPO-AthOS/kcharselect/package-kcharselect/usr/share/locale/br
-- Installing: /home/omen/GITHUB/Athos/AthOS/REPO-AthOS/kcharselect/package-kcharselect/usr/share/locale/br/LC_MESSAGES
-- Installing: /home/omen/GITHUB/Athos/AthOS/REPO-AthOS/kcharselect/package-kcharselect/usr/share/locale/br/LC_MESSAGES/kcharselect.mo
-- Installing: /home/omen/GITHUB/Athos/AthOS/REPO-AthOS/kcharselect/package-kcharselect/usr/share/locale/ca
-- Installing: /home/omen/GITHUB/Athos/AthOS/REPO-AthOS/kcharselect/package-kcharselect/usr/share/locale/ca/LC_MESSAGES
-- Installing: /home/omen/GITHUB/Athos/AthOS/REPO-AthOS/kcharselect/package-kcharselect/usr/share/locale/ca/LC_MESSAGES/kcharselect.mo
-- Installing: /home/omen/GITHUB/Athos/AthOS/REPO-AthOS/kcharselect/package-kcharselect/usr/share/locale/uk
-- Installing: /home/omen/GITHUB/Athos/AthOS/REPO-AthOS/kcharselect/package-kcharselect/usr/share/locale/uk/LC_MESSAGES
-- Installing: /home/omen/GITHUB/Athos/AthOS/REPO-AthOS/kcharselect/package-kcharselect/usr/share/locale/uk/LC_MESSAGES/kcharselect.mo
-- Installing: /home/omen/GITHUB/Athos/AthOS/REPO-AthOS/kcharselect/package-kcharselect/usr/share/locale/id
-- Installing: /home/omen/GITHUB/Athos/AthOS/REPO-AthOS/kcharselect/package-kcharselect/usr/share/locale/id/LC_MESSAGES
-- Installing: /home/omen/GITHUB/Athos/AthOS/REPO-AthOS/kcharselect/package-kcharselect/usr/share/locale/id/LC_MESSAGES/kcharselect.mo
-- Installing: /home/omen/GITHUB/Athos/AthOS/REPO-AthOS/kcharselect/package-kcharselect/usr/share/locale/en_GB
-- Installing: /home/omen/GITHUB/Athos/AthOS/REPO-AthOS/kcharselect/package-kcharselect/usr/share/locale/en_GB/LC_MESSAGES
-- Installing: /home/omen/GITHUB/Athos/AthOS/REPO-AthOS/kcharselect/package-kcharselect/usr/share/locale/en_GB/LC_MESSAGES/kcharselect.mo
-- Installing: /home/omen/GITHUB/Athos/AthOS/REPO-AthOS/kcharselect/package-kcharselect/usr/share/locale/zh_CN
-- Installing: /home/omen/GITHUB/Athos/AthOS/REPO-AthOS/kcharselect/package-kcharselect/usr/share/locale/zh_CN/LC_MESSAGES
-- Installing: /home/omen/GITHUB/Athos/AthOS/REPO-AthOS/kcharselect/package-kcharselect/usr/share/locale/zh_CN/LC_MESSAGES/kcharselect.mo
-- Installing: /home/omen/GITHUB/Athos/AthOS/REPO-AthOS/kcharselect/package-kcharselect/usr/share/locale/nl
-- Installing: /home/omen/GITHUB/Athos/AthOS/REPO-AthOS/kcharselect/package-kcharselect/usr/share/locale/nl/LC_MESSAGES
-- Installing: /home/omen/GITHUB/Athos/AthOS/REPO-AthOS/kcharselect/package-kcharselect/usr/share/locale/nl/LC_MESSAGES/kcharselect.mo
-- Installing: /home/omen/GITHUB/Athos/AthOS/REPO-AthOS/kcharselect/package-kcharselect/usr/share/locale/oc
-- Installing: /home/omen/GITHUB/Athos/AthOS/REPO-AthOS/kcharselect/package-kcharselect/usr/share/locale/oc/LC_MESSAGES
-- Installing: /home/omen/GITHUB/Athos/AthOS/REPO-AthOS/kcharselect/package-kcharselect/usr/share/locale/oc/LC_MESSAGES/kcharselect.mo
-- Installing: /home/omen/GITHUB/Athos/AthOS/REPO-AthOS/kcharselect/package-kcharselect/usr/share/locale/sa
-- Installing: /home/omen/GITHUB/Athos/AthOS/REPO-AthOS/kcharselect/package-kcharselect/usr/share/locale/sa/LC_MESSAGES
-- Installing: /home/omen/GITHUB/Athos/AthOS/REPO-AthOS/kcharselect/package-kcharselect/usr/share/locale/sa/LC_MESSAGES/kcharselect.mo
-- Installing: /home/omen/GITHUB/Athos/AthOS/REPO-AthOS/kcharselect/package-kcharselect/usr/share/locale/fi
-- Installing: /home/omen/GITHUB/Athos/AthOS/REPO-AthOS/kcharselect/package-kcharselect/usr/share/locale/fi/LC_MESSAGES
-- Installing: /home/omen/GITHUB/Athos/AthOS/REPO-AthOS/kcharselect/package-kcharselect/usr/share/locale/fi/LC_MESSAGES/kcharselect.mo
-- Installing: /home/omen/GITHUB/Athos/AthOS/REPO-AthOS/kcharselect/package-kcharselect/usr/share/locale/uz@cyrillic
-- Installing: /home/omen/GITHUB/Athos/AthOS/REPO-AthOS/kcharselect/package-kcharselect/usr/share/locale/uz@cyrillic/LC_MESSAGES
-- Installing: /home/omen/GITHUB/Athos/AthOS/REPO-AthOS/kcharselect/package-kcharselect/usr/share/locale/uz@cyrillic/LC_MESSAGES/kcharselect.mo
-- Installing: /home/omen/GITHUB/Athos/AthOS/REPO-AthOS/kcharselect/package-kcharselect/usr/share/locale/ko
-- Installing: /home/omen/GITHUB/Athos/AthOS/REPO-AthOS/kcharselect/package-kcharselect/usr/share/locale/ko/LC_MESSAGES
-- Installing: /home/omen/GITHUB/Athos/AthOS/REPO-AthOS/kcharselect/package-kcharselect/usr/share/locale/ko/LC_MESSAGES/kcharselect.mo
-- Installing: /home/omen/GITHUB/Athos/AthOS/REPO-AthOS/kcharselect/package-kcharselect/usr/share/locale/mk
-- Installing: /home/omen/GITHUB/Athos/AthOS/REPO-AthOS/kcharselect/package-kcharselect/usr/share/locale/mk/LC_MESSAGES
-- Installing: /home/omen/GITHUB/Athos/AthOS/REPO-AthOS/kcharselect/package-kcharselect/usr/share/locale/mk/LC_MESSAGES/kcharselect.mo
-- Installing: /home/omen/GITHUB/Athos/AthOS/REPO-AthOS/kcharselect/package-kcharselect/usr/share/locale/ru
-- Installing: /home/omen/GITHUB/Athos/AthOS/REPO-AthOS/kcharselect/package-kcharselect/usr/share/locale/ru/LC_MESSAGES
-- Installing: /home/omen/GITHUB/Athos/AthOS/REPO-AthOS/kcharselect/package-kcharselect/usr/share/locale/ru/LC_MESSAGES/kcharselect.mo
-- Installing: /home/omen/GITHUB/Athos/AthOS/REPO-AthOS/kcharselect/package-kcharselect/usr/share/locale/af
-- Installing: /home/omen/GITHUB/Athos/AthOS/REPO-AthOS/kcharselect/package-kcharselect/usr/share/locale/af/LC_MESSAGES
-- Installing: /home/omen/GITHUB/Athos/AthOS/REPO-AthOS/kcharselect/package-kcharselect/usr/share/locale/af/LC_MESSAGES/kcharselect.mo
-- Installing: /home/omen/GITHUB/Athos/AthOS/REPO-AthOS/kcharselect/package-kcharselect/usr/share/locale/lv
-- Installing: /home/omen/GITHUB/Athos/AthOS/REPO-AthOS/kcharselect/package-kcharselect/usr/share/locale/lv/LC_MESSAGES
-- Installing: /home/omen/GITHUB/Athos/AthOS/REPO-AthOS/kcharselect/package-kcharselect/usr/share/locale/lv/LC_MESSAGES/kcharselect.mo
-- Installing: /home/omen/GITHUB/Athos/AthOS/REPO-AthOS/kcharselect/package-kcharselect/usr/share/locale/hne
-- Installing: /home/omen/GITHUB/Athos/AthOS/REPO-AthOS/kcharselect/package-kcharselect/usr/share/locale/hne/LC_MESSAGES
-- Installing: /home/omen/GITHUB/Athos/AthOS/REPO-AthOS/kcharselect/package-kcharselect/usr/share/locale/hne/LC_MESSAGES/kcharselect.mo
-- Installing: /home/omen/GITHUB/Athos/AthOS/REPO-AthOS/kcharselect/package-kcharselect/usr/share/locale/ca@valencia
-- Installing: /home/omen/GITHUB/Athos/AthOS/REPO-AthOS/kcharselect/package-kcharselect/usr/share/locale/ca@valencia/LC_MESSAGES
-- Installing: /home/omen/GITHUB/Athos/AthOS/REPO-AthOS/kcharselect/package-kcharselect/usr/share/locale/ca@valencia/LC_MESSAGES/kcharselect.mo
-- Installing: /home/omen/GITHUB/Athos/AthOS/REPO-AthOS/kcharselect/package-kcharselect/usr/share/locale/nb
-- Installing: /home/omen/GITHUB/Athos/AthOS/REPO-AthOS/kcharselect/package-kcharselect/usr/share/locale/nb/LC_MESSAGES
-- Installing: /home/omen/GITHUB/Athos/AthOS/REPO-AthOS/kcharselect/package-kcharselect/usr/share/locale/nb/LC_MESSAGES/kcharselect.mo
-- Installing: /home/omen/GITHUB/Athos/AthOS/REPO-AthOS/kcharselect/package-kcharselect/usr/share/locale/es
-- Installing: /home/omen/GITHUB/Athos/AthOS/REPO-AthOS/kcharselect/package-kcharselect/usr/share/locale/es/LC_MESSAGES
-- Installing: /home/omen/GITHUB/Athos/AthOS/REPO-AthOS/kcharselect/package-kcharselect/usr/share/locale/es/LC_MESSAGES/kcharselect.mo
-- Installing: /home/omen/GITHUB/Athos/AthOS/REPO-AthOS/kcharselect/package-kcharselect/usr/share/locale/eu
-- Installing: /home/omen/GITHUB/Athos/AthOS/REPO-AthOS/kcharselect/package-kcharselect/usr/share/locale/eu/LC_MESSAGES
-- Installing: /home/omen/GITHUB/Athos/AthOS/REPO-AthOS/kcharselect/package-kcharselect/usr/share/locale/eu/LC_MESSAGES/kcharselect.mo
-- Installing: /home/omen/GITHUB/Athos/AthOS/REPO-AthOS/kcharselect/package-kcharselect/usr/share/locale/et
-- Installing: /home/omen/GITHUB/Athos/AthOS/REPO-AthOS/kcharselect/package-kcharselect/usr/share/locale/et/LC_MESSAGES
-- Installing: /home/omen/GITHUB/Athos/AthOS/REPO-AthOS/kcharselect/package-kcharselect/usr/share/locale/et/LC_MESSAGES/kcharselect.mo
-- Installing: /home/omen/GITHUB/Athos/AthOS/REPO-AthOS/kcharselect/package-kcharselect/usr/share/locale/it
-- Installing: /home/omen/GITHUB/Athos/AthOS/REPO-AthOS/kcharselect/package-kcharselect/usr/share/locale/it/LC_MESSAGES
-- Installing: /home/omen/GITHUB/Athos/AthOS/REPO-AthOS/kcharselect/package-kcharselect/usr/share/locale/it/LC_MESSAGES/kcharselect.mo
-- Installing: /home/omen/GITHUB/Athos/AthOS/REPO-AthOS/kcharselect/package-kcharselect/usr/share/locale/se
-- Installing: /home/omen/GITHUB/Athos/AthOS/REPO-AthOS/kcharselect/package-kcharselect/usr/share/locale/se/LC_MESSAGES
-- Installing: /home/omen/GITHUB/Athos/AthOS/REPO-AthOS/kcharselect/package-kcharselect/usr/share/locale/se/LC_MESSAGES/kcharselect.mo
-- Installing: /home/omen/GITHUB/Athos/AthOS/REPO-AthOS/kcharselect/package-kcharselect/usr/share/locale/ar
-- Installing: /home/omen/GITHUB/Athos/AthOS/REPO-AthOS/kcharselect/package-kcharselect/usr/share/locale/ar/LC_MESSAGES
-- Installing: /home/omen/GITHUB/Athos/AthOS/REPO-AthOS/kcharselect/package-kcharselect/usr/share/locale/ar/LC_MESSAGES/kcharselect.mo
-- Installing: /home/omen/GITHUB/Athos/AthOS/REPO-AthOS/kcharselect/package-kcharselect/usr/share/locale/sq
-- Installing: /home/omen/GITHUB/Athos/AthOS/REPO-AthOS/kcharselect/package-kcharselect/usr/share/locale/sq/LC_MESSAGES
-- Installing: /home/omen/GITHUB/Athos/AthOS/REPO-AthOS/kcharselect/package-kcharselect/usr/share/locale/sq/LC_MESSAGES/kcharselect.mo
-- Installing: /home/omen/GITHUB/Athos/AthOS/REPO-AthOS/kcharselect/package-kcharselect/usr/share/locale/nds
-- Installing: /home/omen/GITHUB/Athos/AthOS/REPO-AthOS/kcharselect/package-kcharselect/usr/share/locale/nds/LC_MESSAGES
-- Installing: /home/omen/GITHUB/Athos/AthOS/REPO-AthOS/kcharselect/package-kcharselect/usr/share/locale/nds/LC_MESSAGES/kcharselect.mo
-- Installing: /home/omen/GITHUB/Athos/AthOS/REPO-AthOS/kcharselect/package-kcharselect/usr/share/locale/mr
-- Installing: /home/omen/GITHUB/Athos/AthOS/REPO-AthOS/kcharselect/package-kcharselect/usr/share/locale/mr/LC_MESSAGES
-- Installing: /home/omen/GITHUB/Athos/AthOS/REPO-AthOS/kcharselect/package-kcharselect/usr/share/locale/mr/LC_MESSAGES/kcharselect.mo
-- Installing: /home/omen/GITHUB/Athos/AthOS/REPO-AthOS/kcharselect/package-kcharselect/usr/share/locale/ug
-- Installing: /home/omen/GITHUB/Athos/AthOS/REPO-AthOS/kcharselect/package-kcharselect/usr/share/locale/ug/LC_MESSAGES
-- Installing: /home/omen/GITHUB/Athos/AthOS/REPO-AthOS/kcharselect/package-kcharselect/usr/share/locale/ug/LC_MESSAGES/kcharselect.mo
-- Installing: /home/omen/GITHUB/Athos/AthOS/REPO-AthOS/kcharselect/package-kcharselect/usr/share/locale/sk
-- Installing: /home/omen/GITHUB/Athos/AthOS/REPO-AthOS/kcharselect/package-kcharselect/usr/share/locale/sk/LC_MESSAGES
-- Installing: /home/omen/GITHUB/Athos/AthOS/REPO-AthOS/kcharselect/package-kcharselect/usr/share/locale/sk/LC_MESSAGES/kcharselect.mo
-- Installing: /home/omen/GITHUB/Athos/AthOS/REPO-AthOS/kcharselect/package-kcharselect/usr/share/locale/si
-- Installing: /home/omen/GITHUB/Athos/AthOS/REPO-AthOS/kcharselect/package-kcharselect/usr/share/locale/si/LC_MESSAGES
-- Installing: /home/omen/GITHUB/Athos/AthOS/REPO-AthOS/kcharselect/package-kcharselect/usr/share/locale/si/LC_MESSAGES/kcharselect.mo
-- Installing: /home/omen/GITHUB/Athos/AthOS/REPO-AthOS/kcharselect/package-kcharselect/usr/share/locale/sv
-- Installing: /home/omen/GITHUB/Athos/AthOS/REPO-AthOS/kcharselect/package-kcharselect/usr/share/locale/sv/LC_MESSAGES
-- Installing: /home/omen/GITHUB/Athos/AthOS/REPO-AthOS/kcharselect/package-kcharselect/usr/share/locale/sv/LC_MESSAGES/kcharselect.mo
[32mThe main part of source code is ready. We are moving on to preparing post install scripts, docs, license, man pages etc..[0m
cp: cannot stat 'AUTHORS': No such file or directory
cp: cannot stat 'ChangeLog*': No such file or directory
cp: cannot stat 'CREDITS': No such file or directory
cp: cannot stat 'LICENSE': No such file or directory
cp: cannot stat 'MAINTAINERS': No such file or directory
cp: cannot stat 'NEWS': No such file or directory
cp: cannot stat 'README*': No such file or directory
cp: cannot stat 'docs': No such file or directory
cp: cannot stat 'DOCS': No such file or directory
grep: /home/omen/GITHUB/Athos/AthOS/REPO-AthOS/kcharselect/kcharselect.info: No such file or directory
extra-cmake-modules
kbookmarks
kcrash
kdoctools
ki18n
kwidgetsaddons
kxmlgui
[32mPackaging compiled for slackware installation...[0m
[32mMAKEPKG_FLAGS is empty or unset, using default[0m

Slackware package maker, version 3.14159265.

Searching for symbolic links:

No symbolic links were found, so we won't make an installation script.
You can make your own later in ./install/doinst.sh and rebuild the
package if you like.

This next step is optional - you can set the directories in your package
to some sane permissions. If any of the directories in your package have
special permissions, then DO NOT reset them here!

Would you like to reset all directory permissions to 755 (drwxr-xr-x) and
directory ownerships to root:root ([y]es, [n]o)? n


Creating Slackware package:  /tmp/kcharselect/kcharselect-25.04.1-x86_64-1_rtz.tlz

./
install/
install/doinst.sh
install/slack-desc
usr/
usr/bin/
usr/bin/kcharselect
usr/doc/
usr/doc/kcharselect-25.04.1/
usr/doc/kcharselect-25.04.1/COPYING
usr/doc/kcharselect-25.04.1/kcharselect.ini
usr/doc/kcharselect-25.04.1/slack-required
usr/share/
usr/share/applications/
usr/share/applications/org.kde.kcharselect.desktop
usr/share/doc/
usr/share/doc/HTML/
usr/share/doc/HTML/ca/
usr/share/doc/HTML/ca/kcharselect/
usr/share/doc/HTML/ca/kcharselect/index.cache.bz2
usr/share/doc/HTML/ca/kcharselect/index.docbook
usr/share/doc/HTML/cs/
usr/share/doc/HTML/cs/kcharselect/
usr/share/doc/HTML/cs/kcharselect/index.cache.bz2
usr/share/doc/HTML/cs/kcharselect/index.docbook
usr/share/doc/HTML/de/
usr/share/doc/HTML/de/kcharselect/
usr/share/doc/HTML/de/kcharselect/index.cache.bz2
usr/share/doc/HTML/de/kcharselect/index.docbook
usr/share/doc/HTML/de/kcharselect/kcharselect.png
usr/share/doc/HTML/el/
usr/share/doc/HTML/el/kcharselect/
usr/share/doc/HTML/el/kcharselect/index.cache.bz2
usr/share/doc/HTML/el/kcharselect/index.docbook
usr/share/doc/HTML/el/kcharselect/kcharselect.png
usr/share/doc/HTML/en/
usr/share/doc/HTML/en/kcharselect/
usr/share/doc/HTML/en/kcharselect/index.cache.bz2
usr/share/doc/HTML/en/kcharselect/index.docbook
usr/share/doc/HTML/en/kcharselect/kcharselect.png
usr/share/doc/HTML/es/
usr/share/doc/HTML/es/kcharselect/
usr/share/doc/HTML/es/kcharselect/index.cache.bz2
usr/share/doc/HTML/es/kcharselect/index.docbook
usr/share/doc/HTML/et/
usr/share/doc/HTML/et/kcharselect/
usr/share/doc/HTML/et/kcharselect/index.cache.bz2
usr/share/doc/HTML/et/kcharselect/index.docbook
usr/share/doc/HTML/fr/
usr/share/doc/HTML/fr/kcharselect/
usr/share/doc/HTML/fr/kcharselect/index.cache.bz2
usr/share/doc/HTML/fr/kcharselect/index.docbook
usr/share/doc/HTML/gl/
usr/share/doc/HTML/gl/kcharselect/
usr/share/doc/HTML/gl/kcharselect/index.cache.bz2
usr/share/doc/HTML/gl/kcharselect/index.docbook
usr/share/doc/HTML/it/
usr/share/doc/HTML/it/kcharselect/
usr/share/doc/HTML/it/kcharselect/index.cache.bz2
usr/share/doc/HTML/it/kcharselect/index.docbook
usr/share/doc/HTML/it/kcharselect/kcharselect.png
usr/share/doc/HTML/ko/
usr/share/doc/HTML/ko/kcharselect/
usr/share/doc/HTML/ko/kcharselect/index.cache.bz2
usr/share/doc/HTML/ko/kcharselect/index.docbook
usr/share/doc/HTML/nl/
usr/share/doc/HTML/nl/kcharselect/
usr/share/doc/HTML/nl/kcharselect/index.cache.bz2
usr/share/doc/HTML/nl/kcharselect/index.docbook
usr/share/doc/HTML/pt/
usr/share/doc/HTML/pt/kcharselect/
usr/share/doc/HTML/pt/kcharselect/index.cache.bz2
usr/share/doc/HTML/pt/kcharselect/index.docbook
usr/share/doc/HTML/pt_BR/
usr/share/doc/HTML/pt_BR/kcharselect/
usr/share/doc/HTML/pt_BR/kcharselect/index.cache.bz2
usr/share/doc/HTML/pt_BR/kcharselect/index.docbook
usr/share/doc/HTML/pt_BR/kcharselect/kcharselect.png
usr/share/doc/HTML/ru/
usr/share/doc/HTML/ru/kcharselect/
usr/share/doc/HTML/ru/kcharselect/index.cache.bz2
usr/share/doc/HTML/ru/kcharselect/index.docbook
usr/share/doc/HTML/sl/
usr/share/doc/HTML/sl/kcharselect/
usr/share/doc/HTML/sl/kcharselect/index.cache.bz2
usr/share/doc/HTML/sl/kcharselect/index.docbook
usr/share/doc/HTML/sr/
usr/share/doc/HTML/sr/kcharselect/
usr/share/doc/HTML/sr/kcharselect/index.cache.bz2
usr/share/doc/HTML/sr/kcharselect/index.docbook
usr/share/doc/HTML/sr@latin/
usr/share/doc/HTML/sr@latin/kcharselect/
usr/share/doc/HTML/sr@latin/kcharselect/index.cache.bz2
usr/share/doc/HTML/sr@latin/kcharselect/index.docbook
usr/share/doc/HTML/sv/
usr/share/doc/HTML/sv/kcharselect/
usr/share/doc/HTML/sv/kcharselect/index.cache.bz2
usr/share/doc/HTML/sv/kcharselect/index.docbook
usr/share/doc/HTML/tr/
usr/share/doc/HTML/tr/kcharselect/
usr/share/doc/HTML/tr/kcharselect/index.cache.bz2
usr/share/doc/HTML/tr/kcharselect/index.docbook
usr/share/doc/HTML/tr/kcharselect/kcharselect.png
usr/share/doc/HTML/uk/
usr/share/doc/HTML/uk/kcharselect/
usr/share/doc/HTML/uk/kcharselect/index.cache.bz2
usr/share/doc/HTML/uk/kcharselect/index.docbook
usr/share/doc/HTML/uk/kcharselect/kcharselect.png
usr/share/locale/
usr/share/locale/af/
usr/share/locale/af/LC_MESSAGES/
usr/share/locale/af/LC_MESSAGES/kcharselect.mo
usr/share/locale/ar/
usr/share/locale/ar/LC_MESSAGES/
usr/share/locale/ar/LC_MESSAGES/kcharselect.mo
usr/share/locale/ast/
usr/share/locale/ast/LC_MESSAGES/
usr/share/locale/ast/LC_MESSAGES/kcharselect.mo
usr/share/locale/be/
usr/share/locale/be/LC_MESSAGES/
usr/share/locale/be/LC_MESSAGES/kcharselect.mo
usr/share/locale/bg/
usr/share/locale/bg/LC_MESSAGES/
usr/share/locale/bg/LC_MESSAGES/kcharselect.mo
usr/share/locale/br/
usr/share/locale/br/LC_MESSAGES/
usr/share/locale/br/LC_MESSAGES/kcharselect.mo
usr/share/locale/bs/
usr/share/locale/bs/LC_MESSAGES/
usr/share/locale/bs/LC_MESSAGES/kcharselect.mo
usr/share/locale/ca/
usr/share/locale/ca/LC_MESSAGES/
usr/share/locale/ca/LC_MESSAGES/kcharselect.mo
usr/share/locale/ca@valencia/
usr/share/locale/ca@valencia/LC_MESSAGES/
usr/share/locale/ca@valencia/LC_MESSAGES/kcharselect.mo
usr/share/locale/cs/
usr/share/locale/cs/LC_MESSAGES/
usr/share/locale/cs/LC_MESSAGES/kcharselect.mo
usr/share/locale/cy/
usr/share/locale/cy/LC_MESSAGES/
usr/share/locale/cy/LC_MESSAGES/kcharselect.mo
usr/share/locale/da/
usr/share/locale/da/LC_MESSAGES/
usr/share/locale/da/LC_MESSAGES/kcharselect.mo
usr/share/locale/de/
usr/share/locale/de/LC_MESSAGES/
usr/share/locale/de/LC_MESSAGES/kcharselect.mo
usr/share/locale/el/
usr/share/locale/el/LC_MESSAGES/
usr/share/locale/el/LC_MESSAGES/kcharselect.mo
usr/share/locale/en_GB/
usr/share/locale/en_GB/LC_MESSAGES/
usr/share/locale/en_GB/LC_MESSAGES/kcharselect.mo
usr/share/locale/eo/
usr/share/locale/eo/LC_MESSAGES/
usr/share/locale/eo/LC_MESSAGES/kcharselect.mo
usr/share/locale/es/
usr/share/locale/es/LC_MESSAGES/
usr/share/locale/es/LC_MESSAGES/kcharselect.mo
usr/share/locale/et/
usr/share/locale/et/LC_MESSAGES/
usr/share/locale/et/LC_MESSAGES/kcharselect.mo
usr/share/locale/eu/
usr/share/locale/eu/LC_MESSAGES/
usr/share/locale/eu/LC_MESSAGES/kcharselect.mo
usr/share/locale/fa/
usr/share/locale/fa/LC_MESSAGES/
usr/share/locale/fa/LC_MESSAGES/kcharselect.mo
usr/share/locale/fi/
usr/share/locale/fi/LC_MESSAGES/
usr/share/locale/fi/LC_MESSAGES/kcharselect.mo
usr/share/locale/fr/
usr/share/locale/fr/LC_MESSAGES/
usr/share/locale/fr/LC_MESSAGES/kcharselect.mo
usr/share/locale/ga/
usr/share/locale/ga/LC_MESSAGES/
usr/share/locale/ga/LC_MESSAGES/kcharselect.mo
usr/share/locale/gl/
usr/share/locale/gl/LC_MESSAGES/
usr/share/locale/gl/LC_MESSAGES/kcharselect.mo
usr/share/locale/he/
usr/share/locale/he/LC_MESSAGES/
usr/share/locale/he/LC_MESSAGES/kcharselect.mo
usr/share/locale/hi/
usr/share/locale/hi/LC_MESSAGES/
usr/share/locale/hi/LC_MESSAGES/kcharselect.mo
usr/share/locale/hne/
usr/share/locale/hne/LC_MESSAGES/
usr/share/locale/hne/LC_MESSAGES/kcharselect.mo
usr/share/locale/hr/
usr/share/locale/hr/LC_MESSAGES/
usr/share/locale/hr/LC_MESSAGES/kcharselect.mo
usr/share/locale/hu/
usr/share/locale/hu/LC_MESSAGES/
usr/share/locale/hu/LC_MESSAGES/kcharselect.mo
usr/share/locale/ia/
usr/share/locale/ia/LC_MESSAGES/
usr/share/locale/ia/LC_MESSAGES/kcharselect.mo
usr/share/locale/id/
usr/share/locale/id/LC_MESSAGES/
usr/share/locale/id/LC_MESSAGES/kcharselect.mo
usr/share/locale/ie/
usr/share/locale/ie/LC_MESSAGES/
usr/share/locale/ie/LC_MESSAGES/kcharselect.mo
usr/share/locale/is/
usr/share/locale/is/LC_MESSAGES/
usr/share/locale/is/LC_MESSAGES/kcharselect.mo
usr/share/locale/it/
usr/share/locale/it/LC_MESSAGES/
usr/share/locale/it/LC_MESSAGES/kcharselect.mo
usr/share/locale/ja/
usr/share/locale/ja/LC_MESSAGES/
usr/share/locale/ja/LC_MESSAGES/kcharselect.mo
usr/share/locale/ka/
usr/share/locale/ka/LC_MESSAGES/
usr/share/locale/ka/LC_MESSAGES/kcharselect.mo
usr/share/locale/kk/
usr/share/locale/kk/LC_MESSAGES/
usr/share/locale/kk/LC_MESSAGES/kcharselect.mo
usr/share/locale/km/
usr/share/locale/km/LC_MESSAGES/
usr/share/locale/km/LC_MESSAGES/kcharselect.mo
usr/share/locale/ko/
usr/share/locale/ko/LC_MESSAGES/
usr/share/locale/ko/LC_MESSAGES/kcharselect.mo
usr/share/locale/lt/
usr/share/locale/lt/LC_MESSAGES/
usr/share/locale/lt/LC_MESSAGES/kcharselect.mo
usr/share/locale/lv/
usr/share/locale/lv/LC_MESSAGES/
usr/share/locale/lv/LC_MESSAGES/kcharselect.mo
usr/share/locale/mk/
usr/share/locale/mk/LC_MESSAGES/
usr/share/locale/mk/LC_MESSAGES/kcharselect.mo
usr/share/locale/mr/
usr/share/locale/mr/LC_MESSAGES/
usr/share/locale/mr/LC_MESSAGES/kcharselect.mo
usr/share/locale/ms/
usr/share/locale/ms/LC_MESSAGES/
usr/share/locale/ms/LC_MESSAGES/kcharselect.mo
usr/share/locale/nb/
usr/share/locale/nb/LC_MESSAGES/
usr/share/locale/nb/LC_MESSAGES/kcharselect.mo
usr/share/locale/nds/
usr/share/locale/nds/LC_MESSAGES/
usr/share/locale/nds/LC_MESSAGES/kcharselect.mo
usr/share/locale/ne/
usr/share/locale/ne/LC_MESSAGES/
usr/share/locale/ne/LC_MESSAGES/kcharselect.mo
usr/share/locale/nl/
usr/share/locale/nl/LC_MESSAGES/
usr/share/locale/nl/LC_MESSAGES/kcharselect.mo
usr/share/locale/nn/
usr/share/locale/nn/LC_MESSAGES/
usr/share/locale/nn/LC_MESSAGES/kcharselect.mo
usr/share/locale/oc/
usr/share/locale/oc/LC_MESSAGES/
usr/share/locale/oc/LC_MESSAGES/kcharselect.mo
usr/share/locale/pa/
usr/share/locale/pa/LC_MESSAGES/
usr/share/locale/pa/LC_MESSAGES/kcharselect.mo
usr/share/locale/pl/
usr/share/locale/pl/LC_MESSAGES/
usr/share/locale/pl/LC_MESSAGES/kcharselect.mo
usr/share/locale/pt/
usr/share/locale/pt/LC_MESSAGES/
usr/share/locale/pt/LC_MESSAGES/kcharselect.mo
usr/share/locale/pt_BR/
usr/share/locale/pt_BR/LC_MESSAGES/
usr/share/locale/pt_BR/LC_MESSAGES/kcharselect.mo
usr/share/locale/ro/
usr/share/locale/ro/LC_MESSAGES/
usr/share/locale/ro/LC_MESSAGES/kcharselect.mo
usr/share/locale/ru/
usr/share/locale/ru/LC_MESSAGES/
usr/share/locale/ru/LC_MESSAGES/kcharselect.mo
usr/share/locale/sa/
usr/share/locale/sa/LC_MESSAGES/
usr/share/locale/sa/LC_MESSAGES/kcharselect.mo
usr/share/locale/se/
usr/share/locale/se/LC_MESSAGES/
usr/share/locale/se/LC_MESSAGES/kcharselect.mo
usr/share/locale/si/
usr/share/locale/si/LC_MESSAGES/
usr/share/locale/si/LC_MESSAGES/kcharselect.mo
usr/share/locale/sk/
usr/share/locale/sk/LC_MESSAGES/
usr/share/locale/sk/LC_MESSAGES/kcharselect.mo
usr/share/locale/sl/
usr/share/locale/sl/LC_MESSAGES/
usr/share/locale/sl/LC_MESSAGES/kcharselect.mo
usr/share/locale/sq/
usr/share/locale/sq/LC_MESSAGES/
usr/share/locale/sq/LC_MESSAGES/kcharselect.mo
usr/share/locale/sr/
usr/share/locale/sr/LC_MESSAGES/
usr/share/locale/sr/LC_MESSAGES/kcharselect.mo
usr/share/locale/sr@ijekavian/
usr/share/locale/sr@ijekavian/LC_MESSAGES/
usr/share/locale/sr@ijekavian/LC_MESSAGES/kcharselect.mo
usr/share/locale/sr@ijekavianlatin/
usr/share/locale/sr@ijekavianlatin/LC_MESSAGES/
usr/share/locale/sr@ijekavianlatin/LC_MESSAGES/kcharselect.mo
usr/share/locale/sr@latin/
usr/share/locale/sr@latin/LC_MESSAGES/
usr/share/locale/sr@latin/LC_MESSAGES/kcharselect.mo
usr/share/locale/sv/
usr/share/locale/sv/LC_MESSAGES/
usr/share/locale/sv/LC_MESSAGES/kcharselect.mo
usr/share/locale/ta/
usr/share/locale/ta/LC_MESSAGES/
usr/share/locale/ta/LC_MESSAGES/kcharselect.mo
usr/share/locale/tg/
usr/share/locale/tg/LC_MESSAGES/
usr/share/locale/tg/LC_MESSAGES/kcharselect.mo
usr/share/locale/th/
usr/share/locale/th/LC_MESSAGES/
usr/share/locale/th/LC_MESSAGES/kcharselect.mo
usr/share/locale/tr/
usr/share/locale/tr/LC_MESSAGES/
usr/share/locale/tr/LC_MESSAGES/kcharselect.mo
usr/share/locale/ug/
usr/share/locale/ug/LC_MESSAGES/
usr/share/locale/ug/LC_MESSAGES/kcharselect.mo
usr/share/locale/uk/
usr/share/locale/uk/LC_MESSAGES/
usr/share/locale/uk/LC_MESSAGES/kcharselect.mo
usr/share/locale/uz/
usr/share/locale/uz/LC_MESSAGES/
usr/share/locale/uz/LC_MESSAGES/kcharselect.mo
usr/share/locale/uz@cyrillic/
usr/share/locale/uz@cyrillic/LC_MESSAGES/
usr/share/locale/uz@cyrillic/LC_MESSAGES/kcharselect.mo
usr/share/locale/xh/
usr/share/locale/xh/LC_MESSAGES/
usr/share/locale/xh/LC_MESSAGES/kcharselect.mo
usr/share/locale/zh_CN/
usr/share/locale/zh_CN/LC_MESSAGES/
usr/share/locale/zh_CN/LC_MESSAGES/kcharselect.mo
usr/share/locale/zh_TW/
usr/share/locale/zh_TW/LC_MESSAGES/
usr/share/locale/zh_TW/LC_MESSAGES/kcharselect.mo
usr/share/metainfo/
usr/share/metainfo/org.kde.kcharselect.appdata.xml

Slackware package /tmp/kcharselect/kcharselect-25.04.1-x86_64-1_rtz.tlz created.

Create shared object file for kcharselect-25.04.1-x86_64-1_rtz.tlz
Creating /tmp/kcharselect/kcharselect-25.04.1-x86_64-1_rtz.tlz.so.file using /tmp/kcharselect/kcharselect-25.04.1-x86_64-1_rtz.tlz
Successfully created /tmp/kcharselect/kcharselect-25.04.1-x86_64-1_rtz.tlz.so.file
Packaging of executable and meta-data in kcharselect.tar.lz4 format.
/tmp/kcharselect /tmp/kcharselect
/tmp/kcharselect
BIN_NAME
README
kcharselect-25.04.1-x86_64-1_rtz.tlz
kcharselect-25.04.1-x86_64-1_rtz.tlz.md5
kcharselect-25.04.1-x86_64-1_rtz.tlz.so.file
kcharselect-25.04.1-x86_64-1_rtz.tlz.txt
kcharselect.dep
makepkg-kcharselect.log
[32mkcharselect build finished. Procced to installation...[0m

+================================================================================================================+
| Upgrading kcharselect-25.04.1-x86_64-1_rtz package using /tmp/kcharselect/kcharselect-25.04.1-x86_64-1_rtz.tlz |
+================================================================================================================+

Pre-installing package kcharselect-25.04.1-x86_64-1_rtz...
Removing package: kcharselect-25.04.1-x86_64-1_rtz-upgraded-2025-05-18,20:36:36
Installing package kcharselect-25.04.1-x86_64-1_rtz.tlz:
PACKAGE DESCRIPTION:
# kcharselect (select font characters copy to clipboard)
#
# A tool to select special characters from all installed fonts and
# copy them into the clipboard
#
# https://kde.org/applications/utilities/
Executing install script for kcharselect-25.04.1-x86_64-1_rtz.tlz.
Font directories:
	/usr/share/fonts
/usr/share/fonts: caching, new cache contents: 0 fonts, 11 dirs
/usr/share/fonts/100dpi: caching, new cache contents: 238 fonts, 0 dirs
/usr/share/fonts/75dpi: caching, new cache contents: 238 fonts, 0 dirs
/usr/share/fonts/OTF: caching, new cache contents: 124 fonts, 0 dirs
/usr/share/fonts/Speedo: caching, new cache contents: 0 fonts, 0 dirs
/usr/share/fonts/TTF: caching, new cache contents: 1132 fonts, 0 dirs
/usr/share/fonts/Type1: caching, new cache contents: 64 fonts, 0 dirs
/usr/share/fonts/cyrillic: caching, new cache contents: 0 fonts, 0 dirs
/usr/share/fonts/encodings: caching, new cache contents: 0 fonts, 1 dirs
/usr/share/fonts/encodings/large: caching, new cache contents: 0 fonts, 0 dirs
/usr/share/fonts/kanjistrokeorders: caching, new cache contents: 1 fonts, 0 dirs
/usr/share/fonts/misc: caching, new cache contents: 143 fonts, 0 dirs
/usr/share/fonts/util: caching, new cache contents: 0 fonts, 0 dirs
/var/cache/fontconfig: cleaning cache directory
/root/.cache/fontconfig: not cleaning non-existent cache directory
/root/.fontconfig: not cleaning non-existent cache directory
/usr/bin/fc-cache: succeeded
Package kcharselect-25.04.1-x86_64-1_rtz.tlz installed.
Package kcharselect-25.04.1-x86_64-1_rtz upgraded with new package /tmp/kcharselect/kcharselect-25.04.1-x86_64-1_rtz.tlz.
[32mCleaning environmet: Removing source code, and work-space...[0m
rm: cannot remove 'kcharselect-25.04.1.tar.xz': No such file or directory
