[32mStarting build process...[0m
Detected architecture: x86_64
Required dependencies: doxygen	extra-cmake-modules	
doxygen is already installed!
extra-cmake-modules is already installed!
No optional dependencies found.
Downloading source code tar.xz file
--2025-05-28 23:18:15--  https://download.kde.org/stable/pulseaudio-qt/pulseaudio-qt-1.7.0.tar.xz
Resolving download.kde.org (download.kde.org)... 49.12.122.15, 2a01:4f8:242:53eb::4
Connecting to download.kde.org (download.kde.org)|49.12.122.15|:443... connected.
HTTP request sent, awaiting response... 302 Found
Location: https://ftp.cc.uoc.gr/mirrors/kde/stable/pulseaudio-qt/pulseaudio-qt-1.7.0.tar.xz [following]
--2025-05-28 23:18:16--  https://ftp.cc.uoc.gr/mirrors/kde/stable/pulseaudio-qt/pulseaudio-qt-1.7.0.tar.xz
Resolving ftp.cc.uoc.gr (ftp.cc.uoc.gr)... 147.52.159.50, 2001:648:2c00:6c08::2
Connecting to ftp.cc.uoc.gr (ftp.cc.uoc.gr)|147.52.159.50|:443... connected.
HTTP request sent, awaiting response... 200 OK
Length: 40684 (40K) [application/octet-stream]
Saving to: ‘pulseaudio-qt-1.7.0.tar.xz’

     0K .......... .......... .......... .........            100% 19.0M=0.002s

2025-05-28 23:18:16 (19.0 MB/s) - ‘pulseaudio-qt-1.7.0.tar.xz’ saved [40684/40684]

Found file: pulseaudio-qt-1.7.0.tar.xz
No checksum provided. Skipping checksum verification and proceeding...
Creating working directories and exporting source code in...
pulseaudio-qt-1.7.0/
pulseaudio-qt-1.7.0/.git-blame-ignore-revs
pulseaudio-qt-1.7.0/.gitignore
pulseaudio-qt-1.7.0/.gitlab-ci.yml
pulseaudio-qt-1.7.0/.kde-ci.yml
pulseaudio-qt-1.7.0/CMakeLists.txt
pulseaudio-qt-1.7.0/KF6PulseAudioQtConfig.cmake.in
pulseaudio-qt-1.7.0/LICENSES/
pulseaudio-qt-1.7.0/LICENSES/CC0-1.0.txt
pulseaudio-qt-1.7.0/LICENSES/LGPL-2.1-only.txt
pulseaudio-qt-1.7.0/LICENSES/LGPL-3.0-only.txt
pulseaudio-qt-1.7.0/LICENSES/LicenseRef-KDE-Accepted-LGPL.txt
pulseaudio-qt-1.7.0/README.md
pulseaudio-qt-1.7.0/autotests/
pulseaudio-qt-1.7.0/autotests/CMakeLists.txt
pulseaudio-qt-1.7.0/autotests/mapstest.cpp
pulseaudio-qt-1.7.0/autotests/mapstest.h
pulseaudio-qt-1.7.0/metainfo.yaml
pulseaudio-qt-1.7.0/src/
pulseaudio-qt-1.7.0/src/CMakeLists.txt
pulseaudio-qt-1.7.0/src/Messages.sh
pulseaudio-qt-1.7.0/src/card.cpp
pulseaudio-qt-1.7.0/src/card.h
pulseaudio-qt-1.7.0/src/card_p.h
pulseaudio-qt-1.7.0/src/cardport.cpp
pulseaudio-qt-1.7.0/src/cardport.h
pulseaudio-qt-1.7.0/src/client.cpp
pulseaudio-qt-1.7.0/src/client.h
pulseaudio-qt-1.7.0/src/client_p.h
pulseaudio-qt-1.7.0/src/context.cpp
pulseaudio-qt-1.7.0/src/context.h
pulseaudio-qt-1.7.0/src/context_p.h
pulseaudio-qt-1.7.0/src/device.cpp
pulseaudio-qt-1.7.0/src/device.h
pulseaudio-qt-1.7.0/src/device_p.h
pulseaudio-qt-1.7.0/src/indexedpulseobject.cpp
pulseaudio-qt-1.7.0/src/indexedpulseobject.h
pulseaudio-qt-1.7.0/src/indexedpulseobject_p.h
pulseaudio-qt-1.7.0/src/maps.cpp
pulseaudio-qt-1.7.0/src/maps.h
pulseaudio-qt-1.7.0/src/models.cpp
pulseaudio-qt-1.7.0/src/models.h
pulseaudio-qt-1.7.0/src/models_p.h
pulseaudio-qt-1.7.0/src/module.cpp
pulseaudio-qt-1.7.0/src/module.h
pulseaudio-qt-1.7.0/src/module_p.h
pulseaudio-qt-1.7.0/src/operation.cpp
pulseaudio-qt-1.7.0/src/operation.h
pulseaudio-qt-1.7.0/src/port.cpp
pulseaudio-qt-1.7.0/src/port.h
pulseaudio-qt-1.7.0/src/port_p.h
pulseaudio-qt-1.7.0/src/profile.cpp
pulseaudio-qt-1.7.0/src/profile.h
pulseaudio-qt-1.7.0/src/profile_p.h
pulseaudio-qt-1.7.0/src/pulseobject.cpp
pulseaudio-qt-1.7.0/src/pulseobject.h
pulseaudio-qt-1.7.0/src/pulseobject_p.h
pulseaudio-qt-1.7.0/src/server.cpp
pulseaudio-qt-1.7.0/src/server.h
pulseaudio-qt-1.7.0/src/server_p.h
pulseaudio-qt-1.7.0/src/sink.cpp
pulseaudio-qt-1.7.0/src/sink.h
pulseaudio-qt-1.7.0/src/sink_p.h
pulseaudio-qt-1.7.0/src/sinkinput.cpp
pulseaudio-qt-1.7.0/src/sinkinput.h
pulseaudio-qt-1.7.0/src/sinkinput_p.h
pulseaudio-qt-1.7.0/src/source.cpp
pulseaudio-qt-1.7.0/src/source.h
pulseaudio-qt-1.7.0/src/source_p.h
pulseaudio-qt-1.7.0/src/sourceoutput.cpp
pulseaudio-qt-1.7.0/src/sourceoutput.h
pulseaudio-qt-1.7.0/src/sourceoutput_p.h
pulseaudio-qt-1.7.0/src/stream.cpp
pulseaudio-qt-1.7.0/src/stream.h
pulseaudio-qt-1.7.0/src/stream_p.h
pulseaudio-qt-1.7.0/src/streamrestore.cpp
pulseaudio-qt-1.7.0/src/streamrestore.h
pulseaudio-qt-1.7.0/src/streamrestore_p.h
pulseaudio-qt-1.7.0/src/volumeobject.cpp
pulseaudio-qt-1.7.0/src/volumeobject.h
pulseaudio-qt-1.7.0/src/volumeobject_p.h
pulseaudio-qt-1.7.0/tests/
pulseaudio-qt-1.7.0/tests/CMakeLists.txt
pulseaudio-qt-1.7.0/tests/painspector/
pulseaudio-qt-1.7.0/tests/painspector/CMakeLists.txt
pulseaudio-qt-1.7.0/tests/painspector/CardDelegate.qml
pulseaudio-qt-1.7.0/tests/painspector/DeviceDelegate.qml
pulseaudio-qt-1.7.0/tests/painspector/Header.qml
pulseaudio-qt-1.7.0/tests/painspector/ModuleDelegate.qml
pulseaudio-qt-1.7.0/tests/painspector/PAPage.qml
pulseaudio-qt-1.7.0/tests/painspector/PortsItem.qml
pulseaudio-qt-1.7.0/tests/painspector/PropertiesItem.qml
pulseaudio-qt-1.7.0/tests/painspector/StreamDelegate.qml
pulseaudio-qt-1.7.0/tests/painspector/main.cpp
pulseaudio-qt-1.7.0/tests/painspector/main.qml
pulseaudio-qt-1.7.0/tests/painspector/resources.qrc
/home/omen/GITHUB/Athos/AthOS/REPO-AthOS/pulseaudio-qt/work
README or README.md already exists, skipping creation.
hm...lets continue and see what happens
-- The C compiler identification is GNU 14.3.0
-- The CXX compiler identification is GNU 14.3.0
-- Detecting C compiler ABI info
-- Detecting C compiler ABI info - done
-- Check for working C compiler: /usr/bin/cc - skipped
-- Detecting C compile features
-- Detecting C compile features - done
-- Detecting CXX compiler ABI info
-- Detecting CXX compiler ABI info - done
-- Check for working CXX compiler: /usr/bin/c++ - skipped
-- Detecting CXX compile features
-- Detecting CXX compile features - done
-- 

-- Installing in the same prefix as Qt, adopting their path scheme.
-- Looking for __GLIBC__
-- Looking for __GLIBC__ - found
-- Performing Test _OFFT_IS_64BIT
-- Performing Test _OFFT_IS_64BIT - Success
-- Performing Test HAVE_DATE_TIME
-- Performing Test HAVE_DATE_TIME - Success
-- Performing Test HAVE_STDATOMIC
-- Performing Test HAVE_STDATOMIC - Success
-- Found WrapAtomic: TRUE
-- Found OpenGL: /usr/lib64/libOpenGL.so
-- Found WrapOpenGL: TRUE
-- Found XKB: /usr/lib64/libxkbcommon.so (found suitable version "1.10.0", minimum required is "0.5.0")
-- Found WrapVulkanHeaders: /usr/include
-- Found PkgConfig: /usr/bin/pkg-config (found version "0.29.2")
-- Checking for module 'libpulse'
--   Found libpulse, version 17.0
-- Checking for module 'libpulse-mainloop-glib'
--   Found libpulse-mainloop-glib, version 17.0
-- Performing Test COMPILER_HAS_HIDDEN_VISIBILITY
-- Performing Test COMPILER_HAS_HIDDEN_VISIBILITY - Success
-- Performing Test COMPILER_HAS_HIDDEN_INLINE_VISIBILITY
-- Performing Test COMPILER_HAS_HIDDEN_INLINE_VISIBILITY - Success
-- Performing Test COMPILER_HAS_DEPRECATED_ATTR
-- Performing Test COMPILER_HAS_DEPRECATED_ATTR - Success
-- Found Doxygen: /usr/bin/doxygen (found suitable version "1.14.0", minimum required is "1.8.13") found components: doxygen dot
-- No such target Qt6Gui_QCH defined when calling ecm_add_qch(), ignored.


Configuration file '/home/omen/GITHUB/Athos/AthOS/REPO-AthOS/pulseaudio-qt/work/pulseaudio-qt-1.7.0/build/src/KF6PulseAudioQt_ECMQchDoxygen.config' updated.

-- The following features have been enabled:

 * QCH, API documentation in QCH format (for e.g. Qt Assistant, Qt Creator & KDevelop)

-- The following OPTIONAL packages have been found:

 * OpenGL
 * XKB (required version >= 0.5.0), XKB API common to servers and clients., <http://xkbcommon.org>
 * Qt6GuiTools (required version >= 6.8.3)
 * Qt6DBusTools (required version >= 6.8.3)
 * Qt6Gui (required version >= 6.7.0)
 * Qt6Test (required version >= 6.7.0), Autotests for PulseAudioQt
 * Qt6Qml (required version >= 6.7.0), Tests for PulseAudioQt
 * Qt6QmlTools (required version >= 6.8.3)
 * Qt6QuickTools (required version >= 6.8.3)
 * WrapVulkanHeaders
 * Qt6Quick (required version >= 6.7.0), Tests for PulseAudioQt

-- The following REQUIRED packages have been found:

 * ECM (required version >= 6.0.0), Extra CMake Modules., <https://kde.org/products/frameworks/>
 * PkgConfig
 * Doxygen (required version >= 1.8.13)
   Needed for API dox QCH file generation
 * Qt6ToolsTools, qhelpgenerator from Qt6 tools
   Needed for API dox QCH file generation
 * Qt6

-- Configuring done (1.3s)
-- Generating done (0.0s)
-- Build files have been written to: /home/omen/GITHUB/Athos/AthOS/REPO-AthOS/pulseaudio-qt/work/pulseaudio-qt-1.7.0/build
[1/40] Generating src/KF6PulseAudioQt.qch, src/KF6PulseAudioQt.tags
Building up file structure...
Insert custom filters...
Insert help data for filter section (1 of 1)...
Insert files...
Insert contents...
Insert indices...
Documentation successfully generated.
[2/40] Automatic MOC for target KF6PulseAudioQt
[3/40] Building CXX object src/CMakeFiles/KF6PulseAudioQt.dir/operation.cpp.o
[4/40] Building CXX object src/CMakeFiles/KF6PulseAudioQt.dir/port.cpp.o
[5/40] Building CXX object src/CMakeFiles/KF6PulseAudioQt.dir/debug.cpp.o
[6/40] Building CXX object src/CMakeFiles/KF6PulseAudioQt.dir/device.cpp.o
[7/40] Building CXX object src/CMakeFiles/KF6PulseAudioQt.dir/indexedpulseobject.cpp.o
[8/40] Building CXX object src/CMakeFiles/KF6PulseAudioQt.dir/stream.cpp.o
[9/40] Building CXX object src/CMakeFiles/KF6PulseAudioQt.dir/maps.cpp.o
[10/40] Building CXX object src/CMakeFiles/KF6PulseAudioQt.dir/module.cpp.o
[11/40] Building CXX object src/CMakeFiles/KF6PulseAudioQt.dir/profile.cpp.o
[12/40] Building CXX object src/CMakeFiles/KF6PulseAudioQt.dir/streamrestore.cpp.o
[13/40] Building CXX object src/CMakeFiles/KF6PulseAudioQt.dir/volumeobject.cpp.o
[14/40] Building CXX object src/CMakeFiles/KF6PulseAudioQt.dir/client.cpp.o
[15/40] Building CXX object src/CMakeFiles/KF6PulseAudioQt.dir/pulseobject.cpp.o
[16/40] Building CXX object src/CMakeFiles/KF6PulseAudioQt.dir/server.cpp.o
[17/40] Building CXX object src/CMakeFiles/KF6PulseAudioQt.dir/cardport.cpp.o
[18/40] Building CXX object src/CMakeFiles/KF6PulseAudioQt.dir/sourceoutput.cpp.o
[19/40] Building CXX object src/CMakeFiles/KF6PulseAudioQt.dir/sinkinput.cpp.o
[20/40] Building CXX object src/CMakeFiles/KF6PulseAudioQt.dir/models.cpp.o
[21/40] Building CXX object src/CMakeFiles/KF6PulseAudioQt.dir/source.cpp.o
[22/40] Building CXX object src/CMakeFiles/KF6PulseAudioQt.dir/card.cpp.o
[23/40] Building CXX object src/CMakeFiles/KF6PulseAudioQt.dir/sink.cpp.o
[24/40] Building CXX object src/CMakeFiles/KF6PulseAudioQt.dir/debug_object.cpp.o
[25/40] Building CXX object src/CMakeFiles/KF6PulseAudioQt.dir/KF6PulseAudioQt_autogen/mocs_compilation.cpp.o
[26/40] Building CXX object src/CMakeFiles/KF6PulseAudioQt.dir/context.cpp.o
[27/40] Linking CXX shared library bin/libKF6PulseAudioQt.so.1.7.0
[28/40] Creating library symlink bin/libKF6PulseAudioQt.so.5 bin/libKF6PulseAudioQt.so
[29/40] Automatic MOC for target mapstest
[30/40] Automatic MOC for target painspector
[31/40] Generating qrc_resources.cpp
[32/40] Building CXX object tests/painspector/CMakeFiles/painspector.dir/painspector_autogen/mocs_compilation.cpp.o
[33/40] Building CXX object tests/painspector/CMakeFiles/painspector.dir/qrc_resources.cpp.o
[34/40] Building CXX object autotests/CMakeFiles/mapstest.dir/__/src/debug.cpp.o
[35/40] Building CXX object autotests/CMakeFiles/mapstest.dir/mapstest_autogen/mocs_compilation.cpp.o
[36/40] Building CXX object autotests/CMakeFiles/mapstest.dir/__/src/module.cpp.o
[37/40] Building CXX object tests/painspector/CMakeFiles/painspector.dir/main.cpp.o
[38/40] Linking CXX executable bin/painspector
[39/40] Building CXX object autotests/CMakeFiles/mapstest.dir/mapstest.cpp.o
[40/40] Linking CXX executable bin/mapstest
-- Install configuration: "RelWithDebInfo"
-- Installing: /home/omen/GITHUB/Athos/AthOS/REPO-AthOS/pulseaudio-qt/package-pulseaudio-qt/usr/lib64/cmake/KF6PulseAudioQt/KF6PulseAudioQtConfig.cmake
-- Installing: /home/omen/GITHUB/Athos/AthOS/REPO-AthOS/pulseaudio-qt/package-pulseaudio-qt/usr/lib64/cmake/KF6PulseAudioQt/KF6PulseAudioQtConfigVersion.cmake
-- Installing: /home/omen/GITHUB/Athos/AthOS/REPO-AthOS/pulseaudio-qt/package-pulseaudio-qt/usr/lib64/pkgconfig/KF6PulseAudioQt.pc
-- Installing: /home/omen/GITHUB/Athos/AthOS/REPO-AthOS/pulseaudio-qt/package-pulseaudio-qt/usr/lib64/libKF6PulseAudioQt.so.1.7.0
-- Installing: /home/omen/GITHUB/Athos/AthOS/REPO-AthOS/pulseaudio-qt/package-pulseaudio-qt/usr/lib64/libKF6PulseAudioQt.so.5
-- Installing: /home/omen/GITHUB/Athos/AthOS/REPO-AthOS/pulseaudio-qt/package-pulseaudio-qt/usr/lib64/libKF6PulseAudioQt.so
-- Installing: /home/omen/GITHUB/Athos/AthOS/REPO-AthOS/pulseaudio-qt/package-pulseaudio-qt/usr/include/KF6/KF6PulseAudioQt/PulseAudioQt/Card
-- Installing: /home/omen/GITHUB/Athos/AthOS/REPO-AthOS/pulseaudio-qt/package-pulseaudio-qt/usr/include/KF6/KF6PulseAudioQt/PulseAudioQt/CardPort
-- Installing: /home/omen/GITHUB/Athos/AthOS/REPO-AthOS/pulseaudio-qt/package-pulseaudio-qt/usr/include/KF6/KF6PulseAudioQt/PulseAudioQt/Client
-- Installing: /home/omen/GITHUB/Athos/AthOS/REPO-AthOS/pulseaudio-qt/package-pulseaudio-qt/usr/include/KF6/KF6PulseAudioQt/PulseAudioQt/Context
-- Installing: /home/omen/GITHUB/Athos/AthOS/REPO-AthOS/pulseaudio-qt/package-pulseaudio-qt/usr/include/KF6/KF6PulseAudioQt/PulseAudioQt/Device
-- Installing: /home/omen/GITHUB/Athos/AthOS/REPO-AthOS/pulseaudio-qt/package-pulseaudio-qt/usr/include/KF6/KF6PulseAudioQt/PulseAudioQt/IndexedPulseObject
-- Installing: /home/omen/GITHUB/Athos/AthOS/REPO-AthOS/pulseaudio-qt/package-pulseaudio-qt/usr/include/KF6/KF6PulseAudioQt/PulseAudioQt/Module
-- Installing: /home/omen/GITHUB/Athos/AthOS/REPO-AthOS/pulseaudio-qt/package-pulseaudio-qt/usr/include/KF6/KF6PulseAudioQt/PulseAudioQt/Port
-- Installing: /home/omen/GITHUB/Athos/AthOS/REPO-AthOS/pulseaudio-qt/package-pulseaudio-qt/usr/include/KF6/KF6PulseAudioQt/PulseAudioQt/Profile
-- Installing: /home/omen/GITHUB/Athos/AthOS/REPO-AthOS/pulseaudio-qt/package-pulseaudio-qt/usr/include/KF6/KF6PulseAudioQt/PulseAudioQt/Models
-- Installing: /home/omen/GITHUB/Athos/AthOS/REPO-AthOS/pulseaudio-qt/package-pulseaudio-qt/usr/include/KF6/KF6PulseAudioQt/PulseAudioQt/PulseObject
-- Installing: /home/omen/GITHUB/Athos/AthOS/REPO-AthOS/pulseaudio-qt/package-pulseaudio-qt/usr/include/KF6/KF6PulseAudioQt/PulseAudioQt/Server
-- Installing: /home/omen/GITHUB/Athos/AthOS/REPO-AthOS/pulseaudio-qt/package-pulseaudio-qt/usr/include/KF6/KF6PulseAudioQt/PulseAudioQt/Sink
-- Installing: /home/omen/GITHUB/Athos/AthOS/REPO-AthOS/pulseaudio-qt/package-pulseaudio-qt/usr/include/KF6/KF6PulseAudioQt/PulseAudioQt/SinkInput
-- Installing: /home/omen/GITHUB/Athos/AthOS/REPO-AthOS/pulseaudio-qt/package-pulseaudio-qt/usr/include/KF6/KF6PulseAudioQt/PulseAudioQt/Source
-- Installing: /home/omen/GITHUB/Athos/AthOS/REPO-AthOS/pulseaudio-qt/package-pulseaudio-qt/usr/include/KF6/KF6PulseAudioQt/PulseAudioQt/SourceOutput
-- Installing: /home/omen/GITHUB/Athos/AthOS/REPO-AthOS/pulseaudio-qt/package-pulseaudio-qt/usr/include/KF6/KF6PulseAudioQt/PulseAudioQt/Stream
-- Installing: /home/omen/GITHUB/Athos/AthOS/REPO-AthOS/pulseaudio-qt/package-pulseaudio-qt/usr/include/KF6/KF6PulseAudioQt/PulseAudioQt/StreamRestore
-- Installing: /home/omen/GITHUB/Athos/AthOS/REPO-AthOS/pulseaudio-qt/package-pulseaudio-qt/usr/include/KF6/KF6PulseAudioQt/PulseAudioQt/VolumeObject
-- Installing: /home/omen/GITHUB/Athos/AthOS/REPO-AthOS/pulseaudio-qt/package-pulseaudio-qt/usr/include/KF6/KF6PulseAudioQt/PulseAudioQt/card.h
-- Installing: /home/omen/GITHUB/Athos/AthOS/REPO-AthOS/pulseaudio-qt/package-pulseaudio-qt/usr/include/KF6/KF6PulseAudioQt/PulseAudioQt/cardport.h
-- Installing: /home/omen/GITHUB/Athos/AthOS/REPO-AthOS/pulseaudio-qt/package-pulseaudio-qt/usr/include/KF6/KF6PulseAudioQt/PulseAudioQt/client.h
-- Installing: /home/omen/GITHUB/Athos/AthOS/REPO-AthOS/pulseaudio-qt/package-pulseaudio-qt/usr/include/KF6/KF6PulseAudioQt/PulseAudioQt/context.h
-- Installing: /home/omen/GITHUB/Athos/AthOS/REPO-AthOS/pulseaudio-qt/package-pulseaudio-qt/usr/include/KF6/KF6PulseAudioQt/PulseAudioQt/device.h
-- Installing: /home/omen/GITHUB/Athos/AthOS/REPO-AthOS/pulseaudio-qt/package-pulseaudio-qt/usr/include/KF6/KF6PulseAudioQt/PulseAudioQt/indexedpulseobject.h
-- Installing: /home/omen/GITHUB/Athos/AthOS/REPO-AthOS/pulseaudio-qt/package-pulseaudio-qt/usr/include/KF6/KF6PulseAudioQt/PulseAudioQt/module.h
-- Installing: /home/omen/GITHUB/Athos/AthOS/REPO-AthOS/pulseaudio-qt/package-pulseaudio-qt/usr/include/KF6/KF6PulseAudioQt/PulseAudioQt/port.h
-- Installing: /home/omen/GITHUB/Athos/AthOS/REPO-AthOS/pulseaudio-qt/package-pulseaudio-qt/usr/include/KF6/KF6PulseAudioQt/PulseAudioQt/profile.h
-- Installing: /home/omen/GITHUB/Athos/AthOS/REPO-AthOS/pulseaudio-qt/package-pulseaudio-qt/usr/include/KF6/KF6PulseAudioQt/PulseAudioQt/models.h
-- Installing: /home/omen/GITHUB/Athos/AthOS/REPO-AthOS/pulseaudio-qt/package-pulseaudio-qt/usr/include/KF6/KF6PulseAudioQt/PulseAudioQt/pulseobject.h
-- Installing: /home/omen/GITHUB/Athos/AthOS/REPO-AthOS/pulseaudio-qt/package-pulseaudio-qt/usr/include/KF6/KF6PulseAudioQt/PulseAudioQt/server.h
-- Installing: /home/omen/GITHUB/Athos/AthOS/REPO-AthOS/pulseaudio-qt/package-pulseaudio-qt/usr/include/KF6/KF6PulseAudioQt/PulseAudioQt/sink.h
-- Installing: /home/omen/GITHUB/Athos/AthOS/REPO-AthOS/pulseaudio-qt/package-pulseaudio-qt/usr/include/KF6/KF6PulseAudioQt/PulseAudioQt/sinkinput.h
-- Installing: /home/omen/GITHUB/Athos/AthOS/REPO-AthOS/pulseaudio-qt/package-pulseaudio-qt/usr/include/KF6/KF6PulseAudioQt/PulseAudioQt/source.h
-- Installing: /home/omen/GITHUB/Athos/AthOS/REPO-AthOS/pulseaudio-qt/package-pulseaudio-qt/usr/include/KF6/KF6PulseAudioQt/PulseAudioQt/sourceoutput.h
-- Installing: /home/omen/GITHUB/Athos/AthOS/REPO-AthOS/pulseaudio-qt/package-pulseaudio-qt/usr/include/KF6/KF6PulseAudioQt/PulseAudioQt/stream.h
-- Installing: /home/omen/GITHUB/Athos/AthOS/REPO-AthOS/pulseaudio-qt/package-pulseaudio-qt/usr/include/KF6/KF6PulseAudioQt/PulseAudioQt/streamrestore.h
-- Installing: /home/omen/GITHUB/Athos/AthOS/REPO-AthOS/pulseaudio-qt/package-pulseaudio-qt/usr/include/KF6/KF6PulseAudioQt/PulseAudioQt/volumeobject.h
-- Installing: /home/omen/GITHUB/Athos/AthOS/REPO-AthOS/pulseaudio-qt/package-pulseaudio-qt/usr/include/KF6/KF6PulseAudioQt/PulseAudioQt/pulseaudioqt_export.h
-- Installing: /home/omen/GITHUB/Athos/AthOS/REPO-AthOS/pulseaudio-qt/package-pulseaudio-qt/usr/doc/qt6-6.8.3_20250319_bab1fecd/KF6PulseAudioQt.qch
-- Installing: /home/omen/GITHUB/Athos/AthOS/REPO-AthOS/pulseaudio-qt/package-pulseaudio-qt/usr/doc/qt6-6.8.3_20250319_bab1fecd/KF6PulseAudioQt.tags
-- Installing: /home/omen/GITHUB/Athos/AthOS/REPO-AthOS/pulseaudio-qt/package-pulseaudio-qt/usr/lib64/cmake/KF6PulseAudioQt/KF6PulseAudioQtQchTargets.cmake
-- Installing: /home/omen/GITHUB/Athos/AthOS/REPO-AthOS/pulseaudio-qt/package-pulseaudio-qt/usr/lib64/cmake/KF6PulseAudioQt/KF6PulseAudioQtTargets.cmake
-- Installing: /home/omen/GITHUB/Athos/AthOS/REPO-AthOS/pulseaudio-qt/package-pulseaudio-qt/usr/lib64/cmake/KF6PulseAudioQt/KF6PulseAudioQtTargets-relwithdebinfo.cmake
-- Installing: /home/omen/GITHUB/Athos/AthOS/REPO-AthOS/pulseaudio-qt/package-pulseaudio-qt/usr/include/KF6/pulseaudioqt_version.h
[32mThe main part of source code is ready. We are moving on to preparing post install scripts, docs, license, man pages etc..[0m
cp: cannot stat 'AUTHORS': No such file or directory
cp: cannot stat 'ChangeLog*': No such file or directory
cp: cannot stat 'COPYING': No such file or directory
cp: cannot stat 'CREDITS': No such file or directory
cp: cannot stat 'LICENSE': No such file or directory
cp: cannot stat 'MAINTAINERS': No such file or directory
cp: cannot stat 'NEWS': No such file or directory
cp: cannot stat 'docs': No such file or directory
cp: cannot stat 'DOCS': No such file or directory
grep: /home/omen/GITHUB/Athos/AthOS/REPO-AthOS/pulseaudio-qt/pulseaudio-qt.info: No such file or directory
doxygen
extra-cmake-modules
[32mPackaging compiled for slackware installation...[0m
[32mMAKEPKG_FLAGS is empty or unset, using default[0m

Slackware package maker, version 3.14159265.

Searching for symbolic links:
usr/lib64/libKF6PulseAudioQt.so	libKF6PulseAudioQt.so.5
usr/lib64/libKF6PulseAudioQt.so.5	libKF6PulseAudioQt.so.1.7.0

Making symbolic link creation script:
( cd usr/lib64 ; rm -rf libKF6PulseAudioQt.so )
( cd usr/lib64 ; ln -sf libKF6PulseAudioQt.so.5 libKF6PulseAudioQt.so )
( cd usr/lib64 ; rm -rf libKF6PulseAudioQt.so.5 )
( cd usr/lib64 ; ln -sf libKF6PulseAudioQt.so.1.7.0 libKF6PulseAudioQt.so.5 )

Unless your existing installation script already contains the code
to create these links, you should append these lines to your existing
install script. Now's your chance. :^)

Would you like to add this stuff to the existing install script and
remove the symbolic links ([y]es, [n]o)? y


Removing symbolic links:
removed './usr/lib64/libKF6PulseAudioQt.so'
removed './usr/lib64/libKF6PulseAudioQt.so.5'

Updating your ./install/doinst.sh...

This next step is optional - you can set the directories in your package
to some sane permissions. If any of the directories in your package have
special permissions, then DO NOT reset them here!

Would you like to reset all directory permissions to 755 (drwxr-xr-x) and
directory ownerships to root:root ([y]es, [n]o)? n


Creating Slackware package:  /tmp/pulseaudio-qt/pulseaudio-qt-1.7.0-x86_64-1_rtz.tlz

./
install/
install/doinst.sh
install/slack-desc
usr/
usr/doc/
usr/doc/pulseaudio-qt-1.7.0/
usr/doc/pulseaudio-qt-1.7.0/README.md
usr/doc/pulseaudio-qt-1.7.0/pulseaudio-qt.ini
usr/doc/pulseaudio-qt-1.7.0/slack-required
usr/doc/qt6-6.8.3_20250319_bab1fecd/
usr/doc/qt6-6.8.3_20250319_bab1fecd/KF6PulseAudioQt.qch
usr/doc/qt6-6.8.3_20250319_bab1fecd/KF6PulseAudioQt.tags
usr/include/
usr/include/KF6/
usr/include/KF6/KF6PulseAudioQt/
usr/include/KF6/KF6PulseAudioQt/PulseAudioQt/
usr/include/KF6/KF6PulseAudioQt/PulseAudioQt/Card
usr/include/KF6/KF6PulseAudioQt/PulseAudioQt/CardPort
usr/include/KF6/KF6PulseAudioQt/PulseAudioQt/Client
usr/include/KF6/KF6PulseAudioQt/PulseAudioQt/Context
usr/include/KF6/KF6PulseAudioQt/PulseAudioQt/Device
usr/include/KF6/KF6PulseAudioQt/PulseAudioQt/IndexedPulseObject
usr/include/KF6/KF6PulseAudioQt/PulseAudioQt/Models
usr/include/KF6/KF6PulseAudioQt/PulseAudioQt/Module
usr/include/KF6/KF6PulseAudioQt/PulseAudioQt/Port
usr/include/KF6/KF6PulseAudioQt/PulseAudioQt/Profile
usr/include/KF6/KF6PulseAudioQt/PulseAudioQt/PulseObject
usr/include/KF6/KF6PulseAudioQt/PulseAudioQt/Server
usr/include/KF6/KF6PulseAudioQt/PulseAudioQt/Sink
usr/include/KF6/KF6PulseAudioQt/PulseAudioQt/SinkInput
usr/include/KF6/KF6PulseAudioQt/PulseAudioQt/Source
usr/include/KF6/KF6PulseAudioQt/PulseAudioQt/SourceOutput
usr/include/KF6/KF6PulseAudioQt/PulseAudioQt/Stream
usr/include/KF6/KF6PulseAudioQt/PulseAudioQt/StreamRestore
usr/include/KF6/KF6PulseAudioQt/PulseAudioQt/VolumeObject
usr/include/KF6/KF6PulseAudioQt/PulseAudioQt/card.h
usr/include/KF6/KF6PulseAudioQt/PulseAudioQt/cardport.h
usr/include/KF6/KF6PulseAudioQt/PulseAudioQt/client.h
usr/include/KF6/KF6PulseAudioQt/PulseAudioQt/context.h
usr/include/KF6/KF6PulseAudioQt/PulseAudioQt/device.h
usr/include/KF6/KF6PulseAudioQt/PulseAudioQt/indexedpulseobject.h
usr/include/KF6/KF6PulseAudioQt/PulseAudioQt/models.h
usr/include/KF6/KF6PulseAudioQt/PulseAudioQt/module.h
usr/include/KF6/KF6PulseAudioQt/PulseAudioQt/port.h
usr/include/KF6/KF6PulseAudioQt/PulseAudioQt/profile.h
usr/include/KF6/KF6PulseAudioQt/PulseAudioQt/pulseaudioqt_export.h
usr/include/KF6/KF6PulseAudioQt/PulseAudioQt/pulseobject.h
usr/include/KF6/KF6PulseAudioQt/PulseAudioQt/server.h
usr/include/KF6/KF6PulseAudioQt/PulseAudioQt/sink.h
usr/include/KF6/KF6PulseAudioQt/PulseAudioQt/sinkinput.h
usr/include/KF6/KF6PulseAudioQt/PulseAudioQt/source.h
usr/include/KF6/KF6PulseAudioQt/PulseAudioQt/sourceoutput.h
usr/include/KF6/KF6PulseAudioQt/PulseAudioQt/stream.h
usr/include/KF6/KF6PulseAudioQt/PulseAudioQt/streamrestore.h
usr/include/KF6/KF6PulseAudioQt/PulseAudioQt/volumeobject.h
usr/include/KF6/pulseaudioqt_version.h
usr/lib64/
usr/lib64/cmake/
usr/lib64/cmake/KF6PulseAudioQt/
usr/lib64/cmake/KF6PulseAudioQt/KF6PulseAudioQtConfig.cmake
usr/lib64/cmake/KF6PulseAudioQt/KF6PulseAudioQtConfigVersion.cmake
usr/lib64/cmake/KF6PulseAudioQt/KF6PulseAudioQtQchTargets.cmake
usr/lib64/cmake/KF6PulseAudioQt/KF6PulseAudioQtTargets-relwithdebinfo.cmake
usr/lib64/cmake/KF6PulseAudioQt/KF6PulseAudioQtTargets.cmake
usr/lib64/libKF6PulseAudioQt.so.1.7.0
usr/lib64/pkgconfig/
usr/lib64/pkgconfig/KF6PulseAudioQt.pc

Slackware package /tmp/pulseaudio-qt/pulseaudio-qt-1.7.0-x86_64-1_rtz.tlz created.

Create shared object file for pulseaudio-qt-1.7.0-x86_64-1_rtz.tlz
Creating /tmp/pulseaudio-qt/pulseaudio-qt-1.7.0-x86_64-1_rtz.tlz.so.file using /tmp/pulseaudio-qt/pulseaudio-qt-1.7.0-x86_64-1_rtz.tlz
Successfully created /tmp/pulseaudio-qt/pulseaudio-qt-1.7.0-x86_64-1_rtz.tlz.so.file
Packaging of executable and meta-data in pulseaudio-qt.tar.lz4 format.
/tmp/pulseaudio-qt /tmp/pulseaudio-qt
/tmp/pulseaudio-qt
BIN_NAME
README
makepkg-pulseaudio-qt.log
pulseaudio-qt-1.7.0-x86_64-1_rtz.tlz
pulseaudio-qt-1.7.0-x86_64-1_rtz.tlz.md5
pulseaudio-qt-1.7.0-x86_64-1_rtz.tlz.so.file
pulseaudio-qt-1.7.0-x86_64-1_rtz.tlz.txt
pulseaudio-qt.dep
[32mpulseaudio-qt build finished. Procced to installation...[0m

+==================================================================================================================+
| Upgrading pulseaudio-qt-1.7.0-x86_64-1_rtz package using /tmp/pulseaudio-qt/pulseaudio-qt-1.7.0-x86_64-1_rtz.tlz |
+==================================================================================================================+

Pre-installing package pulseaudio-qt-1.7.0-x86_64-1_rtz...
Removing package: pulseaudio-qt-1.7.0-x86_64-1_rtz-upgraded-2025-05-28,23:18:32
Installing package pulseaudio-qt-1.7.0-x86_64-1_rtz.tlz:
PACKAGE DESCRIPTION:
# pulseaudio-qt (Pulseaudio bindings for Qt)
#
# https://invent.kde.org/libraries/pulseaudio-qt
#
Executing install script for pulseaudio-qt-1.7.0-x86_64-1_rtz.tlz.
Font directories:
	/usr/share/fonts
/usr/share/fonts: caching, new cache contents: 0 fonts, 11 dirs
/usr/share/fonts/100dpi: caching, new cache contents: 238 fonts, 0 dirs
/usr/share/fonts/75dpi: caching, new cache contents: 238 fonts, 0 dirs
/usr/share/fonts/OTF: caching, new cache contents: 124 fonts, 0 dirs
/usr/share/fonts/Speedo: caching, new cache contents: 0 fonts, 0 dirs
/usr/share/fonts/TTF: caching, new cache contents: 1132 fonts, 0 dirs
/usr/share/fonts/Type1: caching, new cache contents: 64 fonts, 0 dirs
/usr/share/fonts/cyrillic: caching, new cache contents: 0 fonts, 0 dirs
/usr/share/fonts/encodings: caching, new cache contents: 0 fonts, 1 dirs
/usr/share/fonts/encodings/large: caching, new cache contents: 0 fonts, 0 dirs
/usr/share/fonts/kanjistrokeorders: caching, new cache contents: 1 fonts, 0 dirs
/usr/share/fonts/misc: caching, new cache contents: 143 fonts, 0 dirs
/usr/share/fonts/util: caching, new cache contents: 0 fonts, 0 dirs
/var/cache/fontconfig: cleaning cache directory
/root/.cache/fontconfig: not cleaning non-existent cache directory
/root/.fontconfig: not cleaning non-existent cache directory
/usr/bin/fc-cache: succeeded
Package pulseaudio-qt-1.7.0-x86_64-1_rtz.tlz installed.
Package pulseaudio-qt-1.7.0-x86_64-1_rtz upgraded with new package /tmp/pulseaudio-qt/pulseaudio-qt-1.7.0-x86_64-1_rtz.tlz.
[32mCleaning environmet: Removing source code, and work-space...[0m
rm: cannot remove 'pulseaudio-qt-1.7.0.tar.xz': No such file or directory
