[32mStarting build process...[0m
Detected architecture: x86_64
Required dependencies: extra-cmake-modules	kconfig	kconfigwidgets	kcoreaddons	kdoctools	ki18n	kio	kwidgetsaddons	kxmlgui	libkdegames
extra-cmake-modules is already installed!
kconfig is already installed!
kconfigwidgets is already installed!
kcoreaddons is already installed!
kdoctools is already installed!
ki18n is already installed!
kio is already installed!
kwidgetsaddons is already installed!
kxmlgui is already installed!
libkdegames is already installed!
No optional dependencies found.
Downloading source code tar.xz file
--2025-05-28 22:29:11--  https://download.kde.org/stable/release-service/25.04.1/src/skladnik-25.04.1.tar.xz
Resolving download.kde.org (download.kde.org)... 49.12.122.15, 2a01:4f8:242:53eb::4
Connecting to download.kde.org (download.kde.org)|49.12.122.15|:443... connected.
HTTP request sent, awaiting response... 302 Found
Location: https://ftp.cc.uoc.gr/mirrors/kde/stable/release-service/25.04.1/src/skladnik-25.04.1.tar.xz [following]
--2025-05-28 22:29:12--  https://ftp.cc.uoc.gr/mirrors/kde/stable/release-service/25.04.1/src/skladnik-25.04.1.tar.xz
Resolving ftp.cc.uoc.gr (ftp.cc.uoc.gr)... 147.52.159.50, 2001:648:2c00:6c08::2
Connecting to ftp.cc.uoc.gr (ftp.cc.uoc.gr)|147.52.159.50|:443... connected.
HTTP request sent, awaiting response... 200 OK
Length: 416544 (407K) [application/octet-stream]
Saving to: ‘skladnik-25.04.1.tar.xz’

     0K .......... .......... .......... .......... .......... 12% 1.37M 0s
    50K .......... .......... .......... .......... .......... 24% 1.50M 0s
   100K .......... .......... .......... .......... .......... 36% 6.52M 0s
   150K .......... .......... .......... .......... .......... 49% 1.98M 0s
   200K .......... .......... .......... .......... .......... 61% 4.98M 0s
   250K .......... .......... .......... .......... .......... 73% 6.64M 0s
   300K .......... .......... .......... .......... .......... 86% 6.37M 0s
   350K .......... .......... .......... .......... .......... 98%  717K 0s
   400K ......                                                100% 12.6T=0.2s

2025-05-28 22:29:12 (2.04 MB/s) - ‘skladnik-25.04.1.tar.xz’ saved [416544/416544]

Found file: skladnik-25.04.1.tar.xz
No checksum provided. Skipping checksum verification and proceeding...
Creating working directories and exporting source code in...
skladnik-25.04.1/
skladnik-25.04.1/cmake/
skladnik-25.04.1/cmake/FindPOVRay.cmake
skladnik-25.04.1/icons/
skladnik-25.04.1/icons/48-apps-skladnik.png
skladnik-25.04.1/icons/64-apps-skladnik.png
skladnik-25.04.1/icons/16-apps-skladnik.png
skladnik-25.04.1/icons/32-apps-skladnik.png
skladnik-25.04.1/icons/128-apps-skladnik.png
skladnik-25.04.1/icons/22-apps-skladnik.png
skladnik-25.04.1/icons/CMakeLists.txt
skladnik-25.04.1/AUTHORS
skladnik-25.04.1/LICENSES/
skladnik-25.04.1/LICENSES/GFDL-1.2-or-later.txt
skladnik-25.04.1/LICENSES/BSD-3-Clause.txt
skladnik-25.04.1/LICENSES/CC0-1.0.txt
skladnik-25.04.1/LICENSES/CC-BY-SA-4.0.txt
skladnik-25.04.1/LICENSES/GPL-2.0-or-later.txt
skladnik-25.04.1/.gitlab-ci.yml
skladnik-25.04.1/doc/
skladnik-25.04.1/doc/index.docbook
skladnik-25.04.1/doc/man-skladnik.6.docbook
skladnik-25.04.1/doc/CMakeLists.txt
skladnik-25.04.1/README
skladnik-25.04.1/logo.png
skladnik-25.04.1/snapcraft.yaml
skladnik-25.04.1/.git-blame-ignore-revs
skladnik-25.04.1/.kde-ci.yml
skladnik-25.04.1/themes/
skladnik-25.04.1/themes/skladnik_classic.desktop.license
skladnik-25.04.1/themes/skladnik_classic.desktop
skladnik-25.04.1/themes/skladnik_classic.svg
skladnik-25.04.1/themes/skladnik_classic.svg.license
skladnik-25.04.1/themes/CMakeLists.txt
skladnik-25.04.1/po/
skladnik-25.04.1/po/pt/
skladnik-25.04.1/po/pt/skladnik.po
skladnik-25.04.1/po/nn/
skladnik-25.04.1/po/nn/skladnik.po
skladnik-25.04.1/po/pl/
skladnik-25.04.1/po/pl/skladnik.po
skladnik-25.04.1/po/ja/
skladnik-25.04.1/po/ja/skladnik.po
skladnik-25.04.1/po/bs/
skladnik-25.04.1/po/bs/skladnik.po
skladnik-25.04.1/po/zh_CN/
skladnik-25.04.1/po/zh_CN/skladnik.po
skladnik-25.04.1/po/cs/
skladnik-25.04.1/po/cs/skladnik.po
skladnik-25.04.1/po/es/
skladnik-25.04.1/po/es/skladnik.po
skladnik-25.04.1/po/es/docs/
skladnik-25.04.1/po/es/docs/skladnik/
skladnik-25.04.1/po/es/docs/skladnik/index.docbook
skladnik-25.04.1/po/es/docs/skladnik/man-skladnik.6.docbook
skladnik-25.04.1/po/ka/
skladnik-25.04.1/po/ka/skladnik.po
skladnik-25.04.1/po/tr/
skladnik-25.04.1/po/tr/skladnik.po
skladnik-25.04.1/po/ug/
skladnik-25.04.1/po/ug/skladnik.po
skladnik-25.04.1/po/ca/
skladnik-25.04.1/po/ca/skladnik.po
skladnik-25.04.1/po/ca/docs/
skladnik-25.04.1/po/ca/docs/skladnik/
skladnik-25.04.1/po/ca/docs/skladnik/index.docbook
skladnik-25.04.1/po/ca/docs/skladnik/man-skladnik.6.docbook
skladnik-25.04.1/po/ca@valencia/
skladnik-25.04.1/po/ca@valencia/skladnik.po
skladnik-25.04.1/po/gl/
skladnik-25.04.1/po/gl/skladnik.po
skladnik-25.04.1/po/eo/
skladnik-25.04.1/po/eo/skladnik.po
skladnik-25.04.1/po/nl/
skladnik-25.04.1/po/nl/skladnik.po
skladnik-25.04.1/po/nl/docs/
skladnik-25.04.1/po/nl/docs/skladnik/
skladnik-25.04.1/po/nl/docs/skladnik/index.docbook
skladnik-25.04.1/po/nl/docs/skladnik/man-skladnik.6.docbook
skladnik-25.04.1/po/mr/
skladnik-25.04.1/po/mr/skladnik.po
skladnik-25.04.1/po/hu/
skladnik-25.04.1/po/hu/skladnik.po
skladnik-25.04.1/po/eu/
skladnik-25.04.1/po/eu/skladnik.po
skladnik-25.04.1/po/nb/
skladnik-25.04.1/po/nb/skladnik.po
skladnik-25.04.1/po/fr/
skladnik-25.04.1/po/fr/skladnik.po
skladnik-25.04.1/po/hi/
skladnik-25.04.1/po/hi/skladnik.po
skladnik-25.04.1/po/sl/
skladnik-25.04.1/po/sl/skladnik.po
skladnik-25.04.1/po/sl/docs/
skladnik-25.04.1/po/sl/docs/skladnik/
skladnik-25.04.1/po/sl/docs/skladnik/index.docbook
skladnik-25.04.1/po/sl/docs/skladnik/man-skladnik.6.docbook
skladnik-25.04.1/po/he/
skladnik-25.04.1/po/he/skladnik.po
skladnik-25.04.1/po/de/
skladnik-25.04.1/po/de/skladnik.po
skladnik-25.04.1/po/ar/
skladnik-25.04.1/po/ar/skladnik.po
skladnik-25.04.1/po/sk/
skladnik-25.04.1/po/sk/skladnik.po
skladnik-25.04.1/po/zh_TW/
skladnik-25.04.1/po/zh_TW/skladnik.po
skladnik-25.04.1/po/et/
skladnik-25.04.1/po/et/skladnik.po
skladnik-25.04.1/po/it/
skladnik-25.04.1/po/it/skladnik.po
skladnik-25.04.1/po/it/docs/
skladnik-25.04.1/po/it/docs/skladnik/
skladnik-25.04.1/po/it/docs/skladnik/index.docbook
skladnik-25.04.1/po/it/docs/skladnik/man-skladnik.6.docbook
skladnik-25.04.1/po/pt_BR/
skladnik-25.04.1/po/pt_BR/skladnik.po
skladnik-25.04.1/po/ru/
skladnik-25.04.1/po/ru/skladnik.po
skladnik-25.04.1/po/ia/
skladnik-25.04.1/po/ia/skladnik.po
skladnik-25.04.1/po/sv/
skladnik-25.04.1/po/sv/skladnik.po
skladnik-25.04.1/po/fi/
skladnik-25.04.1/po/fi/skladnik.po
skladnik-25.04.1/po/ast/
skladnik-25.04.1/po/ast/skladnik.po
skladnik-25.04.1/po/lt/
skladnik-25.04.1/po/lt/skladnik.po
skladnik-25.04.1/po/sa/
skladnik-25.04.1/po/sa/skladnik.po
skladnik-25.04.1/po/ko/
skladnik-25.04.1/po/ko/skladnik.po
skladnik-25.04.1/po/ga/
skladnik-25.04.1/po/ga/skladnik.po
skladnik-25.04.1/po/en_GB/
skladnik-25.04.1/po/en_GB/skladnik.po
skladnik-25.04.1/po/uk/
skladnik-25.04.1/po/uk/skladnik.po
skladnik-25.04.1/po/uk/docs/
skladnik-25.04.1/po/uk/docs/skladnik/
skladnik-25.04.1/po/uk/docs/skladnik/index.docbook
skladnik-25.04.1/po/uk/docs/skladnik/man-skladnik.6.docbook
skladnik-25.04.1/CMakeLists.txt
skladnik-25.04.1/COPYING
skladnik-25.04.1/src/
skladnik-25.04.1/src/PlayField.cpp
skladnik-25.04.1/src/InternalCollections.cpp
skladnik-25.04.1/src/InternalCollections.h
skladnik-25.04.1/src/SimpleTextItem.cpp
skladnik-25.04.1/src/History.h
skladnik-25.04.1/src/Queue.h
skladnik-25.04.1/src/SimpleTextItem.h
skladnik-25.04.1/src/Bookmark.h
skladnik-25.04.1/src/skladnikui.rc
skladnik-25.04.1/src/MoveSequence.cpp
skladnik-25.04.1/src/Map.h
skladnik-25.04.1/src/GroundItem.h
skladnik-25.04.1/src/StoneIndex.h
skladnik-25.04.1/src/HtmlPrinter.h
skladnik-25.04.1/src/org.kde.skladnik.desktop
skladnik-25.04.1/src/Messages.sh
skladnik-25.04.1/src/PlayFieldView.h
skladnik-25.04.1/src/PathFinder.h
skladnik-25.04.1/src/GroundItem.cpp
skladnik-25.04.1/src/MainWindow.h
skladnik-25.04.1/src/MoveSequence.h
skladnik-25.04.1/src/LevelCollection.h
skladnik-25.04.1/src/StoneIndex.cpp
skladnik-25.04.1/src/MainWindow.cpp
skladnik-25.04.1/src/Move.cpp
skladnik-25.04.1/src/PathFinder.cpp
skladnik-25.04.1/src/main.cpp
skladnik-25.04.1/src/images/
skladnik-25.04.1/src/images/halfstone_3.pov
skladnik-25.04.1/src/images/man_common.inc
skladnik-25.04.1/src/images/stone_1.png
skladnik-25.04.1/src/images/man.pov
skladnik-25.04.1/src/images/halfstone_4.png
skladnik-25.04.1/src/images/saveman.pov
skladnik-25.04.1/src/images/stone_5.pov
skladnik-25.04.1/src/images/floor_common.inc
skladnik-25.04.1/src/images/treasure.pov
skladnik-25.04.1/src/images/halfstone_1.png
skladnik-25.04.1/src/images/stone_2.pov
skladnik-25.04.1/src/images/stone_4.png
skladnik-25.04.1/src/images/stone_3.png
skladnik-25.04.1/src/images/stone_4.pov
skladnik-25.04.1/src/images/halfstone_4.pov
skladnik-25.04.1/src/images/halfstone_3.png
skladnik-25.04.1/src/images/goal.pov
skladnik-25.04.1/src/images/man.png
skladnik-25.04.1/src/images/starfield.png
skladnik-25.04.1/src/images/treasure.png
skladnik-25.04.1/src/images/stone_6.pov
skladnik-25.04.1/src/images/halfstone_2.pov
skladnik-25.04.1/src/images/stone_common.inc
skladnik-25.04.1/src/images/stone_5.png
skladnik-25.04.1/src/images/stone_3.pov
skladnik-25.04.1/src/images/stone_1.pov
skladnik-25.04.1/src/images/object.pov
skladnik-25.04.1/src/images/halfstone_1.pov
skladnik-25.04.1/src/images/saveman.png
skladnik-25.04.1/src/images/object.png
skladnik-25.04.1/src/images/halfstone_2.png
skladnik-25.04.1/src/images/CMakeLists.txt
skladnik-25.04.1/src/images/stone_2.png
skladnik-25.04.1/src/images/goal.png
skladnik-25.04.1/src/images/stone_6.png
skladnik-25.04.1/src/Map.cpp
skladnik-25.04.1/src/LevelMap.cpp
skladnik-25.04.1/src/Move.h
skladnik-25.04.1/src/skladnik.qrc
skladnik-25.04.1/src/PlayFieldView.cpp
skladnik-25.04.1/src/Bookmark.cpp
skladnik-25.04.1/src/History.cpp
skladnik-25.04.1/src/LevelCollection.cpp
skladnik-25.04.1/src/CMakeLists.txt
skladnik-25.04.1/src/org.kde.skladnik.metainfo.xml
skladnik-25.04.1/src/levels/
skladnik-25.04.1/src/levels/level.data
skladnik-25.04.1/src/PlayField.h
skladnik-25.04.1/src/LevelMap.h
skladnik-25.04.1/src/HtmlPrinter.cpp
skladnik-25.04.1/.gitignore
/home/omen/GITHUB/Athos/AthOS/REPO-AthOS/skladnik/work
README or README.md already exists, skipping creation.
hm...lets continue and see what happens
-- The C compiler identification is GNU 14.3.0
-- The CXX compiler identification is GNU 14.3.0
-- Detecting C compiler ABI info
-- Detecting C compiler ABI info - done
-- Check for working C compiler: /usr/bin/cc - skipped
-- Detecting C compile features
-- Detecting C compile features - done
-- Detecting CXX compiler ABI info
-- Detecting CXX compiler ABI info - done
-- Check for working CXX compiler: /usr/bin/c++ - skipped
-- Detecting CXX compile features
-- Detecting CXX compile features - done
-- Installing in the same prefix as Qt, adopting their path scheme.
-- Looking for __GLIBC__
-- Looking for __GLIBC__ - found
-- Performing Test _OFFT_IS_64BIT
-- Performing Test _OFFT_IS_64BIT - Success
-- Performing Test HAVE_DATE_TIME
-- Performing Test HAVE_DATE_TIME - Success
-- Performing Test HAVE_STDATOMIC
-- Performing Test HAVE_STDATOMIC - Success
-- Found WrapAtomic: TRUE
-- Found OpenGL: /usr/lib64/libOpenGL.so
-- Found WrapOpenGL: TRUE
-- Found XKB: /usr/lib64/libxkbcommon.so (found suitable version "1.10.0", minimum required is "0.5.0")
-- Found WrapVulkanHeaders: /usr/include
-- Found KF6Config: /usr/lib64/cmake/KF6Config/KF6ConfigConfig.cmake (found version "6.14.0")
-- Found KF6ConfigWidgets: /usr/lib64/cmake/KF6ConfigWidgets/KF6ConfigWidgetsConfig.cmake (found version "6.14.0")
-- Found KF6CoreAddons: /usr/lib64/cmake/KF6CoreAddons/KF6CoreAddonsConfig.cmake (found version "6.14.0")
-- Found KF6Crash: /usr/lib64/cmake/KF6Crash/KF6CrashConfig.cmake (found version "6.14.0")
-- Found KF6DBusAddons: /usr/lib64/cmake/KF6DBusAddons/KF6DBusAddonsConfig.cmake (found version "6.14.0")
-- Found Gettext: /usr/bin/msgmerge (found version "0.25")
-- Found KF6I18n: /usr/lib64/cmake/KF6I18n/KF6I18nConfig.cmake (found version "6.14.0")
-- Found X11: /usr/include
-- Looking for XOpenDisplay in /usr/lib64/libX11.so;/usr/lib64/libXext.so
-- Looking for XOpenDisplay in /usr/lib64/libX11.so;/usr/lib64/libXext.so - found
-- Looking for gethostbyname
-- Looking for gethostbyname - found
-- Looking for connect
-- Looking for connect - found
-- Looking for remove
-- Looking for remove - found
-- Looking for shmat
-- Looking for shmat - found
-- Looking for IceConnectionNumber in ICE
-- Looking for IceConnectionNumber in ICE - found
-- Found KF6KIO: /usr/lib64/cmake/KF6KIO/KF6KIOConfig.cmake (found version "6.14.0")
-- Found KF6WidgetsAddons: /usr/lib64/cmake/KF6WidgetsAddons/KF6WidgetsAddonsConfig.cmake (found version "6.14.0")
-- Found KF6XmlGui: /usr/lib64/cmake/KF6XmlGui/KF6XmlGuiConfig.cmake (found version "6.14.0")
-- Found KF6: success (found suitable version "6.14.0", minimum required is "6.0.0") found components: Config ConfigWidgets CoreAddons Crash DBusAddons I18n KIO WidgetsAddons XmlGui
-- Could NOT find POVRay (missing: POVRay_EXECUTABLE) 
-- The following OPTIONAL packages have been found:

 * OpenGL
 * Vulkan
 * XKB (required version >= 0.5.0), XKB API common to servers and clients., <http://xkbcommon.org>
 * WrapVulkanHeaders
 * Qt6Gui (required version >= 6.7.0)
 * Freetype
 * PkgConfig
 * Fontconfig
 * KF6DocTools (required version >= 6.0.0)
 * Qt6DBusTools (required version >= 6.8.3)
 * Qt6QmlTools (required version >= 6.8.3)
 * Qt6CoreTools (required version >= 6.8.3)
 * Qt6GuiTools (required version >= 6.8.3)
 * Qt6WidgetsTools (required version >= 6.8.3)

-- The following REQUIRED packages have been found:

 * ECM (required version >= 6.0.0)
 * Qt6 (required version >= 6.5.0)
 * KF6Crash (required version >= 6.0.0)
 * KF6DBusAddons (required version >= 6.0.0)
 * Gettext
 * KF6I18n (required version >= 6.0.0)
 * KF6CoreAddons (required version >= 6.14.0)
 * KF6KIO (required version >= 6.0.0)
 * KF6XmlGui (required version >= 6.0.0)
 * KF6 (required version >= 6.0.0)
 * Qt6Core (required version >= 6.7.0)
 * Qt6Widgets (required version >= 6.7.0)
 * KDEGames6 (required version >= 6.0.0)

-- The following OPTIONAL packages have not been found:

 * Qt6QmlCompilerPlusPrivateTools (required version >= 6.8.3)
 * POVRay, Tool for creating three-dimensional graphics, <https://www.povray.org/>
   For rendering the games PNG images

-- Configuring done (2.5s)
-- Generating done (0.0s)
-- Build files have been written to: /home/omen/GITHUB/Athos/AthOS/REPO-AthOS/skladnik/work/skladnik-25.04.1/build
[1/38] Generating ts...
[2/38] Generating mo...
[3/38] Generating skladnik.6
Note: Writing skladnik.6
[4/38] Generating po/nl/docs/skladnik/skladnik.6
Note: Writing skladnik.6
[5/38] Generating po/ca/docs/skladnik/skladnik.6
Note: Writing skladnik.6
[6/38] Generating po/es/docs/skladnik/skladnik.6
Note: Writing skladnik.6
[7/38] Generating po/it/docs/skladnik/skladnik.6
Note: Writing skladnik.6
[8/38] Generating po/ca/docs/skladnik/index.cache.bz2
[9/38] Generating po/sl/docs/skladnik/skladnik.6
Warn: meta author : no refentry/info/author                        skladnik
Note: meta author : see http://www.docbook.org/tdg5/en/html/autho  skladnik
Warn: meta author : no author data, so inserted a fixme            skladnik
Note: Writing skladnik.6
[10/38] Generating index.cache.bz2
[11/38] Generating po/uk/docs/skladnik/index.cache.bz2
[12/38] Generating po/nl/docs/skladnik/index.cache.bz2
[13/38] Generating po/uk/docs/skladnik/skladnik.6
Note: Writing skladnik.6
[14/38] Generating po/it/docs/skladnik/index.cache.bz2
[15/38] Generating po/es/docs/skladnik/index.cache.bz2
[16/38] Generating po/sl/docs/skladnik/index.cache.bz2
[17/38] Automatic MOC for target skladnik
[18/38] Automatic RCC for skladnik.qrc
[19/38] Building CXX object src/CMakeFiles/skladnik.dir/skladnik_autogen/mocs_compilation.cpp.o
[20/38] Building CXX object src/CMakeFiles/skladnik.dir/skladnik_autogen/EWIEGA46WW/qrc_skladnik.cpp.o
[21/38] Building CXX object src/CMakeFiles/skladnik.dir/Map.cpp.o
[22/38] Building CXX object src/CMakeFiles/skladnik.dir/HtmlPrinter.cpp.o
[23/38] Building CXX object src/CMakeFiles/skladnik.dir/Move.cpp.o
[24/38] Building CXX object src/CMakeFiles/skladnik.dir/MoveSequence.cpp.o
[25/38] Building CXX object src/CMakeFiles/skladnik.dir/PathFinder.cpp.o
[26/38] Building CXX object src/CMakeFiles/skladnik.dir/SimpleTextItem.cpp.o
[27/38] Building CXX object src/CMakeFiles/skladnik.dir/History.cpp.o
[28/38] Building CXX object src/CMakeFiles/skladnik.dir/StoneIndex.cpp.o
[29/38] Building CXX object src/CMakeFiles/skladnik.dir/LevelMap.cpp.o
[30/38] Building CXX object src/CMakeFiles/skladnik.dir/PlayFieldView.cpp.o
[31/38] Building CXX object src/CMakeFiles/skladnik.dir/LevelCollection.cpp.o
[32/38] Building CXX object src/CMakeFiles/skladnik.dir/InternalCollections.cpp.o
[33/38] Building CXX object src/CMakeFiles/skladnik.dir/main.cpp.o
[34/38] Building CXX object src/CMakeFiles/skladnik.dir/PlayField.cpp.o
[35/38] Building CXX object src/CMakeFiles/skladnik.dir/Bookmark.cpp.o
[36/38] Building CXX object src/CMakeFiles/skladnik.dir/GroundItem.cpp.o
[37/38] Building CXX object src/CMakeFiles/skladnik.dir/MainWindow.cpp.o
[38/38] Linking CXX executable bin/skladnik
-- Install configuration: "None"
-- Installing: /home/omen/GITHUB/Athos/AthOS/REPO-AthOS/skladnik/package-skladnik/usr/bin/skladnik
-- Installing: /home/omen/GITHUB/Athos/AthOS/REPO-AthOS/skladnik/package-skladnik/usr/share/applications/org.kde.skladnik.desktop
-- Installing: /home/omen/GITHUB/Athos/AthOS/REPO-AthOS/skladnik/package-skladnik/usr/share/metainfo/org.kde.skladnik.metainfo.xml
-- Installing: /home/omen/GITHUB/Athos/AthOS/REPO-AthOS/skladnik/package-skladnik/usr/share/icons/hicolor/16x16/apps/skladnik.png
-- Installing: /home/omen/GITHUB/Athos/AthOS/REPO-AthOS/skladnik/package-skladnik/usr/share/icons/hicolor/22x22/apps/skladnik.png
-- Installing: /home/omen/GITHUB/Athos/AthOS/REPO-AthOS/skladnik/package-skladnik/usr/share/icons/hicolor/32x32/apps/skladnik.png
-- Installing: /home/omen/GITHUB/Athos/AthOS/REPO-AthOS/skladnik/package-skladnik/usr/share/icons/hicolor/48x48/apps/skladnik.png
-- Installing: /home/omen/GITHUB/Athos/AthOS/REPO-AthOS/skladnik/package-skladnik/usr/share/icons/hicolor/64x64/apps/skladnik.png
-- Installing: /home/omen/GITHUB/Athos/AthOS/REPO-AthOS/skladnik/package-skladnik/usr/share/icons/hicolor/128x128/apps/skladnik.png
-- Installing: /home/omen/GITHUB/Athos/AthOS/REPO-AthOS/skladnik/package-skladnik/usr/share/skladnik/themes/skladnik_classic.svg
-- Installing: /home/omen/GITHUB/Athos/AthOS/REPO-AthOS/skladnik/package-skladnik/usr/share/skladnik/themes/skladnik_classic.desktop
-- Installing: /home/omen/GITHUB/Athos/AthOS/REPO-AthOS/skladnik/package-skladnik/usr/share/skladnik/themes/skladnik_classic_goal.png
-- Installing: /home/omen/GITHUB/Athos/AthOS/REPO-AthOS/skladnik/package-skladnik/usr/share/skladnik/themes/skladnik_classic_man.png
-- Installing: /home/omen/GITHUB/Athos/AthOS/REPO-AthOS/skladnik/package-skladnik/usr/share/skladnik/themes/skladnik_classic_object.png
-- Installing: /home/omen/GITHUB/Athos/AthOS/REPO-AthOS/skladnik/package-skladnik/usr/share/skladnik/themes/skladnik_classic_saveman.png
-- Installing: /home/omen/GITHUB/Athos/AthOS/REPO-AthOS/skladnik/package-skladnik/usr/share/skladnik/themes/skladnik_classic_treasure.png
-- Installing: /home/omen/GITHUB/Athos/AthOS/REPO-AthOS/skladnik/package-skladnik/usr/share/skladnik/themes/skladnik_classic_halfstone_1.png
-- Installing: /home/omen/GITHUB/Athos/AthOS/REPO-AthOS/skladnik/package-skladnik/usr/share/skladnik/themes/skladnik_classic_halfstone_2.png
-- Installing: /home/omen/GITHUB/Athos/AthOS/REPO-AthOS/skladnik/package-skladnik/usr/share/skladnik/themes/skladnik_classic_halfstone_3.png
-- Installing: /home/omen/GITHUB/Athos/AthOS/REPO-AthOS/skladnik/package-skladnik/usr/share/skladnik/themes/skladnik_classic_halfstone_4.png
-- Installing: /home/omen/GITHUB/Athos/AthOS/REPO-AthOS/skladnik/package-skladnik/usr/share/skladnik/themes/skladnik_classic_stone_1.png
-- Installing: /home/omen/GITHUB/Athos/AthOS/REPO-AthOS/skladnik/package-skladnik/usr/share/skladnik/themes/skladnik_classic_stone_2.png
-- Installing: /home/omen/GITHUB/Athos/AthOS/REPO-AthOS/skladnik/package-skladnik/usr/share/skladnik/themes/skladnik_classic_stone_3.png
-- Installing: /home/omen/GITHUB/Athos/AthOS/REPO-AthOS/skladnik/package-skladnik/usr/share/skladnik/themes/skladnik_classic_stone_4.png
-- Installing: /home/omen/GITHUB/Athos/AthOS/REPO-AthOS/skladnik/package-skladnik/usr/share/skladnik/themes/skladnik_classic_stone_5.png
-- Installing: /home/omen/GITHUB/Athos/AthOS/REPO-AthOS/skladnik/package-skladnik/usr/share/skladnik/themes/skladnik_classic_stone_6.png
-- Installing: /home/omen/GITHUB/Athos/AthOS/REPO-AthOS/skladnik/package-skladnik/usr/share/skladnik/themes/skladnik_classic_starfield.png
-- Installing: /home/omen/GITHUB/Athos/AthOS/REPO-AthOS/skladnik/package-skladnik/usr/share/doc/HTML/en/skladnik/index.cache.bz2
-- Installing: /home/omen/GITHUB/Athos/AthOS/REPO-AthOS/skladnik/package-skladnik/usr/share/doc/HTML/en/skladnik/index.docbook
-- Installing: /home/omen/GITHUB/Athos/AthOS/REPO-AthOS/skladnik/package-skladnik/usr/man/man6/skladnik.6
-- Installing: /home/omen/GITHUB/Athos/AthOS/REPO-AthOS/skladnik/package-skladnik/usr/share/doc/HTML/ca/skladnik/index.cache.bz2
-- Installing: /home/omen/GITHUB/Athos/AthOS/REPO-AthOS/skladnik/package-skladnik/usr/share/doc/HTML/ca/skladnik/index.docbook
-- Installing: /home/omen/GITHUB/Athos/AthOS/REPO-AthOS/skladnik/package-skladnik/usr/man/ca/man6/skladnik.6
-- Installing: /home/omen/GITHUB/Athos/AthOS/REPO-AthOS/skladnik/package-skladnik/usr/share/doc/HTML/es/skladnik/index.cache.bz2
-- Installing: /home/omen/GITHUB/Athos/AthOS/REPO-AthOS/skladnik/package-skladnik/usr/share/doc/HTML/es/skladnik/index.docbook
-- Installing: /home/omen/GITHUB/Athos/AthOS/REPO-AthOS/skladnik/package-skladnik/usr/man/es/man6/skladnik.6
-- Installing: /home/omen/GITHUB/Athos/AthOS/REPO-AthOS/skladnik/package-skladnik/usr/share/doc/HTML/it/skladnik/index.cache.bz2
-- Installing: /home/omen/GITHUB/Athos/AthOS/REPO-AthOS/skladnik/package-skladnik/usr/share/doc/HTML/it/skladnik/index.docbook
-- Installing: /home/omen/GITHUB/Athos/AthOS/REPO-AthOS/skladnik/package-skladnik/usr/man/it/man6/skladnik.6
-- Installing: /home/omen/GITHUB/Athos/AthOS/REPO-AthOS/skladnik/package-skladnik/usr/share/doc/HTML/nl/skladnik/index.cache.bz2
-- Installing: /home/omen/GITHUB/Athos/AthOS/REPO-AthOS/skladnik/package-skladnik/usr/share/doc/HTML/nl/skladnik/index.docbook
-- Installing: /home/omen/GITHUB/Athos/AthOS/REPO-AthOS/skladnik/package-skladnik/usr/man/nl/man6/skladnik.6
-- Installing: /home/omen/GITHUB/Athos/AthOS/REPO-AthOS/skladnik/package-skladnik/usr/share/doc/HTML/sl/skladnik/index.cache.bz2
-- Installing: /home/omen/GITHUB/Athos/AthOS/REPO-AthOS/skladnik/package-skladnik/usr/share/doc/HTML/sl/skladnik/index.docbook
-- Installing: /home/omen/GITHUB/Athos/AthOS/REPO-AthOS/skladnik/package-skladnik/usr/man/sl/man6/skladnik.6
-- Installing: /home/omen/GITHUB/Athos/AthOS/REPO-AthOS/skladnik/package-skladnik/usr/share/doc/HTML/uk/skladnik/index.cache.bz2
-- Installing: /home/omen/GITHUB/Athos/AthOS/REPO-AthOS/skladnik/package-skladnik/usr/share/doc/HTML/uk/skladnik/index.docbook
-- Installing: /home/omen/GITHUB/Athos/AthOS/REPO-AthOS/skladnik/package-skladnik/usr/man/uk/man6/skladnik.6
-- Installing: /home/omen/GITHUB/Athos/AthOS/REPO-AthOS/skladnik/package-skladnik/usr/share/locale
-- Installing: /home/omen/GITHUB/Athos/AthOS/REPO-AthOS/skladnik/package-skladnik/usr/share/locale/cs
-- Installing: /home/omen/GITHUB/Athos/AthOS/REPO-AthOS/skladnik/package-skladnik/usr/share/locale/cs/LC_MESSAGES
-- Installing: /home/omen/GITHUB/Athos/AthOS/REPO-AthOS/skladnik/package-skladnik/usr/share/locale/cs/LC_MESSAGES/skladnik.mo
-- Installing: /home/omen/GITHUB/Athos/AthOS/REPO-AthOS/skladnik/package-skladnik/usr/share/locale/ja
-- Installing: /home/omen/GITHUB/Athos/AthOS/REPO-AthOS/skladnik/package-skladnik/usr/share/locale/ja/LC_MESSAGES
-- Installing: /home/omen/GITHUB/Athos/AthOS/REPO-AthOS/skladnik/package-skladnik/usr/share/locale/ja/LC_MESSAGES/skladnik.mo
-- Installing: /home/omen/GITHUB/Athos/AthOS/REPO-AthOS/skladnik/package-skladnik/usr/share/locale/de
-- Installing: /home/omen/GITHUB/Athos/AthOS/REPO-AthOS/skladnik/package-skladnik/usr/share/locale/de/LC_MESSAGES
-- Installing: /home/omen/GITHUB/Athos/AthOS/REPO-AthOS/skladnik/package-skladnik/usr/share/locale/de/LC_MESSAGES/skladnik.mo
-- Installing: /home/omen/GITHUB/Athos/AthOS/REPO-AthOS/skladnik/package-skladnik/usr/share/locale/nn
-- Installing: /home/omen/GITHUB/Athos/AthOS/REPO-AthOS/skladnik/package-skladnik/usr/share/locale/nn/LC_MESSAGES
-- Installing: /home/omen/GITHUB/Athos/AthOS/REPO-AthOS/skladnik/package-skladnik/usr/share/locale/nn/LC_MESSAGES/skladnik.mo
-- Installing: /home/omen/GITHUB/Athos/AthOS/REPO-AthOS/skladnik/package-skladnik/usr/share/locale/hi
-- Installing: /home/omen/GITHUB/Athos/AthOS/REPO-AthOS/skladnik/package-skladnik/usr/share/locale/hi/LC_MESSAGES
-- Installing: /home/omen/GITHUB/Athos/AthOS/REPO-AthOS/skladnik/package-skladnik/usr/share/locale/hi/LC_MESSAGES/skladnik.mo
-- Installing: /home/omen/GITHUB/Athos/AthOS/REPO-AthOS/skladnik/package-skladnik/usr/share/locale/pt_BR
-- Installing: /home/omen/GITHUB/Athos/AthOS/REPO-AthOS/skladnik/package-skladnik/usr/share/locale/pt_BR/LC_MESSAGES
-- Installing: /home/omen/GITHUB/Athos/AthOS/REPO-AthOS/skladnik/package-skladnik/usr/share/locale/pt_BR/LC_MESSAGES/skladnik.mo
-- Installing: /home/omen/GITHUB/Athos/AthOS/REPO-AthOS/skladnik/package-skladnik/usr/share/locale/lt
-- Installing: /home/omen/GITHUB/Athos/AthOS/REPO-AthOS/skladnik/package-skladnik/usr/share/locale/lt/LC_MESSAGES
-- Installing: /home/omen/GITHUB/Athos/AthOS/REPO-AthOS/skladnik/package-skladnik/usr/share/locale/lt/LC_MESSAGES/skladnik.mo
-- Installing: /home/omen/GITHUB/Athos/AthOS/REPO-AthOS/skladnik/package-skladnik/usr/share/locale/sl
-- Installing: /home/omen/GITHUB/Athos/AthOS/REPO-AthOS/skladnik/package-skladnik/usr/share/locale/sl/LC_MESSAGES
-- Installing: /home/omen/GITHUB/Athos/AthOS/REPO-AthOS/skladnik/package-skladnik/usr/share/locale/sl/LC_MESSAGES/skladnik.mo
-- Installing: /home/omen/GITHUB/Athos/AthOS/REPO-AthOS/skladnik/package-skladnik/usr/share/locale/bs
-- Installing: /home/omen/GITHUB/Athos/AthOS/REPO-AthOS/skladnik/package-skladnik/usr/share/locale/bs/LC_MESSAGES
-- Installing: /home/omen/GITHUB/Athos/AthOS/REPO-AthOS/skladnik/package-skladnik/usr/share/locale/bs/LC_MESSAGES/skladnik.mo
-- Installing: /home/omen/GITHUB/Athos/AthOS/REPO-AthOS/skladnik/package-skladnik/usr/share/locale/he
-- Installing: /home/omen/GITHUB/Athos/AthOS/REPO-AthOS/skladnik/package-skladnik/usr/share/locale/he/LC_MESSAGES
-- Installing: /home/omen/GITHUB/Athos/AthOS/REPO-AthOS/skladnik/package-skladnik/usr/share/locale/he/LC_MESSAGES/skladnik.mo
-- Installing: /home/omen/GITHUB/Athos/AthOS/REPO-AthOS/skladnik/package-skladnik/usr/share/locale/zh_TW
-- Installing: /home/omen/GITHUB/Athos/AthOS/REPO-AthOS/skladnik/package-skladnik/usr/share/locale/zh_TW/LC_MESSAGES
-- Installing: /home/omen/GITHUB/Athos/AthOS/REPO-AthOS/skladnik/package-skladnik/usr/share/locale/zh_TW/LC_MESSAGES/skladnik.mo
-- Installing: /home/omen/GITHUB/Athos/AthOS/REPO-AthOS/skladnik/package-skladnik/usr/share/locale/pl
-- Installing: /home/omen/GITHUB/Athos/AthOS/REPO-AthOS/skladnik/package-skladnik/usr/share/locale/pl/LC_MESSAGES
-- Installing: /home/omen/GITHUB/Athos/AthOS/REPO-AthOS/skladnik/package-skladnik/usr/share/locale/pl/LC_MESSAGES/skladnik.mo
-- Installing: /home/omen/GITHUB/Athos/AthOS/REPO-AthOS/skladnik/package-skladnik/usr/share/locale/pt
-- Installing: /home/omen/GITHUB/Athos/AthOS/REPO-AthOS/skladnik/package-skladnik/usr/share/locale/pt/LC_MESSAGES
-- Installing: /home/omen/GITHUB/Athos/AthOS/REPO-AthOS/skladnik/package-skladnik/usr/share/locale/pt/LC_MESSAGES/skladnik.mo
-- Installing: /home/omen/GITHUB/Athos/AthOS/REPO-AthOS/skladnik/package-skladnik/usr/share/locale/tr
-- Installing: /home/omen/GITHUB/Athos/AthOS/REPO-AthOS/skladnik/package-skladnik/usr/share/locale/tr/LC_MESSAGES
-- Installing: /home/omen/GITHUB/Athos/AthOS/REPO-AthOS/skladnik/package-skladnik/usr/share/locale/tr/LC_MESSAGES/skladnik.mo
-- Installing: /home/omen/GITHUB/Athos/AthOS/REPO-AthOS/skladnik/package-skladnik/usr/share/locale/fr
-- Installing: /home/omen/GITHUB/Athos/AthOS/REPO-AthOS/skladnik/package-skladnik/usr/share/locale/fr/LC_MESSAGES
-- Installing: /home/omen/GITHUB/Athos/AthOS/REPO-AthOS/skladnik/package-skladnik/usr/share/locale/fr/LC_MESSAGES/skladnik.mo
-- Installing: /home/omen/GITHUB/Athos/AthOS/REPO-AthOS/skladnik/package-skladnik/usr/share/locale/ast
-- Installing: /home/omen/GITHUB/Athos/AthOS/REPO-AthOS/skladnik/package-skladnik/usr/share/locale/ast/LC_MESSAGES
-- Installing: /home/omen/GITHUB/Athos/AthOS/REPO-AthOS/skladnik/package-skladnik/usr/share/locale/ast/LC_MESSAGES/skladnik.mo
-- Installing: /home/omen/GITHUB/Athos/AthOS/REPO-AthOS/skladnik/package-skladnik/usr/share/locale/ka
-- Installing: /home/omen/GITHUB/Athos/AthOS/REPO-AthOS/skladnik/package-skladnik/usr/share/locale/ka/LC_MESSAGES
-- Installing: /home/omen/GITHUB/Athos/AthOS/REPO-AthOS/skladnik/package-skladnik/usr/share/locale/ka/LC_MESSAGES/skladnik.mo
-- Installing: /home/omen/GITHUB/Athos/AthOS/REPO-AthOS/skladnik/package-skladnik/usr/share/locale/gl
-- Installing: /home/omen/GITHUB/Athos/AthOS/REPO-AthOS/skladnik/package-skladnik/usr/share/locale/gl/LC_MESSAGES
-- Installing: /home/omen/GITHUB/Athos/AthOS/REPO-AthOS/skladnik/package-skladnik/usr/share/locale/gl/LC_MESSAGES/skladnik.mo
-- Installing: /home/omen/GITHUB/Athos/AthOS/REPO-AthOS/skladnik/package-skladnik/usr/share/locale/ia
-- Installing: /home/omen/GITHUB/Athos/AthOS/REPO-AthOS/skladnik/package-skladnik/usr/share/locale/ia/LC_MESSAGES
-- Installing: /home/omen/GITHUB/Athos/AthOS/REPO-AthOS/skladnik/package-skladnik/usr/share/locale/ia/LC_MESSAGES/skladnik.mo
-- Installing: /home/omen/GITHUB/Athos/AthOS/REPO-AthOS/skladnik/package-skladnik/usr/share/locale/hu
-- Installing: /home/omen/GITHUB/Athos/AthOS/REPO-AthOS/skladnik/package-skladnik/usr/share/locale/hu/LC_MESSAGES
-- Installing: /home/omen/GITHUB/Athos/AthOS/REPO-AthOS/skladnik/package-skladnik/usr/share/locale/hu/LC_MESSAGES/skladnik.mo
-- Installing: /home/omen/GITHUB/Athos/AthOS/REPO-AthOS/skladnik/package-skladnik/usr/share/locale/eo
-- Installing: /home/omen/GITHUB/Athos/AthOS/REPO-AthOS/skladnik/package-skladnik/usr/share/locale/eo/LC_MESSAGES
-- Installing: /home/omen/GITHUB/Athos/AthOS/REPO-AthOS/skladnik/package-skladnik/usr/share/locale/eo/LC_MESSAGES/skladnik.mo
-- Installing: /home/omen/GITHUB/Athos/AthOS/REPO-AthOS/skladnik/package-skladnik/usr/share/locale/ga
-- Installing: /home/omen/GITHUB/Athos/AthOS/REPO-AthOS/skladnik/package-skladnik/usr/share/locale/ga/LC_MESSAGES
-- Installing: /home/omen/GITHUB/Athos/AthOS/REPO-AthOS/skladnik/package-skladnik/usr/share/locale/ga/LC_MESSAGES/skladnik.mo
-- Installing: /home/omen/GITHUB/Athos/AthOS/REPO-AthOS/skladnik/package-skladnik/usr/share/locale/ca
-- Installing: /home/omen/GITHUB/Athos/AthOS/REPO-AthOS/skladnik/package-skladnik/usr/share/locale/ca/LC_MESSAGES
-- Installing: /home/omen/GITHUB/Athos/AthOS/REPO-AthOS/skladnik/package-skladnik/usr/share/locale/ca/LC_MESSAGES/skladnik.mo
-- Installing: /home/omen/GITHUB/Athos/AthOS/REPO-AthOS/skladnik/package-skladnik/usr/share/locale/uk
-- Installing: /home/omen/GITHUB/Athos/AthOS/REPO-AthOS/skladnik/package-skladnik/usr/share/locale/uk/LC_MESSAGES
-- Installing: /home/omen/GITHUB/Athos/AthOS/REPO-AthOS/skladnik/package-skladnik/usr/share/locale/uk/LC_MESSAGES/skladnik.mo
-- Installing: /home/omen/GITHUB/Athos/AthOS/REPO-AthOS/skladnik/package-skladnik/usr/share/locale/en_GB
-- Installing: /home/omen/GITHUB/Athos/AthOS/REPO-AthOS/skladnik/package-skladnik/usr/share/locale/en_GB/LC_MESSAGES
-- Installing: /home/omen/GITHUB/Athos/AthOS/REPO-AthOS/skladnik/package-skladnik/usr/share/locale/en_GB/LC_MESSAGES/skladnik.mo
-- Installing: /home/omen/GITHUB/Athos/AthOS/REPO-AthOS/skladnik/package-skladnik/usr/share/locale/zh_CN
-- Installing: /home/omen/GITHUB/Athos/AthOS/REPO-AthOS/skladnik/package-skladnik/usr/share/locale/zh_CN/LC_MESSAGES
-- Installing: /home/omen/GITHUB/Athos/AthOS/REPO-AthOS/skladnik/package-skladnik/usr/share/locale/zh_CN/LC_MESSAGES/skladnik.mo
-- Installing: /home/omen/GITHUB/Athos/AthOS/REPO-AthOS/skladnik/package-skladnik/usr/share/locale/nl
-- Installing: /home/omen/GITHUB/Athos/AthOS/REPO-AthOS/skladnik/package-skladnik/usr/share/locale/nl/LC_MESSAGES
-- Installing: /home/omen/GITHUB/Athos/AthOS/REPO-AthOS/skladnik/package-skladnik/usr/share/locale/nl/LC_MESSAGES/skladnik.mo
-- Installing: /home/omen/GITHUB/Athos/AthOS/REPO-AthOS/skladnik/package-skladnik/usr/share/locale/sa
-- Installing: /home/omen/GITHUB/Athos/AthOS/REPO-AthOS/skladnik/package-skladnik/usr/share/locale/sa/LC_MESSAGES
-- Installing: /home/omen/GITHUB/Athos/AthOS/REPO-AthOS/skladnik/package-skladnik/usr/share/locale/sa/LC_MESSAGES/skladnik.mo
-- Installing: /home/omen/GITHUB/Athos/AthOS/REPO-AthOS/skladnik/package-skladnik/usr/share/locale/fi
-- Installing: /home/omen/GITHUB/Athos/AthOS/REPO-AthOS/skladnik/package-skladnik/usr/share/locale/fi/LC_MESSAGES
-- Installing: /home/omen/GITHUB/Athos/AthOS/REPO-AthOS/skladnik/package-skladnik/usr/share/locale/fi/LC_MESSAGES/skladnik.mo
-- Installing: /home/omen/GITHUB/Athos/AthOS/REPO-AthOS/skladnik/package-skladnik/usr/share/locale/ko
-- Installing: /home/omen/GITHUB/Athos/AthOS/REPO-AthOS/skladnik/package-skladnik/usr/share/locale/ko/LC_MESSAGES
-- Installing: /home/omen/GITHUB/Athos/AthOS/REPO-AthOS/skladnik/package-skladnik/usr/share/locale/ko/LC_MESSAGES/skladnik.mo
-- Installing: /home/omen/GITHUB/Athos/AthOS/REPO-AthOS/skladnik/package-skladnik/usr/share/locale/ru
-- Installing: /home/omen/GITHUB/Athos/AthOS/REPO-AthOS/skladnik/package-skladnik/usr/share/locale/ru/LC_MESSAGES
-- Installing: /home/omen/GITHUB/Athos/AthOS/REPO-AthOS/skladnik/package-skladnik/usr/share/locale/ru/LC_MESSAGES/skladnik.mo
-- Installing: /home/omen/GITHUB/Athos/AthOS/REPO-AthOS/skladnik/package-skladnik/usr/share/locale/ca@valencia
-- Installing: /home/omen/GITHUB/Athos/AthOS/REPO-AthOS/skladnik/package-skladnik/usr/share/locale/ca@valencia/LC_MESSAGES
-- Installing: /home/omen/GITHUB/Athos/AthOS/REPO-AthOS/skladnik/package-skladnik/usr/share/locale/ca@valencia/LC_MESSAGES/skladnik.mo
-- Installing: /home/omen/GITHUB/Athos/AthOS/REPO-AthOS/skladnik/package-skladnik/usr/share/locale/nb
-- Installing: /home/omen/GITHUB/Athos/AthOS/REPO-AthOS/skladnik/package-skladnik/usr/share/locale/nb/LC_MESSAGES
-- Installing: /home/omen/GITHUB/Athos/AthOS/REPO-AthOS/skladnik/package-skladnik/usr/share/locale/nb/LC_MESSAGES/skladnik.mo
-- Installing: /home/omen/GITHUB/Athos/AthOS/REPO-AthOS/skladnik/package-skladnik/usr/share/locale/es
-- Installing: /home/omen/GITHUB/Athos/AthOS/REPO-AthOS/skladnik/package-skladnik/usr/share/locale/es/LC_MESSAGES
-- Installing: /home/omen/GITHUB/Athos/AthOS/REPO-AthOS/skladnik/package-skladnik/usr/share/locale/es/LC_MESSAGES/skladnik.mo
-- Installing: /home/omen/GITHUB/Athos/AthOS/REPO-AthOS/skladnik/package-skladnik/usr/share/locale/eu
-- Installing: /home/omen/GITHUB/Athos/AthOS/REPO-AthOS/skladnik/package-skladnik/usr/share/locale/eu/LC_MESSAGES
-- Installing: /home/omen/GITHUB/Athos/AthOS/REPO-AthOS/skladnik/package-skladnik/usr/share/locale/eu/LC_MESSAGES/skladnik.mo
-- Installing: /home/omen/GITHUB/Athos/AthOS/REPO-AthOS/skladnik/package-skladnik/usr/share/locale/et
-- Installing: /home/omen/GITHUB/Athos/AthOS/REPO-AthOS/skladnik/package-skladnik/usr/share/locale/et/LC_MESSAGES
-- Installing: /home/omen/GITHUB/Athos/AthOS/REPO-AthOS/skladnik/package-skladnik/usr/share/locale/et/LC_MESSAGES/skladnik.mo
-- Installing: /home/omen/GITHUB/Athos/AthOS/REPO-AthOS/skladnik/package-skladnik/usr/share/locale/it
-- Installing: /home/omen/GITHUB/Athos/AthOS/REPO-AthOS/skladnik/package-skladnik/usr/share/locale/it/LC_MESSAGES
-- Installing: /home/omen/GITHUB/Athos/AthOS/REPO-AthOS/skladnik/package-skladnik/usr/share/locale/it/LC_MESSAGES/skladnik.mo
-- Installing: /home/omen/GITHUB/Athos/AthOS/REPO-AthOS/skladnik/package-skladnik/usr/share/locale/ar
-- Installing: /home/omen/GITHUB/Athos/AthOS/REPO-AthOS/skladnik/package-skladnik/usr/share/locale/ar/LC_MESSAGES
-- Installing: /home/omen/GITHUB/Athos/AthOS/REPO-AthOS/skladnik/package-skladnik/usr/share/locale/ar/LC_MESSAGES/skladnik.mo
-- Installing: /home/omen/GITHUB/Athos/AthOS/REPO-AthOS/skladnik/package-skladnik/usr/share/locale/mr
-- Installing: /home/omen/GITHUB/Athos/AthOS/REPO-AthOS/skladnik/package-skladnik/usr/share/locale/mr/LC_MESSAGES
-- Installing: /home/omen/GITHUB/Athos/AthOS/REPO-AthOS/skladnik/package-skladnik/usr/share/locale/mr/LC_MESSAGES/skladnik.mo
-- Installing: /home/omen/GITHUB/Athos/AthOS/REPO-AthOS/skladnik/package-skladnik/usr/share/locale/ug
-- Installing: /home/omen/GITHUB/Athos/AthOS/REPO-AthOS/skladnik/package-skladnik/usr/share/locale/ug/LC_MESSAGES
-- Installing: /home/omen/GITHUB/Athos/AthOS/REPO-AthOS/skladnik/package-skladnik/usr/share/locale/ug/LC_MESSAGES/skladnik.mo
-- Installing: /home/omen/GITHUB/Athos/AthOS/REPO-AthOS/skladnik/package-skladnik/usr/share/locale/sk
-- Installing: /home/omen/GITHUB/Athos/AthOS/REPO-AthOS/skladnik/package-skladnik/usr/share/locale/sk/LC_MESSAGES
-- Installing: /home/omen/GITHUB/Athos/AthOS/REPO-AthOS/skladnik/package-skladnik/usr/share/locale/sk/LC_MESSAGES/skladnik.mo
-- Installing: /home/omen/GITHUB/Athos/AthOS/REPO-AthOS/skladnik/package-skladnik/usr/share/locale/sv
-- Installing: /home/omen/GITHUB/Athos/AthOS/REPO-AthOS/skladnik/package-skladnik/usr/share/locale/sv/LC_MESSAGES
-- Installing: /home/omen/GITHUB/Athos/AthOS/REPO-AthOS/skladnik/package-skladnik/usr/share/locale/sv/LC_MESSAGES/skladnik.mo
[32mThe main part of source code is ready. We are moving on to preparing post install scripts, docs, license, man pages etc..[0m
cp: cannot stat 'ChangeLog*': No such file or directory
cp: cannot stat 'CREDITS': No such file or directory
cp: cannot stat 'LICENSE': No such file or directory
cp: cannot stat 'MAINTAINERS': No such file or directory
cp: cannot stat 'NEWS': No such file or directory
cp: cannot stat 'docs': No such file or directory
cp: cannot stat 'DOCS': No such file or directory
grep: /home/omen/GITHUB/Athos/AthOS/REPO-AthOS/skladnik/skladnik.info: No such file or directory
extra-cmake-modules
kconfig
kconfigwidgets
kcoreaddons
kdoctools
ki18n
kio
kwidgetsaddons
kxmlgui
libkdegames
[32mPackaging compiled for slackware installation...[0m
[32mMAKEPKG_FLAGS is empty or unset, using default[0m

Slackware package maker, version 3.14159265.

Searching for symbolic links:

No symbolic links were found, so we won't make an installation script.
You can make your own later in ./install/doinst.sh and rebuild the
package if you like.

This next step is optional - you can set the directories in your package
to some sane permissions. If any of the directories in your package have
special permissions, then DO NOT reset them here!

Would you like to reset all directory permissions to 755 (drwxr-xr-x) and
directory ownerships to root:root ([y]es, [n]o)? n


Creating Slackware package:  /tmp/skladnik/skladnik-25.04.1-x86_64-1_rtz.tlz

./
install/
install/doinst.sh
install/slack-desc
usr/
usr/bin/
usr/bin/skladnik
usr/doc/
usr/doc/skladnik-25.04.1/
usr/doc/skladnik-25.04.1/AUTHORS
usr/doc/skladnik-25.04.1/COPYING
usr/doc/skladnik-25.04.1/README
usr/doc/skladnik-25.04.1/skladnik.ini
usr/doc/skladnik-25.04.1/slack-required
usr/man/
usr/man/ca/
usr/man/ca/man6/
usr/man/ca/man6/skladnik.6.gz
usr/man/es/
usr/man/es/man6/
usr/man/es/man6/skladnik.6.gz
usr/man/it/
usr/man/it/man6/
usr/man/it/man6/skladnik.6.gz
usr/man/man6/
usr/man/man6/skladnik.6.gz
usr/man/nl/
usr/man/nl/man6/
usr/man/nl/man6/skladnik.6.gz
usr/man/sl/
usr/man/sl/man6/
usr/man/sl/man6/skladnik.6.gz
usr/man/uk/
usr/man/uk/man6/
usr/man/uk/man6/skladnik.6.gz
usr/share/
usr/share/applications/
usr/share/applications/org.kde.skladnik.desktop
usr/share/doc/
usr/share/doc/HTML/
usr/share/doc/HTML/ca/
usr/share/doc/HTML/ca/skladnik/
usr/share/doc/HTML/ca/skladnik/index.cache.bz2
usr/share/doc/HTML/ca/skladnik/index.docbook
usr/share/doc/HTML/en/
usr/share/doc/HTML/en/skladnik/
usr/share/doc/HTML/en/skladnik/index.cache.bz2
usr/share/doc/HTML/en/skladnik/index.docbook
usr/share/doc/HTML/es/
usr/share/doc/HTML/es/skladnik/
usr/share/doc/HTML/es/skladnik/index.cache.bz2
usr/share/doc/HTML/es/skladnik/index.docbook
usr/share/doc/HTML/it/
usr/share/doc/HTML/it/skladnik/
usr/share/doc/HTML/it/skladnik/index.cache.bz2
usr/share/doc/HTML/it/skladnik/index.docbook
usr/share/doc/HTML/nl/
usr/share/doc/HTML/nl/skladnik/
usr/share/doc/HTML/nl/skladnik/index.cache.bz2
usr/share/doc/HTML/nl/skladnik/index.docbook
usr/share/doc/HTML/sl/
usr/share/doc/HTML/sl/skladnik/
usr/share/doc/HTML/sl/skladnik/index.cache.bz2
usr/share/doc/HTML/sl/skladnik/index.docbook
usr/share/doc/HTML/uk/
usr/share/doc/HTML/uk/skladnik/
usr/share/doc/HTML/uk/skladnik/index.cache.bz2
usr/share/doc/HTML/uk/skladnik/index.docbook
usr/share/icons/
usr/share/icons/hicolor/
usr/share/icons/hicolor/128x128/
usr/share/icons/hicolor/128x128/apps/
usr/share/icons/hicolor/128x128/apps/skladnik.png
usr/share/icons/hicolor/16x16/
usr/share/icons/hicolor/16x16/apps/
usr/share/icons/hicolor/16x16/apps/skladnik.png
usr/share/icons/hicolor/22x22/
usr/share/icons/hicolor/22x22/apps/
usr/share/icons/hicolor/22x22/apps/skladnik.png
usr/share/icons/hicolor/32x32/
usr/share/icons/hicolor/32x32/apps/
usr/share/icons/hicolor/32x32/apps/skladnik.png
usr/share/icons/hicolor/48x48/
usr/share/icons/hicolor/48x48/apps/
usr/share/icons/hicolor/48x48/apps/skladnik.png
usr/share/icons/hicolor/64x64/
usr/share/icons/hicolor/64x64/apps/
usr/share/icons/hicolor/64x64/apps/skladnik.png
usr/share/locale/
usr/share/locale/ar/
usr/share/locale/ar/LC_MESSAGES/
usr/share/locale/ar/LC_MESSAGES/skladnik.mo
usr/share/locale/ast/
usr/share/locale/ast/LC_MESSAGES/
usr/share/locale/ast/LC_MESSAGES/skladnik.mo
usr/share/locale/bs/
usr/share/locale/bs/LC_MESSAGES/
usr/share/locale/bs/LC_MESSAGES/skladnik.mo
usr/share/locale/ca/
usr/share/locale/ca/LC_MESSAGES/
usr/share/locale/ca/LC_MESSAGES/skladnik.mo
usr/share/locale/ca@valencia/
usr/share/locale/ca@valencia/LC_MESSAGES/
usr/share/locale/ca@valencia/LC_MESSAGES/skladnik.mo
usr/share/locale/cs/
usr/share/locale/cs/LC_MESSAGES/
usr/share/locale/cs/LC_MESSAGES/skladnik.mo
usr/share/locale/de/
usr/share/locale/de/LC_MESSAGES/
usr/share/locale/de/LC_MESSAGES/skladnik.mo
usr/share/locale/en_GB/
usr/share/locale/en_GB/LC_MESSAGES/
usr/share/locale/en_GB/LC_MESSAGES/skladnik.mo
usr/share/locale/eo/
usr/share/locale/eo/LC_MESSAGES/
usr/share/locale/eo/LC_MESSAGES/skladnik.mo
usr/share/locale/es/
usr/share/locale/es/LC_MESSAGES/
usr/share/locale/es/LC_MESSAGES/skladnik.mo
usr/share/locale/et/
usr/share/locale/et/LC_MESSAGES/
usr/share/locale/et/LC_MESSAGES/skladnik.mo
usr/share/locale/eu/
usr/share/locale/eu/LC_MESSAGES/
usr/share/locale/eu/LC_MESSAGES/skladnik.mo
usr/share/locale/fi/
usr/share/locale/fi/LC_MESSAGES/
usr/share/locale/fi/LC_MESSAGES/skladnik.mo
usr/share/locale/fr/
usr/share/locale/fr/LC_MESSAGES/
usr/share/locale/fr/LC_MESSAGES/skladnik.mo
usr/share/locale/ga/
usr/share/locale/ga/LC_MESSAGES/
usr/share/locale/ga/LC_MESSAGES/skladnik.mo
usr/share/locale/gl/
usr/share/locale/gl/LC_MESSAGES/
usr/share/locale/gl/LC_MESSAGES/skladnik.mo
usr/share/locale/he/
usr/share/locale/he/LC_MESSAGES/
usr/share/locale/he/LC_MESSAGES/skladnik.mo
usr/share/locale/hi/
usr/share/locale/hi/LC_MESSAGES/
usr/share/locale/hi/LC_MESSAGES/skladnik.mo
usr/share/locale/hu/
usr/share/locale/hu/LC_MESSAGES/
usr/share/locale/hu/LC_MESSAGES/skladnik.mo
usr/share/locale/ia/
usr/share/locale/ia/LC_MESSAGES/
usr/share/locale/ia/LC_MESSAGES/skladnik.mo
usr/share/locale/it/
usr/share/locale/it/LC_MESSAGES/
usr/share/locale/it/LC_MESSAGES/skladnik.mo
usr/share/locale/ja/
usr/share/locale/ja/LC_MESSAGES/
usr/share/locale/ja/LC_MESSAGES/skladnik.mo
usr/share/locale/ka/
usr/share/locale/ka/LC_MESSAGES/
usr/share/locale/ka/LC_MESSAGES/skladnik.mo
usr/share/locale/ko/
usr/share/locale/ko/LC_MESSAGES/
usr/share/locale/ko/LC_MESSAGES/skladnik.mo
usr/share/locale/lt/
usr/share/locale/lt/LC_MESSAGES/
usr/share/locale/lt/LC_MESSAGES/skladnik.mo
usr/share/locale/mr/
usr/share/locale/mr/LC_MESSAGES/
usr/share/locale/mr/LC_MESSAGES/skladnik.mo
usr/share/locale/nb/
usr/share/locale/nb/LC_MESSAGES/
usr/share/locale/nb/LC_MESSAGES/skladnik.mo
usr/share/locale/nl/
usr/share/locale/nl/LC_MESSAGES/
usr/share/locale/nl/LC_MESSAGES/skladnik.mo
usr/share/locale/nn/
usr/share/locale/nn/LC_MESSAGES/
usr/share/locale/nn/LC_MESSAGES/skladnik.mo
usr/share/locale/pl/
usr/share/locale/pl/LC_MESSAGES/
usr/share/locale/pl/LC_MESSAGES/skladnik.mo
usr/share/locale/pt/
usr/share/locale/pt/LC_MESSAGES/
usr/share/locale/pt/LC_MESSAGES/skladnik.mo
usr/share/locale/pt_BR/
usr/share/locale/pt_BR/LC_MESSAGES/
usr/share/locale/pt_BR/LC_MESSAGES/skladnik.mo
usr/share/locale/ru/
usr/share/locale/ru/LC_MESSAGES/
usr/share/locale/ru/LC_MESSAGES/skladnik.mo
usr/share/locale/sa/
usr/share/locale/sa/LC_MESSAGES/
usr/share/locale/sa/LC_MESSAGES/skladnik.mo
usr/share/locale/sk/
usr/share/locale/sk/LC_MESSAGES/
usr/share/locale/sk/LC_MESSAGES/skladnik.mo
usr/share/locale/sl/
usr/share/locale/sl/LC_MESSAGES/
usr/share/locale/sl/LC_MESSAGES/skladnik.mo
usr/share/locale/sv/
usr/share/locale/sv/LC_MESSAGES/
usr/share/locale/sv/LC_MESSAGES/skladnik.mo
usr/share/locale/tr/
usr/share/locale/tr/LC_MESSAGES/
usr/share/locale/tr/LC_MESSAGES/skladnik.mo
usr/share/locale/ug/
usr/share/locale/ug/LC_MESSAGES/
usr/share/locale/ug/LC_MESSAGES/skladnik.mo
usr/share/locale/uk/
usr/share/locale/uk/LC_MESSAGES/
usr/share/locale/uk/LC_MESSAGES/skladnik.mo
usr/share/locale/zh_CN/
usr/share/locale/zh_CN/LC_MESSAGES/
usr/share/locale/zh_CN/LC_MESSAGES/skladnik.mo
usr/share/locale/zh_TW/
usr/share/locale/zh_TW/LC_MESSAGES/
usr/share/locale/zh_TW/LC_MESSAGES/skladnik.mo
usr/share/metainfo/
usr/share/metainfo/org.kde.skladnik.metainfo.xml
usr/share/skladnik/
usr/share/skladnik/themes/
usr/share/skladnik/themes/skladnik_classic.desktop
usr/share/skladnik/themes/skladnik_classic.svg
usr/share/skladnik/themes/skladnik_classic_goal.png
usr/share/skladnik/themes/skladnik_classic_halfstone_1.png
usr/share/skladnik/themes/skladnik_classic_halfstone_2.png
usr/share/skladnik/themes/skladnik_classic_halfstone_3.png
usr/share/skladnik/themes/skladnik_classic_halfstone_4.png
usr/share/skladnik/themes/skladnik_classic_man.png
usr/share/skladnik/themes/skladnik_classic_object.png
usr/share/skladnik/themes/skladnik_classic_saveman.png
usr/share/skladnik/themes/skladnik_classic_starfield.png
usr/share/skladnik/themes/skladnik_classic_stone_1.png
usr/share/skladnik/themes/skladnik_classic_stone_2.png
usr/share/skladnik/themes/skladnik_classic_stone_3.png
usr/share/skladnik/themes/skladnik_classic_stone_4.png
usr/share/skladnik/themes/skladnik_classic_stone_5.png
usr/share/skladnik/themes/skladnik_classic_stone_6.png
usr/share/skladnik/themes/skladnik_classic_treasure.png

Slackware package /tmp/skladnik/skladnik-25.04.1-x86_64-1_rtz.tlz created.

Create shared object file for skladnik-25.04.1-x86_64-1_rtz.tlz
Creating /tmp/skladnik/skladnik-25.04.1-x86_64-1_rtz.tlz.so.file using /tmp/skladnik/skladnik-25.04.1-x86_64-1_rtz.tlz
Successfully created /tmp/skladnik/skladnik-25.04.1-x86_64-1_rtz.tlz.so.file
Packaging of executable and meta-data in skladnik.tar.lz4 format.
/tmp/skladnik /tmp/skladnik
/tmp/skladnik
BIN_NAME
README
makepkg-skladnik.log
skladnik-25.04.1-x86_64-1_rtz.tlz
skladnik-25.04.1-x86_64-1_rtz.tlz.md5
skladnik-25.04.1-x86_64-1_rtz.tlz.so.file
skladnik-25.04.1-x86_64-1_rtz.tlz.txt
skladnik.dep
[32mskladnik build finished. Procced to installation...[0m

+=======================================================================================================+
| Upgrading skladnik-25.04.1-x86_64-1_rtz package using /tmp/skladnik/skladnik-25.04.1-x86_64-1_rtz.tlz |
+=======================================================================================================+

Pre-installing package skladnik-25.04.1-x86_64-1_rtz...
Removing package: skladnik-25.04.1-x86_64-1_rtz-upgraded-2025-05-28,22:29:20
Installing package skladnik-25.04.1-x86_64-1_rtz.tlz:
PACKAGE DESCRIPTION:
# skladnik (game 'sokoba')
#
# An implementation of the Japanese warehouse keeper game 'sokoba'
#
# https://apps.kde.org/skladnik
Executing install script for skladnik-25.04.1-x86_64-1_rtz.tlz.
Font directories:
	/usr/share/fonts
/usr/share/fonts: caching, new cache contents: 0 fonts, 11 dirs
/usr/share/fonts/100dpi: caching, new cache contents: 238 fonts, 0 dirs
/usr/share/fonts/75dpi: caching, new cache contents: 238 fonts, 0 dirs
/usr/share/fonts/OTF: caching, new cache contents: 124 fonts, 0 dirs
/usr/share/fonts/Speedo: caching, new cache contents: 0 fonts, 0 dirs
/usr/share/fonts/TTF: caching, new cache contents: 1132 fonts, 0 dirs
/usr/share/fonts/Type1: caching, new cache contents: 64 fonts, 0 dirs
/usr/share/fonts/cyrillic: caching, new cache contents: 0 fonts, 0 dirs
/usr/share/fonts/encodings: caching, new cache contents: 0 fonts, 1 dirs
/usr/share/fonts/encodings/large: caching, new cache contents: 0 fonts, 0 dirs
/usr/share/fonts/kanjistrokeorders: caching, new cache contents: 1 fonts, 0 dirs
/usr/share/fonts/misc: caching, new cache contents: 143 fonts, 0 dirs
/usr/share/fonts/util: caching, new cache contents: 0 fonts, 0 dirs
/var/cache/fontconfig: cleaning cache directory
/root/.cache/fontconfig: not cleaning non-existent cache directory
/root/.fontconfig: not cleaning non-existent cache directory
/usr/bin/fc-cache: succeeded
Package skladnik-25.04.1-x86_64-1_rtz.tlz installed.
Package skladnik-25.04.1-x86_64-1_rtz upgraded with new package /tmp/skladnik/skladnik-25.04.1-x86_64-1_rtz.tlz.
[32mCleaning environmet: Removing source code, and work-space...[0m
rm: cannot remove 'skladnik-25.04.1.tar.xz': No such file or directory
