[32mStarting build process...[0m
Detected architecture: x86_64
Required dependencies: doxygen	extra-cmake-modules	kcoreaddons	ki18n	kio
doxygen is already installed!
extra-cmake-modules is already installed!
kcoreaddons is already installed!
ki18n is already installed!
kio is already installed!
No optional dependencies found.
Downloading source code tar.xz file
--2025-05-21 14:10:30--  https://download.kde.org/stable/frameworks/6.14/kdav-6.14.0.tar.xz
Resolving download.kde.org (download.kde.org)... 49.12.122.15, 2a01:4f8:242:53eb::4
Connecting to download.kde.org (download.kde.org)|49.12.122.15|:443... connected.
HTTP request sent, awaiting response... 302 Found
Location: https://ftp.cc.uoc.gr/mirrors/kde/stable/frameworks/6.14/kdav-6.14.0.tar.xz [following]
--2025-05-21 14:10:31--  https://ftp.cc.uoc.gr/mirrors/kde/stable/frameworks/6.14/kdav-6.14.0.tar.xz
Resolving ftp.cc.uoc.gr (ftp.cc.uoc.gr)... 147.52.159.50, 2001:648:2c00:6c08::2
Connecting to ftp.cc.uoc.gr (ftp.cc.uoc.gr)|147.52.159.50|:443... connected.
HTTP request sent, awaiting response... 200 OK
Length: 69344 (68K) [application/octet-stream]
Saving to: ‘kdav-6.14.0.tar.xz’

     0K .......... .......... .......... .......... .......... 73% 1.23M 0s
    50K .......... .......                                    100%  257M=0.04s

2025-05-21 14:10:31 (1.67 MB/s) - ‘kdav-6.14.0.tar.xz’ saved [69344/69344]

Found file: kdav-6.14.0.tar.xz
No checksum provided. Skipping checksum verification and proceeding...
Creating working directories and exporting source code in...
kdav-6.14.0/
kdav-6.14.0/.gitignore
kdav-6.14.0/.gitlab-ci.yml
kdav-6.14.0/.kde-ci.yml
kdav-6.14.0/CMakeLists.txt
kdav-6.14.0/KF6DAVConfig.cmake.in
kdav-6.14.0/LICENSES/
kdav-6.14.0/LICENSES/CC0-1.0.txt
kdav-6.14.0/LICENSES/GPL-2.0-or-later.txt
kdav-6.14.0/LICENSES/LGPL-2.0-or-later.txt
kdav-6.14.0/README.md
kdav-6.14.0/autotests/
kdav-6.14.0/autotests/CMakeLists.txt
kdav-6.14.0/autotests/data/
kdav-6.14.0/autotests/data/dataitemfetchjob.txt
kdav-6.14.0/autotests/data/dataitemmultifetchjob-caldav-collections.txt
kdav-6.14.0/autotests/data/dataitemmultifetchjob-caldav.txt
kdav-6.14.0/autotests/data/dataitemmultifetchjob-carddav-collections.txt
kdav-6.14.0/autotests/data/dataitemmultifetchjob-carddav.txt
kdav-6.14.0/autotests/data/dataitemmultifetchjob-error.txt
kdav-6.14.0/autotests/davcollectionsmultifetchjobtest.cpp
kdav-6.14.0/autotests/davcollectionsmultifetchjobtest.h
kdav-6.14.0/autotests/davcollectiontest.cpp
kdav-6.14.0/autotests/davcollectiontest.h
kdav-6.14.0/autotests/davitemfetchjobtest.cpp
kdav-6.14.0/autotests/davitemfetchjobtest.h
kdav-6.14.0/autotests/davitemslistjobtest.cpp
kdav-6.14.0/autotests/davitemslistjobtest.h
kdav-6.14.0/autotests/davitemtest.cpp
kdav-6.14.0/autotests/davitemtest.h
kdav-6.14.0/autotests/davurltest.cpp
kdav-6.14.0/autotests/davurltest.h
kdav-6.14.0/autotests/fakeserver.cpp
kdav-6.14.0/autotests/fakeserver.h
kdav-6.14.0/metainfo.yaml
kdav-6.14.0/po/
kdav-6.14.0/po/ar/
kdav-6.14.0/po/ar/libkdav6.po
kdav-6.14.0/po/ast/
kdav-6.14.0/po/ast/libkdav6.po
kdav-6.14.0/po/az/
kdav-6.14.0/po/az/libkdav6.po
kdav-6.14.0/po/bg/
kdav-6.14.0/po/bg/libkdav6.po
kdav-6.14.0/po/ca/
kdav-6.14.0/po/ca/libkdav6.po
kdav-6.14.0/po/ca@valencia/
kdav-6.14.0/po/ca@valencia/libkdav6.po
kdav-6.14.0/po/cs/
kdav-6.14.0/po/cs/libkdav6.po
kdav-6.14.0/po/de/
kdav-6.14.0/po/de/libkdav6.po
kdav-6.14.0/po/el/
kdav-6.14.0/po/el/libkdav6.po
kdav-6.14.0/po/en_GB/
kdav-6.14.0/po/en_GB/libkdav6.po
kdav-6.14.0/po/eo/
kdav-6.14.0/po/eo/libkdav6.po
kdav-6.14.0/po/es/
kdav-6.14.0/po/es/libkdav6.po
kdav-6.14.0/po/et/
kdav-6.14.0/po/et/libkdav6.po
kdav-6.14.0/po/eu/
kdav-6.14.0/po/eu/libkdav6.po
kdav-6.14.0/po/fi/
kdav-6.14.0/po/fi/libkdav6.po
kdav-6.14.0/po/fr/
kdav-6.14.0/po/fr/libkdav6.po
kdav-6.14.0/po/gl/
kdav-6.14.0/po/gl/libkdav6.po
kdav-6.14.0/po/he/
kdav-6.14.0/po/he/libkdav6.po
kdav-6.14.0/po/hi/
kdav-6.14.0/po/hi/libkdav6.po
kdav-6.14.0/po/hu/
kdav-6.14.0/po/hu/libkdav6.po
kdav-6.14.0/po/ia/
kdav-6.14.0/po/ia/libkdav6.po
kdav-6.14.0/po/it/
kdav-6.14.0/po/it/libkdav6.po
kdav-6.14.0/po/ja/
kdav-6.14.0/po/ja/libkdav6.po
kdav-6.14.0/po/ka/
kdav-6.14.0/po/ka/libkdav6.po
kdav-6.14.0/po/ko/
kdav-6.14.0/po/ko/libkdav6.po
kdav-6.14.0/po/lt/
kdav-6.14.0/po/lt/libkdav6.po
kdav-6.14.0/po/lv/
kdav-6.14.0/po/lv/libkdav6.po
kdav-6.14.0/po/nb/
kdav-6.14.0/po/nb/libkdav6.po
kdav-6.14.0/po/nl/
kdav-6.14.0/po/nl/libkdav6.po
kdav-6.14.0/po/nn/
kdav-6.14.0/po/nn/libkdav6.po
kdav-6.14.0/po/pl/
kdav-6.14.0/po/pl/libkdav6.po
kdav-6.14.0/po/pt/
kdav-6.14.0/po/pt/libkdav6.po
kdav-6.14.0/po/pt_BR/
kdav-6.14.0/po/pt_BR/libkdav6.po
kdav-6.14.0/po/ro/
kdav-6.14.0/po/ro/libkdav6.po
kdav-6.14.0/po/ru/
kdav-6.14.0/po/ru/libkdav6.po
kdav-6.14.0/po/sa/
kdav-6.14.0/po/sa/libkdav6.po
kdav-6.14.0/po/sk/
kdav-6.14.0/po/sk/libkdav6.po
kdav-6.14.0/po/sl/
kdav-6.14.0/po/sl/libkdav6.po
kdav-6.14.0/po/sr/
kdav-6.14.0/po/sr/libkdav6.po
kdav-6.14.0/po/sr@ijekavian/
kdav-6.14.0/po/sr@ijekavian/libkdav6.po
kdav-6.14.0/po/sr@ijekavianlatin/
kdav-6.14.0/po/sr@ijekavianlatin/libkdav6.po
kdav-6.14.0/po/sr@latin/
kdav-6.14.0/po/sr@latin/libkdav6.po
kdav-6.14.0/po/sv/
kdav-6.14.0/po/sv/libkdav6.po
kdav-6.14.0/po/ta/
kdav-6.14.0/po/ta/libkdav6.po
kdav-6.14.0/po/tr/
kdav-6.14.0/po/tr/libkdav6.po
kdav-6.14.0/po/uk/
kdav-6.14.0/po/uk/libkdav6.po
kdav-6.14.0/po/zh_CN/
kdav-6.14.0/po/zh_CN/libkdav6.po
kdav-6.14.0/po/zh_TW/
kdav-6.14.0/po/zh_TW/libkdav6.po
kdav-6.14.0/src/
kdav-6.14.0/src/CMakeLists.txt
kdav-6.14.0/src/Messages.sh
kdav-6.14.0/src/common/
kdav-6.14.0/src/common/davcollection.cpp
kdav-6.14.0/src/common/davcollection.h
kdav-6.14.0/src/common/davcollectiondeletejob.cpp
kdav-6.14.0/src/common/davcollectiondeletejob.h
kdav-6.14.0/src/common/davcollectionmodifyjob.cpp
kdav-6.14.0/src/common/davcollectionmodifyjob.h
kdav-6.14.0/src/common/davcollectionsfetchjob.cpp
kdav-6.14.0/src/common/davcollectionsfetchjob.h
kdav-6.14.0/src/common/davcollectionsmultifetchjob.cpp
kdav-6.14.0/src/common/davcollectionsmultifetchjob.h
kdav-6.14.0/src/common/daverror.cpp
kdav-6.14.0/src/common/daverror.h
kdav-6.14.0/src/common/davitem.cpp
kdav-6.14.0/src/common/davitem.h
kdav-6.14.0/src/common/davitemcreatejob.cpp
kdav-6.14.0/src/common/davitemcreatejob.h
kdav-6.14.0/src/common/davitemdeletejob.cpp
kdav-6.14.0/src/common/davitemdeletejob.h
kdav-6.14.0/src/common/davitemfetchjob.cpp
kdav-6.14.0/src/common/davitemfetchjob.h
kdav-6.14.0/src/common/davitemmodifyjob.cpp
kdav-6.14.0/src/common/davitemmodifyjob.h
kdav-6.14.0/src/common/davitemsfetchjob.cpp
kdav-6.14.0/src/common/davitemsfetchjob.h
kdav-6.14.0/src/common/davitemslistjob.cpp
kdav-6.14.0/src/common/davitemslistjob.h
kdav-6.14.0/src/common/davjobbase.cpp
kdav-6.14.0/src/common/davjobbase.h
kdav-6.14.0/src/common/davjobbase_p.h
kdav-6.14.0/src/common/davmanager.cpp
kdav-6.14.0/src/common/davmanager_p.h
kdav-6.14.0/src/common/davmultigetprotocol.cpp
kdav-6.14.0/src/common/davmultigetprotocol_p.h
kdav-6.14.0/src/common/davprincipalhomesetsfetchjob.cpp
kdav-6.14.0/src/common/davprincipalhomesetsfetchjob.h
kdav-6.14.0/src/common/davprincipalsearchjob.cpp
kdav-6.14.0/src/common/davprincipalsearchjob.h
kdav-6.14.0/src/common/davprotocolbase.cpp
kdav-6.14.0/src/common/davprotocolbase_p.h
kdav-6.14.0/src/common/davurl.cpp
kdav-6.14.0/src/common/davurl.h
kdav-6.14.0/src/common/enums.h
kdav-6.14.0/src/common/etagcache.cpp
kdav-6.14.0/src/common/etagcache.h
kdav-6.14.0/src/common/protocolinfo.cpp
kdav-6.14.0/src/common/protocolinfo.h
kdav-6.14.0/src/common/utils.cpp
kdav-6.14.0/src/common/utils_p.h
kdav-6.14.0/src/protocols/
kdav-6.14.0/src/protocols/caldavprotocol.cpp
kdav-6.14.0/src/protocols/caldavprotocol_p.h
kdav-6.14.0/src/protocols/carddavprotocol.cpp
kdav-6.14.0/src/protocols/carddavprotocol_p.h
kdav-6.14.0/src/protocols/groupdavprotocol.cpp
kdav-6.14.0/src/protocols/groupdavprotocol_p.h
kdav-6.14.0/test/
kdav-6.14.0/test/CMakeLists.txt
kdav-6.14.0/test/testserver.cpp
/home/omen/GITHUB/Athos/AthOS/REPO-AthOS/kdav/work
README or README.md already exists, skipping creation.
hm...lets continue and see what happens
-- The C compiler identification is GNU 14.2.0
-- The CXX compiler identification is GNU 14.2.0
-- Detecting C compiler ABI info
-- Detecting C compiler ABI info - done
-- Check for working C compiler: /usr/bin/cc - skipped
-- Detecting C compile features
-- Detecting C compile features - done
-- Detecting CXX compiler ABI info
-- Detecting CXX compiler ABI info - done
-- Check for working CXX compiler: /usr/bin/c++ - skipped
-- Detecting CXX compile features
-- Detecting CXX compile features - done
-- Installing in the same prefix as Qt, adopting their path scheme.
-- Performing Test HAVE_STDATOMIC
-- Performing Test HAVE_STDATOMIC - Success
-- Found WrapAtomic: TRUE
-- Looking for __GLIBC__
-- Looking for __GLIBC__ - found
-- Performing Test _OFFT_IS_64BIT
-- Performing Test _OFFT_IS_64BIT - Success
-- Performing Test HAVE_DATE_TIME
-- Performing Test HAVE_DATE_TIME - Success
-- Performing Test BSYMBOLICFUNCTIONS_AVAILABLE
-- Performing Test BSYMBOLICFUNCTIONS_AVAILABLE - Success
-- Found OpenGL: /usr/lib64/libOpenGL.so
-- Found WrapOpenGL: TRUE
-- Found XKB: /usr/lib64/libxkbcommon.so (found suitable version "1.9.2", minimum required is "0.5.0")
-- Found WrapVulkanHeaders: /usr/include
-- Found KF6CoreAddons: /usr/lib64/cmake/KF6CoreAddons/KF6CoreAddonsConfig.cmake (found version "6.14.0")
-- Found X11: /usr/include
-- Looking for XOpenDisplay in /usr/lib64/libX11.so;/usr/lib64/libXext.so
-- Looking for XOpenDisplay in /usr/lib64/libX11.so;/usr/lib64/libXext.so - found
-- Looking for gethostbyname
-- Looking for gethostbyname - found
-- Looking for connect
-- Looking for connect - found
-- Looking for remove
-- Looking for remove - found
-- Looking for shmat
-- Looking for shmat - found
-- Looking for IceConnectionNumber in ICE
-- Looking for IceConnectionNumber in ICE - found
-- Found KF6KIO: /usr/lib64/cmake/KF6KIO/KF6KIOConfig.cmake (found version "6.14.0")
-- Found Gettext: /usr/bin/msgmerge (found version "0.25")
-- Found KF6I18n: /usr/lib64/cmake/KF6I18n/KF6I18nConfig.cmake (found version "6.14.0")
-- Found KF6: success (found suitable version "6.14.0", minimum required is "6.14.0") found components: CoreAddons KIO I18n
-- Performing Test COMPILER_HAS_HIDDEN_VISIBILITY
-- Performing Test COMPILER_HAS_HIDDEN_VISIBILITY - Success
-- Performing Test COMPILER_HAS_HIDDEN_INLINE_VISIBILITY
-- Performing Test COMPILER_HAS_HIDDEN_INLINE_VISIBILITY - Success
-- Performing Test COMPILER_HAS_DEPRECATED_ATTR
-- Performing Test COMPILER_HAS_DEPRECATED_ATTR - Success
-- Found Doxygen: /usr/bin/doxygen (found suitable version "1.13.2", minimum required is "1.8.13") found components: doxygen dot
-- No such target Qt6Gui_QCH defined when calling ecm_add_qch(), ignored.
-- No such target Qt6Core_QCH defined when calling ecm_add_qch(), ignored.


Configuration file '/home/omen/GITHUB/Athos/AthOS/REPO-AthOS/kdav/work/kdav-6.14.0/build/src/KF6DAV_ECMQchDoxygen.config' updated.

-- The following features have been enabled:

 * QCH, API documentation in QCH format (for e.g. Qt Assistant, Qt Creator & KDevelop)

-- The following OPTIONAL packages have been found:

 * OpenGL
 * Qt6Test (required version >= 6.7.0)
 * Qt6DBusTools (required version >= 6.8.3)
 * Qt6QmlTools (required version >= 6.8.3)
 * Qt6WidgetsTools (required version >= 6.8.3)
 * XKB (required version >= 0.5.0), XKB API common to servers and clients., <http://xkbcommon.org>
 * WrapVulkanHeaders
 * Qt6GuiTools (required version >= 6.8.3)
 * Qt6Gui (required version >= 6.7.0)

-- The following REQUIRED packages have been found:

 * ECM (required version >= 6.14.0)
 * KF6CoreAddons (required version >= 6.14.0)
 * KF6KIO (required version >= 6.14.0)
 * Gettext
 * KF6I18n (required version >= 6.14.0)
 * KF6 (required version >= 6.14.0)
 * Doxygen (required version >= 1.8.13)
   Needed for API dox QCH file generation
 * Qt6ToolsTools, qhelpgenerator from Qt6 tools
   Needed for API dox QCH file generation
 * Qt6

-- Configuring done (1.7s)
-- Generating done (0.0s)
-- Build files have been written to: /home/omen/GITHUB/Athos/AthOS/REPO-AthOS/kdav/work/kdav-6.14.0/build
[1/65] Generating ts...
[2/65] Generating mo...
[3/65] Generating src/KF6DAV.qch, src/KF6DAV.tags
error: When enabling GENERATE_QHP the TAGFILES option should be empty. I'll adjust it for you.
Building up file structure...
Insert custom filters...
Insert help data for filter section (1 of 1)...
Insert files...
Insert contents...
Insert indices...
Documentation successfully generated.
[4/65] Automatic MOC for target KF6DAV
[5/65] Building CXX object src/CMakeFiles/KF6DAV.dir/KF6DAV_autogen/mocs_compilation.cpp.o
[6/65] Building CXX object src/CMakeFiles/KF6DAV.dir/common/davurl.cpp.o
[7/65] Building CXX object src/CMakeFiles/KF6DAV.dir/common/davitem.cpp.o
[8/65] Building CXX object src/CMakeFiles/KF6DAV.dir/common/davcollection.cpp.o
[9/65] Building CXX object src/CMakeFiles/KF6DAV.dir/common/davmultigetprotocol.cpp.o
[10/65] Building CXX object src/CMakeFiles/KF6DAV.dir/common/utils.cpp.o
[11/65] Building CXX object src/CMakeFiles/KF6DAV.dir/common/davitemdeletejob.cpp.o
[12/65] Building CXX object src/CMakeFiles/KF6DAV.dir/common/davmanager.cpp.o
[13/65] Building CXX object src/CMakeFiles/KF6DAV.dir/common/protocolinfo.cpp.o
[14/65] Building CXX object src/CMakeFiles/KF6DAV.dir/common/davjobbase.cpp.o
[15/65] Building CXX object src/CMakeFiles/KF6DAV.dir/common/davcollectionsmultifetchjob.cpp.o
[16/65] Building CXX object src/CMakeFiles/KF6DAV.dir/common/davcollectionmodifyjob.cpp.o
[17/65] Building CXX object src/CMakeFiles/KF6DAV.dir/common/davprotocolbase.cpp.o
[18/65] Building CXX object src/CMakeFiles/KF6DAV.dir/common/davitemfetchjob.cpp.o
[19/65] Building CXX object src/CMakeFiles/KF6DAV.dir/common/daverror.cpp.o
[20/65] Building CXX object src/CMakeFiles/KF6DAV.dir/common/davcollectiondeletejob.cpp.o
[21/65] Building CXX object src/CMakeFiles/KF6DAV.dir/common/davprincipalsearchjob.cpp.o
[22/65] Building CXX object src/CMakeFiles/KF6DAV.dir/common/davitemsfetchjob.cpp.o
[23/65] Building CXX object src/CMakeFiles/KF6DAV.dir/common/davitemmodifyjob.cpp.o
[24/65] Building CXX object src/CMakeFiles/KF6DAV.dir/common/davitemcreatejob.cpp.o
[25/65] Building CXX object src/CMakeFiles/KF6DAV.dir/common/davprincipalhomesetsfetchjob.cpp.o
[26/65] Building CXX object src/CMakeFiles/KF6DAV.dir/common/davitemslistjob.cpp.o
[27/65] Building CXX object src/CMakeFiles/KF6DAV.dir/common/davcollectionsfetchjob.cpp.o
[28/65] Building CXX object src/CMakeFiles/KF6DAV.dir/common/etagcache.cpp.o
[29/65] Building CXX object src/CMakeFiles/KF6DAV.dir/protocols/groupdavprotocol.cpp.o
[30/65] Building CXX object src/CMakeFiles/KF6DAV.dir/protocols/carddavprotocol.cpp.o
[31/65] Building CXX object src/CMakeFiles/KF6DAV.dir/libkdav_debug.cpp.o
[32/65] Building CXX object src/CMakeFiles/KF6DAV.dir/protocols/caldavprotocol.cpp.o
[33/65] Linking CXX shared library bin/libKF6DAV.so.6.14.0
[34/65] Creating library symlink bin/libKF6DAV.so.6 bin/libKF6DAV.so
[35/65] Automatic MOC for target testserver
[36/65] Building CXX object test/CMakeFiles/testserver.dir/testserver_autogen/mocs_compilation.cpp.o
[37/65] Automatic MOC for target davurl
[38/65] Building CXX object autotests/CMakeFiles/davurl.dir/davurl_autogen/mocs_compilation.cpp.o
[39/65] Automatic MOC for target davitem
[40/65] Automatic MOC for target davcollectionsmultifetchjobtest
[41/65] Building CXX object autotests/CMakeFiles/davitem.dir/davitem_autogen/mocs_compilation.cpp.o
[42/65] Building CXX object autotests/CMakeFiles/davcollectionsmultifetchjobtest.dir/davcollectionsmultifetchjobtest_autogen/mocs_compilation.cpp.o
[43/65] Automatic MOC for target davitemslistjob
[44/65] Building CXX object autotests/CMakeFiles/davitemslistjob.dir/davitemslistjob_autogen/mocs_compilation.cpp.o
[45/65] Automatic MOC for target davitemfetchjob
[46/65] Automatic MOC for target davcollection
[47/65] Building CXX object autotests/CMakeFiles/davitemfetchjob.dir/davitemfetchjob_autogen/mocs_compilation.cpp.o
[48/65] Building CXX object autotests/CMakeFiles/davcollection.dir/davcollection_autogen/mocs_compilation.cpp.o
[49/65] Building CXX object test/CMakeFiles/testserver.dir/testserver.cpp.o
[50/65] Linking CXX executable bin/testserver
[51/65] Building CXX object autotests/CMakeFiles/davitem.dir/davitemtest.cpp.o
[52/65] Linking CXX executable bin/davitem
[53/65] Building CXX object autotests/CMakeFiles/davcollectionsmultifetchjobtest.dir/davcollectionsmultifetchjobtest.cpp.o
[54/65] Building CXX object autotests/CMakeFiles/davitemslistjob.dir/davitemslistjobtest.cpp.o
[55/65] Building CXX object autotests/CMakeFiles/davcollection.dir/davcollectiontest.cpp.o
[56/65] Linking CXX executable bin/davcollection
[57/65] Building CXX object autotests/CMakeFiles/davitemfetchjob.dir/davitemfetchjobtest.cpp.o
[58/65] Building CXX object autotests/CMakeFiles/davitemslistjob.dir/fakeserver.cpp.o
[59/65] Building CXX object autotests/CMakeFiles/davitemfetchjob.dir/fakeserver.cpp.o
[60/65] Linking CXX executable bin/davitemslistjob
[61/65] Building CXX object autotests/CMakeFiles/davurl.dir/davurltest.cpp.o
[62/65] Linking CXX executable bin/davitemfetchjob
[63/65] Linking CXX executable bin/davurl
[64/65] Building CXX object autotests/CMakeFiles/davcollectionsmultifetchjobtest.dir/fakeserver.cpp.o
[65/65] Linking CXX executable bin/davcollectionsmultifetchjobtest
-- Install configuration: "RelWithDebInfo"
-- Installing: /home/omen/GITHUB/Athos/AthOS/REPO-AthOS/kdav/package-kdav/usr/share/locale
-- Installing: /home/omen/GITHUB/Athos/AthOS/REPO-AthOS/kdav/package-kdav/usr/share/locale/cs
-- Installing: /home/omen/GITHUB/Athos/AthOS/REPO-AthOS/kdav/package-kdav/usr/share/locale/cs/LC_MESSAGES
-- Installing: /home/omen/GITHUB/Athos/AthOS/REPO-AthOS/kdav/package-kdav/usr/share/locale/cs/LC_MESSAGES/libkdav6.mo
-- Installing: /home/omen/GITHUB/Athos/AthOS/REPO-AthOS/kdav/package-kdav/usr/share/locale/ja
-- Installing: /home/omen/GITHUB/Athos/AthOS/REPO-AthOS/kdav/package-kdav/usr/share/locale/ja/LC_MESSAGES
-- Installing: /home/omen/GITHUB/Athos/AthOS/REPO-AthOS/kdav/package-kdav/usr/share/locale/ja/LC_MESSAGES/libkdav6.mo
-- Installing: /home/omen/GITHUB/Athos/AthOS/REPO-AthOS/kdav/package-kdav/usr/share/locale/sr@ijekavian
-- Installing: /home/omen/GITHUB/Athos/AthOS/REPO-AthOS/kdav/package-kdav/usr/share/locale/sr@ijekavian/LC_MESSAGES
-- Installing: /home/omen/GITHUB/Athos/AthOS/REPO-AthOS/kdav/package-kdav/usr/share/locale/sr@ijekavian/LC_MESSAGES/libkdav6.mo
-- Installing: /home/omen/GITHUB/Athos/AthOS/REPO-AthOS/kdav/package-kdav/usr/share/locale/de
-- Installing: /home/omen/GITHUB/Athos/AthOS/REPO-AthOS/kdav/package-kdav/usr/share/locale/de/LC_MESSAGES
-- Installing: /home/omen/GITHUB/Athos/AthOS/REPO-AthOS/kdav/package-kdav/usr/share/locale/de/LC_MESSAGES/libkdav6.mo
-- Installing: /home/omen/GITHUB/Athos/AthOS/REPO-AthOS/kdav/package-kdav/usr/share/locale/el
-- Installing: /home/omen/GITHUB/Athos/AthOS/REPO-AthOS/kdav/package-kdav/usr/share/locale/el/LC_MESSAGES
-- Installing: /home/omen/GITHUB/Athos/AthOS/REPO-AthOS/kdav/package-kdav/usr/share/locale/el/LC_MESSAGES/libkdav6.mo
-- Installing: /home/omen/GITHUB/Athos/AthOS/REPO-AthOS/kdav/package-kdav/usr/share/locale/nn
-- Installing: /home/omen/GITHUB/Athos/AthOS/REPO-AthOS/kdav/package-kdav/usr/share/locale/nn/LC_MESSAGES
-- Installing: /home/omen/GITHUB/Athos/AthOS/REPO-AthOS/kdav/package-kdav/usr/share/locale/nn/LC_MESSAGES/libkdav6.mo
-- Installing: /home/omen/GITHUB/Athos/AthOS/REPO-AthOS/kdav/package-kdav/usr/share/locale/sr
-- Installing: /home/omen/GITHUB/Athos/AthOS/REPO-AthOS/kdav/package-kdav/usr/share/locale/sr/LC_MESSAGES
-- Installing: /home/omen/GITHUB/Athos/AthOS/REPO-AthOS/kdav/package-kdav/usr/share/locale/sr/LC_MESSAGES/libkdav6.mo
-- Installing: /home/omen/GITHUB/Athos/AthOS/REPO-AthOS/kdav/package-kdav/usr/share/locale/hi
-- Installing: /home/omen/GITHUB/Athos/AthOS/REPO-AthOS/kdav/package-kdav/usr/share/locale/hi/LC_MESSAGES
-- Installing: /home/omen/GITHUB/Athos/AthOS/REPO-AthOS/kdav/package-kdav/usr/share/locale/hi/LC_MESSAGES/libkdav6.mo
-- Installing: /home/omen/GITHUB/Athos/AthOS/REPO-AthOS/kdav/package-kdav/usr/share/locale/pt_BR
-- Installing: /home/omen/GITHUB/Athos/AthOS/REPO-AthOS/kdav/package-kdav/usr/share/locale/pt_BR/LC_MESSAGES
-- Installing: /home/omen/GITHUB/Athos/AthOS/REPO-AthOS/kdav/package-kdav/usr/share/locale/pt_BR/LC_MESSAGES/libkdav6.mo
-- Installing: /home/omen/GITHUB/Athos/AthOS/REPO-AthOS/kdav/package-kdav/usr/share/locale/lt
-- Installing: /home/omen/GITHUB/Athos/AthOS/REPO-AthOS/kdav/package-kdav/usr/share/locale/lt/LC_MESSAGES
-- Installing: /home/omen/GITHUB/Athos/AthOS/REPO-AthOS/kdav/package-kdav/usr/share/locale/lt/LC_MESSAGES/libkdav6.mo
-- Installing: /home/omen/GITHUB/Athos/AthOS/REPO-AthOS/kdav/package-kdav/usr/share/locale/sr@ijekavianlatin
-- Installing: /home/omen/GITHUB/Athos/AthOS/REPO-AthOS/kdav/package-kdav/usr/share/locale/sr@ijekavianlatin/LC_MESSAGES
-- Installing: /home/omen/GITHUB/Athos/AthOS/REPO-AthOS/kdav/package-kdav/usr/share/locale/sr@ijekavianlatin/LC_MESSAGES/libkdav6.mo
-- Installing: /home/omen/GITHUB/Athos/AthOS/REPO-AthOS/kdav/package-kdav/usr/share/locale/sl
-- Installing: /home/omen/GITHUB/Athos/AthOS/REPO-AthOS/kdav/package-kdav/usr/share/locale/sl/LC_MESSAGES
-- Installing: /home/omen/GITHUB/Athos/AthOS/REPO-AthOS/kdav/package-kdav/usr/share/locale/sl/LC_MESSAGES/libkdav6.mo
-- Installing: /home/omen/GITHUB/Athos/AthOS/REPO-AthOS/kdav/package-kdav/usr/share/locale/ta
-- Installing: /home/omen/GITHUB/Athos/AthOS/REPO-AthOS/kdav/package-kdav/usr/share/locale/ta/LC_MESSAGES
-- Installing: /home/omen/GITHUB/Athos/AthOS/REPO-AthOS/kdav/package-kdav/usr/share/locale/ta/LC_MESSAGES/libkdav6.mo
-- Installing: /home/omen/GITHUB/Athos/AthOS/REPO-AthOS/kdav/package-kdav/usr/share/locale/ro
-- Installing: /home/omen/GITHUB/Athos/AthOS/REPO-AthOS/kdav/package-kdav/usr/share/locale/ro/LC_MESSAGES
-- Installing: /home/omen/GITHUB/Athos/AthOS/REPO-AthOS/kdav/package-kdav/usr/share/locale/ro/LC_MESSAGES/libkdav6.mo
-- Installing: /home/omen/GITHUB/Athos/AthOS/REPO-AthOS/kdav/package-kdav/usr/share/locale/sr@latin
-- Installing: /home/omen/GITHUB/Athos/AthOS/REPO-AthOS/kdav/package-kdav/usr/share/locale/sr@latin/LC_MESSAGES
-- Installing: /home/omen/GITHUB/Athos/AthOS/REPO-AthOS/kdav/package-kdav/usr/share/locale/sr@latin/LC_MESSAGES/libkdav6.mo
-- Installing: /home/omen/GITHUB/Athos/AthOS/REPO-AthOS/kdav/package-kdav/usr/share/locale/he
-- Installing: /home/omen/GITHUB/Athos/AthOS/REPO-AthOS/kdav/package-kdav/usr/share/locale/he/LC_MESSAGES
-- Installing: /home/omen/GITHUB/Athos/AthOS/REPO-AthOS/kdav/package-kdav/usr/share/locale/he/LC_MESSAGES/libkdav6.mo
-- Installing: /home/omen/GITHUB/Athos/AthOS/REPO-AthOS/kdav/package-kdav/usr/share/locale/zh_TW
-- Installing: /home/omen/GITHUB/Athos/AthOS/REPO-AthOS/kdav/package-kdav/usr/share/locale/zh_TW/LC_MESSAGES
-- Installing: /home/omen/GITHUB/Athos/AthOS/REPO-AthOS/kdav/package-kdav/usr/share/locale/zh_TW/LC_MESSAGES/libkdav6.mo
-- Installing: /home/omen/GITHUB/Athos/AthOS/REPO-AthOS/kdav/package-kdav/usr/share/locale/pl
-- Installing: /home/omen/GITHUB/Athos/AthOS/REPO-AthOS/kdav/package-kdav/usr/share/locale/pl/LC_MESSAGES
-- Installing: /home/omen/GITHUB/Athos/AthOS/REPO-AthOS/kdav/package-kdav/usr/share/locale/pl/LC_MESSAGES/libkdav6.mo
-- Installing: /home/omen/GITHUB/Athos/AthOS/REPO-AthOS/kdav/package-kdav/usr/share/locale/pt
-- Installing: /home/omen/GITHUB/Athos/AthOS/REPO-AthOS/kdav/package-kdav/usr/share/locale/pt/LC_MESSAGES
-- Installing: /home/omen/GITHUB/Athos/AthOS/REPO-AthOS/kdav/package-kdav/usr/share/locale/pt/LC_MESSAGES/libkdav6.mo
-- Installing: /home/omen/GITHUB/Athos/AthOS/REPO-AthOS/kdav/package-kdav/usr/share/locale/az
-- Installing: /home/omen/GITHUB/Athos/AthOS/REPO-AthOS/kdav/package-kdav/usr/share/locale/az/LC_MESSAGES
-- Installing: /home/omen/GITHUB/Athos/AthOS/REPO-AthOS/kdav/package-kdav/usr/share/locale/az/LC_MESSAGES/libkdav6.mo
-- Installing: /home/omen/GITHUB/Athos/AthOS/REPO-AthOS/kdav/package-kdav/usr/share/locale/tr
-- Installing: /home/omen/GITHUB/Athos/AthOS/REPO-AthOS/kdav/package-kdav/usr/share/locale/tr/LC_MESSAGES
-- Installing: /home/omen/GITHUB/Athos/AthOS/REPO-AthOS/kdav/package-kdav/usr/share/locale/tr/LC_MESSAGES/libkdav6.mo
-- Installing: /home/omen/GITHUB/Athos/AthOS/REPO-AthOS/kdav/package-kdav/usr/share/locale/fr
-- Installing: /home/omen/GITHUB/Athos/AthOS/REPO-AthOS/kdav/package-kdav/usr/share/locale/fr/LC_MESSAGES
-- Installing: /home/omen/GITHUB/Athos/AthOS/REPO-AthOS/kdav/package-kdav/usr/share/locale/fr/LC_MESSAGES/libkdav6.mo
-- Installing: /home/omen/GITHUB/Athos/AthOS/REPO-AthOS/kdav/package-kdav/usr/share/locale/ast
-- Installing: /home/omen/GITHUB/Athos/AthOS/REPO-AthOS/kdav/package-kdav/usr/share/locale/ast/LC_MESSAGES
-- Installing: /home/omen/GITHUB/Athos/AthOS/REPO-AthOS/kdav/package-kdav/usr/share/locale/ast/LC_MESSAGES/libkdav6.mo
-- Installing: /home/omen/GITHUB/Athos/AthOS/REPO-AthOS/kdav/package-kdav/usr/share/locale/ka
-- Installing: /home/omen/GITHUB/Athos/AthOS/REPO-AthOS/kdav/package-kdav/usr/share/locale/ka/LC_MESSAGES
-- Installing: /home/omen/GITHUB/Athos/AthOS/REPO-AthOS/kdav/package-kdav/usr/share/locale/ka/LC_MESSAGES/libkdav6.mo
-- Installing: /home/omen/GITHUB/Athos/AthOS/REPO-AthOS/kdav/package-kdav/usr/share/locale/gl
-- Installing: /home/omen/GITHUB/Athos/AthOS/REPO-AthOS/kdav/package-kdav/usr/share/locale/gl/LC_MESSAGES
-- Installing: /home/omen/GITHUB/Athos/AthOS/REPO-AthOS/kdav/package-kdav/usr/share/locale/gl/LC_MESSAGES/libkdav6.mo
-- Installing: /home/omen/GITHUB/Athos/AthOS/REPO-AthOS/kdav/package-kdav/usr/share/locale/ia
-- Installing: /home/omen/GITHUB/Athos/AthOS/REPO-AthOS/kdav/package-kdav/usr/share/locale/ia/LC_MESSAGES
-- Installing: /home/omen/GITHUB/Athos/AthOS/REPO-AthOS/kdav/package-kdav/usr/share/locale/ia/LC_MESSAGES/libkdav6.mo
-- Installing: /home/omen/GITHUB/Athos/AthOS/REPO-AthOS/kdav/package-kdav/usr/share/locale/hu
-- Installing: /home/omen/GITHUB/Athos/AthOS/REPO-AthOS/kdav/package-kdav/usr/share/locale/hu/LC_MESSAGES
-- Installing: /home/omen/GITHUB/Athos/AthOS/REPO-AthOS/kdav/package-kdav/usr/share/locale/hu/LC_MESSAGES/libkdav6.mo
-- Installing: /home/omen/GITHUB/Athos/AthOS/REPO-AthOS/kdav/package-kdav/usr/share/locale/eo
-- Installing: /home/omen/GITHUB/Athos/AthOS/REPO-AthOS/kdav/package-kdav/usr/share/locale/eo/LC_MESSAGES
-- Installing: /home/omen/GITHUB/Athos/AthOS/REPO-AthOS/kdav/package-kdav/usr/share/locale/eo/LC_MESSAGES/libkdav6.mo
-- Installing: /home/omen/GITHUB/Athos/AthOS/REPO-AthOS/kdav/package-kdav/usr/share/locale/bg
-- Installing: /home/omen/GITHUB/Athos/AthOS/REPO-AthOS/kdav/package-kdav/usr/share/locale/bg/LC_MESSAGES
-- Installing: /home/omen/GITHUB/Athos/AthOS/REPO-AthOS/kdav/package-kdav/usr/share/locale/bg/LC_MESSAGES/libkdav6.mo
-- Installing: /home/omen/GITHUB/Athos/AthOS/REPO-AthOS/kdav/package-kdav/usr/share/locale/ca
-- Installing: /home/omen/GITHUB/Athos/AthOS/REPO-AthOS/kdav/package-kdav/usr/share/locale/ca/LC_MESSAGES
-- Installing: /home/omen/GITHUB/Athos/AthOS/REPO-AthOS/kdav/package-kdav/usr/share/locale/ca/LC_MESSAGES/libkdav6.mo
-- Installing: /home/omen/GITHUB/Athos/AthOS/REPO-AthOS/kdav/package-kdav/usr/share/locale/uk
-- Installing: /home/omen/GITHUB/Athos/AthOS/REPO-AthOS/kdav/package-kdav/usr/share/locale/uk/LC_MESSAGES
-- Installing: /home/omen/GITHUB/Athos/AthOS/REPO-AthOS/kdav/package-kdav/usr/share/locale/uk/LC_MESSAGES/libkdav6.mo
-- Installing: /home/omen/GITHUB/Athos/AthOS/REPO-AthOS/kdav/package-kdav/usr/share/locale/en_GB
-- Installing: /home/omen/GITHUB/Athos/AthOS/REPO-AthOS/kdav/package-kdav/usr/share/locale/en_GB/LC_MESSAGES
-- Installing: /home/omen/GITHUB/Athos/AthOS/REPO-AthOS/kdav/package-kdav/usr/share/locale/en_GB/LC_MESSAGES/libkdav6.mo
-- Installing: /home/omen/GITHUB/Athos/AthOS/REPO-AthOS/kdav/package-kdav/usr/share/locale/zh_CN
-- Installing: /home/omen/GITHUB/Athos/AthOS/REPO-AthOS/kdav/package-kdav/usr/share/locale/zh_CN/LC_MESSAGES
-- Installing: /home/omen/GITHUB/Athos/AthOS/REPO-AthOS/kdav/package-kdav/usr/share/locale/zh_CN/LC_MESSAGES/libkdav6.mo
-- Installing: /home/omen/GITHUB/Athos/AthOS/REPO-AthOS/kdav/package-kdav/usr/share/locale/nl
-- Installing: /home/omen/GITHUB/Athos/AthOS/REPO-AthOS/kdav/package-kdav/usr/share/locale/nl/LC_MESSAGES
-- Installing: /home/omen/GITHUB/Athos/AthOS/REPO-AthOS/kdav/package-kdav/usr/share/locale/nl/LC_MESSAGES/libkdav6.mo
-- Installing: /home/omen/GITHUB/Athos/AthOS/REPO-AthOS/kdav/package-kdav/usr/share/locale/sa
-- Installing: /home/omen/GITHUB/Athos/AthOS/REPO-AthOS/kdav/package-kdav/usr/share/locale/sa/LC_MESSAGES
-- Installing: /home/omen/GITHUB/Athos/AthOS/REPO-AthOS/kdav/package-kdav/usr/share/locale/sa/LC_MESSAGES/libkdav6.mo
-- Installing: /home/omen/GITHUB/Athos/AthOS/REPO-AthOS/kdav/package-kdav/usr/share/locale/fi
-- Installing: /home/omen/GITHUB/Athos/AthOS/REPO-AthOS/kdav/package-kdav/usr/share/locale/fi/LC_MESSAGES
-- Installing: /home/omen/GITHUB/Athos/AthOS/REPO-AthOS/kdav/package-kdav/usr/share/locale/fi/LC_MESSAGES/libkdav6.mo
-- Installing: /home/omen/GITHUB/Athos/AthOS/REPO-AthOS/kdav/package-kdav/usr/share/locale/ko
-- Installing: /home/omen/GITHUB/Athos/AthOS/REPO-AthOS/kdav/package-kdav/usr/share/locale/ko/LC_MESSAGES
-- Installing: /home/omen/GITHUB/Athos/AthOS/REPO-AthOS/kdav/package-kdav/usr/share/locale/ko/LC_MESSAGES/libkdav6.mo
-- Installing: /home/omen/GITHUB/Athos/AthOS/REPO-AthOS/kdav/package-kdav/usr/share/locale/ru
-- Installing: /home/omen/GITHUB/Athos/AthOS/REPO-AthOS/kdav/package-kdav/usr/share/locale/ru/LC_MESSAGES
-- Installing: /home/omen/GITHUB/Athos/AthOS/REPO-AthOS/kdav/package-kdav/usr/share/locale/ru/LC_MESSAGES/libkdav6.mo
-- Installing: /home/omen/GITHUB/Athos/AthOS/REPO-AthOS/kdav/package-kdav/usr/share/locale/lv
-- Installing: /home/omen/GITHUB/Athos/AthOS/REPO-AthOS/kdav/package-kdav/usr/share/locale/lv/LC_MESSAGES
-- Installing: /home/omen/GITHUB/Athos/AthOS/REPO-AthOS/kdav/package-kdav/usr/share/locale/lv/LC_MESSAGES/libkdav6.mo
-- Installing: /home/omen/GITHUB/Athos/AthOS/REPO-AthOS/kdav/package-kdav/usr/share/locale/ca@valencia
-- Installing: /home/omen/GITHUB/Athos/AthOS/REPO-AthOS/kdav/package-kdav/usr/share/locale/ca@valencia/LC_MESSAGES
-- Installing: /home/omen/GITHUB/Athos/AthOS/REPO-AthOS/kdav/package-kdav/usr/share/locale/ca@valencia/LC_MESSAGES/libkdav6.mo
-- Installing: /home/omen/GITHUB/Athos/AthOS/REPO-AthOS/kdav/package-kdav/usr/share/locale/nb
-- Installing: /home/omen/GITHUB/Athos/AthOS/REPO-AthOS/kdav/package-kdav/usr/share/locale/nb/LC_MESSAGES
-- Installing: /home/omen/GITHUB/Athos/AthOS/REPO-AthOS/kdav/package-kdav/usr/share/locale/nb/LC_MESSAGES/libkdav6.mo
-- Installing: /home/omen/GITHUB/Athos/AthOS/REPO-AthOS/kdav/package-kdav/usr/share/locale/es
-- Installing: /home/omen/GITHUB/Athos/AthOS/REPO-AthOS/kdav/package-kdav/usr/share/locale/es/LC_MESSAGES
-- Installing: /home/omen/GITHUB/Athos/AthOS/REPO-AthOS/kdav/package-kdav/usr/share/locale/es/LC_MESSAGES/libkdav6.mo
-- Installing: /home/omen/GITHUB/Athos/AthOS/REPO-AthOS/kdav/package-kdav/usr/share/locale/eu
-- Installing: /home/omen/GITHUB/Athos/AthOS/REPO-AthOS/kdav/package-kdav/usr/share/locale/eu/LC_MESSAGES
-- Installing: /home/omen/GITHUB/Athos/AthOS/REPO-AthOS/kdav/package-kdav/usr/share/locale/eu/LC_MESSAGES/libkdav6.mo
-- Installing: /home/omen/GITHUB/Athos/AthOS/REPO-AthOS/kdav/package-kdav/usr/share/locale/et
-- Installing: /home/omen/GITHUB/Athos/AthOS/REPO-AthOS/kdav/package-kdav/usr/share/locale/et/LC_MESSAGES
-- Installing: /home/omen/GITHUB/Athos/AthOS/REPO-AthOS/kdav/package-kdav/usr/share/locale/et/LC_MESSAGES/libkdav6.mo
-- Installing: /home/omen/GITHUB/Athos/AthOS/REPO-AthOS/kdav/package-kdav/usr/share/locale/it
-- Installing: /home/omen/GITHUB/Athos/AthOS/REPO-AthOS/kdav/package-kdav/usr/share/locale/it/LC_MESSAGES
-- Installing: /home/omen/GITHUB/Athos/AthOS/REPO-AthOS/kdav/package-kdav/usr/share/locale/it/LC_MESSAGES/libkdav6.mo
-- Installing: /home/omen/GITHUB/Athos/AthOS/REPO-AthOS/kdav/package-kdav/usr/share/locale/ar
-- Installing: /home/omen/GITHUB/Athos/AthOS/REPO-AthOS/kdav/package-kdav/usr/share/locale/ar/LC_MESSAGES
-- Installing: /home/omen/GITHUB/Athos/AthOS/REPO-AthOS/kdav/package-kdav/usr/share/locale/ar/LC_MESSAGES/libkdav6.mo
-- Installing: /home/omen/GITHUB/Athos/AthOS/REPO-AthOS/kdav/package-kdav/usr/share/locale/sk
-- Installing: /home/omen/GITHUB/Athos/AthOS/REPO-AthOS/kdav/package-kdav/usr/share/locale/sk/LC_MESSAGES
-- Installing: /home/omen/GITHUB/Athos/AthOS/REPO-AthOS/kdav/package-kdav/usr/share/locale/sk/LC_MESSAGES/libkdav6.mo
-- Installing: /home/omen/GITHUB/Athos/AthOS/REPO-AthOS/kdav/package-kdav/usr/share/locale/sv
-- Installing: /home/omen/GITHUB/Athos/AthOS/REPO-AthOS/kdav/package-kdav/usr/share/locale/sv/LC_MESSAGES
-- Installing: /home/omen/GITHUB/Athos/AthOS/REPO-AthOS/kdav/package-kdav/usr/share/locale/sv/LC_MESSAGES/libkdav6.mo
-- Installing: /home/omen/GITHUB/Athos/AthOS/REPO-AthOS/kdav/package-kdav/usr/include/KF6/KDAV/KDAV/DavJobBase
-- Installing: /home/omen/GITHUB/Athos/AthOS/REPO-AthOS/kdav/package-kdav/usr/include/KF6/KDAV/KDAV/DavCollection
-- Installing: /home/omen/GITHUB/Athos/AthOS/REPO-AthOS/kdav/package-kdav/usr/include/KF6/KDAV/KDAV/DavCollectionDeleteJob
-- Installing: /home/omen/GITHUB/Athos/AthOS/REPO-AthOS/kdav/package-kdav/usr/include/KF6/KDAV/KDAV/DavCollectionsFetchJob
-- Installing: /home/omen/GITHUB/Athos/AthOS/REPO-AthOS/kdav/package-kdav/usr/include/KF6/KDAV/KDAV/DavCollectionModifyJob
-- Installing: /home/omen/GITHUB/Athos/AthOS/REPO-AthOS/kdav/package-kdav/usr/include/KF6/KDAV/KDAV/DavCollectionsMultiFetchJob
-- Installing: /home/omen/GITHUB/Athos/AthOS/REPO-AthOS/kdav/package-kdav/usr/include/KF6/KDAV/KDAV/DavError
-- Installing: /home/omen/GITHUB/Athos/AthOS/REPO-AthOS/kdav/package-kdav/usr/include/KF6/KDAV/KDAV/DavItem
-- Installing: /home/omen/GITHUB/Athos/AthOS/REPO-AthOS/kdav/package-kdav/usr/include/KF6/KDAV/KDAV/DavItemCreateJob
-- Installing: /home/omen/GITHUB/Athos/AthOS/REPO-AthOS/kdav/package-kdav/usr/include/KF6/KDAV/KDAV/DavItemDeleteJob
-- Installing: /home/omen/GITHUB/Athos/AthOS/REPO-AthOS/kdav/package-kdav/usr/include/KF6/KDAV/KDAV/DavItemFetchJob
-- Installing: /home/omen/GITHUB/Athos/AthOS/REPO-AthOS/kdav/package-kdav/usr/include/KF6/KDAV/KDAV/DavItemModifyJob
-- Installing: /home/omen/GITHUB/Athos/AthOS/REPO-AthOS/kdav/package-kdav/usr/include/KF6/KDAV/KDAV/DavItemsFetchJob
-- Installing: /home/omen/GITHUB/Athos/AthOS/REPO-AthOS/kdav/package-kdav/usr/include/KF6/KDAV/KDAV/DavItemsListJob
-- Installing: /home/omen/GITHUB/Athos/AthOS/REPO-AthOS/kdav/package-kdav/usr/include/KF6/KDAV/KDAV/DavPrincipalHomesetsFetchJob
-- Installing: /home/omen/GITHUB/Athos/AthOS/REPO-AthOS/kdav/package-kdav/usr/include/KF6/KDAV/KDAV/DavPrincipalSearchJob
-- Installing: /home/omen/GITHUB/Athos/AthOS/REPO-AthOS/kdav/package-kdav/usr/include/KF6/KDAV/KDAV/DavUrl
-- Installing: /home/omen/GITHUB/Athos/AthOS/REPO-AthOS/kdav/package-kdav/usr/include/KF6/KDAV/KDAV/Enums
-- Installing: /home/omen/GITHUB/Athos/AthOS/REPO-AthOS/kdav/package-kdav/usr/include/KF6/KDAV/KDAV/EtagCache
-- Installing: /home/omen/GITHUB/Athos/AthOS/REPO-AthOS/kdav/package-kdav/usr/include/KF6/KDAV/KDAV/ProtocolInfo
-- Installing: /home/omen/GITHUB/Athos/AthOS/REPO-AthOS/kdav/package-kdav/usr/include/KF6/KDAV/kdav/davjobbase.h
-- Installing: /home/omen/GITHUB/Athos/AthOS/REPO-AthOS/kdav/package-kdav/usr/include/KF6/KDAV/kdav/davcollection.h
-- Installing: /home/omen/GITHUB/Athos/AthOS/REPO-AthOS/kdav/package-kdav/usr/include/KF6/KDAV/kdav/davcollectiondeletejob.h
-- Installing: /home/omen/GITHUB/Athos/AthOS/REPO-AthOS/kdav/package-kdav/usr/include/KF6/KDAV/kdav/davcollectionsfetchjob.h
-- Installing: /home/omen/GITHUB/Athos/AthOS/REPO-AthOS/kdav/package-kdav/usr/include/KF6/KDAV/kdav/davcollectionmodifyjob.h
-- Installing: /home/omen/GITHUB/Athos/AthOS/REPO-AthOS/kdav/package-kdav/usr/include/KF6/KDAV/kdav/davcollectionsmultifetchjob.h
-- Installing: /home/omen/GITHUB/Athos/AthOS/REPO-AthOS/kdav/package-kdav/usr/include/KF6/KDAV/kdav/daverror.h
-- Installing: /home/omen/GITHUB/Athos/AthOS/REPO-AthOS/kdav/package-kdav/usr/include/KF6/KDAV/kdav/davitem.h
-- Installing: /home/omen/GITHUB/Athos/AthOS/REPO-AthOS/kdav/package-kdav/usr/include/KF6/KDAV/kdav/davitemcreatejob.h
-- Installing: /home/omen/GITHUB/Athos/AthOS/REPO-AthOS/kdav/package-kdav/usr/include/KF6/KDAV/kdav/davitemdeletejob.h
-- Installing: /home/omen/GITHUB/Athos/AthOS/REPO-AthOS/kdav/package-kdav/usr/include/KF6/KDAV/kdav/davitemfetchjob.h
-- Installing: /home/omen/GITHUB/Athos/AthOS/REPO-AthOS/kdav/package-kdav/usr/include/KF6/KDAV/kdav/davitemmodifyjob.h
-- Installing: /home/omen/GITHUB/Athos/AthOS/REPO-AthOS/kdav/package-kdav/usr/include/KF6/KDAV/kdav/davitemsfetchjob.h
-- Installing: /home/omen/GITHUB/Athos/AthOS/REPO-AthOS/kdav/package-kdav/usr/include/KF6/KDAV/kdav/davitemslistjob.h
-- Installing: /home/omen/GITHUB/Athos/AthOS/REPO-AthOS/kdav/package-kdav/usr/include/KF6/KDAV/kdav/davprincipalhomesetsfetchjob.h
-- Installing: /home/omen/GITHUB/Athos/AthOS/REPO-AthOS/kdav/package-kdav/usr/include/KF6/KDAV/kdav/davprincipalsearchjob.h
-- Installing: /home/omen/GITHUB/Athos/AthOS/REPO-AthOS/kdav/package-kdav/usr/include/KF6/KDAV/kdav/davurl.h
-- Installing: /home/omen/GITHUB/Athos/AthOS/REPO-AthOS/kdav/package-kdav/usr/include/KF6/KDAV/kdav/enums.h
-- Installing: /home/omen/GITHUB/Athos/AthOS/REPO-AthOS/kdav/package-kdav/usr/include/KF6/KDAV/kdav/etagcache.h
-- Installing: /home/omen/GITHUB/Athos/AthOS/REPO-AthOS/kdav/package-kdav/usr/include/KF6/KDAV/kdav/protocolinfo.h
-- Installing: /home/omen/GITHUB/Athos/AthOS/REPO-AthOS/kdav/package-kdav/usr/include/KF6/KDAV/kdav/kdav_export.h
-- Installing: /home/omen/GITHUB/Athos/AthOS/REPO-AthOS/kdav/package-kdav/usr/lib64/libKF6DAV.so.6.14.0
-- Installing: /home/omen/GITHUB/Athos/AthOS/REPO-AthOS/kdav/package-kdav/usr/lib64/libKF6DAV.so.6
-- Installing: /home/omen/GITHUB/Athos/AthOS/REPO-AthOS/kdav/package-kdav/usr/lib64/libKF6DAV.so
-- Installing: /home/omen/GITHUB/Athos/AthOS/REPO-AthOS/kdav/package-kdav/usr/share/qlogging-categories6/kdav.categories
-- Installing: /home/omen/GITHUB/Athos/AthOS/REPO-AthOS/kdav/package-kdav/usr/share/qlogging-categories6/kdav.renamecategories
-- Installing: /home/omen/GITHUB/Athos/AthOS/REPO-AthOS/kdav/package-kdav/usr/doc/qt6-6.8.3_20250319_bab1fecd/KF6DAV.qch
-- Installing: /home/omen/GITHUB/Athos/AthOS/REPO-AthOS/kdav/package-kdav/usr/doc/qt6-6.8.3_20250319_bab1fecd/KF6DAV.tags
-- Installing: /home/omen/GITHUB/Athos/AthOS/REPO-AthOS/kdav/package-kdav/usr/lib64/cmake/KF6DAV/KF6DAVQchTargets.cmake
-- Installing: /home/omen/GITHUB/Athos/AthOS/REPO-AthOS/kdav/package-kdav/usr/lib64/cmake/KF6DAV/KF6DAVConfig.cmake
-- Installing: /home/omen/GITHUB/Athos/AthOS/REPO-AthOS/kdav/package-kdav/usr/lib64/cmake/KF6DAV/KF6DAVConfigVersion.cmake
-- Installing: /home/omen/GITHUB/Athos/AthOS/REPO-AthOS/kdav/package-kdav/usr/lib64/cmake/KF6DAV/KF6DAVTargets.cmake
-- Installing: /home/omen/GITHUB/Athos/AthOS/REPO-AthOS/kdav/package-kdav/usr/lib64/cmake/KF6DAV/KF6DAVTargets-relwithdebinfo.cmake
-- Installing: /home/omen/GITHUB/Athos/AthOS/REPO-AthOS/kdav/package-kdav/usr/include/KF6/KDAV/kdav_version.h
[32mThe main part of source code is ready. We are moving on to preparing post install scripts, docs, license, man pages etc..[0m
cp: cannot stat 'AUTHORS': No such file or directory
cp: cannot stat 'ChangeLog*': No such file or directory
cp: cannot stat 'COPYING': No such file or directory
cp: cannot stat 'CREDITS': No such file or directory
cp: cannot stat 'LICENSE': No such file or directory
cp: cannot stat 'MAINTAINERS': No such file or directory
cp: cannot stat 'NEWS': No such file or directory
cp: cannot stat 'docs': No such file or directory
cp: cannot stat 'DOCS': No such file or directory
grep: /home/omen/GITHUB/Athos/AthOS/REPO-AthOS/kdav/kdav.info: No such file or directory
doxygen
extra-cmake-modules
kcoreaddons
ki18n
kio
[32mPackaging compiled for slackware installation...[0m
[32mMAKEPKG_FLAGS is empty or unset, using default[0m

Slackware package maker, version 3.14159265.

Searching for symbolic links:
usr/lib64/libKF6DAV.so	libKF6DAV.so.6
usr/lib64/libKF6DAV.so.6	libKF6DAV.so.6.14.0

Making symbolic link creation script:
( cd usr/lib64 ; rm -rf libKF6DAV.so )
( cd usr/lib64 ; ln -sf libKF6DAV.so.6 libKF6DAV.so )
( cd usr/lib64 ; rm -rf libKF6DAV.so.6 )
( cd usr/lib64 ; ln -sf libKF6DAV.so.6.14.0 libKF6DAV.so.6 )

Unless your existing installation script already contains the code
to create these links, you should append these lines to your existing
install script. Now's your chance. :^)

Would you like to add this stuff to the existing install script and
remove the symbolic links ([y]es, [n]o)? y


Removing symbolic links:
removed './usr/lib64/libKF6DAV.so'
removed './usr/lib64/libKF6DAV.so.6'

Updating your ./install/doinst.sh...

This next step is optional - you can set the directories in your package
to some sane permissions. If any of the directories in your package have
special permissions, then DO NOT reset them here!

Would you like to reset all directory permissions to 755 (drwxr-xr-x) and
directory ownerships to root:root ([y]es, [n]o)? n


Creating Slackware package:  /tmp/kdav/kdav-6.14.0-x86_64-1_rtz.tlz

./
install/
install/doinst.sh
install/slack-desc
usr/
usr/doc/
usr/doc/kdav-6.14.0/
usr/doc/kdav-6.14.0/README.md
usr/doc/kdav-6.14.0/kdav.ini
usr/doc/kdav-6.14.0/slack-required
usr/doc/qt6-6.8.3_20250319_bab1fecd/
usr/doc/qt6-6.8.3_20250319_bab1fecd/KF6DAV.qch
usr/doc/qt6-6.8.3_20250319_bab1fecd/KF6DAV.tags
usr/include/
usr/include/KF6/
usr/include/KF6/KDAV/
usr/include/KF6/KDAV/KDAV/
usr/include/KF6/KDAV/KDAV/DavCollection
usr/include/KF6/KDAV/KDAV/DavCollectionDeleteJob
usr/include/KF6/KDAV/KDAV/DavCollectionModifyJob
usr/include/KF6/KDAV/KDAV/DavCollectionsFetchJob
usr/include/KF6/KDAV/KDAV/DavCollectionsMultiFetchJob
usr/include/KF6/KDAV/KDAV/DavError
usr/include/KF6/KDAV/KDAV/DavItem
usr/include/KF6/KDAV/KDAV/DavItemCreateJob
usr/include/KF6/KDAV/KDAV/DavItemDeleteJob
usr/include/KF6/KDAV/KDAV/DavItemFetchJob
usr/include/KF6/KDAV/KDAV/DavItemModifyJob
usr/include/KF6/KDAV/KDAV/DavItemsFetchJob
usr/include/KF6/KDAV/KDAV/DavItemsListJob
usr/include/KF6/KDAV/KDAV/DavJobBase
usr/include/KF6/KDAV/KDAV/DavPrincipalHomesetsFetchJob
usr/include/KF6/KDAV/KDAV/DavPrincipalSearchJob
usr/include/KF6/KDAV/KDAV/DavUrl
usr/include/KF6/KDAV/KDAV/Enums
usr/include/KF6/KDAV/KDAV/EtagCache
usr/include/KF6/KDAV/KDAV/ProtocolInfo
usr/include/KF6/KDAV/kdav/
usr/include/KF6/KDAV/kdav/davcollection.h
usr/include/KF6/KDAV/kdav/davcollectiondeletejob.h
usr/include/KF6/KDAV/kdav/davcollectionmodifyjob.h
usr/include/KF6/KDAV/kdav/davcollectionsfetchjob.h
usr/include/KF6/KDAV/kdav/davcollectionsmultifetchjob.h
usr/include/KF6/KDAV/kdav/daverror.h
usr/include/KF6/KDAV/kdav/davitem.h
usr/include/KF6/KDAV/kdav/davitemcreatejob.h
usr/include/KF6/KDAV/kdav/davitemdeletejob.h
usr/include/KF6/KDAV/kdav/davitemfetchjob.h
usr/include/KF6/KDAV/kdav/davitemmodifyjob.h
usr/include/KF6/KDAV/kdav/davitemsfetchjob.h
usr/include/KF6/KDAV/kdav/davitemslistjob.h
usr/include/KF6/KDAV/kdav/davjobbase.h
usr/include/KF6/KDAV/kdav/davprincipalhomesetsfetchjob.h
usr/include/KF6/KDAV/kdav/davprincipalsearchjob.h
usr/include/KF6/KDAV/kdav/davurl.h
usr/include/KF6/KDAV/kdav/enums.h
usr/include/KF6/KDAV/kdav/etagcache.h
usr/include/KF6/KDAV/kdav/kdav_export.h
usr/include/KF6/KDAV/kdav/protocolinfo.h
usr/include/KF6/KDAV/kdav_version.h
usr/lib64/
usr/lib64/cmake/
usr/lib64/cmake/KF6DAV/
usr/lib64/cmake/KF6DAV/KF6DAVConfig.cmake
usr/lib64/cmake/KF6DAV/KF6DAVConfigVersion.cmake
usr/lib64/cmake/KF6DAV/KF6DAVQchTargets.cmake
usr/lib64/cmake/KF6DAV/KF6DAVTargets-relwithdebinfo.cmake
usr/lib64/cmake/KF6DAV/KF6DAVTargets.cmake
usr/lib64/libKF6DAV.so.6.14.0
usr/share/
usr/share/locale/
usr/share/locale/ar/
usr/share/locale/ar/LC_MESSAGES/
usr/share/locale/ar/LC_MESSAGES/libkdav6.mo
usr/share/locale/ast/
usr/share/locale/ast/LC_MESSAGES/
usr/share/locale/ast/LC_MESSAGES/libkdav6.mo
usr/share/locale/az/
usr/share/locale/az/LC_MESSAGES/
usr/share/locale/az/LC_MESSAGES/libkdav6.mo
usr/share/locale/bg/
usr/share/locale/bg/LC_MESSAGES/
usr/share/locale/bg/LC_MESSAGES/libkdav6.mo
usr/share/locale/ca/
usr/share/locale/ca/LC_MESSAGES/
usr/share/locale/ca/LC_MESSAGES/libkdav6.mo
usr/share/locale/ca@valencia/
usr/share/locale/ca@valencia/LC_MESSAGES/
usr/share/locale/ca@valencia/LC_MESSAGES/libkdav6.mo
usr/share/locale/cs/
usr/share/locale/cs/LC_MESSAGES/
usr/share/locale/cs/LC_MESSAGES/libkdav6.mo
usr/share/locale/de/
usr/share/locale/de/LC_MESSAGES/
usr/share/locale/de/LC_MESSAGES/libkdav6.mo
usr/share/locale/el/
usr/share/locale/el/LC_MESSAGES/
usr/share/locale/el/LC_MESSAGES/libkdav6.mo
usr/share/locale/en_GB/
usr/share/locale/en_GB/LC_MESSAGES/
usr/share/locale/en_GB/LC_MESSAGES/libkdav6.mo
usr/share/locale/eo/
usr/share/locale/eo/LC_MESSAGES/
usr/share/locale/eo/LC_MESSAGES/libkdav6.mo
usr/share/locale/es/
usr/share/locale/es/LC_MESSAGES/
usr/share/locale/es/LC_MESSAGES/libkdav6.mo
usr/share/locale/et/
usr/share/locale/et/LC_MESSAGES/
usr/share/locale/et/LC_MESSAGES/libkdav6.mo
usr/share/locale/eu/
usr/share/locale/eu/LC_MESSAGES/
usr/share/locale/eu/LC_MESSAGES/libkdav6.mo
usr/share/locale/fi/
usr/share/locale/fi/LC_MESSAGES/
usr/share/locale/fi/LC_MESSAGES/libkdav6.mo
usr/share/locale/fr/
usr/share/locale/fr/LC_MESSAGES/
usr/share/locale/fr/LC_MESSAGES/libkdav6.mo
usr/share/locale/gl/
usr/share/locale/gl/LC_MESSAGES/
usr/share/locale/gl/LC_MESSAGES/libkdav6.mo
usr/share/locale/he/
usr/share/locale/he/LC_MESSAGES/
usr/share/locale/he/LC_MESSAGES/libkdav6.mo
usr/share/locale/hi/
usr/share/locale/hi/LC_MESSAGES/
usr/share/locale/hi/LC_MESSAGES/libkdav6.mo
usr/share/locale/hu/
usr/share/locale/hu/LC_MESSAGES/
usr/share/locale/hu/LC_MESSAGES/libkdav6.mo
usr/share/locale/ia/
usr/share/locale/ia/LC_MESSAGES/
usr/share/locale/ia/LC_MESSAGES/libkdav6.mo
usr/share/locale/it/
usr/share/locale/it/LC_MESSAGES/
usr/share/locale/it/LC_MESSAGES/libkdav6.mo
usr/share/locale/ja/
usr/share/locale/ja/LC_MESSAGES/
usr/share/locale/ja/LC_MESSAGES/libkdav6.mo
usr/share/locale/ka/
usr/share/locale/ka/LC_MESSAGES/
usr/share/locale/ka/LC_MESSAGES/libkdav6.mo
usr/share/locale/ko/
usr/share/locale/ko/LC_MESSAGES/
usr/share/locale/ko/LC_MESSAGES/libkdav6.mo
usr/share/locale/lt/
usr/share/locale/lt/LC_MESSAGES/
usr/share/locale/lt/LC_MESSAGES/libkdav6.mo
usr/share/locale/lv/
usr/share/locale/lv/LC_MESSAGES/
usr/share/locale/lv/LC_MESSAGES/libkdav6.mo
usr/share/locale/nb/
usr/share/locale/nb/LC_MESSAGES/
usr/share/locale/nb/LC_MESSAGES/libkdav6.mo
usr/share/locale/nl/
usr/share/locale/nl/LC_MESSAGES/
usr/share/locale/nl/LC_MESSAGES/libkdav6.mo
usr/share/locale/nn/
usr/share/locale/nn/LC_MESSAGES/
usr/share/locale/nn/LC_MESSAGES/libkdav6.mo
usr/share/locale/pl/
usr/share/locale/pl/LC_MESSAGES/
usr/share/locale/pl/LC_MESSAGES/libkdav6.mo
usr/share/locale/pt/
usr/share/locale/pt/LC_MESSAGES/
usr/share/locale/pt/LC_MESSAGES/libkdav6.mo
usr/share/locale/pt_BR/
usr/share/locale/pt_BR/LC_MESSAGES/
usr/share/locale/pt_BR/LC_MESSAGES/libkdav6.mo
usr/share/locale/ro/
usr/share/locale/ro/LC_MESSAGES/
usr/share/locale/ro/LC_MESSAGES/libkdav6.mo
usr/share/locale/ru/
usr/share/locale/ru/LC_MESSAGES/
usr/share/locale/ru/LC_MESSAGES/libkdav6.mo
usr/share/locale/sa/
usr/share/locale/sa/LC_MESSAGES/
usr/share/locale/sa/LC_MESSAGES/libkdav6.mo
usr/share/locale/sk/
usr/share/locale/sk/LC_MESSAGES/
usr/share/locale/sk/LC_MESSAGES/libkdav6.mo
usr/share/locale/sl/
usr/share/locale/sl/LC_MESSAGES/
usr/share/locale/sl/LC_MESSAGES/libkdav6.mo
usr/share/locale/sr/
usr/share/locale/sr/LC_MESSAGES/
usr/share/locale/sr/LC_MESSAGES/libkdav6.mo
usr/share/locale/sr@ijekavian/
usr/share/locale/sr@ijekavian/LC_MESSAGES/
usr/share/locale/sr@ijekavian/LC_MESSAGES/libkdav6.mo
usr/share/locale/sr@ijekavianlatin/
usr/share/locale/sr@ijekavianlatin/LC_MESSAGES/
usr/share/locale/sr@ijekavianlatin/LC_MESSAGES/libkdav6.mo
usr/share/locale/sr@latin/
usr/share/locale/sr@latin/LC_MESSAGES/
usr/share/locale/sr@latin/LC_MESSAGES/libkdav6.mo
usr/share/locale/sv/
usr/share/locale/sv/LC_MESSAGES/
usr/share/locale/sv/LC_MESSAGES/libkdav6.mo
usr/share/locale/ta/
usr/share/locale/ta/LC_MESSAGES/
usr/share/locale/ta/LC_MESSAGES/libkdav6.mo
usr/share/locale/tr/
usr/share/locale/tr/LC_MESSAGES/
usr/share/locale/tr/LC_MESSAGES/libkdav6.mo
usr/share/locale/uk/
usr/share/locale/uk/LC_MESSAGES/
usr/share/locale/uk/LC_MESSAGES/libkdav6.mo
usr/share/locale/zh_CN/
usr/share/locale/zh_CN/LC_MESSAGES/
usr/share/locale/zh_CN/LC_MESSAGES/libkdav6.mo
usr/share/locale/zh_TW/
usr/share/locale/zh_TW/LC_MESSAGES/
usr/share/locale/zh_TW/LC_MESSAGES/libkdav6.mo
usr/share/qlogging-categories6/
usr/share/qlogging-categories6/kdav.categories
usr/share/qlogging-categories6/kdav.renamecategories

Slackware package /tmp/kdav/kdav-6.14.0-x86_64-1_rtz.tlz created.

Create shared object file for kdav-6.14.0-x86_64-1_rtz.tlz
Creating /tmp/kdav/kdav-6.14.0-x86_64-1_rtz.tlz.so.file using /tmp/kdav/kdav-6.14.0-x86_64-1_rtz.tlz
Successfully created /tmp/kdav/kdav-6.14.0-x86_64-1_rtz.tlz.so.file
Packaging of executable and meta-data in kdav.tar.lz4 format.
/tmp/kdav /tmp/kdav
/tmp/kdav
BIN_NAME
README
kdav-6.14.0-x86_64-1_rtz.tlz
kdav-6.14.0-x86_64-1_rtz.tlz.md5
kdav-6.14.0-x86_64-1_rtz.tlz.so.file
kdav-6.14.0-x86_64-1_rtz.tlz.txt
kdav.dep
makepkg-kdav.log
[32mkdav build finished. Procced to installation...[0m

+=========================================================================================+
| Upgrading kdav-6.14.0-x86_64-1_rtz package using /tmp/kdav/kdav-6.14.0-x86_64-1_rtz.tlz |
+=========================================================================================+

Pre-installing package kdav-6.14.0-x86_64-1_rtz...
Removing package: kdav-6.14.0-x86_64-1_rtz-upgraded-2025-05-21,14:10:51
Installing package kdav-6.14.0-x86_64-1_rtz.tlz:
PACKAGE DESCRIPTION:
# kdav (DAV protocol)
#
# A DAV protocol implementation with KJobs
#
# https://community.kde.org/Frameworks
Executing install script for kdav-6.14.0-x86_64-1_rtz.tlz.
Font directories:
	/usr/share/fonts
/usr/share/fonts: caching, new cache contents: 0 fonts, 11 dirs
/usr/share/fonts/100dpi: caching, new cache contents: 238 fonts, 0 dirs
/usr/share/fonts/75dpi: caching, new cache contents: 238 fonts, 0 dirs
/usr/share/fonts/OTF: caching, new cache contents: 124 fonts, 0 dirs
/usr/share/fonts/Speedo: caching, new cache contents: 0 fonts, 0 dirs
/usr/share/fonts/TTF: caching, new cache contents: 1132 fonts, 0 dirs
/usr/share/fonts/Type1: caching, new cache contents: 64 fonts, 0 dirs
/usr/share/fonts/cyrillic: caching, new cache contents: 0 fonts, 0 dirs
/usr/share/fonts/encodings: caching, new cache contents: 0 fonts, 1 dirs
/usr/share/fonts/encodings/large: caching, new cache contents: 0 fonts, 0 dirs
/usr/share/fonts/kanjistrokeorders: caching, new cache contents: 1 fonts, 0 dirs
/usr/share/fonts/misc: caching, new cache contents: 143 fonts, 0 dirs
/usr/share/fonts/util: caching, new cache contents: 0 fonts, 0 dirs
/var/cache/fontconfig: cleaning cache directory
/root/.cache/fontconfig: not cleaning non-existent cache directory
/root/.fontconfig: not cleaning non-existent cache directory
/usr/bin/fc-cache: succeeded
Package kdav-6.14.0-x86_64-1_rtz.tlz installed.
Package kdav-6.14.0-x86_64-1_rtz upgraded with new package /tmp/kdav/kdav-6.14.0-x86_64-1_rtz.tlz.
[32mCleaning environmet: Removing source code, and work-space...[0m
rm: cannot remove 'kdav-6.14.0.tar.xz': No such file or directory
