Starting build process...
Detected architecture: x86_64
Required dependencies: extra-cmake-modules	kconfig	kconfigwidgets	kcoreaddons	kcrash	kdbusaddons	kdoctools	ki18n	kio	knewstuff	ktextwidgets	kxmlgui	libkdegames
extra-cmake-modules is already installed!
kconfig is already installed!
kconfigwidgets is already installed!
kcoreaddons is already installed!
kcrash is already installed!
kdbusaddons is already installed!
kdoctools is already installed!
ki18n is already installed!
kio is already installed!
knewstuff is already installed!
ktextwidgets is already installed!
kxmlgui is already installed!
libkdegames is already installed!
No optional dependencies found.
Downloading source code tar.xz file
--2025-05-11 00:29:32--  https://download.kde.org/stable/release-service/25.04.1/src/kigo-25.04.1.tar.xz
Resolving download.kde.org (download.kde.org)... 49.12.122.15, 2a01:4f8:242:53eb::4
Connecting to download.kde.org (download.kde.org)|49.12.122.15|:443... connected.
HTTP request sent, awaiting response... 302 Found
Location: https://ftp.cc.uoc.gr/mirrors/kde/stable/release-service/25.04.1/src/kigo-25.04.1.tar.xz [following]
--2025-05-11 00:29:32--  https://ftp.cc.uoc.gr/mirrors/kde/stable/release-service/25.04.1/src/kigo-25.04.1.tar.xz
Resolving ftp.cc.uoc.gr (ftp.cc.uoc.gr)... 147.52.159.50, 2001:648:2c00:6c08::2
Connecting to ftp.cc.uoc.gr (ftp.cc.uoc.gr)|147.52.159.50|:443... connected.
HTTP request sent, awaiting response... 200 OK
Length: 4838136 (4.6M) [application/octet-stream]
Saving to: ‘kigo-25.04.1.tar.xz’

     0K .......... .......... .......... .......... ..........  1% 1.33M 3s
    50K .......... .......... .......... .......... ..........  2% 1.44M 3s
   100K .......... .......... .......... .......... ..........  3% 6.52M 2s
   150K .......... .......... .......... .......... ..........  4% 1.93M 2s
   200K .......... .......... .......... .......... ..........  5% 5.19M 2s
   250K .......... .......... .......... .......... ..........  6% 6.77M 2s
   300K .......... .......... .......... .......... ..........  7% 6.27M 2s
   350K .......... .......... .......... .......... ..........  8%  899K 2s
   400K .......... .......... .......... .......... ..........  9%  616M 2s
   450K .......... .......... .......... .......... .......... 10%  697M 2s
   500K .......... .......... .......... .......... .......... 11%  729M 1s
   550K .......... .......... .......... .......... .......... 12% 2.09M 1s
   600K .......... .......... .......... .......... .......... 13% 10.3M 1s
   650K .......... .......... .......... .......... .......... 14% 21.4M 1s
   700K .......... .......... .......... .......... .......... 15% 7.17M 1s
   750K .......... .......... .......... .......... .......... 16%  539M 1s
   800K .......... .......... .......... .......... .......... 17%  722M 1s
   850K .......... .......... .......... .......... .......... 19% 5.26M 1s
   900K .......... .......... .......... .......... .......... 20% 6.70M 1s
   950K .......... .......... .......... .......... .......... 21% 5.18M 1s
  1000K .......... .......... .......... .......... .......... 22% 6.39M 1s
  1050K .......... .......... .......... .......... .......... 23% 6.59M 1s
  1100K .......... .......... .......... .......... .......... 24% 5.23M 1s
  1150K .......... .......... .......... .......... .......... 25% 3.99M 1s
  1200K .......... .......... .......... .......... .......... 26% 6.46M 1s
  1250K .......... .......... .......... .......... .......... 27% 3.85M 1s
  1300K .......... .......... .......... .......... .......... 28% 6.47M 1s
  1350K .......... .......... .......... .......... .......... 29% 5.26M 1s
  1400K .......... .......... .......... .......... .......... 30% 4.89M 1s
  1450K .......... .......... .......... .......... .......... 31% 6.85M 1s
  1500K .......... .......... .......... .......... .......... 32% 4.85M 1s
  1550K .......... .......... .......... .......... .......... 33% 3.97M 1s
  1600K .......... .......... .......... .......... .......... 34% 4.73M 1s
  1650K .......... .......... .......... .......... .......... 35% 6.05M 1s
  1700K .......... .......... .......... .......... .......... 37% 6.54M 1s
  1750K .......... .......... .......... .......... .......... 38% 5.27M 1s
  1800K .......... .......... .......... .......... .......... 39% 5.40M 1s
  1850K .......... .......... .......... .......... .......... 40% 5.16M 1s
  1900K .......... .......... .......... .......... .......... 41% 5.18M 1s
  1950K .......... .......... .......... .......... .......... 42% 4.15M 1s
  2000K .......... .......... .......... .......... .......... 43% 5.09M 1s
  2050K .......... .......... .......... .......... .......... 44% 6.30M 1s
  2100K .......... .......... .......... .......... .......... 45% 5.02M 1s
  2150K .......... .......... .......... .......... .......... 46% 4.61M 1s
  2200K .......... .......... .......... .......... .......... 47% 7.94M 1s
  2250K .......... .......... .......... .......... .......... 48% 4.97M 1s
  2300K .......... .......... .......... .......... .......... 49% 4.97M 1s
  2350K .......... .......... .......... .......... .......... 50% 4.89M 0s
  2400K .......... .......... .......... .......... .......... 51% 5.45M 0s
  2450K .......... .......... .......... .......... .......... 52% 4.67M 0s
  2500K .......... .......... .......... .......... .......... 53% 6.96M 0s
  2550K .......... .......... .......... .......... .......... 55% 5.41M 0s
  2600K .......... .......... .......... .......... .......... 56% 5.15M 0s
  2650K .......... .......... .......... .......... .......... 57% 4.88M 0s
  2700K .......... .......... .......... .......... .......... 58% 4.85M 0s
  2750K .......... .......... .......... .......... .......... 59% 5.30M 0s
  2800K .......... .......... .......... .......... .......... 60% 5.32M 0s
  2850K .......... .......... .......... .......... .......... 61% 6.72M 0s
  2900K .......... .......... .......... .......... .......... 62% 4.57M 0s
  2950K .......... .......... .......... .......... .......... 63% 6.64M 0s
  3000K .......... .......... .......... .......... .......... 64% 4.83M 0s
  3050K .......... .......... .......... .......... .......... 65% 6.90M 0s
  3100K .......... .......... .......... .......... .......... 66% 5.06M 0s
  3150K .......... .......... .......... .......... .......... 67% 3.90M 0s
  3200K .......... .......... .......... .......... .......... 68% 6.66M 0s
  3250K .......... .......... .......... .......... .......... 69% 4.63M 0s
  3300K .......... .......... .......... .......... .......... 70% 7.54M 0s
  3350K .......... .......... .......... .......... .......... 71% 5.02M 0s
  3400K .......... .......... .......... .......... .......... 73% 5.37M 0s
  3450K .......... .......... .......... .......... .......... 74% 6.99M 0s
  3500K .......... .......... .......... .......... .......... 75% 5.16M 0s
  3550K .......... .......... .......... .......... .......... 76% 3.94M 0s
  3600K .......... .......... .......... .......... .......... 77% 7.05M 0s
  3650K .......... .......... .......... .......... .......... 78% 5.06M 0s
  3700K .......... .......... .......... .......... .......... 79% 5.23M 0s
  3750K .......... .......... .......... .......... .......... 80% 6.55M 0s
  3800K .......... .......... .......... .......... .......... 81% 5.15M 0s
  3850K .......... .......... .......... .......... .......... 82% 6.98M 0s
  3900K .......... .......... .......... .......... .......... 83% 4.70M 0s
  3950K .......... .......... .......... .......... .......... 84% 4.30M 0s
  4000K .......... .......... .......... .......... .......... 85% 5.22M 0s
  4050K .......... .......... .......... .......... .......... 86% 7.07M 0s
  4100K .......... .......... .......... .......... .......... 87% 5.46M 0s
  4150K .......... .......... .......... .......... .......... 88% 5.13M 0s
  4200K .......... .......... .......... .......... .......... 89% 6.69M 0s
  4250K .......... .......... .......... .......... .......... 91% 5.28M 0s
  4300K .......... .......... .......... .......... .......... 92% 6.57M 0s
  4350K .......... .......... .......... .......... .......... 93% 3.87M 0s
  4400K .......... .......... .......... .......... .......... 94% 5.05M 0s
  4450K .......... .......... .......... .......... .......... 95% 7.05M 0s
  4500K .......... .......... .......... .......... .......... 96% 5.03M 0s
  4550K .......... .......... .......... .......... .......... 97% 7.00M 0s
  4600K .......... .......... .......... .......... .......... 98% 5.06M 0s
  4650K .......... .......... .......... .......... .......... 99% 6.97M 0s
  4700K .......... .......... ....                            100% 4.67M=0.9s

2025-05-11 00:29:33 (4.98 MB/s) - ‘kigo-25.04.1.tar.xz’ saved [4838136/4838136]

Found file: kigo-25.04.1.tar.xz
No checksum provided. Skipping checksum verification and proceeding...
Creating working directories and exporting source code in...
kigo-25.04.1/
kigo-25.04.1/cmake/
kigo-25.04.1/cmake/InternalMacros.cmake
kigo-25.04.1/cmake/FindGNUGo.cmake
kigo-25.04.1/Mainpage.dox
kigo-25.04.1/AUTHORS
kigo-25.04.1/CMakePresets.json.license
kigo-25.04.1/CMakePresets.json
kigo-25.04.1/.craft.ini
kigo-25.04.1/LICENSES/
kigo-25.04.1/LICENSES/GPL-2.0-only.txt
kigo-25.04.1/LICENSES/GFDL-1.2-or-later.txt
kigo-25.04.1/LICENSES/LicenseRef-KDE-Accepted-GPL.txt
kigo-25.04.1/LICENSES/GPL-3.0-only.txt
kigo-25.04.1/LICENSES/BSD-3-Clause.txt
kigo-25.04.1/LICENSES/CC0-1.0.txt
kigo-25.04.1/.gitlab-ci.yml
kigo-25.04.1/doc/
kigo-25.04.1/doc/index.docbook
kigo-25.04.1/doc/setup-theme.png
kigo-25.04.1/doc/play-game.png
kigo-25.04.1/doc/start-new-game.png
kigo-25.04.1/doc/setup-general.png
kigo-25.04.1/doc/start-loaded-game.png
kigo-25.04.1/doc/get-new-games.png
kigo-25.04.1/doc/CMakeLists.txt
kigo-25.04.1/doc/hint.png
kigo-25.04.1/data/
kigo-25.04.1/data/icons/
kigo-25.04.1/data/icons/64-apps-kigo.png
kigo-25.04.1/data/icons/22-apps-kigo.png
kigo-25.04.1/data/icons/128-apps-kigo.png
kigo-25.04.1/data/icons/48-apps-kigo.png
kigo-25.04.1/data/icons/CMakeLists.txt
kigo-25.04.1/data/icons/32-apps-kigo.png
kigo-25.04.1/data/icons/16-apps-kigo.png
kigo-25.04.1/data/games/
kigo-25.04.1/data/games/Mehin-21-2.sgf
kigo-25.04.1/data/games/Honinbo-51-5.sgf
kigo-25.04.1/data/games/CMakeLists.txt
kigo-25.04.1/data/themes/
kigo-25.04.1/data/themes/default.desktop
kigo-25.04.1/data/themes/kigo_default.png
kigo-25.04.1/data/themes/kigo_plain.png
kigo-25.04.1/data/themes/plain.desktop
kigo-25.04.1/data/themes/kigo_default.svg
kigo-25.04.1/data/themes/CMakeLists.txt
kigo-25.04.1/data/themes/kigo_plain.svg
kigo-25.04.1/data/CMakeLists.txt
kigo-25.04.1/data/sounds/
kigo-25.04.1/data/sounds/CMakeLists.txt
kigo-25.04.1/README
kigo-25.04.1/logo.png
kigo-25.04.1/snapcraft.yaml
kigo-25.04.1/TODO
kigo-25.04.1/.kde-ci.yml
kigo-25.04.1/.flatpak-manifest.json.license
kigo-25.04.1/po/
kigo-25.04.1/po/bg/
kigo-25.04.1/po/bg/kigo.po
kigo-25.04.1/po/pt/
kigo-25.04.1/po/pt/kigo.po
kigo-25.04.1/po/pt/docs/
kigo-25.04.1/po/pt/docs/kigo/
kigo-25.04.1/po/pt/docs/kigo/index.docbook
kigo-25.04.1/po/km/
kigo-25.04.1/po/km/kigo.po
kigo-25.04.1/po/nn/
kigo-25.04.1/po/nn/kigo.po
kigo-25.04.1/po/pl/
kigo-25.04.1/po/pl/kigo.po
kigo-25.04.1/po/ja/
kigo-25.04.1/po/ja/kigo.po
kigo-25.04.1/po/bs/
kigo-25.04.1/po/bs/kigo.po
kigo-25.04.1/po/zh_CN/
kigo-25.04.1/po/zh_CN/kigo.po
kigo-25.04.1/po/cs/
kigo-25.04.1/po/cs/kigo.po
kigo-25.04.1/po/es/
kigo-25.04.1/po/es/kigo.po
kigo-25.04.1/po/es/docs/
kigo-25.04.1/po/es/docs/kigo/
kigo-25.04.1/po/es/docs/kigo/index.docbook
kigo-25.04.1/po/ka/
kigo-25.04.1/po/ka/kigo.po
kigo-25.04.1/po/is/
kigo-25.04.1/po/is/kigo.po
kigo-25.04.1/po/hsb/
kigo-25.04.1/po/hsb/kigo.po
kigo-25.04.1/po/tr/
kigo-25.04.1/po/tr/kigo.po
kigo-25.04.1/po/ug/
kigo-25.04.1/po/ug/kigo.po
kigo-25.04.1/po/ca/
kigo-25.04.1/po/ca/kigo.po
kigo-25.04.1/po/ca/docs/
kigo-25.04.1/po/ca/docs/kigo/
kigo-25.04.1/po/ca/docs/kigo/index.docbook
kigo-25.04.1/po/ca@valencia/
kigo-25.04.1/po/ca@valencia/kigo.po
kigo-25.04.1/po/hr/
kigo-25.04.1/po/hr/kigo.po
kigo-25.04.1/po/gl/
kigo-25.04.1/po/gl/kigo.po
kigo-25.04.1/po/ro/
kigo-25.04.1/po/ro/kigo.po
kigo-25.04.1/po/eo/
kigo-25.04.1/po/eo/kigo.po
kigo-25.04.1/po/sr@ijekavian/
kigo-25.04.1/po/sr@ijekavian/kigo.po
kigo-25.04.1/po/nl/
kigo-25.04.1/po/nl/kigo.po
kigo-25.04.1/po/nl/docs/
kigo-25.04.1/po/nl/docs/kigo/
kigo-25.04.1/po/nl/docs/kigo/index.docbook
kigo-25.04.1/po/mr/
kigo-25.04.1/po/mr/kigo.po
kigo-25.04.1/po/ml/
kigo-25.04.1/po/ml/kigo.po
kigo-25.04.1/po/hu/
kigo-25.04.1/po/hu/kigo.po
kigo-25.04.1/po/eu/
kigo-25.04.1/po/eu/kigo.po
kigo-25.04.1/po/lv/
kigo-25.04.1/po/lv/kigo.po
kigo-25.04.1/po/nb/
kigo-25.04.1/po/nb/kigo.po
kigo-25.04.1/po/fr/
kigo-25.04.1/po/fr/kigo.po
kigo-25.04.1/po/fr/docs/
kigo-25.04.1/po/fr/docs/kigo/
kigo-25.04.1/po/fr/docs/kigo/get_new_games.png
kigo-25.04.1/po/fr/docs/kigo/index.docbook
kigo-25.04.1/po/fr/docs/kigo/setup-theme.png
kigo-25.04.1/po/fr/docs/kigo/play-game.png
kigo-25.04.1/po/fr/docs/kigo/start-new-game.png
kigo-25.04.1/po/fr/docs/kigo/setup-general.png
kigo-25.04.1/po/fr/docs/kigo/start-loaded-game.png
kigo-25.04.1/po/fr/docs/kigo/hint.png
kigo-25.04.1/po/hi/
kigo-25.04.1/po/hi/kigo.po
kigo-25.04.1/po/sl/
kigo-25.04.1/po/sl/kigo.po
kigo-25.04.1/po/sl/docs/
kigo-25.04.1/po/sl/docs/kigo/
kigo-25.04.1/po/sl/docs/kigo/index.docbook
kigo-25.04.1/po/sr@latin/
kigo-25.04.1/po/sr@latin/kigo.po
kigo-25.04.1/po/th/
kigo-25.04.1/po/th/kigo.po
kigo-25.04.1/po/sr/
kigo-25.04.1/po/sr/kigo.po
kigo-25.04.1/po/he/
kigo-25.04.1/po/he/kigo.po
kigo-25.04.1/po/de/
kigo-25.04.1/po/de/kigo.po
kigo-25.04.1/po/de/docs/
kigo-25.04.1/po/de/docs/kigo/
kigo-25.04.1/po/de/docs/kigo/index.docbook
kigo-25.04.1/po/de/docs/kigo/setup-theme.png
kigo-25.04.1/po/de/docs/kigo/play-game.png
kigo-25.04.1/po/de/docs/kigo/start-new-game.png
kigo-25.04.1/po/de/docs/kigo/setup-general.png
kigo-25.04.1/po/de/docs/kigo/start-loaded-game.png
kigo-25.04.1/po/de/docs/kigo/get-new-games.png
kigo-25.04.1/po/de/docs/kigo/hint.png
kigo-25.04.1/po/ar/
kigo-25.04.1/po/ar/kigo.po
kigo-25.04.1/po/sk/
kigo-25.04.1/po/sk/kigo.po
kigo-25.04.1/po/zh_TW/
kigo-25.04.1/po/zh_TW/kigo.po
kigo-25.04.1/po/et/
kigo-25.04.1/po/et/kigo.po
kigo-25.04.1/po/et/docs/
kigo-25.04.1/po/et/docs/kigo/
kigo-25.04.1/po/et/docs/kigo/index.docbook
kigo-25.04.1/po/it/
kigo-25.04.1/po/it/kigo.po
kigo-25.04.1/po/it/docs/
kigo-25.04.1/po/it/docs/kigo/
kigo-25.04.1/po/it/docs/kigo/index.docbook
kigo-25.04.1/po/mai/
kigo-25.04.1/po/mai/kigo.po
kigo-25.04.1/po/el/
kigo-25.04.1/po/el/kigo.po
kigo-25.04.1/po/da/
kigo-25.04.1/po/da/kigo.po
kigo-25.04.1/po/pt_BR/
kigo-25.04.1/po/pt_BR/kigo.po
kigo-25.04.1/po/pt_BR/docs/
kigo-25.04.1/po/pt_BR/docs/kigo/
kigo-25.04.1/po/pt_BR/docs/kigo/index.docbook
kigo-25.04.1/po/ru/
kigo-25.04.1/po/ru/kigo.po
kigo-25.04.1/po/ru/docs/
kigo-25.04.1/po/ru/docs/kigo/
kigo-25.04.1/po/ru/docs/kigo/index.docbook
kigo-25.04.1/po/ru/docs/kigo/setup-theme.png
kigo-25.04.1/po/ru/docs/kigo/play-game.png
kigo-25.04.1/po/ru/docs/kigo/start-new-game.png
kigo-25.04.1/po/ru/docs/kigo/setup-general.png
kigo-25.04.1/po/ru/docs/kigo/start-loaded-game.png
kigo-25.04.1/po/ru/docs/kigo/get-new-games.png
kigo-25.04.1/po/ru/docs/kigo/hint.png
kigo-25.04.1/po/id/
kigo-25.04.1/po/id/kigo.po
kigo-25.04.1/po/ia/
kigo-25.04.1/po/ia/kigo.po
kigo-25.04.1/po/sv/
kigo-25.04.1/po/sv/kigo.po
kigo-25.04.1/po/sv/docs/
kigo-25.04.1/po/sv/docs/kigo/
kigo-25.04.1/po/sv/docs/kigo/index.docbook
kigo-25.04.1/po/ms/
kigo-25.04.1/po/ms/kigo.po
kigo-25.04.1/po/fi/
kigo-25.04.1/po/fi/kigo.po
kigo-25.04.1/po/kk/
kigo-25.04.1/po/kk/kigo.po
kigo-25.04.1/po/ast/
kigo-25.04.1/po/ast/kigo.po
kigo-25.04.1/po/lt/
kigo-25.04.1/po/lt/kigo.po
kigo-25.04.1/po/sa/
kigo-25.04.1/po/sa/kigo.po
kigo-25.04.1/po/ko/
kigo-25.04.1/po/ko/kigo.po
kigo-25.04.1/po/ga/
kigo-25.04.1/po/ga/kigo.po
kigo-25.04.1/po/en_GB/
kigo-25.04.1/po/en_GB/kigo.po
kigo-25.04.1/po/uk/
kigo-25.04.1/po/uk/kigo.po
kigo-25.04.1/po/uk/docs/
kigo-25.04.1/po/uk/docs/kigo/
kigo-25.04.1/po/uk/docs/kigo/index.docbook
kigo-25.04.1/po/uk/docs/kigo/setup-theme.png
kigo-25.04.1/po/uk/docs/kigo/play-game.png
kigo-25.04.1/po/uk/docs/kigo/start-new-game.png
kigo-25.04.1/po/uk/docs/kigo/setup-general.png
kigo-25.04.1/po/uk/docs/kigo/start-loaded-game.png
kigo-25.04.1/po/uk/docs/kigo/get-new-games.png
kigo-25.04.1/po/uk/docs/kigo/hint.png
kigo-25.04.1/po/sr@ijekavianlatin/
kigo-25.04.1/po/sr@ijekavianlatin/kigo.po
kigo-25.04.1/po/nds/
kigo-25.04.1/po/nds/kigo.po
kigo-25.04.1/Doxyfile
kigo-25.04.1/.flatpak-manifest.json
kigo-25.04.1/CMakeLists.txt
kigo-25.04.1/src/
kigo-25.04.1/src/gui/
kigo-25.04.1/src/gui/graphicsview/
kigo-25.04.1/src/gui/graphicsview/gameview.cpp
kigo-25.04.1/src/gui/graphicsview/gamescene.h
kigo-25.04.1/src/gui/graphicsview/themerenderer.cpp
kigo-25.04.1/src/gui/graphicsview/gamescene.cpp
kigo-25.04.1/src/gui/graphicsview/gameview.h
kigo-25.04.1/src/gui/graphicsview/themerenderer.h
kigo-25.04.1/src/gui/mainwindow.h
kigo-25.04.1/src/gui/org.kde.kigo.appdata.xml
kigo-25.04.1/src/gui/kigoui.rc
kigo-25.04.1/src/gui/mainwindow.cpp
kigo-25.04.1/src/gui/config/
kigo-25.04.1/src/gui/config/generalconfig.h
kigo-25.04.1/src/gui/config/generalconfig.ui
kigo-25.04.1/src/gui/config/generalconfig.cpp
kigo-25.04.1/src/gui/org.kde.kigo.desktop
kigo-25.04.1/src/gui/widgets/
kigo-25.04.1/src/gui/widgets/errorwidget.cpp
kigo-25.04.1/src/gui/widgets/gamewidget.cpp
kigo-25.04.1/src/gui/widgets/setupwidget.ui
kigo-25.04.1/src/gui/widgets/setupwidget.h
kigo-25.04.1/src/gui/widgets/errorwidget.h
kigo-25.04.1/src/gui/widgets/setupwidget.cpp
kigo-25.04.1/src/gui/widgets/errorwidget.ui
kigo-25.04.1/src/gui/widgets/gamewidget.ui
kigo-25.04.1/src/gui/widgets/gamewidget.h
kigo-25.04.1/src/Messages.sh
kigo-25.04.1/src/kigo.kcfg
kigo-25.04.1/src/kigo.knsrc
kigo-25.04.1/src/kigo-games.knsrc
kigo-25.04.1/src/kigo.qrc
kigo-25.04.1/src/main.cpp
kigo-25.04.1/src/game/
kigo-25.04.1/src/game/game.cpp
kigo-25.04.1/src/game/player.cpp
kigo-25.04.1/src/game/move.cpp
kigo-25.04.1/src/game/score.h
kigo-25.04.1/src/game/move.h
kigo-25.04.1/src/game/stone.h
kigo-25.04.1/src/game/game.h
kigo-25.04.1/src/game/player.h
kigo-25.04.1/src/game/score.cpp
kigo-25.04.1/src/game/stone.cpp
kigo-25.04.1/src/CMakeLists.txt
kigo-25.04.1/src/preferences.kcfgc
kigo-25.04.1/.gitignore
/home/omen/GITHUB/PLASMA_WORLD/AthOS/REPO-AthOS/kigo/work
README or README.md already exists, skipping creation.
hm...lets continue and see what happens
-- The C compiler identification is GNU 14.2.0
-- The CXX compiler identification is GNU 14.2.0
-- Detecting C compiler ABI info
-- Detecting C compiler ABI info - done
-- Check for working C compiler: /usr/bin/cc - skipped
-- Detecting C compile features
-- Detecting C compile features - done
-- Detecting CXX compiler ABI info
-- Detecting CXX compiler ABI info - done
-- Check for working CXX compiler: /usr/bin/c++ - skipped
-- Detecting CXX compile features
-- Detecting CXX compile features - done
-- Installing in the same prefix as Qt, adopting their path scheme.
-- Looking for __GLIBC__
-- Looking for __GLIBC__ - found
-- Performing Test _OFFT_IS_64BIT
-- Performing Test _OFFT_IS_64BIT - Success
-- Performing Test HAVE_DATE_TIME
-- Performing Test HAVE_DATE_TIME - Success
-- Could NOT find 7Zip (missing: 7Zip_EXECUTABLE) 
-- Found gzip: /usr/bin/gzip
-- Performing Test HAVE_STDATOMIC
-- Performing Test HAVE_STDATOMIC - Success
-- Found WrapAtomic: TRUE
-- Found OpenGL: /usr/lib64/libOpenGL.so
-- Found WrapOpenGL: TRUE
-- Found XKB: /usr/lib64/libxkbcommon.so (found suitable version "1.9.2", minimum required is "0.5.0")
-- Found WrapVulkanHeaders: /usr/include
-- Found KF6CoreAddons: /usr/lib64/cmake/KF6CoreAddons/KF6CoreAddonsConfig.cmake (found version "6.14.0")
-- Found KF6Config: /usr/lib64/cmake/KF6Config/KF6ConfigConfig.cmake (found version "6.14.0")
-- Found KF6Crash: /usr/lib64/cmake/KF6Crash/KF6CrashConfig.cmake (found version "6.14.0")
-- Found KF6DBusAddons: /usr/lib64/cmake/KF6DBusAddons/KF6DBusAddonsConfig.cmake (found version "6.14.0")
-- Found KF6DocTools: /usr/lib64/cmake/KF6DocTools/KF6DocToolsConfig.cmake (found version "6.14.0")
-- Found Gettext: /usr/bin/msgmerge (found version "0.25")
-- Found KF6I18n: /usr/lib64/cmake/KF6I18n/KF6I18nConfig.cmake (found version "6.14.0")
-- Found KF6ConfigWidgets: /usr/lib64/cmake/KF6ConfigWidgets/KF6ConfigWidgetsConfig.cmake (found version "6.14.0")
-- Found KF6TextWidgets: /usr/lib64/cmake/KF6TextWidgets/KF6TextWidgetsConfig.cmake (found version "6.14.0")
-- Found KF6WidgetsAddons: /usr/lib64/cmake/KF6WidgetsAddons/KF6WidgetsAddonsConfig.cmake (found version "6.14.0")
-- Found KF6XmlGui: /usr/lib64/cmake/KF6XmlGui/KF6XmlGuiConfig.cmake (found version "6.14.0")
-- Found X11: /usr/include
-- Looking for XOpenDisplay in /usr/lib64/libX11.so;/usr/lib64/libXext.so
-- Looking for XOpenDisplay in /usr/lib64/libX11.so;/usr/lib64/libXext.so - found
-- Looking for gethostbyname
-- Looking for gethostbyname - found
-- Looking for connect
-- Looking for connect - found
-- Looking for remove
-- Looking for remove - found
-- Looking for shmat
-- Looking for shmat - found
-- Looking for IceConnectionNumber in ICE
-- Looking for IceConnectionNumber in ICE - found
-- Found KF6KIO: /usr/lib64/cmake/KF6KIO/KF6KIOConfig.cmake (found version "6.14.0")
-- Found KF6NewStuff: /usr/lib64/cmake/KF6NewStuff/KF6NewStuffConfig.cmake (found version "6.14.0")
-- Found KF6IconThemes: /usr/lib64/cmake/KF6IconThemes/KF6IconThemesConfig.cmake (found version "6.14.0")
-- Found KF6: success (found suitable version "6.14.0", minimum required is "6.0.0") found components: CoreAddons Config Crash DBusAddons DocTools I18n ConfigWidgets TextWidgets WidgetsAddons XmlGui KIO NewStuff IconThemes
-- The following OPTIONAL packages have been found:

 * OpenGL
 * Qt6Svg (required version >= 6.5.0)
 * XKB (required version >= 0.5.0), XKB API common to servers and clients., <http://xkbcommon.org>
 * WrapVulkanHeaders
 * Qt6DBusTools (required version >= 6.8.3)
 * Qt6QmlTools (required version >= 6.8.3)
 * Qt6CoreTools (required version >= 6.8.3)
 * Qt6GuiTools (required version >= 6.8.3)
 * Qt6WidgetsTools (required version >= 6.8.3)

-- The following REQUIRED packages have been found:

 * ECM (required version >= 6.0.0)
 * gzip, Data compression program for the gzip format, <https://www.gnu.org/software/gzip>
   For installing SVG files as SVGZ (less efficient fallback for 7Zip)
 * Qt6 (required version >= 6.5.0)
 * KF6Crash (required version >= 6.0.0)
 * KF6DBusAddons (required version >= 6.0.0)
 * KF6DocTools (required version >= 6.0.0)
 * Gettext
 * KF6I18n (required version >= 6.14.0)
 * KF6TextWidgets (required version >= 6.0.0)
 * KF6XmlGui (required version >= 6.0.0)
 * KF6CoreAddons (required version >= 6.14.0)
 * KF6KIO (required version >= 6.0.0)
 * KF6NewStuff (required version >= 6.0.0)
 * KF6IconThemes (required version >= 6.0.0)
 * KF6 (required version >= 6.0.0)
 * Qt6Widgets (required version >= 6.7.0)
 * KDEGames6 (required version >= 6.0.0)

-- The following OPTIONAL packages have not been found:

 * 7Zip, Data (de)compression program, <https://www.7-zip.org/>
   For installing SVG files as SVGZ

-- Configuring done (1.5s)
-- Generating done (0.0s)
-- Build files have been written to: /home/omen/GITHUB/PLASMA_WORLD/AthOS/REPO-AthOS/kigo/work/kigo-25.04.1/build
[1/44] Generating ts...
[2/44] Gzipping kigo_plain.svg
[3/44] Gzipping kigo_default.svg
[4/44] Generating mo...
[5/44] Generating po/sl/docs/kigo/index.cache.bz2
[6/44] Generating po/pt/docs/kigo/index.cache.bz2
[7/44] Generating po/de/docs/kigo/index.cache.bz2
[8/44] Generating po/fr/docs/kigo/index.cache.bz2
[9/44] Generating po/it/docs/kigo/index.cache.bz2
[10/44] Generating po/uk/docs/kigo/index.cache.bz2
[11/44] Generating po/et/docs/kigo/index.cache.bz2
[12/44] Generating po/ru/docs/kigo/index.cache.bz2
[13/44] Generating index.cache.bz2
[14/44] Generating po/nl/docs/kigo/index.cache.bz2
[15/44] Generating po/es/docs/kigo/index.cache.bz2
[16/44] Generating po/ca/docs/kigo/index.cache.bz2
[17/44] Generating po/sv/docs/kigo/index.cache.bz2
[18/44] Generating po/pt_BR/docs/kigo/index.cache.bz2
I/O warning : failed to load "/usr/share/kf6/kdoctools/customization/xsl/pt-BR.xml": No such file or directory
No "pt_br" localization of "footer-doc-comment" exists; using "en".
No "pt_br" localization of "footer-doc-feedback" exists; using "en".
No "pt_br" localization of "footer-doc-teamname" exists; using "en".
No "pt_br" localization of "footer-doc-comment" exists; using "en".
No "pt_br" localization of "footer-doc-feedback" exists; using "en".
No "pt_br" localization of "footer-doc-teamname" exists; using "en".
No "pt_br" localization of "footer-doc-comment" exists; using "en".
No "pt_br" localization of "footer-doc-feedback" exists; using "en".
No "pt_br" localization of "footer-doc-teamname" exists; using "en".
No "pt_br" localization of "footer-doc-comment" exists; using "en".
No "pt_br" localization of "footer-doc-feedback" exists; using "en".
No "pt_br" localization of "footer-doc-teamname" exists; using "en".
No "pt_br" localization of "footer-doc-comment" exists; using "en".
No "pt_br" localization of "footer-doc-feedback" exists; using "en".
No "pt_br" localization of "footer-doc-teamname" exists; using "en".
No "pt_br" localization of "footer-doc-comment" exists; using "en".
No "pt_br" localization of "footer-doc-feedback" exists; using "en".
No "pt_br" localization of "footer-doc-teamname" exists; using "en".
No "pt_br" localization of "footer-doc-comment" exists; using "en".
No "pt_br" localization of "footer-doc-feedback" exists; using "en".
No "pt_br" localization of "footer-doc-teamname" exists; using "en".
No "pt_br" localization of "footer-doc-comment" exists; using "en".
No "pt_br" localization of "footer-doc-feedback" exists; using "en".
No "pt_br" localization of "footer-doc-teamname" exists; using "en".
No "pt_br" localization of "footer-doc-comment" exists; using "en".
No "pt_br" localization of "footer-doc-feedback" exists; using "en".
No "pt_br" localization of "footer-doc-teamname" exists; using "en".
No "pt_br" localization of "footer-doc-comment" exists; using "en".
No "pt_br" localization of "footer-doc-feedback" exists; using "en".
No "pt_br" localization of "footer-doc-teamname" exists; using "en".
No "pt_br" localization of "footer-doc-comment" exists; using "en".
No "pt_br" localization of "footer-doc-feedback" exists; using "en".
No "pt_br" localization of "footer-doc-teamname" exists; using "en".
No "pt_br" localization of "footer-doc-comment" exists; using "en".
No "pt_br" localization of "footer-doc-feedback" exists; using "en".
No "pt_br" localization of "footer-doc-teamname" exists; using "en".
[19/44] Automatic MOC for target kigo
[20/44] Generating preferences.h, preferences.cpp
[21/44] Generating ui_errorwidget.h
[22/44] Automatic RCC for kigo.qrc
[23/44] Generating ui_gamewidget.h
[24/44] Generating ui_generalconfig.h
[25/44] Generating ui_setupwidget.h
[26/44] Building CXX object src/CMakeFiles/kigo.dir/kigo_autogen/mocs_compilation.cpp.o
[27/44] Building CXX object src/CMakeFiles/kigo.dir/kigo_autogen/EWIEGA46WW/qrc_kigo.cpp.o
[28/44] Building CXX object src/CMakeFiles/kigo.dir/kigo_debug.cpp.o
[29/44] Building CXX object src/CMakeFiles/kigo.dir/game/player.cpp.o
[30/44] Building CXX object src/CMakeFiles/kigo.dir/game/stone.cpp.o
[31/44] Building CXX object src/CMakeFiles/kigo.dir/main.cpp.o
[32/44] Building CXX object src/CMakeFiles/kigo.dir/game/move.cpp.o
[33/44] Building CXX object src/CMakeFiles/kigo.dir/game/score.cpp.o
[34/44] Building CXX object src/CMakeFiles/kigo.dir/preferences.cpp.o
[35/44] Building CXX object src/CMakeFiles/kigo.dir/gui/widgets/errorwidget.cpp.o
[36/44] Building CXX object src/CMakeFiles/kigo.dir/gui/graphicsview/gameview.cpp.o
[37/44] Building CXX object src/CMakeFiles/kigo.dir/gui/graphicsview/gamescene.cpp.o
[38/44] Building CXX object src/CMakeFiles/kigo.dir/gui/widgets/setupwidget.cpp.o
[39/44] Building CXX object src/CMakeFiles/kigo.dir/gui/widgets/gamewidget.cpp.o
[40/44] Building CXX object src/CMakeFiles/kigo.dir/gui/config/generalconfig.cpp.o
[41/44] Building CXX object src/CMakeFiles/kigo.dir/gui/graphicsview/themerenderer.cpp.o
[42/44] Building CXX object src/CMakeFiles/kigo.dir/game/game.cpp.o
[43/44] Building CXX object src/CMakeFiles/kigo.dir/gui/mainwindow.cpp.o
[44/44] Linking CXX executable bin/kigo
-- Install configuration: "RelWithDebInfo"
-- Installing: /home/omen/GITHUB/PLASMA_WORLD/AthOS/REPO-AthOS/kigo/package-kigo/usr/bin/kigo
-- Installing: /home/omen/GITHUB/PLASMA_WORLD/AthOS/REPO-AthOS/kigo/package-kigo/usr/share/config.kcfg/kigo.kcfg
-- Installing: /home/omen/GITHUB/PLASMA_WORLD/AthOS/REPO-AthOS/kigo/package-kigo/usr/share/knsrcfiles/kigo.knsrc
-- Installing: /home/omen/GITHUB/PLASMA_WORLD/AthOS/REPO-AthOS/kigo/package-kigo/usr/share/knsrcfiles/kigo-games.knsrc
-- Installing: /home/omen/GITHUB/PLASMA_WORLD/AthOS/REPO-AthOS/kigo/package-kigo/usr/share/applications/org.kde.kigo.desktop
-- Installing: /home/omen/GITHUB/PLASMA_WORLD/AthOS/REPO-AthOS/kigo/package-kigo/usr/share/metainfo/org.kde.kigo.appdata.xml
-- Installing: /home/omen/GITHUB/PLASMA_WORLD/AthOS/REPO-AthOS/kigo/package-kigo/usr/share/qlogging-categories6/kigo.categories
-- Installing: /home/omen/GITHUB/PLASMA_WORLD/AthOS/REPO-AthOS/kigo/package-kigo/usr/share/qlogging-categories6/kigo.renamecategories
-- Installing: /home/omen/GITHUB/PLASMA_WORLD/AthOS/REPO-AthOS/kigo/package-kigo/usr/share/kigo/games/Honinbo-51-5.sgf
-- Installing: /home/omen/GITHUB/PLASMA_WORLD/AthOS/REPO-AthOS/kigo/package-kigo/usr/share/kigo/games/Mehin-21-2.sgf
-- Installing: /home/omen/GITHUB/PLASMA_WORLD/AthOS/REPO-AthOS/kigo/package-kigo/usr/share/icons/hicolor/128x128/apps/kigo.png
-- Installing: /home/omen/GITHUB/PLASMA_WORLD/AthOS/REPO-AthOS/kigo/package-kigo/usr/share/icons/hicolor/16x16/apps/kigo.png
-- Installing: /home/omen/GITHUB/PLASMA_WORLD/AthOS/REPO-AthOS/kigo/package-kigo/usr/share/icons/hicolor/22x22/apps/kigo.png
-- Installing: /home/omen/GITHUB/PLASMA_WORLD/AthOS/REPO-AthOS/kigo/package-kigo/usr/share/icons/hicolor/32x32/apps/kigo.png
-- Installing: /home/omen/GITHUB/PLASMA_WORLD/AthOS/REPO-AthOS/kigo/package-kigo/usr/share/icons/hicolor/48x48/apps/kigo.png
-- Installing: /home/omen/GITHUB/PLASMA_WORLD/AthOS/REPO-AthOS/kigo/package-kigo/usr/share/icons/hicolor/64x64/apps/kigo.png
-- Installing: /home/omen/GITHUB/PLASMA_WORLD/AthOS/REPO-AthOS/kigo/package-kigo/usr/share/kigo/themes/default.desktop
-- Installing: /home/omen/GITHUB/PLASMA_WORLD/AthOS/REPO-AthOS/kigo/package-kigo/usr/share/kigo/themes/kigo_default.png
-- Installing: /home/omen/GITHUB/PLASMA_WORLD/AthOS/REPO-AthOS/kigo/package-kigo/usr/share/kigo/themes/kigo_default.svgz
-- Installing: /home/omen/GITHUB/PLASMA_WORLD/AthOS/REPO-AthOS/kigo/package-kigo/usr/share/kigo/themes/plain.desktop
-- Installing: /home/omen/GITHUB/PLASMA_WORLD/AthOS/REPO-AthOS/kigo/package-kigo/usr/share/kigo/themes/kigo_plain.png
-- Installing: /home/omen/GITHUB/PLASMA_WORLD/AthOS/REPO-AthOS/kigo/package-kigo/usr/share/kigo/themes/kigo_plain.svgz
-- Installing: /home/omen/GITHUB/PLASMA_WORLD/AthOS/REPO-AthOS/kigo/package-kigo/usr/share/doc/HTML/en/kigo/index.cache.bz2
-- Installing: /home/omen/GITHUB/PLASMA_WORLD/AthOS/REPO-AthOS/kigo/package-kigo/usr/share/doc/HTML/en/kigo/index.docbook
-- Installing: /home/omen/GITHUB/PLASMA_WORLD/AthOS/REPO-AthOS/kigo/package-kigo/usr/share/doc/HTML/en/kigo/get-new-games.png
-- Installing: /home/omen/GITHUB/PLASMA_WORLD/AthOS/REPO-AthOS/kigo/package-kigo/usr/share/doc/HTML/en/kigo/hint.png
-- Installing: /home/omen/GITHUB/PLASMA_WORLD/AthOS/REPO-AthOS/kigo/package-kigo/usr/share/doc/HTML/en/kigo/play-game.png
-- Installing: /home/omen/GITHUB/PLASMA_WORLD/AthOS/REPO-AthOS/kigo/package-kigo/usr/share/doc/HTML/en/kigo/setup-general.png
-- Installing: /home/omen/GITHUB/PLASMA_WORLD/AthOS/REPO-AthOS/kigo/package-kigo/usr/share/doc/HTML/en/kigo/setup-theme.png
-- Installing: /home/omen/GITHUB/PLASMA_WORLD/AthOS/REPO-AthOS/kigo/package-kigo/usr/share/doc/HTML/en/kigo/start-loaded-game.png
-- Installing: /home/omen/GITHUB/PLASMA_WORLD/AthOS/REPO-AthOS/kigo/package-kigo/usr/share/doc/HTML/en/kigo/start-new-game.png
-- Installing: /home/omen/GITHUB/PLASMA_WORLD/AthOS/REPO-AthOS/kigo/package-kigo/usr/share/locale
-- Installing: /home/omen/GITHUB/PLASMA_WORLD/AthOS/REPO-AthOS/kigo/package-kigo/usr/share/locale/da
-- Installing: /home/omen/GITHUB/PLASMA_WORLD/AthOS/REPO-AthOS/kigo/package-kigo/usr/share/locale/da/LC_MESSAGES
-- Installing: /home/omen/GITHUB/PLASMA_WORLD/AthOS/REPO-AthOS/kigo/package-kigo/usr/share/locale/da/LC_MESSAGES/kigo.mo
-- Installing: /home/omen/GITHUB/PLASMA_WORLD/AthOS/REPO-AthOS/kigo/package-kigo/usr/share/locale/ms
-- Installing: /home/omen/GITHUB/PLASMA_WORLD/AthOS/REPO-AthOS/kigo/package-kigo/usr/share/locale/ms/LC_MESSAGES
-- Installing: /home/omen/GITHUB/PLASMA_WORLD/AthOS/REPO-AthOS/kigo/package-kigo/usr/share/locale/ms/LC_MESSAGES/kigo.mo
-- Installing: /home/omen/GITHUB/PLASMA_WORLD/AthOS/REPO-AthOS/kigo/package-kigo/usr/share/locale/cs
-- Installing: /home/omen/GITHUB/PLASMA_WORLD/AthOS/REPO-AthOS/kigo/package-kigo/usr/share/locale/cs/LC_MESSAGES
-- Installing: /home/omen/GITHUB/PLASMA_WORLD/AthOS/REPO-AthOS/kigo/package-kigo/usr/share/locale/cs/LC_MESSAGES/kigo.mo
-- Installing: /home/omen/GITHUB/PLASMA_WORLD/AthOS/REPO-AthOS/kigo/package-kigo/usr/share/locale/ja
-- Installing: /home/omen/GITHUB/PLASMA_WORLD/AthOS/REPO-AthOS/kigo/package-kigo/usr/share/locale/ja/LC_MESSAGES
-- Installing: /home/omen/GITHUB/PLASMA_WORLD/AthOS/REPO-AthOS/kigo/package-kigo/usr/share/locale/ja/LC_MESSAGES/kigo.mo
-- Installing: /home/omen/GITHUB/PLASMA_WORLD/AthOS/REPO-AthOS/kigo/package-kigo/usr/share/locale/sr@ijekavian
-- Installing: /home/omen/GITHUB/PLASMA_WORLD/AthOS/REPO-AthOS/kigo/package-kigo/usr/share/locale/sr@ijekavian/LC_MESSAGES
-- Installing: /home/omen/GITHUB/PLASMA_WORLD/AthOS/REPO-AthOS/kigo/package-kigo/usr/share/locale/sr@ijekavian/LC_MESSAGES/kigo.mo
-- Installing: /home/omen/GITHUB/PLASMA_WORLD/AthOS/REPO-AthOS/kigo/package-kigo/usr/share/locale/de
-- Installing: /home/omen/GITHUB/PLASMA_WORLD/AthOS/REPO-AthOS/kigo/package-kigo/usr/share/locale/de/LC_MESSAGES
-- Installing: /home/omen/GITHUB/PLASMA_WORLD/AthOS/REPO-AthOS/kigo/package-kigo/usr/share/locale/de/LC_MESSAGES/kigo.mo
-- Installing: /home/omen/GITHUB/PLASMA_WORLD/AthOS/REPO-AthOS/kigo/package-kigo/usr/share/locale/el
-- Installing: /home/omen/GITHUB/PLASMA_WORLD/AthOS/REPO-AthOS/kigo/package-kigo/usr/share/locale/el/LC_MESSAGES
-- Installing: /home/omen/GITHUB/PLASMA_WORLD/AthOS/REPO-AthOS/kigo/package-kigo/usr/share/locale/el/LC_MESSAGES/kigo.mo
-- Installing: /home/omen/GITHUB/PLASMA_WORLD/AthOS/REPO-AthOS/kigo/package-kigo/usr/share/locale/nn
-- Installing: /home/omen/GITHUB/PLASMA_WORLD/AthOS/REPO-AthOS/kigo/package-kigo/usr/share/locale/nn/LC_MESSAGES
-- Installing: /home/omen/GITHUB/PLASMA_WORLD/AthOS/REPO-AthOS/kigo/package-kigo/usr/share/locale/nn/LC_MESSAGES/kigo.mo
-- Installing: /home/omen/GITHUB/PLASMA_WORLD/AthOS/REPO-AthOS/kigo/package-kigo/usr/share/locale/sr
-- Installing: /home/omen/GITHUB/PLASMA_WORLD/AthOS/REPO-AthOS/kigo/package-kigo/usr/share/locale/sr/LC_MESSAGES
-- Installing: /home/omen/GITHUB/PLASMA_WORLD/AthOS/REPO-AthOS/kigo/package-kigo/usr/share/locale/sr/LC_MESSAGES/kigo.mo
-- Installing: /home/omen/GITHUB/PLASMA_WORLD/AthOS/REPO-AthOS/kigo/package-kigo/usr/share/locale/hi
-- Installing: /home/omen/GITHUB/PLASMA_WORLD/AthOS/REPO-AthOS/kigo/package-kigo/usr/share/locale/hi/LC_MESSAGES
-- Installing: /home/omen/GITHUB/PLASMA_WORLD/AthOS/REPO-AthOS/kigo/package-kigo/usr/share/locale/hi/LC_MESSAGES/kigo.mo
-- Installing: /home/omen/GITHUB/PLASMA_WORLD/AthOS/REPO-AthOS/kigo/package-kigo/usr/share/locale/pt_BR
-- Installing: /home/omen/GITHUB/PLASMA_WORLD/AthOS/REPO-AthOS/kigo/package-kigo/usr/share/locale/pt_BR/LC_MESSAGES
-- Installing: /home/omen/GITHUB/PLASMA_WORLD/AthOS/REPO-AthOS/kigo/package-kigo/usr/share/locale/pt_BR/LC_MESSAGES/kigo.mo
-- Installing: /home/omen/GITHUB/PLASMA_WORLD/AthOS/REPO-AthOS/kigo/package-kigo/usr/share/locale/lt
-- Installing: /home/omen/GITHUB/PLASMA_WORLD/AthOS/REPO-AthOS/kigo/package-kigo/usr/share/locale/lt/LC_MESSAGES
-- Installing: /home/omen/GITHUB/PLASMA_WORLD/AthOS/REPO-AthOS/kigo/package-kigo/usr/share/locale/lt/LC_MESSAGES/kigo.mo
-- Installing: /home/omen/GITHUB/PLASMA_WORLD/AthOS/REPO-AthOS/kigo/package-kigo/usr/share/locale/sr@ijekavianlatin
-- Installing: /home/omen/GITHUB/PLASMA_WORLD/AthOS/REPO-AthOS/kigo/package-kigo/usr/share/locale/sr@ijekavianlatin/LC_MESSAGES
-- Installing: /home/omen/GITHUB/PLASMA_WORLD/AthOS/REPO-AthOS/kigo/package-kigo/usr/share/locale/sr@ijekavianlatin/LC_MESSAGES/kigo.mo
-- Installing: /home/omen/GITHUB/PLASMA_WORLD/AthOS/REPO-AthOS/kigo/package-kigo/usr/share/locale/sl
-- Installing: /home/omen/GITHUB/PLASMA_WORLD/AthOS/REPO-AthOS/kigo/package-kigo/usr/share/locale/sl/LC_MESSAGES
-- Installing: /home/omen/GITHUB/PLASMA_WORLD/AthOS/REPO-AthOS/kigo/package-kigo/usr/share/locale/sl/LC_MESSAGES/kigo.mo
-- Installing: /home/omen/GITHUB/PLASMA_WORLD/AthOS/REPO-AthOS/kigo/package-kigo/usr/share/locale/ro
-- Installing: /home/omen/GITHUB/PLASMA_WORLD/AthOS/REPO-AthOS/kigo/package-kigo/usr/share/locale/ro/LC_MESSAGES
-- Installing: /home/omen/GITHUB/PLASMA_WORLD/AthOS/REPO-AthOS/kigo/package-kigo/usr/share/locale/ro/LC_MESSAGES/kigo.mo
-- Installing: /home/omen/GITHUB/PLASMA_WORLD/AthOS/REPO-AthOS/kigo/package-kigo/usr/share/locale/bs
-- Installing: /home/omen/GITHUB/PLASMA_WORLD/AthOS/REPO-AthOS/kigo/package-kigo/usr/share/locale/bs/LC_MESSAGES
-- Installing: /home/omen/GITHUB/PLASMA_WORLD/AthOS/REPO-AthOS/kigo/package-kigo/usr/share/locale/bs/LC_MESSAGES/kigo.mo
-- Installing: /home/omen/GITHUB/PLASMA_WORLD/AthOS/REPO-AthOS/kigo/package-kigo/usr/share/locale/is
-- Installing: /home/omen/GITHUB/PLASMA_WORLD/AthOS/REPO-AthOS/kigo/package-kigo/usr/share/locale/is/LC_MESSAGES
-- Installing: /home/omen/GITHUB/PLASMA_WORLD/AthOS/REPO-AthOS/kigo/package-kigo/usr/share/locale/is/LC_MESSAGES/kigo.mo
-- Installing: /home/omen/GITHUB/PLASMA_WORLD/AthOS/REPO-AthOS/kigo/package-kigo/usr/share/locale/kk
-- Installing: /home/omen/GITHUB/PLASMA_WORLD/AthOS/REPO-AthOS/kigo/package-kigo/usr/share/locale/kk/LC_MESSAGES
-- Installing: /home/omen/GITHUB/PLASMA_WORLD/AthOS/REPO-AthOS/kigo/package-kigo/usr/share/locale/kk/LC_MESSAGES/kigo.mo
-- Installing: /home/omen/GITHUB/PLASMA_WORLD/AthOS/REPO-AthOS/kigo/package-kigo/usr/share/locale/sr@latin
-- Installing: /home/omen/GITHUB/PLASMA_WORLD/AthOS/REPO-AthOS/kigo/package-kigo/usr/share/locale/sr@latin/LC_MESSAGES
-- Installing: /home/omen/GITHUB/PLASMA_WORLD/AthOS/REPO-AthOS/kigo/package-kigo/usr/share/locale/sr@latin/LC_MESSAGES/kigo.mo
-- Installing: /home/omen/GITHUB/PLASMA_WORLD/AthOS/REPO-AthOS/kigo/package-kigo/usr/share/locale/he
-- Installing: /home/omen/GITHUB/PLASMA_WORLD/AthOS/REPO-AthOS/kigo/package-kigo/usr/share/locale/he/LC_MESSAGES
-- Installing: /home/omen/GITHUB/PLASMA_WORLD/AthOS/REPO-AthOS/kigo/package-kigo/usr/share/locale/he/LC_MESSAGES/kigo.mo
-- Installing: /home/omen/GITHUB/PLASMA_WORLD/AthOS/REPO-AthOS/kigo/package-kigo/usr/share/locale/zh_TW
-- Installing: /home/omen/GITHUB/PLASMA_WORLD/AthOS/REPO-AthOS/kigo/package-kigo/usr/share/locale/zh_TW/LC_MESSAGES
-- Installing: /home/omen/GITHUB/PLASMA_WORLD/AthOS/REPO-AthOS/kigo/package-kigo/usr/share/locale/zh_TW/LC_MESSAGES/kigo.mo
-- Installing: /home/omen/GITHUB/PLASMA_WORLD/AthOS/REPO-AthOS/kigo/package-kigo/usr/share/locale/pl
-- Installing: /home/omen/GITHUB/PLASMA_WORLD/AthOS/REPO-AthOS/kigo/package-kigo/usr/share/locale/pl/LC_MESSAGES
-- Installing: /home/omen/GITHUB/PLASMA_WORLD/AthOS/REPO-AthOS/kigo/package-kigo/usr/share/locale/pl/LC_MESSAGES/kigo.mo
-- Installing: /home/omen/GITHUB/PLASMA_WORLD/AthOS/REPO-AthOS/kigo/package-kigo/usr/share/locale/km
-- Installing: /home/omen/GITHUB/PLASMA_WORLD/AthOS/REPO-AthOS/kigo/package-kigo/usr/share/locale/km/LC_MESSAGES
-- Installing: /home/omen/GITHUB/PLASMA_WORLD/AthOS/REPO-AthOS/kigo/package-kigo/usr/share/locale/km/LC_MESSAGES/kigo.mo
-- Installing: /home/omen/GITHUB/PLASMA_WORLD/AthOS/REPO-AthOS/kigo/package-kigo/usr/share/locale/pt
-- Installing: /home/omen/GITHUB/PLASMA_WORLD/AthOS/REPO-AthOS/kigo/package-kigo/usr/share/locale/pt/LC_MESSAGES
-- Installing: /home/omen/GITHUB/PLASMA_WORLD/AthOS/REPO-AthOS/kigo/package-kigo/usr/share/locale/pt/LC_MESSAGES/kigo.mo
-- Installing: /home/omen/GITHUB/PLASMA_WORLD/AthOS/REPO-AthOS/kigo/package-kigo/usr/share/locale/hr
-- Installing: /home/omen/GITHUB/PLASMA_WORLD/AthOS/REPO-AthOS/kigo/package-kigo/usr/share/locale/hr/LC_MESSAGES
-- Installing: /home/omen/GITHUB/PLASMA_WORLD/AthOS/REPO-AthOS/kigo/package-kigo/usr/share/locale/hr/LC_MESSAGES/kigo.mo
-- Installing: /home/omen/GITHUB/PLASMA_WORLD/AthOS/REPO-AthOS/kigo/package-kigo/usr/share/locale/tr
-- Installing: /home/omen/GITHUB/PLASMA_WORLD/AthOS/REPO-AthOS/kigo/package-kigo/usr/share/locale/tr/LC_MESSAGES
-- Installing: /home/omen/GITHUB/PLASMA_WORLD/AthOS/REPO-AthOS/kigo/package-kigo/usr/share/locale/tr/LC_MESSAGES/kigo.mo
-- Installing: /home/omen/GITHUB/PLASMA_WORLD/AthOS/REPO-AthOS/kigo/package-kigo/usr/share/locale/fr
-- Installing: /home/omen/GITHUB/PLASMA_WORLD/AthOS/REPO-AthOS/kigo/package-kigo/usr/share/locale/fr/LC_MESSAGES
-- Installing: /home/omen/GITHUB/PLASMA_WORLD/AthOS/REPO-AthOS/kigo/package-kigo/usr/share/locale/fr/LC_MESSAGES/kigo.mo
-- Installing: /home/omen/GITHUB/PLASMA_WORLD/AthOS/REPO-AthOS/kigo/package-kigo/usr/share/locale/ast
-- Installing: /home/omen/GITHUB/PLASMA_WORLD/AthOS/REPO-AthOS/kigo/package-kigo/usr/share/locale/ast/LC_MESSAGES
-- Installing: /home/omen/GITHUB/PLASMA_WORLD/AthOS/REPO-AthOS/kigo/package-kigo/usr/share/locale/ast/LC_MESSAGES/kigo.mo
-- Installing: /home/omen/GITHUB/PLASMA_WORLD/AthOS/REPO-AthOS/kigo/package-kigo/usr/share/locale/mai
-- Installing: /home/omen/GITHUB/PLASMA_WORLD/AthOS/REPO-AthOS/kigo/package-kigo/usr/share/locale/mai/LC_MESSAGES
-- Installing: /home/omen/GITHUB/PLASMA_WORLD/AthOS/REPO-AthOS/kigo/package-kigo/usr/share/locale/mai/LC_MESSAGES/kigo.mo
-- Installing: /home/omen/GITHUB/PLASMA_WORLD/AthOS/REPO-AthOS/kigo/package-kigo/usr/share/locale/ka
-- Installing: /home/omen/GITHUB/PLASMA_WORLD/AthOS/REPO-AthOS/kigo/package-kigo/usr/share/locale/ka/LC_MESSAGES
-- Installing: /home/omen/GITHUB/PLASMA_WORLD/AthOS/REPO-AthOS/kigo/package-kigo/usr/share/locale/ka/LC_MESSAGES/kigo.mo
-- Installing: /home/omen/GITHUB/PLASMA_WORLD/AthOS/REPO-AthOS/kigo/package-kigo/usr/share/locale/hsb
-- Installing: /home/omen/GITHUB/PLASMA_WORLD/AthOS/REPO-AthOS/kigo/package-kigo/usr/share/locale/hsb/LC_MESSAGES
-- Installing: /home/omen/GITHUB/PLASMA_WORLD/AthOS/REPO-AthOS/kigo/package-kigo/usr/share/locale/hsb/LC_MESSAGES/kigo.mo
-- Installing: /home/omen/GITHUB/PLASMA_WORLD/AthOS/REPO-AthOS/kigo/package-kigo/usr/share/locale/th
-- Installing: /home/omen/GITHUB/PLASMA_WORLD/AthOS/REPO-AthOS/kigo/package-kigo/usr/share/locale/th/LC_MESSAGES
-- Installing: /home/omen/GITHUB/PLASMA_WORLD/AthOS/REPO-AthOS/kigo/package-kigo/usr/share/locale/th/LC_MESSAGES/kigo.mo
-- Installing: /home/omen/GITHUB/PLASMA_WORLD/AthOS/REPO-AthOS/kigo/package-kigo/usr/share/locale/gl
-- Installing: /home/omen/GITHUB/PLASMA_WORLD/AthOS/REPO-AthOS/kigo/package-kigo/usr/share/locale/gl/LC_MESSAGES
-- Installing: /home/omen/GITHUB/PLASMA_WORLD/AthOS/REPO-AthOS/kigo/package-kigo/usr/share/locale/gl/LC_MESSAGES/kigo.mo
-- Installing: /home/omen/GITHUB/PLASMA_WORLD/AthOS/REPO-AthOS/kigo/package-kigo/usr/share/locale/ia
-- Installing: /home/omen/GITHUB/PLASMA_WORLD/AthOS/REPO-AthOS/kigo/package-kigo/usr/share/locale/ia/LC_MESSAGES
-- Installing: /home/omen/GITHUB/PLASMA_WORLD/AthOS/REPO-AthOS/kigo/package-kigo/usr/share/locale/ia/LC_MESSAGES/kigo.mo
-- Installing: /home/omen/GITHUB/PLASMA_WORLD/AthOS/REPO-AthOS/kigo/package-kigo/usr/share/locale/hu
-- Installing: /home/omen/GITHUB/PLASMA_WORLD/AthOS/REPO-AthOS/kigo/package-kigo/usr/share/locale/hu/LC_MESSAGES
-- Installing: /home/omen/GITHUB/PLASMA_WORLD/AthOS/REPO-AthOS/kigo/package-kigo/usr/share/locale/hu/LC_MESSAGES/kigo.mo
-- Installing: /home/omen/GITHUB/PLASMA_WORLD/AthOS/REPO-AthOS/kigo/package-kigo/usr/share/locale/eo
-- Installing: /home/omen/GITHUB/PLASMA_WORLD/AthOS/REPO-AthOS/kigo/package-kigo/usr/share/locale/eo/LC_MESSAGES
-- Installing: /home/omen/GITHUB/PLASMA_WORLD/AthOS/REPO-AthOS/kigo/package-kigo/usr/share/locale/eo/LC_MESSAGES/kigo.mo
-- Installing: /home/omen/GITHUB/PLASMA_WORLD/AthOS/REPO-AthOS/kigo/package-kigo/usr/share/locale/bg
-- Installing: /home/omen/GITHUB/PLASMA_WORLD/AthOS/REPO-AthOS/kigo/package-kigo/usr/share/locale/bg/LC_MESSAGES
-- Installing: /home/omen/GITHUB/PLASMA_WORLD/AthOS/REPO-AthOS/kigo/package-kigo/usr/share/locale/bg/LC_MESSAGES/kigo.mo
-- Installing: /home/omen/GITHUB/PLASMA_WORLD/AthOS/REPO-AthOS/kigo/package-kigo/usr/share/locale/ga
-- Installing: /home/omen/GITHUB/PLASMA_WORLD/AthOS/REPO-AthOS/kigo/package-kigo/usr/share/locale/ga/LC_MESSAGES
-- Installing: /home/omen/GITHUB/PLASMA_WORLD/AthOS/REPO-AthOS/kigo/package-kigo/usr/share/locale/ga/LC_MESSAGES/kigo.mo
-- Installing: /home/omen/GITHUB/PLASMA_WORLD/AthOS/REPO-AthOS/kigo/package-kigo/usr/share/locale/ca
-- Installing: /home/omen/GITHUB/PLASMA_WORLD/AthOS/REPO-AthOS/kigo/package-kigo/usr/share/locale/ca/LC_MESSAGES
-- Installing: /home/omen/GITHUB/PLASMA_WORLD/AthOS/REPO-AthOS/kigo/package-kigo/usr/share/locale/ca/LC_MESSAGES/kigo.mo
-- Installing: /home/omen/GITHUB/PLASMA_WORLD/AthOS/REPO-AthOS/kigo/package-kigo/usr/share/locale/uk
-- Installing: /home/omen/GITHUB/PLASMA_WORLD/AthOS/REPO-AthOS/kigo/package-kigo/usr/share/locale/uk/LC_MESSAGES
-- Installing: /home/omen/GITHUB/PLASMA_WORLD/AthOS/REPO-AthOS/kigo/package-kigo/usr/share/locale/uk/LC_MESSAGES/kigo.mo
-- Installing: /home/omen/GITHUB/PLASMA_WORLD/AthOS/REPO-AthOS/kigo/package-kigo/usr/share/locale/id
-- Installing: /home/omen/GITHUB/PLASMA_WORLD/AthOS/REPO-AthOS/kigo/package-kigo/usr/share/locale/id/LC_MESSAGES
-- Installing: /home/omen/GITHUB/PLASMA_WORLD/AthOS/REPO-AthOS/kigo/package-kigo/usr/share/locale/id/LC_MESSAGES/kigo.mo
-- Installing: /home/omen/GITHUB/PLASMA_WORLD/AthOS/REPO-AthOS/kigo/package-kigo/usr/share/locale/en_GB
-- Installing: /home/omen/GITHUB/PLASMA_WORLD/AthOS/REPO-AthOS/kigo/package-kigo/usr/share/locale/en_GB/LC_MESSAGES
-- Installing: /home/omen/GITHUB/PLASMA_WORLD/AthOS/REPO-AthOS/kigo/package-kigo/usr/share/locale/en_GB/LC_MESSAGES/kigo.mo
-- Installing: /home/omen/GITHUB/PLASMA_WORLD/AthOS/REPO-AthOS/kigo/package-kigo/usr/share/locale/zh_CN
-- Installing: /home/omen/GITHUB/PLASMA_WORLD/AthOS/REPO-AthOS/kigo/package-kigo/usr/share/locale/zh_CN/LC_MESSAGES
-- Installing: /home/omen/GITHUB/PLASMA_WORLD/AthOS/REPO-AthOS/kigo/package-kigo/usr/share/locale/zh_CN/LC_MESSAGES/kigo.mo
-- Installing: /home/omen/GITHUB/PLASMA_WORLD/AthOS/REPO-AthOS/kigo/package-kigo/usr/share/locale/nl
-- Installing: /home/omen/GITHUB/PLASMA_WORLD/AthOS/REPO-AthOS/kigo/package-kigo/usr/share/locale/nl/LC_MESSAGES
-- Installing: /home/omen/GITHUB/PLASMA_WORLD/AthOS/REPO-AthOS/kigo/package-kigo/usr/share/locale/nl/LC_MESSAGES/kigo.mo
-- Installing: /home/omen/GITHUB/PLASMA_WORLD/AthOS/REPO-AthOS/kigo/package-kigo/usr/share/locale/sa
-- Installing: /home/omen/GITHUB/PLASMA_WORLD/AthOS/REPO-AthOS/kigo/package-kigo/usr/share/locale/sa/LC_MESSAGES
-- Installing: /home/omen/GITHUB/PLASMA_WORLD/AthOS/REPO-AthOS/kigo/package-kigo/usr/share/locale/sa/LC_MESSAGES/kigo.mo
-- Installing: /home/omen/GITHUB/PLASMA_WORLD/AthOS/REPO-AthOS/kigo/package-kigo/usr/share/locale/fi
-- Installing: /home/omen/GITHUB/PLASMA_WORLD/AthOS/REPO-AthOS/kigo/package-kigo/usr/share/locale/fi/LC_MESSAGES
-- Installing: /home/omen/GITHUB/PLASMA_WORLD/AthOS/REPO-AthOS/kigo/package-kigo/usr/share/locale/fi/LC_MESSAGES/kigo.mo
-- Installing: /home/omen/GITHUB/PLASMA_WORLD/AthOS/REPO-AthOS/kigo/package-kigo/usr/share/locale/ko
-- Installing: /home/omen/GITHUB/PLASMA_WORLD/AthOS/REPO-AthOS/kigo/package-kigo/usr/share/locale/ko/LC_MESSAGES
-- Installing: /home/omen/GITHUB/PLASMA_WORLD/AthOS/REPO-AthOS/kigo/package-kigo/usr/share/locale/ko/LC_MESSAGES/kigo.mo
-- Installing: /home/omen/GITHUB/PLASMA_WORLD/AthOS/REPO-AthOS/kigo/package-kigo/usr/share/locale/ru
-- Installing: /home/omen/GITHUB/PLASMA_WORLD/AthOS/REPO-AthOS/kigo/package-kigo/usr/share/locale/ru/LC_MESSAGES
-- Installing: /home/omen/GITHUB/PLASMA_WORLD/AthOS/REPO-AthOS/kigo/package-kigo/usr/share/locale/ru/LC_MESSAGES/kigo.mo
-- Installing: /home/omen/GITHUB/PLASMA_WORLD/AthOS/REPO-AthOS/kigo/package-kigo/usr/share/locale/lv
-- Installing: /home/omen/GITHUB/PLASMA_WORLD/AthOS/REPO-AthOS/kigo/package-kigo/usr/share/locale/lv/LC_MESSAGES
-- Installing: /home/omen/GITHUB/PLASMA_WORLD/AthOS/REPO-AthOS/kigo/package-kigo/usr/share/locale/lv/LC_MESSAGES/kigo.mo
-- Installing: /home/omen/GITHUB/PLASMA_WORLD/AthOS/REPO-AthOS/kigo/package-kigo/usr/share/locale/ml
-- Installing: /home/omen/GITHUB/PLASMA_WORLD/AthOS/REPO-AthOS/kigo/package-kigo/usr/share/locale/ml/LC_MESSAGES
-- Installing: /home/omen/GITHUB/PLASMA_WORLD/AthOS/REPO-AthOS/kigo/package-kigo/usr/share/locale/ml/LC_MESSAGES/kigo.mo
-- Installing: /home/omen/GITHUB/PLASMA_WORLD/AthOS/REPO-AthOS/kigo/package-kigo/usr/share/locale/ca@valencia
-- Installing: /home/omen/GITHUB/PLASMA_WORLD/AthOS/REPO-AthOS/kigo/package-kigo/usr/share/locale/ca@valencia/LC_MESSAGES
-- Installing: /home/omen/GITHUB/PLASMA_WORLD/AthOS/REPO-AthOS/kigo/package-kigo/usr/share/locale/ca@valencia/LC_MESSAGES/kigo.mo
-- Installing: /home/omen/GITHUB/PLASMA_WORLD/AthOS/REPO-AthOS/kigo/package-kigo/usr/share/locale/nb
-- Installing: /home/omen/GITHUB/PLASMA_WORLD/AthOS/REPO-AthOS/kigo/package-kigo/usr/share/locale/nb/LC_MESSAGES
-- Installing: /home/omen/GITHUB/PLASMA_WORLD/AthOS/REPO-AthOS/kigo/package-kigo/usr/share/locale/nb/LC_MESSAGES/kigo.mo
-- Installing: /home/omen/GITHUB/PLASMA_WORLD/AthOS/REPO-AthOS/kigo/package-kigo/usr/share/locale/es
-- Installing: /home/omen/GITHUB/PLASMA_WORLD/AthOS/REPO-AthOS/kigo/package-kigo/usr/share/locale/es/LC_MESSAGES
-- Installing: /home/omen/GITHUB/PLASMA_WORLD/AthOS/REPO-AthOS/kigo/package-kigo/usr/share/locale/es/LC_MESSAGES/kigo.mo
-- Installing: /home/omen/GITHUB/PLASMA_WORLD/AthOS/REPO-AthOS/kigo/package-kigo/usr/share/locale/eu
-- Installing: /home/omen/GITHUB/PLASMA_WORLD/AthOS/REPO-AthOS/kigo/package-kigo/usr/share/locale/eu/LC_MESSAGES
-- Installing: /home/omen/GITHUB/PLASMA_WORLD/AthOS/REPO-AthOS/kigo/package-kigo/usr/share/locale/eu/LC_MESSAGES/kigo.mo
-- Installing: /home/omen/GITHUB/PLASMA_WORLD/AthOS/REPO-AthOS/kigo/package-kigo/usr/share/locale/et
-- Installing: /home/omen/GITHUB/PLASMA_WORLD/AthOS/REPO-AthOS/kigo/package-kigo/usr/share/locale/et/LC_MESSAGES
-- Installing: /home/omen/GITHUB/PLASMA_WORLD/AthOS/REPO-AthOS/kigo/package-kigo/usr/share/locale/et/LC_MESSAGES/kigo.mo
-- Installing: /home/omen/GITHUB/PLASMA_WORLD/AthOS/REPO-AthOS/kigo/package-kigo/usr/share/locale/it
-- Installing: /home/omen/GITHUB/PLASMA_WORLD/AthOS/REPO-AthOS/kigo/package-kigo/usr/share/locale/it/LC_MESSAGES
-- Installing: /home/omen/GITHUB/PLASMA_WORLD/AthOS/REPO-AthOS/kigo/package-kigo/usr/share/locale/it/LC_MESSAGES/kigo.mo
-- Installing: /home/omen/GITHUB/PLASMA_WORLD/AthOS/REPO-AthOS/kigo/package-kigo/usr/share/locale/ar
-- Installing: /home/omen/GITHUB/PLASMA_WORLD/AthOS/REPO-AthOS/kigo/package-kigo/usr/share/locale/ar/LC_MESSAGES
-- Installing: /home/omen/GITHUB/PLASMA_WORLD/AthOS/REPO-AthOS/kigo/package-kigo/usr/share/locale/ar/LC_MESSAGES/kigo.mo
-- Installing: /home/omen/GITHUB/PLASMA_WORLD/AthOS/REPO-AthOS/kigo/package-kigo/usr/share/locale/nds
-- Installing: /home/omen/GITHUB/PLASMA_WORLD/AthOS/REPO-AthOS/kigo/package-kigo/usr/share/locale/nds/LC_MESSAGES
-- Installing: /home/omen/GITHUB/PLASMA_WORLD/AthOS/REPO-AthOS/kigo/package-kigo/usr/share/locale/nds/LC_MESSAGES/kigo.mo
-- Installing: /home/omen/GITHUB/PLASMA_WORLD/AthOS/REPO-AthOS/kigo/package-kigo/usr/share/locale/mr
-- Installing: /home/omen/GITHUB/PLASMA_WORLD/AthOS/REPO-AthOS/kigo/package-kigo/usr/share/locale/mr/LC_MESSAGES
-- Installing: /home/omen/GITHUB/PLASMA_WORLD/AthOS/REPO-AthOS/kigo/package-kigo/usr/share/locale/mr/LC_MESSAGES/kigo.mo
-- Installing: /home/omen/GITHUB/PLASMA_WORLD/AthOS/REPO-AthOS/kigo/package-kigo/usr/share/locale/ug
-- Installing: /home/omen/GITHUB/PLASMA_WORLD/AthOS/REPO-AthOS/kigo/package-kigo/usr/share/locale/ug/LC_MESSAGES
-- Installing: /home/omen/GITHUB/PLASMA_WORLD/AthOS/REPO-AthOS/kigo/package-kigo/usr/share/locale/ug/LC_MESSAGES/kigo.mo
-- Installing: /home/omen/GITHUB/PLASMA_WORLD/AthOS/REPO-AthOS/kigo/package-kigo/usr/share/locale/sk
-- Installing: /home/omen/GITHUB/PLASMA_WORLD/AthOS/REPO-AthOS/kigo/package-kigo/usr/share/locale/sk/LC_MESSAGES
-- Installing: /home/omen/GITHUB/PLASMA_WORLD/AthOS/REPO-AthOS/kigo/package-kigo/usr/share/locale/sk/LC_MESSAGES/kigo.mo
-- Installing: /home/omen/GITHUB/PLASMA_WORLD/AthOS/REPO-AthOS/kigo/package-kigo/usr/share/locale/sv
-- Installing: /home/omen/GITHUB/PLASMA_WORLD/AthOS/REPO-AthOS/kigo/package-kigo/usr/share/locale/sv/LC_MESSAGES
-- Installing: /home/omen/GITHUB/PLASMA_WORLD/AthOS/REPO-AthOS/kigo/package-kigo/usr/share/locale/sv/LC_MESSAGES/kigo.mo
-- Installing: /home/omen/GITHUB/PLASMA_WORLD/AthOS/REPO-AthOS/kigo/package-kigo/usr/share/doc/HTML/ca/kigo/index.cache.bz2
-- Installing: /home/omen/GITHUB/PLASMA_WORLD/AthOS/REPO-AthOS/kigo/package-kigo/usr/share/doc/HTML/ca/kigo/index.docbook
-- Installing: /home/omen/GITHUB/PLASMA_WORLD/AthOS/REPO-AthOS/kigo/package-kigo/usr/share/doc/HTML/de/kigo/index.cache.bz2
-- Installing: /home/omen/GITHUB/PLASMA_WORLD/AthOS/REPO-AthOS/kigo/package-kigo/usr/share/doc/HTML/de/kigo/index.docbook
-- Installing: /home/omen/GITHUB/PLASMA_WORLD/AthOS/REPO-AthOS/kigo/package-kigo/usr/share/doc/HTML/de/kigo/get-new-games.png
-- Installing: /home/omen/GITHUB/PLASMA_WORLD/AthOS/REPO-AthOS/kigo/package-kigo/usr/share/doc/HTML/de/kigo/hint.png
-- Installing: /home/omen/GITHUB/PLASMA_WORLD/AthOS/REPO-AthOS/kigo/package-kigo/usr/share/doc/HTML/de/kigo/play-game.png
-- Installing: /home/omen/GITHUB/PLASMA_WORLD/AthOS/REPO-AthOS/kigo/package-kigo/usr/share/doc/HTML/de/kigo/setup-general.png
-- Installing: /home/omen/GITHUB/PLASMA_WORLD/AthOS/REPO-AthOS/kigo/package-kigo/usr/share/doc/HTML/de/kigo/setup-theme.png
-- Installing: /home/omen/GITHUB/PLASMA_WORLD/AthOS/REPO-AthOS/kigo/package-kigo/usr/share/doc/HTML/de/kigo/start-loaded-game.png
-- Installing: /home/omen/GITHUB/PLASMA_WORLD/AthOS/REPO-AthOS/kigo/package-kigo/usr/share/doc/HTML/de/kigo/start-new-game.png
-- Installing: /home/omen/GITHUB/PLASMA_WORLD/AthOS/REPO-AthOS/kigo/package-kigo/usr/share/doc/HTML/es/kigo/index.cache.bz2
-- Installing: /home/omen/GITHUB/PLASMA_WORLD/AthOS/REPO-AthOS/kigo/package-kigo/usr/share/doc/HTML/es/kigo/index.docbook
-- Installing: /home/omen/GITHUB/PLASMA_WORLD/AthOS/REPO-AthOS/kigo/package-kigo/usr/share/doc/HTML/et/kigo/index.cache.bz2
-- Installing: /home/omen/GITHUB/PLASMA_WORLD/AthOS/REPO-AthOS/kigo/package-kigo/usr/share/doc/HTML/et/kigo/index.docbook
-- Installing: /home/omen/GITHUB/PLASMA_WORLD/AthOS/REPO-AthOS/kigo/package-kigo/usr/share/doc/HTML/fr/kigo/index.cache.bz2
-- Installing: /home/omen/GITHUB/PLASMA_WORLD/AthOS/REPO-AthOS/kigo/package-kigo/usr/share/doc/HTML/fr/kigo/index.docbook
-- Installing: /home/omen/GITHUB/PLASMA_WORLD/AthOS/REPO-AthOS/kigo/package-kigo/usr/share/doc/HTML/fr/kigo/get_new_games.png
-- Installing: /home/omen/GITHUB/PLASMA_WORLD/AthOS/REPO-AthOS/kigo/package-kigo/usr/share/doc/HTML/fr/kigo/hint.png
-- Installing: /home/omen/GITHUB/PLASMA_WORLD/AthOS/REPO-AthOS/kigo/package-kigo/usr/share/doc/HTML/fr/kigo/play-game.png
-- Installing: /home/omen/GITHUB/PLASMA_WORLD/AthOS/REPO-AthOS/kigo/package-kigo/usr/share/doc/HTML/fr/kigo/setup-general.png
-- Installing: /home/omen/GITHUB/PLASMA_WORLD/AthOS/REPO-AthOS/kigo/package-kigo/usr/share/doc/HTML/fr/kigo/setup-theme.png
-- Installing: /home/omen/GITHUB/PLASMA_WORLD/AthOS/REPO-AthOS/kigo/package-kigo/usr/share/doc/HTML/fr/kigo/start-loaded-game.png
-- Installing: /home/omen/GITHUB/PLASMA_WORLD/AthOS/REPO-AthOS/kigo/package-kigo/usr/share/doc/HTML/fr/kigo/start-new-game.png
-- Installing: /home/omen/GITHUB/PLASMA_WORLD/AthOS/REPO-AthOS/kigo/package-kigo/usr/share/doc/HTML/it/kigo/index.cache.bz2
-- Installing: /home/omen/GITHUB/PLASMA_WORLD/AthOS/REPO-AthOS/kigo/package-kigo/usr/share/doc/HTML/it/kigo/index.docbook
-- Installing: /home/omen/GITHUB/PLASMA_WORLD/AthOS/REPO-AthOS/kigo/package-kigo/usr/share/doc/HTML/nl/kigo/index.cache.bz2
-- Installing: /home/omen/GITHUB/PLASMA_WORLD/AthOS/REPO-AthOS/kigo/package-kigo/usr/share/doc/HTML/nl/kigo/index.docbook
-- Installing: /home/omen/GITHUB/PLASMA_WORLD/AthOS/REPO-AthOS/kigo/package-kigo/usr/share/doc/HTML/pt/kigo/index.cache.bz2
-- Installing: /home/omen/GITHUB/PLASMA_WORLD/AthOS/REPO-AthOS/kigo/package-kigo/usr/share/doc/HTML/pt/kigo/index.docbook
-- Installing: /home/omen/GITHUB/PLASMA_WORLD/AthOS/REPO-AthOS/kigo/package-kigo/usr/share/doc/HTML/pt_BR/kigo/index.cache.bz2
-- Installing: /home/omen/GITHUB/PLASMA_WORLD/AthOS/REPO-AthOS/kigo/package-kigo/usr/share/doc/HTML/pt_BR/kigo/index.docbook
-- Installing: /home/omen/GITHUB/PLASMA_WORLD/AthOS/REPO-AthOS/kigo/package-kigo/usr/share/doc/HTML/ru/kigo/index.cache.bz2
-- Installing: /home/omen/GITHUB/PLASMA_WORLD/AthOS/REPO-AthOS/kigo/package-kigo/usr/share/doc/HTML/ru/kigo/index.docbook
-- Installing: /home/omen/GITHUB/PLASMA_WORLD/AthOS/REPO-AthOS/kigo/package-kigo/usr/share/doc/HTML/ru/kigo/get-new-games.png
-- Installing: /home/omen/GITHUB/PLASMA_WORLD/AthOS/REPO-AthOS/kigo/package-kigo/usr/share/doc/HTML/ru/kigo/hint.png
-- Installing: /home/omen/GITHUB/PLASMA_WORLD/AthOS/REPO-AthOS/kigo/package-kigo/usr/share/doc/HTML/ru/kigo/play-game.png
-- Installing: /home/omen/GITHUB/PLASMA_WORLD/AthOS/REPO-AthOS/kigo/package-kigo/usr/share/doc/HTML/ru/kigo/setup-general.png
-- Installing: /home/omen/GITHUB/PLASMA_WORLD/AthOS/REPO-AthOS/kigo/package-kigo/usr/share/doc/HTML/ru/kigo/setup-theme.png
-- Installing: /home/omen/GITHUB/PLASMA_WORLD/AthOS/REPO-AthOS/kigo/package-kigo/usr/share/doc/HTML/ru/kigo/start-loaded-game.png
-- Installing: /home/omen/GITHUB/PLASMA_WORLD/AthOS/REPO-AthOS/kigo/package-kigo/usr/share/doc/HTML/ru/kigo/start-new-game.png
-- Installing: /home/omen/GITHUB/PLASMA_WORLD/AthOS/REPO-AthOS/kigo/package-kigo/usr/share/doc/HTML/sl/kigo/index.cache.bz2
-- Installing: /home/omen/GITHUB/PLASMA_WORLD/AthOS/REPO-AthOS/kigo/package-kigo/usr/share/doc/HTML/sl/kigo/index.docbook
-- Installing: /home/omen/GITHUB/PLASMA_WORLD/AthOS/REPO-AthOS/kigo/package-kigo/usr/share/doc/HTML/sv/kigo/index.cache.bz2
-- Installing: /home/omen/GITHUB/PLASMA_WORLD/AthOS/REPO-AthOS/kigo/package-kigo/usr/share/doc/HTML/sv/kigo/index.docbook
-- Installing: /home/omen/GITHUB/PLASMA_WORLD/AthOS/REPO-AthOS/kigo/package-kigo/usr/share/doc/HTML/uk/kigo/index.cache.bz2
-- Installing: /home/omen/GITHUB/PLASMA_WORLD/AthOS/REPO-AthOS/kigo/package-kigo/usr/share/doc/HTML/uk/kigo/index.docbook
-- Installing: /home/omen/GITHUB/PLASMA_WORLD/AthOS/REPO-AthOS/kigo/package-kigo/usr/share/doc/HTML/uk/kigo/get-new-games.png
-- Installing: /home/omen/GITHUB/PLASMA_WORLD/AthOS/REPO-AthOS/kigo/package-kigo/usr/share/doc/HTML/uk/kigo/hint.png
-- Installing: /home/omen/GITHUB/PLASMA_WORLD/AthOS/REPO-AthOS/kigo/package-kigo/usr/share/doc/HTML/uk/kigo/play-game.png
-- Installing: /home/omen/GITHUB/PLASMA_WORLD/AthOS/REPO-AthOS/kigo/package-kigo/usr/share/doc/HTML/uk/kigo/setup-general.png
-- Installing: /home/omen/GITHUB/PLASMA_WORLD/AthOS/REPO-AthOS/kigo/package-kigo/usr/share/doc/HTML/uk/kigo/setup-theme.png
-- Installing: /home/omen/GITHUB/PLASMA_WORLD/AthOS/REPO-AthOS/kigo/package-kigo/usr/share/doc/HTML/uk/kigo/start-loaded-game.png
-- Installing: /home/omen/GITHUB/PLASMA_WORLD/AthOS/REPO-AthOS/kigo/package-kigo/usr/share/doc/HTML/uk/kigo/start-new-game.png
The main part of source code is ready. We are moving on to preparing post install scripts, docs, license, man pages etc..
cp: cannot stat 'ChangeLog*': No such file or directory
cp: cannot stat 'COPYING': No such file or directory
cp: cannot stat 'CREDITS': No such file or directory
cp: cannot stat 'LICENSE': No such file or directory
cp: cannot stat 'MAINTAINERS': No such file or directory
cp: cannot stat 'NEWS': No such file or directory
cp: cannot stat 'docs': No such file or directory
cp: cannot stat 'DOCS': No such file or directory
grep: /home/omen/GITHUB/PLASMA_WORLD/AthOS/REPO-AthOS/kigo/kigo.info: No such file or directory
extra-cmake-modules
kconfig
kconfigwidgets
kcoreaddons
kcrash
kdbusaddons
kdoctools
ki18n
kio
knewstuff
ktextwidgets
kxmlgui
libkdegames
Packaging compiled for slackware installation...
MAKEPKG_FLAGS is empty or unset, using default

Slackware package maker, version 3.14159265.

Searching for symbolic links:

No symbolic links were found, so we won't make an installation script.
You can make your own later in ./install/doinst.sh and rebuild the
package if you like.

This next step is optional - you can set the directories in your package
to some sane permissions. If any of the directories in your package have
special permissions, then DO NOT reset them here!

Would you like to reset all directory permissions to 755 (drwxr-xr-x) and
directory ownerships to root:root ([y]es, [n]o)? n


Creating Slackware package:  /tmp/kigo/kigo-25.04.1-x86_64-1_rtz.tlz

./
install/
install/doinst.sh
install/slack-desc
usr/
usr/bin/
usr/bin/kigo
usr/doc/
usr/doc/kigo-25.04.1/
usr/doc/kigo-25.04.1/AUTHORS
usr/doc/kigo-25.04.1/README
usr/doc/kigo-25.04.1/kigo.ini
usr/doc/kigo-25.04.1/slack-required
usr/share/
usr/share/applications/
usr/share/applications/org.kde.kigo.desktop
usr/share/config.kcfg/
usr/share/config.kcfg/kigo.kcfg
usr/share/doc/
usr/share/doc/HTML/
usr/share/doc/HTML/ca/
usr/share/doc/HTML/ca/kigo/
usr/share/doc/HTML/ca/kigo/index.cache.bz2
usr/share/doc/HTML/ca/kigo/index.docbook
usr/share/doc/HTML/de/
usr/share/doc/HTML/de/kigo/
usr/share/doc/HTML/de/kigo/get-new-games.png
usr/share/doc/HTML/de/kigo/hint.png
usr/share/doc/HTML/de/kigo/index.cache.bz2
usr/share/doc/HTML/de/kigo/index.docbook
usr/share/doc/HTML/de/kigo/play-game.png
usr/share/doc/HTML/de/kigo/setup-general.png
usr/share/doc/HTML/de/kigo/setup-theme.png
usr/share/doc/HTML/de/kigo/start-loaded-game.png
usr/share/doc/HTML/de/kigo/start-new-game.png
usr/share/doc/HTML/en/
usr/share/doc/HTML/en/kigo/
usr/share/doc/HTML/en/kigo/get-new-games.png
usr/share/doc/HTML/en/kigo/hint.png
usr/share/doc/HTML/en/kigo/index.cache.bz2
usr/share/doc/HTML/en/kigo/index.docbook
usr/share/doc/HTML/en/kigo/play-game.png
usr/share/doc/HTML/en/kigo/setup-general.png
usr/share/doc/HTML/en/kigo/setup-theme.png
usr/share/doc/HTML/en/kigo/start-loaded-game.png
usr/share/doc/HTML/en/kigo/start-new-game.png
usr/share/doc/HTML/es/
usr/share/doc/HTML/es/kigo/
usr/share/doc/HTML/es/kigo/index.cache.bz2
usr/share/doc/HTML/es/kigo/index.docbook
usr/share/doc/HTML/et/
usr/share/doc/HTML/et/kigo/
usr/share/doc/HTML/et/kigo/index.cache.bz2
usr/share/doc/HTML/et/kigo/index.docbook
usr/share/doc/HTML/fr/
usr/share/doc/HTML/fr/kigo/
usr/share/doc/HTML/fr/kigo/get_new_games.png
usr/share/doc/HTML/fr/kigo/hint.png
usr/share/doc/HTML/fr/kigo/index.cache.bz2
usr/share/doc/HTML/fr/kigo/index.docbook
usr/share/doc/HTML/fr/kigo/play-game.png
usr/share/doc/HTML/fr/kigo/setup-general.png
usr/share/doc/HTML/fr/kigo/setup-theme.png
usr/share/doc/HTML/fr/kigo/start-loaded-game.png
usr/share/doc/HTML/fr/kigo/start-new-game.png
usr/share/doc/HTML/it/
usr/share/doc/HTML/it/kigo/
usr/share/doc/HTML/it/kigo/index.cache.bz2
usr/share/doc/HTML/it/kigo/index.docbook
usr/share/doc/HTML/nl/
usr/share/doc/HTML/nl/kigo/
usr/share/doc/HTML/nl/kigo/index.cache.bz2
usr/share/doc/HTML/nl/kigo/index.docbook
usr/share/doc/HTML/pt/
usr/share/doc/HTML/pt/kigo/
usr/share/doc/HTML/pt/kigo/index.cache.bz2
usr/share/doc/HTML/pt/kigo/index.docbook
usr/share/doc/HTML/pt_BR/
usr/share/doc/HTML/pt_BR/kigo/
usr/share/doc/HTML/pt_BR/kigo/index.cache.bz2
usr/share/doc/HTML/pt_BR/kigo/index.docbook
usr/share/doc/HTML/ru/
usr/share/doc/HTML/ru/kigo/
usr/share/doc/HTML/ru/kigo/get-new-games.png
usr/share/doc/HTML/ru/kigo/hint.png
usr/share/doc/HTML/ru/kigo/index.cache.bz2
usr/share/doc/HTML/ru/kigo/index.docbook
usr/share/doc/HTML/ru/kigo/play-game.png
usr/share/doc/HTML/ru/kigo/setup-general.png
usr/share/doc/HTML/ru/kigo/setup-theme.png
usr/share/doc/HTML/ru/kigo/start-loaded-game.png
usr/share/doc/HTML/ru/kigo/start-new-game.png
usr/share/doc/HTML/sl/
usr/share/doc/HTML/sl/kigo/
usr/share/doc/HTML/sl/kigo/index.cache.bz2
usr/share/doc/HTML/sl/kigo/index.docbook
usr/share/doc/HTML/sv/
usr/share/doc/HTML/sv/kigo/
usr/share/doc/HTML/sv/kigo/index.cache.bz2
usr/share/doc/HTML/sv/kigo/index.docbook
usr/share/doc/HTML/uk/
usr/share/doc/HTML/uk/kigo/
usr/share/doc/HTML/uk/kigo/get-new-games.png
usr/share/doc/HTML/uk/kigo/hint.png
usr/share/doc/HTML/uk/kigo/index.cache.bz2
usr/share/doc/HTML/uk/kigo/index.docbook
usr/share/doc/HTML/uk/kigo/play-game.png
usr/share/doc/HTML/uk/kigo/setup-general.png
usr/share/doc/HTML/uk/kigo/setup-theme.png
usr/share/doc/HTML/uk/kigo/start-loaded-game.png
usr/share/doc/HTML/uk/kigo/start-new-game.png
usr/share/icons/
usr/share/icons/hicolor/
usr/share/icons/hicolor/128x128/
usr/share/icons/hicolor/128x128/apps/
usr/share/icons/hicolor/128x128/apps/kigo.png
usr/share/icons/hicolor/16x16/
usr/share/icons/hicolor/16x16/apps/
usr/share/icons/hicolor/16x16/apps/kigo.png
usr/share/icons/hicolor/22x22/
usr/share/icons/hicolor/22x22/apps/
usr/share/icons/hicolor/22x22/apps/kigo.png
usr/share/icons/hicolor/32x32/
usr/share/icons/hicolor/32x32/apps/
usr/share/icons/hicolor/32x32/apps/kigo.png
usr/share/icons/hicolor/48x48/
usr/share/icons/hicolor/48x48/apps/
usr/share/icons/hicolor/48x48/apps/kigo.png
usr/share/icons/hicolor/64x64/
usr/share/icons/hicolor/64x64/apps/
usr/share/icons/hicolor/64x64/apps/kigo.png
usr/share/kigo/
usr/share/kigo/games/
usr/share/kigo/games/Honinbo-51-5.sgf
usr/share/kigo/games/Mehin-21-2.sgf
usr/share/kigo/themes/
usr/share/kigo/themes/default.desktop
usr/share/kigo/themes/kigo_default.png
usr/share/kigo/themes/kigo_default.svgz
usr/share/kigo/themes/kigo_plain.png
usr/share/kigo/themes/kigo_plain.svgz
usr/share/kigo/themes/plain.desktop
usr/share/knsrcfiles/
usr/share/knsrcfiles/kigo-games.knsrc
usr/share/knsrcfiles/kigo.knsrc
usr/share/locale/
usr/share/locale/ar/
usr/share/locale/ar/LC_MESSAGES/
usr/share/locale/ar/LC_MESSAGES/kigo.mo
usr/share/locale/ast/
usr/share/locale/ast/LC_MESSAGES/
usr/share/locale/ast/LC_MESSAGES/kigo.mo
usr/share/locale/bg/
usr/share/locale/bg/LC_MESSAGES/
usr/share/locale/bg/LC_MESSAGES/kigo.mo
usr/share/locale/bs/
usr/share/locale/bs/LC_MESSAGES/
usr/share/locale/bs/LC_MESSAGES/kigo.mo
usr/share/locale/ca/
usr/share/locale/ca/LC_MESSAGES/
usr/share/locale/ca/LC_MESSAGES/kigo.mo
usr/share/locale/ca@valencia/
usr/share/locale/ca@valencia/LC_MESSAGES/
usr/share/locale/ca@valencia/LC_MESSAGES/kigo.mo
usr/share/locale/cs/
usr/share/locale/cs/LC_MESSAGES/
usr/share/locale/cs/LC_MESSAGES/kigo.mo
usr/share/locale/da/
usr/share/locale/da/LC_MESSAGES/
usr/share/locale/da/LC_MESSAGES/kigo.mo
usr/share/locale/de/
usr/share/locale/de/LC_MESSAGES/
usr/share/locale/de/LC_MESSAGES/kigo.mo
usr/share/locale/el/
usr/share/locale/el/LC_MESSAGES/
usr/share/locale/el/LC_MESSAGES/kigo.mo
usr/share/locale/en_GB/
usr/share/locale/en_GB/LC_MESSAGES/
usr/share/locale/en_GB/LC_MESSAGES/kigo.mo
usr/share/locale/eo/
usr/share/locale/eo/LC_MESSAGES/
usr/share/locale/eo/LC_MESSAGES/kigo.mo
usr/share/locale/es/
usr/share/locale/es/LC_MESSAGES/
usr/share/locale/es/LC_MESSAGES/kigo.mo
usr/share/locale/et/
usr/share/locale/et/LC_MESSAGES/
usr/share/locale/et/LC_MESSAGES/kigo.mo
usr/share/locale/eu/
usr/share/locale/eu/LC_MESSAGES/
usr/share/locale/eu/LC_MESSAGES/kigo.mo
usr/share/locale/fi/
usr/share/locale/fi/LC_MESSAGES/
usr/share/locale/fi/LC_MESSAGES/kigo.mo
usr/share/locale/fr/
usr/share/locale/fr/LC_MESSAGES/
usr/share/locale/fr/LC_MESSAGES/kigo.mo
usr/share/locale/ga/
usr/share/locale/ga/LC_MESSAGES/
usr/share/locale/ga/LC_MESSAGES/kigo.mo
usr/share/locale/gl/
usr/share/locale/gl/LC_MESSAGES/
usr/share/locale/gl/LC_MESSAGES/kigo.mo
usr/share/locale/he/
usr/share/locale/he/LC_MESSAGES/
usr/share/locale/he/LC_MESSAGES/kigo.mo
usr/share/locale/hi/
usr/share/locale/hi/LC_MESSAGES/
usr/share/locale/hi/LC_MESSAGES/kigo.mo
usr/share/locale/hr/
usr/share/locale/hr/LC_MESSAGES/
usr/share/locale/hr/LC_MESSAGES/kigo.mo
usr/share/locale/hsb/
usr/share/locale/hsb/LC_MESSAGES/
usr/share/locale/hsb/LC_MESSAGES/kigo.mo
usr/share/locale/hu/
usr/share/locale/hu/LC_MESSAGES/
usr/share/locale/hu/LC_MESSAGES/kigo.mo
usr/share/locale/ia/
usr/share/locale/ia/LC_MESSAGES/
usr/share/locale/ia/LC_MESSAGES/kigo.mo
usr/share/locale/id/
usr/share/locale/id/LC_MESSAGES/
usr/share/locale/id/LC_MESSAGES/kigo.mo
usr/share/locale/is/
usr/share/locale/is/LC_MESSAGES/
usr/share/locale/is/LC_MESSAGES/kigo.mo
usr/share/locale/it/
usr/share/locale/it/LC_MESSAGES/
usr/share/locale/it/LC_MESSAGES/kigo.mo
usr/share/locale/ja/
usr/share/locale/ja/LC_MESSAGES/
usr/share/locale/ja/LC_MESSAGES/kigo.mo
usr/share/locale/ka/
usr/share/locale/ka/LC_MESSAGES/
usr/share/locale/ka/LC_MESSAGES/kigo.mo
usr/share/locale/kk/
usr/share/locale/kk/LC_MESSAGES/
usr/share/locale/kk/LC_MESSAGES/kigo.mo
usr/share/locale/km/
usr/share/locale/km/LC_MESSAGES/
usr/share/locale/km/LC_MESSAGES/kigo.mo
usr/share/locale/ko/
usr/share/locale/ko/LC_MESSAGES/
usr/share/locale/ko/LC_MESSAGES/kigo.mo
usr/share/locale/lt/
usr/share/locale/lt/LC_MESSAGES/
usr/share/locale/lt/LC_MESSAGES/kigo.mo
usr/share/locale/lv/
usr/share/locale/lv/LC_MESSAGES/
usr/share/locale/lv/LC_MESSAGES/kigo.mo
usr/share/locale/mai/
usr/share/locale/mai/LC_MESSAGES/
usr/share/locale/mai/LC_MESSAGES/kigo.mo
usr/share/locale/ml/
usr/share/locale/ml/LC_MESSAGES/
usr/share/locale/ml/LC_MESSAGES/kigo.mo
usr/share/locale/mr/
usr/share/locale/mr/LC_MESSAGES/
usr/share/locale/mr/LC_MESSAGES/kigo.mo
usr/share/locale/ms/
usr/share/locale/ms/LC_MESSAGES/
usr/share/locale/ms/LC_MESSAGES/kigo.mo
usr/share/locale/nb/
usr/share/locale/nb/LC_MESSAGES/
usr/share/locale/nb/LC_MESSAGES/kigo.mo
usr/share/locale/nds/
usr/share/locale/nds/LC_MESSAGES/
usr/share/locale/nds/LC_MESSAGES/kigo.mo
usr/share/locale/nl/
usr/share/locale/nl/LC_MESSAGES/
usr/share/locale/nl/LC_MESSAGES/kigo.mo
usr/share/locale/nn/
usr/share/locale/nn/LC_MESSAGES/
usr/share/locale/nn/LC_MESSAGES/kigo.mo
usr/share/locale/pl/
usr/share/locale/pl/LC_MESSAGES/
usr/share/locale/pl/LC_MESSAGES/kigo.mo
usr/share/locale/pt/
usr/share/locale/pt/LC_MESSAGES/
usr/share/locale/pt/LC_MESSAGES/kigo.mo
usr/share/locale/pt_BR/
usr/share/locale/pt_BR/LC_MESSAGES/
usr/share/locale/pt_BR/LC_MESSAGES/kigo.mo
usr/share/locale/ro/
usr/share/locale/ro/LC_MESSAGES/
usr/share/locale/ro/LC_MESSAGES/kigo.mo
usr/share/locale/ru/
usr/share/locale/ru/LC_MESSAGES/
usr/share/locale/ru/LC_MESSAGES/kigo.mo
usr/share/locale/sa/
usr/share/locale/sa/LC_MESSAGES/
usr/share/locale/sa/LC_MESSAGES/kigo.mo
usr/share/locale/sk/
usr/share/locale/sk/LC_MESSAGES/
usr/share/locale/sk/LC_MESSAGES/kigo.mo
usr/share/locale/sl/
usr/share/locale/sl/LC_MESSAGES/
usr/share/locale/sl/LC_MESSAGES/kigo.mo
usr/share/locale/sr/
usr/share/locale/sr/LC_MESSAGES/
usr/share/locale/sr/LC_MESSAGES/kigo.mo
usr/share/locale/sr@ijekavian/
usr/share/locale/sr@ijekavian/LC_MESSAGES/
usr/share/locale/sr@ijekavian/LC_MESSAGES/kigo.mo
usr/share/locale/sr@ijekavianlatin/
usr/share/locale/sr@ijekavianlatin/LC_MESSAGES/
usr/share/locale/sr@ijekavianlatin/LC_MESSAGES/kigo.mo
usr/share/locale/sr@latin/
usr/share/locale/sr@latin/LC_MESSAGES/
usr/share/locale/sr@latin/LC_MESSAGES/kigo.mo
usr/share/locale/sv/
usr/share/locale/sv/LC_MESSAGES/
usr/share/locale/sv/LC_MESSAGES/kigo.mo
usr/share/locale/th/
usr/share/locale/th/LC_MESSAGES/
usr/share/locale/th/LC_MESSAGES/kigo.mo
usr/share/locale/tr/
usr/share/locale/tr/LC_MESSAGES/
usr/share/locale/tr/LC_MESSAGES/kigo.mo
usr/share/locale/ug/
usr/share/locale/ug/LC_MESSAGES/
usr/share/locale/ug/LC_MESSAGES/kigo.mo
usr/share/locale/uk/
usr/share/locale/uk/LC_MESSAGES/
usr/share/locale/uk/LC_MESSAGES/kigo.mo
usr/share/locale/zh_CN/
usr/share/locale/zh_CN/LC_MESSAGES/
usr/share/locale/zh_CN/LC_MESSAGES/kigo.mo
usr/share/locale/zh_TW/
usr/share/locale/zh_TW/LC_MESSAGES/
usr/share/locale/zh_TW/LC_MESSAGES/kigo.mo
usr/share/metainfo/
usr/share/metainfo/org.kde.kigo.appdata.xml
usr/share/qlogging-categories6/
usr/share/qlogging-categories6/kigo.categories
usr/share/qlogging-categories6/kigo.renamecategories

Slackware package /tmp/kigo/kigo-25.04.1-x86_64-1_rtz.tlz created.

Create shared object file for kigo-25.04.1-x86_64-1_rtz.tlz
Creating /tmp/kigo/kigo-25.04.1-x86_64-1_rtz.tlz.so.file using /tmp/kigo/kigo-25.04.1-x86_64-1_rtz.tlz
Successfully created /tmp/kigo/kigo-25.04.1-x86_64-1_rtz.tlz.so.file
Packaging of executable and meta-data in kigo.tar.lz4 format.
/tmp/kigo /tmp/kigo
/tmp/kigo
BIN_NAME
README
kigo-25.04.1-x86_64-1_rtz.tlz
kigo-25.04.1-x86_64-1_rtz.tlz.md5
kigo-25.04.1-x86_64-1_rtz.tlz.so.file
kigo-25.04.1-x86_64-1_rtz.tlz.txt
kigo.dep
makepkg-kigo.log
kigo build finished. Procced to installation...

+===========================================================================================+
| Upgrading kigo-25.04.1-x86_64-1_rtz package using /tmp/kigo/kigo-25.04.1-x86_64-1_rtz.tlz |
+===========================================================================================+

Pre-installing package kigo-25.04.1-x86_64-1_rtz...
Removing package: kigo-25.04.1-x86_64-1_rtz-upgraded-2025-05-11,00:29:44
Installing package kigo-25.04.1-x86_64-1_rtz.tlz:
PACKAGE DESCRIPTION:
# kigo (Go game)
#
# An open-source implementation of the popular Go game
#
# https://kde.org/applications/games/kigo/
Executing install script for kigo-25.04.1-x86_64-1_rtz.tlz.
Font directories:
	/usr/share/fonts
/usr/share/fonts: caching, new cache contents: 0 fonts, 11 dirs
/usr/share/fonts/100dpi: caching, new cache contents: 238 fonts, 0 dirs
/usr/share/fonts/75dpi: caching, new cache contents: 238 fonts, 0 dirs
/usr/share/fonts/OTF: caching, new cache contents: 124 fonts, 0 dirs
/usr/share/fonts/Speedo: caching, new cache contents: 0 fonts, 0 dirs
/usr/share/fonts/TTF: caching, new cache contents: 1132 fonts, 0 dirs
/usr/share/fonts/Type1: caching, new cache contents: 64 fonts, 0 dirs
/usr/share/fonts/cyrillic: caching, new cache contents: 0 fonts, 0 dirs
/usr/share/fonts/encodings: caching, new cache contents: 0 fonts, 1 dirs
/usr/share/fonts/encodings/large: caching, new cache contents: 0 fonts, 0 dirs
/usr/share/fonts/kanjistrokeorders: caching, new cache contents: 1 fonts, 0 dirs
/usr/share/fonts/misc: caching, new cache contents: 143 fonts, 0 dirs
/usr/share/fonts/util: caching, new cache contents: 0 fonts, 0 dirs
/var/cache/fontconfig: cleaning cache directory
/root/.cache/fontconfig: not cleaning non-existent cache directory
/root/.fontconfig: not cleaning non-existent cache directory
/usr/bin/fc-cache: succeeded
Package kigo-25.04.1-x86_64-1_rtz.tlz installed.
Package kigo-25.04.1-x86_64-1_rtz upgraded with new package /tmp/kigo/kigo-25.04.1-x86_64-1_rtz.tlz.
Cleaning environmet: Removing source code, and work-space...
rm: cannot remove 'kigo-25.04.1.tar.xz': No such file or directory
Build process completed in 0 minutes and 18 seconds.
