[32mStarting build process...[0m
Detected architecture: x86_64
Required dependencies: doxygen	extra-cmake-modules	kcodecs	kconfig	kconfigwidgets	kcoreaddons	kwidgetsaddons	kxmlgui
doxygen is already installed!
extra-cmake-modules is already installed!
kcodecs is already installed!
kconfig is already installed!
kconfigwidgets is already installed!
kcoreaddons is already installed!
kwidgetsaddons is already installed!
kxmlgui is already installed!
No optional dependencies found.
Downloading source code tar.xz file
--2025-05-28 18:14:05--  https://download.kde.org/stable/frameworks/6.14/kbookmarks-6.14.0.tar.xz
Resolving download.kde.org (download.kde.org)... 49.12.122.15, 2a01:4f8:242:53eb::4
Connecting to download.kde.org (download.kde.org)|49.12.122.15|:443... connected.
HTTP request sent, awaiting response... 302 Found
Location: https://ftp.cc.uoc.gr/mirrors/kde/stable/frameworks/6.14/kbookmarks-6.14.0.tar.xz [following]
--2025-05-28 18:14:06--  https://ftp.cc.uoc.gr/mirrors/kde/stable/frameworks/6.14/kbookmarks-6.14.0.tar.xz
Resolving ftp.cc.uoc.gr (ftp.cc.uoc.gr)... 147.52.159.50, 2001:648:2c00:6c08::2
Connecting to ftp.cc.uoc.gr (ftp.cc.uoc.gr)|147.52.159.50|:443... connected.
HTTP request sent, awaiting response... 200 OK
Length: 1109584 (1.1M) [application/octet-stream]
Saving to: ‘kbookmarks-6.14.0.tar.xz’

     0K .......... .......... .......... .......... ..........  4% 1.35M 1s
    50K .......... .......... .......... .......... ..........  9% 1.46M 1s
   100K .......... .......... .......... .......... .......... 13% 5.29M 0s
   150K .......... .......... .......... .......... .......... 18% 2.00M 0s
   200K .......... .......... .......... .......... .......... 23% 7.17M 0s
   250K .......... .......... .......... .......... .......... 27% 5.20M 0s
   300K .......... .......... .......... .......... .......... 32% 7.00M 0s
   350K .......... .......... .......... .......... .......... 36%  911K 0s
   400K .......... .......... .......... .......... .......... 41%  331M 0s
   450K .......... .......... .......... .......... .......... 46%  322M 0s
   500K .......... .......... .......... .......... .......... 50% 2.67M 0s
   550K .......... .......... .......... .......... .......... 55% 6.50M 0s
   600K .......... .......... .......... .......... .......... 59% 21.1M 0s
   650K .......... .......... .......... .......... .......... 64% 10.8M 0s
   700K .......... .......... .......... .......... .......... 69% 10.3M 0s
   750K .......... .......... .......... .......... .......... 73%  234M 0s
   800K .......... .......... .......... .......... .......... 78%  347M 0s
   850K .......... .......... .......... .......... .......... 83% 5.37M 0s
   900K .......... .......... .......... .......... .......... 87% 6.73M 0s
   950K .......... .......... .......... .......... .......... 92% 5.15M 0s
  1000K .......... .......... .......... .......... .......... 96% 6.96M 0s
  1050K .......... .......... .......... ...                  100% 4.83M=0.3s

2025-05-28 18:14:07 (4.08 MB/s) - ‘kbookmarks-6.14.0.tar.xz’ saved [1109584/1109584]

Found file: kbookmarks-6.14.0.tar.xz
No checksum provided. Skipping checksum verification and proceeding...
Creating working directories and exporting source code in...
kbookmarks-6.14.0/
kbookmarks-6.14.0/.git-blame-ignore-revs
kbookmarks-6.14.0/.gitignore
kbookmarks-6.14.0/.gitlab-ci.yml
kbookmarks-6.14.0/.kde-ci.yml
kbookmarks-6.14.0/CMakeLists.txt
kbookmarks-6.14.0/KF6BookmarksConfig.cmake.in
kbookmarks-6.14.0/LICENSES/
kbookmarks-6.14.0/LICENSES/CC0-1.0.txt
kbookmarks-6.14.0/LICENSES/LGPL-2.0-only.txt
kbookmarks-6.14.0/LICENSES/LGPL-2.0-or-later.txt
kbookmarks-6.14.0/LICENSES/LGPL-3.0-only.txt
kbookmarks-6.14.0/LICENSES/LicenseRef-KDE-Accepted-LGPL.txt
kbookmarks-6.14.0/README.md
kbookmarks-6.14.0/autotests/
kbookmarks-6.14.0/autotests/CMakeLists.txt
kbookmarks-6.14.0/autotests/kbookmarktest.cpp
kbookmarks-6.14.0/docs/
kbookmarks-6.14.0/docs/Doxyfile.local
kbookmarks-6.14.0/metainfo.yaml
kbookmarks-6.14.0/poqm/
kbookmarks-6.14.0/poqm/af/
kbookmarks-6.14.0/poqm/af/kbookmarks6_qt.po
kbookmarks-6.14.0/poqm/ar/
kbookmarks-6.14.0/poqm/ar/kbookmarks6_qt.po
kbookmarks-6.14.0/poqm/ast/
kbookmarks-6.14.0/poqm/ast/kbookmarks6_qt.po
kbookmarks-6.14.0/poqm/az/
kbookmarks-6.14.0/poqm/az/kbookmarks6_qt.po
kbookmarks-6.14.0/poqm/be/
kbookmarks-6.14.0/poqm/be/kbookmarks6_qt.po
kbookmarks-6.14.0/poqm/be@latin/
kbookmarks-6.14.0/poqm/be@latin/kbookmarks6_qt.po
kbookmarks-6.14.0/poqm/bg/
kbookmarks-6.14.0/poqm/bg/kbookmarks6_qt.po
kbookmarks-6.14.0/poqm/bn/
kbookmarks-6.14.0/poqm/bn/kbookmarks6_qt.po
kbookmarks-6.14.0/poqm/br/
kbookmarks-6.14.0/poqm/br/kbookmarks6_qt.po
kbookmarks-6.14.0/poqm/bs/
kbookmarks-6.14.0/poqm/bs/kbookmarks6_qt.po
kbookmarks-6.14.0/poqm/ca/
kbookmarks-6.14.0/poqm/ca/kbookmarks6_qt.po
kbookmarks-6.14.0/poqm/ca@valencia/
kbookmarks-6.14.0/poqm/ca@valencia/kbookmarks6_qt.po
kbookmarks-6.14.0/poqm/cs/
kbookmarks-6.14.0/poqm/cs/kbookmarks6_qt.po
kbookmarks-6.14.0/poqm/csb/
kbookmarks-6.14.0/poqm/csb/kbookmarks6_qt.po
kbookmarks-6.14.0/poqm/cy/
kbookmarks-6.14.0/poqm/cy/kbookmarks6_qt.po
kbookmarks-6.14.0/poqm/da/
kbookmarks-6.14.0/poqm/da/kbookmarks6_qt.po
kbookmarks-6.14.0/poqm/de/
kbookmarks-6.14.0/poqm/de/kbookmarks6_qt.po
kbookmarks-6.14.0/poqm/el/
kbookmarks-6.14.0/poqm/el/kbookmarks6_qt.po
kbookmarks-6.14.0/poqm/en_GB/
kbookmarks-6.14.0/poqm/en_GB/kbookmarks6_qt.po
kbookmarks-6.14.0/poqm/eo/
kbookmarks-6.14.0/poqm/eo/kbookmarks6_qt.po
kbookmarks-6.14.0/poqm/es/
kbookmarks-6.14.0/poqm/es/kbookmarks6_qt.po
kbookmarks-6.14.0/poqm/et/
kbookmarks-6.14.0/poqm/et/kbookmarks6_qt.po
kbookmarks-6.14.0/poqm/eu/
kbookmarks-6.14.0/poqm/eu/kbookmarks6_qt.po
kbookmarks-6.14.0/poqm/fa/
kbookmarks-6.14.0/poqm/fa/kbookmarks6_qt.po
kbookmarks-6.14.0/poqm/fi/
kbookmarks-6.14.0/poqm/fi/kbookmarks6_qt.po
kbookmarks-6.14.0/poqm/fr/
kbookmarks-6.14.0/poqm/fr/kbookmarks6_qt.po
kbookmarks-6.14.0/poqm/fy/
kbookmarks-6.14.0/poqm/fy/kbookmarks6_qt.po
kbookmarks-6.14.0/poqm/ga/
kbookmarks-6.14.0/poqm/ga/kbookmarks6_qt.po
kbookmarks-6.14.0/poqm/gd/
kbookmarks-6.14.0/poqm/gd/kbookmarks6_qt.po
kbookmarks-6.14.0/poqm/gl/
kbookmarks-6.14.0/poqm/gl/kbookmarks6_qt.po
kbookmarks-6.14.0/poqm/gu/
kbookmarks-6.14.0/poqm/gu/kbookmarks6_qt.po
kbookmarks-6.14.0/poqm/he/
kbookmarks-6.14.0/poqm/he/kbookmarks6_qt.po
kbookmarks-6.14.0/poqm/hi/
kbookmarks-6.14.0/poqm/hi/kbookmarks6_qt.po
kbookmarks-6.14.0/poqm/hr/
kbookmarks-6.14.0/poqm/hr/kbookmarks6_qt.po
kbookmarks-6.14.0/poqm/hsb/
kbookmarks-6.14.0/poqm/hsb/kbookmarks6_qt.po
kbookmarks-6.14.0/poqm/hu/
kbookmarks-6.14.0/poqm/hu/kbookmarks6_qt.po
kbookmarks-6.14.0/poqm/ia/
kbookmarks-6.14.0/poqm/ia/kbookmarks6_qt.po
kbookmarks-6.14.0/poqm/id/
kbookmarks-6.14.0/poqm/id/kbookmarks6_qt.po
kbookmarks-6.14.0/poqm/is/
kbookmarks-6.14.0/poqm/is/kbookmarks6_qt.po
kbookmarks-6.14.0/poqm/it/
kbookmarks-6.14.0/poqm/it/kbookmarks6_qt.po
kbookmarks-6.14.0/poqm/ja/
kbookmarks-6.14.0/poqm/ja/kbookmarks6_qt.po
kbookmarks-6.14.0/poqm/ka/
kbookmarks-6.14.0/poqm/ka/kbookmarks6_qt.po
kbookmarks-6.14.0/poqm/kk/
kbookmarks-6.14.0/poqm/kk/kbookmarks6_qt.po
kbookmarks-6.14.0/poqm/km/
kbookmarks-6.14.0/poqm/km/kbookmarks6_qt.po
kbookmarks-6.14.0/poqm/ko/
kbookmarks-6.14.0/poqm/ko/kbookmarks6_qt.po
kbookmarks-6.14.0/poqm/ku/
kbookmarks-6.14.0/poqm/ku/kbookmarks6_qt.po
kbookmarks-6.14.0/poqm/lt/
kbookmarks-6.14.0/poqm/lt/kbookmarks6_qt.po
kbookmarks-6.14.0/poqm/lv/
kbookmarks-6.14.0/poqm/lv/kbookmarks6_qt.po
kbookmarks-6.14.0/poqm/mai/
kbookmarks-6.14.0/poqm/mai/kbookmarks6_qt.po
kbookmarks-6.14.0/poqm/mk/
kbookmarks-6.14.0/poqm/mk/kbookmarks6_qt.po
kbookmarks-6.14.0/poqm/ml/
kbookmarks-6.14.0/poqm/ml/kbookmarks6_qt.po
kbookmarks-6.14.0/poqm/mr/
kbookmarks-6.14.0/poqm/mr/kbookmarks6_qt.po
kbookmarks-6.14.0/poqm/ms/
kbookmarks-6.14.0/poqm/ms/kbookmarks6_qt.po
kbookmarks-6.14.0/poqm/nb/
kbookmarks-6.14.0/poqm/nb/kbookmarks6_qt.po
kbookmarks-6.14.0/poqm/nds/
kbookmarks-6.14.0/poqm/nds/kbookmarks6_qt.po
kbookmarks-6.14.0/poqm/ne/
kbookmarks-6.14.0/poqm/ne/kbookmarks6_qt.po
kbookmarks-6.14.0/poqm/nl/
kbookmarks-6.14.0/poqm/nl/kbookmarks6_qt.po
kbookmarks-6.14.0/poqm/nn/
kbookmarks-6.14.0/poqm/nn/kbookmarks6_qt.po
kbookmarks-6.14.0/poqm/oc/
kbookmarks-6.14.0/poqm/oc/kbookmarks6_qt.po
kbookmarks-6.14.0/poqm/pa/
kbookmarks-6.14.0/poqm/pa/kbookmarks6_qt.po
kbookmarks-6.14.0/poqm/pl/
kbookmarks-6.14.0/poqm/pl/kbookmarks6_qt.po
kbookmarks-6.14.0/poqm/pt/
kbookmarks-6.14.0/poqm/pt/kbookmarks6_qt.po
kbookmarks-6.14.0/poqm/pt_BR/
kbookmarks-6.14.0/poqm/pt_BR/kbookmarks6_qt.po
kbookmarks-6.14.0/poqm/ro/
kbookmarks-6.14.0/poqm/ro/kbookmarks6_qt.po
kbookmarks-6.14.0/poqm/ru/
kbookmarks-6.14.0/poqm/ru/kbookmarks6_qt.po
kbookmarks-6.14.0/poqm/sa/
kbookmarks-6.14.0/poqm/sa/kbookmarks6_qt.po
kbookmarks-6.14.0/poqm/se/
kbookmarks-6.14.0/poqm/se/kbookmarks6_qt.po
kbookmarks-6.14.0/poqm/sk/
kbookmarks-6.14.0/poqm/sk/kbookmarks6_qt.po
kbookmarks-6.14.0/poqm/sl/
kbookmarks-6.14.0/poqm/sl/kbookmarks6_qt.po
kbookmarks-6.14.0/poqm/sq/
kbookmarks-6.14.0/poqm/sq/kbookmarks6_qt.po
kbookmarks-6.14.0/poqm/sr/
kbookmarks-6.14.0/poqm/sr/kbookmarks6_qt.po
kbookmarks-6.14.0/poqm/sr@ijekavian/
kbookmarks-6.14.0/poqm/sr@ijekavian/kbookmarks6_qt.po
kbookmarks-6.14.0/poqm/sr@ijekavianlatin/
kbookmarks-6.14.0/poqm/sr@ijekavianlatin/kbookmarks6_qt.po
kbookmarks-6.14.0/poqm/sr@latin/
kbookmarks-6.14.0/poqm/sr@latin/kbookmarks6_qt.po
kbookmarks-6.14.0/poqm/sv/
kbookmarks-6.14.0/poqm/sv/kbookmarks6_qt.po
kbookmarks-6.14.0/poqm/ta/
kbookmarks-6.14.0/poqm/ta/kbookmarks6_qt.po
kbookmarks-6.14.0/poqm/tg/
kbookmarks-6.14.0/poqm/tg/kbookmarks6_qt.po
kbookmarks-6.14.0/poqm/th/
kbookmarks-6.14.0/poqm/th/kbookmarks6_qt.po
kbookmarks-6.14.0/poqm/tr/
kbookmarks-6.14.0/poqm/tr/kbookmarks6_qt.po
kbookmarks-6.14.0/poqm/ug/
kbookmarks-6.14.0/poqm/ug/kbookmarks6_qt.po
kbookmarks-6.14.0/poqm/uk/
kbookmarks-6.14.0/poqm/uk/kbookmarks6_qt.po
kbookmarks-6.14.0/poqm/uz/
kbookmarks-6.14.0/poqm/uz/kbookmarks6_qt.po
kbookmarks-6.14.0/poqm/uz@cyrillic/
kbookmarks-6.14.0/poqm/uz@cyrillic/kbookmarks6_qt.po
kbookmarks-6.14.0/poqm/vi/
kbookmarks-6.14.0/poqm/vi/kbookmarks6_qt.po
kbookmarks-6.14.0/poqm/wa/
kbookmarks-6.14.0/poqm/wa/kbookmarks6_qt.po
kbookmarks-6.14.0/poqm/xh/
kbookmarks-6.14.0/poqm/xh/kbookmarks6_qt.po
kbookmarks-6.14.0/poqm/zh_CN/
kbookmarks-6.14.0/poqm/zh_CN/kbookmarks6_qt.po
kbookmarks-6.14.0/poqm/zh_TW/
kbookmarks-6.14.0/poqm/zh_TW/kbookmarks6_qt.po
kbookmarks-6.14.0/src/
kbookmarks-6.14.0/src/CMakeLists.txt
kbookmarks-6.14.0/src/Messages.sh
kbookmarks-6.14.0/src/kbookmark.cpp
kbookmarks-6.14.0/src/kbookmark.h
kbookmarks-6.14.0/src/kbookmarkaction.cpp
kbookmarks-6.14.0/src/kbookmarkaction.h
kbookmarks-6.14.0/src/kbookmarkactioninterface.cpp
kbookmarks-6.14.0/src/kbookmarkactioninterface.h
kbookmarks-6.14.0/src/kbookmarkmanager.cpp
kbookmarks-6.14.0/src/kbookmarkmanager.h
kbookmarks-6.14.0/src/kbookmarkowner.cpp
kbookmarks-6.14.0/src/kbookmarkowner.h
kbookmarks-6.14.0/src/kbookmarksettings.cpp
kbookmarks-6.14.0/src/kbookmarksettings_p.h
kbookmarks-6.14.0/src/keditbookmarks.cpp
kbookmarks-6.14.0/src/keditbookmarks_p.h
kbookmarks-6.14.0/src/widgets/
kbookmarks-6.14.0/src/widgets/CMakeLists.txt
kbookmarks-6.14.0/src/widgets/kbookmarkactionmenu.cpp
kbookmarks-6.14.0/src/widgets/kbookmarkactionmenu.h
kbookmarks-6.14.0/src/widgets/kbookmarkcontextmenu.cpp
kbookmarks-6.14.0/src/widgets/kbookmarkcontextmenu.h
kbookmarks-6.14.0/src/widgets/kbookmarkdialog.cpp
kbookmarks-6.14.0/src/widgets/kbookmarkdialog.h
kbookmarks-6.14.0/src/widgets/kbookmarkdialog_p.h
kbookmarks-6.14.0/src/widgets/kbookmarkmenu.cpp
kbookmarks-6.14.0/src/widgets/kbookmarkmenu.h
kbookmarks-6.14.0/src/widgets/kbookmarkmenu_p.h
kbookmarks-6.14.0/tests/
kbookmarks-6.14.0/tests/CMakeLists.txt
kbookmarks-6.14.0/tests/kbookmarkdialogtest.cpp
/home/omen/GITHUB/Athos/AthOS/REPO-AthOS/kbookmarks/work
README or README.md already exists, skipping creation.
hm...lets continue and see what happens
-- The C compiler identification is GNU 14.3.0
-- The CXX compiler identification is GNU 14.3.0
-- Detecting C compiler ABI info
-- Detecting C compiler ABI info - done
-- Check for working C compiler: /usr/bin/cc - skipped
-- Detecting C compile features
-- Detecting C compile features - done
-- Detecting CXX compiler ABI info
-- Detecting CXX compiler ABI info - done
-- Check for working CXX compiler: /usr/bin/c++ - skipped
-- Detecting CXX compile features
-- Detecting CXX compile features - done
-- 

-- Installing in the same prefix as Qt, adopting their path scheme.
-- Performing Test HAVE_STDATOMIC
-- Performing Test HAVE_STDATOMIC - Success
-- Found WrapAtomic: TRUE
-- Looking for __GLIBC__
-- Looking for __GLIBC__ - found
-- Performing Test _OFFT_IS_64BIT
-- Performing Test _OFFT_IS_64BIT - Success
-- Performing Test HAVE_DATE_TIME
-- Performing Test HAVE_DATE_TIME - Success
-- Performing Test BSYMBOLICFUNCTIONS_AVAILABLE
-- Performing Test BSYMBOLICFUNCTIONS_AVAILABLE - Success
-- Found OpenGL: /usr/lib64/libOpenGL.so
-- Found WrapOpenGL: TRUE
-- Found XKB: /usr/lib64/libxkbcommon.so (found suitable version "1.10.0", minimum required is "0.5.0")
-- Found WrapVulkanHeaders: /usr/include
-- Performing Test COMPILER_HAS_HIDDEN_VISIBILITY
-- Performing Test COMPILER_HAS_HIDDEN_VISIBILITY - Success
-- Performing Test COMPILER_HAS_HIDDEN_INLINE_VISIBILITY
-- Performing Test COMPILER_HAS_HIDDEN_INLINE_VISIBILITY - Success
-- Performing Test COMPILER_HAS_DEPRECATED_ATTR
-- Performing Test COMPILER_HAS_DEPRECATED_ATTR - Success
-- Found Doxygen: /usr/bin/doxygen (found suitable version "1.14.0", minimum required is "1.8.13") found components: doxygen dot
-- No such target Qt6Widgets_QCH defined when calling ecm_add_qch(), ignored.
-- No such target Qt6Xml_QCH defined when calling ecm_add_qch(), ignored.
-- No such target Qt6Core_QCH defined when calling ecm_add_qch(), ignored.
-- No such target Qt6Gui_QCH defined when calling ecm_add_qch(), ignored.


Configuration file '/home/omen/GITHUB/Athos/AthOS/REPO-AthOS/kbookmarks/work/kbookmarks-6.14.0/build/src/widgets/KF6BookmarksWidgets_ECMQchDoxygen.config' updated.

-- No such target Qt6Widgets_QCH defined when calling ecm_add_qch(), ignored.
-- No such target Qt6Xml_QCH defined when calling ecm_add_qch(), ignored.
-- No such target Qt6Core_QCH defined when calling ecm_add_qch(), ignored.
-- No such target Qt6Gui_QCH defined when calling ecm_add_qch(), ignored.


Configuration file '/home/omen/GITHUB/Athos/AthOS/REPO-AthOS/kbookmarks/work/kbookmarks-6.14.0/build/src/KF6Bookmarks_ECMQchDoxygen.config' updated.

-- The following features have been enabled:

 * QCH, API documentation in QCH format (for e.g. Qt Assistant, Qt Creator & KDevelop)

-- The following OPTIONAL packages have been found:

 * OpenGL
 * XKB (required version >= 0.5.0), XKB API common to servers and clients., <http://xkbcommon.org>
 * WrapVulkanHeaders
 * Qt6Xml (required version >= 6.7.0)
 * Qt6DBusTools (required version >= 6.8.3)
 * Qt6QmlTools (required version >= 6.8.3)
 * Qt6GuiTools (required version >= 6.8.3)
 * Qt6WidgetsTools (required version >= 6.8.3)
 * Qt6LinguistTools

-- The following REQUIRED packages have been found:

 * ECM (required version >= 6.14.0), Extra CMake Modules., <https://commits.kde.org/extra-cmake-modules>
 * KF6Config (required version >= 6.14.0)
 * KF6CoreAddons (required version >= 6.14.0)
 * Qt6Widgets (required version >= 6.7.0)
 * KF6WidgetsAddons (required version >= 6.14.0)
 * Doxygen (required version >= 1.8.13)
   Needed for API dox QCH file generation
   Needed for API dox QCH file generation
 * Qt6ToolsTools, qhelpgenerator from Qt6 tools
   Needed for API dox QCH file generation
   Needed for API dox QCH file generation
 * Qt6
 * Qt6Core

-- Configuring done (2.3s)
-- Generating done (0.0s)
-- Build files have been written to: /home/omen/GITHUB/Athos/AthOS/REPO-AthOS/kbookmarks/work/kbookmarks-6.14.0/build
[1/121] Generating ECMPoQm/ast/kbookmarks6_qt.qm
[2/121] Generating ECMPoQm/ar/kbookmarks6_qt.qm
[3/121] Generating ECMPoQm/az/kbookmarks6_qt.qm
[4/121] Generating ECMPoQm/bg/kbookmarks6_qt.qm
[5/121] Generating ECMPoQm/ca/kbookmarks6_qt.qm
[6/121] Generating ECMPoQm/cs/kbookmarks6_qt.qm
[7/121] Generating ECMPoQm/bs/kbookmarks6_qt.qm
[8/121] Generating ECMPoQm/ca@valencia/kbookmarks6_qt.qm
[9/121] Generating ECMPoQm/eo/kbookmarks6_qt.qm
[10/121] Generating ECMPoQm/csb/kbookmarks6_qt.qm
Removed plural forms as the target language has less forms.
If this sounds wrong, possibly the target language is not set or recognized.
[11/121] Generating ECMPoQm/da/kbookmarks6_qt.qm
[12/121] Generating ECMPoQm/be/kbookmarks6_qt.qm
[13/121] Generating ECMPoQm/be@latin/kbookmarks6_qt.qm
Removed plural forms as the target language has less forms.
If this sounds wrong, possibly the target language is not set or recognized.
[14/121] Generating ECMPoQm/bn/kbookmarks6_qt.qm
[15/121] Generating ECMPoQm/br/kbookmarks6_qt.qm
[16/121] Generating ECMPoQm/de/kbookmarks6_qt.qm
[17/121] Generating ECMPoQm/el/kbookmarks6_qt.qm
[18/121] Generating ECMPoQm/af/kbookmarks6_qt.qm
[19/121] Generating ECMPoQm/cy/kbookmarks6_qt.qm
[20/121] Generating ECMPoQm/es/kbookmarks6_qt.qm
[21/121] Generating ECMPoQm/gd/kbookmarks6_qt.qm
[22/121] Generating ECMPoQm/en_GB/kbookmarks6_qt.qm
[23/121] Generating ECMPoQm/eu/kbookmarks6_qt.qm
[24/121] Generating ECMPoQm/fa/kbookmarks6_qt.qm
[25/121] Generating ECMPoQm/fi/kbookmarks6_qt.qm
[26/121] Generating ECMPoQm/he/kbookmarks6_qt.qm
[27/121] Generating ECMPoQm/et/kbookmarks6_qt.qm
[28/121] Generating ECMPoQm/gl/kbookmarks6_qt.qm
[29/121] Generating ECMPoQm/gu/kbookmarks6_qt.qm
[30/121] Generating ECMPoQm/fr/kbookmarks6_qt.qm
[31/121] Generating ECMPoQm/id/kbookmarks6_qt.qm
[32/121] Generating ECMPoQm/fy/kbookmarks6_qt.qm
[33/121] Generating ECMPoQm/ja/kbookmarks6_qt.qm
[34/121] Generating ECMPoQm/ga/kbookmarks6_qt.qm
Removed plural forms as the target language has less forms.
If this sounds wrong, possibly the target language is not set or recognized.
[35/121] Generating ECMPoQm/lt/kbookmarks6_qt.qm
[36/121] Generating ECMPoQm/hi/kbookmarks6_qt.qm
[37/121] Generating ECMPoQm/ka/kbookmarks6_qt.qm
[38/121] Generating ECMPoQm/ku/kbookmarks6_qt.qm
[39/121] Generating ECMPoQm/hsb/kbookmarks6_qt.qm
Removed plural forms as the target language has less forms.
If this sounds wrong, possibly the target language is not set or recognized.
[40/121] Generating ECMPoQm/ko/kbookmarks6_qt.qm
[41/121] Generating ECMPoQm/nb/kbookmarks6_qt.qm
[42/121] Generating ECMPoQm/ia/kbookmarks6_qt.qm
[43/121] Generating ECMPoQm/is/kbookmarks6_qt.qm
[44/121] Generating ECMPoQm/it/kbookmarks6_qt.qm
[45/121] Generating ECMPoQm/mr/kbookmarks6_qt.qm
[46/121] Generating ECMPoQm/hr/kbookmarks6_qt.qm
[47/121] Generating ECMPoQm/hu/kbookmarks6_qt.qm
Removed plural forms as the target language has less forms.
If this sounds wrong, possibly the target language is not set or recognized.
[48/121] Generating ECMPoQm/km/kbookmarks6_qt.qm
[49/121] Generating ECMPoQm/nn/kbookmarks6_qt.qm
[50/121] Generating ECMPoQm/lv/kbookmarks6_qt.qm
[51/121] Generating ECMPoQm/pt/kbookmarks6_qt.qm
[52/121] Generating ECMPoQm/mk/kbookmarks6_qt.qm
[53/121] Generating ECMPoQm/ml/kbookmarks6_qt.qm
[54/121] Generating ECMPoQm/pt_BR/kbookmarks6_qt.qm
[55/121] Generating ECMPoQm/kk/kbookmarks6_qt.qm
[56/121] Generating ECMPoQm/ms/kbookmarks6_qt.qm
Removed plural forms as the target language has less forms.
If this sounds wrong, possibly the target language is not set or recognized.
[57/121] Generating ECMPoQm/oc/kbookmarks6_qt.qm
[58/121] Generating ECMPoQm/mai/kbookmarks6_qt.qm
Removed plural forms as the target language has less forms.
If this sounds wrong, possibly the target language is not set or recognized.
[59/121] Generating ECMPoQm/sa/kbookmarks6_qt.qm
[60/121] Generating ECMPoQm/se/kbookmarks6_qt.qm
[61/121] Generating ECMPoQm/ne/kbookmarks6_qt.qm
[62/121] Generating ECMPoQm/nl/kbookmarks6_qt.qm
[63/121] Generating ECMPoQm/sr/kbookmarks6_qt.qm
[64/121] Generating ECMPoQm/nds/kbookmarks6_qt.qm
Removed plural forms as the target language has less forms.
If this sounds wrong, possibly the target language is not set or recognized.
[65/121] Generating ECMPoQm/pl/kbookmarks6_qt.qm
[66/121] Generating ECMPoQm/sq/kbookmarks6_qt.qm
[67/121] Generating ECMPoQm/sr@ijekavian/kbookmarks6_qt.qm
[68/121] Generating ECMPoQm/sr@latin/kbookmarks6_qt.qm
[69/121] Generating ECMPoQm/sv/kbookmarks6_qt.qm
[70/121] Generating ECMPoQm/pa/kbookmarks6_qt.qm
[71/121] Generating ECMPoQm/sr@ijekavianlatin/kbookmarks6_qt.qm
[72/121] Generating ECMPoQm/tr/kbookmarks6_qt.qm
[73/121] Generating ECMPoQm/uk/kbookmarks6_qt.qm
[74/121] Generating ECMPoQm/vi/kbookmarks6_qt.qm
[75/121] Generating ECMPoQm/ru/kbookmarks6_qt.qm
Removed plural forms as the target language has less forms.
If this sounds wrong, possibly the target language is not set or recognized.
[76/121] Generating ECMPoQm/ro/kbookmarks6_qt.qm
[77/121] Generating ECMPoQm/sk/kbookmarks6_qt.qm
[78/121] Generating ECMPoQm/sl/kbookmarks6_qt.qm
[79/121] Generating ECMPoQm/zh_CN/kbookmarks6_qt.qm
[80/121] Generating ECMPoQm/zh_TW/kbookmarks6_qt.qm
[81/121] Generating ECMPoQm/ug/kbookmarks6_qt.qm
[82/121] Generating ECMPoQm/ta/kbookmarks6_qt.qm
[83/121] Generating ECMPoQm/uz@cyrillic/kbookmarks6_qt.qm
[84/121] Generating ECMPoQm/th/kbookmarks6_qt.qm
[85/121] Generating ECMPoQm/uz/kbookmarks6_qt.qm
[86/121] Generating ECMPoQm/wa/kbookmarks6_qt.qm
[87/121] Generating ECMPoQm/tg/kbookmarks6_qt.qm
[88/121] Generating ECMPoQm/xh/kbookmarks6_qt.qm
[89/121] Generating src/widgets/KF6BookmarksWidgets.qch, src/widgets/KF6BookmarksWidgets.tags
error: When enabling GENERATE_QHP the TAGFILES option should be empty. I'll adjust it for you.
Building up file structure...
Insert custom filters...
Insert help data for filter section (1 of 1)...
Insert files...
Insert contents...
Insert indices...
Documentation successfully generated.
[90/121] Generating src/KF6Bookmarks.qch, src/KF6Bookmarks.tags
error: When enabling GENERATE_QHP the TAGFILES option should be empty. I'll adjust it for you.
Building up file structure...
Insert custom filters...
Insert help data for filter section (1 of 1)...
Insert files...
Insert contents...
Insert indices...
Documentation successfully generated.
[91/121] Automatic MOC for target KF6Bookmarks
[92/121] Building CXX object src/CMakeFiles/KF6Bookmarks.dir/KF6Bookmarks_autogen/mocs_compilation.cpp.o
[93/121] Building CXX object src/CMakeFiles/KF6Bookmarks.dir/kbookmarkowner.cpp.o
[94/121] Building CXX object src/CMakeFiles/KF6Bookmarks.dir/kbookmarks_debug.cpp.o
[95/121] Building CXX object src/CMakeFiles/KF6Bookmarks.dir/kbookmarkactioninterface.cpp.o
[96/121] Building CXX object src/CMakeFiles/KF6Bookmarks.dir/kbookmarkaction.cpp.o
[97/121] Building CXX object src/CMakeFiles/KF6Bookmarks.dir/kbookmarksettings.cpp.o
[98/121] Building CXX object src/CMakeFiles/KF6Bookmarks.dir/ECMQmLoader-kbookmarks6_qt.cpp.o
[99/121] Building CXX object src/CMakeFiles/KF6Bookmarks.dir/keditbookmarks.cpp.o
[100/121] Building CXX object src/CMakeFiles/KF6Bookmarks.dir/kbookmarkmanager.cpp.o
[101/121] Building CXX object src/CMakeFiles/KF6Bookmarks.dir/kbookmark.cpp.o
[102/121] Linking CXX shared library bin/libKF6Bookmarks.so.6.14.0
[103/121] Creating library symlink bin/libKF6Bookmarks.so.6 bin/libKF6Bookmarks.so
[104/121] Automatic MOC for target KF6BookmarksWidgets
[105/121] Building CXX object src/widgets/CMakeFiles/KF6BookmarksWidgets.dir/KF6BookmarksWidgets_autogen/mocs_compilation.cpp.o
[106/121] Building CXX object src/widgets/CMakeFiles/KF6BookmarksWidgets.dir/kbookmarkswidgets_debug.cpp.o
[107/121] Building CXX object src/widgets/CMakeFiles/KF6BookmarksWidgets.dir/kbookmarkactionmenu.cpp.o
[108/121] Building CXX object src/widgets/CMakeFiles/KF6BookmarksWidgets.dir/kbookmarkcontextmenu.cpp.o
[109/121] Building CXX object src/widgets/CMakeFiles/KF6BookmarksWidgets.dir/ECMQmLoader-kbookmarkswidgets6_qt.cpp.o
[110/121] Building CXX object src/widgets/CMakeFiles/KF6BookmarksWidgets.dir/kbookmarkdialog.cpp.o
[111/121] Building CXX object src/widgets/CMakeFiles/KF6BookmarksWidgets.dir/kbookmarkmenu.cpp.o
[112/121] Linking CXX shared library bin/libKF6BookmarksWidgets.so.6.14.0
[113/121] Creating library symlink bin/libKF6BookmarksWidgets.so.6 bin/libKF6BookmarksWidgets.so
[114/121] Automatic MOC for target kbookmarkdialogtest
[115/121] Building CXX object tests/CMakeFiles/kbookmarkdialogtest.dir/kbookmarkdialogtest_autogen/mocs_compilation.cpp.o
[116/121] Automatic MOC for target kbookmarktest
[117/121] Building CXX object autotests/CMakeFiles/kbookmarktest.dir/kbookmarktest_autogen/mocs_compilation.cpp.o
[118/121] Building CXX object tests/CMakeFiles/kbookmarkdialogtest.dir/kbookmarkdialogtest.cpp.o
[119/121] Linking CXX executable bin/kbookmarkdialogtest
[120/121] Building CXX object autotests/CMakeFiles/kbookmarktest.dir/kbookmarktest.cpp.o
[121/121] Linking CXX executable bin/kbookmarktest
-- Install configuration: "RelWithDebInfo"
-- Installing: /home/omen/GITHUB/Athos/AthOS/REPO-AthOS/kbookmarks/package-kbookmarks/usr/share/locale/af/LC_MESSAGES/kbookmarks6_qt.qm
-- Installing: /home/omen/GITHUB/Athos/AthOS/REPO-AthOS/kbookmarks/package-kbookmarks/usr/share/locale/ar/LC_MESSAGES/kbookmarks6_qt.qm
-- Installing: /home/omen/GITHUB/Athos/AthOS/REPO-AthOS/kbookmarks/package-kbookmarks/usr/share/locale/ast/LC_MESSAGES/kbookmarks6_qt.qm
-- Installing: /home/omen/GITHUB/Athos/AthOS/REPO-AthOS/kbookmarks/package-kbookmarks/usr/share/locale/az/LC_MESSAGES/kbookmarks6_qt.qm
-- Installing: /home/omen/GITHUB/Athos/AthOS/REPO-AthOS/kbookmarks/package-kbookmarks/usr/share/locale/be/LC_MESSAGES/kbookmarks6_qt.qm
-- Installing: /home/omen/GITHUB/Athos/AthOS/REPO-AthOS/kbookmarks/package-kbookmarks/usr/share/locale/be@latin/LC_MESSAGES/kbookmarks6_qt.qm
-- Installing: /home/omen/GITHUB/Athos/AthOS/REPO-AthOS/kbookmarks/package-kbookmarks/usr/share/locale/bg/LC_MESSAGES/kbookmarks6_qt.qm
-- Installing: /home/omen/GITHUB/Athos/AthOS/REPO-AthOS/kbookmarks/package-kbookmarks/usr/share/locale/bn/LC_MESSAGES/kbookmarks6_qt.qm
-- Installing: /home/omen/GITHUB/Athos/AthOS/REPO-AthOS/kbookmarks/package-kbookmarks/usr/share/locale/br/LC_MESSAGES/kbookmarks6_qt.qm
-- Installing: /home/omen/GITHUB/Athos/AthOS/REPO-AthOS/kbookmarks/package-kbookmarks/usr/share/locale/bs/LC_MESSAGES/kbookmarks6_qt.qm
-- Installing: /home/omen/GITHUB/Athos/AthOS/REPO-AthOS/kbookmarks/package-kbookmarks/usr/share/locale/ca/LC_MESSAGES/kbookmarks6_qt.qm
-- Installing: /home/omen/GITHUB/Athos/AthOS/REPO-AthOS/kbookmarks/package-kbookmarks/usr/share/locale/ca@valencia/LC_MESSAGES/kbookmarks6_qt.qm
-- Installing: /home/omen/GITHUB/Athos/AthOS/REPO-AthOS/kbookmarks/package-kbookmarks/usr/share/locale/cs/LC_MESSAGES/kbookmarks6_qt.qm
-- Installing: /home/omen/GITHUB/Athos/AthOS/REPO-AthOS/kbookmarks/package-kbookmarks/usr/share/locale/csb/LC_MESSAGES/kbookmarks6_qt.qm
-- Installing: /home/omen/GITHUB/Athos/AthOS/REPO-AthOS/kbookmarks/package-kbookmarks/usr/share/locale/cy/LC_MESSAGES/kbookmarks6_qt.qm
-- Installing: /home/omen/GITHUB/Athos/AthOS/REPO-AthOS/kbookmarks/package-kbookmarks/usr/share/locale/da/LC_MESSAGES/kbookmarks6_qt.qm
-- Installing: /home/omen/GITHUB/Athos/AthOS/REPO-AthOS/kbookmarks/package-kbookmarks/usr/share/locale/de/LC_MESSAGES/kbookmarks6_qt.qm
-- Installing: /home/omen/GITHUB/Athos/AthOS/REPO-AthOS/kbookmarks/package-kbookmarks/usr/share/locale/el/LC_MESSAGES/kbookmarks6_qt.qm
-- Installing: /home/omen/GITHUB/Athos/AthOS/REPO-AthOS/kbookmarks/package-kbookmarks/usr/share/locale/en_GB/LC_MESSAGES/kbookmarks6_qt.qm
-- Installing: /home/omen/GITHUB/Athos/AthOS/REPO-AthOS/kbookmarks/package-kbookmarks/usr/share/locale/eo/LC_MESSAGES/kbookmarks6_qt.qm
-- Installing: /home/omen/GITHUB/Athos/AthOS/REPO-AthOS/kbookmarks/package-kbookmarks/usr/share/locale/es/LC_MESSAGES/kbookmarks6_qt.qm
-- Installing: /home/omen/GITHUB/Athos/AthOS/REPO-AthOS/kbookmarks/package-kbookmarks/usr/share/locale/et/LC_MESSAGES/kbookmarks6_qt.qm
-- Installing: /home/omen/GITHUB/Athos/AthOS/REPO-AthOS/kbookmarks/package-kbookmarks/usr/share/locale/eu/LC_MESSAGES/kbookmarks6_qt.qm
-- Installing: /home/omen/GITHUB/Athos/AthOS/REPO-AthOS/kbookmarks/package-kbookmarks/usr/share/locale/fa/LC_MESSAGES/kbookmarks6_qt.qm
-- Installing: /home/omen/GITHUB/Athos/AthOS/REPO-AthOS/kbookmarks/package-kbookmarks/usr/share/locale/fi/LC_MESSAGES/kbookmarks6_qt.qm
-- Installing: /home/omen/GITHUB/Athos/AthOS/REPO-AthOS/kbookmarks/package-kbookmarks/usr/share/locale/fr/LC_MESSAGES/kbookmarks6_qt.qm
-- Installing: /home/omen/GITHUB/Athos/AthOS/REPO-AthOS/kbookmarks/package-kbookmarks/usr/share/locale/fy/LC_MESSAGES/kbookmarks6_qt.qm
-- Installing: /home/omen/GITHUB/Athos/AthOS/REPO-AthOS/kbookmarks/package-kbookmarks/usr/share/locale/ga/LC_MESSAGES/kbookmarks6_qt.qm
-- Installing: /home/omen/GITHUB/Athos/AthOS/REPO-AthOS/kbookmarks/package-kbookmarks/usr/share/locale/gd/LC_MESSAGES/kbookmarks6_qt.qm
-- Installing: /home/omen/GITHUB/Athos/AthOS/REPO-AthOS/kbookmarks/package-kbookmarks/usr/share/locale/gl/LC_MESSAGES/kbookmarks6_qt.qm
-- Installing: /home/omen/GITHUB/Athos/AthOS/REPO-AthOS/kbookmarks/package-kbookmarks/usr/share/locale/gu/LC_MESSAGES/kbookmarks6_qt.qm
-- Installing: /home/omen/GITHUB/Athos/AthOS/REPO-AthOS/kbookmarks/package-kbookmarks/usr/share/locale/he/LC_MESSAGES/kbookmarks6_qt.qm
-- Installing: /home/omen/GITHUB/Athos/AthOS/REPO-AthOS/kbookmarks/package-kbookmarks/usr/share/locale/hi/LC_MESSAGES/kbookmarks6_qt.qm
-- Installing: /home/omen/GITHUB/Athos/AthOS/REPO-AthOS/kbookmarks/package-kbookmarks/usr/share/locale/hr/LC_MESSAGES/kbookmarks6_qt.qm
-- Installing: /home/omen/GITHUB/Athos/AthOS/REPO-AthOS/kbookmarks/package-kbookmarks/usr/share/locale/hsb/LC_MESSAGES/kbookmarks6_qt.qm
-- Installing: /home/omen/GITHUB/Athos/AthOS/REPO-AthOS/kbookmarks/package-kbookmarks/usr/share/locale/hu/LC_MESSAGES/kbookmarks6_qt.qm
-- Installing: /home/omen/GITHUB/Athos/AthOS/REPO-AthOS/kbookmarks/package-kbookmarks/usr/share/locale/ia/LC_MESSAGES/kbookmarks6_qt.qm
-- Installing: /home/omen/GITHUB/Athos/AthOS/REPO-AthOS/kbookmarks/package-kbookmarks/usr/share/locale/id/LC_MESSAGES/kbookmarks6_qt.qm
-- Installing: /home/omen/GITHUB/Athos/AthOS/REPO-AthOS/kbookmarks/package-kbookmarks/usr/share/locale/is/LC_MESSAGES/kbookmarks6_qt.qm
-- Installing: /home/omen/GITHUB/Athos/AthOS/REPO-AthOS/kbookmarks/package-kbookmarks/usr/share/locale/it/LC_MESSAGES/kbookmarks6_qt.qm
-- Installing: /home/omen/GITHUB/Athos/AthOS/REPO-AthOS/kbookmarks/package-kbookmarks/usr/share/locale/ja/LC_MESSAGES/kbookmarks6_qt.qm
-- Installing: /home/omen/GITHUB/Athos/AthOS/REPO-AthOS/kbookmarks/package-kbookmarks/usr/share/locale/ka/LC_MESSAGES/kbookmarks6_qt.qm
-- Installing: /home/omen/GITHUB/Athos/AthOS/REPO-AthOS/kbookmarks/package-kbookmarks/usr/share/locale/kk/LC_MESSAGES/kbookmarks6_qt.qm
-- Installing: /home/omen/GITHUB/Athos/AthOS/REPO-AthOS/kbookmarks/package-kbookmarks/usr/share/locale/km/LC_MESSAGES/kbookmarks6_qt.qm
-- Installing: /home/omen/GITHUB/Athos/AthOS/REPO-AthOS/kbookmarks/package-kbookmarks/usr/share/locale/ko/LC_MESSAGES/kbookmarks6_qt.qm
-- Installing: /home/omen/GITHUB/Athos/AthOS/REPO-AthOS/kbookmarks/package-kbookmarks/usr/share/locale/ku/LC_MESSAGES/kbookmarks6_qt.qm
-- Installing: /home/omen/GITHUB/Athos/AthOS/REPO-AthOS/kbookmarks/package-kbookmarks/usr/share/locale/lt/LC_MESSAGES/kbookmarks6_qt.qm
-- Installing: /home/omen/GITHUB/Athos/AthOS/REPO-AthOS/kbookmarks/package-kbookmarks/usr/share/locale/lv/LC_MESSAGES/kbookmarks6_qt.qm
-- Installing: /home/omen/GITHUB/Athos/AthOS/REPO-AthOS/kbookmarks/package-kbookmarks/usr/share/locale/mai/LC_MESSAGES/kbookmarks6_qt.qm
-- Installing: /home/omen/GITHUB/Athos/AthOS/REPO-AthOS/kbookmarks/package-kbookmarks/usr/share/locale/mk/LC_MESSAGES/kbookmarks6_qt.qm
-- Installing: /home/omen/GITHUB/Athos/AthOS/REPO-AthOS/kbookmarks/package-kbookmarks/usr/share/locale/ml/LC_MESSAGES/kbookmarks6_qt.qm
-- Installing: /home/omen/GITHUB/Athos/AthOS/REPO-AthOS/kbookmarks/package-kbookmarks/usr/share/locale/mr/LC_MESSAGES/kbookmarks6_qt.qm
-- Installing: /home/omen/GITHUB/Athos/AthOS/REPO-AthOS/kbookmarks/package-kbookmarks/usr/share/locale/ms/LC_MESSAGES/kbookmarks6_qt.qm
-- Installing: /home/omen/GITHUB/Athos/AthOS/REPO-AthOS/kbookmarks/package-kbookmarks/usr/share/locale/nb/LC_MESSAGES/kbookmarks6_qt.qm
-- Installing: /home/omen/GITHUB/Athos/AthOS/REPO-AthOS/kbookmarks/package-kbookmarks/usr/share/locale/nds/LC_MESSAGES/kbookmarks6_qt.qm
-- Installing: /home/omen/GITHUB/Athos/AthOS/REPO-AthOS/kbookmarks/package-kbookmarks/usr/share/locale/ne/LC_MESSAGES/kbookmarks6_qt.qm
-- Installing: /home/omen/GITHUB/Athos/AthOS/REPO-AthOS/kbookmarks/package-kbookmarks/usr/share/locale/nl/LC_MESSAGES/kbookmarks6_qt.qm
-- Installing: /home/omen/GITHUB/Athos/AthOS/REPO-AthOS/kbookmarks/package-kbookmarks/usr/share/locale/nn/LC_MESSAGES/kbookmarks6_qt.qm
-- Installing: /home/omen/GITHUB/Athos/AthOS/REPO-AthOS/kbookmarks/package-kbookmarks/usr/share/locale/oc/LC_MESSAGES/kbookmarks6_qt.qm
-- Installing: /home/omen/GITHUB/Athos/AthOS/REPO-AthOS/kbookmarks/package-kbookmarks/usr/share/locale/pa/LC_MESSAGES/kbookmarks6_qt.qm
-- Installing: /home/omen/GITHUB/Athos/AthOS/REPO-AthOS/kbookmarks/package-kbookmarks/usr/share/locale/pl/LC_MESSAGES/kbookmarks6_qt.qm
-- Installing: /home/omen/GITHUB/Athos/AthOS/REPO-AthOS/kbookmarks/package-kbookmarks/usr/share/locale/pt/LC_MESSAGES/kbookmarks6_qt.qm
-- Installing: /home/omen/GITHUB/Athos/AthOS/REPO-AthOS/kbookmarks/package-kbookmarks/usr/share/locale/pt_BR/LC_MESSAGES/kbookmarks6_qt.qm
-- Installing: /home/omen/GITHUB/Athos/AthOS/REPO-AthOS/kbookmarks/package-kbookmarks/usr/share/locale/ro/LC_MESSAGES/kbookmarks6_qt.qm
-- Installing: /home/omen/GITHUB/Athos/AthOS/REPO-AthOS/kbookmarks/package-kbookmarks/usr/share/locale/ru/LC_MESSAGES/kbookmarks6_qt.qm
-- Installing: /home/omen/GITHUB/Athos/AthOS/REPO-AthOS/kbookmarks/package-kbookmarks/usr/share/locale/sa/LC_MESSAGES/kbookmarks6_qt.qm
-- Installing: /home/omen/GITHUB/Athos/AthOS/REPO-AthOS/kbookmarks/package-kbookmarks/usr/share/locale/se/LC_MESSAGES/kbookmarks6_qt.qm
-- Installing: /home/omen/GITHUB/Athos/AthOS/REPO-AthOS/kbookmarks/package-kbookmarks/usr/share/locale/sk/LC_MESSAGES/kbookmarks6_qt.qm
-- Installing: /home/omen/GITHUB/Athos/AthOS/REPO-AthOS/kbookmarks/package-kbookmarks/usr/share/locale/sl/LC_MESSAGES/kbookmarks6_qt.qm
-- Installing: /home/omen/GITHUB/Athos/AthOS/REPO-AthOS/kbookmarks/package-kbookmarks/usr/share/locale/sq/LC_MESSAGES/kbookmarks6_qt.qm
-- Installing: /home/omen/GITHUB/Athos/AthOS/REPO-AthOS/kbookmarks/package-kbookmarks/usr/share/locale/sr/LC_MESSAGES/kbookmarks6_qt.qm
-- Installing: /home/omen/GITHUB/Athos/AthOS/REPO-AthOS/kbookmarks/package-kbookmarks/usr/share/locale/sr@ijekavian/LC_MESSAGES/kbookmarks6_qt.qm
-- Installing: /home/omen/GITHUB/Athos/AthOS/REPO-AthOS/kbookmarks/package-kbookmarks/usr/share/locale/sr@ijekavianlatin/LC_MESSAGES/kbookmarks6_qt.qm
-- Installing: /home/omen/GITHUB/Athos/AthOS/REPO-AthOS/kbookmarks/package-kbookmarks/usr/share/locale/sr@latin/LC_MESSAGES/kbookmarks6_qt.qm
-- Installing: /home/omen/GITHUB/Athos/AthOS/REPO-AthOS/kbookmarks/package-kbookmarks/usr/share/locale/sv/LC_MESSAGES/kbookmarks6_qt.qm
-- Installing: /home/omen/GITHUB/Athos/AthOS/REPO-AthOS/kbookmarks/package-kbookmarks/usr/share/locale/ta/LC_MESSAGES/kbookmarks6_qt.qm
-- Installing: /home/omen/GITHUB/Athos/AthOS/REPO-AthOS/kbookmarks/package-kbookmarks/usr/share/locale/tg/LC_MESSAGES/kbookmarks6_qt.qm
-- Installing: /home/omen/GITHUB/Athos/AthOS/REPO-AthOS/kbookmarks/package-kbookmarks/usr/share/locale/th/LC_MESSAGES/kbookmarks6_qt.qm
-- Installing: /home/omen/GITHUB/Athos/AthOS/REPO-AthOS/kbookmarks/package-kbookmarks/usr/share/locale/tr/LC_MESSAGES/kbookmarks6_qt.qm
-- Installing: /home/omen/GITHUB/Athos/AthOS/REPO-AthOS/kbookmarks/package-kbookmarks/usr/share/locale/ug/LC_MESSAGES/kbookmarks6_qt.qm
-- Installing: /home/omen/GITHUB/Athos/AthOS/REPO-AthOS/kbookmarks/package-kbookmarks/usr/share/locale/uk/LC_MESSAGES/kbookmarks6_qt.qm
-- Installing: /home/omen/GITHUB/Athos/AthOS/REPO-AthOS/kbookmarks/package-kbookmarks/usr/share/locale/uz/LC_MESSAGES/kbookmarks6_qt.qm
-- Installing: /home/omen/GITHUB/Athos/AthOS/REPO-AthOS/kbookmarks/package-kbookmarks/usr/share/locale/uz@cyrillic/LC_MESSAGES/kbookmarks6_qt.qm
-- Installing: /home/omen/GITHUB/Athos/AthOS/REPO-AthOS/kbookmarks/package-kbookmarks/usr/share/locale/vi/LC_MESSAGES/kbookmarks6_qt.qm
-- Installing: /home/omen/GITHUB/Athos/AthOS/REPO-AthOS/kbookmarks/package-kbookmarks/usr/share/locale/wa/LC_MESSAGES/kbookmarks6_qt.qm
-- Installing: /home/omen/GITHUB/Athos/AthOS/REPO-AthOS/kbookmarks/package-kbookmarks/usr/share/locale/xh/LC_MESSAGES/kbookmarks6_qt.qm
-- Installing: /home/omen/GITHUB/Athos/AthOS/REPO-AthOS/kbookmarks/package-kbookmarks/usr/share/locale/zh_CN/LC_MESSAGES/kbookmarks6_qt.qm
-- Installing: /home/omen/GITHUB/Athos/AthOS/REPO-AthOS/kbookmarks/package-kbookmarks/usr/share/locale/zh_TW/LC_MESSAGES/kbookmarks6_qt.qm
-- Installing: /home/omen/GITHUB/Athos/AthOS/REPO-AthOS/kbookmarks/package-kbookmarks/usr/lib64/libKF6BookmarksWidgets.so.6.14.0
-- Installing: /home/omen/GITHUB/Athos/AthOS/REPO-AthOS/kbookmarks/package-kbookmarks/usr/lib64/libKF6BookmarksWidgets.so.6
-- Set non-toolchain portion of runtime path of "/home/omen/GITHUB/Athos/AthOS/REPO-AthOS/kbookmarks/package-kbookmarks/usr/lib64/libKF6BookmarksWidgets.so.6.14.0" to ""
-- Installing: /home/omen/GITHUB/Athos/AthOS/REPO-AthOS/kbookmarks/package-kbookmarks/usr/lib64/libKF6BookmarksWidgets.so
-- Installing: /home/omen/GITHUB/Athos/AthOS/REPO-AthOS/kbookmarks/package-kbookmarks/usr/include/KF6/KBookmarksWidgets/kbookmarkswidgets_export.h
-- Installing: /home/omen/GITHUB/Athos/AthOS/REPO-AthOS/kbookmarks/package-kbookmarks/usr/include/KF6/KBookmarksWidgets/KBookmarkActionMenu
-- Installing: /home/omen/GITHUB/Athos/AthOS/REPO-AthOS/kbookmarks/package-kbookmarks/usr/include/KF6/KBookmarksWidgets/KBookmarkContextMenu
-- Installing: /home/omen/GITHUB/Athos/AthOS/REPO-AthOS/kbookmarks/package-kbookmarks/usr/include/KF6/KBookmarksWidgets/KBookmarkMenu
-- Installing: /home/omen/GITHUB/Athos/AthOS/REPO-AthOS/kbookmarks/package-kbookmarks/usr/include/KF6/KBookmarksWidgets/KBookmarkDialog
-- Installing: /home/omen/GITHUB/Athos/AthOS/REPO-AthOS/kbookmarks/package-kbookmarks/usr/include/KF6/KBookmarksWidgets/kbookmarkactionmenu.h
-- Installing: /home/omen/GITHUB/Athos/AthOS/REPO-AthOS/kbookmarks/package-kbookmarks/usr/include/KF6/KBookmarksWidgets/kbookmarkcontextmenu.h
-- Installing: /home/omen/GITHUB/Athos/AthOS/REPO-AthOS/kbookmarks/package-kbookmarks/usr/include/KF6/KBookmarksWidgets/kbookmarkmenu.h
-- Installing: /home/omen/GITHUB/Athos/AthOS/REPO-AthOS/kbookmarks/package-kbookmarks/usr/include/KF6/KBookmarksWidgets/kbookmarkdialog.h
-- Installing: /home/omen/GITHUB/Athos/AthOS/REPO-AthOS/kbookmarks/package-kbookmarks/usr/share/qlogging-categories6/kbookmarkswidgets.categories
-- Installing: /home/omen/GITHUB/Athos/AthOS/REPO-AthOS/kbookmarks/package-kbookmarks/usr/doc/qt6-6.8.3_20250319_bab1fecd/KF6BookmarksWidgets.qch
-- Installing: /home/omen/GITHUB/Athos/AthOS/REPO-AthOS/kbookmarks/package-kbookmarks/usr/doc/qt6-6.8.3_20250319_bab1fecd/KF6BookmarksWidgets.tags
-- Installing: /home/omen/GITHUB/Athos/AthOS/REPO-AthOS/kbookmarks/package-kbookmarks/usr/lib64/libKF6Bookmarks.so.6.14.0
-- Installing: /home/omen/GITHUB/Athos/AthOS/REPO-AthOS/kbookmarks/package-kbookmarks/usr/lib64/libKF6Bookmarks.so.6
-- Installing: /home/omen/GITHUB/Athos/AthOS/REPO-AthOS/kbookmarks/package-kbookmarks/usr/lib64/libKF6Bookmarks.so
-- Installing: /home/omen/GITHUB/Athos/AthOS/REPO-AthOS/kbookmarks/package-kbookmarks/usr/include/KF6/KBookmarks/kbookmarks_export.h
-- Installing: /home/omen/GITHUB/Athos/AthOS/REPO-AthOS/kbookmarks/package-kbookmarks/usr/include/KF6/KBookmarks/KBookmark
-- Installing: /home/omen/GITHUB/Athos/AthOS/REPO-AthOS/kbookmarks/package-kbookmarks/usr/include/KF6/KBookmarks/KBookmarkAction
-- Installing: /home/omen/GITHUB/Athos/AthOS/REPO-AthOS/kbookmarks/package-kbookmarks/usr/include/KF6/KBookmarks/KBookmarkActionInterface
-- Installing: /home/omen/GITHUB/Athos/AthOS/REPO-AthOS/kbookmarks/package-kbookmarks/usr/include/KF6/KBookmarks/KBookmarkManager
-- Installing: /home/omen/GITHUB/Athos/AthOS/REPO-AthOS/kbookmarks/package-kbookmarks/usr/include/KF6/KBookmarks/KBookmarkOwner
-- Installing: /home/omen/GITHUB/Athos/AthOS/REPO-AthOS/kbookmarks/package-kbookmarks/usr/include/KF6/KBookmarks/kbookmark.h
-- Installing: /home/omen/GITHUB/Athos/AthOS/REPO-AthOS/kbookmarks/package-kbookmarks/usr/include/KF6/KBookmarks/kbookmarkaction.h
-- Installing: /home/omen/GITHUB/Athos/AthOS/REPO-AthOS/kbookmarks/package-kbookmarks/usr/include/KF6/KBookmarks/kbookmarkactioninterface.h
-- Installing: /home/omen/GITHUB/Athos/AthOS/REPO-AthOS/kbookmarks/package-kbookmarks/usr/include/KF6/KBookmarks/kbookmarkmanager.h
-- Installing: /home/omen/GITHUB/Athos/AthOS/REPO-AthOS/kbookmarks/package-kbookmarks/usr/include/KF6/KBookmarks/kbookmarkowner.h
-- Installing: /home/omen/GITHUB/Athos/AthOS/REPO-AthOS/kbookmarks/package-kbookmarks/usr/share/qlogging-categories6/kbookmarks.categories
-- Installing: /home/omen/GITHUB/Athos/AthOS/REPO-AthOS/kbookmarks/package-kbookmarks/usr/share/qlogging-categories6/kbookmarks.renamecategories
-- Installing: /home/omen/GITHUB/Athos/AthOS/REPO-AthOS/kbookmarks/package-kbookmarks/usr/doc/qt6-6.8.3_20250319_bab1fecd/KF6Bookmarks.qch
-- Installing: /home/omen/GITHUB/Athos/AthOS/REPO-AthOS/kbookmarks/package-kbookmarks/usr/doc/qt6-6.8.3_20250319_bab1fecd/KF6Bookmarks.tags
-- Installing: /home/omen/GITHUB/Athos/AthOS/REPO-AthOS/kbookmarks/package-kbookmarks/usr/lib64/cmake/KF6Bookmarks/KF6BookmarksQchTargets.cmake
-- Installing: /home/omen/GITHUB/Athos/AthOS/REPO-AthOS/kbookmarks/package-kbookmarks/usr/lib64/cmake/KF6Bookmarks/KF6BookmarksConfig.cmake
-- Installing: /home/omen/GITHUB/Athos/AthOS/REPO-AthOS/kbookmarks/package-kbookmarks/usr/lib64/cmake/KF6Bookmarks/KF6BookmarksConfigVersion.cmake
-- Installing: /home/omen/GITHUB/Athos/AthOS/REPO-AthOS/kbookmarks/package-kbookmarks/usr/lib64/cmake/KF6Bookmarks/KF6BookmarksTargets.cmake
-- Installing: /home/omen/GITHUB/Athos/AthOS/REPO-AthOS/kbookmarks/package-kbookmarks/usr/lib64/cmake/KF6Bookmarks/KF6BookmarksTargets-relwithdebinfo.cmake
-- Installing: /home/omen/GITHUB/Athos/AthOS/REPO-AthOS/kbookmarks/package-kbookmarks/usr/include/KF6/KBookmarks/kbookmarks_version.h
[32mThe main part of source code is ready. We are moving on to preparing post install scripts, docs, license, man pages etc..[0m
cp: cannot stat 'AUTHORS': No such file or directory
cp: cannot stat 'ChangeLog*': No such file or directory
cp: cannot stat 'COPYING': No such file or directory
cp: cannot stat 'CREDITS': No such file or directory
cp: cannot stat 'LICENSE': No such file or directory
cp: cannot stat 'MAINTAINERS': No such file or directory
cp: cannot stat 'NEWS': No such file or directory
cp: cannot stat 'DOCS': No such file or directory
grep: /home/omen/GITHUB/Athos/AthOS/REPO-AthOS/kbookmarks/kbookmarks.info: No such file or directory
doxygen
extra-cmake-modules
kcodecs
kconfig
kconfigwidgets
kcoreaddons
kwidgetsaddons
kxmlgui
[32mPackaging compiled for slackware installation...[0m
[32mMAKEPKG_FLAGS is empty or unset, using default[0m

Slackware package maker, version 3.14159265.

Searching for symbolic links:
usr/lib64/libKF6Bookmarks.so	libKF6Bookmarks.so.6
usr/lib64/libKF6Bookmarks.so.6	libKF6Bookmarks.so.6.14.0
usr/lib64/libKF6BookmarksWidgets.so	libKF6BookmarksWidgets.so.6
usr/lib64/libKF6BookmarksWidgets.so.6	libKF6BookmarksWidgets.so.6.14.0

Making symbolic link creation script:
( cd usr/lib64 ; rm -rf libKF6Bookmarks.so )
( cd usr/lib64 ; ln -sf libKF6Bookmarks.so.6 libKF6Bookmarks.so )
( cd usr/lib64 ; rm -rf libKF6Bookmarks.so.6 )
( cd usr/lib64 ; ln -sf libKF6Bookmarks.so.6.14.0 libKF6Bookmarks.so.6 )
( cd usr/lib64 ; rm -rf libKF6BookmarksWidgets.so )
( cd usr/lib64 ; ln -sf libKF6BookmarksWidgets.so.6 libKF6BookmarksWidgets.so )
( cd usr/lib64 ; rm -rf libKF6BookmarksWidgets.so.6 )
( cd usr/lib64 ; ln -sf libKF6BookmarksWidgets.so.6.14.0 libKF6BookmarksWidgets.so.6 )

Unless your existing installation script already contains the code
to create these links, you should append these lines to your existing
install script. Now's your chance. :^)

Would you like to add this stuff to the existing install script and
remove the symbolic links ([y]es, [n]o)? y


Removing symbolic links:
removed './usr/lib64/libKF6Bookmarks.so.6'
removed './usr/lib64/libKF6BookmarksWidgets.so'
removed './usr/lib64/libKF6Bookmarks.so'
removed './usr/lib64/libKF6BookmarksWidgets.so.6'

Updating your ./install/doinst.sh...

This next step is optional - you can set the directories in your package
to some sane permissions. If any of the directories in your package have
special permissions, then DO NOT reset them here!

Would you like to reset all directory permissions to 755 (drwxr-xr-x) and
directory ownerships to root:root ([y]es, [n]o)? n


Creating Slackware package:  /tmp/kbookmarks/kbookmarks-6.14.0-x86_64-1_rtz.tlz

./
install/
install/doinst.sh
install/slack-desc
usr/
usr/doc/
usr/doc/kbookmarks-6.14.0/
usr/doc/kbookmarks-6.14.0/README.md
usr/doc/kbookmarks-6.14.0/docs/
usr/doc/kbookmarks-6.14.0/docs/Doxyfile.local
usr/doc/kbookmarks-6.14.0/kbookmarks.ini
usr/doc/kbookmarks-6.14.0/slack-required
usr/doc/qt6-6.8.3_20250319_bab1fecd/
usr/doc/qt6-6.8.3_20250319_bab1fecd/KF6Bookmarks.qch
usr/doc/qt6-6.8.3_20250319_bab1fecd/KF6Bookmarks.tags
usr/doc/qt6-6.8.3_20250319_bab1fecd/KF6BookmarksWidgets.qch
usr/doc/qt6-6.8.3_20250319_bab1fecd/KF6BookmarksWidgets.tags
usr/include/
usr/include/KF6/
usr/include/KF6/KBookmarks/
usr/include/KF6/KBookmarks/KBookmark
usr/include/KF6/KBookmarks/KBookmarkAction
usr/include/KF6/KBookmarks/KBookmarkActionInterface
usr/include/KF6/KBookmarks/KBookmarkManager
usr/include/KF6/KBookmarks/KBookmarkOwner
usr/include/KF6/KBookmarks/kbookmark.h
usr/include/KF6/KBookmarks/kbookmarkaction.h
usr/include/KF6/KBookmarks/kbookmarkactioninterface.h
usr/include/KF6/KBookmarks/kbookmarkmanager.h
usr/include/KF6/KBookmarks/kbookmarkowner.h
usr/include/KF6/KBookmarks/kbookmarks_export.h
usr/include/KF6/KBookmarks/kbookmarks_version.h
usr/include/KF6/KBookmarksWidgets/
usr/include/KF6/KBookmarksWidgets/KBookmarkActionMenu
usr/include/KF6/KBookmarksWidgets/KBookmarkContextMenu
usr/include/KF6/KBookmarksWidgets/KBookmarkDialog
usr/include/KF6/KBookmarksWidgets/KBookmarkMenu
usr/include/KF6/KBookmarksWidgets/kbookmarkactionmenu.h
usr/include/KF6/KBookmarksWidgets/kbookmarkcontextmenu.h
usr/include/KF6/KBookmarksWidgets/kbookmarkdialog.h
usr/include/KF6/KBookmarksWidgets/kbookmarkmenu.h
usr/include/KF6/KBookmarksWidgets/kbookmarkswidgets_export.h
usr/lib64/
usr/lib64/cmake/
usr/lib64/cmake/KF6Bookmarks/
usr/lib64/cmake/KF6Bookmarks/KF6BookmarksConfig.cmake
usr/lib64/cmake/KF6Bookmarks/KF6BookmarksConfigVersion.cmake
usr/lib64/cmake/KF6Bookmarks/KF6BookmarksQchTargets.cmake
usr/lib64/cmake/KF6Bookmarks/KF6BookmarksTargets-relwithdebinfo.cmake
usr/lib64/cmake/KF6Bookmarks/KF6BookmarksTargets.cmake
usr/lib64/libKF6Bookmarks.so.6.14.0
usr/lib64/libKF6BookmarksWidgets.so.6.14.0
usr/share/
usr/share/locale/
usr/share/locale/af/
usr/share/locale/af/LC_MESSAGES/
usr/share/locale/af/LC_MESSAGES/kbookmarks6_qt.qm
usr/share/locale/ar/
usr/share/locale/ar/LC_MESSAGES/
usr/share/locale/ar/LC_MESSAGES/kbookmarks6_qt.qm
usr/share/locale/ast/
usr/share/locale/ast/LC_MESSAGES/
usr/share/locale/ast/LC_MESSAGES/kbookmarks6_qt.qm
usr/share/locale/az/
usr/share/locale/az/LC_MESSAGES/
usr/share/locale/az/LC_MESSAGES/kbookmarks6_qt.qm
usr/share/locale/be/
usr/share/locale/be/LC_MESSAGES/
usr/share/locale/be/LC_MESSAGES/kbookmarks6_qt.qm
usr/share/locale/be@latin/
usr/share/locale/be@latin/LC_MESSAGES/
usr/share/locale/be@latin/LC_MESSAGES/kbookmarks6_qt.qm
usr/share/locale/bg/
usr/share/locale/bg/LC_MESSAGES/
usr/share/locale/bg/LC_MESSAGES/kbookmarks6_qt.qm
usr/share/locale/bn/
usr/share/locale/bn/LC_MESSAGES/
usr/share/locale/bn/LC_MESSAGES/kbookmarks6_qt.qm
usr/share/locale/br/
usr/share/locale/br/LC_MESSAGES/
usr/share/locale/br/LC_MESSAGES/kbookmarks6_qt.qm
usr/share/locale/bs/
usr/share/locale/bs/LC_MESSAGES/
usr/share/locale/bs/LC_MESSAGES/kbookmarks6_qt.qm
usr/share/locale/ca/
usr/share/locale/ca/LC_MESSAGES/
usr/share/locale/ca/LC_MESSAGES/kbookmarks6_qt.qm
usr/share/locale/ca@valencia/
usr/share/locale/ca@valencia/LC_MESSAGES/
usr/share/locale/ca@valencia/LC_MESSAGES/kbookmarks6_qt.qm
usr/share/locale/cs/
usr/share/locale/cs/LC_MESSAGES/
usr/share/locale/cs/LC_MESSAGES/kbookmarks6_qt.qm
usr/share/locale/csb/
usr/share/locale/csb/LC_MESSAGES/
usr/share/locale/csb/LC_MESSAGES/kbookmarks6_qt.qm
usr/share/locale/cy/
usr/share/locale/cy/LC_MESSAGES/
usr/share/locale/cy/LC_MESSAGES/kbookmarks6_qt.qm
usr/share/locale/da/
usr/share/locale/da/LC_MESSAGES/
usr/share/locale/da/LC_MESSAGES/kbookmarks6_qt.qm
usr/share/locale/de/
usr/share/locale/de/LC_MESSAGES/
usr/share/locale/de/LC_MESSAGES/kbookmarks6_qt.qm
usr/share/locale/el/
usr/share/locale/el/LC_MESSAGES/
usr/share/locale/el/LC_MESSAGES/kbookmarks6_qt.qm
usr/share/locale/en_GB/
usr/share/locale/en_GB/LC_MESSAGES/
usr/share/locale/en_GB/LC_MESSAGES/kbookmarks6_qt.qm
usr/share/locale/eo/
usr/share/locale/eo/LC_MESSAGES/
usr/share/locale/eo/LC_MESSAGES/kbookmarks6_qt.qm
usr/share/locale/es/
usr/share/locale/es/LC_MESSAGES/
usr/share/locale/es/LC_MESSAGES/kbookmarks6_qt.qm
usr/share/locale/et/
usr/share/locale/et/LC_MESSAGES/
usr/share/locale/et/LC_MESSAGES/kbookmarks6_qt.qm
usr/share/locale/eu/
usr/share/locale/eu/LC_MESSAGES/
usr/share/locale/eu/LC_MESSAGES/kbookmarks6_qt.qm
usr/share/locale/fa/
usr/share/locale/fa/LC_MESSAGES/
usr/share/locale/fa/LC_MESSAGES/kbookmarks6_qt.qm
usr/share/locale/fi/
usr/share/locale/fi/LC_MESSAGES/
usr/share/locale/fi/LC_MESSAGES/kbookmarks6_qt.qm
usr/share/locale/fr/
usr/share/locale/fr/LC_MESSAGES/
usr/share/locale/fr/LC_MESSAGES/kbookmarks6_qt.qm
usr/share/locale/fy/
usr/share/locale/fy/LC_MESSAGES/
usr/share/locale/fy/LC_MESSAGES/kbookmarks6_qt.qm
usr/share/locale/ga/
usr/share/locale/ga/LC_MESSAGES/
usr/share/locale/ga/LC_MESSAGES/kbookmarks6_qt.qm
usr/share/locale/gd/
usr/share/locale/gd/LC_MESSAGES/
usr/share/locale/gd/LC_MESSAGES/kbookmarks6_qt.qm
usr/share/locale/gl/
usr/share/locale/gl/LC_MESSAGES/
usr/share/locale/gl/LC_MESSAGES/kbookmarks6_qt.qm
usr/share/locale/gu/
usr/share/locale/gu/LC_MESSAGES/
usr/share/locale/gu/LC_MESSAGES/kbookmarks6_qt.qm
usr/share/locale/he/
usr/share/locale/he/LC_MESSAGES/
usr/share/locale/he/LC_MESSAGES/kbookmarks6_qt.qm
usr/share/locale/hi/
usr/share/locale/hi/LC_MESSAGES/
usr/share/locale/hi/LC_MESSAGES/kbookmarks6_qt.qm
usr/share/locale/hr/
usr/share/locale/hr/LC_MESSAGES/
usr/share/locale/hr/LC_MESSAGES/kbookmarks6_qt.qm
usr/share/locale/hsb/
usr/share/locale/hsb/LC_MESSAGES/
usr/share/locale/hsb/LC_MESSAGES/kbookmarks6_qt.qm
usr/share/locale/hu/
usr/share/locale/hu/LC_MESSAGES/
usr/share/locale/hu/LC_MESSAGES/kbookmarks6_qt.qm
usr/share/locale/ia/
usr/share/locale/ia/LC_MESSAGES/
usr/share/locale/ia/LC_MESSAGES/kbookmarks6_qt.qm
usr/share/locale/id/
usr/share/locale/id/LC_MESSAGES/
usr/share/locale/id/LC_MESSAGES/kbookmarks6_qt.qm
usr/share/locale/is/
usr/share/locale/is/LC_MESSAGES/
usr/share/locale/is/LC_MESSAGES/kbookmarks6_qt.qm
usr/share/locale/it/
usr/share/locale/it/LC_MESSAGES/
usr/share/locale/it/LC_MESSAGES/kbookmarks6_qt.qm
usr/share/locale/ja/
usr/share/locale/ja/LC_MESSAGES/
usr/share/locale/ja/LC_MESSAGES/kbookmarks6_qt.qm
usr/share/locale/ka/
usr/share/locale/ka/LC_MESSAGES/
usr/share/locale/ka/LC_MESSAGES/kbookmarks6_qt.qm
usr/share/locale/kk/
usr/share/locale/kk/LC_MESSAGES/
usr/share/locale/kk/LC_MESSAGES/kbookmarks6_qt.qm
usr/share/locale/km/
usr/share/locale/km/LC_MESSAGES/
usr/share/locale/km/LC_MESSAGES/kbookmarks6_qt.qm
usr/share/locale/ko/
usr/share/locale/ko/LC_MESSAGES/
usr/share/locale/ko/LC_MESSAGES/kbookmarks6_qt.qm
usr/share/locale/ku/
usr/share/locale/ku/LC_MESSAGES/
usr/share/locale/ku/LC_MESSAGES/kbookmarks6_qt.qm
usr/share/locale/lt/
usr/share/locale/lt/LC_MESSAGES/
usr/share/locale/lt/LC_MESSAGES/kbookmarks6_qt.qm
usr/share/locale/lv/
usr/share/locale/lv/LC_MESSAGES/
usr/share/locale/lv/LC_MESSAGES/kbookmarks6_qt.qm
usr/share/locale/mai/
usr/share/locale/mai/LC_MESSAGES/
usr/share/locale/mai/LC_MESSAGES/kbookmarks6_qt.qm
usr/share/locale/mk/
usr/share/locale/mk/LC_MESSAGES/
usr/share/locale/mk/LC_MESSAGES/kbookmarks6_qt.qm
usr/share/locale/ml/
usr/share/locale/ml/LC_MESSAGES/
usr/share/locale/ml/LC_MESSAGES/kbookmarks6_qt.qm
usr/share/locale/mr/
usr/share/locale/mr/LC_MESSAGES/
usr/share/locale/mr/LC_MESSAGES/kbookmarks6_qt.qm
usr/share/locale/ms/
usr/share/locale/ms/LC_MESSAGES/
usr/share/locale/ms/LC_MESSAGES/kbookmarks6_qt.qm
usr/share/locale/nb/
usr/share/locale/nb/LC_MESSAGES/
usr/share/locale/nb/LC_MESSAGES/kbookmarks6_qt.qm
usr/share/locale/nds/
usr/share/locale/nds/LC_MESSAGES/
usr/share/locale/nds/LC_MESSAGES/kbookmarks6_qt.qm
usr/share/locale/ne/
usr/share/locale/ne/LC_MESSAGES/
usr/share/locale/ne/LC_MESSAGES/kbookmarks6_qt.qm
usr/share/locale/nl/
usr/share/locale/nl/LC_MESSAGES/
usr/share/locale/nl/LC_MESSAGES/kbookmarks6_qt.qm
usr/share/locale/nn/
usr/share/locale/nn/LC_MESSAGES/
usr/share/locale/nn/LC_MESSAGES/kbookmarks6_qt.qm
usr/share/locale/oc/
usr/share/locale/oc/LC_MESSAGES/
usr/share/locale/oc/LC_MESSAGES/kbookmarks6_qt.qm
usr/share/locale/pa/
usr/share/locale/pa/LC_MESSAGES/
usr/share/locale/pa/LC_MESSAGES/kbookmarks6_qt.qm
usr/share/locale/pl/
usr/share/locale/pl/LC_MESSAGES/
usr/share/locale/pl/LC_MESSAGES/kbookmarks6_qt.qm
usr/share/locale/pt/
usr/share/locale/pt/LC_MESSAGES/
usr/share/locale/pt/LC_MESSAGES/kbookmarks6_qt.qm
usr/share/locale/pt_BR/
usr/share/locale/pt_BR/LC_MESSAGES/
usr/share/locale/pt_BR/LC_MESSAGES/kbookmarks6_qt.qm
usr/share/locale/ro/
usr/share/locale/ro/LC_MESSAGES/
usr/share/locale/ro/LC_MESSAGES/kbookmarks6_qt.qm
usr/share/locale/ru/
usr/share/locale/ru/LC_MESSAGES/
usr/share/locale/ru/LC_MESSAGES/kbookmarks6_qt.qm
usr/share/locale/sa/
usr/share/locale/sa/LC_MESSAGES/
usr/share/locale/sa/LC_MESSAGES/kbookmarks6_qt.qm
usr/share/locale/se/
usr/share/locale/se/LC_MESSAGES/
usr/share/locale/se/LC_MESSAGES/kbookmarks6_qt.qm
usr/share/locale/sk/
usr/share/locale/sk/LC_MESSAGES/
usr/share/locale/sk/LC_MESSAGES/kbookmarks6_qt.qm
usr/share/locale/sl/
usr/share/locale/sl/LC_MESSAGES/
usr/share/locale/sl/LC_MESSAGES/kbookmarks6_qt.qm
usr/share/locale/sq/
usr/share/locale/sq/LC_MESSAGES/
usr/share/locale/sq/LC_MESSAGES/kbookmarks6_qt.qm
usr/share/locale/sr/
usr/share/locale/sr/LC_MESSAGES/
usr/share/locale/sr/LC_MESSAGES/kbookmarks6_qt.qm
usr/share/locale/sr@ijekavian/
usr/share/locale/sr@ijekavian/LC_MESSAGES/
usr/share/locale/sr@ijekavian/LC_MESSAGES/kbookmarks6_qt.qm
usr/share/locale/sr@ijekavianlatin/
usr/share/locale/sr@ijekavianlatin/LC_MESSAGES/
usr/share/locale/sr@ijekavianlatin/LC_MESSAGES/kbookmarks6_qt.qm
usr/share/locale/sr@latin/
usr/share/locale/sr@latin/LC_MESSAGES/
usr/share/locale/sr@latin/LC_MESSAGES/kbookmarks6_qt.qm
usr/share/locale/sv/
usr/share/locale/sv/LC_MESSAGES/
usr/share/locale/sv/LC_MESSAGES/kbookmarks6_qt.qm
usr/share/locale/ta/
usr/share/locale/ta/LC_MESSAGES/
usr/share/locale/ta/LC_MESSAGES/kbookmarks6_qt.qm
usr/share/locale/tg/
usr/share/locale/tg/LC_MESSAGES/
usr/share/locale/tg/LC_MESSAGES/kbookmarks6_qt.qm
usr/share/locale/th/
usr/share/locale/th/LC_MESSAGES/
usr/share/locale/th/LC_MESSAGES/kbookmarks6_qt.qm
usr/share/locale/tr/
usr/share/locale/tr/LC_MESSAGES/
usr/share/locale/tr/LC_MESSAGES/kbookmarks6_qt.qm
usr/share/locale/ug/
usr/share/locale/ug/LC_MESSAGES/
usr/share/locale/ug/LC_MESSAGES/kbookmarks6_qt.qm
usr/share/locale/uk/
usr/share/locale/uk/LC_MESSAGES/
usr/share/locale/uk/LC_MESSAGES/kbookmarks6_qt.qm
usr/share/locale/uz/
usr/share/locale/uz/LC_MESSAGES/
usr/share/locale/uz/LC_MESSAGES/kbookmarks6_qt.qm
usr/share/locale/uz@cyrillic/
usr/share/locale/uz@cyrillic/LC_MESSAGES/
usr/share/locale/uz@cyrillic/LC_MESSAGES/kbookmarks6_qt.qm
usr/share/locale/vi/
usr/share/locale/vi/LC_MESSAGES/
usr/share/locale/vi/LC_MESSAGES/kbookmarks6_qt.qm
usr/share/locale/wa/
usr/share/locale/wa/LC_MESSAGES/
usr/share/locale/wa/LC_MESSAGES/kbookmarks6_qt.qm
usr/share/locale/xh/
usr/share/locale/xh/LC_MESSAGES/
usr/share/locale/xh/LC_MESSAGES/kbookmarks6_qt.qm
usr/share/locale/zh_CN/
usr/share/locale/zh_CN/LC_MESSAGES/
usr/share/locale/zh_CN/LC_MESSAGES/kbookmarks6_qt.qm
usr/share/locale/zh_TW/
usr/share/locale/zh_TW/LC_MESSAGES/
usr/share/locale/zh_TW/LC_MESSAGES/kbookmarks6_qt.qm
usr/share/qlogging-categories6/
usr/share/qlogging-categories6/kbookmarks.categories
usr/share/qlogging-categories6/kbookmarks.renamecategories
usr/share/qlogging-categories6/kbookmarkswidgets.categories

Slackware package /tmp/kbookmarks/kbookmarks-6.14.0-x86_64-1_rtz.tlz created.

Create shared object file for kbookmarks-6.14.0-x86_64-1_rtz.tlz
Creating /tmp/kbookmarks/kbookmarks-6.14.0-x86_64-1_rtz.tlz.so.file using /tmp/kbookmarks/kbookmarks-6.14.0-x86_64-1_rtz.tlz
Successfully created /tmp/kbookmarks/kbookmarks-6.14.0-x86_64-1_rtz.tlz.so.file
Packaging of executable and meta-data in kbookmarks.tar.lz4 format.
/tmp/kbookmarks /tmp/kbookmarks
/tmp/kbookmarks
BIN_NAME
README
kbookmarks-6.14.0-x86_64-1_rtz.tlz
kbookmarks-6.14.0-x86_64-1_rtz.tlz.md5
kbookmarks-6.14.0-x86_64-1_rtz.tlz.so.file
kbookmarks-6.14.0-x86_64-1_rtz.tlz.txt
kbookmarks.dep
makepkg-kbookmarks.log
[32mkbookmarks build finished. Procced to installation...[0m

+===========================================================================================================+
| Upgrading kbookmarks-6.14.0-x86_64-1_rtz package using /tmp/kbookmarks/kbookmarks-6.14.0-x86_64-1_rtz.tlz |
+===========================================================================================================+

Pre-installing package kbookmarks-6.14.0-x86_64-1_rtz...
Removing package: kbookmarks-6.14.0-x86_64-1_rtz-upgraded-2025-05-28,18:14:22
Installing package kbookmarks-6.14.0-x86_64-1_rtz.tlz:
PACKAGE DESCRIPTION:
# kbookmarks (Support bookmarks and the XBEL format)
#
# Support for bookmarks and the XBEL format
#
# https://community.kde.org/Frameworks
Executing install script for kbookmarks-6.14.0-x86_64-1_rtz.tlz.
Font directories:
	/usr/share/fonts
/usr/share/fonts: caching, new cache contents: 0 fonts, 11 dirs
/usr/share/fonts/100dpi: caching, new cache contents: 238 fonts, 0 dirs
/usr/share/fonts/75dpi: caching, new cache contents: 238 fonts, 0 dirs
/usr/share/fonts/OTF: caching, new cache contents: 124 fonts, 0 dirs
/usr/share/fonts/Speedo: caching, new cache contents: 0 fonts, 0 dirs
/usr/share/fonts/TTF: caching, new cache contents: 1132 fonts, 0 dirs
/usr/share/fonts/Type1: caching, new cache contents: 64 fonts, 0 dirs
/usr/share/fonts/cyrillic: caching, new cache contents: 0 fonts, 0 dirs
/usr/share/fonts/encodings: caching, new cache contents: 0 fonts, 1 dirs
/usr/share/fonts/encodings/large: caching, new cache contents: 0 fonts, 0 dirs
/usr/share/fonts/kanjistrokeorders: caching, new cache contents: 1 fonts, 0 dirs
/usr/share/fonts/misc: caching, new cache contents: 143 fonts, 0 dirs
/usr/share/fonts/util: caching, new cache contents: 0 fonts, 0 dirs
/var/cache/fontconfig: cleaning cache directory
/root/.cache/fontconfig: not cleaning non-existent cache directory
/root/.fontconfig: not cleaning non-existent cache directory
/usr/bin/fc-cache: succeeded
Package kbookmarks-6.14.0-x86_64-1_rtz.tlz installed.
Package kbookmarks-6.14.0-x86_64-1_rtz upgraded with new package /tmp/kbookmarks/kbookmarks-6.14.0-x86_64-1_rtz.tlz.
[32mCleaning environmet: Removing source code, and work-space...[0m
rm: cannot remove 'kbookmarks-6.14.0.tar.xz': No such file or directory
