Starting build process...
Detected architecture: x86_64
Required dependencies: extra-cmake-modules	kconfig	kconfigwidgets	kcoreaddons	kcrash	kdbusaddons	kdoctools	ki18n	kwidgetsaddons	kxmlgui	libkdegames
extra-cmake-modules is already installed!
kconfig is already installed!
kconfigwidgets is already installed!
kcoreaddons is already installed!
kcrash is already installed!
kdbusaddons is already installed!
kdoctools is already installed!
ki18n is already installed!
kwidgetsaddons is already installed!
kxmlgui is already installed!
libkdegames is already installed!
No optional dependencies found.
Downloading source code tar.xz file
--2025-05-11 00:07:26--  https://download.kde.org/stable/release-service/25.04.1/src/kbreakout-25.04.1.tar.xz
Resolving download.kde.org (download.kde.org)... 49.12.122.15, 2a01:4f8:242:53eb::4
Connecting to download.kde.org (download.kde.org)|49.12.122.15|:443... connected.
HTTP request sent, awaiting response... 302 Found
Location: https://ftp.cc.uoc.gr/mirrors/kde/stable/release-service/25.04.1/src/kbreakout-25.04.1.tar.xz [following]
--2025-05-11 00:07:26--  https://ftp.cc.uoc.gr/mirrors/kde/stable/release-service/25.04.1/src/kbreakout-25.04.1.tar.xz
Resolving ftp.cc.uoc.gr (ftp.cc.uoc.gr)... 147.52.159.50, 2001:648:2c00:6c08::2
Connecting to ftp.cc.uoc.gr (ftp.cc.uoc.gr)|147.52.159.50|:443... connected.
HTTP request sent, awaiting response... 200 OK
Length: 2559136 (2.4M) [application/octet-stream]
Saving to: ‘kbreakout-25.04.1.tar.xz’

     0K .......... .......... .......... .......... ..........  2% 1.33M 2s
    50K .......... .......... .......... .......... ..........  4% 1.41M 2s
   100K .......... .......... .......... .......... ..........  6% 6.30M 1s
   150K .......... .......... .......... .......... ..........  8% 1.97M 1s
   200K .......... .......... .......... .......... .......... 10% 4.94M 1s
   250K .......... .......... .......... .......... .......... 12% 7.24M 1s
   300K .......... .......... .......... .......... .......... 14% 4.98M 1s
   350K .......... .......... .......... .......... .......... 16%  587K 1s
   400K .......... .......... .......... .......... .......... 18%  330M 1s
   450K .......... .......... .......... .......... .......... 20%  344M 1s
   500K .......... .......... .......... .......... .......... 22%  346M 1s
   550K .......... .......... .......... .......... .......... 24%  339M 1s
   600K .......... .......... .......... .......... .......... 26%  355M 1s
   650K .......... .......... .......... .......... .......... 28% 31.4M 1s
   700K .......... .......... .......... .......... .......... 30%  320M 1s
   750K .......... .......... .......... .......... .......... 32%  263M 0s
   800K .......... .......... .......... .......... .......... 34% 9.84M 0s
   850K .......... .......... .......... .......... .......... 36% 7.33M 0s
   900K .......... .......... .......... .......... .......... 38% 4.99M 0s
   950K .......... .......... .......... .......... .......... 40% 6.38M 0s
  1000K .......... .......... .......... .......... .......... 42% 5.34M 0s
  1050K .......... .......... .......... .......... .......... 44% 5.05M 0s
  1100K .......... .......... .......... .......... .......... 46% 7.05M 0s
  1150K .......... .......... .......... .......... .......... 48% 3.96M 0s
  1200K .......... .......... .......... .......... .......... 50% 6.76M 0s
  1250K .......... .......... .......... .......... .......... 52% 5.40M 0s
  1300K .......... .......... .......... .......... .......... 54% 5.30M 0s
  1350K .......... .......... .......... .......... .......... 56% 6.52M 0s
  1400K .......... .......... .......... .......... .......... 58% 5.33M 0s
  1450K .......... .......... .......... .......... .......... 60% 6.34M 0s
  1500K .......... .......... .......... .......... .......... 62% 5.41M 0s
  1550K .......... .......... .......... .......... .......... 64% 4.11M 0s
  1600K .......... .......... .......... .......... .......... 66% 6.31M 0s
  1650K .......... .......... .......... .......... .......... 68% 6.07M 0s
  1700K .......... .......... .......... .......... .......... 70% 5.00M 0s
  1750K .......... .......... .......... .......... .......... 72% 6.46M 0s
  1800K .......... .......... .......... .......... .......... 74% 5.17M 0s
  1850K .......... .......... .......... .......... .......... 76% 6.99M 0s
  1900K .......... .......... .......... .......... .......... 78% 5.13M 0s
  1950K .......... .......... .......... .......... .......... 80% 4.25M 0s
  2000K .......... .......... .......... .......... .......... 82% 6.96M 0s
  2050K .......... .......... .......... .......... .......... 84% 4.88M 0s
  2100K .......... .......... .......... .......... .......... 86% 7.00M 0s
  2150K .......... .......... .......... .......... .......... 88% 4.97M 0s
  2200K .......... .......... .......... .......... .......... 90% 6.27M 0s
  2250K .......... .......... .......... .......... .......... 92% 5.31M 0s
  2300K .......... .......... .......... .......... .......... 94% 5.31M 0s
  2350K .......... .......... .......... .......... .......... 96% 4.98M 0s
  2400K .......... .......... .......... .......... .......... 98% 5.01M 0s
  2450K .......... .......... .......... .......... ......... 100% 10.0M=0.5s

2025-05-11 00:07:27 (4.78 MB/s) - ‘kbreakout-25.04.1.tar.xz’ saved [2559136/2559136]

Found file: kbreakout-25.04.1.tar.xz
No checksum provided. Skipping checksum verification and proceeding...
Creating working directories and exporting source code in...
kbreakout-25.04.1/
kbreakout-25.04.1/cmake/
kbreakout-25.04.1/cmake/InternalMacros.cmake
kbreakout-25.04.1/DESIGN
kbreakout-25.04.1/CMakePresets.json.license
kbreakout-25.04.1/pics/
kbreakout-25.04.1/pics/64-apps-kbreakout.png
kbreakout-25.04.1/pics/48-apps-kbreakout.png
kbreakout-25.04.1/pics/32-apps-kbreakout.png
kbreakout-25.04.1/pics/16-apps-kbreakout.png
kbreakout-25.04.1/pics/sc-apps-kbreakout.svg
kbreakout-25.04.1/pics/22-apps-kbreakout.png
kbreakout-25.04.1/pics/CMakeLists.txt
kbreakout-25.04.1/pics/128-apps-kbreakout.png
kbreakout-25.04.1/CMakePresets.json
kbreakout-25.04.1/.craft.ini
kbreakout-25.04.1/LICENSES/
kbreakout-25.04.1/LICENSES/GFDL-1.2-or-later.txt
kbreakout-25.04.1/LICENSES/BSD-3-Clause.txt
kbreakout-25.04.1/LICENSES/CC0-1.0.txt
kbreakout-25.04.1/LICENSES/GPL-2.0-or-later.txt
kbreakout-25.04.1/.gitlab-ci.yml
kbreakout-25.04.1/doc/
kbreakout-25.04.1/doc/HiddenBrick.png
kbreakout-25.04.1/doc/GiftAddLife.png
kbreakout-25.04.1/doc/BreakableBrick.png
kbreakout-25.04.1/doc/ExplodingBrick.png
kbreakout-25.04.1/doc/index.docbook
kbreakout-25.04.1/doc/GiftNextLevel.png
kbreakout-25.04.1/doc/gameboard.png
kbreakout-25.04.1/doc/GiftSplitBall.png
kbreakout-25.04.1/doc/GiftAddBall.png
kbreakout-25.04.1/doc/GiftUnstoppableBall.png
kbreakout-25.04.1/doc/GiftMagicEye.png
kbreakout-25.04.1/doc/MultipleBrick3.png
kbreakout-25.04.1/doc/GiftIncreaseSpeed.png
kbreakout-25.04.1/doc/GiftStickyBar.png
kbreakout-25.04.1/doc/GiftMoreExplosion.png
kbreakout-25.04.1/doc/UnbreakableBrick.png
kbreakout-25.04.1/doc/PlainBrick1.png
kbreakout-25.04.1/doc/GiftShrinkBar.png
kbreakout-25.04.1/doc/GiftLoseLife.png
kbreakout-25.04.1/doc/GiftEnlargeBar.png
kbreakout-25.04.1/doc/GiftDecreaseSpeed.png
kbreakout-25.04.1/doc/GiftMagicWand.png
kbreakout-25.04.1/doc/GiftBurningBall.png
kbreakout-25.04.1/doc/CMakeLists.txt
kbreakout-25.04.1/doc/Gift1000Points.png
kbreakout-25.04.1/logo.png
kbreakout-25.04.1/snapcraft.yaml
kbreakout-25.04.1/TODO
kbreakout-25.04.1/levelsets/
kbreakout-25.04.1/levelsets/CMakeLists.txt
kbreakout-25.04.1/levelsets/default.levelset
kbreakout-25.04.1/.kde-ci.yml
kbreakout-25.04.1/.flatpak-manifest.json.license
kbreakout-25.04.1/themes/
kbreakout-25.04.1/themes/egyptianbreakout_preview.png
kbreakout-25.04.1/themes/default.desktop
kbreakout-25.04.1/themes/crystal_preview.png
kbreakout-25.04.1/themes/IceWorld.svg
kbreakout-25.04.1/themes/web20_preview.png
kbreakout-25.04.1/themes/alienbreakout.svg
kbreakout-25.04.1/themes/simple.desktop
kbreakout-25.04.1/themes/simple_preview.png
kbreakout-25.04.1/themes/IceWorld.desktop
kbreakout-25.04.1/themes/alienbreakout_preview.png
kbreakout-25.04.1/themes/web20.desktop
kbreakout-25.04.1/themes/alienbreakout.desktop
kbreakout-25.04.1/themes/simple.svg
kbreakout-25.04.1/themes/web20.svg
kbreakout-25.04.1/themes/egyptianbreakout.svg
kbreakout-25.04.1/themes/crystal.svg
kbreakout-25.04.1/themes/CMakeLists.txt
kbreakout-25.04.1/themes/crystal.desktop
kbreakout-25.04.1/themes/IceWorld_preview.png
kbreakout-25.04.1/po/
kbreakout-25.04.1/po/bg/
kbreakout-25.04.1/po/bg/kbreakout.po
kbreakout-25.04.1/po/pt/
kbreakout-25.04.1/po/pt/kbreakout.po
kbreakout-25.04.1/po/pt/docs/
kbreakout-25.04.1/po/pt/docs/kbreakout/
kbreakout-25.04.1/po/pt/docs/kbreakout/index.docbook
kbreakout-25.04.1/po/km/
kbreakout-25.04.1/po/km/kbreakout.po
kbreakout-25.04.1/po/nn/
kbreakout-25.04.1/po/nn/kbreakout.po
kbreakout-25.04.1/po/pl/
kbreakout-25.04.1/po/pl/kbreakout.po
kbreakout-25.04.1/po/pl/docs/
kbreakout-25.04.1/po/pl/docs/kbreakout/
kbreakout-25.04.1/po/pl/docs/kbreakout/index.docbook
kbreakout-25.04.1/po/ja/
kbreakout-25.04.1/po/ja/kbreakout.po
kbreakout-25.04.1/po/bs/
kbreakout-25.04.1/po/bs/kbreakout.po
kbreakout-25.04.1/po/zh_CN/
kbreakout-25.04.1/po/zh_CN/kbreakout.po
kbreakout-25.04.1/po/cs/
kbreakout-25.04.1/po/cs/kbreakout.po
kbreakout-25.04.1/po/es/
kbreakout-25.04.1/po/es/kbreakout.po
kbreakout-25.04.1/po/es/docs/
kbreakout-25.04.1/po/es/docs/kbreakout/
kbreakout-25.04.1/po/es/docs/kbreakout/index.docbook
kbreakout-25.04.1/po/ka/
kbreakout-25.04.1/po/ka/kbreakout.po
kbreakout-25.04.1/po/is/
kbreakout-25.04.1/po/is/kbreakout.po
kbreakout-25.04.1/po/tr/
kbreakout-25.04.1/po/tr/kbreakout.po
kbreakout-25.04.1/po/ug/
kbreakout-25.04.1/po/ug/kbreakout.po
kbreakout-25.04.1/po/ca/
kbreakout-25.04.1/po/ca/kbreakout.po
kbreakout-25.04.1/po/ca/docs/
kbreakout-25.04.1/po/ca/docs/kbreakout/
kbreakout-25.04.1/po/ca/docs/kbreakout/index.docbook
kbreakout-25.04.1/po/ca/docs/kbreakout/gameboard.png
kbreakout-25.04.1/po/ca@valencia/
kbreakout-25.04.1/po/ca@valencia/kbreakout.po
kbreakout-25.04.1/po/hr/
kbreakout-25.04.1/po/hr/kbreakout.po
kbreakout-25.04.1/po/gl/
kbreakout-25.04.1/po/gl/kbreakout.po
kbreakout-25.04.1/po/ro/
kbreakout-25.04.1/po/ro/kbreakout.po
kbreakout-25.04.1/po/eo/
kbreakout-25.04.1/po/eo/kbreakout.po
kbreakout-25.04.1/po/sr@ijekavian/
kbreakout-25.04.1/po/sr@ijekavian/kbreakout.po
kbreakout-25.04.1/po/nl/
kbreakout-25.04.1/po/nl/kbreakout.po
kbreakout-25.04.1/po/nl/docs/
kbreakout-25.04.1/po/nl/docs/kbreakout/
kbreakout-25.04.1/po/nl/docs/kbreakout/index.docbook
kbreakout-25.04.1/po/mr/
kbreakout-25.04.1/po/mr/kbreakout.po
kbreakout-25.04.1/po/ml/
kbreakout-25.04.1/po/ml/kbreakout.po
kbreakout-25.04.1/po/hu/
kbreakout-25.04.1/po/hu/kbreakout.po
kbreakout-25.04.1/po/eu/
kbreakout-25.04.1/po/eu/kbreakout.po
kbreakout-25.04.1/po/lv/
kbreakout-25.04.1/po/lv/kbreakout.po
kbreakout-25.04.1/po/nb/
kbreakout-25.04.1/po/nb/kbreakout.po
kbreakout-25.04.1/po/fr/
kbreakout-25.04.1/po/fr/kbreakout.po
kbreakout-25.04.1/po/fr/docs/
kbreakout-25.04.1/po/fr/docs/kbreakout/
kbreakout-25.04.1/po/fr/docs/kbreakout/index.docbook
kbreakout-25.04.1/po/hi/
kbreakout-25.04.1/po/hi/kbreakout.po
kbreakout-25.04.1/po/sl/
kbreakout-25.04.1/po/sl/kbreakout.po
kbreakout-25.04.1/po/sl/docs/
kbreakout-25.04.1/po/sl/docs/kbreakout/
kbreakout-25.04.1/po/sl/docs/kbreakout/index.docbook
kbreakout-25.04.1/po/sr@latin/
kbreakout-25.04.1/po/sr@latin/kbreakout.po
kbreakout-25.04.1/po/th/
kbreakout-25.04.1/po/th/kbreakout.po
kbreakout-25.04.1/po/wa/
kbreakout-25.04.1/po/wa/kbreakout.po
kbreakout-25.04.1/po/sr/
kbreakout-25.04.1/po/sr/kbreakout.po
kbreakout-25.04.1/po/he/
kbreakout-25.04.1/po/he/kbreakout.po
kbreakout-25.04.1/po/de/
kbreakout-25.04.1/po/de/kbreakout.po
kbreakout-25.04.1/po/de/docs/
kbreakout-25.04.1/po/de/docs/kbreakout/
kbreakout-25.04.1/po/de/docs/kbreakout/index.docbook
kbreakout-25.04.1/po/ar/
kbreakout-25.04.1/po/ar/kbreakout.po
kbreakout-25.04.1/po/sk/
kbreakout-25.04.1/po/sk/kbreakout.po
kbreakout-25.04.1/po/zh_TW/
kbreakout-25.04.1/po/zh_TW/kbreakout.po
kbreakout-25.04.1/po/gu/
kbreakout-25.04.1/po/gu/kbreakout.po
kbreakout-25.04.1/po/et/
kbreakout-25.04.1/po/et/kbreakout.po
kbreakout-25.04.1/po/et/docs/
kbreakout-25.04.1/po/et/docs/kbreakout/
kbreakout-25.04.1/po/et/docs/kbreakout/index.docbook
kbreakout-25.04.1/po/it/
kbreakout-25.04.1/po/it/kbreakout.po
kbreakout-25.04.1/po/it/docs/
kbreakout-25.04.1/po/it/docs/kbreakout/
kbreakout-25.04.1/po/it/docs/kbreakout/index.docbook
kbreakout-25.04.1/po/mai/
kbreakout-25.04.1/po/mai/kbreakout.po
kbreakout-25.04.1/po/el/
kbreakout-25.04.1/po/el/kbreakout.po
kbreakout-25.04.1/po/da/
kbreakout-25.04.1/po/da/kbreakout.po
kbreakout-25.04.1/po/pt_BR/
kbreakout-25.04.1/po/pt_BR/kbreakout.po
kbreakout-25.04.1/po/pt_BR/docs/
kbreakout-25.04.1/po/pt_BR/docs/kbreakout/
kbreakout-25.04.1/po/pt_BR/docs/kbreakout/index.docbook
kbreakout-25.04.1/po/ru/
kbreakout-25.04.1/po/ru/kbreakout.po
kbreakout-25.04.1/po/sq/
kbreakout-25.04.1/po/sq/kbreakout.po
kbreakout-25.04.1/po/id/
kbreakout-25.04.1/po/id/kbreakout.po
kbreakout-25.04.1/po/ia/
kbreakout-25.04.1/po/ia/kbreakout.po
kbreakout-25.04.1/po/sv/
kbreakout-25.04.1/po/sv/kbreakout.po
kbreakout-25.04.1/po/sv/docs/
kbreakout-25.04.1/po/sv/docs/kbreakout/
kbreakout-25.04.1/po/sv/docs/kbreakout/index.docbook
kbreakout-25.04.1/po/fi/
kbreakout-25.04.1/po/fi/kbreakout.po
kbreakout-25.04.1/po/kk/
kbreakout-25.04.1/po/kk/kbreakout.po
kbreakout-25.04.1/po/ast/
kbreakout-25.04.1/po/ast/kbreakout.po
kbreakout-25.04.1/po/lt/
kbreakout-25.04.1/po/lt/kbreakout.po
kbreakout-25.04.1/po/sa/
kbreakout-25.04.1/po/sa/kbreakout.po
kbreakout-25.04.1/po/ko/
kbreakout-25.04.1/po/ko/kbreakout.po
kbreakout-25.04.1/po/ga/
kbreakout-25.04.1/po/ga/kbreakout.po
kbreakout-25.04.1/po/en_GB/
kbreakout-25.04.1/po/en_GB/kbreakout.po
kbreakout-25.04.1/po/uk/
kbreakout-25.04.1/po/uk/kbreakout.po
kbreakout-25.04.1/po/uk/docs/
kbreakout-25.04.1/po/uk/docs/kbreakout/
kbreakout-25.04.1/po/uk/docs/kbreakout/index.docbook
kbreakout-25.04.1/po/uk/docs/kbreakout/gameboard.png
kbreakout-25.04.1/po/sr@ijekavianlatin/
kbreakout-25.04.1/po/sr@ijekavianlatin/kbreakout.po
kbreakout-25.04.1/po/nds/
kbreakout-25.04.1/po/nds/kbreakout.po
kbreakout-25.04.1/.flatpak-manifest.json
kbreakout-25.04.1/CMakeLists.txt
kbreakout-25.04.1/src/
kbreakout-25.04.1/src/gameengine.h
kbreakout-25.04.1/src/kbreakoutui.rc
kbreakout-25.04.1/src/canvaswidget.h
kbreakout-25.04.1/src/canvaswidget.cpp
kbreakout-25.04.1/src/Messages.sh
kbreakout-25.04.1/src/generalsettings.ui
kbreakout-25.04.1/src/mainwindow.h
kbreakout-25.04.1/src/levelloader.h
kbreakout-25.04.1/src/levelloader.cpp
kbreakout-25.04.1/src/qml/
kbreakout-25.04.1/src/qml/Singleshot.qml
kbreakout-25.04.1/src/qml/globals.js
kbreakout-25.04.1/src/qml/Brick.qml
kbreakout-25.04.1/src/qml/logic.js
kbreakout-25.04.1/src/qml/Bar.qml
kbreakout-25.04.1/src/qml/Gift.qml
kbreakout-25.04.1/src/qml/TextItem.qml
kbreakout-25.04.1/src/qml/CanvasItem.qml
kbreakout-25.04.1/src/qml/main.qml
kbreakout-25.04.1/src/qml/Ball.qml
kbreakout-25.04.1/src/kbreakout.kcfg
kbreakout-25.04.1/src/settings.kcfgc
kbreakout-25.04.1/src/mainwindow.cpp
kbreakout-25.04.1/src/main.cpp
kbreakout-25.04.1/src/org.kde.kbreakout.desktop
kbreakout-25.04.1/src/gameengine.cpp
kbreakout-25.04.1/src/kbreakout.qrc
kbreakout-25.04.1/src/CMakeLists.txt
kbreakout-25.04.1/src/org.kde.kbreakout.appdata.xml
kbreakout-25.04.1/src/globals.h
kbreakout-25.04.1/.gitignore
kbreakout-25.04.1/sounds/
kbreakout-25.04.1/sounds/ball-bounce-wall.ogg
kbreakout-25.04.1/sounds/ball-bounce.ogg
/home/omen/GITHUB/PLASMA_WORLD/AthOS/REPO-AthOS/kbreakout/work
README or README.md already exists, skipping creation.
hm...lets continue and see what happens
-- The C compiler identification is GNU 14.2.0
-- The CXX compiler identification is GNU 14.2.0
-- Detecting C compiler ABI info
-- Detecting C compiler ABI info - done
-- Check for working C compiler: /usr/bin/cc - skipped
-- Detecting C compile features
-- Detecting C compile features - done
-- Detecting CXX compiler ABI info
-- Detecting CXX compiler ABI info - done
-- Check for working CXX compiler: /usr/bin/c++ - skipped
-- Detecting CXX compile features
-- Detecting CXX compile features - done
-- Installing in the same prefix as Qt, adopting their path scheme.
-- Looking for __GLIBC__
-- Looking for __GLIBC__ - found
-- Performing Test _OFFT_IS_64BIT
-- Performing Test _OFFT_IS_64BIT - Success
-- Performing Test HAVE_DATE_TIME
-- Performing Test HAVE_DATE_TIME - Success
-- Could NOT find 7Zip (missing: 7Zip_EXECUTABLE) 
-- Found gzip: /usr/bin/gzip
-- Performing Test HAVE_STDATOMIC
-- Performing Test HAVE_STDATOMIC - Success
-- Found WrapAtomic: TRUE
-- Found OpenGL: /usr/lib64/libOpenGL.so
-- Found WrapOpenGL: TRUE
-- Found XKB: /usr/lib64/libxkbcommon.so (found suitable version "1.9.2", minimum required is "0.5.0")
-- Found WrapVulkanHeaders: /usr/include
-- Found KF6CoreAddons: /usr/lib64/cmake/KF6CoreAddons/KF6CoreAddonsConfig.cmake (found version "6.14.0")
-- Found KF6Config: /usr/lib64/cmake/KF6Config/KF6ConfigConfig.cmake (found version "6.14.0")
-- Found KF6Crash: /usr/lib64/cmake/KF6Crash/KF6CrashConfig.cmake (found version "6.14.0")
-- Found KF6WidgetsAddons: /usr/lib64/cmake/KF6WidgetsAddons/KF6WidgetsAddonsConfig.cmake (found version "6.14.0")
-- Found KF6DBusAddons: /usr/lib64/cmake/KF6DBusAddons/KF6DBusAddonsConfig.cmake (found version "6.14.0")
-- Found Gettext: /usr/bin/msgmerge (found version "0.25")
-- Found KF6I18n: /usr/lib64/cmake/KF6I18n/KF6I18nConfig.cmake (found version "6.14.0")
-- Found KF6ConfigWidgets: /usr/lib64/cmake/KF6ConfigWidgets/KF6ConfigWidgetsConfig.cmake (found version "6.14.0")
-- Found KF6XmlGui: /usr/lib64/cmake/KF6XmlGui/KF6XmlGuiConfig.cmake (found version "6.14.0")
-- Found KF6IconThemes: /usr/lib64/cmake/KF6IconThemes/KF6IconThemesConfig.cmake (found version "6.14.0")
-- Found KF6DocTools: /usr/lib64/cmake/KF6DocTools/KF6DocToolsConfig.cmake (found version "6.14.0")
-- Found KF6: success (found suitable version "6.14.0", minimum required is "6.0.0") found components: CoreAddons Config Crash WidgetsAddons Config DBusAddons I18n ConfigWidgets XmlGui IconThemes DocTools
-- The following OPTIONAL packages have been found:

 * OpenGL
 * Qt6QuickTools (required version >= 6.8.3)
 * Qt6Quick (required version >= 6.5.0)
 * Qt6QuickWidgets (required version >= 6.5.0)
 * XKB (required version >= 0.5.0), XKB API common to servers and clients., <http://xkbcommon.org>
 * WrapVulkanHeaders
 * Qt6DBusTools (required version >= 6.8.3)
 * Qt6QmlTools (required version >= 6.8.3)
 * Qt6CoreTools (required version >= 6.8.3)
 * Qt6GuiTools (required version >= 6.8.3)
 * Qt6WidgetsTools (required version >= 6.8.3)

-- The following REQUIRED packages have been found:

 * ECM (required version >= 6.0.0)
 * gzip, Data compression program for the gzip format, <https://www.gnu.org/software/gzip>
   For installing SVG files as SVGZ (less efficient fallback for 7Zip)
 * Qt6 (required version >= 6.5.0)
 * KF6CoreAddons (required version >= 6.0.0)
 * KF6Crash (required version >= 6.0.0)
 * KF6DBusAddons (required version >= 6.0.0)
 * Gettext
 * KF6I18n (required version >= 6.0.0)
 * KF6XmlGui (required version >= 6.0.0)
 * KF6IconThemes (required version >= 6.0.0)
 * KF6DocTools (required version >= 6.0.0)
 * KF6 (required version >= 6.0.0)
 * Qt6Qml (required version >= 6.7.0)
 * Qt6Widgets (required version >= 6.7.0)
 * KDEGames6 (required version >= 6.0.0)

-- The following OPTIONAL packages have not been found:

 * 7Zip, Data (de)compression program, <https://www.7-zip.org/>
   For installing SVG files as SVGZ

-- Configuring done (1.0s)
-- Generating done (0.0s)
-- Build files have been written to: /home/omen/GITHUB/PLASMA_WORLD/AthOS/REPO-AthOS/kbreakout/work/kbreakout-25.04.1/build
[1/36] Generating ts...
[2/36] Gzipping crystal.svg
[3/36] Gzipping web20.svg
[4/36] Gzipping egyptianbreakout.svg
[5/36] Gzipping IceWorld.svg
[6/36] Gzipping alienbreakout.svg
[7/36] Generating mo...
[8/36] Gzipping simple.svg
[9/36] Generating po/sv/docs/kbreakout/index.cache.bz2
[10/36] Generating po/es/docs/kbreakout/index.cache.bz2
[11/36] Generating po/de/docs/kbreakout/index.cache.bz2
[12/36] Generating po/pt/docs/kbreakout/index.cache.bz2
[13/36] Generating po/pt_BR/docs/kbreakout/index.cache.bz2
I/O warning : failed to load "/usr/share/kf6/kdoctools/customization/xsl/pt-BR.xml": No such file or directory
No "pt_br" localization of "footer-doc-comment" exists; using "en".
No "pt_br" localization of "footer-doc-feedback" exists; using "en".
No "pt_br" localization of "footer-doc-teamname" exists; using "en".
No "pt_br" localization of "footer-doc-comment" exists; using "en".
No "pt_br" localization of "footer-doc-feedback" exists; using "en".
No "pt_br" localization of "footer-doc-teamname" exists; using "en".
No "pt_br" localization of "footer-doc-comment" exists; using "en".
No "pt_br" localization of "footer-doc-feedback" exists; using "en".
No "pt_br" localization of "footer-doc-teamname" exists; using "en".
No "pt_br" localization of "footer-doc-comment" exists; using "en".
No "pt_br" localization of "footer-doc-feedback" exists; using "en".
No "pt_br" localization of "footer-doc-teamname" exists; using "en".
No "pt_br" localization of "footer-doc-comment" exists; using "en".
No "pt_br" localization of "footer-doc-feedback" exists; using "en".
No "pt_br" localization of "footer-doc-teamname" exists; using "en".
No "pt_br" localization of "footer-doc-comment" exists; using "en".
No "pt_br" localization of "footer-doc-feedback" exists; using "en".
No "pt_br" localization of "footer-doc-teamname" exists; using "en".
No "pt_br" localization of "footer-doc-comment" exists; using "en".
No "pt_br" localization of "footer-doc-feedback" exists; using "en".
No "pt_br" localization of "footer-doc-teamname" exists; using "en".
No "pt_br" localization of "footer-doc-comment" exists; using "en".
No "pt_br" localization of "footer-doc-feedback" exists; using "en".
No "pt_br" localization of "footer-doc-teamname" exists; using "en".
No "pt_br" localization of "footer-doc-comment" exists; using "en".
No "pt_br" localization of "footer-doc-feedback" exists; using "en".
No "pt_br" localization of "footer-doc-teamname" exists; using "en".
No "pt_br" localization of "footer-doc-comment" exists; using "en".
No "pt_br" localization of "footer-doc-feedback" exists; using "en".
No "pt_br" localization of "footer-doc-teamname" exists; using "en".
[14/36] Generating po/fr/docs/kbreakout/index.cache.bz2
[15/36] Generating po/pl/docs/kbreakout/index.cache.bz2
[16/36] Generating po/it/docs/kbreakout/index.cache.bz2
[17/36] Generating po/ca/docs/kbreakout/index.cache.bz2
[18/36] Generating po/et/docs/kbreakout/index.cache.bz2
[19/36] Generating index.cache.bz2
[20/36] Generating po/uk/docs/kbreakout/index.cache.bz2
[21/36] Generating po/nl/docs/kbreakout/index.cache.bz2
[22/36] Generating po/sl/docs/kbreakout/index.cache.bz2
[23/36] Automatic MOC for target kbreakout
[24/36] Generating settings.h, settings.cpp
[25/36] Generating ui_generalsettings.h
[26/36] Automatic RCC for kbreakout.qrc
[27/36] Building CXX object src/CMakeFiles/kbreakout.dir/kbreakout_autogen/mocs_compilation.cpp.o
[28/36] Building CXX object src/CMakeFiles/kbreakout.dir/kbreakout_autogen/EWIEGA46WW/qrc_kbreakout.cpp.o
[29/36] Building CXX object src/CMakeFiles/kbreakout.dir/kbreakout_debug.cpp.o
[30/36] Building CXX object src/CMakeFiles/kbreakout.dir/gameengine.cpp.o
[31/36] Building CXX object src/CMakeFiles/kbreakout.dir/main.cpp.o
[32/36] Building CXX object src/CMakeFiles/kbreakout.dir/settings.cpp.o
[33/36] Building CXX object src/CMakeFiles/kbreakout.dir/levelloader.cpp.o
[34/36] Building CXX object src/CMakeFiles/kbreakout.dir/canvaswidget.cpp.o
[35/36] Building CXX object src/CMakeFiles/kbreakout.dir/mainwindow.cpp.o
[36/36] Linking CXX executable bin/kbreakout
-- Install configuration: "RelWithDebInfo"
-- Installing: /home/omen/GITHUB/PLASMA_WORLD/AthOS/REPO-AthOS/kbreakout/package-kbreakout/usr/bin/kbreakout
-- Installing: /home/omen/GITHUB/PLASMA_WORLD/AthOS/REPO-AthOS/kbreakout/package-kbreakout/usr/share/kbreakout/qml
-- Installing: /home/omen/GITHUB/PLASMA_WORLD/AthOS/REPO-AthOS/kbreakout/package-kbreakout/usr/share/kbreakout/qml/Bar.qml
-- Installing: /home/omen/GITHUB/PLASMA_WORLD/AthOS/REPO-AthOS/kbreakout/package-kbreakout/usr/share/kbreakout/qml/Gift.qml
-- Installing: /home/omen/GITHUB/PLASMA_WORLD/AthOS/REPO-AthOS/kbreakout/package-kbreakout/usr/share/kbreakout/qml/CanvasItem.qml
-- Installing: /home/omen/GITHUB/PLASMA_WORLD/AthOS/REPO-AthOS/kbreakout/package-kbreakout/usr/share/kbreakout/qml/logic.js
-- Installing: /home/omen/GITHUB/PLASMA_WORLD/AthOS/REPO-AthOS/kbreakout/package-kbreakout/usr/share/kbreakout/qml/Ball.qml
-- Installing: /home/omen/GITHUB/PLASMA_WORLD/AthOS/REPO-AthOS/kbreakout/package-kbreakout/usr/share/kbreakout/qml/main.qml
-- Installing: /home/omen/GITHUB/PLASMA_WORLD/AthOS/REPO-AthOS/kbreakout/package-kbreakout/usr/share/kbreakout/qml/globals.js
-- Installing: /home/omen/GITHUB/PLASMA_WORLD/AthOS/REPO-AthOS/kbreakout/package-kbreakout/usr/share/kbreakout/qml/Brick.qml
-- Installing: /home/omen/GITHUB/PLASMA_WORLD/AthOS/REPO-AthOS/kbreakout/package-kbreakout/usr/share/kbreakout/qml/Singleshot.qml
-- Installing: /home/omen/GITHUB/PLASMA_WORLD/AthOS/REPO-AthOS/kbreakout/package-kbreakout/usr/share/kbreakout/qml/TextItem.qml
-- Installing: /home/omen/GITHUB/PLASMA_WORLD/AthOS/REPO-AthOS/kbreakout/package-kbreakout/usr/share/applications/org.kde.kbreakout.desktop
-- Installing: /home/omen/GITHUB/PLASMA_WORLD/AthOS/REPO-AthOS/kbreakout/package-kbreakout/usr/share/metainfo/org.kde.kbreakout.appdata.xml
-- Installing: /home/omen/GITHUB/PLASMA_WORLD/AthOS/REPO-AthOS/kbreakout/package-kbreakout/usr/share/qlogging-categories6/kbreakout.categories
-- Installing: /home/omen/GITHUB/PLASMA_WORLD/AthOS/REPO-AthOS/kbreakout/package-kbreakout/usr/share/icons/hicolor/128x128/apps/kbreakout.png
-- Installing: /home/omen/GITHUB/PLASMA_WORLD/AthOS/REPO-AthOS/kbreakout/package-kbreakout/usr/share/icons/hicolor/16x16/apps/kbreakout.png
-- Installing: /home/omen/GITHUB/PLASMA_WORLD/AthOS/REPO-AthOS/kbreakout/package-kbreakout/usr/share/icons/hicolor/22x22/apps/kbreakout.png
-- Installing: /home/omen/GITHUB/PLASMA_WORLD/AthOS/REPO-AthOS/kbreakout/package-kbreakout/usr/share/icons/hicolor/32x32/apps/kbreakout.png
-- Installing: /home/omen/GITHUB/PLASMA_WORLD/AthOS/REPO-AthOS/kbreakout/package-kbreakout/usr/share/icons/hicolor/48x48/apps/kbreakout.png
-- Installing: /home/omen/GITHUB/PLASMA_WORLD/AthOS/REPO-AthOS/kbreakout/package-kbreakout/usr/share/icons/hicolor/64x64/apps/kbreakout.png
-- Installing: /home/omen/GITHUB/PLASMA_WORLD/AthOS/REPO-AthOS/kbreakout/package-kbreakout/usr/share/icons/hicolor/scalable/apps/kbreakout.svg
-- Installing: /home/omen/GITHUB/PLASMA_WORLD/AthOS/REPO-AthOS/kbreakout/package-kbreakout/usr/share/kbreakout/themes/default.desktop
-- Installing: /home/omen/GITHUB/PLASMA_WORLD/AthOS/REPO-AthOS/kbreakout/package-kbreakout/usr/share/kbreakout/themes/egyptianbreakout_preview.png
-- Installing: /home/omen/GITHUB/PLASMA_WORLD/AthOS/REPO-AthOS/kbreakout/package-kbreakout/usr/share/kbreakout/themes/egyptianbreakout.svgz
-- Installing: /home/omen/GITHUB/PLASMA_WORLD/AthOS/REPO-AthOS/kbreakout/package-kbreakout/usr/share/kbreakout/themes/alienbreakout.desktop
-- Installing: /home/omen/GITHUB/PLASMA_WORLD/AthOS/REPO-AthOS/kbreakout/package-kbreakout/usr/share/kbreakout/themes/alienbreakout_preview.png
-- Installing: /home/omen/GITHUB/PLASMA_WORLD/AthOS/REPO-AthOS/kbreakout/package-kbreakout/usr/share/kbreakout/themes/alienbreakout.svgz
-- Installing: /home/omen/GITHUB/PLASMA_WORLD/AthOS/REPO-AthOS/kbreakout/package-kbreakout/usr/share/kbreakout/themes/web20.desktop
-- Installing: /home/omen/GITHUB/PLASMA_WORLD/AthOS/REPO-AthOS/kbreakout/package-kbreakout/usr/share/kbreakout/themes/web20_preview.png
-- Installing: /home/omen/GITHUB/PLASMA_WORLD/AthOS/REPO-AthOS/kbreakout/package-kbreakout/usr/share/kbreakout/themes/web20.svgz
-- Installing: /home/omen/GITHUB/PLASMA_WORLD/AthOS/REPO-AthOS/kbreakout/package-kbreakout/usr/share/kbreakout/themes/crystal.desktop
-- Installing: /home/omen/GITHUB/PLASMA_WORLD/AthOS/REPO-AthOS/kbreakout/package-kbreakout/usr/share/kbreakout/themes/crystal_preview.png
-- Installing: /home/omen/GITHUB/PLASMA_WORLD/AthOS/REPO-AthOS/kbreakout/package-kbreakout/usr/share/kbreakout/themes/crystal.svgz
-- Installing: /home/omen/GITHUB/PLASMA_WORLD/AthOS/REPO-AthOS/kbreakout/package-kbreakout/usr/share/kbreakout/themes/simple.desktop
-- Installing: /home/omen/GITHUB/PLASMA_WORLD/AthOS/REPO-AthOS/kbreakout/package-kbreakout/usr/share/kbreakout/themes/simple_preview.png
-- Installing: /home/omen/GITHUB/PLASMA_WORLD/AthOS/REPO-AthOS/kbreakout/package-kbreakout/usr/share/kbreakout/themes/simple.svgz
-- Installing: /home/omen/GITHUB/PLASMA_WORLD/AthOS/REPO-AthOS/kbreakout/package-kbreakout/usr/share/kbreakout/themes/IceWorld.desktop
-- Installing: /home/omen/GITHUB/PLASMA_WORLD/AthOS/REPO-AthOS/kbreakout/package-kbreakout/usr/share/kbreakout/themes/IceWorld_preview.png
-- Installing: /home/omen/GITHUB/PLASMA_WORLD/AthOS/REPO-AthOS/kbreakout/package-kbreakout/usr/share/kbreakout/themes/IceWorld.svgz
-- Installing: /home/omen/GITHUB/PLASMA_WORLD/AthOS/REPO-AthOS/kbreakout/package-kbreakout/usr/share/kbreakout/levelsets/default.levelset
-- Installing: /home/omen/GITHUB/PLASMA_WORLD/AthOS/REPO-AthOS/kbreakout/package-kbreakout/usr/share/doc/HTML/en/kbreakout/index.cache.bz2
-- Installing: /home/omen/GITHUB/PLASMA_WORLD/AthOS/REPO-AthOS/kbreakout/package-kbreakout/usr/share/doc/HTML/en/kbreakout/index.docbook
-- Installing: /home/omen/GITHUB/PLASMA_WORLD/AthOS/REPO-AthOS/kbreakout/package-kbreakout/usr/share/doc/HTML/en/kbreakout/BreakableBrick.png
-- Installing: /home/omen/GITHUB/PLASMA_WORLD/AthOS/REPO-AthOS/kbreakout/package-kbreakout/usr/share/doc/HTML/en/kbreakout/ExplodingBrick.png
-- Installing: /home/omen/GITHUB/PLASMA_WORLD/AthOS/REPO-AthOS/kbreakout/package-kbreakout/usr/share/doc/HTML/en/kbreakout/Gift1000Points.png
-- Installing: /home/omen/GITHUB/PLASMA_WORLD/AthOS/REPO-AthOS/kbreakout/package-kbreakout/usr/share/doc/HTML/en/kbreakout/GiftAddBall.png
-- Installing: /home/omen/GITHUB/PLASMA_WORLD/AthOS/REPO-AthOS/kbreakout/package-kbreakout/usr/share/doc/HTML/en/kbreakout/GiftAddLife.png
-- Installing: /home/omen/GITHUB/PLASMA_WORLD/AthOS/REPO-AthOS/kbreakout/package-kbreakout/usr/share/doc/HTML/en/kbreakout/GiftBurningBall.png
-- Installing: /home/omen/GITHUB/PLASMA_WORLD/AthOS/REPO-AthOS/kbreakout/package-kbreakout/usr/share/doc/HTML/en/kbreakout/GiftDecreaseSpeed.png
-- Installing: /home/omen/GITHUB/PLASMA_WORLD/AthOS/REPO-AthOS/kbreakout/package-kbreakout/usr/share/doc/HTML/en/kbreakout/GiftEnlargeBar.png
-- Installing: /home/omen/GITHUB/PLASMA_WORLD/AthOS/REPO-AthOS/kbreakout/package-kbreakout/usr/share/doc/HTML/en/kbreakout/GiftIncreaseSpeed.png
-- Installing: /home/omen/GITHUB/PLASMA_WORLD/AthOS/REPO-AthOS/kbreakout/package-kbreakout/usr/share/doc/HTML/en/kbreakout/GiftLoseLife.png
-- Installing: /home/omen/GITHUB/PLASMA_WORLD/AthOS/REPO-AthOS/kbreakout/package-kbreakout/usr/share/doc/HTML/en/kbreakout/GiftMagicEye.png
-- Installing: /home/omen/GITHUB/PLASMA_WORLD/AthOS/REPO-AthOS/kbreakout/package-kbreakout/usr/share/doc/HTML/en/kbreakout/GiftMagicWand.png
-- Installing: /home/omen/GITHUB/PLASMA_WORLD/AthOS/REPO-AthOS/kbreakout/package-kbreakout/usr/share/doc/HTML/en/kbreakout/GiftMoreExplosion.png
-- Installing: /home/omen/GITHUB/PLASMA_WORLD/AthOS/REPO-AthOS/kbreakout/package-kbreakout/usr/share/doc/HTML/en/kbreakout/GiftNextLevel.png
-- Installing: /home/omen/GITHUB/PLASMA_WORLD/AthOS/REPO-AthOS/kbreakout/package-kbreakout/usr/share/doc/HTML/en/kbreakout/GiftShrinkBar.png
-- Installing: /home/omen/GITHUB/PLASMA_WORLD/AthOS/REPO-AthOS/kbreakout/package-kbreakout/usr/share/doc/HTML/en/kbreakout/GiftSplitBall.png
-- Installing: /home/omen/GITHUB/PLASMA_WORLD/AthOS/REPO-AthOS/kbreakout/package-kbreakout/usr/share/doc/HTML/en/kbreakout/GiftStickyBar.png
-- Installing: /home/omen/GITHUB/PLASMA_WORLD/AthOS/REPO-AthOS/kbreakout/package-kbreakout/usr/share/doc/HTML/en/kbreakout/GiftUnstoppableBall.png
-- Installing: /home/omen/GITHUB/PLASMA_WORLD/AthOS/REPO-AthOS/kbreakout/package-kbreakout/usr/share/doc/HTML/en/kbreakout/HiddenBrick.png
-- Installing: /home/omen/GITHUB/PLASMA_WORLD/AthOS/REPO-AthOS/kbreakout/package-kbreakout/usr/share/doc/HTML/en/kbreakout/MultipleBrick3.png
-- Installing: /home/omen/GITHUB/PLASMA_WORLD/AthOS/REPO-AthOS/kbreakout/package-kbreakout/usr/share/doc/HTML/en/kbreakout/PlainBrick1.png
-- Installing: /home/omen/GITHUB/PLASMA_WORLD/AthOS/REPO-AthOS/kbreakout/package-kbreakout/usr/share/doc/HTML/en/kbreakout/UnbreakableBrick.png
-- Installing: /home/omen/GITHUB/PLASMA_WORLD/AthOS/REPO-AthOS/kbreakout/package-kbreakout/usr/share/doc/HTML/en/kbreakout/gameboard.png
-- Installing: /home/omen/GITHUB/PLASMA_WORLD/AthOS/REPO-AthOS/kbreakout/package-kbreakout/usr/share/locale
-- Installing: /home/omen/GITHUB/PLASMA_WORLD/AthOS/REPO-AthOS/kbreakout/package-kbreakout/usr/share/locale/da
-- Installing: /home/omen/GITHUB/PLASMA_WORLD/AthOS/REPO-AthOS/kbreakout/package-kbreakout/usr/share/locale/da/LC_MESSAGES
-- Installing: /home/omen/GITHUB/PLASMA_WORLD/AthOS/REPO-AthOS/kbreakout/package-kbreakout/usr/share/locale/da/LC_MESSAGES/kbreakout.mo
-- Installing: /home/omen/GITHUB/PLASMA_WORLD/AthOS/REPO-AthOS/kbreakout/package-kbreakout/usr/share/locale/cs
-- Installing: /home/omen/GITHUB/PLASMA_WORLD/AthOS/REPO-AthOS/kbreakout/package-kbreakout/usr/share/locale/cs/LC_MESSAGES
-- Installing: /home/omen/GITHUB/PLASMA_WORLD/AthOS/REPO-AthOS/kbreakout/package-kbreakout/usr/share/locale/cs/LC_MESSAGES/kbreakout.mo
-- Installing: /home/omen/GITHUB/PLASMA_WORLD/AthOS/REPO-AthOS/kbreakout/package-kbreakout/usr/share/locale/ja
-- Installing: /home/omen/GITHUB/PLASMA_WORLD/AthOS/REPO-AthOS/kbreakout/package-kbreakout/usr/share/locale/ja/LC_MESSAGES
-- Installing: /home/omen/GITHUB/PLASMA_WORLD/AthOS/REPO-AthOS/kbreakout/package-kbreakout/usr/share/locale/ja/LC_MESSAGES/kbreakout.mo
-- Installing: /home/omen/GITHUB/PLASMA_WORLD/AthOS/REPO-AthOS/kbreakout/package-kbreakout/usr/share/locale/sr@ijekavian
-- Installing: /home/omen/GITHUB/PLASMA_WORLD/AthOS/REPO-AthOS/kbreakout/package-kbreakout/usr/share/locale/sr@ijekavian/LC_MESSAGES
-- Installing: /home/omen/GITHUB/PLASMA_WORLD/AthOS/REPO-AthOS/kbreakout/package-kbreakout/usr/share/locale/sr@ijekavian/LC_MESSAGES/kbreakout.mo
-- Installing: /home/omen/GITHUB/PLASMA_WORLD/AthOS/REPO-AthOS/kbreakout/package-kbreakout/usr/share/locale/de
-- Installing: /home/omen/GITHUB/PLASMA_WORLD/AthOS/REPO-AthOS/kbreakout/package-kbreakout/usr/share/locale/de/LC_MESSAGES
-- Installing: /home/omen/GITHUB/PLASMA_WORLD/AthOS/REPO-AthOS/kbreakout/package-kbreakout/usr/share/locale/de/LC_MESSAGES/kbreakout.mo
-- Installing: /home/omen/GITHUB/PLASMA_WORLD/AthOS/REPO-AthOS/kbreakout/package-kbreakout/usr/share/locale/el
-- Installing: /home/omen/GITHUB/PLASMA_WORLD/AthOS/REPO-AthOS/kbreakout/package-kbreakout/usr/share/locale/el/LC_MESSAGES
-- Installing: /home/omen/GITHUB/PLASMA_WORLD/AthOS/REPO-AthOS/kbreakout/package-kbreakout/usr/share/locale/el/LC_MESSAGES/kbreakout.mo
-- Installing: /home/omen/GITHUB/PLASMA_WORLD/AthOS/REPO-AthOS/kbreakout/package-kbreakout/usr/share/locale/nn
-- Installing: /home/omen/GITHUB/PLASMA_WORLD/AthOS/REPO-AthOS/kbreakout/package-kbreakout/usr/share/locale/nn/LC_MESSAGES
-- Installing: /home/omen/GITHUB/PLASMA_WORLD/AthOS/REPO-AthOS/kbreakout/package-kbreakout/usr/share/locale/nn/LC_MESSAGES/kbreakout.mo
-- Installing: /home/omen/GITHUB/PLASMA_WORLD/AthOS/REPO-AthOS/kbreakout/package-kbreakout/usr/share/locale/sr
-- Installing: /home/omen/GITHUB/PLASMA_WORLD/AthOS/REPO-AthOS/kbreakout/package-kbreakout/usr/share/locale/sr/LC_MESSAGES
-- Installing: /home/omen/GITHUB/PLASMA_WORLD/AthOS/REPO-AthOS/kbreakout/package-kbreakout/usr/share/locale/sr/LC_MESSAGES/kbreakout.mo
-- Installing: /home/omen/GITHUB/PLASMA_WORLD/AthOS/REPO-AthOS/kbreakout/package-kbreakout/usr/share/locale/hi
-- Installing: /home/omen/GITHUB/PLASMA_WORLD/AthOS/REPO-AthOS/kbreakout/package-kbreakout/usr/share/locale/hi/LC_MESSAGES
-- Installing: /home/omen/GITHUB/PLASMA_WORLD/AthOS/REPO-AthOS/kbreakout/package-kbreakout/usr/share/locale/hi/LC_MESSAGES/kbreakout.mo
-- Installing: /home/omen/GITHUB/PLASMA_WORLD/AthOS/REPO-AthOS/kbreakout/package-kbreakout/usr/share/locale/pt_BR
-- Installing: /home/omen/GITHUB/PLASMA_WORLD/AthOS/REPO-AthOS/kbreakout/package-kbreakout/usr/share/locale/pt_BR/LC_MESSAGES
-- Installing: /home/omen/GITHUB/PLASMA_WORLD/AthOS/REPO-AthOS/kbreakout/package-kbreakout/usr/share/locale/pt_BR/LC_MESSAGES/kbreakout.mo
-- Installing: /home/omen/GITHUB/PLASMA_WORLD/AthOS/REPO-AthOS/kbreakout/package-kbreakout/usr/share/locale/lt
-- Installing: /home/omen/GITHUB/PLASMA_WORLD/AthOS/REPO-AthOS/kbreakout/package-kbreakout/usr/share/locale/lt/LC_MESSAGES
-- Installing: /home/omen/GITHUB/PLASMA_WORLD/AthOS/REPO-AthOS/kbreakout/package-kbreakout/usr/share/locale/lt/LC_MESSAGES/kbreakout.mo
-- Installing: /home/omen/GITHUB/PLASMA_WORLD/AthOS/REPO-AthOS/kbreakout/package-kbreakout/usr/share/locale/sr@ijekavianlatin
-- Installing: /home/omen/GITHUB/PLASMA_WORLD/AthOS/REPO-AthOS/kbreakout/package-kbreakout/usr/share/locale/sr@ijekavianlatin/LC_MESSAGES
-- Installing: /home/omen/GITHUB/PLASMA_WORLD/AthOS/REPO-AthOS/kbreakout/package-kbreakout/usr/share/locale/sr@ijekavianlatin/LC_MESSAGES/kbreakout.mo
-- Installing: /home/omen/GITHUB/PLASMA_WORLD/AthOS/REPO-AthOS/kbreakout/package-kbreakout/usr/share/locale/sl
-- Installing: /home/omen/GITHUB/PLASMA_WORLD/AthOS/REPO-AthOS/kbreakout/package-kbreakout/usr/share/locale/sl/LC_MESSAGES
-- Installing: /home/omen/GITHUB/PLASMA_WORLD/AthOS/REPO-AthOS/kbreakout/package-kbreakout/usr/share/locale/sl/LC_MESSAGES/kbreakout.mo
-- Installing: /home/omen/GITHUB/PLASMA_WORLD/AthOS/REPO-AthOS/kbreakout/package-kbreakout/usr/share/locale/gu
-- Installing: /home/omen/GITHUB/PLASMA_WORLD/AthOS/REPO-AthOS/kbreakout/package-kbreakout/usr/share/locale/gu/LC_MESSAGES
-- Installing: /home/omen/GITHUB/PLASMA_WORLD/AthOS/REPO-AthOS/kbreakout/package-kbreakout/usr/share/locale/gu/LC_MESSAGES/kbreakout.mo
-- Installing: /home/omen/GITHUB/PLASMA_WORLD/AthOS/REPO-AthOS/kbreakout/package-kbreakout/usr/share/locale/ro
-- Installing: /home/omen/GITHUB/PLASMA_WORLD/AthOS/REPO-AthOS/kbreakout/package-kbreakout/usr/share/locale/ro/LC_MESSAGES
-- Installing: /home/omen/GITHUB/PLASMA_WORLD/AthOS/REPO-AthOS/kbreakout/package-kbreakout/usr/share/locale/ro/LC_MESSAGES/kbreakout.mo
-- Installing: /home/omen/GITHUB/PLASMA_WORLD/AthOS/REPO-AthOS/kbreakout/package-kbreakout/usr/share/locale/bs
-- Installing: /home/omen/GITHUB/PLASMA_WORLD/AthOS/REPO-AthOS/kbreakout/package-kbreakout/usr/share/locale/bs/LC_MESSAGES
-- Installing: /home/omen/GITHUB/PLASMA_WORLD/AthOS/REPO-AthOS/kbreakout/package-kbreakout/usr/share/locale/bs/LC_MESSAGES/kbreakout.mo
-- Installing: /home/omen/GITHUB/PLASMA_WORLD/AthOS/REPO-AthOS/kbreakout/package-kbreakout/usr/share/locale/is
-- Installing: /home/omen/GITHUB/PLASMA_WORLD/AthOS/REPO-AthOS/kbreakout/package-kbreakout/usr/share/locale/is/LC_MESSAGES
-- Installing: /home/omen/GITHUB/PLASMA_WORLD/AthOS/REPO-AthOS/kbreakout/package-kbreakout/usr/share/locale/is/LC_MESSAGES/kbreakout.mo
-- Installing: /home/omen/GITHUB/PLASMA_WORLD/AthOS/REPO-AthOS/kbreakout/package-kbreakout/usr/share/locale/wa
-- Installing: /home/omen/GITHUB/PLASMA_WORLD/AthOS/REPO-AthOS/kbreakout/package-kbreakout/usr/share/locale/wa/LC_MESSAGES
-- Installing: /home/omen/GITHUB/PLASMA_WORLD/AthOS/REPO-AthOS/kbreakout/package-kbreakout/usr/share/locale/wa/LC_MESSAGES/kbreakout.mo
-- Installing: /home/omen/GITHUB/PLASMA_WORLD/AthOS/REPO-AthOS/kbreakout/package-kbreakout/usr/share/locale/kk
-- Installing: /home/omen/GITHUB/PLASMA_WORLD/AthOS/REPO-AthOS/kbreakout/package-kbreakout/usr/share/locale/kk/LC_MESSAGES
-- Installing: /home/omen/GITHUB/PLASMA_WORLD/AthOS/REPO-AthOS/kbreakout/package-kbreakout/usr/share/locale/kk/LC_MESSAGES/kbreakout.mo
-- Installing: /home/omen/GITHUB/PLASMA_WORLD/AthOS/REPO-AthOS/kbreakout/package-kbreakout/usr/share/locale/sr@latin
-- Installing: /home/omen/GITHUB/PLASMA_WORLD/AthOS/REPO-AthOS/kbreakout/package-kbreakout/usr/share/locale/sr@latin/LC_MESSAGES
-- Installing: /home/omen/GITHUB/PLASMA_WORLD/AthOS/REPO-AthOS/kbreakout/package-kbreakout/usr/share/locale/sr@latin/LC_MESSAGES/kbreakout.mo
-- Installing: /home/omen/GITHUB/PLASMA_WORLD/AthOS/REPO-AthOS/kbreakout/package-kbreakout/usr/share/locale/he
-- Installing: /home/omen/GITHUB/PLASMA_WORLD/AthOS/REPO-AthOS/kbreakout/package-kbreakout/usr/share/locale/he/LC_MESSAGES
-- Installing: /home/omen/GITHUB/PLASMA_WORLD/AthOS/REPO-AthOS/kbreakout/package-kbreakout/usr/share/locale/he/LC_MESSAGES/kbreakout.mo
-- Installing: /home/omen/GITHUB/PLASMA_WORLD/AthOS/REPO-AthOS/kbreakout/package-kbreakout/usr/share/locale/zh_TW
-- Installing: /home/omen/GITHUB/PLASMA_WORLD/AthOS/REPO-AthOS/kbreakout/package-kbreakout/usr/share/locale/zh_TW/LC_MESSAGES
-- Installing: /home/omen/GITHUB/PLASMA_WORLD/AthOS/REPO-AthOS/kbreakout/package-kbreakout/usr/share/locale/zh_TW/LC_MESSAGES/kbreakout.mo
-- Installing: /home/omen/GITHUB/PLASMA_WORLD/AthOS/REPO-AthOS/kbreakout/package-kbreakout/usr/share/locale/pl
-- Installing: /home/omen/GITHUB/PLASMA_WORLD/AthOS/REPO-AthOS/kbreakout/package-kbreakout/usr/share/locale/pl/LC_MESSAGES
-- Installing: /home/omen/GITHUB/PLASMA_WORLD/AthOS/REPO-AthOS/kbreakout/package-kbreakout/usr/share/locale/pl/LC_MESSAGES/kbreakout.mo
-- Installing: /home/omen/GITHUB/PLASMA_WORLD/AthOS/REPO-AthOS/kbreakout/package-kbreakout/usr/share/locale/km
-- Installing: /home/omen/GITHUB/PLASMA_WORLD/AthOS/REPO-AthOS/kbreakout/package-kbreakout/usr/share/locale/km/LC_MESSAGES
-- Installing: /home/omen/GITHUB/PLASMA_WORLD/AthOS/REPO-AthOS/kbreakout/package-kbreakout/usr/share/locale/km/LC_MESSAGES/kbreakout.mo
-- Installing: /home/omen/GITHUB/PLASMA_WORLD/AthOS/REPO-AthOS/kbreakout/package-kbreakout/usr/share/locale/pt
-- Installing: /home/omen/GITHUB/PLASMA_WORLD/AthOS/REPO-AthOS/kbreakout/package-kbreakout/usr/share/locale/pt/LC_MESSAGES
-- Installing: /home/omen/GITHUB/PLASMA_WORLD/AthOS/REPO-AthOS/kbreakout/package-kbreakout/usr/share/locale/pt/LC_MESSAGES/kbreakout.mo
-- Installing: /home/omen/GITHUB/PLASMA_WORLD/AthOS/REPO-AthOS/kbreakout/package-kbreakout/usr/share/locale/hr
-- Installing: /home/omen/GITHUB/PLASMA_WORLD/AthOS/REPO-AthOS/kbreakout/package-kbreakout/usr/share/locale/hr/LC_MESSAGES
-- Installing: /home/omen/GITHUB/PLASMA_WORLD/AthOS/REPO-AthOS/kbreakout/package-kbreakout/usr/share/locale/hr/LC_MESSAGES/kbreakout.mo
-- Installing: /home/omen/GITHUB/PLASMA_WORLD/AthOS/REPO-AthOS/kbreakout/package-kbreakout/usr/share/locale/tr
-- Installing: /home/omen/GITHUB/PLASMA_WORLD/AthOS/REPO-AthOS/kbreakout/package-kbreakout/usr/share/locale/tr/LC_MESSAGES
-- Installing: /home/omen/GITHUB/PLASMA_WORLD/AthOS/REPO-AthOS/kbreakout/package-kbreakout/usr/share/locale/tr/LC_MESSAGES/kbreakout.mo
-- Installing: /home/omen/GITHUB/PLASMA_WORLD/AthOS/REPO-AthOS/kbreakout/package-kbreakout/usr/share/locale/fr
-- Installing: /home/omen/GITHUB/PLASMA_WORLD/AthOS/REPO-AthOS/kbreakout/package-kbreakout/usr/share/locale/fr/LC_MESSAGES
-- Installing: /home/omen/GITHUB/PLASMA_WORLD/AthOS/REPO-AthOS/kbreakout/package-kbreakout/usr/share/locale/fr/LC_MESSAGES/kbreakout.mo
-- Installing: /home/omen/GITHUB/PLASMA_WORLD/AthOS/REPO-AthOS/kbreakout/package-kbreakout/usr/share/locale/ast
-- Installing: /home/omen/GITHUB/PLASMA_WORLD/AthOS/REPO-AthOS/kbreakout/package-kbreakout/usr/share/locale/ast/LC_MESSAGES
-- Installing: /home/omen/GITHUB/PLASMA_WORLD/AthOS/REPO-AthOS/kbreakout/package-kbreakout/usr/share/locale/ast/LC_MESSAGES/kbreakout.mo
-- Installing: /home/omen/GITHUB/PLASMA_WORLD/AthOS/REPO-AthOS/kbreakout/package-kbreakout/usr/share/locale/mai
-- Installing: /home/omen/GITHUB/PLASMA_WORLD/AthOS/REPO-AthOS/kbreakout/package-kbreakout/usr/share/locale/mai/LC_MESSAGES
-- Installing: /home/omen/GITHUB/PLASMA_WORLD/AthOS/REPO-AthOS/kbreakout/package-kbreakout/usr/share/locale/mai/LC_MESSAGES/kbreakout.mo
-- Installing: /home/omen/GITHUB/PLASMA_WORLD/AthOS/REPO-AthOS/kbreakout/package-kbreakout/usr/share/locale/ka
-- Installing: /home/omen/GITHUB/PLASMA_WORLD/AthOS/REPO-AthOS/kbreakout/package-kbreakout/usr/share/locale/ka/LC_MESSAGES
-- Installing: /home/omen/GITHUB/PLASMA_WORLD/AthOS/REPO-AthOS/kbreakout/package-kbreakout/usr/share/locale/ka/LC_MESSAGES/kbreakout.mo
-- Installing: /home/omen/GITHUB/PLASMA_WORLD/AthOS/REPO-AthOS/kbreakout/package-kbreakout/usr/share/locale/th
-- Installing: /home/omen/GITHUB/PLASMA_WORLD/AthOS/REPO-AthOS/kbreakout/package-kbreakout/usr/share/locale/th/LC_MESSAGES
-- Installing: /home/omen/GITHUB/PLASMA_WORLD/AthOS/REPO-AthOS/kbreakout/package-kbreakout/usr/share/locale/th/LC_MESSAGES/kbreakout.mo
-- Installing: /home/omen/GITHUB/PLASMA_WORLD/AthOS/REPO-AthOS/kbreakout/package-kbreakout/usr/share/locale/gl
-- Installing: /home/omen/GITHUB/PLASMA_WORLD/AthOS/REPO-AthOS/kbreakout/package-kbreakout/usr/share/locale/gl/LC_MESSAGES
-- Installing: /home/omen/GITHUB/PLASMA_WORLD/AthOS/REPO-AthOS/kbreakout/package-kbreakout/usr/share/locale/gl/LC_MESSAGES/kbreakout.mo
-- Installing: /home/omen/GITHUB/PLASMA_WORLD/AthOS/REPO-AthOS/kbreakout/package-kbreakout/usr/share/locale/ia
-- Installing: /home/omen/GITHUB/PLASMA_WORLD/AthOS/REPO-AthOS/kbreakout/package-kbreakout/usr/share/locale/ia/LC_MESSAGES
-- Installing: /home/omen/GITHUB/PLASMA_WORLD/AthOS/REPO-AthOS/kbreakout/package-kbreakout/usr/share/locale/ia/LC_MESSAGES/kbreakout.mo
-- Installing: /home/omen/GITHUB/PLASMA_WORLD/AthOS/REPO-AthOS/kbreakout/package-kbreakout/usr/share/locale/hu
-- Installing: /home/omen/GITHUB/PLASMA_WORLD/AthOS/REPO-AthOS/kbreakout/package-kbreakout/usr/share/locale/hu/LC_MESSAGES
-- Installing: /home/omen/GITHUB/PLASMA_WORLD/AthOS/REPO-AthOS/kbreakout/package-kbreakout/usr/share/locale/hu/LC_MESSAGES/kbreakout.mo
-- Installing: /home/omen/GITHUB/PLASMA_WORLD/AthOS/REPO-AthOS/kbreakout/package-kbreakout/usr/share/locale/eo
-- Installing: /home/omen/GITHUB/PLASMA_WORLD/AthOS/REPO-AthOS/kbreakout/package-kbreakout/usr/share/locale/eo/LC_MESSAGES
-- Installing: /home/omen/GITHUB/PLASMA_WORLD/AthOS/REPO-AthOS/kbreakout/package-kbreakout/usr/share/locale/eo/LC_MESSAGES/kbreakout.mo
-- Installing: /home/omen/GITHUB/PLASMA_WORLD/AthOS/REPO-AthOS/kbreakout/package-kbreakout/usr/share/locale/bg
-- Installing: /home/omen/GITHUB/PLASMA_WORLD/AthOS/REPO-AthOS/kbreakout/package-kbreakout/usr/share/locale/bg/LC_MESSAGES
-- Installing: /home/omen/GITHUB/PLASMA_WORLD/AthOS/REPO-AthOS/kbreakout/package-kbreakout/usr/share/locale/bg/LC_MESSAGES/kbreakout.mo
-- Installing: /home/omen/GITHUB/PLASMA_WORLD/AthOS/REPO-AthOS/kbreakout/package-kbreakout/usr/share/locale/ga
-- Installing: /home/omen/GITHUB/PLASMA_WORLD/AthOS/REPO-AthOS/kbreakout/package-kbreakout/usr/share/locale/ga/LC_MESSAGES
-- Installing: /home/omen/GITHUB/PLASMA_WORLD/AthOS/REPO-AthOS/kbreakout/package-kbreakout/usr/share/locale/ga/LC_MESSAGES/kbreakout.mo
-- Installing: /home/omen/GITHUB/PLASMA_WORLD/AthOS/REPO-AthOS/kbreakout/package-kbreakout/usr/share/locale/ca
-- Installing: /home/omen/GITHUB/PLASMA_WORLD/AthOS/REPO-AthOS/kbreakout/package-kbreakout/usr/share/locale/ca/LC_MESSAGES
-- Installing: /home/omen/GITHUB/PLASMA_WORLD/AthOS/REPO-AthOS/kbreakout/package-kbreakout/usr/share/locale/ca/LC_MESSAGES/kbreakout.mo
-- Installing: /home/omen/GITHUB/PLASMA_WORLD/AthOS/REPO-AthOS/kbreakout/package-kbreakout/usr/share/locale/uk
-- Installing: /home/omen/GITHUB/PLASMA_WORLD/AthOS/REPO-AthOS/kbreakout/package-kbreakout/usr/share/locale/uk/LC_MESSAGES
-- Installing: /home/omen/GITHUB/PLASMA_WORLD/AthOS/REPO-AthOS/kbreakout/package-kbreakout/usr/share/locale/uk/LC_MESSAGES/kbreakout.mo
-- Installing: /home/omen/GITHUB/PLASMA_WORLD/AthOS/REPO-AthOS/kbreakout/package-kbreakout/usr/share/locale/id
-- Installing: /home/omen/GITHUB/PLASMA_WORLD/AthOS/REPO-AthOS/kbreakout/package-kbreakout/usr/share/locale/id/LC_MESSAGES
-- Installing: /home/omen/GITHUB/PLASMA_WORLD/AthOS/REPO-AthOS/kbreakout/package-kbreakout/usr/share/locale/id/LC_MESSAGES/kbreakout.mo
-- Installing: /home/omen/GITHUB/PLASMA_WORLD/AthOS/REPO-AthOS/kbreakout/package-kbreakout/usr/share/locale/en_GB
-- Installing: /home/omen/GITHUB/PLASMA_WORLD/AthOS/REPO-AthOS/kbreakout/package-kbreakout/usr/share/locale/en_GB/LC_MESSAGES
-- Installing: /home/omen/GITHUB/PLASMA_WORLD/AthOS/REPO-AthOS/kbreakout/package-kbreakout/usr/share/locale/en_GB/LC_MESSAGES/kbreakout.mo
-- Installing: /home/omen/GITHUB/PLASMA_WORLD/AthOS/REPO-AthOS/kbreakout/package-kbreakout/usr/share/locale/zh_CN
-- Installing: /home/omen/GITHUB/PLASMA_WORLD/AthOS/REPO-AthOS/kbreakout/package-kbreakout/usr/share/locale/zh_CN/LC_MESSAGES
-- Installing: /home/omen/GITHUB/PLASMA_WORLD/AthOS/REPO-AthOS/kbreakout/package-kbreakout/usr/share/locale/zh_CN/LC_MESSAGES/kbreakout.mo
-- Installing: /home/omen/GITHUB/PLASMA_WORLD/AthOS/REPO-AthOS/kbreakout/package-kbreakout/usr/share/locale/nl
-- Installing: /home/omen/GITHUB/PLASMA_WORLD/AthOS/REPO-AthOS/kbreakout/package-kbreakout/usr/share/locale/nl/LC_MESSAGES
-- Installing: /home/omen/GITHUB/PLASMA_WORLD/AthOS/REPO-AthOS/kbreakout/package-kbreakout/usr/share/locale/nl/LC_MESSAGES/kbreakout.mo
-- Installing: /home/omen/GITHUB/PLASMA_WORLD/AthOS/REPO-AthOS/kbreakout/package-kbreakout/usr/share/locale/sa
-- Installing: /home/omen/GITHUB/PLASMA_WORLD/AthOS/REPO-AthOS/kbreakout/package-kbreakout/usr/share/locale/sa/LC_MESSAGES
-- Installing: /home/omen/GITHUB/PLASMA_WORLD/AthOS/REPO-AthOS/kbreakout/package-kbreakout/usr/share/locale/sa/LC_MESSAGES/kbreakout.mo
-- Installing: /home/omen/GITHUB/PLASMA_WORLD/AthOS/REPO-AthOS/kbreakout/package-kbreakout/usr/share/locale/fi
-- Installing: /home/omen/GITHUB/PLASMA_WORLD/AthOS/REPO-AthOS/kbreakout/package-kbreakout/usr/share/locale/fi/LC_MESSAGES
-- Installing: /home/omen/GITHUB/PLASMA_WORLD/AthOS/REPO-AthOS/kbreakout/package-kbreakout/usr/share/locale/fi/LC_MESSAGES/kbreakout.mo
-- Installing: /home/omen/GITHUB/PLASMA_WORLD/AthOS/REPO-AthOS/kbreakout/package-kbreakout/usr/share/locale/ko
-- Installing: /home/omen/GITHUB/PLASMA_WORLD/AthOS/REPO-AthOS/kbreakout/package-kbreakout/usr/share/locale/ko/LC_MESSAGES
-- Installing: /home/omen/GITHUB/PLASMA_WORLD/AthOS/REPO-AthOS/kbreakout/package-kbreakout/usr/share/locale/ko/LC_MESSAGES/kbreakout.mo
-- Installing: /home/omen/GITHUB/PLASMA_WORLD/AthOS/REPO-AthOS/kbreakout/package-kbreakout/usr/share/locale/ru
-- Installing: /home/omen/GITHUB/PLASMA_WORLD/AthOS/REPO-AthOS/kbreakout/package-kbreakout/usr/share/locale/ru/LC_MESSAGES
-- Installing: /home/omen/GITHUB/PLASMA_WORLD/AthOS/REPO-AthOS/kbreakout/package-kbreakout/usr/share/locale/ru/LC_MESSAGES/kbreakout.mo
-- Installing: /home/omen/GITHUB/PLASMA_WORLD/AthOS/REPO-AthOS/kbreakout/package-kbreakout/usr/share/locale/lv
-- Installing: /home/omen/GITHUB/PLASMA_WORLD/AthOS/REPO-AthOS/kbreakout/package-kbreakout/usr/share/locale/lv/LC_MESSAGES
-- Installing: /home/omen/GITHUB/PLASMA_WORLD/AthOS/REPO-AthOS/kbreakout/package-kbreakout/usr/share/locale/lv/LC_MESSAGES/kbreakout.mo
-- Installing: /home/omen/GITHUB/PLASMA_WORLD/AthOS/REPO-AthOS/kbreakout/package-kbreakout/usr/share/locale/ml
-- Installing: /home/omen/GITHUB/PLASMA_WORLD/AthOS/REPO-AthOS/kbreakout/package-kbreakout/usr/share/locale/ml/LC_MESSAGES
-- Installing: /home/omen/GITHUB/PLASMA_WORLD/AthOS/REPO-AthOS/kbreakout/package-kbreakout/usr/share/locale/ml/LC_MESSAGES/kbreakout.mo
-- Installing: /home/omen/GITHUB/PLASMA_WORLD/AthOS/REPO-AthOS/kbreakout/package-kbreakout/usr/share/locale/ca@valencia
-- Installing: /home/omen/GITHUB/PLASMA_WORLD/AthOS/REPO-AthOS/kbreakout/package-kbreakout/usr/share/locale/ca@valencia/LC_MESSAGES
-- Installing: /home/omen/GITHUB/PLASMA_WORLD/AthOS/REPO-AthOS/kbreakout/package-kbreakout/usr/share/locale/ca@valencia/LC_MESSAGES/kbreakout.mo
-- Installing: /home/omen/GITHUB/PLASMA_WORLD/AthOS/REPO-AthOS/kbreakout/package-kbreakout/usr/share/locale/nb
-- Installing: /home/omen/GITHUB/PLASMA_WORLD/AthOS/REPO-AthOS/kbreakout/package-kbreakout/usr/share/locale/nb/LC_MESSAGES
-- Installing: /home/omen/GITHUB/PLASMA_WORLD/AthOS/REPO-AthOS/kbreakout/package-kbreakout/usr/share/locale/nb/LC_MESSAGES/kbreakout.mo
-- Installing: /home/omen/GITHUB/PLASMA_WORLD/AthOS/REPO-AthOS/kbreakout/package-kbreakout/usr/share/locale/es
-- Installing: /home/omen/GITHUB/PLASMA_WORLD/AthOS/REPO-AthOS/kbreakout/package-kbreakout/usr/share/locale/es/LC_MESSAGES
-- Installing: /home/omen/GITHUB/PLASMA_WORLD/AthOS/REPO-AthOS/kbreakout/package-kbreakout/usr/share/locale/es/LC_MESSAGES/kbreakout.mo
-- Installing: /home/omen/GITHUB/PLASMA_WORLD/AthOS/REPO-AthOS/kbreakout/package-kbreakout/usr/share/locale/eu
-- Installing: /home/omen/GITHUB/PLASMA_WORLD/AthOS/REPO-AthOS/kbreakout/package-kbreakout/usr/share/locale/eu/LC_MESSAGES
-- Installing: /home/omen/GITHUB/PLASMA_WORLD/AthOS/REPO-AthOS/kbreakout/package-kbreakout/usr/share/locale/eu/LC_MESSAGES/kbreakout.mo
-- Installing: /home/omen/GITHUB/PLASMA_WORLD/AthOS/REPO-AthOS/kbreakout/package-kbreakout/usr/share/locale/et
-- Installing: /home/omen/GITHUB/PLASMA_WORLD/AthOS/REPO-AthOS/kbreakout/package-kbreakout/usr/share/locale/et/LC_MESSAGES
-- Installing: /home/omen/GITHUB/PLASMA_WORLD/AthOS/REPO-AthOS/kbreakout/package-kbreakout/usr/share/locale/et/LC_MESSAGES/kbreakout.mo
-- Installing: /home/omen/GITHUB/PLASMA_WORLD/AthOS/REPO-AthOS/kbreakout/package-kbreakout/usr/share/locale/it
-- Installing: /home/omen/GITHUB/PLASMA_WORLD/AthOS/REPO-AthOS/kbreakout/package-kbreakout/usr/share/locale/it/LC_MESSAGES
-- Installing: /home/omen/GITHUB/PLASMA_WORLD/AthOS/REPO-AthOS/kbreakout/package-kbreakout/usr/share/locale/it/LC_MESSAGES/kbreakout.mo
-- Installing: /home/omen/GITHUB/PLASMA_WORLD/AthOS/REPO-AthOS/kbreakout/package-kbreakout/usr/share/locale/ar
-- Installing: /home/omen/GITHUB/PLASMA_WORLD/AthOS/REPO-AthOS/kbreakout/package-kbreakout/usr/share/locale/ar/LC_MESSAGES
-- Installing: /home/omen/GITHUB/PLASMA_WORLD/AthOS/REPO-AthOS/kbreakout/package-kbreakout/usr/share/locale/ar/LC_MESSAGES/kbreakout.mo
-- Installing: /home/omen/GITHUB/PLASMA_WORLD/AthOS/REPO-AthOS/kbreakout/package-kbreakout/usr/share/locale/sq
-- Installing: /home/omen/GITHUB/PLASMA_WORLD/AthOS/REPO-AthOS/kbreakout/package-kbreakout/usr/share/locale/sq/LC_MESSAGES
-- Installing: /home/omen/GITHUB/PLASMA_WORLD/AthOS/REPO-AthOS/kbreakout/package-kbreakout/usr/share/locale/sq/LC_MESSAGES/kbreakout.mo
-- Installing: /home/omen/GITHUB/PLASMA_WORLD/AthOS/REPO-AthOS/kbreakout/package-kbreakout/usr/share/locale/nds
-- Installing: /home/omen/GITHUB/PLASMA_WORLD/AthOS/REPO-AthOS/kbreakout/package-kbreakout/usr/share/locale/nds/LC_MESSAGES
-- Installing: /home/omen/GITHUB/PLASMA_WORLD/AthOS/REPO-AthOS/kbreakout/package-kbreakout/usr/share/locale/nds/LC_MESSAGES/kbreakout.mo
-- Installing: /home/omen/GITHUB/PLASMA_WORLD/AthOS/REPO-AthOS/kbreakout/package-kbreakout/usr/share/locale/mr
-- Installing: /home/omen/GITHUB/PLASMA_WORLD/AthOS/REPO-AthOS/kbreakout/package-kbreakout/usr/share/locale/mr/LC_MESSAGES
-- Installing: /home/omen/GITHUB/PLASMA_WORLD/AthOS/REPO-AthOS/kbreakout/package-kbreakout/usr/share/locale/mr/LC_MESSAGES/kbreakout.mo
-- Installing: /home/omen/GITHUB/PLASMA_WORLD/AthOS/REPO-AthOS/kbreakout/package-kbreakout/usr/share/locale/ug
-- Installing: /home/omen/GITHUB/PLASMA_WORLD/AthOS/REPO-AthOS/kbreakout/package-kbreakout/usr/share/locale/ug/LC_MESSAGES
-- Installing: /home/omen/GITHUB/PLASMA_WORLD/AthOS/REPO-AthOS/kbreakout/package-kbreakout/usr/share/locale/ug/LC_MESSAGES/kbreakout.mo
-- Installing: /home/omen/GITHUB/PLASMA_WORLD/AthOS/REPO-AthOS/kbreakout/package-kbreakout/usr/share/locale/sk
-- Installing: /home/omen/GITHUB/PLASMA_WORLD/AthOS/REPO-AthOS/kbreakout/package-kbreakout/usr/share/locale/sk/LC_MESSAGES
-- Installing: /home/omen/GITHUB/PLASMA_WORLD/AthOS/REPO-AthOS/kbreakout/package-kbreakout/usr/share/locale/sk/LC_MESSAGES/kbreakout.mo
-- Installing: /home/omen/GITHUB/PLASMA_WORLD/AthOS/REPO-AthOS/kbreakout/package-kbreakout/usr/share/locale/sv
-- Installing: /home/omen/GITHUB/PLASMA_WORLD/AthOS/REPO-AthOS/kbreakout/package-kbreakout/usr/share/locale/sv/LC_MESSAGES
-- Installing: /home/omen/GITHUB/PLASMA_WORLD/AthOS/REPO-AthOS/kbreakout/package-kbreakout/usr/share/locale/sv/LC_MESSAGES/kbreakout.mo
-- Installing: /home/omen/GITHUB/PLASMA_WORLD/AthOS/REPO-AthOS/kbreakout/package-kbreakout/usr/share/doc/HTML/ca/kbreakout/index.cache.bz2
-- Installing: /home/omen/GITHUB/PLASMA_WORLD/AthOS/REPO-AthOS/kbreakout/package-kbreakout/usr/share/doc/HTML/ca/kbreakout/index.docbook
-- Installing: /home/omen/GITHUB/PLASMA_WORLD/AthOS/REPO-AthOS/kbreakout/package-kbreakout/usr/share/doc/HTML/ca/kbreakout/gameboard.png
-- Installing: /home/omen/GITHUB/PLASMA_WORLD/AthOS/REPO-AthOS/kbreakout/package-kbreakout/usr/share/doc/HTML/de/kbreakout/index.cache.bz2
-- Installing: /home/omen/GITHUB/PLASMA_WORLD/AthOS/REPO-AthOS/kbreakout/package-kbreakout/usr/share/doc/HTML/de/kbreakout/index.docbook
-- Installing: /home/omen/GITHUB/PLASMA_WORLD/AthOS/REPO-AthOS/kbreakout/package-kbreakout/usr/share/doc/HTML/es/kbreakout/index.cache.bz2
-- Installing: /home/omen/GITHUB/PLASMA_WORLD/AthOS/REPO-AthOS/kbreakout/package-kbreakout/usr/share/doc/HTML/es/kbreakout/index.docbook
-- Installing: /home/omen/GITHUB/PLASMA_WORLD/AthOS/REPO-AthOS/kbreakout/package-kbreakout/usr/share/doc/HTML/et/kbreakout/index.cache.bz2
-- Installing: /home/omen/GITHUB/PLASMA_WORLD/AthOS/REPO-AthOS/kbreakout/package-kbreakout/usr/share/doc/HTML/et/kbreakout/index.docbook
-- Installing: /home/omen/GITHUB/PLASMA_WORLD/AthOS/REPO-AthOS/kbreakout/package-kbreakout/usr/share/doc/HTML/fr/kbreakout/index.cache.bz2
-- Installing: /home/omen/GITHUB/PLASMA_WORLD/AthOS/REPO-AthOS/kbreakout/package-kbreakout/usr/share/doc/HTML/fr/kbreakout/index.docbook
-- Installing: /home/omen/GITHUB/PLASMA_WORLD/AthOS/REPO-AthOS/kbreakout/package-kbreakout/usr/share/doc/HTML/it/kbreakout/index.cache.bz2
-- Installing: /home/omen/GITHUB/PLASMA_WORLD/AthOS/REPO-AthOS/kbreakout/package-kbreakout/usr/share/doc/HTML/it/kbreakout/index.docbook
-- Installing: /home/omen/GITHUB/PLASMA_WORLD/AthOS/REPO-AthOS/kbreakout/package-kbreakout/usr/share/doc/HTML/nl/kbreakout/index.cache.bz2
-- Installing: /home/omen/GITHUB/PLASMA_WORLD/AthOS/REPO-AthOS/kbreakout/package-kbreakout/usr/share/doc/HTML/nl/kbreakout/index.docbook
-- Installing: /home/omen/GITHUB/PLASMA_WORLD/AthOS/REPO-AthOS/kbreakout/package-kbreakout/usr/share/doc/HTML/pl/kbreakout/index.cache.bz2
-- Installing: /home/omen/GITHUB/PLASMA_WORLD/AthOS/REPO-AthOS/kbreakout/package-kbreakout/usr/share/doc/HTML/pl/kbreakout/index.docbook
-- Installing: /home/omen/GITHUB/PLASMA_WORLD/AthOS/REPO-AthOS/kbreakout/package-kbreakout/usr/share/doc/HTML/pt/kbreakout/index.cache.bz2
-- Installing: /home/omen/GITHUB/PLASMA_WORLD/AthOS/REPO-AthOS/kbreakout/package-kbreakout/usr/share/doc/HTML/pt/kbreakout/index.docbook
-- Installing: /home/omen/GITHUB/PLASMA_WORLD/AthOS/REPO-AthOS/kbreakout/package-kbreakout/usr/share/doc/HTML/pt_BR/kbreakout/index.cache.bz2
-- Installing: /home/omen/GITHUB/PLASMA_WORLD/AthOS/REPO-AthOS/kbreakout/package-kbreakout/usr/share/doc/HTML/pt_BR/kbreakout/index.docbook
-- Installing: /home/omen/GITHUB/PLASMA_WORLD/AthOS/REPO-AthOS/kbreakout/package-kbreakout/usr/share/doc/HTML/sl/kbreakout/index.cache.bz2
-- Installing: /home/omen/GITHUB/PLASMA_WORLD/AthOS/REPO-AthOS/kbreakout/package-kbreakout/usr/share/doc/HTML/sl/kbreakout/index.docbook
-- Installing: /home/omen/GITHUB/PLASMA_WORLD/AthOS/REPO-AthOS/kbreakout/package-kbreakout/usr/share/doc/HTML/sv/kbreakout/index.cache.bz2
-- Installing: /home/omen/GITHUB/PLASMA_WORLD/AthOS/REPO-AthOS/kbreakout/package-kbreakout/usr/share/doc/HTML/sv/kbreakout/index.docbook
-- Installing: /home/omen/GITHUB/PLASMA_WORLD/AthOS/REPO-AthOS/kbreakout/package-kbreakout/usr/share/doc/HTML/uk/kbreakout/index.cache.bz2
-- Installing: /home/omen/GITHUB/PLASMA_WORLD/AthOS/REPO-AthOS/kbreakout/package-kbreakout/usr/share/doc/HTML/uk/kbreakout/index.docbook
-- Installing: /home/omen/GITHUB/PLASMA_WORLD/AthOS/REPO-AthOS/kbreakout/package-kbreakout/usr/share/doc/HTML/uk/kbreakout/gameboard.png
The main part of source code is ready. We are moving on to preparing post install scripts, docs, license, man pages etc..
cp: cannot stat 'AUTHORS': No such file or directory
cp: cannot stat 'ChangeLog*': No such file or directory
cp: cannot stat 'COPYING': No such file or directory
cp: cannot stat 'CREDITS': No such file or directory
cp: cannot stat 'LICENSE': No such file or directory
cp: cannot stat 'MAINTAINERS': No such file or directory
cp: cannot stat 'NEWS': No such file or directory
cp: cannot stat 'README*': No such file or directory
cp: cannot stat 'docs': No such file or directory
cp: cannot stat 'DOCS': No such file or directory
grep: /home/omen/GITHUB/PLASMA_WORLD/AthOS/REPO-AthOS/kbreakout/kbreakout.info: No such file or directory
extra-cmake-modules
kconfig
kconfigwidgets
kcoreaddons
kcrash
kdbusaddons
kdoctools
ki18n
kwidgetsaddons
kxmlgui
libkdegames
Packaging compiled for slackware installation...
MAKEPKG_FLAGS is empty or unset, using default

Slackware package maker, version 3.14159265.

Searching for symbolic links:

No symbolic links were found, so we won't make an installation script.
You can make your own later in ./install/doinst.sh and rebuild the
package if you like.

This next step is optional - you can set the directories in your package
to some sane permissions. If any of the directories in your package have
special permissions, then DO NOT reset them here!

Would you like to reset all directory permissions to 755 (drwxr-xr-x) and
directory ownerships to root:root ([y]es, [n]o)? n


Creating Slackware package:  /tmp/kbreakout/kbreakout-25.04.1-x86_64-1_rtz.tlz

./
install/
install/doinst.sh
install/slack-desc
usr/
usr/bin/
usr/bin/kbreakout
usr/doc/
usr/doc/kbreakout-25.04.1/
usr/doc/kbreakout-25.04.1/kbreakout.ini
usr/doc/kbreakout-25.04.1/slack-required
usr/share/
usr/share/applications/
usr/share/applications/org.kde.kbreakout.desktop
usr/share/doc/
usr/share/doc/HTML/
usr/share/doc/HTML/ca/
usr/share/doc/HTML/ca/kbreakout/
usr/share/doc/HTML/ca/kbreakout/gameboard.png
usr/share/doc/HTML/ca/kbreakout/index.cache.bz2
usr/share/doc/HTML/ca/kbreakout/index.docbook
usr/share/doc/HTML/de/
usr/share/doc/HTML/de/kbreakout/
usr/share/doc/HTML/de/kbreakout/index.cache.bz2
usr/share/doc/HTML/de/kbreakout/index.docbook
usr/share/doc/HTML/en/
usr/share/doc/HTML/en/kbreakout/
usr/share/doc/HTML/en/kbreakout/BreakableBrick.png
usr/share/doc/HTML/en/kbreakout/ExplodingBrick.png
usr/share/doc/HTML/en/kbreakout/Gift1000Points.png
usr/share/doc/HTML/en/kbreakout/GiftAddBall.png
usr/share/doc/HTML/en/kbreakout/GiftAddLife.png
usr/share/doc/HTML/en/kbreakout/GiftBurningBall.png
usr/share/doc/HTML/en/kbreakout/GiftDecreaseSpeed.png
usr/share/doc/HTML/en/kbreakout/GiftEnlargeBar.png
usr/share/doc/HTML/en/kbreakout/GiftIncreaseSpeed.png
usr/share/doc/HTML/en/kbreakout/GiftLoseLife.png
usr/share/doc/HTML/en/kbreakout/GiftMagicEye.png
usr/share/doc/HTML/en/kbreakout/GiftMagicWand.png
usr/share/doc/HTML/en/kbreakout/GiftMoreExplosion.png
usr/share/doc/HTML/en/kbreakout/GiftNextLevel.png
usr/share/doc/HTML/en/kbreakout/GiftShrinkBar.png
usr/share/doc/HTML/en/kbreakout/GiftSplitBall.png
usr/share/doc/HTML/en/kbreakout/GiftStickyBar.png
usr/share/doc/HTML/en/kbreakout/GiftUnstoppableBall.png
usr/share/doc/HTML/en/kbreakout/HiddenBrick.png
usr/share/doc/HTML/en/kbreakout/MultipleBrick3.png
usr/share/doc/HTML/en/kbreakout/PlainBrick1.png
usr/share/doc/HTML/en/kbreakout/UnbreakableBrick.png
usr/share/doc/HTML/en/kbreakout/gameboard.png
usr/share/doc/HTML/en/kbreakout/index.cache.bz2
usr/share/doc/HTML/en/kbreakout/index.docbook
usr/share/doc/HTML/es/
usr/share/doc/HTML/es/kbreakout/
usr/share/doc/HTML/es/kbreakout/index.cache.bz2
usr/share/doc/HTML/es/kbreakout/index.docbook
usr/share/doc/HTML/et/
usr/share/doc/HTML/et/kbreakout/
usr/share/doc/HTML/et/kbreakout/index.cache.bz2
usr/share/doc/HTML/et/kbreakout/index.docbook
usr/share/doc/HTML/fr/
usr/share/doc/HTML/fr/kbreakout/
usr/share/doc/HTML/fr/kbreakout/index.cache.bz2
usr/share/doc/HTML/fr/kbreakout/index.docbook
usr/share/doc/HTML/it/
usr/share/doc/HTML/it/kbreakout/
usr/share/doc/HTML/it/kbreakout/index.cache.bz2
usr/share/doc/HTML/it/kbreakout/index.docbook
usr/share/doc/HTML/nl/
usr/share/doc/HTML/nl/kbreakout/
usr/share/doc/HTML/nl/kbreakout/index.cache.bz2
usr/share/doc/HTML/nl/kbreakout/index.docbook
usr/share/doc/HTML/pl/
usr/share/doc/HTML/pl/kbreakout/
usr/share/doc/HTML/pl/kbreakout/index.cache.bz2
usr/share/doc/HTML/pl/kbreakout/index.docbook
usr/share/doc/HTML/pt/
usr/share/doc/HTML/pt/kbreakout/
usr/share/doc/HTML/pt/kbreakout/index.cache.bz2
usr/share/doc/HTML/pt/kbreakout/index.docbook
usr/share/doc/HTML/pt_BR/
usr/share/doc/HTML/pt_BR/kbreakout/
usr/share/doc/HTML/pt_BR/kbreakout/index.cache.bz2
usr/share/doc/HTML/pt_BR/kbreakout/index.docbook
usr/share/doc/HTML/sl/
usr/share/doc/HTML/sl/kbreakout/
usr/share/doc/HTML/sl/kbreakout/index.cache.bz2
usr/share/doc/HTML/sl/kbreakout/index.docbook
usr/share/doc/HTML/sv/
usr/share/doc/HTML/sv/kbreakout/
usr/share/doc/HTML/sv/kbreakout/index.cache.bz2
usr/share/doc/HTML/sv/kbreakout/index.docbook
usr/share/doc/HTML/uk/
usr/share/doc/HTML/uk/kbreakout/
usr/share/doc/HTML/uk/kbreakout/gameboard.png
usr/share/doc/HTML/uk/kbreakout/index.cache.bz2
usr/share/doc/HTML/uk/kbreakout/index.docbook
usr/share/icons/
usr/share/icons/hicolor/
usr/share/icons/hicolor/128x128/
usr/share/icons/hicolor/128x128/apps/
usr/share/icons/hicolor/128x128/apps/kbreakout.png
usr/share/icons/hicolor/16x16/
usr/share/icons/hicolor/16x16/apps/
usr/share/icons/hicolor/16x16/apps/kbreakout.png
usr/share/icons/hicolor/22x22/
usr/share/icons/hicolor/22x22/apps/
usr/share/icons/hicolor/22x22/apps/kbreakout.png
usr/share/icons/hicolor/32x32/
usr/share/icons/hicolor/32x32/apps/
usr/share/icons/hicolor/32x32/apps/kbreakout.png
usr/share/icons/hicolor/48x48/
usr/share/icons/hicolor/48x48/apps/
usr/share/icons/hicolor/48x48/apps/kbreakout.png
usr/share/icons/hicolor/64x64/
usr/share/icons/hicolor/64x64/apps/
usr/share/icons/hicolor/64x64/apps/kbreakout.png
usr/share/icons/hicolor/scalable/
usr/share/icons/hicolor/scalable/apps/
usr/share/icons/hicolor/scalable/apps/kbreakout.svg
usr/share/kbreakout/
usr/share/kbreakout/levelsets/
usr/share/kbreakout/levelsets/default.levelset
usr/share/kbreakout/qml/
usr/share/kbreakout/qml/Ball.qml
usr/share/kbreakout/qml/Bar.qml
usr/share/kbreakout/qml/Brick.qml
usr/share/kbreakout/qml/CanvasItem.qml
usr/share/kbreakout/qml/Gift.qml
usr/share/kbreakout/qml/Singleshot.qml
usr/share/kbreakout/qml/TextItem.qml
usr/share/kbreakout/qml/globals.js
usr/share/kbreakout/qml/logic.js
usr/share/kbreakout/qml/main.qml
usr/share/kbreakout/themes/
usr/share/kbreakout/themes/IceWorld.desktop
usr/share/kbreakout/themes/IceWorld.svgz
usr/share/kbreakout/themes/IceWorld_preview.png
usr/share/kbreakout/themes/alienbreakout.desktop
usr/share/kbreakout/themes/alienbreakout.svgz
usr/share/kbreakout/themes/alienbreakout_preview.png
usr/share/kbreakout/themes/crystal.desktop
usr/share/kbreakout/themes/crystal.svgz
usr/share/kbreakout/themes/crystal_preview.png
usr/share/kbreakout/themes/default.desktop
usr/share/kbreakout/themes/egyptianbreakout.svgz
usr/share/kbreakout/themes/egyptianbreakout_preview.png
usr/share/kbreakout/themes/simple.desktop
usr/share/kbreakout/themes/simple.svgz
usr/share/kbreakout/themes/simple_preview.png
usr/share/kbreakout/themes/web20.desktop
usr/share/kbreakout/themes/web20.svgz
usr/share/kbreakout/themes/web20_preview.png
usr/share/locale/
usr/share/locale/ar/
usr/share/locale/ar/LC_MESSAGES/
usr/share/locale/ar/LC_MESSAGES/kbreakout.mo
usr/share/locale/ast/
usr/share/locale/ast/LC_MESSAGES/
usr/share/locale/ast/LC_MESSAGES/kbreakout.mo
usr/share/locale/bg/
usr/share/locale/bg/LC_MESSAGES/
usr/share/locale/bg/LC_MESSAGES/kbreakout.mo
usr/share/locale/bs/
usr/share/locale/bs/LC_MESSAGES/
usr/share/locale/bs/LC_MESSAGES/kbreakout.mo
usr/share/locale/ca/
usr/share/locale/ca/LC_MESSAGES/
usr/share/locale/ca/LC_MESSAGES/kbreakout.mo
usr/share/locale/ca@valencia/
usr/share/locale/ca@valencia/LC_MESSAGES/
usr/share/locale/ca@valencia/LC_MESSAGES/kbreakout.mo
usr/share/locale/cs/
usr/share/locale/cs/LC_MESSAGES/
usr/share/locale/cs/LC_MESSAGES/kbreakout.mo
usr/share/locale/da/
usr/share/locale/da/LC_MESSAGES/
usr/share/locale/da/LC_MESSAGES/kbreakout.mo
usr/share/locale/de/
usr/share/locale/de/LC_MESSAGES/
usr/share/locale/de/LC_MESSAGES/kbreakout.mo
usr/share/locale/el/
usr/share/locale/el/LC_MESSAGES/
usr/share/locale/el/LC_MESSAGES/kbreakout.mo
usr/share/locale/en_GB/
usr/share/locale/en_GB/LC_MESSAGES/
usr/share/locale/en_GB/LC_MESSAGES/kbreakout.mo
usr/share/locale/eo/
usr/share/locale/eo/LC_MESSAGES/
usr/share/locale/eo/LC_MESSAGES/kbreakout.mo
usr/share/locale/es/
usr/share/locale/es/LC_MESSAGES/
usr/share/locale/es/LC_MESSAGES/kbreakout.mo
usr/share/locale/et/
usr/share/locale/et/LC_MESSAGES/
usr/share/locale/et/LC_MESSAGES/kbreakout.mo
usr/share/locale/eu/
usr/share/locale/eu/LC_MESSAGES/
usr/share/locale/eu/LC_MESSAGES/kbreakout.mo
usr/share/locale/fi/
usr/share/locale/fi/LC_MESSAGES/
usr/share/locale/fi/LC_MESSAGES/kbreakout.mo
usr/share/locale/fr/
usr/share/locale/fr/LC_MESSAGES/
usr/share/locale/fr/LC_MESSAGES/kbreakout.mo
usr/share/locale/ga/
usr/share/locale/ga/LC_MESSAGES/
usr/share/locale/ga/LC_MESSAGES/kbreakout.mo
usr/share/locale/gl/
usr/share/locale/gl/LC_MESSAGES/
usr/share/locale/gl/LC_MESSAGES/kbreakout.mo
usr/share/locale/gu/
usr/share/locale/gu/LC_MESSAGES/
usr/share/locale/gu/LC_MESSAGES/kbreakout.mo
usr/share/locale/he/
usr/share/locale/he/LC_MESSAGES/
usr/share/locale/he/LC_MESSAGES/kbreakout.mo
usr/share/locale/hi/
usr/share/locale/hi/LC_MESSAGES/
usr/share/locale/hi/LC_MESSAGES/kbreakout.mo
usr/share/locale/hr/
usr/share/locale/hr/LC_MESSAGES/
usr/share/locale/hr/LC_MESSAGES/kbreakout.mo
usr/share/locale/hu/
usr/share/locale/hu/LC_MESSAGES/
usr/share/locale/hu/LC_MESSAGES/kbreakout.mo
usr/share/locale/ia/
usr/share/locale/ia/LC_MESSAGES/
usr/share/locale/ia/LC_MESSAGES/kbreakout.mo
usr/share/locale/id/
usr/share/locale/id/LC_MESSAGES/
usr/share/locale/id/LC_MESSAGES/kbreakout.mo
usr/share/locale/is/
usr/share/locale/is/LC_MESSAGES/
usr/share/locale/is/LC_MESSAGES/kbreakout.mo
usr/share/locale/it/
usr/share/locale/it/LC_MESSAGES/
usr/share/locale/it/LC_MESSAGES/kbreakout.mo
usr/share/locale/ja/
usr/share/locale/ja/LC_MESSAGES/
usr/share/locale/ja/LC_MESSAGES/kbreakout.mo
usr/share/locale/ka/
usr/share/locale/ka/LC_MESSAGES/
usr/share/locale/ka/LC_MESSAGES/kbreakout.mo
usr/share/locale/kk/
usr/share/locale/kk/LC_MESSAGES/
usr/share/locale/kk/LC_MESSAGES/kbreakout.mo
usr/share/locale/km/
usr/share/locale/km/LC_MESSAGES/
usr/share/locale/km/LC_MESSAGES/kbreakout.mo
usr/share/locale/ko/
usr/share/locale/ko/LC_MESSAGES/
usr/share/locale/ko/LC_MESSAGES/kbreakout.mo
usr/share/locale/lt/
usr/share/locale/lt/LC_MESSAGES/
usr/share/locale/lt/LC_MESSAGES/kbreakout.mo
usr/share/locale/lv/
usr/share/locale/lv/LC_MESSAGES/
usr/share/locale/lv/LC_MESSAGES/kbreakout.mo
usr/share/locale/mai/
usr/share/locale/mai/LC_MESSAGES/
usr/share/locale/mai/LC_MESSAGES/kbreakout.mo
usr/share/locale/ml/
usr/share/locale/ml/LC_MESSAGES/
usr/share/locale/ml/LC_MESSAGES/kbreakout.mo
usr/share/locale/mr/
usr/share/locale/mr/LC_MESSAGES/
usr/share/locale/mr/LC_MESSAGES/kbreakout.mo
usr/share/locale/nb/
usr/share/locale/nb/LC_MESSAGES/
usr/share/locale/nb/LC_MESSAGES/kbreakout.mo
usr/share/locale/nds/
usr/share/locale/nds/LC_MESSAGES/
usr/share/locale/nds/LC_MESSAGES/kbreakout.mo
usr/share/locale/nl/
usr/share/locale/nl/LC_MESSAGES/
usr/share/locale/nl/LC_MESSAGES/kbreakout.mo
usr/share/locale/nn/
usr/share/locale/nn/LC_MESSAGES/
usr/share/locale/nn/LC_MESSAGES/kbreakout.mo
usr/share/locale/pl/
usr/share/locale/pl/LC_MESSAGES/
usr/share/locale/pl/LC_MESSAGES/kbreakout.mo
usr/share/locale/pt/
usr/share/locale/pt/LC_MESSAGES/
usr/share/locale/pt/LC_MESSAGES/kbreakout.mo
usr/share/locale/pt_BR/
usr/share/locale/pt_BR/LC_MESSAGES/
usr/share/locale/pt_BR/LC_MESSAGES/kbreakout.mo
usr/share/locale/ro/
usr/share/locale/ro/LC_MESSAGES/
usr/share/locale/ro/LC_MESSAGES/kbreakout.mo
usr/share/locale/ru/
usr/share/locale/ru/LC_MESSAGES/
usr/share/locale/ru/LC_MESSAGES/kbreakout.mo
usr/share/locale/sa/
usr/share/locale/sa/LC_MESSAGES/
usr/share/locale/sa/LC_MESSAGES/kbreakout.mo
usr/share/locale/sk/
usr/share/locale/sk/LC_MESSAGES/
usr/share/locale/sk/LC_MESSAGES/kbreakout.mo
usr/share/locale/sl/
usr/share/locale/sl/LC_MESSAGES/
usr/share/locale/sl/LC_MESSAGES/kbreakout.mo
usr/share/locale/sq/
usr/share/locale/sq/LC_MESSAGES/
usr/share/locale/sq/LC_MESSAGES/kbreakout.mo
usr/share/locale/sr/
usr/share/locale/sr/LC_MESSAGES/
usr/share/locale/sr/LC_MESSAGES/kbreakout.mo
usr/share/locale/sr@ijekavian/
usr/share/locale/sr@ijekavian/LC_MESSAGES/
usr/share/locale/sr@ijekavian/LC_MESSAGES/kbreakout.mo
usr/share/locale/sr@ijekavianlatin/
usr/share/locale/sr@ijekavianlatin/LC_MESSAGES/
usr/share/locale/sr@ijekavianlatin/LC_MESSAGES/kbreakout.mo
usr/share/locale/sr@latin/
usr/share/locale/sr@latin/LC_MESSAGES/
usr/share/locale/sr@latin/LC_MESSAGES/kbreakout.mo
usr/share/locale/sv/
usr/share/locale/sv/LC_MESSAGES/
usr/share/locale/sv/LC_MESSAGES/kbreakout.mo
usr/share/locale/th/
usr/share/locale/th/LC_MESSAGES/
usr/share/locale/th/LC_MESSAGES/kbreakout.mo
usr/share/locale/tr/
usr/share/locale/tr/LC_MESSAGES/
usr/share/locale/tr/LC_MESSAGES/kbreakout.mo
usr/share/locale/ug/
usr/share/locale/ug/LC_MESSAGES/
usr/share/locale/ug/LC_MESSAGES/kbreakout.mo
usr/share/locale/uk/
usr/share/locale/uk/LC_MESSAGES/
usr/share/locale/uk/LC_MESSAGES/kbreakout.mo
usr/share/locale/wa/
usr/share/locale/wa/LC_MESSAGES/
usr/share/locale/wa/LC_MESSAGES/kbreakout.mo
usr/share/locale/zh_CN/
usr/share/locale/zh_CN/LC_MESSAGES/
usr/share/locale/zh_CN/LC_MESSAGES/kbreakout.mo
usr/share/locale/zh_TW/
usr/share/locale/zh_TW/LC_MESSAGES/
usr/share/locale/zh_TW/LC_MESSAGES/kbreakout.mo
usr/share/metainfo/
usr/share/metainfo/org.kde.kbreakout.appdata.xml
usr/share/qlogging-categories6/
usr/share/qlogging-categories6/kbreakout.categories

Slackware package /tmp/kbreakout/kbreakout-25.04.1-x86_64-1_rtz.tlz created.

Create shared object file for kbreakout-25.04.1-x86_64-1_rtz.tlz
Creating /tmp/kbreakout/kbreakout-25.04.1-x86_64-1_rtz.tlz.so.file using /tmp/kbreakout/kbreakout-25.04.1-x86_64-1_rtz.tlz
Successfully created /tmp/kbreakout/kbreakout-25.04.1-x86_64-1_rtz.tlz.so.file
Packaging of executable and meta-data in kbreakout.tar.lz4 format.
/tmp/kbreakout /tmp/kbreakout
/tmp/kbreakout
BIN_NAME
README
kbreakout-25.04.1-x86_64-1_rtz.tlz
kbreakout-25.04.1-x86_64-1_rtz.tlz.md5
kbreakout-25.04.1-x86_64-1_rtz.tlz.so.file
kbreakout-25.04.1-x86_64-1_rtz.tlz.txt
kbreakout.dep
makepkg-kbreakout.log
kbreakout build finished. Procced to installation...

+==========================================================================================================+
| Upgrading kbreakout-25.04.1-x86_64-1_rtz package using /tmp/kbreakout/kbreakout-25.04.1-x86_64-1_rtz.tlz |
+==========================================================================================================+

Pre-installing package kbreakout-25.04.1-x86_64-1_rtz...
Removing package: kbreakout-25.04.1-x86_64-1_rtz-upgraded-2025-05-11,00:07:34
Installing package kbreakout-25.04.1-x86_64-1_rtz.tlz:
PACKAGE DESCRIPTION:
# kbreakout (game)
#
# A Breakout-like game
#
# https://kde.org/applications/games/
Executing install script for kbreakout-25.04.1-x86_64-1_rtz.tlz.
Font directories:
	/usr/share/fonts
/usr/share/fonts: caching, new cache contents: 0 fonts, 11 dirs
/usr/share/fonts/100dpi: caching, new cache contents: 238 fonts, 0 dirs
/usr/share/fonts/75dpi: caching, new cache contents: 238 fonts, 0 dirs
/usr/share/fonts/OTF: caching, new cache contents: 124 fonts, 0 dirs
/usr/share/fonts/Speedo: caching, new cache contents: 0 fonts, 0 dirs
/usr/share/fonts/TTF: caching, new cache contents: 1132 fonts, 0 dirs
/usr/share/fonts/Type1: caching, new cache contents: 64 fonts, 0 dirs
/usr/share/fonts/cyrillic: caching, new cache contents: 0 fonts, 0 dirs
/usr/share/fonts/encodings: caching, new cache contents: 0 fonts, 1 dirs
/usr/share/fonts/encodings/large: caching, new cache contents: 0 fonts, 0 dirs
/usr/share/fonts/kanjistrokeorders: caching, new cache contents: 1 fonts, 0 dirs
/usr/share/fonts/misc: caching, new cache contents: 143 fonts, 0 dirs
/usr/share/fonts/util: caching, new cache contents: 0 fonts, 0 dirs
/var/cache/fontconfig: cleaning cache directory
/root/.cache/fontconfig: not cleaning non-existent cache directory
/root/.fontconfig: not cleaning non-existent cache directory
/usr/bin/fc-cache: succeeded
Package kbreakout-25.04.1-x86_64-1_rtz.tlz installed.
Package kbreakout-25.04.1-x86_64-1_rtz upgraded with new package /tmp/kbreakout/kbreakout-25.04.1-x86_64-1_rtz.tlz.
Cleaning environmet: Removing source code, and work-space...
rm: cannot remove 'kbreakout-25.04.1.tar.xz': No such file or directory
Build process completed in 0 minutes and 14 seconds.
