[32mStarting build process...[0m
Detected architecture: x86_64
Required dependencies: 	extra-cmake-modules akonadi-calendar	akonadi	akonadi-mime	akonadi-notes	kcalendarcore	kcalutils	kcodecs	kguiaddons	kholidays	ki18n	kidentitymanagement	kio	kmime	pimcommon
extra-cmake-modules is already installed!
akonadi-calendar is already installed!
akonadi is already installed!
akonadi-mime is already installed!
Building dep akonadi-notes...
akonadi-notes 
Error: Build file '/home/omen/GITHUB/Athos/AthOS/REPO-AthOS/akonadi-notes/akonadi-notes.ini' not found.
kcalendarcore is already installed!
kcalutils is already installed!
kcodecs is already installed!
kguiaddons is already installed!
kholidays is already installed!
ki18n is already installed!
kidentitymanagement is already installed!
kio is already installed!
kmime is already installed!
pimcommon is already installed!
No optional dependencies found.
Downloading source code tar.xz file
--2025-05-28 21:58:14--  https://download.kde.org/stable/release-service/25.04.1/src/calendarsupport-25.04.1.tar.xz
Resolving download.kde.org (download.kde.org)... 49.12.122.15, 2a01:4f8:242:53eb::4
Connecting to download.kde.org (download.kde.org)|49.12.122.15|:443... connected.
HTTP request sent, awaiting response... 302 Found
Location: https://ftp.cc.uoc.gr/mirrors/kde/stable/release-service/25.04.1/src/calendarsupport-25.04.1.tar.xz [following]
--2025-05-28 21:58:15--  https://ftp.cc.uoc.gr/mirrors/kde/stable/release-service/25.04.1/src/calendarsupport-25.04.1.tar.xz
Resolving ftp.cc.uoc.gr (ftp.cc.uoc.gr)... 147.52.159.50, 2001:648:2c00:6c08::2
Connecting to ftp.cc.uoc.gr (ftp.cc.uoc.gr)|147.52.159.50|:443... connected.
HTTP request sent, awaiting response... 200 OK
Length: 1005144 (982K) [application/octet-stream]
Saving to: ‘calendarsupport-25.04.1.tar.xz’

     0K .......... .......... .......... .......... ..........  5% 1.26M 1s
    50K .......... .......... .......... .......... .......... 10% 1.39M 1s
   100K .......... .......... .......... .......... .......... 15% 3.00M 1s
   150K .......... .......... .......... .......... .......... 20%  898K 1s
   200K .......... .......... .......... .......... .......... 25%  331M 0s
   250K .......... .......... .......... .......... .......... 30%  325M 0s
   300K .......... .......... .......... .......... .......... 35% 9.50M 0s
   350K .......... .......... .......... .......... .......... 40% 4.01M 0s
   400K .......... .......... .......... .......... .......... 45% 2.94M 0s
   450K .......... .......... .......... .......... .......... 50% 3.98M 0s
   500K .......... .......... .......... .......... .......... 56% 6.87M 0s
   550K .......... .......... .......... .......... .......... 61% 2.14M 0s
   600K .......... .......... .......... .......... .......... 66% 6.94M 0s
   650K .......... .......... .......... .......... .......... 71% 2.43M 0s
   700K .......... .......... .......... .......... .......... 76% 5.04M 0s
   750K .......... .......... .......... .......... .......... 81% 2.21M 0s
   800K .......... .......... .......... .......... .......... 86% 4.97M 0s
   850K .......... .......... .......... .......... .......... 91% 4.91M 0s
   900K .......... .......... .......... .......... .......... 96% 2.92M 0s
   950K .......... .......... .......... .                    100% 4.30M=0.3s

2025-05-28 21:58:16 (2.95 MB/s) - ‘calendarsupport-25.04.1.tar.xz’ saved [1005144/1005144]

Found file: calendarsupport-25.04.1.tar.xz
No checksum provided. Skipping checksum verification and proceeding...
Creating working directories and exporting source code in...
calendarsupport-25.04.1/
calendarsupport-25.04.1/.krazy
calendarsupport-25.04.1/metainfo.yaml.license
calendarsupport-25.04.1/README.md
calendarsupport-25.04.1/KPimCalendarSupportConfig.cmake.in
calendarsupport-25.04.1/CMakePresets.json.license
calendarsupport-25.04.1/readme-build-ftime.txt
calendarsupport-25.04.1/CMakePresets.json
calendarsupport-25.04.1/REUSE.toml
calendarsupport-25.04.1/LICENSES/
calendarsupport-25.04.1/LICENSES/GPL-2.0-only.txt
calendarsupport-25.04.1/LICENSES/Qt-Commercial-exception-1.0.txt
calendarsupport-25.04.1/LICENSES/LicenseRef-KDE-Accepted-GPL.txt
calendarsupport-25.04.1/LICENSES/GPL-3.0-only.txt
calendarsupport-25.04.1/LICENSES/BSD-3-Clause.txt
calendarsupport-25.04.1/LICENSES/CC0-1.0.txt
calendarsupport-25.04.1/LICENSES/LGPL-2.0-or-later.txt
calendarsupport-25.04.1/LICENSES/GPL-2.0-or-later.txt
calendarsupport-25.04.1/.gitlab-ci.yml
calendarsupport-25.04.1/sanitizers.supp
calendarsupport-25.04.1/.git-blame-ignore-revs
calendarsupport-25.04.1/.kde-ci.yml
calendarsupport-25.04.1/.codespellrc
calendarsupport-25.04.1/po/
calendarsupport-25.04.1/po/fa/
calendarsupport-25.04.1/po/fa/calendarsupport6.po
calendarsupport-25.04.1/po/bg/
calendarsupport-25.04.1/po/bg/calendarsupport6.po
calendarsupport-25.04.1/po/pt/
calendarsupport-25.04.1/po/pt/calendarsupport6.po
calendarsupport-25.04.1/po/km/
calendarsupport-25.04.1/po/km/calendarsupport6.po
calendarsupport-25.04.1/po/nn/
calendarsupport-25.04.1/po/nn/calendarsupport6.po
calendarsupport-25.04.1/po/pl/
calendarsupport-25.04.1/po/pl/calendarsupport6.po
calendarsupport-25.04.1/po/ja/
calendarsupport-25.04.1/po/ja/calendarsupport6.po
calendarsupport-25.04.1/po/pa/
calendarsupport-25.04.1/po/pa/calendarsupport6.po
calendarsupport-25.04.1/po/bs/
calendarsupport-25.04.1/po/bs/calendarsupport6.po
calendarsupport-25.04.1/po/zh_CN/
calendarsupport-25.04.1/po/zh_CN/calendarsupport6.po
calendarsupport-25.04.1/po/cs/
calendarsupport-25.04.1/po/cs/calendarsupport6.po
calendarsupport-25.04.1/po/es/
calendarsupport-25.04.1/po/es/calendarsupport6.po
calendarsupport-25.04.1/po/ka/
calendarsupport-25.04.1/po/ka/calendarsupport6.po
calendarsupport-25.04.1/po/is/
calendarsupport-25.04.1/po/is/calendarsupport6.po
calendarsupport-25.04.1/po/hsb/
calendarsupport-25.04.1/po/hsb/calendarsupport6.po
calendarsupport-25.04.1/po/tr/
calendarsupport-25.04.1/po/tr/calendarsupport6.po
calendarsupport-25.04.1/po/ug/
calendarsupport-25.04.1/po/ug/calendarsupport6.po
calendarsupport-25.04.1/po/ca/
calendarsupport-25.04.1/po/ca/calendarsupport6.po
calendarsupport-25.04.1/po/se/
calendarsupport-25.04.1/po/se/calendarsupport6.po
calendarsupport-25.04.1/po/ca@valencia/
calendarsupport-25.04.1/po/ca@valencia/calendarsupport6.po
calendarsupport-25.04.1/po/fy/
calendarsupport-25.04.1/po/fy/calendarsupport6.po
calendarsupport-25.04.1/po/uz/
calendarsupport-25.04.1/po/uz/calendarsupport6.po
calendarsupport-25.04.1/po/hr/
calendarsupport-25.04.1/po/hr/calendarsupport6.po
calendarsupport-25.04.1/po/gl/
calendarsupport-25.04.1/po/gl/calendarsupport6.po
calendarsupport-25.04.1/po/ro/
calendarsupport-25.04.1/po/ro/calendarsupport6.po
calendarsupport-25.04.1/po/br/
calendarsupport-25.04.1/po/br/calendarsupport6.po
calendarsupport-25.04.1/po/eo/
calendarsupport-25.04.1/po/eo/calendarsupport6.po
calendarsupport-25.04.1/po/sr@ijekavian/
calendarsupport-25.04.1/po/sr@ijekavian/calendarsupport6.po
calendarsupport-25.04.1/po/nl/
calendarsupport-25.04.1/po/nl/calendarsupport6.po
calendarsupport-25.04.1/po/mr/
calendarsupport-25.04.1/po/mr/calendarsupport6.po
calendarsupport-25.04.1/po/af/
calendarsupport-25.04.1/po/af/calendarsupport6.po
calendarsupport-25.04.1/po/hu/
calendarsupport-25.04.1/po/hu/calendarsupport6.po
calendarsupport-25.04.1/po/eu/
calendarsupport-25.04.1/po/eu/calendarsupport6.po
calendarsupport-25.04.1/po/lv/
calendarsupport-25.04.1/po/lv/calendarsupport6.po
calendarsupport-25.04.1/po/uz@cyrillic/
calendarsupport-25.04.1/po/uz@cyrillic/calendarsupport6.po
calendarsupport-25.04.1/po/mk/
calendarsupport-25.04.1/po/mk/calendarsupport6.po
calendarsupport-25.04.1/po/nb/
calendarsupport-25.04.1/po/nb/calendarsupport6.po
calendarsupport-25.04.1/po/fr/
calendarsupport-25.04.1/po/fr/calendarsupport6.po
calendarsupport-25.04.1/po/hi/
calendarsupport-25.04.1/po/hi/calendarsupport6.po
calendarsupport-25.04.1/po/sl/
calendarsupport-25.04.1/po/sl/calendarsupport6.po
calendarsupport-25.04.1/po/sr@latin/
calendarsupport-25.04.1/po/sr@latin/calendarsupport6.po
calendarsupport-25.04.1/po/th/
calendarsupport-25.04.1/po/th/calendarsupport6.po
calendarsupport-25.04.1/po/wa/
calendarsupport-25.04.1/po/wa/calendarsupport6.po
calendarsupport-25.04.1/po/ta/
calendarsupport-25.04.1/po/ta/calendarsupport6.po
calendarsupport-25.04.1/po/sr/
calendarsupport-25.04.1/po/sr/calendarsupport6.po
calendarsupport-25.04.1/po/he/
calendarsupport-25.04.1/po/he/calendarsupport6.po
calendarsupport-25.04.1/po/de/
calendarsupport-25.04.1/po/de/calendarsupport6.po
calendarsupport-25.04.1/po/ar/
calendarsupport-25.04.1/po/ar/calendarsupport6.po
calendarsupport-25.04.1/po/sk/
calendarsupport-25.04.1/po/sk/calendarsupport6.po
calendarsupport-25.04.1/po/zh_TW/
calendarsupport-25.04.1/po/zh_TW/calendarsupport6.po
calendarsupport-25.04.1/po/et/
calendarsupport-25.04.1/po/et/calendarsupport6.po
calendarsupport-25.04.1/po/it/
calendarsupport-25.04.1/po/it/calendarsupport6.po
calendarsupport-25.04.1/po/mai/
calendarsupport-25.04.1/po/mai/calendarsupport6.po
calendarsupport-25.04.1/po/el/
calendarsupport-25.04.1/po/el/calendarsupport6.po
calendarsupport-25.04.1/po/da/
calendarsupport-25.04.1/po/da/calendarsupport6.po
calendarsupport-25.04.1/po/xh/
calendarsupport-25.04.1/po/xh/calendarsupport6.po
calendarsupport-25.04.1/po/pt_BR/
calendarsupport-25.04.1/po/pt_BR/calendarsupport6.po
calendarsupport-25.04.1/po/ru/
calendarsupport-25.04.1/po/ru/calendarsupport6.po
calendarsupport-25.04.1/po/sq/
calendarsupport-25.04.1/po/sq/calendarsupport6.po
calendarsupport-25.04.1/po/id/
calendarsupport-25.04.1/po/id/calendarsupport6.po
calendarsupport-25.04.1/po/ia/
calendarsupport-25.04.1/po/ia/calendarsupport6.po
calendarsupport-25.04.1/po/cy/
calendarsupport-25.04.1/po/cy/calendarsupport6.po
calendarsupport-25.04.1/po/sv/
calendarsupport-25.04.1/po/sv/calendarsupport6.po
calendarsupport-25.04.1/po/ne/
calendarsupport-25.04.1/po/ne/calendarsupport6.po
calendarsupport-25.04.1/po/si/
calendarsupport-25.04.1/po/si/calendarsupport6.po
calendarsupport-25.04.1/po/ms/
calendarsupport-25.04.1/po/ms/calendarsupport6.po
calendarsupport-25.04.1/po/fi/
calendarsupport-25.04.1/po/fi/calendarsupport6.po
calendarsupport-25.04.1/po/kk/
calendarsupport-25.04.1/po/kk/calendarsupport6.po
calendarsupport-25.04.1/po/ast/
calendarsupport-25.04.1/po/ast/calendarsupport6.po
calendarsupport-25.04.1/po/lt/
calendarsupport-25.04.1/po/lt/calendarsupport6.po
calendarsupport-25.04.1/po/be/
calendarsupport-25.04.1/po/be/calendarsupport6.po
calendarsupport-25.04.1/po/tg/
calendarsupport-25.04.1/po/tg/calendarsupport6.po
calendarsupport-25.04.1/po/sa/
calendarsupport-25.04.1/po/sa/calendarsupport6.po
calendarsupport-25.04.1/po/ko/
calendarsupport-25.04.1/po/ko/calendarsupport6.po
calendarsupport-25.04.1/po/hne/
calendarsupport-25.04.1/po/hne/calendarsupport6.po
calendarsupport-25.04.1/po/ga/
calendarsupport-25.04.1/po/ga/calendarsupport6.po
calendarsupport-25.04.1/po/en_GB/
calendarsupport-25.04.1/po/en_GB/calendarsupport6.po
calendarsupport-25.04.1/po/uk/
calendarsupport-25.04.1/po/uk/calendarsupport6.po
calendarsupport-25.04.1/po/sr@ijekavianlatin/
calendarsupport-25.04.1/po/sr@ijekavianlatin/calendarsupport6.po
calendarsupport-25.04.1/po/nds/
calendarsupport-25.04.1/po/nds/calendarsupport6.po
calendarsupport-25.04.1/po/az/
calendarsupport-25.04.1/po/az/calendarsupport6.po
calendarsupport-25.04.1/CMakeLists.txt
calendarsupport-25.04.1/README.md.license
calendarsupport-25.04.1/src/
calendarsupport-25.04.1/src/attachmenthandler.cpp
calendarsupport-25.04.1/src/utils.cpp
calendarsupport-25.04.1/src/utils.h
calendarsupport-25.04.1/src/calendarsingleton.cpp
calendarsupport-25.04.1/src/collectionselection.h
calendarsupport-25.04.1/src/urihandler.h
calendarsupport-25.04.1/src/archivedialog.cpp
calendarsupport-25.04.1/src/printing/
calendarsupport-25.04.1/src/printing/calprinter.h
calendarsupport-25.04.1/src/printing/yearprint.cpp
calendarsupport-25.04.1/src/printing/calprinter.cpp
calendarsupport-25.04.1/src/printing/yearprint.h
calendarsupport-25.04.1/src/printing/journalprint.h
calendarsupport-25.04.1/src/printing/journalprint.cpp
calendarsupport-25.04.1/src/printing/printplugin.h
calendarsupport-25.04.1/src/printing/calprintyearconfig_base.ui
calendarsupport-25.04.1/src/printing/calprintweekconfig_base.ui
calendarsupport-25.04.1/src/printing/calprintincidenceconfig_base.ui
calendarsupport-25.04.1/src/printing/calprintpluginbase.cpp
calendarsupport-25.04.1/src/printing/calprintpluginbase.h
calendarsupport-25.04.1/src/printing/calprintdefaultplugins.cpp
calendarsupport-25.04.1/src/printing/calprintmonthconfig_base.ui
calendarsupport-25.04.1/src/printing/calprintdefaultplugins.h
calendarsupport-25.04.1/src/printing/calprintjournalconfig_base.ui
calendarsupport-25.04.1/src/printing/calprintdayconfig_base.ui
calendarsupport-25.04.1/src/printing/calprinttodoconfig_base.ui
calendarsupport-25.04.1/src/archivedialog.h
calendarsupport-25.04.1/src/cellitem.h
calendarsupport-25.04.1/src/kcalprefs.cpp
calendarsupport-25.04.1/src/incidenceattachmentmodel.cpp
calendarsupport-25.04.1/src/Messages.sh
calendarsupport-25.04.1/src/attachmenthandler.h
calendarsupport-25.04.1/src/identitymanager.h
calendarsupport-25.04.1/src/incidenceattachmentmodel.h
calendarsupport-25.04.1/src/eventarchiver.cpp
calendarsupport-25.04.1/src/cellitem.cpp
calendarsupport-25.04.1/src/messagewidget.h
calendarsupport-25.04.1/src/calendarsingleton.h
calendarsupport-25.04.1/src/identitymanager.cpp
calendarsupport-25.04.1/src/categoryhierarchyreader.cpp
calendarsupport-25.04.1/src/org.freedesktop.Akonadi.CalendarSearchAgent.xml
calendarsupport-25.04.1/src/messagewidget.cpp
calendarsupport-25.04.1/src/freebusymodel/
calendarsupport-25.04.1/src/freebusymodel/freebusycalendar.h
calendarsupport-25.04.1/src/freebusymodel/freebusycalendar.cpp
calendarsupport-25.04.1/src/freebusymodel/freebusyitem.h
calendarsupport-25.04.1/src/freebusymodel/freeperiodmodel.cpp
calendarsupport-25.04.1/src/freebusymodel/freebusyitemmodel.h
calendarsupport-25.04.1/src/freebusymodel/freeperiodmodel.h
calendarsupport-25.04.1/src/freebusymodel/freebusyitem.cpp
calendarsupport-25.04.1/src/freebusymodel/freebusyitemmodel.cpp
calendarsupport-25.04.1/src/freebusymodel/autotests/
calendarsupport-25.04.1/src/freebusymodel/autotests/testfreebusyitemmodel.cpp
calendarsupport-25.04.1/src/freebusymodel/autotests/testfreebusyitemmodel.h
calendarsupport-25.04.1/src/freebusymodel/autotests/testfreeperiodmodel.cpp
calendarsupport-25.04.1/src/freebusymodel/autotests/testfreeperiodmodel.h
calendarsupport-25.04.1/src/freebusymodel/autotests/CMakeLists.txt
calendarsupport-25.04.1/src/kcalprefs.h
calendarsupport-25.04.1/src/eventarchiver.h
calendarsupport-25.04.1/src/next/
calendarsupport-25.04.1/src/next/incidenceviewer.cpp
calendarsupport-25.04.1/src/next/README
calendarsupport-25.04.1/src/next/incidenceviewer.h
calendarsupport-25.04.1/src/next/incidenceviewer_p.h
calendarsupport-25.04.1/src/kcalprefs.kcfg
calendarsupport-25.04.1/src/kcalprefs_base.kcfgc
calendarsupport-25.04.1/src/categoryhierarchyreader.h
calendarsupport-25.04.1/src/CMakeLists.txt
calendarsupport-25.04.1/src/collectionselection.cpp
calendarsupport-25.04.1/src/urihandler.cpp
calendarsupport-25.04.1/.gitignore
calendarsupport-25.04.1/metainfo.yaml
/home/omen/GITHUB/Athos/AthOS/REPO-AthOS/calendarsupport/work
README or README.md already exists, skipping creation.
hm...lets continue and see what happens
-- The C compiler identification is GNU 14.3.0
-- The CXX compiler identification is GNU 14.3.0
-- Detecting C compiler ABI info
-- Detecting C compiler ABI info - done
-- Check for working C compiler: /usr/bin/cc - skipped
-- Detecting C compile features
-- Detecting C compile features - done
-- Detecting CXX compiler ABI info
-- Detecting CXX compiler ABI info - done
-- Check for working CXX compiler: /usr/bin/c++ - skipped
-- Detecting CXX compile features
-- Detecting CXX compile features - done
-- Installing in the same prefix as Qt, adopting their path scheme.
-- Looking for __GLIBC__
-- Looking for __GLIBC__ - found
-- Performing Test _OFFT_IS_64BIT
-- Performing Test _OFFT_IS_64BIT - Success
-- Performing Test HAVE_DATE_TIME
-- Performing Test HAVE_DATE_TIME - Success
-- Found Python3: /usr/bin/python3.12 (found version "3.12.10") found components: Interpreter
-- Could NOT find ReuseTool (missing: REUSETOOL_EXECUTABLE) 
CMake Warning at /usr/share/ECM/modules/ECMCheckOutboundLicense.cmake:86 (message):
  Reuse tool not found, skipping test generation
Call Stack (most recent call first):
  CMakeLists.txt:32 (include)


-- Skipping execution of outbound license tests.
-- Performing Test HAVE_STDATOMIC
-- Performing Test HAVE_STDATOMIC - Success
-- Found WrapAtomic: TRUE
-- Found OpenGL: /usr/lib64/libOpenGL.so
-- Found WrapOpenGL: TRUE
-- Found XKB: /usr/lib64/libxkbcommon.so (found suitable version "1.10.0", minimum required is "0.5.0")
-- Found WrapVulkanHeaders: /usr/include
-- Found Cups: /usr/lib64/libcups.so (found version "2.4.12")
-- Found Gettext: /usr/bin/msgmerge (found version "0.25")
-- Found X11: /usr/include
-- Looking for XOpenDisplay in /usr/lib64/libX11.so;/usr/lib64/libXext.so
-- Looking for XOpenDisplay in /usr/lib64/libX11.so;/usr/lib64/libXext.so - found
-- Looking for gethostbyname
-- Looking for gethostbyname - found
-- Looking for connect
-- Looking for connect - found
-- Looking for remove
-- Looking for remove - found
-- Looking for shmat
-- Looking for shmat - found
-- Looking for IceConnectionNumber in ICE
-- Looking for IceConnectionNumber in ICE - found
-- Performing Test COMPILER_HAS_HIDDEN_VISIBILITY
-- Performing Test COMPILER_HAS_HIDDEN_VISIBILITY - Success
-- Performing Test COMPILER_HAS_HIDDEN_INLINE_VISIBILITY
-- Performing Test COMPILER_HAS_HIDDEN_INLINE_VISIBILITY - Success
-- Performing Test COMPILER_HAS_DEPRECATED_ATTR
-- Performing Test COMPILER_HAS_DEPRECATED_ATTR - Success
-- The following OPTIONAL packages have been found:

 * Python3
   Required to run tests of module ECMCheckOutboundLicense
 * Qt6DBusTools (required version >= 6.8.3)
 * Qt6QmlTools (required version >= 6.8.3)
 * Qt6WidgetsTools (required version >= 6.8.3)
 * OpenGL
 * XKB (required version >= 0.5.0), XKB API common to servers and clients., <http://xkbcommon.org>
 * WrapVulkanHeaders
 * Qt6CoreTools (required version >= 6.8.3)
 * Qt6GuiTools (required version >= 6.8.3)
 * Cups
 * Qt6PrintSupport (required version >= 6.7.0)

-- The following REQUIRED packages have been found:

 * ECM (required version >= 6.9.0)
 * Qt6 (required version >= 6.7.0)
 * KF6GuiAddons (required version >= 6.9.0)
 * KF6KIO (required version >= 6.9.0)
 * KPim6Mime (required version >= 6.4.1)
 * KF6Codecs (required version >= 6.9.0)
 * KPim6CalendarUtils (required version >= 6.4.1)
 * KF6CalendarCore (required version >= 6.9.0)
 * KF6Holidays (required version >= 6.9.0)
 * KPim6Akonadi (required version >= 6.4.1)
 * Gettext
 * KF6I18n (required version >= 6.9.0)
 * KPim6IdentityManagementCore (required version >= 6.4.1)
 * KPim6AkonadiCalendar (required version >= 6.4.1)
 * KF6TextCustomEditor (required version >= 1.5.4)

-- The following features have been disabled:

 * SPDX_LICENSE_TESTING, Automatic license testing based on SPDX definitions (requires reuse tool)
 * QCH, API documentation in QCH format (for e.g. Qt Assistant, Qt Creator & KDevelop)

-- The following OPTIONAL packages have not been found:

 * ReuseTool
   Required to run tests of module ECMCheckOutboundLicense

-- Configuring done (1.8s)
-- Generating done (0.0s)
-- Build files have been written to: /home/omen/GITHUB/Athos/AthOS/REPO-AthOS/calendarsupport/work/calendarsupport-25.04.1/build
[1/47] Generating ts...
[2/47] Generating mo...
[3/47] Automatic MOC for target KPim6CalendarSupport
[4/47] Generating kcalprefs_base.h, kcalprefs_base.cpp
[5/47] Generating ui_calprintyearconfig_base.h
[6/47] Generating ui_calprintmonthconfig_base.h
[7/47] Generating ui_calprinttodoconfig_base.h
[8/47] Generating ui_calprintincidenceconfig_base.h
[9/47] Generating ui_calprintweekconfig_base.h
[10/47] Generating ui_calprintdayconfig_base.h
[11/47] Generating ui_calprintjournalconfig_base.h
[12/47] Building CXX object src/CMakeFiles/KPim6CalendarSupport.dir/KPim6CalendarSupport_autogen/mocs_compilation.cpp.o
[13/47] Building CXX object src/CMakeFiles/KPim6CalendarSupport.dir/cellitem.cpp.o
[14/47] Building CXX object src/CMakeFiles/KPim6CalendarSupport.dir/urihandler.cpp.o
[15/47] Building CXX object src/CMakeFiles/KPim6CalendarSupport.dir/freebusymodel/freeperiodmodel.cpp.o
[16/47] Building CXX object src/CMakeFiles/KPim6CalendarSupport.dir/identitymanager.cpp.o
[17/47] Building CXX object src/CMakeFiles/KPim6CalendarSupport.dir/messagewidget.cpp.o
[18/47] Building CXX object src/CMakeFiles/KPim6CalendarSupport.dir/categoryhierarchyreader.cpp.o
[19/47] Building CXX object src/CMakeFiles/KPim6CalendarSupport.dir/freebusymodel/freebusyitem.cpp.o
[20/47] Building CXX object src/CMakeFiles/KPim6CalendarSupport.dir/calendarsingleton.cpp.o
[21/47] Building CXX object src/CMakeFiles/KPim6CalendarSupport.dir/kcalprefs.cpp.o
[22/47] Building CXX object src/CMakeFiles/KPim6CalendarSupport.dir/next/incidenceviewer.cpp.o
[23/47] Building CXX object src/CMakeFiles/KPim6CalendarSupport.dir/incidenceattachmentmodel.cpp.o
[24/47] Building CXX object src/CMakeFiles/KPim6CalendarSupport.dir/printing/calprinter.cpp.o
[25/47] Building CXX object src/CMakeFiles/KPim6CalendarSupport.dir/printing/yearprint.cpp.o
[26/47] Building CXX object src/CMakeFiles/KPim6CalendarSupport.dir/collectionselection.cpp.o
[27/47] Building CXX object src/CMakeFiles/KPim6CalendarSupport.dir/eventarchiver.cpp.o
[28/47] Building CXX object src/CMakeFiles/KPim6CalendarSupport.dir/freebusymodel/freebusyitemmodel.cpp.o
[29/47] Building CXX object src/CMakeFiles/KPim6CalendarSupport.dir/printing/journalprint.cpp.o
[30/47] Building CXX object src/CMakeFiles/KPim6CalendarSupport.dir/attachmenthandler.cpp.o
[31/47] Building CXX object src/CMakeFiles/KPim6CalendarSupport.dir/calendarsupport_debug.cpp.o
[32/47] Building CXX object src/CMakeFiles/KPim6CalendarSupport.dir/archivedialog.cpp.o
[33/47] Building CXX object src/CMakeFiles/KPim6CalendarSupport.dir/kcalprefs_base.cpp.o
[34/47] Building CXX object src/CMakeFiles/KPim6CalendarSupport.dir/utils.cpp.o
[35/47] Building CXX object src/CMakeFiles/KPim6CalendarSupport.dir/printing/calprintpluginbase.cpp.o
[36/47] Building CXX object src/CMakeFiles/KPim6CalendarSupport.dir/freebusymodel/freebusycalendar.cpp.o
[37/47] Building CXX object src/CMakeFiles/KPim6CalendarSupport.dir/printing/calprintdefaultplugins.cpp.o
[38/47] Linking CXX shared library bin/libKPim6CalendarSupport.so.6.4.1
[39/47] Creating library symlink bin/libKPim6CalendarSupport.so.6 bin/libKPim6CalendarSupport.so
[40/47] Automatic MOC for target testfreebusyitemmodel
[41/47] Automatic MOC for target testfreeperiodmodel
[42/47] Building CXX object src/freebusymodel/autotests/CMakeFiles/testfreebusyitemmodel.dir/testfreebusyitemmodel_autogen/mocs_compilation.cpp.o
[43/47] Building CXX object src/freebusymodel/autotests/CMakeFiles/testfreeperiodmodel.dir/testfreeperiodmodel_autogen/mocs_compilation.cpp.o
[44/47] Building CXX object src/freebusymodel/autotests/CMakeFiles/testfreeperiodmodel.dir/testfreeperiodmodel.cpp.o
[45/47] Building CXX object src/freebusymodel/autotests/CMakeFiles/testfreebusyitemmodel.dir/testfreebusyitemmodel.cpp.o
[46/47] Linking CXX executable bin/testfreeperiodmodel
[47/47] Linking CXX executable bin/testfreebusyitemmodel
-- Install configuration: "MinSizeRel"
-- Installing: /home/omen/GITHUB/Athos/AthOS/REPO-AthOS/calendarsupport/package-calendarsupport/usr/lib64/libKPim6CalendarSupport.so.6.4.1
-- Installing: /home/omen/GITHUB/Athos/AthOS/REPO-AthOS/calendarsupport/package-calendarsupport/usr/lib64/libKPim6CalendarSupport.so.6
-- Installing: /home/omen/GITHUB/Athos/AthOS/REPO-AthOS/calendarsupport/package-calendarsupport/usr/lib64/libKPim6CalendarSupport.so
-- Installing: /home/omen/GITHUB/Athos/AthOS/REPO-AthOS/calendarsupport/package-calendarsupport/usr/include/KPim6/CalendarSupport/CalendarSupport/Utils
-- Installing: /home/omen/GITHUB/Athos/AthOS/REPO-AthOS/calendarsupport/package-calendarsupport/usr/include/KPim6/CalendarSupport/CalendarSupport/CellItem
-- Installing: /home/omen/GITHUB/Athos/AthOS/REPO-AthOS/calendarsupport/package-calendarsupport/usr/include/KPim6/CalendarSupport/CalendarSupport/CollectionSelection
-- Installing: /home/omen/GITHUB/Athos/AthOS/REPO-AthOS/calendarsupport/package-calendarsupport/usr/include/KPim6/CalendarSupport/CalendarSupport/KCalPrefs
-- Installing: /home/omen/GITHUB/Athos/AthOS/REPO-AthOS/calendarsupport/package-calendarsupport/usr/include/KPim6/CalendarSupport/CalendarSupport/IdentityManager
-- Installing: /home/omen/GITHUB/Athos/AthOS/REPO-AthOS/calendarsupport/package-calendarsupport/usr/include/KPim6/CalendarSupport/CalendarSupport/EventArchiver
-- Installing: /home/omen/GITHUB/Athos/AthOS/REPO-AthOS/calendarsupport/package-calendarsupport/usr/include/KPim6/CalendarSupport/CalendarSupport/CategoryHierarchyReader
-- Installing: /home/omen/GITHUB/Athos/AthOS/REPO-AthOS/calendarsupport/package-calendarsupport/usr/include/KPim6/CalendarSupport/CalendarSupport/CalendarSingleton
-- Installing: /home/omen/GITHUB/Athos/AthOS/REPO-AthOS/calendarsupport/package-calendarsupport/usr/include/KPim6/CalendarSupport/CalendarSupport/MessageWidget
-- Installing: /home/omen/GITHUB/Athos/AthOS/REPO-AthOS/calendarsupport/package-calendarsupport/usr/include/KPim6/CalendarSupport/CalendarSupport/ArchiveDialog
-- Installing: /home/omen/GITHUB/Athos/AthOS/REPO-AthOS/calendarsupport/package-calendarsupport/usr/include/KPim6/CalendarSupport/CalendarSupport/UriHandler
-- Installing: /home/omen/GITHUB/Athos/AthOS/REPO-AthOS/calendarsupport/package-calendarsupport/usr/include/KPim6/CalendarSupport/CalendarSupport/PrintPlugin
-- Installing: /home/omen/GITHUB/Athos/AthOS/REPO-AthOS/calendarsupport/package-calendarsupport/usr/include/KPim6/CalendarSupport/CalendarSupport/CalPrinter
-- Installing: /home/omen/GITHUB/Athos/AthOS/REPO-AthOS/calendarsupport/package-calendarsupport/usr/include/KPim6/CalendarSupport/CalendarSupport/CalPrintDefaultPlugins
-- Installing: /home/omen/GITHUB/Athos/AthOS/REPO-AthOS/calendarsupport/package-calendarsupport/usr/include/KPim6/CalendarSupport/CalendarSupport/CalPrintPluginBase
-- Installing: /home/omen/GITHUB/Athos/AthOS/REPO-AthOS/calendarsupport/package-calendarsupport/usr/include/KPim6/CalendarSupport/CalendarSupport/IncidenceViewer
-- Installing: /home/omen/GITHUB/Athos/AthOS/REPO-AthOS/calendarsupport/package-calendarsupport/usr/include/KPim6/CalendarSupport/CalendarSupport/FreeBusyItem
-- Installing: /home/omen/GITHUB/Athos/AthOS/REPO-AthOS/calendarsupport/package-calendarsupport/usr/include/KPim6/CalendarSupport/CalendarSupport/FreeBusyItemModel
-- Installing: /home/omen/GITHUB/Athos/AthOS/REPO-AthOS/calendarsupport/package-calendarsupport/usr/include/KPim6/CalendarSupport/CalendarSupport/FreeBusyCalendar
-- Installing: /home/omen/GITHUB/Athos/AthOS/REPO-AthOS/calendarsupport/package-calendarsupport/usr/include/KPim6/CalendarSupport/CalendarSupport/FreePeriodModel
-- Installing: /home/omen/GITHUB/Athos/AthOS/REPO-AthOS/calendarsupport/package-calendarsupport/usr/include/KPim6/CalendarSupport/calendarsupport/calendarsupport_export.h
-- Installing: /home/omen/GITHUB/Athos/AthOS/REPO-AthOS/calendarsupport/package-calendarsupport/usr/include/KPim6/CalendarSupport/calendarsupport/ui_calprintincidenceconfig_base.h
-- Installing: /home/omen/GITHUB/Athos/AthOS/REPO-AthOS/calendarsupport/package-calendarsupport/usr/include/KPim6/CalendarSupport/calendarsupport/ui_calprintdayconfig_base.h
-- Installing: /home/omen/GITHUB/Athos/AthOS/REPO-AthOS/calendarsupport/package-calendarsupport/usr/include/KPim6/CalendarSupport/calendarsupport/ui_calprintweekconfig_base.h
-- Installing: /home/omen/GITHUB/Athos/AthOS/REPO-AthOS/calendarsupport/package-calendarsupport/usr/include/KPim6/CalendarSupport/calendarsupport/ui_calprintmonthconfig_base.h
-- Installing: /home/omen/GITHUB/Athos/AthOS/REPO-AthOS/calendarsupport/package-calendarsupport/usr/include/KPim6/CalendarSupport/calendarsupport/ui_calprinttodoconfig_base.h
-- Installing: /home/omen/GITHUB/Athos/AthOS/REPO-AthOS/calendarsupport/package-calendarsupport/usr/include/KPim6/CalendarSupport/calendarsupport/kcalprefs_base.h
-- Installing: /home/omen/GITHUB/Athos/AthOS/REPO-AthOS/calendarsupport/package-calendarsupport/usr/include/KPim6/CalendarSupport/calendarsupport/utils.h
-- Installing: /home/omen/GITHUB/Athos/AthOS/REPO-AthOS/calendarsupport/package-calendarsupport/usr/include/KPim6/CalendarSupport/calendarsupport/cellitem.h
-- Installing: /home/omen/GITHUB/Athos/AthOS/REPO-AthOS/calendarsupport/package-calendarsupport/usr/include/KPim6/CalendarSupport/calendarsupport/collectionselection.h
-- Installing: /home/omen/GITHUB/Athos/AthOS/REPO-AthOS/calendarsupport/package-calendarsupport/usr/include/KPim6/CalendarSupport/calendarsupport/kcalprefs.h
-- Installing: /home/omen/GITHUB/Athos/AthOS/REPO-AthOS/calendarsupport/package-calendarsupport/usr/include/KPim6/CalendarSupport/calendarsupport/identitymanager.h
-- Installing: /home/omen/GITHUB/Athos/AthOS/REPO-AthOS/calendarsupport/package-calendarsupport/usr/include/KPim6/CalendarSupport/calendarsupport/eventarchiver.h
-- Installing: /home/omen/GITHUB/Athos/AthOS/REPO-AthOS/calendarsupport/package-calendarsupport/usr/include/KPim6/CalendarSupport/calendarsupport/categoryhierarchyreader.h
-- Installing: /home/omen/GITHUB/Athos/AthOS/REPO-AthOS/calendarsupport/package-calendarsupport/usr/include/KPim6/CalendarSupport/calendarsupport/calendarsingleton.h
-- Installing: /home/omen/GITHUB/Athos/AthOS/REPO-AthOS/calendarsupport/package-calendarsupport/usr/include/KPim6/CalendarSupport/calendarsupport/messagewidget.h
-- Installing: /home/omen/GITHUB/Athos/AthOS/REPO-AthOS/calendarsupport/package-calendarsupport/usr/include/KPim6/CalendarSupport/calendarsupport/archivedialog.h
-- Installing: /home/omen/GITHUB/Athos/AthOS/REPO-AthOS/calendarsupport/package-calendarsupport/usr/include/KPim6/CalendarSupport/calendarsupport/urihandler.h
-- Installing: /home/omen/GITHUB/Athos/AthOS/REPO-AthOS/calendarsupport/package-calendarsupport/usr/include/KPim6/CalendarSupport/calendarsupport/printplugin.h
-- Installing: /home/omen/GITHUB/Athos/AthOS/REPO-AthOS/calendarsupport/package-calendarsupport/usr/include/KPim6/CalendarSupport/calendarsupport/calprinter.h
-- Installing: /home/omen/GITHUB/Athos/AthOS/REPO-AthOS/calendarsupport/package-calendarsupport/usr/include/KPim6/CalendarSupport/calendarsupport/calprintdefaultplugins.h
-- Installing: /home/omen/GITHUB/Athos/AthOS/REPO-AthOS/calendarsupport/package-calendarsupport/usr/include/KPim6/CalendarSupport/calendarsupport/calprintpluginbase.h
-- Installing: /home/omen/GITHUB/Athos/AthOS/REPO-AthOS/calendarsupport/package-calendarsupport/usr/include/KPim6/CalendarSupport/calendarsupport/incidenceviewer.h
-- Installing: /home/omen/GITHUB/Athos/AthOS/REPO-AthOS/calendarsupport/package-calendarsupport/usr/include/KPim6/CalendarSupport/calendarsupport/freebusyitem.h
-- Installing: /home/omen/GITHUB/Athos/AthOS/REPO-AthOS/calendarsupport/package-calendarsupport/usr/include/KPim6/CalendarSupport/calendarsupport/freebusyitemmodel.h
-- Installing: /home/omen/GITHUB/Athos/AthOS/REPO-AthOS/calendarsupport/package-calendarsupport/usr/include/KPim6/CalendarSupport/calendarsupport/freebusycalendar.h
-- Installing: /home/omen/GITHUB/Athos/AthOS/REPO-AthOS/calendarsupport/package-calendarsupport/usr/include/KPim6/CalendarSupport/calendarsupport/freeperiodmodel.h
-- Installing: /home/omen/GITHUB/Athos/AthOS/REPO-AthOS/calendarsupport/package-calendarsupport/usr/share/qlogging-categories6/calendarsupport.categories
-- Installing: /home/omen/GITHUB/Athos/AthOS/REPO-AthOS/calendarsupport/package-calendarsupport/usr/share/qlogging-categories6/calendarsupport.renamecategories
-- Installing: /home/omen/GITHUB/Athos/AthOS/REPO-AthOS/calendarsupport/package-calendarsupport/usr/share/locale
-- Installing: /home/omen/GITHUB/Athos/AthOS/REPO-AthOS/calendarsupport/package-calendarsupport/usr/share/locale/da
-- Installing: /home/omen/GITHUB/Athos/AthOS/REPO-AthOS/calendarsupport/package-calendarsupport/usr/share/locale/da/LC_MESSAGES
-- Installing: /home/omen/GITHUB/Athos/AthOS/REPO-AthOS/calendarsupport/package-calendarsupport/usr/share/locale/da/LC_MESSAGES/calendarsupport6.mo
-- Installing: /home/omen/GITHUB/Athos/AthOS/REPO-AthOS/calendarsupport/package-calendarsupport/usr/share/locale/ms
-- Installing: /home/omen/GITHUB/Athos/AthOS/REPO-AthOS/calendarsupport/package-calendarsupport/usr/share/locale/ms/LC_MESSAGES
-- Installing: /home/omen/GITHUB/Athos/AthOS/REPO-AthOS/calendarsupport/package-calendarsupport/usr/share/locale/ms/LC_MESSAGES/calendarsupport6.mo
-- Installing: /home/omen/GITHUB/Athos/AthOS/REPO-AthOS/calendarsupport/package-calendarsupport/usr/share/locale/cs
-- Installing: /home/omen/GITHUB/Athos/AthOS/REPO-AthOS/calendarsupport/package-calendarsupport/usr/share/locale/cs/LC_MESSAGES
-- Installing: /home/omen/GITHUB/Athos/AthOS/REPO-AthOS/calendarsupport/package-calendarsupport/usr/share/locale/cs/LC_MESSAGES/calendarsupport6.mo
-- Installing: /home/omen/GITHUB/Athos/AthOS/REPO-AthOS/calendarsupport/package-calendarsupport/usr/share/locale/ja
-- Installing: /home/omen/GITHUB/Athos/AthOS/REPO-AthOS/calendarsupport/package-calendarsupport/usr/share/locale/ja/LC_MESSAGES
-- Installing: /home/omen/GITHUB/Athos/AthOS/REPO-AthOS/calendarsupport/package-calendarsupport/usr/share/locale/ja/LC_MESSAGES/calendarsupport6.mo
-- Installing: /home/omen/GITHUB/Athos/AthOS/REPO-AthOS/calendarsupport/package-calendarsupport/usr/share/locale/sr@ijekavian
-- Installing: /home/omen/GITHUB/Athos/AthOS/REPO-AthOS/calendarsupport/package-calendarsupport/usr/share/locale/sr@ijekavian/LC_MESSAGES
-- Installing: /home/omen/GITHUB/Athos/AthOS/REPO-AthOS/calendarsupport/package-calendarsupport/usr/share/locale/sr@ijekavian/LC_MESSAGES/calendarsupport6.mo
-- Installing: /home/omen/GITHUB/Athos/AthOS/REPO-AthOS/calendarsupport/package-calendarsupport/usr/share/locale/de
-- Installing: /home/omen/GITHUB/Athos/AthOS/REPO-AthOS/calendarsupport/package-calendarsupport/usr/share/locale/de/LC_MESSAGES
-- Installing: /home/omen/GITHUB/Athos/AthOS/REPO-AthOS/calendarsupport/package-calendarsupport/usr/share/locale/de/LC_MESSAGES/calendarsupport6.mo
-- Installing: /home/omen/GITHUB/Athos/AthOS/REPO-AthOS/calendarsupport/package-calendarsupport/usr/share/locale/el
-- Installing: /home/omen/GITHUB/Athos/AthOS/REPO-AthOS/calendarsupport/package-calendarsupport/usr/share/locale/el/LC_MESSAGES
-- Installing: /home/omen/GITHUB/Athos/AthOS/REPO-AthOS/calendarsupport/package-calendarsupport/usr/share/locale/el/LC_MESSAGES/calendarsupport6.mo
-- Installing: /home/omen/GITHUB/Athos/AthOS/REPO-AthOS/calendarsupport/package-calendarsupport/usr/share/locale/nn
-- Installing: /home/omen/GITHUB/Athos/AthOS/REPO-AthOS/calendarsupport/package-calendarsupport/usr/share/locale/nn/LC_MESSAGES
-- Installing: /home/omen/GITHUB/Athos/AthOS/REPO-AthOS/calendarsupport/package-calendarsupport/usr/share/locale/nn/LC_MESSAGES/calendarsupport6.mo
-- Installing: /home/omen/GITHUB/Athos/AthOS/REPO-AthOS/calendarsupport/package-calendarsupport/usr/share/locale/sr
-- Installing: /home/omen/GITHUB/Athos/AthOS/REPO-AthOS/calendarsupport/package-calendarsupport/usr/share/locale/sr/LC_MESSAGES
-- Installing: /home/omen/GITHUB/Athos/AthOS/REPO-AthOS/calendarsupport/package-calendarsupport/usr/share/locale/sr/LC_MESSAGES/calendarsupport6.mo
-- Installing: /home/omen/GITHUB/Athos/AthOS/REPO-AthOS/calendarsupport/package-calendarsupport/usr/share/locale/fy
-- Installing: /home/omen/GITHUB/Athos/AthOS/REPO-AthOS/calendarsupport/package-calendarsupport/usr/share/locale/fy/LC_MESSAGES
-- Installing: /home/omen/GITHUB/Athos/AthOS/REPO-AthOS/calendarsupport/package-calendarsupport/usr/share/locale/fy/LC_MESSAGES/calendarsupport6.mo
-- Installing: /home/omen/GITHUB/Athos/AthOS/REPO-AthOS/calendarsupport/package-calendarsupport/usr/share/locale/hi
-- Installing: /home/omen/GITHUB/Athos/AthOS/REPO-AthOS/calendarsupport/package-calendarsupport/usr/share/locale/hi/LC_MESSAGES
-- Installing: /home/omen/GITHUB/Athos/AthOS/REPO-AthOS/calendarsupport/package-calendarsupport/usr/share/locale/hi/LC_MESSAGES/calendarsupport6.mo
-- Installing: /home/omen/GITHUB/Athos/AthOS/REPO-AthOS/calendarsupport/package-calendarsupport/usr/share/locale/pt_BR
-- Installing: /home/omen/GITHUB/Athos/AthOS/REPO-AthOS/calendarsupport/package-calendarsupport/usr/share/locale/pt_BR/LC_MESSAGES
-- Installing: /home/omen/GITHUB/Athos/AthOS/REPO-AthOS/calendarsupport/package-calendarsupport/usr/share/locale/pt_BR/LC_MESSAGES/calendarsupport6.mo
-- Installing: /home/omen/GITHUB/Athos/AthOS/REPO-AthOS/calendarsupport/package-calendarsupport/usr/share/locale/lt
-- Installing: /home/omen/GITHUB/Athos/AthOS/REPO-AthOS/calendarsupport/package-calendarsupport/usr/share/locale/lt/LC_MESSAGES
-- Installing: /home/omen/GITHUB/Athos/AthOS/REPO-AthOS/calendarsupport/package-calendarsupport/usr/share/locale/lt/LC_MESSAGES/calendarsupport6.mo
-- Installing: /home/omen/GITHUB/Athos/AthOS/REPO-AthOS/calendarsupport/package-calendarsupport/usr/share/locale/sr@ijekavianlatin
-- Installing: /home/omen/GITHUB/Athos/AthOS/REPO-AthOS/calendarsupport/package-calendarsupport/usr/share/locale/sr@ijekavianlatin/LC_MESSAGES
-- Installing: /home/omen/GITHUB/Athos/AthOS/REPO-AthOS/calendarsupport/package-calendarsupport/usr/share/locale/sr@ijekavianlatin/LC_MESSAGES/calendarsupport6.mo
-- Installing: /home/omen/GITHUB/Athos/AthOS/REPO-AthOS/calendarsupport/package-calendarsupport/usr/share/locale/be
-- Installing: /home/omen/GITHUB/Athos/AthOS/REPO-AthOS/calendarsupport/package-calendarsupport/usr/share/locale/be/LC_MESSAGES
-- Installing: /home/omen/GITHUB/Athos/AthOS/REPO-AthOS/calendarsupport/package-calendarsupport/usr/share/locale/be/LC_MESSAGES/calendarsupport6.mo
-- Installing: /home/omen/GITHUB/Athos/AthOS/REPO-AthOS/calendarsupport/package-calendarsupport/usr/share/locale/pa
-- Installing: /home/omen/GITHUB/Athos/AthOS/REPO-AthOS/calendarsupport/package-calendarsupport/usr/share/locale/pa/LC_MESSAGES
-- Installing: /home/omen/GITHUB/Athos/AthOS/REPO-AthOS/calendarsupport/package-calendarsupport/usr/share/locale/pa/LC_MESSAGES/calendarsupport6.mo
-- Installing: /home/omen/GITHUB/Athos/AthOS/REPO-AthOS/calendarsupport/package-calendarsupport/usr/share/locale/sl
-- Installing: /home/omen/GITHUB/Athos/AthOS/REPO-AthOS/calendarsupport/package-calendarsupport/usr/share/locale/sl/LC_MESSAGES
-- Installing: /home/omen/GITHUB/Athos/AthOS/REPO-AthOS/calendarsupport/package-calendarsupport/usr/share/locale/sl/LC_MESSAGES/calendarsupport6.mo
-- Installing: /home/omen/GITHUB/Athos/AthOS/REPO-AthOS/calendarsupport/package-calendarsupport/usr/share/locale/ta
-- Installing: /home/omen/GITHUB/Athos/AthOS/REPO-AthOS/calendarsupport/package-calendarsupport/usr/share/locale/ta/LC_MESSAGES
-- Installing: /home/omen/GITHUB/Athos/AthOS/REPO-AthOS/calendarsupport/package-calendarsupport/usr/share/locale/ta/LC_MESSAGES/calendarsupport6.mo
-- Installing: /home/omen/GITHUB/Athos/AthOS/REPO-AthOS/calendarsupport/package-calendarsupport/usr/share/locale/xh
-- Installing: /home/omen/GITHUB/Athos/AthOS/REPO-AthOS/calendarsupport/package-calendarsupport/usr/share/locale/xh/LC_MESSAGES
-- Installing: /home/omen/GITHUB/Athos/AthOS/REPO-AthOS/calendarsupport/package-calendarsupport/usr/share/locale/xh/LC_MESSAGES/calendarsupport6.mo
-- Installing: /home/omen/GITHUB/Athos/AthOS/REPO-AthOS/calendarsupport/package-calendarsupport/usr/share/locale/ro
-- Installing: /home/omen/GITHUB/Athos/AthOS/REPO-AthOS/calendarsupport/package-calendarsupport/usr/share/locale/ro/LC_MESSAGES
-- Installing: /home/omen/GITHUB/Athos/AthOS/REPO-AthOS/calendarsupport/package-calendarsupport/usr/share/locale/ro/LC_MESSAGES/calendarsupport6.mo
-- Installing: /home/omen/GITHUB/Athos/AthOS/REPO-AthOS/calendarsupport/package-calendarsupport/usr/share/locale/bs
-- Installing: /home/omen/GITHUB/Athos/AthOS/REPO-AthOS/calendarsupport/package-calendarsupport/usr/share/locale/bs/LC_MESSAGES
-- Installing: /home/omen/GITHUB/Athos/AthOS/REPO-AthOS/calendarsupport/package-calendarsupport/usr/share/locale/bs/LC_MESSAGES/calendarsupport6.mo
-- Installing: /home/omen/GITHUB/Athos/AthOS/REPO-AthOS/calendarsupport/package-calendarsupport/usr/share/locale/is
-- Installing: /home/omen/GITHUB/Athos/AthOS/REPO-AthOS/calendarsupport/package-calendarsupport/usr/share/locale/is/LC_MESSAGES
-- Installing: /home/omen/GITHUB/Athos/AthOS/REPO-AthOS/calendarsupport/package-calendarsupport/usr/share/locale/is/LC_MESSAGES/calendarsupport6.mo
-- Installing: /home/omen/GITHUB/Athos/AthOS/REPO-AthOS/calendarsupport/package-calendarsupport/usr/share/locale/wa
-- Installing: /home/omen/GITHUB/Athos/AthOS/REPO-AthOS/calendarsupport/package-calendarsupport/usr/share/locale/wa/LC_MESSAGES
-- Installing: /home/omen/GITHUB/Athos/AthOS/REPO-AthOS/calendarsupport/package-calendarsupport/usr/share/locale/wa/LC_MESSAGES/calendarsupport6.mo
-- Installing: /home/omen/GITHUB/Athos/AthOS/REPO-AthOS/calendarsupport/package-calendarsupport/usr/share/locale/kk
-- Installing: /home/omen/GITHUB/Athos/AthOS/REPO-AthOS/calendarsupport/package-calendarsupport/usr/share/locale/kk/LC_MESSAGES
-- Installing: /home/omen/GITHUB/Athos/AthOS/REPO-AthOS/calendarsupport/package-calendarsupport/usr/share/locale/kk/LC_MESSAGES/calendarsupport6.mo
-- Installing: /home/omen/GITHUB/Athos/AthOS/REPO-AthOS/calendarsupport/package-calendarsupport/usr/share/locale/sr@latin
-- Installing: /home/omen/GITHUB/Athos/AthOS/REPO-AthOS/calendarsupport/package-calendarsupport/usr/share/locale/sr@latin/LC_MESSAGES
-- Installing: /home/omen/GITHUB/Athos/AthOS/REPO-AthOS/calendarsupport/package-calendarsupport/usr/share/locale/sr@latin/LC_MESSAGES/calendarsupport6.mo
-- Installing: /home/omen/GITHUB/Athos/AthOS/REPO-AthOS/calendarsupport/package-calendarsupport/usr/share/locale/he
-- Installing: /home/omen/GITHUB/Athos/AthOS/REPO-AthOS/calendarsupport/package-calendarsupport/usr/share/locale/he/LC_MESSAGES
-- Installing: /home/omen/GITHUB/Athos/AthOS/REPO-AthOS/calendarsupport/package-calendarsupport/usr/share/locale/he/LC_MESSAGES/calendarsupport6.mo
-- Installing: /home/omen/GITHUB/Athos/AthOS/REPO-AthOS/calendarsupport/package-calendarsupport/usr/share/locale/zh_TW
-- Installing: /home/omen/GITHUB/Athos/AthOS/REPO-AthOS/calendarsupport/package-calendarsupport/usr/share/locale/zh_TW/LC_MESSAGES
-- Installing: /home/omen/GITHUB/Athos/AthOS/REPO-AthOS/calendarsupport/package-calendarsupport/usr/share/locale/zh_TW/LC_MESSAGES/calendarsupport6.mo
-- Installing: /home/omen/GITHUB/Athos/AthOS/REPO-AthOS/calendarsupport/package-calendarsupport/usr/share/locale/tg
-- Installing: /home/omen/GITHUB/Athos/AthOS/REPO-AthOS/calendarsupport/package-calendarsupport/usr/share/locale/tg/LC_MESSAGES
-- Installing: /home/omen/GITHUB/Athos/AthOS/REPO-AthOS/calendarsupport/package-calendarsupport/usr/share/locale/tg/LC_MESSAGES/calendarsupport6.mo
-- Installing: /home/omen/GITHUB/Athos/AthOS/REPO-AthOS/calendarsupport/package-calendarsupport/usr/share/locale/fa
-- Installing: /home/omen/GITHUB/Athos/AthOS/REPO-AthOS/calendarsupport/package-calendarsupport/usr/share/locale/fa/LC_MESSAGES
-- Installing: /home/omen/GITHUB/Athos/AthOS/REPO-AthOS/calendarsupport/package-calendarsupport/usr/share/locale/fa/LC_MESSAGES/calendarsupport6.mo
-- Installing: /home/omen/GITHUB/Athos/AthOS/REPO-AthOS/calendarsupport/package-calendarsupport/usr/share/locale/pl
-- Installing: /home/omen/GITHUB/Athos/AthOS/REPO-AthOS/calendarsupport/package-calendarsupport/usr/share/locale/pl/LC_MESSAGES
-- Installing: /home/omen/GITHUB/Athos/AthOS/REPO-AthOS/calendarsupport/package-calendarsupport/usr/share/locale/pl/LC_MESSAGES/calendarsupport6.mo
-- Installing: /home/omen/GITHUB/Athos/AthOS/REPO-AthOS/calendarsupport/package-calendarsupport/usr/share/locale/km
-- Installing: /home/omen/GITHUB/Athos/AthOS/REPO-AthOS/calendarsupport/package-calendarsupport/usr/share/locale/km/LC_MESSAGES
-- Installing: /home/omen/GITHUB/Athos/AthOS/REPO-AthOS/calendarsupport/package-calendarsupport/usr/share/locale/km/LC_MESSAGES/calendarsupport6.mo
-- Installing: /home/omen/GITHUB/Athos/AthOS/REPO-AthOS/calendarsupport/package-calendarsupport/usr/share/locale/pt
-- Installing: /home/omen/GITHUB/Athos/AthOS/REPO-AthOS/calendarsupport/package-calendarsupport/usr/share/locale/pt/LC_MESSAGES
-- Installing: /home/omen/GITHUB/Athos/AthOS/REPO-AthOS/calendarsupport/package-calendarsupport/usr/share/locale/pt/LC_MESSAGES/calendarsupport6.mo
-- Installing: /home/omen/GITHUB/Athos/AthOS/REPO-AthOS/calendarsupport/package-calendarsupport/usr/share/locale/hr
-- Installing: /home/omen/GITHUB/Athos/AthOS/REPO-AthOS/calendarsupport/package-calendarsupport/usr/share/locale/hr/LC_MESSAGES
-- Installing: /home/omen/GITHUB/Athos/AthOS/REPO-AthOS/calendarsupport/package-calendarsupport/usr/share/locale/hr/LC_MESSAGES/calendarsupport6.mo
-- Installing: /home/omen/GITHUB/Athos/AthOS/REPO-AthOS/calendarsupport/package-calendarsupport/usr/share/locale/az
-- Installing: /home/omen/GITHUB/Athos/AthOS/REPO-AthOS/calendarsupport/package-calendarsupport/usr/share/locale/az/LC_MESSAGES
-- Installing: /home/omen/GITHUB/Athos/AthOS/REPO-AthOS/calendarsupport/package-calendarsupport/usr/share/locale/az/LC_MESSAGES/calendarsupport6.mo
-- Installing: /home/omen/GITHUB/Athos/AthOS/REPO-AthOS/calendarsupport/package-calendarsupport/usr/share/locale/tr
-- Installing: /home/omen/GITHUB/Athos/AthOS/REPO-AthOS/calendarsupport/package-calendarsupport/usr/share/locale/tr/LC_MESSAGES
-- Installing: /home/omen/GITHUB/Athos/AthOS/REPO-AthOS/calendarsupport/package-calendarsupport/usr/share/locale/tr/LC_MESSAGES/calendarsupport6.mo
-- Installing: /home/omen/GITHUB/Athos/AthOS/REPO-AthOS/calendarsupport/package-calendarsupport/usr/share/locale/fr
-- Installing: /home/omen/GITHUB/Athos/AthOS/REPO-AthOS/calendarsupport/package-calendarsupport/usr/share/locale/fr/LC_MESSAGES
-- Installing: /home/omen/GITHUB/Athos/AthOS/REPO-AthOS/calendarsupport/package-calendarsupport/usr/share/locale/fr/LC_MESSAGES/calendarsupport6.mo
-- Installing: /home/omen/GITHUB/Athos/AthOS/REPO-AthOS/calendarsupport/package-calendarsupport/usr/share/locale/uz
-- Installing: /home/omen/GITHUB/Athos/AthOS/REPO-AthOS/calendarsupport/package-calendarsupport/usr/share/locale/uz/LC_MESSAGES
-- Installing: /home/omen/GITHUB/Athos/AthOS/REPO-AthOS/calendarsupport/package-calendarsupport/usr/share/locale/uz/LC_MESSAGES/calendarsupport6.mo
-- Installing: /home/omen/GITHUB/Athos/AthOS/REPO-AthOS/calendarsupport/package-calendarsupport/usr/share/locale/ast
-- Installing: /home/omen/GITHUB/Athos/AthOS/REPO-AthOS/calendarsupport/package-calendarsupport/usr/share/locale/ast/LC_MESSAGES
-- Installing: /home/omen/GITHUB/Athos/AthOS/REPO-AthOS/calendarsupport/package-calendarsupport/usr/share/locale/ast/LC_MESSAGES/calendarsupport6.mo
-- Installing: /home/omen/GITHUB/Athos/AthOS/REPO-AthOS/calendarsupport/package-calendarsupport/usr/share/locale/mai
-- Installing: /home/omen/GITHUB/Athos/AthOS/REPO-AthOS/calendarsupport/package-calendarsupport/usr/share/locale/mai/LC_MESSAGES
-- Installing: /home/omen/GITHUB/Athos/AthOS/REPO-AthOS/calendarsupport/package-calendarsupport/usr/share/locale/mai/LC_MESSAGES/calendarsupport6.mo
-- Installing: /home/omen/GITHUB/Athos/AthOS/REPO-AthOS/calendarsupport/package-calendarsupport/usr/share/locale/ne
-- Installing: /home/omen/GITHUB/Athos/AthOS/REPO-AthOS/calendarsupport/package-calendarsupport/usr/share/locale/ne/LC_MESSAGES
-- Installing: /home/omen/GITHUB/Athos/AthOS/REPO-AthOS/calendarsupport/package-calendarsupport/usr/share/locale/ne/LC_MESSAGES/calendarsupport6.mo
-- Installing: /home/omen/GITHUB/Athos/AthOS/REPO-AthOS/calendarsupport/package-calendarsupport/usr/share/locale/ka
-- Installing: /home/omen/GITHUB/Athos/AthOS/REPO-AthOS/calendarsupport/package-calendarsupport/usr/share/locale/ka/LC_MESSAGES
-- Installing: /home/omen/GITHUB/Athos/AthOS/REPO-AthOS/calendarsupport/package-calendarsupport/usr/share/locale/ka/LC_MESSAGES/calendarsupport6.mo
-- Installing: /home/omen/GITHUB/Athos/AthOS/REPO-AthOS/calendarsupport/package-calendarsupport/usr/share/locale/hsb
-- Installing: /home/omen/GITHUB/Athos/AthOS/REPO-AthOS/calendarsupport/package-calendarsupport/usr/share/locale/hsb/LC_MESSAGES
-- Installing: /home/omen/GITHUB/Athos/AthOS/REPO-AthOS/calendarsupport/package-calendarsupport/usr/share/locale/hsb/LC_MESSAGES/calendarsupport6.mo
-- Installing: /home/omen/GITHUB/Athos/AthOS/REPO-AthOS/calendarsupport/package-calendarsupport/usr/share/locale/cy
-- Installing: /home/omen/GITHUB/Athos/AthOS/REPO-AthOS/calendarsupport/package-calendarsupport/usr/share/locale/cy/LC_MESSAGES
-- Installing: /home/omen/GITHUB/Athos/AthOS/REPO-AthOS/calendarsupport/package-calendarsupport/usr/share/locale/cy/LC_MESSAGES/calendarsupport6.mo
-- Installing: /home/omen/GITHUB/Athos/AthOS/REPO-AthOS/calendarsupport/package-calendarsupport/usr/share/locale/th
-- Installing: /home/omen/GITHUB/Athos/AthOS/REPO-AthOS/calendarsupport/package-calendarsupport/usr/share/locale/th/LC_MESSAGES
-- Installing: /home/omen/GITHUB/Athos/AthOS/REPO-AthOS/calendarsupport/package-calendarsupport/usr/share/locale/th/LC_MESSAGES/calendarsupport6.mo
-- Installing: /home/omen/GITHUB/Athos/AthOS/REPO-AthOS/calendarsupport/package-calendarsupport/usr/share/locale/gl
-- Installing: /home/omen/GITHUB/Athos/AthOS/REPO-AthOS/calendarsupport/package-calendarsupport/usr/share/locale/gl/LC_MESSAGES
-- Installing: /home/omen/GITHUB/Athos/AthOS/REPO-AthOS/calendarsupport/package-calendarsupport/usr/share/locale/gl/LC_MESSAGES/calendarsupport6.mo
-- Installing: /home/omen/GITHUB/Athos/AthOS/REPO-AthOS/calendarsupport/package-calendarsupport/usr/share/locale/ia
-- Installing: /home/omen/GITHUB/Athos/AthOS/REPO-AthOS/calendarsupport/package-calendarsupport/usr/share/locale/ia/LC_MESSAGES
-- Installing: /home/omen/GITHUB/Athos/AthOS/REPO-AthOS/calendarsupport/package-calendarsupport/usr/share/locale/ia/LC_MESSAGES/calendarsupport6.mo
-- Installing: /home/omen/GITHUB/Athos/AthOS/REPO-AthOS/calendarsupport/package-calendarsupport/usr/share/locale/hu
-- Installing: /home/omen/GITHUB/Athos/AthOS/REPO-AthOS/calendarsupport/package-calendarsupport/usr/share/locale/hu/LC_MESSAGES
-- Installing: /home/omen/GITHUB/Athos/AthOS/REPO-AthOS/calendarsupport/package-calendarsupport/usr/share/locale/hu/LC_MESSAGES/calendarsupport6.mo
-- Installing: /home/omen/GITHUB/Athos/AthOS/REPO-AthOS/calendarsupport/package-calendarsupport/usr/share/locale/eo
-- Installing: /home/omen/GITHUB/Athos/AthOS/REPO-AthOS/calendarsupport/package-calendarsupport/usr/share/locale/eo/LC_MESSAGES
-- Installing: /home/omen/GITHUB/Athos/AthOS/REPO-AthOS/calendarsupport/package-calendarsupport/usr/share/locale/eo/LC_MESSAGES/calendarsupport6.mo
-- Installing: /home/omen/GITHUB/Athos/AthOS/REPO-AthOS/calendarsupport/package-calendarsupport/usr/share/locale/bg
-- Installing: /home/omen/GITHUB/Athos/AthOS/REPO-AthOS/calendarsupport/package-calendarsupport/usr/share/locale/bg/LC_MESSAGES
-- Installing: /home/omen/GITHUB/Athos/AthOS/REPO-AthOS/calendarsupport/package-calendarsupport/usr/share/locale/bg/LC_MESSAGES/calendarsupport6.mo
-- Installing: /home/omen/GITHUB/Athos/AthOS/REPO-AthOS/calendarsupport/package-calendarsupport/usr/share/locale/ga
-- Installing: /home/omen/GITHUB/Athos/AthOS/REPO-AthOS/calendarsupport/package-calendarsupport/usr/share/locale/ga/LC_MESSAGES
-- Installing: /home/omen/GITHUB/Athos/AthOS/REPO-AthOS/calendarsupport/package-calendarsupport/usr/share/locale/ga/LC_MESSAGES/calendarsupport6.mo
-- Installing: /home/omen/GITHUB/Athos/AthOS/REPO-AthOS/calendarsupport/package-calendarsupport/usr/share/locale/br
-- Installing: /home/omen/GITHUB/Athos/AthOS/REPO-AthOS/calendarsupport/package-calendarsupport/usr/share/locale/br/LC_MESSAGES
-- Installing: /home/omen/GITHUB/Athos/AthOS/REPO-AthOS/calendarsupport/package-calendarsupport/usr/share/locale/br/LC_MESSAGES/calendarsupport6.mo
-- Installing: /home/omen/GITHUB/Athos/AthOS/REPO-AthOS/calendarsupport/package-calendarsupport/usr/share/locale/ca
-- Installing: /home/omen/GITHUB/Athos/AthOS/REPO-AthOS/calendarsupport/package-calendarsupport/usr/share/locale/ca/LC_MESSAGES
-- Installing: /home/omen/GITHUB/Athos/AthOS/REPO-AthOS/calendarsupport/package-calendarsupport/usr/share/locale/ca/LC_MESSAGES/calendarsupport6.mo
-- Installing: /home/omen/GITHUB/Athos/AthOS/REPO-AthOS/calendarsupport/package-calendarsupport/usr/share/locale/uk
-- Installing: /home/omen/GITHUB/Athos/AthOS/REPO-AthOS/calendarsupport/package-calendarsupport/usr/share/locale/uk/LC_MESSAGES
-- Installing: /home/omen/GITHUB/Athos/AthOS/REPO-AthOS/calendarsupport/package-calendarsupport/usr/share/locale/uk/LC_MESSAGES/calendarsupport6.mo
-- Installing: /home/omen/GITHUB/Athos/AthOS/REPO-AthOS/calendarsupport/package-calendarsupport/usr/share/locale/id
-- Installing: /home/omen/GITHUB/Athos/AthOS/REPO-AthOS/calendarsupport/package-calendarsupport/usr/share/locale/id/LC_MESSAGES
-- Installing: /home/omen/GITHUB/Athos/AthOS/REPO-AthOS/calendarsupport/package-calendarsupport/usr/share/locale/id/LC_MESSAGES/calendarsupport6.mo
-- Installing: /home/omen/GITHUB/Athos/AthOS/REPO-AthOS/calendarsupport/package-calendarsupport/usr/share/locale/en_GB
-- Installing: /home/omen/GITHUB/Athos/AthOS/REPO-AthOS/calendarsupport/package-calendarsupport/usr/share/locale/en_GB/LC_MESSAGES
-- Installing: /home/omen/GITHUB/Athos/AthOS/REPO-AthOS/calendarsupport/package-calendarsupport/usr/share/locale/en_GB/LC_MESSAGES/calendarsupport6.mo
-- Installing: /home/omen/GITHUB/Athos/AthOS/REPO-AthOS/calendarsupport/package-calendarsupport/usr/share/locale/zh_CN
-- Installing: /home/omen/GITHUB/Athos/AthOS/REPO-AthOS/calendarsupport/package-calendarsupport/usr/share/locale/zh_CN/LC_MESSAGES
-- Installing: /home/omen/GITHUB/Athos/AthOS/REPO-AthOS/calendarsupport/package-calendarsupport/usr/share/locale/zh_CN/LC_MESSAGES/calendarsupport6.mo
-- Installing: /home/omen/GITHUB/Athos/AthOS/REPO-AthOS/calendarsupport/package-calendarsupport/usr/share/locale/nl
-- Installing: /home/omen/GITHUB/Athos/AthOS/REPO-AthOS/calendarsupport/package-calendarsupport/usr/share/locale/nl/LC_MESSAGES
-- Installing: /home/omen/GITHUB/Athos/AthOS/REPO-AthOS/calendarsupport/package-calendarsupport/usr/share/locale/nl/LC_MESSAGES/calendarsupport6.mo
-- Installing: /home/omen/GITHUB/Athos/AthOS/REPO-AthOS/calendarsupport/package-calendarsupport/usr/share/locale/sa
-- Installing: /home/omen/GITHUB/Athos/AthOS/REPO-AthOS/calendarsupport/package-calendarsupport/usr/share/locale/sa/LC_MESSAGES
-- Installing: /home/omen/GITHUB/Athos/AthOS/REPO-AthOS/calendarsupport/package-calendarsupport/usr/share/locale/sa/LC_MESSAGES/calendarsupport6.mo
-- Installing: /home/omen/GITHUB/Athos/AthOS/REPO-AthOS/calendarsupport/package-calendarsupport/usr/share/locale/fi
-- Installing: /home/omen/GITHUB/Athos/AthOS/REPO-AthOS/calendarsupport/package-calendarsupport/usr/share/locale/fi/LC_MESSAGES
-- Installing: /home/omen/GITHUB/Athos/AthOS/REPO-AthOS/calendarsupport/package-calendarsupport/usr/share/locale/fi/LC_MESSAGES/calendarsupport6.mo
-- Installing: /home/omen/GITHUB/Athos/AthOS/REPO-AthOS/calendarsupport/package-calendarsupport/usr/share/locale/uz@cyrillic
-- Installing: /home/omen/GITHUB/Athos/AthOS/REPO-AthOS/calendarsupport/package-calendarsupport/usr/share/locale/uz@cyrillic/LC_MESSAGES
-- Installing: /home/omen/GITHUB/Athos/AthOS/REPO-AthOS/calendarsupport/package-calendarsupport/usr/share/locale/uz@cyrillic/LC_MESSAGES/calendarsupport6.mo
-- Installing: /home/omen/GITHUB/Athos/AthOS/REPO-AthOS/calendarsupport/package-calendarsupport/usr/share/locale/ko
-- Installing: /home/omen/GITHUB/Athos/AthOS/REPO-AthOS/calendarsupport/package-calendarsupport/usr/share/locale/ko/LC_MESSAGES
-- Installing: /home/omen/GITHUB/Athos/AthOS/REPO-AthOS/calendarsupport/package-calendarsupport/usr/share/locale/ko/LC_MESSAGES/calendarsupport6.mo
-- Installing: /home/omen/GITHUB/Athos/AthOS/REPO-AthOS/calendarsupport/package-calendarsupport/usr/share/locale/mk
-- Installing: /home/omen/GITHUB/Athos/AthOS/REPO-AthOS/calendarsupport/package-calendarsupport/usr/share/locale/mk/LC_MESSAGES
-- Installing: /home/omen/GITHUB/Athos/AthOS/REPO-AthOS/calendarsupport/package-calendarsupport/usr/share/locale/mk/LC_MESSAGES/calendarsupport6.mo
-- Installing: /home/omen/GITHUB/Athos/AthOS/REPO-AthOS/calendarsupport/package-calendarsupport/usr/share/locale/ru
-- Installing: /home/omen/GITHUB/Athos/AthOS/REPO-AthOS/calendarsupport/package-calendarsupport/usr/share/locale/ru/LC_MESSAGES
-- Installing: /home/omen/GITHUB/Athos/AthOS/REPO-AthOS/calendarsupport/package-calendarsupport/usr/share/locale/ru/LC_MESSAGES/calendarsupport6.mo
-- Installing: /home/omen/GITHUB/Athos/AthOS/REPO-AthOS/calendarsupport/package-calendarsupport/usr/share/locale/af
-- Installing: /home/omen/GITHUB/Athos/AthOS/REPO-AthOS/calendarsupport/package-calendarsupport/usr/share/locale/af/LC_MESSAGES
-- Installing: /home/omen/GITHUB/Athos/AthOS/REPO-AthOS/calendarsupport/package-calendarsupport/usr/share/locale/af/LC_MESSAGES/calendarsupport6.mo
-- Installing: /home/omen/GITHUB/Athos/AthOS/REPO-AthOS/calendarsupport/package-calendarsupport/usr/share/locale/lv
-- Installing: /home/omen/GITHUB/Athos/AthOS/REPO-AthOS/calendarsupport/package-calendarsupport/usr/share/locale/lv/LC_MESSAGES
-- Installing: /home/omen/GITHUB/Athos/AthOS/REPO-AthOS/calendarsupport/package-calendarsupport/usr/share/locale/lv/LC_MESSAGES/calendarsupport6.mo
-- Installing: /home/omen/GITHUB/Athos/AthOS/REPO-AthOS/calendarsupport/package-calendarsupport/usr/share/locale/hne
-- Installing: /home/omen/GITHUB/Athos/AthOS/REPO-AthOS/calendarsupport/package-calendarsupport/usr/share/locale/hne/LC_MESSAGES
-- Installing: /home/omen/GITHUB/Athos/AthOS/REPO-AthOS/calendarsupport/package-calendarsupport/usr/share/locale/hne/LC_MESSAGES/calendarsupport6.mo
-- Installing: /home/omen/GITHUB/Athos/AthOS/REPO-AthOS/calendarsupport/package-calendarsupport/usr/share/locale/ca@valencia
-- Installing: /home/omen/GITHUB/Athos/AthOS/REPO-AthOS/calendarsupport/package-calendarsupport/usr/share/locale/ca@valencia/LC_MESSAGES
-- Installing: /home/omen/GITHUB/Athos/AthOS/REPO-AthOS/calendarsupport/package-calendarsupport/usr/share/locale/ca@valencia/LC_MESSAGES/calendarsupport6.mo
-- Installing: /home/omen/GITHUB/Athos/AthOS/REPO-AthOS/calendarsupport/package-calendarsupport/usr/share/locale/nb
-- Installing: /home/omen/GITHUB/Athos/AthOS/REPO-AthOS/calendarsupport/package-calendarsupport/usr/share/locale/nb/LC_MESSAGES
-- Installing: /home/omen/GITHUB/Athos/AthOS/REPO-AthOS/calendarsupport/package-calendarsupport/usr/share/locale/nb/LC_MESSAGES/calendarsupport6.mo
-- Installing: /home/omen/GITHUB/Athos/AthOS/REPO-AthOS/calendarsupport/package-calendarsupport/usr/share/locale/es
-- Installing: /home/omen/GITHUB/Athos/AthOS/REPO-AthOS/calendarsupport/package-calendarsupport/usr/share/locale/es/LC_MESSAGES
-- Installing: /home/omen/GITHUB/Athos/AthOS/REPO-AthOS/calendarsupport/package-calendarsupport/usr/share/locale/es/LC_MESSAGES/calendarsupport6.mo
-- Installing: /home/omen/GITHUB/Athos/AthOS/REPO-AthOS/calendarsupport/package-calendarsupport/usr/share/locale/eu
-- Installing: /home/omen/GITHUB/Athos/AthOS/REPO-AthOS/calendarsupport/package-calendarsupport/usr/share/locale/eu/LC_MESSAGES
-- Installing: /home/omen/GITHUB/Athos/AthOS/REPO-AthOS/calendarsupport/package-calendarsupport/usr/share/locale/eu/LC_MESSAGES/calendarsupport6.mo
-- Installing: /home/omen/GITHUB/Athos/AthOS/REPO-AthOS/calendarsupport/package-calendarsupport/usr/share/locale/et
-- Installing: /home/omen/GITHUB/Athos/AthOS/REPO-AthOS/calendarsupport/package-calendarsupport/usr/share/locale/et/LC_MESSAGES
-- Installing: /home/omen/GITHUB/Athos/AthOS/REPO-AthOS/calendarsupport/package-calendarsupport/usr/share/locale/et/LC_MESSAGES/calendarsupport6.mo
-- Installing: /home/omen/GITHUB/Athos/AthOS/REPO-AthOS/calendarsupport/package-calendarsupport/usr/share/locale/it
-- Installing: /home/omen/GITHUB/Athos/AthOS/REPO-AthOS/calendarsupport/package-calendarsupport/usr/share/locale/it/LC_MESSAGES
-- Installing: /home/omen/GITHUB/Athos/AthOS/REPO-AthOS/calendarsupport/package-calendarsupport/usr/share/locale/it/LC_MESSAGES/calendarsupport6.mo
-- Installing: /home/omen/GITHUB/Athos/AthOS/REPO-AthOS/calendarsupport/package-calendarsupport/usr/share/locale/se
-- Installing: /home/omen/GITHUB/Athos/AthOS/REPO-AthOS/calendarsupport/package-calendarsupport/usr/share/locale/se/LC_MESSAGES
-- Installing: /home/omen/GITHUB/Athos/AthOS/REPO-AthOS/calendarsupport/package-calendarsupport/usr/share/locale/se/LC_MESSAGES/calendarsupport6.mo
-- Installing: /home/omen/GITHUB/Athos/AthOS/REPO-AthOS/calendarsupport/package-calendarsupport/usr/share/locale/ar
-- Installing: /home/omen/GITHUB/Athos/AthOS/REPO-AthOS/calendarsupport/package-calendarsupport/usr/share/locale/ar/LC_MESSAGES
-- Installing: /home/omen/GITHUB/Athos/AthOS/REPO-AthOS/calendarsupport/package-calendarsupport/usr/share/locale/ar/LC_MESSAGES/calendarsupport6.mo
-- Installing: /home/omen/GITHUB/Athos/AthOS/REPO-AthOS/calendarsupport/package-calendarsupport/usr/share/locale/sq
-- Installing: /home/omen/GITHUB/Athos/AthOS/REPO-AthOS/calendarsupport/package-calendarsupport/usr/share/locale/sq/LC_MESSAGES
-- Installing: /home/omen/GITHUB/Athos/AthOS/REPO-AthOS/calendarsupport/package-calendarsupport/usr/share/locale/sq/LC_MESSAGES/calendarsupport6.mo
-- Installing: /home/omen/GITHUB/Athos/AthOS/REPO-AthOS/calendarsupport/package-calendarsupport/usr/share/locale/nds
-- Installing: /home/omen/GITHUB/Athos/AthOS/REPO-AthOS/calendarsupport/package-calendarsupport/usr/share/locale/nds/LC_MESSAGES
-- Installing: /home/omen/GITHUB/Athos/AthOS/REPO-AthOS/calendarsupport/package-calendarsupport/usr/share/locale/nds/LC_MESSAGES/calendarsupport6.mo
-- Installing: /home/omen/GITHUB/Athos/AthOS/REPO-AthOS/calendarsupport/package-calendarsupport/usr/share/locale/mr
-- Installing: /home/omen/GITHUB/Athos/AthOS/REPO-AthOS/calendarsupport/package-calendarsupport/usr/share/locale/mr/LC_MESSAGES
-- Installing: /home/omen/GITHUB/Athos/AthOS/REPO-AthOS/calendarsupport/package-calendarsupport/usr/share/locale/mr/LC_MESSAGES/calendarsupport6.mo
-- Installing: /home/omen/GITHUB/Athos/AthOS/REPO-AthOS/calendarsupport/package-calendarsupport/usr/share/locale/ug
-- Installing: /home/omen/GITHUB/Athos/AthOS/REPO-AthOS/calendarsupport/package-calendarsupport/usr/share/locale/ug/LC_MESSAGES
-- Installing: /home/omen/GITHUB/Athos/AthOS/REPO-AthOS/calendarsupport/package-calendarsupport/usr/share/locale/ug/LC_MESSAGES/calendarsupport6.mo
-- Installing: /home/omen/GITHUB/Athos/AthOS/REPO-AthOS/calendarsupport/package-calendarsupport/usr/share/locale/sk
-- Installing: /home/omen/GITHUB/Athos/AthOS/REPO-AthOS/calendarsupport/package-calendarsupport/usr/share/locale/sk/LC_MESSAGES
-- Installing: /home/omen/GITHUB/Athos/AthOS/REPO-AthOS/calendarsupport/package-calendarsupport/usr/share/locale/sk/LC_MESSAGES/calendarsupport6.mo
-- Installing: /home/omen/GITHUB/Athos/AthOS/REPO-AthOS/calendarsupport/package-calendarsupport/usr/share/locale/si
-- Installing: /home/omen/GITHUB/Athos/AthOS/REPO-AthOS/calendarsupport/package-calendarsupport/usr/share/locale/si/LC_MESSAGES
-- Installing: /home/omen/GITHUB/Athos/AthOS/REPO-AthOS/calendarsupport/package-calendarsupport/usr/share/locale/si/LC_MESSAGES/calendarsupport6.mo
-- Installing: /home/omen/GITHUB/Athos/AthOS/REPO-AthOS/calendarsupport/package-calendarsupport/usr/share/locale/sv
-- Installing: /home/omen/GITHUB/Athos/AthOS/REPO-AthOS/calendarsupport/package-calendarsupport/usr/share/locale/sv/LC_MESSAGES
-- Installing: /home/omen/GITHUB/Athos/AthOS/REPO-AthOS/calendarsupport/package-calendarsupport/usr/share/locale/sv/LC_MESSAGES/calendarsupport6.mo
-- Installing: /home/omen/GITHUB/Athos/AthOS/REPO-AthOS/calendarsupport/package-calendarsupport/usr/lib64/cmake/KPim6CalendarSupport/KPim6CalendarSupportConfig.cmake
-- Installing: /home/omen/GITHUB/Athos/AthOS/REPO-AthOS/calendarsupport/package-calendarsupport/usr/lib64/cmake/KPim6CalendarSupport/KPim6CalendarSupportConfigVersion.cmake
-- Installing: /home/omen/GITHUB/Athos/AthOS/REPO-AthOS/calendarsupport/package-calendarsupport/usr/lib64/cmake/KPim6CalendarSupport/KPim6CalendarSupportTargets.cmake
-- Installing: /home/omen/GITHUB/Athos/AthOS/REPO-AthOS/calendarsupport/package-calendarsupport/usr/lib64/cmake/KPim6CalendarSupport/KPim6CalendarSupportTargets-minsizerel.cmake
-- Installing: /home/omen/GITHUB/Athos/AthOS/REPO-AthOS/calendarsupport/package-calendarsupport/usr/include/KPim6/CalendarSupport/calendarsupport_version.h
[32mThe main part of source code is ready. We are moving on to preparing post install scripts, docs, license, man pages etc..[0m
cp: cannot stat 'AUTHORS': No such file or directory
cp: cannot stat 'ChangeLog*': No such file or directory
cp: cannot stat 'COPYING': No such file or directory
cp: cannot stat 'CREDITS': No such file or directory
cp: cannot stat 'LICENSE': No such file or directory
cp: cannot stat 'MAINTAINERS': No such file or directory
cp: cannot stat 'NEWS': No such file or directory
cp: cannot stat 'docs': No such file or directory
cp: cannot stat 'DOCS': No such file or directory
grep: /home/omen/GITHUB/Athos/AthOS/REPO-AthOS/calendarsupport/calendarsupport.info: No such file or directory
extra-cmake-modules
akonadi-calendar
akonadi
akonadi-mime
akonadi-notes
kcalendarcore
kcalutils
kcodecs
kguiaddons
kholidays
ki18n
kidentitymanagement
kio
kmime
pimcommon
[32mPackaging compiled for slackware installation...[0m
[32mMAKEPKG_FLAGS is empty or unset, using default[0m

Slackware package maker, version 3.14159265.

Searching for symbolic links:
usr/lib64/libKPim6CalendarSupport.so	libKPim6CalendarSupport.so.6
usr/lib64/libKPim6CalendarSupport.so.6	libKPim6CalendarSupport.so.6.4.1

Making symbolic link creation script:
( cd usr/lib64 ; rm -rf libKPim6CalendarSupport.so )
( cd usr/lib64 ; ln -sf libKPim6CalendarSupport.so.6 libKPim6CalendarSupport.so )
( cd usr/lib64 ; rm -rf libKPim6CalendarSupport.so.6 )
( cd usr/lib64 ; ln -sf libKPim6CalendarSupport.so.6.4.1 libKPim6CalendarSupport.so.6 )

Unless your existing installation script already contains the code
to create these links, you should append these lines to your existing
install script. Now's your chance. :^)

Would you like to add this stuff to the existing install script and
remove the symbolic links ([y]es, [n]o)? y


Removing symbolic links:
removed './usr/lib64/libKPim6CalendarSupport.so'
removed './usr/lib64/libKPim6CalendarSupport.so.6'

Updating your ./install/doinst.sh...

This next step is optional - you can set the directories in your package
to some sane permissions. If any of the directories in your package have
special permissions, then DO NOT reset them here!

Would you like to reset all directory permissions to 755 (drwxr-xr-x) and
directory ownerships to root:root ([y]es, [n]o)? n


Creating Slackware package:  /tmp/calendarsupport/calendarsupport-25.04.1-x86_64-1_rtz.tlz

./
install/
install/doinst.sh
install/slack-desc
usr/
usr/doc/
usr/doc/calendarsupport-25.04.1/
usr/doc/calendarsupport-25.04.1/README.md
usr/doc/calendarsupport-25.04.1/README.md.license
usr/doc/calendarsupport-25.04.1/calendarsupport.ini
usr/doc/calendarsupport-25.04.1/slack-required
usr/include/
usr/include/KPim6/
usr/include/KPim6/CalendarSupport/
usr/include/KPim6/CalendarSupport/CalendarSupport/
usr/include/KPim6/CalendarSupport/CalendarSupport/ArchiveDialog
usr/include/KPim6/CalendarSupport/CalendarSupport/CalPrintDefaultPlugins
usr/include/KPim6/CalendarSupport/CalendarSupport/CalPrintPluginBase
usr/include/KPim6/CalendarSupport/CalendarSupport/CalPrinter
usr/include/KPim6/CalendarSupport/CalendarSupport/CalendarSingleton
usr/include/KPim6/CalendarSupport/CalendarSupport/CategoryHierarchyReader
usr/include/KPim6/CalendarSupport/CalendarSupport/CellItem
usr/include/KPim6/CalendarSupport/CalendarSupport/CollectionSelection
usr/include/KPim6/CalendarSupport/CalendarSupport/EventArchiver
usr/include/KPim6/CalendarSupport/CalendarSupport/FreeBusyCalendar
usr/include/KPim6/CalendarSupport/CalendarSupport/FreeBusyItem
usr/include/KPim6/CalendarSupport/CalendarSupport/FreeBusyItemModel
usr/include/KPim6/CalendarSupport/CalendarSupport/FreePeriodModel
usr/include/KPim6/CalendarSupport/CalendarSupport/IdentityManager
usr/include/KPim6/CalendarSupport/CalendarSupport/IncidenceViewer
usr/include/KPim6/CalendarSupport/CalendarSupport/KCalPrefs
usr/include/KPim6/CalendarSupport/CalendarSupport/MessageWidget
usr/include/KPim6/CalendarSupport/CalendarSupport/PrintPlugin
usr/include/KPim6/CalendarSupport/CalendarSupport/UriHandler
usr/include/KPim6/CalendarSupport/CalendarSupport/Utils
usr/include/KPim6/CalendarSupport/calendarsupport/
usr/include/KPim6/CalendarSupport/calendarsupport/archivedialog.h
usr/include/KPim6/CalendarSupport/calendarsupport/calendarsingleton.h
usr/include/KPim6/CalendarSupport/calendarsupport/calendarsupport_export.h
usr/include/KPim6/CalendarSupport/calendarsupport/calprintdefaultplugins.h
usr/include/KPim6/CalendarSupport/calendarsupport/calprinter.h
usr/include/KPim6/CalendarSupport/calendarsupport/calprintpluginbase.h
usr/include/KPim6/CalendarSupport/calendarsupport/categoryhierarchyreader.h
usr/include/KPim6/CalendarSupport/calendarsupport/cellitem.h
usr/include/KPim6/CalendarSupport/calendarsupport/collectionselection.h
usr/include/KPim6/CalendarSupport/calendarsupport/eventarchiver.h
usr/include/KPim6/CalendarSupport/calendarsupport/freebusycalendar.h
usr/include/KPim6/CalendarSupport/calendarsupport/freebusyitem.h
usr/include/KPim6/CalendarSupport/calendarsupport/freebusyitemmodel.h
usr/include/KPim6/CalendarSupport/calendarsupport/freeperiodmodel.h
usr/include/KPim6/CalendarSupport/calendarsupport/identitymanager.h
usr/include/KPim6/CalendarSupport/calendarsupport/incidenceviewer.h
usr/include/KPim6/CalendarSupport/calendarsupport/kcalprefs.h
usr/include/KPim6/CalendarSupport/calendarsupport/kcalprefs_base.h
usr/include/KPim6/CalendarSupport/calendarsupport/messagewidget.h
usr/include/KPim6/CalendarSupport/calendarsupport/printplugin.h
usr/include/KPim6/CalendarSupport/calendarsupport/ui_calprintdayconfig_base.h
usr/include/KPim6/CalendarSupport/calendarsupport/ui_calprintincidenceconfig_base.h
usr/include/KPim6/CalendarSupport/calendarsupport/ui_calprintmonthconfig_base.h
usr/include/KPim6/CalendarSupport/calendarsupport/ui_calprinttodoconfig_base.h
usr/include/KPim6/CalendarSupport/calendarsupport/ui_calprintweekconfig_base.h
usr/include/KPim6/CalendarSupport/calendarsupport/urihandler.h
usr/include/KPim6/CalendarSupport/calendarsupport/utils.h
usr/include/KPim6/CalendarSupport/calendarsupport_version.h
usr/lib64/
usr/lib64/cmake/
usr/lib64/cmake/KPim6CalendarSupport/
usr/lib64/cmake/KPim6CalendarSupport/KPim6CalendarSupportConfig.cmake
usr/lib64/cmake/KPim6CalendarSupport/KPim6CalendarSupportConfigVersion.cmake
usr/lib64/cmake/KPim6CalendarSupport/KPim6CalendarSupportTargets-minsizerel.cmake
usr/lib64/cmake/KPim6CalendarSupport/KPim6CalendarSupportTargets.cmake
usr/lib64/libKPim6CalendarSupport.so.6.4.1
usr/share/
usr/share/locale/
usr/share/locale/af/
usr/share/locale/af/LC_MESSAGES/
usr/share/locale/af/LC_MESSAGES/calendarsupport6.mo
usr/share/locale/ar/
usr/share/locale/ar/LC_MESSAGES/
usr/share/locale/ar/LC_MESSAGES/calendarsupport6.mo
usr/share/locale/ast/
usr/share/locale/ast/LC_MESSAGES/
usr/share/locale/ast/LC_MESSAGES/calendarsupport6.mo
usr/share/locale/az/
usr/share/locale/az/LC_MESSAGES/
usr/share/locale/az/LC_MESSAGES/calendarsupport6.mo
usr/share/locale/be/
usr/share/locale/be/LC_MESSAGES/
usr/share/locale/be/LC_MESSAGES/calendarsupport6.mo
usr/share/locale/bg/
usr/share/locale/bg/LC_MESSAGES/
usr/share/locale/bg/LC_MESSAGES/calendarsupport6.mo
usr/share/locale/br/
usr/share/locale/br/LC_MESSAGES/
usr/share/locale/br/LC_MESSAGES/calendarsupport6.mo
usr/share/locale/bs/
usr/share/locale/bs/LC_MESSAGES/
usr/share/locale/bs/LC_MESSAGES/calendarsupport6.mo
usr/share/locale/ca/
usr/share/locale/ca/LC_MESSAGES/
usr/share/locale/ca/LC_MESSAGES/calendarsupport6.mo
usr/share/locale/ca@valencia/
usr/share/locale/ca@valencia/LC_MESSAGES/
usr/share/locale/ca@valencia/LC_MESSAGES/calendarsupport6.mo
usr/share/locale/cs/
usr/share/locale/cs/LC_MESSAGES/
usr/share/locale/cs/LC_MESSAGES/calendarsupport6.mo
usr/share/locale/cy/
usr/share/locale/cy/LC_MESSAGES/
usr/share/locale/cy/LC_MESSAGES/calendarsupport6.mo
usr/share/locale/da/
usr/share/locale/da/LC_MESSAGES/
usr/share/locale/da/LC_MESSAGES/calendarsupport6.mo
usr/share/locale/de/
usr/share/locale/de/LC_MESSAGES/
usr/share/locale/de/LC_MESSAGES/calendarsupport6.mo
usr/share/locale/el/
usr/share/locale/el/LC_MESSAGES/
usr/share/locale/el/LC_MESSAGES/calendarsupport6.mo
usr/share/locale/en_GB/
usr/share/locale/en_GB/LC_MESSAGES/
usr/share/locale/en_GB/LC_MESSAGES/calendarsupport6.mo
usr/share/locale/eo/
usr/share/locale/eo/LC_MESSAGES/
usr/share/locale/eo/LC_MESSAGES/calendarsupport6.mo
usr/share/locale/es/
usr/share/locale/es/LC_MESSAGES/
usr/share/locale/es/LC_MESSAGES/calendarsupport6.mo
usr/share/locale/et/
usr/share/locale/et/LC_MESSAGES/
usr/share/locale/et/LC_MESSAGES/calendarsupport6.mo
usr/share/locale/eu/
usr/share/locale/eu/LC_MESSAGES/
usr/share/locale/eu/LC_MESSAGES/calendarsupport6.mo
usr/share/locale/fa/
usr/share/locale/fa/LC_MESSAGES/
usr/share/locale/fa/LC_MESSAGES/calendarsupport6.mo
usr/share/locale/fi/
usr/share/locale/fi/LC_MESSAGES/
usr/share/locale/fi/LC_MESSAGES/calendarsupport6.mo
usr/share/locale/fr/
usr/share/locale/fr/LC_MESSAGES/
usr/share/locale/fr/LC_MESSAGES/calendarsupport6.mo
usr/share/locale/fy/
usr/share/locale/fy/LC_MESSAGES/
usr/share/locale/fy/LC_MESSAGES/calendarsupport6.mo
usr/share/locale/ga/
usr/share/locale/ga/LC_MESSAGES/
usr/share/locale/ga/LC_MESSAGES/calendarsupport6.mo
usr/share/locale/gl/
usr/share/locale/gl/LC_MESSAGES/
usr/share/locale/gl/LC_MESSAGES/calendarsupport6.mo
usr/share/locale/he/
usr/share/locale/he/LC_MESSAGES/
usr/share/locale/he/LC_MESSAGES/calendarsupport6.mo
usr/share/locale/hi/
usr/share/locale/hi/LC_MESSAGES/
usr/share/locale/hi/LC_MESSAGES/calendarsupport6.mo
usr/share/locale/hne/
usr/share/locale/hne/LC_MESSAGES/
usr/share/locale/hne/LC_MESSAGES/calendarsupport6.mo
usr/share/locale/hr/
usr/share/locale/hr/LC_MESSAGES/
usr/share/locale/hr/LC_MESSAGES/calendarsupport6.mo
usr/share/locale/hsb/
usr/share/locale/hsb/LC_MESSAGES/
usr/share/locale/hsb/LC_MESSAGES/calendarsupport6.mo
usr/share/locale/hu/
usr/share/locale/hu/LC_MESSAGES/
usr/share/locale/hu/LC_MESSAGES/calendarsupport6.mo
usr/share/locale/ia/
usr/share/locale/ia/LC_MESSAGES/
usr/share/locale/ia/LC_MESSAGES/calendarsupport6.mo
usr/share/locale/id/
usr/share/locale/id/LC_MESSAGES/
usr/share/locale/id/LC_MESSAGES/calendarsupport6.mo
usr/share/locale/is/
usr/share/locale/is/LC_MESSAGES/
usr/share/locale/is/LC_MESSAGES/calendarsupport6.mo
usr/share/locale/it/
usr/share/locale/it/LC_MESSAGES/
usr/share/locale/it/LC_MESSAGES/calendarsupport6.mo
usr/share/locale/ja/
usr/share/locale/ja/LC_MESSAGES/
usr/share/locale/ja/LC_MESSAGES/calendarsupport6.mo
usr/share/locale/ka/
usr/share/locale/ka/LC_MESSAGES/
usr/share/locale/ka/LC_MESSAGES/calendarsupport6.mo
usr/share/locale/kk/
usr/share/locale/kk/LC_MESSAGES/
usr/share/locale/kk/LC_MESSAGES/calendarsupport6.mo
usr/share/locale/km/
usr/share/locale/km/LC_MESSAGES/
usr/share/locale/km/LC_MESSAGES/calendarsupport6.mo
usr/share/locale/ko/
usr/share/locale/ko/LC_MESSAGES/
usr/share/locale/ko/LC_MESSAGES/calendarsupport6.mo
usr/share/locale/lt/
usr/share/locale/lt/LC_MESSAGES/
usr/share/locale/lt/LC_MESSAGES/calendarsupport6.mo
usr/share/locale/lv/
usr/share/locale/lv/LC_MESSAGES/
usr/share/locale/lv/LC_MESSAGES/calendarsupport6.mo
usr/share/locale/mai/
usr/share/locale/mai/LC_MESSAGES/
usr/share/locale/mai/LC_MESSAGES/calendarsupport6.mo
usr/share/locale/mk/
usr/share/locale/mk/LC_MESSAGES/
usr/share/locale/mk/LC_MESSAGES/calendarsupport6.mo
usr/share/locale/mr/
usr/share/locale/mr/LC_MESSAGES/
usr/share/locale/mr/LC_MESSAGES/calendarsupport6.mo
usr/share/locale/ms/
usr/share/locale/ms/LC_MESSAGES/
usr/share/locale/ms/LC_MESSAGES/calendarsupport6.mo
usr/share/locale/nb/
usr/share/locale/nb/LC_MESSAGES/
usr/share/locale/nb/LC_MESSAGES/calendarsupport6.mo
usr/share/locale/nds/
usr/share/locale/nds/LC_MESSAGES/
usr/share/locale/nds/LC_MESSAGES/calendarsupport6.mo
usr/share/locale/ne/
usr/share/locale/ne/LC_MESSAGES/
usr/share/locale/ne/LC_MESSAGES/calendarsupport6.mo
usr/share/locale/nl/
usr/share/locale/nl/LC_MESSAGES/
usr/share/locale/nl/LC_MESSAGES/calendarsupport6.mo
usr/share/locale/nn/
usr/share/locale/nn/LC_MESSAGES/
usr/share/locale/nn/LC_MESSAGES/calendarsupport6.mo
usr/share/locale/pa/
usr/share/locale/pa/LC_MESSAGES/
usr/share/locale/pa/LC_MESSAGES/calendarsupport6.mo
usr/share/locale/pl/
usr/share/locale/pl/LC_MESSAGES/
usr/share/locale/pl/LC_MESSAGES/calendarsupport6.mo
usr/share/locale/pt/
usr/share/locale/pt/LC_MESSAGES/
usr/share/locale/pt/LC_MESSAGES/calendarsupport6.mo
usr/share/locale/pt_BR/
usr/share/locale/pt_BR/LC_MESSAGES/
usr/share/locale/pt_BR/LC_MESSAGES/calendarsupport6.mo
usr/share/locale/ro/
usr/share/locale/ro/LC_MESSAGES/
usr/share/locale/ro/LC_MESSAGES/calendarsupport6.mo
usr/share/locale/ru/
usr/share/locale/ru/LC_MESSAGES/
usr/share/locale/ru/LC_MESSAGES/calendarsupport6.mo
usr/share/locale/sa/
usr/share/locale/sa/LC_MESSAGES/
usr/share/locale/sa/LC_MESSAGES/calendarsupport6.mo
usr/share/locale/se/
usr/share/locale/se/LC_MESSAGES/
usr/share/locale/se/LC_MESSAGES/calendarsupport6.mo
usr/share/locale/si/
usr/share/locale/si/LC_MESSAGES/
usr/share/locale/si/LC_MESSAGES/calendarsupport6.mo
usr/share/locale/sk/
usr/share/locale/sk/LC_MESSAGES/
usr/share/locale/sk/LC_MESSAGES/calendarsupport6.mo
usr/share/locale/sl/
usr/share/locale/sl/LC_MESSAGES/
usr/share/locale/sl/LC_MESSAGES/calendarsupport6.mo
usr/share/locale/sq/
usr/share/locale/sq/LC_MESSAGES/
usr/share/locale/sq/LC_MESSAGES/calendarsupport6.mo
usr/share/locale/sr/
usr/share/locale/sr/LC_MESSAGES/
usr/share/locale/sr/LC_MESSAGES/calendarsupport6.mo
usr/share/locale/sr@ijekavian/
usr/share/locale/sr@ijekavian/LC_MESSAGES/
usr/share/locale/sr@ijekavian/LC_MESSAGES/calendarsupport6.mo
usr/share/locale/sr@ijekavianlatin/
usr/share/locale/sr@ijekavianlatin/LC_MESSAGES/
usr/share/locale/sr@ijekavianlatin/LC_MESSAGES/calendarsupport6.mo
usr/share/locale/sr@latin/
usr/share/locale/sr@latin/LC_MESSAGES/
usr/share/locale/sr@latin/LC_MESSAGES/calendarsupport6.mo
usr/share/locale/sv/
usr/share/locale/sv/LC_MESSAGES/
usr/share/locale/sv/LC_MESSAGES/calendarsupport6.mo
usr/share/locale/ta/
usr/share/locale/ta/LC_MESSAGES/
usr/share/locale/ta/LC_MESSAGES/calendarsupport6.mo
usr/share/locale/tg/
usr/share/locale/tg/LC_MESSAGES/
usr/share/locale/tg/LC_MESSAGES/calendarsupport6.mo
usr/share/locale/th/
usr/share/locale/th/LC_MESSAGES/
usr/share/locale/th/LC_MESSAGES/calendarsupport6.mo
usr/share/locale/tr/
usr/share/locale/tr/LC_MESSAGES/
usr/share/locale/tr/LC_MESSAGES/calendarsupport6.mo
usr/share/locale/ug/
usr/share/locale/ug/LC_MESSAGES/
usr/share/locale/ug/LC_MESSAGES/calendarsupport6.mo
usr/share/locale/uk/
usr/share/locale/uk/LC_MESSAGES/
usr/share/locale/uk/LC_MESSAGES/calendarsupport6.mo
usr/share/locale/uz/
usr/share/locale/uz/LC_MESSAGES/
usr/share/locale/uz/LC_MESSAGES/calendarsupport6.mo
usr/share/locale/uz@cyrillic/
usr/share/locale/uz@cyrillic/LC_MESSAGES/
usr/share/locale/uz@cyrillic/LC_MESSAGES/calendarsupport6.mo
usr/share/locale/wa/
usr/share/locale/wa/LC_MESSAGES/
usr/share/locale/wa/LC_MESSAGES/calendarsupport6.mo
usr/share/locale/xh/
usr/share/locale/xh/LC_MESSAGES/
usr/share/locale/xh/LC_MESSAGES/calendarsupport6.mo
usr/share/locale/zh_CN/
usr/share/locale/zh_CN/LC_MESSAGES/
usr/share/locale/zh_CN/LC_MESSAGES/calendarsupport6.mo
usr/share/locale/zh_TW/
usr/share/locale/zh_TW/LC_MESSAGES/
usr/share/locale/zh_TW/LC_MESSAGES/calendarsupport6.mo
usr/share/qlogging-categories6/
usr/share/qlogging-categories6/calendarsupport.categories
usr/share/qlogging-categories6/calendarsupport.renamecategories

Slackware package /tmp/calendarsupport/calendarsupport-25.04.1-x86_64-1_rtz.tlz created.

Create shared object file for calendarsupport-25.04.1-x86_64-1_rtz.tlz
Creating /tmp/calendarsupport/calendarsupport-25.04.1-x86_64-1_rtz.tlz.so.file using /tmp/calendarsupport/calendarsupport-25.04.1-x86_64-1_rtz.tlz
Successfully created /tmp/calendarsupport/calendarsupport-25.04.1-x86_64-1_rtz.tlz.so.file
Packaging of executable and meta-data in calendarsupport.tar.lz4 format.
/tmp/calendarsupport /tmp/calendarsupport
/tmp/calendarsupport
BIN_NAME
README
calendarsupport-25.04.1-x86_64-1_rtz.tlz
calendarsupport-25.04.1-x86_64-1_rtz.tlz.md5
calendarsupport-25.04.1-x86_64-1_rtz.tlz.so.file
calendarsupport-25.04.1-x86_64-1_rtz.tlz.txt
calendarsupport.dep
makepkg-calendarsupport.log
[32mcalendarsupport build finished. Procced to installation...[0m

+============================================================================================================================+
| Upgrading calendarsupport-25.04.1-x86_64-1_rtz package using /tmp/calendarsupport/calendarsupport-25.04.1-x86_64-1_rtz.tlz |
+============================================================================================================================+

Pre-installing package calendarsupport-25.04.1-x86_64-1_rtz...
Removing package: calendarsupport-25.04.1-x86_64-1_rtz-upgraded-2025-05-28,21:58:35
Installing package calendarsupport-25.04.1-x86_64-1_rtz.tlz:
PACKAGE DESCRIPTION:
# calendarsupport (Library providing calendar support)
#
# Library providing calendar support
#
# https://kontact.kde.org/
Executing install script for calendarsupport-25.04.1-x86_64-1_rtz.tlz.
Font directories:
	/usr/share/fonts
/usr/share/fonts: caching, new cache contents: 0 fonts, 11 dirs
/usr/share/fonts/100dpi: caching, new cache contents: 238 fonts, 0 dirs
/usr/share/fonts/75dpi: caching, new cache contents: 238 fonts, 0 dirs
/usr/share/fonts/OTF: caching, new cache contents: 124 fonts, 0 dirs
/usr/share/fonts/Speedo: caching, new cache contents: 0 fonts, 0 dirs
/usr/share/fonts/TTF: caching, new cache contents: 1132 fonts, 0 dirs
/usr/share/fonts/Type1: caching, new cache contents: 64 fonts, 0 dirs
/usr/share/fonts/cyrillic: caching, new cache contents: 0 fonts, 0 dirs
/usr/share/fonts/encodings: caching, new cache contents: 0 fonts, 1 dirs
/usr/share/fonts/encodings/large: caching, new cache contents: 0 fonts, 0 dirs
/usr/share/fonts/kanjistrokeorders: caching, new cache contents: 1 fonts, 0 dirs
/usr/share/fonts/misc: caching, new cache contents: 143 fonts, 0 dirs
/usr/share/fonts/util: caching, new cache contents: 0 fonts, 0 dirs
/var/cache/fontconfig: cleaning cache directory
/root/.cache/fontconfig: not cleaning non-existent cache directory
/root/.fontconfig: not cleaning non-existent cache directory
/usr/bin/fc-cache: succeeded
Package calendarsupport-25.04.1-x86_64-1_rtz.tlz installed.
Package calendarsupport-25.04.1-x86_64-1_rtz upgraded with new package /tmp/calendarsupport/calendarsupport-25.04.1-x86_64-1_rtz.tlz.
[32mCleaning environmet: Removing source code, and work-space...[0m
rm: cannot remove 'calendarsupport-25.04.1.tar.xz': No such file or directory
