Starting build process...
Detected architecture: x86_64
Required dependencies: doxygen	extra-cmake-modules		kwindowsystem
doxygen is already installed!
extra-cmake-modules is already installed!
kwindowsystem is already installed!
No optional dependencies found.
Downloading source code tar.xz file
--2025-05-14 22:18:22--  https://download.kde.org/stable/frameworks/6.14/kstatusnotifieritem-6.14.0.tar.xz
Resolving download.kde.org (download.kde.org)... 49.12.122.15, 2a01:4f8:242:53eb::4
Connecting to download.kde.org (download.kde.org)|49.12.122.15|:443... connected.
HTTP request sent, awaiting response... 302 Found
Location: https://ftp.cc.uoc.gr/mirrors/kde/stable/frameworks/6.14/kstatusnotifieritem-6.14.0.tar.xz [following]
--2025-05-14 22:18:22--  https://ftp.cc.uoc.gr/mirrors/kde/stable/frameworks/6.14/kstatusnotifieritem-6.14.0.tar.xz
Resolving ftp.cc.uoc.gr (ftp.cc.uoc.gr)... 147.52.159.50, 2001:648:2c00:6c08::2
Connecting to ftp.cc.uoc.gr (ftp.cc.uoc.gr)|147.52.159.50|:443... connected.
HTTP request sent, awaiting response... 200 OK
Length: 50644 (49K) [application/octet-stream]
Saving to: ‘kstatusnotifieritem-6.14.0.tar.xz’

     0K .......... .......... .......... .......... ......... 100% 1.41M=0.03s

2025-05-14 22:18:23 (1.41 MB/s) - ‘kstatusnotifieritem-6.14.0.tar.xz’ saved [50644/50644]

Found file: kstatusnotifieritem-6.14.0.tar.xz
No checksum provided. Skipping checksum verification and proceeding...
Creating working directories and exporting source code in...
kstatusnotifieritem-6.14.0/
kstatusnotifieritem-6.14.0/.gitignore
kstatusnotifieritem-6.14.0/.gitlab-ci.yml
kstatusnotifieritem-6.14.0/.kde-ci.yml
kstatusnotifieritem-6.14.0/CMakeLists.txt
kstatusnotifieritem-6.14.0/KF6StatusNotifierItemConfig.cmake.in
kstatusnotifieritem-6.14.0/LICENSES/
kstatusnotifieritem-6.14.0/LICENSES/CC0-1.0.txt
kstatusnotifieritem-6.14.0/LICENSES/LGPL-2.0-or-later.txt
kstatusnotifieritem-6.14.0/README.md
kstatusnotifieritem-6.14.0/examples/
kstatusnotifieritem-6.14.0/examples/kstatusnotifieritem.py
kstatusnotifieritem-6.14.0/metainfo.yaml
kstatusnotifieritem-6.14.0/poqm/
kstatusnotifieritem-6.14.0/poqm/ar/
kstatusnotifieritem-6.14.0/poqm/ar/kstatusnotifieritem6_qt.po
kstatusnotifieritem-6.14.0/poqm/ast/
kstatusnotifieritem-6.14.0/poqm/ast/kstatusnotifieritem6_qt.po
kstatusnotifieritem-6.14.0/poqm/bg/
kstatusnotifieritem-6.14.0/poqm/bg/kstatusnotifieritem6_qt.po
kstatusnotifieritem-6.14.0/poqm/ca/
kstatusnotifieritem-6.14.0/poqm/ca/kstatusnotifieritem6_qt.po
kstatusnotifieritem-6.14.0/poqm/ca@valencia/
kstatusnotifieritem-6.14.0/poqm/ca@valencia/kstatusnotifieritem6_qt.po
kstatusnotifieritem-6.14.0/poqm/cs/
kstatusnotifieritem-6.14.0/poqm/cs/kstatusnotifieritem6_qt.po
kstatusnotifieritem-6.14.0/poqm/de/
kstatusnotifieritem-6.14.0/poqm/de/kstatusnotifieritem6_qt.po
kstatusnotifieritem-6.14.0/poqm/en_GB/
kstatusnotifieritem-6.14.0/poqm/en_GB/kstatusnotifieritem6_qt.po
kstatusnotifieritem-6.14.0/poqm/eo/
kstatusnotifieritem-6.14.0/poqm/eo/kstatusnotifieritem6_qt.po
kstatusnotifieritem-6.14.0/poqm/es/
kstatusnotifieritem-6.14.0/poqm/es/kstatusnotifieritem6_qt.po
kstatusnotifieritem-6.14.0/poqm/eu/
kstatusnotifieritem-6.14.0/poqm/eu/kstatusnotifieritem6_qt.po
kstatusnotifieritem-6.14.0/poqm/fi/
kstatusnotifieritem-6.14.0/poqm/fi/kstatusnotifieritem6_qt.po
kstatusnotifieritem-6.14.0/poqm/fr/
kstatusnotifieritem-6.14.0/poqm/fr/kstatusnotifieritem6_qt.po
kstatusnotifieritem-6.14.0/poqm/gl/
kstatusnotifieritem-6.14.0/poqm/gl/kstatusnotifieritem6_qt.po
kstatusnotifieritem-6.14.0/poqm/he/
kstatusnotifieritem-6.14.0/poqm/he/kstatusnotifieritem6_qt.po
kstatusnotifieritem-6.14.0/poqm/hi/
kstatusnotifieritem-6.14.0/poqm/hi/kstatusnotifieritem6_qt.po
kstatusnotifieritem-6.14.0/poqm/hu/
kstatusnotifieritem-6.14.0/poqm/hu/kstatusnotifieritem6_qt.po
kstatusnotifieritem-6.14.0/poqm/ia/
kstatusnotifieritem-6.14.0/poqm/ia/kstatusnotifieritem6_qt.po
kstatusnotifieritem-6.14.0/poqm/is/
kstatusnotifieritem-6.14.0/poqm/is/kstatusnotifieritem6_qt.po
kstatusnotifieritem-6.14.0/poqm/it/
kstatusnotifieritem-6.14.0/poqm/it/kstatusnotifieritem6_qt.po
kstatusnotifieritem-6.14.0/poqm/ja/
kstatusnotifieritem-6.14.0/poqm/ja/kstatusnotifieritem6_qt.po
kstatusnotifieritem-6.14.0/poqm/ka/
kstatusnotifieritem-6.14.0/poqm/ka/kstatusnotifieritem6_qt.po
kstatusnotifieritem-6.14.0/poqm/ko/
kstatusnotifieritem-6.14.0/poqm/ko/kstatusnotifieritem6_qt.po
kstatusnotifieritem-6.14.0/poqm/lt/
kstatusnotifieritem-6.14.0/poqm/lt/kstatusnotifieritem6_qt.po
kstatusnotifieritem-6.14.0/poqm/lv/
kstatusnotifieritem-6.14.0/poqm/lv/kstatusnotifieritem6_qt.po
kstatusnotifieritem-6.14.0/poqm/nl/
kstatusnotifieritem-6.14.0/poqm/nl/kstatusnotifieritem6_qt.po
kstatusnotifieritem-6.14.0/poqm/nn/
kstatusnotifieritem-6.14.0/poqm/nn/kstatusnotifieritem6_qt.po
kstatusnotifieritem-6.14.0/poqm/pl/
kstatusnotifieritem-6.14.0/poqm/pl/kstatusnotifieritem6_qt.po
kstatusnotifieritem-6.14.0/poqm/pt_BR/
kstatusnotifieritem-6.14.0/poqm/pt_BR/kstatusnotifieritem6_qt.po
kstatusnotifieritem-6.14.0/poqm/ro/
kstatusnotifieritem-6.14.0/poqm/ro/kstatusnotifieritem6_qt.po
kstatusnotifieritem-6.14.0/poqm/ru/
kstatusnotifieritem-6.14.0/poqm/ru/kstatusnotifieritem6_qt.po
kstatusnotifieritem-6.14.0/poqm/sa/
kstatusnotifieritem-6.14.0/poqm/sa/kstatusnotifieritem6_qt.po
kstatusnotifieritem-6.14.0/poqm/sk/
kstatusnotifieritem-6.14.0/poqm/sk/kstatusnotifieritem6_qt.po
kstatusnotifieritem-6.14.0/poqm/sl/
kstatusnotifieritem-6.14.0/poqm/sl/kstatusnotifieritem6_qt.po
kstatusnotifieritem-6.14.0/poqm/sv/
kstatusnotifieritem-6.14.0/poqm/sv/kstatusnotifieritem6_qt.po
kstatusnotifieritem-6.14.0/poqm/ta/
kstatusnotifieritem-6.14.0/poqm/ta/kstatusnotifieritem6_qt.po
kstatusnotifieritem-6.14.0/poqm/tr/
kstatusnotifieritem-6.14.0/poqm/tr/kstatusnotifieritem6_qt.po
kstatusnotifieritem-6.14.0/poqm/uk/
kstatusnotifieritem-6.14.0/poqm/uk/kstatusnotifieritem6_qt.po
kstatusnotifieritem-6.14.0/poqm/zh_CN/
kstatusnotifieritem-6.14.0/poqm/zh_CN/kstatusnotifieritem6_qt.po
kstatusnotifieritem-6.14.0/poqm/zh_TW/
kstatusnotifieritem-6.14.0/poqm/zh_TW/kstatusnotifieritem6_qt.po
kstatusnotifieritem-6.14.0/python/
kstatusnotifieritem-6.14.0/python/CMakeLists.txt
kstatusnotifieritem-6.14.0/python/bindings.h
kstatusnotifieritem-6.14.0/python/bindings.xml
kstatusnotifieritem-6.14.0/src/
kstatusnotifieritem-6.14.0/src/CMakeLists.txt
kstatusnotifieritem-6.14.0/src/Messages.sh
kstatusnotifieritem-6.14.0/src/config-kstatusnotifieritem.h.cmake
kstatusnotifieritem-6.14.0/src/kstatusnotifieritem.cpp
kstatusnotifieritem-6.14.0/src/kstatusnotifieritem.h
kstatusnotifieritem-6.14.0/src/kstatusnotifieritemdbus_p.cpp
kstatusnotifieritem-6.14.0/src/kstatusnotifieritemdbus_p.h
kstatusnotifieritem-6.14.0/src/kstatusnotifieritemprivate_p.h
kstatusnotifieritem-6.14.0/src/libdbusmenu-qt/
kstatusnotifieritem-6.14.0/src/libdbusmenu-qt/com.canonical.dbusmenu.xml
kstatusnotifieritem-6.14.0/src/libdbusmenu-qt/dbusmenu_p.cpp
kstatusnotifieritem-6.14.0/src/libdbusmenu-qt/dbusmenu_p.h
kstatusnotifieritem-6.14.0/src/libdbusmenu-qt/dbusmenuexporter.cpp
kstatusnotifieritem-6.14.0/src/libdbusmenu-qt/dbusmenuexporter.h
kstatusnotifieritem-6.14.0/src/libdbusmenu-qt/dbusmenuexporterdbus_p.cpp
kstatusnotifieritem-6.14.0/src/libdbusmenu-qt/dbusmenuexporterdbus_p.h
kstatusnotifieritem-6.14.0/src/libdbusmenu-qt/dbusmenuexporterprivate_p.h
kstatusnotifieritem-6.14.0/src/libdbusmenu-qt/dbusmenushortcut_p.cpp
kstatusnotifieritem-6.14.0/src/libdbusmenu-qt/dbusmenushortcut_p.h
kstatusnotifieritem-6.14.0/src/libdbusmenu-qt/dbusmenutypes_p.cpp
kstatusnotifieritem-6.14.0/src/libdbusmenu-qt/dbusmenutypes_p.h
kstatusnotifieritem-6.14.0/src/libdbusmenu-qt/debug_p.h
kstatusnotifieritem-6.14.0/src/libdbusmenu-qt/utils.cpp
kstatusnotifieritem-6.14.0/src/libdbusmenu-qt/utils_p.h
kstatusnotifieritem-6.14.0/src/macutils.mm
kstatusnotifieritem-6.14.0/src/org.freedesktop.Notifications.xml
kstatusnotifieritem-6.14.0/src/org.kde.StatusNotifierItem.xml
kstatusnotifieritem-6.14.0/src/org.kde.StatusNotifierWatcher.xml
kstatusnotifieritem-6.14.0/tests/
kstatusnotifieritem-6.14.0/tests/CMakeLists.txt
kstatusnotifieritem-6.14.0/tests/kstatusnotifieritemtest.cpp
kstatusnotifieritem-6.14.0/tests/kstatusnotifieritemtest.h
/home/omen/GITHUB/PLASMA_WORLD/AthOS/REPO-AthOS/kstatusnotifieritem/work
README or README.md already exists, skipping creation.
hm...lets continue and see what happens
-- The C compiler identification is GNU 14.2.0
-- The CXX compiler identification is GNU 14.2.0
-- Detecting C compiler ABI info
-- Detecting C compiler ABI info - done
-- Check for working C compiler: /usr/bin/cc - skipped
-- Detecting C compile features
-- Detecting C compile features - done
-- Detecting CXX compiler ABI info
-- Detecting CXX compiler ABI info - done
-- Check for working CXX compiler: /usr/bin/c++ - skipped
-- Detecting CXX compile features
-- Detecting CXX compile features - done
-- 

-- Installing in the same prefix as Qt, adopting their path scheme.
-- Performing Test HAVE_STDATOMIC
-- Performing Test HAVE_STDATOMIC - Success
-- Found WrapAtomic: TRUE
-- Looking for __GLIBC__
-- Looking for __GLIBC__ - found
-- Performing Test _OFFT_IS_64BIT
-- Performing Test _OFFT_IS_64BIT - Success
-- Performing Test HAVE_DATE_TIME
-- Performing Test HAVE_DATE_TIME - Success
-- Performing Test BSYMBOLICFUNCTIONS_AVAILABLE
-- Performing Test BSYMBOLICFUNCTIONS_AVAILABLE - Success
-- Found OpenGL: /usr/lib64/libOpenGL.so
-- Found WrapOpenGL: TRUE
-- Found XKB: /usr/lib64/libxkbcommon.so (found suitable version "1.9.2", minimum required is "0.5.0")
-- Found WrapVulkanHeaders: /usr/include
-- Found X11: /usr/include
-- Looking for XOpenDisplay in /usr/lib64/libX11.so;/usr/lib64/libXext.so
-- Looking for XOpenDisplay in /usr/lib64/libX11.so;/usr/lib64/libXext.so - found
-- Looking for gethostbyname
-- Looking for gethostbyname - found
-- Looking for connect
-- Looking for connect - found
-- Looking for remove
-- Looking for remove - found
-- Looking for shmat
-- Looking for shmat - found
-- Looking for IceConnectionNumber in ICE
-- Looking for IceConnectionNumber in ICE - found
-- Performing Test COMPILER_HAS_HIDDEN_VISIBILITY
-- Performing Test COMPILER_HAS_HIDDEN_VISIBILITY - Success
-- Performing Test COMPILER_HAS_HIDDEN_INLINE_VISIBILITY
-- Performing Test COMPILER_HAS_HIDDEN_INLINE_VISIBILITY - Success
-- Performing Test COMPILER_HAS_DEPRECATED_ATTR
-- Performing Test COMPILER_HAS_DEPRECATED_ATTR - Success
-- Found Doxygen: /usr/bin/doxygen (found suitable version "1.13.2", minimum required is "1.8.13") found components: doxygen dot
-- No such target Qt6Widgets_QCH defined when calling ecm_add_qch(), ignored.


Configuration file '/home/omen/GITHUB/PLASMA_WORLD/AthOS/REPO-AthOS/kstatusnotifieritem/work/kstatusnotifieritem-6.14.0/build/src/KF6StatusNotifierItem_ECMQchDoxygen.config' updated.

-- Found Python3: /usr/bin/python3.12 (found suitable version "3.12.10", minimum required is "3.9") found components: Interpreter Development Development.Module Development.Embed
CMake Warning at CMakeLists.txt:86 (find_package):
  By not providing "FindShiboken6.cmake" in CMAKE_MODULE_PATH this project
  has asked CMake to find a package configuration file provided by
  "Shiboken6", but CMake did not find one.

  Could not find a package configuration file provided by "Shiboken6" with
  any of the following names:

    Shiboken6Config.cmake
    shiboken6-config.cmake

  Add the installation prefix of "Shiboken6" to CMAKE_PREFIX_PATH or set
  "Shiboken6_DIR" to a directory containing one of the above files.  If
  "Shiboken6" provides a separate development package or SDK, be sure it has
  been installed.


CMake Warning at CMakeLists.txt:87 (find_package):
  By not providing "FindPySide6.cmake" in CMAKE_MODULE_PATH this project has
  asked CMake to find a package configuration file provided by "PySide6", but
  CMake did not find one.

  Could not find a package configuration file provided by "PySide6" with any
  of the following names:

    PySide6Config.cmake
    pyside6-config.cmake

  Add the installation prefix of "PySide6" to CMAKE_PREFIX_PATH or set
  "PySide6_DIR" to a directory containing one of the above files.  If
  "PySide6" provides a separate development package or SDK, be sure it has
  been installed.


CMake Warning (dev) at /usr/share/cmake-4.0/Modules/CMakeDependentOption.cmake:104 (message):
  Policy CMP0127 is not set: cmake_dependent_option() supports full Condition
  Syntax.  Run "cmake --help-policy CMP0127" for policy details.  Use the
  cmake_policy command to set the policy and suppress this warning.
Call Stack (most recent call first):
  CMakeLists.txt:90 (cmake_dependent_option)
This warning is for project developers.  Use -Wno-dev to suppress it.

-- The following features have been enabled:

 * QCH, API documentation in QCH format (for e.g. Qt Assistant, Qt Creator & KDevelop)

-- The following OPTIONAL packages have been found:

 * Qt6WidgetsTools (required version >= 6.8.3)
 * OpenGL
 * Vulkan
 * Qt6DBusTools (required version >= 6.8.3)
 * Qt6Widgets (required version >= 6.7.0)
 * XKB (required version >= 0.5.0), XKB API common to servers and clients., <http://xkbcommon.org>
 * WrapVulkanHeaders
 * Qt6GuiTools (required version >= 6.8.3)
 * Freetype
 * PkgConfig
 * Fontconfig
 * Qt6LinguistTools
 * Qt6CoreTools (required version >= 6.8.3)
 * Qt6Core
 * Python3 (required version >= 3.9)

-- The following REQUIRED packages have been found:

 * ECM (required version >= 6.14.0), Extra CMake Modules., <https://commits.kde.org/extra-cmake-modules>
 * X11
 * KF6WindowSystem (required version >= 6.14.0)
 * Doxygen (required version >= 1.8.13)
   Needed for API dox QCH file generation
 * Qt6ToolsTools, qhelpgenerator from Qt6 tools
   Needed for API dox QCH file generation
 * Qt6

-- The following features have been disabled:

 * PYTHON_BINDINGS, Python bindings

-- The following OPTIONAL packages have not been found:

 * Shiboken6
 * PySide6

-- Configuring done (2.2s)
-- Generating done (0.0s)
-- Build files have been written to: /home/omen/GITHUB/PLASMA_WORLD/AthOS/REPO-AthOS/kstatusnotifieritem/work/kstatusnotifieritem-6.14.0/build
[1/71] Generating ECMPoQm/ca@valencia/kstatusnotifieritem6_qt.qm
[2/71] Generating ECMPoQm/ar/kstatusnotifieritem6_qt.qm
[3/71] Generating ECMPoQm/ast/kstatusnotifieritem6_qt.qm
[4/71] Generating ECMPoQm/ca/kstatusnotifieritem6_qt.qm
[5/71] Generating ECMPoQm/de/kstatusnotifieritem6_qt.qm
[6/71] Generating ECMPoQm/en_GB/kstatusnotifieritem6_qt.qm
[7/71] Generating ECMPoQm/eu/kstatusnotifieritem6_qt.qm
[8/71] Generating ECMPoQm/fr/kstatusnotifieritem6_qt.qm
[9/71] Generating ECMPoQm/gl/kstatusnotifieritem6_qt.qm
[10/71] Generating ECMPoQm/fi/kstatusnotifieritem6_qt.qm
[11/71] Generating ECMPoQm/hi/kstatusnotifieritem6_qt.qm
[12/71] Generating ECMPoQm/cs/kstatusnotifieritem6_qt.qm
[13/71] Generating ECMPoQm/eo/kstatusnotifieritem6_qt.qm
[14/71] Generating ECMPoQm/es/kstatusnotifieritem6_qt.qm
[15/71] Generating ECMPoQm/hu/kstatusnotifieritem6_qt.qm
[16/71] Generating ECMPoQm/bg/kstatusnotifieritem6_qt.qm
[17/71] Generating ECMPoQm/he/kstatusnotifieritem6_qt.qm
[18/71] Generating ECMPoQm/ia/kstatusnotifieritem6_qt.qm
[19/71] Generating ECMPoQm/is/kstatusnotifieritem6_qt.qm
[20/71] Generating ECMPoQm/ja/kstatusnotifieritem6_qt.qm
[21/71] Generating ECMPoQm/ru/kstatusnotifieritem6_qt.qm
[22/71] Generating ECMPoQm/pt_BR/kstatusnotifieritem6_qt.qm
[23/71] Generating ECMPoQm/ko/kstatusnotifieritem6_qt.qm
[24/71] Generating ECMPoQm/ka/kstatusnotifieritem6_qt.qm
[25/71] Generating ECMPoQm/nn/kstatusnotifieritem6_qt.qm
[26/71] Generating ECMPoQm/ro/kstatusnotifieritem6_qt.qm
[27/71] Generating ECMPoQm/nl/kstatusnotifieritem6_qt.qm
[28/71] Generating ECMPoQm/pl/kstatusnotifieritem6_qt.qm
[29/71] Generating ECMPoQm/lt/kstatusnotifieritem6_qt.qm
[30/71] Generating ECMPoQm/it/kstatusnotifieritem6_qt.qm
[31/71] Generating ECMPoQm/sk/kstatusnotifieritem6_qt.qm
[32/71] Generating ECMPoQm/lv/kstatusnotifieritem6_qt.qm
[33/71] Generating ECMPoQm/sl/kstatusnotifieritem6_qt.qm
[34/71] Generating ECMPoQm/ta/kstatusnotifieritem6_qt.qm
[35/71] Generating ECMPoQm/sa/kstatusnotifieritem6_qt.qm
[36/71] Generating ECMPoQm/sv/kstatusnotifieritem6_qt.qm
[37/71] Generating ECMPoQm/tr/kstatusnotifieritem6_qt.qm
[38/71] Generating ECMPoQm/zh_CN/kstatusnotifieritem6_qt.qm
[39/71] Generating ECMPoQm/uk/kstatusnotifieritem6_qt.qm
[40/71] Generating ECMPoQm/zh_TW/kstatusnotifieritem6_qt.qm
[41/71] Generating src/KF6StatusNotifierItem.qch, src/KF6StatusNotifierItem.tags
Building up file structure...
Insert custom filters...
Insert help data for filter section (1 of 1)...
Insert files...
Insert contents...
Insert indices...
Documentation successfully generated.
[42/71] Automatic MOC for target KF6StatusNotifierItem
[43/71] Generating dbusmenuadaptor.cpp, dbusmenuadaptor.h
/home/omen/GITHUB/PLASMA_WORLD/AthOS/REPO-AthOS/kstatusnotifieritem/work/kstatusnotifieritem-6.14.0/src/libdbusmenu-qt/com.canonical.dbusmenu.xml:321:5: warning: Unknown element 'd' while checking for signal arguments
/home/omen/GITHUB/PLASMA_WORLD/AthOS/REPO-AthOS/kstatusnotifieritem/work/kstatusnotifieritem-6.14.0/src/libdbusmenu-qt/com.canonical.dbusmenu.xml:332:5: warning: Unknown element 'd' while checking for signal arguments
/home/omen/GITHUB/PLASMA_WORLD/AthOS/REPO-AthOS/kstatusnotifieritem/work/kstatusnotifieritem-6.14.0/src/libdbusmenu-qt/com.canonical.dbusmenu.xml:348:5: warning: Unknown element 'd' while checking for signal arguments
[44/71] Generating statusnotifieritemadaptor.cpp, statusnotifieritemadaptor.h
[45/71] Generating statusnotifierwatcher_interface.cpp, statusnotifierwatcher_interface.h
[46/71] Generating notifications_interface.cpp, notifications_interface.h
[47/71] Generating moc_dbusmenuadaptor.cpp
[48/71] Generating moc_statusnotifierwatcher_interface.cpp
[49/71] Generating moc_notifications_interface.cpp
[50/71] Generating moc_statusnotifieritemadaptor.cpp
[51/71] Building CXX object src/CMakeFiles/KF6StatusNotifierItem.dir/KF6StatusNotifierItem_autogen/mocs_compilation.cpp.o
[52/71] Building CXX object src/CMakeFiles/KF6StatusNotifierItem.dir/libdbusmenu-qt/utils.cpp.o
[53/71] Building CXX object src/CMakeFiles/KF6StatusNotifierItem.dir/debug_p.cpp.o
[54/71] Building CXX object src/CMakeFiles/KF6StatusNotifierItem.dir/libdbusmenu-qt/dbusmenushortcut_p.cpp.o
[55/71] Building CXX object src/CMakeFiles/KF6StatusNotifierItem.dir/ECMQmLoader-kstatusnotifieritem6_qt.cpp.o
[56/71] Building CXX object src/CMakeFiles/KF6StatusNotifierItem.dir/libdbusmenu-qt/dbusmenu_p.cpp.o
[57/71] Building CXX object src/CMakeFiles/KF6StatusNotifierItem.dir/notifications_interface.cpp.o
[58/71] Building CXX object src/CMakeFiles/KF6StatusNotifierItem.dir/kstatusnotifieritemdbus_p.cpp.o
[59/71] Building CXX object src/CMakeFiles/KF6StatusNotifierItem.dir/libdbusmenu-qt/dbusmenuexporter.cpp.o
[60/71] Building CXX object src/CMakeFiles/KF6StatusNotifierItem.dir/libdbusmenu-qt/dbusmenutypes_p.cpp.o
[61/71] Building CXX object src/CMakeFiles/KF6StatusNotifierItem.dir/statusnotifierwatcher_interface.cpp.o
[62/71] Building CXX object src/CMakeFiles/KF6StatusNotifierItem.dir/dbusmenuadaptor.cpp.o
[63/71] Building CXX object src/CMakeFiles/KF6StatusNotifierItem.dir/statusnotifieritemadaptor.cpp.o
In file included from /usr/include/c++/14.2.0/bits/stl_pair.h:61,
                 from /usr/include/c++/14.2.0/utility:69,
                 from /usr/include/qt6/QtCore/qglobal.h:15,
                 from /usr/include/qt6/QtCore/qnamespace.h:12,
                 from /usr/include/qt6/QtCore/qobjectdefs.h:12,
                 from /usr/include/qt6/QtCore/qobject.h:10,
                 from /usr/include/qt6/QtCore/QObject:1,
                 from /home/omen/GITHUB/PLASMA_WORLD/AthOS/REPO-AthOS/kstatusnotifieritem/work/kstatusnotifieritem-6.14.0/build/src/statusnotifieritemadaptor.h:15,
                 from /home/omen/GITHUB/PLASMA_WORLD/AthOS/REPO-AthOS/kstatusnotifieritem/work/kstatusnotifieritem-6.14.0/build/src/statusnotifieritemadaptor.cpp:11:
In function ‘constexpr _Tp std::__exchange(_Tp&, _Up&&) [with _Tp = KDbusImageStruct*; _Up = std::nullptr_t]’,
    inlined from ‘constexpr _Tp std::exchange(_Tp&, _Up&&) [with _Tp = KDbusImageStruct*; _Up = std::nullptr_t]’ at /usr/include/c++/14.2.0/utility:110:29,
    inlined from ‘QArrayDataPointer<T>::QArrayDataPointer(QArrayDataPointer<T>&&) [with T = KDbusImageStruct]’ at /usr/include/qt6/QtCore/qarraydatapointer.h:79:28,
    inlined from ‘QList<KDbusImageStruct>::QList(QList<KDbusImageStruct>&&)’ at /usr/include/qt6/QtCore/qlist.h:75:7,
    inlined from ‘KDbusToolTipStruct::KDbusToolTipStruct(KDbusToolTipStruct&&)’ at /home/omen/GITHUB/PLASMA_WORLD/AthOS/REPO-AthOS/kstatusnotifieritem/work/kstatusnotifieritem-6.14.0/src/kstatusnotifieritemdbus_p.h:27:8,
    inlined from ‘T qvariant_cast(QVariant&&) [with T = KDbusToolTipStruct]’ at /usr/include/qt6/QtCore/qvariant.h:774:67,
    inlined from ‘KDbusToolTipStruct StatusNotifierItemAdaptor::toolTip() const’ at /home/omen/GITHUB/PLASMA_WORLD/AthOS/REPO-AthOS/kstatusnotifieritem/work/kstatusnotifieritem-6.14.0/build/src/statusnotifieritemadaptor.cpp:123:77:
/usr/include/c++/14.2.0/bits/move.h:176:11: warning: array subscript 4 is outside array bounds of ‘QVariant [1]’ [-Warray-bounds=]
  176 |       _Tp __old_val = std::move(__obj);
      |           ^~~~~~~~~
/home/omen/GITHUB/PLASMA_WORLD/AthOS/REPO-AthOS/kstatusnotifieritem/work/kstatusnotifieritem-6.14.0/build/src/statusnotifieritemadaptor.cpp: In member function ‘KDbusToolTipStruct StatusNotifierItemAdaptor::toolTip() const’:
/home/omen/GITHUB/PLASMA_WORLD/AthOS/REPO-AthOS/kstatusnotifieritem/work/kstatusnotifieritem-6.14.0/build/src/statusnotifieritemadaptor.cpp:123:66: note: at offset 32 into object ‘<anonymous>’ of size 32
  123 |     return qvariant_cast< KDbusToolTipStruct >(parent()->property("ToolTip"));
      |                                                ~~~~~~~~~~~~~~~~~~^~~~~~~~~~~
In function ‘constexpr _Tp std::__exchange(_Tp&, _Up&&) [with _Tp = KDbusImageStruct*; _Up = std::nullptr_t]’,
    inlined from ‘constexpr _Tp std::exchange(_Tp&, _Up&&) [with _Tp = KDbusImageStruct*; _Up = std::nullptr_t]’ at /usr/include/c++/14.2.0/utility:110:29,
    inlined from ‘QArrayDataPointer<T>::QArrayDataPointer(QArrayDataPointer<T>&&) [with T = KDbusImageStruct]’ at /usr/include/qt6/QtCore/qarraydatapointer.h:79:28,
    inlined from ‘QList<KDbusImageStruct>::QList(QList<KDbusImageStruct>&&)’ at /usr/include/qt6/QtCore/qlist.h:75:7,
    inlined from ‘KDbusToolTipStruct::KDbusToolTipStruct(KDbusToolTipStruct&&)’ at /home/omen/GITHUB/PLASMA_WORLD/AthOS/REPO-AthOS/kstatusnotifieritem/work/kstatusnotifieritem-6.14.0/src/kstatusnotifieritemdbus_p.h:27:8,
    inlined from ‘T qvariant_cast(QVariant&&) [with T = KDbusToolTipStruct]’ at /usr/include/qt6/QtCore/qvariant.h:774:67,
    inlined from ‘KDbusToolTipStruct StatusNotifierItemAdaptor::toolTip() const’ at /home/omen/GITHUB/PLASMA_WORLD/AthOS/REPO-AthOS/kstatusnotifieritem/work/kstatusnotifieritem-6.14.0/build/src/statusnotifieritemadaptor.cpp:123:77:
/usr/include/c++/14.2.0/bits/move.h:177:13: warning: array subscript 4 is outside array bounds of ‘QVariant [1]’ [-Warray-bounds=]
  177 |       __obj = std::forward<_Up>(__new_val);
      |       ~~~~~~^~~~~~~~~~~~~~~~~~~~~~~~~~~~~~
/home/omen/GITHUB/PLASMA_WORLD/AthOS/REPO-AthOS/kstatusnotifieritem/work/kstatusnotifieritem-6.14.0/build/src/statusnotifieritemadaptor.cpp: In member function ‘KDbusToolTipStruct StatusNotifierItemAdaptor::toolTip() const’:
/home/omen/GITHUB/PLASMA_WORLD/AthOS/REPO-AthOS/kstatusnotifieritem/work/kstatusnotifieritem-6.14.0/build/src/statusnotifieritemadaptor.cpp:123:66: note: at offset 32 into object ‘<anonymous>’ of size 32
  123 |     return qvariant_cast< KDbusToolTipStruct >(parent()->property("ToolTip"));
      |                                                ~~~~~~~~~~~~~~~~~~^~~~~~~~~~~
In function ‘constexpr _Tp std::__exchange(_Tp&, _Up&&) [with _Tp = long long int; _Up = int]’,
    inlined from ‘constexpr _Tp std::exchange(_Tp&, _Up&&) [with _Tp = long long int; _Up = int]’ at /usr/include/c++/14.2.0/utility:110:29,
    inlined from ‘QArrayDataPointer<T>::QArrayDataPointer(QArrayDataPointer<T>&&) [with T = KDbusImageStruct]’ at /usr/include/qt6/QtCore/qarraydatapointer.h:80:29,
    inlined from ‘QList<KDbusImageStruct>::QList(QList<KDbusImageStruct>&&)’ at /usr/include/qt6/QtCore/qlist.h:75:7,
    inlined from ‘KDbusToolTipStruct::KDbusToolTipStruct(KDbusToolTipStruct&&)’ at /home/omen/GITHUB/PLASMA_WORLD/AthOS/REPO-AthOS/kstatusnotifieritem/work/kstatusnotifieritem-6.14.0/src/kstatusnotifieritemdbus_p.h:27:8,
    inlined from ‘T qvariant_cast(QVariant&&) [with T = KDbusToolTipStruct]’ at /usr/include/qt6/QtCore/qvariant.h:774:67,
    inlined from ‘KDbusToolTipStruct StatusNotifierItemAdaptor::toolTip() const’ at /home/omen/GITHUB/PLASMA_WORLD/AthOS/REPO-AthOS/kstatusnotifieritem/work/kstatusnotifieritem-6.14.0/build/src/statusnotifieritemadaptor.cpp:123:77:
/usr/include/c++/14.2.0/bits/move.h:176:11: warning: array subscript 5 is outside array bounds of ‘QVariant [1]’ [-Warray-bounds=]
  176 |       _Tp __old_val = std::move(__obj);
      |           ^~~~~~~~~
/home/omen/GITHUB/PLASMA_WORLD/AthOS/REPO-AthOS/kstatusnotifieritem/work/kstatusnotifieritem-6.14.0/build/src/statusnotifieritemadaptor.cpp: In member function ‘KDbusToolTipStruct StatusNotifierItemAdaptor::toolTip() const’:
/home/omen/GITHUB/PLASMA_WORLD/AthOS/REPO-AthOS/kstatusnotifieritem/work/kstatusnotifieritem-6.14.0/build/src/statusnotifieritemadaptor.cpp:123:66: note: at offset 40 into object ‘<anonymous>’ of size 32
  123 |     return qvariant_cast< KDbusToolTipStruct >(parent()->property("ToolTip"));
      |                                                ~~~~~~~~~~~~~~~~~~^~~~~~~~~~~
In function ‘constexpr _Tp std::__exchange(_Tp&, _Up&&) [with _Tp = long long int; _Up = int]’,
    inlined from ‘constexpr _Tp std::exchange(_Tp&, _Up&&) [with _Tp = long long int; _Up = int]’ at /usr/include/c++/14.2.0/utility:110:29,
    inlined from ‘QArrayDataPointer<T>::QArrayDataPointer(QArrayDataPointer<T>&&) [with T = KDbusImageStruct]’ at /usr/include/qt6/QtCore/qarraydatapointer.h:80:29,
    inlined from ‘QList<KDbusImageStruct>::QList(QList<KDbusImageStruct>&&)’ at /usr/include/qt6/QtCore/qlist.h:75:7,
    inlined from ‘KDbusToolTipStruct::KDbusToolTipStruct(KDbusToolTipStruct&&)’ at /home/omen/GITHUB/PLASMA_WORLD/AthOS/REPO-AthOS/kstatusnotifieritem/work/kstatusnotifieritem-6.14.0/src/kstatusnotifieritemdbus_p.h:27:8,
    inlined from ‘T qvariant_cast(QVariant&&) [with T = KDbusToolTipStruct]’ at /usr/include/qt6/QtCore/qvariant.h:774:67,
    inlined from ‘KDbusToolTipStruct StatusNotifierItemAdaptor::toolTip() const’ at /home/omen/GITHUB/PLASMA_WORLD/AthOS/REPO-AthOS/kstatusnotifieritem/work/kstatusnotifieritem-6.14.0/build/src/statusnotifieritemadaptor.cpp:123:77:
/usr/include/c++/14.2.0/bits/move.h:177:13: warning: array subscript 5 is outside array bounds of ‘QVariant [1]’ [-Warray-bounds=]
  177 |       __obj = std::forward<_Up>(__new_val);
      |       ~~~~~~^~~~~~~~~~~~~~~~~~~~~~~~~~~~~~
/home/omen/GITHUB/PLASMA_WORLD/AthOS/REPO-AthOS/kstatusnotifieritem/work/kstatusnotifieritem-6.14.0/build/src/statusnotifieritemadaptor.cpp: In member function ‘KDbusToolTipStruct StatusNotifierItemAdaptor::toolTip() const’:
/home/omen/GITHUB/PLASMA_WORLD/AthOS/REPO-AthOS/kstatusnotifieritem/work/kstatusnotifieritem-6.14.0/build/src/statusnotifieritemadaptor.cpp:123:66: note: at offset 40 into object ‘<anonymous>’ of size 32
  123 |     return qvariant_cast< KDbusToolTipStruct >(parent()->property("ToolTip"));
      |                                                ~~~~~~~~~~~~~~~~~~^~~~~~~~~~~
In function ‘constexpr _Tp std::__exchange(_Tp&, _Up&&) [with _Tp = QTypedArrayData<char16_t>*; _Up = std::nullptr_t]’,
    inlined from ‘constexpr _Tp std::exchange(_Tp&, _Up&&) [with _Tp = QTypedArrayData<char16_t>*; _Up = std::nullptr_t]’ at /usr/include/c++/14.2.0/utility:110:29,
    inlined from ‘QArrayDataPointer<T>::QArrayDataPointer(QArrayDataPointer<T>&&) [with T = char16_t]’ at /usr/include/qt6/QtCore/qarraydatapointer.h:78:26,
    inlined from ‘QString::QString(QString&&)’ at /usr/include/qt6/QtCore/qstring.h:182:12,
    inlined from ‘KDbusToolTipStruct::KDbusToolTipStruct(KDbusToolTipStruct&&)’ at /home/omen/GITHUB/PLASMA_WORLD/AthOS/REPO-AthOS/kstatusnotifieritem/work/kstatusnotifieritem-6.14.0/src/kstatusnotifieritemdbus_p.h:27:8,
    inlined from ‘T qvariant_cast(QVariant&&) [with T = KDbusToolTipStruct]’ at /usr/include/qt6/QtCore/qvariant.h:774:67,
    inlined from ‘KDbusToolTipStruct StatusNotifierItemAdaptor::toolTip() const’ at /home/omen/GITHUB/PLASMA_WORLD/AthOS/REPO-AthOS/kstatusnotifieritem/work/kstatusnotifieritem-6.14.0/build/src/statusnotifieritemadaptor.cpp:123:77:
/usr/include/c++/14.2.0/bits/move.h:176:11: warning: array subscript 6 is outside array bounds of ‘QVariant [1]’ [-Warray-bounds=]
  176 |       _Tp __old_val = std::move(__obj);
      |           ^~~~~~~~~
/home/omen/GITHUB/PLASMA_WORLD/AthOS/REPO-AthOS/kstatusnotifieritem/work/kstatusnotifieritem-6.14.0/build/src/statusnotifieritemadaptor.cpp: In member function ‘KDbusToolTipStruct StatusNotifierItemAdaptor::toolTip() const’:
/home/omen/GITHUB/PLASMA_WORLD/AthOS/REPO-AthOS/kstatusnotifieritem/work/kstatusnotifieritem-6.14.0/build/src/statusnotifieritemadaptor.cpp:123:66: note: at offset 48 into object ‘<anonymous>’ of size 32
  123 |     return qvariant_cast< KDbusToolTipStruct >(parent()->property("ToolTip"));
      |                                                ~~~~~~~~~~~~~~~~~~^~~~~~~~~~~
In function ‘constexpr _Tp std::__exchange(_Tp&, _Up&&) [with _Tp = QTypedArrayData<char16_t>*; _Up = std::nullptr_t]’,
    inlined from ‘constexpr _Tp std::exchange(_Tp&, _Up&&) [with _Tp = QTypedArrayData<char16_t>*; _Up = std::nullptr_t]’ at /usr/include/c++/14.2.0/utility:110:29,
    inlined from ‘QArrayDataPointer<T>::QArrayDataPointer(QArrayDataPointer<T>&&) [with T = char16_t]’ at /usr/include/qt6/QtCore/qarraydatapointer.h:78:26,
    inlined from ‘QString::QString(QString&&)’ at /usr/include/qt6/QtCore/qstring.h:182:12,
    inlined from ‘KDbusToolTipStruct::KDbusToolTipStruct(KDbusToolTipStruct&&)’ at /home/omen/GITHUB/PLASMA_WORLD/AthOS/REPO-AthOS/kstatusnotifieritem/work/kstatusnotifieritem-6.14.0/src/kstatusnotifieritemdbus_p.h:27:8,
    inlined from ‘T qvariant_cast(QVariant&&) [with T = KDbusToolTipStruct]’ at /usr/include/qt6/QtCore/qvariant.h:774:67,
    inlined from ‘KDbusToolTipStruct StatusNotifierItemAdaptor::toolTip() const’ at /home/omen/GITHUB/PLASMA_WORLD/AthOS/REPO-AthOS/kstatusnotifieritem/work/kstatusnotifieritem-6.14.0/build/src/statusnotifieritemadaptor.cpp:123:77:
/usr/include/c++/14.2.0/bits/move.h:177:13: warning: array subscript 6 is outside array bounds of ‘QVariant [1]’ [-Warray-bounds=]
  177 |       __obj = std::forward<_Up>(__new_val);
      |       ~~~~~~^~~~~~~~~~~~~~~~~~~~~~~~~~~~~~
/home/omen/GITHUB/PLASMA_WORLD/AthOS/REPO-AthOS/kstatusnotifieritem/work/kstatusnotifieritem-6.14.0/build/src/statusnotifieritemadaptor.cpp: In member function ‘KDbusToolTipStruct StatusNotifierItemAdaptor::toolTip() const’:
/home/omen/GITHUB/PLASMA_WORLD/AthOS/REPO-AthOS/kstatusnotifieritem/work/kstatusnotifieritem-6.14.0/build/src/statusnotifieritemadaptor.cpp:123:66: note: at offset 48 into object ‘<anonymous>’ of size 32
  123 |     return qvariant_cast< KDbusToolTipStruct >(parent()->property("ToolTip"));
      |                                                ~~~~~~~~~~~~~~~~~~^~~~~~~~~~~
In function ‘constexpr _Tp std::__exchange(_Tp&, _Up&&) [with _Tp = char16_t*; _Up = std::nullptr_t]’,
    inlined from ‘constexpr _Tp std::exchange(_Tp&, _Up&&) [with _Tp = char16_t*; _Up = std::nullptr_t]’ at /usr/include/c++/14.2.0/utility:110:29,
    inlined from ‘QArrayDataPointer<T>::QArrayDataPointer(QArrayDataPointer<T>&&) [with T = char16_t]’ at /usr/include/qt6/QtCore/qarraydatapointer.h:79:28,
    inlined from ‘QString::QString(QString&&)’ at /usr/include/qt6/QtCore/qstring.h:182:12,
    inlined from ‘KDbusToolTipStruct::KDbusToolTipStruct(KDbusToolTipStruct&&)’ at /home/omen/GITHUB/PLASMA_WORLD/AthOS/REPO-AthOS/kstatusnotifieritem/work/kstatusnotifieritem-6.14.0/src/kstatusnotifieritemdbus_p.h:27:8,
    inlined from ‘T qvariant_cast(QVariant&&) [with T = KDbusToolTipStruct]’ at /usr/include/qt6/QtCore/qvariant.h:774:67,
    inlined from ‘KDbusToolTipStruct StatusNotifierItemAdaptor::toolTip() const’ at /home/omen/GITHUB/PLASMA_WORLD/AthOS/REPO-AthOS/kstatusnotifieritem/work/kstatusnotifieritem-6.14.0/build/src/statusnotifieritemadaptor.cpp:123:77:
/usr/include/c++/14.2.0/bits/move.h:176:11: warning: array subscript 7 is outside array bounds of ‘QVariant [1]’ [-Warray-bounds=]
  176 |       _Tp __old_val = std::move(__obj);
      |           ^~~~~~~~~
/home/omen/GITHUB/PLASMA_WORLD/AthOS/REPO-AthOS/kstatusnotifieritem/work/kstatusnotifieritem-6.14.0/build/src/statusnotifieritemadaptor.cpp: In member function ‘KDbusToolTipStruct StatusNotifierItemAdaptor::toolTip() const’:
/home/omen/GITHUB/PLASMA_WORLD/AthOS/REPO-AthOS/kstatusnotifieritem/work/kstatusnotifieritem-6.14.0/build/src/statusnotifieritemadaptor.cpp:123:66: note: at offset 56 into object ‘<anonymous>’ of size 32
  123 |     return qvariant_cast< KDbusToolTipStruct >(parent()->property("ToolTip"));
      |                                                ~~~~~~~~~~~~~~~~~~^~~~~~~~~~~
In function ‘constexpr _Tp std::__exchange(_Tp&, _Up&&) [with _Tp = char16_t*; _Up = std::nullptr_t]’,
    inlined from ‘constexpr _Tp std::exchange(_Tp&, _Up&&) [with _Tp = char16_t*; _Up = std::nullptr_t]’ at /usr/include/c++/14.2.0/utility:110:29,
    inlined from ‘QArrayDataPointer<T>::QArrayDataPointer(QArrayDataPointer<T>&&) [with T = char16_t]’ at /usr/include/qt6/QtCore/qarraydatapointer.h:79:28,
    inlined from ‘QString::QString(QString&&)’ at /usr/include/qt6/QtCore/qstring.h:182:12,
    inlined from ‘KDbusToolTipStruct::KDbusToolTipStruct(KDbusToolTipStruct&&)’ at /home/omen/GITHUB/PLASMA_WORLD/AthOS/REPO-AthOS/kstatusnotifieritem/work/kstatusnotifieritem-6.14.0/src/kstatusnotifieritemdbus_p.h:27:8,
    inlined from ‘T qvariant_cast(QVariant&&) [with T = KDbusToolTipStruct]’ at /usr/include/qt6/QtCore/qvariant.h:774:67,
    inlined from ‘KDbusToolTipStruct StatusNotifierItemAdaptor::toolTip() const’ at /home/omen/GITHUB/PLASMA_WORLD/AthOS/REPO-AthOS/kstatusnotifieritem/work/kstatusnotifieritem-6.14.0/build/src/statusnotifieritemadaptor.cpp:123:77:
/usr/include/c++/14.2.0/bits/move.h:177:13: warning: array subscript 7 is outside array bounds of ‘QVariant [1]’ [-Warray-bounds=]
  177 |       __obj = std::forward<_Up>(__new_val);
      |       ~~~~~~^~~~~~~~~~~~~~~~~~~~~~~~~~~~~~
/home/omen/GITHUB/PLASMA_WORLD/AthOS/REPO-AthOS/kstatusnotifieritem/work/kstatusnotifieritem-6.14.0/build/src/statusnotifieritemadaptor.cpp: In member function ‘KDbusToolTipStruct StatusNotifierItemAdaptor::toolTip() const’:
/home/omen/GITHUB/PLASMA_WORLD/AthOS/REPO-AthOS/kstatusnotifieritem/work/kstatusnotifieritem-6.14.0/build/src/statusnotifieritemadaptor.cpp:123:66: note: at offset 56 into object ‘<anonymous>’ of size 32
  123 |     return qvariant_cast< KDbusToolTipStruct >(parent()->property("ToolTip"));
      |                                                ~~~~~~~~~~~~~~~~~~^~~~~~~~~~~
In function ‘constexpr _Tp std::__exchange(_Tp&, _Up&&) [with _Tp = long long int; _Up = int]’,
    inlined from ‘constexpr _Tp std::exchange(_Tp&, _Up&&) [with _Tp = long long int; _Up = int]’ at /usr/include/c++/14.2.0/utility:110:29,
    inlined from ‘QArrayDataPointer<T>::QArrayDataPointer(QArrayDataPointer<T>&&) [with T = char16_t]’ at /usr/include/qt6/QtCore/qarraydatapointer.h:80:29,
    inlined from ‘QString::QString(QString&&)’ at /usr/include/qt6/QtCore/qstring.h:182:12,
    inlined from ‘KDbusToolTipStruct::KDbusToolTipStruct(KDbusToolTipStruct&&)’ at /home/omen/GITHUB/PLASMA_WORLD/AthOS/REPO-AthOS/kstatusnotifieritem/work/kstatusnotifieritem-6.14.0/src/kstatusnotifieritemdbus_p.h:27:8,
    inlined from ‘T qvariant_cast(QVariant&&) [with T = KDbusToolTipStruct]’ at /usr/include/qt6/QtCore/qvariant.h:774:67,
    inlined from ‘KDbusToolTipStruct StatusNotifierItemAdaptor::toolTip() const’ at /home/omen/GITHUB/PLASMA_WORLD/AthOS/REPO-AthOS/kstatusnotifieritem/work/kstatusnotifieritem-6.14.0/build/src/statusnotifieritemadaptor.cpp:123:77:
/usr/include/c++/14.2.0/bits/move.h:176:11: warning: array subscript 8 is outside array bounds of ‘QVariant [1]’ [-Warray-bounds=]
  176 |       _Tp __old_val = std::move(__obj);
      |           ^~~~~~~~~
/home/omen/GITHUB/PLASMA_WORLD/AthOS/REPO-AthOS/kstatusnotifieritem/work/kstatusnotifieritem-6.14.0/build/src/statusnotifieritemadaptor.cpp: In member function ‘KDbusToolTipStruct StatusNotifierItemAdaptor::toolTip() const’:
/home/omen/GITHUB/PLASMA_WORLD/AthOS/REPO-AthOS/kstatusnotifieritem/work/kstatusnotifieritem-6.14.0/build/src/statusnotifieritemadaptor.cpp:123:66: note: at offset 64 into object ‘<anonymous>’ of size 32
  123 |     return qvariant_cast< KDbusToolTipStruct >(parent()->property("ToolTip"));
      |                                                ~~~~~~~~~~~~~~~~~~^~~~~~~~~~~
In function ‘constexpr _Tp std::__exchange(_Tp&, _Up&&) [with _Tp = long long int; _Up = int]’,
    inlined from ‘constexpr _Tp std::exchange(_Tp&, _Up&&) [with _Tp = long long int; _Up = int]’ at /usr/include/c++/14.2.0/utility:110:29,
    inlined from ‘QArrayDataPointer<T>::QArrayDataPointer(QArrayDataPointer<T>&&) [with T = char16_t]’ at /usr/include/qt6/QtCore/qarraydatapointer.h:80:29,
    inlined from ‘QString::QString(QString&&)’ at /usr/include/qt6/QtCore/qstring.h:182:12,
    inlined from ‘KDbusToolTipStruct::KDbusToolTipStruct(KDbusToolTipStruct&&)’ at /home/omen/GITHUB/PLASMA_WORLD/AthOS/REPO-AthOS/kstatusnotifieritem/work/kstatusnotifieritem-6.14.0/src/kstatusnotifieritemdbus_p.h:27:8,
    inlined from ‘T qvariant_cast(QVariant&&) [with T = KDbusToolTipStruct]’ at /usr/include/qt6/QtCore/qvariant.h:774:67,
    inlined from ‘KDbusToolTipStruct StatusNotifierItemAdaptor::toolTip() const’ at /home/omen/GITHUB/PLASMA_WORLD/AthOS/REPO-AthOS/kstatusnotifieritem/work/kstatusnotifieritem-6.14.0/build/src/statusnotifieritemadaptor.cpp:123:77:
/usr/include/c++/14.2.0/bits/move.h:177:13: warning: array subscript 8 is outside array bounds of ‘QVariant [1]’ [-Warray-bounds=]
  177 |       __obj = std::forward<_Up>(__new_val);
      |       ~~~~~~^~~~~~~~~~~~~~~~~~~~~~~~~~~~~~
/home/omen/GITHUB/PLASMA_WORLD/AthOS/REPO-AthOS/kstatusnotifieritem/work/kstatusnotifieritem-6.14.0/build/src/statusnotifieritemadaptor.cpp: In member function ‘KDbusToolTipStruct StatusNotifierItemAdaptor::toolTip() const’:
/home/omen/GITHUB/PLASMA_WORLD/AthOS/REPO-AthOS/kstatusnotifieritem/work/kstatusnotifieritem-6.14.0/build/src/statusnotifieritemadaptor.cpp:123:66: note: at offset 64 into object ‘<anonymous>’ of size 32
  123 |     return qvariant_cast< KDbusToolTipStruct >(parent()->property("ToolTip"));
      |                                                ~~~~~~~~~~~~~~~~~~^~~~~~~~~~~
In function ‘constexpr _Tp std::__exchange(_Tp&, _Up&&) [with _Tp = QTypedArrayData<char16_t>*; _Up = std::nullptr_t]’,
    inlined from ‘constexpr _Tp std::exchange(_Tp&, _Up&&) [with _Tp = QTypedArrayData<char16_t>*; _Up = std::nullptr_t]’ at /usr/include/c++/14.2.0/utility:110:29,
    inlined from ‘QArrayDataPointer<T>::QArrayDataPointer(QArrayDataPointer<T>&&) [with T = char16_t]’ at /usr/include/qt6/QtCore/qarraydatapointer.h:78:26,
    inlined from ‘QString::QString(QString&&)’ at /usr/include/qt6/QtCore/qstring.h:182:12,
    inlined from ‘KDbusToolTipStruct::KDbusToolTipStruct(KDbusToolTipStruct&&)’ at /home/omen/GITHUB/PLASMA_WORLD/AthOS/REPO-AthOS/kstatusnotifieritem/work/kstatusnotifieritem-6.14.0/src/kstatusnotifieritemdbus_p.h:27:8,
    inlined from ‘T qvariant_cast(QVariant&&) [with T = KDbusToolTipStruct]’ at /usr/include/qt6/QtCore/qvariant.h:774:67,
    inlined from ‘KDbusToolTipStruct StatusNotifierItemAdaptor::toolTip() const’ at /home/omen/GITHUB/PLASMA_WORLD/AthOS/REPO-AthOS/kstatusnotifieritem/work/kstatusnotifieritem-6.14.0/build/src/statusnotifieritemadaptor.cpp:123:77:
/usr/include/c++/14.2.0/bits/move.h:176:11: warning: array subscript 9 is outside array bounds of ‘QVariant [1]’ [-Warray-bounds=]
  176 |       _Tp __old_val = std::move(__obj);
      |           ^~~~~~~~~
/home/omen/GITHUB/PLASMA_WORLD/AthOS/REPO-AthOS/kstatusnotifieritem/work/kstatusnotifieritem-6.14.0/build/src/statusnotifieritemadaptor.cpp: In member function ‘KDbusToolTipStruct StatusNotifierItemAdaptor::toolTip() const’:
/home/omen/GITHUB/PLASMA_WORLD/AthOS/REPO-AthOS/kstatusnotifieritem/work/kstatusnotifieritem-6.14.0/build/src/statusnotifieritemadaptor.cpp:123:66: note: at offset 72 into object ‘<anonymous>’ of size 32
  123 |     return qvariant_cast< KDbusToolTipStruct >(parent()->property("ToolTip"));
      |                                                ~~~~~~~~~~~~~~~~~~^~~~~~~~~~~
In function ‘constexpr _Tp std::__exchange(_Tp&, _Up&&) [with _Tp = QTypedArrayData<char16_t>*; _Up = std::nullptr_t]’,
    inlined from ‘constexpr _Tp std::exchange(_Tp&, _Up&&) [with _Tp = QTypedArrayData<char16_t>*; _Up = std::nullptr_t]’ at /usr/include/c++/14.2.0/utility:110:29,
    inlined from ‘QArrayDataPointer<T>::QArrayDataPointer(QArrayDataPointer<T>&&) [with T = char16_t]’ at /usr/include/qt6/QtCore/qarraydatapointer.h:78:26,
    inlined from ‘QString::QString(QString&&)’ at /usr/include/qt6/QtCore/qstring.h:182:12,
    inlined from ‘KDbusToolTipStruct::KDbusToolTipStruct(KDbusToolTipStruct&&)’ at /home/omen/GITHUB/PLASMA_WORLD/AthOS/REPO-AthOS/kstatusnotifieritem/work/kstatusnotifieritem-6.14.0/src/kstatusnotifieritemdbus_p.h:27:8,
    inlined from ‘T qvariant_cast(QVariant&&) [with T = KDbusToolTipStruct]’ at /usr/include/qt6/QtCore/qvariant.h:774:67,
    inlined from ‘KDbusToolTipStruct StatusNotifierItemAdaptor::toolTip() const’ at /home/omen/GITHUB/PLASMA_WORLD/AthOS/REPO-AthOS/kstatusnotifieritem/work/kstatusnotifieritem-6.14.0/build/src/statusnotifieritemadaptor.cpp:123:77:
/usr/include/c++/14.2.0/bits/move.h:177:13: warning: array subscript 9 is outside array bounds of ‘QVariant [1]’ [-Warray-bounds=]
  177 |       __obj = std::forward<_Up>(__new_val);
      |       ~~~~~~^~~~~~~~~~~~~~~~~~~~~~~~~~~~~~
/home/omen/GITHUB/PLASMA_WORLD/AthOS/REPO-AthOS/kstatusnotifieritem/work/kstatusnotifieritem-6.14.0/build/src/statusnotifieritemadaptor.cpp: In member function ‘KDbusToolTipStruct StatusNotifierItemAdaptor::toolTip() const’:
/home/omen/GITHUB/PLASMA_WORLD/AthOS/REPO-AthOS/kstatusnotifieritem/work/kstatusnotifieritem-6.14.0/build/src/statusnotifieritemadaptor.cpp:123:66: note: at offset 72 into object ‘<anonymous>’ of size 32
  123 |     return qvariant_cast< KDbusToolTipStruct >(parent()->property("ToolTip"));
      |                                                ~~~~~~~~~~~~~~~~~~^~~~~~~~~~~
In function ‘constexpr _Tp std::__exchange(_Tp&, _Up&&) [with _Tp = char16_t*; _Up = std::nullptr_t]’,
    inlined from ‘constexpr _Tp std::exchange(_Tp&, _Up&&) [with _Tp = char16_t*; _Up = std::nullptr_t]’ at /usr/include/c++/14.2.0/utility:110:29,
    inlined from ‘QArrayDataPointer<T>::QArrayDataPointer(QArrayDataPointer<T>&&) [with T = char16_t]’ at /usr/include/qt6/QtCore/qarraydatapointer.h:79:28,
    inlined from ‘QString::QString(QString&&)’ at /usr/include/qt6/QtCore/qstring.h:182:12,
    inlined from ‘KDbusToolTipStruct::KDbusToolTipStruct(KDbusToolTipStruct&&)’ at /home/omen/GITHUB/PLASMA_WORLD/AthOS/REPO-AthOS/kstatusnotifieritem/work/kstatusnotifieritem-6.14.0/src/kstatusnotifieritemdbus_p.h:27:8,
    inlined from ‘T qvariant_cast(QVariant&&) [with T = KDbusToolTipStruct]’ at /usr/include/qt6/QtCore/qvariant.h:774:67,
    inlined from ‘KDbusToolTipStruct StatusNotifierItemAdaptor::toolTip() const’ at /home/omen/GITHUB/PLASMA_WORLD/AthOS/REPO-AthOS/kstatusnotifieritem/work/kstatusnotifieritem-6.14.0/build/src/statusnotifieritemadaptor.cpp:123:77:
/usr/include/c++/14.2.0/bits/move.h:176:11: warning: array subscript 10 is outside array bounds of ‘QVariant [1]’ [-Warray-bounds=]
  176 |       _Tp __old_val = std::move(__obj);
      |           ^~~~~~~~~
/home/omen/GITHUB/PLASMA_WORLD/AthOS/REPO-AthOS/kstatusnotifieritem/work/kstatusnotifieritem-6.14.0/build/src/statusnotifieritemadaptor.cpp: In member function ‘KDbusToolTipStruct StatusNotifierItemAdaptor::toolTip() const’:
/home/omen/GITHUB/PLASMA_WORLD/AthOS/REPO-AthOS/kstatusnotifieritem/work/kstatusnotifieritem-6.14.0/build/src/statusnotifieritemadaptor.cpp:123:66: note: at offset 80 into object ‘<anonymous>’ of size 32
  123 |     return qvariant_cast< KDbusToolTipStruct >(parent()->property("ToolTip"));
      |                                                ~~~~~~~~~~~~~~~~~~^~~~~~~~~~~
In function ‘constexpr _Tp std::__exchange(_Tp&, _Up&&) [with _Tp = char16_t*; _Up = std::nullptr_t]’,
    inlined from ‘constexpr _Tp std::exchange(_Tp&, _Up&&) [with _Tp = char16_t*; _Up = std::nullptr_t]’ at /usr/include/c++/14.2.0/utility:110:29,
    inlined from ‘QArrayDataPointer<T>::QArrayDataPointer(QArrayDataPointer<T>&&) [with T = char16_t]’ at /usr/include/qt6/QtCore/qarraydatapointer.h:79:28,
    inlined from ‘QString::QString(QString&&)’ at /usr/include/qt6/QtCore/qstring.h:182:12,
    inlined from ‘KDbusToolTipStruct::KDbusToolTipStruct(KDbusToolTipStruct&&)’ at /home/omen/GITHUB/PLASMA_WORLD/AthOS/REPO-AthOS/kstatusnotifieritem/work/kstatusnotifieritem-6.14.0/src/kstatusnotifieritemdbus_p.h:27:8,
    inlined from ‘T qvariant_cast(QVariant&&) [with T = KDbusToolTipStruct]’ at /usr/include/qt6/QtCore/qvariant.h:774:67,
    inlined from ‘KDbusToolTipStruct StatusNotifierItemAdaptor::toolTip() const’ at /home/omen/GITHUB/PLASMA_WORLD/AthOS/REPO-AthOS/kstatusnotifieritem/work/kstatusnotifieritem-6.14.0/build/src/statusnotifieritemadaptor.cpp:123:77:
/usr/include/c++/14.2.0/bits/move.h:177:13: warning: array subscript 10 is outside array bounds of ‘QVariant [1]’ [-Warray-bounds=]
  177 |       __obj = std::forward<_Up>(__new_val);
      |       ~~~~~~^~~~~~~~~~~~~~~~~~~~~~~~~~~~~~
/home/omen/GITHUB/PLASMA_WORLD/AthOS/REPO-AthOS/kstatusnotifieritem/work/kstatusnotifieritem-6.14.0/build/src/statusnotifieritemadaptor.cpp: In member function ‘KDbusToolTipStruct StatusNotifierItemAdaptor::toolTip() const’:
/home/omen/GITHUB/PLASMA_WORLD/AthOS/REPO-AthOS/kstatusnotifieritem/work/kstatusnotifieritem-6.14.0/build/src/statusnotifieritemadaptor.cpp:123:66: note: at offset 80 into object ‘<anonymous>’ of size 32
  123 |     return qvariant_cast< KDbusToolTipStruct >(parent()->property("ToolTip"));
      |                                                ~~~~~~~~~~~~~~~~~~^~~~~~~~~~~
In function ‘constexpr _Tp std::__exchange(_Tp&, _Up&&) [with _Tp = long long int; _Up = int]’,
    inlined from ‘constexpr _Tp std::exchange(_Tp&, _Up&&) [with _Tp = long long int; _Up = int]’ at /usr/include/c++/14.2.0/utility:110:29,
    inlined from ‘QArrayDataPointer<T>::QArrayDataPointer(QArrayDataPointer<T>&&) [with T = char16_t]’ at /usr/include/qt6/QtCore/qarraydatapointer.h:80:29,
    inlined from ‘QString::QString(QString&&)’ at /usr/include/qt6/QtCore/qstring.h:182:12,
    inlined from ‘KDbusToolTipStruct::KDbusToolTipStruct(KDbusToolTipStruct&&)’ at /home/omen/GITHUB/PLASMA_WORLD/AthOS/REPO-AthOS/kstatusnotifieritem/work/kstatusnotifieritem-6.14.0/src/kstatusnotifieritemdbus_p.h:27:8,
    inlined from ‘T qvariant_cast(QVariant&&) [with T = KDbusToolTipStruct]’ at /usr/include/qt6/QtCore/qvariant.h:774:67,
    inlined from ‘KDbusToolTipStruct StatusNotifierItemAdaptor::toolTip() const’ at /home/omen/GITHUB/PLASMA_WORLD/AthOS/REPO-AthOS/kstatusnotifieritem/work/kstatusnotifieritem-6.14.0/build/src/statusnotifieritemadaptor.cpp:123:77:
/usr/include/c++/14.2.0/bits/move.h:176:11: warning: array subscript 11 is outside array bounds of ‘QVariant [1]’ [-Warray-bounds=]
  176 |       _Tp __old_val = std::move(__obj);
      |           ^~~~~~~~~
/home/omen/GITHUB/PLASMA_WORLD/AthOS/REPO-AthOS/kstatusnotifieritem/work/kstatusnotifieritem-6.14.0/build/src/statusnotifieritemadaptor.cpp: In member function ‘KDbusToolTipStruct StatusNotifierItemAdaptor::toolTip() const’:
/home/omen/GITHUB/PLASMA_WORLD/AthOS/REPO-AthOS/kstatusnotifieritem/work/kstatusnotifieritem-6.14.0/build/src/statusnotifieritemadaptor.cpp:123:66: note: at offset 88 into object ‘<anonymous>’ of size 32
  123 |     return qvariant_cast< KDbusToolTipStruct >(parent()->property("ToolTip"));
      |                                                ~~~~~~~~~~~~~~~~~~^~~~~~~~~~~
In function ‘constexpr _Tp std::__exchange(_Tp&, _Up&&) [with _Tp = long long int; _Up = int]’,
    inlined from ‘constexpr _Tp std::exchange(_Tp&, _Up&&) [with _Tp = long long int; _Up = int]’ at /usr/include/c++/14.2.0/utility:110:29,
    inlined from ‘QArrayDataPointer<T>::QArrayDataPointer(QArrayDataPointer<T>&&) [with T = char16_t]’ at /usr/include/qt6/QtCore/qarraydatapointer.h:80:29,
    inlined from ‘QString::QString(QString&&)’ at /usr/include/qt6/QtCore/qstring.h:182:12,
    inlined from ‘KDbusToolTipStruct::KDbusToolTipStruct(KDbusToolTipStruct&&)’ at /home/omen/GITHUB/PLASMA_WORLD/AthOS/REPO-AthOS/kstatusnotifieritem/work/kstatusnotifieritem-6.14.0/src/kstatusnotifieritemdbus_p.h:27:8,
    inlined from ‘T qvariant_cast(QVariant&&) [with T = KDbusToolTipStruct]’ at /usr/include/qt6/QtCore/qvariant.h:774:67,
    inlined from ‘KDbusToolTipStruct StatusNotifierItemAdaptor::toolTip() const’ at /home/omen/GITHUB/PLASMA_WORLD/AthOS/REPO-AthOS/kstatusnotifieritem/work/kstatusnotifieritem-6.14.0/build/src/statusnotifieritemadaptor.cpp:123:77:
/usr/include/c++/14.2.0/bits/move.h:177:13: warning: array subscript 11 is outside array bounds of ‘QVariant [1]’ [-Warray-bounds=]
  177 |       __obj = std::forward<_Up>(__new_val);
      |       ~~~~~~^~~~~~~~~~~~~~~~~~~~~~~~~~~~~~
/home/omen/GITHUB/PLASMA_WORLD/AthOS/REPO-AthOS/kstatusnotifieritem/work/kstatusnotifieritem-6.14.0/build/src/statusnotifieritemadaptor.cpp: In member function ‘KDbusToolTipStruct StatusNotifierItemAdaptor::toolTip() const’:
/home/omen/GITHUB/PLASMA_WORLD/AthOS/REPO-AthOS/kstatusnotifieritem/work/kstatusnotifieritem-6.14.0/build/src/statusnotifieritemadaptor.cpp:123:66: note: at offset 88 into object ‘<anonymous>’ of size 32
  123 |     return qvariant_cast< KDbusToolTipStruct >(parent()->property("ToolTip"));
      |                                                ~~~~~~~~~~~~~~~~~~^~~~~~~~~~~
[64/71] Building CXX object src/CMakeFiles/KF6StatusNotifierItem.dir/kstatusnotifieritem.cpp.o
[65/71] Building CXX object src/CMakeFiles/KF6StatusNotifierItem.dir/libdbusmenu-qt/dbusmenuexporterdbus_p.cpp.o
[66/71] Linking CXX shared library bin/libKF6StatusNotifierItem.so.6.14.0
[67/71] Creating library symlink bin/libKF6StatusNotifierItem.so.6 bin/libKF6StatusNotifierItem.so
[68/71] Automatic MOC for target kstatusnotifieritemtest
[69/71] Building CXX object tests/CMakeFiles/kstatusnotifieritemtest.dir/kstatusnotifieritemtest_autogen/mocs_compilation.cpp.o
[70/71] Building CXX object tests/CMakeFiles/kstatusnotifieritemtest.dir/kstatusnotifieritemtest.cpp.o
[71/71] Linking CXX executable bin/kstatusnotifieritemtest
-- Install configuration: "RelWithDebInfo"
-- Installing: /home/omen/GITHUB/PLASMA_WORLD/AthOS/REPO-AthOS/kstatusnotifieritem/package-kstatusnotifieritem/usr/share/locale/ar/LC_MESSAGES/kstatusnotifieritem6_qt.qm
-- Installing: /home/omen/GITHUB/PLASMA_WORLD/AthOS/REPO-AthOS/kstatusnotifieritem/package-kstatusnotifieritem/usr/share/locale/ast/LC_MESSAGES/kstatusnotifieritem6_qt.qm
-- Installing: /home/omen/GITHUB/PLASMA_WORLD/AthOS/REPO-AthOS/kstatusnotifieritem/package-kstatusnotifieritem/usr/share/locale/bg/LC_MESSAGES/kstatusnotifieritem6_qt.qm
-- Installing: /home/omen/GITHUB/PLASMA_WORLD/AthOS/REPO-AthOS/kstatusnotifieritem/package-kstatusnotifieritem/usr/share/locale/ca/LC_MESSAGES/kstatusnotifieritem6_qt.qm
-- Installing: /home/omen/GITHUB/PLASMA_WORLD/AthOS/REPO-AthOS/kstatusnotifieritem/package-kstatusnotifieritem/usr/share/locale/ca@valencia/LC_MESSAGES/kstatusnotifieritem6_qt.qm
-- Installing: /home/omen/GITHUB/PLASMA_WORLD/AthOS/REPO-AthOS/kstatusnotifieritem/package-kstatusnotifieritem/usr/share/locale/cs/LC_MESSAGES/kstatusnotifieritem6_qt.qm
-- Installing: /home/omen/GITHUB/PLASMA_WORLD/AthOS/REPO-AthOS/kstatusnotifieritem/package-kstatusnotifieritem/usr/share/locale/de/LC_MESSAGES/kstatusnotifieritem6_qt.qm
-- Installing: /home/omen/GITHUB/PLASMA_WORLD/AthOS/REPO-AthOS/kstatusnotifieritem/package-kstatusnotifieritem/usr/share/locale/en_GB/LC_MESSAGES/kstatusnotifieritem6_qt.qm
-- Installing: /home/omen/GITHUB/PLASMA_WORLD/AthOS/REPO-AthOS/kstatusnotifieritem/package-kstatusnotifieritem/usr/share/locale/eo/LC_MESSAGES/kstatusnotifieritem6_qt.qm
-- Installing: /home/omen/GITHUB/PLASMA_WORLD/AthOS/REPO-AthOS/kstatusnotifieritem/package-kstatusnotifieritem/usr/share/locale/es/LC_MESSAGES/kstatusnotifieritem6_qt.qm
-- Installing: /home/omen/GITHUB/PLASMA_WORLD/AthOS/REPO-AthOS/kstatusnotifieritem/package-kstatusnotifieritem/usr/share/locale/eu/LC_MESSAGES/kstatusnotifieritem6_qt.qm
-- Installing: /home/omen/GITHUB/PLASMA_WORLD/AthOS/REPO-AthOS/kstatusnotifieritem/package-kstatusnotifieritem/usr/share/locale/fi/LC_MESSAGES/kstatusnotifieritem6_qt.qm
-- Installing: /home/omen/GITHUB/PLASMA_WORLD/AthOS/REPO-AthOS/kstatusnotifieritem/package-kstatusnotifieritem/usr/share/locale/fr/LC_MESSAGES/kstatusnotifieritem6_qt.qm
-- Installing: /home/omen/GITHUB/PLASMA_WORLD/AthOS/REPO-AthOS/kstatusnotifieritem/package-kstatusnotifieritem/usr/share/locale/gl/LC_MESSAGES/kstatusnotifieritem6_qt.qm
-- Installing: /home/omen/GITHUB/PLASMA_WORLD/AthOS/REPO-AthOS/kstatusnotifieritem/package-kstatusnotifieritem/usr/share/locale/he/LC_MESSAGES/kstatusnotifieritem6_qt.qm
-- Installing: /home/omen/GITHUB/PLASMA_WORLD/AthOS/REPO-AthOS/kstatusnotifieritem/package-kstatusnotifieritem/usr/share/locale/hi/LC_MESSAGES/kstatusnotifieritem6_qt.qm
-- Installing: /home/omen/GITHUB/PLASMA_WORLD/AthOS/REPO-AthOS/kstatusnotifieritem/package-kstatusnotifieritem/usr/share/locale/hu/LC_MESSAGES/kstatusnotifieritem6_qt.qm
-- Installing: /home/omen/GITHUB/PLASMA_WORLD/AthOS/REPO-AthOS/kstatusnotifieritem/package-kstatusnotifieritem/usr/share/locale/ia/LC_MESSAGES/kstatusnotifieritem6_qt.qm
-- Installing: /home/omen/GITHUB/PLASMA_WORLD/AthOS/REPO-AthOS/kstatusnotifieritem/package-kstatusnotifieritem/usr/share/locale/is/LC_MESSAGES/kstatusnotifieritem6_qt.qm
-- Installing: /home/omen/GITHUB/PLASMA_WORLD/AthOS/REPO-AthOS/kstatusnotifieritem/package-kstatusnotifieritem/usr/share/locale/it/LC_MESSAGES/kstatusnotifieritem6_qt.qm
-- Installing: /home/omen/GITHUB/PLASMA_WORLD/AthOS/REPO-AthOS/kstatusnotifieritem/package-kstatusnotifieritem/usr/share/locale/ja/LC_MESSAGES/kstatusnotifieritem6_qt.qm
-- Installing: /home/omen/GITHUB/PLASMA_WORLD/AthOS/REPO-AthOS/kstatusnotifieritem/package-kstatusnotifieritem/usr/share/locale/ka/LC_MESSAGES/kstatusnotifieritem6_qt.qm
-- Installing: /home/omen/GITHUB/PLASMA_WORLD/AthOS/REPO-AthOS/kstatusnotifieritem/package-kstatusnotifieritem/usr/share/locale/ko/LC_MESSAGES/kstatusnotifieritem6_qt.qm
-- Installing: /home/omen/GITHUB/PLASMA_WORLD/AthOS/REPO-AthOS/kstatusnotifieritem/package-kstatusnotifieritem/usr/share/locale/lt/LC_MESSAGES/kstatusnotifieritem6_qt.qm
-- Installing: /home/omen/GITHUB/PLASMA_WORLD/AthOS/REPO-AthOS/kstatusnotifieritem/package-kstatusnotifieritem/usr/share/locale/lv/LC_MESSAGES/kstatusnotifieritem6_qt.qm
-- Installing: /home/omen/GITHUB/PLASMA_WORLD/AthOS/REPO-AthOS/kstatusnotifieritem/package-kstatusnotifieritem/usr/share/locale/nl/LC_MESSAGES/kstatusnotifieritem6_qt.qm
-- Installing: /home/omen/GITHUB/PLASMA_WORLD/AthOS/REPO-AthOS/kstatusnotifieritem/package-kstatusnotifieritem/usr/share/locale/nn/LC_MESSAGES/kstatusnotifieritem6_qt.qm
-- Installing: /home/omen/GITHUB/PLASMA_WORLD/AthOS/REPO-AthOS/kstatusnotifieritem/package-kstatusnotifieritem/usr/share/locale/pl/LC_MESSAGES/kstatusnotifieritem6_qt.qm
-- Installing: /home/omen/GITHUB/PLASMA_WORLD/AthOS/REPO-AthOS/kstatusnotifieritem/package-kstatusnotifieritem/usr/share/locale/pt_BR/LC_MESSAGES/kstatusnotifieritem6_qt.qm
-- Installing: /home/omen/GITHUB/PLASMA_WORLD/AthOS/REPO-AthOS/kstatusnotifieritem/package-kstatusnotifieritem/usr/share/locale/ro/LC_MESSAGES/kstatusnotifieritem6_qt.qm
-- Installing: /home/omen/GITHUB/PLASMA_WORLD/AthOS/REPO-AthOS/kstatusnotifieritem/package-kstatusnotifieritem/usr/share/locale/ru/LC_MESSAGES/kstatusnotifieritem6_qt.qm
-- Installing: /home/omen/GITHUB/PLASMA_WORLD/AthOS/REPO-AthOS/kstatusnotifieritem/package-kstatusnotifieritem/usr/share/locale/sa/LC_MESSAGES/kstatusnotifieritem6_qt.qm
-- Installing: /home/omen/GITHUB/PLASMA_WORLD/AthOS/REPO-AthOS/kstatusnotifieritem/package-kstatusnotifieritem/usr/share/locale/sk/LC_MESSAGES/kstatusnotifieritem6_qt.qm
-- Installing: /home/omen/GITHUB/PLASMA_WORLD/AthOS/REPO-AthOS/kstatusnotifieritem/package-kstatusnotifieritem/usr/share/locale/sl/LC_MESSAGES/kstatusnotifieritem6_qt.qm
-- Installing: /home/omen/GITHUB/PLASMA_WORLD/AthOS/REPO-AthOS/kstatusnotifieritem/package-kstatusnotifieritem/usr/share/locale/sv/LC_MESSAGES/kstatusnotifieritem6_qt.qm
-- Installing: /home/omen/GITHUB/PLASMA_WORLD/AthOS/REPO-AthOS/kstatusnotifieritem/package-kstatusnotifieritem/usr/share/locale/ta/LC_MESSAGES/kstatusnotifieritem6_qt.qm
-- Installing: /home/omen/GITHUB/PLASMA_WORLD/AthOS/REPO-AthOS/kstatusnotifieritem/package-kstatusnotifieritem/usr/share/locale/tr/LC_MESSAGES/kstatusnotifieritem6_qt.qm
-- Installing: /home/omen/GITHUB/PLASMA_WORLD/AthOS/REPO-AthOS/kstatusnotifieritem/package-kstatusnotifieritem/usr/share/locale/uk/LC_MESSAGES/kstatusnotifieritem6_qt.qm
-- Installing: /home/omen/GITHUB/PLASMA_WORLD/AthOS/REPO-AthOS/kstatusnotifieritem/package-kstatusnotifieritem/usr/share/locale/zh_CN/LC_MESSAGES/kstatusnotifieritem6_qt.qm
-- Installing: /home/omen/GITHUB/PLASMA_WORLD/AthOS/REPO-AthOS/kstatusnotifieritem/package-kstatusnotifieritem/usr/share/locale/zh_TW/LC_MESSAGES/kstatusnotifieritem6_qt.qm
-- Installing: /home/omen/GITHUB/PLASMA_WORLD/AthOS/REPO-AthOS/kstatusnotifieritem/package-kstatusnotifieritem/usr/lib64/libKF6StatusNotifierItem.so.6.14.0
-- Installing: /home/omen/GITHUB/PLASMA_WORLD/AthOS/REPO-AthOS/kstatusnotifieritem/package-kstatusnotifieritem/usr/lib64/libKF6StatusNotifierItem.so.6
-- Installing: /home/omen/GITHUB/PLASMA_WORLD/AthOS/REPO-AthOS/kstatusnotifieritem/package-kstatusnotifieritem/usr/lib64/libKF6StatusNotifierItem.so
-- Installing: /home/omen/GITHUB/PLASMA_WORLD/AthOS/REPO-AthOS/kstatusnotifieritem/package-kstatusnotifieritem/usr/include/KF6/KStatusNotifierItem/kstatusnotifieritem_export.h
-- Installing: /home/omen/GITHUB/PLASMA_WORLD/AthOS/REPO-AthOS/kstatusnotifieritem/package-kstatusnotifieritem/usr/include/KF6/KStatusNotifierItem/KStatusNotifierItem
-- Installing: /home/omen/GITHUB/PLASMA_WORLD/AthOS/REPO-AthOS/kstatusnotifieritem/package-kstatusnotifieritem/usr/include/KF6/KStatusNotifierItem/kstatusnotifieritem.h
-- Installing: /home/omen/GITHUB/PLASMA_WORLD/AthOS/REPO-AthOS/kstatusnotifieritem/package-kstatusnotifieritem/usr/share/qlogging-categories6/kstatusnotifieritem.categories
-- Installing: /home/omen/GITHUB/PLASMA_WORLD/AthOS/REPO-AthOS/kstatusnotifieritem/package-kstatusnotifieritem/usr/doc/qt6-6.8.3_20250319_bab1fecd/KF6StatusNotifierItem.qch
-- Installing: /home/omen/GITHUB/PLASMA_WORLD/AthOS/REPO-AthOS/kstatusnotifieritem/package-kstatusnotifieritem/usr/doc/qt6-6.8.3_20250319_bab1fecd/KF6StatusNotifierItem.tags
-- Installing: /home/omen/GITHUB/PLASMA_WORLD/AthOS/REPO-AthOS/kstatusnotifieritem/package-kstatusnotifieritem/usr/share/dbus-1/interfaces/kf6_org.kde.StatusNotifierItem.xml
-- Installing: /home/omen/GITHUB/PLASMA_WORLD/AthOS/REPO-AthOS/kstatusnotifieritem/package-kstatusnotifieritem/usr/share/dbus-1/interfaces/kf6_org.kde.StatusNotifierWatcher.xml
-- Installing: /home/omen/GITHUB/PLASMA_WORLD/AthOS/REPO-AthOS/kstatusnotifieritem/package-kstatusnotifieritem/usr/lib64/cmake/KF6StatusNotifierItem/KF6StatusNotifierItemQchTargets.cmake
-- Installing: /home/omen/GITHUB/PLASMA_WORLD/AthOS/REPO-AthOS/kstatusnotifieritem/package-kstatusnotifieritem/usr/lib64/cmake/KF6StatusNotifierItem/KF6StatusNotifierItemConfig.cmake
-- Installing: /home/omen/GITHUB/PLASMA_WORLD/AthOS/REPO-AthOS/kstatusnotifieritem/package-kstatusnotifieritem/usr/lib64/cmake/KF6StatusNotifierItem/KF6StatusNotifierItemConfigVersion.cmake
-- Installing: /home/omen/GITHUB/PLASMA_WORLD/AthOS/REPO-AthOS/kstatusnotifieritem/package-kstatusnotifieritem/usr/lib64/cmake/KF6StatusNotifierItem/KF6StatusNotifierItemTargets.cmake
-- Installing: /home/omen/GITHUB/PLASMA_WORLD/AthOS/REPO-AthOS/kstatusnotifieritem/package-kstatusnotifieritem/usr/lib64/cmake/KF6StatusNotifierItem/KF6StatusNotifierItemTargets-relwithdebinfo.cmake
-- Installing: /home/omen/GITHUB/PLASMA_WORLD/AthOS/REPO-AthOS/kstatusnotifieritem/package-kstatusnotifieritem/usr/include/KF6/KStatusNotifierItem/kstatusnotifieritem_version.h
The main part of source code is ready. We are moving on to preparing post install scripts, docs, license, man pages etc..
cp: cannot stat 'AUTHORS': No such file or directory
cp: cannot stat 'ChangeLog*': No such file or directory
cp: cannot stat 'COPYING': No such file or directory
cp: cannot stat 'CREDITS': No such file or directory
cp: cannot stat 'LICENSE': No such file or directory
cp: cannot stat 'MAINTAINERS': No such file or directory
cp: cannot stat 'NEWS': No such file or directory
cp: cannot stat 'docs': No such file or directory
cp: cannot stat 'DOCS': No such file or directory
grep: /home/omen/GITHUB/PLASMA_WORLD/AthOS/REPO-AthOS/kstatusnotifieritem/kstatusnotifieritem.info: No such file or directory
doxygen
extra-cmake-modules
kwindowsystem
Packaging compiled for slackware installation...
MAKEPKG_FLAGS is empty or unset, using default

Slackware package maker, version 3.14159265.

Searching for symbolic links:
usr/lib64/libKF6StatusNotifierItem.so	libKF6StatusNotifierItem.so.6
usr/lib64/libKF6StatusNotifierItem.so.6	libKF6StatusNotifierItem.so.6.14.0

Making symbolic link creation script:
( cd usr/lib64 ; rm -rf libKF6StatusNotifierItem.so )
( cd usr/lib64 ; ln -sf libKF6StatusNotifierItem.so.6 libKF6StatusNotifierItem.so )
( cd usr/lib64 ; rm -rf libKF6StatusNotifierItem.so.6 )
( cd usr/lib64 ; ln -sf libKF6StatusNotifierItem.so.6.14.0 libKF6StatusNotifierItem.so.6 )

Unless your existing installation script already contains the code
to create these links, you should append these lines to your existing
install script. Now's your chance. :^)

Would you like to add this stuff to the existing install script and
remove the symbolic links ([y]es, [n]o)? y


Removing symbolic links:
removed './usr/lib64/libKF6StatusNotifierItem.so'
removed './usr/lib64/libKF6StatusNotifierItem.so.6'

Updating your ./install/doinst.sh...

This next step is optional - you can set the directories in your package
to some sane permissions. If any of the directories in your package have
special permissions, then DO NOT reset them here!

Would you like to reset all directory permissions to 755 (drwxr-xr-x) and
directory ownerships to root:root ([y]es, [n]o)? n


Creating Slackware package:  /tmp/kstatusnotifieritem/kstatusnotifieritem-6.14.0-x86_64-1_rtz.tlz

./
install/
install/doinst.sh
install/slack-desc
usr/
usr/doc/
usr/doc/kstatusnotifieritem-6.14.0/
usr/doc/kstatusnotifieritem-6.14.0/README.md
usr/doc/kstatusnotifieritem-6.14.0/kstatusnotifieritem.ini
usr/doc/kstatusnotifieritem-6.14.0/slack-required
usr/doc/qt6-6.8.3_20250319_bab1fecd/
usr/doc/qt6-6.8.3_20250319_bab1fecd/KF6StatusNotifierItem.qch
usr/doc/qt6-6.8.3_20250319_bab1fecd/KF6StatusNotifierItem.tags
usr/include/
usr/include/KF6/
usr/include/KF6/KStatusNotifierItem/
usr/include/KF6/KStatusNotifierItem/KStatusNotifierItem
usr/include/KF6/KStatusNotifierItem/kstatusnotifieritem.h
usr/include/KF6/KStatusNotifierItem/kstatusnotifieritem_export.h
usr/include/KF6/KStatusNotifierItem/kstatusnotifieritem_version.h
usr/lib64/
usr/lib64/cmake/
usr/lib64/cmake/KF6StatusNotifierItem/
usr/lib64/cmake/KF6StatusNotifierItem/KF6StatusNotifierItemConfig.cmake
usr/lib64/cmake/KF6StatusNotifierItem/KF6StatusNotifierItemConfigVersion.cmake
usr/lib64/cmake/KF6StatusNotifierItem/KF6StatusNotifierItemQchTargets.cmake
usr/lib64/cmake/KF6StatusNotifierItem/KF6StatusNotifierItemTargets-relwithdebinfo.cmake
usr/lib64/cmake/KF6StatusNotifierItem/KF6StatusNotifierItemTargets.cmake
usr/lib64/libKF6StatusNotifierItem.so.6.14.0
usr/share/
usr/share/dbus-1/
usr/share/dbus-1/interfaces/
usr/share/dbus-1/interfaces/kf6_org.kde.StatusNotifierItem.xml
usr/share/dbus-1/interfaces/kf6_org.kde.StatusNotifierWatcher.xml
usr/share/locale/
usr/share/locale/ar/
usr/share/locale/ar/LC_MESSAGES/
usr/share/locale/ar/LC_MESSAGES/kstatusnotifieritem6_qt.qm
usr/share/locale/ast/
usr/share/locale/ast/LC_MESSAGES/
usr/share/locale/ast/LC_MESSAGES/kstatusnotifieritem6_qt.qm
usr/share/locale/bg/
usr/share/locale/bg/LC_MESSAGES/
usr/share/locale/bg/LC_MESSAGES/kstatusnotifieritem6_qt.qm
usr/share/locale/ca/
usr/share/locale/ca/LC_MESSAGES/
usr/share/locale/ca/LC_MESSAGES/kstatusnotifieritem6_qt.qm
usr/share/locale/ca@valencia/
usr/share/locale/ca@valencia/LC_MESSAGES/
usr/share/locale/ca@valencia/LC_MESSAGES/kstatusnotifieritem6_qt.qm
usr/share/locale/cs/
usr/share/locale/cs/LC_MESSAGES/
usr/share/locale/cs/LC_MESSAGES/kstatusnotifieritem6_qt.qm
usr/share/locale/de/
usr/share/locale/de/LC_MESSAGES/
usr/share/locale/de/LC_MESSAGES/kstatusnotifieritem6_qt.qm
usr/share/locale/en_GB/
usr/share/locale/en_GB/LC_MESSAGES/
usr/share/locale/en_GB/LC_MESSAGES/kstatusnotifieritem6_qt.qm
usr/share/locale/eo/
usr/share/locale/eo/LC_MESSAGES/
usr/share/locale/eo/LC_MESSAGES/kstatusnotifieritem6_qt.qm
usr/share/locale/es/
usr/share/locale/es/LC_MESSAGES/
usr/share/locale/es/LC_MESSAGES/kstatusnotifieritem6_qt.qm
usr/share/locale/eu/
usr/share/locale/eu/LC_MESSAGES/
usr/share/locale/eu/LC_MESSAGES/kstatusnotifieritem6_qt.qm
usr/share/locale/fi/
usr/share/locale/fi/LC_MESSAGES/
usr/share/locale/fi/LC_MESSAGES/kstatusnotifieritem6_qt.qm
usr/share/locale/fr/
usr/share/locale/fr/LC_MESSAGES/
usr/share/locale/fr/LC_MESSAGES/kstatusnotifieritem6_qt.qm
usr/share/locale/gl/
usr/share/locale/gl/LC_MESSAGES/
usr/share/locale/gl/LC_MESSAGES/kstatusnotifieritem6_qt.qm
usr/share/locale/he/
usr/share/locale/he/LC_MESSAGES/
usr/share/locale/he/LC_MESSAGES/kstatusnotifieritem6_qt.qm
usr/share/locale/hi/
usr/share/locale/hi/LC_MESSAGES/
usr/share/locale/hi/LC_MESSAGES/kstatusnotifieritem6_qt.qm
usr/share/locale/hu/
usr/share/locale/hu/LC_MESSAGES/
usr/share/locale/hu/LC_MESSAGES/kstatusnotifieritem6_qt.qm
usr/share/locale/ia/
usr/share/locale/ia/LC_MESSAGES/
usr/share/locale/ia/LC_MESSAGES/kstatusnotifieritem6_qt.qm
usr/share/locale/is/
usr/share/locale/is/LC_MESSAGES/
usr/share/locale/is/LC_MESSAGES/kstatusnotifieritem6_qt.qm
usr/share/locale/it/
usr/share/locale/it/LC_MESSAGES/
usr/share/locale/it/LC_MESSAGES/kstatusnotifieritem6_qt.qm
usr/share/locale/ja/
usr/share/locale/ja/LC_MESSAGES/
usr/share/locale/ja/LC_MESSAGES/kstatusnotifieritem6_qt.qm
usr/share/locale/ka/
usr/share/locale/ka/LC_MESSAGES/
usr/share/locale/ka/LC_MESSAGES/kstatusnotifieritem6_qt.qm
usr/share/locale/ko/
usr/share/locale/ko/LC_MESSAGES/
usr/share/locale/ko/LC_MESSAGES/kstatusnotifieritem6_qt.qm
usr/share/locale/lt/
usr/share/locale/lt/LC_MESSAGES/
usr/share/locale/lt/LC_MESSAGES/kstatusnotifieritem6_qt.qm
usr/share/locale/lv/
usr/share/locale/lv/LC_MESSAGES/
usr/share/locale/lv/LC_MESSAGES/kstatusnotifieritem6_qt.qm
usr/share/locale/nl/
usr/share/locale/nl/LC_MESSAGES/
usr/share/locale/nl/LC_MESSAGES/kstatusnotifieritem6_qt.qm
usr/share/locale/nn/
usr/share/locale/nn/LC_MESSAGES/
usr/share/locale/nn/LC_MESSAGES/kstatusnotifieritem6_qt.qm
usr/share/locale/pl/
usr/share/locale/pl/LC_MESSAGES/
usr/share/locale/pl/LC_MESSAGES/kstatusnotifieritem6_qt.qm
usr/share/locale/pt_BR/
usr/share/locale/pt_BR/LC_MESSAGES/
usr/share/locale/pt_BR/LC_MESSAGES/kstatusnotifieritem6_qt.qm
usr/share/locale/ro/
usr/share/locale/ro/LC_MESSAGES/
usr/share/locale/ro/LC_MESSAGES/kstatusnotifieritem6_qt.qm
usr/share/locale/ru/
usr/share/locale/ru/LC_MESSAGES/
usr/share/locale/ru/LC_MESSAGES/kstatusnotifieritem6_qt.qm
usr/share/locale/sa/
usr/share/locale/sa/LC_MESSAGES/
usr/share/locale/sa/LC_MESSAGES/kstatusnotifieritem6_qt.qm
usr/share/locale/sk/
usr/share/locale/sk/LC_MESSAGES/
usr/share/locale/sk/LC_MESSAGES/kstatusnotifieritem6_qt.qm
usr/share/locale/sl/
usr/share/locale/sl/LC_MESSAGES/
usr/share/locale/sl/LC_MESSAGES/kstatusnotifieritem6_qt.qm
usr/share/locale/sv/
usr/share/locale/sv/LC_MESSAGES/
usr/share/locale/sv/LC_MESSAGES/kstatusnotifieritem6_qt.qm
usr/share/locale/ta/
usr/share/locale/ta/LC_MESSAGES/
usr/share/locale/ta/LC_MESSAGES/kstatusnotifieritem6_qt.qm
usr/share/locale/tr/
usr/share/locale/tr/LC_MESSAGES/
usr/share/locale/tr/LC_MESSAGES/kstatusnotifieritem6_qt.qm
usr/share/locale/uk/
usr/share/locale/uk/LC_MESSAGES/
usr/share/locale/uk/LC_MESSAGES/kstatusnotifieritem6_qt.qm
usr/share/locale/zh_CN/
usr/share/locale/zh_CN/LC_MESSAGES/
usr/share/locale/zh_CN/LC_MESSAGES/kstatusnotifieritem6_qt.qm
usr/share/locale/zh_TW/
usr/share/locale/zh_TW/LC_MESSAGES/
usr/share/locale/zh_TW/LC_MESSAGES/kstatusnotifieritem6_qt.qm
usr/share/qlogging-categories6/
usr/share/qlogging-categories6/kstatusnotifieritem.categories

Slackware package /tmp/kstatusnotifieritem/kstatusnotifieritem-6.14.0-x86_64-1_rtz.tlz created.

Create shared object file for kstatusnotifieritem-6.14.0-x86_64-1_rtz.tlz
Creating /tmp/kstatusnotifieritem/kstatusnotifieritem-6.14.0-x86_64-1_rtz.tlz.so.file using /tmp/kstatusnotifieritem/kstatusnotifieritem-6.14.0-x86_64-1_rtz.tlz
Successfully created /tmp/kstatusnotifieritem/kstatusnotifieritem-6.14.0-x86_64-1_rtz.tlz.so.file
Packaging of executable and meta-data in kstatusnotifieritem.tar.lz4 format.
/tmp/kstatusnotifieritem /tmp/kstatusnotifieritem
/tmp/kstatusnotifieritem
BIN_NAME
README
kstatusnotifieritem-6.14.0-x86_64-1_rtz.tlz
kstatusnotifieritem-6.14.0-x86_64-1_rtz.tlz.md5
kstatusnotifieritem-6.14.0-x86_64-1_rtz.tlz.so.file
kstatusnotifieritem-6.14.0-x86_64-1_rtz.tlz.txt
kstatusnotifieritem.dep
makepkg-kstatusnotifieritem.log
kstatusnotifieritem build finished. Procced to installation...

+======================================================================================================================================+
| Upgrading kstatusnotifieritem-6.14.0-x86_64-1_rtz package using /tmp/kstatusnotifieritem/kstatusnotifieritem-6.14.0-x86_64-1_rtz.tlz |
+======================================================================================================================================+

Pre-installing package kstatusnotifieritem-6.14.0-x86_64-1_rtz...
Removing package: kstatusnotifieritem-6.14.0-x86_64-1_rtz-upgraded-2025-05-14,22:18:40
Installing package kstatusnotifieritem-6.14.0-x86_64-1_rtz.tlz:
PACKAGE DESCRIPTION:
# kstatusnotifieritem (Implementation)
#
# Implementation of Status Notifier Items
#
# https://community.kde.org/Frameworks
Executing install script for kstatusnotifieritem-6.14.0-x86_64-1_rtz.tlz.
Font directories:
	/usr/share/fonts
/usr/share/fonts: caching, new cache contents: 0 fonts, 11 dirs
/usr/share/fonts/100dpi: caching, new cache contents: 238 fonts, 0 dirs
/usr/share/fonts/75dpi: caching, new cache contents: 238 fonts, 0 dirs
/usr/share/fonts/OTF: caching, new cache contents: 124 fonts, 0 dirs
/usr/share/fonts/Speedo: caching, new cache contents: 0 fonts, 0 dirs
/usr/share/fonts/TTF: caching, new cache contents: 1132 fonts, 0 dirs
/usr/share/fonts/Type1: caching, new cache contents: 64 fonts, 0 dirs
/usr/share/fonts/cyrillic: caching, new cache contents: 0 fonts, 0 dirs
/usr/share/fonts/encodings: caching, new cache contents: 0 fonts, 1 dirs
/usr/share/fonts/encodings/large: caching, new cache contents: 0 fonts, 0 dirs
/usr/share/fonts/kanjistrokeorders: caching, new cache contents: 1 fonts, 0 dirs
/usr/share/fonts/misc: caching, new cache contents: 143 fonts, 0 dirs
/usr/share/fonts/util: caching, new cache contents: 0 fonts, 0 dirs
/var/cache/fontconfig: cleaning cache directory
/root/.cache/fontconfig: not cleaning non-existent cache directory
/root/.fontconfig: not cleaning non-existent cache directory
/usr/bin/fc-cache: succeeded
Package kstatusnotifieritem-6.14.0-x86_64-1_rtz.tlz installed.
Package kstatusnotifieritem-6.14.0-x86_64-1_rtz upgraded with new package /tmp/kstatusnotifieritem/kstatusnotifieritem-6.14.0-x86_64-1_rtz.tlz.
Cleaning environmet: Removing source code, and work-space...
rm: cannot remove 'kstatusnotifieritem-6.14.0.tar.xz': No such file or directory
