[32mStarting build process...[0m
Detected architecture: x86_64
Required dependencies: extra-cmake-modules	kcompletion	kconfig	kconfigwidgets	kcoreaddons	kcrash	kdoctools	ki18n	kio	kwidgetsaddons	kxmlgui
extra-cmake-modules is already installed!
kcompletion is already installed!
kconfig is already installed!
kconfigwidgets is already installed!
kcoreaddons is already installed!
kcrash is already installed!
kdoctools is already installed!
ki18n is already installed!
kio is already installed!
kwidgetsaddons is already installed!
kxmlgui is already installed!
No optional dependencies found.
Downloading source code tar.xz file
--2025-05-28 20:32:10--  https://download.kde.org/stable/release-service/25.04.1/src/kmouth-25.04.1.tar.xz
Resolving download.kde.org (download.kde.org)... 49.12.122.15, 2a01:4f8:242:53eb::4
Connecting to download.kde.org (download.kde.org)|49.12.122.15|:443... connected.
HTTP request sent, awaiting response... 302 Found
Location: https://ftp.cc.uoc.gr/mirrors/kde/stable/release-service/25.04.1/src/kmouth-25.04.1.tar.xz [following]
--2025-05-28 20:32:10--  https://ftp.cc.uoc.gr/mirrors/kde/stable/release-service/25.04.1/src/kmouth-25.04.1.tar.xz
Resolving ftp.cc.uoc.gr (ftp.cc.uoc.gr)... 147.52.159.50, 2001:648:2c00:6c08::2
Connecting to ftp.cc.uoc.gr (ftp.cc.uoc.gr)|147.52.159.50|:443... connected.
HTTP request sent, awaiting response... 200 OK
Length: 1945216 (1.9M) [application/octet-stream]
Saving to: ‘kmouth-25.04.1.tar.xz’

     0K .......... .......... .......... .......... ..........  2% 1.37M 1s
    50K .......... .......... .......... .......... ..........  5% 1.48M 1s
   100K .......... .......... .......... .......... ..........  7% 4.29M 1s
   150K .......... .......... .......... .......... .......... 10%  688K 1s
   200K .......... .......... .......... .......... .......... 13% 9.85M 1s
   250K .......... .......... .......... .......... .......... 15% 6.58M 1s
   300K .......... .......... .......... .......... .......... 18% 7.17M 1s
   350K .......... .......... .......... .......... .......... 21% 2.27M 1s
   400K .......... .......... .......... .......... .......... 23% 4.12M 1s
   450K .......... .......... .......... .......... .......... 26%  676K 1s
   500K .......... .......... .......... .......... .......... 28% 9.82M 1s
   550K .......... .......... .......... .......... .......... 31% 2.35M 1s
   600K .......... .......... .......... .......... .......... 34% 1.80M 1s
   650K .......... .......... .......... .......... .......... 36%  672K 1s
   700K .......... .......... .......... .......... .......... 39% 61.5M 1s
   750K .......... .......... .......... .......... .......... 42%  970K 1s
   800K .......... .......... .......... .......... .......... 44% 1.60M 1s
   850K .......... .......... .......... .......... .......... 47% 1.69M 1s
   900K .......... .......... .......... .......... .......... 50% 1.63M 1s
   950K .......... .......... .......... .......... .......... 52% 1.84M 1s
  1000K .......... .......... .......... .......... .......... 55% 1.46M 0s
  1050K .......... .......... .......... .......... .......... 57% 1.98M 0s
  1100K .......... .......... .......... .......... .......... 60% 1.47M 0s
  1150K .......... .......... .......... .......... .......... 63% 1.13M 0s
  1200K .......... .......... .......... .......... .......... 65% 2.71M 0s
  1250K .......... .......... .......... .......... .......... 68% 1.55M 0s
  1300K .......... .......... .......... .......... .......... 71% 1.47M 0s
  1350K .......... .......... .......... .......... .......... 73% 1.95M 0s
  1400K .......... .......... .......... .......... .......... 76% 1.69M 0s
  1450K .......... .......... .......... .......... .......... 78% 1.54M 0s
  1500K .......... .......... .......... .......... .......... 81% 2.75M 0s
  1550K .......... .......... .......... .......... .......... 84% 1.32M 0s
  1600K .......... .......... .......... .......... .......... 86% 1.83M 0s
  1650K .......... .......... .......... .......... .......... 89% 1.58M 0s
  1700K .......... .......... .......... .......... .......... 92% 2.03M 0s
  1750K .......... .......... .......... .......... .......... 94% 2.68M 0s
  1800K .......... .......... .......... .......... .......... 97% 1.66M 0s
  1850K .......... .......... .......... .......... ......... 100% 1.70M=1.1s

2025-05-28 20:32:12 (1.70 MB/s) - ‘kmouth-25.04.1.tar.xz’ saved [1945216/1945216]

Found file: kmouth-25.04.1.tar.xz
No checksum provided. Skipping checksum verification and proceeding...
Creating working directories and exporting source code in...
kmouth-25.04.1/
kmouth-25.04.1/kmouth.qrc
kmouth-25.04.1/texttospeechconfigurationwidget.cpp
kmouth-25.04.1/kmouth.h
kmouth-25.04.1/phraselist.h
kmouth-25.04.1/icons/
kmouth-25.04.1/icons/32-actions-phrasebook.png
kmouth-25.04.1/icons/16-actions-phrasebook.png
kmouth-25.04.1/icons/128-apps-kmouth.png
kmouth-25.04.1/icons/32-actions-phrase.png
kmouth-25.04.1/icons/22-actions-phrasebook.png
kmouth-25.04.1/icons/sc-apps-kmouth.svg
kmouth-25.04.1/icons/16-actions-phrase.png
kmouth-25.04.1/icons/CMakeLists.txt
kmouth-25.04.1/icons/22-actions-phrase.png
kmouth-25.04.1/texttospeechconfigurationwidget.h
kmouth-25.04.1/preferencesui.ui
kmouth-25.04.1/phraselist.cpp
kmouth-25.04.1/phrasebook/
kmouth-25.04.1/phrasebook/initialphrasebookwidget.h
kmouth-25.04.1/phrasebook/phrasebookreader.cpp
kmouth-25.04.1/phrasebook/phrasebookdialog.cpp
kmouth-25.04.1/phrasebook/phrasebookreader.h
kmouth-25.04.1/phrasebook/phrasebook.h
kmouth-25.04.1/phrasebook/phrasebookdialog.ui
kmouth-25.04.1/phrasebook/initialphrasebookwidget.cpp
kmouth-25.04.1/phrasebook/phrasebook.cpp
kmouth-25.04.1/phrasebook/phrasebookdialog.h
kmouth-25.04.1/AUTHORS
kmouth-25.04.1/optionsdialog.h
kmouth-25.04.1/CMakePresets.json.license
kmouth-25.04.1/CMakePresets.json
kmouth-25.04.1/Messages.sh
kmouth-25.04.1/optionsdialog.cpp
kmouth-25.04.1/.gitlab-ci.yml
kmouth-25.04.1/doc/
kmouth-25.04.1/doc/kmouthwizard1.png
kmouth-25.04.1/doc/kmouthctts.png
kmouth-25.04.1/doc/index.docbook
kmouth-25.04.1/doc/kmouthmain.png
kmouth-25.04.1/doc/kmouthcpref.png
kmouth-25.04.1/doc/man-kmouth.1.docbook
kmouth-25.04.1/doc/kmouthwizard3.png
kmouth-25.04.1/doc/kmouthcwcp.png
kmouth-25.04.1/doc/CMakeLists.txt
kmouth-25.04.1/doc/kmouthedit.png
kmouth-25.04.1/logo.png
kmouth-25.04.1/snapcraft.yaml
kmouth-25.04.1/configwizard.cpp
kmouth-25.04.1/speech.cpp
kmouth-25.04.1/texttospeechconfigurationui.ui
kmouth-25.04.1/phrasebookdialogui.rc
kmouth-25.04.1/.kde-ci.yml
kmouth-25.04.1/org.kde.kmouth.appdata.xml
kmouth-25.04.1/COPYING.DOC
kmouth-25.04.1/org.kde.kmouth.desktop
kmouth-25.04.1/texttospeechsystem.cpp
kmouth-25.04.1/kmouthui.rc
kmouth-25.04.1/main.cpp
kmouth-25.04.1/kmouth.cpp
kmouth-25.04.1/wordcompletion/
kmouth-25.04.1/wordcompletion/wordlist.cpp
kmouth-25.04.1/wordcompletion/dictionarycreationwizard.h
kmouth-25.04.1/wordcompletion/wordcompletion.cpp
kmouth-25.04.1/wordcompletion/wordlist.h
kmouth-25.04.1/wordcompletion/creationsourcedetailsui.ui
kmouth-25.04.1/wordcompletion/wordcompletionwidget.cpp
kmouth-25.04.1/wordcompletion/dictionarycreationwizard.cpp
kmouth-25.04.1/wordcompletion/creationsourceui.ui
kmouth-25.04.1/wordcompletion/wordcompletionui.ui
kmouth-25.04.1/wordcompletion/kdedocsourceui.ui
kmouth-25.04.1/wordcompletion/wordcompletion.h
kmouth-25.04.1/wordcompletion/wordcompletionwidget.h
kmouth-25.04.1/speech.h
kmouth-25.04.1/configwizard.h
kmouth-25.04.1/po/
kmouth-25.04.1/po/fa/
kmouth-25.04.1/po/fa/kmouth.po
kmouth-25.04.1/po/bg/
kmouth-25.04.1/po/bg/kmouth.po
kmouth-25.04.1/po/pt/
kmouth-25.04.1/po/pt/kmouth.po
kmouth-25.04.1/po/pt/docs/
kmouth-25.04.1/po/pt/docs/kmouth/
kmouth-25.04.1/po/pt/docs/kmouth/index.docbook
kmouth-25.04.1/po/pt/docs/kmouth/man-kmouth.1.docbook
kmouth-25.04.1/po/km/
kmouth-25.04.1/po/km/kmouth.po
kmouth-25.04.1/po/nn/
kmouth-25.04.1/po/nn/kmouth.po
kmouth-25.04.1/po/pl/
kmouth-25.04.1/po/pl/kmouth.po
kmouth-25.04.1/po/vi/
kmouth-25.04.1/po/vi/kmouth.po
kmouth-25.04.1/po/ja/
kmouth-25.04.1/po/ja/kmouth.po
kmouth-25.04.1/po/pa/
kmouth-25.04.1/po/pa/kmouth.po
kmouth-25.04.1/po/bs/
kmouth-25.04.1/po/bs/kmouth.po
kmouth-25.04.1/po/zh_CN/
kmouth-25.04.1/po/zh_CN/kmouth.po
kmouth-25.04.1/po/cs/
kmouth-25.04.1/po/cs/kmouth.po
kmouth-25.04.1/po/es/
kmouth-25.04.1/po/es/kmouth.po
kmouth-25.04.1/po/es/docs/
kmouth-25.04.1/po/es/docs/kmouth/
kmouth-25.04.1/po/es/docs/kmouth/kmouthcpref.eps
kmouth-25.04.1/po/es/docs/kmouth/index.docbook
kmouth-25.04.1/po/es/docs/kmouth/kmouthcwcp.eps
kmouth-25.04.1/po/es/docs/kmouth/man-kmouth.1.docbook
kmouth-25.04.1/po/es/docs/kmouth/kmouthwizard.eps
kmouth-25.04.1/po/es/docs/kmouth/kmouthedit.eps
kmouth-25.04.1/po/es/docs/kmouth/kmouthctts.eps
kmouth-25.04.1/po/es/docs/kmouth/kmouthmain.eps
kmouth-25.04.1/po/ka/
kmouth-25.04.1/po/ka/kmouth.po
kmouth-25.04.1/po/is/
kmouth-25.04.1/po/is/kmouth.po
kmouth-25.04.1/po/tr/
kmouth-25.04.1/po/tr/kmouth.po
kmouth-25.04.1/po/ug/
kmouth-25.04.1/po/ug/kmouth.po
kmouth-25.04.1/po/ca/
kmouth-25.04.1/po/ca/kmouth.po
kmouth-25.04.1/po/ca/docs/
kmouth-25.04.1/po/ca/docs/kmouth/
kmouth-25.04.1/po/ca/docs/kmouth/kmouthwizard1.png
kmouth-25.04.1/po/ca/docs/kmouth/kmouthctts.png
kmouth-25.04.1/po/ca/docs/kmouth/index.docbook
kmouth-25.04.1/po/ca/docs/kmouth/kmouthcpref.png
kmouth-25.04.1/po/ca/docs/kmouth/man-kmouth.1.docbook
kmouth-25.04.1/po/ca/docs/kmouth/kmouthwizard2.png
kmouth-25.04.1/po/ca/docs/kmouth/kmouthwizard3.png
kmouth-25.04.1/po/se/
kmouth-25.04.1/po/se/kmouth.po
kmouth-25.04.1/po/ca@valencia/
kmouth-25.04.1/po/ca@valencia/kmouth.po
kmouth-25.04.1/po/hr/
kmouth-25.04.1/po/hr/kmouth.po
kmouth-25.04.1/po/gl/
kmouth-25.04.1/po/gl/kmouth.po
kmouth-25.04.1/po/ro/
kmouth-25.04.1/po/ro/kmouth.po
kmouth-25.04.1/po/oc/
kmouth-25.04.1/po/oc/kmouth.po
kmouth-25.04.1/po/br/
kmouth-25.04.1/po/br/kmouth.po
kmouth-25.04.1/po/eo/
kmouth-25.04.1/po/eo/kmouth.po
kmouth-25.04.1/po/sr@ijekavian/
kmouth-25.04.1/po/sr@ijekavian/kmouth.po
kmouth-25.04.1/po/ku/
kmouth-25.04.1/po/ku/kmouth.po
kmouth-25.04.1/po/nl/
kmouth-25.04.1/po/nl/kmouth.po
kmouth-25.04.1/po/nl/docs/
kmouth-25.04.1/po/nl/docs/kmouth/
kmouth-25.04.1/po/nl/docs/kmouth/kmouthctts.png
kmouth-25.04.1/po/nl/docs/kmouth/index.docbook
kmouth-25.04.1/po/nl/docs/kmouth/kmouthmain.png
kmouth-25.04.1/po/nl/docs/kmouth/kmouthcpref.png
kmouth-25.04.1/po/nl/docs/kmouth/man-kmouth.1.docbook
kmouth-25.04.1/po/nl/docs/kmouth/kmouthcwcp.png
kmouth-25.04.1/po/nl/docs/kmouth/kmouthwizard.png
kmouth-25.04.1/po/nl/docs/kmouth/kmouthedit.png
kmouth-25.04.1/po/mr/
kmouth-25.04.1/po/mr/kmouth.po
kmouth-25.04.1/po/ml/
kmouth-25.04.1/po/ml/kmouth.po
kmouth-25.04.1/po/hu/
kmouth-25.04.1/po/hu/kmouth.po
kmouth-25.04.1/po/eu/
kmouth-25.04.1/po/eu/kmouth.po
kmouth-25.04.1/po/lv/
kmouth-25.04.1/po/lv/kmouth.po
kmouth-25.04.1/po/mk/
kmouth-25.04.1/po/mk/kmouth.po
kmouth-25.04.1/po/nb/
kmouth-25.04.1/po/nb/kmouth.po
kmouth-25.04.1/po/fr/
kmouth-25.04.1/po/fr/kmouth.po
kmouth-25.04.1/po/fr/docs/
kmouth-25.04.1/po/fr/docs/kmouth/
kmouth-25.04.1/po/fr/docs/kmouth/kmouthctts.png
kmouth-25.04.1/po/fr/docs/kmouth/index.docbook
kmouth-25.04.1/po/fr/docs/kmouth/kmouthmain.png
kmouth-25.04.1/po/fr/docs/kmouth/kmouthcpref.png
kmouth-25.04.1/po/fr/docs/kmouth/man-kmouth.1.docbook
kmouth-25.04.1/po/fr/docs/kmouth/kmouthwizard.png
kmouth-25.04.1/po/fr/docs/kmouth/kmouthedit.png
kmouth-25.04.1/po/hi/
kmouth-25.04.1/po/hi/kmouth.po
kmouth-25.04.1/po/sl/
kmouth-25.04.1/po/sl/kmouth.po
kmouth-25.04.1/po/sl/docs/
kmouth-25.04.1/po/sl/docs/kmouth/
kmouth-25.04.1/po/sl/docs/kmouth/index.docbook
kmouth-25.04.1/po/sl/docs/kmouth/man-kmouth.1.docbook
kmouth-25.04.1/po/sr@latin/
kmouth-25.04.1/po/sr@latin/kmouth.po
kmouth-25.04.1/po/th/
kmouth-25.04.1/po/th/kmouth.po
kmouth-25.04.1/po/ta/
kmouth-25.04.1/po/ta/kmouth.po
kmouth-25.04.1/po/sr/
kmouth-25.04.1/po/sr/kmouth.po
kmouth-25.04.1/po/he/
kmouth-25.04.1/po/he/kmouth.po
kmouth-25.04.1/po/de/
kmouth-25.04.1/po/de/kmouth.po
kmouth-25.04.1/po/de/docs/
kmouth-25.04.1/po/de/docs/kmouth/
kmouth-25.04.1/po/de/docs/kmouth/kmouthwizard1.png
kmouth-25.04.1/po/de/docs/kmouth/kmouthctts.png
kmouth-25.04.1/po/de/docs/kmouth/index.docbook
kmouth-25.04.1/po/de/docs/kmouth/kmouthmain.png
kmouth-25.04.1/po/de/docs/kmouth/kmouthcpref.png
kmouth-25.04.1/po/de/docs/kmouth/man-kmouth.1.docbook
kmouth-25.04.1/po/de/docs/kmouth/kmouthwizard2.png
kmouth-25.04.1/po/de/docs/kmouth/kmouthwizard3.png
kmouth-25.04.1/po/de/docs/kmouth/kmouthcwcp.png
kmouth-25.04.1/po/de/docs/kmouth/kmouthedit.png
kmouth-25.04.1/po/ar/
kmouth-25.04.1/po/ar/kmouth.po
kmouth-25.04.1/po/sk/
kmouth-25.04.1/po/sk/kmouth.po
kmouth-25.04.1/po/zh_TW/
kmouth-25.04.1/po/zh_TW/kmouth.po
kmouth-25.04.1/po/et/
kmouth-25.04.1/po/et/kmouth.po
kmouth-25.04.1/po/et/docs/
kmouth-25.04.1/po/et/docs/kmouth/
kmouth-25.04.1/po/et/docs/kmouth/man-kmouth.1.docbook
kmouth-25.04.1/po/it/
kmouth-25.04.1/po/it/kmouth.po
kmouth-25.04.1/po/it/docs/
kmouth-25.04.1/po/it/docs/kmouth/
kmouth-25.04.1/po/it/docs/kmouth/kmouthwizard1.png
kmouth-25.04.1/po/it/docs/kmouth/kmouthctts.png
kmouth-25.04.1/po/it/docs/kmouth/index.docbook
kmouth-25.04.1/po/it/docs/kmouth/kmouthmain.png
kmouth-25.04.1/po/it/docs/kmouth/kmouthcpref.png
kmouth-25.04.1/po/it/docs/kmouth/man-kmouth.1.docbook
kmouth-25.04.1/po/it/docs/kmouth/kmouthwizard2.png
kmouth-25.04.1/po/it/docs/kmouth/kmouthwizard3.png
kmouth-25.04.1/po/it/docs/kmouth/kmouthcwcp.png
kmouth-25.04.1/po/it/docs/kmouth/kmouthedit.png
kmouth-25.04.1/po/mai/
kmouth-25.04.1/po/mai/kmouth.po
kmouth-25.04.1/po/el/
kmouth-25.04.1/po/el/kmouth.po
kmouth-25.04.1/po/da/
kmouth-25.04.1/po/da/kmouth.po
kmouth-25.04.1/po/da/docs/
kmouth-25.04.1/po/da/docs/kmouth/
kmouth-25.04.1/po/da/docs/kmouth/index.docbook
kmouth-25.04.1/po/da/docs/kmouth/man-kmouth.1.docbook
kmouth-25.04.1/po/pt_BR/
kmouth-25.04.1/po/pt_BR/kmouth.po
kmouth-25.04.1/po/pt_BR/docs/
kmouth-25.04.1/po/pt_BR/docs/kmouth/
kmouth-25.04.1/po/pt_BR/docs/kmouth/kmouthwizard1.png
kmouth-25.04.1/po/pt_BR/docs/kmouth/kmouthctts.png
kmouth-25.04.1/po/pt_BR/docs/kmouth/index.docbook
kmouth-25.04.1/po/pt_BR/docs/kmouth/kmouthmain.png
kmouth-25.04.1/po/pt_BR/docs/kmouth/kmouthcpref.png
kmouth-25.04.1/po/pt_BR/docs/kmouth/man-kmouth.1.docbook
kmouth-25.04.1/po/pt_BR/docs/kmouth/kmouthwizard2.png
kmouth-25.04.1/po/pt_BR/docs/kmouth/kmouthwizard3.png
kmouth-25.04.1/po/pt_BR/docs/kmouth/kmouthcwcp.png
kmouth-25.04.1/po/pt_BR/docs/kmouth/kmouthedit.png
kmouth-25.04.1/po/ru/
kmouth-25.04.1/po/ru/kmouth.po
kmouth-25.04.1/po/ru/docs/
kmouth-25.04.1/po/ru/docs/kmouth/
kmouth-25.04.1/po/ru/docs/kmouth/index.docbook
kmouth-25.04.1/po/ru/docs/kmouth/man-kmouth.1.docbook
kmouth-25.04.1/po/sq/
kmouth-25.04.1/po/sq/kmouth.po
kmouth-25.04.1/po/ia/
kmouth-25.04.1/po/ia/kmouth.po
kmouth-25.04.1/po/cy/
kmouth-25.04.1/po/cy/kmouth.po
kmouth-25.04.1/po/sv/
kmouth-25.04.1/po/sv/kmouth.po
kmouth-25.04.1/po/sv/docs/
kmouth-25.04.1/po/sv/docs/kmouth/
kmouth-25.04.1/po/sv/docs/kmouth/kmouthctts.png
kmouth-25.04.1/po/sv/docs/kmouth/index.docbook
kmouth-25.04.1/po/sv/docs/kmouth/kmouthmain.png
kmouth-25.04.1/po/sv/docs/kmouth/kmouthcpref.png
kmouth-25.04.1/po/sv/docs/kmouth/man-kmouth.1.docbook
kmouth-25.04.1/po/sv/docs/kmouth/kmouthcwcp.png
kmouth-25.04.1/po/sv/docs/kmouth/kmouthwizard.png
kmouth-25.04.1/po/sv/docs/kmouth/kmouthedit.png
kmouth-25.04.1/po/ne/
kmouth-25.04.1/po/ne/kmouth.po
kmouth-25.04.1/po/ms/
kmouth-25.04.1/po/ms/kmouth.po
kmouth-25.04.1/po/fi/
kmouth-25.04.1/po/fi/kmouth.po
kmouth-25.04.1/po/kk/
kmouth-25.04.1/po/kk/kmouth.po
kmouth-25.04.1/po/ast/
kmouth-25.04.1/po/ast/kmouth.po
kmouth-25.04.1/po/lt/
kmouth-25.04.1/po/lt/kmouth.po
kmouth-25.04.1/po/be/
kmouth-25.04.1/po/be/kmouth.po
kmouth-25.04.1/po/tg/
kmouth-25.04.1/po/tg/kmouth.po
kmouth-25.04.1/po/sa/
kmouth-25.04.1/po/sa/kmouth.po
kmouth-25.04.1/po/ko/
kmouth-25.04.1/po/ko/kmouth.po
kmouth-25.04.1/po/hne/
kmouth-25.04.1/po/hne/kmouth.po
kmouth-25.04.1/po/ga/
kmouth-25.04.1/po/ga/kmouth.po
kmouth-25.04.1/po/en_GB/
kmouth-25.04.1/po/en_GB/kmouth.po
kmouth-25.04.1/po/uk/
kmouth-25.04.1/po/uk/kmouth.po
kmouth-25.04.1/po/uk/docs/
kmouth-25.04.1/po/uk/docs/kmouth/
kmouth-25.04.1/po/uk/docs/kmouth/index.docbook
kmouth-25.04.1/po/uk/docs/kmouth/man-kmouth.1.docbook
kmouth-25.04.1/po/sr@ijekavianlatin/
kmouth-25.04.1/po/sr@ijekavianlatin/kmouth.po
kmouth-25.04.1/po/nds/
kmouth-25.04.1/po/nds/kmouth.po
kmouth-25.04.1/kmouthrc
kmouth-25.04.1/CMakeLists.txt
kmouth-25.04.1/COPYING
kmouth-25.04.1/.gitignore
kmouth-25.04.1/texttospeechsystem.h
kmouth-25.04.1/books/
kmouth-25.04.1/books/sv-courteousness.phrasebook
kmouth-25.04.1/books/sv-personal.phrasebook
kmouth-25.04.1/books/ca-personal.phrasebook
kmouth-25.04.1/books/ca.desktop
kmouth-25.04.1/books/en-personal.phrasebook
kmouth-25.04.1/books/ca-courteousness.phrasebook
kmouth-25.04.1/books/sv.desktop
kmouth-25.04.1/books/de.desktop
kmouth-25.04.1/books/en-courteousness.phrasebook
kmouth-25.04.1/books/de-personal.phrasebook
kmouth-25.04.1/books/sv-greetings.phrasebook
kmouth-25.04.1/books/en-howareyou.phrasebook
kmouth-25.04.1/books/sv-howareyou.phrasebook
kmouth-25.04.1/books/de-howareyou.phrasebook
kmouth-25.04.1/books/ca-greetings.phrasebook
kmouth-25.04.1/books/ca-howareyou.phrasebook
kmouth-25.04.1/books/en-greetings.phrasebook
kmouth-25.04.1/books/nl-courteousness.phrasebook
kmouth-25.04.1/books/nl-personal.phrasebook
kmouth-25.04.1/books/de-courteousness.phrasebook
kmouth-25.04.1/books/de-greetings.phrasebook
kmouth-25.04.1/books/nl-howareyou.phrasebook
kmouth-25.04.1/books/en.desktop
kmouth-25.04.1/books/nl.desktop
kmouth-25.04.1/books/CMakeLists.txt
kmouth-25.04.1/books/nl-greetings.phrasebook
/home/omen/GITHUB/Athos/AthOS/REPO-AthOS/kmouth/work
README or README.md already exists, skipping creation.
hm...lets continue and see what happens
-- The C compiler identification is GNU 14.3.0
-- The CXX compiler identification is GNU 14.3.0
-- Detecting C compiler ABI info
-- Detecting C compiler ABI info - done
-- Check for working C compiler: /usr/bin/cc - skipped
-- Detecting C compile features
-- Detecting C compile features - done
-- Detecting CXX compiler ABI info
-- Detecting CXX compiler ABI info - done
-- Check for working CXX compiler: /usr/bin/c++ - skipped
-- Detecting CXX compile features
-- Detecting CXX compile features - done
-- Installing in the same prefix as Qt, adopting their path scheme.
-- Looking for __GLIBC__
-- Looking for __GLIBC__ - found
-- Performing Test _OFFT_IS_64BIT
-- Performing Test _OFFT_IS_64BIT - Success
-- Performing Test HAVE_DATE_TIME
-- Performing Test HAVE_DATE_TIME - Success
-- Performing Test HAVE_STDATOMIC
-- Performing Test HAVE_STDATOMIC - Success
-- Found WrapAtomic: TRUE
-- Found Cups: /usr/lib64/libcups.so (found version "2.4.12")
-- Found OpenGL: /usr/lib64/libOpenGL.so
-- Found WrapOpenGL: TRUE
-- Found XKB: /usr/lib64/libxkbcommon.so (found suitable version "1.10.0", minimum required is "0.5.0")
-- Found WrapVulkanHeaders: /usr/include
-- Found KF6Crash: /usr/lib64/cmake/KF6Crash/KF6CrashConfig.cmake (found version "6.14.0")
-- Found KF6Completion: /usr/lib64/cmake/KF6Completion/KF6CompletionConfig.cmake (found version "6.14.0")
-- Found KF6Config: /usr/lib64/cmake/KF6Config/KF6ConfigConfig.cmake (found version "6.14.0")
-- Found KF6ConfigWidgets: /usr/lib64/cmake/KF6ConfigWidgets/KF6ConfigWidgetsConfig.cmake (found version "6.14.0")
-- Found KF6CoreAddons: /usr/lib64/cmake/KF6CoreAddons/KF6CoreAddonsConfig.cmake (found version "6.14.0")
-- Found Gettext: /usr/bin/msgmerge (found version "0.25")
-- Found KF6I18n: /usr/lib64/cmake/KF6I18n/KF6I18nConfig.cmake (found version "6.14.0")
-- Found X11: /usr/include
-- Looking for XOpenDisplay in /usr/lib64/libX11.so;/usr/lib64/libXext.so
-- Looking for XOpenDisplay in /usr/lib64/libX11.so;/usr/lib64/libXext.so - found
-- Looking for gethostbyname
-- Looking for gethostbyname - found
-- Looking for connect
-- Looking for connect - found
-- Looking for remove
-- Looking for remove - found
-- Looking for shmat
-- Looking for shmat - found
-- Looking for IceConnectionNumber in ICE
-- Looking for IceConnectionNumber in ICE - found
-- Found KF6KIO: /usr/lib64/cmake/KF6KIO/KF6KIOConfig.cmake (found version "6.14.0")
-- Found KF6WidgetsAddons: /usr/lib64/cmake/KF6WidgetsAddons/KF6WidgetsAddonsConfig.cmake (found version "6.14.0")
-- Found KF6XmlGui: /usr/lib64/cmake/KF6XmlGui/KF6XmlGuiConfig.cmake (found version "6.14.0")
-- Found KF6: success (found suitable version "6.14.0", minimum required is "6.3.0") found components: Crash Completion Config ConfigWidgets CoreAddons I18n KIO WidgetsAddons XmlGui
-- The following OPTIONAL packages have been found:

 * Cups
 * OpenGL
 * Qt6PrintSupport (required version >= 6.6.0)
 * Qt6TextToSpeech (required version >= 6.6.0)
 * Qt6Core (required version >= 6.7.0)
 * Qt6WidgetsTools (required version >= 6.8.3)
 * Qt6DBusTools (required version >= 6.8.3)
 * Qt6QmlTools (required version >= 6.8.3)
 * Qt6Xml (required version >= 6.7.0)
 * XKB (required version >= 0.5.0), XKB API common to servers and clients., <http://xkbcommon.org>
 * WrapVulkanHeaders
 * Qt6CoreTools (required version >= 6.8.3)
 * Qt6GuiTools (required version >= 6.8.3)

-- The following REQUIRED packages have been found:

 * ECM (required version >= 6.3.0)
 * Qt6 (required version >= 6.6.0)
 * KF6Crash (required version >= 6.3.0)
 * KF6Config (required version >= 6.14.0)
 * Gettext
 * KF6I18n (required version >= 6.3.0)
 * KF6CoreAddons (required version >= 6.14.0)
 * KF6Completion (required version >= 6.14.0)
 * KF6KIO (required version >= 6.3.0)
 * KF6WidgetsAddons (required version >= 6.3.0)
 * KF6ConfigWidgets (required version >= 6.14.0)
 * KF6XmlGui (required version >= 6.3.0)
 * KF6 (required version >= 6.3.0)
 * KF6DocTools (required version >= 6.3.0), Tools to generate documentation

-- Configuring done (1.5s)
-- Generating done (0.0s)
CMake Warning:
  Manually-specified variables were not used by the project:

    KF_IGNORE_PLATFORM_CHECK


-- Build files have been written to: /home/omen/GITHUB/Athos/AthOS/REPO-AthOS/kmouth/work/kmouth-25.04.1/build
[1/59] Generating ts...
[2/59] Generating po/fr/docs/kmouth/kmouth.1
Note: Writing kmouth.1
[3/59] Generating mo...
[4/59] Generating po/ru/docs/kmouth/index.cache.bz2
[5/59] Generating po/nl/docs/kmouth/kmouth.1
Note: Writing kmouth.1
[6/59] Generating po/pt/docs/kmouth/index.cache.bz2
[7/59] Generating po/pt_BR/docs/kmouth/kmouth.1
Note: Writing kmouth.1
[8/59] Generating po/pt/docs/kmouth/kmouth.1
Warn: AUTHOR sect.: no personblurb|contrib for Lauri Watts         kmouth
Note: AUTHOR sect.: see http://www.docbook.org/tdg5/en/html/contr  kmouth
Note: AUTHOR sect.: see http://www.docbook.org/tdg5/en/html/perso  kmouth
Note: Writing kmouth.1
[9/59] Generating po/nl/docs/kmouth/index.cache.bz2
[10/59] Generating po/es/docs/kmouth/index.cache.bz2
[11/59] Generating po/ca/docs/kmouth/index.cache.bz2
[12/59] Generating po/pt_BR/docs/kmouth/index.cache.bz2
I/O warning : failed to load "/usr/share/kf6/kdoctools/customization/xsl/pt-BR.xml": No such file or directory
No "pt_br" localization of "footer-doc-comment" exists; using "en".
No "pt_br" localization of "footer-doc-feedback" exists; using "en".
No "pt_br" localization of "footer-doc-teamname" exists; using "en".
No "pt_br" localization of "footer-doc-comment" exists; using "en".
No "pt_br" localization of "footer-doc-feedback" exists; using "en".
No "pt_br" localization of "footer-doc-teamname" exists; using "en".
No "pt_br" localization of "footer-doc-comment" exists; using "en".
No "pt_br" localization of "footer-doc-feedback" exists; using "en".
No "pt_br" localization of "footer-doc-teamname" exists; using "en".
No "pt_br" localization of "footer-doc-comment" exists; using "en".
No "pt_br" localization of "footer-doc-feedback" exists; using "en".
No "pt_br" localization of "footer-doc-teamname" exists; using "en".
No "pt_br" localization of "footer-doc-comment" exists; using "en".
No "pt_br" localization of "footer-doc-feedback" exists; using "en".
No "pt_br" localization of "footer-doc-teamname" exists; using "en".
No "pt_br" localization of "footer-doc-comment" exists; using "en".
No "pt_br" localization of "footer-doc-feedback" exists; using "en".
No "pt_br" localization of "footer-doc-teamname" exists; using "en".
No "pt_br" localization of "footer-doc-comment" exists; using "en".
No "pt_br" localization of "footer-doc-feedback" exists; using "en".
No "pt_br" localization of "footer-doc-teamname" exists; using "en".
No "pt_br" localization of "footer-doc-comment" exists; using "en".
No "pt_br" localization of "footer-doc-feedback" exists; using "en".
No "pt_br" localization of "footer-doc-teamname" exists; using "en".
No "pt_br" localization of "footer-doc-comment" exists; using "en".
No "pt_br" localization of "footer-doc-feedback" exists; using "en".
No "pt_br" localization of "footer-doc-teamname" exists; using "en".
[13/59] Generating po/de/docs/kmouth/kmouth.1
Warn: AUTHOR sect.: no personblurb|contrib for Lauri Watts         kmouth
Note: AUTHOR sect.: see http://www.docbook.org/tdg5/en/html/contr  kmouth
Note: AUTHOR sect.: see http://www.docbook.org/tdg5/en/html/perso  kmouth
Note: Writing kmouth.1
[14/59] Generating po/de/docs/kmouth/index.cache.bz2
[15/59] Generating po/ca/docs/kmouth/kmouth.1
Note: Writing kmouth.1
[16/59] Generating po/es/docs/kmouth/kmouth.1
Note: Writing kmouth.1
[17/59] Generating po/et/docs/kmouth/kmouth.1
Warn: AUTHOR sect.: no personblurb|contrib for Lauri Watts         kmouth
Note: AUTHOR sect.: see http://www.docbook.org/tdg5/en/html/contr  kmouth
Note: AUTHOR sect.: see http://www.docbook.org/tdg5/en/html/perso  kmouth
Note: Writing kmouth.1
[18/59] Generating po/it/docs/kmouth/kmouth.1
Note: Writing kmouth.1
[19/59] Generating po/sl/docs/kmouth/kmouth.1
Note: Writing kmouth.1
[20/59] Generating po/da/docs/kmouth/kmouth.1
Warn: AUTHOR sect.: no personblurb|contrib for Lauri Watts         kmouth
Note: AUTHOR sect.: see http://www.docbook.org/tdg5/en/html/contr  kmouth
Note: AUTHOR sect.: see http://www.docbook.org/tdg5/en/html/perso  kmouth
Note: Writing kmouth.1
[21/59] Generating po/sv/docs/kmouth/kmouth.1
Note: Writing kmouth.1
[22/59] Generating po/fr/docs/kmouth/index.cache.bz2
[23/59] Generating po/sv/docs/kmouth/index.cache.bz2
[24/59] Generating po/it/docs/kmouth/index.cache.bz2
[25/59] Generating po/da/docs/kmouth/index.cache.bz2
I/O warning : failed to load "/usr/share/kf6/kdoctools/customization/xsl/da.xml": No such file or directory
No "da" localization of "footer-doc-comment" exists; using "en".
No "da" localization of "footer-doc-feedback" exists; using "en".
No "da" localization of "footer-doc-teamname" exists; using "en".
No "da" localization of "footer-doc-comment" exists; using "en".
No "da" localization of "footer-doc-feedback" exists; using "en".
No "da" localization of "footer-doc-teamname" exists; using "en".
No "da" localization of "footer-doc-comment" exists; using "en".
No "da" localization of "footer-doc-feedback" exists; using "en".
No "da" localization of "footer-doc-teamname" exists; using "en".
No "da" localization of "footer-doc-comment" exists; using "en".
No "da" localization of "footer-doc-feedback" exists; using "en".
No "da" localization of "footer-doc-teamname" exists; using "en".
No "da" localization of "footer-doc-comment" exists; using "en".
No "da" localization of "footer-doc-feedback" exists; using "en".
No "da" localization of "footer-doc-teamname" exists; using "en".
No "da" localization of "footer-doc-comment" exists; using "en".
No "da" localization of "footer-doc-feedback" exists; using "en".
No "da" localization of "footer-doc-teamname" exists; using "en".
No "da" localization of "footer-doc-comment" exists; using "en".
No "da" localization of "footer-doc-feedback" exists; using "en".
No "da" localization of "footer-doc-teamname" exists; using "en".
No "da" localization of "footer-doc-comment" exists; using "en".
No "da" localization of "footer-doc-feedback" exists; using "en".
No "da" localization of "footer-doc-teamname" exists; using "en".
No "da" localization of "footer-doc-comment" exists; using "en".
No "da" localization of "footer-doc-feedback" exists; using "en".
No "da" localization of "footer-doc-teamname" exists; using "en".
No "da" localization of "footer-doc-comment" exists; using "en".
No "da" localization of "footer-doc-feedback" exists; using "en".
No "da" localization of "footer-doc-teamname" exists; using "en".
No "da" localization of "footer-doc-comment" exists; using "en".
No "da" localization of "footer-doc-feedback" exists; using "en".
No "da" localization of "footer-doc-teamname" exists; using "en".
No "da" localization of "footer-doc-comment" exists; using "en".
No "da" localization of "footer-doc-feedback" exists; using "en".
No "da" localization of "footer-doc-teamname" exists; using "en".
No "da" localization of "footer-doc-comment" exists; using "en".
No "da" localization of "footer-doc-feedback" exists; using "en".
No "da" localization of "footer-doc-teamname" exists; using "en".
No "da" localization of "footer-doc-comment" exists; using "en".
No "da" localization of "footer-doc-feedback" exists; using "en".
No "da" localization of "footer-doc-teamname" exists; using "en".
[26/59] Generating po/ru/docs/kmouth/kmouth.1
Note: Writing kmouth.1
[27/59] Generating po/sl/docs/kmouth/index.cache.bz2
[28/59] Generating po/uk/docs/kmouth/index.cache.bz2
[29/59] Generating po/uk/docs/kmouth/kmouth.1
Note: Writing kmouth.1
[30/59] Generating kmouth.1
Note: Writing kmouth.1
[31/59] Generating index.cache.bz2
[32/59] Automatic MOC for target kmouth
[33/59] Generating ui_wordcompletionui.h
[34/59] Generating ui_preferencesui.h
[35/59] Generating ui_texttospeechconfigurationui.h
[36/59] Automatic RCC for kmouth.qrc
[37/59] Generating ui_kdedocsourceui.h
[38/59] Generating ui_creationsourceui.h
[39/59] Generating ui_phrasebookdialog.h
[40/59] Generating ui_creationsourcedetailsui.h
[41/59] Building CXX object CMakeFiles/kmouth.dir/kmouth_autogen/mocs_compilation.cpp.o
[42/59] Building CXX object CMakeFiles/kmouth.dir/kmouth_autogen/EWIEGA46WW/qrc_kmouth.cpp.o
[43/59] Building CXX object CMakeFiles/kmouth.dir/speech.cpp.o
[44/59] Building CXX object CMakeFiles/kmouth.dir/texttospeechsystem.cpp.o
[45/59] Building CXX object CMakeFiles/kmouth.dir/main.cpp.o
[46/59] Building CXX object CMakeFiles/kmouth.dir/phrasebook/initialphrasebookwidget.cpp.o
[47/59] Building CXX object CMakeFiles/kmouth.dir/phrasebook/phrasebookreader.cpp.o
[48/59] Building CXX object CMakeFiles/kmouth.dir/kmouth.cpp.o
/home/omen/GITHUB/Athos/AthOS/REPO-AthOS/kmouth/work/kmouth-25.04.1/kmouth.cpp:404:2: warning: #warning before C++23 is a GCC extension
  404 | #warning "kde4: how remove it ?.???"
      |  ^~~~~~~
/home/omen/GITHUB/Athos/AthOS/REPO-AthOS/kmouth/work/kmouth-25.04.1/kmouth.cpp:404:2: warning: #warning "kde4: how remove it ?.???" [-Wcpp]
[49/59] Building CXX object CMakeFiles/kmouth.dir/phraselist.cpp.o
[50/59] Building CXX object CMakeFiles/kmouth.dir/optionsdialog.cpp.o
[51/59] Building CXX object CMakeFiles/kmouth.dir/configwizard.cpp.o
[52/59] Building CXX object CMakeFiles/kmouth.dir/wordcompletion/dictionarycreationwizard.cpp.o
[53/59] Building CXX object CMakeFiles/kmouth.dir/wordcompletion/wordcompletion.cpp.o
[54/59] Building CXX object CMakeFiles/kmouth.dir/wordcompletion/wordcompletionwidget.cpp.o
[55/59] Building CXX object CMakeFiles/kmouth.dir/phrasebook/phrasebook.cpp.o
[56/59] Building CXX object CMakeFiles/kmouth.dir/wordcompletion/wordlist.cpp.o
[57/59] Building CXX object CMakeFiles/kmouth.dir/texttospeechconfigurationwidget.cpp.o
[58/59] Building CXX object CMakeFiles/kmouth.dir/phrasebook/phrasebookdialog.cpp.o
[59/59] Linking CXX executable bin/kmouth
-- Install configuration: "RelWithDebInfo"
-- Installing: /home/omen/GITHUB/Athos/AthOS/REPO-AthOS/kmouth/package-kmouth/usr/share/icons/hicolor/16x16/actions/phrase.png
-- Installing: /home/omen/GITHUB/Athos/AthOS/REPO-AthOS/kmouth/package-kmouth/usr/share/icons/hicolor/16x16/actions/phrasebook.png
-- Installing: /home/omen/GITHUB/Athos/AthOS/REPO-AthOS/kmouth/package-kmouth/usr/share/icons/hicolor/22x22/actions/phrase.png
-- Installing: /home/omen/GITHUB/Athos/AthOS/REPO-AthOS/kmouth/package-kmouth/usr/share/icons/hicolor/22x22/actions/phrasebook.png
-- Installing: /home/omen/GITHUB/Athos/AthOS/REPO-AthOS/kmouth/package-kmouth/usr/share/icons/hicolor/32x32/actions/phrase.png
-- Installing: /home/omen/GITHUB/Athos/AthOS/REPO-AthOS/kmouth/package-kmouth/usr/share/icons/hicolor/32x32/actions/phrasebook.png
-- Installing: /home/omen/GITHUB/Athos/AthOS/REPO-AthOS/kmouth/package-kmouth/usr/share/icons/hicolor/128x128/apps/kmouth.png
-- Installing: /home/omen/GITHUB/Athos/AthOS/REPO-AthOS/kmouth/package-kmouth/usr/share/icons/hicolor/scalable/apps/kmouth.svg
-- Installing: /home/omen/GITHUB/Athos/AthOS/REPO-AthOS/kmouth/package-kmouth/usr/share/kmouth/books/ca/ca.desktop
-- Installing: /home/omen/GITHUB/Athos/AthOS/REPO-AthOS/kmouth/package-kmouth/usr/share/kmouth/books/ca/ca-courteousness.phrasebook
-- Installing: /home/omen/GITHUB/Athos/AthOS/REPO-AthOS/kmouth/package-kmouth/usr/share/kmouth/books/ca/ca-greetings.phrasebook
-- Installing: /home/omen/GITHUB/Athos/AthOS/REPO-AthOS/kmouth/package-kmouth/usr/share/kmouth/books/ca/ca-howareyou.phrasebook
-- Installing: /home/omen/GITHUB/Athos/AthOS/REPO-AthOS/kmouth/package-kmouth/usr/share/kmouth/books/ca/ca-personal.phrasebook
-- Installing: /home/omen/GITHUB/Athos/AthOS/REPO-AthOS/kmouth/package-kmouth/usr/share/kmouth/books/de/de.desktop
-- Installing: /home/omen/GITHUB/Athos/AthOS/REPO-AthOS/kmouth/package-kmouth/usr/share/kmouth/books/de/de-courteousness.phrasebook
-- Installing: /home/omen/GITHUB/Athos/AthOS/REPO-AthOS/kmouth/package-kmouth/usr/share/kmouth/books/de/de-greetings.phrasebook
-- Installing: /home/omen/GITHUB/Athos/AthOS/REPO-AthOS/kmouth/package-kmouth/usr/share/kmouth/books/de/de-howareyou.phrasebook
-- Installing: /home/omen/GITHUB/Athos/AthOS/REPO-AthOS/kmouth/package-kmouth/usr/share/kmouth/books/de/de-personal.phrasebook
-- Installing: /home/omen/GITHUB/Athos/AthOS/REPO-AthOS/kmouth/package-kmouth/usr/share/kmouth/books/sv/sv.desktop
-- Installing: /home/omen/GITHUB/Athos/AthOS/REPO-AthOS/kmouth/package-kmouth/usr/share/kmouth/books/sv/sv-courteousness.phrasebook
-- Installing: /home/omen/GITHUB/Athos/AthOS/REPO-AthOS/kmouth/package-kmouth/usr/share/kmouth/books/sv/sv-greetings.phrasebook
-- Installing: /home/omen/GITHUB/Athos/AthOS/REPO-AthOS/kmouth/package-kmouth/usr/share/kmouth/books/sv/sv-howareyou.phrasebook
-- Installing: /home/omen/GITHUB/Athos/AthOS/REPO-AthOS/kmouth/package-kmouth/usr/share/kmouth/books/sv/sv-personal.phrasebook
-- Installing: /home/omen/GITHUB/Athos/AthOS/REPO-AthOS/kmouth/package-kmouth/usr/share/kmouth/books/en/en.desktop
-- Installing: /home/omen/GITHUB/Athos/AthOS/REPO-AthOS/kmouth/package-kmouth/usr/share/kmouth/books/en/en-courteousness.phrasebook
-- Installing: /home/omen/GITHUB/Athos/AthOS/REPO-AthOS/kmouth/package-kmouth/usr/share/kmouth/books/en/en-greetings.phrasebook
-- Installing: /home/omen/GITHUB/Athos/AthOS/REPO-AthOS/kmouth/package-kmouth/usr/share/kmouth/books/en/en-howareyou.phrasebook
-- Installing: /home/omen/GITHUB/Athos/AthOS/REPO-AthOS/kmouth/package-kmouth/usr/share/kmouth/books/en/en-personal.phrasebook
-- Installing: /home/omen/GITHUB/Athos/AthOS/REPO-AthOS/kmouth/package-kmouth/usr/bin/kmouth
-- Installing: /home/omen/GITHUB/Athos/AthOS/REPO-AthOS/kmouth/package-kmouth/usr/share/applications/org.kde.kmouth.desktop
-- Installing: /home/omen/GITHUB/Athos/AthOS/REPO-AthOS/kmouth/package-kmouth/etc/xdg/kmouthrc
-- Installing: /home/omen/GITHUB/Athos/AthOS/REPO-AthOS/kmouth/package-kmouth/usr/share/metainfo/org.kde.kmouth.appdata.xml
-- Installing: /home/omen/GITHUB/Athos/AthOS/REPO-AthOS/kmouth/package-kmouth/usr/share/locale
-- Installing: /home/omen/GITHUB/Athos/AthOS/REPO-AthOS/kmouth/package-kmouth/usr/share/locale/da
-- Installing: /home/omen/GITHUB/Athos/AthOS/REPO-AthOS/kmouth/package-kmouth/usr/share/locale/da/LC_MESSAGES
-- Installing: /home/omen/GITHUB/Athos/AthOS/REPO-AthOS/kmouth/package-kmouth/usr/share/locale/da/LC_MESSAGES/kmouth.mo
-- Installing: /home/omen/GITHUB/Athos/AthOS/REPO-AthOS/kmouth/package-kmouth/usr/share/locale/ms
-- Installing: /home/omen/GITHUB/Athos/AthOS/REPO-AthOS/kmouth/package-kmouth/usr/share/locale/ms/LC_MESSAGES
-- Installing: /home/omen/GITHUB/Athos/AthOS/REPO-AthOS/kmouth/package-kmouth/usr/share/locale/ms/LC_MESSAGES/kmouth.mo
-- Installing: /home/omen/GITHUB/Athos/AthOS/REPO-AthOS/kmouth/package-kmouth/usr/share/locale/cs
-- Installing: /home/omen/GITHUB/Athos/AthOS/REPO-AthOS/kmouth/package-kmouth/usr/share/locale/cs/LC_MESSAGES
-- Installing: /home/omen/GITHUB/Athos/AthOS/REPO-AthOS/kmouth/package-kmouth/usr/share/locale/cs/LC_MESSAGES/kmouth.mo
-- Installing: /home/omen/GITHUB/Athos/AthOS/REPO-AthOS/kmouth/package-kmouth/usr/share/locale/ja
-- Installing: /home/omen/GITHUB/Athos/AthOS/REPO-AthOS/kmouth/package-kmouth/usr/share/locale/ja/LC_MESSAGES
-- Installing: /home/omen/GITHUB/Athos/AthOS/REPO-AthOS/kmouth/package-kmouth/usr/share/locale/ja/LC_MESSAGES/kmouth.mo
-- Installing: /home/omen/GITHUB/Athos/AthOS/REPO-AthOS/kmouth/package-kmouth/usr/share/locale/sr@ijekavian
-- Installing: /home/omen/GITHUB/Athos/AthOS/REPO-AthOS/kmouth/package-kmouth/usr/share/locale/sr@ijekavian/LC_MESSAGES
-- Installing: /home/omen/GITHUB/Athos/AthOS/REPO-AthOS/kmouth/package-kmouth/usr/share/locale/sr@ijekavian/LC_MESSAGES/kmouth.mo
-- Installing: /home/omen/GITHUB/Athos/AthOS/REPO-AthOS/kmouth/package-kmouth/usr/share/locale/de
-- Installing: /home/omen/GITHUB/Athos/AthOS/REPO-AthOS/kmouth/package-kmouth/usr/share/locale/de/LC_MESSAGES
-- Installing: /home/omen/GITHUB/Athos/AthOS/REPO-AthOS/kmouth/package-kmouth/usr/share/locale/de/LC_MESSAGES/kmouth.mo
-- Installing: /home/omen/GITHUB/Athos/AthOS/REPO-AthOS/kmouth/package-kmouth/usr/share/locale/el
-- Installing: /home/omen/GITHUB/Athos/AthOS/REPO-AthOS/kmouth/package-kmouth/usr/share/locale/el/LC_MESSAGES
-- Installing: /home/omen/GITHUB/Athos/AthOS/REPO-AthOS/kmouth/package-kmouth/usr/share/locale/el/LC_MESSAGES/kmouth.mo
-- Installing: /home/omen/GITHUB/Athos/AthOS/REPO-AthOS/kmouth/package-kmouth/usr/share/locale/nn
-- Installing: /home/omen/GITHUB/Athos/AthOS/REPO-AthOS/kmouth/package-kmouth/usr/share/locale/nn/LC_MESSAGES
-- Installing: /home/omen/GITHUB/Athos/AthOS/REPO-AthOS/kmouth/package-kmouth/usr/share/locale/nn/LC_MESSAGES/kmouth.mo
-- Installing: /home/omen/GITHUB/Athos/AthOS/REPO-AthOS/kmouth/package-kmouth/usr/share/locale/sr
-- Installing: /home/omen/GITHUB/Athos/AthOS/REPO-AthOS/kmouth/package-kmouth/usr/share/locale/sr/LC_MESSAGES
-- Installing: /home/omen/GITHUB/Athos/AthOS/REPO-AthOS/kmouth/package-kmouth/usr/share/locale/sr/LC_MESSAGES/kmouth.mo
-- Installing: /home/omen/GITHUB/Athos/AthOS/REPO-AthOS/kmouth/package-kmouth/usr/share/locale/hi
-- Installing: /home/omen/GITHUB/Athos/AthOS/REPO-AthOS/kmouth/package-kmouth/usr/share/locale/hi/LC_MESSAGES
-- Installing: /home/omen/GITHUB/Athos/AthOS/REPO-AthOS/kmouth/package-kmouth/usr/share/locale/hi/LC_MESSAGES/kmouth.mo
-- Installing: /home/omen/GITHUB/Athos/AthOS/REPO-AthOS/kmouth/package-kmouth/usr/share/locale/pt_BR
-- Installing: /home/omen/GITHUB/Athos/AthOS/REPO-AthOS/kmouth/package-kmouth/usr/share/locale/pt_BR/LC_MESSAGES
-- Installing: /home/omen/GITHUB/Athos/AthOS/REPO-AthOS/kmouth/package-kmouth/usr/share/locale/pt_BR/LC_MESSAGES/kmouth.mo
-- Installing: /home/omen/GITHUB/Athos/AthOS/REPO-AthOS/kmouth/package-kmouth/usr/share/locale/lt
-- Installing: /home/omen/GITHUB/Athos/AthOS/REPO-AthOS/kmouth/package-kmouth/usr/share/locale/lt/LC_MESSAGES
-- Installing: /home/omen/GITHUB/Athos/AthOS/REPO-AthOS/kmouth/package-kmouth/usr/share/locale/lt/LC_MESSAGES/kmouth.mo
-- Installing: /home/omen/GITHUB/Athos/AthOS/REPO-AthOS/kmouth/package-kmouth/usr/share/locale/sr@ijekavianlatin
-- Installing: /home/omen/GITHUB/Athos/AthOS/REPO-AthOS/kmouth/package-kmouth/usr/share/locale/sr@ijekavianlatin/LC_MESSAGES
-- Installing: /home/omen/GITHUB/Athos/AthOS/REPO-AthOS/kmouth/package-kmouth/usr/share/locale/sr@ijekavianlatin/LC_MESSAGES/kmouth.mo
-- Installing: /home/omen/GITHUB/Athos/AthOS/REPO-AthOS/kmouth/package-kmouth/usr/share/locale/be
-- Installing: /home/omen/GITHUB/Athos/AthOS/REPO-AthOS/kmouth/package-kmouth/usr/share/locale/be/LC_MESSAGES
-- Installing: /home/omen/GITHUB/Athos/AthOS/REPO-AthOS/kmouth/package-kmouth/usr/share/locale/be/LC_MESSAGES/kmouth.mo
-- Installing: /home/omen/GITHUB/Athos/AthOS/REPO-AthOS/kmouth/package-kmouth/usr/share/locale/pa
-- Installing: /home/omen/GITHUB/Athos/AthOS/REPO-AthOS/kmouth/package-kmouth/usr/share/locale/pa/LC_MESSAGES
-- Installing: /home/omen/GITHUB/Athos/AthOS/REPO-AthOS/kmouth/package-kmouth/usr/share/locale/pa/LC_MESSAGES/kmouth.mo
-- Installing: /home/omen/GITHUB/Athos/AthOS/REPO-AthOS/kmouth/package-kmouth/usr/share/locale/sl
-- Installing: /home/omen/GITHUB/Athos/AthOS/REPO-AthOS/kmouth/package-kmouth/usr/share/locale/sl/LC_MESSAGES
-- Installing: /home/omen/GITHUB/Athos/AthOS/REPO-AthOS/kmouth/package-kmouth/usr/share/locale/sl/LC_MESSAGES/kmouth.mo
-- Installing: /home/omen/GITHUB/Athos/AthOS/REPO-AthOS/kmouth/package-kmouth/usr/share/locale/ta
-- Installing: /home/omen/GITHUB/Athos/AthOS/REPO-AthOS/kmouth/package-kmouth/usr/share/locale/ta/LC_MESSAGES
-- Installing: /home/omen/GITHUB/Athos/AthOS/REPO-AthOS/kmouth/package-kmouth/usr/share/locale/ta/LC_MESSAGES/kmouth.mo
-- Installing: /home/omen/GITHUB/Athos/AthOS/REPO-AthOS/kmouth/package-kmouth/usr/share/locale/ro
-- Installing: /home/omen/GITHUB/Athos/AthOS/REPO-AthOS/kmouth/package-kmouth/usr/share/locale/ro/LC_MESSAGES
-- Installing: /home/omen/GITHUB/Athos/AthOS/REPO-AthOS/kmouth/package-kmouth/usr/share/locale/ro/LC_MESSAGES/kmouth.mo
-- Installing: /home/omen/GITHUB/Athos/AthOS/REPO-AthOS/kmouth/package-kmouth/usr/share/locale/bs
-- Installing: /home/omen/GITHUB/Athos/AthOS/REPO-AthOS/kmouth/package-kmouth/usr/share/locale/bs/LC_MESSAGES
-- Installing: /home/omen/GITHUB/Athos/AthOS/REPO-AthOS/kmouth/package-kmouth/usr/share/locale/bs/LC_MESSAGES/kmouth.mo
-- Installing: /home/omen/GITHUB/Athos/AthOS/REPO-AthOS/kmouth/package-kmouth/usr/share/locale/is
-- Installing: /home/omen/GITHUB/Athos/AthOS/REPO-AthOS/kmouth/package-kmouth/usr/share/locale/is/LC_MESSAGES
-- Installing: /home/omen/GITHUB/Athos/AthOS/REPO-AthOS/kmouth/package-kmouth/usr/share/locale/is/LC_MESSAGES/kmouth.mo
-- Installing: /home/omen/GITHUB/Athos/AthOS/REPO-AthOS/kmouth/package-kmouth/usr/share/locale/kk
-- Installing: /home/omen/GITHUB/Athos/AthOS/REPO-AthOS/kmouth/package-kmouth/usr/share/locale/kk/LC_MESSAGES
-- Installing: /home/omen/GITHUB/Athos/AthOS/REPO-AthOS/kmouth/package-kmouth/usr/share/locale/kk/LC_MESSAGES/kmouth.mo
-- Installing: /home/omen/GITHUB/Athos/AthOS/REPO-AthOS/kmouth/package-kmouth/usr/share/locale/sr@latin
-- Installing: /home/omen/GITHUB/Athos/AthOS/REPO-AthOS/kmouth/package-kmouth/usr/share/locale/sr@latin/LC_MESSAGES
-- Installing: /home/omen/GITHUB/Athos/AthOS/REPO-AthOS/kmouth/package-kmouth/usr/share/locale/sr@latin/LC_MESSAGES/kmouth.mo
-- Installing: /home/omen/GITHUB/Athos/AthOS/REPO-AthOS/kmouth/package-kmouth/usr/share/locale/he
-- Installing: /home/omen/GITHUB/Athos/AthOS/REPO-AthOS/kmouth/package-kmouth/usr/share/locale/he/LC_MESSAGES
-- Installing: /home/omen/GITHUB/Athos/AthOS/REPO-AthOS/kmouth/package-kmouth/usr/share/locale/he/LC_MESSAGES/kmouth.mo
-- Installing: /home/omen/GITHUB/Athos/AthOS/REPO-AthOS/kmouth/package-kmouth/usr/share/locale/zh_TW
-- Installing: /home/omen/GITHUB/Athos/AthOS/REPO-AthOS/kmouth/package-kmouth/usr/share/locale/zh_TW/LC_MESSAGES
-- Installing: /home/omen/GITHUB/Athos/AthOS/REPO-AthOS/kmouth/package-kmouth/usr/share/locale/zh_TW/LC_MESSAGES/kmouth.mo
-- Installing: /home/omen/GITHUB/Athos/AthOS/REPO-AthOS/kmouth/package-kmouth/usr/share/locale/tg
-- Installing: /home/omen/GITHUB/Athos/AthOS/REPO-AthOS/kmouth/package-kmouth/usr/share/locale/tg/LC_MESSAGES
-- Installing: /home/omen/GITHUB/Athos/AthOS/REPO-AthOS/kmouth/package-kmouth/usr/share/locale/tg/LC_MESSAGES/kmouth.mo
-- Installing: /home/omen/GITHUB/Athos/AthOS/REPO-AthOS/kmouth/package-kmouth/usr/share/locale/fa
-- Installing: /home/omen/GITHUB/Athos/AthOS/REPO-AthOS/kmouth/package-kmouth/usr/share/locale/fa/LC_MESSAGES
-- Installing: /home/omen/GITHUB/Athos/AthOS/REPO-AthOS/kmouth/package-kmouth/usr/share/locale/fa/LC_MESSAGES/kmouth.mo
-- Installing: /home/omen/GITHUB/Athos/AthOS/REPO-AthOS/kmouth/package-kmouth/usr/share/locale/pl
-- Installing: /home/omen/GITHUB/Athos/AthOS/REPO-AthOS/kmouth/package-kmouth/usr/share/locale/pl/LC_MESSAGES
-- Installing: /home/omen/GITHUB/Athos/AthOS/REPO-AthOS/kmouth/package-kmouth/usr/share/locale/pl/LC_MESSAGES/kmouth.mo
-- Installing: /home/omen/GITHUB/Athos/AthOS/REPO-AthOS/kmouth/package-kmouth/usr/share/locale/km
-- Installing: /home/omen/GITHUB/Athos/AthOS/REPO-AthOS/kmouth/package-kmouth/usr/share/locale/km/LC_MESSAGES
-- Installing: /home/omen/GITHUB/Athos/AthOS/REPO-AthOS/kmouth/package-kmouth/usr/share/locale/km/LC_MESSAGES/kmouth.mo
-- Installing: /home/omen/GITHUB/Athos/AthOS/REPO-AthOS/kmouth/package-kmouth/usr/share/locale/pt
-- Installing: /home/omen/GITHUB/Athos/AthOS/REPO-AthOS/kmouth/package-kmouth/usr/share/locale/pt/LC_MESSAGES
-- Installing: /home/omen/GITHUB/Athos/AthOS/REPO-AthOS/kmouth/package-kmouth/usr/share/locale/pt/LC_MESSAGES/kmouth.mo
-- Installing: /home/omen/GITHUB/Athos/AthOS/REPO-AthOS/kmouth/package-kmouth/usr/share/locale/hr
-- Installing: /home/omen/GITHUB/Athos/AthOS/REPO-AthOS/kmouth/package-kmouth/usr/share/locale/hr/LC_MESSAGES
-- Installing: /home/omen/GITHUB/Athos/AthOS/REPO-AthOS/kmouth/package-kmouth/usr/share/locale/hr/LC_MESSAGES/kmouth.mo
-- Installing: /home/omen/GITHUB/Athos/AthOS/REPO-AthOS/kmouth/package-kmouth/usr/share/locale/tr
-- Installing: /home/omen/GITHUB/Athos/AthOS/REPO-AthOS/kmouth/package-kmouth/usr/share/locale/tr/LC_MESSAGES
-- Installing: /home/omen/GITHUB/Athos/AthOS/REPO-AthOS/kmouth/package-kmouth/usr/share/locale/tr/LC_MESSAGES/kmouth.mo
-- Installing: /home/omen/GITHUB/Athos/AthOS/REPO-AthOS/kmouth/package-kmouth/usr/share/locale/fr
-- Installing: /home/omen/GITHUB/Athos/AthOS/REPO-AthOS/kmouth/package-kmouth/usr/share/locale/fr/LC_MESSAGES
-- Installing: /home/omen/GITHUB/Athos/AthOS/REPO-AthOS/kmouth/package-kmouth/usr/share/locale/fr/LC_MESSAGES/kmouth.mo
-- Installing: /home/omen/GITHUB/Athos/AthOS/REPO-AthOS/kmouth/package-kmouth/usr/share/locale/ast
-- Installing: /home/omen/GITHUB/Athos/AthOS/REPO-AthOS/kmouth/package-kmouth/usr/share/locale/ast/LC_MESSAGES
-- Installing: /home/omen/GITHUB/Athos/AthOS/REPO-AthOS/kmouth/package-kmouth/usr/share/locale/ast/LC_MESSAGES/kmouth.mo
-- Installing: /home/omen/GITHUB/Athos/AthOS/REPO-AthOS/kmouth/package-kmouth/usr/share/locale/mai
-- Installing: /home/omen/GITHUB/Athos/AthOS/REPO-AthOS/kmouth/package-kmouth/usr/share/locale/mai/LC_MESSAGES
-- Installing: /home/omen/GITHUB/Athos/AthOS/REPO-AthOS/kmouth/package-kmouth/usr/share/locale/mai/LC_MESSAGES/kmouth.mo
-- Installing: /home/omen/GITHUB/Athos/AthOS/REPO-AthOS/kmouth/package-kmouth/usr/share/locale/ne
-- Installing: /home/omen/GITHUB/Athos/AthOS/REPO-AthOS/kmouth/package-kmouth/usr/share/locale/ne/LC_MESSAGES
-- Installing: /home/omen/GITHUB/Athos/AthOS/REPO-AthOS/kmouth/package-kmouth/usr/share/locale/ne/LC_MESSAGES/kmouth.mo
-- Installing: /home/omen/GITHUB/Athos/AthOS/REPO-AthOS/kmouth/package-kmouth/usr/share/locale/vi
-- Installing: /home/omen/GITHUB/Athos/AthOS/REPO-AthOS/kmouth/package-kmouth/usr/share/locale/vi/LC_MESSAGES
-- Installing: /home/omen/GITHUB/Athos/AthOS/REPO-AthOS/kmouth/package-kmouth/usr/share/locale/vi/LC_MESSAGES/kmouth.mo
-- Installing: /home/omen/GITHUB/Athos/AthOS/REPO-AthOS/kmouth/package-kmouth/usr/share/locale/ka
-- Installing: /home/omen/GITHUB/Athos/AthOS/REPO-AthOS/kmouth/package-kmouth/usr/share/locale/ka/LC_MESSAGES
-- Installing: /home/omen/GITHUB/Athos/AthOS/REPO-AthOS/kmouth/package-kmouth/usr/share/locale/ka/LC_MESSAGES/kmouth.mo
-- Installing: /home/omen/GITHUB/Athos/AthOS/REPO-AthOS/kmouth/package-kmouth/usr/share/locale/cy
-- Installing: /home/omen/GITHUB/Athos/AthOS/REPO-AthOS/kmouth/package-kmouth/usr/share/locale/cy/LC_MESSAGES
-- Installing: /home/omen/GITHUB/Athos/AthOS/REPO-AthOS/kmouth/package-kmouth/usr/share/locale/cy/LC_MESSAGES/kmouth.mo
-- Installing: /home/omen/GITHUB/Athos/AthOS/REPO-AthOS/kmouth/package-kmouth/usr/share/locale/th
-- Installing: /home/omen/GITHUB/Athos/AthOS/REPO-AthOS/kmouth/package-kmouth/usr/share/locale/th/LC_MESSAGES
-- Installing: /home/omen/GITHUB/Athos/AthOS/REPO-AthOS/kmouth/package-kmouth/usr/share/locale/th/LC_MESSAGES/kmouth.mo
-- Installing: /home/omen/GITHUB/Athos/AthOS/REPO-AthOS/kmouth/package-kmouth/usr/share/locale/gl
-- Installing: /home/omen/GITHUB/Athos/AthOS/REPO-AthOS/kmouth/package-kmouth/usr/share/locale/gl/LC_MESSAGES
-- Installing: /home/omen/GITHUB/Athos/AthOS/REPO-AthOS/kmouth/package-kmouth/usr/share/locale/gl/LC_MESSAGES/kmouth.mo
-- Installing: /home/omen/GITHUB/Athos/AthOS/REPO-AthOS/kmouth/package-kmouth/usr/share/locale/ia
-- Installing: /home/omen/GITHUB/Athos/AthOS/REPO-AthOS/kmouth/package-kmouth/usr/share/locale/ia/LC_MESSAGES
-- Installing: /home/omen/GITHUB/Athos/AthOS/REPO-AthOS/kmouth/package-kmouth/usr/share/locale/ia/LC_MESSAGES/kmouth.mo
-- Installing: /home/omen/GITHUB/Athos/AthOS/REPO-AthOS/kmouth/package-kmouth/usr/share/locale/hu
-- Installing: /home/omen/GITHUB/Athos/AthOS/REPO-AthOS/kmouth/package-kmouth/usr/share/locale/hu/LC_MESSAGES
-- Installing: /home/omen/GITHUB/Athos/AthOS/REPO-AthOS/kmouth/package-kmouth/usr/share/locale/hu/LC_MESSAGES/kmouth.mo
-- Installing: /home/omen/GITHUB/Athos/AthOS/REPO-AthOS/kmouth/package-kmouth/usr/share/locale/eo
-- Installing: /home/omen/GITHUB/Athos/AthOS/REPO-AthOS/kmouth/package-kmouth/usr/share/locale/eo/LC_MESSAGES
-- Installing: /home/omen/GITHUB/Athos/AthOS/REPO-AthOS/kmouth/package-kmouth/usr/share/locale/eo/LC_MESSAGES/kmouth.mo
-- Installing: /home/omen/GITHUB/Athos/AthOS/REPO-AthOS/kmouth/package-kmouth/usr/share/locale/bg
-- Installing: /home/omen/GITHUB/Athos/AthOS/REPO-AthOS/kmouth/package-kmouth/usr/share/locale/bg/LC_MESSAGES
-- Installing: /home/omen/GITHUB/Athos/AthOS/REPO-AthOS/kmouth/package-kmouth/usr/share/locale/bg/LC_MESSAGES/kmouth.mo
-- Installing: /home/omen/GITHUB/Athos/AthOS/REPO-AthOS/kmouth/package-kmouth/usr/share/locale/ga
-- Installing: /home/omen/GITHUB/Athos/AthOS/REPO-AthOS/kmouth/package-kmouth/usr/share/locale/ga/LC_MESSAGES
-- Installing: /home/omen/GITHUB/Athos/AthOS/REPO-AthOS/kmouth/package-kmouth/usr/share/locale/ga/LC_MESSAGES/kmouth.mo
-- Installing: /home/omen/GITHUB/Athos/AthOS/REPO-AthOS/kmouth/package-kmouth/usr/share/locale/br
-- Installing: /home/omen/GITHUB/Athos/AthOS/REPO-AthOS/kmouth/package-kmouth/usr/share/locale/br/LC_MESSAGES
-- Installing: /home/omen/GITHUB/Athos/AthOS/REPO-AthOS/kmouth/package-kmouth/usr/share/locale/br/LC_MESSAGES/kmouth.mo
-- Installing: /home/omen/GITHUB/Athos/AthOS/REPO-AthOS/kmouth/package-kmouth/usr/share/locale/ca
-- Installing: /home/omen/GITHUB/Athos/AthOS/REPO-AthOS/kmouth/package-kmouth/usr/share/locale/ca/LC_MESSAGES
-- Installing: /home/omen/GITHUB/Athos/AthOS/REPO-AthOS/kmouth/package-kmouth/usr/share/locale/ca/LC_MESSAGES/kmouth.mo
-- Installing: /home/omen/GITHUB/Athos/AthOS/REPO-AthOS/kmouth/package-kmouth/usr/share/locale/uk
-- Installing: /home/omen/GITHUB/Athos/AthOS/REPO-AthOS/kmouth/package-kmouth/usr/share/locale/uk/LC_MESSAGES
-- Installing: /home/omen/GITHUB/Athos/AthOS/REPO-AthOS/kmouth/package-kmouth/usr/share/locale/uk/LC_MESSAGES/kmouth.mo
-- Installing: /home/omen/GITHUB/Athos/AthOS/REPO-AthOS/kmouth/package-kmouth/usr/share/locale/ku
-- Installing: /home/omen/GITHUB/Athos/AthOS/REPO-AthOS/kmouth/package-kmouth/usr/share/locale/ku/LC_MESSAGES
-- Installing: /home/omen/GITHUB/Athos/AthOS/REPO-AthOS/kmouth/package-kmouth/usr/share/locale/ku/LC_MESSAGES/kmouth.mo
-- Installing: /home/omen/GITHUB/Athos/AthOS/REPO-AthOS/kmouth/package-kmouth/usr/share/locale/en_GB
-- Installing: /home/omen/GITHUB/Athos/AthOS/REPO-AthOS/kmouth/package-kmouth/usr/share/locale/en_GB/LC_MESSAGES
-- Installing: /home/omen/GITHUB/Athos/AthOS/REPO-AthOS/kmouth/package-kmouth/usr/share/locale/en_GB/LC_MESSAGES/kmouth.mo
-- Installing: /home/omen/GITHUB/Athos/AthOS/REPO-AthOS/kmouth/package-kmouth/usr/share/locale/zh_CN
-- Installing: /home/omen/GITHUB/Athos/AthOS/REPO-AthOS/kmouth/package-kmouth/usr/share/locale/zh_CN/LC_MESSAGES
-- Installing: /home/omen/GITHUB/Athos/AthOS/REPO-AthOS/kmouth/package-kmouth/usr/share/locale/zh_CN/LC_MESSAGES/kmouth.mo
-- Installing: /home/omen/GITHUB/Athos/AthOS/REPO-AthOS/kmouth/package-kmouth/usr/share/locale/nl
-- Installing: /home/omen/GITHUB/Athos/AthOS/REPO-AthOS/kmouth/package-kmouth/usr/share/locale/nl/LC_MESSAGES
-- Installing: /home/omen/GITHUB/Athos/AthOS/REPO-AthOS/kmouth/package-kmouth/usr/share/locale/nl/LC_MESSAGES/kmouth.mo
-- Installing: /home/omen/GITHUB/Athos/AthOS/REPO-AthOS/kmouth/package-kmouth/usr/share/locale/oc
-- Installing: /home/omen/GITHUB/Athos/AthOS/REPO-AthOS/kmouth/package-kmouth/usr/share/locale/oc/LC_MESSAGES
-- Installing: /home/omen/GITHUB/Athos/AthOS/REPO-AthOS/kmouth/package-kmouth/usr/share/locale/oc/LC_MESSAGES/kmouth.mo
-- Installing: /home/omen/GITHUB/Athos/AthOS/REPO-AthOS/kmouth/package-kmouth/usr/share/locale/sa
-- Installing: /home/omen/GITHUB/Athos/AthOS/REPO-AthOS/kmouth/package-kmouth/usr/share/locale/sa/LC_MESSAGES
-- Installing: /home/omen/GITHUB/Athos/AthOS/REPO-AthOS/kmouth/package-kmouth/usr/share/locale/sa/LC_MESSAGES/kmouth.mo
-- Installing: /home/omen/GITHUB/Athos/AthOS/REPO-AthOS/kmouth/package-kmouth/usr/share/locale/fi
-- Installing: /home/omen/GITHUB/Athos/AthOS/REPO-AthOS/kmouth/package-kmouth/usr/share/locale/fi/LC_MESSAGES
-- Installing: /home/omen/GITHUB/Athos/AthOS/REPO-AthOS/kmouth/package-kmouth/usr/share/locale/fi/LC_MESSAGES/kmouth.mo
-- Installing: /home/omen/GITHUB/Athos/AthOS/REPO-AthOS/kmouth/package-kmouth/usr/share/locale/ko
-- Installing: /home/omen/GITHUB/Athos/AthOS/REPO-AthOS/kmouth/package-kmouth/usr/share/locale/ko/LC_MESSAGES
-- Installing: /home/omen/GITHUB/Athos/AthOS/REPO-AthOS/kmouth/package-kmouth/usr/share/locale/ko/LC_MESSAGES/kmouth.mo
-- Installing: /home/omen/GITHUB/Athos/AthOS/REPO-AthOS/kmouth/package-kmouth/usr/share/locale/mk
-- Installing: /home/omen/GITHUB/Athos/AthOS/REPO-AthOS/kmouth/package-kmouth/usr/share/locale/mk/LC_MESSAGES
-- Installing: /home/omen/GITHUB/Athos/AthOS/REPO-AthOS/kmouth/package-kmouth/usr/share/locale/mk/LC_MESSAGES/kmouth.mo
-- Installing: /home/omen/GITHUB/Athos/AthOS/REPO-AthOS/kmouth/package-kmouth/usr/share/locale/ru
-- Installing: /home/omen/GITHUB/Athos/AthOS/REPO-AthOS/kmouth/package-kmouth/usr/share/locale/ru/LC_MESSAGES
-- Installing: /home/omen/GITHUB/Athos/AthOS/REPO-AthOS/kmouth/package-kmouth/usr/share/locale/ru/LC_MESSAGES/kmouth.mo
-- Installing: /home/omen/GITHUB/Athos/AthOS/REPO-AthOS/kmouth/package-kmouth/usr/share/locale/lv
-- Installing: /home/omen/GITHUB/Athos/AthOS/REPO-AthOS/kmouth/package-kmouth/usr/share/locale/lv/LC_MESSAGES
-- Installing: /home/omen/GITHUB/Athos/AthOS/REPO-AthOS/kmouth/package-kmouth/usr/share/locale/lv/LC_MESSAGES/kmouth.mo
-- Installing: /home/omen/GITHUB/Athos/AthOS/REPO-AthOS/kmouth/package-kmouth/usr/share/locale/ml
-- Installing: /home/omen/GITHUB/Athos/AthOS/REPO-AthOS/kmouth/package-kmouth/usr/share/locale/ml/LC_MESSAGES
-- Installing: /home/omen/GITHUB/Athos/AthOS/REPO-AthOS/kmouth/package-kmouth/usr/share/locale/ml/LC_MESSAGES/kmouth.mo
-- Installing: /home/omen/GITHUB/Athos/AthOS/REPO-AthOS/kmouth/package-kmouth/usr/share/locale/hne
-- Installing: /home/omen/GITHUB/Athos/AthOS/REPO-AthOS/kmouth/package-kmouth/usr/share/locale/hne/LC_MESSAGES
-- Installing: /home/omen/GITHUB/Athos/AthOS/REPO-AthOS/kmouth/package-kmouth/usr/share/locale/hne/LC_MESSAGES/kmouth.mo
-- Installing: /home/omen/GITHUB/Athos/AthOS/REPO-AthOS/kmouth/package-kmouth/usr/share/locale/ca@valencia
-- Installing: /home/omen/GITHUB/Athos/AthOS/REPO-AthOS/kmouth/package-kmouth/usr/share/locale/ca@valencia/LC_MESSAGES
-- Installing: /home/omen/GITHUB/Athos/AthOS/REPO-AthOS/kmouth/package-kmouth/usr/share/locale/ca@valencia/LC_MESSAGES/kmouth.mo
-- Installing: /home/omen/GITHUB/Athos/AthOS/REPO-AthOS/kmouth/package-kmouth/usr/share/locale/nb
-- Installing: /home/omen/GITHUB/Athos/AthOS/REPO-AthOS/kmouth/package-kmouth/usr/share/locale/nb/LC_MESSAGES
-- Installing: /home/omen/GITHUB/Athos/AthOS/REPO-AthOS/kmouth/package-kmouth/usr/share/locale/nb/LC_MESSAGES/kmouth.mo
-- Installing: /home/omen/GITHUB/Athos/AthOS/REPO-AthOS/kmouth/package-kmouth/usr/share/locale/es
-- Installing: /home/omen/GITHUB/Athos/AthOS/REPO-AthOS/kmouth/package-kmouth/usr/share/locale/es/LC_MESSAGES
-- Installing: /home/omen/GITHUB/Athos/AthOS/REPO-AthOS/kmouth/package-kmouth/usr/share/locale/es/LC_MESSAGES/kmouth.mo
-- Installing: /home/omen/GITHUB/Athos/AthOS/REPO-AthOS/kmouth/package-kmouth/usr/share/locale/eu
-- Installing: /home/omen/GITHUB/Athos/AthOS/REPO-AthOS/kmouth/package-kmouth/usr/share/locale/eu/LC_MESSAGES
-- Installing: /home/omen/GITHUB/Athos/AthOS/REPO-AthOS/kmouth/package-kmouth/usr/share/locale/eu/LC_MESSAGES/kmouth.mo
-- Installing: /home/omen/GITHUB/Athos/AthOS/REPO-AthOS/kmouth/package-kmouth/usr/share/locale/et
-- Installing: /home/omen/GITHUB/Athos/AthOS/REPO-AthOS/kmouth/package-kmouth/usr/share/locale/et/LC_MESSAGES
-- Installing: /home/omen/GITHUB/Athos/AthOS/REPO-AthOS/kmouth/package-kmouth/usr/share/locale/et/LC_MESSAGES/kmouth.mo
-- Installing: /home/omen/GITHUB/Athos/AthOS/REPO-AthOS/kmouth/package-kmouth/usr/share/locale/it
-- Installing: /home/omen/GITHUB/Athos/AthOS/REPO-AthOS/kmouth/package-kmouth/usr/share/locale/it/LC_MESSAGES
-- Installing: /home/omen/GITHUB/Athos/AthOS/REPO-AthOS/kmouth/package-kmouth/usr/share/locale/it/LC_MESSAGES/kmouth.mo
-- Installing: /home/omen/GITHUB/Athos/AthOS/REPO-AthOS/kmouth/package-kmouth/usr/share/locale/se
-- Installing: /home/omen/GITHUB/Athos/AthOS/REPO-AthOS/kmouth/package-kmouth/usr/share/locale/se/LC_MESSAGES
-- Installing: /home/omen/GITHUB/Athos/AthOS/REPO-AthOS/kmouth/package-kmouth/usr/share/locale/se/LC_MESSAGES/kmouth.mo
-- Installing: /home/omen/GITHUB/Athos/AthOS/REPO-AthOS/kmouth/package-kmouth/usr/share/locale/ar
-- Installing: /home/omen/GITHUB/Athos/AthOS/REPO-AthOS/kmouth/package-kmouth/usr/share/locale/ar/LC_MESSAGES
-- Installing: /home/omen/GITHUB/Athos/AthOS/REPO-AthOS/kmouth/package-kmouth/usr/share/locale/ar/LC_MESSAGES/kmouth.mo
-- Installing: /home/omen/GITHUB/Athos/AthOS/REPO-AthOS/kmouth/package-kmouth/usr/share/locale/sq
-- Installing: /home/omen/GITHUB/Athos/AthOS/REPO-AthOS/kmouth/package-kmouth/usr/share/locale/sq/LC_MESSAGES
-- Installing: /home/omen/GITHUB/Athos/AthOS/REPO-AthOS/kmouth/package-kmouth/usr/share/locale/sq/LC_MESSAGES/kmouth.mo
-- Installing: /home/omen/GITHUB/Athos/AthOS/REPO-AthOS/kmouth/package-kmouth/usr/share/locale/nds
-- Installing: /home/omen/GITHUB/Athos/AthOS/REPO-AthOS/kmouth/package-kmouth/usr/share/locale/nds/LC_MESSAGES
-- Installing: /home/omen/GITHUB/Athos/AthOS/REPO-AthOS/kmouth/package-kmouth/usr/share/locale/nds/LC_MESSAGES/kmouth.mo
-- Installing: /home/omen/GITHUB/Athos/AthOS/REPO-AthOS/kmouth/package-kmouth/usr/share/locale/mr
-- Installing: /home/omen/GITHUB/Athos/AthOS/REPO-AthOS/kmouth/package-kmouth/usr/share/locale/mr/LC_MESSAGES
-- Installing: /home/omen/GITHUB/Athos/AthOS/REPO-AthOS/kmouth/package-kmouth/usr/share/locale/mr/LC_MESSAGES/kmouth.mo
-- Installing: /home/omen/GITHUB/Athos/AthOS/REPO-AthOS/kmouth/package-kmouth/usr/share/locale/ug
-- Installing: /home/omen/GITHUB/Athos/AthOS/REPO-AthOS/kmouth/package-kmouth/usr/share/locale/ug/LC_MESSAGES
-- Installing: /home/omen/GITHUB/Athos/AthOS/REPO-AthOS/kmouth/package-kmouth/usr/share/locale/ug/LC_MESSAGES/kmouth.mo
-- Installing: /home/omen/GITHUB/Athos/AthOS/REPO-AthOS/kmouth/package-kmouth/usr/share/locale/sk
-- Installing: /home/omen/GITHUB/Athos/AthOS/REPO-AthOS/kmouth/package-kmouth/usr/share/locale/sk/LC_MESSAGES
-- Installing: /home/omen/GITHUB/Athos/AthOS/REPO-AthOS/kmouth/package-kmouth/usr/share/locale/sk/LC_MESSAGES/kmouth.mo
-- Installing: /home/omen/GITHUB/Athos/AthOS/REPO-AthOS/kmouth/package-kmouth/usr/share/locale/sv
-- Installing: /home/omen/GITHUB/Athos/AthOS/REPO-AthOS/kmouth/package-kmouth/usr/share/locale/sv/LC_MESSAGES
-- Installing: /home/omen/GITHUB/Athos/AthOS/REPO-AthOS/kmouth/package-kmouth/usr/share/locale/sv/LC_MESSAGES/kmouth.mo
-- Installing: /home/omen/GITHUB/Athos/AthOS/REPO-AthOS/kmouth/package-kmouth/usr/share/doc/HTML/en/kmouth/index.cache.bz2
-- Installing: /home/omen/GITHUB/Athos/AthOS/REPO-AthOS/kmouth/package-kmouth/usr/share/doc/HTML/en/kmouth/index.docbook
-- Installing: /home/omen/GITHUB/Athos/AthOS/REPO-AthOS/kmouth/package-kmouth/usr/share/doc/HTML/en/kmouth/kmouthcpref.png
-- Installing: /home/omen/GITHUB/Athos/AthOS/REPO-AthOS/kmouth/package-kmouth/usr/share/doc/HTML/en/kmouth/kmouthctts.png
-- Installing: /home/omen/GITHUB/Athos/AthOS/REPO-AthOS/kmouth/package-kmouth/usr/share/doc/HTML/en/kmouth/kmouthcwcp.png
-- Installing: /home/omen/GITHUB/Athos/AthOS/REPO-AthOS/kmouth/package-kmouth/usr/share/doc/HTML/en/kmouth/kmouthedit.png
-- Installing: /home/omen/GITHUB/Athos/AthOS/REPO-AthOS/kmouth/package-kmouth/usr/share/doc/HTML/en/kmouth/kmouthmain.png
-- Installing: /home/omen/GITHUB/Athos/AthOS/REPO-AthOS/kmouth/package-kmouth/usr/share/doc/HTML/en/kmouth/kmouthwizard1.png
-- Installing: /home/omen/GITHUB/Athos/AthOS/REPO-AthOS/kmouth/package-kmouth/usr/share/doc/HTML/en/kmouth/kmouthwizard3.png
-- Installing: /home/omen/GITHUB/Athos/AthOS/REPO-AthOS/kmouth/package-kmouth/usr/man/man1/kmouth.1
-- Installing: /home/omen/GITHUB/Athos/AthOS/REPO-AthOS/kmouth/package-kmouth/usr/share/doc/HTML/ca/kmouth/index.cache.bz2
-- Installing: /home/omen/GITHUB/Athos/AthOS/REPO-AthOS/kmouth/package-kmouth/usr/share/doc/HTML/ca/kmouth/index.docbook
-- Installing: /home/omen/GITHUB/Athos/AthOS/REPO-AthOS/kmouth/package-kmouth/usr/share/doc/HTML/ca/kmouth/kmouthcpref.png
-- Installing: /home/omen/GITHUB/Athos/AthOS/REPO-AthOS/kmouth/package-kmouth/usr/share/doc/HTML/ca/kmouth/kmouthctts.png
-- Installing: /home/omen/GITHUB/Athos/AthOS/REPO-AthOS/kmouth/package-kmouth/usr/share/doc/HTML/ca/kmouth/kmouthwizard1.png
-- Installing: /home/omen/GITHUB/Athos/AthOS/REPO-AthOS/kmouth/package-kmouth/usr/share/doc/HTML/ca/kmouth/kmouthwizard2.png
-- Installing: /home/omen/GITHUB/Athos/AthOS/REPO-AthOS/kmouth/package-kmouth/usr/share/doc/HTML/ca/kmouth/kmouthwizard3.png
-- Installing: /home/omen/GITHUB/Athos/AthOS/REPO-AthOS/kmouth/package-kmouth/usr/man/ca/man1/kmouth.1
-- Installing: /home/omen/GITHUB/Athos/AthOS/REPO-AthOS/kmouth/package-kmouth/usr/share/doc/HTML/da/kmouth/index.cache.bz2
-- Installing: /home/omen/GITHUB/Athos/AthOS/REPO-AthOS/kmouth/package-kmouth/usr/share/doc/HTML/da/kmouth/index.docbook
-- Installing: /home/omen/GITHUB/Athos/AthOS/REPO-AthOS/kmouth/package-kmouth/usr/man/da/man1/kmouth.1
-- Installing: /home/omen/GITHUB/Athos/AthOS/REPO-AthOS/kmouth/package-kmouth/usr/share/doc/HTML/de/kmouth/index.cache.bz2
-- Installing: /home/omen/GITHUB/Athos/AthOS/REPO-AthOS/kmouth/package-kmouth/usr/share/doc/HTML/de/kmouth/index.docbook
-- Installing: /home/omen/GITHUB/Athos/AthOS/REPO-AthOS/kmouth/package-kmouth/usr/share/doc/HTML/de/kmouth/kmouthcpref.png
-- Installing: /home/omen/GITHUB/Athos/AthOS/REPO-AthOS/kmouth/package-kmouth/usr/share/doc/HTML/de/kmouth/kmouthctts.png
-- Installing: /home/omen/GITHUB/Athos/AthOS/REPO-AthOS/kmouth/package-kmouth/usr/share/doc/HTML/de/kmouth/kmouthcwcp.png
-- Installing: /home/omen/GITHUB/Athos/AthOS/REPO-AthOS/kmouth/package-kmouth/usr/share/doc/HTML/de/kmouth/kmouthedit.png
-- Installing: /home/omen/GITHUB/Athos/AthOS/REPO-AthOS/kmouth/package-kmouth/usr/share/doc/HTML/de/kmouth/kmouthmain.png
-- Installing: /home/omen/GITHUB/Athos/AthOS/REPO-AthOS/kmouth/package-kmouth/usr/share/doc/HTML/de/kmouth/kmouthwizard1.png
-- Installing: /home/omen/GITHUB/Athos/AthOS/REPO-AthOS/kmouth/package-kmouth/usr/share/doc/HTML/de/kmouth/kmouthwizard2.png
-- Installing: /home/omen/GITHUB/Athos/AthOS/REPO-AthOS/kmouth/package-kmouth/usr/share/doc/HTML/de/kmouth/kmouthwizard3.png
-- Installing: /home/omen/GITHUB/Athos/AthOS/REPO-AthOS/kmouth/package-kmouth/usr/man/de/man1/kmouth.1
-- Installing: /home/omen/GITHUB/Athos/AthOS/REPO-AthOS/kmouth/package-kmouth/usr/share/doc/HTML/es/kmouth/index.cache.bz2
-- Installing: /home/omen/GITHUB/Athos/AthOS/REPO-AthOS/kmouth/package-kmouth/usr/share/doc/HTML/es/kmouth/index.docbook
-- Installing: /home/omen/GITHUB/Athos/AthOS/REPO-AthOS/kmouth/package-kmouth/usr/man/es/man1/kmouth.1
-- Installing: /home/omen/GITHUB/Athos/AthOS/REPO-AthOS/kmouth/package-kmouth/usr/man/et/man1/kmouth.1
-- Installing: /home/omen/GITHUB/Athos/AthOS/REPO-AthOS/kmouth/package-kmouth/usr/share/doc/HTML/fr/kmouth/index.cache.bz2
-- Installing: /home/omen/GITHUB/Athos/AthOS/REPO-AthOS/kmouth/package-kmouth/usr/share/doc/HTML/fr/kmouth/index.docbook
-- Installing: /home/omen/GITHUB/Athos/AthOS/REPO-AthOS/kmouth/package-kmouth/usr/share/doc/HTML/fr/kmouth/kmouthcpref.png
-- Installing: /home/omen/GITHUB/Athos/AthOS/REPO-AthOS/kmouth/package-kmouth/usr/share/doc/HTML/fr/kmouth/kmouthctts.png
-- Installing: /home/omen/GITHUB/Athos/AthOS/REPO-AthOS/kmouth/package-kmouth/usr/share/doc/HTML/fr/kmouth/kmouthedit.png
-- Installing: /home/omen/GITHUB/Athos/AthOS/REPO-AthOS/kmouth/package-kmouth/usr/share/doc/HTML/fr/kmouth/kmouthmain.png
-- Installing: /home/omen/GITHUB/Athos/AthOS/REPO-AthOS/kmouth/package-kmouth/usr/share/doc/HTML/fr/kmouth/kmouthwizard.png
-- Installing: /home/omen/GITHUB/Athos/AthOS/REPO-AthOS/kmouth/package-kmouth/usr/man/fr/man1/kmouth.1
-- Installing: /home/omen/GITHUB/Athos/AthOS/REPO-AthOS/kmouth/package-kmouth/usr/share/doc/HTML/it/kmouth/index.cache.bz2
-- Installing: /home/omen/GITHUB/Athos/AthOS/REPO-AthOS/kmouth/package-kmouth/usr/share/doc/HTML/it/kmouth/index.docbook
-- Installing: /home/omen/GITHUB/Athos/AthOS/REPO-AthOS/kmouth/package-kmouth/usr/share/doc/HTML/it/kmouth/kmouthcpref.png
-- Installing: /home/omen/GITHUB/Athos/AthOS/REPO-AthOS/kmouth/package-kmouth/usr/share/doc/HTML/it/kmouth/kmouthctts.png
-- Installing: /home/omen/GITHUB/Athos/AthOS/REPO-AthOS/kmouth/package-kmouth/usr/share/doc/HTML/it/kmouth/kmouthcwcp.png
-- Installing: /home/omen/GITHUB/Athos/AthOS/REPO-AthOS/kmouth/package-kmouth/usr/share/doc/HTML/it/kmouth/kmouthedit.png
-- Installing: /home/omen/GITHUB/Athos/AthOS/REPO-AthOS/kmouth/package-kmouth/usr/share/doc/HTML/it/kmouth/kmouthmain.png
-- Installing: /home/omen/GITHUB/Athos/AthOS/REPO-AthOS/kmouth/package-kmouth/usr/share/doc/HTML/it/kmouth/kmouthwizard1.png
-- Installing: /home/omen/GITHUB/Athos/AthOS/REPO-AthOS/kmouth/package-kmouth/usr/share/doc/HTML/it/kmouth/kmouthwizard2.png
-- Installing: /home/omen/GITHUB/Athos/AthOS/REPO-AthOS/kmouth/package-kmouth/usr/share/doc/HTML/it/kmouth/kmouthwizard3.png
-- Installing: /home/omen/GITHUB/Athos/AthOS/REPO-AthOS/kmouth/package-kmouth/usr/man/it/man1/kmouth.1
-- Installing: /home/omen/GITHUB/Athos/AthOS/REPO-AthOS/kmouth/package-kmouth/usr/share/doc/HTML/nl/kmouth/index.cache.bz2
-- Installing: /home/omen/GITHUB/Athos/AthOS/REPO-AthOS/kmouth/package-kmouth/usr/share/doc/HTML/nl/kmouth/index.docbook
-- Installing: /home/omen/GITHUB/Athos/AthOS/REPO-AthOS/kmouth/package-kmouth/usr/share/doc/HTML/nl/kmouth/kmouthcpref.png
-- Installing: /home/omen/GITHUB/Athos/AthOS/REPO-AthOS/kmouth/package-kmouth/usr/share/doc/HTML/nl/kmouth/kmouthctts.png
-- Installing: /home/omen/GITHUB/Athos/AthOS/REPO-AthOS/kmouth/package-kmouth/usr/share/doc/HTML/nl/kmouth/kmouthcwcp.png
-- Installing: /home/omen/GITHUB/Athos/AthOS/REPO-AthOS/kmouth/package-kmouth/usr/share/doc/HTML/nl/kmouth/kmouthedit.png
-- Installing: /home/omen/GITHUB/Athos/AthOS/REPO-AthOS/kmouth/package-kmouth/usr/share/doc/HTML/nl/kmouth/kmouthmain.png
-- Installing: /home/omen/GITHUB/Athos/AthOS/REPO-AthOS/kmouth/package-kmouth/usr/share/doc/HTML/nl/kmouth/kmouthwizard.png
-- Installing: /home/omen/GITHUB/Athos/AthOS/REPO-AthOS/kmouth/package-kmouth/usr/man/nl/man1/kmouth.1
-- Installing: /home/omen/GITHUB/Athos/AthOS/REPO-AthOS/kmouth/package-kmouth/usr/share/doc/HTML/pt/kmouth/index.cache.bz2
-- Installing: /home/omen/GITHUB/Athos/AthOS/REPO-AthOS/kmouth/package-kmouth/usr/share/doc/HTML/pt/kmouth/index.docbook
-- Installing: /home/omen/GITHUB/Athos/AthOS/REPO-AthOS/kmouth/package-kmouth/usr/man/pt/man1/kmouth.1
-- Installing: /home/omen/GITHUB/Athos/AthOS/REPO-AthOS/kmouth/package-kmouth/usr/share/doc/HTML/pt_BR/kmouth/index.cache.bz2
-- Installing: /home/omen/GITHUB/Athos/AthOS/REPO-AthOS/kmouth/package-kmouth/usr/share/doc/HTML/pt_BR/kmouth/index.docbook
-- Installing: /home/omen/GITHUB/Athos/AthOS/REPO-AthOS/kmouth/package-kmouth/usr/share/doc/HTML/pt_BR/kmouth/kmouthcpref.png
-- Installing: /home/omen/GITHUB/Athos/AthOS/REPO-AthOS/kmouth/package-kmouth/usr/share/doc/HTML/pt_BR/kmouth/kmouthctts.png
-- Installing: /home/omen/GITHUB/Athos/AthOS/REPO-AthOS/kmouth/package-kmouth/usr/share/doc/HTML/pt_BR/kmouth/kmouthcwcp.png
-- Installing: /home/omen/GITHUB/Athos/AthOS/REPO-AthOS/kmouth/package-kmouth/usr/share/doc/HTML/pt_BR/kmouth/kmouthedit.png
-- Installing: /home/omen/GITHUB/Athos/AthOS/REPO-AthOS/kmouth/package-kmouth/usr/share/doc/HTML/pt_BR/kmouth/kmouthmain.png
-- Installing: /home/omen/GITHUB/Athos/AthOS/REPO-AthOS/kmouth/package-kmouth/usr/share/doc/HTML/pt_BR/kmouth/kmouthwizard1.png
-- Installing: /home/omen/GITHUB/Athos/AthOS/REPO-AthOS/kmouth/package-kmouth/usr/share/doc/HTML/pt_BR/kmouth/kmouthwizard2.png
-- Installing: /home/omen/GITHUB/Athos/AthOS/REPO-AthOS/kmouth/package-kmouth/usr/share/doc/HTML/pt_BR/kmouth/kmouthwizard3.png
-- Installing: /home/omen/GITHUB/Athos/AthOS/REPO-AthOS/kmouth/package-kmouth/usr/man/pt_BR/man1/kmouth.1
-- Installing: /home/omen/GITHUB/Athos/AthOS/REPO-AthOS/kmouth/package-kmouth/usr/share/doc/HTML/ru/kmouth/index.cache.bz2
-- Installing: /home/omen/GITHUB/Athos/AthOS/REPO-AthOS/kmouth/package-kmouth/usr/share/doc/HTML/ru/kmouth/index.docbook
-- Installing: /home/omen/GITHUB/Athos/AthOS/REPO-AthOS/kmouth/package-kmouth/usr/man/ru/man1/kmouth.1
-- Installing: /home/omen/GITHUB/Athos/AthOS/REPO-AthOS/kmouth/package-kmouth/usr/share/doc/HTML/sl/kmouth/index.cache.bz2
-- Installing: /home/omen/GITHUB/Athos/AthOS/REPO-AthOS/kmouth/package-kmouth/usr/share/doc/HTML/sl/kmouth/index.docbook
-- Installing: /home/omen/GITHUB/Athos/AthOS/REPO-AthOS/kmouth/package-kmouth/usr/man/sl/man1/kmouth.1
-- Installing: /home/omen/GITHUB/Athos/AthOS/REPO-AthOS/kmouth/package-kmouth/usr/share/doc/HTML/sv/kmouth/index.cache.bz2
-- Installing: /home/omen/GITHUB/Athos/AthOS/REPO-AthOS/kmouth/package-kmouth/usr/share/doc/HTML/sv/kmouth/index.docbook
-- Installing: /home/omen/GITHUB/Athos/AthOS/REPO-AthOS/kmouth/package-kmouth/usr/share/doc/HTML/sv/kmouth/kmouthcpref.png
-- Installing: /home/omen/GITHUB/Athos/AthOS/REPO-AthOS/kmouth/package-kmouth/usr/share/doc/HTML/sv/kmouth/kmouthctts.png
-- Installing: /home/omen/GITHUB/Athos/AthOS/REPO-AthOS/kmouth/package-kmouth/usr/share/doc/HTML/sv/kmouth/kmouthcwcp.png
-- Installing: /home/omen/GITHUB/Athos/AthOS/REPO-AthOS/kmouth/package-kmouth/usr/share/doc/HTML/sv/kmouth/kmouthedit.png
-- Installing: /home/omen/GITHUB/Athos/AthOS/REPO-AthOS/kmouth/package-kmouth/usr/share/doc/HTML/sv/kmouth/kmouthmain.png
-- Installing: /home/omen/GITHUB/Athos/AthOS/REPO-AthOS/kmouth/package-kmouth/usr/share/doc/HTML/sv/kmouth/kmouthwizard.png
-- Installing: /home/omen/GITHUB/Athos/AthOS/REPO-AthOS/kmouth/package-kmouth/usr/man/sv/man1/kmouth.1
-- Installing: /home/omen/GITHUB/Athos/AthOS/REPO-AthOS/kmouth/package-kmouth/usr/share/doc/HTML/uk/kmouth/index.cache.bz2
-- Installing: /home/omen/GITHUB/Athos/AthOS/REPO-AthOS/kmouth/package-kmouth/usr/share/doc/HTML/uk/kmouth/index.docbook
-- Installing: /home/omen/GITHUB/Athos/AthOS/REPO-AthOS/kmouth/package-kmouth/usr/man/uk/man1/kmouth.1
[32mThe main part of source code is ready. We are moving on to preparing post install scripts, docs, license, man pages etc..[0m
cp: cannot stat 'ChangeLog*': No such file or directory
cp: cannot stat 'CREDITS': No such file or directory
cp: cannot stat 'LICENSE': No such file or directory
cp: cannot stat 'MAINTAINERS': No such file or directory
cp: cannot stat 'NEWS': No such file or directory
cp: cannot stat 'README*': No such file or directory
cp: cannot stat 'docs': No such file or directory
cp: cannot stat 'DOCS': No such file or directory
grep: /home/omen/GITHUB/Athos/AthOS/REPO-AthOS/kmouth/kmouth.info: No such file or directory
extra-cmake-modules
kcompletion
kconfig
kconfigwidgets
kcoreaddons
kcrash
kdoctools
ki18n
kio
kwidgetsaddons
kxmlgui
[32mPackaging compiled for slackware installation...[0m
[32mMAKEPKG_FLAGS is empty or unset, using default[0m

Slackware package maker, version 3.14159265.

Searching for symbolic links:

No symbolic links were found, so we won't make an installation script.
You can make your own later in ./install/doinst.sh and rebuild the
package if you like.

This next step is optional - you can set the directories in your package
to some sane permissions. If any of the directories in your package have
special permissions, then DO NOT reset them here!

Would you like to reset all directory permissions to 755 (drwxr-xr-x) and
directory ownerships to root:root ([y]es, [n]o)? n


Creating Slackware package:  /tmp/kmouth/kmouth-25.04.1-x86_64-1_rtz.tlz

./
etc/
etc/xdg/
etc/xdg/kmouthrc
install/
install/doinst.sh
install/slack-desc
usr/
usr/bin/
usr/bin/kmouth
usr/doc/
usr/doc/kmouth-25.04.1/
usr/doc/kmouth-25.04.1/AUTHORS
usr/doc/kmouth-25.04.1/COPYING
usr/doc/kmouth-25.04.1/kmouth.ini
usr/doc/kmouth-25.04.1/slack-required
usr/man/
usr/man/ca/
usr/man/ca/man1/
usr/man/ca/man1/kmouth.1.gz
usr/man/da/
usr/man/da/man1/
usr/man/da/man1/kmouth.1.gz
usr/man/de/
usr/man/de/man1/
usr/man/de/man1/kmouth.1.gz
usr/man/es/
usr/man/es/man1/
usr/man/es/man1/kmouth.1.gz
usr/man/et/
usr/man/et/man1/
usr/man/et/man1/kmouth.1.gz
usr/man/fr/
usr/man/fr/man1/
usr/man/fr/man1/kmouth.1.gz
usr/man/it/
usr/man/it/man1/
usr/man/it/man1/kmouth.1.gz
usr/man/man1/
usr/man/man1/kmouth.1.gz
usr/man/nl/
usr/man/nl/man1/
usr/man/nl/man1/kmouth.1.gz
usr/man/pt/
usr/man/pt/man1/
usr/man/pt/man1/kmouth.1.gz
usr/man/pt_BR/
usr/man/pt_BR/man1/
usr/man/pt_BR/man1/kmouth.1.gz
usr/man/ru/
usr/man/ru/man1/
usr/man/ru/man1/kmouth.1.gz
usr/man/sl/
usr/man/sl/man1/
usr/man/sl/man1/kmouth.1.gz
usr/man/sv/
usr/man/sv/man1/
usr/man/sv/man1/kmouth.1.gz
usr/man/uk/
usr/man/uk/man1/
usr/man/uk/man1/kmouth.1.gz
usr/share/
usr/share/applications/
usr/share/applications/org.kde.kmouth.desktop
usr/share/doc/
usr/share/doc/HTML/
usr/share/doc/HTML/ca/
usr/share/doc/HTML/ca/kmouth/
usr/share/doc/HTML/ca/kmouth/index.cache.bz2
usr/share/doc/HTML/ca/kmouth/index.docbook
usr/share/doc/HTML/ca/kmouth/kmouthcpref.png
usr/share/doc/HTML/ca/kmouth/kmouthctts.png
usr/share/doc/HTML/ca/kmouth/kmouthwizard1.png
usr/share/doc/HTML/ca/kmouth/kmouthwizard2.png
usr/share/doc/HTML/ca/kmouth/kmouthwizard3.png
usr/share/doc/HTML/da/
usr/share/doc/HTML/da/kmouth/
usr/share/doc/HTML/da/kmouth/index.cache.bz2
usr/share/doc/HTML/da/kmouth/index.docbook
usr/share/doc/HTML/de/
usr/share/doc/HTML/de/kmouth/
usr/share/doc/HTML/de/kmouth/index.cache.bz2
usr/share/doc/HTML/de/kmouth/index.docbook
usr/share/doc/HTML/de/kmouth/kmouthcpref.png
usr/share/doc/HTML/de/kmouth/kmouthctts.png
usr/share/doc/HTML/de/kmouth/kmouthcwcp.png
usr/share/doc/HTML/de/kmouth/kmouthedit.png
usr/share/doc/HTML/de/kmouth/kmouthmain.png
usr/share/doc/HTML/de/kmouth/kmouthwizard1.png
usr/share/doc/HTML/de/kmouth/kmouthwizard2.png
usr/share/doc/HTML/de/kmouth/kmouthwizard3.png
usr/share/doc/HTML/en/
usr/share/doc/HTML/en/kmouth/
usr/share/doc/HTML/en/kmouth/index.cache.bz2
usr/share/doc/HTML/en/kmouth/index.docbook
usr/share/doc/HTML/en/kmouth/kmouthcpref.png
usr/share/doc/HTML/en/kmouth/kmouthctts.png
usr/share/doc/HTML/en/kmouth/kmouthcwcp.png
usr/share/doc/HTML/en/kmouth/kmouthedit.png
usr/share/doc/HTML/en/kmouth/kmouthmain.png
usr/share/doc/HTML/en/kmouth/kmouthwizard1.png
usr/share/doc/HTML/en/kmouth/kmouthwizard3.png
usr/share/doc/HTML/es/
usr/share/doc/HTML/es/kmouth/
usr/share/doc/HTML/es/kmouth/index.cache.bz2
usr/share/doc/HTML/es/kmouth/index.docbook
usr/share/doc/HTML/fr/
usr/share/doc/HTML/fr/kmouth/
usr/share/doc/HTML/fr/kmouth/index.cache.bz2
usr/share/doc/HTML/fr/kmouth/index.docbook
usr/share/doc/HTML/fr/kmouth/kmouthcpref.png
usr/share/doc/HTML/fr/kmouth/kmouthctts.png
usr/share/doc/HTML/fr/kmouth/kmouthedit.png
usr/share/doc/HTML/fr/kmouth/kmouthmain.png
usr/share/doc/HTML/fr/kmouth/kmouthwizard.png
usr/share/doc/HTML/it/
usr/share/doc/HTML/it/kmouth/
usr/share/doc/HTML/it/kmouth/index.cache.bz2
usr/share/doc/HTML/it/kmouth/index.docbook
usr/share/doc/HTML/it/kmouth/kmouthcpref.png
usr/share/doc/HTML/it/kmouth/kmouthctts.png
usr/share/doc/HTML/it/kmouth/kmouthcwcp.png
usr/share/doc/HTML/it/kmouth/kmouthedit.png
usr/share/doc/HTML/it/kmouth/kmouthmain.png
usr/share/doc/HTML/it/kmouth/kmouthwizard1.png
usr/share/doc/HTML/it/kmouth/kmouthwizard2.png
usr/share/doc/HTML/it/kmouth/kmouthwizard3.png
usr/share/doc/HTML/nl/
usr/share/doc/HTML/nl/kmouth/
usr/share/doc/HTML/nl/kmouth/index.cache.bz2
usr/share/doc/HTML/nl/kmouth/index.docbook
usr/share/doc/HTML/nl/kmouth/kmouthcpref.png
usr/share/doc/HTML/nl/kmouth/kmouthctts.png
usr/share/doc/HTML/nl/kmouth/kmouthcwcp.png
usr/share/doc/HTML/nl/kmouth/kmouthedit.png
usr/share/doc/HTML/nl/kmouth/kmouthmain.png
usr/share/doc/HTML/nl/kmouth/kmouthwizard.png
usr/share/doc/HTML/pt/
usr/share/doc/HTML/pt/kmouth/
usr/share/doc/HTML/pt/kmouth/index.cache.bz2
usr/share/doc/HTML/pt/kmouth/index.docbook
usr/share/doc/HTML/pt_BR/
usr/share/doc/HTML/pt_BR/kmouth/
usr/share/doc/HTML/pt_BR/kmouth/index.cache.bz2
usr/share/doc/HTML/pt_BR/kmouth/index.docbook
usr/share/doc/HTML/pt_BR/kmouth/kmouthcpref.png
usr/share/doc/HTML/pt_BR/kmouth/kmouthctts.png
usr/share/doc/HTML/pt_BR/kmouth/kmouthcwcp.png
usr/share/doc/HTML/pt_BR/kmouth/kmouthedit.png
usr/share/doc/HTML/pt_BR/kmouth/kmouthmain.png
usr/share/doc/HTML/pt_BR/kmouth/kmouthwizard1.png
usr/share/doc/HTML/pt_BR/kmouth/kmouthwizard2.png
usr/share/doc/HTML/pt_BR/kmouth/kmouthwizard3.png
usr/share/doc/HTML/ru/
usr/share/doc/HTML/ru/kmouth/
usr/share/doc/HTML/ru/kmouth/index.cache.bz2
usr/share/doc/HTML/ru/kmouth/index.docbook
usr/share/doc/HTML/sl/
usr/share/doc/HTML/sl/kmouth/
usr/share/doc/HTML/sl/kmouth/index.cache.bz2
usr/share/doc/HTML/sl/kmouth/index.docbook
usr/share/doc/HTML/sv/
usr/share/doc/HTML/sv/kmouth/
usr/share/doc/HTML/sv/kmouth/index.cache.bz2
usr/share/doc/HTML/sv/kmouth/index.docbook
usr/share/doc/HTML/sv/kmouth/kmouthcpref.png
usr/share/doc/HTML/sv/kmouth/kmouthctts.png
usr/share/doc/HTML/sv/kmouth/kmouthcwcp.png
usr/share/doc/HTML/sv/kmouth/kmouthedit.png
usr/share/doc/HTML/sv/kmouth/kmouthmain.png
usr/share/doc/HTML/sv/kmouth/kmouthwizard.png
usr/share/doc/HTML/uk/
usr/share/doc/HTML/uk/kmouth/
usr/share/doc/HTML/uk/kmouth/index.cache.bz2
usr/share/doc/HTML/uk/kmouth/index.docbook
usr/share/icons/
usr/share/icons/hicolor/
usr/share/icons/hicolor/128x128/
usr/share/icons/hicolor/128x128/apps/
usr/share/icons/hicolor/128x128/apps/kmouth.png
usr/share/icons/hicolor/16x16/
usr/share/icons/hicolor/16x16/actions/
usr/share/icons/hicolor/16x16/actions/phrase.png
usr/share/icons/hicolor/16x16/actions/phrasebook.png
usr/share/icons/hicolor/22x22/
usr/share/icons/hicolor/22x22/actions/
usr/share/icons/hicolor/22x22/actions/phrase.png
usr/share/icons/hicolor/22x22/actions/phrasebook.png
usr/share/icons/hicolor/32x32/
usr/share/icons/hicolor/32x32/actions/
usr/share/icons/hicolor/32x32/actions/phrase.png
usr/share/icons/hicolor/32x32/actions/phrasebook.png
usr/share/icons/hicolor/scalable/
usr/share/icons/hicolor/scalable/apps/
usr/share/icons/hicolor/scalable/apps/kmouth.svg
usr/share/kmouth/
usr/share/kmouth/books/
usr/share/kmouth/books/ca/
usr/share/kmouth/books/ca/ca-courteousness.phrasebook
usr/share/kmouth/books/ca/ca-greetings.phrasebook
usr/share/kmouth/books/ca/ca-howareyou.phrasebook
usr/share/kmouth/books/ca/ca-personal.phrasebook
usr/share/kmouth/books/ca/ca.desktop
usr/share/kmouth/books/de/
usr/share/kmouth/books/de/de-courteousness.phrasebook
usr/share/kmouth/books/de/de-greetings.phrasebook
usr/share/kmouth/books/de/de-howareyou.phrasebook
usr/share/kmouth/books/de/de-personal.phrasebook
usr/share/kmouth/books/de/de.desktop
usr/share/kmouth/books/en/
usr/share/kmouth/books/en/en-courteousness.phrasebook
usr/share/kmouth/books/en/en-greetings.phrasebook
usr/share/kmouth/books/en/en-howareyou.phrasebook
usr/share/kmouth/books/en/en-personal.phrasebook
usr/share/kmouth/books/en/en.desktop
usr/share/kmouth/books/sv/
usr/share/kmouth/books/sv/sv-courteousness.phrasebook
usr/share/kmouth/books/sv/sv-greetings.phrasebook
usr/share/kmouth/books/sv/sv-howareyou.phrasebook
usr/share/kmouth/books/sv/sv-personal.phrasebook
usr/share/kmouth/books/sv/sv.desktop
usr/share/locale/
usr/share/locale/ar/
usr/share/locale/ar/LC_MESSAGES/
usr/share/locale/ar/LC_MESSAGES/kmouth.mo
usr/share/locale/ast/
usr/share/locale/ast/LC_MESSAGES/
usr/share/locale/ast/LC_MESSAGES/kmouth.mo
usr/share/locale/be/
usr/share/locale/be/LC_MESSAGES/
usr/share/locale/be/LC_MESSAGES/kmouth.mo
usr/share/locale/bg/
usr/share/locale/bg/LC_MESSAGES/
usr/share/locale/bg/LC_MESSAGES/kmouth.mo
usr/share/locale/br/
usr/share/locale/br/LC_MESSAGES/
usr/share/locale/br/LC_MESSAGES/kmouth.mo
usr/share/locale/bs/
usr/share/locale/bs/LC_MESSAGES/
usr/share/locale/bs/LC_MESSAGES/kmouth.mo
usr/share/locale/ca/
usr/share/locale/ca/LC_MESSAGES/
usr/share/locale/ca/LC_MESSAGES/kmouth.mo
usr/share/locale/ca@valencia/
usr/share/locale/ca@valencia/LC_MESSAGES/
usr/share/locale/ca@valencia/LC_MESSAGES/kmouth.mo
usr/share/locale/cs/
usr/share/locale/cs/LC_MESSAGES/
usr/share/locale/cs/LC_MESSAGES/kmouth.mo
usr/share/locale/cy/
usr/share/locale/cy/LC_MESSAGES/
usr/share/locale/cy/LC_MESSAGES/kmouth.mo
usr/share/locale/da/
usr/share/locale/da/LC_MESSAGES/
usr/share/locale/da/LC_MESSAGES/kmouth.mo
usr/share/locale/de/
usr/share/locale/de/LC_MESSAGES/
usr/share/locale/de/LC_MESSAGES/kmouth.mo
usr/share/locale/el/
usr/share/locale/el/LC_MESSAGES/
usr/share/locale/el/LC_MESSAGES/kmouth.mo
usr/share/locale/en_GB/
usr/share/locale/en_GB/LC_MESSAGES/
usr/share/locale/en_GB/LC_MESSAGES/kmouth.mo
usr/share/locale/eo/
usr/share/locale/eo/LC_MESSAGES/
usr/share/locale/eo/LC_MESSAGES/kmouth.mo
usr/share/locale/es/
usr/share/locale/es/LC_MESSAGES/
usr/share/locale/es/LC_MESSAGES/kmouth.mo
usr/share/locale/et/
usr/share/locale/et/LC_MESSAGES/
usr/share/locale/et/LC_MESSAGES/kmouth.mo
usr/share/locale/eu/
usr/share/locale/eu/LC_MESSAGES/
usr/share/locale/eu/LC_MESSAGES/kmouth.mo
usr/share/locale/fa/
usr/share/locale/fa/LC_MESSAGES/
usr/share/locale/fa/LC_MESSAGES/kmouth.mo
usr/share/locale/fi/
usr/share/locale/fi/LC_MESSAGES/
usr/share/locale/fi/LC_MESSAGES/kmouth.mo
usr/share/locale/fr/
usr/share/locale/fr/LC_MESSAGES/
usr/share/locale/fr/LC_MESSAGES/kmouth.mo
usr/share/locale/ga/
usr/share/locale/ga/LC_MESSAGES/
usr/share/locale/ga/LC_MESSAGES/kmouth.mo
usr/share/locale/gl/
usr/share/locale/gl/LC_MESSAGES/
usr/share/locale/gl/LC_MESSAGES/kmouth.mo
usr/share/locale/he/
usr/share/locale/he/LC_MESSAGES/
usr/share/locale/he/LC_MESSAGES/kmouth.mo
usr/share/locale/hi/
usr/share/locale/hi/LC_MESSAGES/
usr/share/locale/hi/LC_MESSAGES/kmouth.mo
usr/share/locale/hne/
usr/share/locale/hne/LC_MESSAGES/
usr/share/locale/hne/LC_MESSAGES/kmouth.mo
usr/share/locale/hr/
usr/share/locale/hr/LC_MESSAGES/
usr/share/locale/hr/LC_MESSAGES/kmouth.mo
usr/share/locale/hu/
usr/share/locale/hu/LC_MESSAGES/
usr/share/locale/hu/LC_MESSAGES/kmouth.mo
usr/share/locale/ia/
usr/share/locale/ia/LC_MESSAGES/
usr/share/locale/ia/LC_MESSAGES/kmouth.mo
usr/share/locale/is/
usr/share/locale/is/LC_MESSAGES/
usr/share/locale/is/LC_MESSAGES/kmouth.mo
usr/share/locale/it/
usr/share/locale/it/LC_MESSAGES/
usr/share/locale/it/LC_MESSAGES/kmouth.mo
usr/share/locale/ja/
usr/share/locale/ja/LC_MESSAGES/
usr/share/locale/ja/LC_MESSAGES/kmouth.mo
usr/share/locale/ka/
usr/share/locale/ka/LC_MESSAGES/
usr/share/locale/ka/LC_MESSAGES/kmouth.mo
usr/share/locale/kk/
usr/share/locale/kk/LC_MESSAGES/
usr/share/locale/kk/LC_MESSAGES/kmouth.mo
usr/share/locale/km/
usr/share/locale/km/LC_MESSAGES/
usr/share/locale/km/LC_MESSAGES/kmouth.mo
usr/share/locale/ko/
usr/share/locale/ko/LC_MESSAGES/
usr/share/locale/ko/LC_MESSAGES/kmouth.mo
usr/share/locale/ku/
usr/share/locale/ku/LC_MESSAGES/
usr/share/locale/ku/LC_MESSAGES/kmouth.mo
usr/share/locale/lt/
usr/share/locale/lt/LC_MESSAGES/
usr/share/locale/lt/LC_MESSAGES/kmouth.mo
usr/share/locale/lv/
usr/share/locale/lv/LC_MESSAGES/
usr/share/locale/lv/LC_MESSAGES/kmouth.mo
usr/share/locale/mai/
usr/share/locale/mai/LC_MESSAGES/
usr/share/locale/mai/LC_MESSAGES/kmouth.mo
usr/share/locale/mk/
usr/share/locale/mk/LC_MESSAGES/
usr/share/locale/mk/LC_MESSAGES/kmouth.mo
usr/share/locale/ml/
usr/share/locale/ml/LC_MESSAGES/
usr/share/locale/ml/LC_MESSAGES/kmouth.mo
usr/share/locale/mr/
usr/share/locale/mr/LC_MESSAGES/
usr/share/locale/mr/LC_MESSAGES/kmouth.mo
usr/share/locale/ms/
usr/share/locale/ms/LC_MESSAGES/
usr/share/locale/ms/LC_MESSAGES/kmouth.mo
usr/share/locale/nb/
usr/share/locale/nb/LC_MESSAGES/
usr/share/locale/nb/LC_MESSAGES/kmouth.mo
usr/share/locale/nds/
usr/share/locale/nds/LC_MESSAGES/
usr/share/locale/nds/LC_MESSAGES/kmouth.mo
usr/share/locale/ne/
usr/share/locale/ne/LC_MESSAGES/
usr/share/locale/ne/LC_MESSAGES/kmouth.mo
usr/share/locale/nl/
usr/share/locale/nl/LC_MESSAGES/
usr/share/locale/nl/LC_MESSAGES/kmouth.mo
usr/share/locale/nn/
usr/share/locale/nn/LC_MESSAGES/
usr/share/locale/nn/LC_MESSAGES/kmouth.mo
usr/share/locale/oc/
usr/share/locale/oc/LC_MESSAGES/
usr/share/locale/oc/LC_MESSAGES/kmouth.mo
usr/share/locale/pa/
usr/share/locale/pa/LC_MESSAGES/
usr/share/locale/pa/LC_MESSAGES/kmouth.mo
usr/share/locale/pl/
usr/share/locale/pl/LC_MESSAGES/
usr/share/locale/pl/LC_MESSAGES/kmouth.mo
usr/share/locale/pt/
usr/share/locale/pt/LC_MESSAGES/
usr/share/locale/pt/LC_MESSAGES/kmouth.mo
usr/share/locale/pt_BR/
usr/share/locale/pt_BR/LC_MESSAGES/
usr/share/locale/pt_BR/LC_MESSAGES/kmouth.mo
usr/share/locale/ro/
usr/share/locale/ro/LC_MESSAGES/
usr/share/locale/ro/LC_MESSAGES/kmouth.mo
usr/share/locale/ru/
usr/share/locale/ru/LC_MESSAGES/
usr/share/locale/ru/LC_MESSAGES/kmouth.mo
usr/share/locale/sa/
usr/share/locale/sa/LC_MESSAGES/
usr/share/locale/sa/LC_MESSAGES/kmouth.mo
usr/share/locale/se/
usr/share/locale/se/LC_MESSAGES/
usr/share/locale/se/LC_MESSAGES/kmouth.mo
usr/share/locale/sk/
usr/share/locale/sk/LC_MESSAGES/
usr/share/locale/sk/LC_MESSAGES/kmouth.mo
usr/share/locale/sl/
usr/share/locale/sl/LC_MESSAGES/
usr/share/locale/sl/LC_MESSAGES/kmouth.mo
usr/share/locale/sq/
usr/share/locale/sq/LC_MESSAGES/
usr/share/locale/sq/LC_MESSAGES/kmouth.mo
usr/share/locale/sr/
usr/share/locale/sr/LC_MESSAGES/
usr/share/locale/sr/LC_MESSAGES/kmouth.mo
usr/share/locale/sr@ijekavian/
usr/share/locale/sr@ijekavian/LC_MESSAGES/
usr/share/locale/sr@ijekavian/LC_MESSAGES/kmouth.mo
usr/share/locale/sr@ijekavianlatin/
usr/share/locale/sr@ijekavianlatin/LC_MESSAGES/
usr/share/locale/sr@ijekavianlatin/LC_MESSAGES/kmouth.mo
usr/share/locale/sr@latin/
usr/share/locale/sr@latin/LC_MESSAGES/
usr/share/locale/sr@latin/LC_MESSAGES/kmouth.mo
usr/share/locale/sv/
usr/share/locale/sv/LC_MESSAGES/
usr/share/locale/sv/LC_MESSAGES/kmouth.mo
usr/share/locale/ta/
usr/share/locale/ta/LC_MESSAGES/
usr/share/locale/ta/LC_MESSAGES/kmouth.mo
usr/share/locale/tg/
usr/share/locale/tg/LC_MESSAGES/
usr/share/locale/tg/LC_MESSAGES/kmouth.mo
usr/share/locale/th/
usr/share/locale/th/LC_MESSAGES/
usr/share/locale/th/LC_MESSAGES/kmouth.mo
usr/share/locale/tr/
usr/share/locale/tr/LC_MESSAGES/
usr/share/locale/tr/LC_MESSAGES/kmouth.mo
usr/share/locale/ug/
usr/share/locale/ug/LC_MESSAGES/
usr/share/locale/ug/LC_MESSAGES/kmouth.mo
usr/share/locale/uk/
usr/share/locale/uk/LC_MESSAGES/
usr/share/locale/uk/LC_MESSAGES/kmouth.mo
usr/share/locale/vi/
usr/share/locale/vi/LC_MESSAGES/
usr/share/locale/vi/LC_MESSAGES/kmouth.mo
usr/share/locale/zh_CN/
usr/share/locale/zh_CN/LC_MESSAGES/
usr/share/locale/zh_CN/LC_MESSAGES/kmouth.mo
usr/share/locale/zh_TW/
usr/share/locale/zh_TW/LC_MESSAGES/
usr/share/locale/zh_TW/LC_MESSAGES/kmouth.mo
usr/share/metainfo/
usr/share/metainfo/org.kde.kmouth.appdata.xml

Slackware package /tmp/kmouth/kmouth-25.04.1-x86_64-1_rtz.tlz created.

Create shared object file for kmouth-25.04.1-x86_64-1_rtz.tlz
Creating /tmp/kmouth/kmouth-25.04.1-x86_64-1_rtz.tlz.so.file using /tmp/kmouth/kmouth-25.04.1-x86_64-1_rtz.tlz
Successfully created /tmp/kmouth/kmouth-25.04.1-x86_64-1_rtz.tlz.so.file
Packaging of executable and meta-data in kmouth.tar.lz4 format.
/tmp/kmouth /tmp/kmouth
/tmp/kmouth
BIN_NAME
README
kmouth-25.04.1-x86_64-1_rtz.tlz
kmouth-25.04.1-x86_64-1_rtz.tlz.md5
kmouth-25.04.1-x86_64-1_rtz.tlz.so.file
kmouth-25.04.1-x86_64-1_rtz.tlz.txt
kmouth.dep
makepkg-kmouth.log
[32mkmouth build finished. Procced to installation...[0m

+=================================================================================================+
| Upgrading kmouth-25.04.1-x86_64-1_rtz package using /tmp/kmouth/kmouth-25.04.1-x86_64-1_rtz.tlz |
+=================================================================================================+

Pre-installing package kmouth-25.04.1-x86_64-1_rtz...
Removing package: kmouth-25.04.1-x86_64-1_rtz-upgraded-2025-05-28,20:32:23
Installing package kmouth-25.04.1-x86_64-1_rtz.tlz:
PACKAGE DESCRIPTION:
# kmouth (Speech Synthesizer Frontend)
#
# Speech Synthesizer Frontend
#
# https://kde.org/applications/utilities/
Executing install script for kmouth-25.04.1-x86_64-1_rtz.tlz.
Font directories:
	/usr/share/fonts
/usr/share/fonts: caching, new cache contents: 0 fonts, 11 dirs
/usr/share/fonts/100dpi: caching, new cache contents: 238 fonts, 0 dirs
/usr/share/fonts/75dpi: caching, new cache contents: 238 fonts, 0 dirs
/usr/share/fonts/OTF: caching, new cache contents: 124 fonts, 0 dirs
/usr/share/fonts/Speedo: caching, new cache contents: 0 fonts, 0 dirs
/usr/share/fonts/TTF: caching, new cache contents: 1132 fonts, 0 dirs
/usr/share/fonts/Type1: caching, new cache contents: 64 fonts, 0 dirs
/usr/share/fonts/cyrillic: caching, new cache contents: 0 fonts, 0 dirs
/usr/share/fonts/encodings: caching, new cache contents: 0 fonts, 1 dirs
/usr/share/fonts/encodings/large: caching, new cache contents: 0 fonts, 0 dirs
/usr/share/fonts/kanjistrokeorders: caching, new cache contents: 1 fonts, 0 dirs
/usr/share/fonts/misc: caching, new cache contents: 143 fonts, 0 dirs
/usr/share/fonts/util: caching, new cache contents: 0 fonts, 0 dirs
/var/cache/fontconfig: cleaning cache directory
/root/.cache/fontconfig: not cleaning non-existent cache directory
/root/.fontconfig: not cleaning non-existent cache directory
/usr/bin/fc-cache: succeeded
Package kmouth-25.04.1-x86_64-1_rtz.tlz installed.
Package kmouth-25.04.1-x86_64-1_rtz upgraded with new package /tmp/kmouth/kmouth-25.04.1-x86_64-1_rtz.tlz.
[32mCleaning environmet: Removing source code, and work-space...[0m
rm: cannot remove 'kmouth-25.04.1.tar.xz': No such file or directory
