Starting build process...
Detected architecture: x86_64
Required dependencies: doxygen	extra-cmake-modules		kconfig	kguiaddons	ki18n
doxygen is already installed!
extra-cmake-modules is already installed!
kconfig is already installed!
kguiaddons is already installed!
ki18n is already installed!
No optional dependencies found.
Downloading source code tar.xz file
--2025-05-14 22:12:15--  https://download.kde.org/stable/frameworks/6.14/kcolorscheme-6.14.0.tar.xz
Resolving download.kde.org (download.kde.org)... 49.12.122.15, 2a01:4f8:242:53eb::4
Connecting to download.kde.org (download.kde.org)|49.12.122.15|:443... connected.
HTTP request sent, awaiting response... 302 Found
Location: https://ftp.cc.uoc.gr/mirrors/kde/stable/frameworks/6.14/kcolorscheme-6.14.0.tar.xz [following]
--2025-05-14 22:12:16--  https://ftp.cc.uoc.gr/mirrors/kde/stable/frameworks/6.14/kcolorscheme-6.14.0.tar.xz
Resolving ftp.cc.uoc.gr (ftp.cc.uoc.gr)... 147.52.159.50, 2001:648:2c00:6c08::2
Connecting to ftp.cc.uoc.gr (ftp.cc.uoc.gr)|147.52.159.50|:443... connected.
HTTP request sent, awaiting response... 200 OK
Length: 46872 (46K) [application/octet-stream]
Saving to: ‘kcolorscheme-6.14.0.tar.xz’

     0K .......... .......... .......... .......... .....     100% 1.32M=0.03s

2025-05-14 22:12:16 (1.32 MB/s) - ‘kcolorscheme-6.14.0.tar.xz’ saved [46872/46872]

Found file: kcolorscheme-6.14.0.tar.xz
No checksum provided. Skipping checksum verification and proceeding...
Creating working directories and exporting source code in...
kcolorscheme-6.14.0/
kcolorscheme-6.14.0/.gitignore
kcolorscheme-6.14.0/.gitlab-ci.yml
kcolorscheme-6.14.0/.kde-ci.yml
kcolorscheme-6.14.0/CMakeLists.txt
kcolorscheme-6.14.0/KF6ColorSchemeConfig.cmake.in
kcolorscheme-6.14.0/LICENSES/
kcolorscheme-6.14.0/LICENSES/BSD-2-Clause.txt
kcolorscheme-6.14.0/LICENSES/CC0-1.0.txt
kcolorscheme-6.14.0/LICENSES/LGPL-2.0-or-later.txt
kcolorscheme-6.14.0/LICENSES/LGPL-2.1-only.txt
kcolorscheme-6.14.0/LICENSES/LGPL-3.0-only.txt
kcolorscheme-6.14.0/LICENSES/LicenseRef-KDE-Accepted-LGPL.txt
kcolorscheme-6.14.0/README.md
kcolorscheme-6.14.0/README.md.license
kcolorscheme-6.14.0/autotests/
kcolorscheme-6.14.0/autotests/CMakeLists.txt
kcolorscheme-6.14.0/autotests/kcolorschemetest.colors
kcolorscheme-6.14.0/autotests/kcolorschemetest.cpp
kcolorscheme-6.14.0/docs/
kcolorscheme-6.14.0/docs/Doxyfile.local
kcolorscheme-6.14.0/metainfo.yaml
kcolorscheme-6.14.0/po/
kcolorscheme-6.14.0/po/ar/
kcolorscheme-6.14.0/po/ar/kcolorscheme6.po
kcolorscheme-6.14.0/po/ast/
kcolorscheme-6.14.0/po/ast/kcolorscheme6.po
kcolorscheme-6.14.0/po/be/
kcolorscheme-6.14.0/po/be/kcolorscheme6.po
kcolorscheme-6.14.0/po/bg/
kcolorscheme-6.14.0/po/bg/kcolorscheme6.po
kcolorscheme-6.14.0/po/ca/
kcolorscheme-6.14.0/po/ca/kcolorscheme6.po
kcolorscheme-6.14.0/po/ca@valencia/
kcolorscheme-6.14.0/po/ca@valencia/kcolorscheme6.po
kcolorscheme-6.14.0/po/cs/
kcolorscheme-6.14.0/po/cs/kcolorscheme6.po
kcolorscheme-6.14.0/po/de/
kcolorscheme-6.14.0/po/de/kcolorscheme6.po
kcolorscheme-6.14.0/po/en_GB/
kcolorscheme-6.14.0/po/en_GB/kcolorscheme6.po
kcolorscheme-6.14.0/po/eo/
kcolorscheme-6.14.0/po/eo/kcolorscheme6.po
kcolorscheme-6.14.0/po/es/
kcolorscheme-6.14.0/po/es/kcolorscheme6.po
kcolorscheme-6.14.0/po/eu/
kcolorscheme-6.14.0/po/eu/kcolorscheme6.po
kcolorscheme-6.14.0/po/fa/
kcolorscheme-6.14.0/po/fa/kcolorscheme6.po
kcolorscheme-6.14.0/po/fi/
kcolorscheme-6.14.0/po/fi/kcolorscheme6.po
kcolorscheme-6.14.0/po/fr/
kcolorscheme-6.14.0/po/fr/kcolorscheme6.po
kcolorscheme-6.14.0/po/gl/
kcolorscheme-6.14.0/po/gl/kcolorscheme6.po
kcolorscheme-6.14.0/po/he/
kcolorscheme-6.14.0/po/he/kcolorscheme6.po
kcolorscheme-6.14.0/po/hi/
kcolorscheme-6.14.0/po/hi/kcolorscheme6.po
kcolorscheme-6.14.0/po/hu/
kcolorscheme-6.14.0/po/hu/kcolorscheme6.po
kcolorscheme-6.14.0/po/ia/
kcolorscheme-6.14.0/po/ia/kcolorscheme6.po
kcolorscheme-6.14.0/po/is/
kcolorscheme-6.14.0/po/is/kcolorscheme6.po
kcolorscheme-6.14.0/po/it/
kcolorscheme-6.14.0/po/it/kcolorscheme6.po
kcolorscheme-6.14.0/po/ja/
kcolorscheme-6.14.0/po/ja/kcolorscheme6.po
kcolorscheme-6.14.0/po/ka/
kcolorscheme-6.14.0/po/ka/kcolorscheme6.po
kcolorscheme-6.14.0/po/ko/
kcolorscheme-6.14.0/po/ko/kcolorscheme6.po
kcolorscheme-6.14.0/po/lt/
kcolorscheme-6.14.0/po/lt/kcolorscheme6.po
kcolorscheme-6.14.0/po/lv/
kcolorscheme-6.14.0/po/lv/kcolorscheme6.po
kcolorscheme-6.14.0/po/nl/
kcolorscheme-6.14.0/po/nl/kcolorscheme6.po
kcolorscheme-6.14.0/po/nn/
kcolorscheme-6.14.0/po/nn/kcolorscheme6.po
kcolorscheme-6.14.0/po/pa/
kcolorscheme-6.14.0/po/pa/kcolorscheme6.po
kcolorscheme-6.14.0/po/pl/
kcolorscheme-6.14.0/po/pl/kcolorscheme6.po
kcolorscheme-6.14.0/po/pt_BR/
kcolorscheme-6.14.0/po/pt_BR/kcolorscheme6.po
kcolorscheme-6.14.0/po/ro/
kcolorscheme-6.14.0/po/ro/kcolorscheme6.po
kcolorscheme-6.14.0/po/ru/
kcolorscheme-6.14.0/po/ru/kcolorscheme6.po
kcolorscheme-6.14.0/po/sa/
kcolorscheme-6.14.0/po/sa/kcolorscheme6.po
kcolorscheme-6.14.0/po/sk/
kcolorscheme-6.14.0/po/sk/kcolorscheme6.po
kcolorscheme-6.14.0/po/sl/
kcolorscheme-6.14.0/po/sl/kcolorscheme6.po
kcolorscheme-6.14.0/po/sv/
kcolorscheme-6.14.0/po/sv/kcolorscheme6.po
kcolorscheme-6.14.0/po/ta/
kcolorscheme-6.14.0/po/ta/kcolorscheme6.po
kcolorscheme-6.14.0/po/tr/
kcolorscheme-6.14.0/po/tr/kcolorscheme6.po
kcolorscheme-6.14.0/po/uk/
kcolorscheme-6.14.0/po/uk/kcolorscheme6.po
kcolorscheme-6.14.0/po/zh_CN/
kcolorscheme-6.14.0/po/zh_CN/kcolorscheme6.po
kcolorscheme-6.14.0/po/zh_TW/
kcolorscheme-6.14.0/po/zh_TW/kcolorscheme6.po
kcolorscheme-6.14.0/src/
kcolorscheme-6.14.0/src/CMakeLists.txt
kcolorscheme-6.14.0/src/Messages.sh
kcolorscheme-6.14.0/src/color-schemes/
kcolorscheme-6.14.0/src/color-schemes/BreezeDark.colors
kcolorscheme-6.14.0/src/color-schemes/BreezeLight.colors
kcolorscheme-6.14.0/src/color-schemes/ExtraDesktop.sh
kcolorscheme-6.14.0/src/kcolorscheme.cpp
kcolorscheme-6.14.0/src/kcolorscheme.h
kcolorscheme-6.14.0/src/kcolorschemehelpers_p.h
kcolorscheme-6.14.0/src/kcolorschememanager.cpp
kcolorscheme-6.14.0/src/kcolorschememanager.h
kcolorscheme-6.14.0/src/kcolorschememanager_p.h
kcolorscheme-6.14.0/src/kcolorschememodel.cpp
kcolorscheme-6.14.0/src/kcolorschememodel.h
kcolorscheme-6.14.0/src/kstatefulbrush.cpp
kcolorscheme-6.14.0/src/kstatefulbrush.h
/home/omen/GITHUB/PLASMA_WORLD/AthOS/REPO-AthOS/kcolorscheme/work
README or README.md already exists, skipping creation.
hm...lets continue and see what happens
-- The C compiler identification is GNU 14.2.0
-- The CXX compiler identification is GNU 14.2.0
-- Detecting C compiler ABI info
-- Detecting C compiler ABI info - done
-- Check for working C compiler: /usr/bin/cc - skipped
-- Detecting C compile features
-- Detecting C compile features - done
-- Detecting CXX compiler ABI info
-- Detecting CXX compiler ABI info - done
-- Check for working CXX compiler: /usr/bin/c++ - skipped
-- Detecting CXX compile features
-- Detecting CXX compile features - done
-- 

-- Installing in the same prefix as Qt, adopting their path scheme.
-- Performing Test HAVE_STDATOMIC
-- Performing Test HAVE_STDATOMIC - Success
-- Found WrapAtomic: TRUE
-- Looking for __GLIBC__
-- Looking for __GLIBC__ - found
-- Performing Test _OFFT_IS_64BIT
-- Performing Test _OFFT_IS_64BIT - Success
-- Performing Test HAVE_DATE_TIME
-- Performing Test HAVE_DATE_TIME - Success
-- Performing Test BSYMBOLICFUNCTIONS_AVAILABLE
-- Performing Test BSYMBOLICFUNCTIONS_AVAILABLE - Success
-- Found OpenGL: /usr/lib64/libOpenGL.so
-- Found WrapOpenGL: TRUE
-- Found XKB: /usr/lib64/libxkbcommon.so (found suitable version "1.9.2", minimum required is "0.5.0")
-- Found WrapVulkanHeaders: /usr/include
-- Found Gettext: /usr/bin/msgmerge (found version "0.25")
-- Performing Test COMPILER_HAS_HIDDEN_VISIBILITY
-- Performing Test COMPILER_HAS_HIDDEN_VISIBILITY - Success
-- Performing Test COMPILER_HAS_HIDDEN_INLINE_VISIBILITY
-- Performing Test COMPILER_HAS_HIDDEN_INLINE_VISIBILITY - Success
-- Performing Test COMPILER_HAS_DEPRECATED_ATTR
-- Performing Test COMPILER_HAS_DEPRECATED_ATTR - Success
-- Found Doxygen: /usr/bin/doxygen (found suitable version "1.13.2", minimum required is "1.8.13") found components: doxygen dot
-- No such target Qt6Gui_QCH defined when calling ecm_add_qch(), ignored.


Configuration file '/home/omen/GITHUB/PLASMA_WORLD/AthOS/REPO-AthOS/kcolorscheme/work/kcolorscheme-6.14.0/build/src/KF6ColorScheme_ECMQchDoxygen.config' updated.

-- The following features have been enabled:

 * QCH, API documentation in QCH format (for e.g. Qt Assistant, Qt Creator & KDevelop)

-- The following OPTIONAL packages have been found:

 * OpenGL
 * Qt6DBusTools (required version >= 6.8.3)
 * Qt6QmlTools (required version >= 6.8.3)
 * XKB (required version >= 0.5.0), XKB API common to servers and clients., <http://xkbcommon.org>
 * WrapVulkanHeaders
 * Qt6GuiTools (required version >= 6.8.3)
 * Qt6Test (required version >= 6.7.0)

-- The following REQUIRED packages have been found:

 * ECM (required version >= 6.14.0), Extra CMake Modules., <https://commits.kde.org/extra-cmake-modules>
 * KF6Config (required version >= 6.14.0)
 * Qt6Gui (required version >= 6.7.0)
 * KF6GuiAddons (required version >= 6.14.0)
 * Gettext
 * KF6I18n (required version >= 6.14.0)
 * Doxygen (required version >= 1.8.13)
   Needed for API dox QCH file generation
 * Qt6ToolsTools, qhelpgenerator from Qt6 tools
   Needed for API dox QCH file generation
 * Qt6Core
 * Qt6 (required version >= 6.7.0)

-- Configuring done (1.3s)
-- Generating done (0.0s)
-- Build files have been written to: /home/omen/GITHUB/PLASMA_WORLD/AthOS/REPO-AthOS/kcolorscheme/work/kcolorscheme-6.14.0/build
[1/18] Generating ts...
[2/18] Generating mo...
[3/18] Generating src/KF6ColorScheme.qch, src/KF6ColorScheme.tags
error: When enabling GENERATE_QHP the TAGFILES option should be empty. I'll adjust it for you.
Building up file structure...
Insert custom filters...
Insert help data for filter section (1 of 1)...
Insert files...
Insert contents...
Insert indices...
Documentation successfully generated.
[4/18] Automatic MOC for target KF6ColorScheme
[5/18] Running rcc for resource color_schemes
[6/18] Building CXX object src/CMakeFiles/KF6ColorScheme.dir/KF6ColorScheme_autogen/mocs_compilation.cpp.o
[7/18] Building CXX object src/CMakeFiles/KF6ColorScheme.dir/.qt/rcc/qrc_color_schemes.cpp.o
[8/18] Building CXX object src/CMakeFiles/KF6ColorScheme.dir/kcolorscheme_debug.cpp.o
[9/18] Building CXX object src/CMakeFiles/KF6ColorScheme.dir/kstatefulbrush.cpp.o
[10/18] Building CXX object src/CMakeFiles/KF6ColorScheme.dir/kcolorscheme.cpp.o
[11/18] Building CXX object src/CMakeFiles/KF6ColorScheme.dir/kcolorschememodel.cpp.o
[12/18] Building CXX object src/CMakeFiles/KF6ColorScheme.dir/kcolorschememanager.cpp.o
[13/18] Linking CXX shared library bin/libKF6ColorScheme.so.6.14.0
[14/18] Creating library symlink bin/libKF6ColorScheme.so.6 bin/libKF6ColorScheme.so
[15/18] Automatic MOC for target kcolorschemetest
[16/18] Building CXX object autotests/CMakeFiles/kcolorschemetest.dir/kcolorschemetest_autogen/mocs_compilation.cpp.o
[17/18] Building CXX object autotests/CMakeFiles/kcolorschemetest.dir/kcolorschemetest.cpp.o
In file included from /usr/include/qt6/QtTest/qtest.h:13,
                 from /usr/include/qt6/QtTest/QTest:1,
                 from /home/omen/GITHUB/PLASMA_WORLD/AthOS/REPO-AthOS/kcolorscheme/work/kcolorscheme-6.14.0/autotests/kcolorschemetest.cpp:9:
/home/omen/GITHUB/PLASMA_WORLD/AthOS/REPO-AthOS/kcolorscheme/work/kcolorscheme-6.14.0/autotests/kcolorschemetest.cpp: In member function ‘void KColorSchemeTest::readColors()’:
/home/omen/GITHUB/PLASMA_WORLD/AthOS/REPO-AthOS/kcolorscheme/work/kcolorscheme-6.14.0/autotests/kcolorschemetest.cpp:72:75: warning: arithmetic between different enumeration types ‘KColorScheme::ForegroundRole’ and ‘KColorScheme::BackgroundRole’ is deprecated [-Wdeprecated-enum-enum-conversion]
   72 |     QCOMPARE(activeScheme.foreground(role).color(), QColor(colorSet, role + KColorScheme::NBackgroundRoles, QPalette::Active));                                \
      |                                                                           ^
/home/omen/GITHUB/PLASMA_WORLD/AthOS/REPO-AthOS/kcolorscheme/work/kcolorscheme-6.14.0/autotests/kcolorschemetest.cpp:75:9: note: in expansion of macro ‘checkForegroundRole’
   75 |         checkForegroundRole(KColorScheme::NormalText);
      |         ^~~~~~~~~~~~~~~~~~~
/home/omen/GITHUB/PLASMA_WORLD/AthOS/REPO-AthOS/kcolorscheme/work/kcolorscheme-6.14.0/autotests/kcolorschemetest.cpp:73:77: warning: arithmetic between different enumeration types ‘KColorScheme::ForegroundRole’ and ‘KColorScheme::BackgroundRole’ is deprecated [-Wdeprecated-enum-enum-conversion]
   73 |     QCOMPARE(inactiveScheme.foreground(role).color(), QColor(colorSet, role + KColorScheme::NBackgroundRoles, QPalette::Inactive));
      |                                                                             ^
/home/omen/GITHUB/PLASMA_WORLD/AthOS/REPO-AthOS/kcolorscheme/work/kcolorscheme-6.14.0/autotests/kcolorschemetest.cpp:75:9: note: in expansion of macro ‘checkForegroundRole’
   75 |         checkForegroundRole(KColorScheme::NormalText);
      |         ^~~~~~~~~~~~~~~~~~~
/home/omen/GITHUB/PLASMA_WORLD/AthOS/REPO-AthOS/kcolorscheme/work/kcolorscheme-6.14.0/autotests/kcolorschemetest.cpp:72:75: warning: arithmetic between different enumeration types ‘KColorScheme::ForegroundRole’ and ‘KColorScheme::BackgroundRole’ is deprecated [-Wdeprecated-enum-enum-conversion]
   72 |     QCOMPARE(activeScheme.foreground(role).color(), QColor(colorSet, role + KColorScheme::NBackgroundRoles, QPalette::Active));                                \
      |                                                                           ^
/home/omen/GITHUB/PLASMA_WORLD/AthOS/REPO-AthOS/kcolorscheme/work/kcolorscheme-6.14.0/autotests/kcolorschemetest.cpp:76:9: note: in expansion of macro ‘checkForegroundRole’
   76 |         checkForegroundRole(KColorScheme::InactiveText);
      |         ^~~~~~~~~~~~~~~~~~~
/home/omen/GITHUB/PLASMA_WORLD/AthOS/REPO-AthOS/kcolorscheme/work/kcolorscheme-6.14.0/autotests/kcolorschemetest.cpp:73:77: warning: arithmetic between different enumeration types ‘KColorScheme::ForegroundRole’ and ‘KColorScheme::BackgroundRole’ is deprecated [-Wdeprecated-enum-enum-conversion]
   73 |     QCOMPARE(inactiveScheme.foreground(role).color(), QColor(colorSet, role + KColorScheme::NBackgroundRoles, QPalette::Inactive));
      |                                                                             ^
/home/omen/GITHUB/PLASMA_WORLD/AthOS/REPO-AthOS/kcolorscheme/work/kcolorscheme-6.14.0/autotests/kcolorschemetest.cpp:76:9: note: in expansion of macro ‘checkForegroundRole’
   76 |         checkForegroundRole(KColorScheme::InactiveText);
      |         ^~~~~~~~~~~~~~~~~~~
/home/omen/GITHUB/PLASMA_WORLD/AthOS/REPO-AthOS/kcolorscheme/work/kcolorscheme-6.14.0/autotests/kcolorschemetest.cpp:72:75: warning: arithmetic between different enumeration types ‘KColorScheme::ForegroundRole’ and ‘KColorScheme::BackgroundRole’ is deprecated [-Wdeprecated-enum-enum-conversion]
   72 |     QCOMPARE(activeScheme.foreground(role).color(), QColor(colorSet, role + KColorScheme::NBackgroundRoles, QPalette::Active));                                \
      |                                                                           ^
/home/omen/GITHUB/PLASMA_WORLD/AthOS/REPO-AthOS/kcolorscheme/work/kcolorscheme-6.14.0/autotests/kcolorschemetest.cpp:77:9: note: in expansion of macro ‘checkForegroundRole’
   77 |         checkForegroundRole(KColorScheme::ActiveText);
      |         ^~~~~~~~~~~~~~~~~~~
/home/omen/GITHUB/PLASMA_WORLD/AthOS/REPO-AthOS/kcolorscheme/work/kcolorscheme-6.14.0/autotests/kcolorschemetest.cpp:73:77: warning: arithmetic between different enumeration types ‘KColorScheme::ForegroundRole’ and ‘KColorScheme::BackgroundRole’ is deprecated [-Wdeprecated-enum-enum-conversion]
   73 |     QCOMPARE(inactiveScheme.foreground(role).color(), QColor(colorSet, role + KColorScheme::NBackgroundRoles, QPalette::Inactive));
      |                                                                             ^
/home/omen/GITHUB/PLASMA_WORLD/AthOS/REPO-AthOS/kcolorscheme/work/kcolorscheme-6.14.0/autotests/kcolorschemetest.cpp:77:9: note: in expansion of macro ‘checkForegroundRole’
   77 |         checkForegroundRole(KColorScheme::ActiveText);
      |         ^~~~~~~~~~~~~~~~~~~
/home/omen/GITHUB/PLASMA_WORLD/AthOS/REPO-AthOS/kcolorscheme/work/kcolorscheme-6.14.0/autotests/kcolorschemetest.cpp:72:75: warning: arithmetic between different enumeration types ‘KColorScheme::ForegroundRole’ and ‘KColorScheme::BackgroundRole’ is deprecated [-Wdeprecated-enum-enum-conversion]
   72 |     QCOMPARE(activeScheme.foreground(role).color(), QColor(colorSet, role + KColorScheme::NBackgroundRoles, QPalette::Active));                                \
      |                                                                           ^
/home/omen/GITHUB/PLASMA_WORLD/AthOS/REPO-AthOS/kcolorscheme/work/kcolorscheme-6.14.0/autotests/kcolorschemetest.cpp:78:9: note: in expansion of macro ‘checkForegroundRole’
   78 |         checkForegroundRole(KColorScheme::LinkText);
      |         ^~~~~~~~~~~~~~~~~~~
/home/omen/GITHUB/PLASMA_WORLD/AthOS/REPO-AthOS/kcolorscheme/work/kcolorscheme-6.14.0/autotests/kcolorschemetest.cpp:73:77: warning: arithmetic between different enumeration types ‘KColorScheme::ForegroundRole’ and ‘KColorScheme::BackgroundRole’ is deprecated [-Wdeprecated-enum-enum-conversion]
   73 |     QCOMPARE(inactiveScheme.foreground(role).color(), QColor(colorSet, role + KColorScheme::NBackgroundRoles, QPalette::Inactive));
      |                                                                             ^
/home/omen/GITHUB/PLASMA_WORLD/AthOS/REPO-AthOS/kcolorscheme/work/kcolorscheme-6.14.0/autotests/kcolorschemetest.cpp:78:9: note: in expansion of macro ‘checkForegroundRole’
   78 |         checkForegroundRole(KColorScheme::LinkText);
      |         ^~~~~~~~~~~~~~~~~~~
/home/omen/GITHUB/PLASMA_WORLD/AthOS/REPO-AthOS/kcolorscheme/work/kcolorscheme-6.14.0/autotests/kcolorschemetest.cpp:72:75: warning: arithmetic between different enumeration types ‘KColorScheme::ForegroundRole’ and ‘KColorScheme::BackgroundRole’ is deprecated [-Wdeprecated-enum-enum-conversion]
   72 |     QCOMPARE(activeScheme.foreground(role).color(), QColor(colorSet, role + KColorScheme::NBackgroundRoles, QPalette::Active));                                \
      |                                                                           ^
/home/omen/GITHUB/PLASMA_WORLD/AthOS/REPO-AthOS/kcolorscheme/work/kcolorscheme-6.14.0/autotests/kcolorschemetest.cpp:79:9: note: in expansion of macro ‘checkForegroundRole’
   79 |         checkForegroundRole(KColorScheme::VisitedText);
      |         ^~~~~~~~~~~~~~~~~~~
/home/omen/GITHUB/PLASMA_WORLD/AthOS/REPO-AthOS/kcolorscheme/work/kcolorscheme-6.14.0/autotests/kcolorschemetest.cpp:73:77: warning: arithmetic between different enumeration types ‘KColorScheme::ForegroundRole’ and ‘KColorScheme::BackgroundRole’ is deprecated [-Wdeprecated-enum-enum-conversion]
   73 |     QCOMPARE(inactiveScheme.foreground(role).color(), QColor(colorSet, role + KColorScheme::NBackgroundRoles, QPalette::Inactive));
      |                                                                             ^
/home/omen/GITHUB/PLASMA_WORLD/AthOS/REPO-AthOS/kcolorscheme/work/kcolorscheme-6.14.0/autotests/kcolorschemetest.cpp:79:9: note: in expansion of macro ‘checkForegroundRole’
   79 |         checkForegroundRole(KColorScheme::VisitedText);
      |         ^~~~~~~~~~~~~~~~~~~
/home/omen/GITHUB/PLASMA_WORLD/AthOS/REPO-AthOS/kcolorscheme/work/kcolorscheme-6.14.0/autotests/kcolorschemetest.cpp:72:75: warning: arithmetic between different enumeration types ‘KColorScheme::ForegroundRole’ and ‘KColorScheme::BackgroundRole’ is deprecated [-Wdeprecated-enum-enum-conversion]
   72 |     QCOMPARE(activeScheme.foreground(role).color(), QColor(colorSet, role + KColorScheme::NBackgroundRoles, QPalette::Active));                                \
      |                                                                           ^
/home/omen/GITHUB/PLASMA_WORLD/AthOS/REPO-AthOS/kcolorscheme/work/kcolorscheme-6.14.0/autotests/kcolorschemetest.cpp:80:9: note: in expansion of macro ‘checkForegroundRole’
   80 |         checkForegroundRole(KColorScheme::NegativeText);
      |         ^~~~~~~~~~~~~~~~~~~
/home/omen/GITHUB/PLASMA_WORLD/AthOS/REPO-AthOS/kcolorscheme/work/kcolorscheme-6.14.0/autotests/kcolorschemetest.cpp:73:77: warning: arithmetic between different enumeration types ‘KColorScheme::ForegroundRole’ and ‘KColorScheme::BackgroundRole’ is deprecated [-Wdeprecated-enum-enum-conversion]
   73 |     QCOMPARE(inactiveScheme.foreground(role).color(), QColor(colorSet, role + KColorScheme::NBackgroundRoles, QPalette::Inactive));
      |                                                                             ^
/home/omen/GITHUB/PLASMA_WORLD/AthOS/REPO-AthOS/kcolorscheme/work/kcolorscheme-6.14.0/autotests/kcolorschemetest.cpp:80:9: note: in expansion of macro ‘checkForegroundRole’
   80 |         checkForegroundRole(KColorScheme::NegativeText);
      |         ^~~~~~~~~~~~~~~~~~~
/home/omen/GITHUB/PLASMA_WORLD/AthOS/REPO-AthOS/kcolorscheme/work/kcolorscheme-6.14.0/autotests/kcolorschemetest.cpp:72:75: warning: arithmetic between different enumeration types ‘KColorScheme::ForegroundRole’ and ‘KColorScheme::BackgroundRole’ is deprecated [-Wdeprecated-enum-enum-conversion]
   72 |     QCOMPARE(activeScheme.foreground(role).color(), QColor(colorSet, role + KColorScheme::NBackgroundRoles, QPalette::Active));                                \
      |                                                                           ^
/home/omen/GITHUB/PLASMA_WORLD/AthOS/REPO-AthOS/kcolorscheme/work/kcolorscheme-6.14.0/autotests/kcolorschemetest.cpp:81:9: note: in expansion of macro ‘checkForegroundRole’
   81 |         checkForegroundRole(KColorScheme::NeutralText);
      |         ^~~~~~~~~~~~~~~~~~~
/home/omen/GITHUB/PLASMA_WORLD/AthOS/REPO-AthOS/kcolorscheme/work/kcolorscheme-6.14.0/autotests/kcolorschemetest.cpp:73:77: warning: arithmetic between different enumeration types ‘KColorScheme::ForegroundRole’ and ‘KColorScheme::BackgroundRole’ is deprecated [-Wdeprecated-enum-enum-conversion]
   73 |     QCOMPARE(inactiveScheme.foreground(role).color(), QColor(colorSet, role + KColorScheme::NBackgroundRoles, QPalette::Inactive));
      |                                                                             ^
/home/omen/GITHUB/PLASMA_WORLD/AthOS/REPO-AthOS/kcolorscheme/work/kcolorscheme-6.14.0/autotests/kcolorschemetest.cpp:81:9: note: in expansion of macro ‘checkForegroundRole’
   81 |         checkForegroundRole(KColorScheme::NeutralText);
      |         ^~~~~~~~~~~~~~~~~~~
/home/omen/GITHUB/PLASMA_WORLD/AthOS/REPO-AthOS/kcolorscheme/work/kcolorscheme-6.14.0/autotests/kcolorschemetest.cpp:72:75: warning: arithmetic between different enumeration types ‘KColorScheme::ForegroundRole’ and ‘KColorScheme::BackgroundRole’ is deprecated [-Wdeprecated-enum-enum-conversion]
   72 |     QCOMPARE(activeScheme.foreground(role).color(), QColor(colorSet, role + KColorScheme::NBackgroundRoles, QPalette::Active));                                \
      |                                                                           ^
/home/omen/GITHUB/PLASMA_WORLD/AthOS/REPO-AthOS/kcolorscheme/work/kcolorscheme-6.14.0/autotests/kcolorschemetest.cpp:82:9: note: in expansion of macro ‘checkForegroundRole’
   82 |         checkForegroundRole(KColorScheme::PositiveText);
      |         ^~~~~~~~~~~~~~~~~~~
/home/omen/GITHUB/PLASMA_WORLD/AthOS/REPO-AthOS/kcolorscheme/work/kcolorscheme-6.14.0/autotests/kcolorschemetest.cpp:73:77: warning: arithmetic between different enumeration types ‘KColorScheme::ForegroundRole’ and ‘KColorScheme::BackgroundRole’ is deprecated [-Wdeprecated-enum-enum-conversion]
   73 |     QCOMPARE(inactiveScheme.foreground(role).color(), QColor(colorSet, role + KColorScheme::NBackgroundRoles, QPalette::Inactive));
      |                                                                             ^
/home/omen/GITHUB/PLASMA_WORLD/AthOS/REPO-AthOS/kcolorscheme/work/kcolorscheme-6.14.0/autotests/kcolorschemetest.cpp:82:9: note: in expansion of macro ‘checkForegroundRole’
   82 |         checkForegroundRole(KColorScheme::PositiveText);
      |         ^~~~~~~~~~~~~~~~~~~
/home/omen/GITHUB/PLASMA_WORLD/AthOS/REPO-AthOS/kcolorscheme/work/kcolorscheme-6.14.0/autotests/kcolorschemetest.cpp:86:36: warning: arithmetic between different enumeration types ‘KColorScheme::DecorationRole’ and ‘KColorScheme::BackgroundRole’ is deprecated [-Wdeprecated-enum-enum-conversion]
   86 |              QColor(colorSet, role + KColorScheme::NBackgroundRoles + KColorScheme::NForegroundRoles, QPalette::Active));                                      \
      |                                    ^
/home/omen/GITHUB/PLASMA_WORLD/AthOS/REPO-AthOS/kcolorscheme/work/kcolorscheme-6.14.0/autotests/kcolorschemetest.cpp:90:9: note: in expansion of macro ‘checkDecorationRole’
   90 |         checkDecorationRole(KColorScheme::FocusColor);
      |         ^~~~~~~~~~~~~~~~~~~
/home/omen/GITHUB/PLASMA_WORLD/AthOS/REPO-AthOS/kcolorscheme/work/kcolorscheme-6.14.0/autotests/kcolorschemetest.cpp:88:36: warning: arithmetic between different enumeration types ‘KColorScheme::DecorationRole’ and ‘KColorScheme::BackgroundRole’ is deprecated [-Wdeprecated-enum-enum-conversion]
   88 |              QColor(colorSet, role + KColorScheme::NBackgroundRoles + KColorScheme::NForegroundRoles, QPalette::Inactive));
      |                                    ^
/home/omen/GITHUB/PLASMA_WORLD/AthOS/REPO-AthOS/kcolorscheme/work/kcolorscheme-6.14.0/autotests/kcolorschemetest.cpp:90:9: note: in expansion of macro ‘checkDecorationRole’
   90 |         checkDecorationRole(KColorScheme::FocusColor);
      |         ^~~~~~~~~~~~~~~~~~~
/home/omen/GITHUB/PLASMA_WORLD/AthOS/REPO-AthOS/kcolorscheme/work/kcolorscheme-6.14.0/autotests/kcolorschemetest.cpp:86:36: warning: arithmetic between different enumeration types ‘KColorScheme::DecorationRole’ and ‘KColorScheme::BackgroundRole’ is deprecated [-Wdeprecated-enum-enum-conversion]
   86 |              QColor(colorSet, role + KColorScheme::NBackgroundRoles + KColorScheme::NForegroundRoles, QPalette::Active));                                      \
      |                                    ^
/home/omen/GITHUB/PLASMA_WORLD/AthOS/REPO-AthOS/kcolorscheme/work/kcolorscheme-6.14.0/autotests/kcolorschemetest.cpp:91:9: note: in expansion of macro ‘checkDecorationRole’
   91 |         checkDecorationRole(KColorScheme::HoverColor);
      |         ^~~~~~~~~~~~~~~~~~~
/home/omen/GITHUB/PLASMA_WORLD/AthOS/REPO-AthOS/kcolorscheme/work/kcolorscheme-6.14.0/autotests/kcolorschemetest.cpp:88:36: warning: arithmetic between different enumeration types ‘KColorScheme::DecorationRole’ and ‘KColorScheme::BackgroundRole’ is deprecated [-Wdeprecated-enum-enum-conversion]
   88 |              QColor(colorSet, role + KColorScheme::NBackgroundRoles + KColorScheme::NForegroundRoles, QPalette::Inactive));
      |                                    ^
/home/omen/GITHUB/PLASMA_WORLD/AthOS/REPO-AthOS/kcolorscheme/work/kcolorscheme-6.14.0/autotests/kcolorschemetest.cpp:91:9: note: in expansion of macro ‘checkDecorationRole’
   91 |         checkDecorationRole(KColorScheme::HoverColor);
      |         ^~~~~~~~~~~~~~~~~~~
[18/18] Linking CXX executable bin/kcolorschemetest
-- Install configuration: "RelWithDebInfo"
-- Installing: /home/omen/GITHUB/PLASMA_WORLD/AthOS/REPO-AthOS/kcolorscheme/package-kcolorscheme/usr/share/locale
-- Installing: /home/omen/GITHUB/PLASMA_WORLD/AthOS/REPO-AthOS/kcolorscheme/package-kcolorscheme/usr/share/locale/cs
-- Installing: /home/omen/GITHUB/PLASMA_WORLD/AthOS/REPO-AthOS/kcolorscheme/package-kcolorscheme/usr/share/locale/cs/LC_MESSAGES
-- Installing: /home/omen/GITHUB/PLASMA_WORLD/AthOS/REPO-AthOS/kcolorscheme/package-kcolorscheme/usr/share/locale/cs/LC_MESSAGES/kcolorscheme6.mo
-- Installing: /home/omen/GITHUB/PLASMA_WORLD/AthOS/REPO-AthOS/kcolorscheme/package-kcolorscheme/usr/share/locale/ja
-- Installing: /home/omen/GITHUB/PLASMA_WORLD/AthOS/REPO-AthOS/kcolorscheme/package-kcolorscheme/usr/share/locale/ja/LC_MESSAGES
-- Installing: /home/omen/GITHUB/PLASMA_WORLD/AthOS/REPO-AthOS/kcolorscheme/package-kcolorscheme/usr/share/locale/ja/LC_MESSAGES/kcolorscheme6.mo
-- Installing: /home/omen/GITHUB/PLASMA_WORLD/AthOS/REPO-AthOS/kcolorscheme/package-kcolorscheme/usr/share/locale/de
-- Installing: /home/omen/GITHUB/PLASMA_WORLD/AthOS/REPO-AthOS/kcolorscheme/package-kcolorscheme/usr/share/locale/de/LC_MESSAGES
-- Installing: /home/omen/GITHUB/PLASMA_WORLD/AthOS/REPO-AthOS/kcolorscheme/package-kcolorscheme/usr/share/locale/de/LC_MESSAGES/kcolorscheme6.mo
-- Installing: /home/omen/GITHUB/PLASMA_WORLD/AthOS/REPO-AthOS/kcolorscheme/package-kcolorscheme/usr/share/locale/nn
-- Installing: /home/omen/GITHUB/PLASMA_WORLD/AthOS/REPO-AthOS/kcolorscheme/package-kcolorscheme/usr/share/locale/nn/LC_MESSAGES
-- Installing: /home/omen/GITHUB/PLASMA_WORLD/AthOS/REPO-AthOS/kcolorscheme/package-kcolorscheme/usr/share/locale/nn/LC_MESSAGES/kcolorscheme6.mo
-- Installing: /home/omen/GITHUB/PLASMA_WORLD/AthOS/REPO-AthOS/kcolorscheme/package-kcolorscheme/usr/share/locale/hi
-- Installing: /home/omen/GITHUB/PLASMA_WORLD/AthOS/REPO-AthOS/kcolorscheme/package-kcolorscheme/usr/share/locale/hi/LC_MESSAGES
-- Installing: /home/omen/GITHUB/PLASMA_WORLD/AthOS/REPO-AthOS/kcolorscheme/package-kcolorscheme/usr/share/locale/hi/LC_MESSAGES/kcolorscheme6.mo
-- Installing: /home/omen/GITHUB/PLASMA_WORLD/AthOS/REPO-AthOS/kcolorscheme/package-kcolorscheme/usr/share/locale/pt_BR
-- Installing: /home/omen/GITHUB/PLASMA_WORLD/AthOS/REPO-AthOS/kcolorscheme/package-kcolorscheme/usr/share/locale/pt_BR/LC_MESSAGES
-- Installing: /home/omen/GITHUB/PLASMA_WORLD/AthOS/REPO-AthOS/kcolorscheme/package-kcolorscheme/usr/share/locale/pt_BR/LC_MESSAGES/kcolorscheme6.mo
-- Installing: /home/omen/GITHUB/PLASMA_WORLD/AthOS/REPO-AthOS/kcolorscheme/package-kcolorscheme/usr/share/locale/lt
-- Installing: /home/omen/GITHUB/PLASMA_WORLD/AthOS/REPO-AthOS/kcolorscheme/package-kcolorscheme/usr/share/locale/lt/LC_MESSAGES
-- Installing: /home/omen/GITHUB/PLASMA_WORLD/AthOS/REPO-AthOS/kcolorscheme/package-kcolorscheme/usr/share/locale/lt/LC_MESSAGES/kcolorscheme6.mo
-- Installing: /home/omen/GITHUB/PLASMA_WORLD/AthOS/REPO-AthOS/kcolorscheme/package-kcolorscheme/usr/share/locale/be
-- Installing: /home/omen/GITHUB/PLASMA_WORLD/AthOS/REPO-AthOS/kcolorscheme/package-kcolorscheme/usr/share/locale/be/LC_MESSAGES
-- Installing: /home/omen/GITHUB/PLASMA_WORLD/AthOS/REPO-AthOS/kcolorscheme/package-kcolorscheme/usr/share/locale/be/LC_MESSAGES/kcolorscheme6.mo
-- Installing: /home/omen/GITHUB/PLASMA_WORLD/AthOS/REPO-AthOS/kcolorscheme/package-kcolorscheme/usr/share/locale/pa
-- Installing: /home/omen/GITHUB/PLASMA_WORLD/AthOS/REPO-AthOS/kcolorscheme/package-kcolorscheme/usr/share/locale/pa/LC_MESSAGES
-- Installing: /home/omen/GITHUB/PLASMA_WORLD/AthOS/REPO-AthOS/kcolorscheme/package-kcolorscheme/usr/share/locale/pa/LC_MESSAGES/kcolorscheme6.mo
-- Installing: /home/omen/GITHUB/PLASMA_WORLD/AthOS/REPO-AthOS/kcolorscheme/package-kcolorscheme/usr/share/locale/sl
-- Installing: /home/omen/GITHUB/PLASMA_WORLD/AthOS/REPO-AthOS/kcolorscheme/package-kcolorscheme/usr/share/locale/sl/LC_MESSAGES
-- Installing: /home/omen/GITHUB/PLASMA_WORLD/AthOS/REPO-AthOS/kcolorscheme/package-kcolorscheme/usr/share/locale/sl/LC_MESSAGES/kcolorscheme6.mo
-- Installing: /home/omen/GITHUB/PLASMA_WORLD/AthOS/REPO-AthOS/kcolorscheme/package-kcolorscheme/usr/share/locale/ta
-- Installing: /home/omen/GITHUB/PLASMA_WORLD/AthOS/REPO-AthOS/kcolorscheme/package-kcolorscheme/usr/share/locale/ta/LC_MESSAGES
-- Installing: /home/omen/GITHUB/PLASMA_WORLD/AthOS/REPO-AthOS/kcolorscheme/package-kcolorscheme/usr/share/locale/ta/LC_MESSAGES/kcolorscheme6.mo
-- Installing: /home/omen/GITHUB/PLASMA_WORLD/AthOS/REPO-AthOS/kcolorscheme/package-kcolorscheme/usr/share/locale/ro
-- Installing: /home/omen/GITHUB/PLASMA_WORLD/AthOS/REPO-AthOS/kcolorscheme/package-kcolorscheme/usr/share/locale/ro/LC_MESSAGES
-- Installing: /home/omen/GITHUB/PLASMA_WORLD/AthOS/REPO-AthOS/kcolorscheme/package-kcolorscheme/usr/share/locale/ro/LC_MESSAGES/kcolorscheme6.mo
-- Installing: /home/omen/GITHUB/PLASMA_WORLD/AthOS/REPO-AthOS/kcolorscheme/package-kcolorscheme/usr/share/locale/is
-- Installing: /home/omen/GITHUB/PLASMA_WORLD/AthOS/REPO-AthOS/kcolorscheme/package-kcolorscheme/usr/share/locale/is/LC_MESSAGES
-- Installing: /home/omen/GITHUB/PLASMA_WORLD/AthOS/REPO-AthOS/kcolorscheme/package-kcolorscheme/usr/share/locale/is/LC_MESSAGES/kcolorscheme6.mo
-- Installing: /home/omen/GITHUB/PLASMA_WORLD/AthOS/REPO-AthOS/kcolorscheme/package-kcolorscheme/usr/share/locale/he
-- Installing: /home/omen/GITHUB/PLASMA_WORLD/AthOS/REPO-AthOS/kcolorscheme/package-kcolorscheme/usr/share/locale/he/LC_MESSAGES
-- Installing: /home/omen/GITHUB/PLASMA_WORLD/AthOS/REPO-AthOS/kcolorscheme/package-kcolorscheme/usr/share/locale/he/LC_MESSAGES/kcolorscheme6.mo
-- Installing: /home/omen/GITHUB/PLASMA_WORLD/AthOS/REPO-AthOS/kcolorscheme/package-kcolorscheme/usr/share/locale/zh_TW
-- Installing: /home/omen/GITHUB/PLASMA_WORLD/AthOS/REPO-AthOS/kcolorscheme/package-kcolorscheme/usr/share/locale/zh_TW/LC_MESSAGES
-- Installing: /home/omen/GITHUB/PLASMA_WORLD/AthOS/REPO-AthOS/kcolorscheme/package-kcolorscheme/usr/share/locale/zh_TW/LC_MESSAGES/kcolorscheme6.mo
-- Installing: /home/omen/GITHUB/PLASMA_WORLD/AthOS/REPO-AthOS/kcolorscheme/package-kcolorscheme/usr/share/locale/fa
-- Installing: /home/omen/GITHUB/PLASMA_WORLD/AthOS/REPO-AthOS/kcolorscheme/package-kcolorscheme/usr/share/locale/fa/LC_MESSAGES
-- Installing: /home/omen/GITHUB/PLASMA_WORLD/AthOS/REPO-AthOS/kcolorscheme/package-kcolorscheme/usr/share/locale/fa/LC_MESSAGES/kcolorscheme6.mo
-- Installing: /home/omen/GITHUB/PLASMA_WORLD/AthOS/REPO-AthOS/kcolorscheme/package-kcolorscheme/usr/share/locale/pl
-- Installing: /home/omen/GITHUB/PLASMA_WORLD/AthOS/REPO-AthOS/kcolorscheme/package-kcolorscheme/usr/share/locale/pl/LC_MESSAGES
-- Installing: /home/omen/GITHUB/PLASMA_WORLD/AthOS/REPO-AthOS/kcolorscheme/package-kcolorscheme/usr/share/locale/pl/LC_MESSAGES/kcolorscheme6.mo
-- Installing: /home/omen/GITHUB/PLASMA_WORLD/AthOS/REPO-AthOS/kcolorscheme/package-kcolorscheme/usr/share/locale/tr
-- Installing: /home/omen/GITHUB/PLASMA_WORLD/AthOS/REPO-AthOS/kcolorscheme/package-kcolorscheme/usr/share/locale/tr/LC_MESSAGES
-- Installing: /home/omen/GITHUB/PLASMA_WORLD/AthOS/REPO-AthOS/kcolorscheme/package-kcolorscheme/usr/share/locale/tr/LC_MESSAGES/kcolorscheme6.mo
-- Installing: /home/omen/GITHUB/PLASMA_WORLD/AthOS/REPO-AthOS/kcolorscheme/package-kcolorscheme/usr/share/locale/fr
-- Installing: /home/omen/GITHUB/PLASMA_WORLD/AthOS/REPO-AthOS/kcolorscheme/package-kcolorscheme/usr/share/locale/fr/LC_MESSAGES
-- Installing: /home/omen/GITHUB/PLASMA_WORLD/AthOS/REPO-AthOS/kcolorscheme/package-kcolorscheme/usr/share/locale/fr/LC_MESSAGES/kcolorscheme6.mo
-- Installing: /home/omen/GITHUB/PLASMA_WORLD/AthOS/REPO-AthOS/kcolorscheme/package-kcolorscheme/usr/share/locale/ast
-- Installing: /home/omen/GITHUB/PLASMA_WORLD/AthOS/REPO-AthOS/kcolorscheme/package-kcolorscheme/usr/share/locale/ast/LC_MESSAGES
-- Installing: /home/omen/GITHUB/PLASMA_WORLD/AthOS/REPO-AthOS/kcolorscheme/package-kcolorscheme/usr/share/locale/ast/LC_MESSAGES/kcolorscheme6.mo
-- Installing: /home/omen/GITHUB/PLASMA_WORLD/AthOS/REPO-AthOS/kcolorscheme/package-kcolorscheme/usr/share/locale/ka
-- Installing: /home/omen/GITHUB/PLASMA_WORLD/AthOS/REPO-AthOS/kcolorscheme/package-kcolorscheme/usr/share/locale/ka/LC_MESSAGES
-- Installing: /home/omen/GITHUB/PLASMA_WORLD/AthOS/REPO-AthOS/kcolorscheme/package-kcolorscheme/usr/share/locale/ka/LC_MESSAGES/kcolorscheme6.mo
-- Installing: /home/omen/GITHUB/PLASMA_WORLD/AthOS/REPO-AthOS/kcolorscheme/package-kcolorscheme/usr/share/locale/gl
-- Installing: /home/omen/GITHUB/PLASMA_WORLD/AthOS/REPO-AthOS/kcolorscheme/package-kcolorscheme/usr/share/locale/gl/LC_MESSAGES
-- Installing: /home/omen/GITHUB/PLASMA_WORLD/AthOS/REPO-AthOS/kcolorscheme/package-kcolorscheme/usr/share/locale/gl/LC_MESSAGES/kcolorscheme6.mo
-- Installing: /home/omen/GITHUB/PLASMA_WORLD/AthOS/REPO-AthOS/kcolorscheme/package-kcolorscheme/usr/share/locale/ia
-- Installing: /home/omen/GITHUB/PLASMA_WORLD/AthOS/REPO-AthOS/kcolorscheme/package-kcolorscheme/usr/share/locale/ia/LC_MESSAGES
-- Installing: /home/omen/GITHUB/PLASMA_WORLD/AthOS/REPO-AthOS/kcolorscheme/package-kcolorscheme/usr/share/locale/ia/LC_MESSAGES/kcolorscheme6.mo
-- Installing: /home/omen/GITHUB/PLASMA_WORLD/AthOS/REPO-AthOS/kcolorscheme/package-kcolorscheme/usr/share/locale/hu
-- Installing: /home/omen/GITHUB/PLASMA_WORLD/AthOS/REPO-AthOS/kcolorscheme/package-kcolorscheme/usr/share/locale/hu/LC_MESSAGES
-- Installing: /home/omen/GITHUB/PLASMA_WORLD/AthOS/REPO-AthOS/kcolorscheme/package-kcolorscheme/usr/share/locale/hu/LC_MESSAGES/kcolorscheme6.mo
-- Installing: /home/omen/GITHUB/PLASMA_WORLD/AthOS/REPO-AthOS/kcolorscheme/package-kcolorscheme/usr/share/locale/eo
-- Installing: /home/omen/GITHUB/PLASMA_WORLD/AthOS/REPO-AthOS/kcolorscheme/package-kcolorscheme/usr/share/locale/eo/LC_MESSAGES
-- Installing: /home/omen/GITHUB/PLASMA_WORLD/AthOS/REPO-AthOS/kcolorscheme/package-kcolorscheme/usr/share/locale/eo/LC_MESSAGES/kcolorscheme6.mo
-- Installing: /home/omen/GITHUB/PLASMA_WORLD/AthOS/REPO-AthOS/kcolorscheme/package-kcolorscheme/usr/share/locale/bg
-- Installing: /home/omen/GITHUB/PLASMA_WORLD/AthOS/REPO-AthOS/kcolorscheme/package-kcolorscheme/usr/share/locale/bg/LC_MESSAGES
-- Installing: /home/omen/GITHUB/PLASMA_WORLD/AthOS/REPO-AthOS/kcolorscheme/package-kcolorscheme/usr/share/locale/bg/LC_MESSAGES/kcolorscheme6.mo
-- Installing: /home/omen/GITHUB/PLASMA_WORLD/AthOS/REPO-AthOS/kcolorscheme/package-kcolorscheme/usr/share/locale/ca
-- Installing: /home/omen/GITHUB/PLASMA_WORLD/AthOS/REPO-AthOS/kcolorscheme/package-kcolorscheme/usr/share/locale/ca/LC_MESSAGES
-- Installing: /home/omen/GITHUB/PLASMA_WORLD/AthOS/REPO-AthOS/kcolorscheme/package-kcolorscheme/usr/share/locale/ca/LC_MESSAGES/kcolorscheme6.mo
-- Installing: /home/omen/GITHUB/PLASMA_WORLD/AthOS/REPO-AthOS/kcolorscheme/package-kcolorscheme/usr/share/locale/uk
-- Installing: /home/omen/GITHUB/PLASMA_WORLD/AthOS/REPO-AthOS/kcolorscheme/package-kcolorscheme/usr/share/locale/uk/LC_MESSAGES
-- Installing: /home/omen/GITHUB/PLASMA_WORLD/AthOS/REPO-AthOS/kcolorscheme/package-kcolorscheme/usr/share/locale/uk/LC_MESSAGES/kcolorscheme6.mo
-- Installing: /home/omen/GITHUB/PLASMA_WORLD/AthOS/REPO-AthOS/kcolorscheme/package-kcolorscheme/usr/share/locale/en_GB
-- Installing: /home/omen/GITHUB/PLASMA_WORLD/AthOS/REPO-AthOS/kcolorscheme/package-kcolorscheme/usr/share/locale/en_GB/LC_MESSAGES
-- Installing: /home/omen/GITHUB/PLASMA_WORLD/AthOS/REPO-AthOS/kcolorscheme/package-kcolorscheme/usr/share/locale/en_GB/LC_MESSAGES/kcolorscheme6.mo
-- Installing: /home/omen/GITHUB/PLASMA_WORLD/AthOS/REPO-AthOS/kcolorscheme/package-kcolorscheme/usr/share/locale/zh_CN
-- Installing: /home/omen/GITHUB/PLASMA_WORLD/AthOS/REPO-AthOS/kcolorscheme/package-kcolorscheme/usr/share/locale/zh_CN/LC_MESSAGES
-- Installing: /home/omen/GITHUB/PLASMA_WORLD/AthOS/REPO-AthOS/kcolorscheme/package-kcolorscheme/usr/share/locale/zh_CN/LC_MESSAGES/kcolorscheme6.mo
-- Installing: /home/omen/GITHUB/PLASMA_WORLD/AthOS/REPO-AthOS/kcolorscheme/package-kcolorscheme/usr/share/locale/nl
-- Installing: /home/omen/GITHUB/PLASMA_WORLD/AthOS/REPO-AthOS/kcolorscheme/package-kcolorscheme/usr/share/locale/nl/LC_MESSAGES
-- Installing: /home/omen/GITHUB/PLASMA_WORLD/AthOS/REPO-AthOS/kcolorscheme/package-kcolorscheme/usr/share/locale/nl/LC_MESSAGES/kcolorscheme6.mo
-- Installing: /home/omen/GITHUB/PLASMA_WORLD/AthOS/REPO-AthOS/kcolorscheme/package-kcolorscheme/usr/share/locale/sa
-- Installing: /home/omen/GITHUB/PLASMA_WORLD/AthOS/REPO-AthOS/kcolorscheme/package-kcolorscheme/usr/share/locale/sa/LC_MESSAGES
-- Installing: /home/omen/GITHUB/PLASMA_WORLD/AthOS/REPO-AthOS/kcolorscheme/package-kcolorscheme/usr/share/locale/sa/LC_MESSAGES/kcolorscheme6.mo
-- Installing: /home/omen/GITHUB/PLASMA_WORLD/AthOS/REPO-AthOS/kcolorscheme/package-kcolorscheme/usr/share/locale/fi
-- Installing: /home/omen/GITHUB/PLASMA_WORLD/AthOS/REPO-AthOS/kcolorscheme/package-kcolorscheme/usr/share/locale/fi/LC_MESSAGES
-- Installing: /home/omen/GITHUB/PLASMA_WORLD/AthOS/REPO-AthOS/kcolorscheme/package-kcolorscheme/usr/share/locale/fi/LC_MESSAGES/kcolorscheme6.mo
-- Installing: /home/omen/GITHUB/PLASMA_WORLD/AthOS/REPO-AthOS/kcolorscheme/package-kcolorscheme/usr/share/locale/ko
-- Installing: /home/omen/GITHUB/PLASMA_WORLD/AthOS/REPO-AthOS/kcolorscheme/package-kcolorscheme/usr/share/locale/ko/LC_MESSAGES
-- Installing: /home/omen/GITHUB/PLASMA_WORLD/AthOS/REPO-AthOS/kcolorscheme/package-kcolorscheme/usr/share/locale/ko/LC_MESSAGES/kcolorscheme6.mo
-- Installing: /home/omen/GITHUB/PLASMA_WORLD/AthOS/REPO-AthOS/kcolorscheme/package-kcolorscheme/usr/share/locale/ru
-- Installing: /home/omen/GITHUB/PLASMA_WORLD/AthOS/REPO-AthOS/kcolorscheme/package-kcolorscheme/usr/share/locale/ru/LC_MESSAGES
-- Installing: /home/omen/GITHUB/PLASMA_WORLD/AthOS/REPO-AthOS/kcolorscheme/package-kcolorscheme/usr/share/locale/ru/LC_MESSAGES/kcolorscheme6.mo
-- Installing: /home/omen/GITHUB/PLASMA_WORLD/AthOS/REPO-AthOS/kcolorscheme/package-kcolorscheme/usr/share/locale/lv
-- Installing: /home/omen/GITHUB/PLASMA_WORLD/AthOS/REPO-AthOS/kcolorscheme/package-kcolorscheme/usr/share/locale/lv/LC_MESSAGES
-- Installing: /home/omen/GITHUB/PLASMA_WORLD/AthOS/REPO-AthOS/kcolorscheme/package-kcolorscheme/usr/share/locale/lv/LC_MESSAGES/kcolorscheme6.mo
-- Installing: /home/omen/GITHUB/PLASMA_WORLD/AthOS/REPO-AthOS/kcolorscheme/package-kcolorscheme/usr/share/locale/ca@valencia
-- Installing: /home/omen/GITHUB/PLASMA_WORLD/AthOS/REPO-AthOS/kcolorscheme/package-kcolorscheme/usr/share/locale/ca@valencia/LC_MESSAGES
-- Installing: /home/omen/GITHUB/PLASMA_WORLD/AthOS/REPO-AthOS/kcolorscheme/package-kcolorscheme/usr/share/locale/ca@valencia/LC_MESSAGES/kcolorscheme6.mo
-- Installing: /home/omen/GITHUB/PLASMA_WORLD/AthOS/REPO-AthOS/kcolorscheme/package-kcolorscheme/usr/share/locale/es
-- Installing: /home/omen/GITHUB/PLASMA_WORLD/AthOS/REPO-AthOS/kcolorscheme/package-kcolorscheme/usr/share/locale/es/LC_MESSAGES
-- Installing: /home/omen/GITHUB/PLASMA_WORLD/AthOS/REPO-AthOS/kcolorscheme/package-kcolorscheme/usr/share/locale/es/LC_MESSAGES/kcolorscheme6.mo
-- Installing: /home/omen/GITHUB/PLASMA_WORLD/AthOS/REPO-AthOS/kcolorscheme/package-kcolorscheme/usr/share/locale/eu
-- Installing: /home/omen/GITHUB/PLASMA_WORLD/AthOS/REPO-AthOS/kcolorscheme/package-kcolorscheme/usr/share/locale/eu/LC_MESSAGES
-- Installing: /home/omen/GITHUB/PLASMA_WORLD/AthOS/REPO-AthOS/kcolorscheme/package-kcolorscheme/usr/share/locale/eu/LC_MESSAGES/kcolorscheme6.mo
-- Installing: /home/omen/GITHUB/PLASMA_WORLD/AthOS/REPO-AthOS/kcolorscheme/package-kcolorscheme/usr/share/locale/it
-- Installing: /home/omen/GITHUB/PLASMA_WORLD/AthOS/REPO-AthOS/kcolorscheme/package-kcolorscheme/usr/share/locale/it/LC_MESSAGES
-- Installing: /home/omen/GITHUB/PLASMA_WORLD/AthOS/REPO-AthOS/kcolorscheme/package-kcolorscheme/usr/share/locale/it/LC_MESSAGES/kcolorscheme6.mo
-- Installing: /home/omen/GITHUB/PLASMA_WORLD/AthOS/REPO-AthOS/kcolorscheme/package-kcolorscheme/usr/share/locale/ar
-- Installing: /home/omen/GITHUB/PLASMA_WORLD/AthOS/REPO-AthOS/kcolorscheme/package-kcolorscheme/usr/share/locale/ar/LC_MESSAGES
-- Installing: /home/omen/GITHUB/PLASMA_WORLD/AthOS/REPO-AthOS/kcolorscheme/package-kcolorscheme/usr/share/locale/ar/LC_MESSAGES/kcolorscheme6.mo
-- Installing: /home/omen/GITHUB/PLASMA_WORLD/AthOS/REPO-AthOS/kcolorscheme/package-kcolorscheme/usr/share/locale/sk
-- Installing: /home/omen/GITHUB/PLASMA_WORLD/AthOS/REPO-AthOS/kcolorscheme/package-kcolorscheme/usr/share/locale/sk/LC_MESSAGES
-- Installing: /home/omen/GITHUB/PLASMA_WORLD/AthOS/REPO-AthOS/kcolorscheme/package-kcolorscheme/usr/share/locale/sk/LC_MESSAGES/kcolorscheme6.mo
-- Installing: /home/omen/GITHUB/PLASMA_WORLD/AthOS/REPO-AthOS/kcolorscheme/package-kcolorscheme/usr/share/locale/sv
-- Installing: /home/omen/GITHUB/PLASMA_WORLD/AthOS/REPO-AthOS/kcolorscheme/package-kcolorscheme/usr/share/locale/sv/LC_MESSAGES
-- Installing: /home/omen/GITHUB/PLASMA_WORLD/AthOS/REPO-AthOS/kcolorscheme/package-kcolorscheme/usr/share/locale/sv/LC_MESSAGES/kcolorscheme6.mo
-- Installing: /home/omen/GITHUB/PLASMA_WORLD/AthOS/REPO-AthOS/kcolorscheme/package-kcolorscheme/usr/lib64/libKF6ColorScheme.so.6.14.0
-- Installing: /home/omen/GITHUB/PLASMA_WORLD/AthOS/REPO-AthOS/kcolorscheme/package-kcolorscheme/usr/lib64/libKF6ColorScheme.so.6
-- Installing: /home/omen/GITHUB/PLASMA_WORLD/AthOS/REPO-AthOS/kcolorscheme/package-kcolorscheme/usr/lib64/libKF6ColorScheme.so
-- Installing: /home/omen/GITHUB/PLASMA_WORLD/AthOS/REPO-AthOS/kcolorscheme/package-kcolorscheme/usr/include/KF6/KColorScheme/kcolorscheme_export.h
-- Installing: /home/omen/GITHUB/PLASMA_WORLD/AthOS/REPO-AthOS/kcolorscheme/package-kcolorscheme/usr/include/KF6/KColorScheme/KColorScheme
-- Installing: /home/omen/GITHUB/PLASMA_WORLD/AthOS/REPO-AthOS/kcolorscheme/package-kcolorscheme/usr/include/KF6/KColorScheme/KColorSchemeManager
-- Installing: /home/omen/GITHUB/PLASMA_WORLD/AthOS/REPO-AthOS/kcolorscheme/package-kcolorscheme/usr/include/KF6/KColorScheme/KColorSchemeModel
-- Installing: /home/omen/GITHUB/PLASMA_WORLD/AthOS/REPO-AthOS/kcolorscheme/package-kcolorscheme/usr/include/KF6/KColorScheme/KStatefulBrush
-- Installing: /home/omen/GITHUB/PLASMA_WORLD/AthOS/REPO-AthOS/kcolorscheme/package-kcolorscheme/usr/include/KF6/KColorScheme/kcolorscheme.h
-- Installing: /home/omen/GITHUB/PLASMA_WORLD/AthOS/REPO-AthOS/kcolorscheme/package-kcolorscheme/usr/include/KF6/KColorScheme/kcolorschememanager.h
-- Installing: /home/omen/GITHUB/PLASMA_WORLD/AthOS/REPO-AthOS/kcolorscheme/package-kcolorscheme/usr/include/KF6/KColorScheme/kcolorschememodel.h
-- Installing: /home/omen/GITHUB/PLASMA_WORLD/AthOS/REPO-AthOS/kcolorscheme/package-kcolorscheme/usr/include/KF6/KColorScheme/kstatefulbrush.h
-- Installing: /home/omen/GITHUB/PLASMA_WORLD/AthOS/REPO-AthOS/kcolorscheme/package-kcolorscheme/usr/share/qlogging-categories6/kcolorscheme.categories
-- Installing: /home/omen/GITHUB/PLASMA_WORLD/AthOS/REPO-AthOS/kcolorscheme/package-kcolorscheme/usr/doc/qt6-6.8.3_20250319_bab1fecd/KF6ColorScheme.qch
-- Installing: /home/omen/GITHUB/PLASMA_WORLD/AthOS/REPO-AthOS/kcolorscheme/package-kcolorscheme/usr/doc/qt6-6.8.3_20250319_bab1fecd/KF6ColorScheme.tags
-- Installing: /home/omen/GITHUB/PLASMA_WORLD/AthOS/REPO-AthOS/kcolorscheme/package-kcolorscheme/usr/lib64/cmake/KF6ColorScheme/KF6ColorSchemeQchTargets.cmake
-- Installing: /home/omen/GITHUB/PLASMA_WORLD/AthOS/REPO-AthOS/kcolorscheme/package-kcolorscheme/usr/lib64/cmake/KF6ColorScheme/KF6ColorSchemeConfig.cmake
-- Installing: /home/omen/GITHUB/PLASMA_WORLD/AthOS/REPO-AthOS/kcolorscheme/package-kcolorscheme/usr/lib64/cmake/KF6ColorScheme/KF6ColorSchemeConfigVersion.cmake
-- Installing: /home/omen/GITHUB/PLASMA_WORLD/AthOS/REPO-AthOS/kcolorscheme/package-kcolorscheme/usr/lib64/cmake/KF6ColorScheme/KF6ColorSchemeTargets.cmake
-- Installing: /home/omen/GITHUB/PLASMA_WORLD/AthOS/REPO-AthOS/kcolorscheme/package-kcolorscheme/usr/lib64/cmake/KF6ColorScheme/KF6ColorSchemeTargets-relwithdebinfo.cmake
-- Installing: /home/omen/GITHUB/PLASMA_WORLD/AthOS/REPO-AthOS/kcolorscheme/package-kcolorscheme/usr/include/KF6/KColorScheme/kcolorscheme_version.h
The main part of source code is ready. We are moving on to preparing post install scripts, docs, license, man pages etc..
cp: cannot stat 'AUTHORS': No such file or directory
cp: cannot stat 'ChangeLog*': No such file or directory
cp: cannot stat 'COPYING': No such file or directory
cp: cannot stat 'CREDITS': No such file or directory
cp: cannot stat 'LICENSE': No such file or directory
cp: cannot stat 'MAINTAINERS': No such file or directory
cp: cannot stat 'NEWS': No such file or directory
cp: cannot stat 'DOCS': No such file or directory
grep: /home/omen/GITHUB/PLASMA_WORLD/AthOS/REPO-AthOS/kcolorscheme/kcolorscheme.info: No such file or directory
doxygen
extra-cmake-modules
kconfig
kguiaddons
ki18n
Packaging compiled for slackware installation...
MAKEPKG_FLAGS is empty or unset, using default

Slackware package maker, version 3.14159265.

Searching for symbolic links:
usr/lib64/libKF6ColorScheme.so	libKF6ColorScheme.so.6
usr/lib64/libKF6ColorScheme.so.6	libKF6ColorScheme.so.6.14.0

Making symbolic link creation script:
( cd usr/lib64 ; rm -rf libKF6ColorScheme.so )
( cd usr/lib64 ; ln -sf libKF6ColorScheme.so.6 libKF6ColorScheme.so )
( cd usr/lib64 ; rm -rf libKF6ColorScheme.so.6 )
( cd usr/lib64 ; ln -sf libKF6ColorScheme.so.6.14.0 libKF6ColorScheme.so.6 )

Unless your existing installation script already contains the code
to create these links, you should append these lines to your existing
install script. Now's your chance. :^)

Would you like to add this stuff to the existing install script and
remove the symbolic links ([y]es, [n]o)? y


Removing symbolic links:
removed './usr/lib64/libKF6ColorScheme.so.6'
removed './usr/lib64/libKF6ColorScheme.so'

Updating your ./install/doinst.sh...

This next step is optional - you can set the directories in your package
to some sane permissions. If any of the directories in your package have
special permissions, then DO NOT reset them here!

Would you like to reset all directory permissions to 755 (drwxr-xr-x) and
directory ownerships to root:root ([y]es, [n]o)? n


Creating Slackware package:  /tmp/kcolorscheme/kcolorscheme-6.14.0-x86_64-1_rtz.tlz

./
install/
install/doinst.sh
install/slack-desc
usr/
usr/doc/
usr/doc/kcolorscheme-6.14.0/
usr/doc/kcolorscheme-6.14.0/README.md
usr/doc/kcolorscheme-6.14.0/README.md.license
usr/doc/kcolorscheme-6.14.0/docs/
usr/doc/kcolorscheme-6.14.0/docs/Doxyfile.local
usr/doc/kcolorscheme-6.14.0/kcolorscheme.ini
usr/doc/kcolorscheme-6.14.0/slack-required
usr/doc/qt6-6.8.3_20250319_bab1fecd/
usr/doc/qt6-6.8.3_20250319_bab1fecd/KF6ColorScheme.qch
usr/doc/qt6-6.8.3_20250319_bab1fecd/KF6ColorScheme.tags
usr/include/
usr/include/KF6/
usr/include/KF6/KColorScheme/
usr/include/KF6/KColorScheme/KColorScheme
usr/include/KF6/KColorScheme/KColorSchemeManager
usr/include/KF6/KColorScheme/KColorSchemeModel
usr/include/KF6/KColorScheme/KStatefulBrush
usr/include/KF6/KColorScheme/kcolorscheme.h
usr/include/KF6/KColorScheme/kcolorscheme_export.h
usr/include/KF6/KColorScheme/kcolorscheme_version.h
usr/include/KF6/KColorScheme/kcolorschememanager.h
usr/include/KF6/KColorScheme/kcolorschememodel.h
usr/include/KF6/KColorScheme/kstatefulbrush.h
usr/lib64/
usr/lib64/cmake/
usr/lib64/cmake/KF6ColorScheme/
usr/lib64/cmake/KF6ColorScheme/KF6ColorSchemeConfig.cmake
usr/lib64/cmake/KF6ColorScheme/KF6ColorSchemeConfigVersion.cmake
usr/lib64/cmake/KF6ColorScheme/KF6ColorSchemeQchTargets.cmake
usr/lib64/cmake/KF6ColorScheme/KF6ColorSchemeTargets-relwithdebinfo.cmake
usr/lib64/cmake/KF6ColorScheme/KF6ColorSchemeTargets.cmake
usr/lib64/libKF6ColorScheme.so.6.14.0
usr/share/
usr/share/locale/
usr/share/locale/ar/
usr/share/locale/ar/LC_MESSAGES/
usr/share/locale/ar/LC_MESSAGES/kcolorscheme6.mo
usr/share/locale/ast/
usr/share/locale/ast/LC_MESSAGES/
usr/share/locale/ast/LC_MESSAGES/kcolorscheme6.mo
usr/share/locale/be/
usr/share/locale/be/LC_MESSAGES/
usr/share/locale/be/LC_MESSAGES/kcolorscheme6.mo
usr/share/locale/bg/
usr/share/locale/bg/LC_MESSAGES/
usr/share/locale/bg/LC_MESSAGES/kcolorscheme6.mo
usr/share/locale/ca/
usr/share/locale/ca/LC_MESSAGES/
usr/share/locale/ca/LC_MESSAGES/kcolorscheme6.mo
usr/share/locale/ca@valencia/
usr/share/locale/ca@valencia/LC_MESSAGES/
usr/share/locale/ca@valencia/LC_MESSAGES/kcolorscheme6.mo
usr/share/locale/cs/
usr/share/locale/cs/LC_MESSAGES/
usr/share/locale/cs/LC_MESSAGES/kcolorscheme6.mo
usr/share/locale/de/
usr/share/locale/de/LC_MESSAGES/
usr/share/locale/de/LC_MESSAGES/kcolorscheme6.mo
usr/share/locale/en_GB/
usr/share/locale/en_GB/LC_MESSAGES/
usr/share/locale/en_GB/LC_MESSAGES/kcolorscheme6.mo
usr/share/locale/eo/
usr/share/locale/eo/LC_MESSAGES/
usr/share/locale/eo/LC_MESSAGES/kcolorscheme6.mo
usr/share/locale/es/
usr/share/locale/es/LC_MESSAGES/
usr/share/locale/es/LC_MESSAGES/kcolorscheme6.mo
usr/share/locale/eu/
usr/share/locale/eu/LC_MESSAGES/
usr/share/locale/eu/LC_MESSAGES/kcolorscheme6.mo
usr/share/locale/fa/
usr/share/locale/fa/LC_MESSAGES/
usr/share/locale/fa/LC_MESSAGES/kcolorscheme6.mo
usr/share/locale/fi/
usr/share/locale/fi/LC_MESSAGES/
usr/share/locale/fi/LC_MESSAGES/kcolorscheme6.mo
usr/share/locale/fr/
usr/share/locale/fr/LC_MESSAGES/
usr/share/locale/fr/LC_MESSAGES/kcolorscheme6.mo
usr/share/locale/gl/
usr/share/locale/gl/LC_MESSAGES/
usr/share/locale/gl/LC_MESSAGES/kcolorscheme6.mo
usr/share/locale/he/
usr/share/locale/he/LC_MESSAGES/
usr/share/locale/he/LC_MESSAGES/kcolorscheme6.mo
usr/share/locale/hi/
usr/share/locale/hi/LC_MESSAGES/
usr/share/locale/hi/LC_MESSAGES/kcolorscheme6.mo
usr/share/locale/hu/
usr/share/locale/hu/LC_MESSAGES/
usr/share/locale/hu/LC_MESSAGES/kcolorscheme6.mo
usr/share/locale/ia/
usr/share/locale/ia/LC_MESSAGES/
usr/share/locale/ia/LC_MESSAGES/kcolorscheme6.mo
usr/share/locale/is/
usr/share/locale/is/LC_MESSAGES/
usr/share/locale/is/LC_MESSAGES/kcolorscheme6.mo
usr/share/locale/it/
usr/share/locale/it/LC_MESSAGES/
usr/share/locale/it/LC_MESSAGES/kcolorscheme6.mo
usr/share/locale/ja/
usr/share/locale/ja/LC_MESSAGES/
usr/share/locale/ja/LC_MESSAGES/kcolorscheme6.mo
usr/share/locale/ka/
usr/share/locale/ka/LC_MESSAGES/
usr/share/locale/ka/LC_MESSAGES/kcolorscheme6.mo
usr/share/locale/ko/
usr/share/locale/ko/LC_MESSAGES/
usr/share/locale/ko/LC_MESSAGES/kcolorscheme6.mo
usr/share/locale/lt/
usr/share/locale/lt/LC_MESSAGES/
usr/share/locale/lt/LC_MESSAGES/kcolorscheme6.mo
usr/share/locale/lv/
usr/share/locale/lv/LC_MESSAGES/
usr/share/locale/lv/LC_MESSAGES/kcolorscheme6.mo
usr/share/locale/nl/
usr/share/locale/nl/LC_MESSAGES/
usr/share/locale/nl/LC_MESSAGES/kcolorscheme6.mo
usr/share/locale/nn/
usr/share/locale/nn/LC_MESSAGES/
usr/share/locale/nn/LC_MESSAGES/kcolorscheme6.mo
usr/share/locale/pa/
usr/share/locale/pa/LC_MESSAGES/
usr/share/locale/pa/LC_MESSAGES/kcolorscheme6.mo
usr/share/locale/pl/
usr/share/locale/pl/LC_MESSAGES/
usr/share/locale/pl/LC_MESSAGES/kcolorscheme6.mo
usr/share/locale/pt_BR/
usr/share/locale/pt_BR/LC_MESSAGES/
usr/share/locale/pt_BR/LC_MESSAGES/kcolorscheme6.mo
usr/share/locale/ro/
usr/share/locale/ro/LC_MESSAGES/
usr/share/locale/ro/LC_MESSAGES/kcolorscheme6.mo
usr/share/locale/ru/
usr/share/locale/ru/LC_MESSAGES/
usr/share/locale/ru/LC_MESSAGES/kcolorscheme6.mo
usr/share/locale/sa/
usr/share/locale/sa/LC_MESSAGES/
usr/share/locale/sa/LC_MESSAGES/kcolorscheme6.mo
usr/share/locale/sk/
usr/share/locale/sk/LC_MESSAGES/
usr/share/locale/sk/LC_MESSAGES/kcolorscheme6.mo
usr/share/locale/sl/
usr/share/locale/sl/LC_MESSAGES/
usr/share/locale/sl/LC_MESSAGES/kcolorscheme6.mo
usr/share/locale/sv/
usr/share/locale/sv/LC_MESSAGES/
usr/share/locale/sv/LC_MESSAGES/kcolorscheme6.mo
usr/share/locale/ta/
usr/share/locale/ta/LC_MESSAGES/
usr/share/locale/ta/LC_MESSAGES/kcolorscheme6.mo
usr/share/locale/tr/
usr/share/locale/tr/LC_MESSAGES/
usr/share/locale/tr/LC_MESSAGES/kcolorscheme6.mo
usr/share/locale/uk/
usr/share/locale/uk/LC_MESSAGES/
usr/share/locale/uk/LC_MESSAGES/kcolorscheme6.mo
usr/share/locale/zh_CN/
usr/share/locale/zh_CN/LC_MESSAGES/
usr/share/locale/zh_CN/LC_MESSAGES/kcolorscheme6.mo
usr/share/locale/zh_TW/
usr/share/locale/zh_TW/LC_MESSAGES/
usr/share/locale/zh_TW/LC_MESSAGES/kcolorscheme6.mo
usr/share/qlogging-categories6/
usr/share/qlogging-categories6/kcolorscheme.categories

Slackware package /tmp/kcolorscheme/kcolorscheme-6.14.0-x86_64-1_rtz.tlz created.

Create shared object file for kcolorscheme-6.14.0-x86_64-1_rtz.tlz
Creating /tmp/kcolorscheme/kcolorscheme-6.14.0-x86_64-1_rtz.tlz.so.file using /tmp/kcolorscheme/kcolorscheme-6.14.0-x86_64-1_rtz.tlz
Successfully created /tmp/kcolorscheme/kcolorscheme-6.14.0-x86_64-1_rtz.tlz.so.file
Packaging of executable and meta-data in kcolorscheme.tar.lz4 format.
/tmp/kcolorscheme /tmp/kcolorscheme
/tmp/kcolorscheme
BIN_NAME
README
kcolorscheme-6.14.0-x86_64-1_rtz.tlz
kcolorscheme-6.14.0-x86_64-1_rtz.tlz.md5
kcolorscheme-6.14.0-x86_64-1_rtz.tlz.so.file
kcolorscheme-6.14.0-x86_64-1_rtz.tlz.txt
kcolorscheme.dep
makepkg-kcolorscheme.log
kcolorscheme build finished. Procced to installation...

+=================================================================================================================+
| Upgrading kcolorscheme-6.14.0-x86_64-1_rtz package using /tmp/kcolorscheme/kcolorscheme-6.14.0-x86_64-1_rtz.tlz |
+=================================================================================================================+

Pre-installing package kcolorscheme-6.14.0-x86_64-1_rtz...
Removing package: kcolorscheme-6.14.0-x86_64-1_rtz-upgraded-2025-05-14,22:12:25
Installing package kcolorscheme-6.14.0-x86_64-1_rtz.tlz:
PACKAGE DESCRIPTION:
# kcolorscheme (Classes for KColorScheme)
#
# Classes to read and interact with KColorScheme
#
# https://community.kde.org/Frameworks
Executing install script for kcolorscheme-6.14.0-x86_64-1_rtz.tlz.
Font directories:
	/usr/share/fonts
/usr/share/fonts: caching, new cache contents: 0 fonts, 11 dirs
/usr/share/fonts/100dpi: caching, new cache contents: 238 fonts, 0 dirs
/usr/share/fonts/75dpi: caching, new cache contents: 238 fonts, 0 dirs
/usr/share/fonts/OTF: caching, new cache contents: 124 fonts, 0 dirs
/usr/share/fonts/Speedo: caching, new cache contents: 0 fonts, 0 dirs
/usr/share/fonts/TTF: caching, new cache contents: 1132 fonts, 0 dirs
/usr/share/fonts/Type1: caching, new cache contents: 64 fonts, 0 dirs
/usr/share/fonts/cyrillic: caching, new cache contents: 0 fonts, 0 dirs
/usr/share/fonts/encodings: caching, new cache contents: 0 fonts, 1 dirs
/usr/share/fonts/encodings/large: caching, new cache contents: 0 fonts, 0 dirs
/usr/share/fonts/kanjistrokeorders: caching, new cache contents: 1 fonts, 0 dirs
/usr/share/fonts/misc: caching, new cache contents: 143 fonts, 0 dirs
/usr/share/fonts/util: caching, new cache contents: 0 fonts, 0 dirs
/var/cache/fontconfig: cleaning cache directory
/root/.cache/fontconfig: not cleaning non-existent cache directory
/root/.fontconfig: not cleaning non-existent cache directory
/usr/bin/fc-cache: succeeded
Package kcolorscheme-6.14.0-x86_64-1_rtz.tlz installed.
Package kcolorscheme-6.14.0-x86_64-1_rtz upgraded with new package /tmp/kcolorscheme/kcolorscheme-6.14.0-x86_64-1_rtz.tlz.
Cleaning environmet: Removing source code, and work-space...
rm: cannot remove 'kcolorscheme-6.14.0.tar.xz': No such file or directory
