[32mStarting build process...[0m
Detected architecture: x86_64
Required dependencies: zulu-openjdk8 
zulu-openjdk8 is already installed!
No optional dependencies found.
Downloading source code zip file
--2025-05-26 13:16:17--  https://github.com/yairm210/Unciv/releases/download/4.16.11/linuxFilesForJar.zip
Resolving github.com (github.com)... 140.82.121.4
Connecting to github.com (github.com)|140.82.121.4|:443... connected.
HTTP request sent, awaiting response... 302 Found
Location: https://objects.githubusercontent.com/github-production-release-asset-2e65be/111605778/33e833ea-29b0-4163-94c4-c4af8b60da86?X-Amz-Algorithm=AWS4-HMAC-SHA256&X-Amz-Credential=releaseassetproduction%2F20250526%2Fus-east-1%2Fs3%2Faws4_request&X-Amz-Date=20250526T101513Z&X-Amz-Expires=300&X-Amz-Signature=5bbfc767fb4ffc07201e0e5596d4f6591e7b76dd4d4554ff6e153a55554b2bca&X-Amz-SignedHeaders=host&response-content-disposition=attachment%3B%20filename%3DlinuxFilesForJar.zip&response-content-type=application%2Foctet-stream [following]
--2025-05-26 13:16:17--  https://objects.githubusercontent.com/github-production-release-asset-2e65be/111605778/33e833ea-29b0-4163-94c4-c4af8b60da86?X-Amz-Algorithm=AWS4-HMAC-SHA256&X-Amz-Credential=releaseassetproduction%2F20250526%2Fus-east-1%2Fs3%2Faws4_request&X-Amz-Date=20250526T101513Z&X-Amz-Expires=300&X-Amz-Signature=5bbfc767fb4ffc07201e0e5596d4f6591e7b76dd4d4554ff6e153a55554b2bca&X-Amz-SignedHeaders=host&response-content-disposition=attachment%3B%20filename%3DlinuxFilesForJar.zip&response-content-type=application%2Foctet-stream
Resolving objects.githubusercontent.com (objects.githubusercontent.com)... 185.199.110.133, 185.199.108.133, 185.199.111.133, ...
Connecting to objects.githubusercontent.com (objects.githubusercontent.com)|185.199.110.133|:443... connected.
HTTP request sent, awaiting response... 200 OK
Length: 954 [application/octet-stream]
Saving to: ‘linuxFilesForJar-4.16.11.zip’

     0K                                                       100% 48.9M=0s

2025-05-26 13:16:18 (48.9 MB/s) - ‘linuxFilesForJar-4.16.11.zip’ saved [954/954]

Found file: linuxFilesForJar-4.16.11.zip
No checksum provided. Skipping checksum verification and proceeding...
Creating working directories and exporting source code in...
Archive:  /home/omen/GITHUB/Athos/AthOS/REPO-AthOS/unciv/linuxFilesForJar-4.16.11.zip
  inflating: Unciv.sh                
  inflating: unciv.desktop           
/home/omen/GITHUB/Athos/AthOS/REPO-AthOS/unciv/work
README or README.md already exists, skipping creation.
BIN_PKG = YES
hm...lets continue and see what happens
/home/omen/GITHUB/Athos/AthOS/REPO-AthOS/unciv/package-unciv/usr/share/Unciv /home/omen/GITHUB/Athos/AthOS/REPO-AthOS/unciv/work
--2025-05-26 13:16:18--  https://github.com/yairm210/Unciv/releases/download/4.14.17/Unciv.jar
Resolving github.com (github.com)... 140.82.121.4
Connecting to github.com (github.com)|140.82.121.4|:443... connected.
HTTP request sent, awaiting response... 302 Found
Location: https://objects.githubusercontent.com/github-production-release-asset-2e65be/111605778/bd081042-3fa7-4982-bc73-ac76f729272f?X-Amz-Algorithm=AWS4-HMAC-SHA256&X-Amz-Credential=releaseassetproduction%2F20250526%2Fus-east-1%2Fs3%2Faws4_request&X-Amz-Date=20250526T101514Z&X-Amz-Expires=300&X-Amz-Signature=a5993ea8bd2dac72f53d085e486d35e88481a4f44ce13b5ffa6ff3b3cee203e3&X-Amz-SignedHeaders=host&response-content-disposition=attachment%3B%20filename%3DUnciv.jar&response-content-type=application%2Foctet-stream [following]
--2025-05-26 13:16:18--  https://objects.githubusercontent.com/github-production-release-asset-2e65be/111605778/bd081042-3fa7-4982-bc73-ac76f729272f?X-Amz-Algorithm=AWS4-HMAC-SHA256&X-Amz-Credential=releaseassetproduction%2F20250526%2Fus-east-1%2Fs3%2Faws4_request&X-Amz-Date=20250526T101514Z&X-Amz-Expires=300&X-Amz-Signature=a5993ea8bd2dac72f53d085e486d35e88481a4f44ce13b5ffa6ff3b3cee203e3&X-Amz-SignedHeaders=host&response-content-disposition=attachment%3B%20filename%3DUnciv.jar&response-content-type=application%2Foctet-stream
Resolving objects.githubusercontent.com (objects.githubusercontent.com)... 185.199.109.133, 185.199.110.133, 185.199.108.133, ...
Connecting to objects.githubusercontent.com (objects.githubusercontent.com)|185.199.109.133|:443... connected.
HTTP request sent, awaiting response... 200 OK
Length: 55257536 (53M) [application/octet-stream]
Saving to: ‘Unciv.jar’

     0K .......... .......... .......... .......... ..........  0%  746K 72s
    50K .......... .......... .......... .......... ..........  0%  913K 66s
   100K .......... .......... .......... .......... ..........  0% 3.98M 48s
   150K .......... .......... .......... .......... ..........  0% 1.29M 46s
   200K .......... .......... .......... .......... ..........  0% 5.02M 39s
   250K .......... .......... .......... .......... ..........  0% 6.49M 34s
   300K .......... .......... .......... .......... ..........  0% 5.09M 30s
   350K .......... .......... .......... .......... ..........  0% 4.19M 28s
   400K .......... .......... .......... .......... ..........  0% 2.28M 28s
   450K .......... .......... .......... .......... ..........  0% 5.30M 26s
   500K .......... .......... .......... .......... ..........  1% 6.64M 24s
   550K .......... .......... .......... .......... ..........  1% 6.54M 23s
   600K .......... .......... .......... .......... ..........  1%  625K 28s
   650K .......... .......... .......... .......... ..........  1% 10.4M 26s
   700K .......... .......... .......... .......... ..........  1% 11.0M 24s
   750K .......... .......... .......... .......... ..........  1% 10.5M 23s
   800K .......... .......... .......... .......... ..........  1% 9.88M 22s
   850K .......... .......... .......... .......... ..........  1% 10.9M 21s
   900K .......... .......... .......... .......... ..........  1%  458M 20s
   950K .......... .......... .......... .......... ..........  1%  479M 19s
  1000K .......... .......... .......... .......... ..........  1%  515M 18s
  1050K .......... .......... .......... .......... ..........  2% 2.42M 18s
  1100K .......... .......... .......... .......... ..........  2% 5.25M 18s
  1150K .......... .......... .......... .......... ..........  2% 5.31M 17s
  1200K .......... .......... .......... .......... ..........  2% 9.75M 17s
  1250K .......... .......... .......... .......... ..........  2%  675K 19s
  1300K .......... .......... .......... .......... ..........  2%  463M 19s
  1350K .......... .......... .......... .......... ..........  2%  464M 18s
  1400K .......... .......... .......... .......... ..........  2%  472M 17s
  1450K .......... .......... .......... .......... ..........  2% 11.2M 17s
  1500K .......... .......... .......... .......... ..........  2% 7.04M 17s
  1550K .......... .......... .......... .......... ..........  2% 6.55M 16s
  1600K .......... .......... .......... .......... ..........  3% 6.77M 16s
  1650K .......... .......... .......... .......... ..........  3%  356M 15s
  1700K .......... .......... .......... .......... ..........  3% 3.09M 15s
  1750K .......... .......... .......... .......... ..........  3% 10.8M 15s
  1800K .......... .......... .......... .......... ..........  3%  456M 15s
  1850K .......... .......... .......... .......... ..........  3%  443M 14s
  1900K .......... .......... .......... .......... ..........  3%  446M 14s
  1950K .......... .......... .......... .......... ..........  3%  340M 14s
  2000K .......... .......... .......... .......... ..........  3%  453M 13s
  2050K .......... .......... .......... .......... ..........  3%  425M 13s
  2100K .......... .......... .......... .......... ..........  3% 5.80M 13s
  2150K .......... .......... .......... .......... ..........  4% 7.19M 13s
  2200K .......... .......... .......... .......... ..........  4% 5.29M 13s
  2250K .......... .......... .......... .......... ..........  4% 6.72M 12s
  2300K .......... .......... .......... .......... ..........  4% 4.78M 12s
  2350K .......... .......... .......... .......... ..........  4% 4.24M 12s
  2400K .......... .......... .......... .......... ..........  4% 7.01M 12s
  2450K .......... .......... .......... .......... ..........  4% 5.26M 12s
  2500K .......... .......... .......... .......... ..........  4% 5.16M 12s
  2550K .......... .......... .......... .......... ..........  4% 6.89M 12s
  2600K .......... .......... .......... .......... ..........  4% 5.18M 12s
  2650K .......... .......... .......... .......... ..........  5% 6.54M 12s
  2700K .......... .......... .......... .......... ..........  5% 5.40M 12s
  2750K .......... .......... .......... .......... ..........  5% 4.12M 12s
  2800K .......... .......... .......... .......... ..........  5% 5.35M 12s
  2850K .......... .......... .......... .......... ..........  5% 6.70M 12s
  2900K .......... .......... .......... .......... ..........  5% 5.29M 12s
  2950K .......... .......... .......... .......... ..........  5% 6.70M 12s
  3000K .......... .......... .......... .......... ..........  5% 5.30M 12s
  3050K .......... .......... .......... .......... ..........  5% 5.12M 11s
  3100K .......... .......... .......... .......... ..........  5% 7.21M 11s
  3150K .......... .......... .......... .......... ..........  5% 3.72M 11s
  3200K .......... .......... .......... .......... ..........  6% 7.19M 11s
  3250K .......... .......... .......... .......... ..........  6% 5.15M 11s
  3300K .......... .......... .......... .......... ..........  6% 5.27M 11s
  3350K .......... .......... .......... .......... ..........  6% 6.96M 11s
  3400K .......... .......... .......... .......... ..........  6% 5.14M 11s
  3450K .......... .......... .......... .......... ..........  6% 6.75M 11s
  3500K .......... .......... .......... .......... ..........  6% 5.14M 11s
  3550K .......... .......... .......... .......... ..........  6% 4.01M 11s
  3600K .......... .......... .......... .......... ..........  6% 7.11M 11s
  3650K .......... .......... .......... .......... ..........  6% 5.26M 11s
  3700K .......... .......... .......... .......... ..........  6% 6.84M 11s
  3750K .......... .......... .......... .......... ..........  7% 5.19M 11s
  3800K .......... .......... .......... .......... ..........  7% 5.16M 11s
  3850K .......... .......... .......... .......... ..........  7% 5.41M 11s
  3900K .......... .......... .......... .......... ..........  7% 6.73M 11s
  3950K .......... .......... .......... .......... ..........  7% 4.24M 11s
  4000K .......... .......... .......... .......... ..........  7% 5.47M 11s
  4050K .......... .......... .......... .......... ..........  7% 6.77M 11s
  4100K .......... .......... .......... .......... ..........  7% 5.22M 11s
  4150K .......... .......... .......... .......... ..........  7% 5.32M 11s
  4200K .......... .......... .......... .......... ..........  7% 7.12M 11s
  4250K .......... .......... .......... .......... ..........  7% 5.42M 11s
  4300K .......... .......... .......... .......... ..........  8% 5.48M 10s
  4350K .......... .......... .......... .......... ..........  8% 3.98M 11s
  4400K .......... .......... .......... .......... ..........  8% 6.98M 10s
  4450K .......... .......... .......... .......... ..........  8% 5.29M 10s
  4500K .......... .......... .......... .......... ..........  8% 6.71M 10s
  4550K .......... .......... .......... .......... ..........  8% 5.44M 10s
  4600K .......... .......... .......... .......... ..........  8% 5.01M 10s
  4650K .......... .......... .......... .......... ..........  8% 6.47M 10s
  4700K .......... .......... .......... .......... ..........  8% 5.18M 10s
  4750K .......... .......... .......... .......... ..........  8% 5.34M 10s
  4800K .......... .......... .......... .......... ..........  8% 4.90M 10s
  4850K .......... .......... .......... .......... ..........  9% 5.24M 10s
  4900K .......... .......... .......... .......... ..........  9% 6.82M 10s
  4950K .......... .......... .......... .......... ..........  9% 5.36M 10s
  5000K .......... .......... .......... .......... ..........  9% 5.34M 10s
  5050K .......... .......... .......... .......... ..........  9% 7.13M 10s
  5100K .......... .......... .......... .......... ..........  9% 5.01M 10s
  5150K .......... .......... .......... .......... ..........  9% 4.09M 10s
  5200K .......... .......... .......... .......... ..........  9% 6.63M 10s
  5250K .......... .......... .......... .......... ..........  9% 5.13M 10s
  5300K .......... .......... .......... .......... ..........  9% 6.92M 10s
  5350K .......... .......... .......... .......... .......... 10% 4.87M 10s
  5400K .......... .......... .......... .......... .......... 10% 6.86M 10s
  5450K .......... .......... .......... .......... .......... 10% 6.10M 10s
  5500K .......... .......... .......... .......... .......... 10% 4.72M 10s
  5550K .......... .......... .......... .......... .......... 10% 4.96M 10s
  5600K .......... .......... .......... .......... .......... 10% 6.23M 10s
  5650K .......... .......... .......... .......... .......... 10% 4.78M 10s
  5700K .......... .......... .......... .......... .......... 10% 5.45M 10s
  5750K .......... .......... .......... .......... .......... 10% 6.13M 10s
  5800K .......... .......... .......... .......... .......... 10% 6.21M 10s
  5850K .......... .......... .......... .......... .......... 10% 5.03M 10s
  5900K .......... .......... .......... .......... .......... 11% 6.87M 10s
  5950K .......... .......... .......... .......... .......... 11% 4.36M 10s
  6000K .......... .......... .......... .......... .......... 11% 6.67M 10s
  6050K .......... .......... .......... .......... .......... 11% 4.92M 10s
  6100K .......... .......... .......... .......... .......... 11% 6.89M 10s
  6150K .......... .......... .......... .......... .......... 11% 5.16M 10s
  6200K .......... .......... .......... .......... .......... 11% 4.02M 10s
  6250K .......... .......... .......... .......... .......... 11% 7.21M 10s
  6300K .......... .......... .......... .......... .......... 11% 5.27M 10s
  6350K .......... .......... .......... .......... .......... 11% 6.77M 10s
  6400K .......... .......... .......... .......... .......... 11% 5.15M 10s
  6450K .......... .......... .......... .......... .......... 12% 5.26M 10s
  6500K .......... .......... .......... .......... .......... 12% 6.98M 9s
  6550K .......... .......... .......... .......... .......... 12% 5.57M 9s
  6600K .......... .......... .......... .......... .......... 12% 4.22M 9s
  6650K .......... .......... .......... .......... .......... 12% 5.36M 9s
  6700K .......... .......... .......... .......... .......... 12% 5.34M 9s
  6750K .......... .......... .......... .......... .......... 12% 6.58M 9s
  6800K .......... .......... .......... .......... .......... 12% 5.41M 9s
  6850K .......... .......... .......... .......... .......... 12% 5.25M 9s
  6900K .......... .......... .......... .......... .......... 12% 7.00M 9s
  6950K .......... .......... .......... .......... .......... 12% 5.30M 9s
  7000K .......... .......... .......... .......... .......... 13% 4.07M 9s
  7050K .......... .......... .......... .......... .......... 13% 6.52M 9s
  7100K .......... .......... .......... .......... .......... 13% 5.24M 9s
  7150K .......... .......... .......... .......... .......... 13% 6.80M 9s
  7200K .......... .......... .......... .......... .......... 13% 4.96M 9s
  7250K .......... .......... .......... .......... .......... 13% 5.74M 9s
  7300K .......... .......... .......... .......... .......... 13% 7.00M 9s
  7350K .......... .......... .......... .......... .......... 13% 5.25M 9s
  7400K .......... .......... .......... .......... .......... 13% 4.08M 9s
  7450K .......... .......... .......... .......... .......... 13% 6.96M 9s
  7500K .......... .......... .......... .......... .......... 13% 5.15M 9s
  7550K .......... .......... .......... .......... .......... 14% 5.36M 9s
  7600K .......... .......... .......... .......... .......... 14% 7.11M 9s
  7650K .......... .......... .......... .......... .......... 14% 4.77M 9s
  7700K .......... .......... .......... .......... .......... 14% 7.07M 9s
  7750K .......... .......... .......... .......... .......... 14% 5.38M 9s
  7800K .......... .......... .......... .......... .......... 14% 4.80M 9s
  7850K .......... .......... .......... .......... .......... 14% 5.21M 9s
  7900K .......... .......... .......... .......... .......... 14% 5.46M 9s
  7950K .......... .......... .......... .......... .......... 14% 5.13M 9s
  8000K .......... .......... .......... .......... .......... 14% 7.15M 9s
  8050K .......... .......... .......... .......... .......... 15% 5.37M 9s
  8100K .......... .......... .......... .......... .......... 15% 6.91M 9s
  8150K .......... .......... .......... .......... .......... 15% 4.09M 9s
  8200K .......... .......... .......... .......... .......... 15% 5.28M 9s
  8250K .......... .......... .......... .......... .......... 15% 7.11M 9s
  8300K .......... .......... .......... .......... .......... 15% 5.11M 9s
  8350K .......... .......... .......... .......... .......... 15% 4.84M 9s
  8400K .......... .......... .......... .......... .......... 15% 5.68M 9s
  8450K .......... .......... .......... .......... .......... 15% 7.19M 9s
  8500K .......... .......... .......... .......... .......... 15% 5.17M 9s
  8550K .......... .......... .......... .......... .......... 15% 4.22M 9s
  8600K .......... .......... .......... .......... .......... 16% 6.56M 9s
  8650K .......... .......... .......... .......... .......... 16% 4.99M 9s
  8700K .......... .......... .......... .......... .......... 16% 7.17M 9s
  8750K .......... .......... .......... .......... .......... 16% 5.15M 9s
  8800K .......... .......... .......... .......... .......... 16% 5.32M 9s
  8850K .......... .......... .......... .......... .......... 16% 6.70M 9s
  8900K .......... .......... .......... .......... .......... 16% 5.19M 9s
  8950K .......... .......... .......... .......... .......... 16% 4.93M 9s
  9000K .......... .......... .......... .......... .......... 16% 5.26M 9s
  9050K .......... .......... .......... .......... .......... 16% 5.30M 9s
  9100K .......... .......... .......... .......... .......... 16% 7.34M 9s
  9150K .......... .......... .......... .......... .......... 17% 4.97M 9s
  9200K .......... .......... .......... .......... .......... 17% 5.27M 9s
  9250K .......... .......... .......... .......... .......... 17% 7.09M 9s
  9300K .......... .......... .......... .......... .......... 17% 5.17M 9s
  9350K .......... .......... .......... .......... .......... 17% 4.18M 9s
  9400K .......... .......... .......... .......... .......... 17% 6.94M 9s
  9450K .......... .......... .......... .......... .......... 17% 5.65M 9s
  9500K .......... .......... .......... .......... .......... 17% 4.78M 9s
  9550K .......... .......... .......... .......... .......... 17% 7.54M 9s
  9600K .......... .......... .......... .......... .......... 17% 5.36M 9s
  9650K .......... .......... .......... .......... .......... 17% 5.34M 9s
  9700K .......... .......... .......... .......... .......... 18% 6.75M 9s
  9750K .......... .......... .......... .......... .......... 18% 4.34M 9s
  9800K .......... .......... .......... .......... .......... 18% 5.21M 8s
  9850K .......... .......... .......... .......... .......... 18% 5.10M 8s
  9900K .......... .......... .......... .......... .......... 18% 7.08M 8s
  9950K .......... .......... .......... .......... .......... 18% 4.90M 8s
 10000K .......... .......... .......... .......... .......... 18% 6.58M 8s
 10050K .......... .......... .......... .......... .......... 18% 4.93M 8s
 10100K .......... .......... .......... .......... .......... 18% 6.42M 8s
 10150K .......... .......... .......... .......... .......... 18% 4.25M 8s
 10200K .......... .......... .......... .......... .......... 18% 7.12M 8s
 10250K .......... .......... .......... .......... .......... 19% 6.77M 8s
 10300K .......... .......... .......... .......... .......... 19% 5.38M 8s
 10350K .......... .......... .......... .......... .......... 19% 4.38M 8s
 10400K .......... .......... .......... .......... .......... 19% 5.45M 8s
 10450K .......... .......... .......... .......... .......... 19% 4.86M 8s
 10500K .......... .......... .......... .......... .......... 19% 6.74M 8s
 10550K .......... .......... .......... .......... .......... 19% 5.62M 8s
 10600K .......... .......... .......... .......... .......... 19% 6.20M 8s
 10650K .......... .......... .......... .......... .......... 19% 6.32M 8s
 10700K .......... .......... .......... .......... .......... 19% 5.04M 8s
 10750K .......... .......... .......... .......... .......... 20% 4.06M 8s
 10800K .......... .......... .......... .......... .......... 20% 6.74M 8s
 10850K .......... .......... .......... .......... .......... 20% 5.24M 8s
 10900K .......... .......... .......... .......... .......... 20% 5.19M 8s
 10950K .......... .......... .......... .......... .......... 20% 7.16M 8s
 11000K .......... .......... .......... .......... .......... 20% 5.31M 8s
 11050K .......... .......... .......... .......... .......... 20% 6.92M 8s
 11100K .......... .......... .......... .......... .......... 20% 4.92M 8s
 11150K .......... .......... .......... .......... .......... 20% 4.24M 8s
 11200K .......... .......... .......... .......... .......... 20% 7.22M 8s
 11250K .......... .......... .......... .......... .......... 20% 5.16M 8s
 11300K .......... .......... .......... .......... .......... 21% 5.03M 8s
 11350K .......... .......... .......... .......... .......... 21% 7.35M 8s
 11400K .......... .......... .......... .......... .......... 21% 5.37M 8s
 11450K .......... .......... .......... .......... .......... 21% 5.09M 8s
 11500K .......... .......... .......... .......... .......... 21% 7.03M 8s
 11550K .......... .......... .......... .......... .......... 21% 4.09M 8s
 11600K .......... .......... .......... .......... .......... 21% 5.12M 8s
 11650K .......... .......... .......... .......... .......... 21% 7.24M 8s
 11700K .......... .......... .......... .......... .......... 21% 4.89M 8s
 11750K .......... .......... .......... .......... .......... 21% 5.40M 8s
 11800K .......... .......... .......... .......... .......... 21% 6.00M 8s
 11850K .......... .......... .......... .......... .......... 22% 5.58M 8s
 11900K .......... .......... .......... .......... .......... 22% 6.58M 8s
 11950K .......... .......... .......... .......... .......... 22% 4.18M 8s
 12000K .......... .......... .......... .......... .......... 22% 5.35M 8s
 12050K .......... .......... .......... .......... .......... 22% 7.01M 8s
 12100K .......... .......... .......... .......... .......... 22% 5.34M 8s
 12150K .......... .......... .......... .......... .......... 22% 5.18M 8s
 12200K .......... .......... .......... .......... .......... 22% 6.72M 8s
 12250K .......... .......... .......... .......... .......... 22% 5.63M 8s
 12300K .......... .......... .......... .......... .......... 22% 5.19M 8s
 12350K .......... .......... .......... .......... .......... 22% 3.95M 8s
 12400K .......... .......... .......... .......... .......... 23% 8.28M 8s
 12450K .......... .......... .......... .......... .......... 23% 5.12M 8s
 12500K .......... .......... .......... .......... .......... 23% 5.36M 8s
 12550K .......... .......... .......... .......... .......... 23% 6.54M 8s
 12600K .......... .......... .......... .......... .......... 23% 5.14M 8s
 12650K .......... .......... .......... .......... .......... 23% 6.88M 8s
 12700K .......... .......... .......... .......... .......... 23% 5.15M 8s
 12750K .......... .......... .......... .......... .......... 23% 4.28M 8s
 12800K .......... .......... .......... .......... .......... 23% 5.42M 8s
 12850K .......... .......... .......... .......... .......... 23% 6.88M 8s
 12900K .......... .......... .......... .......... .......... 23% 5.31M 8s
 12950K .......... .......... .......... .......... .......... 24% 5.41M 8s
 13000K .......... .......... .......... .......... .......... 24% 7.11M 8s
 13050K .......... .......... .......... .......... .......... 24% 5.09M 8s
 13100K .......... .......... .......... .......... .......... 24% 7.00M 8s
 13150K .......... .......... .......... .......... .......... 24% 4.04M 8s
 13200K .......... .......... .......... .......... .......... 24% 5.27M 8s
 13250K .......... .......... .......... .......... .......... 24% 6.72M 8s
 13300K .......... .......... .......... .......... .......... 24% 5.28M 8s
 13350K .......... .......... .......... .......... .......... 24% 5.20M 8s
 13400K .......... .......... .......... .......... .......... 24% 6.72M 8s
 13450K .......... .......... .......... .......... .......... 25% 5.28M 8s
 13500K .......... .......... .......... .......... .......... 25% 4.87M 8s
 13550K .......... .......... .......... .......... .......... 25% 5.48M 8s
 13600K .......... .......... .......... .......... .......... 25% 5.25M 8s
 13650K .......... .......... .......... .......... .......... 25% 5.29M 8s
 13700K .......... .......... .......... .......... .......... 25% 6.81M 8s
 13750K .......... .......... .......... .......... .......... 25% 5.46M 8s
 13800K .......... .......... .......... .......... .......... 25% 5.11M 8s
 13850K .......... .......... .......... .......... .......... 25% 7.15M 8s
 13900K .......... .......... .......... .......... .......... 25% 5.31M 8s
 13950K .......... .......... .......... .......... .......... 25% 4.69M 8s
 14000K .......... .......... .......... .......... .......... 26% 5.26M 7s
 14050K .......... .......... .......... .......... .......... 26% 5.07M 7s
 14100K .......... .......... .......... .......... .......... 26% 7.01M 7s
 14150K .......... .......... .......... .......... .......... 26% 5.27M 7s
 14200K .......... .......... .......... .......... .......... 26% 5.30M 7s
 14250K .......... .......... .......... .......... .......... 26% 6.87M 7s
 14300K .......... .......... .......... .......... .......... 26% 4.93M 7s
 14350K .......... .......... .......... .......... .......... 26% 4.32M 7s
 14400K .......... .......... .......... .......... .......... 26% 6.30M 7s
 14450K .......... .......... .......... .......... .......... 26% 5.43M 7s
 14500K .......... .......... .......... .......... .......... 26% 6.40M 7s
 14550K .......... .......... .......... .......... .......... 27% 6.58M 7s
 14600K .......... .......... .......... .......... .......... 27% 4.78M 7s
 14650K .......... .......... .......... .......... .......... 27% 6.05M 7s
 14700K .......... .......... .......... .......... .......... 27% 5.66M 7s
 14750K .......... .......... .......... .......... .......... 27% 4.25M 7s
 14800K .......... .......... .......... .......... .......... 27% 6.90M 7s
 14850K .......... .......... .......... .......... .......... 27% 5.10M 7s
 14900K .......... .......... .......... .......... .......... 27% 5.24M 7s
 14950K .......... .......... .......... .......... .......... 27% 6.77M 7s
 15000K .......... .......... .......... .......... .......... 27% 5.30M 7s
 15050K .......... .......... .......... .......... .......... 27% 6.77M 7s
 15100K .......... .......... .......... .......... .......... 28% 5.23M 7s
 15150K .......... .......... .......... .......... .......... 28% 4.27M 7s
 15200K .......... .......... .......... .......... .......... 28% 4.75M 7s
 15250K .......... .......... .......... .......... .......... 28% 7.61M 7s
 15300K .......... .......... .......... .......... .......... 28% 5.00M 7s
 15350K .......... .......... .......... .......... .......... 28% 6.96M 7s
 15400K .......... .......... .......... .......... .......... 28% 5.30M 7s
 15450K .......... .......... .......... .......... .......... 28% 5.49M 7s
 15500K .......... .......... .......... .......... .......... 28% 6.86M 7s
 15550K .......... .......... .......... .......... .......... 28% 4.33M 7s
 15600K .......... .......... .......... .......... .......... 29% 5.29M 7s
 15650K .......... .......... .......... .......... .......... 29% 5.15M 7s
 15700K .......... .......... .......... .......... .......... 29% 7.21M 7s
 15750K .......... .......... .......... .......... .......... 29% 5.28M 7s
 15800K .......... .......... .......... .......... .......... 29% 5.42M 7s
 15850K .......... .......... .......... .......... .......... 29% 6.52M 7s
 15900K .......... .......... .......... .......... .......... 29% 5.11M 7s
 15950K .......... .......... .......... .......... .......... 29% 5.18M 7s
 16000K .......... .......... .......... .......... .......... 29% 4.43M 7s
 16050K .......... .......... .......... .......... .......... 29% 7.19M 7s
 16100K .......... .......... .......... .......... .......... 29% 5.21M 7s
 16150K .......... .......... .......... .......... .......... 30% 5.27M 7s
 16200K .......... .......... .......... .......... .......... 30% 6.86M 7s
 16250K .......... .......... .......... .......... .......... 30% 5.12M 7s
 16300K .......... .......... .......... .......... .......... 30% 6.56M 7s
 16350K .......... .......... .......... .......... .......... 30% 3.80M 7s
 16400K .......... .......... .......... .......... .......... 30% 5.98M 7s
 16450K .......... .......... .......... .......... .......... 30% 6.67M 7s
 16500K .......... .......... .......... .......... .......... 30% 5.28M 7s
 16550K .......... .......... .......... .......... .......... 30% 6.69M 7s
 16600K .......... .......... .......... .......... .......... 30% 5.31M 7s
 16650K .......... .......... .......... .......... .......... 30% 5.30M 7s
 16700K .......... .......... .......... .......... .......... 31% 6.99M 7s
 16750K .......... .......... .......... .......... .......... 31% 4.17M 7s
 16800K .......... .......... .......... .......... .......... 31% 5.28M 7s
 16850K .......... .......... .......... .......... .......... 31% 6.66M 7s
 16900K .......... .......... .......... .......... .......... 31% 5.15M 7s
 16950K .......... .......... .......... .......... .......... 31% 5.17M 7s
 17000K .......... .......... .......... .......... .......... 31% 7.70M 7s
 17050K .......... .......... .......... .......... .......... 31% 5.32M 7s
 17100K .......... .......... .......... .......... .......... 31% 5.13M 7s
 17150K .......... .......... .......... .......... .......... 31% 4.26M 7s
 17200K .......... .......... .......... .......... .......... 31% 6.98M 7s
 17250K .......... .......... .......... .......... .......... 32% 5.12M 7s
 17300K .......... .......... .......... .......... .......... 32% 6.76M 7s
 17350K .......... .......... .......... .......... .......... 32% 5.12M 7s
 17400K .......... .......... .......... .......... .......... 32% 5.05M 7s
 17450K .......... .......... .......... .......... .......... 32% 6.90M 7s
 17500K .......... .......... .......... .......... .......... 32% 4.87M 7s
 17550K .......... .......... .......... .......... .......... 32% 4.36M 7s
 17600K .......... .......... .......... .......... .......... 32% 7.13M 7s
 17650K .......... .......... .......... .......... .......... 32% 4.98M 7s
 17700K .......... .......... .......... .......... .......... 32% 6.95M 7s
 17750K .......... .......... .......... .......... .......... 32% 5.01M 7s
 17800K .......... .......... .......... .......... .......... 33% 5.60M 7s
 17850K .......... .......... .......... .......... .......... 33% 6.52M 7s
 17900K .......... .......... .......... .......... .......... 33% 5.16M 7s
 17950K .......... .......... .......... .......... .......... 33% 5.02M 7s
 18000K .......... .......... .......... .......... .......... 33% 4.75M 7s
 18050K .......... .......... .......... .......... .......... 33% 6.78M 7s
 18100K .......... .......... .......... .......... .......... 33% 4.81M 7s
 18150K .......... .......... .......... .......... .......... 33% 6.78M 7s
 18200K .......... .......... .......... .......... .......... 33% 5.56M 7s
 18250K .......... .......... .......... .......... .......... 33% 6.28M 7s
 18300K .......... .......... .......... .......... .......... 34% 5.06M 7s
 18350K .......... .......... .......... .......... .......... 34% 4.89M 7s
 18400K .......... .......... .......... .......... .......... 34% 4.88M 7s
 18450K .......... .......... .......... .......... .......... 34% 6.95M 7s
 18500K .......... .......... .......... .......... .......... 34% 5.31M 7s
 18550K .......... .......... .......... .......... .......... 34% 5.31M 7s
 18600K .......... .......... .......... .......... .......... 34% 6.97M 7s
 18650K .......... .......... .......... .......... .......... 34% 5.23M 7s
 18700K .......... .......... .......... .......... .......... 34% 5.30M 7s
 18750K .......... .......... .......... .......... .......... 34% 5.16M 7s
 18800K .......... .......... .......... .......... .......... 34% 4.84M 7s
 18850K .......... .......... .......... .......... .......... 35% 5.17M 6s
 18900K .......... .......... .......... .......... .......... 35% 6.75M 6s
 18950K .......... .......... .......... .......... .......... 35% 5.00M 6s
 19000K .......... .......... .......... .......... .......... 35% 6.39M 6s
 19050K .......... .......... .......... .......... .......... 35% 6.98M 6s
 19100K .......... .......... .......... .......... .......... 35% 4.67M 6s
 19150K .......... .......... .......... .......... .......... 35% 4.81M 6s
 19200K .......... .......... .......... .......... .......... 35% 4.74M 6s
 19250K .......... .......... .......... .......... .......... 35% 7.52M 6s
 19300K .......... .......... .......... .......... .......... 35% 5.31M 6s
 19350K .......... .......... .......... .......... .......... 35% 5.26M 6s
 19400K .......... .......... .......... .......... .......... 36% 6.61M 6s
 19450K .......... .......... .......... .......... .......... 36% 5.12M 6s
 19500K .......... .......... .......... .......... .......... 36% 7.09M 6s
 19550K .......... .......... .......... .......... .......... 36% 5.04M 6s
 19600K .......... .......... .......... .......... .......... 36% 5.04M 6s
 19650K .......... .......... .......... .......... .......... 36% 6.94M 6s
 19700K .......... .......... .......... .......... .......... 36% 5.13M 6s
 19750K .......... .......... .......... .......... .......... 36% 4.14M 6s
 19800K .......... .......... .......... .......... .......... 36% 6.59M 6s
 19850K .......... .......... .......... .......... .......... 36% 4.54M 6s
 19900K .......... .......... .......... .......... .......... 36% 6.35M 6s
 19950K .......... .......... .......... .......... .......... 37% 6.27M 6s
 20000K .......... .......... .......... .......... .......... 37% 5.24M 6s
 20050K .......... .......... .......... .......... .......... 37% 6.37M 6s
 20100K .......... .......... .......... .......... .......... 37% 6.53M 6s
 20150K .......... .......... .......... .......... .......... 37% 4.25M 6s
 20200K .......... .......... .......... .......... .......... 37% 5.07M 6s
 20250K .......... .......... .......... .......... .......... 37% 5.40M 6s
 20300K .......... .......... .......... .......... .......... 37% 6.81M 6s
 20350K .......... .......... .......... .......... .......... 37% 4.65M 6s
 20400K .......... .......... .......... .......... .......... 37% 7.34M 6s
 20450K .......... .......... .......... .......... .......... 37% 5.42M 6s
 20500K .......... .......... .......... .......... .......... 38% 5.13M 6s
 20550K .......... .......... .......... .......... .......... 38% 5.38M 6s
 20600K .......... .......... .......... .......... .......... 38% 5.37M 6s
 20650K .......... .......... .......... .......... .......... 38% 6.98M 6s
 20700K .......... .......... .......... .......... .......... 38% 5.05M 6s
 20750K .......... .......... .......... .......... .......... 38% 4.13M 6s
 20800K .......... .......... .......... .......... .......... 38% 7.10M 6s
 20850K .......... .......... .......... .......... .......... 38% 5.31M 6s
 20900K .......... .......... .......... .......... .......... 38% 6.69M 6s
 20950K .......... .......... .......... .......... .......... 38% 5.00M 6s
 21000K .......... .......... .......... .......... .......... 39% 6.51M 6s
 21050K .......... .......... .......... .......... .......... 39% 5.17M 6s
 21100K .......... .......... .......... .......... .......... 39% 5.13M 6s
 21150K .......... .......... .......... .......... .......... 39% 5.08M 6s
 21200K .......... .......... .......... .......... .......... 39% 5.33M 6s
 21250K .......... .......... .......... .......... .......... 39% 6.63M 6s
 21300K .......... .......... .......... .......... .......... 39% 4.89M 6s
 21350K .......... .......... .......... .......... .......... 39% 6.57M 6s
 21400K .......... .......... .......... .......... .......... 39% 4.92M 6s
 21450K .......... .......... .......... .......... .......... 39% 7.18M 6s
 21500K .......... .......... .......... .......... .......... 39% 4.78M 6s
 21550K .......... .......... .......... .......... .......... 40% 4.45M 6s
 21600K .......... .......... .......... .......... .......... 40% 6.67M 6s
 21650K .......... .......... .......... .......... .......... 40% 5.29M 6s
 21700K .......... .......... .......... .......... .......... 40% 6.66M 6s
 21750K .......... .......... .......... .......... .......... 40% 5.26M 6s
 21800K .......... .......... .......... .......... .......... 40% 6.32M 6s
 21850K .......... .......... .......... .......... .......... 40% 5.10M 6s
 21900K .......... .......... .......... .......... .......... 40% 5.12M 6s
 21950K .......... .......... .......... .......... .......... 40% 4.26M 6s
 22000K .......... .......... .......... .......... .......... 40% 6.94M 6s
 22050K .......... .......... .......... .......... .......... 40% 5.10M 6s
 22100K .......... .......... .......... .......... .......... 41% 5.47M 6s
 22150K .......... .......... .......... .......... .......... 41% 7.03M 6s
 22200K .......... .......... .......... .......... .......... 41% 5.37M 6s
 22250K .......... .......... .......... .......... .......... 41% 5.35M 6s
 22300K .......... .......... .......... .......... .......... 41% 6.48M 6s
 22350K .......... .......... .......... .......... .......... 41% 4.01M 6s
 22400K .......... .......... .......... .......... .......... 41% 6.66M 6s
 22450K .......... .......... .......... .......... .......... 41% 5.26M 6s
 22500K .......... .......... .......... .......... .......... 41% 6.35M 6s
 22550K .......... .......... .......... .......... .......... 41% 5.08M 6s
 22600K .......... .......... .......... .......... .......... 41% 5.28M 6s
 22650K .......... .......... .......... .......... .......... 42% 6.52M 6s
 22700K .......... .......... .......... .......... .......... 42% 5.40M 6s
 22750K .......... .......... .......... .......... .......... 42% 4.76M 6s
 22800K .......... .......... .......... .......... .......... 42% 4.90M 6s
 22850K .......... .......... .......... .......... .......... 42% 7.05M 6s
 22900K .......... .......... .......... .......... .......... 42% 4.88M 6s
 22950K .......... .......... .......... .......... .......... 42% 6.75M 6s
 23000K .......... .......... .......... .......... .......... 42% 5.53M 6s
 23050K .......... .......... .......... .......... .......... 42% 6.88M 6s
 23100K .......... .......... .......... .......... .......... 42% 5.43M 6s
 23150K .......... .......... .......... .......... .......... 42% 4.08M 6s
 23200K .......... .......... .......... .......... .......... 43% 4.93M 6s
 23250K .......... .......... .......... .......... .......... 43% 8.04M 6s
 23300K .......... .......... .......... .......... .......... 43% 5.09M 6s
 23350K .......... .......... .......... .......... .......... 43% 5.13M 6s
 23400K .......... .......... .......... .......... .......... 43% 7.20M 6s
 23450K .......... .......... .......... .......... .......... 43% 5.24M 6s
 23500K .......... .......... .......... .......... .......... 43% 5.35M 6s
 23550K .......... .......... .......... .......... .......... 43% 4.15M 6s
 23600K .......... .......... .......... .......... .......... 43% 6.77M 6s
 23650K .......... .......... .......... .......... .......... 43% 6.48M 6s
 23700K .......... .......... .......... .......... .......... 44% 5.34M 6s
 23750K .......... .......... .......... .......... .......... 44% 5.29M 6s
 23800K .......... .......... .......... .......... .......... 44% 6.91M 6s
 23850K .......... .......... .......... .......... .......... 44% 5.23M 6s
 23900K .......... .......... .......... .......... .......... 44% 5.13M 6s
 23950K .......... .......... .......... .......... .......... 44% 4.25M 5s
 24000K .......... .......... .......... .......... .......... 44% 6.98M 5s
 24050K .......... .......... .......... .......... .......... 44% 5.20M 5s
 24100K .......... .......... .......... .......... .......... 44% 7.12M 5s
 24150K .......... .......... .......... .......... .......... 44% 5.03M 5s
 24200K .......... .......... .......... .......... .......... 44% 5.09M 5s
 24250K .......... .......... .......... .......... .......... 45% 7.15M 5s
 24300K .......... .......... .......... .......... .......... 45% 5.14M 5s
 24350K .......... .......... .......... .......... .......... 45% 4.06M 5s
 24400K .......... .......... .......... .......... .......... 45% 7.27M 5s
 24450K .......... .......... .......... .......... .......... 45% 5.08M 5s
 24500K .......... .......... .......... .......... .......... 45% 6.76M 5s
 24550K .......... .......... .......... .......... .......... 45% 5.40M 5s
 24600K .......... .......... .......... .......... .......... 45% 5.17M 5s
 24650K .......... .......... .......... .......... .......... 45% 7.32M 5s
 24700K .......... .......... .......... .......... .......... 45% 4.96M 5s
 24750K .......... .......... .......... .......... .......... 45% 4.18M 5s
 24800K .......... .......... .......... .......... .......... 46% 6.92M 5s
 24850K .......... .......... .......... .......... .......... 46% 5.06M 5s
 24900K .......... .......... .......... .......... .......... 46% 7.00M 5s
 24950K .......... .......... .......... .......... .......... 46% 4.86M 5s
 25000K .......... .......... .......... .......... .......... 46% 6.27M 5s
 25050K .......... .......... .......... .......... .......... 46% 5.24M 5s
 25100K .......... .......... .......... .......... .......... 46% 5.17M 5s
 25150K .......... .......... .......... .......... .......... 46% 5.44M 5s
 25200K .......... .......... .......... .......... .......... 46% 5.12M 5s
 25250K .......... .......... .......... .......... .......... 46% 5.19M 5s
 25300K .......... .......... .......... .......... .......... 46% 6.74M 5s
 25350K .......... .......... .......... .......... .......... 47% 6.37M 5s
 25400K .......... .......... .......... .......... .......... 47% 5.17M 5s
 25450K .......... .......... .......... .......... .......... 47% 5.15M 5s
 25500K .......... .......... .......... .......... .......... 47% 7.30M 5s
 25550K .......... .......... .......... .......... .......... 47% 4.06M 5s
 25600K .......... .......... .......... .......... .......... 47% 5.44M 5s
 25650K .......... .......... .......... .......... .......... 47% 5.16M 5s
 25700K .......... .......... .......... .......... .......... 47% 6.86M 5s
 25750K .......... .......... .......... .......... .......... 47% 5.34M 5s
 25800K .......... .......... .......... .......... .......... 47% 6.70M 5s
 25850K .......... .......... .......... .......... .......... 47% 5.12M 5s
 25900K .......... .......... .......... .......... .......... 48% 5.28M 5s
 25950K .......... .......... .......... .......... .......... 48% 4.92M 5s
 26000K .......... .......... .......... .......... .......... 48% 5.36M 5s
 26050K .......... .......... .......... .......... .......... 48% 6.47M 5s
 26100K .......... .......... .......... .......... .......... 48% 5.12M 5s
 26150K .......... .......... .......... .......... .......... 48% 5.12M 5s
 26200K .......... .......... .......... .......... .......... 48% 7.18M 5s
 26250K .......... .......... .......... .......... .......... 48% 5.29M 5s
 26300K .......... .......... .......... .......... .......... 48% 5.29M 5s
 26350K .......... .......... .......... .......... .......... 48% 4.39M 5s
 26400K .......... .......... .......... .......... .......... 49% 6.87M 5s
 26450K .......... .......... .......... .......... .......... 49% 5.13M 5s
 26500K .......... .......... .......... .......... .......... 49% 5.27M 5s
 26550K .......... .......... .......... .......... .......... 49% 7.02M 5s
 26600K .......... .......... .......... .......... .......... 49% 5.24M 5s
 26650K .......... .......... .......... .......... .......... 49% 7.37M 5s
 26700K .......... .......... .......... .......... .......... 49% 4.85M 5s
 26750K .......... .......... .......... .......... .......... 49% 4.21M 5s
 26800K .......... .......... .......... .......... .......... 49% 6.29M 5s
 26850K .......... .......... .......... .......... .......... 49% 5.10M 5s
 26900K .......... .......... .......... .......... .......... 49% 6.53M 5s
 26950K .......... .......... .......... .......... .......... 50% 5.12M 5s
 27000K .......... .......... .......... .......... .......... 50% 6.96M 5s
 27050K .......... .......... .......... .......... .......... 50% 4.99M 5s
 27100K .......... .......... .......... .......... .......... 50% 6.65M 5s
 27150K .......... .......... .......... .......... .......... 50% 4.07M 5s
 27200K .......... .......... .......... .......... .......... 50% 5.25M 5s
 27250K .......... .......... .......... .......... .......... 50% 7.00M 5s
 27300K .......... .......... .......... .......... .......... 50% 5.10M 5s
 27350K .......... .......... .......... .......... .......... 50% 5.45M 5s
 27400K .......... .......... .......... .......... .......... 50% 6.85M 5s
 27450K .......... .......... .......... .......... .......... 50% 5.34M 5s
 27500K .......... .......... .......... .......... .......... 51% 5.29M 5s
 27550K .......... .......... .......... .......... .......... 51% 5.08M 5s
 27600K .......... .......... .......... .......... .......... 51% 5.39M 5s
 27650K .......... .......... .......... .......... .......... 51% 6.11M 5s
 27700K .......... .......... .......... .......... .......... 51% 5.29M 5s
 27750K .......... .......... .......... .......... .......... 51% 6.47M 5s
 27800K .......... .......... .......... .......... .......... 51% 4.91M 5s
 27850K .......... .......... .......... .......... .......... 51% 5.59M 5s
 27900K .......... .......... .......... .......... .......... 51% 6.99M 5s
 27950K .......... .......... .......... .......... .......... 51% 3.93M 5s
 28000K .......... .......... .......... .......... .......... 51% 5.35M 5s
 28050K .......... .......... .......... .......... .......... 52% 6.52M 5s
 28100K .......... .......... .......... .......... .......... 52% 5.27M 5s
 28150K .......... .......... .......... .......... .......... 52% 6.98M 5s
 28200K .......... .......... .......... .......... .......... 52% 5.11M 5s
 28250K .......... .......... .......... .......... .......... 52% 7.06M 5s
 28300K .......... .......... .......... .......... .......... 52% 4.14M 5s
 28350K .......... .......... .......... .......... .......... 52% 4.92M 5s
 28400K .......... .......... .......... .......... .......... 52% 7.09M 5s
 28450K .......... .......... .......... .......... .......... 52% 5.19M 5s
 28500K .......... .......... .......... .......... .......... 52% 5.33M 5s
 28550K .......... .......... .......... .......... .......... 52% 7.11M 5s
 28600K .......... .......... .......... .......... .......... 53% 5.31M 5s
 28650K .......... .......... .......... .......... .......... 53% 5.31M 5s
 28700K .......... .......... .......... .......... .......... 53% 4.27M 5s
 28750K .......... .......... .......... .......... .......... 53% 6.97M 5s
 28800K .......... .......... .......... .......... .......... 53% 5.12M 5s
 28850K .......... .......... .......... .......... .......... 53% 6.95M 5s
 28900K .......... .......... .......... .......... .......... 53% 5.18M 5s
 28950K .......... .......... .......... .......... .......... 53% 5.03M 5s
 29000K .......... .......... .......... .......... .......... 53% 7.28M 5s
 29050K .......... .......... .......... .......... .......... 53% 4.88M 5s
 29100K .......... .......... .......... .......... .......... 54% 5.24M 5s
 29150K .......... .......... .......... .......... .......... 54% 4.93M 5s
 29200K .......... .......... .......... .......... .......... 54% 5.27M 5s
 29250K .......... .......... .......... .......... .......... 54% 6.74M 4s
 29300K .......... .......... .......... .......... .......... 54% 4.80M 4s
 29350K .......... .......... .......... .......... .......... 54% 6.98M 4s
 29400K .......... .......... .......... .......... .......... 54% 5.29M 4s
 29450K .......... .......... .......... .......... .......... 54% 7.02M 4s
 29500K .......... .......... .......... .......... .......... 54% 4.14M 4s
 29550K .......... .......... .......... .......... .......... 54% 5.35M 4s
 29600K .......... .......... .......... .......... .......... 54% 6.91M 4s
 29650K .......... .......... .......... .......... .......... 55% 4.85M 4s
 29700K .......... .......... .......... .......... .......... 55% 5.24M 4s
 29750K .......... .......... .......... .......... .......... 55% 7.03M 4s
 29800K .......... .......... .......... .......... .......... 55% 5.13M 4s
 29850K .......... .......... .......... .......... .......... 55% 5.29M 4s
 29900K .......... .......... .......... .......... .......... 55% 5.15M 4s
 29950K .......... .......... .......... .......... .......... 55% 5.17M 4s
 30000K .......... .......... .......... .......... .......... 55% 6.74M 4s
 30050K .......... .......... .......... .......... .......... 55% 5.14M 4s
 30100K .......... .......... .......... .......... .......... 55% 5.42M 4s
 30150K .......... .......... .......... .......... .......... 55% 6.80M 4s
 30200K .......... .......... .......... .......... .......... 56% 4.12M 4s
 30250K .......... .......... .......... .......... .......... 56% 5.39M 4s
 30300K .......... .......... .......... .......... .......... 56% 6.99M 4s
 30350K .......... .......... .......... .......... .......... 56% 5.14M 4s
 30400K .......... .......... .......... .......... .......... 56% 6.74M 4s
 30450K .......... .......... .......... .......... .......... 56% 4.95M 4s
 30500K .......... .......... .......... .......... .......... 56% 6.67M 4s
 30550K .......... .......... .......... .......... .......... 56% 5.22M 4s
 30600K .......... .......... .......... .......... .......... 56% 4.08M 4s
 30650K .......... .......... .......... .......... .......... 56% 6.67M 4s
 30700K .......... .......... .......... .......... .......... 56% 7.09M 4s
 30750K .......... .......... .......... .......... .......... 57% 4.18M 4s
 30800K .......... .......... .......... .......... .......... 57% 5.29M 4s
 30850K .......... .......... .......... .......... .......... 57% 7.19M 4s
 30900K .......... .......... .......... .......... .......... 57% 5.25M 4s
 30950K .......... .......... .......... .......... .......... 57% 1.54M 4s
 31000K .......... .......... .......... .......... .......... 57% 4.65M 4s
 31050K .......... .......... .......... .......... .......... 57% 5.42M 4s
 31100K .......... .......... .......... .......... .......... 57% 7.01M 4s
 31150K .......... .......... .......... .......... .......... 57% 4.24M 4s
 31200K .......... .......... .......... .......... .......... 57% 5.31M 4s
 31250K .......... .......... .......... .......... .......... 58% 1.65M 4s
 31300K .......... .......... .......... .......... .......... 58% 6.68M 4s
 31350K .......... .......... .......... .......... .......... 58% 5.50M 4s
 31400K .......... .......... .......... .......... .......... 58% 4.92M 4s
 31450K .......... .......... .......... .......... .......... 58% 5.17M 4s
 31500K .......... .......... .......... .......... .......... 58% 5.42M 4s
 31550K .......... .......... .......... .......... .......... 58%  724K 4s
 31600K .......... .......... .......... .......... .......... 58% 17.9M 4s
 31650K .......... .......... .......... .......... .......... 58% 19.1M 4s
 31700K .......... .......... .......... .......... .......... 58%  462M 4s
 31750K .......... .......... .......... .......... .......... 58%  464M 4s
 31800K .......... .......... .......... .......... .......... 59%  316M 4s
 31850K .......... .......... .......... .......... .......... 59%  411M 4s
 31900K .......... .......... .......... .......... .......... 59%  222M 4s
 31950K .......... .......... .......... .......... .......... 59% 7.08M 4s
 32000K .......... .......... .......... .......... .......... 59% 4.35M 4s
 32050K .......... .......... .......... .......... .......... 59% 4.00M 4s
 32100K .......... .......... .......... .......... .......... 59% 5.28M 4s
 32150K .......... .......... .......... .......... .......... 59% 6.49M 4s
 32200K .......... .......... .......... .......... .......... 59% 5.41M 4s
 32250K .......... .......... .......... .......... .......... 59% 4.98M 4s
 32300K .......... .......... .......... .......... .......... 59% 3.32M 4s
 32350K .......... .......... .......... .......... .......... 60% 3.81M 4s
 32400K .......... .......... .......... .......... .......... 60% 6.77M 4s
 32450K .......... .......... .......... .......... .......... 60% 5.12M 4s
 32500K .......... .......... .......... .......... .......... 60% 6.76M 4s
 32550K .......... .......... .......... .......... .......... 60% 4.01M 4s
 32600K .......... .......... .......... .......... .......... 60% 3.73M 4s
 32650K .......... .......... .......... .......... .......... 60% 4.63M 4s
 32700K .......... .......... .......... .......... .......... 60% 5.15M 4s
 32750K .......... .......... .......... .......... .......... 60% 6.90M 4s
 32800K .......... .......... .......... .......... .......... 60% 5.08M 4s
 32850K .......... .......... .......... .......... .......... 60% 5.03M 4s
 32900K .......... .......... .......... .......... .......... 61% 3.90M 4s
 32950K .......... .......... .......... .......... .......... 61% 3.96M 4s
 33000K .......... .......... .......... .......... .......... 61% 5.11M 4s
 33050K .......... .......... .......... .......... .......... 61% 6.96M 4s
 33100K .......... .......... .......... .......... .......... 61% 6.64M 4s
 33150K .......... .......... .......... .......... .......... 61% 3.83M 4s
 33200K .......... .......... .......... .......... .......... 61% 3.58M 4s
 33250K .......... .......... .......... .......... .......... 61% 6.12M 4s
 33300K .......... .......... .......... .......... .......... 61% 5.08M 4s
 33350K .......... .......... .......... .......... .......... 61% 6.78M 4s
 33400K .......... .......... .......... .......... .......... 61% 4.74M 4s
 33450K .......... .......... .......... .......... .......... 62% 4.35M 4s
 33500K .......... .......... .......... .......... .......... 62% 6.05M 4s
 33550K .......... .......... .......... .......... .......... 62% 4.51M 4s
 33600K .......... .......... .......... .......... .......... 62% 3.88M 4s
 33650K .......... .......... .......... .......... .......... 62% 7.96M 4s
 33700K .......... .......... .......... .......... .......... 62% 5.12M 4s
 33750K .......... .......... .......... .......... .......... 62% 4.21M 4s
 33800K .......... .......... .......... .......... .......... 62% 4.98M 4s
 33850K .......... .......... .......... .......... .......... 62% 4.99M 4s
 33900K .......... .......... .......... .......... .......... 62% 4.34M 4s
 33950K .......... .......... .......... .......... .......... 63% 6.71M 4s
 34000K .......... .......... .......... .......... .......... 63% 5.00M 4s
 34050K .......... .......... .......... .......... .......... 63% 5.34M 4s
 34100K .......... .......... .......... .......... .......... 63% 5.12M 4s
 34150K .......... .......... .......... .......... .......... 63% 4.08M 4s
 34200K .......... .......... .......... .......... .......... 63% 6.92M 4s
 34250K .......... .......... .......... .......... .......... 63% 5.29M 4s
 34300K .......... .......... .......... .......... .......... 63% 4.12M 4s
 34350K .......... .......... .......... .......... .......... 63% 4.46M 4s
 34400K .......... .......... .......... .......... .......... 63% 6.16M 4s
 34450K .......... .......... .......... .......... .......... 63% 5.40M 4s
 34500K .......... .......... .......... .......... .......... 64% 4.82M 4s
 34550K .......... .......... .......... .......... .......... 64% 6.50M 4s
 34600K .......... .......... .......... .......... .......... 64% 5.42M 4s
 34650K .......... .......... .......... .......... .......... 64% 4.87M 4s
 34700K .......... .......... .......... .......... .......... 64% 4.01M 4s
 34750K .......... .......... .......... .......... .......... 64% 4.23M 4s
 34800K .......... .......... .......... .......... .......... 64% 7.02M 4s
 34850K .......... .......... .......... .......... .......... 64% 5.04M 4s
 34900K .......... .......... .......... .......... .......... 64% 6.95M 4s
 34950K .......... .......... .......... .......... .......... 64% 5.16M 3s
 35000K .......... .......... .......... .......... .......... 64% 5.16M 3s
 35050K .......... .......... .......... .......... .......... 65% 5.25M 3s
 35100K .......... .......... .......... .......... .......... 65% 3.82M 3s
 35150K .......... .......... .......... .......... .......... 65% 6.70M 3s
 35200K .......... .......... .......... .......... .......... 65% 4.69M 3s
 35250K .......... .......... .......... .......... .......... 65% 5.73M 3s
 35300K .......... .......... .......... .......... .......... 65% 6.72M 3s
 35350K .......... .......... .......... .......... .......... 65% 5.21M 3s
 35400K .......... .......... .......... .......... .......... 65% 5.28M 3s
 35450K .......... .......... .......... .......... .......... 65% 5.07M 3s
 35500K .......... .......... .......... .......... .......... 65% 4.00M 3s
 35550K .......... .......... .......... .......... .......... 65% 5.23M 3s
 35600K .......... .......... .......... .......... .......... 66% 7.14M 3s
 35650K .......... .......... .......... .......... .......... 66% 5.14M 3s
 35700K .......... .......... .......... .......... .......... 66% 4.81M 3s
 35750K .......... .......... .......... .......... .......... 66% 7.07M 3s
 35800K .......... .......... .......... .......... .......... 66% 4.00M 3s
 35850K .......... .......... .......... .......... .......... 66% 5.18M 3s
 35900K .......... .......... .......... .......... .......... 66% 6.55M 3s
 35950K .......... .......... .......... .......... .......... 66% 5.11M 3s
 36000K .......... .......... .......... .......... .......... 66% 5.62M 3s
 36050K .......... .......... .......... .......... .......... 66% 4.83M 3s
 36100K .......... .......... .......... .......... .......... 66% 6.82M 3s
 36150K .......... .......... .......... .......... .......... 67% 5.17M 3s
 36200K .......... .......... .......... .......... .......... 67% 4.26M 3s
 36250K .......... .......... .......... .......... .......... 67% 6.51M 3s
 36300K .......... .......... .......... .......... .......... 67% 4.71M 3s
 36350K .......... .......... .......... .......... .......... 67% 7.83M 3s
 36400K .......... .......... .......... .......... .......... 67% 4.77M 3s
 36450K .......... .......... .......... .......... .......... 67% 5.01M 3s
 36500K .......... .......... .......... .......... .......... 67% 6.75M 3s
 36550K .......... .......... .......... .......... .......... 67% 5.29M 3s
 36600K .......... .......... .......... .......... .......... 67% 4.32M 3s
 36650K .......... .......... .......... .......... .......... 68% 5.08M 3s
 36700K .......... .......... .......... .......... .......... 68% 7.15M 3s
 36750K .......... .......... .......... .......... .......... 68% 5.03M 3s
 36800K .......... .......... .......... .......... .......... 68% 5.40M 3s
 36850K .......... .......... .......... .......... .......... 68% 6.69M 3s
 36900K .......... .......... .......... .......... .......... 68% 5.07M 3s
 36950K .......... .......... .......... .......... .......... 68% 6.35M 3s
 37000K .......... .......... .......... .......... .......... 68% 3.93M 3s
 37050K .......... .......... .......... .......... .......... 68% 5.39M 3s
 37100K .......... .......... .......... .......... .......... 68% 6.71M 3s
 37150K .......... .......... .......... .......... .......... 68% 5.28M 3s
 37200K .......... .......... .......... .......... .......... 69% 5.45M 3s
 37250K .......... .......... .......... .......... .......... 69% 6.84M 3s
 37300K .......... .......... .......... .......... .......... 69% 4.06M 3s
 37350K .......... .......... .......... .......... .......... 69% 4.76M 3s
 37400K .......... .......... .......... .......... .......... 69% 3.93M 3s
 37450K .......... .......... .......... .......... .......... 69% 8.08M 3s
 37500K .......... .......... .......... .......... .......... 69% 5.27M 3s
 37550K .......... .......... .......... .......... .......... 69% 6.76M 3s
 37600K .......... .......... .......... .......... .......... 69% 5.25M 3s
 37650K .......... .......... .......... .......... .......... 69% 5.26M 3s
 37700K .......... .......... .......... .......... .......... 69% 6.74M 3s
 37750K .......... .......... .......... .......... .......... 70% 4.26M 3s
 37800K .......... .......... .......... .......... .......... 70% 6.29M 3s
 37850K .......... .......... .......... .......... .......... 70% 4.96M 3s
 37900K .......... .......... .......... .......... .......... 70% 6.83M 3s
 37950K .......... .......... .......... .......... .......... 70% 4.95M 3s
 38000K .......... .......... .......... .......... .......... 70% 5.46M 3s
 38050K .......... .......... .......... .......... .......... 70% 6.83M 3s
 38100K .......... .......... .......... .......... .......... 70% 5.39M 3s
 38150K .......... .......... .......... .......... .......... 70% 4.25M 3s
 38200K .......... .......... .......... .......... .......... 70% 6.54M 3s
 38250K .......... .......... .......... .......... .......... 70% 5.13M 3s
 38300K .......... .......... .......... .......... .......... 71% 7.26M 3s
 38350K .......... .......... .......... .......... .......... 71% 4.87M 3s
 38400K .......... .......... .......... .......... .......... 71% 5.42M 3s
 38450K .......... .......... .......... .......... .......... 71% 5.29M 3s
 38500K .......... .......... .......... .......... .......... 71% 5.24M 3s
 38550K .......... .......... .......... .......... .......... 71% 4.70M 3s
 38600K .......... .......... .......... .......... .......... 71% 5.82M 3s
 38650K .......... .......... .......... .......... .......... 71% 6.99M 3s
 38700K .......... .......... .......... .......... .......... 71% 5.18M 3s
 38750K .......... .......... .......... .......... .......... 71% 6.90M 3s
 38800K .......... .......... .......... .......... .......... 71% 4.85M 3s
 38850K .......... .......... .......... .......... .......... 72% 5.44M 3s
 38900K .......... .......... .......... .......... .......... 72% 4.35M 3s
 38950K .......... .......... .......... .......... .......... 72% 6.65M 3s
 39000K .......... .......... .......... .......... .......... 72% 5.03M 3s
 39050K .......... .......... .......... .......... .......... 72% 6.93M 3s
 39100K .......... .......... .......... .......... .......... 72% 5.14M 3s
 39150K .......... .......... .......... .......... .......... 72% 5.38M 3s
 39200K .......... .......... .......... .......... .......... 72% 7.04M 3s
 39250K .......... .......... .......... .......... .......... 72% 4.34M 3s
 39300K .......... .......... .......... .......... .......... 72% 5.54M 3s
 39350K .......... .......... .......... .......... .......... 73% 6.49M 3s
 39400K .......... .......... .......... .......... .......... 73% 5.30M 3s
 39450K .......... .......... .......... .......... .......... 73% 5.00M 3s
 39500K .......... .......... .......... .......... .......... 73% 7.48M 3s
 39550K .......... .......... .......... .......... .......... 73% 5.20M 3s
 39600K .......... .......... .......... .......... .......... 73% 5.46M 3s
 39650K .......... .......... .......... .......... .......... 73% 4.24M 3s
 39700K .......... .......... .......... .......... .......... 73% 5.35M 3s
 39750K .......... .......... .......... .......... .......... 73% 7.00M 3s
 39800K .......... .......... .......... .......... .......... 73% 5.34M 3s
 39850K .......... .......... .......... .......... .......... 73% 5.08M 3s
 39900K .......... .......... .......... .......... .......... 74% 7.14M 3s
 39950K .......... .......... .......... .......... .......... 74% 5.20M 3s
 40000K .......... .......... .......... .......... .......... 74% 6.75M 3s
 40050K .......... .......... .......... .......... .......... 74% 4.23M 3s
 40100K .......... .......... .......... .......... .......... 74% 5.24M 3s
 40150K .......... .......... .......... .......... .......... 74% 6.91M 3s
 40200K .......... .......... .......... .......... .......... 74% 4.87M 3s
 40250K .......... .......... .......... .......... .......... 74% 6.95M 3s
 40300K .......... .......... .......... .......... .......... 74% 5.25M 3s
 40350K .......... .......... .......... .......... .......... 74% 5.29M 2s
 40400K .......... .......... .......... .......... .......... 74% 6.91M 2s
 40450K .......... .......... .......... .......... .......... 75% 4.28M 2s
 40500K .......... .......... .......... .......... .......... 75% 5.14M 2s
 40550K .......... .......... .......... .......... .......... 75% 5.23M 2s
 40600K .......... .......... .......... .......... .......... 75% 6.68M 2s
 40650K .......... .......... .......... .......... .......... 75% 5.26M 2s
 40700K .......... .......... .......... .......... .......... 75% 5.21M 2s
 40750K .......... .......... .......... .......... .......... 75% 7.38M 2s
 40800K .......... .......... .......... .......... .......... 75% 5.18M 2s
 40850K .......... .......... .......... .......... .......... 75% 4.21M 2s
 40900K .......... .......... .......... .......... .......... 75% 6.97M 2s
 40950K .......... .......... .......... .......... .......... 75% 5.17M 2s
 41000K .......... .......... .......... .......... .......... 76% 6.96M 2s
 41050K .......... .......... .......... .......... .......... 76% 5.22M 2s
 41100K .......... .......... .......... .......... .......... 76% 5.07M 2s
 41150K .......... .......... .......... .......... .......... 76% 4.17M 2s
 41200K .......... .......... .......... .......... .......... 76% 6.67M 2s
 41250K .......... .......... .......... .......... .......... 76% 6.69M 2s
 41300K .......... .......... .......... .......... .......... 76% 5.00M 2s
 41350K .......... .......... .......... .......... .......... 76% 6.50M 2s
 41400K .......... .......... .......... .......... .......... 76% 5.15M 2s
 41450K .......... .......... .......... .......... .......... 76% 5.37M 2s
 41500K .......... .......... .......... .......... .......... 76% 7.30M 2s
 41550K .......... .......... .......... .......... .......... 77% 4.33M 2s
 41600K .......... .......... .......... .......... .......... 77% 5.22M 2s
 41650K .......... .......... .......... .......... .......... 77% 5.22M 2s
 41700K .......... .......... .......... .......... .......... 77% 6.92M 2s
 41750K .......... .......... .......... .......... .......... 77% 5.27M 2s
 41800K .......... .......... .......... .......... .......... 77% 6.75M 2s
 41850K .......... .......... .......... .......... .......... 77% 5.10M 2s
 41900K .......... .......... .......... .......... .......... 77% 5.29M 2s
 41950K .......... .......... .......... .......... .......... 77% 5.00M 2s
 42000K .......... .......... .......... .......... .......... 77% 4.98M 2s
 42050K .......... .......... .......... .......... .......... 78% 5.45M 2s
 42100K .......... .......... .......... .......... .......... 78% 6.94M 2s
 42150K .......... .......... .......... .......... .......... 78% 5.27M 2s
 42200K .......... .......... .......... .......... .......... 78% 5.13M 2s
 42250K .......... .......... .......... .......... .......... 78% 6.31M 2s
 42300K .......... .......... .......... .......... .......... 78% 5.39M 2s
 42350K .......... .......... .......... .......... .......... 78% 4.31M 2s
 42400K .......... .......... .......... .......... .......... 78% 6.82M 2s
 42450K .......... .......... .......... .......... .......... 78% 5.38M 2s
 42500K .......... .......... .......... .......... .......... 78% 5.25M 2s
 42550K .......... .......... .......... .......... .......... 78% 6.24M 2s
 42600K .......... .......... .......... .......... .......... 79% 5.45M 2s
 42650K .......... .......... .......... .......... .......... 79% 6.83M 2s
 42700K .......... .......... .......... .......... .......... 79% 4.92M 2s
 42750K .......... .......... .......... .......... .......... 79% 4.36M 2s
 42800K .......... .......... .......... .......... .......... 79% 6.65M 2s
 42850K .......... .......... .......... .......... .......... 79% 5.33M 2s
 42900K .......... .......... .......... .......... .......... 79% 6.44M 2s
 42950K .......... .......... .......... .......... .......... 79% 5.11M 2s
 43000K .......... .......... .......... .......... .......... 79% 6.92M 2s
 43050K .......... .......... .......... .......... .......... 79% 4.91M 2s
 43100K .......... .......... .......... .......... .......... 79% 6.98M 2s
 43150K .......... .......... .......... .......... .......... 80% 3.97M 2s
 43200K .......... .......... .......... .......... .......... 80% 5.40M 2s
 43250K .......... .......... .......... .......... .......... 80% 6.58M 2s
 43300K .......... .......... .......... .......... .......... 80% 5.22M 2s
 43350K .......... .......... .......... .......... .......... 80% 5.45M 2s
 43400K .......... .......... .......... .......... .......... 80% 5.44M 2s
 43450K .......... .......... .......... .......... .......... 80% 6.83M 2s
 43500K .......... .......... .......... .......... .......... 80% 5.45M 2s
 43550K .......... .......... .......... .......... .......... 80% 4.11M 2s
 43600K .......... .......... .......... .......... .......... 80% 7.11M 2s
 43650K .......... .......... .......... .......... .......... 80% 5.17M 2s
 43700K .......... .......... .......... .......... .......... 81% 5.32M 2s
 43750K .......... .......... .......... .......... .......... 81% 7.27M 2s
 43800K .......... .......... .......... .......... .......... 81% 5.22M 2s
 43850K .......... .......... .......... .......... .......... 81% 5.05M 2s
 43900K .......... .......... .......... .......... .......... 81% 6.71M 2s
 43950K .......... .......... .......... .......... .......... 81% 4.14M 2s
 44000K .......... .......... .......... .......... .......... 81% 5.14M 2s
 44050K .......... .......... .......... .......... .......... 81% 7.37M 2s
 44100K .......... .......... .......... .......... .......... 81% 4.88M 2s
 44150K .......... .......... .......... .......... .......... 81% 7.11M 2s
 44200K .......... .......... .......... .......... .......... 82% 5.33M 2s
 44250K .......... .......... .......... .......... .......... 82% 4.77M 2s
 44300K .......... .......... .......... .......... .......... 82% 7.95M 2s
 44350K .......... .......... .......... .......... .......... 82% 3.74M 2s
 44400K .......... .......... .......... .......... .......... 82% 6.15M 2s
 44450K .......... .......... .......... .......... .......... 82% 6.47M 2s
 44500K .......... .......... .......... .......... .......... 82% 5.51M 2s
 44550K .......... .......... .......... .......... .......... 82% 5.01M 2s
 44600K .......... .......... .......... .......... .......... 82% 6.93M 2s
 44650K .......... .......... .......... .......... .......... 82% 4.95M 2s
 44700K .......... .......... .......... .......... .......... 82% 6.42M 2s
 44750K .......... .......... .......... .......... .......... 83% 4.65M 2s
 44800K .......... .......... .......... .......... .......... 83% 5.18M 2s
 44850K .......... .......... .......... .......... .......... 83% 5.18M 2s
 44900K .......... .......... .......... .......... .......... 83% 6.60M 2s
 44950K .......... .......... .......... .......... .......... 83% 5.01M 2s
 45000K .......... .......... .......... .......... .......... 83% 6.65M 2s
 45050K .......... .......... .......... .......... .......... 83% 6.41M 2s
 45100K .......... .......... .......... .......... .......... 83% 5.04M 2s
 45150K .......... .......... .......... .......... .......... 83% 4.07M 2s
 45200K .......... .......... .......... .......... .......... 83% 7.01M 2s
 45250K .......... .......... .......... .......... .......... 83% 4.93M 2s
 45300K .......... .......... .......... .......... .......... 84% 6.65M 2s
 45350K .......... .......... .......... .......... .......... 84% 6.50M 2s
 45400K .......... .......... .......... .......... .......... 84% 4.68M 2s
 45450K .......... .......... .......... .......... .......... 84% 5.89M 2s
 45500K .......... .......... .......... .......... .......... 84% 7.14M 2s
 45550K .......... .......... .......... .......... .......... 84% 3.84M 2s
 45600K .......... .......... .......... .......... .......... 84% 6.65M 2s
 45650K .......... .......... .......... .......... .......... 84% 5.33M 2s
 45700K .......... .......... .......... .......... .......... 84% 4.96M 2s
 45750K .......... .......... .......... .......... .......... 84% 6.87M 1s
 45800K .......... .......... .......... .......... .......... 84% 6.38M 1s
 45850K .......... .......... .......... .......... .......... 85% 5.12M 1s
 45900K .......... .......... .......... .......... .......... 85% 5.89M 1s
 45950K .......... .......... .......... .......... .......... 85% 3.98M 1s
 46000K .......... .......... .......... .......... .......... 85% 5.46M 1s
 46050K .......... .......... .......... .......... .......... 85% 6.98M 1s
 46100K .......... .......... .......... .......... .......... 85% 5.04M 1s
 46150K .......... .......... .......... .......... .......... 85% 7.30M 1s
 46200K .......... .......... .......... .......... .......... 85% 5.21M 1s
 46250K .......... .......... .......... .......... .......... 85% 6.73M 1s
 46300K .......... .......... .......... .......... .......... 85% 4.99M 1s
 46350K .......... .......... .......... .......... .......... 85% 4.21M 1s
 46400K .......... .......... .......... .......... .......... 86% 7.13M 1s
 46450K .......... .......... .......... .......... .......... 86% 5.04M 1s
 46500K .......... .......... .......... .......... .......... 86% 5.29M 1s
 46550K .......... .......... .......... .......... .......... 86% 6.00M 1s
 46600K .......... .......... .......... .......... .......... 86% 5.83M 1s
 46650K .......... .......... .......... .......... .......... 86% 5.31M 1s
 46700K .......... .......... .......... .......... .......... 86% 7.07M 1s
 46750K .......... .......... .......... .......... .......... 86% 4.21M 1s
 46800K .......... .......... .......... .......... .......... 86% 4.99M 1s
 46850K .......... .......... .......... .......... .......... 86% 7.32M 1s
 46900K .......... .......... .......... .......... .......... 87% 4.94M 1s
 46950K .......... .......... .......... .......... .......... 87% 5.25M 1s
 47000K .......... .......... .......... .......... .......... 87% 7.27M 1s
 47050K .......... .......... .......... .......... .......... 87% 5.13M 1s
 47100K .......... .......... .......... .......... .......... 87% 5.17M 1s
 47150K .......... .......... .......... .......... .......... 87% 5.18M 1s
 47200K .......... .......... .......... .......... .......... 87% 5.37M 1s
 47250K .......... .......... .......... .......... .......... 87% 5.28M 1s
 47300K .......... .......... .......... .......... .......... 87% 6.90M 1s
 47350K .......... .......... .......... .......... .......... 87% 5.17M 1s
 47400K .......... .......... .......... .......... .......... 87% 5.23M 1s
 47450K .......... .......... .......... .......... .......... 88% 6.62M 1s
 47500K .......... .......... .......... .......... .......... 88% 5.24M 1s
 47550K .......... .......... .......... .......... .......... 88% 4.20M 1s
 47600K .......... .......... .......... .......... .......... 88% 7.30M 1s
 47650K .......... .......... .......... .......... .......... 88% 6.99M 1s
 47700K .......... .......... .......... .......... .......... 88% 5.20M 1s
 47750K .......... .......... .......... .......... .......... 88% 4.23M 1s
 47800K .......... .......... .......... .......... .......... 88% 5.30M 1s
 47850K .......... .......... .......... .......... .......... 88% 7.44M 1s
 47900K .......... .......... .......... .......... .......... 88% 5.29M 1s
 47950K .......... .......... .......... .......... .......... 88% 4.90M 1s
 48000K .......... .......... .......... .......... .......... 89% 6.76M 1s
 48050K .......... .......... .......... .......... .......... 89% 6.79M 1s
 48100K .......... .......... .......... .......... .......... 89% 4.96M 1s
 48150K .......... .......... .......... .......... .......... 89% 4.13M 1s
 48200K .......... .......... .......... .......... .......... 89% 7.08M 1s
 48250K .......... .......... .......... .......... .......... 89% 4.66M 1s
 48300K .......... .......... .......... .......... .......... 89% 5.66M 1s
 48350K .......... .......... .......... .......... .......... 89% 6.91M 1s
 48400K .......... .......... .......... .......... .......... 89% 5.44M 1s
 48450K .......... .......... .......... .......... .......... 89% 4.12M 1s
 48500K .......... .......... .......... .......... .......... 89% 7.08M 1s
 48550K .......... .......... .......... .......... .......... 90% 5.36M 1s
 48600K .......... .......... .......... .......... .......... 90% 6.65M 1s
 48650K .......... .......... .......... .......... .......... 90% 5.15M 1s
 48700K .......... .......... .......... .......... .......... 90% 5.18M 1s
 48750K .......... .......... .......... .......... .......... 90% 6.80M 1s
 48800K .......... .......... .......... .......... .......... 90% 5.40M 1s
 48850K .......... .......... .......... .......... .......... 90% 4.19M 1s
 48900K .......... .......... .......... .......... .......... 90% 7.04M 1s
 48950K .......... .......... .......... .......... .......... 90% 5.00M 1s
 49000K .......... .......... .......... .......... .......... 90% 5.20M 1s
 49050K .......... .......... .......... .......... .......... 90% 6.91M 1s
 49100K .......... .......... .......... .......... .......... 91% 5.07M 1s
 49150K .......... .......... .......... .......... .......... 91% 6.49M 1s
 49200K .......... .......... .......... .......... .......... 91% 4.14M 1s
 49250K .......... .......... .......... .......... .......... 91% 6.99M 1s
 49300K .......... .......... .......... .......... .......... 91% 5.05M 1s
 49350K .......... .......... .......... .......... .......... 91% 7.12M 1s
 49400K .......... .......... .......... .......... .......... 91% 4.73M 1s
 49450K .......... .......... .......... .......... .......... 91% 7.00M 1s
 49500K .......... .......... .......... .......... .......... 91% 5.20M 1s
 49550K .......... .......... .......... .......... .......... 91% 6.73M 1s
 49600K .......... .......... .......... .......... .......... 92% 3.62M 1s
 49650K .......... .......... .......... .......... .......... 92% 7.17M 1s
 49700K .......... .......... .......... .......... .......... 92% 5.15M 1s
 49750K .......... .......... .......... .......... .......... 92% 5.39M 1s
 49800K .......... .......... .......... .......... .......... 92% 6.78M 1s
 49850K .......... .......... .......... .......... .......... 92% 5.18M 1s
 49900K .......... .......... .......... .......... .......... 92% 6.74M 1s
 49950K .......... .......... .......... .......... .......... 92% 5.12M 1s
 50000K .......... .......... .......... .......... .......... 92% 4.03M 1s
 50050K .......... .......... .......... .......... .......... 92% 6.89M 1s
 50100K .......... .......... .......... .......... .......... 92% 5.38M 1s
 50150K .......... .......... .......... .......... .......... 93% 5.33M 1s
 50200K .......... .......... .......... .......... .......... 93% 6.82M 1s
 50250K .......... .......... .......... .......... .......... 93% 5.41M 1s
 50300K .......... .......... .......... .......... .......... 93% 5.19M 1s
 50350K .......... .......... .......... .......... .......... 93% 6.98M 1s
 50400K .......... .......... .......... .......... .......... 93% 4.14M 1s
 50450K .......... .......... .......... .......... .......... 93% 5.13M 1s
 50500K .......... .......... .......... .......... .......... 93% 7.07M 1s
 50550K .......... .......... .......... .......... .......... 93% 5.44M 1s
 50600K .......... .......... .......... .......... .......... 93% 5.13M 1s
 50650K .......... .......... .......... .......... .......... 93% 5.40M 1s
 50700K .......... .......... .......... .......... .......... 94% 6.99M 1s
 50750K .......... .......... .......... .......... .......... 94% 5.11M 1s
 50800K .......... .......... .......... .......... .......... 94% 5.17M 1s
 50850K .......... .......... .......... .......... .......... 94% 5.13M 1s
 50900K .......... .......... .......... .......... .......... 94% 5.38M 1s
 50950K .......... .......... .......... .......... .......... 94% 7.00M 1s
 51000K .......... .......... .......... .......... .......... 94% 5.30M 1s
 51050K .......... .......... .......... .......... .......... 94% 6.79M 1s
 51100K .......... .......... .......... .......... .......... 94% 3.87M 1s
 51150K .......... .......... .......... .......... .......... 94% 7.19M 1s
 51200K .......... .......... .......... .......... .......... 94% 5.07M 0s
 51250K .......... .......... .......... .......... .......... 95% 5.23M 0s
 51300K .......... .......... .......... .......... .......... 95% 6.51M 0s
 51350K .......... .......... .......... .......... .......... 95% 5.19M 0s
 51400K .......... .......... .......... .......... .......... 95% 4.81M 0s
 51450K .......... .......... .......... .......... .......... 95% 6.99M 0s
 51500K .......... .......... .......... .......... .......... 95% 5.35M 0s
 51550K .......... .......... .......... .......... .......... 95% 4.21M 0s
 51600K .......... .......... .......... .......... .......... 95% 6.68M 0s
 51650K .......... .......... .......... .......... .......... 95% 5.34M 0s
 51700K .......... .......... .......... .......... .......... 95% 5.43M 0s
 51750K .......... .......... .......... .......... .......... 95% 6.67M 0s
 51800K .......... .......... .......... .......... .......... 96% 5.07M 0s
 51850K .......... .......... .......... .......... .......... 96% 7.06M 0s
 51900K .......... .......... .......... .......... .......... 96% 5.39M 0s
 51950K .......... .......... .......... .......... .......... 96% 4.30M 0s
 52000K .......... .......... .......... .......... .......... 96% 5.32M 0s
 52050K .......... .......... .......... .......... .......... 96% 6.81M 0s
 52100K .......... .......... .......... .......... .......... 96% 5.06M 0s
 52150K .......... .......... .......... .......... .......... 96% 6.76M 0s
 52200K .......... .......... .......... .......... .......... 96% 5.24M 0s
 52250K .......... .......... .......... .......... .......... 96% 4.72M 0s
 52300K .......... .......... .......... .......... .......... 97% 7.55M 0s
 52350K .......... .......... .......... .......... .......... 97% 4.20M 0s
 52400K .......... .......... .......... .......... .......... 97% 5.22M 0s
 52450K .......... .......... .......... .......... .......... 97% 6.95M 0s
 52500K .......... .......... .......... .......... .......... 97% 5.32M 0s
 52550K .......... .......... .......... .......... .......... 97% 5.15M 0s
 52600K .......... .......... .......... .......... .......... 97% 6.31M 0s
 52650K .......... .......... .......... .......... .......... 97% 6.65M 0s
 52700K .......... .......... .......... .......... .......... 97% 5.04M 0s
 52750K .......... .......... .......... .......... .......... 97% 4.16M 0s
 52800K .......... .......... .......... .......... .......... 97% 7.24M 0s
 52850K .......... .......... .......... .......... .......... 98% 5.13M 0s
 52900K .......... .......... .......... .......... .......... 98% 6.80M 0s
 52950K .......... .......... .......... .......... .......... 98% 5.24M 0s
 53000K .......... .......... .......... .......... .......... 98% 5.33M 0s
 53050K .......... .......... .......... .......... .......... 98% 6.68M 0s
 53100K .......... .......... .......... .......... .......... 98% 4.89M 0s
 53150K .......... .......... .......... .......... .......... 98% 4.22M 0s
 53200K .......... .......... .......... .......... .......... 98% 6.83M 0s
 53250K .......... .......... .......... .......... .......... 98% 5.07M 0s
 53300K .......... .......... .......... .......... .......... 98% 5.41M 0s
 53350K .......... .......... .......... .......... .......... 98% 6.49M 0s
 53400K .......... .......... .......... .......... .......... 99% 4.85M 0s
 53450K .......... .......... .......... .......... .......... 99% 7.76M 0s
 53500K .......... .......... .......... .......... .......... 99% 5.19M 0s
 53550K .......... .......... .......... .......... .......... 99% 4.16M 0s
 53600K .......... .......... .......... .......... .......... 99% 6.75M 0s
 53650K .......... .......... .......... .......... .......... 99% 5.22M 0s
 53700K .......... .......... .......... .......... .......... 99% 6.61M 0s
 53750K .......... .......... .......... .......... .......... 99% 5.44M 0s
 53800K .......... .......... .......... .......... .......... 99% 5.04M 0s
 53850K .......... .......... .......... .......... .......... 99% 6.27M 0s
 53900K .......... .......... .......... .......... .......... 99% 6.96M 0s
 53950K .......... ..                                         100% 4.96M=9.8s

2025-05-26 13:16:29 (5.36 MB/s) - ‘Unciv.jar’ saved [55257536/55257536]

--2025-05-26 13:16:29--  https://raw.githubusercontent.com/yairm210/Unciv/refs/heads/master/docs/assets/Icon.png
Resolving raw.githubusercontent.com (raw.githubusercontent.com)... 185.199.111.133, 185.199.110.133, 185.199.108.133, ...
Connecting to raw.githubusercontent.com (raw.githubusercontent.com)|185.199.111.133|:443... connected.
HTTP request sent, awaiting response... 200 OK
Length: 69531 (68K) [image/png]
Saving to: ‘unciv.png’

     0K .......... .......... .......... .......... .......... 73%  779K 0s
    50K .......... .......                                    100% 7.51M=0.07s

2025-05-26 13:16:30 (1021 KB/s) - ‘unciv.png’ saved [69531/69531]

/home/omen/GITHUB/Athos/AthOS/REPO-AthOS/unciv/work
[32mThe main part of source code is ready. We are moving on to preparing post install scripts, docs, license, man pages etc..[0m
cp: cannot stat 'AUTHORS': No such file or directory
cp: cannot stat 'ChangeLog*': No such file or directory
cp: cannot stat 'COPYING': No such file or directory
cp: cannot stat 'CREDITS': No such file or directory
cp: cannot stat 'LICENSE': No such file or directory
cp: cannot stat 'MAINTAINERS': No such file or directory
cp: cannot stat 'NEWS': No such file or directory
cp: cannot stat 'README*': No such file or directory
cp: cannot stat 'docs': No such file or directory
cp: cannot stat 'DOCS': No such file or directory
grep: /home/omen/GITHUB/Athos/AthOS/REPO-AthOS/unciv/unciv.info: No such file or directory
zulu-openjdk8
[32mPackaging compiled for slackware installation...[0m
[32mMAKEPKG_FLAGS is empty or unset, using default[0m

Slackware package maker, version 3.14159265.

Searching for symbolic links:

No symbolic links were found, so we won't make an installation script.
You can make your own later in ./install/doinst.sh and rebuild the
package if you like.

This next step is optional - you can set the directories in your package
to some sane permissions. If any of the directories in your package have
special permissions, then DO NOT reset them here!

Would you like to reset all directory permissions to 755 (drwxr-xr-x) and
directory ownerships to root:root ([y]es, [n]o)? n


Creating Slackware package:  /tmp/unciv/unciv-4.16.11-x86_64-1_rtz.tlz

./
install/
install/doinst.sh
install/slack-desc
usr/
usr/doc/
usr/doc/unciv-4.16.11/
usr/doc/unciv-4.16.11/slack-required
usr/doc/unciv-4.16.11/unciv.ini
usr/local/
usr/local/bin/
usr/local/bin/unciv
usr/share/
usr/share/Unciv/
usr/share/Unciv/Unciv.jar
usr/share/applications/
usr/share/applications/unciv.desktop
usr/share/pixmaps/
usr/share/pixmaps/unciv.png

Slackware package /tmp/unciv/unciv-4.16.11-x86_64-1_rtz.tlz created.

Create shared object file for unciv-4.16.11-x86_64-1_rtz.tlz
Creating /tmp/unciv/unciv-4.16.11-x86_64-1_rtz.tlz.so.file using /tmp/unciv/unciv-4.16.11-x86_64-1_rtz.tlz
Successfully created /tmp/unciv/unciv-4.16.11-x86_64-1_rtz.tlz.so.file
Packaging of executable and meta-data in unciv.tar.lz4 format.
/tmp/unciv /tmp/unciv
/tmp/unciv
BIN_NAME
README
makepkg-unciv.log
unciv-4.16.11-x86_64-1_rtz.tlz
unciv-4.16.11-x86_64-1_rtz.tlz.md5
unciv-4.16.11-x86_64-1_rtz.tlz.so.file
unciv-4.16.11-x86_64-1_rtz.tlz.txt
unciv.dep
[32munciv build finished. Procced to installation...[0m

+==============================================================================================+
| Upgrading unciv-4.15.12-x86_64-1_rtz package using /tmp/unciv/unciv-4.16.11-x86_64-1_rtz.tlz |
+==============================================================================================+

Pre-installing package unciv-4.16.11-x86_64-1_rtz...
Removing package: unciv-4.15.12-x86_64-1_rtz-upgraded-2025-05-26,13:16:54
Installing package unciv-4.16.11-x86_64-1_rtz.tlz:
PACKAGE DESCRIPTION:
# unciv (Open-source remake of Civ V )
#
# Game: Open-source Android/Desktop remake of Civ V.
#
# https://github.com/yairm210/Unciv
Executing install script for unciv-4.16.11-x86_64-1_rtz.tlz.
Font directories:
	/usr/share/fonts
/usr/share/fonts: caching, new cache contents: 0 fonts, 11 dirs
/usr/share/fonts/100dpi: caching, new cache contents: 238 fonts, 0 dirs
/usr/share/fonts/75dpi: caching, new cache contents: 238 fonts, 0 dirs
/usr/share/fonts/OTF: caching, new cache contents: 124 fonts, 0 dirs
/usr/share/fonts/Speedo: caching, new cache contents: 0 fonts, 0 dirs
/usr/share/fonts/TTF: caching, new cache contents: 1132 fonts, 0 dirs
/usr/share/fonts/Type1: caching, new cache contents: 64 fonts, 0 dirs
/usr/share/fonts/cyrillic: caching, new cache contents: 0 fonts, 0 dirs
/usr/share/fonts/encodings: caching, new cache contents: 0 fonts, 1 dirs
/usr/share/fonts/encodings/large: caching, new cache contents: 0 fonts, 0 dirs
/usr/share/fonts/kanjistrokeorders: caching, new cache contents: 1 fonts, 0 dirs
/usr/share/fonts/misc: caching, new cache contents: 143 fonts, 0 dirs
/usr/share/fonts/util: caching, new cache contents: 0 fonts, 0 dirs
/var/cache/fontconfig: cleaning cache directory
/root/.cache/fontconfig: not cleaning non-existent cache directory
/root/.fontconfig: not cleaning non-existent cache directory
/usr/bin/fc-cache: succeeded
Package unciv-4.16.11-x86_64-1_rtz.tlz installed.
Package unciv-4.15.12-x86_64-1_rtz upgraded with new package /tmp/unciv/unciv-4.16.11-x86_64-1_rtz.tlz.
[32mCleaning environmet: Removing source code, and work-space...[0m
rm: cannot remove '*.tar.?z*': No such file or directory
