Starting build process...
Detected architecture: x86_64
Required dependencies: extra-cmake-modules kconfigwidgets kcoreaddons kparts kxmlgui
extra-cmake-modules is already installed!
kconfigwidgets is already installed!
kcoreaddons is already installed!
kparts is already installed!
kxmlgui is already installed!
No optional dependencies found.
Downloading source code tar.xz file
--2025-05-11 01:27:16--  https://download.kde.org/stable/release-service/25.04.1/src/svgpart-25.04.1.tar.xz
Resolving download.kde.org (download.kde.org)... 49.12.122.15, 2a01:4f8:242:53eb::4
Connecting to download.kde.org (download.kde.org)|49.12.122.15|:443... connected.
HTTP request sent, awaiting response... 302 Found
Location: https://ftp.cc.uoc.gr/mirrors/kde/stable/release-service/25.04.1/src/svgpart-25.04.1.tar.xz [following]
--2025-05-11 01:27:16--  https://ftp.cc.uoc.gr/mirrors/kde/stable/release-service/25.04.1/src/svgpart-25.04.1.tar.xz
Resolving ftp.cc.uoc.gr (ftp.cc.uoc.gr)... 147.52.159.50, 2001:648:2c00:6c08::2
Connecting to ftp.cc.uoc.gr (ftp.cc.uoc.gr)|147.52.159.50|:443... connected.
HTTP request sent, awaiting response... 200 OK
Length: 30232 (30K) [application/octet-stream]
Saving to: ‘svgpart-25.04.1.tar.xz’

     0K .......... .......... .........                       100% 15.7M=0.002s

2025-05-11 01:27:17 (15.7 MB/s) - ‘svgpart-25.04.1.tar.xz’ saved [30232/30232]

Found file: svgpart-25.04.1.tar.xz
No checksum provided. Skipping checksum verification and proceeding...
Creating working directories and exporting source code in...
svgpart-25.04.1/
svgpart-25.04.1/CMakePresets.json.license
svgpart-25.04.1/CMakePresets.json
svgpart-25.04.1/LICENSES/
svgpart-25.04.1/LICENSES/GPL-2.0-or-later.txt
svgpart-25.04.1/.gitlab-ci.yml
svgpart-25.04.1/.kde-ci.yml
svgpart-25.04.1/po/
svgpart-25.04.1/po/bg/
svgpart-25.04.1/po/bg/svgpart.po
svgpart-25.04.1/po/pt/
svgpart-25.04.1/po/pt/svgpart.po
svgpart-25.04.1/po/km/
svgpart-25.04.1/po/km/svgpart.po
svgpart-25.04.1/po/nn/
svgpart-25.04.1/po/nn/svgpart.po
svgpart-25.04.1/po/pl/
svgpart-25.04.1/po/pl/svgpart.po
svgpart-25.04.1/po/vi/
svgpart-25.04.1/po/vi/svgpart.po
svgpart-25.04.1/po/ja/
svgpart-25.04.1/po/ja/svgpart.po
svgpart-25.04.1/po/pa/
svgpart-25.04.1/po/pa/svgpart.po
svgpart-25.04.1/po/bs/
svgpart-25.04.1/po/bs/svgpart.po
svgpart-25.04.1/po/zh_CN/
svgpart-25.04.1/po/zh_CN/svgpart.po
svgpart-25.04.1/po/cs/
svgpart-25.04.1/po/cs/svgpart.po
svgpart-25.04.1/po/es/
svgpart-25.04.1/po/es/svgpart.po
svgpart-25.04.1/po/ka/
svgpart-25.04.1/po/ka/svgpart.po
svgpart-25.04.1/po/is/
svgpart-25.04.1/po/is/svgpart.po
svgpart-25.04.1/po/tr/
svgpart-25.04.1/po/tr/svgpart.po
svgpart-25.04.1/po/ug/
svgpart-25.04.1/po/ug/svgpart.po
svgpart-25.04.1/po/ca/
svgpart-25.04.1/po/ca/svgpart.po
svgpart-25.04.1/po/ca@valencia/
svgpart-25.04.1/po/ca@valencia/svgpart.po
svgpart-25.04.1/po/hr/
svgpart-25.04.1/po/hr/svgpart.po
svgpart-25.04.1/po/gl/
svgpart-25.04.1/po/gl/svgpart.po
svgpart-25.04.1/po/ro/
svgpart-25.04.1/po/ro/svgpart.po
svgpart-25.04.1/po/eo/
svgpart-25.04.1/po/eo/svgpart.po
svgpart-25.04.1/po/ku/
svgpart-25.04.1/po/ku/svgpart.po
svgpart-25.04.1/po/nl/
svgpart-25.04.1/po/nl/svgpart.po
svgpart-25.04.1/po/mr/
svgpart-25.04.1/po/mr/svgpart.po
svgpart-25.04.1/po/ml/
svgpart-25.04.1/po/ml/svgpart.po
svgpart-25.04.1/po/hu/
svgpart-25.04.1/po/hu/svgpart.po
svgpart-25.04.1/po/eu/
svgpart-25.04.1/po/eu/svgpart.po
svgpart-25.04.1/po/lv/
svgpart-25.04.1/po/lv/svgpart.po
svgpart-25.04.1/po/mk/
svgpart-25.04.1/po/mk/svgpart.po
svgpart-25.04.1/po/nb/
svgpart-25.04.1/po/nb/svgpart.po
svgpart-25.04.1/po/fr/
svgpart-25.04.1/po/fr/svgpart.po
svgpart-25.04.1/po/hi/
svgpart-25.04.1/po/hi/svgpart.po
svgpart-25.04.1/po/sl/
svgpart-25.04.1/po/sl/svgpart.po
svgpart-25.04.1/po/th/
svgpart-25.04.1/po/th/svgpart.po
svgpart-25.04.1/po/wa/
svgpart-25.04.1/po/wa/svgpart.po
svgpart-25.04.1/po/ta/
svgpart-25.04.1/po/ta/svgpart.po
svgpart-25.04.1/po/he/
svgpart-25.04.1/po/he/svgpart.po
svgpart-25.04.1/po/de/
svgpart-25.04.1/po/de/svgpart.po
svgpart-25.04.1/po/ar/
svgpart-25.04.1/po/ar/svgpart.po
svgpart-25.04.1/po/sk/
svgpart-25.04.1/po/sk/svgpart.po
svgpart-25.04.1/po/zh_TW/
svgpart-25.04.1/po/zh_TW/svgpart.po
svgpart-25.04.1/po/et/
svgpart-25.04.1/po/et/svgpart.po
svgpart-25.04.1/po/ie/
svgpart-25.04.1/po/ie/svgpart.po
svgpart-25.04.1/po/it/
svgpart-25.04.1/po/it/svgpart.po
svgpart-25.04.1/po/el/
svgpart-25.04.1/po/el/svgpart.po
svgpart-25.04.1/po/da/
svgpart-25.04.1/po/da/svgpart.po
svgpart-25.04.1/po/pt_BR/
svgpart-25.04.1/po/pt_BR/svgpart.po
svgpart-25.04.1/po/ru/
svgpart-25.04.1/po/ru/svgpart.po
svgpart-25.04.1/po/sq/
svgpart-25.04.1/po/sq/svgpart.po
svgpart-25.04.1/po/id/
svgpart-25.04.1/po/id/svgpart.po
svgpart-25.04.1/po/ia/
svgpart-25.04.1/po/ia/svgpart.po
svgpart-25.04.1/po/sv/
svgpart-25.04.1/po/sv/svgpart.po
svgpart-25.04.1/po/si/
svgpart-25.04.1/po/si/svgpart.po
svgpart-25.04.1/po/fi/
svgpart-25.04.1/po/fi/svgpart.po
svgpart-25.04.1/po/kk/
svgpart-25.04.1/po/kk/svgpart.po
svgpart-25.04.1/po/ast/
svgpart-25.04.1/po/ast/svgpart.po
svgpart-25.04.1/po/lt/
svgpart-25.04.1/po/lt/svgpart.po
svgpart-25.04.1/po/be/
svgpart-25.04.1/po/be/svgpart.po
svgpart-25.04.1/po/sa/
svgpart-25.04.1/po/sa/svgpart.po
svgpart-25.04.1/po/ko/
svgpart-25.04.1/po/ko/svgpart.po
svgpart-25.04.1/po/ga/
svgpart-25.04.1/po/ga/svgpart.po
svgpart-25.04.1/po/en_GB/
svgpart-25.04.1/po/en_GB/svgpart.po
svgpart-25.04.1/po/uk/
svgpart-25.04.1/po/uk/svgpart.po
svgpart-25.04.1/po/nds/
svgpart-25.04.1/po/nds/svgpart.po
svgpart-25.04.1/CMakeLists.txt
svgpart-25.04.1/src/
svgpart-25.04.1/src/svgpart.cpp
svgpart-25.04.1/src/svgpart.qrc
svgpart-25.04.1/src/svgpart.rc
svgpart-25.04.1/src/svgpart.h
svgpart-25.04.1/src/Messages.sh
svgpart-25.04.1/src/org.kde.svgpart.metainfo.xml
svgpart-25.04.1/src/svgview.cpp
svgpart-25.04.1/src/svgview.h
svgpart-25.04.1/src/svgbrowserextension.cpp
svgpart-25.04.1/src/svgpart.json.in
svgpart-25.04.1/src/CMakeLists.txt
svgpart-25.04.1/src/svgbrowserextension.h
svgpart-25.04.1/.gitignore
/home/omen/GITHUB/PLASMA_WORLD/AthOS/REPO-AthOS/svgpart/work
README or README.md already exists, skipping creation.
hm...lets continue and see what happens
-- The C compiler identification is GNU 14.2.0
-- The CXX compiler identification is GNU 14.2.0
-- Detecting C compiler ABI info
-- Detecting C compiler ABI info - done
-- Check for working C compiler: /usr/bin/cc - skipped
-- Detecting C compile features
-- Detecting C compile features - done
-- Detecting CXX compiler ABI info
-- Detecting CXX compiler ABI info - done
-- Check for working CXX compiler: /usr/bin/c++ - skipped
-- Detecting CXX compile features
-- Detecting CXX compile features - done
-- Installing in the same prefix as Qt, adopting their path scheme.
-- Looking for __GLIBC__
-- Looking for __GLIBC__ - found
-- Performing Test _OFFT_IS_64BIT
-- Performing Test _OFFT_IS_64BIT - Success
-- Performing Test HAVE_DATE_TIME
-- Performing Test HAVE_DATE_TIME - Success
-- Performing Test HAVE_STDATOMIC
-- Performing Test HAVE_STDATOMIC - Success
-- Found WrapAtomic: TRUE
-- Found OpenGL: /usr/lib64/libOpenGL.so
-- Found WrapOpenGL: TRUE
-- Found XKB: /usr/lib64/libxkbcommon.so (found suitable version "1.9.2", minimum required is "0.5.0")
-- Found WrapVulkanHeaders: /usr/include
-- Found KF6ConfigWidgets: /usr/lib64/cmake/KF6ConfigWidgets/KF6ConfigWidgetsConfig.cmake (found version "6.14.0")
-- Found KF6CoreAddons: /usr/lib64/cmake/KF6CoreAddons/KF6CoreAddonsConfig.cmake (found version "6.14.0")
-- Found Gettext: /usr/bin/msgmerge (found version "0.25")
-- Found KF6I18n: /usr/lib64/cmake/KF6I18n/KF6I18nConfig.cmake (found version "6.14.0")
-- Found X11: /usr/include
-- Looking for XOpenDisplay in /usr/lib64/libX11.so;/usr/lib64/libXext.so
-- Looking for XOpenDisplay in /usr/lib64/libX11.so;/usr/lib64/libXext.so - found
-- Looking for gethostbyname
-- Looking for gethostbyname - found
-- Looking for connect
-- Looking for connect - found
-- Looking for remove
-- Looking for remove - found
-- Looking for shmat
-- Looking for shmat - found
-- Looking for IceConnectionNumber in ICE
-- Looking for IceConnectionNumber in ICE - found
-- Found KF6Parts: /usr/lib64/cmake/KF6Parts/KF6PartsConfig.cmake (found version "6.14.0")
-- Found KF6XmlGui: /usr/lib64/cmake/KF6XmlGui/KF6XmlGuiConfig.cmake (found version "6.14.0")
-- Found KF6: success (found suitable version "6.14.0", minimum required is "6.0.0") found components: ConfigWidgets CoreAddons I18n Parts XmlGui
-- The following OPTIONAL packages have been found:

 * OpenGL
 * Qt6Svg (required version >= 6.5.0)
 * Qt6SvgWidgets (required version >= 6.5.0)
 * Qt6DBusTools (required version >= 6.8.3)
 * Qt6QmlTools (required version >= 6.8.3)
 * Qt6WidgetsTools (required version >= 6.8.3)
 * Qt6Widgets (required version >= 6.7.0)
 * XKB (required version >= 0.5.0), XKB API common to servers and clients., <http://xkbcommon.org>
 * WrapVulkanHeaders
 * Qt6CoreTools (required version >= 6.8.3)
 * Qt6GuiTools (required version >= 6.8.3)

-- The following REQUIRED packages have been found:

 * ECM (required version >= 6.0.0)
 * Qt6 (required version >= 6.5.0)
 * Gettext
 * KF6I18n (required version >= 6.0.0)
 * KF6CoreAddons (required version >= 6.14.0)
 * KF6ConfigWidgets (required version >= 6.14.0)
 * KF6Parts (required version >= 6.0.0)
 * KF6XmlGui (required version >= 6.0.0)
 * KF6 (required version >= 6.0.0)

-- Configuring done (1.5s)
-- Generating done (0.0s)
-- Build files have been written to: /home/omen/GITHUB/PLASMA_WORLD/AthOS/REPO-AthOS/svgpart/work/svgpart-25.04.1/build
[1/10] Generating ts...
[2/10] Generating mo...
[3/10] Automatic MOC for target svgpart
[4/10] Automatic RCC for svgpart.qrc
[5/10] Building CXX object src/CMakeFiles/svgpart.dir/svgpart_autogen/mocs_compilation.cpp.o
[6/10] Building CXX object src/CMakeFiles/svgpart.dir/svgpart_autogen/EWIEGA46WW/qrc_svgpart.cpp.o
[7/10] Building CXX object src/CMakeFiles/svgpart.dir/svgbrowserextension.cpp.o
[8/10] Building CXX object src/CMakeFiles/svgpart.dir/svgview.cpp.o
[9/10] Building CXX object src/CMakeFiles/svgpart.dir/svgpart.cpp.o
[10/10] Linking CXX shared module bin/svgpart.so
-- Install configuration: "RelWithDebInfo"
-- Installing: /home/omen/GITHUB/PLASMA_WORLD/AthOS/REPO-AthOS/svgpart/package-svgpart/usr/lib64/qt6/plugins/kf6/parts/svgpart.so
-- Installing: /home/omen/GITHUB/PLASMA_WORLD/AthOS/REPO-AthOS/svgpart/package-svgpart/usr/share/metainfo/org.kde.svgpart.metainfo.xml
-- Installing: /home/omen/GITHUB/PLASMA_WORLD/AthOS/REPO-AthOS/svgpart/package-svgpart/usr/share/locale
-- Installing: /home/omen/GITHUB/PLASMA_WORLD/AthOS/REPO-AthOS/svgpart/package-svgpart/usr/share/locale/da
-- Installing: /home/omen/GITHUB/PLASMA_WORLD/AthOS/REPO-AthOS/svgpart/package-svgpart/usr/share/locale/da/LC_MESSAGES
-- Installing: /home/omen/GITHUB/PLASMA_WORLD/AthOS/REPO-AthOS/svgpart/package-svgpart/usr/share/locale/da/LC_MESSAGES/svgpart.mo
-- Installing: /home/omen/GITHUB/PLASMA_WORLD/AthOS/REPO-AthOS/svgpart/package-svgpart/usr/share/locale/cs
-- Installing: /home/omen/GITHUB/PLASMA_WORLD/AthOS/REPO-AthOS/svgpart/package-svgpart/usr/share/locale/cs/LC_MESSAGES
-- Installing: /home/omen/GITHUB/PLASMA_WORLD/AthOS/REPO-AthOS/svgpart/package-svgpart/usr/share/locale/cs/LC_MESSAGES/svgpart.mo
-- Installing: /home/omen/GITHUB/PLASMA_WORLD/AthOS/REPO-AthOS/svgpart/package-svgpart/usr/share/locale/ja
-- Installing: /home/omen/GITHUB/PLASMA_WORLD/AthOS/REPO-AthOS/svgpart/package-svgpart/usr/share/locale/ja/LC_MESSAGES
-- Installing: /home/omen/GITHUB/PLASMA_WORLD/AthOS/REPO-AthOS/svgpart/package-svgpart/usr/share/locale/ja/LC_MESSAGES/svgpart.mo
-- Installing: /home/omen/GITHUB/PLASMA_WORLD/AthOS/REPO-AthOS/svgpart/package-svgpart/usr/share/locale/de
-- Installing: /home/omen/GITHUB/PLASMA_WORLD/AthOS/REPO-AthOS/svgpart/package-svgpart/usr/share/locale/de/LC_MESSAGES
-- Installing: /home/omen/GITHUB/PLASMA_WORLD/AthOS/REPO-AthOS/svgpart/package-svgpart/usr/share/locale/de/LC_MESSAGES/svgpart.mo
-- Installing: /home/omen/GITHUB/PLASMA_WORLD/AthOS/REPO-AthOS/svgpart/package-svgpart/usr/share/locale/el
-- Installing: /home/omen/GITHUB/PLASMA_WORLD/AthOS/REPO-AthOS/svgpart/package-svgpart/usr/share/locale/el/LC_MESSAGES
-- Installing: /home/omen/GITHUB/PLASMA_WORLD/AthOS/REPO-AthOS/svgpart/package-svgpart/usr/share/locale/el/LC_MESSAGES/svgpart.mo
-- Installing: /home/omen/GITHUB/PLASMA_WORLD/AthOS/REPO-AthOS/svgpart/package-svgpart/usr/share/locale/nn
-- Installing: /home/omen/GITHUB/PLASMA_WORLD/AthOS/REPO-AthOS/svgpart/package-svgpart/usr/share/locale/nn/LC_MESSAGES
-- Installing: /home/omen/GITHUB/PLASMA_WORLD/AthOS/REPO-AthOS/svgpart/package-svgpart/usr/share/locale/nn/LC_MESSAGES/svgpart.mo
-- Installing: /home/omen/GITHUB/PLASMA_WORLD/AthOS/REPO-AthOS/svgpart/package-svgpart/usr/share/locale/hi
-- Installing: /home/omen/GITHUB/PLASMA_WORLD/AthOS/REPO-AthOS/svgpart/package-svgpart/usr/share/locale/hi/LC_MESSAGES
-- Installing: /home/omen/GITHUB/PLASMA_WORLD/AthOS/REPO-AthOS/svgpart/package-svgpart/usr/share/locale/hi/LC_MESSAGES/svgpart.mo
-- Installing: /home/omen/GITHUB/PLASMA_WORLD/AthOS/REPO-AthOS/svgpart/package-svgpart/usr/share/locale/pt_BR
-- Installing: /home/omen/GITHUB/PLASMA_WORLD/AthOS/REPO-AthOS/svgpart/package-svgpart/usr/share/locale/pt_BR/LC_MESSAGES
-- Installing: /home/omen/GITHUB/PLASMA_WORLD/AthOS/REPO-AthOS/svgpart/package-svgpart/usr/share/locale/pt_BR/LC_MESSAGES/svgpart.mo
-- Installing: /home/omen/GITHUB/PLASMA_WORLD/AthOS/REPO-AthOS/svgpart/package-svgpart/usr/share/locale/lt
-- Installing: /home/omen/GITHUB/PLASMA_WORLD/AthOS/REPO-AthOS/svgpart/package-svgpart/usr/share/locale/lt/LC_MESSAGES
-- Installing: /home/omen/GITHUB/PLASMA_WORLD/AthOS/REPO-AthOS/svgpart/package-svgpart/usr/share/locale/lt/LC_MESSAGES/svgpart.mo
-- Installing: /home/omen/GITHUB/PLASMA_WORLD/AthOS/REPO-AthOS/svgpart/package-svgpart/usr/share/locale/be
-- Installing: /home/omen/GITHUB/PLASMA_WORLD/AthOS/REPO-AthOS/svgpart/package-svgpart/usr/share/locale/be/LC_MESSAGES
-- Installing: /home/omen/GITHUB/PLASMA_WORLD/AthOS/REPO-AthOS/svgpart/package-svgpart/usr/share/locale/be/LC_MESSAGES/svgpart.mo
-- Installing: /home/omen/GITHUB/PLASMA_WORLD/AthOS/REPO-AthOS/svgpart/package-svgpart/usr/share/locale/pa
-- Installing: /home/omen/GITHUB/PLASMA_WORLD/AthOS/REPO-AthOS/svgpart/package-svgpart/usr/share/locale/pa/LC_MESSAGES
-- Installing: /home/omen/GITHUB/PLASMA_WORLD/AthOS/REPO-AthOS/svgpart/package-svgpart/usr/share/locale/pa/LC_MESSAGES/svgpart.mo
-- Installing: /home/omen/GITHUB/PLASMA_WORLD/AthOS/REPO-AthOS/svgpart/package-svgpart/usr/share/locale/sl
-- Installing: /home/omen/GITHUB/PLASMA_WORLD/AthOS/REPO-AthOS/svgpart/package-svgpart/usr/share/locale/sl/LC_MESSAGES
-- Installing: /home/omen/GITHUB/PLASMA_WORLD/AthOS/REPO-AthOS/svgpart/package-svgpart/usr/share/locale/sl/LC_MESSAGES/svgpart.mo
-- Installing: /home/omen/GITHUB/PLASMA_WORLD/AthOS/REPO-AthOS/svgpart/package-svgpart/usr/share/locale/ie
-- Installing: /home/omen/GITHUB/PLASMA_WORLD/AthOS/REPO-AthOS/svgpart/package-svgpart/usr/share/locale/ie/LC_MESSAGES
-- Installing: /home/omen/GITHUB/PLASMA_WORLD/AthOS/REPO-AthOS/svgpart/package-svgpart/usr/share/locale/ie/LC_MESSAGES/svgpart.mo
-- Installing: /home/omen/GITHUB/PLASMA_WORLD/AthOS/REPO-AthOS/svgpart/package-svgpart/usr/share/locale/ta
-- Installing: /home/omen/GITHUB/PLASMA_WORLD/AthOS/REPO-AthOS/svgpart/package-svgpart/usr/share/locale/ta/LC_MESSAGES
-- Installing: /home/omen/GITHUB/PLASMA_WORLD/AthOS/REPO-AthOS/svgpart/package-svgpart/usr/share/locale/ta/LC_MESSAGES/svgpart.mo
-- Installing: /home/omen/GITHUB/PLASMA_WORLD/AthOS/REPO-AthOS/svgpart/package-svgpart/usr/share/locale/ro
-- Installing: /home/omen/GITHUB/PLASMA_WORLD/AthOS/REPO-AthOS/svgpart/package-svgpart/usr/share/locale/ro/LC_MESSAGES
-- Installing: /home/omen/GITHUB/PLASMA_WORLD/AthOS/REPO-AthOS/svgpart/package-svgpart/usr/share/locale/ro/LC_MESSAGES/svgpart.mo
-- Installing: /home/omen/GITHUB/PLASMA_WORLD/AthOS/REPO-AthOS/svgpart/package-svgpart/usr/share/locale/bs
-- Installing: /home/omen/GITHUB/PLASMA_WORLD/AthOS/REPO-AthOS/svgpart/package-svgpart/usr/share/locale/bs/LC_MESSAGES
-- Installing: /home/omen/GITHUB/PLASMA_WORLD/AthOS/REPO-AthOS/svgpart/package-svgpart/usr/share/locale/bs/LC_MESSAGES/svgpart.mo
-- Installing: /home/omen/GITHUB/PLASMA_WORLD/AthOS/REPO-AthOS/svgpart/package-svgpart/usr/share/locale/is
-- Installing: /home/omen/GITHUB/PLASMA_WORLD/AthOS/REPO-AthOS/svgpart/package-svgpart/usr/share/locale/is/LC_MESSAGES
-- Installing: /home/omen/GITHUB/PLASMA_WORLD/AthOS/REPO-AthOS/svgpart/package-svgpart/usr/share/locale/is/LC_MESSAGES/svgpart.mo
-- Installing: /home/omen/GITHUB/PLASMA_WORLD/AthOS/REPO-AthOS/svgpart/package-svgpart/usr/share/locale/wa
-- Installing: /home/omen/GITHUB/PLASMA_WORLD/AthOS/REPO-AthOS/svgpart/package-svgpart/usr/share/locale/wa/LC_MESSAGES
-- Installing: /home/omen/GITHUB/PLASMA_WORLD/AthOS/REPO-AthOS/svgpart/package-svgpart/usr/share/locale/wa/LC_MESSAGES/svgpart.mo
-- Installing: /home/omen/GITHUB/PLASMA_WORLD/AthOS/REPO-AthOS/svgpart/package-svgpart/usr/share/locale/kk
-- Installing: /home/omen/GITHUB/PLASMA_WORLD/AthOS/REPO-AthOS/svgpart/package-svgpart/usr/share/locale/kk/LC_MESSAGES
-- Installing: /home/omen/GITHUB/PLASMA_WORLD/AthOS/REPO-AthOS/svgpart/package-svgpart/usr/share/locale/kk/LC_MESSAGES/svgpart.mo
-- Installing: /home/omen/GITHUB/PLASMA_WORLD/AthOS/REPO-AthOS/svgpart/package-svgpart/usr/share/locale/he
-- Installing: /home/omen/GITHUB/PLASMA_WORLD/AthOS/REPO-AthOS/svgpart/package-svgpart/usr/share/locale/he/LC_MESSAGES
-- Installing: /home/omen/GITHUB/PLASMA_WORLD/AthOS/REPO-AthOS/svgpart/package-svgpart/usr/share/locale/he/LC_MESSAGES/svgpart.mo
-- Installing: /home/omen/GITHUB/PLASMA_WORLD/AthOS/REPO-AthOS/svgpart/package-svgpart/usr/share/locale/zh_TW
-- Installing: /home/omen/GITHUB/PLASMA_WORLD/AthOS/REPO-AthOS/svgpart/package-svgpart/usr/share/locale/zh_TW/LC_MESSAGES
-- Installing: /home/omen/GITHUB/PLASMA_WORLD/AthOS/REPO-AthOS/svgpart/package-svgpart/usr/share/locale/zh_TW/LC_MESSAGES/svgpart.mo
-- Installing: /home/omen/GITHUB/PLASMA_WORLD/AthOS/REPO-AthOS/svgpart/package-svgpart/usr/share/locale/pl
-- Installing: /home/omen/GITHUB/PLASMA_WORLD/AthOS/REPO-AthOS/svgpart/package-svgpart/usr/share/locale/pl/LC_MESSAGES
-- Installing: /home/omen/GITHUB/PLASMA_WORLD/AthOS/REPO-AthOS/svgpart/package-svgpart/usr/share/locale/pl/LC_MESSAGES/svgpart.mo
-- Installing: /home/omen/GITHUB/PLASMA_WORLD/AthOS/REPO-AthOS/svgpart/package-svgpart/usr/share/locale/km
-- Installing: /home/omen/GITHUB/PLASMA_WORLD/AthOS/REPO-AthOS/svgpart/package-svgpart/usr/share/locale/km/LC_MESSAGES
-- Installing: /home/omen/GITHUB/PLASMA_WORLD/AthOS/REPO-AthOS/svgpart/package-svgpart/usr/share/locale/km/LC_MESSAGES/svgpart.mo
-- Installing: /home/omen/GITHUB/PLASMA_WORLD/AthOS/REPO-AthOS/svgpart/package-svgpart/usr/share/locale/pt
-- Installing: /home/omen/GITHUB/PLASMA_WORLD/AthOS/REPO-AthOS/svgpart/package-svgpart/usr/share/locale/pt/LC_MESSAGES
-- Installing: /home/omen/GITHUB/PLASMA_WORLD/AthOS/REPO-AthOS/svgpart/package-svgpart/usr/share/locale/pt/LC_MESSAGES/svgpart.mo
-- Installing: /home/omen/GITHUB/PLASMA_WORLD/AthOS/REPO-AthOS/svgpart/package-svgpart/usr/share/locale/hr
-- Installing: /home/omen/GITHUB/PLASMA_WORLD/AthOS/REPO-AthOS/svgpart/package-svgpart/usr/share/locale/hr/LC_MESSAGES
-- Installing: /home/omen/GITHUB/PLASMA_WORLD/AthOS/REPO-AthOS/svgpart/package-svgpart/usr/share/locale/hr/LC_MESSAGES/svgpart.mo
-- Installing: /home/omen/GITHUB/PLASMA_WORLD/AthOS/REPO-AthOS/svgpart/package-svgpart/usr/share/locale/tr
-- Installing: /home/omen/GITHUB/PLASMA_WORLD/AthOS/REPO-AthOS/svgpart/package-svgpart/usr/share/locale/tr/LC_MESSAGES
-- Installing: /home/omen/GITHUB/PLASMA_WORLD/AthOS/REPO-AthOS/svgpart/package-svgpart/usr/share/locale/tr/LC_MESSAGES/svgpart.mo
-- Installing: /home/omen/GITHUB/PLASMA_WORLD/AthOS/REPO-AthOS/svgpart/package-svgpart/usr/share/locale/fr
-- Installing: /home/omen/GITHUB/PLASMA_WORLD/AthOS/REPO-AthOS/svgpart/package-svgpart/usr/share/locale/fr/LC_MESSAGES
-- Installing: /home/omen/GITHUB/PLASMA_WORLD/AthOS/REPO-AthOS/svgpart/package-svgpart/usr/share/locale/fr/LC_MESSAGES/svgpart.mo
-- Installing: /home/omen/GITHUB/PLASMA_WORLD/AthOS/REPO-AthOS/svgpart/package-svgpart/usr/share/locale/ast
-- Installing: /home/omen/GITHUB/PLASMA_WORLD/AthOS/REPO-AthOS/svgpart/package-svgpart/usr/share/locale/ast/LC_MESSAGES
-- Installing: /home/omen/GITHUB/PLASMA_WORLD/AthOS/REPO-AthOS/svgpart/package-svgpart/usr/share/locale/ast/LC_MESSAGES/svgpart.mo
-- Installing: /home/omen/GITHUB/PLASMA_WORLD/AthOS/REPO-AthOS/svgpart/package-svgpart/usr/share/locale/vi
-- Installing: /home/omen/GITHUB/PLASMA_WORLD/AthOS/REPO-AthOS/svgpart/package-svgpart/usr/share/locale/vi/LC_MESSAGES
-- Installing: /home/omen/GITHUB/PLASMA_WORLD/AthOS/REPO-AthOS/svgpart/package-svgpart/usr/share/locale/vi/LC_MESSAGES/svgpart.mo
-- Installing: /home/omen/GITHUB/PLASMA_WORLD/AthOS/REPO-AthOS/svgpart/package-svgpart/usr/share/locale/ka
-- Installing: /home/omen/GITHUB/PLASMA_WORLD/AthOS/REPO-AthOS/svgpart/package-svgpart/usr/share/locale/ka/LC_MESSAGES
-- Installing: /home/omen/GITHUB/PLASMA_WORLD/AthOS/REPO-AthOS/svgpart/package-svgpart/usr/share/locale/ka/LC_MESSAGES/svgpart.mo
-- Installing: /home/omen/GITHUB/PLASMA_WORLD/AthOS/REPO-AthOS/svgpart/package-svgpart/usr/share/locale/th
-- Installing: /home/omen/GITHUB/PLASMA_WORLD/AthOS/REPO-AthOS/svgpart/package-svgpart/usr/share/locale/th/LC_MESSAGES
-- Installing: /home/omen/GITHUB/PLASMA_WORLD/AthOS/REPO-AthOS/svgpart/package-svgpart/usr/share/locale/th/LC_MESSAGES/svgpart.mo
-- Installing: /home/omen/GITHUB/PLASMA_WORLD/AthOS/REPO-AthOS/svgpart/package-svgpart/usr/share/locale/gl
-- Installing: /home/omen/GITHUB/PLASMA_WORLD/AthOS/REPO-AthOS/svgpart/package-svgpart/usr/share/locale/gl/LC_MESSAGES
-- Installing: /home/omen/GITHUB/PLASMA_WORLD/AthOS/REPO-AthOS/svgpart/package-svgpart/usr/share/locale/gl/LC_MESSAGES/svgpart.mo
-- Installing: /home/omen/GITHUB/PLASMA_WORLD/AthOS/REPO-AthOS/svgpart/package-svgpart/usr/share/locale/ia
-- Installing: /home/omen/GITHUB/PLASMA_WORLD/AthOS/REPO-AthOS/svgpart/package-svgpart/usr/share/locale/ia/LC_MESSAGES
-- Installing: /home/omen/GITHUB/PLASMA_WORLD/AthOS/REPO-AthOS/svgpart/package-svgpart/usr/share/locale/ia/LC_MESSAGES/svgpart.mo
-- Installing: /home/omen/GITHUB/PLASMA_WORLD/AthOS/REPO-AthOS/svgpart/package-svgpart/usr/share/locale/hu
-- Installing: /home/omen/GITHUB/PLASMA_WORLD/AthOS/REPO-AthOS/svgpart/package-svgpart/usr/share/locale/hu/LC_MESSAGES
-- Installing: /home/omen/GITHUB/PLASMA_WORLD/AthOS/REPO-AthOS/svgpart/package-svgpart/usr/share/locale/hu/LC_MESSAGES/svgpart.mo
-- Installing: /home/omen/GITHUB/PLASMA_WORLD/AthOS/REPO-AthOS/svgpart/package-svgpart/usr/share/locale/eo
-- Installing: /home/omen/GITHUB/PLASMA_WORLD/AthOS/REPO-AthOS/svgpart/package-svgpart/usr/share/locale/eo/LC_MESSAGES
-- Installing: /home/omen/GITHUB/PLASMA_WORLD/AthOS/REPO-AthOS/svgpart/package-svgpart/usr/share/locale/eo/LC_MESSAGES/svgpart.mo
-- Installing: /home/omen/GITHUB/PLASMA_WORLD/AthOS/REPO-AthOS/svgpart/package-svgpart/usr/share/locale/bg
-- Installing: /home/omen/GITHUB/PLASMA_WORLD/AthOS/REPO-AthOS/svgpart/package-svgpart/usr/share/locale/bg/LC_MESSAGES
-- Installing: /home/omen/GITHUB/PLASMA_WORLD/AthOS/REPO-AthOS/svgpart/package-svgpart/usr/share/locale/bg/LC_MESSAGES/svgpart.mo
-- Installing: /home/omen/GITHUB/PLASMA_WORLD/AthOS/REPO-AthOS/svgpart/package-svgpart/usr/share/locale/ga
-- Installing: /home/omen/GITHUB/PLASMA_WORLD/AthOS/REPO-AthOS/svgpart/package-svgpart/usr/share/locale/ga/LC_MESSAGES
-- Installing: /home/omen/GITHUB/PLASMA_WORLD/AthOS/REPO-AthOS/svgpart/package-svgpart/usr/share/locale/ga/LC_MESSAGES/svgpart.mo
-- Installing: /home/omen/GITHUB/PLASMA_WORLD/AthOS/REPO-AthOS/svgpart/package-svgpart/usr/share/locale/ca
-- Installing: /home/omen/GITHUB/PLASMA_WORLD/AthOS/REPO-AthOS/svgpart/package-svgpart/usr/share/locale/ca/LC_MESSAGES
-- Installing: /home/omen/GITHUB/PLASMA_WORLD/AthOS/REPO-AthOS/svgpart/package-svgpart/usr/share/locale/ca/LC_MESSAGES/svgpart.mo
-- Installing: /home/omen/GITHUB/PLASMA_WORLD/AthOS/REPO-AthOS/svgpart/package-svgpart/usr/share/locale/uk
-- Installing: /home/omen/GITHUB/PLASMA_WORLD/AthOS/REPO-AthOS/svgpart/package-svgpart/usr/share/locale/uk/LC_MESSAGES
-- Installing: /home/omen/GITHUB/PLASMA_WORLD/AthOS/REPO-AthOS/svgpart/package-svgpart/usr/share/locale/uk/LC_MESSAGES/svgpart.mo
-- Installing: /home/omen/GITHUB/PLASMA_WORLD/AthOS/REPO-AthOS/svgpart/package-svgpart/usr/share/locale/id
-- Installing: /home/omen/GITHUB/PLASMA_WORLD/AthOS/REPO-AthOS/svgpart/package-svgpart/usr/share/locale/id/LC_MESSAGES
-- Installing: /home/omen/GITHUB/PLASMA_WORLD/AthOS/REPO-AthOS/svgpart/package-svgpart/usr/share/locale/id/LC_MESSAGES/svgpart.mo
-- Installing: /home/omen/GITHUB/PLASMA_WORLD/AthOS/REPO-AthOS/svgpart/package-svgpart/usr/share/locale/ku
-- Installing: /home/omen/GITHUB/PLASMA_WORLD/AthOS/REPO-AthOS/svgpart/package-svgpart/usr/share/locale/ku/LC_MESSAGES
-- Installing: /home/omen/GITHUB/PLASMA_WORLD/AthOS/REPO-AthOS/svgpart/package-svgpart/usr/share/locale/ku/LC_MESSAGES/svgpart.mo
-- Installing: /home/omen/GITHUB/PLASMA_WORLD/AthOS/REPO-AthOS/svgpart/package-svgpart/usr/share/locale/en_GB
-- Installing: /home/omen/GITHUB/PLASMA_WORLD/AthOS/REPO-AthOS/svgpart/package-svgpart/usr/share/locale/en_GB/LC_MESSAGES
-- Installing: /home/omen/GITHUB/PLASMA_WORLD/AthOS/REPO-AthOS/svgpart/package-svgpart/usr/share/locale/en_GB/LC_MESSAGES/svgpart.mo
-- Installing: /home/omen/GITHUB/PLASMA_WORLD/AthOS/REPO-AthOS/svgpart/package-svgpart/usr/share/locale/zh_CN
-- Installing: /home/omen/GITHUB/PLASMA_WORLD/AthOS/REPO-AthOS/svgpart/package-svgpart/usr/share/locale/zh_CN/LC_MESSAGES
-- Installing: /home/omen/GITHUB/PLASMA_WORLD/AthOS/REPO-AthOS/svgpart/package-svgpart/usr/share/locale/zh_CN/LC_MESSAGES/svgpart.mo
-- Installing: /home/omen/GITHUB/PLASMA_WORLD/AthOS/REPO-AthOS/svgpart/package-svgpart/usr/share/locale/nl
-- Installing: /home/omen/GITHUB/PLASMA_WORLD/AthOS/REPO-AthOS/svgpart/package-svgpart/usr/share/locale/nl/LC_MESSAGES
-- Installing: /home/omen/GITHUB/PLASMA_WORLD/AthOS/REPO-AthOS/svgpart/package-svgpart/usr/share/locale/nl/LC_MESSAGES/svgpart.mo
-- Installing: /home/omen/GITHUB/PLASMA_WORLD/AthOS/REPO-AthOS/svgpart/package-svgpart/usr/share/locale/sa
-- Installing: /home/omen/GITHUB/PLASMA_WORLD/AthOS/REPO-AthOS/svgpart/package-svgpart/usr/share/locale/sa/LC_MESSAGES
-- Installing: /home/omen/GITHUB/PLASMA_WORLD/AthOS/REPO-AthOS/svgpart/package-svgpart/usr/share/locale/sa/LC_MESSAGES/svgpart.mo
-- Installing: /home/omen/GITHUB/PLASMA_WORLD/AthOS/REPO-AthOS/svgpart/package-svgpart/usr/share/locale/fi
-- Installing: /home/omen/GITHUB/PLASMA_WORLD/AthOS/REPO-AthOS/svgpart/package-svgpart/usr/share/locale/fi/LC_MESSAGES
-- Installing: /home/omen/GITHUB/PLASMA_WORLD/AthOS/REPO-AthOS/svgpart/package-svgpart/usr/share/locale/fi/LC_MESSAGES/svgpart.mo
-- Installing: /home/omen/GITHUB/PLASMA_WORLD/AthOS/REPO-AthOS/svgpart/package-svgpart/usr/share/locale/ko
-- Installing: /home/omen/GITHUB/PLASMA_WORLD/AthOS/REPO-AthOS/svgpart/package-svgpart/usr/share/locale/ko/LC_MESSAGES
-- Installing: /home/omen/GITHUB/PLASMA_WORLD/AthOS/REPO-AthOS/svgpart/package-svgpart/usr/share/locale/ko/LC_MESSAGES/svgpart.mo
-- Installing: /home/omen/GITHUB/PLASMA_WORLD/AthOS/REPO-AthOS/svgpart/package-svgpart/usr/share/locale/mk
-- Installing: /home/omen/GITHUB/PLASMA_WORLD/AthOS/REPO-AthOS/svgpart/package-svgpart/usr/share/locale/mk/LC_MESSAGES
-- Installing: /home/omen/GITHUB/PLASMA_WORLD/AthOS/REPO-AthOS/svgpart/package-svgpart/usr/share/locale/mk/LC_MESSAGES/svgpart.mo
-- Installing: /home/omen/GITHUB/PLASMA_WORLD/AthOS/REPO-AthOS/svgpart/package-svgpart/usr/share/locale/ru
-- Installing: /home/omen/GITHUB/PLASMA_WORLD/AthOS/REPO-AthOS/svgpart/package-svgpart/usr/share/locale/ru/LC_MESSAGES
-- Installing: /home/omen/GITHUB/PLASMA_WORLD/AthOS/REPO-AthOS/svgpart/package-svgpart/usr/share/locale/ru/LC_MESSAGES/svgpart.mo
-- Installing: /home/omen/GITHUB/PLASMA_WORLD/AthOS/REPO-AthOS/svgpart/package-svgpart/usr/share/locale/lv
-- Installing: /home/omen/GITHUB/PLASMA_WORLD/AthOS/REPO-AthOS/svgpart/package-svgpart/usr/share/locale/lv/LC_MESSAGES
-- Installing: /home/omen/GITHUB/PLASMA_WORLD/AthOS/REPO-AthOS/svgpart/package-svgpart/usr/share/locale/lv/LC_MESSAGES/svgpart.mo
-- Installing: /home/omen/GITHUB/PLASMA_WORLD/AthOS/REPO-AthOS/svgpart/package-svgpart/usr/share/locale/ml
-- Installing: /home/omen/GITHUB/PLASMA_WORLD/AthOS/REPO-AthOS/svgpart/package-svgpart/usr/share/locale/ml/LC_MESSAGES
-- Installing: /home/omen/GITHUB/PLASMA_WORLD/AthOS/REPO-AthOS/svgpart/package-svgpart/usr/share/locale/ml/LC_MESSAGES/svgpart.mo
-- Installing: /home/omen/GITHUB/PLASMA_WORLD/AthOS/REPO-AthOS/svgpart/package-svgpart/usr/share/locale/ca@valencia
-- Installing: /home/omen/GITHUB/PLASMA_WORLD/AthOS/REPO-AthOS/svgpart/package-svgpart/usr/share/locale/ca@valencia/LC_MESSAGES
-- Installing: /home/omen/GITHUB/PLASMA_WORLD/AthOS/REPO-AthOS/svgpart/package-svgpart/usr/share/locale/ca@valencia/LC_MESSAGES/svgpart.mo
-- Installing: /home/omen/GITHUB/PLASMA_WORLD/AthOS/REPO-AthOS/svgpart/package-svgpart/usr/share/locale/nb
-- Installing: /home/omen/GITHUB/PLASMA_WORLD/AthOS/REPO-AthOS/svgpart/package-svgpart/usr/share/locale/nb/LC_MESSAGES
-- Installing: /home/omen/GITHUB/PLASMA_WORLD/AthOS/REPO-AthOS/svgpart/package-svgpart/usr/share/locale/nb/LC_MESSAGES/svgpart.mo
-- Installing: /home/omen/GITHUB/PLASMA_WORLD/AthOS/REPO-AthOS/svgpart/package-svgpart/usr/share/locale/es
-- Installing: /home/omen/GITHUB/PLASMA_WORLD/AthOS/REPO-AthOS/svgpart/package-svgpart/usr/share/locale/es/LC_MESSAGES
-- Installing: /home/omen/GITHUB/PLASMA_WORLD/AthOS/REPO-AthOS/svgpart/package-svgpart/usr/share/locale/es/LC_MESSAGES/svgpart.mo
-- Installing: /home/omen/GITHUB/PLASMA_WORLD/AthOS/REPO-AthOS/svgpart/package-svgpart/usr/share/locale/eu
-- Installing: /home/omen/GITHUB/PLASMA_WORLD/AthOS/REPO-AthOS/svgpart/package-svgpart/usr/share/locale/eu/LC_MESSAGES
-- Installing: /home/omen/GITHUB/PLASMA_WORLD/AthOS/REPO-AthOS/svgpart/package-svgpart/usr/share/locale/eu/LC_MESSAGES/svgpart.mo
-- Installing: /home/omen/GITHUB/PLASMA_WORLD/AthOS/REPO-AthOS/svgpart/package-svgpart/usr/share/locale/et
-- Installing: /home/omen/GITHUB/PLASMA_WORLD/AthOS/REPO-AthOS/svgpart/package-svgpart/usr/share/locale/et/LC_MESSAGES
-- Installing: /home/omen/GITHUB/PLASMA_WORLD/AthOS/REPO-AthOS/svgpart/package-svgpart/usr/share/locale/et/LC_MESSAGES/svgpart.mo
-- Installing: /home/omen/GITHUB/PLASMA_WORLD/AthOS/REPO-AthOS/svgpart/package-svgpart/usr/share/locale/it
-- Installing: /home/omen/GITHUB/PLASMA_WORLD/AthOS/REPO-AthOS/svgpart/package-svgpart/usr/share/locale/it/LC_MESSAGES
-- Installing: /home/omen/GITHUB/PLASMA_WORLD/AthOS/REPO-AthOS/svgpart/package-svgpart/usr/share/locale/it/LC_MESSAGES/svgpart.mo
-- Installing: /home/omen/GITHUB/PLASMA_WORLD/AthOS/REPO-AthOS/svgpart/package-svgpart/usr/share/locale/ar
-- Installing: /home/omen/GITHUB/PLASMA_WORLD/AthOS/REPO-AthOS/svgpart/package-svgpart/usr/share/locale/ar/LC_MESSAGES
-- Installing: /home/omen/GITHUB/PLASMA_WORLD/AthOS/REPO-AthOS/svgpart/package-svgpart/usr/share/locale/ar/LC_MESSAGES/svgpart.mo
-- Installing: /home/omen/GITHUB/PLASMA_WORLD/AthOS/REPO-AthOS/svgpart/package-svgpart/usr/share/locale/sq
-- Installing: /home/omen/GITHUB/PLASMA_WORLD/AthOS/REPO-AthOS/svgpart/package-svgpart/usr/share/locale/sq/LC_MESSAGES
-- Installing: /home/omen/GITHUB/PLASMA_WORLD/AthOS/REPO-AthOS/svgpart/package-svgpart/usr/share/locale/sq/LC_MESSAGES/svgpart.mo
-- Installing: /home/omen/GITHUB/PLASMA_WORLD/AthOS/REPO-AthOS/svgpart/package-svgpart/usr/share/locale/nds
-- Installing: /home/omen/GITHUB/PLASMA_WORLD/AthOS/REPO-AthOS/svgpart/package-svgpart/usr/share/locale/nds/LC_MESSAGES
-- Installing: /home/omen/GITHUB/PLASMA_WORLD/AthOS/REPO-AthOS/svgpart/package-svgpart/usr/share/locale/nds/LC_MESSAGES/svgpart.mo
-- Installing: /home/omen/GITHUB/PLASMA_WORLD/AthOS/REPO-AthOS/svgpart/package-svgpart/usr/share/locale/mr
-- Installing: /home/omen/GITHUB/PLASMA_WORLD/AthOS/REPO-AthOS/svgpart/package-svgpart/usr/share/locale/mr/LC_MESSAGES
-- Installing: /home/omen/GITHUB/PLASMA_WORLD/AthOS/REPO-AthOS/svgpart/package-svgpart/usr/share/locale/mr/LC_MESSAGES/svgpart.mo
-- Installing: /home/omen/GITHUB/PLASMA_WORLD/AthOS/REPO-AthOS/svgpart/package-svgpart/usr/share/locale/ug
-- Installing: /home/omen/GITHUB/PLASMA_WORLD/AthOS/REPO-AthOS/svgpart/package-svgpart/usr/share/locale/ug/LC_MESSAGES
-- Installing: /home/omen/GITHUB/PLASMA_WORLD/AthOS/REPO-AthOS/svgpart/package-svgpart/usr/share/locale/ug/LC_MESSAGES/svgpart.mo
-- Installing: /home/omen/GITHUB/PLASMA_WORLD/AthOS/REPO-AthOS/svgpart/package-svgpart/usr/share/locale/sk
-- Installing: /home/omen/GITHUB/PLASMA_WORLD/AthOS/REPO-AthOS/svgpart/package-svgpart/usr/share/locale/sk/LC_MESSAGES
-- Installing: /home/omen/GITHUB/PLASMA_WORLD/AthOS/REPO-AthOS/svgpart/package-svgpart/usr/share/locale/sk/LC_MESSAGES/svgpart.mo
-- Installing: /home/omen/GITHUB/PLASMA_WORLD/AthOS/REPO-AthOS/svgpart/package-svgpart/usr/share/locale/si
-- Installing: /home/omen/GITHUB/PLASMA_WORLD/AthOS/REPO-AthOS/svgpart/package-svgpart/usr/share/locale/si/LC_MESSAGES
-- Installing: /home/omen/GITHUB/PLASMA_WORLD/AthOS/REPO-AthOS/svgpart/package-svgpart/usr/share/locale/si/LC_MESSAGES/svgpart.mo
-- Installing: /home/omen/GITHUB/PLASMA_WORLD/AthOS/REPO-AthOS/svgpart/package-svgpart/usr/share/locale/sv
-- Installing: /home/omen/GITHUB/PLASMA_WORLD/AthOS/REPO-AthOS/svgpart/package-svgpart/usr/share/locale/sv/LC_MESSAGES
-- Installing: /home/omen/GITHUB/PLASMA_WORLD/AthOS/REPO-AthOS/svgpart/package-svgpart/usr/share/locale/sv/LC_MESSAGES/svgpart.mo
The main part of source code is ready. We are moving on to preparing post install scripts, docs, license, man pages etc..
cp: cannot stat 'AUTHORS': No such file or directory
cp: cannot stat 'ChangeLog*': No such file or directory
cp: cannot stat 'COPYING': No such file or directory
cp: cannot stat 'CREDITS': No such file or directory
cp: cannot stat 'LICENSE': No such file or directory
cp: cannot stat 'MAINTAINERS': No such file or directory
cp: cannot stat 'NEWS': No such file or directory
cp: cannot stat 'README*': No such file or directory
cp: cannot stat 'docs': No such file or directory
cp: cannot stat 'DOCS': No such file or directory
grep: /home/omen/GITHUB/PLASMA_WORLD/AthOS/REPO-AthOS/svgpart/svgpart.info: No such file or directory
extra-cmake-modules
kconfigwidgets
kcoreaddons
kparts
kxmlgui
Packaging compiled for slackware installation...
MAKEPKG_FLAGS is empty or unset, using default

Slackware package maker, version 3.14159265.

Searching for symbolic links:

No symbolic links were found, so we won't make an installation script.
You can make your own later in ./install/doinst.sh and rebuild the
package if you like.

This next step is optional - you can set the directories in your package
to some sane permissions. If any of the directories in your package have
special permissions, then DO NOT reset them here!

Would you like to reset all directory permissions to 755 (drwxr-xr-x) and
directory ownerships to root:root ([y]es, [n]o)? n


Creating Slackware package:  /tmp/svgpart/svgpart-25.04.1-x86_64-1_rtz.tlz

./
install/
install/doinst.sh
install/slack-desc
usr/
usr/doc/
usr/doc/svgpart-25.04.1/
usr/doc/svgpart-25.04.1/slack-required
usr/doc/svgpart-25.04.1/svgpart.ini
usr/lib64/
usr/lib64/qt6/
usr/lib64/qt6/plugins/
usr/lib64/qt6/plugins/kf6/
usr/lib64/qt6/plugins/kf6/parts/
usr/lib64/qt6/plugins/kf6/parts/svgpart.so
usr/share/
usr/share/locale/
usr/share/locale/ar/
usr/share/locale/ar/LC_MESSAGES/
usr/share/locale/ar/LC_MESSAGES/svgpart.mo
usr/share/locale/ast/
usr/share/locale/ast/LC_MESSAGES/
usr/share/locale/ast/LC_MESSAGES/svgpart.mo
usr/share/locale/be/
usr/share/locale/be/LC_MESSAGES/
usr/share/locale/be/LC_MESSAGES/svgpart.mo
usr/share/locale/bg/
usr/share/locale/bg/LC_MESSAGES/
usr/share/locale/bg/LC_MESSAGES/svgpart.mo
usr/share/locale/bs/
usr/share/locale/bs/LC_MESSAGES/
usr/share/locale/bs/LC_MESSAGES/svgpart.mo
usr/share/locale/ca/
usr/share/locale/ca/LC_MESSAGES/
usr/share/locale/ca/LC_MESSAGES/svgpart.mo
usr/share/locale/ca@valencia/
usr/share/locale/ca@valencia/LC_MESSAGES/
usr/share/locale/ca@valencia/LC_MESSAGES/svgpart.mo
usr/share/locale/cs/
usr/share/locale/cs/LC_MESSAGES/
usr/share/locale/cs/LC_MESSAGES/svgpart.mo
usr/share/locale/da/
usr/share/locale/da/LC_MESSAGES/
usr/share/locale/da/LC_MESSAGES/svgpart.mo
usr/share/locale/de/
usr/share/locale/de/LC_MESSAGES/
usr/share/locale/de/LC_MESSAGES/svgpart.mo
usr/share/locale/el/
usr/share/locale/el/LC_MESSAGES/
usr/share/locale/el/LC_MESSAGES/svgpart.mo
usr/share/locale/en_GB/
usr/share/locale/en_GB/LC_MESSAGES/
usr/share/locale/en_GB/LC_MESSAGES/svgpart.mo
usr/share/locale/eo/
usr/share/locale/eo/LC_MESSAGES/
usr/share/locale/eo/LC_MESSAGES/svgpart.mo
usr/share/locale/es/
usr/share/locale/es/LC_MESSAGES/
usr/share/locale/es/LC_MESSAGES/svgpart.mo
usr/share/locale/et/
usr/share/locale/et/LC_MESSAGES/
usr/share/locale/et/LC_MESSAGES/svgpart.mo
usr/share/locale/eu/
usr/share/locale/eu/LC_MESSAGES/
usr/share/locale/eu/LC_MESSAGES/svgpart.mo
usr/share/locale/fi/
usr/share/locale/fi/LC_MESSAGES/
usr/share/locale/fi/LC_MESSAGES/svgpart.mo
usr/share/locale/fr/
usr/share/locale/fr/LC_MESSAGES/
usr/share/locale/fr/LC_MESSAGES/svgpart.mo
usr/share/locale/ga/
usr/share/locale/ga/LC_MESSAGES/
usr/share/locale/ga/LC_MESSAGES/svgpart.mo
usr/share/locale/gl/
usr/share/locale/gl/LC_MESSAGES/
usr/share/locale/gl/LC_MESSAGES/svgpart.mo
usr/share/locale/he/
usr/share/locale/he/LC_MESSAGES/
usr/share/locale/he/LC_MESSAGES/svgpart.mo
usr/share/locale/hi/
usr/share/locale/hi/LC_MESSAGES/
usr/share/locale/hi/LC_MESSAGES/svgpart.mo
usr/share/locale/hr/
usr/share/locale/hr/LC_MESSAGES/
usr/share/locale/hr/LC_MESSAGES/svgpart.mo
usr/share/locale/hu/
usr/share/locale/hu/LC_MESSAGES/
usr/share/locale/hu/LC_MESSAGES/svgpart.mo
usr/share/locale/ia/
usr/share/locale/ia/LC_MESSAGES/
usr/share/locale/ia/LC_MESSAGES/svgpart.mo
usr/share/locale/id/
usr/share/locale/id/LC_MESSAGES/
usr/share/locale/id/LC_MESSAGES/svgpart.mo
usr/share/locale/ie/
usr/share/locale/ie/LC_MESSAGES/
usr/share/locale/ie/LC_MESSAGES/svgpart.mo
usr/share/locale/is/
usr/share/locale/is/LC_MESSAGES/
usr/share/locale/is/LC_MESSAGES/svgpart.mo
usr/share/locale/it/
usr/share/locale/it/LC_MESSAGES/
usr/share/locale/it/LC_MESSAGES/svgpart.mo
usr/share/locale/ja/
usr/share/locale/ja/LC_MESSAGES/
usr/share/locale/ja/LC_MESSAGES/svgpart.mo
usr/share/locale/ka/
usr/share/locale/ka/LC_MESSAGES/
usr/share/locale/ka/LC_MESSAGES/svgpart.mo
usr/share/locale/kk/
usr/share/locale/kk/LC_MESSAGES/
usr/share/locale/kk/LC_MESSAGES/svgpart.mo
usr/share/locale/km/
usr/share/locale/km/LC_MESSAGES/
usr/share/locale/km/LC_MESSAGES/svgpart.mo
usr/share/locale/ko/
usr/share/locale/ko/LC_MESSAGES/
usr/share/locale/ko/LC_MESSAGES/svgpart.mo
usr/share/locale/ku/
usr/share/locale/ku/LC_MESSAGES/
usr/share/locale/ku/LC_MESSAGES/svgpart.mo
usr/share/locale/lt/
usr/share/locale/lt/LC_MESSAGES/
usr/share/locale/lt/LC_MESSAGES/svgpart.mo
usr/share/locale/lv/
usr/share/locale/lv/LC_MESSAGES/
usr/share/locale/lv/LC_MESSAGES/svgpart.mo
usr/share/locale/mk/
usr/share/locale/mk/LC_MESSAGES/
usr/share/locale/mk/LC_MESSAGES/svgpart.mo
usr/share/locale/ml/
usr/share/locale/ml/LC_MESSAGES/
usr/share/locale/ml/LC_MESSAGES/svgpart.mo
usr/share/locale/mr/
usr/share/locale/mr/LC_MESSAGES/
usr/share/locale/mr/LC_MESSAGES/svgpart.mo
usr/share/locale/nb/
usr/share/locale/nb/LC_MESSAGES/
usr/share/locale/nb/LC_MESSAGES/svgpart.mo
usr/share/locale/nds/
usr/share/locale/nds/LC_MESSAGES/
usr/share/locale/nds/LC_MESSAGES/svgpart.mo
usr/share/locale/nl/
usr/share/locale/nl/LC_MESSAGES/
usr/share/locale/nl/LC_MESSAGES/svgpart.mo
usr/share/locale/nn/
usr/share/locale/nn/LC_MESSAGES/
usr/share/locale/nn/LC_MESSAGES/svgpart.mo
usr/share/locale/pa/
usr/share/locale/pa/LC_MESSAGES/
usr/share/locale/pa/LC_MESSAGES/svgpart.mo
usr/share/locale/pl/
usr/share/locale/pl/LC_MESSAGES/
usr/share/locale/pl/LC_MESSAGES/svgpart.mo
usr/share/locale/pt/
usr/share/locale/pt/LC_MESSAGES/
usr/share/locale/pt/LC_MESSAGES/svgpart.mo
usr/share/locale/pt_BR/
usr/share/locale/pt_BR/LC_MESSAGES/
usr/share/locale/pt_BR/LC_MESSAGES/svgpart.mo
usr/share/locale/ro/
usr/share/locale/ro/LC_MESSAGES/
usr/share/locale/ro/LC_MESSAGES/svgpart.mo
usr/share/locale/ru/
usr/share/locale/ru/LC_MESSAGES/
usr/share/locale/ru/LC_MESSAGES/svgpart.mo
usr/share/locale/sa/
usr/share/locale/sa/LC_MESSAGES/
usr/share/locale/sa/LC_MESSAGES/svgpart.mo
usr/share/locale/si/
usr/share/locale/si/LC_MESSAGES/
usr/share/locale/si/LC_MESSAGES/svgpart.mo
usr/share/locale/sk/
usr/share/locale/sk/LC_MESSAGES/
usr/share/locale/sk/LC_MESSAGES/svgpart.mo
usr/share/locale/sl/
usr/share/locale/sl/LC_MESSAGES/
usr/share/locale/sl/LC_MESSAGES/svgpart.mo
usr/share/locale/sq/
usr/share/locale/sq/LC_MESSAGES/
usr/share/locale/sq/LC_MESSAGES/svgpart.mo
usr/share/locale/sv/
usr/share/locale/sv/LC_MESSAGES/
usr/share/locale/sv/LC_MESSAGES/svgpart.mo
usr/share/locale/ta/
usr/share/locale/ta/LC_MESSAGES/
usr/share/locale/ta/LC_MESSAGES/svgpart.mo
usr/share/locale/th/
usr/share/locale/th/LC_MESSAGES/
usr/share/locale/th/LC_MESSAGES/svgpart.mo
usr/share/locale/tr/
usr/share/locale/tr/LC_MESSAGES/
usr/share/locale/tr/LC_MESSAGES/svgpart.mo
usr/share/locale/ug/
usr/share/locale/ug/LC_MESSAGES/
usr/share/locale/ug/LC_MESSAGES/svgpart.mo
usr/share/locale/uk/
usr/share/locale/uk/LC_MESSAGES/
usr/share/locale/uk/LC_MESSAGES/svgpart.mo
usr/share/locale/vi/
usr/share/locale/vi/LC_MESSAGES/
usr/share/locale/vi/LC_MESSAGES/svgpart.mo
usr/share/locale/wa/
usr/share/locale/wa/LC_MESSAGES/
usr/share/locale/wa/LC_MESSAGES/svgpart.mo
usr/share/locale/zh_CN/
usr/share/locale/zh_CN/LC_MESSAGES/
usr/share/locale/zh_CN/LC_MESSAGES/svgpart.mo
usr/share/locale/zh_TW/
usr/share/locale/zh_TW/LC_MESSAGES/
usr/share/locale/zh_TW/LC_MESSAGES/svgpart.mo
usr/share/metainfo/
usr/share/metainfo/org.kde.svgpart.metainfo.xml

Slackware package /tmp/svgpart/svgpart-25.04.1-x86_64-1_rtz.tlz created.

Create shared object file for svgpart-25.04.1-x86_64-1_rtz.tlz
Creating /tmp/svgpart/svgpart-25.04.1-x86_64-1_rtz.tlz.so.file using /tmp/svgpart/svgpart-25.04.1-x86_64-1_rtz.tlz
Successfully created /tmp/svgpart/svgpart-25.04.1-x86_64-1_rtz.tlz.so.file
Packaging of executable and meta-data in svgpart.tar.lz4 format.
/tmp/svgpart /tmp/svgpart
/tmp/svgpart
BIN_NAME
README
makepkg-svgpart.log
svgpart-25.04.1-x86_64-1_rtz.tlz
svgpart-25.04.1-x86_64-1_rtz.tlz.md5
svgpart-25.04.1-x86_64-1_rtz.tlz.so.file
svgpart-25.04.1-x86_64-1_rtz.tlz.txt
svgpart.dep
svgpart build finished. Procced to installation...

+====================================================================================================+
| Upgrading svgpart-25.04.1-x86_64-1_rtz package using /tmp/svgpart/svgpart-25.04.1-x86_64-1_rtz.tlz |
+====================================================================================================+

Pre-installing package svgpart-25.04.1-x86_64-1_rtz...
Removing package: svgpart-25.04.1-x86_64-1_rtz-upgraded-2025-05-11,01:27:22
Installing package svgpart-25.04.1-x86_64-1_rtz.tlz:
PACKAGE DESCRIPTION:
# svgpart (viewing SVG)
#
# KPart for viewing SVGs
#
# https://apps.kde.org/svgpart
Executing install script for svgpart-25.04.1-x86_64-1_rtz.tlz.
Font directories:
	/usr/share/fonts
/usr/share/fonts: caching, new cache contents: 0 fonts, 11 dirs
/usr/share/fonts/100dpi: caching, new cache contents: 238 fonts, 0 dirs
/usr/share/fonts/75dpi: caching, new cache contents: 238 fonts, 0 dirs
/usr/share/fonts/OTF: caching, new cache contents: 124 fonts, 0 dirs
/usr/share/fonts/Speedo: caching, new cache contents: 0 fonts, 0 dirs
/usr/share/fonts/TTF: caching, new cache contents: 1132 fonts, 0 dirs
/usr/share/fonts/Type1: caching, new cache contents: 64 fonts, 0 dirs
/usr/share/fonts/cyrillic: caching, new cache contents: 0 fonts, 0 dirs
/usr/share/fonts/encodings: caching, new cache contents: 0 fonts, 1 dirs
/usr/share/fonts/encodings/large: caching, new cache contents: 0 fonts, 0 dirs
/usr/share/fonts/kanjistrokeorders: caching, new cache contents: 1 fonts, 0 dirs
/usr/share/fonts/misc: caching, new cache contents: 143 fonts, 0 dirs
/usr/share/fonts/util: caching, new cache contents: 0 fonts, 0 dirs
/var/cache/fontconfig: cleaning cache directory
/root/.cache/fontconfig: not cleaning non-existent cache directory
/root/.fontconfig: not cleaning non-existent cache directory
/usr/bin/fc-cache: succeeded
Package svgpart-25.04.1-x86_64-1_rtz.tlz installed.
Package svgpart-25.04.1-x86_64-1_rtz upgraded with new package /tmp/svgpart/svgpart-25.04.1-x86_64-1_rtz.tlz.
Cleaning environmet: Removing source code, and work-space...
rm: cannot remove 'svgpart-25.04.1.tar.xz': No such file or directory
Build process completed in 0 minutes and 11 seconds.
