[32mStarting build process...[0m
Detected architecture: x86_64
Required dependencies: doxygen	extra-cmake-modules	plasma-wayland-protocols	wayland 
doxygen is already installed!
extra-cmake-modules is already installed!
plasma-wayland-protocols is already installed!
wayland is already installed!
No optional dependencies found.
Downloading source code tar.xz file
--2025-05-21 13:18:21--  https://download.kde.org/stable/frameworks/6.14/kidletime-6.14.0.tar.xz
Resolving download.kde.org (download.kde.org)... 49.12.122.15, 2a01:4f8:242:53eb::4
Connecting to download.kde.org (download.kde.org)|49.12.122.15|:443... connected.
HTTP request sent, awaiting response... 302 Found
Location: https://ftp.cc.uoc.gr/mirrors/kde/stable/frameworks/6.14/kidletime-6.14.0.tar.xz [following]
--2025-05-21 13:18:22--  https://ftp.cc.uoc.gr/mirrors/kde/stable/frameworks/6.14/kidletime-6.14.0.tar.xz
Resolving ftp.cc.uoc.gr (ftp.cc.uoc.gr)... 147.52.159.50, 2001:648:2c00:6c08::2
Connecting to ftp.cc.uoc.gr (ftp.cc.uoc.gr)|147.52.159.50|:443... connected.
HTTP request sent, awaiting response... 200 OK
Length: 30748 (30K) [application/octet-stream]
Saving to: ‘kidletime-6.14.0.tar.xz’

     0K .......... .......... ..........                      100% 21.9M=0.001s

2025-05-21 13:18:22 (21.9 MB/s) - ‘kidletime-6.14.0.tar.xz’ saved [30748/30748]

Found file: kidletime-6.14.0.tar.xz
No checksum provided. Skipping checksum verification and proceeding...
Creating working directories and exporting source code in...
kidletime-6.14.0/
kidletime-6.14.0/.gitignore
kidletime-6.14.0/.gitlab-ci.yml
kidletime-6.14.0/.kde-ci.yml
kidletime-6.14.0/CMakeLists.txt
kidletime-6.14.0/KF6IdleTimeConfig.cmake.in
kidletime-6.14.0/LICENSES/
kidletime-6.14.0/LICENSES/CC0-1.0.txt
kidletime-6.14.0/LICENSES/GPL-2.0-or-later.txt
kidletime-6.14.0/LICENSES/LGPL-2.1-or-later.txt
kidletime-6.14.0/LICENSES/MIT.txt
kidletime-6.14.0/README.md
kidletime-6.14.0/doc/
kidletime-6.14.0/doc/Doxyfile.local
kidletime-6.14.0/examples/
kidletime-6.14.0/examples/CMakeLists.txt
kidletime-6.14.0/examples/KIdleTest.cpp
kidletime-6.14.0/examples/KIdleTest.h
kidletime-6.14.0/examples/main.cpp
kidletime-6.14.0/metainfo.yaml
kidletime-6.14.0/src/
kidletime-6.14.0/src/CMakeLists.txt
kidletime-6.14.0/src/config-kidletime.h.cmake
kidletime-6.14.0/src/kabstractidletimepoller.cpp
kidletime-6.14.0/src/kabstractidletimepoller_p.h
kidletime-6.14.0/src/kidletime.cpp
kidletime-6.14.0/src/kidletime.h
kidletime-6.14.0/src/kwindowbasedidletimepoller.cpp
kidletime-6.14.0/src/kwindowbasedidletimepoller_p.h
kidletime-6.14.0/src/plugins/
kidletime-6.14.0/src/plugins/CMakeLists.txt
kidletime-6.14.0/src/plugins/osx/
kidletime-6.14.0/src/plugins/osx/CMakeLists.txt
kidletime-6.14.0/src/plugins/osx/macpoller.cpp
kidletime-6.14.0/src/plugins/osx/macpoller.h
kidletime-6.14.0/src/plugins/osx/osx.json
kidletime-6.14.0/src/plugins/wayland/
kidletime-6.14.0/src/plugins/wayland/CMakeLists.txt
kidletime-6.14.0/src/plugins/wayland/poller.cpp
kidletime-6.14.0/src/plugins/wayland/poller.h
kidletime-6.14.0/src/plugins/wayland/wayland.json
kidletime-6.14.0/src/plugins/windows/
kidletime-6.14.0/src/plugins/windows/CMakeLists.txt
kidletime-6.14.0/src/plugins/windows/windows.json
kidletime-6.14.0/src/plugins/windows/windowspoller.cpp
kidletime-6.14.0/src/plugins/windows/windowspoller.h
kidletime-6.14.0/src/plugins/xscreensaver/
kidletime-6.14.0/src/plugins/xscreensaver/CMakeLists.txt
kidletime-6.14.0/src/plugins/xscreensaver/org.freedesktop.ScreenSaver.xml
kidletime-6.14.0/src/plugins/xscreensaver/xcb.json
kidletime-6.14.0/src/plugins/xscreensaver/xscreensaverbasedpoller.cpp
kidletime-6.14.0/src/plugins/xscreensaver/xscreensaverbasedpoller.h
kidletime-6.14.0/src/plugins/xsync/
kidletime-6.14.0/src/plugins/xsync/CMakeLists.txt
kidletime-6.14.0/src/plugins/xsync/fixx11h.h
kidletime-6.14.0/src/plugins/xsync/xcb.json
kidletime-6.14.0/src/plugins/xsync/xsyncbasedpoller.cpp
kidletime-6.14.0/src/plugins/xsync/xsyncbasedpoller.h
/home/omen/GITHUB/Athos/AthOS/REPO-AthOS/kidletime/work
README or README.md already exists, skipping creation.
hm...lets continue and see what happens
-- The C compiler identification is GNU 14.2.0
-- The CXX compiler identification is GNU 14.2.0
-- Detecting C compiler ABI info
-- Detecting C compiler ABI info - done
-- Check for working C compiler: /usr/bin/cc - skipped
-- Detecting C compile features
-- Detecting C compile features - done
-- Detecting CXX compiler ABI info
-- Detecting CXX compiler ABI info - done
-- Check for working CXX compiler: /usr/bin/c++ - skipped
-- Detecting CXX compile features
-- Detecting CXX compile features - done
-- 

-- Installing in the same prefix as Qt, adopting their path scheme.
-- Performing Test HAVE_STDATOMIC
-- Performing Test HAVE_STDATOMIC - Success
-- Found WrapAtomic: TRUE
-- Looking for __GLIBC__
-- Looking for __GLIBC__ - found
-- Performing Test _OFFT_IS_64BIT
-- Performing Test _OFFT_IS_64BIT - Success
-- Performing Test HAVE_DATE_TIME
-- Performing Test HAVE_DATE_TIME - Success
-- Performing Test BSYMBOLICFUNCTIONS_AVAILABLE
-- Performing Test BSYMBOLICFUNCTIONS_AVAILABLE - Success
CMake Warning (dev) at CMakeLists.txt:19 (include):
  Policy CMP0173 is not set: The CMakeFindFrameworks module is removed.  Run
  "cmake --help-policy CMP0173" for policy details.  Use the cmake_policy
  command to set the policy and suppress this warning.

This warning is for project developers.  Use -Wno-dev to suppress it.

CMake Warning (dev) at /usr/share/cmake-4.0/Modules/CMakeFindFrameworks.cmake:29 (message):
  CMakeFindFrameworks.cmake is not maintained and lacks support for more
  recent framework handling.  It will be removed in a future version of
  CMake.  Update the code to use find_library() instead.
Call Stack (most recent call first):
  CMakeLists.txt:19 (include)
This warning is for project developers.  Use -Wno-dev to suppress it.

-- Found OpenGL: /usr/lib64/libOpenGL.so
-- Found WrapOpenGL: TRUE
-- Found XKB: /usr/lib64/libxkbcommon.so (found suitable version "1.9.2", minimum required is "0.5.0")
-- Found WrapVulkanHeaders: /usr/include
-- Found X11: /usr/include
-- Looking for XOpenDisplay in /usr/lib64/libX11.so;/usr/lib64/libXext.so
-- Looking for XOpenDisplay in /usr/lib64/libX11.so;/usr/lib64/libXext.so - found
-- Looking for gethostbyname
-- Looking for gethostbyname - found
-- Looking for connect
-- Looking for connect - found
-- Looking for remove
-- Looking for remove - found
-- Looking for shmat
-- Looking for shmat - found
-- Looking for IceConnectionNumber in ICE
-- Looking for IceConnectionNumber in ICE - found
-- Found XCB_XCB: /usr/lib64/libxcb.so (found version "1.17.0")
-- Found XCB_SYNC: /usr/lib64/libxcb-sync.so (found version "1.17.0")
-- Found XCB: /usr/lib64/libxcb.so;/usr/lib64/libxcb-sync.so (found version "1.17.0") found components: XCB SYNC
-- Found X11_XCB: /usr/lib64/libX11-xcb.so (found version "1.8.12")
-- Found Wayland_Client: /usr/lib64/libwayland-client.so (found version "1.23.1")
-- Found Wayland_Server: /usr/lib64/libwayland-server.so (found version "1.23.1")
-- Found Wayland_Cursor: /usr/lib64/libwayland-cursor.so (found version "1.23.1")
-- Found Wayland_Egl: /usr/lib64/libwayland-egl.so (found version "18.1.0")
-- Found Wayland: /usr/lib64/libwayland-client.so;/usr/lib64/libwayland-server.so;/usr/lib64/libwayland-cursor.so;/usr/lib64/libwayland-egl.so (found suitable version "1.23.1", minimum required is "1.15")
-- Found WaylandScanner: /usr/bin/wayland-scanner
-- Found Wayland: /usr/lib64/libwayland-client.so;/usr/lib64/libwayland-server.so;/usr/lib64/libwayland-cursor.so;/usr/lib64/libwayland-egl.so (found suitable version "1.23.1", minimum required is "1.9") found components: Client
-- Found WaylandProtocols: //usr/share/wayland-protocols (found suitable version "1.44", minimum required is "1.27")
-- Warning: Property URL already set to "https://wayland.freedesktop.org/", overriding it with "https://gitlab.freedesktop.org/wayland/wayland-protocols/"
-- Performing Test COMPILER_HAS_HIDDEN_VISIBILITY
-- Performing Test COMPILER_HAS_HIDDEN_VISIBILITY - Success
-- Performing Test COMPILER_HAS_HIDDEN_INLINE_VISIBILITY
-- Performing Test COMPILER_HAS_HIDDEN_INLINE_VISIBILITY - Success
-- Performing Test COMPILER_HAS_DEPRECATED_ATTR
-- Performing Test COMPILER_HAS_DEPRECATED_ATTR - Success
-- Found Doxygen: /usr/bin/doxygen (found suitable version "1.13.2", minimum required is "1.8.13") found components: doxygen dot
-- No such target Qt6Core_QCH defined when calling ecm_add_qch(), ignored.


Configuration file '/home/omen/GITHUB/Athos/AthOS/REPO-AthOS/kidletime/work/kidletime-6.14.0/build/src/KF6IdleTime_ECMQchDoxygen.config' updated.

-- The following features have been enabled:

 * libXext, required for X-Sync based poller
 * libX11-xcb, required for X-Sync based poller
 * libxcb, required for X-Sync based poller
 * libxcb-sync, required for X-Sync based poller
 * X-Sync based poller, efficient operation of KIdleTime. STRONGLY RECOMMENDED (requires libXext, libX11-xcb, libxcb and libxcb-sync)
 * X-Screensaver based poller, KIdleTime fallback mode (libXss)
 * QCH, API documentation in QCH format (for e.g. Qt Assistant, Qt Creator & KDevelop)

-- The following OPTIONAL packages have been found:

 * OpenGL
 * Qt6DBusTools (required version >= 6.8.3)
 * XKB (required version >= 0.5.0), XKB API common to servers and clients., <http://xkbcommon.org>
 * WrapVulkanHeaders
 * Qt6GuiTools (required version >= 6.8.3)
 * Qt6WaylandScannerTools (required version >= 6.8.3)

-- The following REQUIRED packages have been found:

 * ECM (required version >= 6.14.0), Extra CMake Modules., <https://commits.kde.org/extra-cmake-modules>
 * X11
 * XCB, X protocol C-language Binding, <https://xcb.freedesktop.org/>
 * X11_XCB, A compatibility library for code that translates Xlib API calls into XCB calls, <https://xorg.freedesktop.org/>
 * Qt6Gui
 * Qt6WaylandClient (required version >= 6.7.0)
 * Wayland (required version >= 1.9), C library implementation of the Wayland protocol: a protocol for a compositor to talk to its clients, <https://wayland.freedesktop.org/>
 * PlasmaWaylandProtocols (required version >= 1.6.0)
 * WaylandProtocols (required version >= 1.27), Specifications of extended Wayland protocols, <https://gitlab.freedesktop.org/wayland/wayland-protocols/>
   Collection of Wayland protocols that add functionality not available in the Wayland core protocol
 * Doxygen (required version >= 1.8.13)
   Needed for API dox QCH file generation
 * Qt6ToolsTools, qhelpgenerator from Qt6 tools
   Needed for API dox QCH file generation
 * Qt6

-- Configuring done (1.9s)
-- Generating done (0.0s)
-- Build files have been written to: /home/omen/GITHUB/Athos/AthOS/REPO-AthOS/kidletime/work/kidletime-6.14.0/build
[1/43] Generating src/KF6IdleTime.qch, src/KF6IdleTime.tags
Building up file structure...
Insert custom filters...
Insert help data for filter section (1 of 1)...
Insert files...
Insert contents...
Insert indices...
Documentation successfully generated.
[2/43] Automatic MOC for target KF6IdleTime
[3/43] Building CXX object src/CMakeFiles/KF6IdleTime.dir/KF6IdleTime_autogen/mocs_compilation.cpp.o
[4/43] Building CXX object src/CMakeFiles/KF6IdleTime.dir/logging.cpp.o
[5/43] Building CXX object src/CMakeFiles/KF6IdleTime.dir/kwindowbasedidletimepoller.cpp.o
[6/43] Building CXX object src/CMakeFiles/KF6IdleTime.dir/kabstractidletimepoller.cpp.o
[7/43] Building CXX object src/CMakeFiles/KF6IdleTime.dir/kidletime.cpp.o
[8/43] Linking CXX shared library bin/libKF6IdleTime.so.6.14.0
[9/43] Creating library symlink bin/libKF6IdleTime.so.6 bin/libKF6IdleTime.so
[10/43] Generating wayland-ext-idle-notify-v1-client-protocol.h
[11/43] Generating wayland-idle-protocol.c
[12/43] Generating wayland-idle-client-protocol.h
[13/43] Generating wayland-ext-idle-notify-v1-protocol.c
[14/43] Generating qwayland-idle.cpp
[15/43] Generating qwayland-idle.h
[16/43] Generating qwayland-ext-idle-notify-v1.h
[17/43] Generating qwayland-ext-idle-notify-v1.cpp
[18/43] Automatic MOC for target kidletime_example
[19/43] Building CXX object examples/CMakeFiles/kidletime_example.dir/kidletime_example_autogen/mocs_compilation.cpp.o
[20/43] Automatic MOC for target KF6IdleTimeXcbPlugin1
[21/43] Generating screensaver_interface.cpp, screensaver_interface.h
[22/43] Generating moc_screensaver_interface.cpp
[23/43] Building CXX object src/plugins/xscreensaver/CMakeFiles/KF6IdleTimeXcbPlugin1.dir/KF6IdleTimeXcbPlugin1_autogen/mocs_compilation.cpp.o
[24/43] Automatic MOC for target KF6IdleTimeXcbPlugin0
[25/43] Automatic MOC for target KF6IdleTimeWaylandPlugin
[26/43] Building CXX object src/plugins/xsync/CMakeFiles/KF6IdleTimeXcbPlugin0.dir/KF6IdleTimeXcbPlugin0_autogen/mocs_compilation.cpp.o
[27/43] Building CXX object src/plugins/wayland/CMakeFiles/KF6IdleTimeWaylandPlugin.dir/KF6IdleTimeWaylandPlugin_autogen/mocs_compilation.cpp.o
[28/43] Building C object src/plugins/wayland/CMakeFiles/KF6IdleTimeWaylandPlugin.dir/wayland-ext-idle-notify-v1-protocol.c.o
[29/43] Building C object src/plugins/wayland/CMakeFiles/KF6IdleTimeWaylandPlugin.dir/wayland-idle-protocol.c.o
[30/43] Building CXX object src/plugins/wayland/CMakeFiles/KF6IdleTimeWaylandPlugin.dir/qwayland-idle.cpp.o
[31/43] Building CXX object src/plugins/wayland/CMakeFiles/KF6IdleTimeWaylandPlugin.dir/qwayland-ext-idle-notify-v1.cpp.o
[32/43] Building CXX object src/plugins/xsync/CMakeFiles/KF6IdleTimeXcbPlugin0.dir/xsync_logging.cpp.o
[33/43] Building CXX object examples/CMakeFiles/kidletime_example.dir/KIdleTest.cpp.o
[34/43] Building CXX object src/plugins/xsync/CMakeFiles/KF6IdleTimeXcbPlugin0.dir/__/__/logging.cpp.o
[35/43] Building CXX object examples/CMakeFiles/kidletime_example.dir/main.cpp.o
[36/43] Building CXX object src/plugins/xsync/CMakeFiles/KF6IdleTimeXcbPlugin0.dir/xsyncbasedpoller.cpp.o
[37/43] Linking CXX shared module bin/KF6IdleTimeXcbPlugin0.so
[38/43] Linking CXX executable bin/kidletime_example
[39/43] Building CXX object src/plugins/wayland/CMakeFiles/KF6IdleTimeWaylandPlugin.dir/poller.cpp.o
[40/43] Linking CXX shared module bin/KF6IdleTimeWaylandPlugin.so
[41/43] Building CXX object src/plugins/xscreensaver/CMakeFiles/KF6IdleTimeXcbPlugin1.dir/screensaver_interface.cpp.o
[42/43] Building CXX object src/plugins/xscreensaver/CMakeFiles/KF6IdleTimeXcbPlugin1.dir/xscreensaverbasedpoller.cpp.o
[43/43] Linking CXX shared module bin/KF6IdleTimeXcbPlugin1.so
-- Install configuration: "RelWithDebInfo"
-- Installing: /home/omen/GITHUB/Athos/AthOS/REPO-AthOS/kidletime/package-kidletime/usr/lib64/qt6/plugins/kf6/org.kde.kidletime.platforms/KF6IdleTimeXcbPlugin1.so
-- Set non-toolchain portion of runtime path of "/home/omen/GITHUB/Athos/AthOS/REPO-AthOS/kidletime/package-kidletime/usr/lib64/qt6/plugins/kf6/org.kde.kidletime.platforms/KF6IdleTimeXcbPlugin1.so" to ""
-- Installing: /home/omen/GITHUB/Athos/AthOS/REPO-AthOS/kidletime/package-kidletime/usr/lib64/qt6/plugins/kf6/org.kde.kidletime.platforms/KF6IdleTimeXcbPlugin0.so
-- Set non-toolchain portion of runtime path of "/home/omen/GITHUB/Athos/AthOS/REPO-AthOS/kidletime/package-kidletime/usr/lib64/qt6/plugins/kf6/org.kde.kidletime.platforms/KF6IdleTimeXcbPlugin0.so" to ""
-- Installing: /home/omen/GITHUB/Athos/AthOS/REPO-AthOS/kidletime/package-kidletime/usr/lib64/qt6/plugins/kf6/org.kde.kidletime.platforms/KF6IdleTimeWaylandPlugin.so
-- Set non-toolchain portion of runtime path of "/home/omen/GITHUB/Athos/AthOS/REPO-AthOS/kidletime/package-kidletime/usr/lib64/qt6/plugins/kf6/org.kde.kidletime.platforms/KF6IdleTimeWaylandPlugin.so" to ""
-- Installing: /home/omen/GITHUB/Athos/AthOS/REPO-AthOS/kidletime/package-kidletime/usr/include/KF6/KIdleTime/kidletime_export.h
-- Installing: /home/omen/GITHUB/Athos/AthOS/REPO-AthOS/kidletime/package-kidletime/usr/include/KF6/KIdleTime/KIdleTime
-- Installing: /home/omen/GITHUB/Athos/AthOS/REPO-AthOS/kidletime/package-kidletime/usr/include/KF6/KIdleTime/kidletime.h
-- Installing: /home/omen/GITHUB/Athos/AthOS/REPO-AthOS/kidletime/package-kidletime/usr/include/KF6/KIdleTime/private/kabstractidletimepoller_p.h
-- Installing: /home/omen/GITHUB/Athos/AthOS/REPO-AthOS/kidletime/package-kidletime/usr/lib64/libKF6IdleTime.so.6.14.0
-- Installing: /home/omen/GITHUB/Athos/AthOS/REPO-AthOS/kidletime/package-kidletime/usr/lib64/libKF6IdleTime.so.6
-- Installing: /home/omen/GITHUB/Athos/AthOS/REPO-AthOS/kidletime/package-kidletime/usr/lib64/libKF6IdleTime.so
-- Installing: /home/omen/GITHUB/Athos/AthOS/REPO-AthOS/kidletime/package-kidletime/usr/share/qlogging-categories6/kidletime.categories
-- Installing: /home/omen/GITHUB/Athos/AthOS/REPO-AthOS/kidletime/package-kidletime/usr/share/qlogging-categories6/kidletime.renamecategories
-- Installing: /home/omen/GITHUB/Athos/AthOS/REPO-AthOS/kidletime/package-kidletime/usr/doc/qt6-6.8.3_20250319_bab1fecd/KF6IdleTime.qch
-- Installing: /home/omen/GITHUB/Athos/AthOS/REPO-AthOS/kidletime/package-kidletime/usr/doc/qt6-6.8.3_20250319_bab1fecd/KF6IdleTime.tags
-- Installing: /home/omen/GITHUB/Athos/AthOS/REPO-AthOS/kidletime/package-kidletime/usr/lib64/cmake/KF6IdleTime/KF6IdleTimeQchTargets.cmake
-- Installing: /home/omen/GITHUB/Athos/AthOS/REPO-AthOS/kidletime/package-kidletime/usr/lib64/cmake/KF6IdleTime/KF6IdleTimeConfig.cmake
-- Installing: /home/omen/GITHUB/Athos/AthOS/REPO-AthOS/kidletime/package-kidletime/usr/lib64/cmake/KF6IdleTime/KF6IdleTimeConfigVersion.cmake
-- Installing: /home/omen/GITHUB/Athos/AthOS/REPO-AthOS/kidletime/package-kidletime/usr/lib64/cmake/KF6IdleTime/KF6IdleTimeTargets.cmake
-- Installing: /home/omen/GITHUB/Athos/AthOS/REPO-AthOS/kidletime/package-kidletime/usr/lib64/cmake/KF6IdleTime/KF6IdleTimeTargets-relwithdebinfo.cmake
-- Installing: /home/omen/GITHUB/Athos/AthOS/REPO-AthOS/kidletime/package-kidletime/usr/include/KF6/KIdleTime/kidletime_version.h
[32mThe main part of source code is ready. We are moving on to preparing post install scripts, docs, license, man pages etc..[0m
cp: cannot stat 'AUTHORS': No such file or directory
cp: cannot stat 'ChangeLog*': No such file or directory
cp: cannot stat 'COPYING': No such file or directory
cp: cannot stat 'CREDITS': No such file or directory
cp: cannot stat 'LICENSE': No such file or directory
cp: cannot stat 'MAINTAINERS': No such file or directory
cp: cannot stat 'NEWS': No such file or directory
cp: cannot stat 'docs': No such file or directory
cp: cannot stat 'DOCS': No such file or directory
grep: /home/omen/GITHUB/Athos/AthOS/REPO-AthOS/kidletime/kidletime.info: No such file or directory
doxygen
extra-cmake-modules
plasma-wayland-protocols
wayland
[32mPackaging compiled for slackware installation...[0m
[32mMAKEPKG_FLAGS is empty or unset, using default[0m

Slackware package maker, version 3.14159265.

Searching for symbolic links:
usr/lib64/libKF6IdleTime.so	libKF6IdleTime.so.6
usr/lib64/libKF6IdleTime.so.6	libKF6IdleTime.so.6.14.0

Making symbolic link creation script:
( cd usr/lib64 ; rm -rf libKF6IdleTime.so )
( cd usr/lib64 ; ln -sf libKF6IdleTime.so.6 libKF6IdleTime.so )
( cd usr/lib64 ; rm -rf libKF6IdleTime.so.6 )
( cd usr/lib64 ; ln -sf libKF6IdleTime.so.6.14.0 libKF6IdleTime.so.6 )

Unless your existing installation script already contains the code
to create these links, you should append these lines to your existing
install script. Now's your chance. :^)

Would you like to add this stuff to the existing install script and
remove the symbolic links ([y]es, [n]o)? y


Removing symbolic links:
removed './usr/lib64/libKF6IdleTime.so.6'
removed './usr/lib64/libKF6IdleTime.so'

Updating your ./install/doinst.sh...

This next step is optional - you can set the directories in your package
to some sane permissions. If any of the directories in your package have
special permissions, then DO NOT reset them here!

Would you like to reset all directory permissions to 755 (drwxr-xr-x) and
directory ownerships to root:root ([y]es, [n]o)? n


Creating Slackware package:  /tmp/kidletime/kidletime-6.14.0-x86_64-1_rtz.tlz

./
install/
install/doinst.sh
install/slack-desc
usr/
usr/doc/
usr/doc/kidletime-6.14.0/
usr/doc/kidletime-6.14.0/README.md
usr/doc/kidletime-6.14.0/kidletime.ini
usr/doc/kidletime-6.14.0/slack-required
usr/doc/qt6-6.8.3_20250319_bab1fecd/
usr/doc/qt6-6.8.3_20250319_bab1fecd/KF6IdleTime.qch
usr/doc/qt6-6.8.3_20250319_bab1fecd/KF6IdleTime.tags
usr/include/
usr/include/KF6/
usr/include/KF6/KIdleTime/
usr/include/KF6/KIdleTime/KIdleTime
usr/include/KF6/KIdleTime/kidletime.h
usr/include/KF6/KIdleTime/kidletime_export.h
usr/include/KF6/KIdleTime/kidletime_version.h
usr/include/KF6/KIdleTime/private/
usr/include/KF6/KIdleTime/private/kabstractidletimepoller_p.h
usr/lib64/
usr/lib64/cmake/
usr/lib64/cmake/KF6IdleTime/
usr/lib64/cmake/KF6IdleTime/KF6IdleTimeConfig.cmake
usr/lib64/cmake/KF6IdleTime/KF6IdleTimeConfigVersion.cmake
usr/lib64/cmake/KF6IdleTime/KF6IdleTimeQchTargets.cmake
usr/lib64/cmake/KF6IdleTime/KF6IdleTimeTargets-relwithdebinfo.cmake
usr/lib64/cmake/KF6IdleTime/KF6IdleTimeTargets.cmake
usr/lib64/libKF6IdleTime.so.6.14.0
usr/lib64/qt6/
usr/lib64/qt6/plugins/
usr/lib64/qt6/plugins/kf6/
usr/lib64/qt6/plugins/kf6/org.kde.kidletime.platforms/
usr/lib64/qt6/plugins/kf6/org.kde.kidletime.platforms/KF6IdleTimeWaylandPlugin.so
usr/lib64/qt6/plugins/kf6/org.kde.kidletime.platforms/KF6IdleTimeXcbPlugin0.so
usr/lib64/qt6/plugins/kf6/org.kde.kidletime.platforms/KF6IdleTimeXcbPlugin1.so
usr/share/
usr/share/qlogging-categories6/
usr/share/qlogging-categories6/kidletime.categories
usr/share/qlogging-categories6/kidletime.renamecategories

Slackware package /tmp/kidletime/kidletime-6.14.0-x86_64-1_rtz.tlz created.

Create shared object file for kidletime-6.14.0-x86_64-1_rtz.tlz
Creating /tmp/kidletime/kidletime-6.14.0-x86_64-1_rtz.tlz.so.file using /tmp/kidletime/kidletime-6.14.0-x86_64-1_rtz.tlz
Successfully created /tmp/kidletime/kidletime-6.14.0-x86_64-1_rtz.tlz.so.file
Packaging of executable and meta-data in kidletime.tar.lz4 format.
/tmp/kidletime /tmp/kidletime
/tmp/kidletime
BIN_NAME
README
kidletime-6.14.0-x86_64-1_rtz.tlz
kidletime-6.14.0-x86_64-1_rtz.tlz.md5
kidletime-6.14.0-x86_64-1_rtz.tlz.so.file
kidletime-6.14.0-x86_64-1_rtz.tlz.txt
kidletime.dep
makepkg-kidletime.log
[32mkidletime build finished. Procced to installation...[0m

+========================================================================================================+
| Upgrading kidletime-6.14.0-x86_64-1_rtz package using /tmp/kidletime/kidletime-6.14.0-x86_64-1_rtz.tlz |
+========================================================================================================+

Pre-installing package kidletime-6.14.0-x86_64-1_rtz...
Removing package: kidletime-6.14.0-x86_64-1_rtz-upgraded-2025-05-21,13:18:33
Installing package kidletime-6.14.0-x86_64-1_rtz.tlz:
PACKAGE DESCRIPTION:
# kidletime (Monitoring user activity)
#
# Monitoring user activity
#
# Monitoring user activity
Executing install script for kidletime-6.14.0-x86_64-1_rtz.tlz.
Font directories:
	/usr/share/fonts
/usr/share/fonts: caching, new cache contents: 0 fonts, 11 dirs
/usr/share/fonts/100dpi: caching, new cache contents: 238 fonts, 0 dirs
/usr/share/fonts/75dpi: caching, new cache contents: 238 fonts, 0 dirs
/usr/share/fonts/OTF: caching, new cache contents: 124 fonts, 0 dirs
/usr/share/fonts/Speedo: caching, new cache contents: 0 fonts, 0 dirs
/usr/share/fonts/TTF: caching, new cache contents: 1132 fonts, 0 dirs
/usr/share/fonts/Type1: caching, new cache contents: 64 fonts, 0 dirs
/usr/share/fonts/cyrillic: caching, new cache contents: 0 fonts, 0 dirs
/usr/share/fonts/encodings: caching, new cache contents: 0 fonts, 1 dirs
/usr/share/fonts/encodings/large: caching, new cache contents: 0 fonts, 0 dirs
/usr/share/fonts/kanjistrokeorders: caching, new cache contents: 1 fonts, 0 dirs
/usr/share/fonts/misc: caching, new cache contents: 143 fonts, 0 dirs
/usr/share/fonts/util: caching, new cache contents: 0 fonts, 0 dirs
/var/cache/fontconfig: cleaning cache directory
/root/.cache/fontconfig: not cleaning non-existent cache directory
/root/.fontconfig: not cleaning non-existent cache directory
/usr/bin/fc-cache: succeeded
Package kidletime-6.14.0-x86_64-1_rtz.tlz installed.
Package kidletime-6.14.0-x86_64-1_rtz upgraded with new package /tmp/kidletime/kidletime-6.14.0-x86_64-1_rtz.tlz.
[32mCleaning environmet: Removing source code, and work-space...[0m
rm: cannot remove 'kidletime-6.14.0.tar.xz': No such file or directory
