[32mStarting build process...[0m
Detected architecture: x86_64
Required dependencies: cyrus-sasl	kcoreaddons	ki18n	kio	doxygen	extra-cmake-modules	
cyrus-sasl is already installed!
kcoreaddons is already installed!
ki18n is already installed!
kio is already installed!
doxygen is already installed!
extra-cmake-modules is already installed!
No optional dependencies found.
Downloading source code tar.xz file
--2025-05-28 20:50:38--  https://download.kde.org/stable/release-service/25.04.1/src/ksmtp-25.04.1.tar.xz
Resolving download.kde.org (download.kde.org)... 49.12.122.15, 2a01:4f8:242:53eb::4
Connecting to download.kde.org (download.kde.org)|49.12.122.15|:443... connected.
HTTP request sent, awaiting response... 302 Found
Location: https://ftp.cc.uoc.gr/mirrors/kde/stable/release-service/25.04.1/src/ksmtp-25.04.1.tar.xz [following]
--2025-05-28 20:50:38--  https://ftp.cc.uoc.gr/mirrors/kde/stable/release-service/25.04.1/src/ksmtp-25.04.1.tar.xz
Resolving ftp.cc.uoc.gr (ftp.cc.uoc.gr)... 147.52.159.50, 2001:648:2c00:6c08::2
Connecting to ftp.cc.uoc.gr (ftp.cc.uoc.gr)|147.52.159.50|:443... connected.
HTTP request sent, awaiting response... 200 OK
Length: 53216 (52K) [application/octet-stream]
Saving to: ‘ksmtp-25.04.1.tar.xz’

     0K .......... .......... .......... .......... .......... 96% 1.44M 0s
    50K .                                                     100% 3.67T=0.03s

2025-05-28 20:50:38 (1.49 MB/s) - ‘ksmtp-25.04.1.tar.xz’ saved [53216/53216]

Found file: ksmtp-25.04.1.tar.xz
No checksum provided. Skipping checksum verification and proceeding...
Creating working directories and exporting source code in...
ksmtp-25.04.1/
ksmtp-25.04.1/Mainpage.dox
ksmtp-25.04.1/metainfo.yaml.license
ksmtp-25.04.1/.codespellrc.license
ksmtp-25.04.1/readme-build-ftime.txt.license
ksmtp-25.04.1/CMakePresets.json.license
ksmtp-25.04.1/readme-build-ftime.txt
ksmtp-25.04.1/CMakePresets.json
ksmtp-25.04.1/LICENSES/
ksmtp-25.04.1/LICENSES/BSD-3-Clause.txt
ksmtp-25.04.1/LICENSES/CC0-1.0.txt
ksmtp-25.04.1/LICENSES/LGPL-2.1-or-later.txt
ksmtp-25.04.1/LICENSES/LGPL-2.0-or-later.txt
ksmtp-25.04.1/.gitlab-ci.yml
ksmtp-25.04.1/sanitizers.supp
ksmtp-25.04.1/tests/
ksmtp-25.04.1/tests/logintest.cpp
ksmtp-25.04.1/tests/CMakeLists.txt
ksmtp-25.04.1/.git-blame-ignore-revs
ksmtp-25.04.1/.kde-ci.yml
ksmtp-25.04.1/.codespellrc
ksmtp-25.04.1/KPimSMTPConfig.cmake.in
ksmtp-25.04.1/po/
ksmtp-25.04.1/po/bg/
ksmtp-25.04.1/po/bg/libksmtp6.po
ksmtp-25.04.1/po/pt/
ksmtp-25.04.1/po/pt/libksmtp6.po
ksmtp-25.04.1/po/km/
ksmtp-25.04.1/po/km/libksmtp6.po
ksmtp-25.04.1/po/nn/
ksmtp-25.04.1/po/nn/libksmtp6.po
ksmtp-25.04.1/po/pl/
ksmtp-25.04.1/po/pl/libksmtp6.po
ksmtp-25.04.1/po/ja/
ksmtp-25.04.1/po/ja/libksmtp6.po
ksmtp-25.04.1/po/bs/
ksmtp-25.04.1/po/bs/libksmtp6.po
ksmtp-25.04.1/po/zh_CN/
ksmtp-25.04.1/po/zh_CN/libksmtp6.po
ksmtp-25.04.1/po/cs/
ksmtp-25.04.1/po/cs/libksmtp6.po
ksmtp-25.04.1/po/es/
ksmtp-25.04.1/po/es/libksmtp6.po
ksmtp-25.04.1/po/ka/
ksmtp-25.04.1/po/ka/libksmtp6.po
ksmtp-25.04.1/po/tr/
ksmtp-25.04.1/po/tr/libksmtp6.po
ksmtp-25.04.1/po/ug/
ksmtp-25.04.1/po/ug/libksmtp6.po
ksmtp-25.04.1/po/ca/
ksmtp-25.04.1/po/ca/libksmtp6.po
ksmtp-25.04.1/po/ca@valencia/
ksmtp-25.04.1/po/ca@valencia/libksmtp6.po
ksmtp-25.04.1/po/gl/
ksmtp-25.04.1/po/gl/libksmtp6.po
ksmtp-25.04.1/po/ro/
ksmtp-25.04.1/po/ro/libksmtp6.po
ksmtp-25.04.1/po/eo/
ksmtp-25.04.1/po/eo/libksmtp6.po
ksmtp-25.04.1/po/sr@ijekavian/
ksmtp-25.04.1/po/sr@ijekavian/libksmtp6.po
ksmtp-25.04.1/po/nl/
ksmtp-25.04.1/po/nl/libksmtp6.po
ksmtp-25.04.1/po/mr/
ksmtp-25.04.1/po/mr/libksmtp6.po
ksmtp-25.04.1/po/hu/
ksmtp-25.04.1/po/hu/libksmtp6.po
ksmtp-25.04.1/po/eu/
ksmtp-25.04.1/po/eu/libksmtp6.po
ksmtp-25.04.1/po/lv/
ksmtp-25.04.1/po/lv/libksmtp6.po
ksmtp-25.04.1/po/fr/
ksmtp-25.04.1/po/fr/libksmtp6.po
ksmtp-25.04.1/po/hi/
ksmtp-25.04.1/po/hi/libksmtp6.po
ksmtp-25.04.1/po/sl/
ksmtp-25.04.1/po/sl/libksmtp6.po
ksmtp-25.04.1/po/sr@latin/
ksmtp-25.04.1/po/sr@latin/libksmtp6.po
ksmtp-25.04.1/po/ta/
ksmtp-25.04.1/po/ta/libksmtp6.po
ksmtp-25.04.1/po/sr/
ksmtp-25.04.1/po/sr/libksmtp6.po
ksmtp-25.04.1/po/he/
ksmtp-25.04.1/po/he/libksmtp6.po
ksmtp-25.04.1/po/de/
ksmtp-25.04.1/po/de/libksmtp6.po
ksmtp-25.04.1/po/ar/
ksmtp-25.04.1/po/ar/libksmtp6.po
ksmtp-25.04.1/po/sk/
ksmtp-25.04.1/po/sk/libksmtp6.po
ksmtp-25.04.1/po/zh_TW/
ksmtp-25.04.1/po/zh_TW/libksmtp6.po
ksmtp-25.04.1/po/et/
ksmtp-25.04.1/po/et/libksmtp6.po
ksmtp-25.04.1/po/it/
ksmtp-25.04.1/po/it/libksmtp6.po
ksmtp-25.04.1/po/pt_BR/
ksmtp-25.04.1/po/pt_BR/libksmtp6.po
ksmtp-25.04.1/po/ru/
ksmtp-25.04.1/po/ru/libksmtp6.po
ksmtp-25.04.1/po/ia/
ksmtp-25.04.1/po/ia/libksmtp6.po
ksmtp-25.04.1/po/sv/
ksmtp-25.04.1/po/sv/libksmtp6.po
ksmtp-25.04.1/po/fi/
ksmtp-25.04.1/po/fi/libksmtp6.po
ksmtp-25.04.1/po/ast/
ksmtp-25.04.1/po/ast/libksmtp6.po
ksmtp-25.04.1/po/lt/
ksmtp-25.04.1/po/lt/libksmtp6.po
ksmtp-25.04.1/po/sa/
ksmtp-25.04.1/po/sa/libksmtp6.po
ksmtp-25.04.1/po/ko/
ksmtp-25.04.1/po/ko/libksmtp6.po
ksmtp-25.04.1/po/ga/
ksmtp-25.04.1/po/ga/libksmtp6.po
ksmtp-25.04.1/po/en_GB/
ksmtp-25.04.1/po/en_GB/libksmtp6.po
ksmtp-25.04.1/po/uk/
ksmtp-25.04.1/po/uk/libksmtp6.po
ksmtp-25.04.1/po/sr@ijekavianlatin/
ksmtp-25.04.1/po/sr@ijekavianlatin/libksmtp6.po
ksmtp-25.04.1/po/nds/
ksmtp-25.04.1/po/nds/libksmtp6.po
ksmtp-25.04.1/autotests/
ksmtp-25.04.1/autotests/smtptest.h
ksmtp-25.04.1/autotests/fakeserver.cpp
ksmtp-25.04.1/autotests/fakeserver.h
ksmtp-25.04.1/autotests/smtptest.cpp
ksmtp-25.04.1/autotests/CMakeLists.txt
ksmtp-25.04.1/CMakeLists.txt
ksmtp-25.04.1/src/
ksmtp-25.04.1/src/sessionuiproxy.h
ksmtp-25.04.1/src/sendjob.cpp
ksmtp-25.04.1/src/job.h
ksmtp-25.04.1/src/sessionthread_p.h
ksmtp-25.04.1/src/session_p.h
ksmtp-25.04.1/src/sessionthread.cpp
ksmtp-25.04.1/src/job_p.h
ksmtp-25.04.1/src/Messages.sh
ksmtp-25.04.1/src/session.cpp
ksmtp-25.04.1/src/sendjob.h
ksmtp-25.04.1/src/session.h
ksmtp-25.04.1/src/loginjob.cpp
ksmtp-25.04.1/src/loginjob.h
ksmtp-25.04.1/src/sessionuiproxy.cpp
ksmtp-25.04.1/src/job.cpp
ksmtp-25.04.1/src/CMakeLists.txt
ksmtp-25.04.1/src/serverresponse_p.h
ksmtp-25.04.1/.gitignore
ksmtp-25.04.1/metainfo.yaml
/home/omen/GITHUB/Athos/AthOS/REPO-AthOS/ksmtp/work
README or README.md already exists, skipping creation.
hm...lets continue and see what happens
-- The C compiler identification is GNU 14.3.0
-- The CXX compiler identification is GNU 14.3.0
-- Detecting C compiler ABI info
-- Detecting C compiler ABI info - done
-- Check for working C compiler: /usr/bin/cc - skipped
-- Detecting C compile features
-- Detecting C compile features - done
-- Detecting CXX compiler ABI info
-- Detecting CXX compiler ABI info - done
-- Check for working CXX compiler: /usr/bin/c++ - skipped
-- Detecting CXX compile features
-- Detecting CXX compile features - done
-- Installing in the same prefix as Qt, adopting their path scheme.
-- Looking for __GLIBC__
-- Looking for __GLIBC__ - found
-- Performing Test _OFFT_IS_64BIT
-- Performing Test _OFFT_IS_64BIT - Success
-- Performing Test HAVE_DATE_TIME
-- Performing Test HAVE_DATE_TIME - Success
-- Found Python3: /usr/bin/python3.12 (found version "3.12.10") found components: Interpreter
-- Could NOT find ReuseTool (missing: REUSETOOL_EXECUTABLE) 
CMake Warning at /usr/share/ECM/modules/ECMCheckOutboundLicense.cmake:86 (message):
  Reuse tool not found, skipping test generation
Call Stack (most recent call first):
  CMakeLists.txt:38 (include)


-- Skipping execution of outbound license tests.
-- Performing Test HAVE_STDATOMIC
-- Performing Test HAVE_STDATOMIC - Success
-- Found WrapAtomic: TRUE
-- Found Gettext: /usr/bin/msgmerge (found version "0.25")
-- Found OpenGL: /usr/lib64/libOpenGL.so
-- Found WrapOpenGL: TRUE
-- Found XKB: /usr/lib64/libxkbcommon.so (found suitable version "1.10.0", minimum required is "0.5.0")
-- Found WrapVulkanHeaders: /usr/include
-- Found X11: /usr/include
-- Looking for XOpenDisplay in /usr/lib64/libX11.so;/usr/lib64/libXext.so
-- Looking for XOpenDisplay in /usr/lib64/libX11.so;/usr/lib64/libXext.so - found
-- Looking for gethostbyname
-- Looking for gethostbyname - found
-- Looking for connect
-- Looking for connect - found
-- Looking for remove
-- Looking for remove - found
-- Looking for shmat
-- Looking for shmat - found
-- Looking for IceConnectionNumber in ICE
-- Looking for IceConnectionNumber in ICE - found
-- Checking for module 'libsasl2'
--   Found libsasl2, version 2.1.28
-- Found Sasl2: /usr/lib64/libsasl2.so (found version "2.1.28")
-- Performing Test COMPILER_HAS_HIDDEN_VISIBILITY
-- Performing Test COMPILER_HAS_HIDDEN_VISIBILITY - Success
-- Performing Test COMPILER_HAS_HIDDEN_INLINE_VISIBILITY
-- Performing Test COMPILER_HAS_HIDDEN_INLINE_VISIBILITY - Success
-- Performing Test COMPILER_HAS_DEPRECATED_ATTR
-- Performing Test COMPILER_HAS_DEPRECATED_ATTR - Success
-- Found Doxygen: /usr/bin/doxygen (found suitable version "1.14.0", minimum required is "1.8.13") found components: doxygen dot
-- No such target Qt6Core_QCH defined when calling ecm_add_qch(), ignored.
-- No such target Qt6Gui_QCH defined when calling ecm_add_qch(), ignored.
-- No such target Qt6Widgets_QCH defined when calling ecm_add_qch(), ignored.


Configuration file '/home/omen/GITHUB/Athos/AthOS/REPO-AthOS/ksmtp/work/ksmtp-25.04.1/build/src/KPim6SMTP_ECMQchDoxygen.config' updated.

-- The following features have been enabled:

 * QCH, API documentation in QCH format (for e.g. Qt Assistant, Qt Creator & KDevelop)

-- The following OPTIONAL packages have been found:

 * Python3
   Required to run tests of module ECMCheckOutboundLicense
 * Qt6DBusTools (required version >= 6.8.3)
 * Qt6QmlTools (required version >= 6.8.3)
 * Qt6WidgetsTools (required version >= 6.8.3)
 * OpenGL
 * XKB (required version >= 0.5.0), XKB API common to servers and clients., <http://xkbcommon.org>
 * WrapVulkanHeaders
 * Qt6GuiTools (required version >= 6.8.3)

-- The following REQUIRED packages have been found:

 * ECM (required version >= 6.9.0)
 * Gettext
 * KF6I18n (required version >= 6.9.0)
 * KF6CoreAddons (required version >= 6.14.0)
 * Qt6Network (required version >= 6.7.0)
 * KF6KIO (required version >= 6.9.0)
 * Sasl2, The Cyrus-sasl library., <https://www.cyrusimap.org/sasl/>
 * Doxygen (required version >= 1.8.13)
   Needed for API dox QCH file generation
 * Qt6ToolsTools, qhelpgenerator from Qt6 tools
   Needed for API dox QCH file generation
 * Qt6
 * Qt6Core
 * Qt6Test (required version >= 6.7.0)

-- The following features have been disabled:

 * SPDX_LICENSE_TESTING, Automatic license testing based on SPDX definitions (requires reuse tool)

-- The following OPTIONAL packages have not been found:

 * ReuseTool
   Required to run tests of module ECMCheckOutboundLicense

-- Configuring done (1.9s)
-- Generating done (0.0s)
-- Build files have been written to: /home/omen/GITHUB/Athos/AthOS/REPO-AthOS/ksmtp/work/ksmtp-25.04.1/build
[1/23] Generating ts...
[2/23] Generating mo...
[3/23] Generating src/KPim6SMTP.qch, src/KPim6SMTP.tags
Building up file structure...
Insert custom filters...
Insert help data for filter section (1 of 1)...
Insert files...
Insert contents...
Insert indices...
Documentation successfully generated.
[4/23] Automatic MOC for target KPim6SMTP
[5/23] Building CXX object src/CMakeFiles/KPim6SMTP.dir/KPim6SMTP_autogen/mocs_compilation.cpp.o
[6/23] Building CXX object src/CMakeFiles/KPim6SMTP.dir/sessionuiproxy.cpp.o
[7/23] Building CXX object src/CMakeFiles/KPim6SMTP.dir/ksmtp_debug.cpp.o
[8/23] Building CXX object src/CMakeFiles/KPim6SMTP.dir/job.cpp.o
[9/23] Building CXX object src/CMakeFiles/KPim6SMTP.dir/sendjob.cpp.o
[10/23] Building CXX object src/CMakeFiles/KPim6SMTP.dir/loginjob.cpp.o
[11/23] Building CXX object src/CMakeFiles/KPim6SMTP.dir/session.cpp.o
[12/23] Building CXX object src/CMakeFiles/KPim6SMTP.dir/sessionthread.cpp.o
[13/23] Linking CXX shared library bin/libKPim6SMTP.so.6.4.1
[14/23] Creating library symlink bin/libKPim6SMTP.so.6 bin/libKPim6SMTP.so
[15/23] Automatic MOC for target logintest
[16/23] Building CXX object tests/CMakeFiles/logintest.dir/logintest_autogen/mocs_compilation.cpp.o
[17/23] Automatic MOC for target smtptest
[18/23] Building CXX object autotests/CMakeFiles/smtptest.dir/smtptest_autogen/mocs_compilation.cpp.o
[19/23] Building CXX object tests/CMakeFiles/logintest.dir/logintest.cpp.o
[20/23] Linking CXX executable bin/logintest
[21/23] Building CXX object autotests/CMakeFiles/smtptest.dir/smtptest.cpp.o
[22/23] Building CXX object autotests/CMakeFiles/smtptest.dir/fakeserver.cpp.o
[23/23] Linking CXX executable bin/smtptest
-- Install configuration: "RelWithDebInfo"
-- Installing: /home/omen/GITHUB/Athos/AthOS/REPO-AthOS/ksmtp/package-ksmtp/usr/lib64/libKPim6SMTP.so.6.4.1
-- Installing: /home/omen/GITHUB/Athos/AthOS/REPO-AthOS/ksmtp/package-ksmtp/usr/lib64/libKPim6SMTP.so.6
-- Installing: /home/omen/GITHUB/Athos/AthOS/REPO-AthOS/ksmtp/package-ksmtp/usr/lib64/libKPim6SMTP.so
-- Installing: /home/omen/GITHUB/Athos/AthOS/REPO-AthOS/ksmtp/package-ksmtp/usr/include/KPim6/KSMTP/ksmtp/ksmtp_export.h
-- Installing: /home/omen/GITHUB/Athos/AthOS/REPO-AthOS/ksmtp/package-ksmtp/usr/include/KPim6/KSMTP/ksmtp/job.h
-- Installing: /home/omen/GITHUB/Athos/AthOS/REPO-AthOS/ksmtp/package-ksmtp/usr/include/KPim6/KSMTP/ksmtp/loginjob.h
-- Installing: /home/omen/GITHUB/Athos/AthOS/REPO-AthOS/ksmtp/package-ksmtp/usr/include/KPim6/KSMTP/ksmtp/sendjob.h
-- Installing: /home/omen/GITHUB/Athos/AthOS/REPO-AthOS/ksmtp/package-ksmtp/usr/include/KPim6/KSMTP/ksmtp/session.h
-- Installing: /home/omen/GITHUB/Athos/AthOS/REPO-AthOS/ksmtp/package-ksmtp/usr/include/KPim6/KSMTP/ksmtp/sessionuiproxy.h
-- Installing: /home/omen/GITHUB/Athos/AthOS/REPO-AthOS/ksmtp/package-ksmtp/usr/include/KPim6/KSMTP/KSMTP/Job
-- Installing: /home/omen/GITHUB/Athos/AthOS/REPO-AthOS/ksmtp/package-ksmtp/usr/include/KPim6/KSMTP/KSMTP/LoginJob
-- Installing: /home/omen/GITHUB/Athos/AthOS/REPO-AthOS/ksmtp/package-ksmtp/usr/include/KPim6/KSMTP/KSMTP/SendJob
-- Installing: /home/omen/GITHUB/Athos/AthOS/REPO-AthOS/ksmtp/package-ksmtp/usr/include/KPim6/KSMTP/KSMTP/Session
-- Installing: /home/omen/GITHUB/Athos/AthOS/REPO-AthOS/ksmtp/package-ksmtp/usr/include/KPim6/KSMTP/KSMTP/SessionUiProxy
-- Installing: /home/omen/GITHUB/Athos/AthOS/REPO-AthOS/ksmtp/package-ksmtp/usr/share/qlogging-categories6/ksmtp.categories
-- Installing: /home/omen/GITHUB/Athos/AthOS/REPO-AthOS/ksmtp/package-ksmtp/usr/doc/qt6-6.8.3_20250319_bab1fecd/KPim6SMTP.qch
-- Installing: /home/omen/GITHUB/Athos/AthOS/REPO-AthOS/ksmtp/package-ksmtp/usr/doc/qt6-6.8.3_20250319_bab1fecd/KPim6SMTP.tags
-- Installing: /home/omen/GITHUB/Athos/AthOS/REPO-AthOS/ksmtp/package-ksmtp/usr/lib64/cmake/KPim6SMTP/KPim6SMTPQchTargets.cmake
-- Installing: /home/omen/GITHUB/Athos/AthOS/REPO-AthOS/ksmtp/package-ksmtp/usr/lib64/cmake/KPim6SMTP/KPim6SMTPConfig.cmake
-- Installing: /home/omen/GITHUB/Athos/AthOS/REPO-AthOS/ksmtp/package-ksmtp/usr/lib64/cmake/KPim6SMTP/KPim6SMTPConfigVersion.cmake
-- Installing: /home/omen/GITHUB/Athos/AthOS/REPO-AthOS/ksmtp/package-ksmtp/usr/lib64/cmake/KPim6SMTP/KPim6SMTPTargets.cmake
-- Installing: /home/omen/GITHUB/Athos/AthOS/REPO-AthOS/ksmtp/package-ksmtp/usr/lib64/cmake/KPim6SMTP/KPim6SMTPTargets-relwithdebinfo.cmake
-- Installing: /home/omen/GITHUB/Athos/AthOS/REPO-AthOS/ksmtp/package-ksmtp/usr/include/KPim6/KSMTP/ksmtp_version.h
-- Installing: /home/omen/GITHUB/Athos/AthOS/REPO-AthOS/ksmtp/package-ksmtp/usr/share/locale
-- Installing: /home/omen/GITHUB/Athos/AthOS/REPO-AthOS/ksmtp/package-ksmtp/usr/share/locale/cs
-- Installing: /home/omen/GITHUB/Athos/AthOS/REPO-AthOS/ksmtp/package-ksmtp/usr/share/locale/cs/LC_MESSAGES
-- Installing: /home/omen/GITHUB/Athos/AthOS/REPO-AthOS/ksmtp/package-ksmtp/usr/share/locale/cs/LC_MESSAGES/libksmtp6.mo
-- Installing: /home/omen/GITHUB/Athos/AthOS/REPO-AthOS/ksmtp/package-ksmtp/usr/share/locale/ja
-- Installing: /home/omen/GITHUB/Athos/AthOS/REPO-AthOS/ksmtp/package-ksmtp/usr/share/locale/ja/LC_MESSAGES
-- Installing: /home/omen/GITHUB/Athos/AthOS/REPO-AthOS/ksmtp/package-ksmtp/usr/share/locale/ja/LC_MESSAGES/libksmtp6.mo
-- Installing: /home/omen/GITHUB/Athos/AthOS/REPO-AthOS/ksmtp/package-ksmtp/usr/share/locale/sr@ijekavian
-- Installing: /home/omen/GITHUB/Athos/AthOS/REPO-AthOS/ksmtp/package-ksmtp/usr/share/locale/sr@ijekavian/LC_MESSAGES
-- Installing: /home/omen/GITHUB/Athos/AthOS/REPO-AthOS/ksmtp/package-ksmtp/usr/share/locale/sr@ijekavian/LC_MESSAGES/libksmtp6.mo
-- Installing: /home/omen/GITHUB/Athos/AthOS/REPO-AthOS/ksmtp/package-ksmtp/usr/share/locale/de
-- Installing: /home/omen/GITHUB/Athos/AthOS/REPO-AthOS/ksmtp/package-ksmtp/usr/share/locale/de/LC_MESSAGES
-- Installing: /home/omen/GITHUB/Athos/AthOS/REPO-AthOS/ksmtp/package-ksmtp/usr/share/locale/de/LC_MESSAGES/libksmtp6.mo
-- Installing: /home/omen/GITHUB/Athos/AthOS/REPO-AthOS/ksmtp/package-ksmtp/usr/share/locale/nn
-- Installing: /home/omen/GITHUB/Athos/AthOS/REPO-AthOS/ksmtp/package-ksmtp/usr/share/locale/nn/LC_MESSAGES
-- Installing: /home/omen/GITHUB/Athos/AthOS/REPO-AthOS/ksmtp/package-ksmtp/usr/share/locale/nn/LC_MESSAGES/libksmtp6.mo
-- Installing: /home/omen/GITHUB/Athos/AthOS/REPO-AthOS/ksmtp/package-ksmtp/usr/share/locale/sr
-- Installing: /home/omen/GITHUB/Athos/AthOS/REPO-AthOS/ksmtp/package-ksmtp/usr/share/locale/sr/LC_MESSAGES
-- Installing: /home/omen/GITHUB/Athos/AthOS/REPO-AthOS/ksmtp/package-ksmtp/usr/share/locale/sr/LC_MESSAGES/libksmtp6.mo
-- Installing: /home/omen/GITHUB/Athos/AthOS/REPO-AthOS/ksmtp/package-ksmtp/usr/share/locale/hi
-- Installing: /home/omen/GITHUB/Athos/AthOS/REPO-AthOS/ksmtp/package-ksmtp/usr/share/locale/hi/LC_MESSAGES
-- Installing: /home/omen/GITHUB/Athos/AthOS/REPO-AthOS/ksmtp/package-ksmtp/usr/share/locale/hi/LC_MESSAGES/libksmtp6.mo
-- Installing: /home/omen/GITHUB/Athos/AthOS/REPO-AthOS/ksmtp/package-ksmtp/usr/share/locale/pt_BR
-- Installing: /home/omen/GITHUB/Athos/AthOS/REPO-AthOS/ksmtp/package-ksmtp/usr/share/locale/pt_BR/LC_MESSAGES
-- Installing: /home/omen/GITHUB/Athos/AthOS/REPO-AthOS/ksmtp/package-ksmtp/usr/share/locale/pt_BR/LC_MESSAGES/libksmtp6.mo
-- Installing: /home/omen/GITHUB/Athos/AthOS/REPO-AthOS/ksmtp/package-ksmtp/usr/share/locale/lt
-- Installing: /home/omen/GITHUB/Athos/AthOS/REPO-AthOS/ksmtp/package-ksmtp/usr/share/locale/lt/LC_MESSAGES
-- Installing: /home/omen/GITHUB/Athos/AthOS/REPO-AthOS/ksmtp/package-ksmtp/usr/share/locale/lt/LC_MESSAGES/libksmtp6.mo
-- Installing: /home/omen/GITHUB/Athos/AthOS/REPO-AthOS/ksmtp/package-ksmtp/usr/share/locale/sr@ijekavianlatin
-- Installing: /home/omen/GITHUB/Athos/AthOS/REPO-AthOS/ksmtp/package-ksmtp/usr/share/locale/sr@ijekavianlatin/LC_MESSAGES
-- Installing: /home/omen/GITHUB/Athos/AthOS/REPO-AthOS/ksmtp/package-ksmtp/usr/share/locale/sr@ijekavianlatin/LC_MESSAGES/libksmtp6.mo
-- Installing: /home/omen/GITHUB/Athos/AthOS/REPO-AthOS/ksmtp/package-ksmtp/usr/share/locale/sl
-- Installing: /home/omen/GITHUB/Athos/AthOS/REPO-AthOS/ksmtp/package-ksmtp/usr/share/locale/sl/LC_MESSAGES
-- Installing: /home/omen/GITHUB/Athos/AthOS/REPO-AthOS/ksmtp/package-ksmtp/usr/share/locale/sl/LC_MESSAGES/libksmtp6.mo
-- Installing: /home/omen/GITHUB/Athos/AthOS/REPO-AthOS/ksmtp/package-ksmtp/usr/share/locale/ta
-- Installing: /home/omen/GITHUB/Athos/AthOS/REPO-AthOS/ksmtp/package-ksmtp/usr/share/locale/ta/LC_MESSAGES
-- Installing: /home/omen/GITHUB/Athos/AthOS/REPO-AthOS/ksmtp/package-ksmtp/usr/share/locale/ta/LC_MESSAGES/libksmtp6.mo
-- Installing: /home/omen/GITHUB/Athos/AthOS/REPO-AthOS/ksmtp/package-ksmtp/usr/share/locale/ro
-- Installing: /home/omen/GITHUB/Athos/AthOS/REPO-AthOS/ksmtp/package-ksmtp/usr/share/locale/ro/LC_MESSAGES
-- Installing: /home/omen/GITHUB/Athos/AthOS/REPO-AthOS/ksmtp/package-ksmtp/usr/share/locale/ro/LC_MESSAGES/libksmtp6.mo
-- Installing: /home/omen/GITHUB/Athos/AthOS/REPO-AthOS/ksmtp/package-ksmtp/usr/share/locale/bs
-- Installing: /home/omen/GITHUB/Athos/AthOS/REPO-AthOS/ksmtp/package-ksmtp/usr/share/locale/bs/LC_MESSAGES
-- Installing: /home/omen/GITHUB/Athos/AthOS/REPO-AthOS/ksmtp/package-ksmtp/usr/share/locale/bs/LC_MESSAGES/libksmtp6.mo
-- Installing: /home/omen/GITHUB/Athos/AthOS/REPO-AthOS/ksmtp/package-ksmtp/usr/share/locale/sr@latin
-- Installing: /home/omen/GITHUB/Athos/AthOS/REPO-AthOS/ksmtp/package-ksmtp/usr/share/locale/sr@latin/LC_MESSAGES
-- Installing: /home/omen/GITHUB/Athos/AthOS/REPO-AthOS/ksmtp/package-ksmtp/usr/share/locale/sr@latin/LC_MESSAGES/libksmtp6.mo
-- Installing: /home/omen/GITHUB/Athos/AthOS/REPO-AthOS/ksmtp/package-ksmtp/usr/share/locale/he
-- Installing: /home/omen/GITHUB/Athos/AthOS/REPO-AthOS/ksmtp/package-ksmtp/usr/share/locale/he/LC_MESSAGES
-- Installing: /home/omen/GITHUB/Athos/AthOS/REPO-AthOS/ksmtp/package-ksmtp/usr/share/locale/he/LC_MESSAGES/libksmtp6.mo
-- Installing: /home/omen/GITHUB/Athos/AthOS/REPO-AthOS/ksmtp/package-ksmtp/usr/share/locale/zh_TW
-- Installing: /home/omen/GITHUB/Athos/AthOS/REPO-AthOS/ksmtp/package-ksmtp/usr/share/locale/zh_TW/LC_MESSAGES
-- Installing: /home/omen/GITHUB/Athos/AthOS/REPO-AthOS/ksmtp/package-ksmtp/usr/share/locale/zh_TW/LC_MESSAGES/libksmtp6.mo
-- Installing: /home/omen/GITHUB/Athos/AthOS/REPO-AthOS/ksmtp/package-ksmtp/usr/share/locale/pl
-- Installing: /home/omen/GITHUB/Athos/AthOS/REPO-AthOS/ksmtp/package-ksmtp/usr/share/locale/pl/LC_MESSAGES
-- Installing: /home/omen/GITHUB/Athos/AthOS/REPO-AthOS/ksmtp/package-ksmtp/usr/share/locale/pl/LC_MESSAGES/libksmtp6.mo
-- Installing: /home/omen/GITHUB/Athos/AthOS/REPO-AthOS/ksmtp/package-ksmtp/usr/share/locale/km
-- Installing: /home/omen/GITHUB/Athos/AthOS/REPO-AthOS/ksmtp/package-ksmtp/usr/share/locale/km/LC_MESSAGES
-- Installing: /home/omen/GITHUB/Athos/AthOS/REPO-AthOS/ksmtp/package-ksmtp/usr/share/locale/km/LC_MESSAGES/libksmtp6.mo
-- Installing: /home/omen/GITHUB/Athos/AthOS/REPO-AthOS/ksmtp/package-ksmtp/usr/share/locale/pt
-- Installing: /home/omen/GITHUB/Athos/AthOS/REPO-AthOS/ksmtp/package-ksmtp/usr/share/locale/pt/LC_MESSAGES
-- Installing: /home/omen/GITHUB/Athos/AthOS/REPO-AthOS/ksmtp/package-ksmtp/usr/share/locale/pt/LC_MESSAGES/libksmtp6.mo
-- Installing: /home/omen/GITHUB/Athos/AthOS/REPO-AthOS/ksmtp/package-ksmtp/usr/share/locale/tr
-- Installing: /home/omen/GITHUB/Athos/AthOS/REPO-AthOS/ksmtp/package-ksmtp/usr/share/locale/tr/LC_MESSAGES
-- Installing: /home/omen/GITHUB/Athos/AthOS/REPO-AthOS/ksmtp/package-ksmtp/usr/share/locale/tr/LC_MESSAGES/libksmtp6.mo
-- Installing: /home/omen/GITHUB/Athos/AthOS/REPO-AthOS/ksmtp/package-ksmtp/usr/share/locale/fr
-- Installing: /home/omen/GITHUB/Athos/AthOS/REPO-AthOS/ksmtp/package-ksmtp/usr/share/locale/fr/LC_MESSAGES
-- Installing: /home/omen/GITHUB/Athos/AthOS/REPO-AthOS/ksmtp/package-ksmtp/usr/share/locale/fr/LC_MESSAGES/libksmtp6.mo
-- Installing: /home/omen/GITHUB/Athos/AthOS/REPO-AthOS/ksmtp/package-ksmtp/usr/share/locale/ast
-- Installing: /home/omen/GITHUB/Athos/AthOS/REPO-AthOS/ksmtp/package-ksmtp/usr/share/locale/ast/LC_MESSAGES
-- Installing: /home/omen/GITHUB/Athos/AthOS/REPO-AthOS/ksmtp/package-ksmtp/usr/share/locale/ast/LC_MESSAGES/libksmtp6.mo
-- Installing: /home/omen/GITHUB/Athos/AthOS/REPO-AthOS/ksmtp/package-ksmtp/usr/share/locale/ka
-- Installing: /home/omen/GITHUB/Athos/AthOS/REPO-AthOS/ksmtp/package-ksmtp/usr/share/locale/ka/LC_MESSAGES
-- Installing: /home/omen/GITHUB/Athos/AthOS/REPO-AthOS/ksmtp/package-ksmtp/usr/share/locale/ka/LC_MESSAGES/libksmtp6.mo
-- Installing: /home/omen/GITHUB/Athos/AthOS/REPO-AthOS/ksmtp/package-ksmtp/usr/share/locale/gl
-- Installing: /home/omen/GITHUB/Athos/AthOS/REPO-AthOS/ksmtp/package-ksmtp/usr/share/locale/gl/LC_MESSAGES
-- Installing: /home/omen/GITHUB/Athos/AthOS/REPO-AthOS/ksmtp/package-ksmtp/usr/share/locale/gl/LC_MESSAGES/libksmtp6.mo
-- Installing: /home/omen/GITHUB/Athos/AthOS/REPO-AthOS/ksmtp/package-ksmtp/usr/share/locale/ia
-- Installing: /home/omen/GITHUB/Athos/AthOS/REPO-AthOS/ksmtp/package-ksmtp/usr/share/locale/ia/LC_MESSAGES
-- Installing: /home/omen/GITHUB/Athos/AthOS/REPO-AthOS/ksmtp/package-ksmtp/usr/share/locale/ia/LC_MESSAGES/libksmtp6.mo
-- Installing: /home/omen/GITHUB/Athos/AthOS/REPO-AthOS/ksmtp/package-ksmtp/usr/share/locale/hu
-- Installing: /home/omen/GITHUB/Athos/AthOS/REPO-AthOS/ksmtp/package-ksmtp/usr/share/locale/hu/LC_MESSAGES
-- Installing: /home/omen/GITHUB/Athos/AthOS/REPO-AthOS/ksmtp/package-ksmtp/usr/share/locale/hu/LC_MESSAGES/libksmtp6.mo
-- Installing: /home/omen/GITHUB/Athos/AthOS/REPO-AthOS/ksmtp/package-ksmtp/usr/share/locale/eo
-- Installing: /home/omen/GITHUB/Athos/AthOS/REPO-AthOS/ksmtp/package-ksmtp/usr/share/locale/eo/LC_MESSAGES
-- Installing: /home/omen/GITHUB/Athos/AthOS/REPO-AthOS/ksmtp/package-ksmtp/usr/share/locale/eo/LC_MESSAGES/libksmtp6.mo
-- Installing: /home/omen/GITHUB/Athos/AthOS/REPO-AthOS/ksmtp/package-ksmtp/usr/share/locale/bg
-- Installing: /home/omen/GITHUB/Athos/AthOS/REPO-AthOS/ksmtp/package-ksmtp/usr/share/locale/bg/LC_MESSAGES
-- Installing: /home/omen/GITHUB/Athos/AthOS/REPO-AthOS/ksmtp/package-ksmtp/usr/share/locale/bg/LC_MESSAGES/libksmtp6.mo
-- Installing: /home/omen/GITHUB/Athos/AthOS/REPO-AthOS/ksmtp/package-ksmtp/usr/share/locale/ga
-- Installing: /home/omen/GITHUB/Athos/AthOS/REPO-AthOS/ksmtp/package-ksmtp/usr/share/locale/ga/LC_MESSAGES
-- Installing: /home/omen/GITHUB/Athos/AthOS/REPO-AthOS/ksmtp/package-ksmtp/usr/share/locale/ga/LC_MESSAGES/libksmtp6.mo
-- Installing: /home/omen/GITHUB/Athos/AthOS/REPO-AthOS/ksmtp/package-ksmtp/usr/share/locale/ca
-- Installing: /home/omen/GITHUB/Athos/AthOS/REPO-AthOS/ksmtp/package-ksmtp/usr/share/locale/ca/LC_MESSAGES
-- Installing: /home/omen/GITHUB/Athos/AthOS/REPO-AthOS/ksmtp/package-ksmtp/usr/share/locale/ca/LC_MESSAGES/libksmtp6.mo
-- Installing: /home/omen/GITHUB/Athos/AthOS/REPO-AthOS/ksmtp/package-ksmtp/usr/share/locale/uk
-- Installing: /home/omen/GITHUB/Athos/AthOS/REPO-AthOS/ksmtp/package-ksmtp/usr/share/locale/uk/LC_MESSAGES
-- Installing: /home/omen/GITHUB/Athos/AthOS/REPO-AthOS/ksmtp/package-ksmtp/usr/share/locale/uk/LC_MESSAGES/libksmtp6.mo
-- Installing: /home/omen/GITHUB/Athos/AthOS/REPO-AthOS/ksmtp/package-ksmtp/usr/share/locale/en_GB
-- Installing: /home/omen/GITHUB/Athos/AthOS/REPO-AthOS/ksmtp/package-ksmtp/usr/share/locale/en_GB/LC_MESSAGES
-- Installing: /home/omen/GITHUB/Athos/AthOS/REPO-AthOS/ksmtp/package-ksmtp/usr/share/locale/en_GB/LC_MESSAGES/libksmtp6.mo
-- Installing: /home/omen/GITHUB/Athos/AthOS/REPO-AthOS/ksmtp/package-ksmtp/usr/share/locale/zh_CN
-- Installing: /home/omen/GITHUB/Athos/AthOS/REPO-AthOS/ksmtp/package-ksmtp/usr/share/locale/zh_CN/LC_MESSAGES
-- Installing: /home/omen/GITHUB/Athos/AthOS/REPO-AthOS/ksmtp/package-ksmtp/usr/share/locale/zh_CN/LC_MESSAGES/libksmtp6.mo
-- Installing: /home/omen/GITHUB/Athos/AthOS/REPO-AthOS/ksmtp/package-ksmtp/usr/share/locale/nl
-- Installing: /home/omen/GITHUB/Athos/AthOS/REPO-AthOS/ksmtp/package-ksmtp/usr/share/locale/nl/LC_MESSAGES
-- Installing: /home/omen/GITHUB/Athos/AthOS/REPO-AthOS/ksmtp/package-ksmtp/usr/share/locale/nl/LC_MESSAGES/libksmtp6.mo
-- Installing: /home/omen/GITHUB/Athos/AthOS/REPO-AthOS/ksmtp/package-ksmtp/usr/share/locale/sa
-- Installing: /home/omen/GITHUB/Athos/AthOS/REPO-AthOS/ksmtp/package-ksmtp/usr/share/locale/sa/LC_MESSAGES
-- Installing: /home/omen/GITHUB/Athos/AthOS/REPO-AthOS/ksmtp/package-ksmtp/usr/share/locale/sa/LC_MESSAGES/libksmtp6.mo
-- Installing: /home/omen/GITHUB/Athos/AthOS/REPO-AthOS/ksmtp/package-ksmtp/usr/share/locale/fi
-- Installing: /home/omen/GITHUB/Athos/AthOS/REPO-AthOS/ksmtp/package-ksmtp/usr/share/locale/fi/LC_MESSAGES
-- Installing: /home/omen/GITHUB/Athos/AthOS/REPO-AthOS/ksmtp/package-ksmtp/usr/share/locale/fi/LC_MESSAGES/libksmtp6.mo
-- Installing: /home/omen/GITHUB/Athos/AthOS/REPO-AthOS/ksmtp/package-ksmtp/usr/share/locale/ko
-- Installing: /home/omen/GITHUB/Athos/AthOS/REPO-AthOS/ksmtp/package-ksmtp/usr/share/locale/ko/LC_MESSAGES
-- Installing: /home/omen/GITHUB/Athos/AthOS/REPO-AthOS/ksmtp/package-ksmtp/usr/share/locale/ko/LC_MESSAGES/libksmtp6.mo
-- Installing: /home/omen/GITHUB/Athos/AthOS/REPO-AthOS/ksmtp/package-ksmtp/usr/share/locale/ru
-- Installing: /home/omen/GITHUB/Athos/AthOS/REPO-AthOS/ksmtp/package-ksmtp/usr/share/locale/ru/LC_MESSAGES
-- Installing: /home/omen/GITHUB/Athos/AthOS/REPO-AthOS/ksmtp/package-ksmtp/usr/share/locale/ru/LC_MESSAGES/libksmtp6.mo
-- Installing: /home/omen/GITHUB/Athos/AthOS/REPO-AthOS/ksmtp/package-ksmtp/usr/share/locale/lv
-- Installing: /home/omen/GITHUB/Athos/AthOS/REPO-AthOS/ksmtp/package-ksmtp/usr/share/locale/lv/LC_MESSAGES
-- Installing: /home/omen/GITHUB/Athos/AthOS/REPO-AthOS/ksmtp/package-ksmtp/usr/share/locale/lv/LC_MESSAGES/libksmtp6.mo
-- Installing: /home/omen/GITHUB/Athos/AthOS/REPO-AthOS/ksmtp/package-ksmtp/usr/share/locale/ca@valencia
-- Installing: /home/omen/GITHUB/Athos/AthOS/REPO-AthOS/ksmtp/package-ksmtp/usr/share/locale/ca@valencia/LC_MESSAGES
-- Installing: /home/omen/GITHUB/Athos/AthOS/REPO-AthOS/ksmtp/package-ksmtp/usr/share/locale/ca@valencia/LC_MESSAGES/libksmtp6.mo
-- Installing: /home/omen/GITHUB/Athos/AthOS/REPO-AthOS/ksmtp/package-ksmtp/usr/share/locale/es
-- Installing: /home/omen/GITHUB/Athos/AthOS/REPO-AthOS/ksmtp/package-ksmtp/usr/share/locale/es/LC_MESSAGES
-- Installing: /home/omen/GITHUB/Athos/AthOS/REPO-AthOS/ksmtp/package-ksmtp/usr/share/locale/es/LC_MESSAGES/libksmtp6.mo
-- Installing: /home/omen/GITHUB/Athos/AthOS/REPO-AthOS/ksmtp/package-ksmtp/usr/share/locale/eu
-- Installing: /home/omen/GITHUB/Athos/AthOS/REPO-AthOS/ksmtp/package-ksmtp/usr/share/locale/eu/LC_MESSAGES
-- Installing: /home/omen/GITHUB/Athos/AthOS/REPO-AthOS/ksmtp/package-ksmtp/usr/share/locale/eu/LC_MESSAGES/libksmtp6.mo
-- Installing: /home/omen/GITHUB/Athos/AthOS/REPO-AthOS/ksmtp/package-ksmtp/usr/share/locale/et
-- Installing: /home/omen/GITHUB/Athos/AthOS/REPO-AthOS/ksmtp/package-ksmtp/usr/share/locale/et/LC_MESSAGES
-- Installing: /home/omen/GITHUB/Athos/AthOS/REPO-AthOS/ksmtp/package-ksmtp/usr/share/locale/et/LC_MESSAGES/libksmtp6.mo
-- Installing: /home/omen/GITHUB/Athos/AthOS/REPO-AthOS/ksmtp/package-ksmtp/usr/share/locale/it
-- Installing: /home/omen/GITHUB/Athos/AthOS/REPO-AthOS/ksmtp/package-ksmtp/usr/share/locale/it/LC_MESSAGES
-- Installing: /home/omen/GITHUB/Athos/AthOS/REPO-AthOS/ksmtp/package-ksmtp/usr/share/locale/it/LC_MESSAGES/libksmtp6.mo
-- Installing: /home/omen/GITHUB/Athos/AthOS/REPO-AthOS/ksmtp/package-ksmtp/usr/share/locale/ar
-- Installing: /home/omen/GITHUB/Athos/AthOS/REPO-AthOS/ksmtp/package-ksmtp/usr/share/locale/ar/LC_MESSAGES
-- Installing: /home/omen/GITHUB/Athos/AthOS/REPO-AthOS/ksmtp/package-ksmtp/usr/share/locale/ar/LC_MESSAGES/libksmtp6.mo
-- Installing: /home/omen/GITHUB/Athos/AthOS/REPO-AthOS/ksmtp/package-ksmtp/usr/share/locale/nds
-- Installing: /home/omen/GITHUB/Athos/AthOS/REPO-AthOS/ksmtp/package-ksmtp/usr/share/locale/nds/LC_MESSAGES
-- Installing: /home/omen/GITHUB/Athos/AthOS/REPO-AthOS/ksmtp/package-ksmtp/usr/share/locale/nds/LC_MESSAGES/libksmtp6.mo
-- Installing: /home/omen/GITHUB/Athos/AthOS/REPO-AthOS/ksmtp/package-ksmtp/usr/share/locale/mr
-- Installing: /home/omen/GITHUB/Athos/AthOS/REPO-AthOS/ksmtp/package-ksmtp/usr/share/locale/mr/LC_MESSAGES
-- Installing: /home/omen/GITHUB/Athos/AthOS/REPO-AthOS/ksmtp/package-ksmtp/usr/share/locale/mr/LC_MESSAGES/libksmtp6.mo
-- Installing: /home/omen/GITHUB/Athos/AthOS/REPO-AthOS/ksmtp/package-ksmtp/usr/share/locale/ug
-- Installing: /home/omen/GITHUB/Athos/AthOS/REPO-AthOS/ksmtp/package-ksmtp/usr/share/locale/ug/LC_MESSAGES
-- Installing: /home/omen/GITHUB/Athos/AthOS/REPO-AthOS/ksmtp/package-ksmtp/usr/share/locale/ug/LC_MESSAGES/libksmtp6.mo
-- Installing: /home/omen/GITHUB/Athos/AthOS/REPO-AthOS/ksmtp/package-ksmtp/usr/share/locale/sk
-- Installing: /home/omen/GITHUB/Athos/AthOS/REPO-AthOS/ksmtp/package-ksmtp/usr/share/locale/sk/LC_MESSAGES
-- Installing: /home/omen/GITHUB/Athos/AthOS/REPO-AthOS/ksmtp/package-ksmtp/usr/share/locale/sk/LC_MESSAGES/libksmtp6.mo
-- Installing: /home/omen/GITHUB/Athos/AthOS/REPO-AthOS/ksmtp/package-ksmtp/usr/share/locale/sv
-- Installing: /home/omen/GITHUB/Athos/AthOS/REPO-AthOS/ksmtp/package-ksmtp/usr/share/locale/sv/LC_MESSAGES
-- Installing: /home/omen/GITHUB/Athos/AthOS/REPO-AthOS/ksmtp/package-ksmtp/usr/share/locale/sv/LC_MESSAGES/libksmtp6.mo
[32mThe main part of source code is ready. We are moving on to preparing post install scripts, docs, license, man pages etc..[0m
cp: cannot stat 'AUTHORS': No such file or directory
cp: cannot stat 'ChangeLog*': No such file or directory
cp: cannot stat 'COPYING': No such file or directory
cp: cannot stat 'CREDITS': No such file or directory
cp: cannot stat 'LICENSE': No such file or directory
cp: cannot stat 'MAINTAINERS': No such file or directory
cp: cannot stat 'NEWS': No such file or directory
cp: cannot stat 'README*': No such file or directory
cp: cannot stat 'docs': No such file or directory
cp: cannot stat 'DOCS': No such file or directory
grep: /home/omen/GITHUB/Athos/AthOS/REPO-AthOS/ksmtp/ksmtp.info: No such file or directory
cyrus-sasl
kcoreaddons
ki18n
kio
doxygen
extra-cmake-modules
[32mPackaging compiled for slackware installation...[0m
[32mMAKEPKG_FLAGS is empty or unset, using default[0m

Slackware package maker, version 3.14159265.

Searching for symbolic links:
usr/lib64/libKPim6SMTP.so	libKPim6SMTP.so.6
usr/lib64/libKPim6SMTP.so.6	libKPim6SMTP.so.6.4.1

Making symbolic link creation script:
( cd usr/lib64 ; rm -rf libKPim6SMTP.so )
( cd usr/lib64 ; ln -sf libKPim6SMTP.so.6 libKPim6SMTP.so )
( cd usr/lib64 ; rm -rf libKPim6SMTP.so.6 )
( cd usr/lib64 ; ln -sf libKPim6SMTP.so.6.4.1 libKPim6SMTP.so.6 )

Unless your existing installation script already contains the code
to create these links, you should append these lines to your existing
install script. Now's your chance. :^)

Would you like to add this stuff to the existing install script and
remove the symbolic links ([y]es, [n]o)? y


Removing symbolic links:
removed './usr/lib64/libKPim6SMTP.so.6'
removed './usr/lib64/libKPim6SMTP.so'

Updating your ./install/doinst.sh...

This next step is optional - you can set the directories in your package
to some sane permissions. If any of the directories in your package have
special permissions, then DO NOT reset them here!

Would you like to reset all directory permissions to 755 (drwxr-xr-x) and
directory ownerships to root:root ([y]es, [n]o)? n


Creating Slackware package:  /tmp/ksmtp/ksmtp-25.04.1-x86_64-1_rtz.tlz

./
install/
install/doinst.sh
install/slack-desc
usr/
usr/doc/
usr/doc/ksmtp-25.04.1/
usr/doc/ksmtp-25.04.1/ksmtp.ini
usr/doc/ksmtp-25.04.1/slack-required
usr/doc/qt6-6.8.3_20250319_bab1fecd/
usr/doc/qt6-6.8.3_20250319_bab1fecd/KPim6SMTP.qch
usr/doc/qt6-6.8.3_20250319_bab1fecd/KPim6SMTP.tags
usr/include/
usr/include/KPim6/
usr/include/KPim6/KSMTP/
usr/include/KPim6/KSMTP/KSMTP/
usr/include/KPim6/KSMTP/KSMTP/Job
usr/include/KPim6/KSMTP/KSMTP/LoginJob
usr/include/KPim6/KSMTP/KSMTP/SendJob
usr/include/KPim6/KSMTP/KSMTP/Session
usr/include/KPim6/KSMTP/KSMTP/SessionUiProxy
usr/include/KPim6/KSMTP/ksmtp/
usr/include/KPim6/KSMTP/ksmtp/job.h
usr/include/KPim6/KSMTP/ksmtp/ksmtp_export.h
usr/include/KPim6/KSMTP/ksmtp/loginjob.h
usr/include/KPim6/KSMTP/ksmtp/sendjob.h
usr/include/KPim6/KSMTP/ksmtp/session.h
usr/include/KPim6/KSMTP/ksmtp/sessionuiproxy.h
usr/include/KPim6/KSMTP/ksmtp_version.h
usr/lib64/
usr/lib64/cmake/
usr/lib64/cmake/KPim6SMTP/
usr/lib64/cmake/KPim6SMTP/KPim6SMTPConfig.cmake
usr/lib64/cmake/KPim6SMTP/KPim6SMTPConfigVersion.cmake
usr/lib64/cmake/KPim6SMTP/KPim6SMTPQchTargets.cmake
usr/lib64/cmake/KPim6SMTP/KPim6SMTPTargets-relwithdebinfo.cmake
usr/lib64/cmake/KPim6SMTP/KPim6SMTPTargets.cmake
usr/lib64/libKPim6SMTP.so.6.4.1
usr/share/
usr/share/locale/
usr/share/locale/ar/
usr/share/locale/ar/LC_MESSAGES/
usr/share/locale/ar/LC_MESSAGES/libksmtp6.mo
usr/share/locale/ast/
usr/share/locale/ast/LC_MESSAGES/
usr/share/locale/ast/LC_MESSAGES/libksmtp6.mo
usr/share/locale/bg/
usr/share/locale/bg/LC_MESSAGES/
usr/share/locale/bg/LC_MESSAGES/libksmtp6.mo
usr/share/locale/bs/
usr/share/locale/bs/LC_MESSAGES/
usr/share/locale/bs/LC_MESSAGES/libksmtp6.mo
usr/share/locale/ca/
usr/share/locale/ca/LC_MESSAGES/
usr/share/locale/ca/LC_MESSAGES/libksmtp6.mo
usr/share/locale/ca@valencia/
usr/share/locale/ca@valencia/LC_MESSAGES/
usr/share/locale/ca@valencia/LC_MESSAGES/libksmtp6.mo
usr/share/locale/cs/
usr/share/locale/cs/LC_MESSAGES/
usr/share/locale/cs/LC_MESSAGES/libksmtp6.mo
usr/share/locale/de/
usr/share/locale/de/LC_MESSAGES/
usr/share/locale/de/LC_MESSAGES/libksmtp6.mo
usr/share/locale/en_GB/
usr/share/locale/en_GB/LC_MESSAGES/
usr/share/locale/en_GB/LC_MESSAGES/libksmtp6.mo
usr/share/locale/eo/
usr/share/locale/eo/LC_MESSAGES/
usr/share/locale/eo/LC_MESSAGES/libksmtp6.mo
usr/share/locale/es/
usr/share/locale/es/LC_MESSAGES/
usr/share/locale/es/LC_MESSAGES/libksmtp6.mo
usr/share/locale/et/
usr/share/locale/et/LC_MESSAGES/
usr/share/locale/et/LC_MESSAGES/libksmtp6.mo
usr/share/locale/eu/
usr/share/locale/eu/LC_MESSAGES/
usr/share/locale/eu/LC_MESSAGES/libksmtp6.mo
usr/share/locale/fi/
usr/share/locale/fi/LC_MESSAGES/
usr/share/locale/fi/LC_MESSAGES/libksmtp6.mo
usr/share/locale/fr/
usr/share/locale/fr/LC_MESSAGES/
usr/share/locale/fr/LC_MESSAGES/libksmtp6.mo
usr/share/locale/ga/
usr/share/locale/ga/LC_MESSAGES/
usr/share/locale/ga/LC_MESSAGES/libksmtp6.mo
usr/share/locale/gl/
usr/share/locale/gl/LC_MESSAGES/
usr/share/locale/gl/LC_MESSAGES/libksmtp6.mo
usr/share/locale/he/
usr/share/locale/he/LC_MESSAGES/
usr/share/locale/he/LC_MESSAGES/libksmtp6.mo
usr/share/locale/hi/
usr/share/locale/hi/LC_MESSAGES/
usr/share/locale/hi/LC_MESSAGES/libksmtp6.mo
usr/share/locale/hu/
usr/share/locale/hu/LC_MESSAGES/
usr/share/locale/hu/LC_MESSAGES/libksmtp6.mo
usr/share/locale/ia/
usr/share/locale/ia/LC_MESSAGES/
usr/share/locale/ia/LC_MESSAGES/libksmtp6.mo
usr/share/locale/it/
usr/share/locale/it/LC_MESSAGES/
usr/share/locale/it/LC_MESSAGES/libksmtp6.mo
usr/share/locale/ja/
usr/share/locale/ja/LC_MESSAGES/
usr/share/locale/ja/LC_MESSAGES/libksmtp6.mo
usr/share/locale/ka/
usr/share/locale/ka/LC_MESSAGES/
usr/share/locale/ka/LC_MESSAGES/libksmtp6.mo
usr/share/locale/km/
usr/share/locale/km/LC_MESSAGES/
usr/share/locale/km/LC_MESSAGES/libksmtp6.mo
usr/share/locale/ko/
usr/share/locale/ko/LC_MESSAGES/
usr/share/locale/ko/LC_MESSAGES/libksmtp6.mo
usr/share/locale/lt/
usr/share/locale/lt/LC_MESSAGES/
usr/share/locale/lt/LC_MESSAGES/libksmtp6.mo
usr/share/locale/lv/
usr/share/locale/lv/LC_MESSAGES/
usr/share/locale/lv/LC_MESSAGES/libksmtp6.mo
usr/share/locale/mr/
usr/share/locale/mr/LC_MESSAGES/
usr/share/locale/mr/LC_MESSAGES/libksmtp6.mo
usr/share/locale/nds/
usr/share/locale/nds/LC_MESSAGES/
usr/share/locale/nds/LC_MESSAGES/libksmtp6.mo
usr/share/locale/nl/
usr/share/locale/nl/LC_MESSAGES/
usr/share/locale/nl/LC_MESSAGES/libksmtp6.mo
usr/share/locale/nn/
usr/share/locale/nn/LC_MESSAGES/
usr/share/locale/nn/LC_MESSAGES/libksmtp6.mo
usr/share/locale/pl/
usr/share/locale/pl/LC_MESSAGES/
usr/share/locale/pl/LC_MESSAGES/libksmtp6.mo
usr/share/locale/pt/
usr/share/locale/pt/LC_MESSAGES/
usr/share/locale/pt/LC_MESSAGES/libksmtp6.mo
usr/share/locale/pt_BR/
usr/share/locale/pt_BR/LC_MESSAGES/
usr/share/locale/pt_BR/LC_MESSAGES/libksmtp6.mo
usr/share/locale/ro/
usr/share/locale/ro/LC_MESSAGES/
usr/share/locale/ro/LC_MESSAGES/libksmtp6.mo
usr/share/locale/ru/
usr/share/locale/ru/LC_MESSAGES/
usr/share/locale/ru/LC_MESSAGES/libksmtp6.mo
usr/share/locale/sa/
usr/share/locale/sa/LC_MESSAGES/
usr/share/locale/sa/LC_MESSAGES/libksmtp6.mo
usr/share/locale/sk/
usr/share/locale/sk/LC_MESSAGES/
usr/share/locale/sk/LC_MESSAGES/libksmtp6.mo
usr/share/locale/sl/
usr/share/locale/sl/LC_MESSAGES/
usr/share/locale/sl/LC_MESSAGES/libksmtp6.mo
usr/share/locale/sr/
usr/share/locale/sr/LC_MESSAGES/
usr/share/locale/sr/LC_MESSAGES/libksmtp6.mo
usr/share/locale/sr@ijekavian/
usr/share/locale/sr@ijekavian/LC_MESSAGES/
usr/share/locale/sr@ijekavian/LC_MESSAGES/libksmtp6.mo
usr/share/locale/sr@ijekavianlatin/
usr/share/locale/sr@ijekavianlatin/LC_MESSAGES/
usr/share/locale/sr@ijekavianlatin/LC_MESSAGES/libksmtp6.mo
usr/share/locale/sr@latin/
usr/share/locale/sr@latin/LC_MESSAGES/
usr/share/locale/sr@latin/LC_MESSAGES/libksmtp6.mo
usr/share/locale/sv/
usr/share/locale/sv/LC_MESSAGES/
usr/share/locale/sv/LC_MESSAGES/libksmtp6.mo
usr/share/locale/ta/
usr/share/locale/ta/LC_MESSAGES/
usr/share/locale/ta/LC_MESSAGES/libksmtp6.mo
usr/share/locale/tr/
usr/share/locale/tr/LC_MESSAGES/
usr/share/locale/tr/LC_MESSAGES/libksmtp6.mo
usr/share/locale/ug/
usr/share/locale/ug/LC_MESSAGES/
usr/share/locale/ug/LC_MESSAGES/libksmtp6.mo
usr/share/locale/uk/
usr/share/locale/uk/LC_MESSAGES/
usr/share/locale/uk/LC_MESSAGES/libksmtp6.mo
usr/share/locale/zh_CN/
usr/share/locale/zh_CN/LC_MESSAGES/
usr/share/locale/zh_CN/LC_MESSAGES/libksmtp6.mo
usr/share/locale/zh_TW/
usr/share/locale/zh_TW/LC_MESSAGES/
usr/share/locale/zh_TW/LC_MESSAGES/libksmtp6.mo
usr/share/qlogging-categories6/
usr/share/qlogging-categories6/ksmtp.categories

Slackware package /tmp/ksmtp/ksmtp-25.04.1-x86_64-1_rtz.tlz created.

Create shared object file for ksmtp-25.04.1-x86_64-1_rtz.tlz
Creating /tmp/ksmtp/ksmtp-25.04.1-x86_64-1_rtz.tlz.so.file using /tmp/ksmtp/ksmtp-25.04.1-x86_64-1_rtz.tlz
Successfully created /tmp/ksmtp/ksmtp-25.04.1-x86_64-1_rtz.tlz.so.file
Packaging of executable and meta-data in ksmtp.tar.lz4 format.
/tmp/ksmtp /tmp/ksmtp
/tmp/ksmtp
BIN_NAME
README
ksmtp-25.04.1-x86_64-1_rtz.tlz
ksmtp-25.04.1-x86_64-1_rtz.tlz.md5
ksmtp-25.04.1-x86_64-1_rtz.tlz.so.file
ksmtp-25.04.1-x86_64-1_rtz.tlz.txt
ksmtp.dep
makepkg-ksmtp.log
[32mksmtp build finished. Procced to installation...[0m

+==============================================================================================+
| Upgrading ksmtp-25.04.1-x86_64-1_rtz package using /tmp/ksmtp/ksmtp-25.04.1-x86_64-1_rtz.tlz |
+==============================================================================================+

Pre-installing package ksmtp-25.04.1-x86_64-1_rtz...
Removing package: ksmtp-25.04.1-x86_64-1_rtz-upgraded-2025-05-28,20:50:47
Installing package ksmtp-25.04.1-x86_64-1_rtz.tlz:
PACKAGE DESCRIPTION:
# ksmtp (library )
#
# Job-based library to send email through an SMTP server
#
# https://kontact.kde.org/
Executing install script for ksmtp-25.04.1-x86_64-1_rtz.tlz.
Font directories:
	/usr/share/fonts
/usr/share/fonts: caching, new cache contents: 0 fonts, 11 dirs
/usr/share/fonts/100dpi: caching, new cache contents: 238 fonts, 0 dirs
/usr/share/fonts/75dpi: caching, new cache contents: 238 fonts, 0 dirs
/usr/share/fonts/OTF: caching, new cache contents: 124 fonts, 0 dirs
/usr/share/fonts/Speedo: caching, new cache contents: 0 fonts, 0 dirs
/usr/share/fonts/TTF: caching, new cache contents: 1132 fonts, 0 dirs
/usr/share/fonts/Type1: caching, new cache contents: 64 fonts, 0 dirs
/usr/share/fonts/cyrillic: caching, new cache contents: 0 fonts, 0 dirs
/usr/share/fonts/encodings: caching, new cache contents: 0 fonts, 1 dirs
/usr/share/fonts/encodings/large: caching, new cache contents: 0 fonts, 0 dirs
/usr/share/fonts/kanjistrokeorders: caching, new cache contents: 1 fonts, 0 dirs
/usr/share/fonts/misc: caching, new cache contents: 143 fonts, 0 dirs
/usr/share/fonts/util: caching, new cache contents: 0 fonts, 0 dirs
/var/cache/fontconfig: cleaning cache directory
/root/.cache/fontconfig: not cleaning non-existent cache directory
/root/.fontconfig: not cleaning non-existent cache directory
/usr/bin/fc-cache: succeeded
Package ksmtp-25.04.1-x86_64-1_rtz.tlz installed.
Package ksmtp-25.04.1-x86_64-1_rtz upgraded with new package /tmp/ksmtp/ksmtp-25.04.1-x86_64-1_rtz.tlz.
[32mCleaning environmet: Removing source code, and work-space...[0m
rm: cannot remove 'ksmtp-25.04.1.tar.xz': No such file or directory
