Starting build process...
Detected architecture: x86_64
No required dependencies specified.
No optional dependencies found.
Downloading source code tar.gz file
--2025-05-15 00:50:51--  https://github.com/mgdm/htmlq/archive/refs/tags/v0.4.0.tar.gz
Resolving github.com (github.com)... 140.82.121.3
Connecting to github.com (github.com)|140.82.121.3|:443... connected.
HTTP request sent, awaiting response... 302 Found
Location: https://codeload.github.com/mgdm/htmlq/tar.gz/refs/tags/v0.4.0 [following]
--2025-05-15 00:50:51--  https://codeload.github.com/mgdm/htmlq/tar.gz/refs/tags/v0.4.0
Resolving codeload.github.com (codeload.github.com)... 140.82.121.9
Connecting to codeload.github.com (codeload.github.com)|140.82.121.9|:443... connected.
HTTP request sent, awaiting response... 200 OK
Length: unspecified [application/x-gzip]
Saving to: ‘htmlq-0.4.0.tar.gz’

     0K .......... ..                                           109M=0s

2025-05-15 00:50:52 (109 MB/s) - ‘htmlq-0.4.0.tar.gz’ saved [13030]

Found file: htmlq-0.4.0.tar.gz
No checksum provided. Skipping checksum verification and proceeding...
Creating working directories and exporting source code in...
htmlq-0.4.0/
htmlq-0.4.0/.github/
htmlq-0.4.0/.github/workflows/
htmlq-0.4.0/.github/workflows/build.yml
htmlq-0.4.0/.gitignore
htmlq-0.4.0/Cargo.lock
htmlq-0.4.0/Cargo.toml
htmlq-0.4.0/LICENSE.md
htmlq-0.4.0/README.md
htmlq-0.4.0/src/
htmlq-0.4.0/src/link.rs
htmlq-0.4.0/src/main.rs
htmlq-0.4.0/src/pretty_print.rs
/home/omen/GITHUB/PLASMA_WORLD/AthOS/REPO-AthOS/htmlq/work
README or README.md already exists, skipping creation.
hm...lets continue and see what happens
warning: only one of `license` or `license-file` is necessary
`license` should be used if the package license can be expressed with a standard SPDX expression.
`license-file` should be used if the package uses a non-standard license.
See https://doc.rust-lang.org/cargo/reference/manifest.html#the-license-and-license-file-fields for more information.
    Updating crates.io index
 Downloading crates ...
  Downloaded matches v0.1.9
  Downloaded tinyvec_macros v0.1.0
  Downloaded thin-slice v0.1.1
  Downloaded phf_shared v0.8.0
  Downloaded phf_generator v0.8.0
  Downloaded rand_pcg v0.2.1
  Downloaded unicode-bidi v0.3.6
  Downloaded percent-encoding v2.1.0
  Downloaded phf_macros v0.8.0
  Downloaded atty v0.2.14
  Downloaded new_debug_unreachable v1.0.4
  Downloaded dtoa-short v0.3.3
  Downloaded fxhash v0.2.1
  Downloaded itoa v0.4.8
  Downloaded phf v0.8.0
  Downloaded ansi_term v0.11.0
  Downloaded strsim v0.8.0
  Downloaded textwrap v0.11.0
  Downloaded unicode-width v0.1.8
  Downloaded vec_map v0.8.2
  Downloaded string_cache v0.8.1
  Downloaded string_cache_codegen v0.5.1
  Downloaded futf v0.1.4
  Downloaded cssparser-macros v0.6.0
  Downloaded dtoa v0.4.8
  Downloaded convert_case v0.4.0
  Downloaded semver-parser v0.10.2
  Downloaded semver v0.11.0
  Downloaded rustc_version v0.3.3
  Downloaded byteorder v1.4.3
  Downloaded unicode-xid v0.2.2
  Downloaded proc-macro-hack v0.5.19
  Downloaded ppv-lite86 v0.2.10
  Downloaded rand_chacha v0.2.2
  Downloaded getrandom v0.1.16
  Downloaded rand_core v0.5.1
  Downloaded siphasher v0.3.7
  Downloaded phf_codegen v0.8.0
  Downloaded nodrop v0.1.14
  Downloaded tinyvec v1.3.1
  Downloaded smallvec v1.6.1
  Downloaded servo_arc v0.1.1
  Downloaded kuchiki v0.8.1
  Downloaded lazy_static v1.4.0
  Downloaded form_urlencoded v1.0.1
  Downloaded tendril v0.4.2
  Downloaded markup5ever v0.10.1
  Downloaded cssparser v0.27.2
  Downloaded ucd-trie v0.1.3
  Downloaded derive_more v0.99.16
  Downloaded proc-macro2 v1.0.29
  Downloaded selectors v0.22.0
  Downloaded log v0.4.14
  Downloaded quote v1.0.9
  Downloaded serde v1.0.130
  Downloaded pest v2.1.3
  Downloaded html5ever v0.25.1
  Downloaded url v2.2.2
  Downloaded unicode-normalization v0.1.19
  Downloaded rand v0.7.3
  Downloaded clap v2.33.3
  Downloaded syn v1.0.76
  Downloaded idna v0.2.3
  Downloaded libc v0.2.101
warning: only one of `license` or `license-file` is necessary
`license` should be used if the package license can be expressed with a standard SPDX expression.
`license-file` should be used if the package uses a non-standard license.
See https://doc.rust-lang.org/cargo/reference/manifest.html#the-license-and-license-file-fields for more information.
   Compiling libc v0.2.101
   Compiling proc-macro2 v1.0.29
   Compiling getrandom v0.1.16
   Compiling unicode-xid v0.2.2
   Compiling cfg-if v1.0.0
   Compiling ppv-lite86 v0.2.10
   Compiling siphasher v0.3.7
   Compiling syn v1.0.76
   Compiling proc-macro-hack v0.5.19
   Compiling new_debug_unreachable v1.0.4
   Compiling serde v1.0.130
   Compiling matches v0.1.9
   Compiling log v0.4.14
   Compiling mac v0.1.1
   Compiling precomputed-hash v0.1.1
   Compiling tinyvec_macros v0.1.0
   Compiling lazy_static v1.4.0
   Compiling utf-8 v0.7.6
   Compiling futf v0.1.4
   Compiling dtoa v0.4.8
   Compiling tinyvec v1.3.1
   Compiling nodrop v0.1.14
   Compiling bitflags v1.3.2
   Compiling smallvec v1.6.1
   Compiling itoa v0.4.8
   Compiling byteorder v1.4.3
   Compiling convert_case v0.4.0
   Compiling stable_deref_trait v1.2.0
   Compiling unicode-width v0.1.8
   Compiling servo_arc v0.1.1
   Compiling tendril v0.4.2
   Compiling phf_shared v0.8.0
   Compiling dtoa-short v0.3.3
   Compiling thin-slice v0.1.1
   Compiling unicode-bidi v0.3.6
   Compiling percent-encoding v2.1.0
   Compiling textwrap v0.11.0
   Compiling fxhash v0.2.1
   Compiling vec_map v0.8.2
   Compiling ansi_term v0.11.0
   Compiling form_urlencoded v1.0.1
   Compiling strsim v0.8.0
   Compiling atty v0.2.14
   Compiling clap v2.33.3
   Compiling rand_core v0.5.1
   Compiling quote v1.0.9
   Compiling rand_pcg v0.2.1
   Compiling rand_chacha v0.2.2
   Compiling rand v0.7.3
   Compiling unicode-normalization v0.1.19
   Compiling phf_generator v0.8.0
   Compiling idna v0.2.3
   Compiling phf_codegen v0.8.0
   Compiling string_cache_codegen v0.5.1
   Compiling selectors v0.22.0
   Compiling markup5ever v0.10.1
   Compiling url v2.2.2
   Compiling string_cache v0.8.1
   Compiling phf_macros v0.8.0
   Compiling cssparser v0.27.2
   Compiling html5ever v0.25.1
   Compiling cssparser-macros v0.6.0
   Compiling derive_more v0.99.16
   Compiling phf v0.8.0
   Compiling kuchiki v0.8.1
   Compiling htmlq v0.4.0 (/home/omen/GITHUB/PLASMA_WORLD/AthOS/REPO-AthOS/htmlq/work/htmlq-0.4.0)
    Finished `release` profile [optimized] target(s) in 9.88s
warning: the following packages contain code that will be rejected by a future version of Rust: html5ever v0.25.1
note: to see what the problems were, use the option `--future-incompat-report`, or run `cargo report future-incompatibilities --id 1`
The main part of source code is ready. We are moving on to preparing post install scripts, docs, license, man pages etc..
cp: cannot stat 'AUTHORS': No such file or directory
cp: cannot stat 'ChangeLog*': No such file or directory
cp: cannot stat 'COPYING': No such file or directory
cp: cannot stat 'CREDITS': No such file or directory
cp: cannot stat 'LICENSE': No such file or directory
cp: cannot stat 'MAINTAINERS': No such file or directory
cp: cannot stat 'NEWS': No such file or directory
cp: cannot stat 'docs': No such file or directory
cp: cannot stat 'DOCS': No such file or directory
grep: /home/omen/GITHUB/PLASMA_WORLD/AthOS/REPO-AthOS/htmlq/htmlq.info: No such file or directory
Packaging compiled for slackware installation...
MAKEPKG_FLAGS is empty or unset, using default

Slackware package maker, version 3.14159265.

Searching for symbolic links:

No symbolic links were found, so we won't make an installation script.
You can make your own later in ./install/doinst.sh and rebuild the
package if you like.

This next step is optional - you can set the directories in your package
to some sane permissions. If any of the directories in your package have
special permissions, then DO NOT reset them here!

Would you like to reset all directory permissions to 755 (drwxr-xr-x) and
directory ownerships to root:root ([y]es, [n]o)? n


Creating Slackware package:  /tmp/htmlq/htmlq-0.4.0-x86_64-1_rtz.tlz

./
install/
install/doinst.sh
install/slack-desc
usr/
usr/doc/
usr/doc/htmlq-0.4.0/
usr/doc/htmlq-0.4.0/README.md
usr/doc/htmlq-0.4.0/htmlq.ini
usr/local/
usr/local/bin/
usr/local/bin/htmlq

Slackware package /tmp/htmlq/htmlq-0.4.0-x86_64-1_rtz.tlz created.

Create shared object file for htmlq-0.4.0-x86_64-1_rtz.tlz
Creating /tmp/htmlq/htmlq-0.4.0-x86_64-1_rtz.tlz.so.file using /tmp/htmlq/htmlq-0.4.0-x86_64-1_rtz.tlz
Successfully created /tmp/htmlq/htmlq-0.4.0-x86_64-1_rtz.tlz.so.file
Packaging of executable and meta-data in htmlq.tar.lz4 format.
/tmp/htmlq /tmp/htmlq
/tmp/htmlq
BIN_NAME
README
htmlq-0.4.0-x86_64-1_rtz.tlz
htmlq-0.4.0-x86_64-1_rtz.tlz.md5
htmlq-0.4.0-x86_64-1_rtz.tlz.so.file
htmlq-0.4.0-x86_64-1_rtz.tlz.txt
makepkg-htmlq.log
htmlq build finished. Procced to installation...

+==========================================================================================+
| Upgrading htmlq-0.4.0-x86_64-1_rtz package using /tmp/htmlq/htmlq-0.4.0-x86_64-1_rtz.tlz |
+==========================================================================================+

Pre-installing package htmlq-0.4.0-x86_64-1_rtz...
Removing package: htmlq-0.4.0-x86_64-1_rtz-upgraded-2025-05-15,00:51:06
Installing package htmlq-0.4.0-x86_64-1_rtz.tlz:
PACKAGE DESCRIPTION:
# htmlq (Like jq, but for HTML)
#
# Like jq, but for HTML. Uses CSS selectors to extract bits of content
# from HTML files
#
# https://github.com/mgdm/htmlq
Executing install script for htmlq-0.4.0-x86_64-1_rtz.tlz.
Font directories:
	/usr/share/fonts
/usr/share/fonts: caching, new cache contents: 0 fonts, 11 dirs
/usr/share/fonts/100dpi: caching, new cache contents: 238 fonts, 0 dirs
/usr/share/fonts/75dpi: caching, new cache contents: 238 fonts, 0 dirs
/usr/share/fonts/OTF: caching, new cache contents: 124 fonts, 0 dirs
/usr/share/fonts/Speedo: caching, new cache contents: 0 fonts, 0 dirs
/usr/share/fonts/TTF: caching, new cache contents: 1132 fonts, 0 dirs
/usr/share/fonts/Type1: caching, new cache contents: 64 fonts, 0 dirs
/usr/share/fonts/cyrillic: caching, new cache contents: 0 fonts, 0 dirs
/usr/share/fonts/encodings: caching, new cache contents: 0 fonts, 1 dirs
/usr/share/fonts/encodings/large: caching, new cache contents: 0 fonts, 0 dirs
/usr/share/fonts/kanjistrokeorders: caching, new cache contents: 1 fonts, 0 dirs
/usr/share/fonts/misc: caching, new cache contents: 143 fonts, 0 dirs
/usr/share/fonts/util: caching, new cache contents: 0 fonts, 0 dirs
/var/cache/fontconfig: cleaning cache directory
/root/.cache/fontconfig: not cleaning non-existent cache directory
/root/.fontconfig: not cleaning non-existent cache directory
/usr/bin/fc-cache: succeeded
Package htmlq-0.4.0-x86_64-1_rtz.tlz installed.
Package htmlq-0.4.0-x86_64-1_rtz upgraded with new package /tmp/htmlq/htmlq-0.4.0-x86_64-1_rtz.tlz.
Cleaning environmet: Removing source code, and work-space...
rm: cannot remove 'htmlq-0.4.0.tar.gz': No such file or directory
