[32mStarting build process...[0m
Detected architecture: x86_64
Required dependencies: extra-cmake-modules	kconfig	kconfig	kcrash	kdoctools	ki18n	kiconthemes	knotifications	knotifyconfig	ktextwidgets	kxmlgui
extra-cmake-modules is already installed!
kconfig is already installed!
kconfig is already installed!
kcrash is already installed!
kdoctools is already installed!
ki18n is already installed!
kiconthemes is already installed!
knotifications is already installed!
knotifyconfig is already installed!
ktextwidgets is already installed!
kxmlgui is already installed!
No optional dependencies found.
Downloading source code tar.xz file
--2025-05-28 20:51:39--  https://download.kde.org/stable/release-service/25.04.1/src/kteatime-25.04.1.tar.xz
Resolving download.kde.org (download.kde.org)... 49.12.122.15, 2a01:4f8:242:53eb::4
Connecting to download.kde.org (download.kde.org)|49.12.122.15|:443... connected.
HTTP request sent, awaiting response... 302 Found
Location: https://ftp.cc.uoc.gr/mirrors/kde/stable/release-service/25.04.1/src/kteatime-25.04.1.tar.xz [following]
--2025-05-28 20:51:40--  https://ftp.cc.uoc.gr/mirrors/kde/stable/release-service/25.04.1/src/kteatime-25.04.1.tar.xz
Resolving ftp.cc.uoc.gr (ftp.cc.uoc.gr)... 147.52.159.50, 2001:648:2c00:6c08::2
Connecting to ftp.cc.uoc.gr (ftp.cc.uoc.gr)|147.52.159.50|:443... connected.
HTTP request sent, awaiting response... 200 OK
Length: 311664 (304K) [application/octet-stream]
Saving to: ‘kteatime-25.04.1.tar.xz’

     0K .......... .......... .......... .......... .......... 16% 1.36M 0s
    50K .......... .......... .......... .......... .......... 32% 1.53M 0s
   100K .......... .......... .......... .......... .......... 49% 5.66M 0s
   150K .......... .......... .......... .......... .......... 65% 5.33M 0s
   200K .......... .......... .......... .......... .......... 82% 2.14M 0s
   250K .......... .......... .......... .......... .......... 98% 6.47M 0s
   300K ....                                                  100% 67.9M=0.1s

2025-05-28 20:51:40 (2.56 MB/s) - ‘kteatime-25.04.1.tar.xz’ saved [311664/311664]

Found file: kteatime-25.04.1.tar.xz
No checksum provided. Skipping checksum verification and proceeding...
Creating working directories and exporting source code in...
kteatime-25.04.1/
kteatime-25.04.1/org.kde.kteatime.appdata.xml
kteatime-25.04.1/CMakePresets.json
kteatime-25.04.1/Messages.sh
kteatime-25.04.1/LICENSES/
kteatime-25.04.1/LICENSES/GFDL-1.2-or-later.txt
kteatime-25.04.1/LICENSES/CC0-1.0.txt
kteatime-25.04.1/LICENSES/GPL-2.0-or-later.txt
kteatime-25.04.1/.gitlab-ci.yml
kteatime-25.04.1/doc/
kteatime-25.04.1/doc/index.docbook
kteatime-25.04.1/doc/config.png
kteatime-25.04.1/doc/CMakeLists.txt
kteatime-25.04.1/data/
kteatime-25.04.1/data/icons/
kteatime-25.04.1/data/icons/22-apps-kteatime.png
kteatime-25.04.1/data/icons/32-apps-kteatime.png
kteatime-25.04.1/data/icons/hi128-app-kteatime.png
kteatime-25.04.1/data/icons/64-apps-kteatime.png
kteatime-25.04.1/data/icons/16-apps-kteatime.png
kteatime-25.04.1/data/icons/sc-apps-kteatime.svgz
kteatime-25.04.1/data/icons/48-apps-kteatime.png
kteatime-25.04.1/data/icons/CMakeLists.txt
kteatime-25.04.1/data/CMakeLists.txt
kteatime-25.04.1/logo.png
kteatime-25.04.1/snapcraft.yaml
kteatime-25.04.1/.git-blame-ignore-revs
kteatime-25.04.1/TODO
kteatime-25.04.1/.kde-ci.yml
kteatime-25.04.1/po/
kteatime-25.04.1/po/fa/
kteatime-25.04.1/po/fa/kteatime.po
kteatime-25.04.1/po/bg/
kteatime-25.04.1/po/bg/kteatime.po
kteatime-25.04.1/po/pt/
kteatime-25.04.1/po/pt/docs/
kteatime-25.04.1/po/pt/docs/kteatime/
kteatime-25.04.1/po/pt/docs/kteatime/index.docbook
kteatime-25.04.1/po/pt/kteatime.po
kteatime-25.04.1/po/km/
kteatime-25.04.1/po/km/kteatime.po
kteatime-25.04.1/po/nn/
kteatime-25.04.1/po/nn/kteatime.po
kteatime-25.04.1/po/pl/
kteatime-25.04.1/po/pl/kteatime.po
kteatime-25.04.1/po/ja/
kteatime-25.04.1/po/ja/kteatime.po
kteatime-25.04.1/po/pa/
kteatime-25.04.1/po/pa/kteatime.po
kteatime-25.04.1/po/bs/
kteatime-25.04.1/po/bs/kteatime.po
kteatime-25.04.1/po/zh_CN/
kteatime-25.04.1/po/zh_CN/kteatime.po
kteatime-25.04.1/po/cs/
kteatime-25.04.1/po/cs/kteatime.po
kteatime-25.04.1/po/es/
kteatime-25.04.1/po/es/docs/
kteatime-25.04.1/po/es/docs/kteatime/
kteatime-25.04.1/po/es/docs/kteatime/index.docbook
kteatime-25.04.1/po/es/kteatime.po
kteatime-25.04.1/po/ka/
kteatime-25.04.1/po/ka/kteatime.po
kteatime-25.04.1/po/is/
kteatime-25.04.1/po/is/kteatime.po
kteatime-25.04.1/po/tr/
kteatime-25.04.1/po/tr/docs/
kteatime-25.04.1/po/tr/docs/kteatime/
kteatime-25.04.1/po/tr/docs/kteatime/index.docbook
kteatime-25.04.1/po/tr/kteatime.po
kteatime-25.04.1/po/ug/
kteatime-25.04.1/po/ug/kteatime.po
kteatime-25.04.1/po/ca/
kteatime-25.04.1/po/ca/docs/
kteatime-25.04.1/po/ca/docs/kteatime/
kteatime-25.04.1/po/ca/docs/kteatime/index.docbook
kteatime-25.04.1/po/ca/kteatime.po
kteatime-25.04.1/po/se/
kteatime-25.04.1/po/se/kteatime.po
kteatime-25.04.1/po/ca@valencia/
kteatime-25.04.1/po/ca@valencia/kteatime.po
kteatime-25.04.1/po/hr/
kteatime-25.04.1/po/hr/kteatime.po
kteatime-25.04.1/po/gl/
kteatime-25.04.1/po/gl/kteatime.po
kteatime-25.04.1/po/ro/
kteatime-25.04.1/po/ro/kteatime.po
kteatime-25.04.1/po/oc/
kteatime-25.04.1/po/oc/kteatime.po
kteatime-25.04.1/po/br/
kteatime-25.04.1/po/br/kteatime.po
kteatime-25.04.1/po/eo/
kteatime-25.04.1/po/eo/kteatime.po
kteatime-25.04.1/po/sr@ijekavian/
kteatime-25.04.1/po/sr@ijekavian/kteatime.po
kteatime-25.04.1/po/ku/
kteatime-25.04.1/po/ku/kteatime.po
kteatime-25.04.1/po/nl/
kteatime-25.04.1/po/nl/docs/
kteatime-25.04.1/po/nl/docs/kteatime/
kteatime-25.04.1/po/nl/docs/kteatime/index.docbook
kteatime-25.04.1/po/nl/kteatime.po
kteatime-25.04.1/po/mr/
kteatime-25.04.1/po/mr/kteatime.po
kteatime-25.04.1/po/af/
kteatime-25.04.1/po/af/kteatime.po
kteatime-25.04.1/po/ml/
kteatime-25.04.1/po/ml/kteatime.po
kteatime-25.04.1/po/hu/
kteatime-25.04.1/po/hu/kteatime.po
kteatime-25.04.1/po/eu/
kteatime-25.04.1/po/eu/kteatime.po
kteatime-25.04.1/po/lv/
kteatime-25.04.1/po/lv/kteatime.po
kteatime-25.04.1/po/mk/
kteatime-25.04.1/po/mk/kteatime.po
kteatime-25.04.1/po/nb/
kteatime-25.04.1/po/nb/kteatime.po
kteatime-25.04.1/po/fr/
kteatime-25.04.1/po/fr/docs/
kteatime-25.04.1/po/fr/docs/kteatime/
kteatime-25.04.1/po/fr/docs/kteatime/index.docbook
kteatime-25.04.1/po/fr/docs/kteatime/config.png
kteatime-25.04.1/po/fr/kteatime.po
kteatime-25.04.1/po/hi/
kteatime-25.04.1/po/hi/kteatime.po
kteatime-25.04.1/po/sl/
kteatime-25.04.1/po/sl/docs/
kteatime-25.04.1/po/sl/docs/kteatime/
kteatime-25.04.1/po/sl/docs/kteatime/index.docbook
kteatime-25.04.1/po/sl/kteatime.po
kteatime-25.04.1/po/sr@latin/
kteatime-25.04.1/po/sr@latin/kteatime.po
kteatime-25.04.1/po/bn/
kteatime-25.04.1/po/bn/kteatime.po
kteatime-25.04.1/po/th/
kteatime-25.04.1/po/th/kteatime.po
kteatime-25.04.1/po/wa/
kteatime-25.04.1/po/wa/kteatime.po
kteatime-25.04.1/po/ta/
kteatime-25.04.1/po/ta/kteatime.po
kteatime-25.04.1/po/sr/
kteatime-25.04.1/po/sr/kteatime.po
kteatime-25.04.1/po/he/
kteatime-25.04.1/po/he/kteatime.po
kteatime-25.04.1/po/de/
kteatime-25.04.1/po/de/docs/
kteatime-25.04.1/po/de/docs/kteatime/
kteatime-25.04.1/po/de/docs/kteatime/index.docbook
kteatime-25.04.1/po/de/docs/kteatime/config.png
kteatime-25.04.1/po/de/kteatime.po
kteatime-25.04.1/po/ar/
kteatime-25.04.1/po/ar/kteatime.po
kteatime-25.04.1/po/sk/
kteatime-25.04.1/po/sk/kteatime.po
kteatime-25.04.1/po/zh_TW/
kteatime-25.04.1/po/zh_TW/kteatime.po
kteatime-25.04.1/po/et/
kteatime-25.04.1/po/et/kteatime.po
kteatime-25.04.1/po/it/
kteatime-25.04.1/po/it/docs/
kteatime-25.04.1/po/it/docs/kteatime/
kteatime-25.04.1/po/it/docs/kteatime/index.docbook
kteatime-25.04.1/po/it/kteatime.po
kteatime-25.04.1/po/el/
kteatime-25.04.1/po/el/kteatime.po
kteatime-25.04.1/po/da/
kteatime-25.04.1/po/da/kteatime.po
kteatime-25.04.1/po/xh/
kteatime-25.04.1/po/xh/kteatime.po
kteatime-25.04.1/po/pt_BR/
kteatime-25.04.1/po/pt_BR/docs/
kteatime-25.04.1/po/pt_BR/docs/kteatime/
kteatime-25.04.1/po/pt_BR/docs/kteatime/index.docbook
kteatime-25.04.1/po/pt_BR/docs/kteatime/config.png
kteatime-25.04.1/po/pt_BR/kteatime.po
kteatime-25.04.1/po/ru/
kteatime-25.04.1/po/ru/docs/
kteatime-25.04.1/po/ru/docs/kteatime/
kteatime-25.04.1/po/ru/docs/kteatime/index.docbook
kteatime-25.04.1/po/ru/kteatime.po
kteatime-25.04.1/po/ia/
kteatime-25.04.1/po/ia/kteatime.po
kteatime-25.04.1/po/cy/
kteatime-25.04.1/po/cy/kteatime.po
kteatime-25.04.1/po/sv/
kteatime-25.04.1/po/sv/docs/
kteatime-25.04.1/po/sv/docs/kteatime/
kteatime-25.04.1/po/sv/docs/kteatime/index.docbook
kteatime-25.04.1/po/sv/docs/kteatime/config.png
kteatime-25.04.1/po/sv/kteatime.po
kteatime-25.04.1/po/ne/
kteatime-25.04.1/po/ne/kteatime.po
kteatime-25.04.1/po/ms/
kteatime-25.04.1/po/ms/kteatime.po
kteatime-25.04.1/po/fi/
kteatime-25.04.1/po/fi/kteatime.po
kteatime-25.04.1/po/kk/
kteatime-25.04.1/po/kk/kteatime.po
kteatime-25.04.1/po/ast/
kteatime-25.04.1/po/ast/kteatime.po
kteatime-25.04.1/po/lt/
kteatime-25.04.1/po/lt/kteatime.po
kteatime-25.04.1/po/be/
kteatime-25.04.1/po/be/kteatime.po
kteatime-25.04.1/po/tg/
kteatime-25.04.1/po/tg/kteatime.po
kteatime-25.04.1/po/sa/
kteatime-25.04.1/po/sa/kteatime.po
kteatime-25.04.1/po/ko/
kteatime-25.04.1/po/ko/kteatime.po
kteatime-25.04.1/po/hne/
kteatime-25.04.1/po/hne/kteatime.po
kteatime-25.04.1/po/ga/
kteatime-25.04.1/po/ga/kteatime.po
kteatime-25.04.1/po/en_GB/
kteatime-25.04.1/po/en_GB/kteatime.po
kteatime-25.04.1/po/uk/
kteatime-25.04.1/po/uk/docs/
kteatime-25.04.1/po/uk/docs/kteatime/
kteatime-25.04.1/po/uk/docs/kteatime/index.docbook
kteatime-25.04.1/po/uk/docs/kteatime/config.png
kteatime-25.04.1/po/uk/kteatime.po
kteatime-25.04.1/po/sr@ijekavianlatin/
kteatime-25.04.1/po/sr@ijekavianlatin/kteatime.po
kteatime-25.04.1/po/nds/
kteatime-25.04.1/po/nds/kteatime.po
kteatime-25.04.1/ChangeLog
kteatime-25.04.1/.flatpak-manifest.json
kteatime-25.04.1/CMakeLists.txt
kteatime-25.04.1/src/
kteatime-25.04.1/src/timeedit.h
kteatime-25.04.1/src/settings.h
kteatime-25.04.1/src/kteatime.notifyrc
kteatime-25.04.1/src/tealistmodel.cpp
kteatime-25.04.1/src/timeedit.cpp
kteatime-25.04.1/src/org.kde.kteatime.desktop
kteatime-25.04.1/src/tea.h
kteatime-25.04.1/src/main.cpp
kteatime-25.04.1/src/settings.cpp
kteatime-25.04.1/src/toplevel.h
kteatime-25.04.1/src/tea.cpp
kteatime-25.04.1/src/CMakeLists.txt
kteatime-25.04.1/src/toplevel.cpp
kteatime-25.04.1/src/tealistmodel.h
kteatime-25.04.1/src/timeedit.ui
kteatime-25.04.1/src/settings.ui
kteatime-25.04.1/.gitignore
/home/omen/GITHUB/Athos/AthOS/REPO-AthOS/kteatime/work
README or README.md already exists, skipping creation.
hm...lets continue and see what happens
-- The C compiler identification is GNU 14.3.0
-- The CXX compiler identification is GNU 14.3.0
-- Detecting C compiler ABI info
-- Detecting C compiler ABI info - done
-- Check for working C compiler: /usr/bin/cc - skipped
-- Detecting C compile features
-- Detecting C compile features - done
-- Detecting CXX compiler ABI info
-- Detecting CXX compiler ABI info - done
-- Check for working CXX compiler: /usr/bin/c++ - skipped
-- Detecting CXX compile features
-- Detecting CXX compile features - done
-- Installing in the same prefix as Qt, adopting their path scheme.
-- Looking for __GLIBC__
-- Looking for __GLIBC__ - found
-- Performing Test _OFFT_IS_64BIT
-- Performing Test _OFFT_IS_64BIT - Success
-- Performing Test HAVE_DATE_TIME
-- Performing Test HAVE_DATE_TIME - Success
-- Performing Test HAVE_STDATOMIC
-- Performing Test HAVE_STDATOMIC - Success
-- Found WrapAtomic: TRUE
-- Found OpenGL: /usr/lib64/libOpenGL.so
-- Found WrapOpenGL: TRUE
-- Found XKB: /usr/lib64/libxkbcommon.so (found suitable version "1.10.0", minimum required is "0.5.0")
-- Found WrapVulkanHeaders: /usr/include
-- Found KF6Config: /usr/lib64/cmake/KF6Config/KF6ConfigConfig.cmake (found version "6.14.0")
-- Found KF6CoreAddons: /usr/lib64/cmake/KF6CoreAddons/KF6CoreAddonsConfig.cmake (found version "6.14.0")
-- Found KF6Crash: /usr/lib64/cmake/KF6Crash/KF6CrashConfig.cmake (found version "6.14.0")
-- Found KF6GuiAddons: /usr/lib64/cmake/KF6GuiAddons/KF6GuiAddonsConfig.cmake (found version "6.14.0")
-- Found Gettext: /usr/bin/msgmerge (found version "0.25")
-- Found KF6I18n: /usr/lib64/cmake/KF6I18n/KF6I18nConfig.cmake (found version "6.14.0")
-- Found KF6IconThemes: /usr/lib64/cmake/KF6IconThemes/KF6IconThemesConfig.cmake (found version "6.14.0")
-- Found KF6NotifyConfig: /usr/lib64/cmake/KF6NotifyConfig/KF6NotifyConfigConfig.cmake (found version "6.14.0")
-- Found KF6Notifications: /usr/lib/cmake/KF6Notifications/KF6NotificationsConfig.cmake (found version "6.14.0")
-- Found KF6TextWidgets: /usr/lib64/cmake/KF6TextWidgets/KF6TextWidgetsConfig.cmake (found version "6.14.0")
-- Found KF6XmlGui: /usr/lib64/cmake/KF6XmlGui/KF6XmlGuiConfig.cmake (found version "6.14.0")
-- Found KF6: success (found suitable version "6.14.0", minimum required is "6.3.0") found components: Config CoreAddons Crash GuiAddons I18n IconThemes NotifyConfig Notifications TextWidgets XmlGui
-- The following OPTIONAL packages have been found:

 * OpenGL
 * Qt6DBusTools (required version >= 6.8.3)
 * Qt6QmlTools (required version >= 6.8.3)
 * Qt6Core (required version >= 6.7.0)
 * XKB (required version >= 0.5.0), XKB API common to servers and clients., <http://xkbcommon.org>
 * WrapVulkanHeaders
 * Qt6CoreTools (required version >= 6.8.3)
 * Qt6GuiTools (required version >= 6.8.3)
 * Qt6WidgetsTools (required version >= 6.8.3)
 * Qt6Widgets (required version >= 6.7.0)
 * KF6DocTools (required version >= 6.3.0), Tools to generate documentation

-- The following REQUIRED packages have been found:

 * ECM (required version >= 6.3.0)
 * Qt6 (required version >= 6.7.0)
 * KF6CoreAddons (required version >= 6.3.0)
 * KF6Crash (required version >= 6.3.0)
 * KF6IconThemes (required version >= 6.3.0)
 * KF6NotifyConfig (required version >= 6.3.0)
 * KF6Notifications (required version >= 6.3.0)
 * Gettext
 * KF6I18n (required version >= 6.14.0)
 * KF6TextWidgets (required version >= 6.3.0)
 * KF6Config (required version >= 6.14.0)
 * KF6GuiAddons (required version >= 6.14.0)
 * KF6XmlGui (required version >= 6.3.0)
 * KF6 (required version >= 6.3.0)

-- Configuring done (1.0s)
-- Generating done (0.0s)
-- Build files have been written to: /home/omen/GITHUB/Athos/AthOS/REPO-AthOS/kteatime/work/kteatime-25.04.1/build
[1/27] Generating ts...
[2/27] Automatic MOC for target kteatime
[3/27] Generating ui_timeedit.h
[4/27] Generating ui_settings.h
[5/27] Building CXX object src/CMakeFiles/kteatime.dir/kteatime_autogen/mocs_compilation.cpp.o
[6/27] Generating mo...
[7/27] Generating po/es/docs/kteatime/index.cache.bz2
[8/27] Generating po/nl/docs/kteatime/index.cache.bz2
[9/27] Generating po/uk/docs/kteatime/index.cache.bz2
[10/27] Generating index.cache.bz2
[11/27] Generating po/fr/docs/kteatime/index.cache.bz2
[12/27] Generating po/pt_BR/docs/kteatime/index.cache.bz2
I/O warning : failed to load "/usr/share/kf6/kdoctools/customization/xsl/pt-BR.xml": No such file or directory
No "pt_br" localization of "footer-doc-comment" exists; using "en".
No "pt_br" localization of "footer-doc-feedback" exists; using "en".
No "pt_br" localization of "footer-doc-teamname" exists; using "en".
No "pt_br" localization of "footer-doc-comment" exists; using "en".
No "pt_br" localization of "footer-doc-feedback" exists; using "en".
No "pt_br" localization of "footer-doc-teamname" exists; using "en".
No "pt_br" localization of "footer-doc-comment" exists; using "en".
No "pt_br" localization of "footer-doc-feedback" exists; using "en".
No "pt_br" localization of "footer-doc-teamname" exists; using "en".
No "pt_br" localization of "footer-doc-comment" exists; using "en".
No "pt_br" localization of "footer-doc-feedback" exists; using "en".
No "pt_br" localization of "footer-doc-teamname" exists; using "en".
No "pt_br" localization of "footer-doc-comment" exists; using "en".
No "pt_br" localization of "footer-doc-feedback" exists; using "en".
No "pt_br" localization of "footer-doc-teamname" exists; using "en".
No "pt_br" localization of "footer-doc-comment" exists; using "en".
No "pt_br" localization of "footer-doc-feedback" exists; using "en".
No "pt_br" localization of "footer-doc-teamname" exists; using "en".
No "pt_br" localization of "footer-doc-comment" exists; using "en".
No "pt_br" localization of "footer-doc-feedback" exists; using "en".
No "pt_br" localization of "footer-doc-teamname" exists; using "en".
[13/27] Generating po/it/docs/kteatime/index.cache.bz2
[14/27] Generating po/ru/docs/kteatime/index.cache.bz2
[15/27] Generating po/sl/docs/kteatime/index.cache.bz2
[16/27] Generating po/pt/docs/kteatime/index.cache.bz2
[17/27] Generating po/sv/docs/kteatime/index.cache.bz2
[18/27] Generating po/tr/docs/kteatime/index.cache.bz2
[19/27] Generating po/ca/docs/kteatime/index.cache.bz2
[20/27] Generating po/de/docs/kteatime/index.cache.bz2
[21/27] Building CXX object src/CMakeFiles/kteatime.dir/tea.cpp.o
[22/27] Building CXX object src/CMakeFiles/kteatime.dir/tealistmodel.cpp.o
[23/27] Building CXX object src/CMakeFiles/kteatime.dir/main.cpp.o
[24/27] Building CXX object src/CMakeFiles/kteatime.dir/timeedit.cpp.o
[25/27] Building CXX object src/CMakeFiles/kteatime.dir/settings.cpp.o
[26/27] Building CXX object src/CMakeFiles/kteatime.dir/toplevel.cpp.o
/home/omen/GITHUB/Athos/AthOS/REPO-AthOS/kteatime/work/kteatime-25.04.1/src/toplevel.cpp: In constructor ‘TopLevel::TopLevel(const KAboutData*, const QString&, const QString&, QWidget*)’:
/home/omen/GITHUB/Athos/AthOS/REPO-AthOS/kteatime/work/kteatime-25.04.1/src/toplevel.cpp:101:58: warning: ‘KHelpMenu::KHelpMenu(QWidget*, const KAboutData&, bool)’ is deprecated: Since 6.9. Use one of the other constructors [-Wdeprecated-declarations]
  101 |     m_helpMenu = new KHelpMenu(nullptr, *aboutData, false);
      |                                                          ^
In file included from /usr/include/KF6/KXmlGui/KHelpMenu:1,
                 from /home/omen/GITHUB/Athos/AthOS/REPO-AthOS/kteatime/work/kteatime-25.04.1/src/toplevel.cpp:24:
/usr/include/KF6/KXmlGui/khelpmenu.h:156:5: note: declared here
  156 |     KHelpMenu(QWidget *parent, const KAboutData &aboutData, bool showWhatsThis);
      |     ^~~~~~~~~
[27/27] Linking CXX executable bin/kteatime
-- Install configuration: "RelWithDebInfo"
-- Installing: /home/omen/GITHUB/Athos/AthOS/REPO-AthOS/kteatime/package-kteatime/usr/share/icons/hicolor/16x16/apps/kteatime.png
-- Installing: /home/omen/GITHUB/Athos/AthOS/REPO-AthOS/kteatime/package-kteatime/usr/share/icons/hicolor/22x22/apps/kteatime.png
-- Installing: /home/omen/GITHUB/Athos/AthOS/REPO-AthOS/kteatime/package-kteatime/usr/share/icons/hicolor/32x32/apps/kteatime.png
-- Installing: /home/omen/GITHUB/Athos/AthOS/REPO-AthOS/kteatime/package-kteatime/usr/share/icons/hicolor/48x48/apps/kteatime.png
-- Installing: /home/omen/GITHUB/Athos/AthOS/REPO-AthOS/kteatime/package-kteatime/usr/share/icons/hicolor/64x64/apps/kteatime.png
-- Installing: /home/omen/GITHUB/Athos/AthOS/REPO-AthOS/kteatime/package-kteatime/usr/share/icons/hicolor/scalable/apps/kteatime.svgz
-- Installing: /home/omen/GITHUB/Athos/AthOS/REPO-AthOS/kteatime/package-kteatime/usr/bin/kteatime
-- Installing: /home/omen/GITHUB/Athos/AthOS/REPO-AthOS/kteatime/package-kteatime/usr/share/applications/org.kde.kteatime.desktop
-- Installing: /home/omen/GITHUB/Athos/AthOS/REPO-AthOS/kteatime/package-kteatime/usr/share/knotifications6/kteatime.notifyrc
-- Installing: /home/omen/GITHUB/Athos/AthOS/REPO-AthOS/kteatime/package-kteatime/usr/share/locale
-- Installing: /home/omen/GITHUB/Athos/AthOS/REPO-AthOS/kteatime/package-kteatime/usr/share/locale/da
-- Installing: /home/omen/GITHUB/Athos/AthOS/REPO-AthOS/kteatime/package-kteatime/usr/share/locale/da/LC_MESSAGES
-- Installing: /home/omen/GITHUB/Athos/AthOS/REPO-AthOS/kteatime/package-kteatime/usr/share/locale/da/LC_MESSAGES/kteatime.mo
-- Installing: /home/omen/GITHUB/Athos/AthOS/REPO-AthOS/kteatime/package-kteatime/usr/share/locale/ms
-- Installing: /home/omen/GITHUB/Athos/AthOS/REPO-AthOS/kteatime/package-kteatime/usr/share/locale/ms/LC_MESSAGES
-- Installing: /home/omen/GITHUB/Athos/AthOS/REPO-AthOS/kteatime/package-kteatime/usr/share/locale/ms/LC_MESSAGES/kteatime.mo
-- Installing: /home/omen/GITHUB/Athos/AthOS/REPO-AthOS/kteatime/package-kteatime/usr/share/locale/cs
-- Installing: /home/omen/GITHUB/Athos/AthOS/REPO-AthOS/kteatime/package-kteatime/usr/share/locale/cs/LC_MESSAGES
-- Installing: /home/omen/GITHUB/Athos/AthOS/REPO-AthOS/kteatime/package-kteatime/usr/share/locale/cs/LC_MESSAGES/kteatime.mo
-- Installing: /home/omen/GITHUB/Athos/AthOS/REPO-AthOS/kteatime/package-kteatime/usr/share/locale/ja
-- Installing: /home/omen/GITHUB/Athos/AthOS/REPO-AthOS/kteatime/package-kteatime/usr/share/locale/ja/LC_MESSAGES
-- Installing: /home/omen/GITHUB/Athos/AthOS/REPO-AthOS/kteatime/package-kteatime/usr/share/locale/ja/LC_MESSAGES/kteatime.mo
-- Installing: /home/omen/GITHUB/Athos/AthOS/REPO-AthOS/kteatime/package-kteatime/usr/share/locale/sr@ijekavian
-- Installing: /home/omen/GITHUB/Athos/AthOS/REPO-AthOS/kteatime/package-kteatime/usr/share/locale/sr@ijekavian/LC_MESSAGES
-- Installing: /home/omen/GITHUB/Athos/AthOS/REPO-AthOS/kteatime/package-kteatime/usr/share/locale/sr@ijekavian/LC_MESSAGES/kteatime.mo
-- Installing: /home/omen/GITHUB/Athos/AthOS/REPO-AthOS/kteatime/package-kteatime/usr/share/locale/de
-- Installing: /home/omen/GITHUB/Athos/AthOS/REPO-AthOS/kteatime/package-kteatime/usr/share/locale/de/LC_MESSAGES
-- Installing: /home/omen/GITHUB/Athos/AthOS/REPO-AthOS/kteatime/package-kteatime/usr/share/locale/de/LC_MESSAGES/kteatime.mo
-- Installing: /home/omen/GITHUB/Athos/AthOS/REPO-AthOS/kteatime/package-kteatime/usr/share/locale/el
-- Installing: /home/omen/GITHUB/Athos/AthOS/REPO-AthOS/kteatime/package-kteatime/usr/share/locale/el/LC_MESSAGES
-- Installing: /home/omen/GITHUB/Athos/AthOS/REPO-AthOS/kteatime/package-kteatime/usr/share/locale/el/LC_MESSAGES/kteatime.mo
-- Installing: /home/omen/GITHUB/Athos/AthOS/REPO-AthOS/kteatime/package-kteatime/usr/share/locale/nn
-- Installing: /home/omen/GITHUB/Athos/AthOS/REPO-AthOS/kteatime/package-kteatime/usr/share/locale/nn/LC_MESSAGES
-- Installing: /home/omen/GITHUB/Athos/AthOS/REPO-AthOS/kteatime/package-kteatime/usr/share/locale/nn/LC_MESSAGES/kteatime.mo
-- Installing: /home/omen/GITHUB/Athos/AthOS/REPO-AthOS/kteatime/package-kteatime/usr/share/locale/sr
-- Installing: /home/omen/GITHUB/Athos/AthOS/REPO-AthOS/kteatime/package-kteatime/usr/share/locale/sr/LC_MESSAGES
-- Installing: /home/omen/GITHUB/Athos/AthOS/REPO-AthOS/kteatime/package-kteatime/usr/share/locale/sr/LC_MESSAGES/kteatime.mo
-- Installing: /home/omen/GITHUB/Athos/AthOS/REPO-AthOS/kteatime/package-kteatime/usr/share/locale/hi
-- Installing: /home/omen/GITHUB/Athos/AthOS/REPO-AthOS/kteatime/package-kteatime/usr/share/locale/hi/LC_MESSAGES
-- Installing: /home/omen/GITHUB/Athos/AthOS/REPO-AthOS/kteatime/package-kteatime/usr/share/locale/hi/LC_MESSAGES/kteatime.mo
-- Installing: /home/omen/GITHUB/Athos/AthOS/REPO-AthOS/kteatime/package-kteatime/usr/share/locale/pt_BR
-- Installing: /home/omen/GITHUB/Athos/AthOS/REPO-AthOS/kteatime/package-kteatime/usr/share/locale/pt_BR/LC_MESSAGES
-- Installing: /home/omen/GITHUB/Athos/AthOS/REPO-AthOS/kteatime/package-kteatime/usr/share/locale/pt_BR/LC_MESSAGES/kteatime.mo
-- Installing: /home/omen/GITHUB/Athos/AthOS/REPO-AthOS/kteatime/package-kteatime/usr/share/locale/lt
-- Installing: /home/omen/GITHUB/Athos/AthOS/REPO-AthOS/kteatime/package-kteatime/usr/share/locale/lt/LC_MESSAGES
-- Installing: /home/omen/GITHUB/Athos/AthOS/REPO-AthOS/kteatime/package-kteatime/usr/share/locale/lt/LC_MESSAGES/kteatime.mo
-- Installing: /home/omen/GITHUB/Athos/AthOS/REPO-AthOS/kteatime/package-kteatime/usr/share/locale/sr@ijekavianlatin
-- Installing: /home/omen/GITHUB/Athos/AthOS/REPO-AthOS/kteatime/package-kteatime/usr/share/locale/sr@ijekavianlatin/LC_MESSAGES
-- Installing: /home/omen/GITHUB/Athos/AthOS/REPO-AthOS/kteatime/package-kteatime/usr/share/locale/sr@ijekavianlatin/LC_MESSAGES/kteatime.mo
-- Installing: /home/omen/GITHUB/Athos/AthOS/REPO-AthOS/kteatime/package-kteatime/usr/share/locale/be
-- Installing: /home/omen/GITHUB/Athos/AthOS/REPO-AthOS/kteatime/package-kteatime/usr/share/locale/be/LC_MESSAGES
-- Installing: /home/omen/GITHUB/Athos/AthOS/REPO-AthOS/kteatime/package-kteatime/usr/share/locale/be/LC_MESSAGES/kteatime.mo
-- Installing: /home/omen/GITHUB/Athos/AthOS/REPO-AthOS/kteatime/package-kteatime/usr/share/locale/pa
-- Installing: /home/omen/GITHUB/Athos/AthOS/REPO-AthOS/kteatime/package-kteatime/usr/share/locale/pa/LC_MESSAGES
-- Installing: /home/omen/GITHUB/Athos/AthOS/REPO-AthOS/kteatime/package-kteatime/usr/share/locale/pa/LC_MESSAGES/kteatime.mo
-- Installing: /home/omen/GITHUB/Athos/AthOS/REPO-AthOS/kteatime/package-kteatime/usr/share/locale/sl
-- Installing: /home/omen/GITHUB/Athos/AthOS/REPO-AthOS/kteatime/package-kteatime/usr/share/locale/sl/LC_MESSAGES
-- Installing: /home/omen/GITHUB/Athos/AthOS/REPO-AthOS/kteatime/package-kteatime/usr/share/locale/sl/LC_MESSAGES/kteatime.mo
-- Installing: /home/omen/GITHUB/Athos/AthOS/REPO-AthOS/kteatime/package-kteatime/usr/share/locale/ta
-- Installing: /home/omen/GITHUB/Athos/AthOS/REPO-AthOS/kteatime/package-kteatime/usr/share/locale/ta/LC_MESSAGES
-- Installing: /home/omen/GITHUB/Athos/AthOS/REPO-AthOS/kteatime/package-kteatime/usr/share/locale/ta/LC_MESSAGES/kteatime.mo
-- Installing: /home/omen/GITHUB/Athos/AthOS/REPO-AthOS/kteatime/package-kteatime/usr/share/locale/xh
-- Installing: /home/omen/GITHUB/Athos/AthOS/REPO-AthOS/kteatime/package-kteatime/usr/share/locale/xh/LC_MESSAGES
-- Installing: /home/omen/GITHUB/Athos/AthOS/REPO-AthOS/kteatime/package-kteatime/usr/share/locale/xh/LC_MESSAGES/kteatime.mo
-- Installing: /home/omen/GITHUB/Athos/AthOS/REPO-AthOS/kteatime/package-kteatime/usr/share/locale/ro
-- Installing: /home/omen/GITHUB/Athos/AthOS/REPO-AthOS/kteatime/package-kteatime/usr/share/locale/ro/LC_MESSAGES
-- Installing: /home/omen/GITHUB/Athos/AthOS/REPO-AthOS/kteatime/package-kteatime/usr/share/locale/ro/LC_MESSAGES/kteatime.mo
-- Installing: /home/omen/GITHUB/Athos/AthOS/REPO-AthOS/kteatime/package-kteatime/usr/share/locale/bs
-- Installing: /home/omen/GITHUB/Athos/AthOS/REPO-AthOS/kteatime/package-kteatime/usr/share/locale/bs/LC_MESSAGES
-- Installing: /home/omen/GITHUB/Athos/AthOS/REPO-AthOS/kteatime/package-kteatime/usr/share/locale/bs/LC_MESSAGES/kteatime.mo
-- Installing: /home/omen/GITHUB/Athos/AthOS/REPO-AthOS/kteatime/package-kteatime/usr/share/locale/is
-- Installing: /home/omen/GITHUB/Athos/AthOS/REPO-AthOS/kteatime/package-kteatime/usr/share/locale/is/LC_MESSAGES
-- Installing: /home/omen/GITHUB/Athos/AthOS/REPO-AthOS/kteatime/package-kteatime/usr/share/locale/is/LC_MESSAGES/kteatime.mo
-- Installing: /home/omen/GITHUB/Athos/AthOS/REPO-AthOS/kteatime/package-kteatime/usr/share/locale/wa
-- Installing: /home/omen/GITHUB/Athos/AthOS/REPO-AthOS/kteatime/package-kteatime/usr/share/locale/wa/LC_MESSAGES
-- Installing: /home/omen/GITHUB/Athos/AthOS/REPO-AthOS/kteatime/package-kteatime/usr/share/locale/wa/LC_MESSAGES/kteatime.mo
-- Installing: /home/omen/GITHUB/Athos/AthOS/REPO-AthOS/kteatime/package-kteatime/usr/share/locale/kk
-- Installing: /home/omen/GITHUB/Athos/AthOS/REPO-AthOS/kteatime/package-kteatime/usr/share/locale/kk/LC_MESSAGES
-- Installing: /home/omen/GITHUB/Athos/AthOS/REPO-AthOS/kteatime/package-kteatime/usr/share/locale/kk/LC_MESSAGES/kteatime.mo
-- Installing: /home/omen/GITHUB/Athos/AthOS/REPO-AthOS/kteatime/package-kteatime/usr/share/locale/sr@latin
-- Installing: /home/omen/GITHUB/Athos/AthOS/REPO-AthOS/kteatime/package-kteatime/usr/share/locale/sr@latin/LC_MESSAGES
-- Installing: /home/omen/GITHUB/Athos/AthOS/REPO-AthOS/kteatime/package-kteatime/usr/share/locale/sr@latin/LC_MESSAGES/kteatime.mo
-- Installing: /home/omen/GITHUB/Athos/AthOS/REPO-AthOS/kteatime/package-kteatime/usr/share/locale/he
-- Installing: /home/omen/GITHUB/Athos/AthOS/REPO-AthOS/kteatime/package-kteatime/usr/share/locale/he/LC_MESSAGES
-- Installing: /home/omen/GITHUB/Athos/AthOS/REPO-AthOS/kteatime/package-kteatime/usr/share/locale/he/LC_MESSAGES/kteatime.mo
-- Installing: /home/omen/GITHUB/Athos/AthOS/REPO-AthOS/kteatime/package-kteatime/usr/share/locale/zh_TW
-- Installing: /home/omen/GITHUB/Athos/AthOS/REPO-AthOS/kteatime/package-kteatime/usr/share/locale/zh_TW/LC_MESSAGES
-- Installing: /home/omen/GITHUB/Athos/AthOS/REPO-AthOS/kteatime/package-kteatime/usr/share/locale/zh_TW/LC_MESSAGES/kteatime.mo
-- Installing: /home/omen/GITHUB/Athos/AthOS/REPO-AthOS/kteatime/package-kteatime/usr/share/locale/tg
-- Installing: /home/omen/GITHUB/Athos/AthOS/REPO-AthOS/kteatime/package-kteatime/usr/share/locale/tg/LC_MESSAGES
-- Installing: /home/omen/GITHUB/Athos/AthOS/REPO-AthOS/kteatime/package-kteatime/usr/share/locale/tg/LC_MESSAGES/kteatime.mo
-- Installing: /home/omen/GITHUB/Athos/AthOS/REPO-AthOS/kteatime/package-kteatime/usr/share/locale/fa
-- Installing: /home/omen/GITHUB/Athos/AthOS/REPO-AthOS/kteatime/package-kteatime/usr/share/locale/fa/LC_MESSAGES
-- Installing: /home/omen/GITHUB/Athos/AthOS/REPO-AthOS/kteatime/package-kteatime/usr/share/locale/fa/LC_MESSAGES/kteatime.mo
-- Installing: /home/omen/GITHUB/Athos/AthOS/REPO-AthOS/kteatime/package-kteatime/usr/share/locale/pl
-- Installing: /home/omen/GITHUB/Athos/AthOS/REPO-AthOS/kteatime/package-kteatime/usr/share/locale/pl/LC_MESSAGES
-- Installing: /home/omen/GITHUB/Athos/AthOS/REPO-AthOS/kteatime/package-kteatime/usr/share/locale/pl/LC_MESSAGES/kteatime.mo
-- Installing: /home/omen/GITHUB/Athos/AthOS/REPO-AthOS/kteatime/package-kteatime/usr/share/locale/km
-- Installing: /home/omen/GITHUB/Athos/AthOS/REPO-AthOS/kteatime/package-kteatime/usr/share/locale/km/LC_MESSAGES
-- Installing: /home/omen/GITHUB/Athos/AthOS/REPO-AthOS/kteatime/package-kteatime/usr/share/locale/km/LC_MESSAGES/kteatime.mo
-- Installing: /home/omen/GITHUB/Athos/AthOS/REPO-AthOS/kteatime/package-kteatime/usr/share/locale/pt
-- Installing: /home/omen/GITHUB/Athos/AthOS/REPO-AthOS/kteatime/package-kteatime/usr/share/locale/pt/LC_MESSAGES
-- Installing: /home/omen/GITHUB/Athos/AthOS/REPO-AthOS/kteatime/package-kteatime/usr/share/locale/pt/LC_MESSAGES/kteatime.mo
-- Installing: /home/omen/GITHUB/Athos/AthOS/REPO-AthOS/kteatime/package-kteatime/usr/share/locale/hr
-- Installing: /home/omen/GITHUB/Athos/AthOS/REPO-AthOS/kteatime/package-kteatime/usr/share/locale/hr/LC_MESSAGES
-- Installing: /home/omen/GITHUB/Athos/AthOS/REPO-AthOS/kteatime/package-kteatime/usr/share/locale/hr/LC_MESSAGES/kteatime.mo
-- Installing: /home/omen/GITHUB/Athos/AthOS/REPO-AthOS/kteatime/package-kteatime/usr/share/locale/tr
-- Installing: /home/omen/GITHUB/Athos/AthOS/REPO-AthOS/kteatime/package-kteatime/usr/share/locale/tr/LC_MESSAGES
-- Installing: /home/omen/GITHUB/Athos/AthOS/REPO-AthOS/kteatime/package-kteatime/usr/share/locale/tr/LC_MESSAGES/kteatime.mo
-- Installing: /home/omen/GITHUB/Athos/AthOS/REPO-AthOS/kteatime/package-kteatime/usr/share/locale/fr
-- Installing: /home/omen/GITHUB/Athos/AthOS/REPO-AthOS/kteatime/package-kteatime/usr/share/locale/fr/LC_MESSAGES
-- Installing: /home/omen/GITHUB/Athos/AthOS/REPO-AthOS/kteatime/package-kteatime/usr/share/locale/fr/LC_MESSAGES/kteatime.mo
-- Installing: /home/omen/GITHUB/Athos/AthOS/REPO-AthOS/kteatime/package-kteatime/usr/share/locale/ast
-- Installing: /home/omen/GITHUB/Athos/AthOS/REPO-AthOS/kteatime/package-kteatime/usr/share/locale/ast/LC_MESSAGES
-- Installing: /home/omen/GITHUB/Athos/AthOS/REPO-AthOS/kteatime/package-kteatime/usr/share/locale/ast/LC_MESSAGES/kteatime.mo
-- Installing: /home/omen/GITHUB/Athos/AthOS/REPO-AthOS/kteatime/package-kteatime/usr/share/locale/ne
-- Installing: /home/omen/GITHUB/Athos/AthOS/REPO-AthOS/kteatime/package-kteatime/usr/share/locale/ne/LC_MESSAGES
-- Installing: /home/omen/GITHUB/Athos/AthOS/REPO-AthOS/kteatime/package-kteatime/usr/share/locale/ne/LC_MESSAGES/kteatime.mo
-- Installing: /home/omen/GITHUB/Athos/AthOS/REPO-AthOS/kteatime/package-kteatime/usr/share/locale/ka
-- Installing: /home/omen/GITHUB/Athos/AthOS/REPO-AthOS/kteatime/package-kteatime/usr/share/locale/ka/LC_MESSAGES
-- Installing: /home/omen/GITHUB/Athos/AthOS/REPO-AthOS/kteatime/package-kteatime/usr/share/locale/ka/LC_MESSAGES/kteatime.mo
-- Installing: /home/omen/GITHUB/Athos/AthOS/REPO-AthOS/kteatime/package-kteatime/usr/share/locale/cy
-- Installing: /home/omen/GITHUB/Athos/AthOS/REPO-AthOS/kteatime/package-kteatime/usr/share/locale/cy/LC_MESSAGES
-- Installing: /home/omen/GITHUB/Athos/AthOS/REPO-AthOS/kteatime/package-kteatime/usr/share/locale/cy/LC_MESSAGES/kteatime.mo
-- Installing: /home/omen/GITHUB/Athos/AthOS/REPO-AthOS/kteatime/package-kteatime/usr/share/locale/th
-- Installing: /home/omen/GITHUB/Athos/AthOS/REPO-AthOS/kteatime/package-kteatime/usr/share/locale/th/LC_MESSAGES
-- Installing: /home/omen/GITHUB/Athos/AthOS/REPO-AthOS/kteatime/package-kteatime/usr/share/locale/th/LC_MESSAGES/kteatime.mo
-- Installing: /home/omen/GITHUB/Athos/AthOS/REPO-AthOS/kteatime/package-kteatime/usr/share/locale/gl
-- Installing: /home/omen/GITHUB/Athos/AthOS/REPO-AthOS/kteatime/package-kteatime/usr/share/locale/gl/LC_MESSAGES
-- Installing: /home/omen/GITHUB/Athos/AthOS/REPO-AthOS/kteatime/package-kteatime/usr/share/locale/gl/LC_MESSAGES/kteatime.mo
-- Installing: /home/omen/GITHUB/Athos/AthOS/REPO-AthOS/kteatime/package-kteatime/usr/share/locale/ia
-- Installing: /home/omen/GITHUB/Athos/AthOS/REPO-AthOS/kteatime/package-kteatime/usr/share/locale/ia/LC_MESSAGES
-- Installing: /home/omen/GITHUB/Athos/AthOS/REPO-AthOS/kteatime/package-kteatime/usr/share/locale/ia/LC_MESSAGES/kteatime.mo
-- Installing: /home/omen/GITHUB/Athos/AthOS/REPO-AthOS/kteatime/package-kteatime/usr/share/locale/hu
-- Installing: /home/omen/GITHUB/Athos/AthOS/REPO-AthOS/kteatime/package-kteatime/usr/share/locale/hu/LC_MESSAGES
-- Installing: /home/omen/GITHUB/Athos/AthOS/REPO-AthOS/kteatime/package-kteatime/usr/share/locale/hu/LC_MESSAGES/kteatime.mo
-- Installing: /home/omen/GITHUB/Athos/AthOS/REPO-AthOS/kteatime/package-kteatime/usr/share/locale/eo
-- Installing: /home/omen/GITHUB/Athos/AthOS/REPO-AthOS/kteatime/package-kteatime/usr/share/locale/eo/LC_MESSAGES
-- Installing: /home/omen/GITHUB/Athos/AthOS/REPO-AthOS/kteatime/package-kteatime/usr/share/locale/eo/LC_MESSAGES/kteatime.mo
-- Installing: /home/omen/GITHUB/Athos/AthOS/REPO-AthOS/kteatime/package-kteatime/usr/share/locale/bg
-- Installing: /home/omen/GITHUB/Athos/AthOS/REPO-AthOS/kteatime/package-kteatime/usr/share/locale/bg/LC_MESSAGES
-- Installing: /home/omen/GITHUB/Athos/AthOS/REPO-AthOS/kteatime/package-kteatime/usr/share/locale/bg/LC_MESSAGES/kteatime.mo
-- Installing: /home/omen/GITHUB/Athos/AthOS/REPO-AthOS/kteatime/package-kteatime/usr/share/locale/ga
-- Installing: /home/omen/GITHUB/Athos/AthOS/REPO-AthOS/kteatime/package-kteatime/usr/share/locale/ga/LC_MESSAGES
-- Installing: /home/omen/GITHUB/Athos/AthOS/REPO-AthOS/kteatime/package-kteatime/usr/share/locale/ga/LC_MESSAGES/kteatime.mo
-- Installing: /home/omen/GITHUB/Athos/AthOS/REPO-AthOS/kteatime/package-kteatime/usr/share/locale/br
-- Installing: /home/omen/GITHUB/Athos/AthOS/REPO-AthOS/kteatime/package-kteatime/usr/share/locale/br/LC_MESSAGES
-- Installing: /home/omen/GITHUB/Athos/AthOS/REPO-AthOS/kteatime/package-kteatime/usr/share/locale/br/LC_MESSAGES/kteatime.mo
-- Installing: /home/omen/GITHUB/Athos/AthOS/REPO-AthOS/kteatime/package-kteatime/usr/share/locale/ca
-- Installing: /home/omen/GITHUB/Athos/AthOS/REPO-AthOS/kteatime/package-kteatime/usr/share/locale/ca/LC_MESSAGES
-- Installing: /home/omen/GITHUB/Athos/AthOS/REPO-AthOS/kteatime/package-kteatime/usr/share/locale/ca/LC_MESSAGES/kteatime.mo
-- Installing: /home/omen/GITHUB/Athos/AthOS/REPO-AthOS/kteatime/package-kteatime/usr/share/locale/uk
-- Installing: /home/omen/GITHUB/Athos/AthOS/REPO-AthOS/kteatime/package-kteatime/usr/share/locale/uk/LC_MESSAGES
-- Installing: /home/omen/GITHUB/Athos/AthOS/REPO-AthOS/kteatime/package-kteatime/usr/share/locale/uk/LC_MESSAGES/kteatime.mo
-- Installing: /home/omen/GITHUB/Athos/AthOS/REPO-AthOS/kteatime/package-kteatime/usr/share/locale/ku
-- Installing: /home/omen/GITHUB/Athos/AthOS/REPO-AthOS/kteatime/package-kteatime/usr/share/locale/ku/LC_MESSAGES
-- Installing: /home/omen/GITHUB/Athos/AthOS/REPO-AthOS/kteatime/package-kteatime/usr/share/locale/ku/LC_MESSAGES/kteatime.mo
-- Installing: /home/omen/GITHUB/Athos/AthOS/REPO-AthOS/kteatime/package-kteatime/usr/share/locale/en_GB
-- Installing: /home/omen/GITHUB/Athos/AthOS/REPO-AthOS/kteatime/package-kteatime/usr/share/locale/en_GB/LC_MESSAGES
-- Installing: /home/omen/GITHUB/Athos/AthOS/REPO-AthOS/kteatime/package-kteatime/usr/share/locale/en_GB/LC_MESSAGES/kteatime.mo
-- Installing: /home/omen/GITHUB/Athos/AthOS/REPO-AthOS/kteatime/package-kteatime/usr/share/locale/zh_CN
-- Installing: /home/omen/GITHUB/Athos/AthOS/REPO-AthOS/kteatime/package-kteatime/usr/share/locale/zh_CN/LC_MESSAGES
-- Installing: /home/omen/GITHUB/Athos/AthOS/REPO-AthOS/kteatime/package-kteatime/usr/share/locale/zh_CN/LC_MESSAGES/kteatime.mo
-- Installing: /home/omen/GITHUB/Athos/AthOS/REPO-AthOS/kteatime/package-kteatime/usr/share/locale/nl
-- Installing: /home/omen/GITHUB/Athos/AthOS/REPO-AthOS/kteatime/package-kteatime/usr/share/locale/nl/LC_MESSAGES
-- Installing: /home/omen/GITHUB/Athos/AthOS/REPO-AthOS/kteatime/package-kteatime/usr/share/locale/nl/LC_MESSAGES/kteatime.mo
-- Installing: /home/omen/GITHUB/Athos/AthOS/REPO-AthOS/kteatime/package-kteatime/usr/share/locale/bn
-- Installing: /home/omen/GITHUB/Athos/AthOS/REPO-AthOS/kteatime/package-kteatime/usr/share/locale/bn/LC_MESSAGES
-- Installing: /home/omen/GITHUB/Athos/AthOS/REPO-AthOS/kteatime/package-kteatime/usr/share/locale/bn/LC_MESSAGES/kteatime.mo
-- Installing: /home/omen/GITHUB/Athos/AthOS/REPO-AthOS/kteatime/package-kteatime/usr/share/locale/oc
-- Installing: /home/omen/GITHUB/Athos/AthOS/REPO-AthOS/kteatime/package-kteatime/usr/share/locale/oc/LC_MESSAGES
-- Installing: /home/omen/GITHUB/Athos/AthOS/REPO-AthOS/kteatime/package-kteatime/usr/share/locale/oc/LC_MESSAGES/kteatime.mo
-- Installing: /home/omen/GITHUB/Athos/AthOS/REPO-AthOS/kteatime/package-kteatime/usr/share/locale/sa
-- Installing: /home/omen/GITHUB/Athos/AthOS/REPO-AthOS/kteatime/package-kteatime/usr/share/locale/sa/LC_MESSAGES
-- Installing: /home/omen/GITHUB/Athos/AthOS/REPO-AthOS/kteatime/package-kteatime/usr/share/locale/sa/LC_MESSAGES/kteatime.mo
-- Installing: /home/omen/GITHUB/Athos/AthOS/REPO-AthOS/kteatime/package-kteatime/usr/share/locale/fi
-- Installing: /home/omen/GITHUB/Athos/AthOS/REPO-AthOS/kteatime/package-kteatime/usr/share/locale/fi/LC_MESSAGES
-- Installing: /home/omen/GITHUB/Athos/AthOS/REPO-AthOS/kteatime/package-kteatime/usr/share/locale/fi/LC_MESSAGES/kteatime.mo
-- Installing: /home/omen/GITHUB/Athos/AthOS/REPO-AthOS/kteatime/package-kteatime/usr/share/locale/ko
-- Installing: /home/omen/GITHUB/Athos/AthOS/REPO-AthOS/kteatime/package-kteatime/usr/share/locale/ko/LC_MESSAGES
-- Installing: /home/omen/GITHUB/Athos/AthOS/REPO-AthOS/kteatime/package-kteatime/usr/share/locale/ko/LC_MESSAGES/kteatime.mo
-- Installing: /home/omen/GITHUB/Athos/AthOS/REPO-AthOS/kteatime/package-kteatime/usr/share/locale/mk
-- Installing: /home/omen/GITHUB/Athos/AthOS/REPO-AthOS/kteatime/package-kteatime/usr/share/locale/mk/LC_MESSAGES
-- Installing: /home/omen/GITHUB/Athos/AthOS/REPO-AthOS/kteatime/package-kteatime/usr/share/locale/mk/LC_MESSAGES/kteatime.mo
-- Installing: /home/omen/GITHUB/Athos/AthOS/REPO-AthOS/kteatime/package-kteatime/usr/share/locale/ru
-- Installing: /home/omen/GITHUB/Athos/AthOS/REPO-AthOS/kteatime/package-kteatime/usr/share/locale/ru/LC_MESSAGES
-- Installing: /home/omen/GITHUB/Athos/AthOS/REPO-AthOS/kteatime/package-kteatime/usr/share/locale/ru/LC_MESSAGES/kteatime.mo
-- Installing: /home/omen/GITHUB/Athos/AthOS/REPO-AthOS/kteatime/package-kteatime/usr/share/locale/af
-- Installing: /home/omen/GITHUB/Athos/AthOS/REPO-AthOS/kteatime/package-kteatime/usr/share/locale/af/LC_MESSAGES
-- Installing: /home/omen/GITHUB/Athos/AthOS/REPO-AthOS/kteatime/package-kteatime/usr/share/locale/af/LC_MESSAGES/kteatime.mo
-- Installing: /home/omen/GITHUB/Athos/AthOS/REPO-AthOS/kteatime/package-kteatime/usr/share/locale/lv
-- Installing: /home/omen/GITHUB/Athos/AthOS/REPO-AthOS/kteatime/package-kteatime/usr/share/locale/lv/LC_MESSAGES
-- Installing: /home/omen/GITHUB/Athos/AthOS/REPO-AthOS/kteatime/package-kteatime/usr/share/locale/lv/LC_MESSAGES/kteatime.mo
-- Installing: /home/omen/GITHUB/Athos/AthOS/REPO-AthOS/kteatime/package-kteatime/usr/share/locale/ml
-- Installing: /home/omen/GITHUB/Athos/AthOS/REPO-AthOS/kteatime/package-kteatime/usr/share/locale/ml/LC_MESSAGES
-- Installing: /home/omen/GITHUB/Athos/AthOS/REPO-AthOS/kteatime/package-kteatime/usr/share/locale/ml/LC_MESSAGES/kteatime.mo
-- Installing: /home/omen/GITHUB/Athos/AthOS/REPO-AthOS/kteatime/package-kteatime/usr/share/locale/hne
-- Installing: /home/omen/GITHUB/Athos/AthOS/REPO-AthOS/kteatime/package-kteatime/usr/share/locale/hne/LC_MESSAGES
-- Installing: /home/omen/GITHUB/Athos/AthOS/REPO-AthOS/kteatime/package-kteatime/usr/share/locale/hne/LC_MESSAGES/kteatime.mo
-- Installing: /home/omen/GITHUB/Athos/AthOS/REPO-AthOS/kteatime/package-kteatime/usr/share/locale/ca@valencia
-- Installing: /home/omen/GITHUB/Athos/AthOS/REPO-AthOS/kteatime/package-kteatime/usr/share/locale/ca@valencia/LC_MESSAGES
-- Installing: /home/omen/GITHUB/Athos/AthOS/REPO-AthOS/kteatime/package-kteatime/usr/share/locale/ca@valencia/LC_MESSAGES/kteatime.mo
-- Installing: /home/omen/GITHUB/Athos/AthOS/REPO-AthOS/kteatime/package-kteatime/usr/share/locale/nb
-- Installing: /home/omen/GITHUB/Athos/AthOS/REPO-AthOS/kteatime/package-kteatime/usr/share/locale/nb/LC_MESSAGES
-- Installing: /home/omen/GITHUB/Athos/AthOS/REPO-AthOS/kteatime/package-kteatime/usr/share/locale/nb/LC_MESSAGES/kteatime.mo
-- Installing: /home/omen/GITHUB/Athos/AthOS/REPO-AthOS/kteatime/package-kteatime/usr/share/locale/es
-- Installing: /home/omen/GITHUB/Athos/AthOS/REPO-AthOS/kteatime/package-kteatime/usr/share/locale/es/LC_MESSAGES
-- Installing: /home/omen/GITHUB/Athos/AthOS/REPO-AthOS/kteatime/package-kteatime/usr/share/locale/es/LC_MESSAGES/kteatime.mo
-- Installing: /home/omen/GITHUB/Athos/AthOS/REPO-AthOS/kteatime/package-kteatime/usr/share/locale/eu
-- Installing: /home/omen/GITHUB/Athos/AthOS/REPO-AthOS/kteatime/package-kteatime/usr/share/locale/eu/LC_MESSAGES
-- Installing: /home/omen/GITHUB/Athos/AthOS/REPO-AthOS/kteatime/package-kteatime/usr/share/locale/eu/LC_MESSAGES/kteatime.mo
-- Installing: /home/omen/GITHUB/Athos/AthOS/REPO-AthOS/kteatime/package-kteatime/usr/share/locale/et
-- Installing: /home/omen/GITHUB/Athos/AthOS/REPO-AthOS/kteatime/package-kteatime/usr/share/locale/et/LC_MESSAGES
-- Installing: /home/omen/GITHUB/Athos/AthOS/REPO-AthOS/kteatime/package-kteatime/usr/share/locale/et/LC_MESSAGES/kteatime.mo
-- Installing: /home/omen/GITHUB/Athos/AthOS/REPO-AthOS/kteatime/package-kteatime/usr/share/locale/it
-- Installing: /home/omen/GITHUB/Athos/AthOS/REPO-AthOS/kteatime/package-kteatime/usr/share/locale/it/LC_MESSAGES
-- Installing: /home/omen/GITHUB/Athos/AthOS/REPO-AthOS/kteatime/package-kteatime/usr/share/locale/it/LC_MESSAGES/kteatime.mo
-- Installing: /home/omen/GITHUB/Athos/AthOS/REPO-AthOS/kteatime/package-kteatime/usr/share/locale/se
-- Installing: /home/omen/GITHUB/Athos/AthOS/REPO-AthOS/kteatime/package-kteatime/usr/share/locale/se/LC_MESSAGES
-- Installing: /home/omen/GITHUB/Athos/AthOS/REPO-AthOS/kteatime/package-kteatime/usr/share/locale/se/LC_MESSAGES/kteatime.mo
-- Installing: /home/omen/GITHUB/Athos/AthOS/REPO-AthOS/kteatime/package-kteatime/usr/share/locale/ar
-- Installing: /home/omen/GITHUB/Athos/AthOS/REPO-AthOS/kteatime/package-kteatime/usr/share/locale/ar/LC_MESSAGES
-- Installing: /home/omen/GITHUB/Athos/AthOS/REPO-AthOS/kteatime/package-kteatime/usr/share/locale/ar/LC_MESSAGES/kteatime.mo
-- Installing: /home/omen/GITHUB/Athos/AthOS/REPO-AthOS/kteatime/package-kteatime/usr/share/locale/nds
-- Installing: /home/omen/GITHUB/Athos/AthOS/REPO-AthOS/kteatime/package-kteatime/usr/share/locale/nds/LC_MESSAGES
-- Installing: /home/omen/GITHUB/Athos/AthOS/REPO-AthOS/kteatime/package-kteatime/usr/share/locale/nds/LC_MESSAGES/kteatime.mo
-- Installing: /home/omen/GITHUB/Athos/AthOS/REPO-AthOS/kteatime/package-kteatime/usr/share/locale/mr
-- Installing: /home/omen/GITHUB/Athos/AthOS/REPO-AthOS/kteatime/package-kteatime/usr/share/locale/mr/LC_MESSAGES
-- Installing: /home/omen/GITHUB/Athos/AthOS/REPO-AthOS/kteatime/package-kteatime/usr/share/locale/mr/LC_MESSAGES/kteatime.mo
-- Installing: /home/omen/GITHUB/Athos/AthOS/REPO-AthOS/kteatime/package-kteatime/usr/share/locale/ug
-- Installing: /home/omen/GITHUB/Athos/AthOS/REPO-AthOS/kteatime/package-kteatime/usr/share/locale/ug/LC_MESSAGES
-- Installing: /home/omen/GITHUB/Athos/AthOS/REPO-AthOS/kteatime/package-kteatime/usr/share/locale/ug/LC_MESSAGES/kteatime.mo
-- Installing: /home/omen/GITHUB/Athos/AthOS/REPO-AthOS/kteatime/package-kteatime/usr/share/locale/sk
-- Installing: /home/omen/GITHUB/Athos/AthOS/REPO-AthOS/kteatime/package-kteatime/usr/share/locale/sk/LC_MESSAGES
-- Installing: /home/omen/GITHUB/Athos/AthOS/REPO-AthOS/kteatime/package-kteatime/usr/share/locale/sk/LC_MESSAGES/kteatime.mo
-- Installing: /home/omen/GITHUB/Athos/AthOS/REPO-AthOS/kteatime/package-kteatime/usr/share/locale/sv
-- Installing: /home/omen/GITHUB/Athos/AthOS/REPO-AthOS/kteatime/package-kteatime/usr/share/locale/sv/LC_MESSAGES
-- Installing: /home/omen/GITHUB/Athos/AthOS/REPO-AthOS/kteatime/package-kteatime/usr/share/locale/sv/LC_MESSAGES/kteatime.mo
-- Installing: /home/omen/GITHUB/Athos/AthOS/REPO-AthOS/kteatime/package-kteatime/usr/share/doc/HTML/ca/kteatime/index.cache.bz2
-- Installing: /home/omen/GITHUB/Athos/AthOS/REPO-AthOS/kteatime/package-kteatime/usr/share/doc/HTML/ca/kteatime/index.docbook
-- Installing: /home/omen/GITHUB/Athos/AthOS/REPO-AthOS/kteatime/package-kteatime/usr/share/doc/HTML/de/kteatime/index.cache.bz2
-- Installing: /home/omen/GITHUB/Athos/AthOS/REPO-AthOS/kteatime/package-kteatime/usr/share/doc/HTML/de/kteatime/index.docbook
-- Installing: /home/omen/GITHUB/Athos/AthOS/REPO-AthOS/kteatime/package-kteatime/usr/share/doc/HTML/de/kteatime/config.png
-- Installing: /home/omen/GITHUB/Athos/AthOS/REPO-AthOS/kteatime/package-kteatime/usr/share/doc/HTML/es/kteatime/index.cache.bz2
-- Installing: /home/omen/GITHUB/Athos/AthOS/REPO-AthOS/kteatime/package-kteatime/usr/share/doc/HTML/es/kteatime/index.docbook
-- Installing: /home/omen/GITHUB/Athos/AthOS/REPO-AthOS/kteatime/package-kteatime/usr/share/doc/HTML/fr/kteatime/index.cache.bz2
-- Installing: /home/omen/GITHUB/Athos/AthOS/REPO-AthOS/kteatime/package-kteatime/usr/share/doc/HTML/fr/kteatime/index.docbook
-- Installing: /home/omen/GITHUB/Athos/AthOS/REPO-AthOS/kteatime/package-kteatime/usr/share/doc/HTML/fr/kteatime/config.png
-- Installing: /home/omen/GITHUB/Athos/AthOS/REPO-AthOS/kteatime/package-kteatime/usr/share/doc/HTML/it/kteatime/index.cache.bz2
-- Installing: /home/omen/GITHUB/Athos/AthOS/REPO-AthOS/kteatime/package-kteatime/usr/share/doc/HTML/it/kteatime/index.docbook
-- Installing: /home/omen/GITHUB/Athos/AthOS/REPO-AthOS/kteatime/package-kteatime/usr/share/doc/HTML/nl/kteatime/index.cache.bz2
-- Installing: /home/omen/GITHUB/Athos/AthOS/REPO-AthOS/kteatime/package-kteatime/usr/share/doc/HTML/nl/kteatime/index.docbook
-- Installing: /home/omen/GITHUB/Athos/AthOS/REPO-AthOS/kteatime/package-kteatime/usr/share/doc/HTML/pt/kteatime/index.cache.bz2
-- Installing: /home/omen/GITHUB/Athos/AthOS/REPO-AthOS/kteatime/package-kteatime/usr/share/doc/HTML/pt/kteatime/index.docbook
-- Installing: /home/omen/GITHUB/Athos/AthOS/REPO-AthOS/kteatime/package-kteatime/usr/share/doc/HTML/pt_BR/kteatime/index.cache.bz2
-- Installing: /home/omen/GITHUB/Athos/AthOS/REPO-AthOS/kteatime/package-kteatime/usr/share/doc/HTML/pt_BR/kteatime/index.docbook
-- Installing: /home/omen/GITHUB/Athos/AthOS/REPO-AthOS/kteatime/package-kteatime/usr/share/doc/HTML/pt_BR/kteatime/config.png
-- Installing: /home/omen/GITHUB/Athos/AthOS/REPO-AthOS/kteatime/package-kteatime/usr/share/doc/HTML/ru/kteatime/index.cache.bz2
-- Installing: /home/omen/GITHUB/Athos/AthOS/REPO-AthOS/kteatime/package-kteatime/usr/share/doc/HTML/ru/kteatime/index.docbook
-- Installing: /home/omen/GITHUB/Athos/AthOS/REPO-AthOS/kteatime/package-kteatime/usr/share/doc/HTML/sl/kteatime/index.cache.bz2
-- Installing: /home/omen/GITHUB/Athos/AthOS/REPO-AthOS/kteatime/package-kteatime/usr/share/doc/HTML/sl/kteatime/index.docbook
-- Installing: /home/omen/GITHUB/Athos/AthOS/REPO-AthOS/kteatime/package-kteatime/usr/share/doc/HTML/sv/kteatime/index.cache.bz2
-- Installing: /home/omen/GITHUB/Athos/AthOS/REPO-AthOS/kteatime/package-kteatime/usr/share/doc/HTML/sv/kteatime/index.docbook
-- Installing: /home/omen/GITHUB/Athos/AthOS/REPO-AthOS/kteatime/package-kteatime/usr/share/doc/HTML/sv/kteatime/config.png
-- Installing: /home/omen/GITHUB/Athos/AthOS/REPO-AthOS/kteatime/package-kteatime/usr/share/doc/HTML/tr/kteatime/index.cache.bz2
-- Installing: /home/omen/GITHUB/Athos/AthOS/REPO-AthOS/kteatime/package-kteatime/usr/share/doc/HTML/tr/kteatime/index.docbook
-- Installing: /home/omen/GITHUB/Athos/AthOS/REPO-AthOS/kteatime/package-kteatime/usr/share/doc/HTML/uk/kteatime/index.cache.bz2
-- Installing: /home/omen/GITHUB/Athos/AthOS/REPO-AthOS/kteatime/package-kteatime/usr/share/doc/HTML/uk/kteatime/index.docbook
-- Installing: /home/omen/GITHUB/Athos/AthOS/REPO-AthOS/kteatime/package-kteatime/usr/share/doc/HTML/uk/kteatime/config.png
-- Installing: /home/omen/GITHUB/Athos/AthOS/REPO-AthOS/kteatime/package-kteatime/usr/share/doc/HTML/en/kteatime/index.cache.bz2
-- Installing: /home/omen/GITHUB/Athos/AthOS/REPO-AthOS/kteatime/package-kteatime/usr/share/doc/HTML/en/kteatime/index.docbook
-- Installing: /home/omen/GITHUB/Athos/AthOS/REPO-AthOS/kteatime/package-kteatime/usr/share/doc/HTML/en/kteatime/config.png
-- Installing: /home/omen/GITHUB/Athos/AthOS/REPO-AthOS/kteatime/package-kteatime/usr/share/metainfo/org.kde.kteatime.appdata.xml
[32mThe main part of source code is ready. We are moving on to preparing post install scripts, docs, license, man pages etc..[0m
cp: cannot stat 'AUTHORS': No such file or directory
cp: cannot stat 'COPYING': No such file or directory
cp: cannot stat 'CREDITS': No such file or directory
cp: cannot stat 'LICENSE': No such file or directory
cp: cannot stat 'MAINTAINERS': No such file or directory
cp: cannot stat 'NEWS': No such file or directory
cp: cannot stat 'README*': No such file or directory
cp: cannot stat 'docs': No such file or directory
cp: cannot stat 'DOCS': No such file or directory
grep: /home/omen/GITHUB/Athos/AthOS/REPO-AthOS/kteatime/kteatime.info: No such file or directory
extra-cmake-modules
kconfig
kconfig
kcrash
kdoctools
ki18n
kiconthemes
knotifications
knotifyconfig
ktextwidgets
kxmlgui
[32mPackaging compiled for slackware installation...[0m
[32mMAKEPKG_FLAGS is empty or unset, using default[0m

Slackware package maker, version 3.14159265.

Searching for symbolic links:

No symbolic links were found, so we won't make an installation script.
You can make your own later in ./install/doinst.sh and rebuild the
package if you like.

This next step is optional - you can set the directories in your package
to some sane permissions. If any of the directories in your package have
special permissions, then DO NOT reset them here!

Would you like to reset all directory permissions to 755 (drwxr-xr-x) and
directory ownerships to root:root ([y]es, [n]o)? n


Creating Slackware package:  /tmp/kteatime/kteatime-25.04.1-x86_64-1_rtz.tlz

./
install/
install/doinst.sh
install/slack-desc
usr/
usr/bin/
usr/bin/kteatime
usr/doc/
usr/doc/kteatime-25.04.1/
usr/doc/kteatime-25.04.1/ChangeLog
usr/doc/kteatime-25.04.1/kteatime.ini
usr/doc/kteatime-25.04.1/slack-required
usr/share/
usr/share/applications/
usr/share/applications/org.kde.kteatime.desktop
usr/share/doc/
usr/share/doc/HTML/
usr/share/doc/HTML/ca/
usr/share/doc/HTML/ca/kteatime/
usr/share/doc/HTML/ca/kteatime/index.cache.bz2
usr/share/doc/HTML/ca/kteatime/index.docbook
usr/share/doc/HTML/de/
usr/share/doc/HTML/de/kteatime/
usr/share/doc/HTML/de/kteatime/config.png
usr/share/doc/HTML/de/kteatime/index.cache.bz2
usr/share/doc/HTML/de/kteatime/index.docbook
usr/share/doc/HTML/en/
usr/share/doc/HTML/en/kteatime/
usr/share/doc/HTML/en/kteatime/config.png
usr/share/doc/HTML/en/kteatime/index.cache.bz2
usr/share/doc/HTML/en/kteatime/index.docbook
usr/share/doc/HTML/es/
usr/share/doc/HTML/es/kteatime/
usr/share/doc/HTML/es/kteatime/index.cache.bz2
usr/share/doc/HTML/es/kteatime/index.docbook
usr/share/doc/HTML/fr/
usr/share/doc/HTML/fr/kteatime/
usr/share/doc/HTML/fr/kteatime/config.png
usr/share/doc/HTML/fr/kteatime/index.cache.bz2
usr/share/doc/HTML/fr/kteatime/index.docbook
usr/share/doc/HTML/it/
usr/share/doc/HTML/it/kteatime/
usr/share/doc/HTML/it/kteatime/index.cache.bz2
usr/share/doc/HTML/it/kteatime/index.docbook
usr/share/doc/HTML/nl/
usr/share/doc/HTML/nl/kteatime/
usr/share/doc/HTML/nl/kteatime/index.cache.bz2
usr/share/doc/HTML/nl/kteatime/index.docbook
usr/share/doc/HTML/pt/
usr/share/doc/HTML/pt/kteatime/
usr/share/doc/HTML/pt/kteatime/index.cache.bz2
usr/share/doc/HTML/pt/kteatime/index.docbook
usr/share/doc/HTML/pt_BR/
usr/share/doc/HTML/pt_BR/kteatime/
usr/share/doc/HTML/pt_BR/kteatime/config.png
usr/share/doc/HTML/pt_BR/kteatime/index.cache.bz2
usr/share/doc/HTML/pt_BR/kteatime/index.docbook
usr/share/doc/HTML/ru/
usr/share/doc/HTML/ru/kteatime/
usr/share/doc/HTML/ru/kteatime/index.cache.bz2
usr/share/doc/HTML/ru/kteatime/index.docbook
usr/share/doc/HTML/sl/
usr/share/doc/HTML/sl/kteatime/
usr/share/doc/HTML/sl/kteatime/index.cache.bz2
usr/share/doc/HTML/sl/kteatime/index.docbook
usr/share/doc/HTML/sv/
usr/share/doc/HTML/sv/kteatime/
usr/share/doc/HTML/sv/kteatime/config.png
usr/share/doc/HTML/sv/kteatime/index.cache.bz2
usr/share/doc/HTML/sv/kteatime/index.docbook
usr/share/doc/HTML/tr/
usr/share/doc/HTML/tr/kteatime/
usr/share/doc/HTML/tr/kteatime/index.cache.bz2
usr/share/doc/HTML/tr/kteatime/index.docbook
usr/share/doc/HTML/uk/
usr/share/doc/HTML/uk/kteatime/
usr/share/doc/HTML/uk/kteatime/config.png
usr/share/doc/HTML/uk/kteatime/index.cache.bz2
usr/share/doc/HTML/uk/kteatime/index.docbook
usr/share/icons/
usr/share/icons/hicolor/
usr/share/icons/hicolor/16x16/
usr/share/icons/hicolor/16x16/apps/
usr/share/icons/hicolor/16x16/apps/kteatime.png
usr/share/icons/hicolor/22x22/
usr/share/icons/hicolor/22x22/apps/
usr/share/icons/hicolor/22x22/apps/kteatime.png
usr/share/icons/hicolor/32x32/
usr/share/icons/hicolor/32x32/apps/
usr/share/icons/hicolor/32x32/apps/kteatime.png
usr/share/icons/hicolor/48x48/
usr/share/icons/hicolor/48x48/apps/
usr/share/icons/hicolor/48x48/apps/kteatime.png
usr/share/icons/hicolor/64x64/
usr/share/icons/hicolor/64x64/apps/
usr/share/icons/hicolor/64x64/apps/kteatime.png
usr/share/icons/hicolor/scalable/
usr/share/icons/hicolor/scalable/apps/
usr/share/icons/hicolor/scalable/apps/kteatime.svgz
usr/share/knotifications6/
usr/share/knotifications6/kteatime.notifyrc
usr/share/locale/
usr/share/locale/af/
usr/share/locale/af/LC_MESSAGES/
usr/share/locale/af/LC_MESSAGES/kteatime.mo
usr/share/locale/ar/
usr/share/locale/ar/LC_MESSAGES/
usr/share/locale/ar/LC_MESSAGES/kteatime.mo
usr/share/locale/ast/
usr/share/locale/ast/LC_MESSAGES/
usr/share/locale/ast/LC_MESSAGES/kteatime.mo
usr/share/locale/be/
usr/share/locale/be/LC_MESSAGES/
usr/share/locale/be/LC_MESSAGES/kteatime.mo
usr/share/locale/bg/
usr/share/locale/bg/LC_MESSAGES/
usr/share/locale/bg/LC_MESSAGES/kteatime.mo
usr/share/locale/bn/
usr/share/locale/bn/LC_MESSAGES/
usr/share/locale/bn/LC_MESSAGES/kteatime.mo
usr/share/locale/br/
usr/share/locale/br/LC_MESSAGES/
usr/share/locale/br/LC_MESSAGES/kteatime.mo
usr/share/locale/bs/
usr/share/locale/bs/LC_MESSAGES/
usr/share/locale/bs/LC_MESSAGES/kteatime.mo
usr/share/locale/ca/
usr/share/locale/ca/LC_MESSAGES/
usr/share/locale/ca/LC_MESSAGES/kteatime.mo
usr/share/locale/ca@valencia/
usr/share/locale/ca@valencia/LC_MESSAGES/
usr/share/locale/ca@valencia/LC_MESSAGES/kteatime.mo
usr/share/locale/cs/
usr/share/locale/cs/LC_MESSAGES/
usr/share/locale/cs/LC_MESSAGES/kteatime.mo
usr/share/locale/cy/
usr/share/locale/cy/LC_MESSAGES/
usr/share/locale/cy/LC_MESSAGES/kteatime.mo
usr/share/locale/da/
usr/share/locale/da/LC_MESSAGES/
usr/share/locale/da/LC_MESSAGES/kteatime.mo
usr/share/locale/de/
usr/share/locale/de/LC_MESSAGES/
usr/share/locale/de/LC_MESSAGES/kteatime.mo
usr/share/locale/el/
usr/share/locale/el/LC_MESSAGES/
usr/share/locale/el/LC_MESSAGES/kteatime.mo
usr/share/locale/en_GB/
usr/share/locale/en_GB/LC_MESSAGES/
usr/share/locale/en_GB/LC_MESSAGES/kteatime.mo
usr/share/locale/eo/
usr/share/locale/eo/LC_MESSAGES/
usr/share/locale/eo/LC_MESSAGES/kteatime.mo
usr/share/locale/es/
usr/share/locale/es/LC_MESSAGES/
usr/share/locale/es/LC_MESSAGES/kteatime.mo
usr/share/locale/et/
usr/share/locale/et/LC_MESSAGES/
usr/share/locale/et/LC_MESSAGES/kteatime.mo
usr/share/locale/eu/
usr/share/locale/eu/LC_MESSAGES/
usr/share/locale/eu/LC_MESSAGES/kteatime.mo
usr/share/locale/fa/
usr/share/locale/fa/LC_MESSAGES/
usr/share/locale/fa/LC_MESSAGES/kteatime.mo
usr/share/locale/fi/
usr/share/locale/fi/LC_MESSAGES/
usr/share/locale/fi/LC_MESSAGES/kteatime.mo
usr/share/locale/fr/
usr/share/locale/fr/LC_MESSAGES/
usr/share/locale/fr/LC_MESSAGES/kteatime.mo
usr/share/locale/ga/
usr/share/locale/ga/LC_MESSAGES/
usr/share/locale/ga/LC_MESSAGES/kteatime.mo
usr/share/locale/gl/
usr/share/locale/gl/LC_MESSAGES/
usr/share/locale/gl/LC_MESSAGES/kteatime.mo
usr/share/locale/he/
usr/share/locale/he/LC_MESSAGES/
usr/share/locale/he/LC_MESSAGES/kteatime.mo
usr/share/locale/hi/
usr/share/locale/hi/LC_MESSAGES/
usr/share/locale/hi/LC_MESSAGES/kteatime.mo
usr/share/locale/hne/
usr/share/locale/hne/LC_MESSAGES/
usr/share/locale/hne/LC_MESSAGES/kteatime.mo
usr/share/locale/hr/
usr/share/locale/hr/LC_MESSAGES/
usr/share/locale/hr/LC_MESSAGES/kteatime.mo
usr/share/locale/hu/
usr/share/locale/hu/LC_MESSAGES/
usr/share/locale/hu/LC_MESSAGES/kteatime.mo
usr/share/locale/ia/
usr/share/locale/ia/LC_MESSAGES/
usr/share/locale/ia/LC_MESSAGES/kteatime.mo
usr/share/locale/is/
usr/share/locale/is/LC_MESSAGES/
usr/share/locale/is/LC_MESSAGES/kteatime.mo
usr/share/locale/it/
usr/share/locale/it/LC_MESSAGES/
usr/share/locale/it/LC_MESSAGES/kteatime.mo
usr/share/locale/ja/
usr/share/locale/ja/LC_MESSAGES/
usr/share/locale/ja/LC_MESSAGES/kteatime.mo
usr/share/locale/ka/
usr/share/locale/ka/LC_MESSAGES/
usr/share/locale/ka/LC_MESSAGES/kteatime.mo
usr/share/locale/kk/
usr/share/locale/kk/LC_MESSAGES/
usr/share/locale/kk/LC_MESSAGES/kteatime.mo
usr/share/locale/km/
usr/share/locale/km/LC_MESSAGES/
usr/share/locale/km/LC_MESSAGES/kteatime.mo
usr/share/locale/ko/
usr/share/locale/ko/LC_MESSAGES/
usr/share/locale/ko/LC_MESSAGES/kteatime.mo
usr/share/locale/ku/
usr/share/locale/ku/LC_MESSAGES/
usr/share/locale/ku/LC_MESSAGES/kteatime.mo
usr/share/locale/lt/
usr/share/locale/lt/LC_MESSAGES/
usr/share/locale/lt/LC_MESSAGES/kteatime.mo
usr/share/locale/lv/
usr/share/locale/lv/LC_MESSAGES/
usr/share/locale/lv/LC_MESSAGES/kteatime.mo
usr/share/locale/mk/
usr/share/locale/mk/LC_MESSAGES/
usr/share/locale/mk/LC_MESSAGES/kteatime.mo
usr/share/locale/ml/
usr/share/locale/ml/LC_MESSAGES/
usr/share/locale/ml/LC_MESSAGES/kteatime.mo
usr/share/locale/mr/
usr/share/locale/mr/LC_MESSAGES/
usr/share/locale/mr/LC_MESSAGES/kteatime.mo
usr/share/locale/ms/
usr/share/locale/ms/LC_MESSAGES/
usr/share/locale/ms/LC_MESSAGES/kteatime.mo
usr/share/locale/nb/
usr/share/locale/nb/LC_MESSAGES/
usr/share/locale/nb/LC_MESSAGES/kteatime.mo
usr/share/locale/nds/
usr/share/locale/nds/LC_MESSAGES/
usr/share/locale/nds/LC_MESSAGES/kteatime.mo
usr/share/locale/ne/
usr/share/locale/ne/LC_MESSAGES/
usr/share/locale/ne/LC_MESSAGES/kteatime.mo
usr/share/locale/nl/
usr/share/locale/nl/LC_MESSAGES/
usr/share/locale/nl/LC_MESSAGES/kteatime.mo
usr/share/locale/nn/
usr/share/locale/nn/LC_MESSAGES/
usr/share/locale/nn/LC_MESSAGES/kteatime.mo
usr/share/locale/oc/
usr/share/locale/oc/LC_MESSAGES/
usr/share/locale/oc/LC_MESSAGES/kteatime.mo
usr/share/locale/pa/
usr/share/locale/pa/LC_MESSAGES/
usr/share/locale/pa/LC_MESSAGES/kteatime.mo
usr/share/locale/pl/
usr/share/locale/pl/LC_MESSAGES/
usr/share/locale/pl/LC_MESSAGES/kteatime.mo
usr/share/locale/pt/
usr/share/locale/pt/LC_MESSAGES/
usr/share/locale/pt/LC_MESSAGES/kteatime.mo
usr/share/locale/pt_BR/
usr/share/locale/pt_BR/LC_MESSAGES/
usr/share/locale/pt_BR/LC_MESSAGES/kteatime.mo
usr/share/locale/ro/
usr/share/locale/ro/LC_MESSAGES/
usr/share/locale/ro/LC_MESSAGES/kteatime.mo
usr/share/locale/ru/
usr/share/locale/ru/LC_MESSAGES/
usr/share/locale/ru/LC_MESSAGES/kteatime.mo
usr/share/locale/sa/
usr/share/locale/sa/LC_MESSAGES/
usr/share/locale/sa/LC_MESSAGES/kteatime.mo
usr/share/locale/se/
usr/share/locale/se/LC_MESSAGES/
usr/share/locale/se/LC_MESSAGES/kteatime.mo
usr/share/locale/sk/
usr/share/locale/sk/LC_MESSAGES/
usr/share/locale/sk/LC_MESSAGES/kteatime.mo
usr/share/locale/sl/
usr/share/locale/sl/LC_MESSAGES/
usr/share/locale/sl/LC_MESSAGES/kteatime.mo
usr/share/locale/sr/
usr/share/locale/sr/LC_MESSAGES/
usr/share/locale/sr/LC_MESSAGES/kteatime.mo
usr/share/locale/sr@ijekavian/
usr/share/locale/sr@ijekavian/LC_MESSAGES/
usr/share/locale/sr@ijekavian/LC_MESSAGES/kteatime.mo
usr/share/locale/sr@ijekavianlatin/
usr/share/locale/sr@ijekavianlatin/LC_MESSAGES/
usr/share/locale/sr@ijekavianlatin/LC_MESSAGES/kteatime.mo
usr/share/locale/sr@latin/
usr/share/locale/sr@latin/LC_MESSAGES/
usr/share/locale/sr@latin/LC_MESSAGES/kteatime.mo
usr/share/locale/sv/
usr/share/locale/sv/LC_MESSAGES/
usr/share/locale/sv/LC_MESSAGES/kteatime.mo
usr/share/locale/ta/
usr/share/locale/ta/LC_MESSAGES/
usr/share/locale/ta/LC_MESSAGES/kteatime.mo
usr/share/locale/tg/
usr/share/locale/tg/LC_MESSAGES/
usr/share/locale/tg/LC_MESSAGES/kteatime.mo
usr/share/locale/th/
usr/share/locale/th/LC_MESSAGES/
usr/share/locale/th/LC_MESSAGES/kteatime.mo
usr/share/locale/tr/
usr/share/locale/tr/LC_MESSAGES/
usr/share/locale/tr/LC_MESSAGES/kteatime.mo
usr/share/locale/ug/
usr/share/locale/ug/LC_MESSAGES/
usr/share/locale/ug/LC_MESSAGES/kteatime.mo
usr/share/locale/uk/
usr/share/locale/uk/LC_MESSAGES/
usr/share/locale/uk/LC_MESSAGES/kteatime.mo
usr/share/locale/wa/
usr/share/locale/wa/LC_MESSAGES/
usr/share/locale/wa/LC_MESSAGES/kteatime.mo
usr/share/locale/xh/
usr/share/locale/xh/LC_MESSAGES/
usr/share/locale/xh/LC_MESSAGES/kteatime.mo
usr/share/locale/zh_CN/
usr/share/locale/zh_CN/LC_MESSAGES/
usr/share/locale/zh_CN/LC_MESSAGES/kteatime.mo
usr/share/locale/zh_TW/
usr/share/locale/zh_TW/LC_MESSAGES/
usr/share/locale/zh_TW/LC_MESSAGES/kteatime.mo
usr/share/metainfo/
usr/share/metainfo/org.kde.kteatime.appdata.xml

Slackware package /tmp/kteatime/kteatime-25.04.1-x86_64-1_rtz.tlz created.

Create shared object file for kteatime-25.04.1-x86_64-1_rtz.tlz
Creating /tmp/kteatime/kteatime-25.04.1-x86_64-1_rtz.tlz.so.file using /tmp/kteatime/kteatime-25.04.1-x86_64-1_rtz.tlz
Successfully created /tmp/kteatime/kteatime-25.04.1-x86_64-1_rtz.tlz.so.file
Packaging of executable and meta-data in kteatime.tar.lz4 format.
/tmp/kteatime /tmp/kteatime
/tmp/kteatime
BIN_NAME
README
kteatime-25.04.1-x86_64-1_rtz.tlz
kteatime-25.04.1-x86_64-1_rtz.tlz.md5
kteatime-25.04.1-x86_64-1_rtz.tlz.so.file
kteatime-25.04.1-x86_64-1_rtz.tlz.txt
kteatime.dep
makepkg-kteatime.log
[32mkteatime build finished. Procced to installation...[0m

+=======================================================================================================+
| Upgrading kteatime-25.04.1-x86_64-1_rtz package using /tmp/kteatime/kteatime-25.04.1-x86_64-1_rtz.tlz |
+=======================================================================================================+

Pre-installing package kteatime-25.04.1-x86_64-1_rtz...
Removing package: kteatime-25.04.1-x86_64-1_rtz-upgraded-2025-05-28,20:51:45
Installing package kteatime-25.04.1-x86_64-1_rtz.tlz:
PACKAGE DESCRIPTION:
# kteatime (A handy timer for steeping tea)
#
# A handy timer for steeping tea
#
# https://kde.org/applications/utilities
Executing install script for kteatime-25.04.1-x86_64-1_rtz.tlz.
Font directories:
	/usr/share/fonts
/usr/share/fonts: caching, new cache contents: 0 fonts, 11 dirs
/usr/share/fonts/100dpi: caching, new cache contents: 238 fonts, 0 dirs
/usr/share/fonts/75dpi: caching, new cache contents: 238 fonts, 0 dirs
/usr/share/fonts/OTF: caching, new cache contents: 124 fonts, 0 dirs
/usr/share/fonts/Speedo: caching, new cache contents: 0 fonts, 0 dirs
/usr/share/fonts/TTF: caching, new cache contents: 1132 fonts, 0 dirs
/usr/share/fonts/Type1: caching, new cache contents: 64 fonts, 0 dirs
/usr/share/fonts/cyrillic: caching, new cache contents: 0 fonts, 0 dirs
/usr/share/fonts/encodings: caching, new cache contents: 0 fonts, 1 dirs
/usr/share/fonts/encodings/large: caching, new cache contents: 0 fonts, 0 dirs
/usr/share/fonts/kanjistrokeorders: caching, new cache contents: 1 fonts, 0 dirs
/usr/share/fonts/misc: caching, new cache contents: 143 fonts, 0 dirs
/usr/share/fonts/util: caching, new cache contents: 0 fonts, 0 dirs
/var/cache/fontconfig: cleaning cache directory
/root/.cache/fontconfig: not cleaning non-existent cache directory
/root/.fontconfig: not cleaning non-existent cache directory
/usr/bin/fc-cache: succeeded
Package kteatime-25.04.1-x86_64-1_rtz.tlz installed.
Package kteatime-25.04.1-x86_64-1_rtz upgraded with new package /tmp/kteatime/kteatime-25.04.1-x86_64-1_rtz.tlz.
[32mCleaning environmet: Removing source code, and work-space...[0m
rm: cannot remove 'kteatime-25.04.1.tar.xz': No such file or directory
