Starting build process...
Detected architecture: x86_64
Required dependencies: extra-cmake-modules	karchive	kcoreaddons	kdoctools	kfilemetadata	ki18n	kio	ktextwidgets	kwidgetsaddons
extra-cmake-modules is already installed!
karchive is already installed!
kcoreaddons is already installed!
kdoctools is already installed!
kfilemetadata is already installed!
ki18n is already installed!
kio is already installed!
ktextwidgets is already installed!
kwidgetsaddons is already installed!
No optional dependencies found.
Downloading source code tar.xz file
--2025-05-11 00:23:51--  https://download.kde.org/stable/release-service/25.04.1/src/kfind-25.04.1.tar.xz
Resolving download.kde.org (download.kde.org)... 49.12.122.15, 2a01:4f8:242:53eb::4
Connecting to download.kde.org (download.kde.org)|49.12.122.15|:443... connected.
HTTP request sent, awaiting response... 302 Found
Location: https://ftp.cc.uoc.gr/mirrors/kde/stable/release-service/25.04.1/src/kfind-25.04.1.tar.xz [following]
--2025-05-11 00:23:51--  https://ftp.cc.uoc.gr/mirrors/kde/stable/release-service/25.04.1/src/kfind-25.04.1.tar.xz
Resolving ftp.cc.uoc.gr (ftp.cc.uoc.gr)... 147.52.159.50, 2001:648:2c00:6c08::2
Connecting to ftp.cc.uoc.gr (ftp.cc.uoc.gr)|147.52.159.50|:443... connected.
HTTP request sent, awaiting response... 200 OK
Length: 333344 (326K) [application/octet-stream]
Saving to: ‘kfind-25.04.1.tar.xz’

     0K .......... .......... .......... .......... .......... 15% 1.11M 0s
    50K .......... .......... .......... .......... .......... 30% 1.15M 0s
   100K .......... .......... .......... .......... .......... 46%  585K 0s
   150K .......... .......... .......... .......... .......... 61% 5.54M 0s
   200K .......... .......... .......... .......... .......... 76% 4.07M 0s
   250K .......... .......... .......... .......... .......... 92% 1.29M 0s
   300K .......... .......... .....                           100% 2.43M=0.2s

2025-05-11 00:23:52 (1.32 MB/s) - ‘kfind-25.04.1.tar.xz’ saved [333344/333344]

Found file: kfind-25.04.1.tar.xz
No checksum provided. Skipping checksum verification and proceeding...
Creating working directories and exporting source code in...
kfind-25.04.1/
kfind-25.04.1/icons/
kfind-25.04.1/icons/48-apps-kfind.png
kfind-25.04.1/icons/128-apps-kfind.png
kfind-25.04.1/icons/64-apps-kfind.png
kfind-25.04.1/icons/sc-apps-kfind.svgz
kfind-25.04.1/icons/32-apps-kfind.png
kfind-25.04.1/icons/16-apps-kfind.png
kfind-25.04.1/icons/CMakeLists.txt
kfind-25.04.1/icons/22-apps-kfind.png
kfind-25.04.1/CMakePresets.json.license
kfind-25.04.1/CMakePresets.json
kfind-25.04.1/LICENSES/
kfind-25.04.1/LICENSES/GPL-2.0-or-later.txt
kfind-25.04.1/.gitlab-ci.yml
kfind-25.04.1/doc/
kfind-25.04.1/doc/index.docbook
kfind-25.04.1/doc/man-kfind.1.docbook
kfind-25.04.1/doc/CMakeLists.txt
kfind-25.04.1/logo.png
kfind-25.04.1/snapcraft.yaml
kfind-25.04.1/.kde-ci.yml
kfind-25.04.1/.flatpak-manifest.json.license
kfind-25.04.1/po/
kfind-25.04.1/po/or/
kfind-25.04.1/po/or/kfind.po
kfind-25.04.1/po/fa/
kfind-25.04.1/po/fa/kfind.po
kfind-25.04.1/po/bg/
kfind-25.04.1/po/bg/kfind.po
kfind-25.04.1/po/pt/
kfind-25.04.1/po/pt/kfind.po
kfind-25.04.1/po/pt/docs/
kfind-25.04.1/po/pt/docs/kfind/
kfind-25.04.1/po/pt/docs/kfind/man-kfind.1.docbook
kfind-25.04.1/po/km/
kfind-25.04.1/po/km/kfind.po
kfind-25.04.1/po/nn/
kfind-25.04.1/po/nn/kfind.po
kfind-25.04.1/po/pl/
kfind-25.04.1/po/pl/kfind.po
kfind-25.04.1/po/pl/docs/
kfind-25.04.1/po/pl/docs/kfind/
kfind-25.04.1/po/pl/docs/kfind/man-kfind.1.docbook
kfind-25.04.1/po/vi/
kfind-25.04.1/po/vi/kfind.po
kfind-25.04.1/po/csb/
kfind-25.04.1/po/csb/kfind.po
kfind-25.04.1/po/ja/
kfind-25.04.1/po/ja/kfind.po
kfind-25.04.1/po/pa/
kfind-25.04.1/po/pa/kfind.po
kfind-25.04.1/po/bs/
kfind-25.04.1/po/bs/kfind.po
kfind-25.04.1/po/zh_CN/
kfind-25.04.1/po/zh_CN/kfind.po
kfind-25.04.1/po/cs/
kfind-25.04.1/po/cs/kfind.po
kfind-25.04.1/po/es/
kfind-25.04.1/po/es/kfind.po
kfind-25.04.1/po/es/docs/
kfind-25.04.1/po/es/docs/kfind/
kfind-25.04.1/po/es/docs/kfind/index.docbook
kfind-25.04.1/po/es/docs/kfind/man-kfind.1.docbook
kfind-25.04.1/po/ka/
kfind-25.04.1/po/ka/kfind.po
kfind-25.04.1/po/is/
kfind-25.04.1/po/is/kfind.po
kfind-25.04.1/po/hsb/
kfind-25.04.1/po/hsb/kfind.po
kfind-25.04.1/po/tr/
kfind-25.04.1/po/tr/kfind.po
kfind-25.04.1/po/tr/docs/
kfind-25.04.1/po/tr/docs/kfind/
kfind-25.04.1/po/tr/docs/kfind/index.docbook
kfind-25.04.1/po/tr/docs/kfind/man-kfind.1.docbook
kfind-25.04.1/po/ug/
kfind-25.04.1/po/ug/kfind.po
kfind-25.04.1/po/ca/
kfind-25.04.1/po/ca/kfind.po
kfind-25.04.1/po/ca/docs/
kfind-25.04.1/po/ca/docs/kfind/
kfind-25.04.1/po/ca/docs/kfind/index.docbook
kfind-25.04.1/po/ca/docs/kfind/man-kfind.1.docbook
kfind-25.04.1/po/se/
kfind-25.04.1/po/se/kfind.po
kfind-25.04.1/po/ca@valencia/
kfind-25.04.1/po/ca@valencia/kfind.po
kfind-25.04.1/po/fy/
kfind-25.04.1/po/fy/kfind.po
kfind-25.04.1/po/uz/
kfind-25.04.1/po/uz/kfind.po
kfind-25.04.1/po/hr/
kfind-25.04.1/po/hr/kfind.po
kfind-25.04.1/po/gl/
kfind-25.04.1/po/gl/kfind.po
kfind-25.04.1/po/ro/
kfind-25.04.1/po/ro/kfind.po
kfind-25.04.1/po/bn_IN/
kfind-25.04.1/po/bn_IN/kfind.po
kfind-25.04.1/po/oc/
kfind-25.04.1/po/oc/kfind.po
kfind-25.04.1/po/br/
kfind-25.04.1/po/br/kfind.po
kfind-25.04.1/po/eo/
kfind-25.04.1/po/eo/kfind.po
kfind-25.04.1/po/sr@ijekavian/
kfind-25.04.1/po/sr@ijekavian/kfind.po
kfind-25.04.1/po/ku/
kfind-25.04.1/po/ku/kfind.po
kfind-25.04.1/po/nl/
kfind-25.04.1/po/nl/kfind.po
kfind-25.04.1/po/nl/docs/
kfind-25.04.1/po/nl/docs/kfind/
kfind-25.04.1/po/nl/docs/kfind/index.docbook
kfind-25.04.1/po/nl/docs/kfind/man-kfind.1.docbook
kfind-25.04.1/po/mr/
kfind-25.04.1/po/mr/kfind.po
kfind-25.04.1/po/af/
kfind-25.04.1/po/af/kfind.po
kfind-25.04.1/po/ml/
kfind-25.04.1/po/ml/kfind.po
kfind-25.04.1/po/hu/
kfind-25.04.1/po/hu/kfind.po
kfind-25.04.1/po/eu/
kfind-25.04.1/po/eu/kfind.po
kfind-25.04.1/po/lv/
kfind-25.04.1/po/lv/kfind.po
kfind-25.04.1/po/uz@cyrillic/
kfind-25.04.1/po/uz@cyrillic/kfind.po
kfind-25.04.1/po/mk/
kfind-25.04.1/po/mk/kfind.po
kfind-25.04.1/po/nb/
kfind-25.04.1/po/nb/kfind.po
kfind-25.04.1/po/nb/docs/
kfind-25.04.1/po/nb/docs/kfind/
kfind-25.04.1/po/nb/docs/kfind/man-kfind.1.docbook
kfind-25.04.1/po/fr/
kfind-25.04.1/po/fr/kfind.po
kfind-25.04.1/po/fr/docs/
kfind-25.04.1/po/fr/docs/kfind/
kfind-25.04.1/po/fr/docs/kfind/index.docbook
kfind-25.04.1/po/fr/docs/kfind/man-kfind.1.docbook
kfind-25.04.1/po/hi/
kfind-25.04.1/po/hi/kfind.po
kfind-25.04.1/po/sl/
kfind-25.04.1/po/sl/kfind.po
kfind-25.04.1/po/sl/docs/
kfind-25.04.1/po/sl/docs/kfind/
kfind-25.04.1/po/sl/docs/kfind/index.docbook
kfind-25.04.1/po/sl/docs/kfind/man-kfind.1.docbook
kfind-25.04.1/po/sr@latin/
kfind-25.04.1/po/sr@latin/kfind.po
kfind-25.04.1/po/sr@latin/docs/
kfind-25.04.1/po/sr@latin/docs/kfind/
kfind-25.04.1/po/sr@latin/docs/kfind/man-kfind.1.docbook
kfind-25.04.1/po/bn/
kfind-25.04.1/po/bn/kfind.po
kfind-25.04.1/po/th/
kfind-25.04.1/po/th/kfind.po
kfind-25.04.1/po/wa/
kfind-25.04.1/po/wa/kfind.po
kfind-25.04.1/po/ta/
kfind-25.04.1/po/ta/kfind.po
kfind-25.04.1/po/sr/
kfind-25.04.1/po/sr/kfind.po
kfind-25.04.1/po/sr/docs/
kfind-25.04.1/po/sr/docs/kfind/
kfind-25.04.1/po/sr/docs/kfind/man-kfind.1.docbook
kfind-25.04.1/po/he/
kfind-25.04.1/po/he/kfind.po
kfind-25.04.1/po/de/
kfind-25.04.1/po/de/kfind.po
kfind-25.04.1/po/de/docs/
kfind-25.04.1/po/de/docs/kfind/
kfind-25.04.1/po/de/docs/kfind/man-kfind.1.docbook
kfind-25.04.1/po/ar/
kfind-25.04.1/po/ar/kfind.po
kfind-25.04.1/po/sk/
kfind-25.04.1/po/sk/kfind.po
kfind-25.04.1/po/zh_TW/
kfind-25.04.1/po/zh_TW/kfind.po
kfind-25.04.1/po/gu/
kfind-25.04.1/po/gu/kfind.po
kfind-25.04.1/po/be@latin/
kfind-25.04.1/po/be@latin/kfind.po
kfind-25.04.1/po/et/
kfind-25.04.1/po/et/kfind.po
kfind-25.04.1/po/ie/
kfind-25.04.1/po/ie/kfind.po
kfind-25.04.1/po/it/
kfind-25.04.1/po/it/kfind.po
kfind-25.04.1/po/it/docs/
kfind-25.04.1/po/it/docs/kfind/
kfind-25.04.1/po/it/docs/kfind/index.docbook
kfind-25.04.1/po/it/docs/kfind/man-kfind.1.docbook
kfind-25.04.1/po/mai/
kfind-25.04.1/po/mai/kfind.po
kfind-25.04.1/po/el/
kfind-25.04.1/po/el/kfind.po
kfind-25.04.1/po/da/
kfind-25.04.1/po/da/kfind.po
kfind-25.04.1/po/xh/
kfind-25.04.1/po/xh/kfind.po
kfind-25.04.1/po/pt_BR/
kfind-25.04.1/po/pt_BR/kfind.po
kfind-25.04.1/po/pt_BR/docs/
kfind-25.04.1/po/pt_BR/docs/kfind/
kfind-25.04.1/po/pt_BR/docs/kfind/man-kfind.1.docbook
kfind-25.04.1/po/ru/
kfind-25.04.1/po/ru/kfind.po
kfind-25.04.1/po/ru/docs/
kfind-25.04.1/po/ru/docs/kfind/
kfind-25.04.1/po/ru/docs/kfind/man-kfind.1.docbook
kfind-25.04.1/po/sq/
kfind-25.04.1/po/sq/kfind.po
kfind-25.04.1/po/id/
kfind-25.04.1/po/id/kfind.po
kfind-25.04.1/po/ia/
kfind-25.04.1/po/ia/kfind.po
kfind-25.04.1/po/cy/
kfind-25.04.1/po/cy/kfind.po
kfind-25.04.1/po/sv/
kfind-25.04.1/po/sv/kfind.po
kfind-25.04.1/po/sv/docs/
kfind-25.04.1/po/sv/docs/kfind/
kfind-25.04.1/po/sv/docs/kfind/man-kfind.1.docbook
kfind-25.04.1/po/ne/
kfind-25.04.1/po/ne/kfind.po
kfind-25.04.1/po/si/
kfind-25.04.1/po/si/kfind.po
kfind-25.04.1/po/ms/
kfind-25.04.1/po/ms/kfind.po
kfind-25.04.1/po/fi/
kfind-25.04.1/po/fi/kfind.po
kfind-25.04.1/po/kk/
kfind-25.04.1/po/kk/kfind.po
kfind-25.04.1/po/ast/
kfind-25.04.1/po/ast/kfind.po
kfind-25.04.1/po/lt/
kfind-25.04.1/po/lt/kfind.po
kfind-25.04.1/po/lt/docs/
kfind-25.04.1/po/lt/docs/kfind/
kfind-25.04.1/po/lt/docs/kfind/man-kfind.1.docbook
kfind-25.04.1/po/be/
kfind-25.04.1/po/be/kfind.po
kfind-25.04.1/po/tg/
kfind-25.04.1/po/tg/kfind.po
kfind-25.04.1/po/sa/
kfind-25.04.1/po/sa/kfind.po
kfind-25.04.1/po/te/
kfind-25.04.1/po/te/kfind.po
kfind-25.04.1/po/ko/
kfind-25.04.1/po/ko/kfind.po
kfind-25.04.1/po/hne/
kfind-25.04.1/po/hne/kfind.po
kfind-25.04.1/po/ga/
kfind-25.04.1/po/ga/kfind.po
kfind-25.04.1/po/en_GB/
kfind-25.04.1/po/en_GB/kfind.po
kfind-25.04.1/po/uk/
kfind-25.04.1/po/uk/kfind.po
kfind-25.04.1/po/uk/docs/
kfind-25.04.1/po/uk/docs/kfind/
kfind-25.04.1/po/uk/docs/kfind/index.docbook
kfind-25.04.1/po/uk/docs/kfind/man-kfind.1.docbook
kfind-25.04.1/po/sr@ijekavianlatin/
kfind-25.04.1/po/sr@ijekavianlatin/kfind.po
kfind-25.04.1/po/nds/
kfind-25.04.1/po/nds/kfind.po
kfind-25.04.1/po/kn/
kfind-25.04.1/po/kn/kfind.po
kfind-25.04.1/po/az/
kfind-25.04.1/po/az/kfind.po
kfind-25.04.1/.flatpak-manifest.json
kfind-25.04.1/CMakeLists.txt
kfind-25.04.1/src/
kfind-25.04.1/src/kftabdlg.cpp
kfind-25.04.1/src/Messages.sh
kfind-25.04.1/src/kquery.h
kfind-25.04.1/src/kfinddlg.cpp
kfind-25.04.1/src/kfinddlg.h
kfind-25.04.1/src/main.cpp
kfind-25.04.1/src/kfindtreeview.cpp
kfind-25.04.1/src/kftabdlg.h
kfind-25.04.1/src/CMakeLists.txt
kfind-25.04.1/src/kquery.cpp
kfind-25.04.1/src/org.kde.kfind.appdata.xml
kfind-25.04.1/src/kfindtreeview.h
kfind-25.04.1/src/org.kde.kfind.desktop
kfind-25.04.1/.gitignore
/home/omen/GITHUB/PLASMA_WORLD/AthOS/REPO-AthOS/kfind/work
README or README.md already exists, skipping creation.
hm...lets continue and see what happens
-- The C compiler identification is GNU 14.2.0
-- The CXX compiler identification is GNU 14.2.0
-- Detecting C compiler ABI info
-- Detecting C compiler ABI info - done
-- Check for working C compiler: /usr/bin/cc - skipped
-- Detecting C compile features
-- Detecting C compile features - done
-- Detecting CXX compiler ABI info
-- Detecting CXX compiler ABI info - done
-- Check for working CXX compiler: /usr/bin/c++ - skipped
-- Detecting CXX compile features
-- Detecting CXX compile features - done
-- Installing in the same prefix as Qt, adopting their path scheme.
-- Performing Test HAVE_STDATOMIC
-- Performing Test HAVE_STDATOMIC - Success
-- Found WrapAtomic: TRUE
-- Found OpenGL: /usr/lib64/libOpenGL.so
-- Found WrapOpenGL: TRUE
-- Found XKB: /usr/lib64/libxkbcommon.so (found suitable version "1.9.2", minimum required is "0.5.0")
-- Found WrapVulkanHeaders: /usr/include
-- Looking for __GLIBC__
-- Looking for __GLIBC__ - found
-- Performing Test _OFFT_IS_64BIT
-- Performing Test _OFFT_IS_64BIT - Success
-- Performing Test HAVE_DATE_TIME
-- Performing Test HAVE_DATE_TIME - Success
-- Found KF6Archive: /usr/lib64/cmake/KF6Archive/KF6ArchiveConfig.cmake (found version "6.14.0")
-- Found KF6CoreAddons: /usr/lib64/cmake/KF6CoreAddons/KF6CoreAddonsConfig.cmake (found version "6.14.0")
-- Found KF6FileMetaData: /usr/lib64/cmake/KF6FileMetaData/KF6FileMetaDataConfig.cmake (found version "6.14.0")
-- Found Gettext: /usr/bin/msgmerge (found version "0.25")
-- Found KF6I18n: /usr/lib64/cmake/KF6I18n/KF6I18nConfig.cmake (found version "6.14.0")
-- Found X11: /usr/include
-- Looking for XOpenDisplay in /usr/lib64/libX11.so;/usr/lib64/libXext.so
-- Looking for XOpenDisplay in /usr/lib64/libX11.so;/usr/lib64/libXext.so - found
-- Looking for gethostbyname
-- Looking for gethostbyname - found
-- Looking for connect
-- Looking for connect - found
-- Looking for remove
-- Looking for remove - found
-- Looking for shmat
-- Looking for shmat - found
-- Looking for IceConnectionNumber in ICE
-- Looking for IceConnectionNumber in ICE - found
-- Found KF6KIO: /usr/lib64/cmake/KF6KIO/KF6KIOConfig.cmake (found version "6.14.0")
-- Found KF6WidgetsAddons: /usr/lib64/cmake/KF6WidgetsAddons/KF6WidgetsAddonsConfig.cmake (found version "6.14.0")
-- Found KF6XmlGui: /usr/lib64/cmake/KF6XmlGui/KF6XmlGuiConfig.cmake (found version "6.14.0")
-- Found KF6Crash: /usr/lib64/cmake/KF6Crash/KF6CrashConfig.cmake (found version "6.14.0")
-- Found KF6: success (found suitable version "6.14.0", minimum required is "6.3.0") found components: Archive CoreAddons FileMetaData I18n KIO WidgetsAddons XmlGui Crash
-- The following OPTIONAL packages have been found:

 * OpenGL
 * Qt6Concurrent (required version >= 6.7.0)
 * Qt6DBusTools (required version >= 6.8.3)
 * Qt6QmlTools (required version >= 6.8.3)
 * Qt6WidgetsTools (required version >= 6.8.3)
 * Qt6Widgets (required version >= 6.7.0)
 * XKB (required version >= 0.5.0), XKB API common to servers and clients., <http://xkbcommon.org>
 * WrapVulkanHeaders
 * Qt6CoreTools (required version >= 6.8.3)
 * Qt6GuiTools (required version >= 6.8.3)
 * KF6DocTools (required version >= 6.3.0), Tools to generate documentation

-- The following REQUIRED packages have been found:

 * ECM (required version >= 6.3.0)
 * Qt6 (required version >= 6.7.0)
 * Qt6Core5Compat
 * KF6Archive (required version >= 6.3.0)
 * KF6FileMetaData (required version >= 6.3.0)
 * Gettext
 * KF6I18n (required version >= 6.3.0)
 * KF6CoreAddons (required version >= 6.14.0)
 * KF6KIO (required version >= 6.3.0)
 * KF6WidgetsAddons (required version >= 6.3.0)
 * KF6XmlGui (required version >= 6.3.0)
 * KF6Crash (required version >= 6.3.0)
 * KF6 (required version >= 6.3.0)

-- Configuring done (1.4s)
-- Generating done (0.0s)
-- Build files have been written to: /home/omen/GITHUB/PLASMA_WORLD/AthOS/REPO-AthOS/kfind/work/kfind-25.04.1/build
[1/39] Generating ts...
[2/39] Generating mo...
[3/39] Generating po/it/docs/kfind/index.cache.bz2
[4/39] Generating po/pl/docs/kfind/kfind.1
Warn: AUTHOR sect.: no personblurb|contrib for Lauri Watts         kfind
Note: AUTHOR sect.: see http://www.docbook.org/tdg5/en/html/contr  kfind
Note: AUTHOR sect.: see http://www.docbook.org/tdg5/en/html/perso  kfind
Note: Writing kfind.1
[5/39] Generating po/lt/docs/kfind/kfind.1
Warn: AUTHOR sect.: no personblurb|contrib for Lauri Watts         kfind
Note: AUTHOR sect.: see http://www.docbook.org/tdg5/en/html/contr  kfind
Note: AUTHOR sect.: see http://www.docbook.org/tdg5/en/html/perso  kfind
Note: Writing kfind.1
[6/39] Generating po/ca/docs/kfind/index.cache.bz2
[7/39] Generating po/sl/docs/kfind/kfind.1
Warn: AUTHOR sect.: no personblurb|contrib for Lauri Watts         kfind
Note: AUTHOR sect.: see http://www.docbook.org/tdg5/en/html/contr  kfind
Note: AUTHOR sect.: see http://www.docbook.org/tdg5/en/html/perso  kfind
Note: Writing kfind.1
[8/39] Generating po/de/docs/kfind/kfind.1
Warn: AUTHOR sect.: no personblurb|contrib for Lauri Watts         kfind
Note: AUTHOR sect.: see http://www.docbook.org/tdg5/en/html/contr  kfind
Note: AUTHOR sect.: see http://www.docbook.org/tdg5/en/html/perso  kfind
Note: Writing kfind.1
[9/39] Generating po/nl/docs/kfind/index.cache.bz2
[10/39] Generating po/sl/docs/kfind/index.cache.bz2
[11/39] Generating po/es/docs/kfind/kfind.1
Warn: AUTHOR sect.: no personblurb|contrib for Lauri Watts         kfind
Note: AUTHOR sect.: see http://www.docbook.org/tdg5/en/html/contr  kfind
Note: AUTHOR sect.: see http://www.docbook.org/tdg5/en/html/perso  kfind
Note: Writing kfind.1
[12/39] Generating po/fr/docs/kfind/index.cache.bz2
[13/39] Generating po/es/docs/kfind/index.cache.bz2
[14/39] Generating po/fr/docs/kfind/kfind.1
Warn: AUTHOR sect.: no personblurb|contrib for Lauri Watts         kfind
Note: AUTHOR sect.: see http://www.docbook.org/tdg5/en/html/contr  kfind
Note: AUTHOR sect.: see http://www.docbook.org/tdg5/en/html/perso  kfind
Note: Writing kfind.1
[15/39] Generating po/it/docs/kfind/kfind.1
Warn: AUTHOR sect.: no personblurb|contrib for Lauri Watts         kfind
Note: AUTHOR sect.: see http://www.docbook.org/tdg5/en/html/contr  kfind
Note: AUTHOR sect.: see http://www.docbook.org/tdg5/en/html/perso  kfind
Note: Writing kfind.1
[16/39] Generating po/pt_BR/docs/kfind/kfind.1
Warn: AUTHOR sect.: no personblurb|contrib for Lauri Watts         kfind
Note: AUTHOR sect.: see http://www.docbook.org/tdg5/en/html/contr  kfind
Note: AUTHOR sect.: see http://www.docbook.org/tdg5/en/html/perso  kfind
Note: Writing kfind.1
[17/39] Generating po/ru/docs/kfind/kfind.1
Warn: AUTHOR sect.: no personblurb|contrib for Lauri Watts         kfind
Note: AUTHOR sect.: see http://www.docbook.org/tdg5/en/html/contr  kfind
Note: AUTHOR sect.: see http://www.docbook.org/tdg5/en/html/perso  kfind
Note: Writing kfind.1
[18/39] Generating po/ca/docs/kfind/kfind.1
Warn: AUTHOR sect.: no personblurb|contrib for Watts, Lauri        kfind
Note: AUTHOR sect.: see http://www.docbook.org/tdg5/en/html/contr  kfind
Note: AUTHOR sect.: see http://www.docbook.org/tdg5/en/html/perso  kfind
Note: Writing kfind.1
[19/39] Generating po/nb/docs/kfind/kfind.1
No localization exists for "no" or "". Using default "en".
No localization exists for "no" or "". Using default "en".
No localization exists for "no" or "". Using default "en".
No localization exists for "no" or "". Using default "en".
No localization exists for "no" or "". Using default "en".
No localization exists for "no" or "". Using default "en".
No localization exists for "no" or "". Using default "en".
No localization exists for "no" or "". Using default "en".
No localization exists for "no" or "". Using default "en".
No localization exists for "no" or "". Using default "en".
No localization exists for "no" or "". Using default "en".
No localization exists for "no" or "". Using default "en".
No localization exists for "no" or "". Using default "en".
No localization exists for "no" or "". Using default "en".
No localization exists for "no" or "". Using default "en".
No localization exists for "no" or "". Using default "en".
No localization exists for "no" or "". Using default "en".
No localization exists for "no" or "". Using default "en".
No localization exists for "no" or "". Using default "en".
No localization exists for "no" or "". Using default "en".
No localization exists for "no" or "". Using default "en".
No localization exists for "no" or "". Using default "en".
No localization exists for "no" or "". Using default "en".
No localization exists for "no" or "". Using default "en".
No localization exists for "no" or "". Using default "en".
No localization exists for "no" or "". Using default "en".
No localization exists for "no" or "". Using default "en".
No localization exists for "no" or "". Using default "en".
No localization exists for "no" or "". Using default "en".
No localization exists for "no" or "". Using default "en".
No localization exists for "no" or "". Using default "en".
No localization exists for "no" or "". Using default "en".
No localization exists for "no" or "". Using default "en".
No localization exists for "no" or "". Using default "en".
No localization exists for "no" or "". Using default "en".
No localization exists for "no" or "". Using default "en".
No localization exists for "no" or "". Using default "en".
No localization exists for "no" or "". Using default "en".
No localization exists for "no" or "". Using default "en".
No localization exists for "no" or "". Using default "en".
No localization exists for "no" or "". Using default "en".
No localization exists for "no" or "". Using default "en".
No localization exists for "no" or "". Using default "en".
No localization exists for "no" or "". Using default "en".
No localization exists for "no" or "". Using default "en".
No localization exists for "no" or "". Using default "en".
No localization exists for "no" or "". Using default "en".
No localization exists for "no" or "". Using default "en".
No localization exists for "no" or "". Using default "en".
No localization exists for "no" or "". Using default "en".
No localization exists for "no" or "". Using default "en".
No localization exists for "no" or "". Using default "en".
No localization exists for "no" or "". Using default "en".
No localization exists for "no" or "". Using default "en".
No localization exists for "no" or "". Using default "en".
Warn: AUTHOR sect.: no personblurb|contrib for Lauri Watts         kfind
Note: AUTHOR sect.: see http://www.docbook.org/tdg5/en/html/contr  kfind
Note: AUTHOR sect.: see http://www.docbook.org/tdg5/en/html/perso  kfind
No localization exists for "no" or "". Using default "en".
Note: Writing kfind.1
[20/39] Generating po/nl/docs/kfind/kfind.1
Warn: AUTHOR sect.: no personblurb|contrib for Lauri Watts         kfind
Note: AUTHOR sect.: see http://www.docbook.org/tdg5/en/html/contr  kfind
Note: AUTHOR sect.: see http://www.docbook.org/tdg5/en/html/perso  kfind
Note: Writing kfind.1
[21/39] Generating po/pt/docs/kfind/kfind.1
Warn: AUTHOR sect.: no personblurb|contrib for Lauri Watts         kfind
Note: AUTHOR sect.: see http://www.docbook.org/tdg5/en/html/contr  kfind
Note: AUTHOR sect.: see http://www.docbook.org/tdg5/en/html/perso  kfind
Note: Writing kfind.1
[22/39] Generating po/sr/docs/kfind/kfind.1
Warn: AUTHOR sect.: no personblurb|contrib for Лори Вотс           kfind
Note: AUTHOR sect.: see http://www.docbook.org/tdg5/en/html/contr  kfind
Note: AUTHOR sect.: see http://www.docbook.org/tdg5/en/html/perso  kfind
Note: Writing kfind.1
[23/39] Generating po/sr@latin/docs/kfind/kfind.1
Warn: AUTHOR sect.: no personblurb|contrib for Lori Vots           kfind
Note: AUTHOR sect.: see http://www.docbook.org/tdg5/en/html/contr  kfind
Note: AUTHOR sect.: see http://www.docbook.org/tdg5/en/html/perso  kfind
Note: Writing kfind.1
[24/39] Generating po/sv/docs/kfind/kfind.1
Warn: AUTHOR sect.: no personblurb|contrib for Lauri Watts         kfind
Note: AUTHOR sect.: see http://www.docbook.org/tdg5/en/html/contr  kfind
Note: AUTHOR sect.: see http://www.docbook.org/tdg5/en/html/perso  kfind
Note: Writing kfind.1
[25/39] Generating po/uk/docs/kfind/kfind.1
Warn: AUTHOR sect.: no personblurb|contrib for Lauri Watts         kfind
Note: AUTHOR sect.: see http://www.docbook.org/tdg5/en/html/contr  kfind
Note: AUTHOR sect.: see http://www.docbook.org/tdg5/en/html/perso  kfind
Note: Writing kfind.1
[26/39] Generating po/tr/docs/kfind/index.cache.bz2
[27/39] Generating po/uk/docs/kfind/index.cache.bz2
[28/39] Generating index.cache.bz2
[29/39] Generating po/tr/docs/kfind/kfind.1
Warn: AUTHOR sect.: no personblurb|contrib for Lauri Watts         kfind
Note: AUTHOR sect.: see http://www.docbook.org/tdg5/en/html/contr  kfind
Note: AUTHOR sect.: see http://www.docbook.org/tdg5/en/html/perso  kfind
Note: Writing kfind.1
[30/39] Generating kfind.1
Warn: AUTHOR sect.: no personblurb|contrib for Lauri Watts         kfind
Note: AUTHOR sect.: see http://www.docbook.org/tdg5/en/html/contr  kfind
Note: AUTHOR sect.: see http://www.docbook.org/tdg5/en/html/perso  kfind
Note: Writing kfind.1
[31/39] Automatic MOC for target kfind
[32/39] Building CXX object src/CMakeFiles/kfind.dir/kfind_autogen/mocs_compilation.cpp.o
[33/39] Building CXX object src/CMakeFiles/kfind.dir/kfind_debug.cpp.o
[34/39] Building CXX object src/CMakeFiles/kfind.dir/main.cpp.o
[35/39] Building CXX object src/CMakeFiles/kfind.dir/kfinddlg.cpp.o
[36/39] Building CXX object src/CMakeFiles/kfind.dir/kfindtreeview.cpp.o
[37/39] Building CXX object src/CMakeFiles/kfind.dir/kftabdlg.cpp.o
[38/39] Building CXX object src/CMakeFiles/kfind.dir/kquery.cpp.o
[39/39] Linking CXX executable bin/kfind
-- Install configuration: "RelWithDebInfo"
-- Installing: /home/omen/GITHUB/PLASMA_WORLD/AthOS/REPO-AthOS/kfind/package-kfind/usr/bin/kfind
-- Installing: /home/omen/GITHUB/PLASMA_WORLD/AthOS/REPO-AthOS/kfind/package-kfind/usr/share/applications/org.kde.kfind.desktop
-- Installing: /home/omen/GITHUB/PLASMA_WORLD/AthOS/REPO-AthOS/kfind/package-kfind/usr/share/metainfo/org.kde.kfind.appdata.xml
-- Installing: /home/omen/GITHUB/PLASMA_WORLD/AthOS/REPO-AthOS/kfind/package-kfind/usr/share/icons/hicolor/128x128/apps/kfind.png
-- Installing: /home/omen/GITHUB/PLASMA_WORLD/AthOS/REPO-AthOS/kfind/package-kfind/usr/share/icons/hicolor/16x16/apps/kfind.png
-- Installing: /home/omen/GITHUB/PLASMA_WORLD/AthOS/REPO-AthOS/kfind/package-kfind/usr/share/icons/hicolor/22x22/apps/kfind.png
-- Installing: /home/omen/GITHUB/PLASMA_WORLD/AthOS/REPO-AthOS/kfind/package-kfind/usr/share/icons/hicolor/32x32/apps/kfind.png
-- Installing: /home/omen/GITHUB/PLASMA_WORLD/AthOS/REPO-AthOS/kfind/package-kfind/usr/share/icons/hicolor/48x48/apps/kfind.png
-- Installing: /home/omen/GITHUB/PLASMA_WORLD/AthOS/REPO-AthOS/kfind/package-kfind/usr/share/icons/hicolor/64x64/apps/kfind.png
-- Installing: /home/omen/GITHUB/PLASMA_WORLD/AthOS/REPO-AthOS/kfind/package-kfind/usr/share/icons/hicolor/scalable/apps/kfind.svgz
-- Installing: /home/omen/GITHUB/PLASMA_WORLD/AthOS/REPO-AthOS/kfind/package-kfind/usr/share/qlogging-categories6/kfind.categories
-- Installing: /home/omen/GITHUB/PLASMA_WORLD/AthOS/REPO-AthOS/kfind/package-kfind/usr/share/locale
-- Installing: /home/omen/GITHUB/PLASMA_WORLD/AthOS/REPO-AthOS/kfind/package-kfind/usr/share/locale/da
-- Installing: /home/omen/GITHUB/PLASMA_WORLD/AthOS/REPO-AthOS/kfind/package-kfind/usr/share/locale/da/LC_MESSAGES
-- Installing: /home/omen/GITHUB/PLASMA_WORLD/AthOS/REPO-AthOS/kfind/package-kfind/usr/share/locale/da/LC_MESSAGES/kfind.mo
-- Installing: /home/omen/GITHUB/PLASMA_WORLD/AthOS/REPO-AthOS/kfind/package-kfind/usr/share/locale/ms
-- Installing: /home/omen/GITHUB/PLASMA_WORLD/AthOS/REPO-AthOS/kfind/package-kfind/usr/share/locale/ms/LC_MESSAGES
-- Installing: /home/omen/GITHUB/PLASMA_WORLD/AthOS/REPO-AthOS/kfind/package-kfind/usr/share/locale/ms/LC_MESSAGES/kfind.mo
-- Installing: /home/omen/GITHUB/PLASMA_WORLD/AthOS/REPO-AthOS/kfind/package-kfind/usr/share/locale/cs
-- Installing: /home/omen/GITHUB/PLASMA_WORLD/AthOS/REPO-AthOS/kfind/package-kfind/usr/share/locale/cs/LC_MESSAGES
-- Installing: /home/omen/GITHUB/PLASMA_WORLD/AthOS/REPO-AthOS/kfind/package-kfind/usr/share/locale/cs/LC_MESSAGES/kfind.mo
-- Installing: /home/omen/GITHUB/PLASMA_WORLD/AthOS/REPO-AthOS/kfind/package-kfind/usr/share/locale/ja
-- Installing: /home/omen/GITHUB/PLASMA_WORLD/AthOS/REPO-AthOS/kfind/package-kfind/usr/share/locale/ja/LC_MESSAGES
-- Installing: /home/omen/GITHUB/PLASMA_WORLD/AthOS/REPO-AthOS/kfind/package-kfind/usr/share/locale/ja/LC_MESSAGES/kfind.mo
-- Installing: /home/omen/GITHUB/PLASMA_WORLD/AthOS/REPO-AthOS/kfind/package-kfind/usr/share/locale/sr@ijekavian
-- Installing: /home/omen/GITHUB/PLASMA_WORLD/AthOS/REPO-AthOS/kfind/package-kfind/usr/share/locale/sr@ijekavian/LC_MESSAGES
-- Installing: /home/omen/GITHUB/PLASMA_WORLD/AthOS/REPO-AthOS/kfind/package-kfind/usr/share/locale/sr@ijekavian/LC_MESSAGES/kfind.mo
-- Installing: /home/omen/GITHUB/PLASMA_WORLD/AthOS/REPO-AthOS/kfind/package-kfind/usr/share/locale/de
-- Installing: /home/omen/GITHUB/PLASMA_WORLD/AthOS/REPO-AthOS/kfind/package-kfind/usr/share/locale/de/LC_MESSAGES
-- Installing: /home/omen/GITHUB/PLASMA_WORLD/AthOS/REPO-AthOS/kfind/package-kfind/usr/share/locale/de/LC_MESSAGES/kfind.mo
-- Installing: /home/omen/GITHUB/PLASMA_WORLD/AthOS/REPO-AthOS/kfind/package-kfind/usr/share/locale/el
-- Installing: /home/omen/GITHUB/PLASMA_WORLD/AthOS/REPO-AthOS/kfind/package-kfind/usr/share/locale/el/LC_MESSAGES
-- Installing: /home/omen/GITHUB/PLASMA_WORLD/AthOS/REPO-AthOS/kfind/package-kfind/usr/share/locale/el/LC_MESSAGES/kfind.mo
-- Installing: /home/omen/GITHUB/PLASMA_WORLD/AthOS/REPO-AthOS/kfind/package-kfind/usr/share/locale/nn
-- Installing: /home/omen/GITHUB/PLASMA_WORLD/AthOS/REPO-AthOS/kfind/package-kfind/usr/share/locale/nn/LC_MESSAGES
-- Installing: /home/omen/GITHUB/PLASMA_WORLD/AthOS/REPO-AthOS/kfind/package-kfind/usr/share/locale/nn/LC_MESSAGES/kfind.mo
-- Installing: /home/omen/GITHUB/PLASMA_WORLD/AthOS/REPO-AthOS/kfind/package-kfind/usr/share/locale/sr
-- Installing: /home/omen/GITHUB/PLASMA_WORLD/AthOS/REPO-AthOS/kfind/package-kfind/usr/share/locale/sr/LC_MESSAGES
-- Installing: /home/omen/GITHUB/PLASMA_WORLD/AthOS/REPO-AthOS/kfind/package-kfind/usr/share/locale/sr/LC_MESSAGES/kfind.mo
-- Installing: /home/omen/GITHUB/PLASMA_WORLD/AthOS/REPO-AthOS/kfind/package-kfind/usr/share/locale/or
-- Installing: /home/omen/GITHUB/PLASMA_WORLD/AthOS/REPO-AthOS/kfind/package-kfind/usr/share/locale/or/LC_MESSAGES
-- Installing: /home/omen/GITHUB/PLASMA_WORLD/AthOS/REPO-AthOS/kfind/package-kfind/usr/share/locale/or/LC_MESSAGES/kfind.mo
-- Installing: /home/omen/GITHUB/PLASMA_WORLD/AthOS/REPO-AthOS/kfind/package-kfind/usr/share/locale/fy
-- Installing: /home/omen/GITHUB/PLASMA_WORLD/AthOS/REPO-AthOS/kfind/package-kfind/usr/share/locale/fy/LC_MESSAGES
-- Installing: /home/omen/GITHUB/PLASMA_WORLD/AthOS/REPO-AthOS/kfind/package-kfind/usr/share/locale/fy/LC_MESSAGES/kfind.mo
-- Installing: /home/omen/GITHUB/PLASMA_WORLD/AthOS/REPO-AthOS/kfind/package-kfind/usr/share/locale/hi
-- Installing: /home/omen/GITHUB/PLASMA_WORLD/AthOS/REPO-AthOS/kfind/package-kfind/usr/share/locale/hi/LC_MESSAGES
-- Installing: /home/omen/GITHUB/PLASMA_WORLD/AthOS/REPO-AthOS/kfind/package-kfind/usr/share/locale/hi/LC_MESSAGES/kfind.mo
-- Installing: /home/omen/GITHUB/PLASMA_WORLD/AthOS/REPO-AthOS/kfind/package-kfind/usr/share/locale/pt_BR
-- Installing: /home/omen/GITHUB/PLASMA_WORLD/AthOS/REPO-AthOS/kfind/package-kfind/usr/share/locale/pt_BR/LC_MESSAGES
-- Installing: /home/omen/GITHUB/PLASMA_WORLD/AthOS/REPO-AthOS/kfind/package-kfind/usr/share/locale/pt_BR/LC_MESSAGES/kfind.mo
-- Installing: /home/omen/GITHUB/PLASMA_WORLD/AthOS/REPO-AthOS/kfind/package-kfind/usr/share/locale/lt
-- Installing: /home/omen/GITHUB/PLASMA_WORLD/AthOS/REPO-AthOS/kfind/package-kfind/usr/share/locale/lt/LC_MESSAGES
-- Installing: /home/omen/GITHUB/PLASMA_WORLD/AthOS/REPO-AthOS/kfind/package-kfind/usr/share/locale/lt/LC_MESSAGES/kfind.mo
-- Installing: /home/omen/GITHUB/PLASMA_WORLD/AthOS/REPO-AthOS/kfind/package-kfind/usr/share/locale/sr@ijekavianlatin
-- Installing: /home/omen/GITHUB/PLASMA_WORLD/AthOS/REPO-AthOS/kfind/package-kfind/usr/share/locale/sr@ijekavianlatin/LC_MESSAGES
-- Installing: /home/omen/GITHUB/PLASMA_WORLD/AthOS/REPO-AthOS/kfind/package-kfind/usr/share/locale/sr@ijekavianlatin/LC_MESSAGES/kfind.mo
-- Installing: /home/omen/GITHUB/PLASMA_WORLD/AthOS/REPO-AthOS/kfind/package-kfind/usr/share/locale/be
-- Installing: /home/omen/GITHUB/PLASMA_WORLD/AthOS/REPO-AthOS/kfind/package-kfind/usr/share/locale/be/LC_MESSAGES
-- Installing: /home/omen/GITHUB/PLASMA_WORLD/AthOS/REPO-AthOS/kfind/package-kfind/usr/share/locale/be/LC_MESSAGES/kfind.mo
-- Installing: /home/omen/GITHUB/PLASMA_WORLD/AthOS/REPO-AthOS/kfind/package-kfind/usr/share/locale/pa
-- Installing: /home/omen/GITHUB/PLASMA_WORLD/AthOS/REPO-AthOS/kfind/package-kfind/usr/share/locale/pa/LC_MESSAGES
-- Installing: /home/omen/GITHUB/PLASMA_WORLD/AthOS/REPO-AthOS/kfind/package-kfind/usr/share/locale/pa/LC_MESSAGES/kfind.mo
-- Installing: /home/omen/GITHUB/PLASMA_WORLD/AthOS/REPO-AthOS/kfind/package-kfind/usr/share/locale/sl
-- Installing: /home/omen/GITHUB/PLASMA_WORLD/AthOS/REPO-AthOS/kfind/package-kfind/usr/share/locale/sl/LC_MESSAGES
-- Installing: /home/omen/GITHUB/PLASMA_WORLD/AthOS/REPO-AthOS/kfind/package-kfind/usr/share/locale/sl/LC_MESSAGES/kfind.mo
-- Installing: /home/omen/GITHUB/PLASMA_WORLD/AthOS/REPO-AthOS/kfind/package-kfind/usr/share/locale/ie
-- Installing: /home/omen/GITHUB/PLASMA_WORLD/AthOS/REPO-AthOS/kfind/package-kfind/usr/share/locale/ie/LC_MESSAGES
-- Installing: /home/omen/GITHUB/PLASMA_WORLD/AthOS/REPO-AthOS/kfind/package-kfind/usr/share/locale/ie/LC_MESSAGES/kfind.mo
-- Installing: /home/omen/GITHUB/PLASMA_WORLD/AthOS/REPO-AthOS/kfind/package-kfind/usr/share/locale/ta
-- Installing: /home/omen/GITHUB/PLASMA_WORLD/AthOS/REPO-AthOS/kfind/package-kfind/usr/share/locale/ta/LC_MESSAGES
-- Installing: /home/omen/GITHUB/PLASMA_WORLD/AthOS/REPO-AthOS/kfind/package-kfind/usr/share/locale/ta/LC_MESSAGES/kfind.mo
-- Installing: /home/omen/GITHUB/PLASMA_WORLD/AthOS/REPO-AthOS/kfind/package-kfind/usr/share/locale/xh
-- Installing: /home/omen/GITHUB/PLASMA_WORLD/AthOS/REPO-AthOS/kfind/package-kfind/usr/share/locale/xh/LC_MESSAGES
-- Installing: /home/omen/GITHUB/PLASMA_WORLD/AthOS/REPO-AthOS/kfind/package-kfind/usr/share/locale/xh/LC_MESSAGES/kfind.mo
-- Installing: /home/omen/GITHUB/PLASMA_WORLD/AthOS/REPO-AthOS/kfind/package-kfind/usr/share/locale/gu
-- Installing: /home/omen/GITHUB/PLASMA_WORLD/AthOS/REPO-AthOS/kfind/package-kfind/usr/share/locale/gu/LC_MESSAGES
-- Installing: /home/omen/GITHUB/PLASMA_WORLD/AthOS/REPO-AthOS/kfind/package-kfind/usr/share/locale/gu/LC_MESSAGES/kfind.mo
-- Installing: /home/omen/GITHUB/PLASMA_WORLD/AthOS/REPO-AthOS/kfind/package-kfind/usr/share/locale/ro
-- Installing: /home/omen/GITHUB/PLASMA_WORLD/AthOS/REPO-AthOS/kfind/package-kfind/usr/share/locale/ro/LC_MESSAGES
-- Installing: /home/omen/GITHUB/PLASMA_WORLD/AthOS/REPO-AthOS/kfind/package-kfind/usr/share/locale/ro/LC_MESSAGES/kfind.mo
-- Installing: /home/omen/GITHUB/PLASMA_WORLD/AthOS/REPO-AthOS/kfind/package-kfind/usr/share/locale/bs
-- Installing: /home/omen/GITHUB/PLASMA_WORLD/AthOS/REPO-AthOS/kfind/package-kfind/usr/share/locale/bs/LC_MESSAGES
-- Installing: /home/omen/GITHUB/PLASMA_WORLD/AthOS/REPO-AthOS/kfind/package-kfind/usr/share/locale/bs/LC_MESSAGES/kfind.mo
-- Installing: /home/omen/GITHUB/PLASMA_WORLD/AthOS/REPO-AthOS/kfind/package-kfind/usr/share/locale/is
-- Installing: /home/omen/GITHUB/PLASMA_WORLD/AthOS/REPO-AthOS/kfind/package-kfind/usr/share/locale/is/LC_MESSAGES
-- Installing: /home/omen/GITHUB/PLASMA_WORLD/AthOS/REPO-AthOS/kfind/package-kfind/usr/share/locale/is/LC_MESSAGES/kfind.mo
-- Installing: /home/omen/GITHUB/PLASMA_WORLD/AthOS/REPO-AthOS/kfind/package-kfind/usr/share/locale/wa
-- Installing: /home/omen/GITHUB/PLASMA_WORLD/AthOS/REPO-AthOS/kfind/package-kfind/usr/share/locale/wa/LC_MESSAGES
-- Installing: /home/omen/GITHUB/PLASMA_WORLD/AthOS/REPO-AthOS/kfind/package-kfind/usr/share/locale/wa/LC_MESSAGES/kfind.mo
-- Installing: /home/omen/GITHUB/PLASMA_WORLD/AthOS/REPO-AthOS/kfind/package-kfind/usr/share/locale/kk
-- Installing: /home/omen/GITHUB/PLASMA_WORLD/AthOS/REPO-AthOS/kfind/package-kfind/usr/share/locale/kk/LC_MESSAGES
-- Installing: /home/omen/GITHUB/PLASMA_WORLD/AthOS/REPO-AthOS/kfind/package-kfind/usr/share/locale/kk/LC_MESSAGES/kfind.mo
-- Installing: /home/omen/GITHUB/PLASMA_WORLD/AthOS/REPO-AthOS/kfind/package-kfind/usr/share/locale/sr@latin
-- Installing: /home/omen/GITHUB/PLASMA_WORLD/AthOS/REPO-AthOS/kfind/package-kfind/usr/share/locale/sr@latin/LC_MESSAGES
-- Installing: /home/omen/GITHUB/PLASMA_WORLD/AthOS/REPO-AthOS/kfind/package-kfind/usr/share/locale/sr@latin/LC_MESSAGES/kfind.mo
-- Installing: /home/omen/GITHUB/PLASMA_WORLD/AthOS/REPO-AthOS/kfind/package-kfind/usr/share/locale/he
-- Installing: /home/omen/GITHUB/PLASMA_WORLD/AthOS/REPO-AthOS/kfind/package-kfind/usr/share/locale/he/LC_MESSAGES
-- Installing: /home/omen/GITHUB/PLASMA_WORLD/AthOS/REPO-AthOS/kfind/package-kfind/usr/share/locale/he/LC_MESSAGES/kfind.mo
-- Installing: /home/omen/GITHUB/PLASMA_WORLD/AthOS/REPO-AthOS/kfind/package-kfind/usr/share/locale/zh_TW
-- Installing: /home/omen/GITHUB/PLASMA_WORLD/AthOS/REPO-AthOS/kfind/package-kfind/usr/share/locale/zh_TW/LC_MESSAGES
-- Installing: /home/omen/GITHUB/PLASMA_WORLD/AthOS/REPO-AthOS/kfind/package-kfind/usr/share/locale/zh_TW/LC_MESSAGES/kfind.mo
-- Installing: /home/omen/GITHUB/PLASMA_WORLD/AthOS/REPO-AthOS/kfind/package-kfind/usr/share/locale/tg
-- Installing: /home/omen/GITHUB/PLASMA_WORLD/AthOS/REPO-AthOS/kfind/package-kfind/usr/share/locale/tg/LC_MESSAGES
-- Installing: /home/omen/GITHUB/PLASMA_WORLD/AthOS/REPO-AthOS/kfind/package-kfind/usr/share/locale/tg/LC_MESSAGES/kfind.mo
-- Installing: /home/omen/GITHUB/PLASMA_WORLD/AthOS/REPO-AthOS/kfind/package-kfind/usr/share/locale/fa
-- Installing: /home/omen/GITHUB/PLASMA_WORLD/AthOS/REPO-AthOS/kfind/package-kfind/usr/share/locale/fa/LC_MESSAGES
-- Installing: /home/omen/GITHUB/PLASMA_WORLD/AthOS/REPO-AthOS/kfind/package-kfind/usr/share/locale/fa/LC_MESSAGES/kfind.mo
-- Installing: /home/omen/GITHUB/PLASMA_WORLD/AthOS/REPO-AthOS/kfind/package-kfind/usr/share/locale/csb
-- Installing: /home/omen/GITHUB/PLASMA_WORLD/AthOS/REPO-AthOS/kfind/package-kfind/usr/share/locale/csb/LC_MESSAGES
-- Installing: /home/omen/GITHUB/PLASMA_WORLD/AthOS/REPO-AthOS/kfind/package-kfind/usr/share/locale/csb/LC_MESSAGES/kfind.mo
-- Installing: /home/omen/GITHUB/PLASMA_WORLD/AthOS/REPO-AthOS/kfind/package-kfind/usr/share/locale/pl
-- Installing: /home/omen/GITHUB/PLASMA_WORLD/AthOS/REPO-AthOS/kfind/package-kfind/usr/share/locale/pl/LC_MESSAGES
-- Installing: /home/omen/GITHUB/PLASMA_WORLD/AthOS/REPO-AthOS/kfind/package-kfind/usr/share/locale/pl/LC_MESSAGES/kfind.mo
-- Installing: /home/omen/GITHUB/PLASMA_WORLD/AthOS/REPO-AthOS/kfind/package-kfind/usr/share/locale/km
-- Installing: /home/omen/GITHUB/PLASMA_WORLD/AthOS/REPO-AthOS/kfind/package-kfind/usr/share/locale/km/LC_MESSAGES
-- Installing: /home/omen/GITHUB/PLASMA_WORLD/AthOS/REPO-AthOS/kfind/package-kfind/usr/share/locale/km/LC_MESSAGES/kfind.mo
-- Installing: /home/omen/GITHUB/PLASMA_WORLD/AthOS/REPO-AthOS/kfind/package-kfind/usr/share/locale/pt
-- Installing: /home/omen/GITHUB/PLASMA_WORLD/AthOS/REPO-AthOS/kfind/package-kfind/usr/share/locale/pt/LC_MESSAGES
-- Installing: /home/omen/GITHUB/PLASMA_WORLD/AthOS/REPO-AthOS/kfind/package-kfind/usr/share/locale/pt/LC_MESSAGES/kfind.mo
-- Installing: /home/omen/GITHUB/PLASMA_WORLD/AthOS/REPO-AthOS/kfind/package-kfind/usr/share/locale/hr
-- Installing: /home/omen/GITHUB/PLASMA_WORLD/AthOS/REPO-AthOS/kfind/package-kfind/usr/share/locale/hr/LC_MESSAGES
-- Installing: /home/omen/GITHUB/PLASMA_WORLD/AthOS/REPO-AthOS/kfind/package-kfind/usr/share/locale/hr/LC_MESSAGES/kfind.mo
-- Installing: /home/omen/GITHUB/PLASMA_WORLD/AthOS/REPO-AthOS/kfind/package-kfind/usr/share/locale/az
-- Installing: /home/omen/GITHUB/PLASMA_WORLD/AthOS/REPO-AthOS/kfind/package-kfind/usr/share/locale/az/LC_MESSAGES
-- Installing: /home/omen/GITHUB/PLASMA_WORLD/AthOS/REPO-AthOS/kfind/package-kfind/usr/share/locale/az/LC_MESSAGES/kfind.mo
-- Installing: /home/omen/GITHUB/PLASMA_WORLD/AthOS/REPO-AthOS/kfind/package-kfind/usr/share/locale/tr
-- Installing: /home/omen/GITHUB/PLASMA_WORLD/AthOS/REPO-AthOS/kfind/package-kfind/usr/share/locale/tr/LC_MESSAGES
-- Installing: /home/omen/GITHUB/PLASMA_WORLD/AthOS/REPO-AthOS/kfind/package-kfind/usr/share/locale/tr/LC_MESSAGES/kfind.mo
-- Installing: /home/omen/GITHUB/PLASMA_WORLD/AthOS/REPO-AthOS/kfind/package-kfind/usr/share/locale/fr
-- Installing: /home/omen/GITHUB/PLASMA_WORLD/AthOS/REPO-AthOS/kfind/package-kfind/usr/share/locale/fr/LC_MESSAGES
-- Installing: /home/omen/GITHUB/PLASMA_WORLD/AthOS/REPO-AthOS/kfind/package-kfind/usr/share/locale/fr/LC_MESSAGES/kfind.mo
-- Installing: /home/omen/GITHUB/PLASMA_WORLD/AthOS/REPO-AthOS/kfind/package-kfind/usr/share/locale/uz
-- Installing: /home/omen/GITHUB/PLASMA_WORLD/AthOS/REPO-AthOS/kfind/package-kfind/usr/share/locale/uz/LC_MESSAGES
-- Installing: /home/omen/GITHUB/PLASMA_WORLD/AthOS/REPO-AthOS/kfind/package-kfind/usr/share/locale/uz/LC_MESSAGES/kfind.mo
-- Installing: /home/omen/GITHUB/PLASMA_WORLD/AthOS/REPO-AthOS/kfind/package-kfind/usr/share/locale/ast
-- Installing: /home/omen/GITHUB/PLASMA_WORLD/AthOS/REPO-AthOS/kfind/package-kfind/usr/share/locale/ast/LC_MESSAGES
-- Installing: /home/omen/GITHUB/PLASMA_WORLD/AthOS/REPO-AthOS/kfind/package-kfind/usr/share/locale/ast/LC_MESSAGES/kfind.mo
-- Installing: /home/omen/GITHUB/PLASMA_WORLD/AthOS/REPO-AthOS/kfind/package-kfind/usr/share/locale/mai
-- Installing: /home/omen/GITHUB/PLASMA_WORLD/AthOS/REPO-AthOS/kfind/package-kfind/usr/share/locale/mai/LC_MESSAGES
-- Installing: /home/omen/GITHUB/PLASMA_WORLD/AthOS/REPO-AthOS/kfind/package-kfind/usr/share/locale/mai/LC_MESSAGES/kfind.mo
-- Installing: /home/omen/GITHUB/PLASMA_WORLD/AthOS/REPO-AthOS/kfind/package-kfind/usr/share/locale/ne
-- Installing: /home/omen/GITHUB/PLASMA_WORLD/AthOS/REPO-AthOS/kfind/package-kfind/usr/share/locale/ne/LC_MESSAGES
-- Installing: /home/omen/GITHUB/PLASMA_WORLD/AthOS/REPO-AthOS/kfind/package-kfind/usr/share/locale/ne/LC_MESSAGES/kfind.mo
-- Installing: /home/omen/GITHUB/PLASMA_WORLD/AthOS/REPO-AthOS/kfind/package-kfind/usr/share/locale/vi
-- Installing: /home/omen/GITHUB/PLASMA_WORLD/AthOS/REPO-AthOS/kfind/package-kfind/usr/share/locale/vi/LC_MESSAGES
-- Installing: /home/omen/GITHUB/PLASMA_WORLD/AthOS/REPO-AthOS/kfind/package-kfind/usr/share/locale/vi/LC_MESSAGES/kfind.mo
-- Installing: /home/omen/GITHUB/PLASMA_WORLD/AthOS/REPO-AthOS/kfind/package-kfind/usr/share/locale/te
-- Installing: /home/omen/GITHUB/PLASMA_WORLD/AthOS/REPO-AthOS/kfind/package-kfind/usr/share/locale/te/LC_MESSAGES
-- Installing: /home/omen/GITHUB/PLASMA_WORLD/AthOS/REPO-AthOS/kfind/package-kfind/usr/share/locale/te/LC_MESSAGES/kfind.mo
-- Installing: /home/omen/GITHUB/PLASMA_WORLD/AthOS/REPO-AthOS/kfind/package-kfind/usr/share/locale/ka
-- Installing: /home/omen/GITHUB/PLASMA_WORLD/AthOS/REPO-AthOS/kfind/package-kfind/usr/share/locale/ka/LC_MESSAGES
-- Installing: /home/omen/GITHUB/PLASMA_WORLD/AthOS/REPO-AthOS/kfind/package-kfind/usr/share/locale/ka/LC_MESSAGES/kfind.mo
-- Installing: /home/omen/GITHUB/PLASMA_WORLD/AthOS/REPO-AthOS/kfind/package-kfind/usr/share/locale/hsb
-- Installing: /home/omen/GITHUB/PLASMA_WORLD/AthOS/REPO-AthOS/kfind/package-kfind/usr/share/locale/hsb/LC_MESSAGES
-- Installing: /home/omen/GITHUB/PLASMA_WORLD/AthOS/REPO-AthOS/kfind/package-kfind/usr/share/locale/hsb/LC_MESSAGES/kfind.mo
-- Installing: /home/omen/GITHUB/PLASMA_WORLD/AthOS/REPO-AthOS/kfind/package-kfind/usr/share/locale/cy
-- Installing: /home/omen/GITHUB/PLASMA_WORLD/AthOS/REPO-AthOS/kfind/package-kfind/usr/share/locale/cy/LC_MESSAGES
-- Installing: /home/omen/GITHUB/PLASMA_WORLD/AthOS/REPO-AthOS/kfind/package-kfind/usr/share/locale/cy/LC_MESSAGES/kfind.mo
-- Installing: /home/omen/GITHUB/PLASMA_WORLD/AthOS/REPO-AthOS/kfind/package-kfind/usr/share/locale/th
-- Installing: /home/omen/GITHUB/PLASMA_WORLD/AthOS/REPO-AthOS/kfind/package-kfind/usr/share/locale/th/LC_MESSAGES
-- Installing: /home/omen/GITHUB/PLASMA_WORLD/AthOS/REPO-AthOS/kfind/package-kfind/usr/share/locale/th/LC_MESSAGES/kfind.mo
-- Installing: /home/omen/GITHUB/PLASMA_WORLD/AthOS/REPO-AthOS/kfind/package-kfind/usr/share/locale/gl
-- Installing: /home/omen/GITHUB/PLASMA_WORLD/AthOS/REPO-AthOS/kfind/package-kfind/usr/share/locale/gl/LC_MESSAGES
-- Installing: /home/omen/GITHUB/PLASMA_WORLD/AthOS/REPO-AthOS/kfind/package-kfind/usr/share/locale/gl/LC_MESSAGES/kfind.mo
-- Installing: /home/omen/GITHUB/PLASMA_WORLD/AthOS/REPO-AthOS/kfind/package-kfind/usr/share/locale/ia
-- Installing: /home/omen/GITHUB/PLASMA_WORLD/AthOS/REPO-AthOS/kfind/package-kfind/usr/share/locale/ia/LC_MESSAGES
-- Installing: /home/omen/GITHUB/PLASMA_WORLD/AthOS/REPO-AthOS/kfind/package-kfind/usr/share/locale/ia/LC_MESSAGES/kfind.mo
-- Installing: /home/omen/GITHUB/PLASMA_WORLD/AthOS/REPO-AthOS/kfind/package-kfind/usr/share/locale/hu
-- Installing: /home/omen/GITHUB/PLASMA_WORLD/AthOS/REPO-AthOS/kfind/package-kfind/usr/share/locale/hu/LC_MESSAGES
-- Installing: /home/omen/GITHUB/PLASMA_WORLD/AthOS/REPO-AthOS/kfind/package-kfind/usr/share/locale/hu/LC_MESSAGES/kfind.mo
-- Installing: /home/omen/GITHUB/PLASMA_WORLD/AthOS/REPO-AthOS/kfind/package-kfind/usr/share/locale/eo
-- Installing: /home/omen/GITHUB/PLASMA_WORLD/AthOS/REPO-AthOS/kfind/package-kfind/usr/share/locale/eo/LC_MESSAGES
-- Installing: /home/omen/GITHUB/PLASMA_WORLD/AthOS/REPO-AthOS/kfind/package-kfind/usr/share/locale/eo/LC_MESSAGES/kfind.mo
-- Installing: /home/omen/GITHUB/PLASMA_WORLD/AthOS/REPO-AthOS/kfind/package-kfind/usr/share/locale/bg
-- Installing: /home/omen/GITHUB/PLASMA_WORLD/AthOS/REPO-AthOS/kfind/package-kfind/usr/share/locale/bg/LC_MESSAGES
-- Installing: /home/omen/GITHUB/PLASMA_WORLD/AthOS/REPO-AthOS/kfind/package-kfind/usr/share/locale/bg/LC_MESSAGES/kfind.mo
-- Installing: /home/omen/GITHUB/PLASMA_WORLD/AthOS/REPO-AthOS/kfind/package-kfind/usr/share/locale/kn
-- Installing: /home/omen/GITHUB/PLASMA_WORLD/AthOS/REPO-AthOS/kfind/package-kfind/usr/share/locale/kn/LC_MESSAGES
-- Installing: /home/omen/GITHUB/PLASMA_WORLD/AthOS/REPO-AthOS/kfind/package-kfind/usr/share/locale/kn/LC_MESSAGES/kfind.mo
-- Installing: /home/omen/GITHUB/PLASMA_WORLD/AthOS/REPO-AthOS/kfind/package-kfind/usr/share/locale/bn_IN
-- Installing: /home/omen/GITHUB/PLASMA_WORLD/AthOS/REPO-AthOS/kfind/package-kfind/usr/share/locale/bn_IN/LC_MESSAGES
-- Installing: /home/omen/GITHUB/PLASMA_WORLD/AthOS/REPO-AthOS/kfind/package-kfind/usr/share/locale/bn_IN/LC_MESSAGES/kfind.mo
-- Installing: /home/omen/GITHUB/PLASMA_WORLD/AthOS/REPO-AthOS/kfind/package-kfind/usr/share/locale/ga
-- Installing: /home/omen/GITHUB/PLASMA_WORLD/AthOS/REPO-AthOS/kfind/package-kfind/usr/share/locale/ga/LC_MESSAGES
-- Installing: /home/omen/GITHUB/PLASMA_WORLD/AthOS/REPO-AthOS/kfind/package-kfind/usr/share/locale/ga/LC_MESSAGES/kfind.mo
-- Installing: /home/omen/GITHUB/PLASMA_WORLD/AthOS/REPO-AthOS/kfind/package-kfind/usr/share/locale/br
-- Installing: /home/omen/GITHUB/PLASMA_WORLD/AthOS/REPO-AthOS/kfind/package-kfind/usr/share/locale/br/LC_MESSAGES
-- Installing: /home/omen/GITHUB/PLASMA_WORLD/AthOS/REPO-AthOS/kfind/package-kfind/usr/share/locale/br/LC_MESSAGES/kfind.mo
-- Installing: /home/omen/GITHUB/PLASMA_WORLD/AthOS/REPO-AthOS/kfind/package-kfind/usr/share/locale/ca
-- Installing: /home/omen/GITHUB/PLASMA_WORLD/AthOS/REPO-AthOS/kfind/package-kfind/usr/share/locale/ca/LC_MESSAGES
-- Installing: /home/omen/GITHUB/PLASMA_WORLD/AthOS/REPO-AthOS/kfind/package-kfind/usr/share/locale/ca/LC_MESSAGES/kfind.mo
-- Installing: /home/omen/GITHUB/PLASMA_WORLD/AthOS/REPO-AthOS/kfind/package-kfind/usr/share/locale/uk
-- Installing: /home/omen/GITHUB/PLASMA_WORLD/AthOS/REPO-AthOS/kfind/package-kfind/usr/share/locale/uk/LC_MESSAGES
-- Installing: /home/omen/GITHUB/PLASMA_WORLD/AthOS/REPO-AthOS/kfind/package-kfind/usr/share/locale/uk/LC_MESSAGES/kfind.mo
-- Installing: /home/omen/GITHUB/PLASMA_WORLD/AthOS/REPO-AthOS/kfind/package-kfind/usr/share/locale/id
-- Installing: /home/omen/GITHUB/PLASMA_WORLD/AthOS/REPO-AthOS/kfind/package-kfind/usr/share/locale/id/LC_MESSAGES
-- Installing: /home/omen/GITHUB/PLASMA_WORLD/AthOS/REPO-AthOS/kfind/package-kfind/usr/share/locale/id/LC_MESSAGES/kfind.mo
-- Installing: /home/omen/GITHUB/PLASMA_WORLD/AthOS/REPO-AthOS/kfind/package-kfind/usr/share/locale/ku
-- Installing: /home/omen/GITHUB/PLASMA_WORLD/AthOS/REPO-AthOS/kfind/package-kfind/usr/share/locale/ku/LC_MESSAGES
-- Installing: /home/omen/GITHUB/PLASMA_WORLD/AthOS/REPO-AthOS/kfind/package-kfind/usr/share/locale/ku/LC_MESSAGES/kfind.mo
-- Installing: /home/omen/GITHUB/PLASMA_WORLD/AthOS/REPO-AthOS/kfind/package-kfind/usr/share/locale/en_GB
-- Installing: /home/omen/GITHUB/PLASMA_WORLD/AthOS/REPO-AthOS/kfind/package-kfind/usr/share/locale/en_GB/LC_MESSAGES
-- Installing: /home/omen/GITHUB/PLASMA_WORLD/AthOS/REPO-AthOS/kfind/package-kfind/usr/share/locale/en_GB/LC_MESSAGES/kfind.mo
-- Installing: /home/omen/GITHUB/PLASMA_WORLD/AthOS/REPO-AthOS/kfind/package-kfind/usr/share/locale/zh_CN
-- Installing: /home/omen/GITHUB/PLASMA_WORLD/AthOS/REPO-AthOS/kfind/package-kfind/usr/share/locale/zh_CN/LC_MESSAGES
-- Installing: /home/omen/GITHUB/PLASMA_WORLD/AthOS/REPO-AthOS/kfind/package-kfind/usr/share/locale/zh_CN/LC_MESSAGES/kfind.mo
-- Installing: /home/omen/GITHUB/PLASMA_WORLD/AthOS/REPO-AthOS/kfind/package-kfind/usr/share/locale/nl
-- Installing: /home/omen/GITHUB/PLASMA_WORLD/AthOS/REPO-AthOS/kfind/package-kfind/usr/share/locale/nl/LC_MESSAGES
-- Installing: /home/omen/GITHUB/PLASMA_WORLD/AthOS/REPO-AthOS/kfind/package-kfind/usr/share/locale/nl/LC_MESSAGES/kfind.mo
-- Installing: /home/omen/GITHUB/PLASMA_WORLD/AthOS/REPO-AthOS/kfind/package-kfind/usr/share/locale/bn
-- Installing: /home/omen/GITHUB/PLASMA_WORLD/AthOS/REPO-AthOS/kfind/package-kfind/usr/share/locale/bn/LC_MESSAGES
-- Installing: /home/omen/GITHUB/PLASMA_WORLD/AthOS/REPO-AthOS/kfind/package-kfind/usr/share/locale/bn/LC_MESSAGES/kfind.mo
-- Installing: /home/omen/GITHUB/PLASMA_WORLD/AthOS/REPO-AthOS/kfind/package-kfind/usr/share/locale/oc
-- Installing: /home/omen/GITHUB/PLASMA_WORLD/AthOS/REPO-AthOS/kfind/package-kfind/usr/share/locale/oc/LC_MESSAGES
-- Installing: /home/omen/GITHUB/PLASMA_WORLD/AthOS/REPO-AthOS/kfind/package-kfind/usr/share/locale/oc/LC_MESSAGES/kfind.mo
-- Installing: /home/omen/GITHUB/PLASMA_WORLD/AthOS/REPO-AthOS/kfind/package-kfind/usr/share/locale/sa
-- Installing: /home/omen/GITHUB/PLASMA_WORLD/AthOS/REPO-AthOS/kfind/package-kfind/usr/share/locale/sa/LC_MESSAGES
-- Installing: /home/omen/GITHUB/PLASMA_WORLD/AthOS/REPO-AthOS/kfind/package-kfind/usr/share/locale/sa/LC_MESSAGES/kfind.mo
-- Installing: /home/omen/GITHUB/PLASMA_WORLD/AthOS/REPO-AthOS/kfind/package-kfind/usr/share/locale/fi
-- Installing: /home/omen/GITHUB/PLASMA_WORLD/AthOS/REPO-AthOS/kfind/package-kfind/usr/share/locale/fi/LC_MESSAGES
-- Installing: /home/omen/GITHUB/PLASMA_WORLD/AthOS/REPO-AthOS/kfind/package-kfind/usr/share/locale/fi/LC_MESSAGES/kfind.mo
-- Installing: /home/omen/GITHUB/PLASMA_WORLD/AthOS/REPO-AthOS/kfind/package-kfind/usr/share/locale/be@latin
-- Installing: /home/omen/GITHUB/PLASMA_WORLD/AthOS/REPO-AthOS/kfind/package-kfind/usr/share/locale/be@latin/LC_MESSAGES
-- Installing: /home/omen/GITHUB/PLASMA_WORLD/AthOS/REPO-AthOS/kfind/package-kfind/usr/share/locale/be@latin/LC_MESSAGES/kfind.mo
-- Installing: /home/omen/GITHUB/PLASMA_WORLD/AthOS/REPO-AthOS/kfind/package-kfind/usr/share/locale/uz@cyrillic
-- Installing: /home/omen/GITHUB/PLASMA_WORLD/AthOS/REPO-AthOS/kfind/package-kfind/usr/share/locale/uz@cyrillic/LC_MESSAGES
-- Installing: /home/omen/GITHUB/PLASMA_WORLD/AthOS/REPO-AthOS/kfind/package-kfind/usr/share/locale/uz@cyrillic/LC_MESSAGES/kfind.mo
-- Installing: /home/omen/GITHUB/PLASMA_WORLD/AthOS/REPO-AthOS/kfind/package-kfind/usr/share/locale/ko
-- Installing: /home/omen/GITHUB/PLASMA_WORLD/AthOS/REPO-AthOS/kfind/package-kfind/usr/share/locale/ko/LC_MESSAGES
-- Installing: /home/omen/GITHUB/PLASMA_WORLD/AthOS/REPO-AthOS/kfind/package-kfind/usr/share/locale/ko/LC_MESSAGES/kfind.mo
-- Installing: /home/omen/GITHUB/PLASMA_WORLD/AthOS/REPO-AthOS/kfind/package-kfind/usr/share/locale/mk
-- Installing: /home/omen/GITHUB/PLASMA_WORLD/AthOS/REPO-AthOS/kfind/package-kfind/usr/share/locale/mk/LC_MESSAGES
-- Installing: /home/omen/GITHUB/PLASMA_WORLD/AthOS/REPO-AthOS/kfind/package-kfind/usr/share/locale/mk/LC_MESSAGES/kfind.mo
-- Installing: /home/omen/GITHUB/PLASMA_WORLD/AthOS/REPO-AthOS/kfind/package-kfind/usr/share/locale/ru
-- Installing: /home/omen/GITHUB/PLASMA_WORLD/AthOS/REPO-AthOS/kfind/package-kfind/usr/share/locale/ru/LC_MESSAGES
-- Installing: /home/omen/GITHUB/PLASMA_WORLD/AthOS/REPO-AthOS/kfind/package-kfind/usr/share/locale/ru/LC_MESSAGES/kfind.mo
-- Installing: /home/omen/GITHUB/PLASMA_WORLD/AthOS/REPO-AthOS/kfind/package-kfind/usr/share/locale/af
-- Installing: /home/omen/GITHUB/PLASMA_WORLD/AthOS/REPO-AthOS/kfind/package-kfind/usr/share/locale/af/LC_MESSAGES
-- Installing: /home/omen/GITHUB/PLASMA_WORLD/AthOS/REPO-AthOS/kfind/package-kfind/usr/share/locale/af/LC_MESSAGES/kfind.mo
-- Installing: /home/omen/GITHUB/PLASMA_WORLD/AthOS/REPO-AthOS/kfind/package-kfind/usr/share/locale/lv
-- Installing: /home/omen/GITHUB/PLASMA_WORLD/AthOS/REPO-AthOS/kfind/package-kfind/usr/share/locale/lv/LC_MESSAGES
-- Installing: /home/omen/GITHUB/PLASMA_WORLD/AthOS/REPO-AthOS/kfind/package-kfind/usr/share/locale/lv/LC_MESSAGES/kfind.mo
-- Installing: /home/omen/GITHUB/PLASMA_WORLD/AthOS/REPO-AthOS/kfind/package-kfind/usr/share/locale/ml
-- Installing: /home/omen/GITHUB/PLASMA_WORLD/AthOS/REPO-AthOS/kfind/package-kfind/usr/share/locale/ml/LC_MESSAGES
-- Installing: /home/omen/GITHUB/PLASMA_WORLD/AthOS/REPO-AthOS/kfind/package-kfind/usr/share/locale/ml/LC_MESSAGES/kfind.mo
-- Installing: /home/omen/GITHUB/PLASMA_WORLD/AthOS/REPO-AthOS/kfind/package-kfind/usr/share/locale/hne
-- Installing: /home/omen/GITHUB/PLASMA_WORLD/AthOS/REPO-AthOS/kfind/package-kfind/usr/share/locale/hne/LC_MESSAGES
-- Installing: /home/omen/GITHUB/PLASMA_WORLD/AthOS/REPO-AthOS/kfind/package-kfind/usr/share/locale/hne/LC_MESSAGES/kfind.mo
-- Installing: /home/omen/GITHUB/PLASMA_WORLD/AthOS/REPO-AthOS/kfind/package-kfind/usr/share/locale/ca@valencia
-- Installing: /home/omen/GITHUB/PLASMA_WORLD/AthOS/REPO-AthOS/kfind/package-kfind/usr/share/locale/ca@valencia/LC_MESSAGES
-- Installing: /home/omen/GITHUB/PLASMA_WORLD/AthOS/REPO-AthOS/kfind/package-kfind/usr/share/locale/ca@valencia/LC_MESSAGES/kfind.mo
-- Installing: /home/omen/GITHUB/PLASMA_WORLD/AthOS/REPO-AthOS/kfind/package-kfind/usr/share/locale/nb
-- Installing: /home/omen/GITHUB/PLASMA_WORLD/AthOS/REPO-AthOS/kfind/package-kfind/usr/share/locale/nb/LC_MESSAGES
-- Installing: /home/omen/GITHUB/PLASMA_WORLD/AthOS/REPO-AthOS/kfind/package-kfind/usr/share/locale/nb/LC_MESSAGES/kfind.mo
-- Installing: /home/omen/GITHUB/PLASMA_WORLD/AthOS/REPO-AthOS/kfind/package-kfind/usr/share/locale/es
-- Installing: /home/omen/GITHUB/PLASMA_WORLD/AthOS/REPO-AthOS/kfind/package-kfind/usr/share/locale/es/LC_MESSAGES
-- Installing: /home/omen/GITHUB/PLASMA_WORLD/AthOS/REPO-AthOS/kfind/package-kfind/usr/share/locale/es/LC_MESSAGES/kfind.mo
-- Installing: /home/omen/GITHUB/PLASMA_WORLD/AthOS/REPO-AthOS/kfind/package-kfind/usr/share/locale/eu
-- Installing: /home/omen/GITHUB/PLASMA_WORLD/AthOS/REPO-AthOS/kfind/package-kfind/usr/share/locale/eu/LC_MESSAGES
-- Installing: /home/omen/GITHUB/PLASMA_WORLD/AthOS/REPO-AthOS/kfind/package-kfind/usr/share/locale/eu/LC_MESSAGES/kfind.mo
-- Installing: /home/omen/GITHUB/PLASMA_WORLD/AthOS/REPO-AthOS/kfind/package-kfind/usr/share/locale/et
-- Installing: /home/omen/GITHUB/PLASMA_WORLD/AthOS/REPO-AthOS/kfind/package-kfind/usr/share/locale/et/LC_MESSAGES
-- Installing: /home/omen/GITHUB/PLASMA_WORLD/AthOS/REPO-AthOS/kfind/package-kfind/usr/share/locale/et/LC_MESSAGES/kfind.mo
-- Installing: /home/omen/GITHUB/PLASMA_WORLD/AthOS/REPO-AthOS/kfind/package-kfind/usr/share/locale/it
-- Installing: /home/omen/GITHUB/PLASMA_WORLD/AthOS/REPO-AthOS/kfind/package-kfind/usr/share/locale/it/LC_MESSAGES
-- Installing: /home/omen/GITHUB/PLASMA_WORLD/AthOS/REPO-AthOS/kfind/package-kfind/usr/share/locale/it/LC_MESSAGES/kfind.mo
-- Installing: /home/omen/GITHUB/PLASMA_WORLD/AthOS/REPO-AthOS/kfind/package-kfind/usr/share/locale/se
-- Installing: /home/omen/GITHUB/PLASMA_WORLD/AthOS/REPO-AthOS/kfind/package-kfind/usr/share/locale/se/LC_MESSAGES
-- Installing: /home/omen/GITHUB/PLASMA_WORLD/AthOS/REPO-AthOS/kfind/package-kfind/usr/share/locale/se/LC_MESSAGES/kfind.mo
-- Installing: /home/omen/GITHUB/PLASMA_WORLD/AthOS/REPO-AthOS/kfind/package-kfind/usr/share/locale/ar
-- Installing: /home/omen/GITHUB/PLASMA_WORLD/AthOS/REPO-AthOS/kfind/package-kfind/usr/share/locale/ar/LC_MESSAGES
-- Installing: /home/omen/GITHUB/PLASMA_WORLD/AthOS/REPO-AthOS/kfind/package-kfind/usr/share/locale/ar/LC_MESSAGES/kfind.mo
-- Installing: /home/omen/GITHUB/PLASMA_WORLD/AthOS/REPO-AthOS/kfind/package-kfind/usr/share/locale/sq
-- Installing: /home/omen/GITHUB/PLASMA_WORLD/AthOS/REPO-AthOS/kfind/package-kfind/usr/share/locale/sq/LC_MESSAGES
-- Installing: /home/omen/GITHUB/PLASMA_WORLD/AthOS/REPO-AthOS/kfind/package-kfind/usr/share/locale/sq/LC_MESSAGES/kfind.mo
-- Installing: /home/omen/GITHUB/PLASMA_WORLD/AthOS/REPO-AthOS/kfind/package-kfind/usr/share/locale/nds
-- Installing: /home/omen/GITHUB/PLASMA_WORLD/AthOS/REPO-AthOS/kfind/package-kfind/usr/share/locale/nds/LC_MESSAGES
-- Installing: /home/omen/GITHUB/PLASMA_WORLD/AthOS/REPO-AthOS/kfind/package-kfind/usr/share/locale/nds/LC_MESSAGES/kfind.mo
-- Installing: /home/omen/GITHUB/PLASMA_WORLD/AthOS/REPO-AthOS/kfind/package-kfind/usr/share/locale/mr
-- Installing: /home/omen/GITHUB/PLASMA_WORLD/AthOS/REPO-AthOS/kfind/package-kfind/usr/share/locale/mr/LC_MESSAGES
-- Installing: /home/omen/GITHUB/PLASMA_WORLD/AthOS/REPO-AthOS/kfind/package-kfind/usr/share/locale/mr/LC_MESSAGES/kfind.mo
-- Installing: /home/omen/GITHUB/PLASMA_WORLD/AthOS/REPO-AthOS/kfind/package-kfind/usr/share/locale/ug
-- Installing: /home/omen/GITHUB/PLASMA_WORLD/AthOS/REPO-AthOS/kfind/package-kfind/usr/share/locale/ug/LC_MESSAGES
-- Installing: /home/omen/GITHUB/PLASMA_WORLD/AthOS/REPO-AthOS/kfind/package-kfind/usr/share/locale/ug/LC_MESSAGES/kfind.mo
-- Installing: /home/omen/GITHUB/PLASMA_WORLD/AthOS/REPO-AthOS/kfind/package-kfind/usr/share/locale/sk
-- Installing: /home/omen/GITHUB/PLASMA_WORLD/AthOS/REPO-AthOS/kfind/package-kfind/usr/share/locale/sk/LC_MESSAGES
-- Installing: /home/omen/GITHUB/PLASMA_WORLD/AthOS/REPO-AthOS/kfind/package-kfind/usr/share/locale/sk/LC_MESSAGES/kfind.mo
-- Installing: /home/omen/GITHUB/PLASMA_WORLD/AthOS/REPO-AthOS/kfind/package-kfind/usr/share/locale/si
-- Installing: /home/omen/GITHUB/PLASMA_WORLD/AthOS/REPO-AthOS/kfind/package-kfind/usr/share/locale/si/LC_MESSAGES
-- Installing: /home/omen/GITHUB/PLASMA_WORLD/AthOS/REPO-AthOS/kfind/package-kfind/usr/share/locale/si/LC_MESSAGES/kfind.mo
-- Installing: /home/omen/GITHUB/PLASMA_WORLD/AthOS/REPO-AthOS/kfind/package-kfind/usr/share/locale/sv
-- Installing: /home/omen/GITHUB/PLASMA_WORLD/AthOS/REPO-AthOS/kfind/package-kfind/usr/share/locale/sv/LC_MESSAGES
-- Installing: /home/omen/GITHUB/PLASMA_WORLD/AthOS/REPO-AthOS/kfind/package-kfind/usr/share/locale/sv/LC_MESSAGES/kfind.mo
-- Installing: /home/omen/GITHUB/PLASMA_WORLD/AthOS/REPO-AthOS/kfind/package-kfind/usr/share/doc/HTML/ca/kfind/index.cache.bz2
-- Installing: /home/omen/GITHUB/PLASMA_WORLD/AthOS/REPO-AthOS/kfind/package-kfind/usr/share/doc/HTML/ca/kfind/index.docbook
-- Installing: /home/omen/GITHUB/PLASMA_WORLD/AthOS/REPO-AthOS/kfind/package-kfind/usr/man/ca/man1/kfind.1
-- Installing: /home/omen/GITHUB/PLASMA_WORLD/AthOS/REPO-AthOS/kfind/package-kfind/usr/man/de/man1/kfind.1
-- Installing: /home/omen/GITHUB/PLASMA_WORLD/AthOS/REPO-AthOS/kfind/package-kfind/usr/share/doc/HTML/es/kfind/index.cache.bz2
-- Installing: /home/omen/GITHUB/PLASMA_WORLD/AthOS/REPO-AthOS/kfind/package-kfind/usr/share/doc/HTML/es/kfind/index.docbook
-- Installing: /home/omen/GITHUB/PLASMA_WORLD/AthOS/REPO-AthOS/kfind/package-kfind/usr/man/es/man1/kfind.1
-- Installing: /home/omen/GITHUB/PLASMA_WORLD/AthOS/REPO-AthOS/kfind/package-kfind/usr/share/doc/HTML/fr/kfind/index.cache.bz2
-- Installing: /home/omen/GITHUB/PLASMA_WORLD/AthOS/REPO-AthOS/kfind/package-kfind/usr/share/doc/HTML/fr/kfind/index.docbook
-- Installing: /home/omen/GITHUB/PLASMA_WORLD/AthOS/REPO-AthOS/kfind/package-kfind/usr/man/fr/man1/kfind.1
-- Installing: /home/omen/GITHUB/PLASMA_WORLD/AthOS/REPO-AthOS/kfind/package-kfind/usr/share/doc/HTML/it/kfind/index.cache.bz2
-- Installing: /home/omen/GITHUB/PLASMA_WORLD/AthOS/REPO-AthOS/kfind/package-kfind/usr/share/doc/HTML/it/kfind/index.docbook
-- Installing: /home/omen/GITHUB/PLASMA_WORLD/AthOS/REPO-AthOS/kfind/package-kfind/usr/man/it/man1/kfind.1
-- Installing: /home/omen/GITHUB/PLASMA_WORLD/AthOS/REPO-AthOS/kfind/package-kfind/usr/man/lt/man1/kfind.1
-- Installing: /home/omen/GITHUB/PLASMA_WORLD/AthOS/REPO-AthOS/kfind/package-kfind/usr/man/nb/man1/kfind.1
-- Installing: /home/omen/GITHUB/PLASMA_WORLD/AthOS/REPO-AthOS/kfind/package-kfind/usr/share/doc/HTML/nl/kfind/index.cache.bz2
-- Installing: /home/omen/GITHUB/PLASMA_WORLD/AthOS/REPO-AthOS/kfind/package-kfind/usr/share/doc/HTML/nl/kfind/index.docbook
-- Installing: /home/omen/GITHUB/PLASMA_WORLD/AthOS/REPO-AthOS/kfind/package-kfind/usr/man/nl/man1/kfind.1
-- Installing: /home/omen/GITHUB/PLASMA_WORLD/AthOS/REPO-AthOS/kfind/package-kfind/usr/man/pl/man1/kfind.1
-- Installing: /home/omen/GITHUB/PLASMA_WORLD/AthOS/REPO-AthOS/kfind/package-kfind/usr/man/pt/man1/kfind.1
-- Installing: /home/omen/GITHUB/PLASMA_WORLD/AthOS/REPO-AthOS/kfind/package-kfind/usr/man/pt_BR/man1/kfind.1
-- Installing: /home/omen/GITHUB/PLASMA_WORLD/AthOS/REPO-AthOS/kfind/package-kfind/usr/man/ru/man1/kfind.1
-- Installing: /home/omen/GITHUB/PLASMA_WORLD/AthOS/REPO-AthOS/kfind/package-kfind/usr/share/doc/HTML/sl/kfind/index.cache.bz2
-- Installing: /home/omen/GITHUB/PLASMA_WORLD/AthOS/REPO-AthOS/kfind/package-kfind/usr/share/doc/HTML/sl/kfind/index.docbook
-- Installing: /home/omen/GITHUB/PLASMA_WORLD/AthOS/REPO-AthOS/kfind/package-kfind/usr/man/sl/man1/kfind.1
-- Installing: /home/omen/GITHUB/PLASMA_WORLD/AthOS/REPO-AthOS/kfind/package-kfind/usr/man/sr/man1/kfind.1
-- Installing: /home/omen/GITHUB/PLASMA_WORLD/AthOS/REPO-AthOS/kfind/package-kfind/usr/man/sr@latin/man1/kfind.1
-- Installing: /home/omen/GITHUB/PLASMA_WORLD/AthOS/REPO-AthOS/kfind/package-kfind/usr/man/sv/man1/kfind.1
-- Installing: /home/omen/GITHUB/PLASMA_WORLD/AthOS/REPO-AthOS/kfind/package-kfind/usr/share/doc/HTML/tr/kfind/index.cache.bz2
-- Installing: /home/omen/GITHUB/PLASMA_WORLD/AthOS/REPO-AthOS/kfind/package-kfind/usr/share/doc/HTML/tr/kfind/index.docbook
-- Installing: /home/omen/GITHUB/PLASMA_WORLD/AthOS/REPO-AthOS/kfind/package-kfind/usr/man/tr/man1/kfind.1
-- Installing: /home/omen/GITHUB/PLASMA_WORLD/AthOS/REPO-AthOS/kfind/package-kfind/usr/share/doc/HTML/uk/kfind/index.cache.bz2
-- Installing: /home/omen/GITHUB/PLASMA_WORLD/AthOS/REPO-AthOS/kfind/package-kfind/usr/share/doc/HTML/uk/kfind/index.docbook
-- Installing: /home/omen/GITHUB/PLASMA_WORLD/AthOS/REPO-AthOS/kfind/package-kfind/usr/man/uk/man1/kfind.1
-- Installing: /home/omen/GITHUB/PLASMA_WORLD/AthOS/REPO-AthOS/kfind/package-kfind/usr/share/doc/HTML/en/kfind/index.cache.bz2
-- Installing: /home/omen/GITHUB/PLASMA_WORLD/AthOS/REPO-AthOS/kfind/package-kfind/usr/share/doc/HTML/en/kfind/index.docbook
-- Installing: /home/omen/GITHUB/PLASMA_WORLD/AthOS/REPO-AthOS/kfind/package-kfind/usr/man/man1/kfind.1
The main part of source code is ready. We are moving on to preparing post install scripts, docs, license, man pages etc..
cp: cannot stat 'AUTHORS': No such file or directory
cp: cannot stat 'ChangeLog*': No such file or directory
cp: cannot stat 'COPYING': No such file or directory
cp: cannot stat 'CREDITS': No such file or directory
cp: cannot stat 'LICENSE': No such file or directory
cp: cannot stat 'MAINTAINERS': No such file or directory
cp: cannot stat 'NEWS': No such file or directory
cp: cannot stat 'README*': No such file or directory
cp: cannot stat 'docs': No such file or directory
cp: cannot stat 'DOCS': No such file or directory
grep: /home/omen/GITHUB/PLASMA_WORLD/AthOS/REPO-AthOS/kfind/kfind.info: No such file or directory
extra-cmake-modules
karchive
kcoreaddons
kdoctools
kfilemetadata
ki18n
kio
ktextwidgets
kwidgetsaddons
Packaging compiled for slackware installation...
MAKEPKG_FLAGS is empty or unset, using default

Slackware package maker, version 3.14159265.

Searching for symbolic links:

No symbolic links were found, so we won't make an installation script.
You can make your own later in ./install/doinst.sh and rebuild the
package if you like.

This next step is optional - you can set the directories in your package
to some sane permissions. If any of the directories in your package have
special permissions, then DO NOT reset them here!

Would you like to reset all directory permissions to 755 (drwxr-xr-x) and
directory ownerships to root:root ([y]es, [n]o)? n


Creating Slackware package:  /tmp/kfind/kfind-25.04.1-x86_64-1_rtz.tlz

./
install/
install/doinst.sh
install/slack-desc
usr/
usr/bin/
usr/bin/kfind
usr/doc/
usr/doc/kfind-25.04.1/
usr/doc/kfind-25.04.1/kfind.ini
usr/doc/kfind-25.04.1/slack-required
usr/man/
usr/man/ca/
usr/man/ca/man1/
usr/man/ca/man1/kfind.1.gz
usr/man/de/
usr/man/de/man1/
usr/man/de/man1/kfind.1.gz
usr/man/es/
usr/man/es/man1/
usr/man/es/man1/kfind.1.gz
usr/man/fr/
usr/man/fr/man1/
usr/man/fr/man1/kfind.1.gz
usr/man/it/
usr/man/it/man1/
usr/man/it/man1/kfind.1.gz
usr/man/lt/
usr/man/lt/man1/
usr/man/lt/man1/kfind.1.gz
usr/man/man1/
usr/man/man1/kfind.1.gz
usr/man/nb/
usr/man/nb/man1/
usr/man/nb/man1/kfind.1.gz
usr/man/nl/
usr/man/nl/man1/
usr/man/nl/man1/kfind.1.gz
usr/man/pl/
usr/man/pl/man1/
usr/man/pl/man1/kfind.1.gz
usr/man/pt/
usr/man/pt/man1/
usr/man/pt/man1/kfind.1.gz
usr/man/pt_BR/
usr/man/pt_BR/man1/
usr/man/pt_BR/man1/kfind.1.gz
usr/man/ru/
usr/man/ru/man1/
usr/man/ru/man1/kfind.1.gz
usr/man/sl/
usr/man/sl/man1/
usr/man/sl/man1/kfind.1.gz
usr/man/sr/
usr/man/sr/man1/
usr/man/sr/man1/kfind.1.gz
usr/man/sr@latin/
usr/man/sr@latin/man1/
usr/man/sr@latin/man1/kfind.1.gz
usr/man/sv/
usr/man/sv/man1/
usr/man/sv/man1/kfind.1.gz
usr/man/tr/
usr/man/tr/man1/
usr/man/tr/man1/kfind.1.gz
usr/man/uk/
usr/man/uk/man1/
usr/man/uk/man1/kfind.1.gz
usr/share/
usr/share/applications/
usr/share/applications/org.kde.kfind.desktop
usr/share/doc/
usr/share/doc/HTML/
usr/share/doc/HTML/ca/
usr/share/doc/HTML/ca/kfind/
usr/share/doc/HTML/ca/kfind/index.cache.bz2
usr/share/doc/HTML/ca/kfind/index.docbook
usr/share/doc/HTML/en/
usr/share/doc/HTML/en/kfind/
usr/share/doc/HTML/en/kfind/index.cache.bz2
usr/share/doc/HTML/en/kfind/index.docbook
usr/share/doc/HTML/es/
usr/share/doc/HTML/es/kfind/
usr/share/doc/HTML/es/kfind/index.cache.bz2
usr/share/doc/HTML/es/kfind/index.docbook
usr/share/doc/HTML/fr/
usr/share/doc/HTML/fr/kfind/
usr/share/doc/HTML/fr/kfind/index.cache.bz2
usr/share/doc/HTML/fr/kfind/index.docbook
usr/share/doc/HTML/it/
usr/share/doc/HTML/it/kfind/
usr/share/doc/HTML/it/kfind/index.cache.bz2
usr/share/doc/HTML/it/kfind/index.docbook
usr/share/doc/HTML/nl/
usr/share/doc/HTML/nl/kfind/
usr/share/doc/HTML/nl/kfind/index.cache.bz2
usr/share/doc/HTML/nl/kfind/index.docbook
usr/share/doc/HTML/sl/
usr/share/doc/HTML/sl/kfind/
usr/share/doc/HTML/sl/kfind/index.cache.bz2
usr/share/doc/HTML/sl/kfind/index.docbook
usr/share/doc/HTML/tr/
usr/share/doc/HTML/tr/kfind/
usr/share/doc/HTML/tr/kfind/index.cache.bz2
usr/share/doc/HTML/tr/kfind/index.docbook
usr/share/doc/HTML/uk/
usr/share/doc/HTML/uk/kfind/
usr/share/doc/HTML/uk/kfind/index.cache.bz2
usr/share/doc/HTML/uk/kfind/index.docbook
usr/share/icons/
usr/share/icons/hicolor/
usr/share/icons/hicolor/128x128/
usr/share/icons/hicolor/128x128/apps/
usr/share/icons/hicolor/128x128/apps/kfind.png
usr/share/icons/hicolor/16x16/
usr/share/icons/hicolor/16x16/apps/
usr/share/icons/hicolor/16x16/apps/kfind.png
usr/share/icons/hicolor/22x22/
usr/share/icons/hicolor/22x22/apps/
usr/share/icons/hicolor/22x22/apps/kfind.png
usr/share/icons/hicolor/32x32/
usr/share/icons/hicolor/32x32/apps/
usr/share/icons/hicolor/32x32/apps/kfind.png
usr/share/icons/hicolor/48x48/
usr/share/icons/hicolor/48x48/apps/
usr/share/icons/hicolor/48x48/apps/kfind.png
usr/share/icons/hicolor/64x64/
usr/share/icons/hicolor/64x64/apps/
usr/share/icons/hicolor/64x64/apps/kfind.png
usr/share/icons/hicolor/scalable/
usr/share/icons/hicolor/scalable/apps/
usr/share/icons/hicolor/scalable/apps/kfind.svgz
usr/share/locale/
usr/share/locale/af/
usr/share/locale/af/LC_MESSAGES/
usr/share/locale/af/LC_MESSAGES/kfind.mo
usr/share/locale/ar/
usr/share/locale/ar/LC_MESSAGES/
usr/share/locale/ar/LC_MESSAGES/kfind.mo
usr/share/locale/ast/
usr/share/locale/ast/LC_MESSAGES/
usr/share/locale/ast/LC_MESSAGES/kfind.mo
usr/share/locale/az/
usr/share/locale/az/LC_MESSAGES/
usr/share/locale/az/LC_MESSAGES/kfind.mo
usr/share/locale/be/
usr/share/locale/be/LC_MESSAGES/
usr/share/locale/be/LC_MESSAGES/kfind.mo
usr/share/locale/be@latin/
usr/share/locale/be@latin/LC_MESSAGES/
usr/share/locale/be@latin/LC_MESSAGES/kfind.mo
usr/share/locale/bg/
usr/share/locale/bg/LC_MESSAGES/
usr/share/locale/bg/LC_MESSAGES/kfind.mo
usr/share/locale/bn/
usr/share/locale/bn/LC_MESSAGES/
usr/share/locale/bn/LC_MESSAGES/kfind.mo
usr/share/locale/bn_IN/
usr/share/locale/bn_IN/LC_MESSAGES/
usr/share/locale/bn_IN/LC_MESSAGES/kfind.mo
usr/share/locale/br/
usr/share/locale/br/LC_MESSAGES/
usr/share/locale/br/LC_MESSAGES/kfind.mo
usr/share/locale/bs/
usr/share/locale/bs/LC_MESSAGES/
usr/share/locale/bs/LC_MESSAGES/kfind.mo
usr/share/locale/ca/
usr/share/locale/ca/LC_MESSAGES/
usr/share/locale/ca/LC_MESSAGES/kfind.mo
usr/share/locale/ca@valencia/
usr/share/locale/ca@valencia/LC_MESSAGES/
usr/share/locale/ca@valencia/LC_MESSAGES/kfind.mo
usr/share/locale/cs/
usr/share/locale/cs/LC_MESSAGES/
usr/share/locale/cs/LC_MESSAGES/kfind.mo
usr/share/locale/csb/
usr/share/locale/csb/LC_MESSAGES/
usr/share/locale/csb/LC_MESSAGES/kfind.mo
usr/share/locale/cy/
usr/share/locale/cy/LC_MESSAGES/
usr/share/locale/cy/LC_MESSAGES/kfind.mo
usr/share/locale/da/
usr/share/locale/da/LC_MESSAGES/
usr/share/locale/da/LC_MESSAGES/kfind.mo
usr/share/locale/de/
usr/share/locale/de/LC_MESSAGES/
usr/share/locale/de/LC_MESSAGES/kfind.mo
usr/share/locale/el/
usr/share/locale/el/LC_MESSAGES/
usr/share/locale/el/LC_MESSAGES/kfind.mo
usr/share/locale/en_GB/
usr/share/locale/en_GB/LC_MESSAGES/
usr/share/locale/en_GB/LC_MESSAGES/kfind.mo
usr/share/locale/eo/
usr/share/locale/eo/LC_MESSAGES/
usr/share/locale/eo/LC_MESSAGES/kfind.mo
usr/share/locale/es/
usr/share/locale/es/LC_MESSAGES/
usr/share/locale/es/LC_MESSAGES/kfind.mo
usr/share/locale/et/
usr/share/locale/et/LC_MESSAGES/
usr/share/locale/et/LC_MESSAGES/kfind.mo
usr/share/locale/eu/
usr/share/locale/eu/LC_MESSAGES/
usr/share/locale/eu/LC_MESSAGES/kfind.mo
usr/share/locale/fa/
usr/share/locale/fa/LC_MESSAGES/
usr/share/locale/fa/LC_MESSAGES/kfind.mo
usr/share/locale/fi/
usr/share/locale/fi/LC_MESSAGES/
usr/share/locale/fi/LC_MESSAGES/kfind.mo
usr/share/locale/fr/
usr/share/locale/fr/LC_MESSAGES/
usr/share/locale/fr/LC_MESSAGES/kfind.mo
usr/share/locale/fy/
usr/share/locale/fy/LC_MESSAGES/
usr/share/locale/fy/LC_MESSAGES/kfind.mo
usr/share/locale/ga/
usr/share/locale/ga/LC_MESSAGES/
usr/share/locale/ga/LC_MESSAGES/kfind.mo
usr/share/locale/gl/
usr/share/locale/gl/LC_MESSAGES/
usr/share/locale/gl/LC_MESSAGES/kfind.mo
usr/share/locale/gu/
usr/share/locale/gu/LC_MESSAGES/
usr/share/locale/gu/LC_MESSAGES/kfind.mo
usr/share/locale/he/
usr/share/locale/he/LC_MESSAGES/
usr/share/locale/he/LC_MESSAGES/kfind.mo
usr/share/locale/hi/
usr/share/locale/hi/LC_MESSAGES/
usr/share/locale/hi/LC_MESSAGES/kfind.mo
usr/share/locale/hne/
usr/share/locale/hne/LC_MESSAGES/
usr/share/locale/hne/LC_MESSAGES/kfind.mo
usr/share/locale/hr/
usr/share/locale/hr/LC_MESSAGES/
usr/share/locale/hr/LC_MESSAGES/kfind.mo
usr/share/locale/hsb/
usr/share/locale/hsb/LC_MESSAGES/
usr/share/locale/hsb/LC_MESSAGES/kfind.mo
usr/share/locale/hu/
usr/share/locale/hu/LC_MESSAGES/
usr/share/locale/hu/LC_MESSAGES/kfind.mo
usr/share/locale/ia/
usr/share/locale/ia/LC_MESSAGES/
usr/share/locale/ia/LC_MESSAGES/kfind.mo
usr/share/locale/id/
usr/share/locale/id/LC_MESSAGES/
usr/share/locale/id/LC_MESSAGES/kfind.mo
usr/share/locale/ie/
usr/share/locale/ie/LC_MESSAGES/
usr/share/locale/ie/LC_MESSAGES/kfind.mo
usr/share/locale/is/
usr/share/locale/is/LC_MESSAGES/
usr/share/locale/is/LC_MESSAGES/kfind.mo
usr/share/locale/it/
usr/share/locale/it/LC_MESSAGES/
usr/share/locale/it/LC_MESSAGES/kfind.mo
usr/share/locale/ja/
usr/share/locale/ja/LC_MESSAGES/
usr/share/locale/ja/LC_MESSAGES/kfind.mo
usr/share/locale/ka/
usr/share/locale/ka/LC_MESSAGES/
usr/share/locale/ka/LC_MESSAGES/kfind.mo
usr/share/locale/kk/
usr/share/locale/kk/LC_MESSAGES/
usr/share/locale/kk/LC_MESSAGES/kfind.mo
usr/share/locale/km/
usr/share/locale/km/LC_MESSAGES/
usr/share/locale/km/LC_MESSAGES/kfind.mo
usr/share/locale/kn/
usr/share/locale/kn/LC_MESSAGES/
usr/share/locale/kn/LC_MESSAGES/kfind.mo
usr/share/locale/ko/
usr/share/locale/ko/LC_MESSAGES/
usr/share/locale/ko/LC_MESSAGES/kfind.mo
usr/share/locale/ku/
usr/share/locale/ku/LC_MESSAGES/
usr/share/locale/ku/LC_MESSAGES/kfind.mo
usr/share/locale/lt/
usr/share/locale/lt/LC_MESSAGES/
usr/share/locale/lt/LC_MESSAGES/kfind.mo
usr/share/locale/lv/
usr/share/locale/lv/LC_MESSAGES/
usr/share/locale/lv/LC_MESSAGES/kfind.mo
usr/share/locale/mai/
usr/share/locale/mai/LC_MESSAGES/
usr/share/locale/mai/LC_MESSAGES/kfind.mo
usr/share/locale/mk/
usr/share/locale/mk/LC_MESSAGES/
usr/share/locale/mk/LC_MESSAGES/kfind.mo
usr/share/locale/ml/
usr/share/locale/ml/LC_MESSAGES/
usr/share/locale/ml/LC_MESSAGES/kfind.mo
usr/share/locale/mr/
usr/share/locale/mr/LC_MESSAGES/
usr/share/locale/mr/LC_MESSAGES/kfind.mo
usr/share/locale/ms/
usr/share/locale/ms/LC_MESSAGES/
usr/share/locale/ms/LC_MESSAGES/kfind.mo
usr/share/locale/nb/
usr/share/locale/nb/LC_MESSAGES/
usr/share/locale/nb/LC_MESSAGES/kfind.mo
usr/share/locale/nds/
usr/share/locale/nds/LC_MESSAGES/
usr/share/locale/nds/LC_MESSAGES/kfind.mo
usr/share/locale/ne/
usr/share/locale/ne/LC_MESSAGES/
usr/share/locale/ne/LC_MESSAGES/kfind.mo
usr/share/locale/nl/
usr/share/locale/nl/LC_MESSAGES/
usr/share/locale/nl/LC_MESSAGES/kfind.mo
usr/share/locale/nn/
usr/share/locale/nn/LC_MESSAGES/
usr/share/locale/nn/LC_MESSAGES/kfind.mo
usr/share/locale/oc/
usr/share/locale/oc/LC_MESSAGES/
usr/share/locale/oc/LC_MESSAGES/kfind.mo
usr/share/locale/or/
usr/share/locale/or/LC_MESSAGES/
usr/share/locale/or/LC_MESSAGES/kfind.mo
usr/share/locale/pa/
usr/share/locale/pa/LC_MESSAGES/
usr/share/locale/pa/LC_MESSAGES/kfind.mo
usr/share/locale/pl/
usr/share/locale/pl/LC_MESSAGES/
usr/share/locale/pl/LC_MESSAGES/kfind.mo
usr/share/locale/pt/
usr/share/locale/pt/LC_MESSAGES/
usr/share/locale/pt/LC_MESSAGES/kfind.mo
usr/share/locale/pt_BR/
usr/share/locale/pt_BR/LC_MESSAGES/
usr/share/locale/pt_BR/LC_MESSAGES/kfind.mo
usr/share/locale/ro/
usr/share/locale/ro/LC_MESSAGES/
usr/share/locale/ro/LC_MESSAGES/kfind.mo
usr/share/locale/ru/
usr/share/locale/ru/LC_MESSAGES/
usr/share/locale/ru/LC_MESSAGES/kfind.mo
usr/share/locale/sa/
usr/share/locale/sa/LC_MESSAGES/
usr/share/locale/sa/LC_MESSAGES/kfind.mo
usr/share/locale/se/
usr/share/locale/se/LC_MESSAGES/
usr/share/locale/se/LC_MESSAGES/kfind.mo
usr/share/locale/si/
usr/share/locale/si/LC_MESSAGES/
usr/share/locale/si/LC_MESSAGES/kfind.mo
usr/share/locale/sk/
usr/share/locale/sk/LC_MESSAGES/
usr/share/locale/sk/LC_MESSAGES/kfind.mo
usr/share/locale/sl/
usr/share/locale/sl/LC_MESSAGES/
usr/share/locale/sl/LC_MESSAGES/kfind.mo
usr/share/locale/sq/
usr/share/locale/sq/LC_MESSAGES/
usr/share/locale/sq/LC_MESSAGES/kfind.mo
usr/share/locale/sr/
usr/share/locale/sr/LC_MESSAGES/
usr/share/locale/sr/LC_MESSAGES/kfind.mo
usr/share/locale/sr@ijekavian/
usr/share/locale/sr@ijekavian/LC_MESSAGES/
usr/share/locale/sr@ijekavian/LC_MESSAGES/kfind.mo
usr/share/locale/sr@ijekavianlatin/
usr/share/locale/sr@ijekavianlatin/LC_MESSAGES/
usr/share/locale/sr@ijekavianlatin/LC_MESSAGES/kfind.mo
usr/share/locale/sr@latin/
usr/share/locale/sr@latin/LC_MESSAGES/
usr/share/locale/sr@latin/LC_MESSAGES/kfind.mo
usr/share/locale/sv/
usr/share/locale/sv/LC_MESSAGES/
usr/share/locale/sv/LC_MESSAGES/kfind.mo
usr/share/locale/ta/
usr/share/locale/ta/LC_MESSAGES/
usr/share/locale/ta/LC_MESSAGES/kfind.mo
usr/share/locale/te/
usr/share/locale/te/LC_MESSAGES/
usr/share/locale/te/LC_MESSAGES/kfind.mo
usr/share/locale/tg/
usr/share/locale/tg/LC_MESSAGES/
usr/share/locale/tg/LC_MESSAGES/kfind.mo
usr/share/locale/th/
usr/share/locale/th/LC_MESSAGES/
usr/share/locale/th/LC_MESSAGES/kfind.mo
usr/share/locale/tr/
usr/share/locale/tr/LC_MESSAGES/
usr/share/locale/tr/LC_MESSAGES/kfind.mo
usr/share/locale/ug/
usr/share/locale/ug/LC_MESSAGES/
usr/share/locale/ug/LC_MESSAGES/kfind.mo
usr/share/locale/uk/
usr/share/locale/uk/LC_MESSAGES/
usr/share/locale/uk/LC_MESSAGES/kfind.mo
usr/share/locale/uz/
usr/share/locale/uz/LC_MESSAGES/
usr/share/locale/uz/LC_MESSAGES/kfind.mo
usr/share/locale/uz@cyrillic/
usr/share/locale/uz@cyrillic/LC_MESSAGES/
usr/share/locale/uz@cyrillic/LC_MESSAGES/kfind.mo
usr/share/locale/vi/
usr/share/locale/vi/LC_MESSAGES/
usr/share/locale/vi/LC_MESSAGES/kfind.mo
usr/share/locale/wa/
usr/share/locale/wa/LC_MESSAGES/
usr/share/locale/wa/LC_MESSAGES/kfind.mo
usr/share/locale/xh/
usr/share/locale/xh/LC_MESSAGES/
usr/share/locale/xh/LC_MESSAGES/kfind.mo
usr/share/locale/zh_CN/
usr/share/locale/zh_CN/LC_MESSAGES/
usr/share/locale/zh_CN/LC_MESSAGES/kfind.mo
usr/share/locale/zh_TW/
usr/share/locale/zh_TW/LC_MESSAGES/
usr/share/locale/zh_TW/LC_MESSAGES/kfind.mo
usr/share/metainfo/
usr/share/metainfo/org.kde.kfind.appdata.xml
usr/share/qlogging-categories6/
usr/share/qlogging-categories6/kfind.categories

Slackware package /tmp/kfind/kfind-25.04.1-x86_64-1_rtz.tlz created.

Create shared object file for kfind-25.04.1-x86_64-1_rtz.tlz
Creating /tmp/kfind/kfind-25.04.1-x86_64-1_rtz.tlz.so.file using /tmp/kfind/kfind-25.04.1-x86_64-1_rtz.tlz
Successfully created /tmp/kfind/kfind-25.04.1-x86_64-1_rtz.tlz.so.file
Packaging of executable and meta-data in kfind.tar.lz4 format.
/tmp/kfind /tmp/kfind
/tmp/kfind
BIN_NAME
README
kfind-25.04.1-x86_64-1_rtz.tlz
kfind-25.04.1-x86_64-1_rtz.tlz.md5
kfind-25.04.1-x86_64-1_rtz.tlz.so.file
kfind-25.04.1-x86_64-1_rtz.tlz.txt
kfind.dep
makepkg-kfind.log
kfind build finished. Procced to installation...

+==============================================================================================+
| Upgrading kfind-25.04.1-x86_64-1_rtz package using /tmp/kfind/kfind-25.04.1-x86_64-1_rtz.tlz |
+==============================================================================================+

Pre-installing package kfind-25.04.1-x86_64-1_rtz...
Removing package: kfind-25.04.1-x86_64-1_rtz-upgraded-2025-05-11,00:24:00
Installing package kfind-25.04.1-x86_64-1_rtz.tlz:
PACKAGE DESCRIPTION:
# kfind (Find Files/Folders)
#
# Find Files/Folders
#
# www.kde.org/applications/utilities/kfind
Executing install script for kfind-25.04.1-x86_64-1_rtz.tlz.
Font directories:
	/usr/share/fonts
/usr/share/fonts: caching, new cache contents: 0 fonts, 11 dirs
/usr/share/fonts/100dpi: caching, new cache contents: 238 fonts, 0 dirs
/usr/share/fonts/75dpi: caching, new cache contents: 238 fonts, 0 dirs
/usr/share/fonts/OTF: caching, new cache contents: 124 fonts, 0 dirs
/usr/share/fonts/Speedo: caching, new cache contents: 0 fonts, 0 dirs
/usr/share/fonts/TTF: caching, new cache contents: 1132 fonts, 0 dirs
/usr/share/fonts/Type1: caching, new cache contents: 64 fonts, 0 dirs
/usr/share/fonts/cyrillic: caching, new cache contents: 0 fonts, 0 dirs
/usr/share/fonts/encodings: caching, new cache contents: 0 fonts, 1 dirs
/usr/share/fonts/encodings/large: caching, new cache contents: 0 fonts, 0 dirs
/usr/share/fonts/kanjistrokeorders: caching, new cache contents: 1 fonts, 0 dirs
/usr/share/fonts/misc: caching, new cache contents: 143 fonts, 0 dirs
/usr/share/fonts/util: caching, new cache contents: 0 fonts, 0 dirs
/var/cache/fontconfig: cleaning cache directory
/root/.cache/fontconfig: not cleaning non-existent cache directory
/root/.fontconfig: not cleaning non-existent cache directory
/usr/bin/fc-cache: succeeded
Package kfind-25.04.1-x86_64-1_rtz.tlz installed.
Package kfind-25.04.1-x86_64-1_rtz upgraded with new package /tmp/kfind/kfind-25.04.1-x86_64-1_rtz.tlz.
Cleaning environmet: Removing source code, and work-space...
rm: cannot remove 'kfind-25.04.1.tar.xz': No such file or directory
Build process completed in 0 minutes and 14 seconds.
