[32mStarting build process...[0m
Detected architecture: x86_64
Required dependencies: extra-cmake-modules  karchive
extra-cmake-modules is already installed!
karchive is already installed!
No optional dependencies found.
Downloading source code tar.xz file
--2025-05-28 20:46:02--  https://download.kde.org/stable/release-service/25.04.1/src/kpkpass-25.04.1.tar.xz
Resolving download.kde.org (download.kde.org)... 49.12.122.15, 2a01:4f8:242:53eb::4
Connecting to download.kde.org (download.kde.org)|49.12.122.15|:443... connected.
HTTP request sent, awaiting response... 302 Found
Location: https://ftp.cc.uoc.gr/mirrors/kde/stable/release-service/25.04.1/src/kpkpass-25.04.1.tar.xz [following]
--2025-05-28 20:46:02--  https://ftp.cc.uoc.gr/mirrors/kde/stable/release-service/25.04.1/src/kpkpass-25.04.1.tar.xz
Resolving ftp.cc.uoc.gr (ftp.cc.uoc.gr)... 147.52.159.50, 2001:648:2c00:6c08::2
Connecting to ftp.cc.uoc.gr (ftp.cc.uoc.gr)|147.52.159.50|:443... connected.
HTTP request sent, awaiting response... 200 OK
Length: 29604 (29K) [application/octet-stream]
Saving to: ‘kpkpass-25.04.1.tar.xz’

     0K .......... .......... ........                        100% 12.2M=0.002s

2025-05-28 20:46:02 (12.2 MB/s) - ‘kpkpass-25.04.1.tar.xz’ saved [29604/29604]

Found file: kpkpass-25.04.1.tar.xz
No checksum provided. Skipping checksum verification and proceeding...
Creating working directories and exporting source code in...
kpkpass-25.04.1/
kpkpass-25.04.1/metainfo.yaml.license
kpkpass-25.04.1/.kateconfig
kpkpass-25.04.1/README.md
kpkpass-25.04.1/.codespellrc.license
kpkpass-25.04.1/KPimPkPassConfig.cmake.in
kpkpass-25.04.1/readme-build-ftime.txt.license
kpkpass-25.04.1/CMakePresets.json.license
kpkpass-25.04.1/readme-build-ftime.txt
kpkpass-25.04.1/CMakePresets.json
kpkpass-25.04.1/LICENSES/
kpkpass-25.04.1/LICENSES/BSD-3-Clause.txt
kpkpass-25.04.1/LICENSES/CC0-1.0.txt
kpkpass-25.04.1/LICENSES/LGPL-2.0-or-later.txt
kpkpass-25.04.1/.gitlab-ci.yml
kpkpass-25.04.1/sanitizers.supp
kpkpass-25.04.1/.git-blame-ignore-revs
kpkpass-25.04.1/add_license.sh
kpkpass-25.04.1/.kde-ci.yml
kpkpass-25.04.1/.codespellrc
kpkpass-25.04.1/autotests/
kpkpass-25.04.1/autotests/data/
kpkpass-25.04.1/autotests/data/boardingpass-v1.pkpass.license
kpkpass-25.04.1/autotests/data/boardingpass-v2.pkpass
kpkpass-25.04.1/autotests/data/boardingpass-v2.pkpass.license
kpkpass-25.04.1/autotests/data/boardingpass-v1.pkpass
kpkpass-25.04.1/autotests/fieldtest.cpp
kpkpass-25.04.1/autotests/CMakeLists.txt
kpkpass-25.04.1/autotests/pkpasstest.cpp
kpkpass-25.04.1/CMakeLists.txt
kpkpass-25.04.1/README.md.license
kpkpass-25.04.1/src/
kpkpass-25.04.1/src/application-vnd-apple-pkpass.xml
kpkpass-25.04.1/src/pass_p.h
kpkpass-25.04.1/src/field.cpp
kpkpass-25.04.1/src/field.h
kpkpass-25.04.1/src/boardingpass.h
kpkpass-25.04.1/src/barcode.h
kpkpass-25.04.1/src/barcode.cpp
kpkpass-25.04.1/src/location.cpp
kpkpass-25.04.1/src/pass.h
kpkpass-25.04.1/src/pass.cpp
kpkpass-25.04.1/src/CMakeLists.txt
kpkpass-25.04.1/src/location.h
kpkpass-25.04.1/src/boardingpass.cpp
kpkpass-25.04.1/.gitignore
kpkpass-25.04.1/metainfo.yaml
/home/omen/GITHUB/Athos/AthOS/REPO-AthOS/kpkpass/work
README or README.md already exists, skipping creation.
hm...lets continue and see what happens
-- The C compiler identification is GNU 14.3.0
-- The CXX compiler identification is GNU 14.3.0
-- Detecting C compiler ABI info
-- Detecting C compiler ABI info - done
-- Check for working C compiler: /usr/bin/cc - skipped
-- Detecting C compile features
-- Detecting C compile features - done
-- Detecting CXX compiler ABI info
-- Detecting CXX compiler ABI info - done
-- Check for working CXX compiler: /usr/bin/c++ - skipped
-- Detecting CXX compile features
-- Detecting CXX compile features - done
-- Looking for __GLIBC__
-- Looking for __GLIBC__ - found
-- Performing Test _OFFT_IS_64BIT
-- Performing Test _OFFT_IS_64BIT - Success
-- Performing Test HAVE_DATE_TIME
-- Performing Test HAVE_DATE_TIME - Success
-- Installing in the same prefix as Qt, adopting their path scheme.
-- Found Python3: /usr/bin/python3.12 (found version "3.12.10") found components: Interpreter
-- Could NOT find ReuseTool (missing: REUSETOOL_EXECUTABLE) 
CMake Warning at /usr/share/ECM/modules/ECMCheckOutboundLicense.cmake:86 (message):
  Reuse tool not found, skipping test generation
Call Stack (most recent call first):
  CMakeLists.txt:35 (include)


-- Skipping execution of outbound license tests.
-- Found OpenGL: /usr/lib64/libOpenGL.so
-- Found WrapOpenGL: TRUE
-- Found XKB: /usr/lib64/libxkbcommon.so (found suitable version "1.10.0", minimum required is "0.5.0")
-- Found WrapVulkanHeaders: /usr/include
-- Performing Test HAVE_STDATOMIC
-- Performing Test HAVE_STDATOMIC - Success
-- Found WrapAtomic: TRUE
-- Found KF6Archive: /usr/lib64/cmake/KF6Archive/KF6ArchiveConfig.cmake (found version "6.14.0")
-- Found KF6: success (found suitable version "6.14.0", minimum required is "6.9.0") found components: Archive
-- Found SharedMimeInfo: /usr/bin/update-mime-database (found suitable version "2.4", minimum required is "1.3")
-- Performing Test COMPILER_HAS_HIDDEN_VISIBILITY
-- Performing Test COMPILER_HAS_HIDDEN_VISIBILITY - Success
-- Performing Test COMPILER_HAS_HIDDEN_INLINE_VISIBILITY
-- Performing Test COMPILER_HAS_HIDDEN_INLINE_VISIBILITY - Success
-- Performing Test COMPILER_HAS_DEPRECATED_ATTR
-- Performing Test COMPILER_HAS_DEPRECATED_ATTR - Success
-- The following OPTIONAL packages have been found:

 * Python3
   Required to run tests of module ECMCheckOutboundLicense
 * OpenGL
 * XKB (required version >= 0.5.0), XKB API common to servers and clients., <http://xkbcommon.org>
 * WrapVulkanHeaders
 * Qt6GuiTools (required version >= 6.8.3)
 * Qt6DBusTools (required version >= 6.8.3)
 * Qt6Gui (required version >= 6.7.0)
 * Qt6CoreTools (required version >= 6.8.3)

-- The following REQUIRED packages have been found:

 * ECM (required version >= 6.9.0)
 * Qt6 (required version >= 6.7.0)
 * KF6Archive (required version >= 6.9.0)
 * KF6 (required version >= 6.9.0)
 * SharedMimeInfo (required version >= 1.3), A database of common MIME types, <https://freedesktop.org/wiki/Software/shared-mime-info/>
 * Qt6Test (required version >= 6.7.0)

-- The following features have been disabled:

 * SPDX_LICENSE_TESTING, Automatic license testing based on SPDX definitions (requires reuse tool)
 * QCH, API documentation in QCH format (for e.g. Qt Assistant, Qt Creator & KDevelop)

-- The following OPTIONAL packages have not been found:

 * ReuseTool
   Required to run tests of module ECMCheckOutboundLicense

-- Configuring done (1.1s)
-- Generating done (0.0s)
-- Build files have been written to: /home/omen/GITHUB/Athos/AthOS/REPO-AthOS/kpkpass/work/kpkpass-25.04.1/build
[1/18] Automatic MOC for target KPim6PkPass
[2/18] Building CXX object src/CMakeFiles/KPim6PkPass.dir/KPim6PkPass_autogen/mocs_compilation.cpp.o
[3/18] Building CXX object src/CMakeFiles/KPim6PkPass.dir/logging.cpp.o
[4/18] Building CXX object src/CMakeFiles/KPim6PkPass.dir/location.cpp.o
[5/18] Building CXX object src/CMakeFiles/KPim6PkPass.dir/boardingpass.cpp.o
[6/18] Building CXX object src/CMakeFiles/KPim6PkPass.dir/barcode.cpp.o
[7/18] Building CXX object src/CMakeFiles/KPim6PkPass.dir/field.cpp.o
[8/18] Building CXX object src/CMakeFiles/KPim6PkPass.dir/pass.cpp.o
[9/18] Linking CXX shared library bin/libKPim6PkPass.so.6.4.1
[10/18] Creating library symlink bin/libKPim6PkPass.so.6 bin/libKPim6PkPass.so
[11/18] Automatic MOC for target pkpasstest
[12/18] Automatic MOC for target fieldtest
[13/18] Building CXX object autotests/CMakeFiles/pkpasstest.dir/pkpasstest_autogen/mocs_compilation.cpp.o
[14/18] Building CXX object autotests/CMakeFiles/fieldtest.dir/fieldtest_autogen/mocs_compilation.cpp.o
[15/18] Building CXX object autotests/CMakeFiles/fieldtest.dir/fieldtest.cpp.o
[16/18] Building CXX object autotests/CMakeFiles/pkpasstest.dir/pkpasstest.cpp.o
[17/18] Linking CXX executable bin/fieldtest
[18/18] Linking CXX executable bin/pkpasstest
-- Install configuration: "RelWithDebInfo"
-- Installing: /home/omen/GITHUB/Athos/AthOS/REPO-AthOS/kpkpass/package-kpkpass/usr/lib64/libKPim6PkPass.so.6.4.1
-- Installing: /home/omen/GITHUB/Athos/AthOS/REPO-AthOS/kpkpass/package-kpkpass/usr/lib64/libKPim6PkPass.so.6
-- Installing: /home/omen/GITHUB/Athos/AthOS/REPO-AthOS/kpkpass/package-kpkpass/usr/lib64/libKPim6PkPass.so
-- Installing: /home/omen/GITHUB/Athos/AthOS/REPO-AthOS/kpkpass/package-kpkpass/usr/include/KPim6/KPkPass/Barcode
-- Installing: /home/omen/GITHUB/Athos/AthOS/REPO-AthOS/kpkpass/package-kpkpass/usr/include/KPim6/KPkPass/BoardingPass
-- Installing: /home/omen/GITHUB/Athos/AthOS/REPO-AthOS/kpkpass/package-kpkpass/usr/include/KPim6/KPkPass/Field
-- Installing: /home/omen/GITHUB/Athos/AthOS/REPO-AthOS/kpkpass/package-kpkpass/usr/include/KPim6/KPkPass/Location
-- Installing: /home/omen/GITHUB/Athos/AthOS/REPO-AthOS/kpkpass/package-kpkpass/usr/include/KPim6/KPkPass/Pass
-- Installing: /home/omen/GITHUB/Athos/AthOS/REPO-AthOS/kpkpass/package-kpkpass/usr/include/KPim6/KPkPass/barcode.h
-- Installing: /home/omen/GITHUB/Athos/AthOS/REPO-AthOS/kpkpass/package-kpkpass/usr/include/KPim6/KPkPass/boardingpass.h
-- Installing: /home/omen/GITHUB/Athos/AthOS/REPO-AthOS/kpkpass/package-kpkpass/usr/include/KPim6/KPkPass/field.h
-- Installing: /home/omen/GITHUB/Athos/AthOS/REPO-AthOS/kpkpass/package-kpkpass/usr/include/KPim6/KPkPass/location.h
-- Installing: /home/omen/GITHUB/Athos/AthOS/REPO-AthOS/kpkpass/package-kpkpass/usr/include/KPim6/KPkPass/pass.h
-- Installing: /home/omen/GITHUB/Athos/AthOS/REPO-AthOS/kpkpass/package-kpkpass/usr/include/KPim6/KPkPass/kpkpass_export.h
-- Installing: /home/omen/GITHUB/Athos/AthOS/REPO-AthOS/kpkpass/package-kpkpass/usr/include/KPim6/KPkPass/kpkpass_version.h
-- Installing: /home/omen/GITHUB/Athos/AthOS/REPO-AthOS/kpkpass/package-kpkpass/usr/share/qlogging-categories6/org_kde_kpkpass.categories
-- Installing: /home/omen/GITHUB/Athos/AthOS/REPO-AthOS/kpkpass/package-kpkpass/usr/lib64/cmake/KPim6PkPass/KPim6PkPassConfig.cmake
-- Installing: /home/omen/GITHUB/Athos/AthOS/REPO-AthOS/kpkpass/package-kpkpass/usr/lib64/cmake/KPim6PkPass/KPim6PkPassConfigVersion.cmake
-- Installing: /home/omen/GITHUB/Athos/AthOS/REPO-AthOS/kpkpass/package-kpkpass/usr/lib64/cmake/KPim6PkPass/KPim6PkPassTargets.cmake
-- Installing: /home/omen/GITHUB/Athos/AthOS/REPO-AthOS/kpkpass/package-kpkpass/usr/lib64/cmake/KPim6PkPass/KPim6PkPassTargets-relwithdebinfo.cmake
[32mThe main part of source code is ready. We are moving on to preparing post install scripts, docs, license, man pages etc..[0m
cp: cannot stat 'AUTHORS': No such file or directory
cp: cannot stat 'ChangeLog*': No such file or directory
cp: cannot stat 'COPYING': No such file or directory
cp: cannot stat 'CREDITS': No such file or directory
cp: cannot stat 'LICENSE': No such file or directory
cp: cannot stat 'MAINTAINERS': No such file or directory
cp: cannot stat 'NEWS': No such file or directory
cp: cannot stat 'docs': No such file or directory
cp: cannot stat 'DOCS': No such file or directory
grep: /home/omen/GITHUB/Athos/AthOS/REPO-AthOS/kpkpass/kpkpass.info: No such file or directory
extra-cmake-modules
karchive
[32mPackaging compiled for slackware installation...[0m
[32mMAKEPKG_FLAGS is empty or unset, using default[0m

Slackware package maker, version 3.14159265.

Searching for symbolic links:
usr/lib64/libKPim6PkPass.so	libKPim6PkPass.so.6
usr/lib64/libKPim6PkPass.so.6	libKPim6PkPass.so.6.4.1

Making symbolic link creation script:
( cd usr/lib64 ; rm -rf libKPim6PkPass.so )
( cd usr/lib64 ; ln -sf libKPim6PkPass.so.6 libKPim6PkPass.so )
( cd usr/lib64 ; rm -rf libKPim6PkPass.so.6 )
( cd usr/lib64 ; ln -sf libKPim6PkPass.so.6.4.1 libKPim6PkPass.so.6 )

Unless your existing installation script already contains the code
to create these links, you should append these lines to your existing
install script. Now's your chance. :^)

Would you like to add this stuff to the existing install script and
remove the symbolic links ([y]es, [n]o)? y


Removing symbolic links:
removed './usr/lib64/libKPim6PkPass.so'
removed './usr/lib64/libKPim6PkPass.so.6'

Updating your ./install/doinst.sh...

This next step is optional - you can set the directories in your package
to some sane permissions. If any of the directories in your package have
special permissions, then DO NOT reset them here!

Would you like to reset all directory permissions to 755 (drwxr-xr-x) and
directory ownerships to root:root ([y]es, [n]o)? n


Creating Slackware package:  /tmp/kpkpass/kpkpass-25.04.1-x86_64-1_rtz.tlz

./
install/
install/doinst.sh
install/slack-desc
usr/
usr/doc/
usr/doc/kpkpass-25.04.1/
usr/doc/kpkpass-25.04.1/README.md
usr/doc/kpkpass-25.04.1/README.md.license
usr/doc/kpkpass-25.04.1/kpkpass.ini
usr/doc/kpkpass-25.04.1/slack-required
usr/include/
usr/include/KPim6/
usr/include/KPim6/KPkPass/
usr/include/KPim6/KPkPass/Barcode
usr/include/KPim6/KPkPass/BoardingPass
usr/include/KPim6/KPkPass/Field
usr/include/KPim6/KPkPass/Location
usr/include/KPim6/KPkPass/Pass
usr/include/KPim6/KPkPass/barcode.h
usr/include/KPim6/KPkPass/boardingpass.h
usr/include/KPim6/KPkPass/field.h
usr/include/KPim6/KPkPass/kpkpass_export.h
usr/include/KPim6/KPkPass/kpkpass_version.h
usr/include/KPim6/KPkPass/location.h
usr/include/KPim6/KPkPass/pass.h
usr/lib64/
usr/lib64/cmake/
usr/lib64/cmake/KPim6PkPass/
usr/lib64/cmake/KPim6PkPass/KPim6PkPassConfig.cmake
usr/lib64/cmake/KPim6PkPass/KPim6PkPassConfigVersion.cmake
usr/lib64/cmake/KPim6PkPass/KPim6PkPassTargets-relwithdebinfo.cmake
usr/lib64/cmake/KPim6PkPass/KPim6PkPassTargets.cmake
usr/lib64/libKPim6PkPass.so.6.4.1
usr/share/
usr/share/qlogging-categories6/
usr/share/qlogging-categories6/org_kde_kpkpass.categories

Slackware package /tmp/kpkpass/kpkpass-25.04.1-x86_64-1_rtz.tlz created.

Create shared object file for kpkpass-25.04.1-x86_64-1_rtz.tlz
Creating /tmp/kpkpass/kpkpass-25.04.1-x86_64-1_rtz.tlz.so.file using /tmp/kpkpass/kpkpass-25.04.1-x86_64-1_rtz.tlz
Successfully created /tmp/kpkpass/kpkpass-25.04.1-x86_64-1_rtz.tlz.so.file
Packaging of executable and meta-data in kpkpass.tar.lz4 format.
/tmp/kpkpass /tmp/kpkpass
/tmp/kpkpass
BIN_NAME
README
kpkpass-25.04.1-x86_64-1_rtz.tlz
kpkpass-25.04.1-x86_64-1_rtz.tlz.md5
kpkpass-25.04.1-x86_64-1_rtz.tlz.so.file
kpkpass-25.04.1-x86_64-1_rtz.tlz.txt
kpkpass.dep
makepkg-kpkpass.log
[32mkpkpass build finished. Procced to installation...[0m

+====================================================================================================+
| Upgrading kpkpass-25.04.1-x86_64-1_rtz package using /tmp/kpkpass/kpkpass-25.04.1-x86_64-1_rtz.tlz |
+====================================================================================================+

Pre-installing package kpkpass-25.04.1-x86_64-1_rtz...
Removing package: kpkpass-25.04.1-x86_64-1_rtz-upgraded-2025-05-28,20:46:12
Installing package kpkpass-25.04.1-x86_64-1_rtz.tlz:
PACKAGE DESCRIPTION:
# kpkpass (Apple Wallet Pass reader)
#
# Apple Wallet Pass reader
#
# https://kontact.kde.org/
Executing install script for kpkpass-25.04.1-x86_64-1_rtz.tlz.
Font directories:
	/usr/share/fonts
/usr/share/fonts: caching, new cache contents: 0 fonts, 11 dirs
/usr/share/fonts/100dpi: caching, new cache contents: 238 fonts, 0 dirs
/usr/share/fonts/75dpi: caching, new cache contents: 238 fonts, 0 dirs
/usr/share/fonts/OTF: caching, new cache contents: 124 fonts, 0 dirs
/usr/share/fonts/Speedo: caching, new cache contents: 0 fonts, 0 dirs
/usr/share/fonts/TTF: caching, new cache contents: 1132 fonts, 0 dirs
/usr/share/fonts/Type1: caching, new cache contents: 64 fonts, 0 dirs
/usr/share/fonts/cyrillic: caching, new cache contents: 0 fonts, 0 dirs
/usr/share/fonts/encodings: caching, new cache contents: 0 fonts, 1 dirs
/usr/share/fonts/encodings/large: caching, new cache contents: 0 fonts, 0 dirs
/usr/share/fonts/kanjistrokeorders: caching, new cache contents: 1 fonts, 0 dirs
/usr/share/fonts/misc: caching, new cache contents: 143 fonts, 0 dirs
/usr/share/fonts/util: caching, new cache contents: 0 fonts, 0 dirs
/var/cache/fontconfig: cleaning cache directory
/root/.cache/fontconfig: not cleaning non-existent cache directory
/root/.fontconfig: not cleaning non-existent cache directory
/usr/bin/fc-cache: succeeded
Package kpkpass-25.04.1-x86_64-1_rtz.tlz installed.
Package kpkpass-25.04.1-x86_64-1_rtz upgraded with new package /tmp/kpkpass/kpkpass-25.04.1-x86_64-1_rtz.tlz.
[32mCleaning environmet: Removing source code, and work-space...[0m
rm: cannot remove 'kpkpass-25.04.1.tar.xz': No such file or directory
